<?xml version="1.1" encoding="utf-8" standalone="yes" ?>

<Events>
<Event xmlns="http://schemas.microsoft.com/win/2004/08/events/event"><System><Provider Name="Microsoft-Windows-EventSystem" Guid="{899daace-4868-4295-afcd-9eb8fb497561}" EventSourceName="EventSystem"></Provider>
<EventID Qualifiers="16384">4625</EventID>
<Version>0</Version>
<Level>4</Level>
<Task>0</Task>
<Opcode>0</Opcode>
<Keywords>0x0080000000000000</Keywords>
<TimeCreated SystemTime="2020-10-23 09:21:18.136250"></TimeCreated>
<EventRecordID>1</EventRecordID>
<Correlation ActivityID="" RelatedActivityID=""></Correlation>
<Execution ProcessID="0" ThreadID="0"></Execution>
<Channel>Application</Channel>
<Computer>WIN-PTFPHFCRDJ0</Computer>
<Security UserID=""></Security>
</System>
<EventData><Data Name="param1">86400</Data>
<Data Name="param2">SuppressDuplicateDuration</Data>
<Data Name="param3">Software\Microsoft\EventSystem\EventLog</Data>
</EventData>
</Event>

<Event xmlns="http://schemas.microsoft.com/win/2004/08/events/event"><System><Provider Name="Microsoft-Windows-User Profiles Service" Guid="{89b1e9f0-5aff-44a6-9b44-0a07a7ce5845}"></Provider>
<EventID Qualifiers="">1531</EventID>
<Version>0</Version>
<Level>4</Level>
<Task>0</Task>
<Opcode>0</Opcode>
<Keywords>0x8000000000000000</Keywords>
<TimeCreated SystemTime="2020-10-23 09:21:18.585493"></TimeCreated>
<EventRecordID>2</EventRecordID>
<Correlation ActivityID="" RelatedActivityID=""></Correlation>
<Execution ProcessID="788" ThreadID="1392"></Execution>
<Channel>Application</Channel>
<Computer>WIN-PTFPHFCRDJ0</Computer>
<Security UserID="S-1-5-18"></Security>
</System>
<EventData></EventData>
</Event>

<Event xmlns="http://schemas.microsoft.com/win/2004/08/events/event"><System><Provider Name="Microsoft-Windows-WMI" Guid="{1edeee53-0afe-4609-b846-d8c0b2075b1f}"></Provider>
<EventID Qualifiers="">5615</EventID>
<Version>2</Version>
<Level>4</Level>
<Task>0</Task>
<Opcode>0</Opcode>
<Keywords>0x8000000000000000</Keywords>
<TimeCreated SystemTime="2020-10-23 09:21:20.926382"></TimeCreated>
<EventRecordID>3</EventRecordID>
<Correlation ActivityID="" RelatedActivityID=""></Correlation>
<Execution ProcessID="788" ThreadID="1220"></Execution>
<Channel>Application</Channel>
<Computer>WIN-PTFPHFCRDJ0</Computer>
<Security UserID="S-1-5-18"></Security>
</System>
<EventData></EventData>
</Event>

<Event xmlns="http://schemas.microsoft.com/win/2004/08/events/event"><System><Provider Name="Microsoft-Windows-WMI" Guid="{1edeee53-0afe-4609-b846-d8c0b2075b1f}"></Provider>
<EventID Qualifiers="">5617</EventID>
<Version>2</Version>
<Level>4</Level>
<Task>0</Task>
<Opcode>0</Opcode>
<Keywords>0x8000000000000000</Keywords>
<TimeCreated SystemTime="2020-10-23 09:21:40.792107"></TimeCreated>
<EventRecordID>4</EventRecordID>
<Correlation ActivityID="" RelatedActivityID=""></Correlation>
<Execution ProcessID="788" ThreadID="1704"></Execution>
<Channel>Application</Channel>
<Computer>WIN-PTFPHFCRDJ0</Computer>
<Security UserID="S-1-5-18"></Security>
</System>
<EventData></EventData>
</Event>

<Event xmlns="http://schemas.microsoft.com/win/2004/08/events/event"><System><Provider Name="Microsoft-Windows-User Profiles Service" Guid="{89b1e9f0-5aff-44a6-9b44-0a07a7ce5845}"></Provider>
<EventID Qualifiers="">1532</EventID>
<Version>0</Version>
<Level>4</Level>
<Task>0</Task>
<Opcode>0</Opcode>
<Keywords>0x8000000000000000</Keywords>
<TimeCreated SystemTime="2020-10-23 09:21:46.834005"></TimeCreated>
<EventRecordID>5</EventRecordID>
<Correlation ActivityID="" RelatedActivityID=""></Correlation>
<Execution ProcessID="788" ThreadID="1392"></Execution>
<Channel>Application</Channel>
<Computer>WIN-PTFPHFCRDJ0</Computer>
<Security UserID="S-1-5-18"></Security>
</System>
<EventData></EventData>
</Event>

<Event xmlns="http://schemas.microsoft.com/win/2004/08/events/event"><System><Provider Name="Microsoft-Windows-EventSystem" Guid="{899daace-4868-4295-afcd-9eb8fb497561}" EventSourceName="EventSystem"></Provider>
<EventID Qualifiers="16384">4625</EventID>
<Version>0</Version>
<Level>4</Level>
<Task>0</Task>
<Opcode>0</Opcode>
<Keywords>0x0080000000000000</Keywords>
<TimeCreated SystemTime="2020-10-22 20:52:07.866680"></TimeCreated>
<EventRecordID>6</EventRecordID>
<Correlation ActivityID="" RelatedActivityID=""></Correlation>
<Execution ProcessID="0" ThreadID="0"></Execution>
<Channel>Application</Channel>
<Computer>WIN-PTFPHFCRDJ0</Computer>
<Security UserID=""></Security>
</System>
<EventData><Data Name="param1">86400</Data>
<Data Name="param2">SuppressDuplicateDuration</Data>
<Data Name="param3">Software\Microsoft\EventSystem\EventLog</Data>
</EventData>
</Event>

<Event xmlns="http://schemas.microsoft.com/win/2004/08/events/event"><System><Provider Name="Microsoft-Windows-User Profiles Service" Guid="{89b1e9f0-5aff-44a6-9b44-0a07a7ce5845}"></Provider>
<EventID Qualifiers="">1531</EventID>
<Version>0</Version>
<Level>4</Level>
<Task>0</Task>
<Opcode>0</Opcode>
<Keywords>0x8000000000000000</Keywords>
<TimeCreated SystemTime="2020-10-22 20:52:06.901590"></TimeCreated>
<EventRecordID>7</EventRecordID>
<Correlation ActivityID="" RelatedActivityID=""></Correlation>
<Execution ProcessID="540" ThreadID="1392"></Execution>
<Channel>Application</Channel>
<Computer>WIN-PTFPHFCRDJ0</Computer>
<Security UserID="S-1-5-18"></Security>
</System>
<EventData></EventData>
</Event>

<Event xmlns="http://schemas.microsoft.com/win/2004/08/events/event"><System><Provider Name="Microsoft-Windows-WMI" Guid="{1edeee53-0afe-4609-b846-d8c0b2075b1f}"></Provider>
<EventID Qualifiers="">5615</EventID>
<Version>2</Version>
<Level>4</Level>
<Task>0</Task>
<Opcode>0</Opcode>
<Keywords>0x8000000000000000</Keywords>
<TimeCreated SystemTime="2020-10-22 20:52:08.980547"></TimeCreated>
<EventRecordID>8</EventRecordID>
<Correlation ActivityID="" RelatedActivityID=""></Correlation>
<Execution ProcessID="540" ThreadID="2308"></Execution>
<Channel>Application</Channel>
<Computer>WIN-PTFPHFCRDJ0</Computer>
<Security UserID="S-1-5-18"></Security>
</System>
<EventData></EventData>
</Event>

<Event xmlns="http://schemas.microsoft.com/win/2004/08/events/event"><System><Provider Name="Microsoft-Windows-WMI" Guid="{1edeee53-0afe-4609-b846-d8c0b2075b1f}"></Provider>
<EventID Qualifiers="">5617</EventID>
<Version>2</Version>
<Level>4</Level>
<Task>0</Task>
<Opcode>0</Opcode>
<Keywords>0x8000000000000000</Keywords>
<TimeCreated SystemTime="2020-10-22 20:52:10.921949"></TimeCreated>
<EventRecordID>9</EventRecordID>
<Correlation ActivityID="{f2d9b0db-a91d-0000-12bb-d9f21da9d601}" RelatedActivityID=""></Correlation>
<Execution ProcessID="540" ThreadID="1748"></Execution>
<Channel>Application</Channel>
<Computer>WIN-PTFPHFCRDJ0</Computer>
<Security UserID="S-1-5-18"></Security>
</System>
<EventData></EventData>
</Event>

<Event xmlns="http://schemas.microsoft.com/win/2004/08/events/event"><System><Provider Name="Microsoft-Windows-CAPI2" Guid="{5bbca4a8-b209-48dc-a8c7-b23d3e5216fb}" EventSourceName="Microsoft-Windows-CAPI2"></Provider>
<EventID Qualifiers="0">4097</EventID>
<Version>0</Version>
<Level>4</Level>
<Task>0</Task>
<Opcode>0</Opcode>
<Keywords>0x8080000000000000</Keywords>
<TimeCreated SystemTime="2020-10-22 20:52:10.991972"></TimeCreated>
<EventRecordID>10</EventRecordID>
<Correlation ActivityID="" RelatedActivityID=""></Correlation>
<Execution ProcessID="1192" ThreadID="1908"></Execution>
<Channel>Application</Channel>
<Computer>WIN-PTFPHFCRDJ0</Computer>
<Security UserID=""></Security>
</System>
<EventData><Data>&lt;string&gt;CN=DigiCert Global Root CA, OU=www.digicert.com, O=DigiCert Inc, C=US&lt;/string&gt;
&lt;string&gt;A8985D3A65E5E5C4B2D7D66D40C6DD2FB19C5436&lt;/string&gt;
</Data>
<Binary></Binary>
</EventData>
</Event>

<Event xmlns="http://schemas.microsoft.com/win/2004/08/events/event"><System><Provider Name="Microsoft-Windows-CAPI2" Guid="{5bbca4a8-b209-48dc-a8c7-b23d3e5216fb}" EventSourceName="Microsoft-Windows-CAPI2"></Provider>
<EventID Qualifiers="0">4112</EventID>
<Version>0</Version>
<Level>4</Level>
<Task>0</Task>
<Opcode>0</Opcode>
<Keywords>0x8080000000000000</Keywords>
<TimeCreated SystemTime="2020-10-22 20:52:11.805210"></TimeCreated>
<EventRecordID>11</EventRecordID>
<Correlation ActivityID="" RelatedActivityID=""></Correlation>
<Execution ProcessID="1192" ThreadID="1756"></Execution>
<Channel>Application</Channel>
<Computer>WIN-PTFPHFCRDJ0</Computer>
<Security UserID=""></Security>
</System>
<EventData><Data>&lt;string&gt;&#8206;Tuesday, &#8206;September &#8206;15, &#8206;2020 11:26:35 PM&lt;/string&gt;
</Data>
<Binary></Binary>
</EventData>
</Event>

<Event xmlns="http://schemas.microsoft.com/win/2004/08/events/event"><System><Provider Name="Microsoft-Windows-Winlogon" Guid="{DBE9B383-7CF3-4331-91CC-A3CB16A3B538}" EventSourceName="Wlclntfy"></Provider>
<EventID Qualifiers="32768">6003</EventID>
<Version>0</Version>
<Level>4</Level>
<Task>0</Task>
<Opcode>0</Opcode>
<Keywords>0x0080000000000000</Keywords>
<TimeCreated SystemTime="2020-10-22 20:52:24.606024"></TimeCreated>
<EventRecordID>12</EventRecordID>
<Correlation ActivityID="" RelatedActivityID=""></Correlation>
<Execution ProcessID="0" ThreadID="0"></Execution>
<Channel>Application</Channel>
<Computer>WIN-PTFPHFCRDJ0</Computer>
<Security UserID=""></Security>
</System>
<EventData><Data>&lt;string&gt;SessionEnv&lt;/string&gt;
</Data>
<Binary>2QYAAA==</Binary>
</EventData>
</Event>

<Event xmlns="http://schemas.microsoft.com/win/2004/08/events/event"><System><Provider Name="Microsoft-Windows-Search-ProfileNotify" Guid="{FC6F77DD-769A-470E-BCF9-1B6555A118BE}" EventSourceName="Windows Search Service Profile Notification"></Provider>
<EventID Qualifiers="16384">5</EventID>
<Version>0</Version>
<Level>4</Level>
<Task>0</Task>
<Opcode>0</Opcode>
<Keywords>0x0080000000000000</Keywords>
<TimeCreated SystemTime="2020-10-22 20:52:25.541588"></TimeCreated>
<EventRecordID>13</EventRecordID>
<Correlation ActivityID="" RelatedActivityID=""></Correlation>
<Execution ProcessID="0" ThreadID="0"></Execution>
<Channel>Application</Channel>
<Computer>WIN-PTFPHFCRDJ0</Computer>
<Security UserID=""></Security>
</System>
<EventData><Data Name="User">WIN-PTFPHFCRDJ0\user</Data>
<Binary></Binary>
</EventData>
</Event>

<Event xmlns="http://schemas.microsoft.com/win/2004/08/events/event"><System><Provider Name="Microsoft-Windows-Winlogon" Guid="{DBE9B383-7CF3-4331-91CC-A3CB16A3B538}" EventSourceName="Wlclntfy"></Provider>
<EventID Qualifiers="32768">6000</EventID>
<Version>0</Version>
<Level>4</Level>
<Task>0</Task>
<Opcode>0</Opcode>
<Keywords>0x0080000000000000</Keywords>
<TimeCreated SystemTime="2020-10-22 20:52:26.773317"></TimeCreated>
<EventRecordID>14</EventRecordID>
<Correlation ActivityID="" RelatedActivityID=""></Correlation>
<Execution ProcessID="0" ThreadID="0"></Execution>
<Channel>Application</Channel>
<Computer>WIN-PTFPHFCRDJ0</Computer>
<Security UserID=""></Security>
</System>
<EventData><Data>&lt;string&gt;SessionEnv&lt;/string&gt;
</Data>
<Binary>2QYAAA==</Binary>
</EventData>
</Event>

<Event xmlns="http://schemas.microsoft.com/win/2004/08/events/event"><System><Provider Name="Microsoft-Windows-Security-SPP" Guid="{E23B33B0-C8C9-472C-A5F9-F2BDFEA0F156}" EventSourceName="Software Protection Platform Service"></Provider>
<EventID Qualifiers="16384">16384</EventID>
<Version>0</Version>
<Level>4</Level>
<Task>0</Task>
<Opcode>0</Opcode>
<Keywords>0x0080000000000000</Keywords>
<TimeCreated SystemTime="2020-10-22 20:52:29.004297"></TimeCreated>
<EventRecordID>15</EventRecordID>
<Correlation ActivityID="" RelatedActivityID=""></Correlation>
<Execution ProcessID="0" ThreadID="0"></Execution>
<Channel>Application</Channel>
<Computer>WIN-PTFPHFCRDJ0</Computer>
<Security UserID=""></Security>
</System>
<EventData><Data>&lt;string&gt;2020-10-23T09:25:28Z&lt;/string&gt;
&lt;string&gt;RulesEngine&lt;/string&gt;
</Data>
<Binary></Binary>
</EventData>
</Event>

<Event xmlns="http://schemas.microsoft.com/win/2004/08/events/event"><System><Provider Name="Microsoft-Windows-Security-SPP" Guid="{E23B33B0-C8C9-472C-A5F9-F2BDFEA0F156}" EventSourceName="Software Protection Platform Service"></Provider>
<EventID Qualifiers="16384">903</EventID>
<Version>0</Version>
<Level>0</Level>
<Task>0</Task>
<Opcode>0</Opcode>
<Keywords>0x0080000000000000</Keywords>
<TimeCreated SystemTime="2020-10-22 20:52:29.238237"></TimeCreated>
<EventRecordID>16</EventRecordID>
<Correlation ActivityID="" RelatedActivityID=""></Correlation>
<Execution ProcessID="0" ThreadID="0"></Execution>
<Channel>Application</Channel>
<Computer>WIN-PTFPHFCRDJ0</Computer>
<Security UserID=""></Security>
</System>
<EventData><Data></Data>
<Binary></Binary>
</EventData>
</Event>

<Event xmlns="http://schemas.microsoft.com/win/2004/08/events/event"><System><Provider Name="Microsoft-Windows-CAPI2" Guid="{5bbca4a8-b209-48dc-a8c7-b23d3e5216fb}" EventSourceName="Microsoft-Windows-CAPI2"></Provider>
<EventID Qualifiers="0">4097</EventID>
<Version>0</Version>
<Level>4</Level>
<Task>0</Task>
<Opcode>0</Opcode>
<Keywords>0x8080000000000000</Keywords>
<TimeCreated SystemTime="2020-10-22 20:52:33.013006"></TimeCreated>
<EventRecordID>17</EventRecordID>
<Correlation ActivityID="" RelatedActivityID=""></Correlation>
<Execution ProcessID="1192" ThreadID="2028"></Execution>
<Channel>Application</Channel>
<Computer>WIN-PTFPHFCRDJ0</Computer>
<Security UserID=""></Security>
</System>
<EventData><Data>&lt;string&gt;CN=Baltimore CyberTrust Root, OU=CyberTrust, O=Baltimore, C=IE&lt;/string&gt;
&lt;string&gt;D4DE20D05E66FC53FE1A50882C78DB2852CAE474&lt;/string&gt;
</Data>
<Binary></Binary>
</EventData>
</Event>

<Event xmlns="http://schemas.microsoft.com/win/2004/08/events/event"><System><Provider Name="Microsoft-Windows-Security-SPP" Guid="{E23B33B0-C8C9-472C-A5F9-F2BDFEA0F156}" EventSourceName="Software Protection Platform Service"></Provider>
<EventID Qualifiers="49152">16394</EventID>
<Version>0</Version>
<Level>4</Level>
<Task>0</Task>
<Opcode>0</Opcode>
<Keywords>0x0080000000000000</Keywords>
<TimeCreated SystemTime="2020-10-22 20:52:34.994921"></TimeCreated>
<EventRecordID>18</EventRecordID>
<Correlation ActivityID="" RelatedActivityID=""></Correlation>
<Execution ProcessID="0" ThreadID="0"></Execution>
<Channel>Application</Channel>
<Computer>WIN-PTFPHFCRDJ0</Computer>
<Security UserID=""></Security>
</System>
<EventData><Data></Data>
<Binary></Binary>
</EventData>
</Event>

<Event xmlns="http://schemas.microsoft.com/win/2004/08/events/event"><System><Provider Name="Microsoft-Windows-Security-SPP" Guid="{E23B33B0-C8C9-472C-A5F9-F2BDFEA0F156}" EventSourceName="Software Protection Platform Service"></Provider>
<EventID Qualifiers="16384">8230</EventID>
<Version>0</Version>
<Level>4</Level>
<Task>0</Task>
<Opcode>0</Opcode>
<Keywords>0x0080000000000000</Keywords>
<TimeCreated SystemTime="2020-10-22 20:52:42.160213"></TimeCreated>
<EventRecordID>19</EventRecordID>
<Correlation ActivityID="" RelatedActivityID=""></Correlation>
<Execution ProcessID="0" ThreadID="0"></Execution>
<Channel>Application</Channel>
<Computer>WIN-PTFPHFCRDJ0</Computer>
<Security UserID=""></Security>
</System>
<EventData><Data>&lt;string&gt;Security-SPP-Action-StateData (REG_SZ) =AppId=55c92734-d682-4d71-983e-d6ec3f16059f;LastConsumptionReason=0xc004f034;LastNotificationId=NeverActivated;LicenseState=SL_LICENSING_STATUS_NOTIFICATION;PartialProductKey=GMWVQ;ProductKeyType=Retail;SkuId=92114319-12ea-4bca-9d63-8740de9feff3;ruleId=31e71c49-8da7-4a2f-ad92-45d98a1c79ba;uxDifferentiator=RETAIL&lt;/string&gt;
</Data>
<Binary></Binary>
</EventData>
</Event>

<Event xmlns="http://schemas.microsoft.com/win/2004/08/events/event"><System><Provider Name="MsiInstaller"></Provider>
<EventID Qualifiers="0">1040</EventID>
<Level>4</Level>
<Task>0</Task>
<Keywords>0x0080000000000000</Keywords>
<TimeCreated SystemTime="2020-10-22 20:52:58.605780"></TimeCreated>
<EventRecordID>20</EventRecordID>
<Channel>Application</Channel>
<Computer>WIN-PTFPHFCRDJ0</Computer>
<Security UserID="S-1-5-21-1152959844-3645458174-3779170896-1000"></Security>
</System>
<EventData><Data>&lt;string&gt;C:\ProgramData\Package Cache\{2E72FA1F-BADB-4337-B8AE-F7C17EC57D1D}v14.24.28127\packages\vcRuntimeMinimum_x86\vc_runtimeMinimum_x86.msi&lt;/string&gt;
&lt;string&gt;4112&lt;/string&gt;
&lt;string&gt;(NULL)&lt;/string&gt;
&lt;string&gt;(NULL)&lt;/string&gt;
&lt;string&gt;(NULL)&lt;/string&gt;
&lt;string&gt;(NULL)&lt;/string&gt;
&lt;string&gt;&lt;/string&gt;
</Data>
<Binary></Binary>
</EventData>
</Event>

<Event xmlns="http://schemas.microsoft.com/win/2004/08/events/event"><System><Provider Name="MsiInstaller"></Provider>
<EventID Qualifiers="0">11707</EventID>
<Level>4</Level>
<Task>0</Task>
<Keywords>0x0080000000000000</Keywords>
<TimeCreated SystemTime="2020-10-22 20:53:00.730438"></TimeCreated>
<EventRecordID>21</EventRecordID>
<Channel>Application</Channel>
<Computer>WIN-PTFPHFCRDJ0</Computer>
<Security UserID="S-1-5-21-1152959844-3645458174-3779170896-1000"></Security>
</System>
<EventData><Data>&lt;string&gt;Product: Microsoft Visual C++ 2019 X86 Minimum Runtime - 14.24.28127 -- Installation completed successfully.&lt;/string&gt;
&lt;string&gt;(NULL)&lt;/string&gt;
&lt;string&gt;(NULL)&lt;/string&gt;
&lt;string&gt;(NULL)&lt;/string&gt;
&lt;string&gt;(NULL)&lt;/string&gt;
&lt;string&gt;(NULL)&lt;/string&gt;
&lt;string&gt;&lt;/string&gt;
</Data>
<Binary>ezJFNzJGQTFGLUJBREItNDMzNy1COEFFLUY3QzE3RUM1N0QxRH0=</Binary>
</EventData>
</Event>

<Event xmlns="http://schemas.microsoft.com/win/2004/08/events/event"><System><Provider Name="MsiInstaller"></Provider>
<EventID Qualifiers="0">1033</EventID>
<Level>4</Level>
<Task>0</Task>
<Keywords>0x0080000000000000</Keywords>
<TimeCreated SystemTime="2020-10-22 20:53:00.730438"></TimeCreated>
<EventRecordID>22</EventRecordID>
<Channel>Application</Channel>
<Computer>WIN-PTFPHFCRDJ0</Computer>
<Security UserID="S-1-5-21-1152959844-3645458174-3779170896-1000"></Security>
</System>
<EventData><Data>&lt;string&gt;Microsoft Visual C++ 2019 X86 Minimum Runtime - 14.24.28127&lt;/string&gt;
&lt;string&gt;14.24.28127&lt;/string&gt;
&lt;string&gt;1033&lt;/string&gt;
&lt;string&gt;0&lt;/string&gt;
&lt;string&gt;Microsoft Corporation&lt;/string&gt;
&lt;string&gt;(NULL)&lt;/string&gt;
&lt;string&gt;&lt;/string&gt;
</Data>
<Binary>ezJFNzJGQTFGLUJBREItNDMzNy1COEFFLUY3QzE3RUM1N0QxRH0wMDAwNWJkZDRhNmZlMWYxNDU4ZDA3NmY4OWJkYWQ5NGQ0YWUwMDAwMDkwNA==</Binary>
</EventData>
</Event>

<Event xmlns="http://schemas.microsoft.com/win/2004/08/events/event"><System><Provider Name="MsiInstaller"></Provider>
<EventID Qualifiers="0">1042</EventID>
<Level>4</Level>
<Task>0</Task>
<Keywords>0x0080000000000000</Keywords>
<TimeCreated SystemTime="2020-10-22 20:53:00.777300"></TimeCreated>
<EventRecordID>23</EventRecordID>
<Channel>Application</Channel>
<Computer>WIN-PTFPHFCRDJ0</Computer>
<Security UserID="S-1-5-18"></Security>
</System>
<EventData><Data>&lt;string&gt;C:\ProgramData\Package Cache\{2E72FA1F-BADB-4337-B8AE-F7C17EC57D1D}v14.24.28127\packages\vcRuntimeMinimum_x86\vc_runtimeMinimum_x86.msi&lt;/string&gt;
&lt;string&gt;4112&lt;/string&gt;
&lt;string&gt;(NULL)&lt;/string&gt;
&lt;string&gt;(NULL)&lt;/string&gt;
&lt;string&gt;(NULL)&lt;/string&gt;
&lt;string&gt;(NULL)&lt;/string&gt;
&lt;string&gt;&lt;/string&gt;
</Data>
<Binary></Binary>
</EventData>
</Event>

<Event xmlns="http://schemas.microsoft.com/win/2004/08/events/event"><System><Provider Name="MsiInstaller"></Provider>
<EventID Qualifiers="0">1040</EventID>
<Level>4</Level>
<Task>0</Task>
<Keywords>0x0080000000000000</Keywords>
<TimeCreated SystemTime="2020-10-22 20:53:00.964760"></TimeCreated>
<EventRecordID>24</EventRecordID>
<Channel>Application</Channel>
<Computer>WIN-PTFPHFCRDJ0</Computer>
<Security UserID="S-1-5-21-1152959844-3645458174-3779170896-1000"></Security>
</System>
<EventData><Data>&lt;string&gt;C:\ProgramData\Package Cache\{EAC73207-74BD-4B13-AACF-8C0E751FA4E8}v14.24.28127\packages\vcRuntimeAdditional_x86\vc_runtimeAdditional_x86.msi&lt;/string&gt;
&lt;string&gt;4112&lt;/string&gt;
&lt;string&gt;(NULL)&lt;/string&gt;
&lt;string&gt;(NULL)&lt;/string&gt;
&lt;string&gt;(NULL)&lt;/string&gt;
&lt;string&gt;(NULL)&lt;/string&gt;
&lt;string&gt;&lt;/string&gt;
</Data>
<Binary></Binary>
</EventData>
</Event>

<Event xmlns="http://schemas.microsoft.com/win/2004/08/events/event"><System><Provider Name="Microsoft-Windows-RestartManager" Guid="{0888e5ef-9b98-4695-979d-e92ce4247224}"></Provider>
<EventID Qualifiers="">10000</EventID>
<Version>0</Version>
<Level>4</Level>
<Task>0</Task>
<Opcode>0</Opcode>
<Keywords>0x8000000000000000</Keywords>
<TimeCreated SystemTime="2020-10-22 20:53:00.269697"></TimeCreated>
<EventRecordID>25</EventRecordID>
<Correlation ActivityID="" RelatedActivityID=""></Correlation>
<Execution ProcessID="4232" ThreadID="4444"></Execution>
<Channel>Application</Channel>
<Computer>WIN-PTFPHFCRDJ0</Computer>
<Security UserID="S-1-5-21-1152959844-3645458174-3779170896-1000"></Security>
</System>
<UserData><RmSessionEvent xmlns="http://www.microsoft.com/2005/08/Windows/Reliability/RestartManager/"><RmSessionId>0</RmSessionId>
<UTCStartTime>2020-10-22 20:53:00.261833</UTCStartTime>
</RmSessionEvent>
</UserData>
</Event>

<Event xmlns="http://schemas.microsoft.com/win/2004/08/events/event"><System><Provider Name="Microsoft-Windows-RestartManager" Guid="{0888e5ef-9b98-4695-979d-e92ce4247224}"></Provider>
<EventID Qualifiers="">10001</EventID>
<Version>0</Version>
<Level>4</Level>
<Task>0</Task>
<Opcode>0</Opcode>
<Keywords>0x8000000000000000</Keywords>
<TimeCreated SystemTime="2020-10-22 20:53:00.747921"></TimeCreated>
<EventRecordID>26</EventRecordID>
<Correlation ActivityID="" RelatedActivityID=""></Correlation>
<Execution ProcessID="4232" ThreadID="4468"></Execution>
<Channel>Application</Channel>
<Computer>WIN-PTFPHFCRDJ0</Computer>
<Security UserID="S-1-5-21-1152959844-3645458174-3779170896-1000"></Security>
</System>
<UserData><RmSessionEvent xmlns="http://www.microsoft.com/2005/08/Windows/Reliability/RestartManager/"><RmSessionId>0</RmSessionId>
<UTCStartTime>2020-10-22 20:53:00.261833</UTCStartTime>
</RmSessionEvent>
</UserData>
</Event>

<Event xmlns="http://schemas.microsoft.com/win/2004/08/events/event"><System><Provider Name="Microsoft-Windows-RestartManager" Guid="{0888e5ef-9b98-4695-979d-e92ce4247224}"></Provider>
<EventID Qualifiers="">10000</EventID>
<Version>0</Version>
<Level>4</Level>
<Task>0</Task>
<Opcode>0</Opcode>
<Keywords>0x8000000000000000</Keywords>
<TimeCreated SystemTime="2020-10-22 20:53:01.020903"></TimeCreated>
<EventRecordID>27</EventRecordID>
<Correlation ActivityID="" RelatedActivityID=""></Correlation>
<Execution ProcessID="4232" ThreadID="4948"></Execution>
<Channel>Application</Channel>
<Computer>WIN-PTFPHFCRDJ0</Computer>
<Security UserID="S-1-5-21-1152959844-3645458174-3779170896-1000"></Security>
</System>
<UserData><RmSessionEvent xmlns="http://www.microsoft.com/2005/08/Windows/Reliability/RestartManager/"><RmSessionId>0</RmSessionId>
<UTCStartTime>2020-10-22 20:53:01.011566</UTCStartTime>
</RmSessionEvent>
</UserData>
</Event>

<Event xmlns="http://schemas.microsoft.com/win/2004/08/events/event"><System><Provider Name="MsiInstaller"></Provider>
<EventID Qualifiers="0">11707</EventID>
<Level>4</Level>
<Task>0</Task>
<Keywords>0x0080000000000000</Keywords>
<TimeCreated SystemTime="2020-10-22 20:53:01.370583"></TimeCreated>
<EventRecordID>28</EventRecordID>
<Channel>Application</Channel>
<Computer>WIN-PTFPHFCRDJ0</Computer>
<Security UserID="S-1-5-21-1152959844-3645458174-3779170896-1000"></Security>
</System>
<EventData><Data>&lt;string&gt;Product: Microsoft Visual C++ 2019 X86 Additional Runtime - 14.24.28127 -- Installation completed successfully.&lt;/string&gt;
&lt;string&gt;(NULL)&lt;/string&gt;
&lt;string&gt;(NULL)&lt;/string&gt;
&lt;string&gt;(NULL)&lt;/string&gt;
&lt;string&gt;(NULL)&lt;/string&gt;
&lt;string&gt;(NULL)&lt;/string&gt;
&lt;string&gt;&lt;/string&gt;
</Data>
<Binary>e0VBQzczMjA3LTc0QkQtNEIxMy1BQUNGLThDMEU3NTFGQTRFOH0=</Binary>
</EventData>
</Event>

<Event xmlns="http://schemas.microsoft.com/win/2004/08/events/event"><System><Provider Name="MsiInstaller"></Provider>
<EventID Qualifiers="0">1033</EventID>
<Level>4</Level>
<Task>0</Task>
<Keywords>0x0080000000000000</Keywords>
<TimeCreated SystemTime="2020-10-22 20:53:01.370583"></TimeCreated>
<EventRecordID>29</EventRecordID>
<Channel>Application</Channel>
<Computer>WIN-PTFPHFCRDJ0</Computer>
<Security UserID="S-1-5-21-1152959844-3645458174-3779170896-1000"></Security>
</System>
<EventData><Data>&lt;string&gt;Microsoft Visual C++ 2019 X86 Additional Runtime - 14.24.28127&lt;/string&gt;
&lt;string&gt;14.24.28127&lt;/string&gt;
&lt;string&gt;1033&lt;/string&gt;
&lt;string&gt;0&lt;/string&gt;
&lt;string&gt;Microsoft Corporation&lt;/string&gt;
&lt;string&gt;(NULL)&lt;/string&gt;
&lt;string&gt;&lt;/string&gt;
</Data>
<Binary>e0VBQzczMjA3LTc0QkQtNEIxMy1BQUNGLThDMEU3NTFGQTRFOH0wMDAwOTNkOWZhZGRmZTAyOGEzMDYyNTkzODY5NTMwZWJiMWQwMDAwMDkwNA==</Binary>
</EventData>
</Event>

<Event xmlns="http://schemas.microsoft.com/win/2004/08/events/event"><System><Provider Name="MsiInstaller"></Provider>
<EventID Qualifiers="0">1042</EventID>
<Level>4</Level>
<Task>0</Task>
<Keywords>0x0080000000000000</Keywords>
<TimeCreated SystemTime="2020-10-22 20:53:01.402496"></TimeCreated>
<EventRecordID>30</EventRecordID>
<Channel>Application</Channel>
<Computer>WIN-PTFPHFCRDJ0</Computer>
<Security UserID="S-1-5-18"></Security>
</System>
<EventData><Data>&lt;string&gt;C:\ProgramData\Package Cache\{EAC73207-74BD-4B13-AACF-8C0E751FA4E8}v14.24.28127\packages\vcRuntimeAdditional_x86\vc_runtimeAdditional_x86.msi&lt;/string&gt;
&lt;string&gt;4112&lt;/string&gt;
&lt;string&gt;(NULL)&lt;/string&gt;
&lt;string&gt;(NULL)&lt;/string&gt;
&lt;string&gt;(NULL)&lt;/string&gt;
&lt;string&gt;(NULL)&lt;/string&gt;
&lt;string&gt;&lt;/string&gt;
</Data>
<Binary></Binary>
</EventData>
</Event>

<Event xmlns="http://schemas.microsoft.com/win/2004/08/events/event"><System><Provider Name="Microsoft-Windows-RestartManager" Guid="{0888e5ef-9b98-4695-979d-e92ce4247224}"></Provider>
<EventID Qualifiers="">10001</EventID>
<Version>0</Version>
<Level>4</Level>
<Task>0</Task>
<Opcode>0</Opcode>
<Keywords>0x8000000000000000</Keywords>
<TimeCreated SystemTime="2020-10-22 20:53:01.384462"></TimeCreated>
<EventRecordID>31</EventRecordID>
<Correlation ActivityID="" RelatedActivityID=""></Correlation>
<Execution ProcessID="4232" ThreadID="4468"></Execution>
<Channel>Application</Channel>
<Computer>WIN-PTFPHFCRDJ0</Computer>
<Security UserID="S-1-5-21-1152959844-3645458174-3779170896-1000"></Security>
</System>
<UserData><RmSessionEvent xmlns="http://www.microsoft.com/2005/08/Windows/Reliability/RestartManager/"><RmSessionId>0</RmSessionId>
<UTCStartTime>2020-10-22 20:53:01.011566</UTCStartTime>
</RmSessionEvent>
</UserData>
</Event>

<Event xmlns="http://schemas.microsoft.com/win/2004/08/events/event"><System><Provider Name="Microsoft-Windows-CAPI2" Guid="{5bbca4a8-b209-48dc-a8c7-b23d3e5216fb}" EventSourceName="Microsoft-Windows-CAPI2"></Provider>
<EventID Qualifiers="0">4097</EventID>
<Version>0</Version>
<Level>4</Level>
<Task>0</Task>
<Opcode>0</Opcode>
<Keywords>0x8080000000000000</Keywords>
<TimeCreated SystemTime="2020-10-22 20:53:01.979824"></TimeCreated>
<EventRecordID>32</EventRecordID>
<Correlation ActivityID="" RelatedActivityID=""></Correlation>
<Execution ProcessID="1192" ThreadID="1908"></Execution>
<Channel>Application</Channel>
<Computer>WIN-PTFPHFCRDJ0</Computer>
<Security UserID=""></Security>
</System>
<EventData><Data>&lt;string&gt;CN=DigiCert Global Root G2, OU=www.digicert.com, O=DigiCert Inc, C=US&lt;/string&gt;
&lt;string&gt;DF3C24F9BFD666761B268073FE06D1CC8D4F82A4&lt;/string&gt;
</Data>
<Binary></Binary>
</EventData>
</Event>

<Event xmlns="http://schemas.microsoft.com/win/2004/08/events/event"><System><Provider Name="Microsoft-Windows-Security-SPP" Guid="{E23B33B0-C8C9-472C-A5F9-F2BDFEA0F156}" EventSourceName="Software Protection Platform Service"></Provider>
<EventID Qualifiers="16384">1003</EventID>
<Version>0</Version>
<Level>4</Level>
<Task>0</Task>
<Opcode>0</Opcode>
<Keywords>0x0080000000000000</Keywords>
<TimeCreated SystemTime="2020-10-22 20:53:02.652134"></TimeCreated>
<EventRecordID>33</EventRecordID>
<Correlation ActivityID="" RelatedActivityID=""></Correlation>
<Execution ProcessID="0" ThreadID="0"></Execution>
<Channel>Application</Channel>
<Computer>WIN-PTFPHFCRDJ0</Computer>
<Security UserID=""></Security>
</System>
<EventData><Data>&lt;string&gt;55c92734-d682-4d71-983e-d6ec3f16059f&lt;/string&gt;
&lt;string&gt;
1: 281c216a-5957-439b-adf2-aff4098a2bdd, 1, 0 [(0 [0xC004F014, 0, 0], [(?)(?)(?)(?)(?)(?)(?)(?)])(1 )(2 )(3 )]
2: 2e7a9ad1-a849-4b56-babe-17d5a29fe4b4, 1, 0 [(0 [0xC004F014, 0, 0], [(?)(?)(?)(?)(?)(?)(?)(?)])(1 )(2 )(3 )]
3: 4285bbda-6219-4c1a-98e9-859e60d669fb, 1, 0 [(0 [0xC004F014, 0, 0], [(?)(?)(?)(?)(?)(?)(?)(?)])(1 )(2 )(3 )]
4: 44a5b4c3-e4b1-483b-81e8-0f78f4d98283, 1, 0 [(0 [0xC004F014, 0, 0], [(?)(?)(?)(?)(?)(?)(?)(?)])(1 )(2 )(3 )]
5: 8ea56c31-fe6e-4d56-9d17-8dc1ab35dd8b, 1, 0 [(0 [0xC004F014, 0, 0], [(?)(?)(?)(?)(?)(?)(?)(?)])(1 )(2 )(3 )]
6: 92114319-12ea-4bca-9d63-8740de9feff3, 1, 1 [(0 )(1 )(2 [0xC004E003, 0, 0], [( 1 0xC004F034)( 1 0xC004F034)(?)(?)(?)(?)(?)(?)])(3 [0x00000000, 0, 0], [( 6 0xC004F009 0 0)( 1 0x00000000)( 6 0xC004F009 0 0)(?)(?)(?)( 10 0x00000000 msft:rm/algorithm/flags/1.0)( 11 0x00000000 0xC004F034)])]
7: 9db83b52-9904-4326-8957-ebe6feedf37c, 1, 0 [(0 [0xC004F014, 0, 0], [(?)(?)(?)(?)(?)(?)(?)(?)])(1 )(2 )(3 )]
8: c2d23e1f-ee3e-4533-9094-e6dc0b8aa049, 1, 0 [(0 [0xC004F014, 0, 0], [(?)(?)(?)(?)(?)(?)(?)(?)])(1 )(2 )(3 )]
9: d07edbd8-02cb-49b1-8358-f2de7afd8a4d, 1, 0 [(0 [0xC004F014, 0, 0], [(?)(?)(?)(?)(?)(?)(?)(?)])(1 )(2 )(3 )]
10: de32eafd-aaee-4662-9444-c1befb41bde2, 1, 0 [(0 [0xC004F014, 0, 0], [(?)(?)(?)(?)(?)(?)(?)(?)])(1 )(2 )(3 )]
11: e936f630-5125-4a39-b1de-544d6c036491, 1, 0 [(0 [0xC004F014, 0, 0], [(?)(?)(?)(?)(?)(?)(?)(?)])(1 )(2 )(3 )]
12: fd946594-6f0d-4c5c-9bf7-f5f628ecd0b9, 1, 0 [(0 [0xC004F014, 0, 0], [(?)(?)(?)(?)(?)(?)(?)(?)])(1 )(2 )(3 )]

&lt;/string&gt;
</Data>
<Binary></Binary>
</EventData>
</Event>

<Event xmlns="http://schemas.microsoft.com/win/2004/08/events/event"><System><Provider Name="Microsoft-Windows-Security-SPP" Guid="{E23B33B0-C8C9-472C-A5F9-F2BDFEA0F156}" EventSourceName="Software Protection Platform Service"></Provider>
<EventID Qualifiers="16384">1003</EventID>
<Version>0</Version>
<Level>4</Level>
<Task>0</Task>
<Opcode>0</Opcode>
<Keywords>0x0080000000000000</Keywords>
<TimeCreated SystemTime="2020-10-22 20:53:02.760803"></TimeCreated>
<EventRecordID>34</EventRecordID>
<Correlation ActivityID="" RelatedActivityID=""></Correlation>
<Execution ProcessID="0" ThreadID="0"></Execution>
<Channel>Application</Channel>
<Computer>WIN-PTFPHFCRDJ0</Computer>
<Security UserID=""></Security>
</System>
<EventData><Data>&lt;string&gt;55c92734-d682-4d71-983e-d6ec3f16059f&lt;/string&gt;
&lt;string&gt;
1: 281c216a-5957-439b-adf2-aff4098a2bdd, 1, 0 [(0 [0xC004F014, 0, 0], [(?)(?)(?)(?)(?)(?)(?)(?)])(1 )(2 )(3 )]
2: 2e7a9ad1-a849-4b56-babe-17d5a29fe4b4, 1, 0 [(0 [0xC004F014, 0, 0], [(?)(?)(?)(?)(?)(?)(?)(?)])(1 )(2 )(3 )]
3: 4285bbda-6219-4c1a-98e9-859e60d669fb, 1, 0 [(0 [0xC004F014, 0, 0], [(?)(?)(?)(?)(?)(?)(?)(?)])(1 )(2 )(3 )]
4: 44a5b4c3-e4b1-483b-81e8-0f78f4d98283, 1, 0 [(0 [0xC004F014, 0, 0], [(?)(?)(?)(?)(?)(?)(?)(?)])(1 )(2 )(3 )]
5: 8ea56c31-fe6e-4d56-9d17-8dc1ab35dd8b, 1, 0 [(0 [0xC004F014, 0, 0], [(?)(?)(?)(?)(?)(?)(?)(?)])(1 )(2 )(3 )]
6: 92114319-12ea-4bca-9d63-8740de9feff3, 1, 1 [(0 )(1 )(2 [0xC004E003, 0, 0], [( 1 0xC004F034)( 1 0xC004F034)(?)(?)(?)(?)(?)(?)])(3 [0x00000000, 0, 0], [( 6 0xC004F009 0 0)( 1 0x00000000)( 6 0xC004F009 0 0)(?)(?)(?)( 10 0x00000000 msft:rm/algorithm/flags/1.0)( 11 0x00000000 0xC004F034)])]
7: 9db83b52-9904-4326-8957-ebe6feedf37c, 1, 0 [(0 [0xC004F014, 0, 0], [(?)(?)(?)(?)(?)(?)(?)(?)])(1 )(2 )(3 )]
8: c2d23e1f-ee3e-4533-9094-e6dc0b8aa049, 1, 0 [(0 [0xC004F014, 0, 0], [(?)(?)(?)(?)(?)(?)(?)(?)])(1 )(2 )(3 )]
9: d07edbd8-02cb-49b1-8358-f2de7afd8a4d, 1, 0 [(0 [0xC004F014, 0, 0], [(?)(?)(?)(?)(?)(?)(?)(?)])(1 )(2 )(3 )]
10: de32eafd-aaee-4662-9444-c1befb41bde2, 1, 0 [(0 [0xC004F014, 0, 0], [(?)(?)(?)(?)(?)(?)(?)(?)])(1 )(2 )(3 )]
11: e936f630-5125-4a39-b1de-544d6c036491, 1, 0 [(0 [0xC004F014, 0, 0], [(?)(?)(?)(?)(?)(?)(?)(?)])(1 )(2 )(3 )]
12: fd946594-6f0d-4c5c-9bf7-f5f628ecd0b9, 1, 0 [(0 [0xC004F014, 0, 0], [(?)(?)(?)(?)(?)(?)(?)(?)])(1 )(2 )(3 )]

&lt;/string&gt;
</Data>
<Binary></Binary>
</EventData>
</Event>

<Event xmlns="http://schemas.microsoft.com/win/2004/08/events/event"><System><Provider Name="Microsoft-Windows-Security-SPP" Guid="{E23B33B0-C8C9-472C-A5F9-F2BDFEA0F156}" EventSourceName="Software Protection Platform Service"></Provider>
<EventID Qualifiers="16384">1003</EventID>
<Version>0</Version>
<Level>4</Level>
<Task>0</Task>
<Opcode>0</Opcode>
<Keywords>0x0080000000000000</Keywords>
<TimeCreated SystemTime="2020-10-22 20:53:02.823624"></TimeCreated>
<EventRecordID>35</EventRecordID>
<Correlation ActivityID="" RelatedActivityID=""></Correlation>
<Execution ProcessID="0" ThreadID="0"></Execution>
<Channel>Application</Channel>
<Computer>WIN-PTFPHFCRDJ0</Computer>
<Security UserID=""></Security>
</System>
<EventData><Data>&lt;string&gt;55c92734-d682-4d71-983e-d6ec3f16059f&lt;/string&gt;
&lt;string&gt;
1: 281c216a-5957-439b-adf2-aff4098a2bdd, 1, 0 [(0 [0xC004F014, 0, 0], [(?)(?)(?)(?)(?)(?)(?)(?)])(1 )(2 )(3 )]
2: 2e7a9ad1-a849-4b56-babe-17d5a29fe4b4, 1, 0 [(0 [0xC004F014, 0, 0], [(?)(?)(?)(?)(?)(?)(?)(?)])(1 )(2 )(3 )]
3: 4285bbda-6219-4c1a-98e9-859e60d669fb, 1, 0 [(0 [0xC004F014, 0, 0], [(?)(?)(?)(?)(?)(?)(?)(?)])(1 )(2 )(3 )]
4: 44a5b4c3-e4b1-483b-81e8-0f78f4d98283, 1, 0 [(0 [0xC004F014, 0, 0], [(?)(?)(?)(?)(?)(?)(?)(?)])(1 )(2 )(3 )]
5: 8ea56c31-fe6e-4d56-9d17-8dc1ab35dd8b, 1, 0 [(0 [0xC004F014, 0, 0], [(?)(?)(?)(?)(?)(?)(?)(?)])(1 )(2 )(3 )]
6: 92114319-12ea-4bca-9d63-8740de9feff3, 1, 1 [(0 )(1 )(2 [0xC004E003, 0, 0], [( 1 0xC004F034)( 1 0xC004F034)(?)(?)(?)(?)(?)(?)])(3 [0x00000000, 0, 0], [( 6 0xC004F009 0 0)( 1 0x00000000)( 6 0xC004F009 0 0)(?)(?)(?)( 10 0x00000000 msft:rm/algorithm/flags/1.0)( 11 0x00000000 0xC004F034)])]
7: 9db83b52-9904-4326-8957-ebe6feedf37c, 1, 0 [(0 [0xC004F014, 0, 0], [(?)(?)(?)(?)(?)(?)(?)(?)])(1 )(2 )(3 )]
8: c2d23e1f-ee3e-4533-9094-e6dc0b8aa049, 1, 0 [(0 [0xC004F014, 0, 0], [(?)(?)(?)(?)(?)(?)(?)(?)])(1 )(2 )(3 )]
9: d07edbd8-02cb-49b1-8358-f2de7afd8a4d, 1, 0 [(0 [0xC004F014, 0, 0], [(?)(?)(?)(?)(?)(?)(?)(?)])(1 )(2 )(3 )]
10: de32eafd-aaee-4662-9444-c1befb41bde2, 1, 0 [(0 [0xC004F014, 0, 0], [(?)(?)(?)(?)(?)(?)(?)(?)])(1 )(2 )(3 )]
11: e936f630-5125-4a39-b1de-544d6c036491, 1, 0 [(0 [0xC004F014, 0, 0], [(?)(?)(?)(?)(?)(?)(?)(?)])(1 )(2 )(3 )]
12: fd946594-6f0d-4c5c-9bf7-f5f628ecd0b9, 1, 0 [(0 [0xC004F014, 0, 0], [(?)(?)(?)(?)(?)(?)(?)(?)])(1 )(2 )(3 )]

&lt;/string&gt;
</Data>
<Binary></Binary>
</EventData>
</Event>

<Event xmlns="http://schemas.microsoft.com/win/2004/08/events/event"><System><Provider Name="Microsoft-Windows-Security-SPP" Guid="{E23B33B0-C8C9-472C-A5F9-F2BDFEA0F156}" EventSourceName="Software Protection Platform Service"></Provider>
<EventID Qualifiers="49152">8198</EventID>
<Version>0</Version>
<Level>2</Level>
<Task>0</Task>
<Opcode>0</Opcode>
<Keywords>0x0080000000000000</Keywords>
<TimeCreated SystemTime="2020-10-22 20:53:02.901400"></TimeCreated>
<EventRecordID>36</EventRecordID>
<Correlation ActivityID="" RelatedActivityID=""></Correlation>
<Execution ProcessID="0" ThreadID="0"></Execution>
<Channel>Application</Channel>
<Computer>WIN-PTFPHFCRDJ0</Computer>
<Security UserID=""></Security>
</System>
<EventData><Data>&lt;string&gt;hr=0x87E10BC6&lt;/string&gt;
&lt;string&gt;RuleId=31e71c49-8da7-4a2f-ad92-45d98a1c79ba;Action=AutoActivate;AppId=55c92734-d682-4d71-983e-d6ec3f16059f;SkuId=92114319-12ea-4bca-9d63-8740de9feff3;NotificationInterval=1440;Trigger=UserLogon;SessionId=1&lt;/string&gt;
</Data>
<Binary></Binary>
</EventData>
</Event>

<Event xmlns="http://schemas.microsoft.com/win/2004/08/events/event"><System><Provider Name="MsiInstaller"></Provider>
<EventID Qualifiers="0">1040</EventID>
<Level>4</Level>
<Task>0</Task>
<Keywords>0x0080000000000000</Keywords>
<TimeCreated SystemTime="2020-10-22 20:53:02.948273"></TimeCreated>
<EventRecordID>37</EventRecordID>
<Channel>Application</Channel>
<Computer>WIN-PTFPHFCRDJ0</Computer>
<Security UserID="S-1-5-21-1152959844-3645458174-3779170896-1000"></Security>
</System>
<EventData><Data>&lt;string&gt;C:\ProgramData\Package Cache\{7DC387B8-E6A2-480C-8EF9-A6E51AE81C19}v14.24.28127\packages\vcRuntimeMinimum_amd64\vc_runtimeMinimum_x64.msi&lt;/string&gt;
&lt;string&gt;1720&lt;/string&gt;
&lt;string&gt;(NULL)&lt;/string&gt;
&lt;string&gt;(NULL)&lt;/string&gt;
&lt;string&gt;(NULL)&lt;/string&gt;
&lt;string&gt;(NULL)&lt;/string&gt;
&lt;string&gt;&lt;/string&gt;
</Data>
<Binary></Binary>
</EventData>
</Event>

<Event xmlns="http://schemas.microsoft.com/win/2004/08/events/event"><System><Provider Name="MsiInstaller"></Provider>
<EventID Qualifiers="0">11707</EventID>
<Level>4</Level>
<Task>0</Task>
<Keywords>0x0080000000000000</Keywords>
<TimeCreated SystemTime="2020-10-22 20:53:03.308237"></TimeCreated>
<EventRecordID>38</EventRecordID>
<Channel>Application</Channel>
<Computer>WIN-PTFPHFCRDJ0</Computer>
<Security UserID="S-1-5-21-1152959844-3645458174-3779170896-1000"></Security>
</System>
<EventData><Data>&lt;string&gt;Product: Microsoft Visual C++ 2019 X64 Minimum Runtime - 14.24.28127 -- Installation completed successfully.&lt;/string&gt;
&lt;string&gt;(NULL)&lt;/string&gt;
&lt;string&gt;(NULL)&lt;/string&gt;
&lt;string&gt;(NULL)&lt;/string&gt;
&lt;string&gt;(NULL)&lt;/string&gt;
&lt;string&gt;(NULL)&lt;/string&gt;
&lt;string&gt;&lt;/string&gt;
</Data>
<Binary>ezdEQzM4N0I4LUU2QTItNDgwQy04RUY5LUE2RTUxQUU4MUMxOX0=</Binary>
</EventData>
</Event>

<Event xmlns="http://schemas.microsoft.com/win/2004/08/events/event"><System><Provider Name="MsiInstaller"></Provider>
<EventID Qualifiers="0">1033</EventID>
<Level>4</Level>
<Task>0</Task>
<Keywords>0x0080000000000000</Keywords>
<TimeCreated SystemTime="2020-10-22 20:53:03.308237"></TimeCreated>
<EventRecordID>39</EventRecordID>
<Channel>Application</Channel>
<Computer>WIN-PTFPHFCRDJ0</Computer>
<Security UserID="S-1-5-21-1152959844-3645458174-3779170896-1000"></Security>
</System>
<EventData><Data>&lt;string&gt;Microsoft Visual C++ 2019 X64 Minimum Runtime - 14.24.28127&lt;/string&gt;
&lt;string&gt;14.24.28127&lt;/string&gt;
&lt;string&gt;1033&lt;/string&gt;
&lt;string&gt;0&lt;/string&gt;
&lt;string&gt;Microsoft Corporation&lt;/string&gt;
&lt;string&gt;(NULL)&lt;/string&gt;
&lt;string&gt;&lt;/string&gt;
</Data>
<Binary>ezdEQzM4N0I4LUU2QTItNDgwQy04RUY5LUE2RTUxQUU4MUMxOX0wMDAwYWJmNGFlZWVjNDMzNzMxNjIyMTk0ZDc4MGJkZWI5NTQwMDAwMDkwNA==</Binary>
</EventData>
</Event>

<Event xmlns="http://schemas.microsoft.com/win/2004/08/events/event"><System><Provider Name="MsiInstaller"></Provider>
<EventID Qualifiers="0">1042</EventID>
<Level>4</Level>
<Task>0</Task>
<Keywords>0x0080000000000000</Keywords>
<TimeCreated SystemTime="2020-10-22 20:53:03.355103"></TimeCreated>
<EventRecordID>40</EventRecordID>
<Channel>Application</Channel>
<Computer>WIN-PTFPHFCRDJ0</Computer>
<Security UserID="S-1-5-18"></Security>
</System>
<EventData><Data>&lt;string&gt;C:\ProgramData\Package Cache\{7DC387B8-E6A2-480C-8EF9-A6E51AE81C19}v14.24.28127\packages\vcRuntimeMinimum_amd64\vc_runtimeMinimum_x64.msi&lt;/string&gt;
&lt;string&gt;1720&lt;/string&gt;
&lt;string&gt;(NULL)&lt;/string&gt;
&lt;string&gt;(NULL)&lt;/string&gt;
&lt;string&gt;(NULL)&lt;/string&gt;
&lt;string&gt;(NULL)&lt;/string&gt;
&lt;string&gt;&lt;/string&gt;
</Data>
<Binary></Binary>
</EventData>
</Event>

<Event xmlns="http://schemas.microsoft.com/win/2004/08/events/event"><System><Provider Name="MsiInstaller"></Provider>
<EventID Qualifiers="0">1040</EventID>
<Level>4</Level>
<Task>0</Task>
<Keywords>0x0080000000000000</Keywords>
<TimeCreated SystemTime="2020-10-22 20:53:03.386011"></TimeCreated>
<EventRecordID>41</EventRecordID>
<Channel>Application</Channel>
<Computer>WIN-PTFPHFCRDJ0</Computer>
<Security UserID="S-1-5-21-1152959844-3645458174-3779170896-1000"></Security>
</System>
<EventData><Data>&lt;string&gt;C:\ProgramData\Package Cache\{8678BA04-D161-45BE-ACA4-CC5D13073F35}v14.24.28127\packages\vcRuntimeAdditional_amd64\vc_runtimeAdditional_x64.msi&lt;/string&gt;
&lt;string&gt;1720&lt;/string&gt;
&lt;string&gt;(NULL)&lt;/string&gt;
&lt;string&gt;(NULL)&lt;/string&gt;
&lt;string&gt;(NULL)&lt;/string&gt;
&lt;string&gt;(NULL)&lt;/string&gt;
&lt;string&gt;&lt;/string&gt;
</Data>
<Binary></Binary>
</EventData>
</Event>

<Event xmlns="http://schemas.microsoft.com/win/2004/08/events/event"><System><Provider Name="Microsoft-Windows-RestartManager" Guid="{0888e5ef-9b98-4695-979d-e92ce4247224}"></Provider>
<EventID Qualifiers="">10000</EventID>
<Version>0</Version>
<Level>4</Level>
<Task>0</Task>
<Opcode>0</Opcode>
<Keywords>0x8000000000000000</Keywords>
<TimeCreated SystemTime="2020-10-22 20:53:03.087963"></TimeCreated>
<EventRecordID>42</EventRecordID>
<Correlation ActivityID="" RelatedActivityID=""></Correlation>
<Execution ProcessID="4232" ThreadID="2824"></Execution>
<Channel>Application</Channel>
<Computer>WIN-PTFPHFCRDJ0</Computer>
<Security UserID="S-1-5-21-1152959844-3645458174-3779170896-1000"></Security>
</System>
<UserData><RmSessionEvent xmlns="http://www.microsoft.com/2005/08/Windows/Reliability/RestartManager/"><RmSessionId>0</RmSessionId>
<UTCStartTime>2020-10-22 20:53:03.073910</UTCStartTime>
</RmSessionEvent>
</UserData>
</Event>

<Event xmlns="http://schemas.microsoft.com/win/2004/08/events/event"><System><Provider Name="Microsoft-Windows-RestartManager" Guid="{0888e5ef-9b98-4695-979d-e92ce4247224}"></Provider>
<EventID Qualifiers="">10001</EventID>
<Version>0</Version>
<Level>4</Level>
<Task>0</Task>
<Opcode>0</Opcode>
<Keywords>0x8000000000000000</Keywords>
<TimeCreated SystemTime="2020-10-22 20:53:03.323877"></TimeCreated>
<EventRecordID>43</EventRecordID>
<Correlation ActivityID="" RelatedActivityID=""></Correlation>
<Execution ProcessID="4232" ThreadID="4448"></Execution>
<Channel>Application</Channel>
<Computer>WIN-PTFPHFCRDJ0</Computer>
<Security UserID="S-1-5-21-1152959844-3645458174-3779170896-1000"></Security>
</System>
<UserData><RmSessionEvent xmlns="http://www.microsoft.com/2005/08/Windows/Reliability/RestartManager/"><RmSessionId>0</RmSessionId>
<UTCStartTime>2020-10-22 20:53:03.073910</UTCStartTime>
</RmSessionEvent>
</UserData>
</Event>

<Event xmlns="http://schemas.microsoft.com/win/2004/08/events/event"><System><Provider Name="Microsoft-Windows-RestartManager" Guid="{0888e5ef-9b98-4695-979d-e92ce4247224}"></Provider>
<EventID Qualifiers="">10000</EventID>
<Version>0</Version>
<Level>4</Level>
<Task>0</Task>
<Opcode>0</Opcode>
<Keywords>0x8000000000000000</Keywords>
<TimeCreated SystemTime="2020-10-22 20:53:03.440002"></TimeCreated>
<EventRecordID>44</EventRecordID>
<Correlation ActivityID="" RelatedActivityID=""></Correlation>
<Execution ProcessID="4232" ThreadID="4772"></Execution>
<Channel>Application</Channel>
<Computer>WIN-PTFPHFCRDJ0</Computer>
<Security UserID="S-1-5-21-1152959844-3645458174-3779170896-1000"></Security>
</System>
<UserData><RmSessionEvent xmlns="http://www.microsoft.com/2005/08/Windows/Reliability/RestartManager/"><RmSessionId>0</RmSessionId>
<UTCStartTime>2020-10-22 20:53:03.432894</UTCStartTime>
</RmSessionEvent>
</UserData>
</Event>

<Event xmlns="http://schemas.microsoft.com/win/2004/08/events/event"><System><Provider Name="MsiInstaller"></Provider>
<EventID Qualifiers="0">11707</EventID>
<Level>4</Level>
<Task>0</Task>
<Keywords>0x0080000000000000</Keywords>
<TimeCreated SystemTime="2020-10-22 20:53:03.760939"></TimeCreated>
<EventRecordID>45</EventRecordID>
<Channel>Application</Channel>
<Computer>WIN-PTFPHFCRDJ0</Computer>
<Security UserID="S-1-5-21-1152959844-3645458174-3779170896-1000"></Security>
</System>
<EventData><Data>&lt;string&gt;Product: Microsoft Visual C++ 2019 X64 Additional Runtime - 14.24.28127 -- Installation completed successfully.&lt;/string&gt;
&lt;string&gt;(NULL)&lt;/string&gt;
&lt;string&gt;(NULL)&lt;/string&gt;
&lt;string&gt;(NULL)&lt;/string&gt;
&lt;string&gt;(NULL)&lt;/string&gt;
&lt;string&gt;(NULL)&lt;/string&gt;
&lt;string&gt;&lt;/string&gt;
</Data>
<Binary>ezg2NzhCQTA0LUQxNjEtNDVCRS1BQ0E0LUNDNUQxMzA3M0YzNX0=</Binary>
</EventData>
</Event>

<Event xmlns="http://schemas.microsoft.com/win/2004/08/events/event"><System><Provider Name="MsiInstaller"></Provider>
<EventID Qualifiers="0">1033</EventID>
<Level>4</Level>
<Task>0</Task>
<Keywords>0x0080000000000000</Keywords>
<TimeCreated SystemTime="2020-10-22 20:53:03.760939"></TimeCreated>
<EventRecordID>46</EventRecordID>
<Channel>Application</Channel>
<Computer>WIN-PTFPHFCRDJ0</Computer>
<Security UserID="S-1-5-21-1152959844-3645458174-3779170896-1000"></Security>
</System>
<EventData><Data>&lt;string&gt;Microsoft Visual C++ 2019 X64 Additional Runtime - 14.24.28127&lt;/string&gt;
&lt;string&gt;14.24.28127&lt;/string&gt;
&lt;string&gt;1033&lt;/string&gt;
&lt;string&gt;0&lt;/string&gt;
&lt;string&gt;Microsoft Corporation&lt;/string&gt;
&lt;string&gt;(NULL)&lt;/string&gt;
&lt;string&gt;&lt;/string&gt;
</Data>
<Binary>ezg2NzhCQTA0LUQxNjEtNDVCRS1BQ0E0LUNDNUQxMzA3M0YzNX0wMDAwMGU5ZmQyNGUxY2FjNjIzOGUxYTllN2UzMDVjNzJmY2MwMDAwMDkwNA==</Binary>
</EventData>
</Event>

<Event xmlns="http://schemas.microsoft.com/win/2004/08/events/event"><System><Provider Name="MsiInstaller"></Provider>
<EventID Qualifiers="0">1042</EventID>
<Level>4</Level>
<Task>0</Task>
<Keywords>0x0080000000000000</Keywords>
<TimeCreated SystemTime="2020-10-22 20:53:03.807781"></TimeCreated>
<EventRecordID>47</EventRecordID>
<Channel>Application</Channel>
<Computer>WIN-PTFPHFCRDJ0</Computer>
<Security UserID="S-1-5-18"></Security>
</System>
<EventData><Data>&lt;string&gt;C:\ProgramData\Package Cache\{8678BA04-D161-45BE-ACA4-CC5D13073F35}v14.24.28127\packages\vcRuntimeAdditional_amd64\vc_runtimeAdditional_x64.msi&lt;/string&gt;
&lt;string&gt;1720&lt;/string&gt;
&lt;string&gt;(NULL)&lt;/string&gt;
&lt;string&gt;(NULL)&lt;/string&gt;
&lt;string&gt;(NULL)&lt;/string&gt;
&lt;string&gt;(NULL)&lt;/string&gt;
&lt;string&gt;&lt;/string&gt;
</Data>
<Binary></Binary>
</EventData>
</Event>

<Event xmlns="http://schemas.microsoft.com/win/2004/08/events/event"><System><Provider Name="Microsoft-Windows-RestartManager" Guid="{0888e5ef-9b98-4695-979d-e92ce4247224}"></Provider>
<EventID Qualifiers="">10001</EventID>
<Version>0</Version>
<Level>4</Level>
<Task>0</Task>
<Opcode>0</Opcode>
<Keywords>0x8000000000000000</Keywords>
<TimeCreated SystemTime="2020-10-22 20:53:03.775740"></TimeCreated>
<EventRecordID>48</EventRecordID>
<Correlation ActivityID="" RelatedActivityID=""></Correlation>
<Execution ProcessID="4232" ThreadID="4448"></Execution>
<Channel>Application</Channel>
<Computer>WIN-PTFPHFCRDJ0</Computer>
<Security UserID="S-1-5-21-1152959844-3645458174-3779170896-1000"></Security>
</System>
<UserData><RmSessionEvent xmlns="http://www.microsoft.com/2005/08/Windows/Reliability/RestartManager/"><RmSessionId>0</RmSessionId>
<UTCStartTime>2020-10-22 20:53:03.432894</UTCStartTime>
</RmSessionEvent>
</UserData>
</Event>

<Event xmlns="http://schemas.microsoft.com/win/2004/08/events/event"><System><Provider Name="Microsoft-Windows-CAPI2" Guid="{5bbca4a8-b209-48dc-a8c7-b23d3e5216fb}" EventSourceName="Microsoft-Windows-CAPI2"></Provider>
<EventID Qualifiers="0">4109</EventID>
<Version>0</Version>
<Level>4</Level>
<Task>0</Task>
<Opcode>0</Opcode>
<Keywords>0x8080000000000000</Keywords>
<TimeCreated SystemTime="2020-10-22 20:53:06.651239"></TimeCreated>
<EventRecordID>49</EventRecordID>
<Correlation ActivityID="" RelatedActivityID=""></Correlation>
<Execution ProcessID="1192" ThreadID="1952"></Execution>
<Channel>Application</Channel>
<Computer>WIN-PTFPHFCRDJ0</Computer>
<Security UserID=""></Security>
</System>
<EventData><Data>&lt;string&gt;CN=DigiCert Global Root G2, OU=www.digicert.com, O=DigiCert Inc, C=US&lt;/string&gt;
&lt;string&gt;DF3C24F9BFD666761B268073FE06D1CC8D4F82A4&lt;/string&gt;
</Data>
<Binary></Binary>
</EventData>
</Event>

<Event xmlns="http://schemas.microsoft.com/win/2004/08/events/event"><System><Provider Name="Microsoft-Windows-CAPI2" Guid="{5bbca4a8-b209-48dc-a8c7-b23d3e5216fb}" EventSourceName="Microsoft-Windows-CAPI2"></Provider>
<EventID Qualifiers="0">4109</EventID>
<Version>0</Version>
<Level>4</Level>
<Task>0</Task>
<Opcode>0</Opcode>
<Keywords>0x8080000000000000</Keywords>
<TimeCreated SystemTime="2020-10-22 20:53:06.651239"></TimeCreated>
<EventRecordID>50</EventRecordID>
<Correlation ActivityID="" RelatedActivityID=""></Correlation>
<Execution ProcessID="1192" ThreadID="1952"></Execution>
<Channel>Application</Channel>
<Computer>WIN-PTFPHFCRDJ0</Computer>
<Security UserID=""></Security>
</System>
<EventData><Data>&lt;string&gt;CN=Baltimore CyberTrust Root, OU=CyberTrust, O=Baltimore, C=IE&lt;/string&gt;
&lt;string&gt;D4DE20D05E66FC53FE1A50882C78DB2852CAE474&lt;/string&gt;
</Data>
<Binary></Binary>
</EventData>
</Event>

