<Event xmlns="http://schemas.microsoft.com/win/2004/08/events/event"><System><Provider Name="Microsoft-Windows-Store" Guid="{9c2a37f3-e5fd-5cae-bcd1-43dafeee1ff0}"></Provider>
<EventID Qualifiers="">8003</EventID>
<Version>0</Version>
<Level>2</Level>
<Task>8001</Task>
<Opcode>12</Opcode>
<Keywords>0x8000100000000000</Keywords>
<TimeCreated SystemTime="2020-10-26 11:59:01.913378"></TimeCreated>
<EventRecordID>1009</EventRecordID>
<Correlation ActivityID="" RelatedActivityID=""></Correlation>
<Execution ProcessID="1328" ThreadID="1444"></Execution>
<Channel>Microsoft-Windows-Store/Operational</Channel>
<Computer>WIN-PTFPHFCRDJ0</Computer>
<Security UserID="S-1-5-19"></Security>
</System>
<EventData><Data Name="Message">Service Fault: status: 400 code: ContentIdNotInCatalog: description: The requested content id could not be found in the catalog. data: ["ddc422e2-1615-e74d-228f-268b3376a5b5"] (Corr: 2TGqcGeOaESobBD9.1, Svr: 00003CFF)</Data>
<Data Name="Function">LogServiceFault</Data>
<Data Name="Source">onecoreuap\enduser\winstore\licensemanager\lib\telemetry.cpp</Data>
<Data Name="Line Number">100</Data>
</EventData>
</Event>

<Event xmlns="http://schemas.microsoft.com/win/2004/08/events/event"><System><Provider Name="Microsoft-Windows-Store" Guid="{9c2a37f3-e5fd-5cae-bcd1-43dafeee1ff0}"></Provider>
<EventID Qualifiers="">8002</EventID>
<Version>0</Version>
<Level>3</Level>
<Task>8001</Task>
<Opcode>13</Opcode>
<Keywords>0x8000100000000000</Keywords>
<TimeCreated SystemTime="2020-10-26 11:59:01.913383"></TimeCreated>
<EventRecordID>1010</EventRecordID>
<Correlation ActivityID="" RelatedActivityID=""></Correlation>
<Execution ProcessID="1328" ThreadID="1444"></Execution>
<Channel>Microsoft-Windows-Store/Operational</Channel>
<Computer>WIN-PTFPHFCRDJ0</Computer>
<Security UserID="S-1-5-19"></Security>
</System>
<EventData><Data Name="Message">hr: 0x87e10bc6</Data>
<Data Name="Function">LicenseProxyService::DoRequestLicense</Data>
<Data Name="Source">onecoreuap\enduser\winstore\licensemanager\lib\proxy.cpp</Data>
<Data Name="Line Number">1974</Data>
</EventData>
</Event>

<Event xmlns="http://schemas.microsoft.com/win/2004/08/events/event"><System><Provider Name="Microsoft-Windows-Store" Guid="{9c2a37f3-e5fd-5cae-bcd1-43dafeee1ff0}"></Provider>
<EventID Qualifiers="">8001</EventID>
<Version>0</Version>
<Level>4</Level>
<Task>8001</Task>
<Opcode>14</Opcode>
<Keywords>0x8000100000000000</Keywords>
<TimeCreated SystemTime="2020-10-26 11:59:01.942015"></TimeCreated>
<EventRecordID>1011</EventRecordID>
<Correlation ActivityID="" RelatedActivityID=""></Correlation>
<Execution ProcessID="1328" ThreadID="1444"></Execution>
<Channel>Microsoft-Windows-Store/Operational</Channel>
<Computer>WIN-PTFPHFCRDJ0</Computer>
<Security UserID="S-1-5-19"></Security>
</System>
<EventData><Data Name="Message">onecoreuap\enduser\winstore\licensemanager\lib\proxy.cpp(1974)\LicenseManager.dll!00007FFF4DECB908: Exception(2) tid(5a4) 87E10BC6     [LicenseProxyService::DoRequestLicense]
</Data>
<Data Name="Function">LicenseProxyService::RequestLicenseForContentWithId</Data>
<Data Name="Source">onecoreuap\enduser\winstore\licensemanager\lib\proxy.cpp</Data>
<Data Name="Line Number">343</Data>
</EventData>
</Event>

<Event xmlns="http://schemas.microsoft.com/win/2004/08/events/event"><System><Provider Name="Microsoft-Windows-Store" Guid="{9c2a37f3-e5fd-5cae-bcd1-43dafeee1ff0}"></Provider>
<EventID Qualifiers="">8002</EventID>
<Version>0</Version>
<Level>3</Level>
<Task>8001</Task>
<Opcode>13</Opcode>
<Keywords>0x8000100000000000</Keywords>
<TimeCreated SystemTime="2020-10-26 11:59:01.942032"></TimeCreated>
<EventRecordID>1012</EventRecordID>
<Correlation ActivityID="" RelatedActivityID=""></Correlation>
<Execution ProcessID="1328" ThreadID="1444"></Execution>
<Channel>Microsoft-Windows-Store/Operational</Channel>
<Computer>WIN-PTFPHFCRDJ0</Computer>
<Security UserID="S-1-5-19"></Security>
</System>
<EventData><Data Name="Message">hr: 0x87e10bc6</Data>
<Data Name="Function">LicenseManagerCore::RequestLicenseForContentWithId</Data>
<Data Name="Source">onecoreuap\enduser\winstore\licensemanager\lib\managercore.cpp</Data>
<Data Name="Line Number">1863</Data>
</EventData>
</Event>

<Event xmlns="http://schemas.microsoft.com/win/2004/08/events/event"><System><Provider Name="Microsoft-Windows-Store" Guid="{9c2a37f3-e5fd-5cae-bcd1-43dafeee1ff0}"></Provider>
<EventID Qualifiers="">8001</EventID>
<Version>0</Version>
<Level>4</Level>
<Task>8001</Task>
<Opcode>14</Opcode>
<Keywords>0x8000100000000000</Keywords>
<TimeCreated SystemTime="2020-10-26 11:59:01.962214"></TimeCreated>
<EventRecordID>1013</EventRecordID>
<Correlation ActivityID="" RelatedActivityID=""></Correlation>
<Execution ProcessID="1328" ThreadID="1444"></Execution>
<Channel>Microsoft-Windows-Store/Operational</Channel>
<Computer>WIN-PTFPHFCRDJ0</Computer>
<Security UserID="S-1-5-19"></Security>
</System>
<EventData><Data Name="Message">onecoreuap\enduser\winstore\licensemanager\lib\managercore.cpp(1863)\LicenseManager.dll!00007FFF4DECD6D3: Exception(3) tid(5a4) 87E10BC6     [LicenseManagerCore::RequestLicenseForContentWithId]
</Data>
<Data Name="Function">KeyMachine::DoLicenseThreadProc</Data>
<Data Name="Source">onecoreuap\enduser\winstore\licensemanager\lib\keymachine.cpp</Data>
<Data Name="Line Number">967</Data>
</EventData>
</Event>

<Event xmlns="http://schemas.microsoft.com/win/2004/08/events/event"><System><Provider Name="Microsoft-Windows-Store" Guid="{9c2a37f3-e5fd-5cae-bcd1-43dafeee1ff0}"></Provider>
<EventID Qualifiers="">8011</EventID>
<Version>0</Version>
<Level>5</Level>
<Task>8002</Task>
<Opcode>16</Opcode>
<Keywords>0x8000200000000000</Keywords>
<TimeCreated SystemTime="2020-10-26 11:59:01.962231"></TimeCreated>
<EventRecordID>1014</EventRecordID>
<Correlation ActivityID="" RelatedActivityID=""></Correlation>
<Execution ProcessID="1328" ThreadID="1448"></Execution>
<Channel>Microsoft-Windows-Store/Operational</Channel>
<Computer>WIN-PTFPHFCRDJ0</Computer>
<Security UserID="S-1-5-19"></Security>
</System>
<EventData><Data Name="State Machine">0x000002360f9bf320</Data>
<Data Name="Thread ID">1448</Data>
<Data Name="State Machine Name">ddc422e2-1615-e74d-228f-268b3376a5b5</Data>
<Data Name="Event Name">Key:@LicenseDone</Data>
<Data Name="Current State">Key:NegotiatingUnleased</Data>
</EventData>
</Event>

<Event xmlns="http://schemas.microsoft.com/win/2004/08/events/event"><System><Provider Name="Microsoft-Windows-Store" Guid="{9c2a37f3-e5fd-5cae-bcd1-43dafeee1ff0}"></Provider>
<EventID Qualifiers="">8002</EventID>
<Version>0</Version>
<Level>3</Level>
<Task>8001</Task>
<Opcode>13</Opcode>
<Keywords>0x8000100000000000</Keywords>
<TimeCreated SystemTime="2020-10-26 11:59:01.962337"></TimeCreated>
<EventRecordID>1015</EventRecordID>
<Correlation ActivityID="" RelatedActivityID=""></Correlation>
<Execution ProcessID="1328" ThreadID="1508"></Execution>
<Channel>Microsoft-Windows-Store/Operational</Channel>
<Computer>WIN-PTFPHFCRDJ0</Computer>
<Security UserID="S-1-5-20"></Security>
</System>
<EventData><Data Name="Message">hr: 0x87e10bc6</Data>
<Data Name="Function">LicenseCallback::WaitForComplete</Data>
<Data Name="Source">onecoreuap\enduser\winstore\licensemanager\lib\managercore.cpp</Data>
<Data Name="Line Number">171</Data>
</EventData>
</Event>

<Event xmlns="http://schemas.microsoft.com/win/2004/08/events/event"><System><Provider Name="Microsoft-Windows-Store" Guid="{9c2a37f3-e5fd-5cae-bcd1-43dafeee1ff0}"></Provider>
<EventID Qualifiers="">8002</EventID>
<Version>0</Version>
<Level>3</Level>
<Task>8001</Task>
<Opcode>13</Opcode>
<Keywords>0x8000100000000000</Keywords>
<TimeCreated SystemTime="2020-10-26 11:59:01.962368"></TimeCreated>
<EventRecordID>1016</EventRecordID>
<Correlation ActivityID="" RelatedActivityID=""></Correlation>
<Execution ProcessID="1328" ThreadID="1508"></Execution>
<Channel>Microsoft-Windows-Store/Operational</Channel>
<Computer>WIN-PTFPHFCRDJ0</Computer>
<Security UserID="S-1-5-20"></Security>
</System>
<EventData><Data Name="Message">hr: 0x87e10bc6</Data>
<Data Name="Function">ApplicationLicenseManager::ActivateLicenseForContent</Data>
<Data Name="Source">onecoreuap\enduser\winstore\licensemanager\lib\applicensemanager.cpp</Data>
<Data Name="Line Number">373</Data>
</EventData>
</Event>

<Event xmlns="http://schemas.microsoft.com/win/2004/08/events/event"><System><Provider Name="Microsoft-Windows-Store" Guid="{9c2a37f3-e5fd-5cae-bcd1-43dafeee1ff0}"></Provider>
<EventID Qualifiers="">8002</EventID>
<Version>0</Version>
<Level>3</Level>
<Task>8001</Task>
<Opcode>13</Opcode>
<Keywords>0x8000100000000000</Keywords>
<TimeCreated SystemTime="2020-10-26 11:59:01.962429"></TimeCreated>
<EventRecordID>1017</EventRecordID>
<Correlation ActivityID="" RelatedActivityID=""></Correlation>
<Execution ProcessID="1328" ThreadID="1856"></Execution>
<Channel>Microsoft-Windows-Store/Operational</Channel>
<Computer>WIN-PTFPHFCRDJ0</Computer>
<Security UserID="S-1-5-20"></Security>
</System>
<EventData><Data Name="Message">hr: 0x87e10bc6</Data>
<Data Name="Function">LicenseCallback::WaitForComplete</Data>
<Data Name="Source">onecoreuap\enduser\winstore\licensemanager\lib\managercore.cpp</Data>
<Data Name="Line Number">171</Data>
</EventData>
</Event>

<Event xmlns="http://schemas.microsoft.com/win/2004/08/events/event"><System><Provider Name="Microsoft-Windows-Store" Guid="{9c2a37f3-e5fd-5cae-bcd1-43dafeee1ff0}"></Provider>
<EventID Qualifiers="">8002</EventID>
<Version>0</Version>
<Level>3</Level>
<Task>8001</Task>
<Opcode>13</Opcode>
<Keywords>0x8000100000000000</Keywords>
<TimeCreated SystemTime="2020-10-26 11:59:01.962452"></TimeCreated>
<EventRecordID>1018</EventRecordID>
<Correlation ActivityID="" RelatedActivityID=""></Correlation>
<Execution ProcessID="1328" ThreadID="1856"></Execution>
<Channel>Microsoft-Windows-Store/Operational</Channel>
<Computer>WIN-PTFPHFCRDJ0</Computer>
<Security UserID="S-1-5-20"></Security>
</System>
<EventData><Data Name="Message">hr: 0x87e10bc6</Data>
<Data Name="Function">ApplicationLicenseManager::ActivateLicenseForContent</Data>
<Data Name="Source">onecoreuap\enduser\winstore\licensemanager\lib\applicensemanager.cpp</Data>
<Data Name="Line Number">373</Data>
</EventData>
</Event>

<Event xmlns="http://schemas.microsoft.com/win/2004/08/events/event"><System><Provider Name="Microsoft-Windows-Store" Guid="{9c2a37f3-e5fd-5cae-bcd1-43dafeee1ff0}"></Provider>
<EventID Qualifiers="">8012</EventID>
<Version>0</Version>
<Level>5</Level>
<Task>8002</Task>
<Opcode>17</Opcode>
<Keywords>0x8000200000000000</Keywords>
<TimeCreated SystemTime="2020-10-26 11:59:01.962463"></TimeCreated>
<EventRecordID>1019</EventRecordID>
<Correlation ActivityID="" RelatedActivityID=""></Correlation>
<Execution ProcessID="1328" ThreadID="1448"></Execution>
<Channel>Microsoft-Windows-Store/Operational</Channel>
<Computer>WIN-PTFPHFCRDJ0</Computer>
<Security UserID="S-1-5-19"></Security>
</System>
<EventData><Data Name="State Machine">0x000002360f9bf320</Data>
<Data Name="Thread ID">1448</Data>
<Data Name="State Machine Name">Key:NegotiatingUnleased</Data>
<Data Name="Current State">Key:Initial</Data>
<Data Name="New State">ddc422e2-1615-e74d-228f-268b3376a5b5</Data>
</EventData>
</Event>

<Event xmlns="http://schemas.microsoft.com/win/2004/08/events/event"><System><Provider Name="Microsoft-Windows-Store" Guid="{9c2a37f3-e5fd-5cae-bcd1-43dafeee1ff0}"></Provider>
<EventID Qualifiers="">8011</EventID>
<Version>0</Version>
<Level>5</Level>
<Task>8002</Task>
<Opcode>16</Opcode>
<Keywords>0x8000200000000000</Keywords>
<TimeCreated SystemTime="2020-10-26 11:59:01.962465"></TimeCreated>
<EventRecordID>1020</EventRecordID>
<Correlation ActivityID="" RelatedActivityID=""></Correlation>
<Execution ProcessID="1328" ThreadID="1448"></Execution>
<Channel>Microsoft-Windows-Store/Operational</Channel>
<Computer>WIN-PTFPHFCRDJ0</Computer>
<Security UserID="S-1-5-19"></Security>
</System>
<EventData><Data Name="State Machine">0x000002360f9bf320</Data>
<Data Name="Thread ID">1448</Data>
<Data Name="State Machine Name">ddc422e2-1615-e74d-228f-268b3376a5b5</Data>
<Data Name="Event Name">Key:Unregistered</Data>
<Data Name="Current State">Key:Initial</Data>
</EventData>
</Event>

<Event xmlns="http://schemas.microsoft.com/win/2004/08/events/event"><System><Provider Name="Microsoft-Windows-Store" Guid="{9c2a37f3-e5fd-5cae-bcd1-43dafeee1ff0}"></Provider>
<EventID Qualifiers="">8012</EventID>
<Version>0</Version>
<Level>5</Level>
<Task>8002</Task>
<Opcode>17</Opcode>
<Keywords>0x8000200000000000</Keywords>
<TimeCreated SystemTime="2020-10-26 11:59:01.962467"></TimeCreated>
<EventRecordID>1021</EventRecordID>
<Correlation ActivityID="" RelatedActivityID=""></Correlation>
<Execution ProcessID="1328" ThreadID="1448"></Execution>
<Channel>Microsoft-Windows-Store/Operational</Channel>
<Computer>WIN-PTFPHFCRDJ0</Computer>
<Security UserID="S-1-5-19"></Security>
</System>
<EventData><Data Name="State Machine">0x000002360f9bf320</Data>
<Data Name="Thread ID">1448</Data>
<Data Name="State Machine Name">Key:Initial</Data>
<Data Name="Current State">Key:Invalid</Data>
<Data Name="New State">ddc422e2-1615-e74d-228f-268b3376a5b5</Data>
</EventData>
</Event>

<Event xmlns="http://schemas.microsoft.com/win/2004/08/events/event"><System><Provider Name="Microsoft-Windows-Store" Guid="{9c2a37f3-e5fd-5cae-bcd1-43dafeee1ff0}"></Provider>
<EventID Qualifiers="">8001</EventID>
<Version>0</Version>
<Level>4</Level>
<Task>8001</Task>
<Opcode>14</Opcode>
<Keywords>0x8000100000000000</Keywords>
<TimeCreated SystemTime="2020-10-26 11:59:01.985920"></TimeCreated>
<EventRecordID>1022</EventRecordID>
<Correlation ActivityID="" RelatedActivityID=""></Correlation>
<Execution ProcessID="1328" ThreadID="1856"></Execution>
<Channel>Microsoft-Windows-Store/Operational</Channel>
<Computer>WIN-PTFPHFCRDJ0</Computer>
<Security UserID="S-1-5-19"></Security>
</System>
<EventData><Data Name="Message">onecoreuap\enduser\winstore\licensemanager\lib\applicensemanager.cpp(373)\LicenseManager.dll!00007FFF4DF0F1EF: Exception(7) tid(740) 87E10BC6     [ApplicationLicenseManager::ActivateLicenseForContent]
</Data>
<Data Name="Function">ApplicationLicenseManager::ActivateLicenseForContent</Data>
<Data Name="Source">onecoreuap\enduser\winstore\licensemanager\lib\applicensemanager.cpp</Data>
<Data Name="Line Number">376</Data>
</EventData>
</Event>

<Event xmlns="http://schemas.microsoft.com/win/2004/08/events/event"><System><Provider Name="Microsoft-Windows-Store" Guid="{9c2a37f3-e5fd-5cae-bcd1-43dafeee1ff0}"></Provider>
<EventID Qualifiers="">8001</EventID>
<Version>0</Version>
<Level>4</Level>
<Task>8001</Task>
<Opcode>14</Opcode>
<Keywords>0x8000100000000000</Keywords>
<TimeCreated SystemTime="2020-10-26 11:59:01.987030"></TimeCreated>
<EventRecordID>1023</EventRecordID>
<Correlation ActivityID="" RelatedActivityID=""></Correlation>
<Execution ProcessID="1328" ThreadID="1508"></Execution>
<Channel>Microsoft-Windows-Store/Operational</Channel>
<Computer>WIN-PTFPHFCRDJ0</Computer>
<Security UserID="S-1-5-19"></Security>
</System>
<EventData><Data Name="Message">onecoreuap\enduser\winstore\licensemanager\lib\applicensemanager.cpp(373)\LicenseManager.dll!00007FFF4DF0F1EF: Exception(5) tid(5e4) 87E10BC6     [ApplicationLicenseManager::ActivateLicenseForContent]
</Data>
<Data Name="Function">ApplicationLicenseManager::ActivateLicenseForContent</Data>
<Data Name="Source">onecoreuap\enduser\winstore\licensemanager\lib\applicensemanager.cpp</Data>
<Data Name="Line Number">376</Data>
</EventData>
</Event>

<Event xmlns="http://schemas.microsoft.com/win/2004/08/events/event"><System><Provider Name="Microsoft-Windows-Store" Guid="{9c2a37f3-e5fd-5cae-bcd1-43dafeee1ff0}"></Provider>
<EventID Qualifiers="">8001</EventID>
<Version>0</Version>
<Level>4</Level>
<Task>8001</Task>
<Opcode>14</Opcode>
<Keywords>0x8000100000000000</Keywords>
<TimeCreated SystemTime="2020-10-26 12:10:56.203873"></TimeCreated>
<EventRecordID>1024</EventRecordID>
<Correlation ActivityID="" RelatedActivityID=""></Correlation>
<Execution ProcessID="1328" ThreadID="1040"></Execution>
<Channel>Microsoft-Windows-Store/Operational</Channel>
<Computer>WIN-PTFPHFCRDJ0</Computer>
<Security UserID="S-1-5-21-1152959844-3645458174-3779170896-1000"></Security>
</System>
<EventData><Data Name="Message">Licensing content ddc422e2-1615-e74d-228f-268b3376a5b5</Data>
<Data Name="Function">OneStoreApplicationLicenseManager::ActivateLicenseForContent</Data>
<Data Name="Source">onecoreuap\enduser\winstore\licensemanager\lib\onestoreapplicensemanager.cpp</Data>
<Data Name="Line Number">402</Data>
</EventData>
</Event>

<Event xmlns="http://schemas.microsoft.com/win/2004/08/events/event"><System><Provider Name="Microsoft-Windows-Store" Guid="{9c2a37f3-e5fd-5cae-bcd1-43dafeee1ff0}"></Provider>
<EventID Qualifiers="">8001</EventID>
<Version>0</Version>
<Level>4</Level>
<Task>8001</Task>
<Opcode>14</Opcode>
<Keywords>0x8000100000000000</Keywords>
<TimeCreated SystemTime="2020-10-26 12:10:56.203875"></TimeCreated>
<EventRecordID>1025</EventRecordID>
<Correlation ActivityID="" RelatedActivityID=""></Correlation>
<Execution ProcessID="1328" ThreadID="1040"></Execution>
<Channel>Microsoft-Windows-Store/Operational</Channel>
<Computer>WIN-PTFPHFCRDJ0</Computer>
<Security UserID="S-1-5-21-1152959844-3645458174-3779170896-1000"></Security>
</System>
<EventData><Data Name="Message">Licensing ddc422e2-1615-e74d-228f-268b3376a5b5 (Active)</Data>
<Data Name="Function">LicenseManager::LicenseContentWithId</Data>
<Data Name="Source">onecoreuap\enduser\winstore\licensemanager\lib\manager.cpp</Data>
<Data Name="Line Number">81</Data>
</EventData>
</Event>

<Event xmlns="http://schemas.microsoft.com/win/2004/08/events/event"><System><Provider Name="Microsoft-Windows-Store" Guid="{9c2a37f3-e5fd-5cae-bcd1-43dafeee1ff0}"></Provider>
<EventID Qualifiers="">8001</EventID>
<Version>0</Version>
<Level>4</Level>
<Task>8001</Task>
<Opcode>14</Opcode>
<Keywords>0x8000100000000000</Keywords>
<TimeCreated SystemTime="2020-10-26 12:10:56.203899"></TimeCreated>
<EventRecordID>1026</EventRecordID>
<Correlation ActivityID="" RelatedActivityID=""></Correlation>
<Execution ProcessID="1328" ThreadID="1040"></Execution>
<Channel>Microsoft-Windows-Store/Operational</Channel>
<Computer>WIN-PTFPHFCRDJ0</Computer>
<Security UserID="S-1-5-21-1152959844-3645458174-3779170896-1000"></Security>
</System>
<EventData><Data Name="Message">000002360FA164A0: Key Machine for content: ddc422e2-1615-e74d-228f-268b3376a5b5</Data>
<Data Name="Function">KeyMachine::KeyMachine</Data>
<Data Name="Source">onecoreuap\enduser\winstore\licensemanager\lib\keymachine.cpp</Data>
<Data Name="Line Number">95</Data>
</EventData>
</Event>

<Event xmlns="http://schemas.microsoft.com/win/2004/08/events/event"><System><Provider Name="Microsoft-Windows-Store" Guid="{9c2a37f3-e5fd-5cae-bcd1-43dafeee1ff0}"></Provider>
<EventID Qualifiers="">8011</EventID>
<Version>0</Version>
<Level>5</Level>
<Task>8002</Task>
<Opcode>16</Opcode>
<Keywords>0x8000200000000000</Keywords>
<TimeCreated SystemTime="2020-10-26 12:10:56.203909"></TimeCreated>
<EventRecordID>1027</EventRecordID>
<Correlation ActivityID="" RelatedActivityID=""></Correlation>
<Execution ProcessID="1328" ThreadID="884"></Execution>
<Channel>Microsoft-Windows-Store/Operational</Channel>
<Computer>WIN-PTFPHFCRDJ0</Computer>
<Security UserID="S-1-5-19"></Security>
</System>
<EventData><Data Name="State Machine">0x000002360f4b4058</Data>
<Data Name="Thread ID">884</Data>
<Data Name="State Machine Name">RootMachine</Data>
<Data Name="Event Name">Root:Connect</Data>
<Data Name="Current State">Root:Valid</Data>
</EventData>
</Event>

<Event xmlns="http://schemas.microsoft.com/win/2004/08/events/event"><System><Provider Name="Microsoft-Windows-Store" Guid="{9c2a37f3-e5fd-5cae-bcd1-43dafeee1ff0}"></Provider>
<EventID Qualifiers="">8011</EventID>
<Version>0</Version>
<Level>5</Level>
<Task>8002</Task>
<Opcode>16</Opcode>
<Keywords>0x8000200000000000</Keywords>
<TimeCreated SystemTime="2020-10-26 12:10:56.203922"></TimeCreated>
<EventRecordID>1028</EventRecordID>
<Correlation ActivityID="" RelatedActivityID=""></Correlation>
<Execution ProcessID="1328" ThreadID="884"></Execution>
<Channel>Microsoft-Windows-Store/Operational</Channel>
<Computer>WIN-PTFPHFCRDJ0</Computer>
<Security UserID="S-1-5-19"></Security>
</System>
<EventData><Data Name="State Machine">0x000002360fa164c0</Data>
<Data Name="Thread ID">884</Data>
<Data Name="State Machine Name">ddc422e2-1615-e74d-228f-268b3376a5b5</Data>
<Data Name="Event Name">Key:Activate</Data>
<Data Name="Current State">Key:Initial</Data>
</EventData>
</Event>

<Event xmlns="http://schemas.microsoft.com/win/2004/08/events/event"><System><Provider Name="Microsoft-Windows-Store" Guid="{9c2a37f3-e5fd-5cae-bcd1-43dafeee1ff0}"></Provider>
<EventID Qualifiers="">8001</EventID>
<Version>0</Version>
<Level>4</Level>
<Task>8001</Task>
<Opcode>14</Opcode>
<Keywords>0x8000100000000000</Keywords>
<TimeCreated SystemTime="2020-10-26 12:10:56.203924"></TimeCreated>
<EventRecordID>1029</EventRecordID>
<Correlation ActivityID="" RelatedActivityID=""></Correlation>
<Execution ProcessID="1328" ThreadID="884"></Execution>
<Channel>Microsoft-Windows-Store/Operational</Channel>
<Computer>WIN-PTFPHFCRDJ0</Computer>
<Security UserID="S-1-5-19"></Security>
</System>
<EventData><Data Name="Message">000002360FA164A0: BeginLicense: Operation 3, CachedLeaseOK true, RequireServiceValidation false</Data>
<Data Name="Function">KeyMachine::DoBeginLicense</Data>
<Data Name="Source">onecoreuap\enduser\winstore\licensemanager\lib\keymachine.cpp</Data>
<Data Name="Line Number">806</Data>
</EventData>
</Event>

<Event xmlns="http://schemas.microsoft.com/win/2004/08/events/event"><System><Provider Name="Microsoft-Windows-Store" Guid="{9c2a37f3-e5fd-5cae-bcd1-43dafeee1ff0}"></Provider>
<EventID Qualifiers="">8012</EventID>
<Version>0</Version>
<Level>5</Level>
<Task>8002</Task>
<Opcode>17</Opcode>
<Keywords>0x8000200000000000</Keywords>
<TimeCreated SystemTime="2020-10-26 12:10:56.203926"></TimeCreated>
<EventRecordID>1030</EventRecordID>
<Correlation ActivityID="" RelatedActivityID=""></Correlation>
<Execution ProcessID="1328" ThreadID="884"></Execution>
<Channel>Microsoft-Windows-Store/Operational</Channel>
<Computer>WIN-PTFPHFCRDJ0</Computer>
<Security UserID="S-1-5-19"></Security>
</System>
<EventData><Data Name="State Machine">0x000002360fa164c0</Data>
<Data Name="Thread ID">884</Data>
<Data Name="State Machine Name">Key:Initial</Data>
<Data Name="Current State">Key:NegotiatingUnleased</Data>
<Data Name="New State">ddc422e2-1615-e74d-228f-268b3376a5b5</Data>
</EventData>
</Event>

<Event xmlns="http://schemas.microsoft.com/win/2004/08/events/event"><System><Provider Name="Microsoft-Windows-Store" Guid="{9c2a37f3-e5fd-5cae-bcd1-43dafeee1ff0}"></Provider>
<EventID Qualifiers="">8011</EventID>
<Version>0</Version>
<Level>5</Level>
<Task>8002</Task>
<Opcode>16</Opcode>
<Keywords>0x8000200000000000</Keywords>
<TimeCreated SystemTime="2020-10-26 12:10:56.203928"></TimeCreated>
<EventRecordID>1031</EventRecordID>
<Correlation ActivityID="" RelatedActivityID=""></Correlation>
<Execution ProcessID="1328" ThreadID="884"></Execution>
<Channel>Microsoft-Windows-Store/Operational</Channel>
<Computer>WIN-PTFPHFCRDJ0</Computer>
<Security UserID="S-1-5-19"></Security>
</System>
<EventData><Data Name="State Machine">0x000002360fa164c0</Data>
<Data Name="Thread ID">884</Data>
<Data Name="State Machine Name">ddc422e2-1615-e74d-228f-268b3376a5b5</Data>
<Data Name="Event Name">Key:Activate</Data>
<Data Name="Current State">Key:NegotiatingUnleased</Data>
</EventData>
</Event>

<Event xmlns="http://schemas.microsoft.com/win/2004/08/events/event"><System><Provider Name="Microsoft-Windows-Store" Guid="{9c2a37f3-e5fd-5cae-bcd1-43dafeee1ff0}"></Provider>
<EventID Qualifiers="">8001</EventID>
<Version>0</Version>
<Level>4</Level>
<Task>8001</Task>
<Opcode>14</Opcode>
<Keywords>0x8000100000000000</Keywords>
<TimeCreated SystemTime="2020-10-26 12:10:56.228537"></TimeCreated>
<EventRecordID>1032</EventRecordID>
<Correlation ActivityID="" RelatedActivityID=""></Correlation>
<Execution ProcessID="1328" ThreadID="884"></Execution>
<Channel>Microsoft-Windows-Store/Operational</Channel>
<Computer>WIN-PTFPHFCRDJ0</Computer>
<Security UserID="S-1-5-21-1152959844-3645458174-3779170896-1000"></Security>
</System>
<EventData><Data Name="Message">No key document found for contentid ddc422e2-1615-e74d-228f-268b3376a5b5</Data>
<Data Name="Function">ClipStorage::GetKeyDocumentForContentWithIdAndMinQuality</Data>
<Data Name="Source">onecoreuap\enduser\winstore\licensemanager\lib\clipstorage.cpp</Data>
<Data Name="Line Number">269</Data>
</EventData>
</Event>

<Event xmlns="http://schemas.microsoft.com/win/2004/08/events/event"><System><Provider Name="Microsoft-Windows-Store" Guid="{9c2a37f3-e5fd-5cae-bcd1-43dafeee1ff0}"></Provider>
<EventID Qualifiers="">8001</EventID>
<Version>0</Version>
<Level>4</Level>
<Task>8001</Task>
<Opcode>14</Opcode>
<Keywords>0x8000100000000000</Keywords>
<TimeCreated SystemTime="2020-10-26 12:10:56.231012"></TimeCreated>
<EventRecordID>1033</EventRecordID>
<Correlation ActivityID="" RelatedActivityID=""></Correlation>
<Execution ProcessID="1328" ThreadID="2820"></Execution>
<Channel>Microsoft-Windows-Store/Operational</Channel>
<Computer>WIN-PTFPHFCRDJ0</Computer>
<Security UserID="S-1-5-19"></Security>
</System>
<EventData><Data Name="Message">Getting user tickets for S-1-5-21-1152959844-3645458174-3779170896-1000</Data>
<Data Name="Function">SingleUserStoredIdentitySnapshot::CaptureIdentity</Data>
<Data Name="Source">onecoreuap\enduser\winstore\licensemanager\lib\identity.cpp</Data>
<Data Name="Line Number">350</Data>
</EventData>
</Event>

<Event xmlns="http://schemas.microsoft.com/win/2004/08/events/event"><System><Provider Name="Microsoft-Windows-Store" Guid="{9c2a37f3-e5fd-5cae-bcd1-43dafeee1ff0}"></Provider>
<EventID Qualifiers="">8001</EventID>
<Version>0</Version>
<Level>4</Level>
<Task>8001</Task>
<Opcode>14</Opcode>
<Keywords>0x8000100000000000</Keywords>
<TimeCreated SystemTime="2020-10-26 12:10:56.235209"></TimeCreated>
<EventRecordID>1034</EventRecordID>
<Correlation ActivityID="" RelatedActivityID=""></Correlation>
<Execution ProcessID="1328" ThreadID="2820"></Execution>
<Channel>Microsoft-Windows-Store/Operational</Channel>
<Computer>WIN-PTFPHFCRDJ0</Computer>
<Security UserID="S-1-5-21-1152959844-3645458174-3779170896-1000"></Security>
</System>
<EventData><Data Name="Message">hr: 0x80070002</Data>
<Data Name="Function">WinStoreAuth::AuthenticationInternal::FetchStoreAccountIdFromRegistry</Data>
<Data Name="Source">\winstoreauth.cpp</Data>
<Data Name="Line Number">1163</Data>
</EventData>
</Event>

<Event xmlns="http://schemas.microsoft.com/win/2004/08/events/event"><System><Provider Name="Microsoft-Windows-Store" Guid="{9c2a37f3-e5fd-5cae-bcd1-43dafeee1ff0}"></Provider>
<EventID Qualifiers="">8002</EventID>
<Version>0</Version>
<Level>3</Level>
<Task>8001</Task>
<Opcode>13</Opcode>
<Keywords>0x8000100000000000</Keywords>
<TimeCreated SystemTime="2020-10-26 12:10:56.235573"></TimeCreated>
<EventRecordID>1035</EventRecordID>
<Correlation ActivityID="" RelatedActivityID=""></Correlation>
<Execution ProcessID="1328" ThreadID="2820"></Execution>
<Channel>Microsoft-Windows-Store/Operational</Channel>
<Computer>WIN-PTFPHFCRDJ0</Computer>
<Security UserID="S-1-5-21-1152959844-3645458174-3779170896-1000"></Security>
</System>
<EventData><Data Name="Message">hr: 0x80070525</Data>
<Data Name="Function">WaitForOperation</Data>
<Data Name="Source">onecoreuap\enduser\winstore\licensemanager\inc\util.h</Data>
<Data Name="Line Number">294</Data>
</EventData>
</Event>

<Event xmlns="http://schemas.microsoft.com/win/2004/08/events/event"><System><Provider Name="Microsoft-Windows-Store" Guid="{9c2a37f3-e5fd-5cae-bcd1-43dafeee1ff0}"></Provider>
<EventID Qualifiers="">8002</EventID>
<Version>0</Version>
<Level>3</Level>
<Task>8001</Task>
<Opcode>13</Opcode>
<Keywords>0x8000100000000000</Keywords>
<TimeCreated SystemTime="2020-10-26 12:10:56.235603"></TimeCreated>
<EventRecordID>1036</EventRecordID>
<Correlation ActivityID="" RelatedActivityID=""></Correlation>
<Execution ProcessID="1328" ThreadID="2820"></Execution>
<Channel>Microsoft-Windows-Store/Operational</Channel>
<Computer>WIN-PTFPHFCRDJ0</Computer>
<Security UserID="S-1-5-21-1152959844-3645458174-3779170896-1000"></Security>
</System>
<EventData><Data Name="Message">No authenticated user, no ticket. (0x80070525)</Data>
<Data Name="Function">CaptureLegacyMSATicket</Data>
<Data Name="Source">onecoreuap\enduser\winstore\licensemanager\lib\identity.cpp</Data>
<Data Name="Line Number">125</Data>
</EventData>
</Event>

<Event xmlns="http://schemas.microsoft.com/win/2004/08/events/event"><System><Provider Name="Microsoft-Windows-Store" Guid="{9c2a37f3-e5fd-5cae-bcd1-43dafeee1ff0}"></Provider>
<EventID Qualifiers="">8002</EventID>
<Version>0</Version>
<Level>3</Level>
<Task>8001</Task>
<Opcode>13</Opcode>
<Keywords>0x8000100000000000</Keywords>
<TimeCreated SystemTime="2020-10-26 12:10:56.235607"></TimeCreated>
<EventRecordID>1037</EventRecordID>
<Correlation ActivityID="" RelatedActivityID=""></Correlation>
<Execution ProcessID="1328" ThreadID="2820"></Execution>
<Channel>Microsoft-Windows-Store/Operational</Channel>
<Computer>WIN-PTFPHFCRDJ0</Computer>
<Security UserID="S-1-5-19"></Security>
</System>
<EventData><Data Name="Message">No user tickets captured for S-1-5-21-1152959844-3645458174-3779170896-1000, so this might not end well.</Data>
<Data Name="Function">SingleUserStoredIdentitySnapshot::CaptureIdentity</Data>
<Data Name="Source">onecoreuap\enduser\winstore\licensemanager\lib\identity.cpp</Data>
<Data Name="Line Number">416</Data>
</EventData>
</Event>

<Event xmlns="http://schemas.microsoft.com/win/2004/08/events/event"><System><Provider Name="Microsoft-Windows-Store" Guid="{9c2a37f3-e5fd-5cae-bcd1-43dafeee1ff0}"></Provider>
<EventID Qualifiers="">8001</EventID>
<Version>0</Version>
<Level>4</Level>
<Task>8001</Task>
<Opcode>14</Opcode>
<Keywords>0x8000100000000000</Keywords>
<TimeCreated SystemTime="2020-10-26 12:10:56.236095"></TimeCreated>
<EventRecordID>1038</EventRecordID>
<Correlation ActivityID="" RelatedActivityID=""></Correlation>
<Execution ProcessID="1328" ThreadID="884"></Execution>
<Channel>Microsoft-Windows-Store/Operational</Channel>
<Computer>WIN-PTFPHFCRDJ0</Computer>
<Security UserID="S-1-5-19"></Security>
</System>
<EventData><Data Name="Message">Requesting license for ddc422e2-1615-e74d-228f-268b3376a5b5 at /v7.0/licenses/content (https://licensing.mp.microsoft.com) (Corr: 2TGqcGeOaESobBD9.2)</Data>
<Data Name="Function">LicenseProxyService::DoRequestLicense</Data>
<Data Name="Source">onecoreuap\enduser\winstore\licensemanager\lib\proxy.cpp</Data>
<Data Name="Line Number">1960</Data>
</EventData>
</Event>

<Event xmlns="http://schemas.microsoft.com/win/2004/08/events/event"><System><Provider Name="Microsoft-Windows-Store" Guid="{9c2a37f3-e5fd-5cae-bcd1-43dafeee1ff0}"></Provider>
<EventID Qualifiers="">8003</EventID>
<Version>0</Version>
<Level>2</Level>
<Task>8001</Task>
<Opcode>12</Opcode>
<Keywords>0x8000100000000000</Keywords>
<TimeCreated SystemTime="2020-10-26 12:10:57.485094"></TimeCreated>
<EventRecordID>1039</EventRecordID>
<Correlation ActivityID="" RelatedActivityID=""></Correlation>
<Execution ProcessID="1328" ThreadID="884"></Execution>
<Channel>Microsoft-Windows-Store/Operational</Channel>
<Computer>WIN-PTFPHFCRDJ0</Computer>
<Security UserID="S-1-5-19"></Security>
</System>
<EventData><Data Name="Message">Service Fault: status: 400 code: ContentIdNotInCatalog: description: The requested content id could not be found in the catalog. data: ["ddc422e2-1615-e74d-228f-268b3376a5b5"] (Corr: 2TGqcGeOaESobBD9.2, Svr: 00005232)</Data>
<Data Name="Function">LogServiceFault</Data>
<Data Name="Source">onecoreuap\enduser\winstore\licensemanager\lib\telemetry.cpp</Data>
<Data Name="Line Number">100</Data>
</EventData>
</Event>

<Event xmlns="http://schemas.microsoft.com/win/2004/08/events/event"><System><Provider Name="Microsoft-Windows-Store" Guid="{9c2a37f3-e5fd-5cae-bcd1-43dafeee1ff0}"></Provider>
<EventID Qualifiers="">8002</EventID>
<Version>0</Version>
<Level>3</Level>
<Task>8001</Task>
<Opcode>13</Opcode>
<Keywords>0x8000100000000000</Keywords>
<TimeCreated SystemTime="2020-10-26 12:10:57.485106"></TimeCreated>
<EventRecordID>1040</EventRecordID>
<Correlation ActivityID="" RelatedActivityID=""></Correlation>
<Execution ProcessID="1328" ThreadID="884"></Execution>
<Channel>Microsoft-Windows-Store/Operational</Channel>
<Computer>WIN-PTFPHFCRDJ0</Computer>
<Security UserID="S-1-5-19"></Security>
</System>
<EventData><Data Name="Message">hr: 0x87e10bc6</Data>
<Data Name="Function">LicenseProxyService::DoRequestLicense</Data>
<Data Name="Source">onecoreuap\enduser\winstore\licensemanager\lib\proxy.cpp</Data>
<Data Name="Line Number">1974</Data>
</EventData>
</Event>

<Event xmlns="http://schemas.microsoft.com/win/2004/08/events/event"><System><Provider Name="Microsoft-Windows-Store" Guid="{9c2a37f3-e5fd-5cae-bcd1-43dafeee1ff0}"></Provider>
<EventID Qualifiers="">8001</EventID>
<Version>0</Version>
<Level>4</Level>
<Task>8001</Task>
<Opcode>14</Opcode>
<Keywords>0x8000100000000000</Keywords>
<TimeCreated SystemTime="2020-10-26 12:10:57.485197"></TimeCreated>
<EventRecordID>1041</EventRecordID>
<Correlation ActivityID="" RelatedActivityID=""></Correlation>
<Execution ProcessID="1328" ThreadID="884"></Execution>
<Channel>Microsoft-Windows-Store/Operational</Channel>
<Computer>WIN-PTFPHFCRDJ0</Computer>
<Security UserID="S-1-5-19"></Security>
</System>
<EventData><Data Name="Message">onecoreuap\enduser\winstore\licensemanager\lib\proxy.cpp(1974)\LicenseManager.dll!00007FFF4DECB908: Exception(9) tid(374) 87E10BC6     [LicenseProxyService::DoRequestLicense]
</Data>
<Data Name="Function">LicenseProxyService::RequestLicenseForContentWithId</Data>
<Data Name="Source">onecoreuap\enduser\winstore\licensemanager\lib\proxy.cpp</Data>
<Data Name="Line Number">343</Data>
</EventData>
</Event>

<Event xmlns="http://schemas.microsoft.com/win/2004/08/events/event"><System><Provider Name="Microsoft-Windows-Store" Guid="{9c2a37f3-e5fd-5cae-bcd1-43dafeee1ff0}"></Provider>
<EventID Qualifiers="">8002</EventID>
<Version>0</Version>
<Level>3</Level>
<Task>8001</Task>
<Opcode>13</Opcode>
<Keywords>0x8000100000000000</Keywords>
<TimeCreated SystemTime="2020-10-26 12:10:57.485207"></TimeCreated>
<EventRecordID>1042</EventRecordID>
<Correlation ActivityID="" RelatedActivityID=""></Correlation>
<Execution ProcessID="1328" ThreadID="884"></Execution>
<Channel>Microsoft-Windows-Store/Operational</Channel>
<Computer>WIN-PTFPHFCRDJ0</Computer>
<Security UserID="S-1-5-19"></Security>
</System>
<EventData><Data Name="Message">hr: 0x87e10bc6</Data>
<Data Name="Function">LicenseManagerCore::RequestLicenseForContentWithId</Data>
<Data Name="Source">onecoreuap\enduser\winstore\licensemanager\lib\managercore.cpp</Data>
<Data Name="Line Number">1863</Data>
</EventData>
</Event>

<Event xmlns="http://schemas.microsoft.com/win/2004/08/events/event"><System><Provider Name="Microsoft-Windows-Store" Guid="{9c2a37f3-e5fd-5cae-bcd1-43dafeee1ff0}"></Provider>
<EventID Qualifiers="">8001</EventID>
<Version>0</Version>
<Level>4</Level>
<Task>8001</Task>
<Opcode>14</Opcode>
<Keywords>0x8000100000000000</Keywords>
<TimeCreated SystemTime="2020-10-26 12:10:57.485306"></TimeCreated>
<EventRecordID>1043</EventRecordID>
<Correlation ActivityID="" RelatedActivityID=""></Correlation>
<Execution ProcessID="1328" ThreadID="884"></Execution>
<Channel>Microsoft-Windows-Store/Operational</Channel>
<Computer>WIN-PTFPHFCRDJ0</Computer>
<Security UserID="S-1-5-19"></Security>
</System>
<EventData><Data Name="Message">onecoreuap\enduser\winstore\licensemanager\lib\managercore.cpp(1863)\LicenseManager.dll!00007FFF4DECD6D3: Exception(10) tid(374) 87E10BC6     [LicenseManagerCore::RequestLicenseForContentWithId]
</Data>
<Data Name="Function">KeyMachine::DoLicenseThreadProc</Data>
<Data Name="Source">onecoreuap\enduser\winstore\licensemanager\lib\keymachine.cpp</Data>
<Data Name="Line Number">967</Data>
</EventData>
</Event>

<Event xmlns="http://schemas.microsoft.com/win/2004/08/events/event"><System><Provider Name="Microsoft-Windows-Store" Guid="{9c2a37f3-e5fd-5cae-bcd1-43dafeee1ff0}"></Provider>
<EventID Qualifiers="">8011</EventID>
<Version>0</Version>
<Level>5</Level>
<Task>8002</Task>
<Opcode>16</Opcode>
<Keywords>0x8000200000000000</Keywords>
<TimeCreated SystemTime="2020-10-26 12:10:57.485315"></TimeCreated>
<EventRecordID>1044</EventRecordID>
<Correlation ActivityID="" RelatedActivityID=""></Correlation>
<Execution ProcessID="1328" ThreadID="884"></Execution>
<Channel>Microsoft-Windows-Store/Operational</Channel>
<Computer>WIN-PTFPHFCRDJ0</Computer>
<Security UserID="S-1-5-19"></Security>
</System>
<EventData><Data Name="State Machine">0x000002360fa164c0</Data>
<Data Name="Thread ID">884</Data>
<Data Name="State Machine Name">ddc422e2-1615-e74d-228f-268b3376a5b5</Data>
<Data Name="Event Name">Key:@LicenseDone</Data>
<Data Name="Current State">Key:NegotiatingUnleased</Data>
</EventData>
</Event>

<Event xmlns="http://schemas.microsoft.com/win/2004/08/events/event"><System><Provider Name="Microsoft-Windows-Store" Guid="{9c2a37f3-e5fd-5cae-bcd1-43dafeee1ff0}"></Provider>
<EventID Qualifiers="">8012</EventID>
<Version>0</Version>
<Level>5</Level>
<Task>8002</Task>
<Opcode>17</Opcode>
<Keywords>0x8000200000000000</Keywords>
<TimeCreated SystemTime="2020-10-26 12:10:57.485329"></TimeCreated>
<EventRecordID>1045</EventRecordID>
<Correlation ActivityID="" RelatedActivityID=""></Correlation>
<Execution ProcessID="1328" ThreadID="884"></Execution>
<Channel>Microsoft-Windows-Store/Operational</Channel>
<Computer>WIN-PTFPHFCRDJ0</Computer>
<Security UserID="S-1-5-19"></Security>
</System>
<EventData><Data Name="State Machine">0x000002360fa164c0</Data>
<Data Name="Thread ID">884</Data>
<Data Name="State Machine Name">Key:NegotiatingUnleased</Data>
<Data Name="Current State">Key:Initial</Data>
<Data Name="New State">ddc422e2-1615-e74d-228f-268b3376a5b5</Data>
</EventData>
</Event>

<Event xmlns="http://schemas.microsoft.com/win/2004/08/events/event"><System><Provider Name="Microsoft-Windows-Store" Guid="{9c2a37f3-e5fd-5cae-bcd1-43dafeee1ff0}"></Provider>
<EventID Qualifiers="">8002</EventID>
<Version>0</Version>
<Level>3</Level>
<Task>8001</Task>
<Opcode>13</Opcode>
<Keywords>0x8000100000000000</Keywords>
<TimeCreated SystemTime="2020-10-26 12:10:57.485336"></TimeCreated>
<EventRecordID>1046</EventRecordID>
<Correlation ActivityID="" RelatedActivityID=""></Correlation>
<Execution ProcessID="1328" ThreadID="1040"></Execution>
<Channel>Microsoft-Windows-Store/Operational</Channel>
<Computer>WIN-PTFPHFCRDJ0</Computer>
<Security UserID="S-1-5-21-1152959844-3645458174-3779170896-1000"></Security>
</System>
<EventData><Data Name="Message">hr: 0x87e10bc6</Data>
<Data Name="Function">LicenseCallback::WaitForComplete</Data>
<Data Name="Source">onecoreuap\enduser\winstore\licensemanager\lib\managercore.cpp</Data>
<Data Name="Line Number">171</Data>
</EventData>
</Event>

<Event xmlns="http://schemas.microsoft.com/win/2004/08/events/event"><System><Provider Name="Microsoft-Windows-Store" Guid="{9c2a37f3-e5fd-5cae-bcd1-43dafeee1ff0}"></Provider>
<EventID Qualifiers="">8002</EventID>
<Version>0</Version>
<Level>3</Level>
<Task>8001</Task>
<Opcode>13</Opcode>
<Keywords>0x8000100000000000</Keywords>
<TimeCreated SystemTime="2020-10-26 12:10:57.485374"></TimeCreated>
<EventRecordID>1047</EventRecordID>
<Correlation ActivityID="" RelatedActivityID=""></Correlation>
<Execution ProcessID="1328" ThreadID="1040"></Execution>
<Channel>Microsoft-Windows-Store/Operational</Channel>
<Computer>WIN-PTFPHFCRDJ0</Computer>
<Security UserID="S-1-5-21-1152959844-3645458174-3779170896-1000"></Security>
</System>
<EventData><Data Name="Message">hr: 0x87e10bc6</Data>
<Data Name="Function">ApplicationLicenseManager::ActivateLicenseForContent</Data>
<Data Name="Source">onecoreuap\enduser\winstore\licensemanager\lib\applicensemanager.cpp</Data>
<Data Name="Line Number">373</Data>
</EventData>
</Event>

<Event xmlns="http://schemas.microsoft.com/win/2004/08/events/event"><System><Provider Name="Microsoft-Windows-Store" Guid="{9c2a37f3-e5fd-5cae-bcd1-43dafeee1ff0}"></Provider>
<EventID Qualifiers="">8001</EventID>
<Version>0</Version>
<Level>4</Level>
<Task>8001</Task>
<Opcode>14</Opcode>
<Keywords>0x8000100000000000</Keywords>
<TimeCreated SystemTime="2020-10-26 12:10:57.485411"></TimeCreated>
<EventRecordID>1048</EventRecordID>
<Correlation ActivityID="" RelatedActivityID=""></Correlation>
<Execution ProcessID="1328" ThreadID="1040"></Execution>
<Channel>Microsoft-Windows-Store/Operational</Channel>
<Computer>WIN-PTFPHFCRDJ0</Computer>
<Security UserID="S-1-5-19"></Security>
</System>
<EventData><Data Name="Message">onecoreuap\enduser\winstore\licensemanager\lib\applicensemanager.cpp(373)\LicenseManager.dll!00007FFF4DF0F1EF: Exception(12) tid(410) 87E10BC6     [ApplicationLicenseManager::ActivateLicenseForContent]
</Data>
<Data Name="Function">ApplicationLicenseManager::ActivateLicenseForContent</Data>
<Data Name="Source">onecoreuap\enduser\winstore\licensemanager\lib\applicensemanager.cpp</Data>
<Data Name="Line Number">376</Data>
</EventData>
</Event>

<Event xmlns="http://schemas.microsoft.com/win/2004/08/events/event"><System><Provider Name="Microsoft-Windows-Store" Guid="{9c2a37f3-e5fd-5cae-bcd1-43dafeee1ff0}"></Provider>
<EventID Qualifiers="">8011</EventID>
<Version>0</Version>
<Level>5</Level>
<Task>8002</Task>
<Opcode>16</Opcode>
<Keywords>0x8000200000000000</Keywords>
<TimeCreated SystemTime="2020-10-26 12:10:57.504417"></TimeCreated>
<EventRecordID>1049</EventRecordID>
<Correlation ActivityID="" RelatedActivityID=""></Correlation>
<Execution ProcessID="1328" ThreadID="1040"></Execution>
<Channel>Microsoft-Windows-Store/Operational</Channel>
<Computer>WIN-PTFPHFCRDJ0</Computer>
<Security UserID="S-1-5-19"></Security>
</System>
<EventData><Data Name="State Machine">0x000002360fa164c0</Data>
<Data Name="Thread ID">1040</Data>
<Data Name="State Machine Name">ddc422e2-1615-e74d-228f-268b3376a5b5</Data>
<Data Name="Event Name">Key:Unregistered</Data>
<Data Name="Current State">Key:Initial</Data>
</EventData>
</Event>

<Event xmlns="http://schemas.microsoft.com/win/2004/08/events/event"><System><Provider Name="Microsoft-Windows-Store" Guid="{9c2a37f3-e5fd-5cae-bcd1-43dafeee1ff0}"></Provider>
<EventID Qualifiers="">8012</EventID>
<Version>0</Version>
<Level>5</Level>
<Task>8002</Task>
<Opcode>17</Opcode>
<Keywords>0x8000200000000000</Keywords>
<TimeCreated SystemTime="2020-10-26 12:10:57.504419"></TimeCreated>
<EventRecordID>1050</EventRecordID>
<Correlation ActivityID="" RelatedActivityID=""></Correlation>
<Execution ProcessID="1328" ThreadID="1040"></Execution>
<Channel>Microsoft-Windows-Store/Operational</Channel>
<Computer>WIN-PTFPHFCRDJ0</Computer>
<Security UserID="S-1-5-19"></Security>
</System>
<EventData><Data Name="State Machine">0x000002360fa164c0</Data>
<Data Name="Thread ID">1040</Data>
<Data Name="State Machine Name">Key:Initial</Data>
<Data Name="Current State">Key:Invalid</Data>
<Data Name="New State">ddc422e2-1615-e74d-228f-268b3376a5b5</Data>
</EventData>
</Event>

<Event xmlns="http://schemas.microsoft.com/win/2004/08/events/event"><System><Provider Name="Microsoft-Windows-Store" Guid="{9c2a37f3-e5fd-5cae-bcd1-43dafeee1ff0}"></Provider>
<EventID Qualifiers="">8000</EventID>
<Version>0</Version>
<Level>4</Level>
<Task>8000</Task>
<Opcode>0</Opcode>
<Keywords>0x8000100000000000</Keywords>
<TimeCreated SystemTime="2020-10-26 12:10:59.718718"></TimeCreated>
<EventRecordID>1051</EventRecordID>
<Correlation ActivityID="" RelatedActivityID=""></Correlation>
<Execution ProcessID="2368" ThreadID="2784"></Execution>
<Channel>Microsoft-Windows-Store/Operational</Channel>
<Computer>WIN-PTFPHFCRDJ0</Computer>
<Security UserID="S-1-5-21-1152959844-3645458174-3779170896-1000"></Security>
</System>
<EventData><Data Name="Process Name">C:\Windows\system32\sihost.exe</Data>
<Data Name="Module Name">C:\Windows\SYSTEM32\licensemanagerapi.dll</Data>
<Data Name="Build Name">17763.1.amd64fre.rs5_release.180914-1434</Data>
</EventData>
</Event>

<Event xmlns="http://schemas.microsoft.com/win/2004/08/events/event"><System><Provider Name="Microsoft-Windows-Store" Guid="{9c2a37f3-e5fd-5cae-bcd1-43dafeee1ff0}"></Provider>
<EventID Qualifiers="">8000</EventID>
<Version>0</Version>
<Level>4</Level>
<Task>8000</Task>
<Opcode>0</Opcode>
<Keywords>0x8000100000000000</Keywords>
<TimeCreated SystemTime="2020-10-26 12:10:59.823557"></TimeCreated>
<EventRecordID>1052</EventRecordID>
<Correlation ActivityID="" RelatedActivityID=""></Correlation>
<Execution ProcessID="944" ThreadID="704"></Execution>
<Channel>Microsoft-Windows-Store/Operational</Channel>
<Computer>WIN-PTFPHFCRDJ0</Computer>
<Security UserID="S-1-5-21-1152959844-3645458174-3779170896-1000"></Security>
</System>
<EventData><Data Name="Process Name">C:\Windows\system32\svchost.exe</Data>
<Data Name="Module Name">C:\Windows\SYSTEM32\licensemanagerapi.dll</Data>
<Data Name="Build Name">17763.1.amd64fre.rs5_release.180914-1434</Data>
</EventData>
</Event>

<Event xmlns="http://schemas.microsoft.com/win/2004/08/events/event"><System><Provider Name="Microsoft-Windows-Store" Guid="{9c2a37f3-e5fd-5cae-bcd1-43dafeee1ff0}"></Provider>
<EventID Qualifiers="">8001</EventID>
<Version>0</Version>
<Level>4</Level>
<Task>8001</Task>
<Opcode>14</Opcode>
<Keywords>0x8000100000000000</Keywords>
<TimeCreated SystemTime="2020-10-26 14:03:03.613377"></TimeCreated>
<EventRecordID>1053</EventRecordID>
<Correlation ActivityID="" RelatedActivityID=""></Correlation>
<Execution ProcessID="1328" ThreadID="696"></Execution>
<Channel>Microsoft-Windows-Store/Operational</Channel>
<Computer>WIN-PTFPHFCRDJ0</Computer>
<Security UserID="S-1-5-21-1152959844-3645458174-3779170896-1000"></Security>
</System>
<EventData><Data Name="Message">Refreshing licenses with quality 1073741824</Data>
<Data Name="Function">OneStoreApplicationLicenseManager::GetInstalledLicensesWithMinQuality</Data>
<Data Name="Source">onecoreuap\enduser\winstore\licensemanager\lib\onestoreapplicensemanager.cpp</Data>
<Data Name="Line Number">691</Data>
</EventData>
</Event>

<Event xmlns="http://schemas.microsoft.com/win/2004/08/events/event"><System><Provider Name="Microsoft-Windows-Store" Guid="{9c2a37f3-e5fd-5cae-bcd1-43dafeee1ff0}"></Provider>
<EventID Qualifiers="">8001</EventID>
<Version>0</Version>
<Level>4</Level>
<Task>8001</Task>
<Opcode>14</Opcode>
<Keywords>0x8000100000000000</Keywords>
<TimeCreated SystemTime="2020-10-26 14:03:03.683733"></TimeCreated>
<EventRecordID>1054</EventRecordID>
<Correlation ActivityID="" RelatedActivityID=""></Correlation>
<Execution ProcessID="1328" ThreadID="3480"></Execution>
<Channel>Microsoft-Windows-Store/Operational</Channel>
<Computer>WIN-PTFPHFCRDJ0</Computer>
<Security UserID="S-1-5-19"></Security>
</System>
<EventData><Data Name="Message">Getting user tickets for S-1-5-21-1152959844-3645458174-3779170896-1000</Data>
<Data Name="Function">SingleUserStoredIdentitySnapshot::CaptureIdentity</Data>
<Data Name="Source">onecoreuap\enduser\winstore\licensemanager\lib\identity.cpp</Data>
<Data Name="Line Number">350</Data>
</EventData>
</Event>

<Event xmlns="http://schemas.microsoft.com/win/2004/08/events/event"><System><Provider Name="Microsoft-Windows-Store" Guid="{9c2a37f3-e5fd-5cae-bcd1-43dafeee1ff0}"></Provider>
<EventID Qualifiers="">8001</EventID>
<Version>0</Version>
<Level>4</Level>
<Task>8001</Task>
<Opcode>14</Opcode>
<Keywords>0x8000100000000000</Keywords>
<TimeCreated SystemTime="2020-10-26 14:03:03.710939"></TimeCreated>
<EventRecordID>1055</EventRecordID>
<Correlation ActivityID="" RelatedActivityID=""></Correlation>
<Execution ProcessID="1328" ThreadID="3480"></Execution>
<Channel>Microsoft-Windows-Store/Operational</Channel>
<Computer>WIN-PTFPHFCRDJ0</Computer>
<Security UserID="S-1-5-21-1152959844-3645458174-3779170896-1000"></Security>
</System>
<EventData><Data Name="Message">hr: 0x80070002</Data>
<Data Name="Function">WinStoreAuth::AuthenticationInternal::FetchStoreAccountIdFromRegistry</Data>
<Data Name="Source">\winstoreauth.cpp</Data>
<Data Name="Line Number">1163</Data>
</EventData>
</Event>

<Event xmlns="http://schemas.microsoft.com/win/2004/08/events/event"><System><Provider Name="Microsoft-Windows-Store" Guid="{9c2a37f3-e5fd-5cae-bcd1-43dafeee1ff0}"></Provider>
<EventID Qualifiers="">8002</EventID>
<Version>0</Version>
<Level>3</Level>
<Task>8001</Task>
<Opcode>13</Opcode>
<Keywords>0x8000100000000000</Keywords>
<TimeCreated SystemTime="2020-10-26 14:03:03.711456"></TimeCreated>
<EventRecordID>1056</EventRecordID>
<Correlation ActivityID="" RelatedActivityID=""></Correlation>
<Execution ProcessID="1328" ThreadID="3480"></Execution>
<Channel>Microsoft-Windows-Store/Operational</Channel>
<Computer>WIN-PTFPHFCRDJ0</Computer>
<Security UserID="S-1-5-21-1152959844-3645458174-3779170896-1000"></Security>
</System>
<EventData><Data Name="Message">hr: 0x80070525</Data>
<Data Name="Function">WaitForOperation</Data>
<Data Name="Source">onecoreuap\enduser\winstore\licensemanager\inc\util.h</Data>
<Data Name="Line Number">294</Data>
</EventData>
</Event>

