<Event xmlns="http://schemas.microsoft.com/win/2004/08/events/event"><System><Provider Name="Microsoft-Windows-ServerManager-MultiMachine" Guid="{d8d37081-10bd-4a89-a971-1cda6899bdb3}"></Provider>
<EventID Qualifiers="">217</EventID>
<Version>0</Version>
<Level>4</Level>
<Task>17</Task>
<Opcode>0</Opcode>
<Keywords>0x2000000000000000</Keywords>
<TimeCreated SystemTime="2020-10-26 15:28:30.290178"></TimeCreated>
<EventRecordID>303</EventRecordID>
<Correlation ActivityID="{ee9b5dfd-b5a5-49da-ad2b-6024029cce96}" RelatedActivityID=""></Correlation>
<Execution ProcessID="3616" ThreadID="2192"></Execution>
<Channel>Microsoft-Windows-ServerManager-MultiMachine/Operational</Channel>
<Computer>WIN-PTFPHFCRDJ0</Computer>
<Security UserID="S-1-5-21-1152959844-3645458174-3779170896-1000"></Security>
</System>
<EventData><Data Name="serverName">localhost</Data>
<Data Name="namespaceName">root\microsoft\windows\servermanager</Data>
<Data Name="wmiClassName">MSFT_ServerManagerTasks</Data>
<Data Name="methodName">GetServerServiceDetail</Data>
<Data Name="protocol">DCOM</Data>
</EventData>
</Event>

<Event xmlns="http://schemas.microsoft.com/win/2004/08/events/event"><System><Provider Name="Microsoft-Windows-ServerManager-MultiMachine" Guid="{d8d37081-10bd-4a89-a971-1cda6899bdb3}"></Provider>
<EventID Qualifiers="">215</EventID>
<Version>0</Version>
<Level>4</Level>
<Task>17</Task>
<Opcode>0</Opcode>
<Keywords>0x2000000000000000</Keywords>
<TimeCreated SystemTime="2020-10-26 15:28:30.290228"></TimeCreated>
<EventRecordID>304</EventRecordID>
<Correlation ActivityID="{ee9b5dfd-b5a5-49da-ad2b-6024029cce96}" RelatedActivityID=""></Correlation>
<Execution ProcessID="3616" ThreadID="2192"></Execution>
<Channel>Microsoft-Windows-ServerManager-MultiMachine/Operational</Channel>
<Computer>WIN-PTFPHFCRDJ0</Computer>
<Security UserID="S-1-5-21-1152959844-3645458174-3779170896-1000"></Security>
</System>
<EventData><Data Name="serverName">localhost</Data>
<Data Name="namespaceName">root\microsoft\windows\servermanager</Data>
<Data Name="wmiClassName">MSFT_ServerManagerTasks</Data>
<Data Name="methodName">GetServerServiceDetail</Data>
<Data Name="protocol">DCOM</Data>
</EventData>
</Event>

<Event xmlns="http://schemas.microsoft.com/win/2004/08/events/event"><System><Provider Name="Microsoft-Windows-ServerManager-MultiMachine" Guid="{d8d37081-10bd-4a89-a971-1cda6899bdb3}"></Provider>
<EventID Qualifiers="">217</EventID>
<Version>0</Version>
<Level>4</Level>
<Task>17</Task>
<Opcode>0</Opcode>
<Keywords>0x2000000000000000</Keywords>
<TimeCreated SystemTime="2020-10-26 15:28:30.886784"></TimeCreated>
<EventRecordID>305</EventRecordID>
<Correlation ActivityID="{7bd3290a-b720-401a-a395-699f47dcb269}" RelatedActivityID=""></Correlation>
<Execution ProcessID="3616" ThreadID="2192"></Execution>
<Channel>Microsoft-Windows-ServerManager-MultiMachine/Operational</Channel>
<Computer>WIN-PTFPHFCRDJ0</Computer>
<Security UserID="S-1-5-21-1152959844-3645458174-3779170896-1000"></Security>
</System>
<EventData><Data Name="serverName">localhost</Data>
<Data Name="namespaceName">root\microsoft\windows\servermanager</Data>
<Data Name="wmiClassName">MSFT_ServerManagerTasks</Data>
<Data Name="methodName">GetPerformanceCollectorState</Data>
<Data Name="protocol">DCOM</Data>
</EventData>
</Event>

<Event xmlns="http://schemas.microsoft.com/win/2004/08/events/event"><System><Provider Name="Microsoft-Windows-ServerManager-MultiMachine" Guid="{d8d37081-10bd-4a89-a971-1cda6899bdb3}"></Provider>
<EventID Qualifiers="">215</EventID>
<Version>0</Version>
<Level>4</Level>
<Task>17</Task>
<Opcode>0</Opcode>
<Keywords>0x2000000000000000</Keywords>
<TimeCreated SystemTime="2020-10-26 15:28:30.886833"></TimeCreated>
<EventRecordID>306</EventRecordID>
<Correlation ActivityID="{7bd3290a-b720-401a-a395-699f47dcb269}" RelatedActivityID=""></Correlation>
<Execution ProcessID="3616" ThreadID="2192"></Execution>
<Channel>Microsoft-Windows-ServerManager-MultiMachine/Operational</Channel>
<Computer>WIN-PTFPHFCRDJ0</Computer>
<Security UserID="S-1-5-21-1152959844-3645458174-3779170896-1000"></Security>
</System>
<EventData><Data Name="serverName">localhost</Data>
<Data Name="namespaceName">root\microsoft\windows\servermanager</Data>
<Data Name="wmiClassName">MSFT_ServerManagerTasks</Data>
<Data Name="methodName">GetPerformanceCollectorState</Data>
<Data Name="protocol">DCOM</Data>
</EventData>
</Event>

<Event xmlns="http://schemas.microsoft.com/win/2004/08/events/event"><System><Provider Name="Microsoft-Windows-ServerManager-MultiMachine" Guid="{d8d37081-10bd-4a89-a971-1cda6899bdb3}"></Provider>
<EventID Qualifiers="">217</EventID>
<Version>0</Version>
<Level>4</Level>
<Task>17</Task>
<Opcode>0</Opcode>
<Keywords>0x2000000000000000</Keywords>
<TimeCreated SystemTime="2020-10-26 15:28:32.741409"></TimeCreated>
<EventRecordID>307</EventRecordID>
<Correlation ActivityID="{1bb1225d-2d50-4502-b459-dea3eadb8567}" RelatedActivityID=""></Correlation>
<Execution ProcessID="3616" ThreadID="2192"></Execution>
<Channel>Microsoft-Windows-ServerManager-MultiMachine/Operational</Channel>
<Computer>WIN-PTFPHFCRDJ0</Computer>
<Security UserID="S-1-5-21-1152959844-3645458174-3779170896-1000"></Security>
</System>
<EventData><Data Name="serverName">localhost</Data>
<Data Name="namespaceName">root\microsoft\windows\servermanager</Data>
<Data Name="wmiClassName">MSFT_ServerManagerTasks</Data>
<Data Name="methodName">GetServerFeature</Data>
<Data Name="protocol">DCOM</Data>
</EventData>
</Event>

<Event xmlns="http://schemas.microsoft.com/win/2004/08/events/event"><System><Provider Name="Microsoft-Windows-ServerManager-MultiMachine" Guid="{d8d37081-10bd-4a89-a971-1cda6899bdb3}"></Provider>
<EventID Qualifiers="">217</EventID>
<Version>0</Version>
<Level>4</Level>
<Task>17</Task>
<Opcode>0</Opcode>
<Keywords>0x2000000000000000</Keywords>
<TimeCreated SystemTime="2020-10-26 15:28:32.742224"></TimeCreated>
<EventRecordID>308</EventRecordID>
<Correlation ActivityID="{1bb1225d-2d50-4502-b459-dea3eadb8567}" RelatedActivityID=""></Correlation>
<Execution ProcessID="3616" ThreadID="2192"></Execution>
<Channel>Microsoft-Windows-ServerManager-MultiMachine/Operational</Channel>
<Computer>WIN-PTFPHFCRDJ0</Computer>
<Security UserID="S-1-5-21-1152959844-3645458174-3779170896-1000"></Security>
</System>
<EventData><Data Name="serverName">localhost</Data>
<Data Name="namespaceName">root\microsoft\windows\servermanager</Data>
<Data Name="wmiClassName">MSFT_ServerManagerTasks</Data>
<Data Name="methodName">GetServerFeature</Data>
<Data Name="protocol">DCOM</Data>
</EventData>
</Event>

<Event xmlns="http://schemas.microsoft.com/win/2004/08/events/event"><System><Provider Name="Microsoft-Windows-ServerManager-MultiMachine" Guid="{d8d37081-10bd-4a89-a971-1cda6899bdb3}"></Provider>
<EventID Qualifiers="">215</EventID>
<Version>0</Version>
<Level>4</Level>
<Task>17</Task>
<Opcode>0</Opcode>
<Keywords>0x2000000000000000</Keywords>
<TimeCreated SystemTime="2020-10-26 15:28:32.742249"></TimeCreated>
<EventRecordID>309</EventRecordID>
<Correlation ActivityID="{1bb1225d-2d50-4502-b459-dea3eadb8567}" RelatedActivityID=""></Correlation>
<Execution ProcessID="3616" ThreadID="2192"></Execution>
<Channel>Microsoft-Windows-ServerManager-MultiMachine/Operational</Channel>
<Computer>WIN-PTFPHFCRDJ0</Computer>
<Security UserID="S-1-5-21-1152959844-3645458174-3779170896-1000"></Security>
</System>
<EventData><Data Name="serverName">localhost</Data>
<Data Name="namespaceName">root\microsoft\windows\servermanager</Data>
<Data Name="wmiClassName">MSFT_ServerManagerTasks</Data>
<Data Name="methodName">GetServerFeature</Data>
<Data Name="protocol">DCOM</Data>
</EventData>
</Event>

<Event xmlns="http://schemas.microsoft.com/win/2004/08/events/event"><System><Provider Name="Microsoft-Windows-ServerManager-MultiMachine" Guid="{d8d37081-10bd-4a89-a971-1cda6899bdb3}"></Provider>
<EventID Qualifiers="">31</EventID>
<Version>0</Version>
<Level>4</Level>
<Task>1</Task>
<Opcode>1</Opcode>
<Keywords>0x2000000000000000</Keywords>
<TimeCreated SystemTime="2020-10-26 15:28:32.743290"></TimeCreated>
<EventRecordID>310</EventRecordID>
<Correlation ActivityID="{1bb1225d-2d50-4502-b459-dea3eadb8567}" RelatedActivityID=""></Correlation>
<Execution ProcessID="3616" ThreadID="2192"></Execution>
<Channel>Microsoft-Windows-ServerManager-MultiMachine/Operational</Channel>
<Computer>WIN-PTFPHFCRDJ0</Computer>
<Security UserID="S-1-5-21-1152959844-3645458174-3779170896-1000"></Security>
</System>
<EventData><Data Name="roleId">481</Data>
</EventData>
</Event>

<Event xmlns="http://schemas.microsoft.com/win/2004/08/events/event"><System><Provider Name="Microsoft-Windows-ServerManager-MultiMachine" Guid="{d8d37081-10bd-4a89-a971-1cda6899bdb3}"></Provider>
<EventID Qualifiers="">214</EventID>
<Version>0</Version>
<Level>4</Level>
<Task>17</Task>
<Opcode>0</Opcode>
<Keywords>0x2000000000000000</Keywords>
<TimeCreated SystemTime="2020-10-26 15:28:32.982130"></TimeCreated>
<EventRecordID>311</EventRecordID>
<Correlation ActivityID="{1bb1225d-2d50-4502-b459-dea3eadb8567}" RelatedActivityID=""></Correlation>
<Execution ProcessID="3616" ThreadID="2192"></Execution>
<Channel>Microsoft-Windows-ServerManager-MultiMachine/Operational</Channel>
<Computer>WIN-PTFPHFCRDJ0</Computer>
<Security UserID="S-1-5-21-1152959844-3645458174-3779170896-1000"></Security>
</System>
<EventData><Data Name="serverName">localhost</Data>
<Data Name="namespaceName">root\microsoft\windows\servermanager</Data>
<Data Name="wmiClassName">MSFT_ServerManagerTasks</Data>
<Data Name="methodName">GetServerEventDetail</Data>
<Data Name="protocol">DCOM</Data>
</EventData>
</Event>

<Event xmlns="http://schemas.microsoft.com/win/2004/08/events/event"><System><Provider Name="Microsoft-Windows-ServerManager-MultiMachine" Guid="{d8d37081-10bd-4a89-a971-1cda6899bdb3}"></Provider>
<EventID Qualifiers="">209</EventID>
<Version>0</Version>
<Level>4</Level>
<Task>17</Task>
<Opcode>0</Opcode>
<Keywords>0x2000000000000000</Keywords>
<TimeCreated SystemTime="2020-10-26 15:28:32.982138"></TimeCreated>
<EventRecordID>312</EventRecordID>
<Correlation ActivityID="{1bb1225d-2d50-4502-b459-dea3eadb8567}" RelatedActivityID=""></Correlation>
<Execution ProcessID="3616" ThreadID="2192"></Execution>
<Channel>Microsoft-Windows-ServerManager-MultiMachine/Operational</Channel>
<Computer>WIN-PTFPHFCRDJ0</Computer>
<Security UserID="S-1-5-21-1152959844-3645458174-3779170896-1000"></Security>
</System>
<EventData><Data Name="serverName">localhost</Data>
<Data Name="protocol">DCOM</Data>
<Data Name="userName">null</Data>
</EventData>
</Event>

<Event xmlns="http://schemas.microsoft.com/win/2004/08/events/event"><System><Provider Name="Microsoft-Windows-ServerManager-MultiMachine" Guid="{d8d37081-10bd-4a89-a971-1cda6899bdb3}"></Provider>
<EventID Qualifiers="">217</EventID>
<Version>0</Version>
<Level>4</Level>
<Task>17</Task>
<Opcode>0</Opcode>
<Keywords>0x2000000000000000</Keywords>
<TimeCreated SystemTime="2020-10-26 15:28:33.422258"></TimeCreated>
<EventRecordID>313</EventRecordID>
<Correlation ActivityID="{2e303a64-739e-453f-a24c-7fd6b161de48}" RelatedActivityID=""></Correlation>
<Execution ProcessID="3616" ThreadID="2644"></Execution>
<Channel>Microsoft-Windows-ServerManager-MultiMachine/Operational</Channel>
<Computer>WIN-PTFPHFCRDJ0</Computer>
<Security UserID="S-1-5-21-1152959844-3645458174-3779170896-1000"></Security>
</System>
<EventData><Data Name="serverName">localhost</Data>
<Data Name="namespaceName">root\microsoft\windows\servermanager</Data>
<Data Name="wmiClassName">MSFT_ServerManagerTasks</Data>
<Data Name="methodName">GetServerEventDetail</Data>
<Data Name="protocol">DCOM</Data>
</EventData>
</Event>

<Event xmlns="http://schemas.microsoft.com/win/2004/08/events/event"><System><Provider Name="Microsoft-Windows-ServerManager-MultiMachine" Guid="{d8d37081-10bd-4a89-a971-1cda6899bdb3}"></Provider>
<EventID Qualifiers="">217</EventID>
<Version>0</Version>
<Level>4</Level>
<Task>17</Task>
<Opcode>0</Opcode>
<Keywords>0x2000000000000000</Keywords>
<TimeCreated SystemTime="2020-10-26 15:28:33.456669"></TimeCreated>
<EventRecordID>314</EventRecordID>
<Correlation ActivityID="{2e303a64-739e-453f-a24c-7fd6b161de48}" RelatedActivityID=""></Correlation>
<Execution ProcessID="3616" ThreadID="2644"></Execution>
<Channel>Microsoft-Windows-ServerManager-MultiMachine/Operational</Channel>
<Computer>WIN-PTFPHFCRDJ0</Computer>
<Security UserID="S-1-5-21-1152959844-3645458174-3779170896-1000"></Security>
</System>
<EventData><Data Name="serverName">localhost</Data>
<Data Name="namespaceName">root\microsoft\windows\servermanager</Data>
<Data Name="wmiClassName">MSFT_ServerManagerTasks</Data>
<Data Name="methodName">GetServerEventDetail</Data>
<Data Name="protocol">DCOM</Data>
</EventData>
</Event>

<Event xmlns="http://schemas.microsoft.com/win/2004/08/events/event"><System><Provider Name="Microsoft-Windows-ServerManager-MultiMachine" Guid="{d8d37081-10bd-4a89-a971-1cda6899bdb3}"></Provider>
<EventID Qualifiers="">214</EventID>
<Version>0</Version>
<Level>4</Level>
<Task>17</Task>
<Opcode>0</Opcode>
<Keywords>0x2000000000000000</Keywords>
<TimeCreated SystemTime="2020-10-26 15:28:33.515259"></TimeCreated>
<EventRecordID>315</EventRecordID>
<Correlation ActivityID="{1bb1225d-2d50-4502-b459-dea3eadb8567}" RelatedActivityID=""></Correlation>
<Execution ProcessID="3616" ThreadID="2192"></Execution>
<Channel>Microsoft-Windows-ServerManager-MultiMachine/Operational</Channel>
<Computer>WIN-PTFPHFCRDJ0</Computer>
<Security UserID="S-1-5-21-1152959844-3645458174-3779170896-1000"></Security>
</System>
<EventData><Data Name="serverName">localhost</Data>
<Data Name="namespaceName">root\microsoft\windows\servermanager</Data>
<Data Name="wmiClassName">MSFT_ServerManagerTasks</Data>
<Data Name="methodName">GetServerBpaResult</Data>
<Data Name="protocol">DCOM</Data>
</EventData>
</Event>

<Event xmlns="http://schemas.microsoft.com/win/2004/08/events/event"><System><Provider Name="Microsoft-Windows-ServerManager-MultiMachine" Guid="{d8d37081-10bd-4a89-a971-1cda6899bdb3}"></Provider>
<EventID Qualifiers="">209</EventID>
<Version>0</Version>
<Level>4</Level>
<Task>17</Task>
<Opcode>0</Opcode>
<Keywords>0x2000000000000000</Keywords>
<TimeCreated SystemTime="2020-10-26 15:28:33.515263"></TimeCreated>
<EventRecordID>316</EventRecordID>
<Correlation ActivityID="{1bb1225d-2d50-4502-b459-dea3eadb8567}" RelatedActivityID=""></Correlation>
<Execution ProcessID="3616" ThreadID="2192"></Execution>
<Channel>Microsoft-Windows-ServerManager-MultiMachine/Operational</Channel>
<Computer>WIN-PTFPHFCRDJ0</Computer>
<Security UserID="S-1-5-21-1152959844-3645458174-3779170896-1000"></Security>
</System>
<EventData><Data Name="serverName">localhost</Data>
<Data Name="protocol">DCOM</Data>
<Data Name="userName">null</Data>
</EventData>
</Event>

<Event xmlns="http://schemas.microsoft.com/win/2004/08/events/event"><System><Provider Name="Microsoft-Windows-ServerManager-MultiMachine" Guid="{d8d37081-10bd-4a89-a971-1cda6899bdb3}"></Provider>
<EventID Qualifiers="">217</EventID>
<Version>0</Version>
<Level>4</Level>
<Task>17</Task>
<Opcode>0</Opcode>
<Keywords>0x2000000000000000</Keywords>
<TimeCreated SystemTime="2020-10-26 15:28:33.550505"></TimeCreated>
<EventRecordID>317</EventRecordID>
<Correlation ActivityID="{2e303a64-739e-453f-a24c-7fd6b161de48}" RelatedActivityID=""></Correlation>
<Execution ProcessID="3616" ThreadID="2192"></Execution>
<Channel>Microsoft-Windows-ServerManager-MultiMachine/Operational</Channel>
<Computer>WIN-PTFPHFCRDJ0</Computer>
<Security UserID="S-1-5-21-1152959844-3645458174-3779170896-1000"></Security>
</System>
<EventData><Data Name="serverName">localhost</Data>
<Data Name="namespaceName">root\microsoft\windows\servermanager</Data>
<Data Name="wmiClassName">MSFT_ServerManagerTasks</Data>
<Data Name="methodName">GetServerEventDetail</Data>
<Data Name="protocol">DCOM</Data>
</EventData>
</Event>

<Event xmlns="http://schemas.microsoft.com/win/2004/08/events/event"><System><Provider Name="Microsoft-Windows-ServerManager-MultiMachine" Guid="{d8d37081-10bd-4a89-a971-1cda6899bdb3}"></Provider>
<EventID Qualifiers="">215</EventID>
<Version>0</Version>
<Level>4</Level>
<Task>17</Task>
<Opcode>0</Opcode>
<Keywords>0x2000000000000000</Keywords>
<TimeCreated SystemTime="2020-10-26 15:28:33.550533"></TimeCreated>
<EventRecordID>318</EventRecordID>
<Correlation ActivityID="{2e303a64-739e-453f-a24c-7fd6b161de48}" RelatedActivityID=""></Correlation>
<Execution ProcessID="3616" ThreadID="2192"></Execution>
<Channel>Microsoft-Windows-ServerManager-MultiMachine/Operational</Channel>
<Computer>WIN-PTFPHFCRDJ0</Computer>
<Security UserID="S-1-5-21-1152959844-3645458174-3779170896-1000"></Security>
</System>
<EventData><Data Name="serverName">localhost</Data>
<Data Name="namespaceName">root\microsoft\windows\servermanager</Data>
<Data Name="wmiClassName">MSFT_ServerManagerTasks</Data>
<Data Name="methodName">GetServerEventDetail</Data>
<Data Name="protocol">DCOM</Data>
</EventData>
</Event>

<Event xmlns="http://schemas.microsoft.com/win/2004/08/events/event"><System><Provider Name="Microsoft-Windows-ServerManager-MultiMachine" Guid="{d8d37081-10bd-4a89-a971-1cda6899bdb3}"></Provider>
<EventID Qualifiers="">217</EventID>
<Version>0</Version>
<Level>4</Level>
<Task>17</Task>
<Opcode>0</Opcode>
<Keywords>0x2000000000000000</Keywords>
<TimeCreated SystemTime="2020-10-26 15:28:33.568510"></TimeCreated>
<EventRecordID>319</EventRecordID>
<Correlation ActivityID="{c0d1b962-2f4f-4b3c-be44-677bb2077c98}" RelatedActivityID=""></Correlation>
<Execution ProcessID="3616" ThreadID="2644"></Execution>
<Channel>Microsoft-Windows-ServerManager-MultiMachine/Operational</Channel>
<Computer>WIN-PTFPHFCRDJ0</Computer>
<Security UserID="S-1-5-21-1152959844-3645458174-3779170896-1000"></Security>
</System>
<EventData><Data Name="serverName">localhost</Data>
<Data Name="namespaceName">root\microsoft\windows\servermanager</Data>
<Data Name="wmiClassName">MSFT_ServerManagerTasks</Data>
<Data Name="methodName">GetServerBpaResult</Data>
<Data Name="protocol">DCOM</Data>
</EventData>
</Event>

<Event xmlns="http://schemas.microsoft.com/win/2004/08/events/event"><System><Provider Name="Microsoft-Windows-ServerManager-MultiMachine" Guid="{d8d37081-10bd-4a89-a971-1cda6899bdb3}"></Provider>
<EventID Qualifiers="">217</EventID>
<Version>0</Version>
<Level>4</Level>
<Task>17</Task>
<Opcode>0</Opcode>
<Keywords>0x2000000000000000</Keywords>
<TimeCreated SystemTime="2020-10-26 15:28:33.569027"></TimeCreated>
<EventRecordID>320</EventRecordID>
<Correlation ActivityID="{c0d1b962-2f4f-4b3c-be44-677bb2077c98}" RelatedActivityID=""></Correlation>
<Execution ProcessID="3616" ThreadID="2644"></Execution>
<Channel>Microsoft-Windows-ServerManager-MultiMachine/Operational</Channel>
<Computer>WIN-PTFPHFCRDJ0</Computer>
<Security UserID="S-1-5-21-1152959844-3645458174-3779170896-1000"></Security>
</System>
<EventData><Data Name="serverName">localhost</Data>
<Data Name="namespaceName">root\microsoft\windows\servermanager</Data>
<Data Name="wmiClassName">MSFT_ServerManagerTasks</Data>
<Data Name="methodName">GetServerBpaResult</Data>
<Data Name="protocol">DCOM</Data>
</EventData>
</Event>

<Event xmlns="http://schemas.microsoft.com/win/2004/08/events/event"><System><Provider Name="Microsoft-Windows-ServerManager-MultiMachine" Guid="{d8d37081-10bd-4a89-a971-1cda6899bdb3}"></Provider>
<EventID Qualifiers="">215</EventID>
<Version>0</Version>
<Level>4</Level>
<Task>17</Task>
<Opcode>0</Opcode>
<Keywords>0x2000000000000000</Keywords>
<TimeCreated SystemTime="2020-10-26 15:28:33.569050"></TimeCreated>
<EventRecordID>321</EventRecordID>
<Correlation ActivityID="{c0d1b962-2f4f-4b3c-be44-677bb2077c98}" RelatedActivityID=""></Correlation>
<Execution ProcessID="3616" ThreadID="2644"></Execution>
<Channel>Microsoft-Windows-ServerManager-MultiMachine/Operational</Channel>
<Computer>WIN-PTFPHFCRDJ0</Computer>
<Security UserID="S-1-5-21-1152959844-3645458174-3779170896-1000"></Security>
</System>
<EventData><Data Name="serverName">localhost</Data>
<Data Name="namespaceName">root\microsoft\windows\servermanager</Data>
<Data Name="wmiClassName">MSFT_ServerManagerTasks</Data>
<Data Name="methodName">GetServerBpaResult</Data>
<Data Name="protocol">DCOM</Data>
</EventData>
</Event>

<Event xmlns="http://schemas.microsoft.com/win/2004/08/events/event"><System><Provider Name="Microsoft-Windows-ServerManager-MultiMachine" Guid="{d8d37081-10bd-4a89-a971-1cda6899bdb3}"></Provider>
<EventID Qualifiers="">192</EventID>
<Version>0</Version>
<Level>4</Level>
<Task>10</Task>
<Opcode>0</Opcode>
<Keywords>0x2000000000000000</Keywords>
<TimeCreated SystemTime="2020-10-26 15:28:33.656643"></TimeCreated>
<EventRecordID>322</EventRecordID>
<Correlation ActivityID="{c0d1b962-2f4f-4b3c-be44-677bb2077c98}" RelatedActivityID=""></Correlation>
<Execution ProcessID="3616" ThreadID="2644"></Execution>
<Channel>Microsoft-Windows-ServerManager-MultiMachine/Operational</Channel>
<Computer>WIN-PTFPHFCRDJ0</Computer>
<Security UserID="S-1-5-21-1152959844-3645458174-3779170896-1000"></Security>
</System>
<EventData><Data Name="MachineName">WIN-PTFPHFCRDJ0</Data>
<Data Name="Count">1</Data>
</EventData>
</Event>

<Event xmlns="http://schemas.microsoft.com/win/2004/08/events/event"><System><Provider Name="Microsoft-Windows-ServerManager-MultiMachine" Guid="{d8d37081-10bd-4a89-a971-1cda6899bdb3}"></Provider>
<EventID Qualifiers="">172</EventID>
<Version>0</Version>
<Level>4</Level>
<Task>10</Task>
<Opcode>0</Opcode>
<Keywords>0x2000000000000000</Keywords>
<TimeCreated SystemTime="2020-10-26 15:28:33.656748"></TimeCreated>
<EventRecordID>323</EventRecordID>
<Correlation ActivityID="{c0d1b962-2f4f-4b3c-be44-677bb2077c98}" RelatedActivityID=""></Correlation>
<Execution ProcessID="3616" ThreadID="2644"></Execution>
<Channel>Microsoft-Windows-ServerManager-MultiMachine/Operational</Channel>
<Computer>WIN-PTFPHFCRDJ0</Computer>
<Security UserID="S-1-5-21-1152959844-3645458174-3779170896-1000"></Security>
</System>
<EventData><Data Name="ID">{de1c2852-1aa5-425c-8a25-e3683a9d259f}</Data>
</EventData>
</Event>

<Event xmlns="http://schemas.microsoft.com/win/2004/08/events/event"><System><Provider Name="Microsoft-Windows-ServerManager-MultiMachine" Guid="{d8d37081-10bd-4a89-a971-1cda6899bdb3}"></Provider>
<EventID Qualifiers="">32</EventID>
<Version>0</Version>
<Level>4</Level>
<Task>1</Task>
<Opcode>2</Opcode>
<Keywords>0x2000000000000000</Keywords>
<TimeCreated SystemTime="2020-10-26 15:28:35.716841"></TimeCreated>
<EventRecordID>324</EventRecordID>
<Correlation ActivityID="" RelatedActivityID=""></Correlation>
<Execution ProcessID="3616" ThreadID="3648"></Execution>
<Channel>Microsoft-Windows-ServerManager-MultiMachine/Operational</Channel>
<Computer>WIN-PTFPHFCRDJ0</Computer>
<Security UserID="S-1-5-21-1152959844-3645458174-3779170896-1000"></Security>
</System>
<EventData><Data Name="roleId">481</Data>
</EventData>
</Event>

<Event xmlns="http://schemas.microsoft.com/win/2004/08/events/event"><System><Provider Name="Microsoft-Windows-ServerManager-MultiMachine" Guid="{d8d37081-10bd-4a89-a971-1cda6899bdb3}"></Provider>
<EventID Qualifiers="">58</EventID>
<Version>0</Version>
<Level>4</Level>
<Task>9</Task>
<Opcode>0</Opcode>
<Keywords>0x2000000000000000</Keywords>
<TimeCreated SystemTime="2020-10-26 15:36:09.547026"></TimeCreated>
<EventRecordID>325</EventRecordID>
<Correlation ActivityID="" RelatedActivityID=""></Correlation>
<Execution ProcessID="3616" ThreadID="1072"></Execution>
<Channel>Microsoft-Windows-ServerManager-MultiMachine/Operational</Channel>
<Computer>WIN-PTFPHFCRDJ0</Computer>
<Security UserID="S-1-5-21-1152959844-3645458174-3779170896-1000"></Security>
</System>
<EventData></EventData>
</Event>

<Event xmlns="http://schemas.microsoft.com/win/2004/08/events/event"><System><Provider Name="Microsoft-Windows-ServerManager-MultiMachine" Guid="{d8d37081-10bd-4a89-a971-1cda6899bdb3}"></Provider>
<EventID Qualifiers="">98</EventID>
<Version>0</Version>
<Level>4</Level>
<Task>7</Task>
<Opcode>1</Opcode>
<Keywords>0x2000000000000000</Keywords>
<TimeCreated SystemTime="2020-10-26 15:36:09.550507"></TimeCreated>
<EventRecordID>326</EventRecordID>
<Correlation ActivityID="" RelatedActivityID=""></Correlation>
<Execution ProcessID="3616" ThreadID="3296"></Execution>
<Channel>Microsoft-Windows-ServerManager-MultiMachine/Operational</Channel>
<Computer>WIN-PTFPHFCRDJ0</Computer>
<Security UserID="S-1-5-21-1152959844-3645458174-3779170896-1000"></Security>
</System>
<EventData></EventData>
</Event>

<Event xmlns="http://schemas.microsoft.com/win/2004/08/events/event"><System><Provider Name="Microsoft-Windows-ServerManager-MultiMachine" Guid="{d8d37081-10bd-4a89-a971-1cda6899bdb3}"></Provider>
<EventID Qualifiers="">99</EventID>
<Version>0</Version>
<Level>4</Level>
<Task>7</Task>
<Opcode>2</Opcode>
<Keywords>0x2000000000000000</Keywords>
<TimeCreated SystemTime="2020-10-26 15:36:09.555147"></TimeCreated>
<EventRecordID>327</EventRecordID>
<Correlation ActivityID="" RelatedActivityID=""></Correlation>
<Execution ProcessID="3616" ThreadID="3296"></Execution>
<Channel>Microsoft-Windows-ServerManager-MultiMachine/Operational</Channel>
<Computer>WIN-PTFPHFCRDJ0</Computer>
<Security UserID="S-1-5-21-1152959844-3645458174-3779170896-1000"></Security>
</System>
<EventData></EventData>
</Event>

<Event xmlns="http://schemas.microsoft.com/win/2004/08/events/event"><System><Provider Name="Microsoft-Windows-ServerManager-MultiMachine" Guid="{d8d37081-10bd-4a89-a971-1cda6899bdb3}"></Provider>
<EventID Qualifiers="">34</EventID>
<Version>0</Version>
<Level>4</Level>
<Task>2</Task>
<Opcode>1</Opcode>
<Keywords>0x2000000000000000</Keywords>
<TimeCreated SystemTime="2020-10-26 15:36:09.555794"></TimeCreated>
<EventRecordID>328</EventRecordID>
<Correlation ActivityID="" RelatedActivityID=""></Correlation>
<Execution ProcessID="3616" ThreadID="3296"></Execution>
<Channel>Microsoft-Windows-ServerManager-MultiMachine/Operational</Channel>
<Computer>WIN-PTFPHFCRDJ0</Computer>
<Security UserID="S-1-5-21-1152959844-3645458174-3779170896-1000"></Security>
</System>
<EventData><Data Name="roleId">481</Data>
</EventData>
</Event>

<Event xmlns="http://schemas.microsoft.com/win/2004/08/events/event"><System><Provider Name="Microsoft-Windows-ServerManager-MultiMachine" Guid="{d8d37081-10bd-4a89-a971-1cda6899bdb3}"></Provider>
<EventID Qualifiers="">97</EventID>
<Version>0</Version>
<Level>4</Level>
<Task>9</Task>
<Opcode>0</Opcode>
<Keywords>0x2000000000000000</Keywords>
<TimeCreated SystemTime="2020-10-26 15:36:09.643253"></TimeCreated>
<EventRecordID>329</EventRecordID>
<Correlation ActivityID="" RelatedActivityID=""></Correlation>
<Execution ProcessID="3616" ThreadID="1072"></Execution>
<Channel>Microsoft-Windows-ServerManager-MultiMachine/Operational</Channel>
<Computer>WIN-PTFPHFCRDJ0</Computer>
<Security UserID="S-1-5-21-1152959844-3645458174-3779170896-1000"></Security>
</System>
<EventData></EventData>
</Event>

<Event xmlns="http://schemas.microsoft.com/win/2004/08/events/event"><System><Provider Name="Microsoft-Windows-ServerManager-MultiMachine" Guid="{d8d37081-10bd-4a89-a971-1cda6899bdb3}"></Provider>
<EventID Qualifiers="">94</EventID>
<Version>0</Version>
<Level>4</Level>
<Task>6</Task>
<Opcode>1</Opcode>
<Keywords>0x2001000000000000</Keywords>
<TimeCreated SystemTime="2020-10-27 02:09:33.229269"></TimeCreated>
<EventRecordID>330</EventRecordID>
<Correlation ActivityID="" RelatedActivityID=""></Correlation>
<Execution ProcessID="3388" ThreadID="1612"></Execution>
<Channel>Microsoft-Windows-ServerManager-MultiMachine/Operational</Channel>
<Computer>WIN-PTFPHFCRDJ0</Computer>
<Security UserID="S-1-5-21-1152959844-3645458174-3779170896-1000"></Security>
</System>
<EventData></EventData>
</Event>

<Event xmlns="http://schemas.microsoft.com/win/2004/08/events/event"><System><Provider Name="Microsoft-Windows-ServerManager-MultiMachine" Guid="{d8d37081-10bd-4a89-a971-1cda6899bdb3}"></Provider>
<EventID Qualifiers="">47</EventID>
<Version>0</Version>
<Level>4</Level>
<Task>5</Task>
<Opcode>1</Opcode>
<Keywords>0x2000000000000000</Keywords>
<TimeCreated SystemTime="2020-10-27 02:09:52.339584"></TimeCreated>
<EventRecordID>331</EventRecordID>
<Correlation ActivityID="" RelatedActivityID=""></Correlation>
<Execution ProcessID="3388" ThreadID="1612"></Execution>
<Channel>Microsoft-Windows-ServerManager-MultiMachine/Operational</Channel>
<Computer>WIN-PTFPHFCRDJ0</Computer>
<Security UserID="S-1-5-21-1152959844-3645458174-3779170896-1000"></Security>
</System>
<EventData></EventData>
</Event>

<Event xmlns="http://schemas.microsoft.com/win/2004/08/events/event"><System><Provider Name="Microsoft-Windows-ServerManager-MultiMachine" Guid="{d8d37081-10bd-4a89-a971-1cda6899bdb3}"></Provider>
<EventID Qualifiers="">48</EventID>
<Version>0</Version>
<Level>4</Level>
<Task>5</Task>
<Opcode>2</Opcode>
<Keywords>0x2000000000000000</Keywords>
<TimeCreated SystemTime="2020-10-27 02:09:53.725311"></TimeCreated>
<EventRecordID>332</EventRecordID>
<Correlation ActivityID="" RelatedActivityID=""></Correlation>
<Execution ProcessID="3388" ThreadID="1612"></Execution>
<Channel>Microsoft-Windows-ServerManager-MultiMachine/Operational</Channel>
<Computer>WIN-PTFPHFCRDJ0</Computer>
<Security UserID="S-1-5-21-1152959844-3645458174-3779170896-1000"></Security>
</System>
<EventData></EventData>
</Event>

<Event xmlns="http://schemas.microsoft.com/win/2004/08/events/event"><System><Provider Name="Microsoft-Windows-ServerManager-MultiMachine" Guid="{d8d37081-10bd-4a89-a971-1cda6899bdb3}"></Provider>
<EventID Qualifiers="">49</EventID>
<Version>0</Version>
<Level>4</Level>
<Task>5</Task>
<Opcode>1</Opcode>
<Keywords>0x2000000000000000</Keywords>
<TimeCreated SystemTime="2020-10-27 02:09:59.883539"></TimeCreated>
<EventRecordID>333</EventRecordID>
<Correlation ActivityID="" RelatedActivityID=""></Correlation>
<Execution ProcessID="3388" ThreadID="1612"></Execution>
<Channel>Microsoft-Windows-ServerManager-MultiMachine/Operational</Channel>
<Computer>WIN-PTFPHFCRDJ0</Computer>
<Security UserID="S-1-5-21-1152959844-3645458174-3779170896-1000"></Security>
</System>
<EventData></EventData>
</Event>

<Event xmlns="http://schemas.microsoft.com/win/2004/08/events/event"><System><Provider Name="Microsoft-Windows-ServerManager-MultiMachine" Guid="{d8d37081-10bd-4a89-a971-1cda6899bdb3}"></Provider>
<EventID Qualifiers="">37</EventID>
<Version>0</Version>
<Level>4</Level>
<Task>3</Task>
<Opcode>0</Opcode>
<Keywords>0x2000000000000000</Keywords>
<TimeCreated SystemTime="2020-10-27 02:10:02.328663"></TimeCreated>
<EventRecordID>334</EventRecordID>
<Correlation ActivityID="" RelatedActivityID=""></Correlation>
<Execution ProcessID="3388" ThreadID="1612"></Execution>
<Channel>Microsoft-Windows-ServerManager-MultiMachine/Operational</Channel>
<Computer>WIN-PTFPHFCRDJ0</Computer>
<Security UserID="S-1-5-21-1152959844-3645458174-3779170896-1000"></Security>
</System>
<EventData></EventData>
</Event>

<Event xmlns="http://schemas.microsoft.com/win/2004/08/events/event"><System><Provider Name="Microsoft-Windows-ServerManager-MultiMachine" Guid="{d8d37081-10bd-4a89-a971-1cda6899bdb3}"></Provider>
<EventID Qualifiers="">95</EventID>
<Version>0</Version>
<Level>4</Level>
<Task>6</Task>
<Opcode>2</Opcode>
<Keywords>0x2000000000000000</Keywords>
<TimeCreated SystemTime="2020-10-27 02:10:18.140419"></TimeCreated>
<EventRecordID>335</EventRecordID>
<Correlation ActivityID="" RelatedActivityID=""></Correlation>
<Execution ProcessID="3388" ThreadID="1612"></Execution>
<Channel>Microsoft-Windows-ServerManager-MultiMachine/Operational</Channel>
<Computer>WIN-PTFPHFCRDJ0</Computer>
<Security UserID="S-1-5-21-1152959844-3645458174-3779170896-1000"></Security>
</System>
<EventData></EventData>
</Event>

<Event xmlns="http://schemas.microsoft.com/win/2004/08/events/event"><System><Provider Name="Microsoft-Windows-ServerManager-MultiMachine" Guid="{d8d37081-10bd-4a89-a971-1cda6899bdb3}"></Provider>
<EventID Qualifiers="">53</EventID>
<Version>0</Version>
<Level>4</Level>
<Task>6</Task>
<Opcode>0</Opcode>
<Keywords>0x2001000000000000</Keywords>
<TimeCreated SystemTime="2020-10-27 02:10:21.495573"></TimeCreated>
<EventRecordID>336</EventRecordID>
<Correlation ActivityID="" RelatedActivityID=""></Correlation>
<Execution ProcessID="3388" ThreadID="1612"></Execution>
<Channel>Microsoft-Windows-ServerManager-MultiMachine/Operational</Channel>
<Computer>WIN-PTFPHFCRDJ0</Computer>
<Security UserID="S-1-5-21-1152959844-3645458174-3779170896-1000"></Security>
</System>
<EventData></EventData>
</Event>

<Event xmlns="http://schemas.microsoft.com/win/2004/08/events/event"><System><Provider Name="Microsoft-Windows-ServerManager-MultiMachine" Guid="{d8d37081-10bd-4a89-a971-1cda6899bdb3}"></Provider>
<EventID Qualifiers="">171</EventID>
<Version>0</Version>
<Level>4</Level>
<Task>10</Task>
<Opcode>0</Opcode>
<Keywords>0x2000000000000000</Keywords>
<TimeCreated SystemTime="2020-10-27 02:10:29.632620"></TimeCreated>
<EventRecordID>337</EventRecordID>
<Correlation ActivityID="" RelatedActivityID=""></Correlation>
<Execution ProcessID="3388" ThreadID="4488"></Execution>
<Channel>Microsoft-Windows-ServerManager-MultiMachine/Operational</Channel>
<Computer>WIN-PTFPHFCRDJ0</Computer>
<Security UserID="S-1-5-21-1152959844-3645458174-3779170896-1000"></Security>
</System>
<EventData><Data Name="RefreshTriggerSource">Startup (None, None)</Data>
<Data Name="Category">Inventory</Data>
<Data Name="Machines">WIN-PTFPHFCRDJ0</Data>
<Data Name="ID">{ce95f9b0-afc6-46b5-ad15-7d1cfaa0c90a}</Data>
</EventData>
</Event>

<Event xmlns="http://schemas.microsoft.com/win/2004/08/events/event"><System><Provider Name="Microsoft-Windows-ServerManager-MultiMachine" Guid="{d8d37081-10bd-4a89-a971-1cda6899bdb3}"></Provider>
<EventID Qualifiers="">214</EventID>
<Version>0</Version>
<Level>4</Level>
<Task>17</Task>
<Opcode>0</Opcode>
<Keywords>0x2000000000000000</Keywords>
<TimeCreated SystemTime="2020-10-27 02:10:30.757252"></TimeCreated>
<EventRecordID>338</EventRecordID>
<Correlation ActivityID="" RelatedActivityID=""></Correlation>
<Execution ProcessID="3388" ThreadID="4488"></Execution>
<Channel>Microsoft-Windows-ServerManager-MultiMachine/Operational</Channel>
<Computer>WIN-PTFPHFCRDJ0</Computer>
<Security UserID="S-1-5-21-1152959844-3645458174-3779170896-1000"></Security>
</System>
<EventData><Data Name="serverName">localhost</Data>
<Data Name="namespaceName">root\microsoft\windows\servermanager</Data>
<Data Name="wmiClassName">MSFT_ServerManagerTasks</Data>
<Data Name="methodName">GetServerInventory</Data>
<Data Name="protocol">DCOM</Data>
</EventData>
</Event>

<Event xmlns="http://schemas.microsoft.com/win/2004/08/events/event"><System><Provider Name="Microsoft-Windows-ServerManager-MultiMachine" Guid="{d8d37081-10bd-4a89-a971-1cda6899bdb3}"></Provider>
<EventID Qualifiers="">209</EventID>
<Version>0</Version>
<Level>4</Level>
<Task>17</Task>
<Opcode>0</Opcode>
<Keywords>0x2000000000000000</Keywords>
<TimeCreated SystemTime="2020-10-27 02:10:30.809021"></TimeCreated>
<EventRecordID>339</EventRecordID>
<Correlation ActivityID="" RelatedActivityID=""></Correlation>
<Execution ProcessID="3388" ThreadID="4488"></Execution>
<Channel>Microsoft-Windows-ServerManager-MultiMachine/Operational</Channel>
<Computer>WIN-PTFPHFCRDJ0</Computer>
<Security UserID="S-1-5-21-1152959844-3645458174-3779170896-1000"></Security>
</System>
<EventData><Data Name="serverName">localhost</Data>
<Data Name="protocol">DCOM</Data>
<Data Name="userName">null</Data>
</EventData>
</Event>

<Event xmlns="http://schemas.microsoft.com/win/2004/08/events/event"><System><Provider Name="Microsoft-Windows-ServerManager-MultiMachine" Guid="{d8d37081-10bd-4a89-a971-1cda6899bdb3}"></Provider>
<EventID Qualifiers="">0</EventID>
<Version>0</Version>
<Level>4</Level>
<Task>10</Task>
<Opcode>0</Opcode>
<Keywords>0x2000000000000000</Keywords>
<TimeCreated SystemTime="2020-10-27 02:10:31.464157"></TimeCreated>
<EventRecordID>340</EventRecordID>
<Correlation ActivityID="" RelatedActivityID=""></Correlation>
<Execution ProcessID="3388" ThreadID="4488"></Execution>
<Channel>Microsoft-Windows-ServerManager-MultiMachine/Operational</Channel>
<Computer>WIN-PTFPHFCRDJ0</Computer>
<Security UserID="S-1-5-21-1152959844-3645458174-3779170896-1000"></Security>
</System>
<EventData></EventData>
</Event>

<Event xmlns="http://schemas.microsoft.com/win/2004/08/events/event"><System><Provider Name="Microsoft-Windows-ServerManager-MultiMachine" Guid="{d8d37081-10bd-4a89-a971-1cda6899bdb3}"></Provider>
<EventID Qualifiers="">50</EventID>
<Version>0</Version>
<Level>4</Level>
<Task>5</Task>
<Opcode>2</Opcode>
<Keywords>0x2000000000000000</Keywords>
<TimeCreated SystemTime="2020-10-27 02:10:31.749319"></TimeCreated>
<EventRecordID>341</EventRecordID>
<Correlation ActivityID="" RelatedActivityID=""></Correlation>
<Execution ProcessID="3388" ThreadID="4488"></Execution>
<Channel>Microsoft-Windows-ServerManager-MultiMachine/Operational</Channel>
<Computer>WIN-PTFPHFCRDJ0</Computer>
<Security UserID="S-1-5-21-1152959844-3645458174-3779170896-1000"></Security>
</System>
<EventData></EventData>
</Event>

<Event xmlns="http://schemas.microsoft.com/win/2004/08/events/event"><System><Provider Name="Microsoft-Windows-ServerManager-MultiMachine" Guid="{d8d37081-10bd-4a89-a971-1cda6899bdb3}"></Provider>
<EventID Qualifiers="">217</EventID>
<Version>0</Version>
<Level>4</Level>
<Task>17</Task>
<Opcode>0</Opcode>
<Keywords>0x2000000000000000</Keywords>
<TimeCreated SystemTime="2020-10-27 02:10:33.323858"></TimeCreated>
<EventRecordID>342</EventRecordID>
<Correlation ActivityID="{2e46a4bf-f441-42a9-9e6c-c0ab7d442b58}" RelatedActivityID=""></Correlation>
<Execution ProcessID="3388" ThreadID="4556"></Execution>
<Channel>Microsoft-Windows-ServerManager-MultiMachine/Operational</Channel>
<Computer>WIN-PTFPHFCRDJ0</Computer>
<Security UserID="S-1-5-21-1152959844-3645458174-3779170896-1000"></Security>
</System>
<EventData><Data Name="serverName">localhost</Data>
<Data Name="namespaceName">root\microsoft\windows\servermanager</Data>
<Data Name="wmiClassName">MSFT_ServerManagerTasks</Data>
<Data Name="methodName">GetServerInventory</Data>
<Data Name="protocol">DCOM</Data>
</EventData>
</Event>

<Event xmlns="http://schemas.microsoft.com/win/2004/08/events/event"><System><Provider Name="Microsoft-Windows-ServerManager-MultiMachine" Guid="{d8d37081-10bd-4a89-a971-1cda6899bdb3}"></Provider>
<EventID Qualifiers="">217</EventID>
<Version>0</Version>
<Level>4</Level>
<Task>17</Task>
<Opcode>0</Opcode>
<Keywords>0x2000000000000000</Keywords>
<TimeCreated SystemTime="2020-10-27 02:10:56.580534"></TimeCreated>
<EventRecordID>343</EventRecordID>
<Correlation ActivityID="{2e46a4bf-f441-42a9-9e6c-c0ab7d442b58}" RelatedActivityID=""></Correlation>
<Execution ProcessID="3388" ThreadID="4556"></Execution>
<Channel>Microsoft-Windows-ServerManager-MultiMachine/Operational</Channel>
<Computer>WIN-PTFPHFCRDJ0</Computer>
<Security UserID="S-1-5-21-1152959844-3645458174-3779170896-1000"></Security>
</System>
<EventData><Data Name="serverName">localhost</Data>
<Data Name="namespaceName">root\microsoft\windows\servermanager</Data>
<Data Name="wmiClassName">MSFT_ServerManagerTasks</Data>
<Data Name="methodName">GetServerInventory</Data>
<Data Name="protocol">DCOM</Data>
</EventData>
</Event>

<Event xmlns="http://schemas.microsoft.com/win/2004/08/events/event"><System><Provider Name="Microsoft-Windows-ServerManager-MultiMachine" Guid="{d8d37081-10bd-4a89-a971-1cda6899bdb3}"></Provider>
<EventID Qualifiers="">217</EventID>
<Version>0</Version>
<Level>4</Level>
<Task>17</Task>
<Opcode>0</Opcode>
<Keywords>0x2000000000000000</Keywords>
<TimeCreated SystemTime="2020-10-27 02:10:56.587357"></TimeCreated>
<EventRecordID>344</EventRecordID>
<Correlation ActivityID="{2e46a4bf-f441-42a9-9e6c-c0ab7d442b58}" RelatedActivityID=""></Correlation>
<Execution ProcessID="3388" ThreadID="4556"></Execution>
<Channel>Microsoft-Windows-ServerManager-MultiMachine/Operational</Channel>
<Computer>WIN-PTFPHFCRDJ0</Computer>
<Security UserID="S-1-5-21-1152959844-3645458174-3779170896-1000"></Security>
</System>
<EventData><Data Name="serverName">localhost</Data>
<Data Name="namespaceName">root\microsoft\windows\servermanager</Data>
<Data Name="wmiClassName">MSFT_ServerManagerTasks</Data>
<Data Name="methodName">GetServerInventory</Data>
<Data Name="protocol">DCOM</Data>
</EventData>
</Event>

<Event xmlns="http://schemas.microsoft.com/win/2004/08/events/event"><System><Provider Name="Microsoft-Windows-ServerManager-MultiMachine" Guid="{d8d37081-10bd-4a89-a971-1cda6899bdb3}"></Provider>
<EventID Qualifiers="">215</EventID>
<Version>0</Version>
<Level>4</Level>
<Task>17</Task>
<Opcode>0</Opcode>
<Keywords>0x2000000000000000</Keywords>
<TimeCreated SystemTime="2020-10-27 02:10:56.596703"></TimeCreated>
<EventRecordID>345</EventRecordID>
<Correlation ActivityID="{2e46a4bf-f441-42a9-9e6c-c0ab7d442b58}" RelatedActivityID=""></Correlation>
<Execution ProcessID="3388" ThreadID="4556"></Execution>
<Channel>Microsoft-Windows-ServerManager-MultiMachine/Operational</Channel>
<Computer>WIN-PTFPHFCRDJ0</Computer>
<Security UserID="S-1-5-21-1152959844-3645458174-3779170896-1000"></Security>
</System>
<EventData><Data Name="serverName">localhost</Data>
<Data Name="namespaceName">root\microsoft\windows\servermanager</Data>
<Data Name="wmiClassName">MSFT_ServerManagerTasks</Data>
<Data Name="methodName">GetServerInventory</Data>
<Data Name="protocol">DCOM</Data>
</EventData>
</Event>

<Event xmlns="http://schemas.microsoft.com/win/2004/08/events/event"><System><Provider Name="Microsoft-Windows-ServerManager-MultiMachine" Guid="{d8d37081-10bd-4a89-a971-1cda6899bdb3}"></Provider>
<EventID Qualifiers="">214</EventID>
<Version>0</Version>
<Level>4</Level>
<Task>17</Task>
<Opcode>0</Opcode>
<Keywords>0x2000000000000000</Keywords>
<TimeCreated SystemTime="2020-10-27 02:10:56.601875"></TimeCreated>
<EventRecordID>346</EventRecordID>
<Correlation ActivityID="{2e46a4bf-f441-42a9-9e6c-c0ab7d442b58}" RelatedActivityID=""></Correlation>
<Execution ProcessID="3388" ThreadID="4556"></Execution>
<Channel>Microsoft-Windows-ServerManager-MultiMachine/Operational</Channel>
<Computer>WIN-PTFPHFCRDJ0</Computer>
<Security UserID="S-1-5-21-1152959844-3645458174-3779170896-1000"></Security>
</System>
<EventData><Data Name="serverName">localhost</Data>
<Data Name="namespaceName">root\microsoft\windows\servermanager</Data>
<Data Name="wmiClassName">MSFT_ServerManagerTasks</Data>
<Data Name="methodName">GetServerFeature</Data>
<Data Name="protocol">DCOM</Data>
</EventData>
</Event>

<Event xmlns="http://schemas.microsoft.com/win/2004/08/events/event"><System><Provider Name="Microsoft-Windows-ServerManager-MultiMachine" Guid="{d8d37081-10bd-4a89-a971-1cda6899bdb3}"></Provider>
<EventID Qualifiers="">209</EventID>
<Version>0</Version>
<Level>4</Level>
<Task>17</Task>
<Opcode>0</Opcode>
<Keywords>0x2000000000000000</Keywords>
<TimeCreated SystemTime="2020-10-27 02:10:56.601881"></TimeCreated>
<EventRecordID>347</EventRecordID>
<Correlation ActivityID="{2e46a4bf-f441-42a9-9e6c-c0ab7d442b58}" RelatedActivityID=""></Correlation>
<Execution ProcessID="3388" ThreadID="4556"></Execution>
<Channel>Microsoft-Windows-ServerManager-MultiMachine/Operational</Channel>
<Computer>WIN-PTFPHFCRDJ0</Computer>
<Security UserID="S-1-5-21-1152959844-3645458174-3779170896-1000"></Security>
</System>
<EventData><Data Name="serverName">localhost</Data>
<Data Name="protocol">DCOM</Data>
<Data Name="userName">null</Data>
</EventData>
</Event>

<Event xmlns="http://schemas.microsoft.com/win/2004/08/events/event"><System><Provider Name="Microsoft-Windows-ServerManager-MultiMachine" Guid="{d8d37081-10bd-4a89-a971-1cda6899bdb3}"></Provider>
<EventID Qualifiers="">214</EventID>
<Version>0</Version>
<Level>4</Level>
<Task>17</Task>
<Opcode>0</Opcode>
<Keywords>0x2000000000000000</Keywords>
<TimeCreated SystemTime="2020-10-27 02:10:56.602039"></TimeCreated>
<EventRecordID>348</EventRecordID>
<Correlation ActivityID="{2e46a4bf-f441-42a9-9e6c-c0ab7d442b58}" RelatedActivityID=""></Correlation>
<Execution ProcessID="3388" ThreadID="4556"></Execution>
<Channel>Microsoft-Windows-ServerManager-MultiMachine/Operational</Channel>
<Computer>WIN-PTFPHFCRDJ0</Computer>
<Security UserID="S-1-5-21-1152959844-3645458174-3779170896-1000"></Security>
</System>
<EventData><Data Name="serverName">localhost</Data>
<Data Name="namespaceName">root\microsoft\windows\servermanager</Data>
<Data Name="wmiClassName">MSFT_ServerManagerTasks</Data>
<Data Name="methodName">GetServerServiceDetail</Data>
<Data Name="protocol">DCOM</Data>
</EventData>
</Event>

<Event xmlns="http://schemas.microsoft.com/win/2004/08/events/event"><System><Provider Name="Microsoft-Windows-ServerManager-MultiMachine" Guid="{d8d37081-10bd-4a89-a971-1cda6899bdb3}"></Provider>
<EventID Qualifiers="">209</EventID>
<Version>0</Version>
<Level>4</Level>
<Task>17</Task>
<Opcode>0</Opcode>
<Keywords>0x2000000000000000</Keywords>
<TimeCreated SystemTime="2020-10-27 02:10:56.602041"></TimeCreated>
<EventRecordID>349</EventRecordID>
<Correlation ActivityID="{2e46a4bf-f441-42a9-9e6c-c0ab7d442b58}" RelatedActivityID=""></Correlation>
<Execution ProcessID="3388" ThreadID="4556"></Execution>
<Channel>Microsoft-Windows-ServerManager-MultiMachine/Operational</Channel>
<Computer>WIN-PTFPHFCRDJ0</Computer>
<Security UserID="S-1-5-21-1152959844-3645458174-3779170896-1000"></Security>
</System>
<EventData><Data Name="serverName">localhost</Data>
<Data Name="protocol">DCOM</Data>
<Data Name="userName">null</Data>
</EventData>
</Event>

<Event xmlns="http://schemas.microsoft.com/win/2004/08/events/event"><System><Provider Name="Microsoft-Windows-ServerManager-MultiMachine" Guid="{d8d37081-10bd-4a89-a971-1cda6899bdb3}"></Provider>
<EventID Qualifiers="">214</EventID>
<Version>0</Version>
<Level>4</Level>
<Task>17</Task>
<Opcode>0</Opcode>
<Keywords>0x2000000000000000</Keywords>
<TimeCreated SystemTime="2020-10-27 02:10:56.602093"></TimeCreated>
<EventRecordID>350</EventRecordID>
<Correlation ActivityID="{2e46a4bf-f441-42a9-9e6c-c0ab7d442b58}" RelatedActivityID=""></Correlation>
<Execution ProcessID="3388" ThreadID="4556"></Execution>
<Channel>Microsoft-Windows-ServerManager-MultiMachine/Operational</Channel>
<Computer>WIN-PTFPHFCRDJ0</Computer>
<Security UserID="S-1-5-21-1152959844-3645458174-3779170896-1000"></Security>
</System>
<EventData><Data Name="serverName">localhost</Data>
<Data Name="namespaceName">root\microsoft\windows\servermanager</Data>
<Data Name="wmiClassName">MSFT_ServerManagerTasks</Data>
<Data Name="methodName">GetPerformanceCollectorState</Data>
<Data Name="protocol">DCOM</Data>
</EventData>
</Event>

<Event xmlns="http://schemas.microsoft.com/win/2004/08/events/event"><System><Provider Name="Microsoft-Windows-ServerManager-MultiMachine" Guid="{d8d37081-10bd-4a89-a971-1cda6899bdb3}"></Provider>
<EventID Qualifiers="">209</EventID>
<Version>0</Version>
<Level>4</Level>
<Task>17</Task>
<Opcode>0</Opcode>
<Keywords>0x2000000000000000</Keywords>
<TimeCreated SystemTime="2020-10-27 02:10:56.602095"></TimeCreated>
<EventRecordID>351</EventRecordID>
<Correlation ActivityID="{2e46a4bf-f441-42a9-9e6c-c0ab7d442b58}" RelatedActivityID=""></Correlation>
<Execution ProcessID="3388" ThreadID="4556"></Execution>
<Channel>Microsoft-Windows-ServerManager-MultiMachine/Operational</Channel>
<Computer>WIN-PTFPHFCRDJ0</Computer>
<Security UserID="S-1-5-21-1152959844-3645458174-3779170896-1000"></Security>
</System>
<EventData><Data Name="serverName">localhost</Data>
<Data Name="protocol">DCOM</Data>
<Data Name="userName">null</Data>
</EventData>
</Event>

<Event xmlns="http://schemas.microsoft.com/win/2004/08/events/event"><System><Provider Name="Microsoft-Windows-ServerManager-MultiMachine" Guid="{d8d37081-10bd-4a89-a971-1cda6899bdb3}"></Provider>
<EventID Qualifiers="">217</EventID>
<Version>0</Version>
<Level>4</Level>
<Task>17</Task>
<Opcode>0</Opcode>
<Keywords>0x2000000000000000</Keywords>
<TimeCreated SystemTime="2020-10-27 02:10:56.758247"></TimeCreated>
<EventRecordID>352</EventRecordID>
<Correlation ActivityID="{65cff84e-ade2-454e-8333-66fdad6b6d63}" RelatedActivityID=""></Correlation>
<Execution ProcessID="3388" ThreadID="4556"></Execution>
<Channel>Microsoft-Windows-ServerManager-MultiMachine/Operational</Channel>
<Computer>WIN-PTFPHFCRDJ0</Computer>
<Security UserID="S-1-5-21-1152959844-3645458174-3779170896-1000"></Security>
</System>
<EventData><Data Name="serverName">localhost</Data>
<Data Name="namespaceName">root\microsoft\windows\servermanager</Data>
<Data Name="wmiClassName">MSFT_ServerManagerTasks</Data>
<Data Name="methodName">GetServerServiceDetail</Data>
<Data Name="protocol">DCOM</Data>
</EventData>
</Event>

<Event xmlns="http://schemas.microsoft.com/win/2004/08/events/event"><System><Provider Name="Microsoft-Windows-ServerManager-MultiMachine" Guid="{d8d37081-10bd-4a89-a971-1cda6899bdb3}"></Provider>
<EventID Qualifiers="">217</EventID>
<Version>0</Version>
<Level>4</Level>
<Task>17</Task>
<Opcode>0</Opcode>
<Keywords>0x2000000000000000</Keywords>
<TimeCreated SystemTime="2020-10-27 02:10:56.765806"></TimeCreated>
<EventRecordID>353</EventRecordID>
<Correlation ActivityID="{65cff84e-ade2-454e-8333-66fdad6b6d63}" RelatedActivityID=""></Correlation>
<Execution ProcessID="3388" ThreadID="4556"></Execution>
<Channel>Microsoft-Windows-ServerManager-MultiMachine/Operational</Channel>
<Computer>WIN-PTFPHFCRDJ0</Computer>
<Security UserID="S-1-5-21-1152959844-3645458174-3779170896-1000"></Security>
</System>
<EventData><Data Name="serverName">localhost</Data>
<Data Name="namespaceName">root\microsoft\windows\servermanager</Data>
<Data Name="wmiClassName">MSFT_ServerManagerTasks</Data>
<Data Name="methodName">GetServerServiceDetail</Data>
<Data Name="protocol">DCOM</Data>
</EventData>
</Event>

