<Event xmlns="http://schemas.microsoft.com/win/2004/08/events/event"><System><Provider Name="Microsoft-Windows-Kernel-PnP" Guid="{9c205a39-1250-487d-abd7-e831c6290539}"></Provider>
<EventID Qualifiers="">410</EventID>
<Version>0</Version>
<Level>4</Level>
<Task>0</Task>
<Opcode>0</Opcode>
<Keywords>0x4000000000000000</Keywords>
<TimeCreated SystemTime="2020-10-23 09:20:43.430304"></TimeCreated>
<EventRecordID>315</EventRecordID>
<Correlation ActivityID="" RelatedActivityID=""></Correlation>
<Execution ProcessID="4" ThreadID="432"></Execution>
<Channel>Microsoft-Windows-Kernel-PnP/Configuration</Channel>
<Computer>WIN-PTFPHFCRDJ0</Computer>
<Security UserID="S-1-5-18"></Security>
</System>
<EventData><Data Name="DeviceInstanceId">ROOT\BasicRender\0000</Data>
<Data Name="DriverName">basicrender.inf</Data>
<Data Name="ClassGuid">{4d36e97d-e325-11ce-bfc1-08002be10318}</Data>
<Data Name="ServiceName">BasicRender</Data>
<Data Name="LowerFilters"></Data>
<Data Name="UpperFilters"></Data>
<Data Name="Problem">0x00000000</Data>
<Data Name="Status">0x00000000</Data>
</EventData>
</Event>

<Event xmlns="http://schemas.microsoft.com/win/2004/08/events/event"><System><Provider Name="Microsoft-Windows-Kernel-PnP" Guid="{9c205a39-1250-487d-abd7-e831c6290539}"></Provider>
<EventID Qualifiers="">400</EventID>
<Version>0</Version>
<Level>4</Level>
<Task>0</Task>
<Opcode>0</Opcode>
<Keywords>0x4000000000000000</Keywords>
<TimeCreated SystemTime="2020-10-23 09:20:43.637264"></TimeCreated>
<EventRecordID>316</EventRecordID>
<Correlation ActivityID="" RelatedActivityID=""></Correlation>
<Execution ProcessID="4" ThreadID="432"></Execution>
<Channel>Microsoft-Windows-Kernel-PnP/Configuration</Channel>
<Computer>WIN-PTFPHFCRDJ0</Computer>
<Security UserID="S-1-5-18"></Security>
</System>
<EventData><Data Name="DeviceInstanceId">ROOT\mssmbios\0000</Data>
<Data Name="DriverName">mssmbios.inf</Data>
<Data Name="ClassGuid">{4d36e97d-e325-11ce-bfc1-08002be10318}</Data>
<Data Name="DriverDate">06/21/2006</Data>
<Data Name="DriverVersion">10.0.17763.1</Data>
<Data Name="DriverProvider">Microsoft</Data>
<Data Name="DriverInbox">True</Data>
<Data Name="DriverSection">MSSMBIOS_DRV</Data>
<Data Name="DriverRank">0x00ff0000</Data>
<Data Name="MatchingDeviceId">ROOT\mssmbios</Data>
<Data Name="OutrankedDrivers"></Data>
<Data Name="DeviceUpdated">False</Data>
<Data Name="Status">0x00000000</Data>
<Data Name="ParentDeviceInstanceId">HTREE\ROOT\0</Data>
</EventData>
</Event>

<Event xmlns="http://schemas.microsoft.com/win/2004/08/events/event"><System><Provider Name="Microsoft-Windows-Kernel-PnP" Guid="{9c205a39-1250-487d-abd7-e831c6290539}"></Provider>
<EventID Qualifiers="">410</EventID>
<Version>0</Version>
<Level>4</Level>
<Task>0</Task>
<Opcode>0</Opcode>
<Keywords>0x4000000000000000</Keywords>
<TimeCreated SystemTime="2020-10-23 09:20:43.638823"></TimeCreated>
<EventRecordID>317</EventRecordID>
<Correlation ActivityID="" RelatedActivityID=""></Correlation>
<Execution ProcessID="4" ThreadID="432"></Execution>
<Channel>Microsoft-Windows-Kernel-PnP/Configuration</Channel>
<Computer>WIN-PTFPHFCRDJ0</Computer>
<Security UserID="S-1-5-18"></Security>
</System>
<EventData><Data Name="DeviceInstanceId">ROOT\mssmbios\0000</Data>
<Data Name="DriverName">mssmbios.inf</Data>
<Data Name="ClassGuid">{4d36e97d-e325-11ce-bfc1-08002be10318}</Data>
<Data Name="ServiceName">mssmbios</Data>
<Data Name="LowerFilters"></Data>
<Data Name="UpperFilters"></Data>
<Data Name="Problem">0x00000000</Data>
<Data Name="Status">0x00000000</Data>
</EventData>
</Event>

<Event xmlns="http://schemas.microsoft.com/win/2004/08/events/event"><System><Provider Name="Microsoft-Windows-Kernel-PnP" Guid="{9c205a39-1250-487d-abd7-e831c6290539}"></Provider>
<EventID Qualifiers="">400</EventID>
<Version>0</Version>
<Level>4</Level>
<Task>0</Task>
<Opcode>0</Opcode>
<Keywords>0x4000000000000000</Keywords>
<TimeCreated SystemTime="2020-10-23 09:20:48.668236"></TimeCreated>
<EventRecordID>318</EventRecordID>
<Correlation ActivityID="" RelatedActivityID=""></Correlation>
<Execution ProcessID="4" ThreadID="432"></Execution>
<Channel>Microsoft-Windows-Kernel-PnP/Configuration</Channel>
<Computer>WIN-PTFPHFCRDJ0</Computer>
<Security UserID="S-1-5-18"></Security>
</System>
<EventData><Data Name="DeviceInstanceId">ROOT\KDNIC\0000</Data>
<Data Name="DriverName">kdnic.inf</Data>
<Data Name="ClassGuid">{4d36e972-e325-11ce-bfc1-08002be10318}</Data>
<Data Name="DriverDate">06/21/2006</Data>
<Data Name="DriverVersion">10.0.17763.1</Data>
<Data Name="DriverProvider">Microsoft</Data>
<Data Name="DriverInbox">True</Data>
<Data Name="DriverSection">KdNic.ndi</Data>
<Data Name="DriverRank">0x00ff0000</Data>
<Data Name="MatchingDeviceId">root\kdnic</Data>
<Data Name="OutrankedDrivers"></Data>
<Data Name="DeviceUpdated">False</Data>
<Data Name="Status">0x00000000</Data>
<Data Name="ParentDeviceInstanceId">HTREE\ROOT\0</Data>
</EventData>
</Event>

<Event xmlns="http://schemas.microsoft.com/win/2004/08/events/event"><System><Provider Name="Microsoft-Windows-Kernel-PnP" Guid="{9c205a39-1250-487d-abd7-e831c6290539}"></Provider>
<EventID Qualifiers="">400</EventID>
<Version>0</Version>
<Level>4</Level>
<Task>0</Task>
<Opcode>0</Opcode>
<Keywords>0x4000000000000000</Keywords>
<TimeCreated SystemTime="2020-10-23 09:20:48.684439"></TimeCreated>
<EventRecordID>319</EventRecordID>
<Correlation ActivityID="" RelatedActivityID=""></Correlation>
<Execution ProcessID="4" ThreadID="432"></Execution>
<Channel>Microsoft-Windows-Kernel-PnP/Configuration</Channel>
<Computer>WIN-PTFPHFCRDJ0</Computer>
<Security UserID="S-1-5-18"></Security>
</System>
<EventData><Data Name="DeviceInstanceId">PCI\VEN_15AD&amp;DEV_0740&amp;SUBSYS_074015AD&amp;REV_10\3&amp;61aaa01&amp;0&amp;3F</Data>
<Data Name="DriverName">null</Data>
<Data Name="ClassGuid">{00000000-0000-0000-0000-000000000000}</Data>
<Data Name="DriverDate"></Data>
<Data Name="DriverVersion"></Data>
<Data Name="DriverProvider"></Data>
<Data Name="DriverInbox">False</Data>
<Data Name="DriverSection"></Data>
<Data Name="DriverRank">0x00000000</Data>
<Data Name="MatchingDeviceId"></Data>
<Data Name="OutrankedDrivers"></Data>
<Data Name="DeviceUpdated">False</Data>
<Data Name="Status">0x00000000</Data>
<Data Name="ParentDeviceInstanceId">ACPI\PNP0A03\2&amp;daba3ff&amp;0</Data>
</EventData>
</Event>

<Event xmlns="http://schemas.microsoft.com/win/2004/08/events/event"><System><Provider Name="Microsoft-Windows-Kernel-PnP" Guid="{9c205a39-1250-487d-abd7-e831c6290539}"></Provider>
<EventID Qualifiers="">430</EventID>
<Version>0</Version>
<Level>4</Level>
<Task>0</Task>
<Opcode>0</Opcode>
<Keywords>0x4000000000000000</Keywords>
<TimeCreated SystemTime="2020-10-23 09:20:48.750750"></TimeCreated>
<EventRecordID>320</EventRecordID>
<Correlation ActivityID="" RelatedActivityID=""></Correlation>
<Execution ProcessID="4" ThreadID="432"></Execution>
<Channel>Microsoft-Windows-Kernel-PnP/Configuration</Channel>
<Computer>WIN-PTFPHFCRDJ0</Computer>
<Security UserID="S-1-5-18"></Security>
</System>
<EventData><Data Name="DeviceInstanceId">PCI\VEN_15AD&amp;DEV_0405&amp;SUBSYS_040515AD&amp;REV_00\3&amp;61aaa01&amp;0&amp;78</Data>
</EventData>
</Event>

<Event xmlns="http://schemas.microsoft.com/win/2004/08/events/event"><System><Provider Name="Microsoft-Windows-Kernel-PnP" Guid="{9c205a39-1250-487d-abd7-e831c6290539}"></Provider>
<EventID Qualifiers="">430</EventID>
<Version>0</Version>
<Level>4</Level>
<Task>0</Task>
<Opcode>0</Opcode>
<Keywords>0x4000000000000000</Keywords>
<TimeCreated SystemTime="2020-10-23 09:20:48.750755"></TimeCreated>
<EventRecordID>321</EventRecordID>
<Correlation ActivityID="" RelatedActivityID=""></Correlation>
<Execution ProcessID="4" ThreadID="432"></Execution>
<Channel>Microsoft-Windows-Kernel-PnP/Configuration</Channel>
<Computer>WIN-PTFPHFCRDJ0</Computer>
<Security UserID="S-1-5-18"></Security>
</System>
<EventData><Data Name="DeviceInstanceId">HDAUDIO\FUNC_01&amp;VEN_15AD&amp;DEV_1975&amp;SUBSYS_15AD1975&amp;REV_1001\5&amp;217be3d6&amp;0&amp;0001</Data>
</EventData>
</Event>

<Event xmlns="http://schemas.microsoft.com/win/2004/08/events/event"><System><Provider Name="Microsoft-Windows-Kernel-PnP" Guid="{9c205a39-1250-487d-abd7-e831c6290539}"></Provider>
<EventID Qualifiers="">430</EventID>
<Version>0</Version>
<Level>4</Level>
<Task>0</Task>
<Opcode>0</Opcode>
<Keywords>0x4000000000000000</Keywords>
<TimeCreated SystemTime="2020-10-23 09:20:48.750757"></TimeCreated>
<EventRecordID>322</EventRecordID>
<Correlation ActivityID="" RelatedActivityID=""></Correlation>
<Execution ProcessID="4" ThreadID="432"></Execution>
<Channel>Microsoft-Windows-Kernel-PnP/Configuration</Channel>
<Computer>WIN-PTFPHFCRDJ0</Computer>
<Security UserID="S-1-5-18"></Security>
</System>
<EventData><Data Name="DeviceInstanceId">PCI\VEN_8086&amp;DEV_10D3&amp;SUBSYS_07D015AD&amp;REV_00\000C29FFFF961A3900</Data>
</EventData>
</Event>

<Event xmlns="http://schemas.microsoft.com/win/2004/08/events/event"><System><Provider Name="Microsoft-Windows-Kernel-PnP" Guid="{9c205a39-1250-487d-abd7-e831c6290539}"></Provider>
<EventID Qualifiers="">400</EventID>
<Version>0</Version>
<Level>4</Level>
<Task>0</Task>
<Opcode>0</Opcode>
<Keywords>0x4000000000000000</Keywords>
<TimeCreated SystemTime="2020-10-23 09:20:49.375095"></TimeCreated>
<EventRecordID>323</EventRecordID>
<Correlation ActivityID="" RelatedActivityID=""></Correlation>
<Execution ProcessID="4" ThreadID="440"></Execution>
<Channel>Microsoft-Windows-Kernel-PnP/Configuration</Channel>
<Computer>WIN-PTFPHFCRDJ0</Computer>
<Security UserID="S-1-5-18"></Security>
</System>
<EventData><Data Name="DeviceInstanceId">DISPLAY\Default_Monitor\1&amp;8713bca&amp;0&amp;UID0</Data>
<Data Name="DriverName">monitor.inf</Data>
<Data Name="ClassGuid">{4d36e96e-e325-11ce-bfc1-08002be10318}</Data>
<Data Name="DriverDate">06/21/2006</Data>
<Data Name="DriverVersion">10.0.17763.1</Data>
<Data Name="DriverProvider">Microsoft</Data>
<Data Name="DriverInbox">True</Data>
<Data Name="DriverSection">NonPnPMonitor.Install</Data>
<Data Name="DriverRank">0x00ff0000</Data>
<Data Name="MatchingDeviceId">MONITOR\Default_Monitor</Data>
<Data Name="OutrankedDrivers">monitor.inf:*PNP09FF:00FF2000</Data>
<Data Name="DeviceUpdated">False</Data>
<Data Name="Status">0x00000000</Data>
<Data Name="ParentDeviceInstanceId">ROOT\BasicDisplay\0000</Data>
</EventData>
</Event>

<Event xmlns="http://schemas.microsoft.com/win/2004/08/events/event"><System><Provider Name="Microsoft-Windows-Kernel-PnP" Guid="{9c205a39-1250-487d-abd7-e831c6290539}"></Provider>
<EventID Qualifiers="">410</EventID>
<Version>0</Version>
<Level>4</Level>
<Task>0</Task>
<Opcode>0</Opcode>
<Keywords>0x4000000000000000</Keywords>
<TimeCreated SystemTime="2020-10-23 09:20:49.537071"></TimeCreated>
<EventRecordID>324</EventRecordID>
<Correlation ActivityID="" RelatedActivityID=""></Correlation>
<Execution ProcessID="4" ThreadID="440"></Execution>
<Channel>Microsoft-Windows-Kernel-PnP/Configuration</Channel>
<Computer>WIN-PTFPHFCRDJ0</Computer>
<Security UserID="S-1-5-18"></Security>
</System>
<EventData><Data Name="DeviceInstanceId">DISPLAY\Default_Monitor\1&amp;8713bca&amp;0&amp;UID0</Data>
<Data Name="DriverName">monitor.inf</Data>
<Data Name="ClassGuid">{4d36e96e-e325-11ce-bfc1-08002be10318}</Data>
<Data Name="ServiceName">monitor</Data>
<Data Name="LowerFilters"></Data>
<Data Name="UpperFilters"></Data>
<Data Name="Problem">0x00000000</Data>
<Data Name="Status">0x00000000</Data>
</EventData>
</Event>

<Event xmlns="http://schemas.microsoft.com/win/2004/08/events/event"><System><Provider Name="Microsoft-Windows-Kernel-PnP" Guid="{9c205a39-1250-487d-abd7-e831c6290539}"></Provider>
<EventID Qualifiers="">410</EventID>
<Version>0</Version>
<Level>4</Level>
<Task>0</Task>
<Opcode>0</Opcode>
<Keywords>0x4000000000000000</Keywords>
<TimeCreated SystemTime="2020-10-23 09:21:01.616915"></TimeCreated>
<EventRecordID>325</EventRecordID>
<Correlation ActivityID="" RelatedActivityID=""></Correlation>
<Execution ProcessID="4" ThreadID="440"></Execution>
<Channel>Microsoft-Windows-Kernel-PnP/Configuration</Channel>
<Computer>WIN-PTFPHFCRDJ0</Computer>
<Security UserID="S-1-5-18"></Security>
</System>
<EventData><Data Name="DeviceInstanceId">ROOT\KDNIC\0000</Data>
<Data Name="DriverName">kdnic.inf</Data>
<Data Name="ClassGuid">{4d36e972-e325-11ce-bfc1-08002be10318}</Data>
<Data Name="ServiceName">kdnic</Data>
<Data Name="LowerFilters"></Data>
<Data Name="UpperFilters"></Data>
<Data Name="Problem">0x00000000</Data>
<Data Name="Status">0x00000000</Data>
</EventData>
</Event>

<Event xmlns="http://schemas.microsoft.com/win/2004/08/events/event"><System><Provider Name="Microsoft-Windows-Kernel-PnP" Guid="{9c205a39-1250-487d-abd7-e831c6290539}"></Provider>
<EventID Qualifiers="">400</EventID>
<Version>0</Version>
<Level>4</Level>
<Task>0</Task>
<Opcode>0</Opcode>
<Keywords>0x4000000000000000</Keywords>
<TimeCreated SystemTime="2020-10-23 09:21:17.850595"></TimeCreated>
<EventRecordID>326</EventRecordID>
<Correlation ActivityID="" RelatedActivityID=""></Correlation>
<Execution ProcessID="4" ThreadID="428"></Execution>
<Channel>Microsoft-Windows-Kernel-PnP/Configuration</Channel>
<Computer>WIN-PTFPHFCRDJ0</Computer>
<Security UserID="S-1-5-18"></Security>
</System>
<EventData><Data Name="DeviceInstanceId">SWD\RADIO\{3DB5895D-CC28-44B3-AD3D-6F01A782B8D2}</Data>
<Data Name="DriverName">c_swdevice.inf</Data>
<Data Name="ClassGuid">{62f9c741-b25a-46ce-b54c-9bccce08b6f2}</Data>
<Data Name="DriverDate">06/21/2006</Data>
<Data Name="DriverVersion">10.0.17763.1</Data>
<Data Name="DriverProvider">Microsoft</Data>
<Data Name="DriverInbox">True</Data>
<Data Name="DriverSection">SoftwareDevice</Data>
<Data Name="DriverRank">0x00ff3000</Data>
<Data Name="MatchingDeviceId">SWD\GenericRaw</Data>
<Data Name="OutrankedDrivers"></Data>
<Data Name="DeviceUpdated">False</Data>
<Data Name="Status">0x00000000</Data>
<Data Name="ParentDeviceInstanceId">HTREE\ROOT\0</Data>
</EventData>
</Event>

<Event xmlns="http://schemas.microsoft.com/win/2004/08/events/event"><System><Provider Name="Microsoft-Windows-Kernel-PnP" Guid="{9c205a39-1250-487d-abd7-e831c6290539}"></Provider>
<EventID Qualifiers="">410</EventID>
<Version>0</Version>
<Level>4</Level>
<Task>0</Task>
<Opcode>0</Opcode>
<Keywords>0x4000000000000000</Keywords>
<TimeCreated SystemTime="2020-10-23 09:21:17.851122"></TimeCreated>
<EventRecordID>327</EventRecordID>
<Correlation ActivityID="" RelatedActivityID=""></Correlation>
<Execution ProcessID="4" ThreadID="428"></Execution>
<Channel>Microsoft-Windows-Kernel-PnP/Configuration</Channel>
<Computer>WIN-PTFPHFCRDJ0</Computer>
<Security UserID="S-1-5-18"></Security>
</System>
<EventData><Data Name="DeviceInstanceId">SWD\RADIO\{3DB5895D-CC28-44B3-AD3D-6F01A782B8D2}</Data>
<Data Name="DriverName">c_swdevice.inf</Data>
<Data Name="ClassGuid">{62f9c741-b25a-46ce-b54c-9bccce08b6f2}</Data>
<Data Name="ServiceName"></Data>
<Data Name="LowerFilters"></Data>
<Data Name="UpperFilters"></Data>
<Data Name="Problem">0x00000000</Data>
<Data Name="Status">0x00000000</Data>
</EventData>
</Event>

<Event xmlns="http://schemas.microsoft.com/win/2004/08/events/event"><System><Provider Name="Microsoft-Windows-Kernel-PnP" Guid="{9c205a39-1250-487d-abd7-e831c6290539}"></Provider>
<EventID Qualifiers="">400</EventID>
<Version>0</Version>
<Level>4</Level>
<Task>0</Task>
<Opcode>0</Opcode>
<Keywords>0x4000000000000000</Keywords>
<TimeCreated SystemTime="2020-10-23 09:21:22.087282"></TimeCreated>
<EventRecordID>328</EventRecordID>
<Correlation ActivityID="" RelatedActivityID=""></Correlation>
<Execution ProcessID="4" ThreadID="92"></Execution>
<Channel>Microsoft-Windows-Kernel-PnP/Configuration</Channel>
<Computer>WIN-PTFPHFCRDJ0</Computer>
<Security UserID="S-1-5-18"></Security>
</System>
<EventData><Data Name="DeviceInstanceId">PCI\VEN_15AD&amp;DEV_0405&amp;SUBSYS_040515AD&amp;REV_00\3&amp;61aaa01&amp;0&amp;78</Data>
<Data Name="DriverName">display.inf</Data>
<Data Name="ClassGuid">{4d36e968-e325-11ce-bfc1-08002be10318}</Data>
<Data Name="DriverDate">06/21/2006</Data>
<Data Name="DriverVersion">10.0.17763.1</Data>
<Data Name="DriverProvider">Microsoft</Data>
<Data Name="DriverInbox">True</Data>
<Data Name="DriverSection">MSBDA</Data>
<Data Name="DriverRank">0x00fb2006</Data>
<Data Name="MatchingDeviceId">PCI\CC_0300</Data>
<Data Name="OutrankedDrivers"></Data>
<Data Name="DeviceUpdated">False</Data>
<Data Name="Status">0x00000000</Data>
<Data Name="ParentDeviceInstanceId">ACPI\PNP0A03\2&amp;daba3ff&amp;0</Data>
</EventData>
</Event>

<Event xmlns="http://schemas.microsoft.com/win/2004/08/events/event"><System><Provider Name="Microsoft-Windows-Kernel-PnP" Guid="{9c205a39-1250-487d-abd7-e831c6290539}"></Provider>
<EventID Qualifiers="">410</EventID>
<Version>0</Version>
<Level>4</Level>
<Task>0</Task>
<Opcode>0</Opcode>
<Keywords>0x4000000000000000</Keywords>
<TimeCreated SystemTime="2020-10-23 09:21:22.093519"></TimeCreated>
<EventRecordID>329</EventRecordID>
<Correlation ActivityID="" RelatedActivityID=""></Correlation>
<Execution ProcessID="4" ThreadID="440"></Execution>
<Channel>Microsoft-Windows-Kernel-PnP/Configuration</Channel>
<Computer>WIN-PTFPHFCRDJ0</Computer>
<Security UserID="S-1-5-18"></Security>
</System>
<EventData><Data Name="DeviceInstanceId">PCI\VEN_15AD&amp;DEV_0405&amp;SUBSYS_040515AD&amp;REV_00\3&amp;61aaa01&amp;0&amp;78</Data>
<Data Name="DriverName">display.inf</Data>
<Data Name="ClassGuid">{4d36e968-e325-11ce-bfc1-08002be10318}</Data>
<Data Name="ServiceName">BasicDisplay</Data>
<Data Name="LowerFilters"></Data>
<Data Name="UpperFilters"></Data>
<Data Name="Problem">0x00000000</Data>
<Data Name="Status">0x00000000</Data>
</EventData>
</Event>

<Event xmlns="http://schemas.microsoft.com/win/2004/08/events/event"><System><Provider Name="Microsoft-Windows-Kernel-PnP" Guid="{9c205a39-1250-487d-abd7-e831c6290539}"></Provider>
<EventID Qualifiers="">400</EventID>
<Version>0</Version>
<Level>4</Level>
<Task>0</Task>
<Opcode>0</Opcode>
<Keywords>0x4000000000000000</Keywords>
<TimeCreated SystemTime="2020-10-23 09:21:22.157545"></TimeCreated>
<EventRecordID>330</EventRecordID>
<Correlation ActivityID="" RelatedActivityID=""></Correlation>
<Execution ProcessID="4" ThreadID="92"></Execution>
<Channel>Microsoft-Windows-Kernel-PnP/Configuration</Channel>
<Computer>WIN-PTFPHFCRDJ0</Computer>
<Security UserID="S-1-5-18"></Security>
</System>
<EventData><Data Name="DeviceInstanceId">DISPLAY\Default_Monitor\4&amp;427137e&amp;0&amp;UID0</Data>
<Data Name="DriverName">monitor.inf</Data>
<Data Name="ClassGuid">{4d36e96e-e325-11ce-bfc1-08002be10318}</Data>
<Data Name="DriverDate">06/21/2006</Data>
<Data Name="DriverVersion">10.0.17763.1</Data>
<Data Name="DriverProvider">Microsoft</Data>
<Data Name="DriverInbox">True</Data>
<Data Name="DriverSection">NonPnPMonitor.Install</Data>
<Data Name="DriverRank">0x00ff0000</Data>
<Data Name="MatchingDeviceId">MONITOR\Default_Monitor</Data>
<Data Name="OutrankedDrivers">monitor.inf:*PNP09FF:00FF2000</Data>
<Data Name="DeviceUpdated">False</Data>
<Data Name="Status">0x00000000</Data>
<Data Name="ParentDeviceInstanceId">PCI\VEN_15AD&amp;DEV_0405&amp;SUBSYS_040515AD&amp;REV_00\3&amp;61aaa01&amp;0&amp;78</Data>
</EventData>
</Event>

<Event xmlns="http://schemas.microsoft.com/win/2004/08/events/event"><System><Provider Name="Microsoft-Windows-Kernel-PnP" Guid="{9c205a39-1250-487d-abd7-e831c6290539}"></Provider>
<EventID Qualifiers="">410</EventID>
<Version>0</Version>
<Level>4</Level>
<Task>0</Task>
<Opcode>0</Opcode>
<Keywords>0x4000000000000000</Keywords>
<TimeCreated SystemTime="2020-10-23 09:21:22.159040"></TimeCreated>
<EventRecordID>331</EventRecordID>
<Correlation ActivityID="" RelatedActivityID=""></Correlation>
<Execution ProcessID="4" ThreadID="92"></Execution>
<Channel>Microsoft-Windows-Kernel-PnP/Configuration</Channel>
<Computer>WIN-PTFPHFCRDJ0</Computer>
<Security UserID="S-1-5-18"></Security>
</System>
<EventData><Data Name="DeviceInstanceId">DISPLAY\Default_Monitor\4&amp;427137e&amp;0&amp;UID0</Data>
<Data Name="DriverName">monitor.inf</Data>
<Data Name="ClassGuid">{4d36e96e-e325-11ce-bfc1-08002be10318}</Data>
<Data Name="ServiceName">monitor</Data>
<Data Name="LowerFilters"></Data>
<Data Name="UpperFilters"></Data>
<Data Name="Problem">0x00000000</Data>
<Data Name="Status">0x00000000</Data>
</EventData>
</Event>

<Event xmlns="http://schemas.microsoft.com/win/2004/08/events/event"><System><Provider Name="Microsoft-Windows-Kernel-PnP" Guid="{9c205a39-1250-487d-abd7-e831c6290539}"></Provider>
<EventID Qualifiers="">400</EventID>
<Version>0</Version>
<Level>4</Level>
<Task>0</Task>
<Opcode>0</Opcode>
<Keywords>0x4000000000000000</Keywords>
<TimeCreated SystemTime="2020-10-23 09:21:23.328083"></TimeCreated>
<EventRecordID>332</EventRecordID>
<Correlation ActivityID="" RelatedActivityID=""></Correlation>
<Execution ProcessID="4" ThreadID="440"></Execution>
<Channel>Microsoft-Windows-Kernel-PnP/Configuration</Channel>
<Computer>WIN-PTFPHFCRDJ0</Computer>
<Security UserID="S-1-5-18"></Security>
</System>
<EventData><Data Name="DeviceInstanceId">PCI\VEN_8086&amp;DEV_10D3&amp;SUBSYS_07D015AD&amp;REV_00\000C29FFFF961A3900</Data>
<Data Name="DriverName">net1ix64.inf</Data>
<Data Name="ClassGuid">{4d36e972-e325-11ce-bfc1-08002be10318}</Data>
<Data Name="DriverDate">04/05/2016</Data>
<Data Name="DriverVersion">12.15.22.6</Data>
<Data Name="DriverProvider">Microsoft</Data>
<Data Name="DriverInbox">True</Data>
<Data Name="DriverSection">E10D3</Data>
<Data Name="DriverRank">0x00ff2001</Data>
<Data Name="MatchingDeviceId">PCI\VEN_8086&amp;DEV_10D3</Data>
<Data Name="OutrankedDrivers"></Data>
<Data Name="DeviceUpdated">False</Data>
<Data Name="Status">0x00000000</Data>
<Data Name="ParentDeviceInstanceId">PCI\VEN_15AD&amp;DEV_07A0&amp;SUBSYS_07A015AD&amp;REV_01\3&amp;61aaa01&amp;0&amp;A8</Data>
</EventData>
</Event>

<Event xmlns="http://schemas.microsoft.com/win/2004/08/events/event"><System><Provider Name="Microsoft-Windows-Kernel-PnP" Guid="{9c205a39-1250-487d-abd7-e831c6290539}"></Provider>
<EventID Qualifiers="">410</EventID>
<Version>0</Version>
<Level>4</Level>
<Task>0</Task>
<Opcode>0</Opcode>
<Keywords>0x4000000000000000</Keywords>
<TimeCreated SystemTime="2020-10-23 09:21:23.835005"></TimeCreated>
<EventRecordID>333</EventRecordID>
<Correlation ActivityID="" RelatedActivityID=""></Correlation>
<Execution ProcessID="4" ThreadID="436"></Execution>
<Channel>Microsoft-Windows-Kernel-PnP/Configuration</Channel>
<Computer>WIN-PTFPHFCRDJ0</Computer>
<Security UserID="S-1-5-18"></Security>
</System>
<EventData><Data Name="DeviceInstanceId">PCI\VEN_8086&amp;DEV_10D3&amp;SUBSYS_07D015AD&amp;REV_00\000C29FFFF961A3900</Data>
<Data Name="DriverName">net1ix64.inf</Data>
<Data Name="ClassGuid">{4d36e972-e325-11ce-bfc1-08002be10318}</Data>
<Data Name="ServiceName">e1iexpress</Data>
<Data Name="LowerFilters"></Data>
<Data Name="UpperFilters"></Data>
<Data Name="Problem">0x00000000</Data>
<Data Name="Status">0x00000000</Data>
</EventData>
</Event>

<Event xmlns="http://schemas.microsoft.com/win/2004/08/events/event"><System><Provider Name="Microsoft-Windows-Kernel-PnP" Guid="{9c205a39-1250-487d-abd7-e831c6290539}"></Provider>
<EventID Qualifiers="">400</EventID>
<Version>0</Version>
<Level>4</Level>
<Task>0</Task>
<Opcode>0</Opcode>
<Keywords>0x4000000000000000</Keywords>
<TimeCreated SystemTime="2020-10-23 09:21:25.754322"></TimeCreated>
<EventRecordID>334</EventRecordID>
<Correlation ActivityID="" RelatedActivityID=""></Correlation>
<Execution ProcessID="4" ThreadID="436"></Execution>
<Channel>Microsoft-Windows-Kernel-PnP/Configuration</Channel>
<Computer>WIN-PTFPHFCRDJ0</Computer>
<Security UserID="S-1-5-18"></Security>
</System>
<EventData><Data Name="DeviceInstanceId">SWD\MMDEVAPI\MicrosoftGSWavetableSynth</Data>
<Data Name="DriverName">c_swdevice.inf</Data>
<Data Name="ClassGuid">{62f9c741-b25a-46ce-b54c-9bccce08b6f2}</Data>
<Data Name="DriverDate">06/21/2006</Data>
<Data Name="DriverVersion">10.0.17763.1</Data>
<Data Name="DriverProvider">Microsoft</Data>
<Data Name="DriverInbox">True</Data>
<Data Name="DriverSection">SoftwareDevice</Data>
<Data Name="DriverRank">0x00ff3000</Data>
<Data Name="MatchingDeviceId">SWD\GenericRaw</Data>
<Data Name="OutrankedDrivers"></Data>
<Data Name="DeviceUpdated">False</Data>
<Data Name="Status">0x00000000</Data>
<Data Name="ParentDeviceInstanceId">HTREE\ROOT\0</Data>
</EventData>
</Event>

<Event xmlns="http://schemas.microsoft.com/win/2004/08/events/event"><System><Provider Name="Microsoft-Windows-Kernel-PnP" Guid="{9c205a39-1250-487d-abd7-e831c6290539}"></Provider>
<EventID Qualifiers="">410</EventID>
<Version>0</Version>
<Level>4</Level>
<Task>0</Task>
<Opcode>0</Opcode>
<Keywords>0x4000000000000000</Keywords>
<TimeCreated SystemTime="2020-10-23 09:21:25.754763"></TimeCreated>
<EventRecordID>335</EventRecordID>
<Correlation ActivityID="" RelatedActivityID=""></Correlation>
<Execution ProcessID="4" ThreadID="436"></Execution>
<Channel>Microsoft-Windows-Kernel-PnP/Configuration</Channel>
<Computer>WIN-PTFPHFCRDJ0</Computer>
<Security UserID="S-1-5-18"></Security>
</System>
<EventData><Data Name="DeviceInstanceId">SWD\MMDEVAPI\MicrosoftGSWavetableSynth</Data>
<Data Name="DriverName">c_swdevice.inf</Data>
<Data Name="ClassGuid">{62f9c741-b25a-46ce-b54c-9bccce08b6f2}</Data>
<Data Name="ServiceName"></Data>
<Data Name="LowerFilters"></Data>
<Data Name="UpperFilters"></Data>
<Data Name="Problem">0x00000000</Data>
<Data Name="Status">0x00000000</Data>
</EventData>
</Event>

<Event xmlns="http://schemas.microsoft.com/win/2004/08/events/event"><System><Provider Name="Microsoft-Windows-Kernel-PnP" Guid="{9c205a39-1250-487d-abd7-e831c6290539}"></Provider>
<EventID Qualifiers="">400</EventID>
<Version>0</Version>
<Level>4</Level>
<Task>0</Task>
<Opcode>0</Opcode>
<Keywords>0x4000000000000000</Keywords>
<TimeCreated SystemTime="2020-10-23 09:21:25.891253"></TimeCreated>
<EventRecordID>336</EventRecordID>
<Correlation ActivityID="" RelatedActivityID=""></Correlation>
<Execution ProcessID="4" ThreadID="436"></Execution>
<Channel>Microsoft-Windows-Kernel-PnP/Configuration</Channel>
<Computer>WIN-PTFPHFCRDJ0</Computer>
<Security UserID="S-1-5-18"></Security>
</System>
<EventData><Data Name="DeviceInstanceId">SWD\MMDEVAPI\{0.0.0.00000000}.{1d33eb64-6130-4c93-a309-1e200be3fb4c}</Data>
<Data Name="DriverName">audioendpoint.inf</Data>
<Data Name="ClassGuid">{c166523c-fe0c-4a94-a586-f1a80cfbbf3e}</Data>
<Data Name="DriverDate">09/14/2018</Data>
<Data Name="DriverVersion">10.0.17763.1</Data>
<Data Name="DriverProvider">Microsoft</Data>
<Data Name="DriverInbox">True</Data>
<Data Name="DriverSection">NO_DRV</Data>
<Data Name="DriverRank">0x00ff0000</Data>
<Data Name="MatchingDeviceId">MMDEVAPI\AudioEndpoints</Data>
<Data Name="OutrankedDrivers">c_swdevice.inf:SWD\GenericRaw:00FF3001</Data>
<Data Name="DeviceUpdated">False</Data>
<Data Name="Status">0x00000000</Data>
<Data Name="ParentDeviceInstanceId">HDAUDIO\FUNC_01&amp;VEN_15AD&amp;DEV_1975&amp;SUBSYS_15AD1975&amp;REV_1001\5&amp;217be3d6&amp;0&amp;0001</Data>
</EventData>
</Event>

<Event xmlns="http://schemas.microsoft.com/win/2004/08/events/event"><System><Provider Name="Microsoft-Windows-Kernel-PnP" Guid="{9c205a39-1250-487d-abd7-e831c6290539}"></Provider>
<EventID Qualifiers="">410</EventID>
<Version>0</Version>
<Level>4</Level>
<Task>0</Task>
<Opcode>0</Opcode>
<Keywords>0x4000000000000000</Keywords>
<TimeCreated SystemTime="2020-10-23 09:21:25.891850"></TimeCreated>
<EventRecordID>337</EventRecordID>
<Correlation ActivityID="" RelatedActivityID=""></Correlation>
<Execution ProcessID="4" ThreadID="436"></Execution>
<Channel>Microsoft-Windows-Kernel-PnP/Configuration</Channel>
<Computer>WIN-PTFPHFCRDJ0</Computer>
<Security UserID="S-1-5-18"></Security>
</System>
<EventData><Data Name="DeviceInstanceId">SWD\MMDEVAPI\{0.0.0.00000000}.{1d33eb64-6130-4c93-a309-1e200be3fb4c}</Data>
<Data Name="DriverName">audioendpoint.inf</Data>
<Data Name="ClassGuid">{c166523c-fe0c-4a94-a586-f1a80cfbbf3e}</Data>
<Data Name="ServiceName"></Data>
<Data Name="LowerFilters"></Data>
<Data Name="UpperFilters"></Data>
<Data Name="Problem">0x00000000</Data>
<Data Name="Status">0x00000000</Data>
</EventData>
</Event>

<Event xmlns="http://schemas.microsoft.com/win/2004/08/events/event"><System><Provider Name="Microsoft-Windows-Kernel-PnP" Guid="{9c205a39-1250-487d-abd7-e831c6290539}"></Provider>
<EventID Qualifiers="">400</EventID>
<Version>0</Version>
<Level>4</Level>
<Task>0</Task>
<Opcode>0</Opcode>
<Keywords>0x4000000000000000</Keywords>
<TimeCreated SystemTime="2020-10-23 09:21:25.893291"></TimeCreated>
<EventRecordID>338</EventRecordID>
<Correlation ActivityID="" RelatedActivityID=""></Correlation>
<Execution ProcessID="4" ThreadID="444"></Execution>
<Channel>Microsoft-Windows-Kernel-PnP/Configuration</Channel>
<Computer>WIN-PTFPHFCRDJ0</Computer>
<Security UserID="S-1-5-18"></Security>
</System>
<EventData><Data Name="DeviceInstanceId">SWD\MMDEVAPI\{0.0.1.00000000}.{f4b6cf93-9a8d-45fc-bdc0-4a645c267758}</Data>
<Data Name="DriverName">audioendpoint.inf</Data>
<Data Name="ClassGuid">{c166523c-fe0c-4a94-a586-f1a80cfbbf3e}</Data>
<Data Name="DriverDate">09/14/2018</Data>
<Data Name="DriverVersion">10.0.17763.1</Data>
<Data Name="DriverProvider">Microsoft</Data>
<Data Name="DriverInbox">True</Data>
<Data Name="DriverSection">NO_DRV</Data>
<Data Name="DriverRank">0x00ff0000</Data>
<Data Name="MatchingDeviceId">MMDEVAPI\AudioEndpoints</Data>
<Data Name="OutrankedDrivers">c_swdevice.inf:SWD\GenericRaw:00FF3001</Data>
<Data Name="DeviceUpdated">False</Data>
<Data Name="Status">0x00000000</Data>
<Data Name="ParentDeviceInstanceId">HDAUDIO\FUNC_01&amp;VEN_15AD&amp;DEV_1975&amp;SUBSYS_15AD1975&amp;REV_1001\5&amp;217be3d6&amp;0&amp;0001</Data>
</EventData>
</Event>

<Event xmlns="http://schemas.microsoft.com/win/2004/08/events/event"><System><Provider Name="Microsoft-Windows-Kernel-PnP" Guid="{9c205a39-1250-487d-abd7-e831c6290539}"></Provider>
<EventID Qualifiers="">410</EventID>
<Version>0</Version>
<Level>4</Level>
<Task>0</Task>
<Opcode>0</Opcode>
<Keywords>0x4000000000000000</Keywords>
<TimeCreated SystemTime="2020-10-23 09:21:25.893946"></TimeCreated>
<EventRecordID>339</EventRecordID>
<Correlation ActivityID="" RelatedActivityID=""></Correlation>
<Execution ProcessID="4" ThreadID="444"></Execution>
<Channel>Microsoft-Windows-Kernel-PnP/Configuration</Channel>
<Computer>WIN-PTFPHFCRDJ0</Computer>
<Security UserID="S-1-5-18"></Security>
</System>
<EventData><Data Name="DeviceInstanceId">SWD\MMDEVAPI\{0.0.1.00000000}.{f4b6cf93-9a8d-45fc-bdc0-4a645c267758}</Data>
<Data Name="DriverName">audioendpoint.inf</Data>
<Data Name="ClassGuid">{c166523c-fe0c-4a94-a586-f1a80cfbbf3e}</Data>
<Data Name="ServiceName"></Data>
<Data Name="LowerFilters"></Data>
<Data Name="UpperFilters"></Data>
<Data Name="Problem">0x00000000</Data>
<Data Name="Status">0x00000000</Data>
</EventData>
</Event>

<Event xmlns="http://schemas.microsoft.com/win/2004/08/events/event"><System><Provider Name="Microsoft-Windows-Kernel-PnP" Guid="{9c205a39-1250-487d-abd7-e831c6290539}"></Provider>
<EventID Qualifiers="">400</EventID>
<Version>0</Version>
<Level>4</Level>
<Task>0</Task>
<Opcode>0</Opcode>
<Keywords>0x4000000000000000</Keywords>
<TimeCreated SystemTime="2020-10-23 09:21:25.915289"></TimeCreated>
<EventRecordID>340</EventRecordID>
<Correlation ActivityID="" RelatedActivityID=""></Correlation>
<Execution ProcessID="4" ThreadID="444"></Execution>
<Channel>Microsoft-Windows-Kernel-PnP/Configuration</Channel>
<Computer>WIN-PTFPHFCRDJ0</Computer>
<Security UserID="S-1-5-18"></Security>
</System>
<EventData><Data Name="DeviceInstanceId">SW\{97ebaacc-95bd-11d0-a3ea-00a0c9223196}\{53172480-4791-11D0-A5D6-28DB04C10000}</Data>
<Data Name="DriverName">ksfilter.inf</Data>
<Data Name="ClassGuid">{4d36e96c-e325-11ce-bfc1-08002be10318}</Data>
<Data Name="DriverDate">06/21/2006</Data>
<Data Name="DriverVersion">10.0.17763.1</Data>
<Data Name="DriverProvider">Microsoft</Data>
<Data Name="DriverInbox">True</Data>
<Data Name="DriverSection">MSPCLOCK.NT</Data>
<Data Name="DriverRank">0x00ff0000</Data>
<Data Name="MatchingDeviceId">SW\{97ebaacc-95bd-11d0-a3ea-00a0c9223196}</Data>
<Data Name="OutrankedDrivers"></Data>
<Data Name="DeviceUpdated">False</Data>
<Data Name="Status">0x00000000</Data>
<Data Name="ParentDeviceInstanceId">ROOT\SYSTEM\0000</Data>
</EventData>
</Event>

<Event xmlns="http://schemas.microsoft.com/win/2004/08/events/event"><System><Provider Name="Microsoft-Windows-Kernel-PnP" Guid="{9c205a39-1250-487d-abd7-e831c6290539}"></Provider>
<EventID Qualifiers="">410</EventID>
<Version>0</Version>
<Level>4</Level>
<Task>0</Task>
<Opcode>0</Opcode>
<Keywords>0x4000000000000000</Keywords>
<TimeCreated SystemTime="2020-10-23 09:21:25.917967"></TimeCreated>
<EventRecordID>341</EventRecordID>
<Correlation ActivityID="" RelatedActivityID=""></Correlation>
<Execution ProcessID="4" ThreadID="444"></Execution>
<Channel>Microsoft-Windows-Kernel-PnP/Configuration</Channel>
<Computer>WIN-PTFPHFCRDJ0</Computer>
<Security UserID="S-1-5-18"></Security>
</System>
<EventData><Data Name="DeviceInstanceId">SW\{97ebaacc-95bd-11d0-a3ea-00a0c9223196}\{53172480-4791-11D0-A5D6-28DB04C10000}</Data>
<Data Name="DriverName">ksfilter.inf</Data>
<Data Name="ClassGuid">{4d36e96c-e325-11ce-bfc1-08002be10318}</Data>
<Data Name="ServiceName">MSPCLOCK</Data>
<Data Name="LowerFilters"></Data>
<Data Name="UpperFilters"></Data>
<Data Name="Problem">0x00000000</Data>
<Data Name="Status">0x00000000</Data>
</EventData>
</Event>

<Event xmlns="http://schemas.microsoft.com/win/2004/08/events/event"><System><Provider Name="Microsoft-Windows-Kernel-PnP" Guid="{9c205a39-1250-487d-abd7-e831c6290539}"></Provider>
<EventID Qualifiers="">400</EventID>
<Version>0</Version>
<Level>4</Level>
<Task>0</Task>
<Opcode>0</Opcode>
<Keywords>0x4000000000000000</Keywords>
<TimeCreated SystemTime="2020-10-23 09:21:25.920538"></TimeCreated>
<EventRecordID>342</EventRecordID>
<Correlation ActivityID="" RelatedActivityID=""></Correlation>
<Execution ProcessID="4" ThreadID="444"></Execution>
<Channel>Microsoft-Windows-Kernel-PnP/Configuration</Channel>
<Computer>WIN-PTFPHFCRDJ0</Computer>
<Security UserID="S-1-5-18"></Security>
</System>
<EventData><Data Name="DeviceInstanceId">SW\{ddf4358e-bb2c-11d0-a42f-00a0c9223196}\{97EBAACB-95BD-11D0-A3EA-00A0C9223196}</Data>
<Data Name="DriverName">ksfilter.inf</Data>
<Data Name="ClassGuid">{4d36e96c-e325-11ce-bfc1-08002be10318}</Data>
<Data Name="DriverDate">06/21/2006</Data>
<Data Name="DriverVersion">10.0.17763.1</Data>
<Data Name="DriverProvider">Microsoft</Data>
<Data Name="DriverInbox">True</Data>
<Data Name="DriverSection">MSPQM.NT</Data>
<Data Name="DriverRank">0x00ff0000</Data>
<Data Name="MatchingDeviceId">SW\{ddf4358e-bb2c-11d0-a42f-00a0c9223196}</Data>
<Data Name="OutrankedDrivers"></Data>
<Data Name="DeviceUpdated">False</Data>
<Data Name="Status">0x00000000</Data>
<Data Name="ParentDeviceInstanceId">ROOT\SYSTEM\0000</Data>
</EventData>
</Event>

<Event xmlns="http://schemas.microsoft.com/win/2004/08/events/event"><System><Provider Name="Microsoft-Windows-Kernel-PnP" Guid="{9c205a39-1250-487d-abd7-e831c6290539}"></Provider>
<EventID Qualifiers="">410</EventID>
<Version>0</Version>
<Level>4</Level>
<Task>0</Task>
<Opcode>0</Opcode>
<Keywords>0x4000000000000000</Keywords>
<TimeCreated SystemTime="2020-10-23 09:21:25.921917"></TimeCreated>
<EventRecordID>343</EventRecordID>
<Correlation ActivityID="" RelatedActivityID=""></Correlation>
<Execution ProcessID="4" ThreadID="444"></Execution>
<Channel>Microsoft-Windows-Kernel-PnP/Configuration</Channel>
<Computer>WIN-PTFPHFCRDJ0</Computer>
<Security UserID="S-1-5-18"></Security>
</System>
<EventData><Data Name="DeviceInstanceId">SW\{ddf4358e-bb2c-11d0-a42f-00a0c9223196}\{97EBAACB-95BD-11D0-A3EA-00A0C9223196}</Data>
<Data Name="DriverName">ksfilter.inf</Data>
<Data Name="ClassGuid">{4d36e96c-e325-11ce-bfc1-08002be10318}</Data>
<Data Name="ServiceName">MSPQM</Data>
<Data Name="LowerFilters"></Data>
<Data Name="UpperFilters"></Data>
<Data Name="Problem">0x00000000</Data>
<Data Name="Status">0x00000000</Data>
</EventData>
</Event>

<Event xmlns="http://schemas.microsoft.com/win/2004/08/events/event"><System><Provider Name="Microsoft-Windows-Kernel-PnP" Guid="{9c205a39-1250-487d-abd7-e831c6290539}"></Provider>
<EventID Qualifiers="">400</EventID>
<Version>0</Version>
<Level>4</Level>
<Task>0</Task>
<Opcode>0</Opcode>
<Keywords>0x4000000000000000</Keywords>
<TimeCreated SystemTime="2020-10-23 09:21:25.923267"></TimeCreated>
<EventRecordID>344</EventRecordID>
<Correlation ActivityID="" RelatedActivityID=""></Correlation>
<Execution ProcessID="4" ThreadID="444"></Execution>
<Channel>Microsoft-Windows-Kernel-PnP/Configuration</Channel>
<Computer>WIN-PTFPHFCRDJ0</Computer>
<Security UserID="S-1-5-18"></Security>
</System>
<EventData><Data Name="DeviceInstanceId">SW\{96E080C7-143C-11D1-B40F-00A0C9223196}\{3C0D501A-140B-11D1-B40F-00A0C9223196}</Data>
<Data Name="DriverName">ksfilter.inf</Data>
<Data Name="ClassGuid">{4d36e96c-e325-11ce-bfc1-08002be10318}</Data>
<Data Name="DriverDate">06/21/2006</Data>
<Data Name="DriverVersion">10.0.17763.1</Data>
<Data Name="DriverProvider">Microsoft</Data>
<Data Name="DriverInbox">True</Data>
<Data Name="DriverSection">MSKSSRV.NT</Data>
<Data Name="DriverRank">0x00ff0000</Data>
<Data Name="MatchingDeviceId">SW\{96E080C7-143C-11D1-B40F-00A0C9223196}</Data>
<Data Name="OutrankedDrivers"></Data>
<Data Name="DeviceUpdated">False</Data>
<Data Name="Status">0x00000000</Data>
<Data Name="ParentDeviceInstanceId">ROOT\SYSTEM\0000</Data>
</EventData>
</Event>

<Event xmlns="http://schemas.microsoft.com/win/2004/08/events/event"><System><Provider Name="Microsoft-Windows-Kernel-PnP" Guid="{9c205a39-1250-487d-abd7-e831c6290539}"></Provider>
<EventID Qualifiers="">410</EventID>
<Version>0</Version>
<Level>4</Level>
<Task>0</Task>
<Opcode>0</Opcode>
<Keywords>0x4000000000000000</Keywords>
<TimeCreated SystemTime="2020-10-23 09:21:26.526308"></TimeCreated>
<EventRecordID>345</EventRecordID>
<Correlation ActivityID="" RelatedActivityID=""></Correlation>
<Execution ProcessID="4" ThreadID="444"></Execution>
<Channel>Microsoft-Windows-Kernel-PnP/Configuration</Channel>
<Computer>WIN-PTFPHFCRDJ0</Computer>
<Security UserID="S-1-5-18"></Security>
</System>
<EventData><Data Name="DeviceInstanceId">SW\{96E080C7-143C-11D1-B40F-00A0C9223196}\{3C0D501A-140B-11D1-B40F-00A0C9223196}</Data>
<Data Name="DriverName">ksfilter.inf</Data>
<Data Name="ClassGuid">{4d36e96c-e325-11ce-bfc1-08002be10318}</Data>
<Data Name="ServiceName">MSKSSRV</Data>
<Data Name="LowerFilters"></Data>
<Data Name="UpperFilters"></Data>
<Data Name="Problem">0x00000000</Data>
<Data Name="Status">0x00000000</Data>
</EventData>
</Event>

<Event xmlns="http://schemas.microsoft.com/win/2004/08/events/event"><System><Provider Name="Microsoft-Windows-Kernel-PnP" Guid="{9c205a39-1250-487d-abd7-e831c6290539}"></Provider>
<EventID Qualifiers="">400</EventID>
<Version>0</Version>
<Level>4</Level>
<Task>0</Task>
<Opcode>0</Opcode>
<Keywords>0x4000000000000000</Keywords>
<TimeCreated SystemTime="2020-10-23 09:21:26.528290"></TimeCreated>
<EventRecordID>346</EventRecordID>
<Correlation ActivityID="" RelatedActivityID=""></Correlation>
<Execution ProcessID="4" ThreadID="444"></Execution>
<Channel>Microsoft-Windows-Kernel-PnP/Configuration</Channel>
<Computer>WIN-PTFPHFCRDJ0</Computer>
<Security UserID="S-1-5-18"></Security>
</System>
<EventData><Data Name="DeviceInstanceId">SW\{cfd669f1-9bc2-11d0-8299-0000f822fe8a}\{CF1DDA2C-9743-11D0-A3EE-00A0C9223196}</Data>
<Data Name="DriverName">ksfilter.inf</Data>
<Data Name="ClassGuid">{4d36e96c-e325-11ce-bfc1-08002be10318}</Data>
<Data Name="DriverDate">06/21/2006</Data>
<Data Name="DriverVersion">10.0.17763.1</Data>
<Data Name="DriverProvider">Microsoft</Data>
<Data Name="DriverInbox">True</Data>
<Data Name="DriverSection">MSTEE.NT</Data>
<Data Name="DriverRank">0x00ff0000</Data>
<Data Name="MatchingDeviceId">SW\{cfd669f1-9bc2-11d0-8299-0000f822fe8a}</Data>
<Data Name="OutrankedDrivers"></Data>
<Data Name="DeviceUpdated">False</Data>
<Data Name="Status">0x00000000</Data>
<Data Name="ParentDeviceInstanceId">ROOT\SYSTEM\0000</Data>
</EventData>
</Event>

<Event xmlns="http://schemas.microsoft.com/win/2004/08/events/event"><System><Provider Name="Microsoft-Windows-Kernel-PnP" Guid="{9c205a39-1250-487d-abd7-e831c6290539}"></Provider>
<EventID Qualifiers="">400</EventID>
<Version>0</Version>
<Level>4</Level>
<Task>0</Task>
<Opcode>0</Opcode>
<Keywords>0x4000000000000000</Keywords>
<TimeCreated SystemTime="2020-10-23 09:21:26.532181"></TimeCreated>
<EventRecordID>347</EventRecordID>
<Correlation ActivityID="" RelatedActivityID=""></Correlation>
<Execution ProcessID="4" ThreadID="444"></Execution>
<Channel>Microsoft-Windows-Kernel-PnP/Configuration</Channel>
<Computer>WIN-PTFPHFCRDJ0</Computer>
<Security UserID="S-1-5-18"></Security>
</System>
<EventData><Data Name="DeviceInstanceId">SW\{cfd669f1-9bc2-11d0-8299-0000f822fe8a}\{0A4252A0-7E70-11D0-A5D6-28DB04C10000}</Data>
<Data Name="DriverName">ksfilter.inf</Data>
<Data Name="ClassGuid">{4d36e96c-e325-11ce-bfc1-08002be10318}</Data>
<Data Name="DriverDate">06/21/2006</Data>
<Data Name="DriverVersion">10.0.17763.1</Data>
<Data Name="DriverProvider">Microsoft</Data>
<Data Name="DriverInbox">True</Data>
<Data Name="DriverSection">MSTEE.NT</Data>
<Data Name="DriverRank">0x00ff0000</Data>
<Data Name="MatchingDeviceId">SW\{cfd669f1-9bc2-11d0-8299-0000f822fe8a}</Data>
<Data Name="OutrankedDrivers"></Data>
<Data Name="DeviceUpdated">False</Data>
<Data Name="Status">0x00000000</Data>
<Data Name="ParentDeviceInstanceId">ROOT\SYSTEM\0000</Data>
</EventData>
</Event>

<Event xmlns="http://schemas.microsoft.com/win/2004/08/events/event"><System><Provider Name="Microsoft-Windows-Kernel-PnP" Guid="{9c205a39-1250-487d-abd7-e831c6290539}"></Provider>
<EventID Qualifiers="">400</EventID>
<Version>0</Version>
<Level>4</Level>
<Task>0</Task>
<Opcode>0</Opcode>
<Keywords>0x4000000000000000</Keywords>
<TimeCreated SystemTime="2020-10-23 09:21:26.534729"></TimeCreated>
<EventRecordID>348</EventRecordID>
<Correlation ActivityID="" RelatedActivityID=""></Correlation>
<Execution ProcessID="4" ThreadID="444"></Execution>
<Channel>Microsoft-Windows-Kernel-PnP/Configuration</Channel>
<Computer>WIN-PTFPHFCRDJ0</Computer>
<Security UserID="S-1-5-18"></Security>
</System>
<EventData><Data Name="DeviceInstanceId">SW\{eec12db6-ad9c-4168-8658-b03daef417fe}\{ABD61E00-9350-47e2-A632-4438B90C6641}</Data>
<Data Name="DriverName">wdmaudio.inf</Data>
<Data Name="ClassGuid">{4d36e96c-e325-11ce-bfc1-08002be10318}</Data>
<Data Name="DriverDate">09/14/2018</Data>
<Data Name="DriverVersion">10.0.17763.1</Data>
<Data Name="DriverProvider">Microsoft</Data>
<Data Name="DriverInbox">True</Data>
<Data Name="DriverSection">WDM_DRMKAUD</Data>
<Data Name="DriverRank">0x00ff0000</Data>
<Data Name="MatchingDeviceId">SW\{eec12db6-ad9c-4168-8658-b03daef417fe}</Data>
<Data Name="OutrankedDrivers"></Data>
<Data Name="DeviceUpdated">False</Data>
<Data Name="Status">0x00000000</Data>
<Data Name="ParentDeviceInstanceId">ROOT\SYSTEM\0000</Data>
</EventData>
</Event>

<Event xmlns="http://schemas.microsoft.com/win/2004/08/events/event"><System><Provider Name="Microsoft-Windows-Kernel-PnP" Guid="{9c205a39-1250-487d-abd7-e831c6290539}"></Provider>
<EventID Qualifiers="">410</EventID>
<Version>0</Version>
<Level>4</Level>
<Task>0</Task>
<Opcode>0</Opcode>
<Keywords>0x4000000000000000</Keywords>
<TimeCreated SystemTime="2020-10-23 09:21:26.537333"></TimeCreated>
<EventRecordID>349</EventRecordID>
<Correlation ActivityID="" RelatedActivityID=""></Correlation>
<Execution ProcessID="4" ThreadID="444"></Execution>
<Channel>Microsoft-Windows-Kernel-PnP/Configuration</Channel>
<Computer>WIN-PTFPHFCRDJ0</Computer>
<Security UserID="S-1-5-18"></Security>
</System>
<EventData><Data Name="DeviceInstanceId">SW\{cfd669f1-9bc2-11d0-8299-0000f822fe8a}\{CF1DDA2C-9743-11D0-A3EE-00A0C9223196}</Data>
<Data Name="DriverName">ksfilter.inf</Data>
<Data Name="ClassGuid">{4d36e96c-e325-11ce-bfc1-08002be10318}</Data>
<Data Name="ServiceName">MSTEE</Data>
<Data Name="LowerFilters"></Data>
<Data Name="UpperFilters"></Data>
<Data Name="Problem">0x00000000</Data>
<Data Name="Status">0x00000000</Data>
</EventData>
</Event>

<Event xmlns="http://schemas.microsoft.com/win/2004/08/events/event"><System><Provider Name="Microsoft-Windows-Kernel-PnP" Guid="{9c205a39-1250-487d-abd7-e831c6290539}"></Provider>
<EventID Qualifiers="">410</EventID>
<Version>0</Version>
<Level>4</Level>
<Task>0</Task>
<Opcode>0</Opcode>
<Keywords>0x4000000000000000</Keywords>
<TimeCreated SystemTime="2020-10-23 09:21:26.537628"></TimeCreated>
<EventRecordID>350</EventRecordID>
<Correlation ActivityID="" RelatedActivityID=""></Correlation>
<Execution ProcessID="4" ThreadID="444"></Execution>
<Channel>Microsoft-Windows-Kernel-PnP/Configuration</Channel>
<Computer>WIN-PTFPHFCRDJ0</Computer>
<Security UserID="S-1-5-18"></Security>
</System>
<EventData><Data Name="DeviceInstanceId">SW\{cfd669f1-9bc2-11d0-8299-0000f822fe8a}\{0A4252A0-7E70-11D0-A5D6-28DB04C10000}</Data>
<Data Name="DriverName">ksfilter.inf</Data>
<Data Name="ClassGuid">{4d36e96c-e325-11ce-bfc1-08002be10318}</Data>
<Data Name="ServiceName">MSTEE</Data>
<Data Name="LowerFilters"></Data>
<Data Name="UpperFilters"></Data>
<Data Name="Problem">0x00000000</Data>
<Data Name="Status">0x00000000</Data>
</EventData>
</Event>

<Event xmlns="http://schemas.microsoft.com/win/2004/08/events/event"><System><Provider Name="Microsoft-Windows-Kernel-PnP" Guid="{9c205a39-1250-487d-abd7-e831c6290539}"></Provider>
<EventID Qualifiers="">410</EventID>
<Version>0</Version>
<Level>4</Level>
<Task>0</Task>
<Opcode>0</Opcode>
<Keywords>0x4000000000000000</Keywords>
<TimeCreated SystemTime="2020-10-23 09:21:26.538149"></TimeCreated>
<EventRecordID>351</EventRecordID>
<Correlation ActivityID="" RelatedActivityID=""></Correlation>
<Execution ProcessID="4" ThreadID="444"></Execution>
<Channel>Microsoft-Windows-Kernel-PnP/Configuration</Channel>
<Computer>WIN-PTFPHFCRDJ0</Computer>
<Security UserID="S-1-5-18"></Security>
</System>
<EventData><Data Name="DeviceInstanceId">SW\{eec12db6-ad9c-4168-8658-b03daef417fe}\{ABD61E00-9350-47e2-A632-4438B90C6641}</Data>
<Data Name="DriverName">wdmaudio.inf</Data>
<Data Name="ClassGuid">{4d36e96c-e325-11ce-bfc1-08002be10318}</Data>
<Data Name="ServiceName">drmkaud</Data>
<Data Name="LowerFilters"></Data>
<Data Name="UpperFilters"></Data>
<Data Name="Problem">0x00000000</Data>
<Data Name="Status">0x00000000</Data>
</EventData>
</Event>

<Event xmlns="http://schemas.microsoft.com/win/2004/08/events/event"><System><Provider Name="Microsoft-Windows-Kernel-PnP" Guid="{9c205a39-1250-487d-abd7-e831c6290539}"></Provider>
<EventID Qualifiers="">400</EventID>
<Version>0</Version>
<Level>4</Level>
<Task>0</Task>
<Opcode>0</Opcode>
<Keywords>0x4000000000000000</Keywords>
<TimeCreated SystemTime="2020-10-22 20:52:36.845991"></TimeCreated>
<EventRecordID>352</EventRecordID>
<Correlation ActivityID="" RelatedActivityID=""></Correlation>
<Execution ProcessID="4" ThreadID="416"></Execution>
<Channel>Microsoft-Windows-Kernel-PnP/Configuration</Channel>
<Computer>WIN-PTFPHFCRDJ0</Computer>
<Security UserID="S-1-5-18"></Security>
</System>
<EventData><Data Name="DeviceInstanceId">SWD\PRINTENUM\PrintQueues</Data>
<Data Name="DriverName">printqueue.inf</Data>
<Data Name="ClassGuid">{1ed2bbf9-11f0-4084-b21f-ad83a8e6dcdc}</Data>
<Data Name="DriverDate">06/21/2006</Data>
<Data Name="DriverVersion">10.0.17763.1</Data>
<Data Name="DriverProvider">Microsoft</Data>
<Data Name="DriverInbox">True</Data>
<Data Name="DriverSection">NO_DRV_LOCAL</Data>
<Data Name="DriverRank">0x00000000</Data>
<Data Name="MatchingDeviceId">PRINTENUM\LocalPrintQueue</Data>
<Data Name="OutrankedDrivers">c_swdevice.inf:SWD\GenericRaw:00FF3000</Data>
<Data Name="DeviceUpdated">False</Data>
<Data Name="Status">0x00000000</Data>
<Data Name="ParentDeviceInstanceId">HTREE\ROOT\0</Data>
</EventData>
</Event>

<Event xmlns="http://schemas.microsoft.com/win/2004/08/events/event"><System><Provider Name="Microsoft-Windows-Kernel-PnP" Guid="{9c205a39-1250-487d-abd7-e831c6290539}"></Provider>
<EventID Qualifiers="">410</EventID>
<Version>0</Version>
<Level>4</Level>
<Task>0</Task>
<Opcode>0</Opcode>
<Keywords>0x4000000000000000</Keywords>
<TimeCreated SystemTime="2020-10-22 20:52:36.846645"></TimeCreated>
<EventRecordID>353</EventRecordID>
<Correlation ActivityID="" RelatedActivityID=""></Correlation>
<Execution ProcessID="4" ThreadID="416"></Execution>
<Channel>Microsoft-Windows-Kernel-PnP/Configuration</Channel>
<Computer>WIN-PTFPHFCRDJ0</Computer>
<Security UserID="S-1-5-18"></Security>
</System>
<EventData><Data Name="DeviceInstanceId">SWD\PRINTENUM\PrintQueues</Data>
<Data Name="DriverName">printqueue.inf</Data>
<Data Name="ClassGuid">{1ed2bbf9-11f0-4084-b21f-ad83a8e6dcdc}</Data>
<Data Name="ServiceName"></Data>
<Data Name="LowerFilters"></Data>
<Data Name="UpperFilters"></Data>
<Data Name="Problem">0x00000000</Data>
<Data Name="Status">0x00000000</Data>
</EventData>
</Event>

