<?xml version="1.1" encoding="utf-8" standalone="yes" ?>

<Events>
<Event xmlns="http://schemas.microsoft.com/win/2004/08/events/event"><System><Provider Name="Microsoft-Windows-Audio" Guid="{ae4bd3be-f36f-45b6-8d21-bdd6fb832853}"></Provider>
<EventID Qualifiers="">65</EventID>
<Version>0</Version>
<Level>4</Level>
<Task>129</Task>
<Opcode>56</Opcode>
<Keywords>0x4000000000000000</Keywords>
<TimeCreated SystemTime="2020-10-23 09:21:25.716894"></TimeCreated>
<EventRecordID>1</EventRecordID>
<Correlation ActivityID="" RelatedActivityID=""></Correlation>
<Execution ProcessID="1256" ThreadID="2680"></Execution>
<Channel>Microsoft-Windows-Audio/Operational</Channel>
<Computer>WIN-PTFPHFCRDJ0</Computer>
<Security UserID="S-1-5-18"></Security>
</System>
<EventData><Data Name="DeviceName">UNKNOWN</Data>
<Data Name="DeviceId">{0.0.0.00000000}.{1d33eb64-6130-4c93-a309-1e200be3fb4c}</Data>
<Data Name="flow">0</Data>
<Data Name="NewState">4</Data>
</EventData>
</Event>

<Event xmlns="http://schemas.microsoft.com/win/2004/08/events/event"><System><Provider Name="Microsoft-Windows-Audio" Guid="{ae4bd3be-f36f-45b6-8d21-bdd6fb832853}"></Provider>
<EventID Qualifiers="">65</EventID>
<Version>0</Version>
<Level>4</Level>
<Task>129</Task>
<Opcode>56</Opcode>
<Keywords>0x4000000000000000</Keywords>
<TimeCreated SystemTime="2020-10-23 09:21:25.717016"></TimeCreated>
<EventRecordID>2</EventRecordID>
<Correlation ActivityID="" RelatedActivityID=""></Correlation>
<Execution ProcessID="1256" ThreadID="2680"></Execution>
<Channel>Microsoft-Windows-Audio/Operational</Channel>
<Computer>WIN-PTFPHFCRDJ0</Computer>
<Security UserID="S-1-5-18"></Security>
</System>
<EventData><Data Name="DeviceName">UNKNOWN</Data>
<Data Name="DeviceId">{0.0.0.00000000}.{1d33eb64-6130-4c93-a309-1e200be3fb4c}</Data>
<Data Name="flow">0</Data>
<Data Name="NewState">4</Data>
</EventData>
</Event>

<Event xmlns="http://schemas.microsoft.com/win/2004/08/events/event"><System><Provider Name="Microsoft-Windows-Audio" Guid="{ae4bd3be-f36f-45b6-8d21-bdd6fb832853}"></Provider>
<EventID Qualifiers="">65</EventID>
<Version>0</Version>
<Level>4</Level>
<Task>129</Task>
<Opcode>56</Opcode>
<Keywords>0x4000000000000000</Keywords>
<TimeCreated SystemTime="2020-10-23 09:21:25.717890"></TimeCreated>
<EventRecordID>3</EventRecordID>
<Correlation ActivityID="" RelatedActivityID=""></Correlation>
<Execution ProcessID="1256" ThreadID="2680"></Execution>
<Channel>Microsoft-Windows-Audio/Operational</Channel>
<Computer>WIN-PTFPHFCRDJ0</Computer>
<Security UserID="S-1-5-18"></Security>
</System>
<EventData><Data Name="DeviceName">High Definition Audio Device</Data>
<Data Name="DeviceId">{0.0.0.00000000}.{1d33eb64-6130-4c93-a309-1e200be3fb4c}</Data>
<Data Name="flow">0</Data>
<Data Name="NewState">4</Data>
</EventData>
</Event>

<Event xmlns="http://schemas.microsoft.com/win/2004/08/events/event"><System><Provider Name="Microsoft-Windows-Audio" Guid="{ae4bd3be-f36f-45b6-8d21-bdd6fb832853}"></Provider>
<EventID Qualifiers="">65</EventID>
<Version>0</Version>
<Level>4</Level>
<Task>129</Task>
<Opcode>56</Opcode>
<Keywords>0x4000000000000000</Keywords>
<TimeCreated SystemTime="2020-10-23 09:21:25.741402"></TimeCreated>
<EventRecordID>4</EventRecordID>
<Correlation ActivityID="" RelatedActivityID=""></Correlation>
<Execution ProcessID="1256" ThreadID="2680"></Execution>
<Channel>Microsoft-Windows-Audio/Operational</Channel>
<Computer>WIN-PTFPHFCRDJ0</Computer>
<Security UserID="S-1-5-18"></Security>
</System>
<EventData><Data Name="DeviceName">High Definition Audio Device</Data>
<Data Name="DeviceId">{0.0.0.00000000}.{1d33eb64-6130-4c93-a309-1e200be3fb4c}</Data>
<Data Name="flow">0</Data>
<Data Name="NewState">1</Data>
</EventData>
</Event>

<Event xmlns="http://schemas.microsoft.com/win/2004/08/events/event"><System><Provider Name="Microsoft-Windows-Audio" Guid="{ae4bd3be-f36f-45b6-8d21-bdd6fb832853}"></Provider>
<EventID Qualifiers="">65</EventID>
<Version>0</Version>
<Level>4</Level>
<Task>129</Task>
<Opcode>56</Opcode>
<Keywords>0x4000000000000000</Keywords>
<TimeCreated SystemTime="2020-10-23 09:21:25.742702"></TimeCreated>
<EventRecordID>5</EventRecordID>
<Correlation ActivityID="" RelatedActivityID=""></Correlation>
<Execution ProcessID="1256" ThreadID="2680"></Execution>
<Channel>Microsoft-Windows-Audio/Operational</Channel>
<Computer>WIN-PTFPHFCRDJ0</Computer>
<Security UserID="S-1-5-18"></Security>
</System>
<EventData><Data Name="DeviceName">UNKNOWN</Data>
<Data Name="DeviceId">{0.0.1.00000000}.{f4b6cf93-9a8d-45fc-bdc0-4a645c267758}</Data>
<Data Name="flow">1</Data>
<Data Name="NewState">4</Data>
</EventData>
</Event>

<Event xmlns="http://schemas.microsoft.com/win/2004/08/events/event"><System><Provider Name="Microsoft-Windows-Audio" Guid="{ae4bd3be-f36f-45b6-8d21-bdd6fb832853}"></Provider>
<EventID Qualifiers="">65</EventID>
<Version>0</Version>
<Level>4</Level>
<Task>129</Task>
<Opcode>56</Opcode>
<Keywords>0x4000000000000000</Keywords>
<TimeCreated SystemTime="2020-10-23 09:21:25.742781"></TimeCreated>
<EventRecordID>6</EventRecordID>
<Correlation ActivityID="" RelatedActivityID=""></Correlation>
<Execution ProcessID="1256" ThreadID="2680"></Execution>
<Channel>Microsoft-Windows-Audio/Operational</Channel>
<Computer>WIN-PTFPHFCRDJ0</Computer>
<Security UserID="S-1-5-18"></Security>
</System>
<EventData><Data Name="DeviceName">UNKNOWN</Data>
<Data Name="DeviceId">{0.0.1.00000000}.{f4b6cf93-9a8d-45fc-bdc0-4a645c267758}</Data>
<Data Name="flow">1</Data>
<Data Name="NewState">4</Data>
</EventData>
</Event>

<Event xmlns="http://schemas.microsoft.com/win/2004/08/events/event"><System><Provider Name="Microsoft-Windows-Audio" Guid="{ae4bd3be-f36f-45b6-8d21-bdd6fb832853}"></Provider>
<EventID Qualifiers="">65</EventID>
<Version>0</Version>
<Level>4</Level>
<Task>129</Task>
<Opcode>56</Opcode>
<Keywords>0x4000000000000000</Keywords>
<TimeCreated SystemTime="2020-10-23 09:21:25.743259"></TimeCreated>
<EventRecordID>7</EventRecordID>
<Correlation ActivityID="" RelatedActivityID=""></Correlation>
<Execution ProcessID="1256" ThreadID="2680"></Execution>
<Channel>Microsoft-Windows-Audio/Operational</Channel>
<Computer>WIN-PTFPHFCRDJ0</Computer>
<Security UserID="S-1-5-18"></Security>
</System>
<EventData><Data Name="DeviceName">High Definition Audio Device</Data>
<Data Name="DeviceId">{0.0.1.00000000}.{f4b6cf93-9a8d-45fc-bdc0-4a645c267758}</Data>
<Data Name="flow">1</Data>
<Data Name="NewState">4</Data>
</EventData>
</Event>

<Event xmlns="http://schemas.microsoft.com/win/2004/08/events/event"><System><Provider Name="Microsoft-Windows-Audio" Guid="{ae4bd3be-f36f-45b6-8d21-bdd6fb832853}"></Provider>
<EventID Qualifiers="">65</EventID>
<Version>0</Version>
<Level>4</Level>
<Task>129</Task>
<Opcode>56</Opcode>
<Keywords>0x4000000000000000</Keywords>
<TimeCreated SystemTime="2020-10-23 09:21:25.751743"></TimeCreated>
<EventRecordID>8</EventRecordID>
<Correlation ActivityID="" RelatedActivityID=""></Correlation>
<Execution ProcessID="1256" ThreadID="2680"></Execution>
<Channel>Microsoft-Windows-Audio/Operational</Channel>
<Computer>WIN-PTFPHFCRDJ0</Computer>
<Security UserID="S-1-5-18"></Security>
</System>
<EventData><Data Name="DeviceName">High Definition Audio Device</Data>
<Data Name="DeviceId">{0.0.1.00000000}.{f4b6cf93-9a8d-45fc-bdc0-4a645c267758}</Data>
<Data Name="flow">1</Data>
<Data Name="NewState">1</Data>
</EventData>
</Event>

</Events>
