<Event xmlns="http://schemas.microsoft.com/win/2004/08/events/event"><System><Provider Name="Microsoft-Windows-PushNotifications-Platform" Guid="{88cd9180-4491-4640-b571-e3bee2527943}"></Provider>
<EventID Qualifiers="">3112</EventID>
<Version>0</Version>
<Level>4</Level>
<Task>28</Task>
<Opcode>2</Opcode>
<Keywords>0x8000000000000800</Keywords>
<TimeCreated SystemTime="2020-10-22 22:12:43.401932"></TimeCreated>
<EventRecordID>102</EventRecordID>
<Correlation ActivityID="" RelatedActivityID=""></Correlation>
<Execution ProcessID="3340" ThreadID="264"></Execution>
<Channel>Microsoft-Windows-PushNotification-Platform/Operational</Channel>
<Computer>WIN-PTFPHFCRDJ0</Computer>
<Security UserID="S-1-5-21-1152959844-3645458174-3779170896-1000"></Security>
</System>
<EventData></EventData>
</Event>

<Event xmlns="http://schemas.microsoft.com/win/2004/08/events/event"><System><Provider Name="Microsoft-Windows-PushNotifications-Platform" Guid="{88cd9180-4491-4640-b571-e3bee2527943}"></Provider>
<EventID Qualifiers="">3052</EventID>
<Version>0</Version>
<Level>4</Level>
<Task>10</Task>
<Opcode>1</Opcode>
<Keywords>0x8000000080800803</Keywords>
<TimeCreated SystemTime="2020-10-22 22:12:55.438152"></TimeCreated>
<EventRecordID>103</EventRecordID>
<Correlation ActivityID="" RelatedActivityID=""></Correlation>
<Execution ProcessID="3340" ThreadID="264"></Execution>
<Channel>Microsoft-Windows-PushNotification-Platform/Operational</Channel>
<Computer>WIN-PTFPHFCRDJ0</Computer>
<Security UserID="S-1-5-21-1152959844-3645458174-3779170896-1000"></Security>
</System>
<EventData><Data Name="TrackingId">10</Data>
<Data Name="AppUserModelId">Windows.Defender.SecurityCenter</Data>
<Data Name="SessionId">1</Data>
<Data Name="MessageId">{6bb0e7c0-e9d6-44f1-9b31-64e2ad5b73f5}</Data>
</EventData>
</Event>

<Event xmlns="http://schemas.microsoft.com/win/2004/08/events/event"><System><Provider Name="Microsoft-Windows-PushNotifications-Platform" Guid="{88cd9180-4491-4640-b571-e3bee2527943}"></Provider>
<EventID Qualifiers="">3111</EventID>
<Version>0</Version>
<Level>4</Level>
<Task>28</Task>
<Opcode>1</Opcode>
<Keywords>0x8000000000000800</Keywords>
<TimeCreated SystemTime="2020-10-22 22:12:55.438805"></TimeCreated>
<EventRecordID>104</EventRecordID>
<Correlation ActivityID="" RelatedActivityID=""></Correlation>
<Execution ProcessID="3340" ThreadID="264"></Execution>
<Channel>Microsoft-Windows-PushNotification-Platform/Operational</Channel>
<Computer>WIN-PTFPHFCRDJ0</Computer>
<Security UserID="S-1-5-21-1152959844-3645458174-3779170896-1000"></Security>
</System>
<EventData></EventData>
</Event>

<Event xmlns="http://schemas.microsoft.com/win/2004/08/events/event"><System><Provider Name="Microsoft-Windows-PushNotifications-Platform" Guid="{88cd9180-4491-4640-b571-e3bee2527943}"></Provider>
<EventID Qualifiers="">3112</EventID>
<Version>0</Version>
<Level>4</Level>
<Task>28</Task>
<Opcode>2</Opcode>
<Keywords>0x8000000000000800</Keywords>
<TimeCreated SystemTime="2020-10-22 22:12:55.438808"></TimeCreated>
<EventRecordID>105</EventRecordID>
<Correlation ActivityID="" RelatedActivityID=""></Correlation>
<Execution ProcessID="3340" ThreadID="264"></Execution>
<Channel>Microsoft-Windows-PushNotification-Platform/Operational</Channel>
<Computer>WIN-PTFPHFCRDJ0</Computer>
<Security UserID="S-1-5-21-1152959844-3645458174-3779170896-1000"></Security>
</System>
<EventData></EventData>
</Event>

<Event xmlns="http://schemas.microsoft.com/win/2004/08/events/event"><System><Provider Name="Microsoft-Windows-PushNotifications-Platform" Guid="{88cd9180-4491-4640-b571-e3bee2527943}"></Provider>
<EventID Qualifiers="">2415</EventID>
<Version>0</Version>
<Level>4</Level>
<Task>0</Task>
<Opcode>0</Opcode>
<Keywords>0x8000000000800200</Keywords>
<TimeCreated SystemTime="2020-10-22 22:30:54.208347"></TimeCreated>
<EventRecordID>106</EventRecordID>
<Correlation ActivityID="" RelatedActivityID=""></Correlation>
<Execution ProcessID="3340" ThreadID="4992"></Execution>
<Channel>Microsoft-Windows-PushNotification-Platform/Operational</Channel>
<Computer>WIN-PTFPHFCRDJ0</Computer>
<Security UserID="S-1-5-21-1152959844-3645458174-3779170896-1000"></Security>
</System>
<EventData><Data Name="AppUserModelId">Microsoft.Explorer.Notification.{7820AE78-23E3-4229-82C1-E41CB67D5B9C}</Data>
<Data Name="ErrorCode">0</Data>
</EventData>
</Event>

<Event xmlns="http://schemas.microsoft.com/win/2004/08/events/event"><System><Provider Name="Microsoft-Windows-PushNotifications-Platform" Guid="{88cd9180-4491-4640-b571-e3bee2527943}"></Provider>
<EventID Qualifiers="">42</EventID>
<Version>0</Version>
<Level>4</Level>
<Task>0</Task>
<Opcode>0</Opcode>
<Keywords>0x8000000002801000</Keywords>
<TimeCreated SystemTime="2020-10-22 22:30:56.761755"></TimeCreated>
<EventRecordID>107</EventRecordID>
<Correlation ActivityID="" RelatedActivityID=""></Correlation>
<Execution ProcessID="3340" ThreadID="3644"></Execution>
<Channel>Microsoft-Windows-PushNotification-Platform/Operational</Channel>
<Computer>WIN-PTFPHFCRDJ0</Computer>
<Security UserID="S-1-5-21-1152959844-3645458174-3779170896-1000"></Security>
</System>
<EventData><Data Name="GroupPolicyValue">True</Data>
<Data Name="MDMPolicyValue">True</Data>
</EventData>
</Event>

<Event xmlns="http://schemas.microsoft.com/win/2004/08/events/event"><System><Provider Name="Microsoft-Windows-PushNotifications-Platform" Guid="{88cd9180-4491-4640-b571-e3bee2527943}"></Provider>
<EventID Qualifiers="">2415</EventID>
<Version>0</Version>
<Level>4</Level>
<Task>0</Task>
<Opcode>0</Opcode>
<Keywords>0x8000000000800200</Keywords>
<TimeCreated SystemTime="2020-10-22 22:33:57.051950"></TimeCreated>
<EventRecordID>108</EventRecordID>
<Correlation ActivityID="" RelatedActivityID=""></Correlation>
<Execution ProcessID="3340" ThreadID="3824"></Execution>
<Channel>Microsoft-Windows-PushNotification-Platform/Operational</Channel>
<Computer>WIN-PTFPHFCRDJ0</Computer>
<Security UserID="S-1-5-21-1152959844-3645458174-3779170896-1000"></Security>
</System>
<EventData><Data Name="AppUserModelId">Microsoft.Explorer.Notification.{7820AE78-23E3-4229-82C1-E41CB67D5B9C}</Data>
<Data Name="ErrorCode">0</Data>
</EventData>
</Event>

<Event xmlns="http://schemas.microsoft.com/win/2004/08/events/event"><System><Provider Name="Microsoft-Windows-PushNotifications-Platform" Guid="{88cd9180-4491-4640-b571-e3bee2527943}"></Provider>
<EventID Qualifiers="">42</EventID>
<Version>0</Version>
<Level>4</Level>
<Task>0</Task>
<Opcode>0</Opcode>
<Keywords>0x8000000002801000</Keywords>
<TimeCreated SystemTime="2020-10-22 22:37:43.931160"></TimeCreated>
<EventRecordID>109</EventRecordID>
<Correlation ActivityID="" RelatedActivityID=""></Correlation>
<Execution ProcessID="3340" ThreadID="3644"></Execution>
<Channel>Microsoft-Windows-PushNotification-Platform/Operational</Channel>
<Computer>WIN-PTFPHFCRDJ0</Computer>
<Security UserID="S-1-5-21-1152959844-3645458174-3779170896-1000"></Security>
</System>
<EventData><Data Name="GroupPolicyValue">True</Data>
<Data Name="MDMPolicyValue">True</Data>
</EventData>
</Event>

<Event xmlns="http://schemas.microsoft.com/win/2004/08/events/event"><System><Provider Name="Microsoft-Windows-PushNotifications-Platform" Guid="{88cd9180-4491-4640-b571-e3bee2527943}"></Provider>
<EventID Qualifiers="">2415</EventID>
<Version>0</Version>
<Level>4</Level>
<Task>0</Task>
<Opcode>0</Opcode>
<Keywords>0x8000000000800200</Keywords>
<TimeCreated SystemTime="2020-10-22 22:38:57.778967"></TimeCreated>
<EventRecordID>110</EventRecordID>
<Correlation ActivityID="" RelatedActivityID=""></Correlation>
<Execution ProcessID="3340" ThreadID="940"></Execution>
<Channel>Microsoft-Windows-PushNotification-Platform/Operational</Channel>
<Computer>WIN-PTFPHFCRDJ0</Computer>
<Security UserID="S-1-5-21-1152959844-3645458174-3779170896-1000"></Security>
</System>
<EventData><Data Name="AppUserModelId">Microsoft.Explorer.Notification.{7820AE78-23E3-4229-82C1-E41CB67D5B9C}</Data>
<Data Name="ErrorCode">0</Data>
</EventData>
</Event>

<Event xmlns="http://schemas.microsoft.com/win/2004/08/events/event"><System><Provider Name="Microsoft-Windows-PushNotifications-Platform" Guid="{88cd9180-4491-4640-b571-e3bee2527943}"></Provider>
<EventID Qualifiers="">42</EventID>
<Version>0</Version>
<Level>4</Level>
<Task>0</Task>
<Opcode>0</Opcode>
<Keywords>0x8000000002801000</Keywords>
<TimeCreated SystemTime="2020-10-22 22:38:59.030434"></TimeCreated>
<EventRecordID>111</EventRecordID>
<Correlation ActivityID="" RelatedActivityID=""></Correlation>
<Execution ProcessID="3340" ThreadID="3644"></Execution>
<Channel>Microsoft-Windows-PushNotification-Platform/Operational</Channel>
<Computer>WIN-PTFPHFCRDJ0</Computer>
<Security UserID="S-1-5-21-1152959844-3645458174-3779170896-1000"></Security>
</System>
<EventData><Data Name="GroupPolicyValue">True</Data>
<Data Name="MDMPolicyValue">True</Data>
</EventData>
</Event>

<Event xmlns="http://schemas.microsoft.com/win/2004/08/events/event"><System><Provider Name="Microsoft-Windows-PushNotifications-Platform" Guid="{88cd9180-4491-4640-b571-e3bee2527943}"></Provider>
<EventID Qualifiers="">2415</EventID>
<Version>0</Version>
<Level>4</Level>
<Task>0</Task>
<Opcode>0</Opcode>
<Keywords>0x8000000000800200</Keywords>
<TimeCreated SystemTime="2020-10-22 22:39:30.939785"></TimeCreated>
<EventRecordID>112</EventRecordID>
<Correlation ActivityID="" RelatedActivityID=""></Correlation>
<Execution ProcessID="3340" ThreadID="940"></Execution>
<Channel>Microsoft-Windows-PushNotification-Platform/Operational</Channel>
<Computer>WIN-PTFPHFCRDJ0</Computer>
<Security UserID="S-1-5-21-1152959844-3645458174-3779170896-1000"></Security>
</System>
<EventData><Data Name="AppUserModelId">Microsoft.Explorer.Notification.{7820AE78-23E3-4229-82C1-E41CB67D5B9C}</Data>
<Data Name="ErrorCode">0</Data>
</EventData>
</Event>

<Event xmlns="http://schemas.microsoft.com/win/2004/08/events/event"><System><Provider Name="Microsoft-Windows-PushNotifications-Platform" Guid="{88cd9180-4491-4640-b571-e3bee2527943}"></Provider>
<EventID Qualifiers="">42</EventID>
<Version>0</Version>
<Level>4</Level>
<Task>0</Task>
<Opcode>0</Opcode>
<Keywords>0x8000000002801000</Keywords>
<TimeCreated SystemTime="2020-10-22 22:41:27.896200"></TimeCreated>
<EventRecordID>113</EventRecordID>
<Correlation ActivityID="" RelatedActivityID=""></Correlation>
<Execution ProcessID="3340" ThreadID="3644"></Execution>
<Channel>Microsoft-Windows-PushNotification-Platform/Operational</Channel>
<Computer>WIN-PTFPHFCRDJ0</Computer>
<Security UserID="S-1-5-21-1152959844-3645458174-3779170896-1000"></Security>
</System>
<EventData><Data Name="GroupPolicyValue">True</Data>
<Data Name="MDMPolicyValue">True</Data>
</EventData>
</Event>

<Event xmlns="http://schemas.microsoft.com/win/2004/08/events/event"><System><Provider Name="Microsoft-Windows-PushNotifications-Platform" Guid="{88cd9180-4491-4640-b571-e3bee2527943}"></Provider>
<EventID Qualifiers="">3055</EventID>
<Version>0</Version>
<Level>4</Level>
<Task>23</Task>
<Opcode>0</Opcode>
<Keywords>0x80000000a1878800</Keywords>
<TimeCreated SystemTime="2020-10-22 22:41:42.253113"></TimeCreated>
<EventRecordID>114</EventRecordID>
<Correlation ActivityID="" RelatedActivityID=""></Correlation>
<Execution ProcessID="3340" ThreadID="3596"></Execution>
<Channel>Microsoft-Windows-PushNotification-Platform/Operational</Channel>
<Computer>WIN-PTFPHFCRDJ0</Computer>
<Security UserID="S-1-5-21-1152959844-3645458174-3779170896-1000"></Security>
</System>
<EventData><Data Name="SessionId">1</Data>
</EventData>
</Event>

<Event xmlns="http://schemas.microsoft.com/win/2004/08/events/event"><System><Provider Name="Microsoft-Windows-PushNotifications-Platform" Guid="{88cd9180-4491-4640-b571-e3bee2527943}"></Provider>
<EventID Qualifiers="">3128</EventID>
<Version>0</Version>
<Level>4</Level>
<Task>33</Task>
<Opcode>1</Opcode>
<Keywords>0x8000000000000800</Keywords>
<TimeCreated SystemTime="2020-10-22 22:41:42.253216"></TimeCreated>
<EventRecordID>115</EventRecordID>
<Correlation ActivityID="" RelatedActivityID=""></Correlation>
<Execution ProcessID="3340" ThreadID="2392"></Execution>
<Channel>Microsoft-Windows-PushNotification-Platform/Operational</Channel>
<Computer>WIN-PTFPHFCRDJ0</Computer>
<Security UserID="S-1-5-21-1152959844-3645458174-3779170896-1000"></Security>
</System>
<EventData></EventData>
</Event>

<Event xmlns="http://schemas.microsoft.com/win/2004/08/events/event"><System><Provider Name="Microsoft-Windows-PushNotifications-Platform" Guid="{88cd9180-4491-4640-b571-e3bee2527943}"></Provider>
<EventID Qualifiers="">3129</EventID>
<Version>0</Version>
<Level>4</Level>
<Task>33</Task>
<Opcode>2</Opcode>
<Keywords>0x8000000000000800</Keywords>
<TimeCreated SystemTime="2020-10-22 22:41:42.253265"></TimeCreated>
<EventRecordID>116</EventRecordID>
<Correlation ActivityID="" RelatedActivityID=""></Correlation>
<Execution ProcessID="3340" ThreadID="2392"></Execution>
<Channel>Microsoft-Windows-PushNotification-Platform/Operational</Channel>
<Computer>WIN-PTFPHFCRDJ0</Computer>
<Security UserID="S-1-5-21-1152959844-3645458174-3779170896-1000"></Security>
</System>
<EventData></EventData>
</Event>

<Event xmlns="http://schemas.microsoft.com/win/2004/08/events/event"><System><Provider Name="Microsoft-Windows-PushNotifications-Platform" Guid="{88cd9180-4491-4640-b571-e3bee2527943}"></Provider>
<EventID Qualifiers="">3055</EventID>
<Version>0</Version>
<Level>4</Level>
<Task>23</Task>
<Opcode>0</Opcode>
<Keywords>0x80000000a1878800</Keywords>
<TimeCreated SystemTime="2020-10-22 22:41:42.255175"></TimeCreated>
<EventRecordID>117</EventRecordID>
<Correlation ActivityID="" RelatedActivityID=""></Correlation>
<Execution ProcessID="3340" ThreadID="3596"></Execution>
<Channel>Microsoft-Windows-PushNotification-Platform/Operational</Channel>
<Computer>WIN-PTFPHFCRDJ0</Computer>
<Security UserID="S-1-5-21-1152959844-3645458174-3779170896-1000"></Security>
</System>
<EventData><Data Name="SessionId">1</Data>
</EventData>
</Event>

<Event xmlns="http://schemas.microsoft.com/win/2004/08/events/event"><System><Provider Name="Microsoft-Windows-PushNotifications-Platform" Guid="{88cd9180-4491-4640-b571-e3bee2527943}"></Provider>
<EventID Qualifiers="">3128</EventID>
<Version>0</Version>
<Level>4</Level>
<Task>33</Task>
<Opcode>1</Opcode>
<Keywords>0x8000000000000800</Keywords>
<TimeCreated SystemTime="2020-10-22 22:41:42.255178"></TimeCreated>
<EventRecordID>118</EventRecordID>
<Correlation ActivityID="" RelatedActivityID=""></Correlation>
<Execution ProcessID="3340" ThreadID="4564"></Execution>
<Channel>Microsoft-Windows-PushNotification-Platform/Operational</Channel>
<Computer>WIN-PTFPHFCRDJ0</Computer>
<Security UserID="S-1-5-21-1152959844-3645458174-3779170896-1000"></Security>
</System>
<EventData></EventData>
</Event>

<Event xmlns="http://schemas.microsoft.com/win/2004/08/events/event"><System><Provider Name="Microsoft-Windows-PushNotifications-Platform" Guid="{88cd9180-4491-4640-b571-e3bee2527943}"></Provider>
<EventID Qualifiers="">3129</EventID>
<Version>0</Version>
<Level>4</Level>
<Task>33</Task>
<Opcode>2</Opcode>
<Keywords>0x8000000000000800</Keywords>
<TimeCreated SystemTime="2020-10-22 22:41:42.255198"></TimeCreated>
<EventRecordID>119</EventRecordID>
<Correlation ActivityID="" RelatedActivityID=""></Correlation>
<Execution ProcessID="3340" ThreadID="4564"></Execution>
<Channel>Microsoft-Windows-PushNotification-Platform/Operational</Channel>
<Computer>WIN-PTFPHFCRDJ0</Computer>
<Security UserID="S-1-5-21-1152959844-3645458174-3779170896-1000"></Security>
</System>
<EventData></EventData>
</Event>

<Event xmlns="http://schemas.microsoft.com/win/2004/08/events/event"><System><Provider Name="Microsoft-Windows-PushNotifications-Platform" Guid="{88cd9180-4491-4640-b571-e3bee2527943}"></Provider>
<EventID Qualifiers="">3055</EventID>
<Version>0</Version>
<Level>4</Level>
<Task>23</Task>
<Opcode>0</Opcode>
<Keywords>0x80000000a1878800</Keywords>
<TimeCreated SystemTime="2020-10-22 22:41:42.256557"></TimeCreated>
<EventRecordID>120</EventRecordID>
<Correlation ActivityID="" RelatedActivityID=""></Correlation>
<Execution ProcessID="3340" ThreadID="3596"></Execution>
<Channel>Microsoft-Windows-PushNotification-Platform/Operational</Channel>
<Computer>WIN-PTFPHFCRDJ0</Computer>
<Security UserID="S-1-5-21-1152959844-3645458174-3779170896-1000"></Security>
</System>
<EventData><Data Name="SessionId">1</Data>
</EventData>
</Event>

<Event xmlns="http://schemas.microsoft.com/win/2004/08/events/event"><System><Provider Name="Microsoft-Windows-PushNotifications-Platform" Guid="{88cd9180-4491-4640-b571-e3bee2527943}"></Provider>
<EventID Qualifiers="">3128</EventID>
<Version>0</Version>
<Level>4</Level>
<Task>33</Task>
<Opcode>1</Opcode>
<Keywords>0x8000000000000800</Keywords>
<TimeCreated SystemTime="2020-10-22 22:41:42.256563"></TimeCreated>
<EventRecordID>121</EventRecordID>
<Correlation ActivityID="" RelatedActivityID=""></Correlation>
<Execution ProcessID="3340" ThreadID="4564"></Execution>
<Channel>Microsoft-Windows-PushNotification-Platform/Operational</Channel>
<Computer>WIN-PTFPHFCRDJ0</Computer>
<Security UserID="S-1-5-21-1152959844-3645458174-3779170896-1000"></Security>
</System>
<EventData></EventData>
</Event>

<Event xmlns="http://schemas.microsoft.com/win/2004/08/events/event"><System><Provider Name="Microsoft-Windows-PushNotifications-Platform" Guid="{88cd9180-4491-4640-b571-e3bee2527943}"></Provider>
<EventID Qualifiers="">3129</EventID>
<Version>0</Version>
<Level>4</Level>
<Task>33</Task>
<Opcode>2</Opcode>
<Keywords>0x8000000000000800</Keywords>
<TimeCreated SystemTime="2020-10-22 22:41:42.256580"></TimeCreated>
<EventRecordID>122</EventRecordID>
<Correlation ActivityID="" RelatedActivityID=""></Correlation>
<Execution ProcessID="3340" ThreadID="4564"></Execution>
<Channel>Microsoft-Windows-PushNotification-Platform/Operational</Channel>
<Computer>WIN-PTFPHFCRDJ0</Computer>
<Security UserID="S-1-5-21-1152959844-3645458174-3779170896-1000"></Security>
</System>
<EventData></EventData>
</Event>

<Event xmlns="http://schemas.microsoft.com/win/2004/08/events/event"><System><Provider Name="Microsoft-Windows-PushNotifications-Platform" Guid="{88cd9180-4491-4640-b571-e3bee2527943}"></Provider>
<EventID Qualifiers="">3055</EventID>
<Version>0</Version>
<Level>4</Level>
<Task>23</Task>
<Opcode>0</Opcode>
<Keywords>0x80000000a1878800</Keywords>
<TimeCreated SystemTime="2020-10-22 22:41:42.257847"></TimeCreated>
<EventRecordID>123</EventRecordID>
<Correlation ActivityID="" RelatedActivityID=""></Correlation>
<Execution ProcessID="3340" ThreadID="3596"></Execution>
<Channel>Microsoft-Windows-PushNotification-Platform/Operational</Channel>
<Computer>WIN-PTFPHFCRDJ0</Computer>
<Security UserID="S-1-5-21-1152959844-3645458174-3779170896-1000"></Security>
</System>
<EventData><Data Name="SessionId">1</Data>
</EventData>
</Event>

<Event xmlns="http://schemas.microsoft.com/win/2004/08/events/event"><System><Provider Name="Microsoft-Windows-PushNotifications-Platform" Guid="{88cd9180-4491-4640-b571-e3bee2527943}"></Provider>
<EventID Qualifiers="">3128</EventID>
<Version>0</Version>
<Level>4</Level>
<Task>33</Task>
<Opcode>1</Opcode>
<Keywords>0x8000000000000800</Keywords>
<TimeCreated SystemTime="2020-10-22 22:41:42.257853"></TimeCreated>
<EventRecordID>124</EventRecordID>
<Correlation ActivityID="" RelatedActivityID=""></Correlation>
<Execution ProcessID="3340" ThreadID="4564"></Execution>
<Channel>Microsoft-Windows-PushNotification-Platform/Operational</Channel>
<Computer>WIN-PTFPHFCRDJ0</Computer>
<Security UserID="S-1-5-21-1152959844-3645458174-3779170896-1000"></Security>
</System>
<EventData></EventData>
</Event>

<Event xmlns="http://schemas.microsoft.com/win/2004/08/events/event"><System><Provider Name="Microsoft-Windows-PushNotifications-Platform" Guid="{88cd9180-4491-4640-b571-e3bee2527943}"></Provider>
<EventID Qualifiers="">3129</EventID>
<Version>0</Version>
<Level>4</Level>
<Task>33</Task>
<Opcode>2</Opcode>
<Keywords>0x8000000000000800</Keywords>
<TimeCreated SystemTime="2020-10-22 22:41:42.257870"></TimeCreated>
<EventRecordID>125</EventRecordID>
<Correlation ActivityID="" RelatedActivityID=""></Correlation>
<Execution ProcessID="3340" ThreadID="4564"></Execution>
<Channel>Microsoft-Windows-PushNotification-Platform/Operational</Channel>
<Computer>WIN-PTFPHFCRDJ0</Computer>
<Security UserID="S-1-5-21-1152959844-3645458174-3779170896-1000"></Security>
</System>
<EventData></EventData>
</Event>

<Event xmlns="http://schemas.microsoft.com/win/2004/08/events/event"><System><Provider Name="Microsoft-Windows-PushNotifications-Platform" Guid="{88cd9180-4491-4640-b571-e3bee2527943}"></Provider>
<EventID Qualifiers="">3055</EventID>
<Version>0</Version>
<Level>4</Level>
<Task>23</Task>
<Opcode>0</Opcode>
<Keywords>0x80000000a1878800</Keywords>
<TimeCreated SystemTime="2020-10-22 22:41:42.259218"></TimeCreated>
<EventRecordID>126</EventRecordID>
<Correlation ActivityID="" RelatedActivityID=""></Correlation>
<Execution ProcessID="3340" ThreadID="3596"></Execution>
<Channel>Microsoft-Windows-PushNotification-Platform/Operational</Channel>
<Computer>WIN-PTFPHFCRDJ0</Computer>
<Security UserID="S-1-5-21-1152959844-3645458174-3779170896-1000"></Security>
</System>
<EventData><Data Name="SessionId">1</Data>
</EventData>
</Event>

<Event xmlns="http://schemas.microsoft.com/win/2004/08/events/event"><System><Provider Name="Microsoft-Windows-PushNotifications-Platform" Guid="{88cd9180-4491-4640-b571-e3bee2527943}"></Provider>
<EventID Qualifiers="">3128</EventID>
<Version>0</Version>
<Level>4</Level>
<Task>33</Task>
<Opcode>1</Opcode>
<Keywords>0x8000000000000800</Keywords>
<TimeCreated SystemTime="2020-10-22 22:41:42.259224"></TimeCreated>
<EventRecordID>127</EventRecordID>
<Correlation ActivityID="" RelatedActivityID=""></Correlation>
<Execution ProcessID="3340" ThreadID="4564"></Execution>
<Channel>Microsoft-Windows-PushNotification-Platform/Operational</Channel>
<Computer>WIN-PTFPHFCRDJ0</Computer>
<Security UserID="S-1-5-21-1152959844-3645458174-3779170896-1000"></Security>
</System>
<EventData></EventData>
</Event>

<Event xmlns="http://schemas.microsoft.com/win/2004/08/events/event"><System><Provider Name="Microsoft-Windows-PushNotifications-Platform" Guid="{88cd9180-4491-4640-b571-e3bee2527943}"></Provider>
<EventID Qualifiers="">3129</EventID>
<Version>0</Version>
<Level>4</Level>
<Task>33</Task>
<Opcode>2</Opcode>
<Keywords>0x8000000000000800</Keywords>
<TimeCreated SystemTime="2020-10-22 22:41:42.259241"></TimeCreated>
<EventRecordID>128</EventRecordID>
<Correlation ActivityID="" RelatedActivityID=""></Correlation>
<Execution ProcessID="3340" ThreadID="4564"></Execution>
<Channel>Microsoft-Windows-PushNotification-Platform/Operational</Channel>
<Computer>WIN-PTFPHFCRDJ0</Computer>
<Security UserID="S-1-5-21-1152959844-3645458174-3779170896-1000"></Security>
</System>
<EventData></EventData>
</Event>

<Event xmlns="http://schemas.microsoft.com/win/2004/08/events/event"><System><Provider Name="Microsoft-Windows-PushNotifications-Platform" Guid="{88cd9180-4491-4640-b571-e3bee2527943}"></Provider>
<EventID Qualifiers="">3055</EventID>
<Version>0</Version>
<Level>4</Level>
<Task>23</Task>
<Opcode>0</Opcode>
<Keywords>0x80000000a1878800</Keywords>
<TimeCreated SystemTime="2020-10-22 22:41:42.260584"></TimeCreated>
<EventRecordID>129</EventRecordID>
<Correlation ActivityID="" RelatedActivityID=""></Correlation>
<Execution ProcessID="3340" ThreadID="3596"></Execution>
<Channel>Microsoft-Windows-PushNotification-Platform/Operational</Channel>
<Computer>WIN-PTFPHFCRDJ0</Computer>
<Security UserID="S-1-5-21-1152959844-3645458174-3779170896-1000"></Security>
</System>
<EventData><Data Name="SessionId">1</Data>
</EventData>
</Event>

<Event xmlns="http://schemas.microsoft.com/win/2004/08/events/event"><System><Provider Name="Microsoft-Windows-PushNotifications-Platform" Guid="{88cd9180-4491-4640-b571-e3bee2527943}"></Provider>
<EventID Qualifiers="">3128</EventID>
<Version>0</Version>
<Level>4</Level>
<Task>33</Task>
<Opcode>1</Opcode>
<Keywords>0x8000000000000800</Keywords>
<TimeCreated SystemTime="2020-10-22 22:41:42.260588"></TimeCreated>
<EventRecordID>130</EventRecordID>
<Correlation ActivityID="" RelatedActivityID=""></Correlation>
<Execution ProcessID="3340" ThreadID="4564"></Execution>
<Channel>Microsoft-Windows-PushNotification-Platform/Operational</Channel>
<Computer>WIN-PTFPHFCRDJ0</Computer>
<Security UserID="S-1-5-21-1152959844-3645458174-3779170896-1000"></Security>
</System>
<EventData></EventData>
</Event>

<Event xmlns="http://schemas.microsoft.com/win/2004/08/events/event"><System><Provider Name="Microsoft-Windows-PushNotifications-Platform" Guid="{88cd9180-4491-4640-b571-e3bee2527943}"></Provider>
<EventID Qualifiers="">3129</EventID>
<Version>0</Version>
<Level>4</Level>
<Task>33</Task>
<Opcode>2</Opcode>
<Keywords>0x8000000000000800</Keywords>
<TimeCreated SystemTime="2020-10-22 22:41:42.260605"></TimeCreated>
<EventRecordID>131</EventRecordID>
<Correlation ActivityID="" RelatedActivityID=""></Correlation>
<Execution ProcessID="3340" ThreadID="4564"></Execution>
<Channel>Microsoft-Windows-PushNotification-Platform/Operational</Channel>
<Computer>WIN-PTFPHFCRDJ0</Computer>
<Security UserID="S-1-5-21-1152959844-3645458174-3779170896-1000"></Security>
</System>
<EventData></EventData>
</Event>

<Event xmlns="http://schemas.microsoft.com/win/2004/08/events/event"><System><Provider Name="Microsoft-Windows-PushNotifications-Platform" Guid="{88cd9180-4491-4640-b571-e3bee2527943}"></Provider>
<EventID Qualifiers="">3055</EventID>
<Version>0</Version>
<Level>4</Level>
<Task>23</Task>
<Opcode>0</Opcode>
<Keywords>0x80000000a1878800</Keywords>
<TimeCreated SystemTime="2020-10-22 22:41:42.261854"></TimeCreated>
<EventRecordID>132</EventRecordID>
<Correlation ActivityID="" RelatedActivityID=""></Correlation>
<Execution ProcessID="3340" ThreadID="3596"></Execution>
<Channel>Microsoft-Windows-PushNotification-Platform/Operational</Channel>
<Computer>WIN-PTFPHFCRDJ0</Computer>
<Security UserID="S-1-5-21-1152959844-3645458174-3779170896-1000"></Security>
</System>
<EventData><Data Name="SessionId">1</Data>
</EventData>
</Event>

<Event xmlns="http://schemas.microsoft.com/win/2004/08/events/event"><System><Provider Name="Microsoft-Windows-PushNotifications-Platform" Guid="{88cd9180-4491-4640-b571-e3bee2527943}"></Provider>
<EventID Qualifiers="">3128</EventID>
<Version>0</Version>
<Level>4</Level>
<Task>33</Task>
<Opcode>1</Opcode>
<Keywords>0x8000000000000800</Keywords>
<TimeCreated SystemTime="2020-10-22 22:41:42.261858"></TimeCreated>
<EventRecordID>133</EventRecordID>
<Correlation ActivityID="" RelatedActivityID=""></Correlation>
<Execution ProcessID="3340" ThreadID="4564"></Execution>
<Channel>Microsoft-Windows-PushNotification-Platform/Operational</Channel>
<Computer>WIN-PTFPHFCRDJ0</Computer>
<Security UserID="S-1-5-21-1152959844-3645458174-3779170896-1000"></Security>
</System>
<EventData></EventData>
</Event>

<Event xmlns="http://schemas.microsoft.com/win/2004/08/events/event"><System><Provider Name="Microsoft-Windows-PushNotifications-Platform" Guid="{88cd9180-4491-4640-b571-e3bee2527943}"></Provider>
<EventID Qualifiers="">3129</EventID>
<Version>0</Version>
<Level>4</Level>
<Task>33</Task>
<Opcode>2</Opcode>
<Keywords>0x8000000000000800</Keywords>
<TimeCreated SystemTime="2020-10-22 22:41:42.261877"></TimeCreated>
<EventRecordID>134</EventRecordID>
<Correlation ActivityID="" RelatedActivityID=""></Correlation>
<Execution ProcessID="3340" ThreadID="4564"></Execution>
<Channel>Microsoft-Windows-PushNotification-Platform/Operational</Channel>
<Computer>WIN-PTFPHFCRDJ0</Computer>
<Security UserID="S-1-5-21-1152959844-3645458174-3779170896-1000"></Security>
</System>
<EventData></EventData>
</Event>

<Event xmlns="http://schemas.microsoft.com/win/2004/08/events/event"><System><Provider Name="Microsoft-Windows-PushNotifications-Platform" Guid="{88cd9180-4491-4640-b571-e3bee2527943}"></Provider>
<EventID Qualifiers="">3055</EventID>
<Version>0</Version>
<Level>4</Level>
<Task>23</Task>
<Opcode>0</Opcode>
<Keywords>0x80000000a1878800</Keywords>
<TimeCreated SystemTime="2020-10-22 22:41:42.263157"></TimeCreated>
<EventRecordID>135</EventRecordID>
<Correlation ActivityID="" RelatedActivityID=""></Correlation>
<Execution ProcessID="3340" ThreadID="3596"></Execution>
<Channel>Microsoft-Windows-PushNotification-Platform/Operational</Channel>
<Computer>WIN-PTFPHFCRDJ0</Computer>
<Security UserID="S-1-5-21-1152959844-3645458174-3779170896-1000"></Security>
</System>
<EventData><Data Name="SessionId">1</Data>
</EventData>
</Event>

<Event xmlns="http://schemas.microsoft.com/win/2004/08/events/event"><System><Provider Name="Microsoft-Windows-PushNotifications-Platform" Guid="{88cd9180-4491-4640-b571-e3bee2527943}"></Provider>
<EventID Qualifiers="">3128</EventID>
<Version>0</Version>
<Level>4</Level>
<Task>33</Task>
<Opcode>1</Opcode>
<Keywords>0x8000000000000800</Keywords>
<TimeCreated SystemTime="2020-10-22 22:41:42.263161"></TimeCreated>
<EventRecordID>136</EventRecordID>
<Correlation ActivityID="" RelatedActivityID=""></Correlation>
<Execution ProcessID="3340" ThreadID="4564"></Execution>
<Channel>Microsoft-Windows-PushNotification-Platform/Operational</Channel>
<Computer>WIN-PTFPHFCRDJ0</Computer>
<Security UserID="S-1-5-21-1152959844-3645458174-3779170896-1000"></Security>
</System>
<EventData></EventData>
</Event>

<Event xmlns="http://schemas.microsoft.com/win/2004/08/events/event"><System><Provider Name="Microsoft-Windows-PushNotifications-Platform" Guid="{88cd9180-4491-4640-b571-e3bee2527943}"></Provider>
<EventID Qualifiers="">3129</EventID>
<Version>0</Version>
<Level>4</Level>
<Task>33</Task>
<Opcode>2</Opcode>
<Keywords>0x8000000000000800</Keywords>
<TimeCreated SystemTime="2020-10-22 22:41:42.263178"></TimeCreated>
<EventRecordID>137</EventRecordID>
<Correlation ActivityID="" RelatedActivityID=""></Correlation>
<Execution ProcessID="3340" ThreadID="4564"></Execution>
<Channel>Microsoft-Windows-PushNotification-Platform/Operational</Channel>
<Computer>WIN-PTFPHFCRDJ0</Computer>
<Security UserID="S-1-5-21-1152959844-3645458174-3779170896-1000"></Security>
</System>
<EventData></EventData>
</Event>

<Event xmlns="http://schemas.microsoft.com/win/2004/08/events/event"><System><Provider Name="Microsoft-Windows-PushNotifications-Platform" Guid="{88cd9180-4491-4640-b571-e3bee2527943}"></Provider>
<EventID Qualifiers="">3055</EventID>
<Version>0</Version>
<Level>4</Level>
<Task>23</Task>
<Opcode>0</Opcode>
<Keywords>0x80000000a1878800</Keywords>
<TimeCreated SystemTime="2020-10-22 22:41:42.264545"></TimeCreated>
<EventRecordID>138</EventRecordID>
<Correlation ActivityID="" RelatedActivityID=""></Correlation>
<Execution ProcessID="3340" ThreadID="3596"></Execution>
<Channel>Microsoft-Windows-PushNotification-Platform/Operational</Channel>
<Computer>WIN-PTFPHFCRDJ0</Computer>
<Security UserID="S-1-5-21-1152959844-3645458174-3779170896-1000"></Security>
</System>
<EventData><Data Name="SessionId">1</Data>
</EventData>
</Event>

<Event xmlns="http://schemas.microsoft.com/win/2004/08/events/event"><System><Provider Name="Microsoft-Windows-PushNotifications-Platform" Guid="{88cd9180-4491-4640-b571-e3bee2527943}"></Provider>
<EventID Qualifiers="">3128</EventID>
<Version>0</Version>
<Level>4</Level>
<Task>33</Task>
<Opcode>1</Opcode>
<Keywords>0x8000000000000800</Keywords>
<TimeCreated SystemTime="2020-10-22 22:41:42.264549"></TimeCreated>
<EventRecordID>139</EventRecordID>
<Correlation ActivityID="" RelatedActivityID=""></Correlation>
<Execution ProcessID="3340" ThreadID="4564"></Execution>
<Channel>Microsoft-Windows-PushNotification-Platform/Operational</Channel>
<Computer>WIN-PTFPHFCRDJ0</Computer>
<Security UserID="S-1-5-21-1152959844-3645458174-3779170896-1000"></Security>
</System>
<EventData></EventData>
</Event>

<Event xmlns="http://schemas.microsoft.com/win/2004/08/events/event"><System><Provider Name="Microsoft-Windows-PushNotifications-Platform" Guid="{88cd9180-4491-4640-b571-e3bee2527943}"></Provider>
<EventID Qualifiers="">3129</EventID>
<Version>0</Version>
<Level>4</Level>
<Task>33</Task>
<Opcode>2</Opcode>
<Keywords>0x8000000000000800</Keywords>
<TimeCreated SystemTime="2020-10-22 22:41:42.264568"></TimeCreated>
<EventRecordID>140</EventRecordID>
<Correlation ActivityID="" RelatedActivityID=""></Correlation>
<Execution ProcessID="3340" ThreadID="4564"></Execution>
<Channel>Microsoft-Windows-PushNotification-Platform/Operational</Channel>
<Computer>WIN-PTFPHFCRDJ0</Computer>
<Security UserID="S-1-5-21-1152959844-3645458174-3779170896-1000"></Security>
</System>
<EventData></EventData>
</Event>

<Event xmlns="http://schemas.microsoft.com/win/2004/08/events/event"><System><Provider Name="Microsoft-Windows-PushNotifications-Platform" Guid="{88cd9180-4491-4640-b571-e3bee2527943}"></Provider>
<EventID Qualifiers="">1025</EventID>
<Version>0</Version>
<Level>4</Level>
<Task>0</Task>
<Opcode>0</Opcode>
<Keywords>0x8000000000000100</Keywords>
<TimeCreated SystemTime="2020-10-22 23:07:23.974075"></TimeCreated>
<EventRecordID>141</EventRecordID>
<Correlation ActivityID="" RelatedActivityID=""></Correlation>
<Execution ProcessID="3340" ThreadID="3600"></Execution>
<Channel>Microsoft-Windows-PushNotification-Platform/Operational</Channel>
<Computer>WIN-PTFPHFCRDJ0</Computer>
<Security UserID="S-1-5-21-1152959844-3645458174-3779170896-1000"></Security>
</System>
<EventData><Data Name="PowerEventType">MonitorSettingChange</Data>
<Data Name="IsEnabled">False</Data>
</EventData>
</Event>

<Event xmlns="http://schemas.microsoft.com/win/2004/08/events/event"><System><Provider Name="Microsoft-Windows-PushNotifications-Platform" Guid="{88cd9180-4491-4640-b571-e3bee2527943}"></Provider>
<EventID Qualifiers="">1025</EventID>
<Version>0</Version>
<Level>4</Level>
<Task>0</Task>
<Opcode>0</Opcode>
<Keywords>0x8000000000000100</Keywords>
<TimeCreated SystemTime="2020-10-22 23:23:19.575651"></TimeCreated>
<EventRecordID>142</EventRecordID>
<Correlation ActivityID="" RelatedActivityID=""></Correlation>
<Execution ProcessID="3340" ThreadID="3560"></Execution>
<Channel>Microsoft-Windows-PushNotification-Platform/Operational</Channel>
<Computer>WIN-PTFPHFCRDJ0</Computer>
<Security UserID="S-1-5-21-1152959844-3645458174-3779170896-1000"></Security>
</System>
<EventData><Data Name="PowerEventType">MonitorSettingChange</Data>
<Data Name="IsEnabled">True</Data>
</EventData>
</Event>

<Event xmlns="http://schemas.microsoft.com/win/2004/08/events/event"><System><Provider Name="Microsoft-Windows-PushNotifications-Platform" Guid="{88cd9180-4491-4640-b571-e3bee2527943}"></Provider>
<EventID Qualifiers="">3052</EventID>
<Version>0</Version>
<Level>4</Level>
<Task>10</Task>
<Opcode>1</Opcode>
<Keywords>0x8000000080800803</Keywords>
<TimeCreated SystemTime="2020-10-22 23:27:49.001770"></TimeCreated>
<EventRecordID>143</EventRecordID>
<Correlation ActivityID="" RelatedActivityID=""></Correlation>
<Execution ProcessID="3340" ThreadID="3416"></Execution>
<Channel>Microsoft-Windows-PushNotification-Platform/Operational</Channel>
<Computer>WIN-PTFPHFCRDJ0</Computer>
<Security UserID="S-1-5-21-1152959844-3645458174-3779170896-1000"></Security>
</System>
<EventData><Data Name="TrackingId">11</Data>
<Data Name="AppUserModelId">windows.immersivecontrolpanel_cw5n1h2txyewy!microsoft.windows.immersivecontrolpanel</Data>
<Data Name="SessionId">1</Data>
<Data Name="MessageId">{acdb5700-70ad-4158-ab6f-a879128de40a}</Data>
</EventData>
</Event>

<Event xmlns="http://schemas.microsoft.com/win/2004/08/events/event"><System><Provider Name="Microsoft-Windows-PushNotifications-Platform" Guid="{88cd9180-4491-4640-b571-e3bee2527943}"></Provider>
<EventID Qualifiers="">3111</EventID>
<Version>0</Version>
<Level>4</Level>
<Task>28</Task>
<Opcode>1</Opcode>
<Keywords>0x8000000000000800</Keywords>
<TimeCreated SystemTime="2020-10-22 23:27:49.003006"></TimeCreated>
<EventRecordID>144</EventRecordID>
<Correlation ActivityID="" RelatedActivityID=""></Correlation>
<Execution ProcessID="3340" ThreadID="3416"></Execution>
<Channel>Microsoft-Windows-PushNotification-Platform/Operational</Channel>
<Computer>WIN-PTFPHFCRDJ0</Computer>
<Security UserID="S-1-5-21-1152959844-3645458174-3779170896-1000"></Security>
</System>
<EventData></EventData>
</Event>

<Event xmlns="http://schemas.microsoft.com/win/2004/08/events/event"><System><Provider Name="Microsoft-Windows-PushNotifications-Platform" Guid="{88cd9180-4491-4640-b571-e3bee2527943}"></Provider>
<EventID Qualifiers="">3112</EventID>
<Version>0</Version>
<Level>4</Level>
<Task>28</Task>
<Opcode>2</Opcode>
<Keywords>0x8000000000000800</Keywords>
<TimeCreated SystemTime="2020-10-22 23:27:49.003010"></TimeCreated>
<EventRecordID>145</EventRecordID>
<Correlation ActivityID="" RelatedActivityID=""></Correlation>
<Execution ProcessID="3340" ThreadID="3416"></Execution>
<Channel>Microsoft-Windows-PushNotification-Platform/Operational</Channel>
<Computer>WIN-PTFPHFCRDJ0</Computer>
<Security UserID="S-1-5-21-1152959844-3645458174-3779170896-1000"></Security>
</System>
<EventData></EventData>
</Event>

<Event xmlns="http://schemas.microsoft.com/win/2004/08/events/event"><System><Provider Name="Microsoft-Windows-PushNotifications-Platform" Guid="{88cd9180-4491-4640-b571-e3bee2527943}"></Provider>
<EventID Qualifiers="">2415</EventID>
<Version>0</Version>
<Level>4</Level>
<Task>0</Task>
<Opcode>0</Opcode>
<Keywords>0x8000000000800200</Keywords>
<TimeCreated SystemTime="2020-10-22 23:34:34.374285"></TimeCreated>
<EventRecordID>146</EventRecordID>
<Correlation ActivityID="" RelatedActivityID=""></Correlation>
<Execution ProcessID="3340" ThreadID="4456"></Execution>
<Channel>Microsoft-Windows-PushNotification-Platform/Operational</Channel>
<Computer>WIN-PTFPHFCRDJ0</Computer>
<Security UserID="S-1-5-21-1152959844-3645458174-3779170896-1000"></Security>
</System>
<EventData><Data Name="AppUserModelId">Microsoft.Explorer.Notification.{024D806E-535A-2958-AD11-EEA1F1A5B8B6}</Data>
<Data Name="ErrorCode">0</Data>
</EventData>
</Event>

<Event xmlns="http://schemas.microsoft.com/win/2004/08/events/event"><System><Provider Name="Microsoft-Windows-PushNotifications-Platform" Guid="{88cd9180-4491-4640-b571-e3bee2527943}"></Provider>
<EventID Qualifiers="">3049</EventID>
<Version>0</Version>
<Level>4</Level>
<Task>0</Task>
<Opcode>0</Opcode>
<Keywords>0x8000000000000800</Keywords>
<TimeCreated SystemTime="2020-10-22 23:34:35.649164"></TimeCreated>
<EventRecordID>147</EventRecordID>
<Correlation ActivityID="" RelatedActivityID=""></Correlation>
<Execution ProcessID="3340" ThreadID="4456"></Execution>
<Channel>Microsoft-Windows-PushNotification-Platform/Operational</Channel>
<Computer>WIN-PTFPHFCRDJ0</Computer>
<Security UserID="S-1-5-21-1152959844-3645458174-3779170896-1000"></Security>
</System>
<EventData><Data Name="Object">0x0000021baa4ecda8</Data>
</EventData>
</Event>

<Event xmlns="http://schemas.microsoft.com/win/2004/08/events/event"><System><Provider Name="Microsoft-Windows-PushNotifications-Platform" Guid="{88cd9180-4491-4640-b571-e3bee2527943}"></Provider>
<EventID Qualifiers="">3049</EventID>
<Version>0</Version>
<Level>4</Level>
<Task>0</Task>
<Opcode>0</Opcode>
<Keywords>0x8000000000000800</Keywords>
<TimeCreated SystemTime="2020-10-22 23:34:35.649557"></TimeCreated>
<EventRecordID>148</EventRecordID>
<Correlation ActivityID="" RelatedActivityID=""></Correlation>
<Execution ProcessID="3340" ThreadID="4456"></Execution>
<Channel>Microsoft-Windows-PushNotification-Platform/Operational</Channel>
<Computer>WIN-PTFPHFCRDJ0</Computer>
<Security UserID="S-1-5-21-1152959844-3645458174-3779170896-1000"></Security>
</System>
<EventData><Data Name="Object">0x0000021baa4ecf08</Data>
</EventData>
</Event>

<Event xmlns="http://schemas.microsoft.com/win/2004/08/events/event"><System><Provider Name="Microsoft-Windows-PushNotifications-Platform" Guid="{88cd9180-4491-4640-b571-e3bee2527943}"></Provider>
<EventID Qualifiers="">2415</EventID>
<Version>0</Version>
<Level>4</Level>
<Task>0</Task>
<Opcode>0</Opcode>
<Keywords>0x8000000000800200</Keywords>
<TimeCreated SystemTime="2020-10-22 23:34:35.849136"></TimeCreated>
<EventRecordID>149</EventRecordID>
<Correlation ActivityID="" RelatedActivityID=""></Correlation>
<Execution ProcessID="3340" ThreadID="2052"></Execution>
<Channel>Microsoft-Windows-PushNotification-Platform/Operational</Channel>
<Computer>WIN-PTFPHFCRDJ0</Computer>
<Security UserID="S-1-5-21-1152959844-3645458174-3779170896-1000"></Security>
</System>
<EventData><Data Name="AppUserModelId">Microsoft.Explorer.Notification.{7820AE78-23E3-4229-82C1-E41CB67D5B9C}</Data>
<Data Name="ErrorCode">0</Data>
</EventData>
</Event>

<Event xmlns="http://schemas.microsoft.com/win/2004/08/events/event"><System><Provider Name="Microsoft-Windows-PushNotifications-Platform" Guid="{88cd9180-4491-4640-b571-e3bee2527943}"></Provider>
<EventID Qualifiers="">2415</EventID>
<Version>0</Version>
<Level>4</Level>
<Task>0</Task>
<Opcode>0</Opcode>
<Keywords>0x8000000000800200</Keywords>
<TimeCreated SystemTime="2020-10-22 23:34:36.267418"></TimeCreated>
<EventRecordID>150</EventRecordID>
<Correlation ActivityID="" RelatedActivityID=""></Correlation>
<Execution ProcessID="3340" ThreadID="2052"></Execution>
<Channel>Microsoft-Windows-PushNotification-Platform/Operational</Channel>
<Computer>WIN-PTFPHFCRDJ0</Computer>
<Security UserID="S-1-5-21-1152959844-3645458174-3779170896-1000"></Security>
</System>
<EventData><Data Name="AppUserModelId">Microsoft.Explorer.Notification.{7820AE73-23E3-4229-82C1-E41CB67D5B9C}</Data>
<Data Name="ErrorCode">0</Data>
</EventData>
</Event>

<Event xmlns="http://schemas.microsoft.com/win/2004/08/events/event"><System><Provider Name="Microsoft-Windows-PushNotifications-Platform" Guid="{88cd9180-4491-4640-b571-e3bee2527943}"></Provider>
<EventID Qualifiers="">2415</EventID>
<Version>0</Version>
<Level>4</Level>
<Task>0</Task>
<Opcode>0</Opcode>
<Keywords>0x8000000000800200</Keywords>
<TimeCreated SystemTime="2020-10-22 23:34:36.555573"></TimeCreated>
<EventRecordID>151</EventRecordID>
<Correlation ActivityID="" RelatedActivityID=""></Correlation>
<Execution ProcessID="3340" ThreadID="2052"></Execution>
<Channel>Microsoft-Windows-PushNotification-Platform/Operational</Channel>
<Computer>WIN-PTFPHFCRDJ0</Computer>
<Security UserID="S-1-5-21-1152959844-3645458174-3779170896-1000"></Security>
</System>
<EventData><Data Name="AppUserModelId">Microsoft.Explorer.Notification.{7820AE74-23E3-4229-82C1-E41CB67D5B9C}</Data>
<Data Name="ErrorCode">0</Data>
</EventData>
</Event>

<Event xmlns="http://schemas.microsoft.com/win/2004/08/events/event"><System><Provider Name="Microsoft-Windows-PushNotifications-Platform" Guid="{88cd9180-4491-4640-b571-e3bee2527943}"></Provider>
<EventID Qualifiers="">3057</EventID>
<Version>0</Version>
<Level>4</Level>
<Task>3</Task>
<Opcode>1</Opcode>
<Keywords>0x8000000000000800</Keywords>
<TimeCreated SystemTime="2020-10-22 23:34:37.755919"></TimeCreated>
<EventRecordID>152</EventRecordID>
<Correlation ActivityID="" RelatedActivityID=""></Correlation>
<Execution ProcessID="3340" ThreadID="2052"></Execution>
<Channel>Microsoft-Windows-PushNotification-Platform/Operational</Channel>
<Computer>WIN-PTFPHFCRDJ0</Computer>
<Security UserID="S-1-5-21-1152959844-3645458174-3779170896-1000"></Security>
</System>
<EventData><Data Name="SessionId">2</Data>
</EventData>
</Event>

<Event xmlns="http://schemas.microsoft.com/win/2004/08/events/event"><System><Provider Name="Microsoft-Windows-PushNotifications-Platform" Guid="{88cd9180-4491-4640-b571-e3bee2527943}"></Provider>
<EventID Qualifiers="">3004</EventID>
<Version>0</Version>
<Level>4</Level>
<Task>3</Task>
<Opcode>1</Opcode>
<Keywords>0x8000000000000800</Keywords>
<TimeCreated SystemTime="2020-10-22 23:34:37.755932"></TimeCreated>
<EventRecordID>153</EventRecordID>
<Correlation ActivityID="" RelatedActivityID=""></Correlation>
<Execution ProcessID="3340" ThreadID="4456"></Execution>
<Channel>Microsoft-Windows-PushNotification-Platform/Operational</Channel>
<Computer>WIN-PTFPHFCRDJ0</Computer>
<Security UserID="S-1-5-21-1152959844-3645458174-3779170896-1000"></Security>
</System>
<EventData><Data Name="SessionId">2</Data>
</EventData>
</Event>

<Event xmlns="http://schemas.microsoft.com/win/2004/08/events/event"><System><Provider Name="Microsoft-Windows-PushNotifications-Platform" Guid="{88cd9180-4491-4640-b571-e3bee2527943}"></Provider>
<EventID Qualifiers="">3005</EventID>
<Version>0</Version>
<Level>4</Level>
<Task>3</Task>
<Opcode>2</Opcode>
<Keywords>0x8000000000000800</Keywords>
<TimeCreated SystemTime="2020-10-22 23:34:37.755938"></TimeCreated>
<EventRecordID>154</EventRecordID>
<Correlation ActivityID="" RelatedActivityID=""></Correlation>
<Execution ProcessID="3340" ThreadID="4456"></Execution>
<Channel>Microsoft-Windows-PushNotification-Platform/Operational</Channel>
<Computer>WIN-PTFPHFCRDJ0</Computer>
<Security UserID="S-1-5-21-1152959844-3645458174-3779170896-1000"></Security>
</System>
<EventData><Data Name="SessionId">2</Data>
<Data Name="Error">0</Data>
</EventData>
</Event>

<Event xmlns="http://schemas.microsoft.com/win/2004/08/events/event"><System><Provider Name="Microsoft-Windows-PushNotifications-Platform" Guid="{88cd9180-4491-4640-b571-e3bee2527943}"></Provider>
<EventID Qualifiers="">3058</EventID>
<Version>0</Version>
<Level>4</Level>
<Task>3</Task>
<Opcode>2</Opcode>
<Keywords>0x8000000000000800</Keywords>
<TimeCreated SystemTime="2020-10-22 23:34:37.755945"></TimeCreated>
<EventRecordID>155</EventRecordID>
<Correlation ActivityID="" RelatedActivityID=""></Correlation>
<Execution ProcessID="3340" ThreadID="2052"></Execution>
<Channel>Microsoft-Windows-PushNotification-Platform/Operational</Channel>
<Computer>WIN-PTFPHFCRDJ0</Computer>
<Security UserID="S-1-5-21-1152959844-3645458174-3779170896-1000"></Security>
</System>
<EventData><Data Name="SessionId">2</Data>
</EventData>
</Event>

<Event xmlns="http://schemas.microsoft.com/win/2004/08/events/event"><System><Provider Name="Microsoft-Windows-PushNotifications-Platform" Guid="{88cd9180-4491-4640-b571-e3bee2527943}"></Provider>
<EventID Qualifiers="">3049</EventID>
<Version>0</Version>
<Level>4</Level>
<Task>0</Task>
<Opcode>0</Opcode>
<Keywords>0x8000000000000800</Keywords>
<TimeCreated SystemTime="2020-10-22 23:34:37.856972"></TimeCreated>
<EventRecordID>156</EventRecordID>
<Correlation ActivityID="" RelatedActivityID=""></Correlation>
<Execution ProcessID="3340" ThreadID="2052"></Execution>
<Channel>Microsoft-Windows-PushNotification-Platform/Operational</Channel>
<Computer>WIN-PTFPHFCRDJ0</Computer>
<Security UserID="S-1-5-21-1152959844-3645458174-3779170896-1000"></Security>
</System>
<EventData><Data Name="Object">0x0000021baa4eb7a8</Data>
</EventData>
</Event>

<Event xmlns="http://schemas.microsoft.com/win/2004/08/events/event"><System><Provider Name="Microsoft-Windows-PushNotifications-Platform" Guid="{88cd9180-4491-4640-b571-e3bee2527943}"></Provider>
<EventID Qualifiers="">3008</EventID>
<Version>0</Version>
<Level>4</Level>
<Task>5</Task>
<Opcode>1</Opcode>
<Keywords>0x8000000000000800</Keywords>
<TimeCreated SystemTime="2020-10-22 23:34:38.354498"></TimeCreated>
<EventRecordID>157</EventRecordID>
<Correlation ActivityID="" RelatedActivityID=""></Correlation>
<Execution ProcessID="3340" ThreadID="4116"></Execution>
<Channel>Microsoft-Windows-PushNotification-Platform/Operational</Channel>
<Computer>WIN-PTFPHFCRDJ0</Computer>
<Security UserID="S-1-5-21-1152959844-3645458174-3779170896-1000"></Security>
</System>
<EventData><Data Name="SessionId">1</Data>
</EventData>
</Event>

<Event xmlns="http://schemas.microsoft.com/win/2004/08/events/event"><System><Provider Name="Microsoft-Windows-PushNotifications-Platform" Guid="{88cd9180-4491-4640-b571-e3bee2527943}"></Provider>
<EventID Qualifiers="">3009</EventID>
<Version>0</Version>
<Level>4</Level>
<Task>5</Task>
<Opcode>2</Opcode>
<Keywords>0x8000000000000800</Keywords>
<TimeCreated SystemTime="2020-10-22 23:34:38.354504"></TimeCreated>
<EventRecordID>158</EventRecordID>
<Correlation ActivityID="" RelatedActivityID=""></Correlation>
<Execution ProcessID="3340" ThreadID="4116"></Execution>
<Channel>Microsoft-Windows-PushNotification-Platform/Operational</Channel>
<Computer>WIN-PTFPHFCRDJ0</Computer>
<Security UserID="S-1-5-21-1152959844-3645458174-3779170896-1000"></Security>
</System>
<EventData><Data Name="SessionId">1</Data>
<Data Name="Error">0</Data>
</EventData>
</Event>

<Event xmlns="http://schemas.microsoft.com/win/2004/08/events/event"><System><Provider Name="Microsoft-Windows-PushNotifications-Platform" Guid="{88cd9180-4491-4640-b571-e3bee2527943}"></Provider>
<EventID Qualifiers="">3049</EventID>
<Version>0</Version>
<Level>4</Level>
<Task>0</Task>
<Opcode>0</Opcode>
<Keywords>0x8000000000000800</Keywords>
<TimeCreated SystemTime="2020-10-22 23:34:38.454443"></TimeCreated>
<EventRecordID>159</EventRecordID>
<Correlation ActivityID="" RelatedActivityID=""></Correlation>
<Execution ProcessID="3340" ThreadID="3096"></Execution>
<Channel>Microsoft-Windows-PushNotification-Platform/Operational</Channel>
<Computer>WIN-PTFPHFCRDJ0</Computer>
<Security UserID="S-1-5-21-1152959844-3645458174-3779170896-1000"></Security>
</System>
<EventData><Data Name="Object">0x0000021ba8667218</Data>
</EventData>
</Event>

