<?xml version="1.1" encoding="utf-8" standalone="yes" ?>

<Events>
<Event xmlns="http://schemas.microsoft.com/win/2004/08/events/event"><System><Provider Name="Microsoft-Windows-ServerManager-DeploymentProvider" Guid="{66af9a38-2d94-11e0-a076-8534e0d72085}"></Provider>
<EventID Qualifiers="">111</EventID>
<Version>0</Version>
<Level>4</Level>
<Task>2</Task>
<Opcode>0</Opcode>
<Keywords>0x8000000000000000</Keywords>
<TimeCreated SystemTime="2020-10-22 20:52:32.184408"></TimeCreated>
<EventRecordID>1</EventRecordID>
<Correlation ActivityID="{9a48eb7d-5ead-4465-8b1f-df66929ba687}" RelatedActivityID=""></Correlation>
<Execution ProcessID="1344" ThreadID="3216"></Execution>
<Channel>Microsoft-Windows-ServerManager-DeploymentProvider/Operational</Channel>
<Computer>WIN-PTFPHFCRDJ0</Computer>
<Security UserID="S-1-5-18"></Security>
</System>
<EventData><Data Name="requestGuid">{3c80b848-a39b-5295-e4ce-d104ff920048}</Data>
</EventData>
</Event>

<Event xmlns="http://schemas.microsoft.com/win/2004/08/events/event"><System><Provider Name="Microsoft-Windows-ServerManager-DeploymentProvider" Guid="{66af9a38-2d94-11e0-a076-8534e0d72085}"></Provider>
<EventID Qualifiers="">1309</EventID>
<Version>0</Version>
<Level>3</Level>
<Task>2</Task>
<Opcode>0</Opcode>
<Keywords>0x8000000000000000</Keywords>
<TimeCreated SystemTime="2020-10-22 20:53:25.574610"></TimeCreated>
<EventRecordID>2</EventRecordID>
<Correlation ActivityID="{9a48eb7d-5ead-4465-8b1f-df66929ba687}" RelatedActivityID=""></Correlation>
<Execution ProcessID="1344" ThreadID="3236"></Execution>
<Channel>Microsoft-Windows-ServerManager-DeploymentProvider/Operational</Channel>
<Computer>WIN-PTFPHFCRDJ0</Computer>
<Security UserID="S-1-5-18"></Security>
</System>
<EventData><Data Name="ptzMessage1">PowerShell-V2</Data>
<Data Name="ptzMessage2">NET-Framework-Core</Data>
</EventData>
</Event>

<Event xmlns="http://schemas.microsoft.com/win/2004/08/events/event"><System><Provider Name="Microsoft-Windows-ServerManager-DeploymentProvider" Guid="{66af9a38-2d94-11e0-a076-8534e0d72085}"></Provider>
<EventID Qualifiers="">1301</EventID>
<Version>0</Version>
<Level>4</Level>
<Task>2</Task>
<Opcode>0</Opcode>
<Keywords>0x8000000000000000</Keywords>
<TimeCreated SystemTime="2020-10-22 20:53:25.575397"></TimeCreated>
<EventRecordID>3</EventRecordID>
<Correlation ActivityID="{9a48eb7d-5ead-4465-8b1f-df66929ba687}" RelatedActivityID=""></Correlation>
<Execution ProcessID="1344" ThreadID="3236"></Execution>
<Channel>Microsoft-Windows-ServerManager-DeploymentProvider/Operational</Channel>
<Computer>WIN-PTFPHFCRDJ0</Computer>
<Security UserID="S-1-5-18"></Security>
</System>
<EventData><Data Name="value">265</Data>
</EventData>
</Event>

<Event xmlns="http://schemas.microsoft.com/win/2004/08/events/event"><System><Provider Name="Microsoft-Windows-ServerManager-DeploymentProvider" Guid="{66af9a38-2d94-11e0-a076-8534e0d72085}"></Provider>
<EventID Qualifiers="">1299</EventID>
<Version>0</Version>
<Level>4</Level>
<Task>2</Task>
<Opcode>0</Opcode>
<Keywords>0x8000000000000000</Keywords>
<TimeCreated SystemTime="2020-10-22 20:53:26.749525"></TimeCreated>
<EventRecordID>4</EventRecordID>
<Correlation ActivityID="{3d470d37-af37-4c64-8fbd-eabe54d834e2}" RelatedActivityID=""></Correlation>
<Execution ProcessID="1344" ThreadID="3236"></Execution>
<Channel>Microsoft-Windows-ServerManager-DeploymentProvider/Operational</Channel>
<Computer>WIN-PTFPHFCRDJ0</Computer>
<Security UserID="S-1-5-18"></Security>
</System>
<EventData><Data Name="value">265</Data>
</EventData>
</Event>

<Event xmlns="http://schemas.microsoft.com/win/2004/08/events/event"><System><Provider Name="Microsoft-Windows-ServerManager-DeploymentProvider" Guid="{66af9a38-2d94-11e0-a076-8534e0d72085}"></Provider>
<EventID Qualifiers="">112</EventID>
<Version>0</Version>
<Level>4</Level>
<Task>2</Task>
<Opcode>0</Opcode>
<Keywords>0x8000000000000000</Keywords>
<TimeCreated SystemTime="2020-10-22 20:53:27.672703"></TimeCreated>
<EventRecordID>5</EventRecordID>
<Correlation ActivityID="{3d470d37-af37-4c64-8fbd-eabe54d834e2}" RelatedActivityID=""></Correlation>
<Execution ProcessID="1344" ThreadID="3236"></Execution>
<Channel>Microsoft-Windows-ServerManager-DeploymentProvider/Operational</Channel>
<Computer>WIN-PTFPHFCRDJ0</Computer>
<Security UserID="S-1-5-18"></Security>
</System>
<EventData><Data Name="restartRequired">False</Data>
<Data Name="requestGuid">{3c80b848-a39b-5295-e4ce-d104ff920048}</Data>
</EventData>
</Event>

<Event xmlns="http://schemas.microsoft.com/win/2004/08/events/event"><System><Provider Name="Microsoft-Windows-ServerManager-DeploymentProvider" Guid="{66af9a38-2d94-11e0-a076-8534e0d72085}"></Provider>
<EventID Qualifiers="">111</EventID>
<Version>0</Version>
<Level>4</Level>
<Task>2</Task>
<Opcode>0</Opcode>
<Keywords>0x8000000000000000</Keywords>
<TimeCreated SystemTime="2020-10-22 20:54:36.850578"></TimeCreated>
<EventRecordID>6</EventRecordID>
<Correlation ActivityID="{164ae58f-a3b0-4084-ab45-bfb4fc56b800}" RelatedActivityID=""></Correlation>
<Execution ProcessID="1344" ThreadID="3236"></Execution>
<Channel>Microsoft-Windows-ServerManager-DeploymentProvider/Operational</Channel>
<Computer>WIN-PTFPHFCRDJ0</Computer>
<Security UserID="S-1-5-18"></Security>
</System>
<EventData><Data Name="requestGuid">{8f810838-3557-455a-86e6-ec3ea5ac4481}</Data>
</EventData>
</Event>

<Event xmlns="http://schemas.microsoft.com/win/2004/08/events/event"><System><Provider Name="Microsoft-Windows-ServerManager-DeploymentProvider" Guid="{66af9a38-2d94-11e0-a076-8534e0d72085}"></Provider>
<EventID Qualifiers="">1299</EventID>
<Version>0</Version>
<Level>4</Level>
<Task>2</Task>
<Opcode>0</Opcode>
<Keywords>0x8000000000000000</Keywords>
<TimeCreated SystemTime="2020-10-22 20:54:36.983126"></TimeCreated>
<EventRecordID>7</EventRecordID>
<Correlation ActivityID="{164ae58f-a3b0-4084-ab45-bfb4fc56b800}" RelatedActivityID=""></Correlation>
<Execution ProcessID="1344" ThreadID="3236"></Execution>
<Channel>Microsoft-Windows-ServerManager-DeploymentProvider/Operational</Channel>
<Computer>WIN-PTFPHFCRDJ0</Computer>
<Security UserID="S-1-5-18"></Security>
</System>
<EventData><Data Name="value">265</Data>
</EventData>
</Event>

<Event xmlns="http://schemas.microsoft.com/win/2004/08/events/event"><System><Provider Name="Microsoft-Windows-ServerManager-DeploymentProvider" Guid="{66af9a38-2d94-11e0-a076-8534e0d72085}"></Provider>
<EventID Qualifiers="">112</EventID>
<Version>0</Version>
<Level>4</Level>
<Task>2</Task>
<Opcode>0</Opcode>
<Keywords>0x8000000000000000</Keywords>
<TimeCreated SystemTime="2020-10-22 20:54:37.990395"></TimeCreated>
<EventRecordID>8</EventRecordID>
<Correlation ActivityID="{164ae58f-a3b0-4084-ab45-bfb4fc56b800}" RelatedActivityID=""></Correlation>
<Execution ProcessID="1344" ThreadID="3236"></Execution>
<Channel>Microsoft-Windows-ServerManager-DeploymentProvider/Operational</Channel>
<Computer>WIN-PTFPHFCRDJ0</Computer>
<Security UserID="S-1-5-18"></Security>
</System>
<EventData><Data Name="restartRequired">False</Data>
<Data Name="requestGuid">{8f810838-3557-455a-86e6-ec3ea5ac4481}</Data>
</EventData>
</Event>

<Event xmlns="http://schemas.microsoft.com/win/2004/08/events/event"><System><Provider Name="Microsoft-Windows-ServerManager-DeploymentProvider" Guid="{66af9a38-2d94-11e0-a076-8534e0d72085}"></Provider>
<EventID Qualifiers="">111</EventID>
<Version>0</Version>
<Level>4</Level>
<Task>2</Task>
<Opcode>0</Opcode>
<Keywords>0x8000000000000000</Keywords>
<TimeCreated SystemTime="2020-10-22 22:55:15.924412"></TimeCreated>
<EventRecordID>9</EventRecordID>
<Correlation ActivityID="{a8cc81c1-73c2-4749-aa3c-b90eae512bc0}" RelatedActivityID=""></Correlation>
<Execution ProcessID="4292" ThreadID="2176"></Execution>
<Channel>Microsoft-Windows-ServerManager-DeploymentProvider/Operational</Channel>
<Computer>WIN-PTFPHFCRDJ0</Computer>
<Security UserID="S-1-5-18"></Security>
</System>
<EventData><Data Name="requestGuid">{0f3a8e49-a40b-2606-524c-374700add349}</Data>
</EventData>
</Event>

<Event xmlns="http://schemas.microsoft.com/win/2004/08/events/event"><System><Provider Name="Microsoft-Windows-ServerManager-DeploymentProvider" Guid="{66af9a38-2d94-11e0-a076-8534e0d72085}"></Provider>
<EventID Qualifiers="">1300</EventID>
<Version>0</Version>
<Level>4</Level>
<Task>2</Task>
<Opcode>0</Opcode>
<Keywords>0x8000000000000000</Keywords>
<TimeCreated SystemTime="2020-10-22 22:55:16.119041"></TimeCreated>
<EventRecordID>10</EventRecordID>
<Correlation ActivityID="{a8cc81c1-73c2-4749-aa3c-b90eae512bc0}" RelatedActivityID=""></Correlation>
<Execution ProcessID="4292" ThreadID="2176"></Execution>
<Channel>Microsoft-Windows-ServerManager-DeploymentProvider/Operational</Channel>
<Computer>WIN-PTFPHFCRDJ0</Computer>
<Security UserID="S-1-5-18"></Security>
</System>
<EventData><Data Name="value">265</Data>
</EventData>
</Event>

<Event xmlns="http://schemas.microsoft.com/win/2004/08/events/event"><System><Provider Name="Microsoft-Windows-ServerManager-DeploymentProvider" Guid="{66af9a38-2d94-11e0-a076-8534e0d72085}"></Provider>
<EventID Qualifiers="">112</EventID>
<Version>0</Version>
<Level>4</Level>
<Task>2</Task>
<Opcode>0</Opcode>
<Keywords>0x8000000000000000</Keywords>
<TimeCreated SystemTime="2020-10-22 22:55:17.449385"></TimeCreated>
<EventRecordID>11</EventRecordID>
<Correlation ActivityID="{a8cc81c1-73c2-4749-aa3c-b90eae512bc0}" RelatedActivityID=""></Correlation>
<Execution ProcessID="4292" ThreadID="2176"></Execution>
<Channel>Microsoft-Windows-ServerManager-DeploymentProvider/Operational</Channel>
<Computer>WIN-PTFPHFCRDJ0</Computer>
<Security UserID="S-1-5-18"></Security>
</System>
<EventData><Data Name="restartRequired">False</Data>
<Data Name="requestGuid">{0f3a8e49-a40b-2606-524c-374700add349}</Data>
</EventData>
</Event>

<Event xmlns="http://schemas.microsoft.com/win/2004/08/events/event"><System><Provider Name="Microsoft-Windows-ServerManager-DeploymentProvider" Guid="{66af9a38-2d94-11e0-a076-8534e0d72085}"></Provider>
<EventID Qualifiers="">111</EventID>
<Version>0</Version>
<Level>4</Level>
<Task>2</Task>
<Opcode>0</Opcode>
<Keywords>0x8000000000000000</Keywords>
<TimeCreated SystemTime="2020-10-23 14:02:13.917601"></TimeCreated>
<EventRecordID>12</EventRecordID>
<Correlation ActivityID="{403ca6cf-9ac3-4a09-9583-e4854f9fc15b}" RelatedActivityID=""></Correlation>
<Execution ProcessID="3400" ThreadID="3376"></Execution>
<Channel>Microsoft-Windows-ServerManager-DeploymentProvider/Operational</Channel>
<Computer>WIN-PTFPHFCRDJ0</Computer>
<Security UserID="S-1-5-18"></Security>
</System>
<EventData><Data Name="requestGuid">{76bbf054-dade-4ba9-b51d-ed10eef2f01f}</Data>
</EventData>
</Event>

<Event xmlns="http://schemas.microsoft.com/win/2004/08/events/event"><System><Provider Name="Microsoft-Windows-ServerManager-DeploymentProvider" Guid="{66af9a38-2d94-11e0-a076-8534e0d72085}"></Provider>
<EventID Qualifiers="">1300</EventID>
<Version>0</Version>
<Level>4</Level>
<Task>2</Task>
<Opcode>0</Opcode>
<Keywords>0x8000000000000000</Keywords>
<TimeCreated SystemTime="2020-10-23 14:02:14.862793"></TimeCreated>
<EventRecordID>13</EventRecordID>
<Correlation ActivityID="{403ca6cf-9ac3-4a09-9583-e4854f9fc15b}" RelatedActivityID=""></Correlation>
<Execution ProcessID="3400" ThreadID="3376"></Execution>
<Channel>Microsoft-Windows-ServerManager-DeploymentProvider/Operational</Channel>
<Computer>WIN-PTFPHFCRDJ0</Computer>
<Security UserID="S-1-5-18"></Security>
</System>
<EventData><Data Name="value">265</Data>
</EventData>
</Event>

<Event xmlns="http://schemas.microsoft.com/win/2004/08/events/event"><System><Provider Name="Microsoft-Windows-ServerManager-DeploymentProvider" Guid="{66af9a38-2d94-11e0-a076-8534e0d72085}"></Provider>
<EventID Qualifiers="">112</EventID>
<Version>0</Version>
<Level>4</Level>
<Task>2</Task>
<Opcode>0</Opcode>
<Keywords>0x8000000000000000</Keywords>
<TimeCreated SystemTime="2020-10-23 14:02:15.409433"></TimeCreated>
<EventRecordID>14</EventRecordID>
<Correlation ActivityID="{403ca6cf-9ac3-4a09-9583-e4854f9fc15b}" RelatedActivityID=""></Correlation>
<Execution ProcessID="3400" ThreadID="3376"></Execution>
<Channel>Microsoft-Windows-ServerManager-DeploymentProvider/Operational</Channel>
<Computer>WIN-PTFPHFCRDJ0</Computer>
<Security UserID="S-1-5-18"></Security>
</System>
<EventData><Data Name="restartRequired">False</Data>
<Data Name="requestGuid">{76bbf054-dade-4ba9-b51d-ed10eef2f01f}</Data>
</EventData>
</Event>

<Event xmlns="http://schemas.microsoft.com/win/2004/08/events/event"><System><Provider Name="Microsoft-Windows-ServerManager-DeploymentProvider" Guid="{66af9a38-2d94-11e0-a076-8534e0d72085}"></Provider>
<EventID Qualifiers="">111</EventID>
<Version>0</Version>
<Level>4</Level>
<Task>2</Task>
<Opcode>0</Opcode>
<Keywords>0x8000000000000000</Keywords>
<TimeCreated SystemTime="2020-10-24 21:55:40.427610"></TimeCreated>
<EventRecordID>15</EventRecordID>
<Correlation ActivityID="{d5576110-fc92-4f9c-b497-3e8f69de41a1}" RelatedActivityID=""></Correlation>
<Execution ProcessID="2852" ThreadID="3704"></Execution>
<Channel>Microsoft-Windows-ServerManager-DeploymentProvider/Operational</Channel>
<Computer>WIN-PTFPHFCRDJ0</Computer>
<Security UserID="S-1-5-18"></Security>
</System>
<EventData><Data Name="requestGuid">{c557a447-20b7-8e57-e195-29873dbb3347}</Data>
</EventData>
</Event>

<Event xmlns="http://schemas.microsoft.com/win/2004/08/events/event"><System><Provider Name="Microsoft-Windows-ServerManager-DeploymentProvider" Guid="{66af9a38-2d94-11e0-a076-8534e0d72085}"></Provider>
<EventID Qualifiers="">1300</EventID>
<Version>0</Version>
<Level>4</Level>
<Task>2</Task>
<Opcode>0</Opcode>
<Keywords>0x8000000000000000</Keywords>
<TimeCreated SystemTime="2020-10-24 21:55:42.475878"></TimeCreated>
<EventRecordID>16</EventRecordID>
<Correlation ActivityID="{d5576110-fc92-4f9c-b497-3e8f69de41a1}" RelatedActivityID=""></Correlation>
<Execution ProcessID="2852" ThreadID="3704"></Execution>
<Channel>Microsoft-Windows-ServerManager-DeploymentProvider/Operational</Channel>
<Computer>WIN-PTFPHFCRDJ0</Computer>
<Security UserID="S-1-5-18"></Security>
</System>
<EventData><Data Name="value">265</Data>
</EventData>
</Event>

<Event xmlns="http://schemas.microsoft.com/win/2004/08/events/event"><System><Provider Name="Microsoft-Windows-ServerManager-DeploymentProvider" Guid="{66af9a38-2d94-11e0-a076-8534e0d72085}"></Provider>
<EventID Qualifiers="">112</EventID>
<Version>0</Version>
<Level>4</Level>
<Task>2</Task>
<Opcode>0</Opcode>
<Keywords>0x8000000000000000</Keywords>
<TimeCreated SystemTime="2020-10-24 21:55:44.714439"></TimeCreated>
<EventRecordID>17</EventRecordID>
<Correlation ActivityID="{d5576110-fc92-4f9c-b497-3e8f69de41a1}" RelatedActivityID=""></Correlation>
<Execution ProcessID="2852" ThreadID="3704"></Execution>
<Channel>Microsoft-Windows-ServerManager-DeploymentProvider/Operational</Channel>
<Computer>WIN-PTFPHFCRDJ0</Computer>
<Security UserID="S-1-5-18"></Security>
</System>
<EventData><Data Name="restartRequired">False</Data>
<Data Name="requestGuid">{c557a447-20b7-8e57-e195-29873dbb3347}</Data>
</EventData>
</Event>

<Event xmlns="http://schemas.microsoft.com/win/2004/08/events/event"><System><Provider Name="Microsoft-Windows-ServerManager-DeploymentProvider" Guid="{66af9a38-2d94-11e0-a076-8534e0d72085}"></Provider>
<EventID Qualifiers="">111</EventID>
<Version>0</Version>
<Level>4</Level>
<Task>2</Task>
<Opcode>0</Opcode>
<Keywords>0x8000000000000000</Keywords>
<TimeCreated SystemTime="2020-10-24 21:58:03.430984"></TimeCreated>
<EventRecordID>18</EventRecordID>
<Correlation ActivityID="{e60b7f38-823d-4b7c-b6c8-8c7a7b065096}" RelatedActivityID=""></Correlation>
<Execution ProcessID="2852" ThreadID="2668"></Execution>
<Channel>Microsoft-Windows-ServerManager-DeploymentProvider/Operational</Channel>
<Computer>WIN-PTFPHFCRDJ0</Computer>
<Security UserID="S-1-5-18"></Security>
</System>
<EventData><Data Name="requestGuid">{21f9a78d-2e8f-4fe5-a00b-d5b983a8c5f6}</Data>
</EventData>
</Event>

<Event xmlns="http://schemas.microsoft.com/win/2004/08/events/event"><System><Provider Name="Microsoft-Windows-ServerManager-DeploymentProvider" Guid="{66af9a38-2d94-11e0-a076-8534e0d72085}"></Provider>
<EventID Qualifiers="">1299</EventID>
<Version>0</Version>
<Level>4</Level>
<Task>2</Task>
<Opcode>0</Opcode>
<Keywords>0x8000000000000000</Keywords>
<TimeCreated SystemTime="2020-10-24 21:58:03.438034"></TimeCreated>
<EventRecordID>19</EventRecordID>
<Correlation ActivityID="{e60b7f38-823d-4b7c-b6c8-8c7a7b065096}" RelatedActivityID=""></Correlation>
<Execution ProcessID="2852" ThreadID="2668"></Execution>
<Channel>Microsoft-Windows-ServerManager-DeploymentProvider/Operational</Channel>
<Computer>WIN-PTFPHFCRDJ0</Computer>
<Security UserID="S-1-5-18"></Security>
</System>
<EventData><Data Name="value">265</Data>
</EventData>
</Event>

<Event xmlns="http://schemas.microsoft.com/win/2004/08/events/event"><System><Provider Name="Microsoft-Windows-ServerManager-DeploymentProvider" Guid="{66af9a38-2d94-11e0-a076-8534e0d72085}"></Provider>
<EventID Qualifiers="">112</EventID>
<Version>0</Version>
<Level>4</Level>
<Task>2</Task>
<Opcode>0</Opcode>
<Keywords>0x8000000000000000</Keywords>
<TimeCreated SystemTime="2020-10-24 21:58:03.601814"></TimeCreated>
<EventRecordID>20</EventRecordID>
<Correlation ActivityID="{e60b7f38-823d-4b7c-b6c8-8c7a7b065096}" RelatedActivityID=""></Correlation>
<Execution ProcessID="2852" ThreadID="2668"></Execution>
<Channel>Microsoft-Windows-ServerManager-DeploymentProvider/Operational</Channel>
<Computer>WIN-PTFPHFCRDJ0</Computer>
<Security UserID="S-1-5-18"></Security>
</System>
<EventData><Data Name="restartRequired">False</Data>
<Data Name="requestGuid">{21f9a78d-2e8f-4fe5-a00b-d5b983a8c5f6}</Data>
</EventData>
</Event>

<Event xmlns="http://schemas.microsoft.com/win/2004/08/events/event"><System><Provider Name="Microsoft-Windows-ServerManager-DeploymentProvider" Guid="{66af9a38-2d94-11e0-a076-8534e0d72085}"></Provider>
<EventID Qualifiers="">111</EventID>
<Version>0</Version>
<Level>4</Level>
<Task>2</Task>
<Opcode>0</Opcode>
<Keywords>0x8000000000000000</Keywords>
<TimeCreated SystemTime="2020-10-24 22:26:28.098839"></TimeCreated>
<EventRecordID>21</EventRecordID>
<Correlation ActivityID="{24bb6330-2af6-491f-9375-cf50dd26c420}" RelatedActivityID=""></Correlation>
<Execution ProcessID="3340" ThreadID="912"></Execution>
<Channel>Microsoft-Windows-ServerManager-DeploymentProvider/Operational</Channel>
<Computer>WIN-PTFPHFCRDJ0</Computer>
<Security UserID="S-1-5-18"></Security>
</System>
<EventData><Data Name="requestGuid">{830a97d4-c426-4d65-a22e-0d156a34bda9}</Data>
</EventData>
</Event>

<Event xmlns="http://schemas.microsoft.com/win/2004/08/events/event"><System><Provider Name="Microsoft-Windows-ServerManager-DeploymentProvider" Guid="{66af9a38-2d94-11e0-a076-8534e0d72085}"></Provider>
<EventID Qualifiers="">1300</EventID>
<Version>0</Version>
<Level>4</Level>
<Task>2</Task>
<Opcode>0</Opcode>
<Keywords>0x8000000000000000</Keywords>
<TimeCreated SystemTime="2020-10-24 22:26:28.956837"></TimeCreated>
<EventRecordID>22</EventRecordID>
<Correlation ActivityID="{24bb6330-2af6-491f-9375-cf50dd26c420}" RelatedActivityID=""></Correlation>
<Execution ProcessID="3340" ThreadID="912"></Execution>
<Channel>Microsoft-Windows-ServerManager-DeploymentProvider/Operational</Channel>
<Computer>WIN-PTFPHFCRDJ0</Computer>
<Security UserID="S-1-5-18"></Security>
</System>
<EventData><Data Name="value">265</Data>
</EventData>
</Event>

<Event xmlns="http://schemas.microsoft.com/win/2004/08/events/event"><System><Provider Name="Microsoft-Windows-ServerManager-DeploymentProvider" Guid="{66af9a38-2d94-11e0-a076-8534e0d72085}"></Provider>
<EventID Qualifiers="">112</EventID>
<Version>0</Version>
<Level>4</Level>
<Task>2</Task>
<Opcode>0</Opcode>
<Keywords>0x8000000000000000</Keywords>
<TimeCreated SystemTime="2020-10-24 22:26:29.304726"></TimeCreated>
<EventRecordID>23</EventRecordID>
<Correlation ActivityID="{24bb6330-2af6-491f-9375-cf50dd26c420}" RelatedActivityID=""></Correlation>
<Execution ProcessID="3340" ThreadID="912"></Execution>
<Channel>Microsoft-Windows-ServerManager-DeploymentProvider/Operational</Channel>
<Computer>WIN-PTFPHFCRDJ0</Computer>
<Security UserID="S-1-5-18"></Security>
</System>
<EventData><Data Name="restartRequired">False</Data>
<Data Name="requestGuid">{830a97d4-c426-4d65-a22e-0d156a34bda9}</Data>
</EventData>
</Event>

<Event xmlns="http://schemas.microsoft.com/win/2004/08/events/event"><System><Provider Name="Microsoft-Windows-ServerManager-DeploymentProvider" Guid="{66af9a38-2d94-11e0-a076-8534e0d72085}"></Provider>
<EventID Qualifiers="">111</EventID>
<Version>0</Version>
<Level>4</Level>
<Task>2</Task>
<Opcode>0</Opcode>
<Keywords>0x8000000000000000</Keywords>
<TimeCreated SystemTime="2020-10-26 12:00:56.725477"></TimeCreated>
<EventRecordID>24</EventRecordID>
<Correlation ActivityID="{c54b2bb4-1d70-4c93-b354-1eeeeb78631a}" RelatedActivityID=""></Correlation>
<Execution ProcessID="2608" ThreadID="2944"></Execution>
<Channel>Microsoft-Windows-ServerManager-DeploymentProvider/Operational</Channel>
<Computer>WIN-PTFPHFCRDJ0</Computer>
<Security UserID="S-1-5-18"></Security>
</System>
<EventData><Data Name="requestGuid">{3f8d884e-8480-eb02-c9d2-b6be53779e4e}</Data>
</EventData>
</Event>

<Event xmlns="http://schemas.microsoft.com/win/2004/08/events/event"><System><Provider Name="Microsoft-Windows-ServerManager-DeploymentProvider" Guid="{66af9a38-2d94-11e0-a076-8534e0d72085}"></Provider>
<EventID Qualifiers="">1300</EventID>
<Version>0</Version>
<Level>4</Level>
<Task>2</Task>
<Opcode>0</Opcode>
<Keywords>0x8000000000000000</Keywords>
<TimeCreated SystemTime="2020-10-26 12:00:56.765926"></TimeCreated>
<EventRecordID>25</EventRecordID>
<Correlation ActivityID="{c54b2bb4-1d70-4c93-b354-1eeeeb78631a}" RelatedActivityID=""></Correlation>
<Execution ProcessID="2608" ThreadID="2944"></Execution>
<Channel>Microsoft-Windows-ServerManager-DeploymentProvider/Operational</Channel>
<Computer>WIN-PTFPHFCRDJ0</Computer>
<Security UserID="S-1-5-18"></Security>
</System>
<EventData><Data Name="value">265</Data>
</EventData>
</Event>

<Event xmlns="http://schemas.microsoft.com/win/2004/08/events/event"><System><Provider Name="Microsoft-Windows-ServerManager-DeploymentProvider" Guid="{66af9a38-2d94-11e0-a076-8534e0d72085}"></Provider>
<EventID Qualifiers="">112</EventID>
<Version>0</Version>
<Level>4</Level>
<Task>2</Task>
<Opcode>0</Opcode>
<Keywords>0x8000000000000000</Keywords>
<TimeCreated SystemTime="2020-10-26 12:00:57.463614"></TimeCreated>
<EventRecordID>26</EventRecordID>
<Correlation ActivityID="{c54b2bb4-1d70-4c93-b354-1eeeeb78631a}" RelatedActivityID=""></Correlation>
<Execution ProcessID="2608" ThreadID="2944"></Execution>
<Channel>Microsoft-Windows-ServerManager-DeploymentProvider/Operational</Channel>
<Computer>WIN-PTFPHFCRDJ0</Computer>
<Security UserID="S-1-5-18"></Security>
</System>
<EventData><Data Name="restartRequired">False</Data>
<Data Name="requestGuid">{3f8d884e-8480-eb02-c9d2-b6be53779e4e}</Data>
</EventData>
</Event>

<Event xmlns="http://schemas.microsoft.com/win/2004/08/events/event"><System><Provider Name="Microsoft-Windows-ServerManager-DeploymentProvider" Guid="{66af9a38-2d94-11e0-a076-8534e0d72085}"></Provider>
<EventID Qualifiers="">111</EventID>
<Version>0</Version>
<Level>4</Level>
<Task>2</Task>
<Opcode>0</Opcode>
<Keywords>0x8000000000000000</Keywords>
<TimeCreated SystemTime="2020-10-26 12:12:12.315081"></TimeCreated>
<EventRecordID>27</EventRecordID>
<Correlation ActivityID="{7e627826-f042-4092-9493-739d6ef0883e}" RelatedActivityID=""></Correlation>
<Execution ProcessID="216" ThreadID="4080"></Execution>
<Channel>Microsoft-Windows-ServerManager-DeploymentProvider/Operational</Channel>
<Computer>WIN-PTFPHFCRDJ0</Computer>
<Security UserID="S-1-5-18"></Security>
</System>
<EventData><Data Name="requestGuid">{27893eeb-fd3a-4c73-881c-5eb974af6f29}</Data>
</EventData>
</Event>

<Event xmlns="http://schemas.microsoft.com/win/2004/08/events/event"><System><Provider Name="Microsoft-Windows-ServerManager-DeploymentProvider" Guid="{66af9a38-2d94-11e0-a076-8534e0d72085}"></Provider>
<EventID Qualifiers="">1300</EventID>
<Version>0</Version>
<Level>4</Level>
<Task>2</Task>
<Opcode>0</Opcode>
<Keywords>0x8000000000000000</Keywords>
<TimeCreated SystemTime="2020-10-26 12:12:12.339420"></TimeCreated>
<EventRecordID>28</EventRecordID>
<Correlation ActivityID="{7e627826-f042-4092-9493-739d6ef0883e}" RelatedActivityID=""></Correlation>
<Execution ProcessID="216" ThreadID="4080"></Execution>
<Channel>Microsoft-Windows-ServerManager-DeploymentProvider/Operational</Channel>
<Computer>WIN-PTFPHFCRDJ0</Computer>
<Security UserID="S-1-5-18"></Security>
</System>
<EventData><Data Name="value">265</Data>
</EventData>
</Event>

<Event xmlns="http://schemas.microsoft.com/win/2004/08/events/event"><System><Provider Name="Microsoft-Windows-ServerManager-DeploymentProvider" Guid="{66af9a38-2d94-11e0-a076-8534e0d72085}"></Provider>
<EventID Qualifiers="">112</EventID>
<Version>0</Version>
<Level>4</Level>
<Task>2</Task>
<Opcode>0</Opcode>
<Keywords>0x8000000000000000</Keywords>
<TimeCreated SystemTime="2020-10-26 12:12:12.917379"></TimeCreated>
<EventRecordID>29</EventRecordID>
<Correlation ActivityID="{7e627826-f042-4092-9493-739d6ef0883e}" RelatedActivityID=""></Correlation>
<Execution ProcessID="216" ThreadID="4080"></Execution>
<Channel>Microsoft-Windows-ServerManager-DeploymentProvider/Operational</Channel>
<Computer>WIN-PTFPHFCRDJ0</Computer>
<Security UserID="S-1-5-18"></Security>
</System>
<EventData><Data Name="restartRequired">False</Data>
<Data Name="requestGuid">{27893eeb-fd3a-4c73-881c-5eb974af6f29}</Data>
</EventData>
</Event>

<Event xmlns="http://schemas.microsoft.com/win/2004/08/events/event"><System><Provider Name="Microsoft-Windows-ServerManager-DeploymentProvider" Guid="{66af9a38-2d94-11e0-a076-8534e0d72085}"></Provider>
<EventID Qualifiers="">111</EventID>
<Version>0</Version>
<Level>4</Level>
<Task>2</Task>
<Opcode>0</Opcode>
<Keywords>0x8000000000000000</Keywords>
<TimeCreated SystemTime="2020-10-26 15:28:30.477329"></TimeCreated>
<EventRecordID>30</EventRecordID>
<Correlation ActivityID="{275909a1-1d4b-4fd1-b55b-293aec3bc361}" RelatedActivityID=""></Correlation>
<Execution ProcessID="2188" ThreadID="4056"></Execution>
<Channel>Microsoft-Windows-ServerManager-DeploymentProvider/Operational</Channel>
<Computer>WIN-PTFPHFCRDJ0</Computer>
<Security UserID="S-1-5-18"></Security>
</System>
<EventData><Data Name="requestGuid">{203a6344-9a7c-41d4-814b-76447199c0f5}</Data>
</EventData>
</Event>

<Event xmlns="http://schemas.microsoft.com/win/2004/08/events/event"><System><Provider Name="Microsoft-Windows-ServerManager-DeploymentProvider" Guid="{66af9a38-2d94-11e0-a076-8534e0d72085}"></Provider>
<EventID Qualifiers="">1300</EventID>
<Version>0</Version>
<Level>4</Level>
<Task>2</Task>
<Opcode>0</Opcode>
<Keywords>0x8000000000000000</Keywords>
<TimeCreated SystemTime="2020-10-26 15:28:30.998819"></TimeCreated>
<EventRecordID>31</EventRecordID>
<Correlation ActivityID="{275909a1-1d4b-4fd1-b55b-293aec3bc361}" RelatedActivityID=""></Correlation>
<Execution ProcessID="2188" ThreadID="4056"></Execution>
<Channel>Microsoft-Windows-ServerManager-DeploymentProvider/Operational</Channel>
<Computer>WIN-PTFPHFCRDJ0</Computer>
<Security UserID="S-1-5-18"></Security>
</System>
<EventData><Data Name="value">265</Data>
</EventData>
</Event>

<Event xmlns="http://schemas.microsoft.com/win/2004/08/events/event"><System><Provider Name="Microsoft-Windows-ServerManager-DeploymentProvider" Guid="{66af9a38-2d94-11e0-a076-8534e0d72085}"></Provider>
<EventID Qualifiers="">112</EventID>
<Version>0</Version>
<Level>4</Level>
<Task>2</Task>
<Opcode>0</Opcode>
<Keywords>0x8000000000000000</Keywords>
<TimeCreated SystemTime="2020-10-26 15:28:32.674459"></TimeCreated>
<EventRecordID>32</EventRecordID>
<Correlation ActivityID="{275909a1-1d4b-4fd1-b55b-293aec3bc361}" RelatedActivityID=""></Correlation>
<Execution ProcessID="2188" ThreadID="4056"></Execution>
<Channel>Microsoft-Windows-ServerManager-DeploymentProvider/Operational</Channel>
<Computer>WIN-PTFPHFCRDJ0</Computer>
<Security UserID="S-1-5-18"></Security>
</System>
<EventData><Data Name="restartRequired">False</Data>
<Data Name="requestGuid">{203a6344-9a7c-41d4-814b-76447199c0f5}</Data>
</EventData>
</Event>

<Event xmlns="http://schemas.microsoft.com/win/2004/08/events/event"><System><Provider Name="Microsoft-Windows-ServerManager-DeploymentProvider" Guid="{66af9a38-2d94-11e0-a076-8534e0d72085}"></Provider>
<EventID Qualifiers="">111</EventID>
<Version>0</Version>
<Level>4</Level>
<Task>2</Task>
<Opcode>0</Opcode>
<Keywords>0x8000000000000000</Keywords>
<TimeCreated SystemTime="2020-10-27 02:06:13.208443"></TimeCreated>
<EventRecordID>33</EventRecordID>
<Correlation ActivityID="{082f278b-ad34-45fc-9e5d-c3014f85b97a}" RelatedActivityID=""></Correlation>
<Execution ProcessID="3760" ThreadID="3896"></Execution>
<Channel>Microsoft-Windows-ServerManager-DeploymentProvider/Operational</Channel>
<Computer>WIN-PTFPHFCRDJ0</Computer>
<Security UserID="S-1-5-18"></Security>
</System>
<EventData><Data Name="requestGuid">{6806b743-4f9b-3174-58db-82147c6d4f43}</Data>
</EventData>
</Event>

<Event xmlns="http://schemas.microsoft.com/win/2004/08/events/event"><System><Provider Name="Microsoft-Windows-ServerManager-DeploymentProvider" Guid="{66af9a38-2d94-11e0-a076-8534e0d72085}"></Provider>
<EventID Qualifiers="">1300</EventID>
<Version>0</Version>
<Level>4</Level>
<Task>2</Task>
<Opcode>0</Opcode>
<Keywords>0x8000000000000000</Keywords>
<TimeCreated SystemTime="2020-10-27 02:06:13.449654"></TimeCreated>
<EventRecordID>34</EventRecordID>
<Correlation ActivityID="{082f278b-ad34-45fc-9e5d-c3014f85b97a}" RelatedActivityID=""></Correlation>
<Execution ProcessID="3760" ThreadID="3896"></Execution>
<Channel>Microsoft-Windows-ServerManager-DeploymentProvider/Operational</Channel>
<Computer>WIN-PTFPHFCRDJ0</Computer>
<Security UserID="S-1-5-18"></Security>
</System>
<EventData><Data Name="value">265</Data>
</EventData>
</Event>

<Event xmlns="http://schemas.microsoft.com/win/2004/08/events/event"><System><Provider Name="Microsoft-Windows-ServerManager-DeploymentProvider" Guid="{66af9a38-2d94-11e0-a076-8534e0d72085}"></Provider>
<EventID Qualifiers="">112</EventID>
<Version>0</Version>
<Level>4</Level>
<Task>2</Task>
<Opcode>0</Opcode>
<Keywords>0x8000000000000000</Keywords>
<TimeCreated SystemTime="2020-10-27 02:06:15.106371"></TimeCreated>
<EventRecordID>35</EventRecordID>
<Correlation ActivityID="{082f278b-ad34-45fc-9e5d-c3014f85b97a}" RelatedActivityID=""></Correlation>
<Execution ProcessID="3760" ThreadID="3896"></Execution>
<Channel>Microsoft-Windows-ServerManager-DeploymentProvider/Operational</Channel>
<Computer>WIN-PTFPHFCRDJ0</Computer>
<Security UserID="S-1-5-18"></Security>
</System>
<EventData><Data Name="restartRequired">False</Data>
<Data Name="requestGuid">{6806b743-4f9b-3174-58db-82147c6d4f43}</Data>
</EventData>
</Event>

<Event xmlns="http://schemas.microsoft.com/win/2004/08/events/event"><System><Provider Name="Microsoft-Windows-ServerManager-DeploymentProvider" Guid="{66af9a38-2d94-11e0-a076-8534e0d72085}"></Provider>
<EventID Qualifiers="">111</EventID>
<Version>0</Version>
<Level>4</Level>
<Task>2</Task>
<Opcode>0</Opcode>
<Keywords>0x8000000000000000</Keywords>
<TimeCreated SystemTime="2020-10-27 02:10:56.802765"></TimeCreated>
<EventRecordID>36</EventRecordID>
<Correlation ActivityID="{8976662d-c6af-4b24-a806-e794e05e897f}" RelatedActivityID=""></Correlation>
<Execution ProcessID="4744" ThreadID="4780"></Execution>
<Channel>Microsoft-Windows-ServerManager-DeploymentProvider/Operational</Channel>
<Computer>WIN-PTFPHFCRDJ0</Computer>
<Security UserID="S-1-5-18"></Security>
</System>
<EventData><Data Name="requestGuid">{5f11f126-0956-449e-9b88-1c2614b99786}</Data>
</EventData>
</Event>

<Event xmlns="http://schemas.microsoft.com/win/2004/08/events/event"><System><Provider Name="Microsoft-Windows-ServerManager-DeploymentProvider" Guid="{66af9a38-2d94-11e0-a076-8534e0d72085}"></Provider>
<EventID Qualifiers="">1300</EventID>
<Version>0</Version>
<Level>4</Level>
<Task>2</Task>
<Opcode>0</Opcode>
<Keywords>0x8000000000000000</Keywords>
<TimeCreated SystemTime="2020-10-27 02:10:56.827785"></TimeCreated>
<EventRecordID>37</EventRecordID>
<Correlation ActivityID="{8976662d-c6af-4b24-a806-e794e05e897f}" RelatedActivityID=""></Correlation>
<Execution ProcessID="4744" ThreadID="4780"></Execution>
<Channel>Microsoft-Windows-ServerManager-DeploymentProvider/Operational</Channel>
<Computer>WIN-PTFPHFCRDJ0</Computer>
<Security UserID="S-1-5-18"></Security>
</System>
<EventData><Data Name="value">265</Data>
</EventData>
</Event>

<Event xmlns="http://schemas.microsoft.com/win/2004/08/events/event"><System><Provider Name="Microsoft-Windows-ServerManager-DeploymentProvider" Guid="{66af9a38-2d94-11e0-a076-8534e0d72085}"></Provider>
<EventID Qualifiers="">112</EventID>
<Version>0</Version>
<Level>4</Level>
<Task>2</Task>
<Opcode>0</Opcode>
<Keywords>0x8000000000000000</Keywords>
<TimeCreated SystemTime="2020-10-27 02:10:57.055887"></TimeCreated>
<EventRecordID>38</EventRecordID>
<Correlation ActivityID="{8976662d-c6af-4b24-a806-e794e05e897f}" RelatedActivityID=""></Correlation>
<Execution ProcessID="4744" ThreadID="4780"></Execution>
<Channel>Microsoft-Windows-ServerManager-DeploymentProvider/Operational</Channel>
<Computer>WIN-PTFPHFCRDJ0</Computer>
<Security UserID="S-1-5-18"></Security>
</System>
<EventData><Data Name="restartRequired">False</Data>
<Data Name="requestGuid">{5f11f126-0956-449e-9b88-1c2614b99786}</Data>
</EventData>
</Event>

</Events>
