<Event xmlns="http://schemas.microsoft.com/win/2004/08/events/event"><System><Provider Name="Microsoft-Windows-UniversalTelemetryClient" Guid="{6489b27f-7c43-5886-1d00-0a61bb2a375b}"></Provider>
<EventID Qualifiers="">62</EventID>
<Version>0</Version>
<Level>4</Level>
<Task>62</Task>
<Opcode>0</Opcode>
<Keywords>0x8000000000040000</Keywords>
<TimeCreated SystemTime="2020-10-24 22:19:45.472118"></TimeCreated>
<EventRecordID>59</EventRecordID>
<Correlation ActivityID="" RelatedActivityID=""></Correlation>
<Execution ProcessID="2252" ThreadID="2824"></Execution>
<Channel>Microsoft-Windows-UniversalTelemetryClient/Operational</Channel>
<Computer>WIN-PTFPHFCRDJ0</Computer>
<Security UserID="S-1-5-18"></Security>
</System>
<EventData><Data Name="Environment">ServiceHost</Data>
<Data Name="State">False</Data>
</EventData>
</Event>

<Event xmlns="http://schemas.microsoft.com/win/2004/08/events/event"><System><Provider Name="Microsoft-Windows-UniversalTelemetryClient" Guid="{6489b27f-7c43-5886-1d00-0a61bb2a375b}"></Provider>
<EventID Qualifiers="">27</EventID>
<Version>0</Version>
<Level>4</Level>
<Task>27</Task>
<Opcode>0</Opcode>
<Keywords>0x8000000000020000</Keywords>
<TimeCreated SystemTime="2020-10-24 22:19:47.984734"></TimeCreated>
<EventRecordID>60</EventRecordID>
<Correlation ActivityID="" RelatedActivityID=""></Correlation>
<Execution ProcessID="2252" ThreadID="2844"></Execution>
<Channel>Microsoft-Windows-UniversalTelemetryClient/Operational</Channel>
<Computer>WIN-PTFPHFCRDJ0</Computer>
<Security UserID="S-1-5-18"></Security>
</System>
<EventData><Data Name="Environment">ServiceHost</Data>
<Data Name="EventsUploaded">1493</Data>
<Data Name="EventsDropped">1118</Data>
<Data Name="LastEventlogWrittenTime">132479525667188225</Data>
</EventData>
</Event>

<Event xmlns="http://schemas.microsoft.com/win/2004/08/events/event"><System><Provider Name="Microsoft-Windows-UniversalTelemetryClient" Guid="{6489b27f-7c43-5886-1d00-0a61bb2a375b}"></Provider>
<EventID Qualifiers="">61</EventID>
<Version>0</Version>
<Level>4</Level>
<Task>61</Task>
<Opcode>0</Opcode>
<Keywords>0x8000000000040000</Keywords>
<TimeCreated SystemTime="2020-10-24 22:21:44.564520"></TimeCreated>
<EventRecordID>61</EventRecordID>
<Correlation ActivityID="" RelatedActivityID=""></Correlation>
<Execution ProcessID="2252" ThreadID="3908"></Execution>
<Channel>Microsoft-Windows-UniversalTelemetryClient/Operational</Channel>
<Computer>WIN-PTFPHFCRDJ0</Computer>
<Security UserID="S-1-5-18"></Security>
</System>
<EventData><Data Name="Environment">ServiceHost</Data>
<Data Name="State">False</Data>
</EventData>
</Event>

<Event xmlns="http://schemas.microsoft.com/win/2004/08/events/event"><System><Provider Name="Microsoft-Windows-UniversalTelemetryClient" Guid="{6489b27f-7c43-5886-1d00-0a61bb2a375b}"></Provider>
<EventID Qualifiers="">61</EventID>
<Version>0</Version>
<Level>4</Level>
<Task>61</Task>
<Opcode>0</Opcode>
<Keywords>0x8000000000040000</Keywords>
<TimeCreated SystemTime="2020-10-24 22:24:27.540407"></TimeCreated>
<EventRecordID>62</EventRecordID>
<Correlation ActivityID="" RelatedActivityID=""></Correlation>
<Execution ProcessID="2252" ThreadID="3992"></Execution>
<Channel>Microsoft-Windows-UniversalTelemetryClient/Operational</Channel>
<Computer>WIN-PTFPHFCRDJ0</Computer>
<Security UserID="S-1-5-18"></Security>
</System>
<EventData><Data Name="Environment">ServiceHost</Data>
<Data Name="State">False</Data>
</EventData>
</Event>

<Event xmlns="http://schemas.microsoft.com/win/2004/08/events/event"><System><Provider Name="Microsoft-Windows-UniversalTelemetryClient" Guid="{6489b27f-7c43-5886-1d00-0a61bb2a375b}"></Provider>
<EventID Qualifiers="">61</EventID>
<Version>0</Version>
<Level>4</Level>
<Task>61</Task>
<Opcode>0</Opcode>
<Keywords>0x8000000000040000</Keywords>
<TimeCreated SystemTime="2020-10-24 22:27:24.502909"></TimeCreated>
<EventRecordID>63</EventRecordID>
<Correlation ActivityID="" RelatedActivityID=""></Correlation>
<Execution ProcessID="2252" ThreadID="2860"></Execution>
<Channel>Microsoft-Windows-UniversalTelemetryClient/Operational</Channel>
<Computer>WIN-PTFPHFCRDJ0</Computer>
<Security UserID="S-1-5-18"></Security>
</System>
<EventData><Data Name="Environment">ServiceHost</Data>
<Data Name="State">False</Data>
</EventData>
</Event>

<Event xmlns="http://schemas.microsoft.com/win/2004/08/events/event"><System><Provider Name="Microsoft-Windows-UniversalTelemetryClient" Guid="{6489b27f-7c43-5886-1d00-0a61bb2a375b}"></Provider>
<EventID Qualifiers="">27</EventID>
<Version>0</Version>
<Level>4</Level>
<Task>27</Task>
<Opcode>0</Opcode>
<Keywords>0x8000000000020000</Keywords>
<TimeCreated SystemTime="2020-10-24 22:49:49.088760"></TimeCreated>
<EventRecordID>64</EventRecordID>
<Correlation ActivityID="" RelatedActivityID=""></Correlation>
<Execution ProcessID="2252" ThreadID="4156"></Execution>
<Channel>Microsoft-Windows-UniversalTelemetryClient/Operational</Channel>
<Computer>WIN-PTFPHFCRDJ0</Computer>
<Security UserID="S-1-5-18"></Security>
</System>
<EventData><Data Name="Environment">ServiceHost</Data>
<Data Name="EventsUploaded">3986</Data>
<Data Name="EventsDropped">835</Data>
<Data Name="LastEventlogWrittenTime">132480515879839428</Data>
</EventData>
</Event>

<Event xmlns="http://schemas.microsoft.com/win/2004/08/events/event"><System><Provider Name="Microsoft-Windows-UniversalTelemetryClient" Guid="{6489b27f-7c43-5886-1d00-0a61bb2a375b}"></Provider>
<EventID Qualifiers="">50</EventID>
<Version>0</Version>
<Level>4</Level>
<Task>50</Task>
<Opcode>0</Opcode>
<Keywords>0x8000000000040000</Keywords>
<TimeCreated SystemTime="2020-10-26 11:58:10.752886"></TimeCreated>
<EventRecordID>65</EventRecordID>
<Correlation ActivityID="" RelatedActivityID=""></Correlation>
<Execution ProcessID="2276" ThreadID="2308"></Execution>
<Channel>Microsoft-Windows-UniversalTelemetryClient/Operational</Channel>
<Computer>WIN-PTFPHFCRDJ0</Computer>
<Security UserID="S-1-5-18"></Security>
</System>
<EventData><Data Name="Environment">ServiceHost</Data>
<Data Name="Status">0</Data>
</EventData>
</Event>

<Event xmlns="http://schemas.microsoft.com/win/2004/08/events/event"><System><Provider Name="Microsoft-Windows-UniversalTelemetryClient" Guid="{6489b27f-7c43-5886-1d00-0a61bb2a375b}"></Provider>
<EventID Qualifiers="">61</EventID>
<Version>0</Version>
<Level>4</Level>
<Task>61</Task>
<Opcode>0</Opcode>
<Keywords>0x8000000000040000</Keywords>
<TimeCreated SystemTime="2020-10-26 11:58:11.867569"></TimeCreated>
<EventRecordID>66</EventRecordID>
<Correlation ActivityID="" RelatedActivityID=""></Correlation>
<Execution ProcessID="2276" ThreadID="2884"></Execution>
<Channel>Microsoft-Windows-UniversalTelemetryClient/Operational</Channel>
<Computer>WIN-PTFPHFCRDJ0</Computer>
<Security UserID="S-1-5-18"></Security>
</System>
<EventData><Data Name="Environment">ServiceHost</Data>
<Data Name="State">False</Data>
</EventData>
</Event>

<Event xmlns="http://schemas.microsoft.com/win/2004/08/events/event"><System><Provider Name="Microsoft-Windows-UniversalTelemetryClient" Guid="{6489b27f-7c43-5886-1d00-0a61bb2a375b}"></Provider>
<EventID Qualifiers="">55</EventID>
<Version>0</Version>
<Level>4</Level>
<Task>55</Task>
<Opcode>0</Opcode>
<Keywords>0x8000000000040000</Keywords>
<TimeCreated SystemTime="2020-10-26 11:58:11.867586"></TimeCreated>
<EventRecordID>67</EventRecordID>
<Correlation ActivityID="" RelatedActivityID=""></Correlation>
<Execution ProcessID="2276" ThreadID="2884"></Execution>
<Channel>Microsoft-Windows-UniversalTelemetryClient/Operational</Channel>
<Computer>WIN-PTFPHFCRDJ0</Computer>
<Security UserID="S-1-5-18"></Security>
</System>
<EventData><Data Name="Environment">ServiceHost</Data>
<Data Name="State">True</Data>
</EventData>
</Event>

<Event xmlns="http://schemas.microsoft.com/win/2004/08/events/event"><System><Provider Name="Microsoft-Windows-UniversalTelemetryClient" Guid="{6489b27f-7c43-5886-1d00-0a61bb2a375b}"></Provider>
<EventID Qualifiers="">56</EventID>
<Version>0</Version>
<Level>4</Level>
<Task>56</Task>
<Opcode>0</Opcode>
<Keywords>0x8000000000040000</Keywords>
<TimeCreated SystemTime="2020-10-26 11:58:11.867800"></TimeCreated>
<EventRecordID>68</EventRecordID>
<Correlation ActivityID="" RelatedActivityID=""></Correlation>
<Execution ProcessID="2276" ThreadID="2884"></Execution>
<Channel>Microsoft-Windows-UniversalTelemetryClient/Operational</Channel>
<Computer>WIN-PTFPHFCRDJ0</Computer>
<Security UserID="S-1-5-18"></Security>
</System>
<EventData><Data Name="Environment">ServiceHost</Data>
<Data Name="State">True</Data>
</EventData>
</Event>

<Event xmlns="http://schemas.microsoft.com/win/2004/08/events/event"><System><Provider Name="Microsoft-Windows-UniversalTelemetryClient" Guid="{6489b27f-7c43-5886-1d00-0a61bb2a375b}"></Provider>
<EventID Qualifiers="">62</EventID>
<Version>0</Version>
<Level>4</Level>
<Task>62</Task>
<Opcode>0</Opcode>
<Keywords>0x8000000000040000</Keywords>
<TimeCreated SystemTime="2020-10-26 11:58:11.867872"></TimeCreated>
<EventRecordID>69</EventRecordID>
<Correlation ActivityID="" RelatedActivityID=""></Correlation>
<Execution ProcessID="2276" ThreadID="2884"></Execution>
<Channel>Microsoft-Windows-UniversalTelemetryClient/Operational</Channel>
<Computer>WIN-PTFPHFCRDJ0</Computer>
<Security UserID="S-1-5-18"></Security>
</System>
<EventData><Data Name="Environment">ServiceHost</Data>
<Data Name="State">False</Data>
</EventData>
</Event>

<Event xmlns="http://schemas.microsoft.com/win/2004/08/events/event"><System><Provider Name="Microsoft-Windows-UniversalTelemetryClient" Guid="{6489b27f-7c43-5886-1d00-0a61bb2a375b}"></Provider>
<EventID Qualifiers="">27</EventID>
<Version>0</Version>
<Level>4</Level>
<Task>27</Task>
<Opcode>0</Opcode>
<Keywords>0x8000000000020000</Keywords>
<TimeCreated SystemTime="2020-10-26 11:58:14.493456"></TimeCreated>
<EventRecordID>70</EventRecordID>
<Correlation ActivityID="" RelatedActivityID=""></Correlation>
<Execution ProcessID="2276" ThreadID="2904"></Execution>
<Channel>Microsoft-Windows-UniversalTelemetryClient/Operational</Channel>
<Computer>WIN-PTFPHFCRDJ0</Computer>
<Security UserID="S-1-5-18"></Security>
</System>
<EventData><Data Name="Environment">ServiceHost</Data>
<Data Name="EventsUploaded">249</Data>
<Data Name="EventsDropped">177</Data>
<Data Name="LastEventlogWrittenTime">132480533890785143</Data>
</EventData>
</Event>

<Event xmlns="http://schemas.microsoft.com/win/2004/08/events/event"><System><Provider Name="Microsoft-Windows-UniversalTelemetryClient" Guid="{6489b27f-7c43-5886-1d00-0a61bb2a375b}"></Provider>
<EventID Qualifiers="">61</EventID>
<Version>0</Version>
<Level>4</Level>
<Task>61</Task>
<Opcode>0</Opcode>
<Keywords>0x8000000000040000</Keywords>
<TimeCreated SystemTime="2020-10-26 12:00:14.110046"></TimeCreated>
<EventRecordID>71</EventRecordID>
<Correlation ActivityID="" RelatedActivityID=""></Correlation>
<Execution ProcessID="2276" ThreadID="3596"></Execution>
<Channel>Microsoft-Windows-UniversalTelemetryClient/Operational</Channel>
<Computer>WIN-PTFPHFCRDJ0</Computer>
<Security UserID="S-1-5-18"></Security>
</System>
<EventData><Data Name="Environment">ServiceHost</Data>
<Data Name="State">False</Data>
</EventData>
</Event>

<Event xmlns="http://schemas.microsoft.com/win/2004/08/events/event"><System><Provider Name="Microsoft-Windows-UniversalTelemetryClient" Guid="{6489b27f-7c43-5886-1d00-0a61bb2a375b}"></Provider>
<EventID Qualifiers="">61</EventID>
<Version>0</Version>
<Level>4</Level>
<Task>61</Task>
<Opcode>0</Opcode>
<Keywords>0x8000000000040000</Keywords>
<TimeCreated SystemTime="2020-10-26 12:10:35.305124"></TimeCreated>
<EventRecordID>72</EventRecordID>
<Correlation ActivityID="" RelatedActivityID=""></Correlation>
<Execution ProcessID="2276" ThreadID="3584"></Execution>
<Channel>Microsoft-Windows-UniversalTelemetryClient/Operational</Channel>
<Computer>WIN-PTFPHFCRDJ0</Computer>
<Security UserID="S-1-5-18"></Security>
</System>
<EventData><Data Name="Environment">ServiceHost</Data>
<Data Name="State">False</Data>
</EventData>
</Event>

<Event xmlns="http://schemas.microsoft.com/win/2004/08/events/event"><System><Provider Name="Microsoft-Windows-UniversalTelemetryClient" Guid="{6489b27f-7c43-5886-1d00-0a61bb2a375b}"></Provider>
<EventID Qualifiers="">61</EventID>
<Version>0</Version>
<Level>4</Level>
<Task>61</Task>
<Opcode>0</Opcode>
<Keywords>0x8000000000040000</Keywords>
<TimeCreated SystemTime="2020-10-26 12:12:54.080578"></TimeCreated>
<EventRecordID>73</EventRecordID>
<Correlation ActivityID="" RelatedActivityID=""></Correlation>
<Execution ProcessID="2276" ThreadID="3148"></Execution>
<Channel>Microsoft-Windows-UniversalTelemetryClient/Operational</Channel>
<Computer>WIN-PTFPHFCRDJ0</Computer>
<Security UserID="S-1-5-18"></Security>
</System>
<EventData><Data Name="Environment">ServiceHost</Data>
<Data Name="State">False</Data>
</EventData>
</Event>

<Event xmlns="http://schemas.microsoft.com/win/2004/08/events/event"><System><Provider Name="Microsoft-Windows-UniversalTelemetryClient" Guid="{6489b27f-7c43-5886-1d00-0a61bb2a375b}"></Provider>
<EventID Qualifiers="">27</EventID>
<Version>0</Version>
<Level>4</Level>
<Task>27</Task>
<Opcode>0</Opcode>
<Keywords>0x8000000000020000</Keywords>
<TimeCreated SystemTime="2020-10-26 12:28:15.492130"></TimeCreated>
<EventRecordID>74</EventRecordID>
<Correlation ActivityID="" RelatedActivityID=""></Correlation>
<Execution ProcessID="2276" ThreadID="3200"></Execution>
<Channel>Microsoft-Windows-UniversalTelemetryClient/Operational</Channel>
<Computer>WIN-PTFPHFCRDJ0</Computer>
<Security UserID="S-1-5-18"></Security>
</System>
<EventData><Data Name="Environment">ServiceHost</Data>
<Data Name="EventsUploaded">2222</Data>
<Data Name="EventsDropped">966</Data>
<Data Name="LastEventlogWrittenTime">132481870944786202</Data>
</EventData>
</Event>

<Event xmlns="http://schemas.microsoft.com/win/2004/08/events/event"><System><Provider Name="Microsoft-Windows-UniversalTelemetryClient" Guid="{6489b27f-7c43-5886-1d00-0a61bb2a375b}"></Provider>
<EventID Qualifiers="">27</EventID>
<Version>0</Version>
<Level>4</Level>
<Task>27</Task>
<Opcode>0</Opcode>
<Keywords>0x8000000000020000</Keywords>
<TimeCreated SystemTime="2020-10-26 12:58:15.458973"></TimeCreated>
<EventRecordID>75</EventRecordID>
<Correlation ActivityID="" RelatedActivityID=""></Correlation>
<Execution ProcessID="2276" ThreadID="428"></Execution>
<Channel>Microsoft-Windows-UniversalTelemetryClient/Operational</Channel>
<Computer>WIN-PTFPHFCRDJ0</Computer>
<Security UserID="S-1-5-18"></Security>
</System>
<EventData><Data Name="Environment">ServiceHost</Data>
<Data Name="EventsUploaded">236</Data>
<Data Name="EventsDropped">9</Data>
<Data Name="LastEventlogWrittenTime">132481888954813134</Data>
</EventData>
</Event>

<Event xmlns="http://schemas.microsoft.com/win/2004/08/events/event"><System><Provider Name="Microsoft-Windows-UniversalTelemetryClient" Guid="{6489b27f-7c43-5886-1d00-0a61bb2a375b}"></Provider>
<EventID Qualifiers="">27</EventID>
<Version>0</Version>
<Level>4</Level>
<Task>27</Task>
<Opcode>0</Opcode>
<Keywords>0x8000000000020000</Keywords>
<TimeCreated SystemTime="2020-10-26 13:28:15.454702"></TimeCreated>
<EventRecordID>76</EventRecordID>
<Correlation ActivityID="" RelatedActivityID=""></Correlation>
<Execution ProcessID="2276" ThreadID="1928"></Execution>
<Channel>Microsoft-Windows-UniversalTelemetryClient/Operational</Channel>
<Computer>WIN-PTFPHFCRDJ0</Computer>
<Security UserID="S-1-5-18"></Security>
</System>
<EventData><Data Name="Environment">ServiceHost</Data>
<Data Name="EventsUploaded">207</Data>
<Data Name="EventsDropped">2</Data>
<Data Name="LastEventlogWrittenTime">132481906954513147</Data>
</EventData>
</Event>

<Event xmlns="http://schemas.microsoft.com/win/2004/08/events/event"><System><Provider Name="Microsoft-Windows-UniversalTelemetryClient" Guid="{6489b27f-7c43-5886-1d00-0a61bb2a375b}"></Provider>
<EventID Qualifiers="">27</EventID>
<Version>0</Version>
<Level>4</Level>
<Task>27</Task>
<Opcode>0</Opcode>
<Keywords>0x8000000000020000</Keywords>
<TimeCreated SystemTime="2020-10-26 13:58:15.420006"></TimeCreated>
<EventRecordID>77</EventRecordID>
<Correlation ActivityID="" RelatedActivityID=""></Correlation>
<Execution ProcessID="2276" ThreadID="2404"></Execution>
<Channel>Microsoft-Windows-UniversalTelemetryClient/Operational</Channel>
<Computer>WIN-PTFPHFCRDJ0</Computer>
<Security UserID="S-1-5-18"></Security>
</System>
<EventData><Data Name="Environment">ServiceHost</Data>
<Data Name="EventsUploaded">154</Data>
<Data Name="EventsDropped">8</Data>
<Data Name="LastEventlogWrittenTime">132481924954544801</Data>
</EventData>
</Event>

<Event xmlns="http://schemas.microsoft.com/win/2004/08/events/event"><System><Provider Name="Microsoft-Windows-UniversalTelemetryClient" Guid="{6489b27f-7c43-5886-1d00-0a61bb2a375b}"></Provider>
<EventID Qualifiers="">27</EventID>
<Version>0</Version>
<Level>4</Level>
<Task>27</Task>
<Opcode>0</Opcode>
<Keywords>0x8000000000020000</Keywords>
<TimeCreated SystemTime="2020-10-26 14:28:15.413874"></TimeCreated>
<EventRecordID>78</EventRecordID>
<Correlation ActivityID="" RelatedActivityID=""></Correlation>
<Execution ProcessID="2276" ThreadID="3412"></Execution>
<Channel>Microsoft-Windows-UniversalTelemetryClient/Operational</Channel>
<Computer>WIN-PTFPHFCRDJ0</Computer>
<Security UserID="S-1-5-18"></Security>
</System>
<EventData><Data Name="Environment">ServiceHost</Data>
<Data Name="EventsUploaded">282</Data>
<Data Name="EventsDropped">15</Data>
<Data Name="LastEventlogWrittenTime">132481942954143721</Data>
</EventData>
</Event>

<Event xmlns="http://schemas.microsoft.com/win/2004/08/events/event"><System><Provider Name="Microsoft-Windows-UniversalTelemetryClient" Guid="{6489b27f-7c43-5886-1d00-0a61bb2a375b}"></Provider>
<EventID Qualifiers="">50</EventID>
<Version>0</Version>
<Level>4</Level>
<Task>50</Task>
<Opcode>0</Opcode>
<Keywords>0x8000000000040000</Keywords>
<TimeCreated SystemTime="2020-10-26 15:12:54.346258"></TimeCreated>
<EventRecordID>79</EventRecordID>
<Correlation ActivityID="" RelatedActivityID=""></Correlation>
<Execution ProcessID="2120" ThreadID="2228"></Execution>
<Channel>Microsoft-Windows-UniversalTelemetryClient/Operational</Channel>
<Computer>WIN-PTFPHFCRDJ0</Computer>
<Security UserID="S-1-5-18"></Security>
</System>
<EventData><Data Name="Environment">ServiceHost</Data>
<Data Name="Status">0</Data>
</EventData>
</Event>

<Event xmlns="http://schemas.microsoft.com/win/2004/08/events/event"><System><Provider Name="Microsoft-Windows-UniversalTelemetryClient" Guid="{6489b27f-7c43-5886-1d00-0a61bb2a375b}"></Provider>
<EventID Qualifiers="">61</EventID>
<Version>0</Version>
<Level>4</Level>
<Task>61</Task>
<Opcode>0</Opcode>
<Keywords>0x8000000000040000</Keywords>
<TimeCreated SystemTime="2020-10-26 15:12:55.970089"></TimeCreated>
<EventRecordID>80</EventRecordID>
<Correlation ActivityID="" RelatedActivityID=""></Correlation>
<Execution ProcessID="2120" ThreadID="2996"></Execution>
<Channel>Microsoft-Windows-UniversalTelemetryClient/Operational</Channel>
<Computer>WIN-PTFPHFCRDJ0</Computer>
<Security UserID="S-1-5-18"></Security>
</System>
<EventData><Data Name="Environment">ServiceHost</Data>
<Data Name="State">False</Data>
</EventData>
</Event>

<Event xmlns="http://schemas.microsoft.com/win/2004/08/events/event"><System><Provider Name="Microsoft-Windows-UniversalTelemetryClient" Guid="{6489b27f-7c43-5886-1d00-0a61bb2a375b}"></Provider>
<EventID Qualifiers="">55</EventID>
<Version>0</Version>
<Level>4</Level>
<Task>55</Task>
<Opcode>0</Opcode>
<Keywords>0x8000000000040000</Keywords>
<TimeCreated SystemTime="2020-10-26 15:12:55.970102"></TimeCreated>
<EventRecordID>81</EventRecordID>
<Correlation ActivityID="" RelatedActivityID=""></Correlation>
<Execution ProcessID="2120" ThreadID="2996"></Execution>
<Channel>Microsoft-Windows-UniversalTelemetryClient/Operational</Channel>
<Computer>WIN-PTFPHFCRDJ0</Computer>
<Security UserID="S-1-5-18"></Security>
</System>
<EventData><Data Name="Environment">ServiceHost</Data>
<Data Name="State">True</Data>
</EventData>
</Event>

<Event xmlns="http://schemas.microsoft.com/win/2004/08/events/event"><System><Provider Name="Microsoft-Windows-UniversalTelemetryClient" Guid="{6489b27f-7c43-5886-1d00-0a61bb2a375b}"></Provider>
<EventID Qualifiers="">56</EventID>
<Version>0</Version>
<Level>4</Level>
<Task>56</Task>
<Opcode>0</Opcode>
<Keywords>0x8000000000040000</Keywords>
<TimeCreated SystemTime="2020-10-26 15:12:55.970245"></TimeCreated>
<EventRecordID>82</EventRecordID>
<Correlation ActivityID="" RelatedActivityID=""></Correlation>
<Execution ProcessID="2120" ThreadID="2996"></Execution>
<Channel>Microsoft-Windows-UniversalTelemetryClient/Operational</Channel>
<Computer>WIN-PTFPHFCRDJ0</Computer>
<Security UserID="S-1-5-18"></Security>
</System>
<EventData><Data Name="Environment">ServiceHost</Data>
<Data Name="State">True</Data>
</EventData>
</Event>

<Event xmlns="http://schemas.microsoft.com/win/2004/08/events/event"><System><Provider Name="Microsoft-Windows-UniversalTelemetryClient" Guid="{6489b27f-7c43-5886-1d00-0a61bb2a375b}"></Provider>
<EventID Qualifiers="">62</EventID>
<Version>0</Version>
<Level>4</Level>
<Task>62</Task>
<Opcode>0</Opcode>
<Keywords>0x8000000000040000</Keywords>
<TimeCreated SystemTime="2020-10-26 15:12:55.970303"></TimeCreated>
<EventRecordID>83</EventRecordID>
<Correlation ActivityID="" RelatedActivityID=""></Correlation>
<Execution ProcessID="2120" ThreadID="2996"></Execution>
<Channel>Microsoft-Windows-UniversalTelemetryClient/Operational</Channel>
<Computer>WIN-PTFPHFCRDJ0</Computer>
<Security UserID="S-1-5-18"></Security>
</System>
<EventData><Data Name="Environment">ServiceHost</Data>
<Data Name="State">False</Data>
</EventData>
</Event>

<Event xmlns="http://schemas.microsoft.com/win/2004/08/events/event"><System><Provider Name="Microsoft-Windows-UniversalTelemetryClient" Guid="{6489b27f-7c43-5886-1d00-0a61bb2a375b}"></Provider>
<EventID Qualifiers="">61</EventID>
<Version>0</Version>
<Level>4</Level>
<Task>61</Task>
<Opcode>0</Opcode>
<Keywords>0x8000000000040000</Keywords>
<TimeCreated SystemTime="2020-10-26 15:14:16.766651"></TimeCreated>
<EventRecordID>84</EventRecordID>
<Correlation ActivityID="" RelatedActivityID=""></Correlation>
<Execution ProcessID="2120" ThreadID="2996"></Execution>
<Channel>Microsoft-Windows-UniversalTelemetryClient/Operational</Channel>
<Computer>WIN-PTFPHFCRDJ0</Computer>
<Security UserID="S-1-5-18"></Security>
</System>
<EventData><Data Name="Environment">ServiceHost</Data>
<Data Name="State">False</Data>
</EventData>
</Event>

<Event xmlns="http://schemas.microsoft.com/win/2004/08/events/event"><System><Provider Name="Microsoft-Windows-UniversalTelemetryClient" Guid="{6489b27f-7c43-5886-1d00-0a61bb2a375b}"></Provider>
<EventID Qualifiers="">61</EventID>
<Version>0</Version>
<Level>4</Level>
<Task>61</Task>
<Opcode>0</Opcode>
<Keywords>0x8000000000040000</Keywords>
<TimeCreated SystemTime="2020-10-26 15:26:55.527061"></TimeCreated>
<EventRecordID>85</EventRecordID>
<Correlation ActivityID="" RelatedActivityID=""></Correlation>
<Execution ProcessID="2120" ThreadID="1736"></Execution>
<Channel>Microsoft-Windows-UniversalTelemetryClient/Operational</Channel>
<Computer>WIN-PTFPHFCRDJ0</Computer>
<Security UserID="S-1-5-18"></Security>
</System>
<EventData><Data Name="Environment">ServiceHost</Data>
<Data Name="State">False</Data>
</EventData>
</Event>

<Event xmlns="http://schemas.microsoft.com/win/2004/08/events/event"><System><Provider Name="Microsoft-Windows-UniversalTelemetryClient" Guid="{6489b27f-7c43-5886-1d00-0a61bb2a375b}"></Provider>
<EventID Qualifiers="">61</EventID>
<Version>0</Version>
<Level>4</Level>
<Task>61</Task>
<Opcode>0</Opcode>
<Keywords>0x8000000000040000</Keywords>
<TimeCreated SystemTime="2020-10-26 15:29:16.769171"></TimeCreated>
<EventRecordID>86</EventRecordID>
<Correlation ActivityID="" RelatedActivityID=""></Correlation>
<Execution ProcessID="2120" ThreadID="2844"></Execution>
<Channel>Microsoft-Windows-UniversalTelemetryClient/Operational</Channel>
<Computer>WIN-PTFPHFCRDJ0</Computer>
<Security UserID="S-1-5-18"></Security>
</System>
<EventData><Data Name="Environment">ServiceHost</Data>
<Data Name="State">False</Data>
</EventData>
</Event>

<Event xmlns="http://schemas.microsoft.com/win/2004/08/events/event"><System><Provider Name="Microsoft-Windows-UniversalTelemetryClient" Guid="{6489b27f-7c43-5886-1d00-0a61bb2a375b}"></Provider>
<EventID Qualifiers="">27</EventID>
<Version>0</Version>
<Level>4</Level>
<Task>27</Task>
<Opcode>0</Opcode>
<Keywords>0x8000000000020000</Keywords>
<TimeCreated SystemTime="2020-10-26 15:42:57.854021"></TimeCreated>
<EventRecordID>87</EventRecordID>
<Correlation ActivityID="" RelatedActivityID=""></Correlation>
<Execution ProcessID="2120" ThreadID="592"></Execution>
<Channel>Microsoft-Windows-UniversalTelemetryClient/Operational</Channel>
<Computer>WIN-PTFPHFCRDJ0</Computer>
<Security UserID="S-1-5-18"></Security>
</System>
<EventData><Data Name="Environment">ServiceHost</Data>
<Data Name="EventsUploaded">1742</Data>
<Data Name="EventsDropped">1199</Data>
<Data Name="LastEventlogWrittenTime">132481960954079199</Data>
</EventData>
</Event>

<Event xmlns="http://schemas.microsoft.com/win/2004/08/events/event"><System><Provider Name="Microsoft-Windows-UniversalTelemetryClient" Guid="{6489b27f-7c43-5886-1d00-0a61bb2a375b}"></Provider>
<EventID Qualifiers="">27</EventID>
<Version>0</Version>
<Level>4</Level>
<Task>27</Task>
<Opcode>0</Opcode>
<Keywords>0x8000000000020000</Keywords>
<TimeCreated SystemTime="2020-10-26 16:12:57.835207"></TimeCreated>
<EventRecordID>88</EventRecordID>
<Correlation ActivityID="" RelatedActivityID=""></Correlation>
<Execution ProcessID="2120" ThreadID="3960"></Execution>
<Channel>Microsoft-Windows-UniversalTelemetryClient/Operational</Channel>
<Computer>WIN-PTFPHFCRDJ0</Computer>
<Security UserID="S-1-5-18"></Security>
</System>
<EventData><Data Name="Environment">ServiceHost</Data>
<Data Name="EventsUploaded">1094</Data>
<Data Name="EventsDropped">188</Data>
<Data Name="LastEventlogWrittenTime">132482005778465671</Data>
</EventData>
</Event>

<Event xmlns="http://schemas.microsoft.com/win/2004/08/events/event"><System><Provider Name="Microsoft-Windows-UniversalTelemetryClient" Guid="{6489b27f-7c43-5886-1d00-0a61bb2a375b}"></Provider>
<EventID Qualifiers="">27</EventID>
<Version>0</Version>
<Level>4</Level>
<Task>27</Task>
<Opcode>0</Opcode>
<Keywords>0x8000000000020000</Keywords>
<TimeCreated SystemTime="2020-10-26 16:42:57.845579"></TimeCreated>
<EventRecordID>89</EventRecordID>
<Correlation ActivityID="" RelatedActivityID=""></Correlation>
<Execution ProcessID="2120" ThreadID="3940"></Execution>
<Channel>Microsoft-Windows-UniversalTelemetryClient/Operational</Channel>
<Computer>WIN-PTFPHFCRDJ0</Computer>
<Security UserID="S-1-5-18"></Security>
</System>
<EventData><Data Name="Environment">ServiceHost</Data>
<Data Name="EventsUploaded">941</Data>
<Data Name="EventsDropped">4</Data>
<Data Name="LastEventlogWrittenTime">132482023778307162</Data>
</EventData>
</Event>

<Event xmlns="http://schemas.microsoft.com/win/2004/08/events/event"><System><Provider Name="Microsoft-Windows-UniversalTelemetryClient" Guid="{6489b27f-7c43-5886-1d00-0a61bb2a375b}"></Provider>
<EventID Qualifiers="">27</EventID>
<Version>0</Version>
<Level>4</Level>
<Task>27</Task>
<Opcode>0</Opcode>
<Keywords>0x8000000000020000</Keywords>
<TimeCreated SystemTime="2020-10-26 17:12:57.824591"></TimeCreated>
<EventRecordID>90</EventRecordID>
<Correlation ActivityID="" RelatedActivityID=""></Correlation>
<Execution ProcessID="2120" ThreadID="5048"></Execution>
<Channel>Microsoft-Windows-UniversalTelemetryClient/Operational</Channel>
<Computer>WIN-PTFPHFCRDJ0</Computer>
<Security UserID="S-1-5-18"></Security>
</System>
<EventData><Data Name="Environment">ServiceHost</Data>
<Data Name="EventsUploaded">1681</Data>
<Data Name="EventsDropped">158</Data>
<Data Name="LastEventlogWrittenTime">132482041778317985</Data>
</EventData>
</Event>

<Event xmlns="http://schemas.microsoft.com/win/2004/08/events/event"><System><Provider Name="Microsoft-Windows-UniversalTelemetryClient" Guid="{6489b27f-7c43-5886-1d00-0a61bb2a375b}"></Provider>
<EventID Qualifiers="">27</EventID>
<Version>0</Version>
<Level>4</Level>
<Task>27</Task>
<Opcode>0</Opcode>
<Keywords>0x8000000000020000</Keywords>
<TimeCreated SystemTime="2020-10-26 17:42:57.818649"></TimeCreated>
<EventRecordID>91</EventRecordID>
<Correlation ActivityID="" RelatedActivityID=""></Correlation>
<Execution ProcessID="2120" ThreadID="1728"></Execution>
<Channel>Microsoft-Windows-UniversalTelemetryClient/Operational</Channel>
<Computer>WIN-PTFPHFCRDJ0</Computer>
<Security UserID="S-1-5-18"></Security>
</System>
<EventData><Data Name="Environment">ServiceHost</Data>
<Data Name="EventsUploaded">258</Data>
<Data Name="EventsDropped">9</Data>
<Data Name="LastEventlogWrittenTime">132482059778169856</Data>
</EventData>
</Event>

<Event xmlns="http://schemas.microsoft.com/win/2004/08/events/event"><System><Provider Name="Microsoft-Windows-UniversalTelemetryClient" Guid="{6489b27f-7c43-5886-1d00-0a61bb2a375b}"></Provider>
<EventID Qualifiers="">27</EventID>
<Version>0</Version>
<Level>4</Level>
<Task>27</Task>
<Opcode>0</Opcode>
<Keywords>0x8000000000020000</Keywords>
<TimeCreated SystemTime="2020-10-26 18:12:57.821512"></TimeCreated>
<EventRecordID>92</EventRecordID>
<Correlation ActivityID="" RelatedActivityID=""></Correlation>
<Execution ProcessID="2120" ThreadID="2584"></Execution>
<Channel>Microsoft-Windows-UniversalTelemetryClient/Operational</Channel>
<Computer>WIN-PTFPHFCRDJ0</Computer>
<Security UserID="S-1-5-18"></Security>
</System>
<EventData><Data Name="Environment">ServiceHost</Data>
<Data Name="EventsUploaded">109</Data>
<Data Name="EventsDropped">36</Data>
<Data Name="LastEventlogWrittenTime">132482077778110762</Data>
</EventData>
</Event>

<Event xmlns="http://schemas.microsoft.com/win/2004/08/events/event"><System><Provider Name="Microsoft-Windows-UniversalTelemetryClient" Guid="{6489b27f-7c43-5886-1d00-0a61bb2a375b}"></Provider>
<EventID Qualifiers="">50</EventID>
<Version>0</Version>
<Level>4</Level>
<Task>50</Task>
<Opcode>0</Opcode>
<Keywords>0x8000000000040000</Keywords>
<TimeCreated SystemTime="2020-10-27 01:58:27.807253"></TimeCreated>
<EventRecordID>93</EventRecordID>
<Correlation ActivityID="" RelatedActivityID=""></Correlation>
<Execution ProcessID="2232" ThreadID="2260"></Execution>
<Channel>Microsoft-Windows-UniversalTelemetryClient/Operational</Channel>
<Computer>WIN-PTFPHFCRDJ0</Computer>
<Security UserID="S-1-5-18"></Security>
</System>
<EventData><Data Name="Environment">ServiceHost</Data>
<Data Name="Status">0</Data>
</EventData>
</Event>

<Event xmlns="http://schemas.microsoft.com/win/2004/08/events/event"><System><Provider Name="Microsoft-Windows-UniversalTelemetryClient" Guid="{6489b27f-7c43-5886-1d00-0a61bb2a375b}"></Provider>
<EventID Qualifiers="">61</EventID>
<Version>0</Version>
<Level>4</Level>
<Task>61</Task>
<Opcode>0</Opcode>
<Keywords>0x8000000000040000</Keywords>
<TimeCreated SystemTime="2020-10-27 01:58:29.012362"></TimeCreated>
<EventRecordID>94</EventRecordID>
<Correlation ActivityID="" RelatedActivityID=""></Correlation>
<Execution ProcessID="2232" ThreadID="2784"></Execution>
<Channel>Microsoft-Windows-UniversalTelemetryClient/Operational</Channel>
<Computer>WIN-PTFPHFCRDJ0</Computer>
<Security UserID="S-1-5-18"></Security>
</System>
<EventData><Data Name="Environment">ServiceHost</Data>
<Data Name="State">False</Data>
</EventData>
</Event>

<Event xmlns="http://schemas.microsoft.com/win/2004/08/events/event"><System><Provider Name="Microsoft-Windows-UniversalTelemetryClient" Guid="{6489b27f-7c43-5886-1d00-0a61bb2a375b}"></Provider>
<EventID Qualifiers="">55</EventID>
<Version>0</Version>
<Level>4</Level>
<Task>55</Task>
<Opcode>0</Opcode>
<Keywords>0x8000000000040000</Keywords>
<TimeCreated SystemTime="2020-10-27 01:58:29.012386"></TimeCreated>
<EventRecordID>95</EventRecordID>
<Correlation ActivityID="" RelatedActivityID=""></Correlation>
<Execution ProcessID="2232" ThreadID="2784"></Execution>
<Channel>Microsoft-Windows-UniversalTelemetryClient/Operational</Channel>
<Computer>WIN-PTFPHFCRDJ0</Computer>
<Security UserID="S-1-5-18"></Security>
</System>
<EventData><Data Name="Environment">ServiceHost</Data>
<Data Name="State">True</Data>
</EventData>
</Event>

<Event xmlns="http://schemas.microsoft.com/win/2004/08/events/event"><System><Provider Name="Microsoft-Windows-UniversalTelemetryClient" Guid="{6489b27f-7c43-5886-1d00-0a61bb2a375b}"></Provider>
<EventID Qualifiers="">56</EventID>
<Version>0</Version>
<Level>4</Level>
<Task>56</Task>
<Opcode>0</Opcode>
<Keywords>0x8000000000040000</Keywords>
<TimeCreated SystemTime="2020-10-27 01:58:29.012753"></TimeCreated>
<EventRecordID>96</EventRecordID>
<Correlation ActivityID="" RelatedActivityID=""></Correlation>
<Execution ProcessID="2232" ThreadID="2784"></Execution>
<Channel>Microsoft-Windows-UniversalTelemetryClient/Operational</Channel>
<Computer>WIN-PTFPHFCRDJ0</Computer>
<Security UserID="S-1-5-18"></Security>
</System>
<EventData><Data Name="Environment">ServiceHost</Data>
<Data Name="State">True</Data>
</EventData>
</Event>

<Event xmlns="http://schemas.microsoft.com/win/2004/08/events/event"><System><Provider Name="Microsoft-Windows-UniversalTelemetryClient" Guid="{6489b27f-7c43-5886-1d00-0a61bb2a375b}"></Provider>
<EventID Qualifiers="">62</EventID>
<Version>0</Version>
<Level>4</Level>
<Task>62</Task>
<Opcode>0</Opcode>
<Keywords>0x8000000000040000</Keywords>
<TimeCreated SystemTime="2020-10-27 01:58:29.012899"></TimeCreated>
<EventRecordID>97</EventRecordID>
<Correlation ActivityID="" RelatedActivityID=""></Correlation>
<Execution ProcessID="2232" ThreadID="2784"></Execution>
<Channel>Microsoft-Windows-UniversalTelemetryClient/Operational</Channel>
<Computer>WIN-PTFPHFCRDJ0</Computer>
<Security UserID="S-1-5-18"></Security>
</System>
<EventData><Data Name="Environment">ServiceHost</Data>
<Data Name="State">False</Data>
</EventData>
</Event>

<Event xmlns="http://schemas.microsoft.com/win/2004/08/events/event"><System><Provider Name="Microsoft-Windows-UniversalTelemetryClient" Guid="{6489b27f-7c43-5886-1d00-0a61bb2a375b}"></Provider>
<EventID Qualifiers="">27</EventID>
<Version>0</Version>
<Level>4</Level>
<Task>27</Task>
<Opcode>0</Opcode>
<Keywords>0x8000000000020000</Keywords>
<TimeCreated SystemTime="2020-10-27 01:58:31.439907"></TimeCreated>
<EventRecordID>98</EventRecordID>
<Correlation ActivityID="" RelatedActivityID=""></Correlation>
<Execution ProcessID="2232" ThreadID="2808"></Execution>
<Channel>Microsoft-Windows-UniversalTelemetryClient/Operational</Channel>
<Computer>WIN-PTFPHFCRDJ0</Computer>
<Security UserID="S-1-5-18"></Security>
</System>
<EventData><Data Name="Environment">ServiceHost</Data>
<Data Name="EventsUploaded">181</Data>
<Data Name="EventsDropped">185</Data>
<Data Name="LastEventlogWrittenTime">132482095778073713</Data>
</EventData>
</Event>

<Event xmlns="http://schemas.microsoft.com/win/2004/08/events/event"><System><Provider Name="Microsoft-Windows-UniversalTelemetryClient" Guid="{6489b27f-7c43-5886-1d00-0a61bb2a375b}"></Provider>
<EventID Qualifiers="">61</EventID>
<Version>0</Version>
<Level>4</Level>
<Task>61</Task>
<Opcode>0</Opcode>
<Keywords>0x8000000000040000</Keywords>
<TimeCreated SystemTime="2020-10-27 02:00:00.787563"></TimeCreated>
<EventRecordID>99</EventRecordID>
<Correlation ActivityID="" RelatedActivityID=""></Correlation>
<Execution ProcessID="2232" ThreadID="3756"></Execution>
<Channel>Microsoft-Windows-UniversalTelemetryClient/Operational</Channel>
<Computer>WIN-PTFPHFCRDJ0</Computer>
<Security UserID="S-1-5-18"></Security>
</System>
<EventData><Data Name="Environment">ServiceHost</Data>
<Data Name="State">False</Data>
</EventData>
</Event>

<Event xmlns="http://schemas.microsoft.com/win/2004/08/events/event"><System><Provider Name="Microsoft-Windows-UniversalTelemetryClient" Guid="{6489b27f-7c43-5886-1d00-0a61bb2a375b}"></Provider>
<EventID Qualifiers="">61</EventID>
<Version>0</Version>
<Level>4</Level>
<Task>61</Task>
<Opcode>0</Opcode>
<Keywords>0x8000000000040000</Keywords>
<TimeCreated SystemTime="2020-10-27 02:08:13.226328"></TimeCreated>
<EventRecordID>100</EventRecordID>
<Correlation ActivityID="" RelatedActivityID=""></Correlation>
<Execution ProcessID="2232" ThreadID="3796"></Execution>
<Channel>Microsoft-Windows-UniversalTelemetryClient/Operational</Channel>
<Computer>WIN-PTFPHFCRDJ0</Computer>
<Security UserID="S-1-5-18"></Security>
</System>
<EventData><Data Name="Environment">ServiceHost</Data>
<Data Name="State">False</Data>
</EventData>
</Event>

<Event xmlns="http://schemas.microsoft.com/win/2004/08/events/event"><System><Provider Name="Microsoft-Windows-UniversalTelemetryClient" Guid="{6489b27f-7c43-5886-1d00-0a61bb2a375b}"></Provider>
<EventID Qualifiers="">61</EventID>
<Version>0</Version>
<Level>4</Level>
<Task>61</Task>
<Opcode>0</Opcode>
<Keywords>0x8000000000040000</Keywords>
<TimeCreated SystemTime="2020-10-27 02:11:40.770975"></TimeCreated>
<EventRecordID>101</EventRecordID>
<Correlation ActivityID="" RelatedActivityID=""></Correlation>
<Execution ProcessID="2232" ThreadID="2220"></Execution>
<Channel>Microsoft-Windows-UniversalTelemetryClient/Operational</Channel>
<Computer>WIN-PTFPHFCRDJ0</Computer>
<Security UserID="S-1-5-18"></Security>
</System>
<EventData><Data Name="Environment">ServiceHost</Data>
<Data Name="State">False</Data>
</EventData>
</Event>

<Event xmlns="http://schemas.microsoft.com/win/2004/08/events/event"><System><Provider Name="Microsoft-Windows-UniversalTelemetryClient" Guid="{6489b27f-7c43-5886-1d00-0a61bb2a375b}"></Provider>
<EventID Qualifiers="">27</EventID>
<Version>0</Version>
<Level>4</Level>
<Task>27</Task>
<Opcode>0</Opcode>
<Keywords>0x8000000000020000</Keywords>
<TimeCreated SystemTime="2020-10-27 02:28:31.178883"></TimeCreated>
<EventRecordID>102</EventRecordID>
<Correlation ActivityID="" RelatedActivityID=""></Correlation>
<Execution ProcessID="2232" ThreadID="5072"></Execution>
<Channel>Microsoft-Windows-UniversalTelemetryClient/Operational</Channel>
<Computer>WIN-PTFPHFCRDJ0</Computer>
<Security UserID="S-1-5-18"></Security>
</System>
<EventData><Data Name="Environment">ServiceHost</Data>
<Data Name="EventsUploaded">1858</Data>
<Data Name="EventsDropped">953</Data>
<Data Name="LastEventlogWrittenTime">132482375114386479</Data>
</EventData>
</Event>

</Events>
