<?xml version="1.1" encoding="utf-8" standalone="yes" ?>

<Events>
<Event xmlns="http://schemas.microsoft.com/win/2004/08/events/event"><System><Provider Name="Microsoft-Windows-DeviceSetupManager" Guid="{fcbb06bb-6a2a-46e3-abaa-246cb4e508b2}"></Provider>
<EventID Qualifiers="">300</EventID>
<Version>0</Version>
<Level>4</Level>
<Task>0</Task>
<Opcode>10</Opcode>
<Keywords>0x8000000000000000</Keywords>
<TimeCreated SystemTime="2020-10-22 20:52:08.420069"></TimeCreated>
<EventRecordID>1</EventRecordID>
<Correlation ActivityID="" RelatedActivityID=""></Correlation>
<Execution ProcessID="540" ThreadID="1900"></Execution>
<Channel>Microsoft-Windows-DeviceSetupManager/Operational</Channel>
<Computer>WIN-PTFPHFCRDJ0</Computer>
<Security UserID="S-1-5-18"></Security>
</System>
<EventData><Data Name="Prop_ContainerId">{660680C8-1519-11EB-BD99-806E6F6E6963}</Data>
</EventData>
</Event>

<Event xmlns="http://schemas.microsoft.com/win/2004/08/events/event"><System><Provider Name="Microsoft-Windows-DeviceSetupManager" Guid="{fcbb06bb-6a2a-46e3-abaa-246cb4e508b2}"></Provider>
<EventID Qualifiers="">300</EventID>
<Version>0</Version>
<Level>4</Level>
<Task>0</Task>
<Opcode>10</Opcode>
<Keywords>0x8000000000000000</Keywords>
<TimeCreated SystemTime="2020-10-22 20:52:08.423071"></TimeCreated>
<EventRecordID>2</EventRecordID>
<Correlation ActivityID="" RelatedActivityID=""></Correlation>
<Execution ProcessID="540" ThreadID="1964"></Execution>
<Channel>Microsoft-Windows-DeviceSetupManager/Operational</Channel>
<Computer>WIN-PTFPHFCRDJ0</Computer>
<Security UserID="S-1-5-18"></Security>
</System>
<EventData><Data Name="Prop_ContainerId">{660680EE-1519-11EB-BD99-806E6F6E6963}</Data>
</EventData>
</Event>

<Event xmlns="http://schemas.microsoft.com/win/2004/08/events/event"><System><Provider Name="Microsoft-Windows-DeviceSetupManager" Guid="{fcbb06bb-6a2a-46e3-abaa-246cb4e508b2}"></Provider>
<EventID Qualifiers="">300</EventID>
<Version>0</Version>
<Level>4</Level>
<Task>0</Task>
<Opcode>10</Opcode>
<Keywords>0x8000000000000000</Keywords>
<TimeCreated SystemTime="2020-10-22 20:52:08.429161"></TimeCreated>
<EventRecordID>3</EventRecordID>
<Correlation ActivityID="" RelatedActivityID=""></Correlation>
<Execution ProcessID="540" ThreadID="1964"></Execution>
<Channel>Microsoft-Windows-DeviceSetupManager/Operational</Channel>
<Computer>WIN-PTFPHFCRDJ0</Computer>
<Security UserID="S-1-5-18"></Security>
</System>
<EventData><Data Name="Prop_ContainerId">{298580E3-E0E9-5B21-9699-52225753EF2E}</Data>
</EventData>
</Event>

<Event xmlns="http://schemas.microsoft.com/win/2004/08/events/event"><System><Provider Name="Microsoft-Windows-DeviceSetupManager" Guid="{fcbb06bb-6a2a-46e3-abaa-246cb4e508b2}"></Provider>
<EventID Qualifiers="">300</EventID>
<Version>0</Version>
<Level>4</Level>
<Task>0</Task>
<Opcode>10</Opcode>
<Keywords>0x8000000000000000</Keywords>
<TimeCreated SystemTime="2020-10-22 20:52:08.434118"></TimeCreated>
<EventRecordID>4</EventRecordID>
<Correlation ActivityID="" RelatedActivityID=""></Correlation>
<Execution ProcessID="540" ThreadID="1900"></Execution>
<Channel>Microsoft-Windows-DeviceSetupManager/Operational</Channel>
<Computer>WIN-PTFPHFCRDJ0</Computer>
<Security UserID="S-1-5-18"></Security>
</System>
<EventData><Data Name="Prop_ContainerId">{660680C7-1519-11EB-BD99-806E6F6E6963}</Data>
</EventData>
</Event>

<Event xmlns="http://schemas.microsoft.com/win/2004/08/events/event"><System><Provider Name="Microsoft-Windows-DeviceSetupManager" Guid="{fcbb06bb-6a2a-46e3-abaa-246cb4e508b2}"></Provider>
<EventID Qualifiers="">300</EventID>
<Version>0</Version>
<Level>4</Level>
<Task>0</Task>
<Opcode>10</Opcode>
<Keywords>0x8000000000000000</Keywords>
<TimeCreated SystemTime="2020-10-22 20:52:08.461502"></TimeCreated>
<EventRecordID>5</EventRecordID>
<Correlation ActivityID="" RelatedActivityID=""></Correlation>
<Execution ProcessID="540" ThreadID="1988"></Execution>
<Channel>Microsoft-Windows-DeviceSetupManager/Operational</Channel>
<Computer>WIN-PTFPHFCRDJ0</Computer>
<Security UserID="S-1-5-18"></Security>
</System>
<EventData><Data Name="Prop_ContainerId">{660680C9-1519-11EB-BD99-806E6F6E6963}</Data>
</EventData>
</Event>

<Event xmlns="http://schemas.microsoft.com/win/2004/08/events/event"><System><Provider Name="Microsoft-Windows-DeviceSetupManager" Guid="{fcbb06bb-6a2a-46e3-abaa-246cb4e508b2}"></Provider>
<EventID Qualifiers="">300</EventID>
<Version>0</Version>
<Level>4</Level>
<Task>0</Task>
<Opcode>10</Opcode>
<Keywords>0x8000000000000000</Keywords>
<TimeCreated SystemTime="2020-10-22 20:52:08.470074"></TimeCreated>
<EventRecordID>6</EventRecordID>
<Correlation ActivityID="" RelatedActivityID=""></Correlation>
<Execution ProcessID="540" ThreadID="1964"></Execution>
<Channel>Microsoft-Windows-DeviceSetupManager/Operational</Channel>
<Computer>WIN-PTFPHFCRDJ0</Computer>
<Security UserID="S-1-5-18"></Security>
</System>
<EventData><Data Name="Prop_ContainerId">{660680E5-1519-11EB-BD99-806E6F6E6963}</Data>
</EventData>
</Event>

<Event xmlns="http://schemas.microsoft.com/win/2004/08/events/event"><System><Provider Name="Microsoft-Windows-DeviceSetupManager" Guid="{fcbb06bb-6a2a-46e3-abaa-246cb4e508b2}"></Provider>
<EventID Qualifiers="">300</EventID>
<Version>0</Version>
<Level>4</Level>
<Task>0</Task>
<Opcode>10</Opcode>
<Keywords>0x8000000000000000</Keywords>
<TimeCreated SystemTime="2020-10-22 20:52:08.483967"></TimeCreated>
<EventRecordID>7</EventRecordID>
<Correlation ActivityID="" RelatedActivityID=""></Correlation>
<Execution ProcessID="540" ThreadID="1900"></Execution>
<Channel>Microsoft-Windows-DeviceSetupManager/Operational</Channel>
<Computer>WIN-PTFPHFCRDJ0</Computer>
<Security UserID="S-1-5-18"></Security>
</System>
<EventData><Data Name="Prop_ContainerId">{00000000-0000-0000-FFFF-FFFFFFFFFFFF}</Data>
</EventData>
</Event>

<Event xmlns="http://schemas.microsoft.com/win/2004/08/events/event"><System><Provider Name="Microsoft-Windows-DeviceSetupManager" Guid="{fcbb06bb-6a2a-46e3-abaa-246cb4e508b2}"></Provider>
<EventID Qualifiers="">300</EventID>
<Version>0</Version>
<Level>4</Level>
<Task>0</Task>
<Opcode>10</Opcode>
<Keywords>0x8000000000000000</Keywords>
<TimeCreated SystemTime="2020-10-22 20:52:14.076059"></TimeCreated>
<EventRecordID>8</EventRecordID>
<Correlation ActivityID="" RelatedActivityID=""></Correlation>
<Execution ProcessID="540" ThreadID="1964"></Execution>
<Channel>Microsoft-Windows-DeviceSetupManager/Operational</Channel>
<Computer>WIN-PTFPHFCRDJ0</Computer>
<Security UserID="S-1-5-18"></Security>
</System>
<EventData><Data Name="Prop_ContainerId">{1074B24D-B986-5A01-B420-B3D39C2F9286}</Data>
</EventData>
</Event>

<Event xmlns="http://schemas.microsoft.com/win/2004/08/events/event"><System><Provider Name="Microsoft-Windows-DeviceSetupManager" Guid="{fcbb06bb-6a2a-46e3-abaa-246cb4e508b2}"></Provider>
<EventID Qualifiers="">300</EventID>
<Version>0</Version>
<Level>4</Level>
<Task>0</Task>
<Opcode>10</Opcode>
<Keywords>0x8000000000000000</Keywords>
<TimeCreated SystemTime="2020-10-22 20:52:14.171919"></TimeCreated>
<EventRecordID>9</EventRecordID>
<Correlation ActivityID="" RelatedActivityID=""></Correlation>
<Execution ProcessID="540" ThreadID="1112"></Execution>
<Channel>Microsoft-Windows-DeviceSetupManager/Operational</Channel>
<Computer>WIN-PTFPHFCRDJ0</Computer>
<Security UserID="S-1-5-18"></Security>
</System>
<EventData><Data Name="Prop_ContainerId">{D6A58499-8C5D-59C3-9E5C-8BDD65AC39B6}</Data>
</EventData>
</Event>

<Event xmlns="http://schemas.microsoft.com/win/2004/08/events/event"><System><Provider Name="Microsoft-Windows-DeviceSetupManager" Guid="{fcbb06bb-6a2a-46e3-abaa-246cb4e508b2}"></Provider>
<EventID Qualifiers="">301</EventID>
<Version>0</Version>
<Level>4</Level>
<Task>0</Task>
<Opcode>11</Opcode>
<Keywords>0x8000000000000000</Keywords>
<TimeCreated SystemTime="2020-10-22 20:52:17.022690"></TimeCreated>
<EventRecordID>10</EventRecordID>
<Correlation ActivityID="" RelatedActivityID=""></Correlation>
<Execution ProcessID="540" ThreadID="1900"></Execution>
<Channel>Microsoft-Windows-DeviceSetupManager/Operational</Channel>
<Computer>WIN-PTFPHFCRDJ0</Computer>
<Security UserID="S-1-5-18"></Security>
</System>
<EventData><Data Name="Prop_ContainerId">{660680C8-1519-11EB-BD99-806E6F6E6963}</Data>
</EventData>
</Event>

<Event xmlns="http://schemas.microsoft.com/win/2004/08/events/event"><System><Provider Name="Microsoft-Windows-DeviceSetupManager" Guid="{fcbb06bb-6a2a-46e3-abaa-246cb4e508b2}"></Provider>
<EventID Qualifiers="">301</EventID>
<Version>0</Version>
<Level>4</Level>
<Task>0</Task>
<Opcode>11</Opcode>
<Keywords>0x8000000000000000</Keywords>
<TimeCreated SystemTime="2020-10-22 20:52:19.016109"></TimeCreated>
<EventRecordID>11</EventRecordID>
<Correlation ActivityID="" RelatedActivityID=""></Correlation>
<Execution ProcessID="540" ThreadID="1988"></Execution>
<Channel>Microsoft-Windows-DeviceSetupManager/Operational</Channel>
<Computer>WIN-PTFPHFCRDJ0</Computer>
<Security UserID="S-1-5-18"></Security>
</System>
<EventData><Data Name="Prop_ContainerId">{660680EE-1519-11EB-BD99-806E6F6E6963}</Data>
</EventData>
</Event>

<Event xmlns="http://schemas.microsoft.com/win/2004/08/events/event"><System><Provider Name="Microsoft-Windows-DeviceSetupManager" Guid="{fcbb06bb-6a2a-46e3-abaa-246cb4e508b2}"></Provider>
<EventID Qualifiers="">301</EventID>
<Version>0</Version>
<Level>4</Level>
<Task>0</Task>
<Opcode>11</Opcode>
<Keywords>0x8000000000000000</Keywords>
<TimeCreated SystemTime="2020-10-22 20:52:21.170820"></TimeCreated>
<EventRecordID>12</EventRecordID>
<Correlation ActivityID="" RelatedActivityID=""></Correlation>
<Execution ProcessID="540" ThreadID="1964"></Execution>
<Channel>Microsoft-Windows-DeviceSetupManager/Operational</Channel>
<Computer>WIN-PTFPHFCRDJ0</Computer>
<Security UserID="S-1-5-18"></Security>
</System>
<EventData><Data Name="Prop_ContainerId">{660680C9-1519-11EB-BD99-806E6F6E6963}</Data>
</EventData>
</Event>

<Event xmlns="http://schemas.microsoft.com/win/2004/08/events/event"><System><Provider Name="Microsoft-Windows-DeviceSetupManager" Guid="{fcbb06bb-6a2a-46e3-abaa-246cb4e508b2}"></Provider>
<EventID Qualifiers="">301</EventID>
<Version>0</Version>
<Level>4</Level>
<Task>0</Task>
<Opcode>11</Opcode>
<Keywords>0x8000000000000000</Keywords>
<TimeCreated SystemTime="2020-10-22 20:52:22.982862"></TimeCreated>
<EventRecordID>13</EventRecordID>
<Correlation ActivityID="" RelatedActivityID=""></Correlation>
<Execution ProcessID="540" ThreadID="1112"></Execution>
<Channel>Microsoft-Windows-DeviceSetupManager/Operational</Channel>
<Computer>WIN-PTFPHFCRDJ0</Computer>
<Security UserID="S-1-5-18"></Security>
</System>
<EventData><Data Name="Prop_ContainerId">{660680C7-1519-11EB-BD99-806E6F6E6963}</Data>
</EventData>
</Event>

<Event xmlns="http://schemas.microsoft.com/win/2004/08/events/event"><System><Provider Name="Microsoft-Windows-DeviceSetupManager" Guid="{fcbb06bb-6a2a-46e3-abaa-246cb4e508b2}"></Provider>
<EventID Qualifiers="">300</EventID>
<Version>0</Version>
<Level>4</Level>
<Task>0</Task>
<Opcode>10</Opcode>
<Keywords>0x8000000000000000</Keywords>
<TimeCreated SystemTime="2020-10-22 20:52:22.988066"></TimeCreated>
<EventRecordID>14</EventRecordID>
<Correlation ActivityID="" RelatedActivityID=""></Correlation>
<Execution ProcessID="540" ThreadID="1112"></Execution>
<Channel>Microsoft-Windows-DeviceSetupManager/Operational</Channel>
<Computer>WIN-PTFPHFCRDJ0</Computer>
<Security UserID="S-1-5-18"></Security>
</System>
<EventData><Data Name="Prop_ContainerId">{77346121-69E5-5C4C-A95D-5BC55157298B}</Data>
</EventData>
</Event>

<Event xmlns="http://schemas.microsoft.com/win/2004/08/events/event"><System><Provider Name="Microsoft-Windows-DeviceSetupManager" Guid="{fcbb06bb-6a2a-46e3-abaa-246cb4e508b2}"></Provider>
<EventID Qualifiers="">301</EventID>
<Version>0</Version>
<Level>4</Level>
<Task>0</Task>
<Opcode>11</Opcode>
<Keywords>0x8000000000000000</Keywords>
<TimeCreated SystemTime="2020-10-22 20:52:25.215328"></TimeCreated>
<EventRecordID>15</EventRecordID>
<Correlation ActivityID="" RelatedActivityID=""></Correlation>
<Execution ProcessID="540" ThreadID="1900"></Execution>
<Channel>Microsoft-Windows-DeviceSetupManager/Operational</Channel>
<Computer>WIN-PTFPHFCRDJ0</Computer>
<Security UserID="S-1-5-18"></Security>
</System>
<EventData><Data Name="Prop_ContainerId">{298580E3-E0E9-5B21-9699-52225753EF2E}</Data>
</EventData>
</Event>

<Event xmlns="http://schemas.microsoft.com/win/2004/08/events/event"><System><Provider Name="Microsoft-Windows-DeviceSetupManager" Guid="{fcbb06bb-6a2a-46e3-abaa-246cb4e508b2}"></Provider>
<EventID Qualifiers="">300</EventID>
<Version>0</Version>
<Level>4</Level>
<Task>0</Task>
<Opcode>10</Opcode>
<Keywords>0x8000000000000000</Keywords>
<TimeCreated SystemTime="2020-10-22 20:52:49.348391"></TimeCreated>
<EventRecordID>16</EventRecordID>
<Correlation ActivityID="" RelatedActivityID=""></Correlation>
<Execution ProcessID="540" ThreadID="1900"></Execution>
<Channel>Microsoft-Windows-DeviceSetupManager/Operational</Channel>
<Computer>WIN-PTFPHFCRDJ0</Computer>
<Security UserID="S-1-5-18"></Security>
</System>
<EventData><Data Name="Prop_ContainerId">{D397268A-724C-B4EF-D641-C9234BA2948B}</Data>
</EventData>
</Event>

<Event xmlns="http://schemas.microsoft.com/win/2004/08/events/event"><System><Provider Name="Microsoft-Windows-DeviceSetupManager" Guid="{fcbb06bb-6a2a-46e3-abaa-246cb4e508b2}"></Provider>
<EventID Qualifiers="">300</EventID>
<Version>0</Version>
<Level>4</Level>
<Task>0</Task>
<Opcode>10</Opcode>
<Keywords>0x8000000000000000</Keywords>
<TimeCreated SystemTime="2020-10-22 20:52:50.188713"></TimeCreated>
<EventRecordID>17</EventRecordID>
<Correlation ActivityID="" RelatedActivityID=""></Correlation>
<Execution ProcessID="540" ThreadID="1900"></Execution>
<Channel>Microsoft-Windows-DeviceSetupManager/Operational</Channel>
<Computer>WIN-PTFPHFCRDJ0</Computer>
<Security UserID="S-1-5-18"></Security>
</System>
<EventData><Data Name="Prop_ContainerId">{0A568158-2954-F19C-89F3-03ACAEE1F85E}</Data>
</EventData>
</Event>

<Event xmlns="http://schemas.microsoft.com/win/2004/08/events/event"><System><Provider Name="Microsoft-Windows-DeviceSetupManager" Guid="{fcbb06bb-6a2a-46e3-abaa-246cb4e508b2}"></Provider>
<EventID Qualifiers="">301</EventID>
<Version>0</Version>
<Level>4</Level>
<Task>0</Task>
<Opcode>11</Opcode>
<Keywords>0x8000000000000000</Keywords>
<TimeCreated SystemTime="2020-10-22 20:53:51.264151"></TimeCreated>
<EventRecordID>18</EventRecordID>
<Correlation ActivityID="" RelatedActivityID=""></Correlation>
<Execution ProcessID="540" ThreadID="1112"></Execution>
<Channel>Microsoft-Windows-DeviceSetupManager/Operational</Channel>
<Computer>WIN-PTFPHFCRDJ0</Computer>
<Security UserID="S-1-5-18"></Security>
</System>
<EventData><Data Name="Prop_ContainerId">{D397268A-724C-B4EF-D641-C9234BA2948B}</Data>
</EventData>
</Event>

<Event xmlns="http://schemas.microsoft.com/win/2004/08/events/event"><System><Provider Name="Microsoft-Windows-DeviceSetupManager" Guid="{fcbb06bb-6a2a-46e3-abaa-246cb4e508b2}"></Provider>
<EventID Qualifiers="">300</EventID>
<Version>0</Version>
<Level>4</Level>
<Task>0</Task>
<Opcode>10</Opcode>
<Keywords>0x8000000000000000</Keywords>
<TimeCreated SystemTime="2020-10-22 20:53:51.276512"></TimeCreated>
<EventRecordID>19</EventRecordID>
<Correlation ActivityID="" RelatedActivityID=""></Correlation>
<Execution ProcessID="540" ThreadID="1112"></Execution>
<Channel>Microsoft-Windows-DeviceSetupManager/Operational</Channel>
<Computer>WIN-PTFPHFCRDJ0</Computer>
<Security UserID="S-1-5-18"></Security>
</System>
<EventData><Data Name="Prop_ContainerId">{FF3C9BFC-6A33-58E1-8CFA-A12CE4352D2F}</Data>
</EventData>
</Event>

<Event xmlns="http://schemas.microsoft.com/win/2004/08/events/event"><System><Provider Name="Microsoft-Windows-DeviceSetupManager" Guid="{fcbb06bb-6a2a-46e3-abaa-246cb4e508b2}"></Provider>
<EventID Qualifiers="">301</EventID>
<Version>0</Version>
<Level>4</Level>
<Task>0</Task>
<Opcode>11</Opcode>
<Keywords>0x8000000000000000</Keywords>
<TimeCreated SystemTime="2020-10-22 20:53:53.365339"></TimeCreated>
<EventRecordID>20</EventRecordID>
<Correlation ActivityID="" RelatedActivityID=""></Correlation>
<Execution ProcessID="540" ThreadID="1900"></Execution>
<Channel>Microsoft-Windows-DeviceSetupManager/Operational</Channel>
<Computer>WIN-PTFPHFCRDJ0</Computer>
<Security UserID="S-1-5-18"></Security>
</System>
<EventData><Data Name="Prop_ContainerId">{0A568158-2954-F19C-89F3-03ACAEE1F85E}</Data>
</EventData>
</Event>

<Event xmlns="http://schemas.microsoft.com/win/2004/08/events/event"><System><Provider Name="Microsoft-Windows-DeviceSetupManager" Guid="{fcbb06bb-6a2a-46e3-abaa-246cb4e508b2}"></Provider>
<EventID Qualifiers="">301</EventID>
<Version>0</Version>
<Level>4</Level>
<Task>0</Task>
<Opcode>11</Opcode>
<Keywords>0x8000000000000000</Keywords>
<TimeCreated SystemTime="2020-10-22 20:53:55.344954"></TimeCreated>
<EventRecordID>21</EventRecordID>
<Correlation ActivityID="" RelatedActivityID=""></Correlation>
<Execution ProcessID="540" ThreadID="1988"></Execution>
<Channel>Microsoft-Windows-DeviceSetupManager/Operational</Channel>
<Computer>WIN-PTFPHFCRDJ0</Computer>
<Security UserID="S-1-5-18"></Security>
</System>
<EventData><Data Name="Prop_ContainerId">{660680E5-1519-11EB-BD99-806E6F6E6963}</Data>
</EventData>
</Event>

<Event xmlns="http://schemas.microsoft.com/win/2004/08/events/event"><System><Provider Name="Microsoft-Windows-DeviceSetupManager" Guid="{fcbb06bb-6a2a-46e3-abaa-246cb4e508b2}"></Provider>
<EventID Qualifiers="">301</EventID>
<Version>0</Version>
<Level>4</Level>
<Task>0</Task>
<Opcode>11</Opcode>
<Keywords>0x8000000000000000</Keywords>
<TimeCreated SystemTime="2020-10-22 20:53:58.379673"></TimeCreated>
<EventRecordID>22</EventRecordID>
<Correlation ActivityID="" RelatedActivityID=""></Correlation>
<Execution ProcessID="540" ThreadID="1964"></Execution>
<Channel>Microsoft-Windows-DeviceSetupManager/Operational</Channel>
<Computer>WIN-PTFPHFCRDJ0</Computer>
<Security UserID="S-1-5-18"></Security>
</System>
<EventData><Data Name="Prop_ContainerId">{00000000-0000-0000-FFFF-FFFFFFFFFFFF}</Data>
</EventData>
</Event>

<Event xmlns="http://schemas.microsoft.com/win/2004/08/events/event"><System><Provider Name="Microsoft-Windows-DeviceSetupManager" Guid="{fcbb06bb-6a2a-46e3-abaa-246cb4e508b2}"></Provider>
<EventID Qualifiers="">301</EventID>
<Version>0</Version>
<Level>4</Level>
<Task>0</Task>
<Opcode>11</Opcode>
<Keywords>0x8000000000000000</Keywords>
<TimeCreated SystemTime="2020-10-22 20:54:00.633499"></TimeCreated>
<EventRecordID>23</EventRecordID>
<Correlation ActivityID="" RelatedActivityID=""></Correlation>
<Execution ProcessID="540" ThreadID="1112"></Execution>
<Channel>Microsoft-Windows-DeviceSetupManager/Operational</Channel>
<Computer>WIN-PTFPHFCRDJ0</Computer>
<Security UserID="S-1-5-18"></Security>
</System>
<EventData><Data Name="Prop_ContainerId">{FF3C9BFC-6A33-58E1-8CFA-A12CE4352D2F}</Data>
</EventData>
</Event>

<Event xmlns="http://schemas.microsoft.com/win/2004/08/events/event"><System><Provider Name="Microsoft-Windows-DeviceSetupManager" Guid="{fcbb06bb-6a2a-46e3-abaa-246cb4e508b2}"></Provider>
<EventID Qualifiers="">301</EventID>
<Version>0</Version>
<Level>4</Level>
<Task>0</Task>
<Opcode>11</Opcode>
<Keywords>0x8000000000000000</Keywords>
<TimeCreated SystemTime="2020-10-22 21:24:07.543861"></TimeCreated>
<EventRecordID>24</EventRecordID>
<Correlation ActivityID="" RelatedActivityID=""></Correlation>
<Execution ProcessID="1392" ThreadID="3872"></Execution>
<Channel>Microsoft-Windows-DeviceSetupManager/Operational</Channel>
<Computer>WIN-PTFPHFCRDJ0</Computer>
<Security UserID="S-1-5-18"></Security>
</System>
<EventData><Data Name="Prop_ContainerId">{00000000-0000-0000-FFFF-FFFFFFFFFFFF}</Data>
</EventData>
</Event>

<Event xmlns="http://schemas.microsoft.com/win/2004/08/events/event"><System><Provider Name="Microsoft-Windows-DeviceSetupManager" Guid="{fcbb06bb-6a2a-46e3-abaa-246cb4e508b2}"></Provider>
<EventID Qualifiers="">301</EventID>
<Version>0</Version>
<Level>4</Level>
<Task>0</Task>
<Opcode>11</Opcode>
<Keywords>0x8000000000000000</Keywords>
<TimeCreated SystemTime="2020-10-22 22:30:56.911898"></TimeCreated>
<EventRecordID>25</EventRecordID>
<Correlation ActivityID="" RelatedActivityID=""></Correlation>
<Execution ProcessID="1392" ThreadID="4840"></Execution>
<Channel>Microsoft-Windows-DeviceSetupManager/Operational</Channel>
<Computer>WIN-PTFPHFCRDJ0</Computer>
<Security UserID="S-1-5-18"></Security>
</System>
<EventData><Data Name="Prop_ContainerId">{00000000-0000-0000-FFFF-FFFFFFFFFFFF}</Data>
</EventData>
</Event>

<Event xmlns="http://schemas.microsoft.com/win/2004/08/events/event"><System><Provider Name="Microsoft-Windows-DeviceSetupManager" Guid="{fcbb06bb-6a2a-46e3-abaa-246cb4e508b2}"></Provider>
<EventID Qualifiers="">300</EventID>
<Version>0</Version>
<Level>4</Level>
<Task>0</Task>
<Opcode>10</Opcode>
<Keywords>0x8000000000000000</Keywords>
<TimeCreated SystemTime="2020-10-22 22:31:01.649508"></TimeCreated>
<EventRecordID>26</EventRecordID>
<Correlation ActivityID="" RelatedActivityID=""></Correlation>
<Execution ProcessID="1392" ThreadID="4008"></Execution>
<Channel>Microsoft-Windows-DeviceSetupManager/Operational</Channel>
<Computer>WIN-PTFPHFCRDJ0</Computer>
<Security UserID="S-1-5-18"></Security>
</System>
<EventData><Data Name="Prop_ContainerId">{E14AC2A2-E2BB-2D17-10ED-5CEA03FD468D}</Data>
</EventData>
</Event>

<Event xmlns="http://schemas.microsoft.com/win/2004/08/events/event"><System><Provider Name="Microsoft-Windows-DeviceSetupManager" Guid="{fcbb06bb-6a2a-46e3-abaa-246cb4e508b2}"></Provider>
<EventID Qualifiers="">301</EventID>
<Version>0</Version>
<Level>4</Level>
<Task>0</Task>
<Opcode>11</Opcode>
<Keywords>0x8000000000000000</Keywords>
<TimeCreated SystemTime="2020-10-22 22:31:02.607952"></TimeCreated>
<EventRecordID>27</EventRecordID>
<Correlation ActivityID="" RelatedActivityID=""></Correlation>
<Execution ProcessID="1392" ThreadID="4840"></Execution>
<Channel>Microsoft-Windows-DeviceSetupManager/Operational</Channel>
<Computer>WIN-PTFPHFCRDJ0</Computer>
<Security UserID="S-1-5-18"></Security>
</System>
<EventData><Data Name="Prop_ContainerId">{00000000-0000-0000-FFFF-FFFFFFFFFFFF}</Data>
</EventData>
</Event>

<Event xmlns="http://schemas.microsoft.com/win/2004/08/events/event"><System><Provider Name="Microsoft-Windows-DeviceSetupManager" Guid="{fcbb06bb-6a2a-46e3-abaa-246cb4e508b2}"></Provider>
<EventID Qualifiers="">301</EventID>
<Version>0</Version>
<Level>4</Level>
<Task>0</Task>
<Opcode>11</Opcode>
<Keywords>0x8000000000000000</Keywords>
<TimeCreated SystemTime="2020-10-22 22:31:03.440138"></TimeCreated>
<EventRecordID>28</EventRecordID>
<Correlation ActivityID="" RelatedActivityID=""></Correlation>
<Execution ProcessID="1392" ThreadID="4008"></Execution>
<Channel>Microsoft-Windows-DeviceSetupManager/Operational</Channel>
<Computer>WIN-PTFPHFCRDJ0</Computer>
<Security UserID="S-1-5-18"></Security>
</System>
<EventData><Data Name="Prop_ContainerId">{E14AC2A2-E2BB-2D17-10ED-5CEA03FD468D}</Data>
</EventData>
</Event>

<Event xmlns="http://schemas.microsoft.com/win/2004/08/events/event"><System><Provider Name="Microsoft-Windows-DeviceSetupManager" Guid="{fcbb06bb-6a2a-46e3-abaa-246cb4e508b2}"></Provider>
<EventID Qualifiers="">300</EventID>
<Version>0</Version>
<Level>4</Level>
<Task>0</Task>
<Opcode>10</Opcode>
<Keywords>0x8000000000000000</Keywords>
<TimeCreated SystemTime="2020-10-22 22:31:03.650188"></TimeCreated>
<EventRecordID>29</EventRecordID>
<Correlation ActivityID="" RelatedActivityID=""></Correlation>
<Execution ProcessID="1392" ThreadID="4008"></Execution>
<Channel>Microsoft-Windows-DeviceSetupManager/Operational</Channel>
<Computer>WIN-PTFPHFCRDJ0</Computer>
<Security UserID="S-1-5-18"></Security>
</System>
<EventData><Data Name="Prop_ContainerId">{939773BF-48FE-874A-609C-AC49A56FE06A}</Data>
</EventData>
</Event>

<Event xmlns="http://schemas.microsoft.com/win/2004/08/events/event"><System><Provider Name="Microsoft-Windows-DeviceSetupManager" Guid="{fcbb06bb-6a2a-46e3-abaa-246cb4e508b2}"></Provider>
<EventID Qualifiers="">301</EventID>
<Version>0</Version>
<Level>4</Level>
<Task>0</Task>
<Opcode>11</Opcode>
<Keywords>0x8000000000000000</Keywords>
<TimeCreated SystemTime="2020-10-22 22:31:04.518742"></TimeCreated>
<EventRecordID>30</EventRecordID>
<Correlation ActivityID="" RelatedActivityID=""></Correlation>
<Execution ProcessID="1392" ThreadID="4008"></Execution>
<Channel>Microsoft-Windows-DeviceSetupManager/Operational</Channel>
<Computer>WIN-PTFPHFCRDJ0</Computer>
<Security UserID="S-1-5-18"></Security>
</System>
<EventData><Data Name="Prop_ContainerId">{939773BF-48FE-874A-609C-AC49A56FE06A}</Data>
</EventData>
</Event>

<Event xmlns="http://schemas.microsoft.com/win/2004/08/events/event"><System><Provider Name="Microsoft-Windows-DeviceSetupManager" Guid="{fcbb06bb-6a2a-46e3-abaa-246cb4e508b2}"></Provider>
<EventID Qualifiers="">300</EventID>
<Version>0</Version>
<Level>4</Level>
<Task>0</Task>
<Opcode>10</Opcode>
<Keywords>0x8000000000000000</Keywords>
<TimeCreated SystemTime="2020-10-22 22:39:00.472120"></TimeCreated>
<EventRecordID>31</EventRecordID>
<Correlation ActivityID="" RelatedActivityID=""></Correlation>
<Execution ProcessID="1392" ThreadID="2552"></Execution>
<Channel>Microsoft-Windows-DeviceSetupManager/Operational</Channel>
<Computer>WIN-PTFPHFCRDJ0</Computer>
<Security UserID="S-1-5-18"></Security>
</System>
<EventData><Data Name="Prop_ContainerId">{E14AC2A2-E2BB-2D17-10ED-5CEA03FD468D}</Data>
</EventData>
</Event>

<Event xmlns="http://schemas.microsoft.com/win/2004/08/events/event"><System><Provider Name="Microsoft-Windows-DeviceSetupManager" Guid="{fcbb06bb-6a2a-46e3-abaa-246cb4e508b2}"></Provider>
<EventID Qualifiers="">300</EventID>
<Version>0</Version>
<Level>4</Level>
<Task>0</Task>
<Opcode>10</Opcode>
<Keywords>0x8000000000000000</Keywords>
<TimeCreated SystemTime="2020-10-22 22:39:00.946951"></TimeCreated>
<EventRecordID>32</EventRecordID>
<Correlation ActivityID="" RelatedActivityID=""></Correlation>
<Execution ProcessID="1392" ThreadID="368"></Execution>
<Channel>Microsoft-Windows-DeviceSetupManager/Operational</Channel>
<Computer>WIN-PTFPHFCRDJ0</Computer>
<Security UserID="S-1-5-18"></Security>
</System>
<EventData><Data Name="Prop_ContainerId">{939773BF-48FE-874A-609C-AC49A56FE06A}</Data>
</EventData>
</Event>

<Event xmlns="http://schemas.microsoft.com/win/2004/08/events/event"><System><Provider Name="Microsoft-Windows-DeviceSetupManager" Guid="{fcbb06bb-6a2a-46e3-abaa-246cb4e508b2}"></Provider>
<EventID Qualifiers="">301</EventID>
<Version>0</Version>
<Level>4</Level>
<Task>0</Task>
<Opcode>11</Opcode>
<Keywords>0x8000000000000000</Keywords>
<TimeCreated SystemTime="2020-10-22 22:39:03.161531"></TimeCreated>
<EventRecordID>33</EventRecordID>
<Correlation ActivityID="" RelatedActivityID=""></Correlation>
<Execution ProcessID="1392" ThreadID="2552"></Execution>
<Channel>Microsoft-Windows-DeviceSetupManager/Operational</Channel>
<Computer>WIN-PTFPHFCRDJ0</Computer>
<Security UserID="S-1-5-18"></Security>
</System>
<EventData><Data Name="Prop_ContainerId">{E14AC2A2-E2BB-2D17-10ED-5CEA03FD468D}</Data>
</EventData>
</Event>

<Event xmlns="http://schemas.microsoft.com/win/2004/08/events/event"><System><Provider Name="Microsoft-Windows-DeviceSetupManager" Guid="{fcbb06bb-6a2a-46e3-abaa-246cb4e508b2}"></Provider>
<EventID Qualifiers="">301</EventID>
<Version>0</Version>
<Level>4</Level>
<Task>0</Task>
<Opcode>11</Opcode>
<Keywords>0x8000000000000000</Keywords>
<TimeCreated SystemTime="2020-10-22 22:39:04.315256"></TimeCreated>
<EventRecordID>34</EventRecordID>
<Correlation ActivityID="" RelatedActivityID=""></Correlation>
<Execution ProcessID="1392" ThreadID="368"></Execution>
<Channel>Microsoft-Windows-DeviceSetupManager/Operational</Channel>
<Computer>WIN-PTFPHFCRDJ0</Computer>
<Security UserID="S-1-5-18"></Security>
</System>
<EventData><Data Name="Prop_ContainerId">{939773BF-48FE-874A-609C-AC49A56FE06A}</Data>
</EventData>
</Event>

<Event xmlns="http://schemas.microsoft.com/win/2004/08/events/event"><System><Provider Name="Microsoft-Windows-DeviceSetupManager" Guid="{fcbb06bb-6a2a-46e3-abaa-246cb4e508b2}"></Provider>
<EventID Qualifiers="">300</EventID>
<Version>0</Version>
<Level>4</Level>
<Task>0</Task>
<Opcode>10</Opcode>
<Keywords>0x8000000000000000</Keywords>
<TimeCreated SystemTime="2020-10-23 18:55:31.102913"></TimeCreated>
<EventRecordID>35</EventRecordID>
<Correlation ActivityID="" RelatedActivityID=""></Correlation>
<Execution ProcessID="1312" ThreadID="4796"></Execution>
<Channel>Microsoft-Windows-DeviceSetupManager/Operational</Channel>
<Computer>WIN-PTFPHFCRDJ0</Computer>
<Security UserID="S-1-5-18"></Security>
</System>
<EventData><Data Name="Prop_ContainerId">{E14AC2A2-E2BB-2D17-10ED-5CEA03FD468D}</Data>
</EventData>
</Event>

<Event xmlns="http://schemas.microsoft.com/win/2004/08/events/event"><System><Provider Name="Microsoft-Windows-DeviceSetupManager" Guid="{fcbb06bb-6a2a-46e3-abaa-246cb4e508b2}"></Provider>
<EventID Qualifiers="">300</EventID>
<Version>0</Version>
<Level>4</Level>
<Task>0</Task>
<Opcode>10</Opcode>
<Keywords>0x8000000000000000</Keywords>
<TimeCreated SystemTime="2020-10-23 18:55:31.780455"></TimeCreated>
<EventRecordID>36</EventRecordID>
<Correlation ActivityID="" RelatedActivityID=""></Correlation>
<Execution ProcessID="1312" ThreadID="4808"></Execution>
<Channel>Microsoft-Windows-DeviceSetupManager/Operational</Channel>
<Computer>WIN-PTFPHFCRDJ0</Computer>
<Security UserID="S-1-5-18"></Security>
</System>
<EventData><Data Name="Prop_ContainerId">{939773BF-48FE-874A-609C-AC49A56FE06A}</Data>
</EventData>
</Event>

<Event xmlns="http://schemas.microsoft.com/win/2004/08/events/event"><System><Provider Name="Microsoft-Windows-DeviceSetupManager" Guid="{fcbb06bb-6a2a-46e3-abaa-246cb4e508b2}"></Provider>
<EventID Qualifiers="">301</EventID>
<Version>0</Version>
<Level>4</Level>
<Task>0</Task>
<Opcode>11</Opcode>
<Keywords>0x8000000000000000</Keywords>
<TimeCreated SystemTime="2020-10-23 18:55:33.742098"></TimeCreated>
<EventRecordID>37</EventRecordID>
<Correlation ActivityID="" RelatedActivityID=""></Correlation>
<Execution ProcessID="1312" ThreadID="4796"></Execution>
<Channel>Microsoft-Windows-DeviceSetupManager/Operational</Channel>
<Computer>WIN-PTFPHFCRDJ0</Computer>
<Security UserID="S-1-5-18"></Security>
</System>
<EventData><Data Name="Prop_ContainerId">{E14AC2A2-E2BB-2D17-10ED-5CEA03FD468D}</Data>
</EventData>
</Event>

<Event xmlns="http://schemas.microsoft.com/win/2004/08/events/event"><System><Provider Name="Microsoft-Windows-DeviceSetupManager" Guid="{fcbb06bb-6a2a-46e3-abaa-246cb4e508b2}"></Provider>
<EventID Qualifiers="">301</EventID>
<Version>0</Version>
<Level>4</Level>
<Task>0</Task>
<Opcode>11</Opcode>
<Keywords>0x8000000000000000</Keywords>
<TimeCreated SystemTime="2020-10-23 18:55:35.073807"></TimeCreated>
<EventRecordID>38</EventRecordID>
<Correlation ActivityID="" RelatedActivityID=""></Correlation>
<Execution ProcessID="1312" ThreadID="4808"></Execution>
<Channel>Microsoft-Windows-DeviceSetupManager/Operational</Channel>
<Computer>WIN-PTFPHFCRDJ0</Computer>
<Security UserID="S-1-5-18"></Security>
</System>
<EventData><Data Name="Prop_ContainerId">{939773BF-48FE-874A-609C-AC49A56FE06A}</Data>
</EventData>
</Event>

<Event xmlns="http://schemas.microsoft.com/win/2004/08/events/event"><System><Provider Name="Microsoft-Windows-DeviceSetupManager" Guid="{fcbb06bb-6a2a-46e3-abaa-246cb4e508b2}"></Provider>
<EventID Qualifiers="">301</EventID>
<Version>0</Version>
<Level>4</Level>
<Task>0</Task>
<Opcode>11</Opcode>
<Keywords>0x8000000000000000</Keywords>
<TimeCreated SystemTime="2020-10-24 22:13:13.752966"></TimeCreated>
<EventRecordID>39</EventRecordID>
<Correlation ActivityID="" RelatedActivityID=""></Correlation>
<Execution ProcessID="1320" ThreadID="4968"></Execution>
<Channel>Microsoft-Windows-DeviceSetupManager/Operational</Channel>
<Computer>WIN-PTFPHFCRDJ0</Computer>
<Security UserID="S-1-5-18"></Security>
</System>
<EventData><Data Name="Prop_ContainerId">{00000000-0000-0000-FFFF-FFFFFFFFFFFF}</Data>
</EventData>
</Event>

</Events>
