<Event xmlns="http://schemas.microsoft.com/win/2004/08/events/event"><System><Provider Name="Microsoft-Windows-Time-Service" Guid="{06edcfeb-0fd0-4e53-acca-a6f8bbf81bcb}"></Provider>
<EventID Qualifiers="">272</EventID>
<Version>0</Version>
<Level>4</Level>
<Task>0</Task>
<Opcode>0</Opcode>
<Keywords>0x4000000000000000</Keywords>
<TimeCreated SystemTime="2020-10-26 15:12:39.869755"></TimeCreated>
<EventRecordID>589</EventRecordID>
<Correlation ActivityID="" RelatedActivityID=""></Correlation>
<Execution ProcessID="2220" ThreadID="2256"></Execution>
<Channel>Microsoft-Windows-Time-Service/Operational</Channel>
<Computer>WIN-PTFPHFCRDJ0</Computer>
<Security UserID="S-1-5-19"></Security>
</System>
<EventData Name="TMP_OPS_LEAP_SECOND_CONFIG"><Data Name="Enabled">1</Data>
<Data Name="LeapSecondCount">0</Data>
<Data Name="CurrentUtcOffset">0</Data>
<Data Name="RuntimeStateAndSettingsConsistent">1</Data>
<Data Name="NewestLeapSecondsList"></Data>
<Data Name="TickCount">35625</Data>
</EventData>
</Event>

<Event xmlns="http://schemas.microsoft.com/win/2004/08/events/event"><System><Provider Name="Microsoft-Windows-Time-Service" Guid="{06edcfeb-0fd0-4e53-acca-a6f8bbf81bcb}"></Provider>
<EventID Qualifiers="">257</EventID>
<Version>0</Version>
<Level>4</Level>
<Task>0</Task>
<Opcode>0</Opcode>
<Keywords>0x4000000000000000</Keywords>
<TimeCreated SystemTime="2020-10-26 15:12:40.800304"></TimeCreated>
<EventRecordID>590</EventRecordID>
<Correlation ActivityID="" RelatedActivityID=""></Correlation>
<Execution ProcessID="2220" ThreadID="2256"></Execution>
<Channel>Microsoft-Windows-Time-Service/Operational</Channel>
<Computer>WIN-PTFPHFCRDJ0</Computer>
<Security UserID="S-1-5-19"></Security>
</System>
<EventData Name="TMP_OPS_STARTUP"><Data Name="CurrentTime(UTC)">2020-10-26T15:12:40.800Z</Data>
<Data Name="TickCount">35671</Data>
<Data Name="Configuration">EventLogFlags: 2 (Local)
AnnounceFlags: 10 (Local)
TimeJumpAuditOffset: 28800 (Local)
MinPollInterval: 6 (Local)
MaxPollInterval: 10 (Local)
MaxNegPhaseCorrection: 54000 (Local)
MaxPosPhaseCorrection: 54000 (Local)
MaxAllowedPhaseOffset: 1 (Local)

FrequencyCorrectRate: 4 (Local)
PollAdjustFactor: 5 (Local)
LargePhaseOffset: 50000000 (Local)
SpikeWatchPeriod: 900 (Local)
LocalClockDispersion: 10 (Local)
HoldPeriod: 5 (Local)
PhaseCorrectRate: 1 (Local)
UpdateInterval: 100 (Local)

FileLogName:  (Undefined or not used)
FileLogEntries:  (Undefined or not used)
FileLogSize: 0 (Undefined or not used)
FileLogFlags: 0 (Undefined or not used)

UtilizeSslTimeData: 1 (Local)

[Leap Seconds]
Enabled: 1 (Local)
Total Leap Seconds (after June 2018): 0 (Local)
Current UTC offset: 0 (Local)
</Data>
<Data Name="TimeProviders">NtpClient (Local)
DllName: C:\Windows\system32\w32time.dll (Local)
Enabled: 1 (Local)
InputProvider: 1 (Local)
CrossSiteSyncFlags: 0 (Undefined or not used)
AllowNonstandardModeCombinations: 1 (Local)
ResolvePeerBackoffMinutes: 15 (Local)
ResolvePeerBackoffMaxTimes: 7 (Local)
CompatibilityFlags: 2147483648 (Local)
EventLogFlags: 1 (Local)
LargeSampleSkew: 3 (Local)
SpecialPollInterval: 1024 (Local)
Type: NTP (Local)
NtpServer: time.windows.com,0x8 (Local)

VMICTimeProvider (Local)
DllName: C:\Windows\System32\vmictimeprovider.dll (Local)
Enabled: 1 (Local)
InputProvider: 1 (Local)

NtpServer (Local)
DllName: C:\Windows\system32\w32time.dll (Local)
Enabled: 0 (Local)
InputProvider: 0 (Local)


</Data>
<Data Name="ClockRate">156250</Data>
</EventData>
</Event>

<Event xmlns="http://schemas.microsoft.com/win/2004/08/events/event"><System><Provider Name="Microsoft-Windows-Time-Service" Guid="{06edcfeb-0fd0-4e53-acca-a6f8bbf81bcb}"></Provider>
<EventID Qualifiers="">266</EventID>
<Version>0</Version>
<Level>4</Level>
<Task>0</Task>
<Opcode>0</Opcode>
<Keywords>0x4000000000000000</Keywords>
<TimeCreated SystemTime="2020-10-26 15:12:41.003529"></TimeCreated>
<EventRecordID>591</EventRecordID>
<Correlation ActivityID="" RelatedActivityID=""></Correlation>
<Execution ProcessID="2220" ThreadID="2312"></Execution>
<Channel>Microsoft-Windows-Time-Service/Operational</Channel>
<Computer>WIN-PTFPHFCRDJ0</Computer>
<Security UserID="S-1-5-19"></Security>
</System>
<EventData Name="TMP_OPS_TIME_RESYNC_EVENT"><Data Name="ReasonCode">2</Data>
<Data Name="TickCount">36796</Data>
</EventData>
</Event>

<Event xmlns="http://schemas.microsoft.com/win/2004/08/events/event"><System><Provider Name="Microsoft-Windows-Time-Service" Guid="{06edcfeb-0fd0-4e53-acca-a6f8bbf81bcb}"></Provider>
<EventID Qualifiers="">266</EventID>
<Version>0</Version>
<Level>4</Level>
<Task>0</Task>
<Opcode>0</Opcode>
<Keywords>0x4000000000000000</Keywords>
<TimeCreated SystemTime="2020-10-26 15:12:41.038195"></TimeCreated>
<EventRecordID>592</EventRecordID>
<Correlation ActivityID="" RelatedActivityID=""></Correlation>
<Execution ProcessID="2220" ThreadID="2388"></Execution>
<Channel>Microsoft-Windows-Time-Service/Operational</Channel>
<Computer>WIN-PTFPHFCRDJ0</Computer>
<Security UserID="S-1-5-19"></Security>
</System>
<EventData Name="TMP_OPS_TIME_RESYNC_EVENT"><Data Name="ReasonCode">2</Data>
<Data Name="TickCount">36843</Data>
</EventData>
</Event>

<Event xmlns="http://schemas.microsoft.com/win/2004/08/events/event"><System><Provider Name="Microsoft-Windows-Time-Service" Guid="{06edcfeb-0fd0-4e53-acca-a6f8bbf81bcb}"></Provider>
<EventID Qualifiers="">264</EventID>
<Version>0</Version>
<Level>4</Level>
<Task>0</Task>
<Opcode>0</Opcode>
<Keywords>0x4000000000000000</Keywords>
<TimeCreated SystemTime="2020-10-26 15:12:48.682522"></TimeCreated>
<EventRecordID>593</EventRecordID>
<Correlation ActivityID="" RelatedActivityID=""></Correlation>
<Execution ProcessID="2220" ThreadID="2308"></Execution>
<Channel>Microsoft-Windows-Time-Service/Operational</Channel>
<Computer>WIN-PTFPHFCRDJ0</Computer>
<Security UserID="S-1-5-19"></Security>
</System>
<EventData Name="TMP_OPS_NTP_CLIENT_TIME_SOURCES_CHANGE"><Data Name="AllNtpServers">time.windows.com,0x8 (ntp.m|0x8|0.0.0.0:123-&gt;40.81.94.65:123);</Data>
<Data Name="TickCount">44484</Data>
</EventData>
</Event>

<Event xmlns="http://schemas.microsoft.com/win/2004/08/events/event"><System><Provider Name="Microsoft-Windows-Time-Service" Guid="{06edcfeb-0fd0-4e53-acca-a6f8bbf81bcb}"></Provider>
<EventID Qualifiers="">265</EventID>
<Version>0</Version>
<Level>4</Level>
<Task>0</Task>
<Opcode>0</Opcode>
<Keywords>0x4000000000000000</Keywords>
<TimeCreated SystemTime="2020-10-26 15:13:02.601143"></TimeCreated>
<EventRecordID>594</EventRecordID>
<Correlation ActivityID="" RelatedActivityID=""></Correlation>
<Execution ProcessID="2220" ThreadID="2312"></Execution>
<Channel>Microsoft-Windows-Time-Service/Operational</Channel>
<Computer>WIN-PTFPHFCRDJ0</Computer>
<Security UserID="S-1-5-19"></Security>
</System>
<EventData Name="TMP_OPS_TIME_SOURCE_REFERENCE"><Data Name="TimeSource">time.windows.com,0x8 (ntp.m|0x8|0.0.0.0:123-&gt;40.81.94.65:123)</Data>
<Data Name="TimeSourceRefId">0x28515E41</Data>
<Data Name="LocalStratumNumber">4</Data>
<Data Name="TickCount">58406</Data>
</EventData>
</Event>

<Event xmlns="http://schemas.microsoft.com/win/2004/08/events/event"><System><Provider Name="Microsoft-Windows-Time-Service" Guid="{06edcfeb-0fd0-4e53-acca-a6f8bbf81bcb}"></Provider>
<EventID Qualifiers="">262</EventID>
<Version>0</Version>
<Level>4</Level>
<Task>0</Task>
<Opcode>0</Opcode>
<Keywords>0x4000000000000000</Keywords>
<TimeCreated SystemTime="2020-10-26 15:13:03.602312"></TimeCreated>
<EventRecordID>595</EventRecordID>
<Correlation ActivityID="" RelatedActivityID=""></Correlation>
<Execution ProcessID="2220" ThreadID="2324"></Execution>
<Channel>Microsoft-Windows-Time-Service/Operational</Channel>
<Computer>WIN-PTFPHFCRDJ0</Computer>
<Security UserID="S-1-5-19"></Security>
</System>
<EventData Name="TMP_OPS_SET_TIME_ADJUSTMENT"><Data Name="AdjustmentPPM">-6207.00000</Data>
<Data Name="NewClockRate">157219</Data>
<Data Name="OldClockRate">156250</Data>
<Data Name="TickCount">59406</Data>
<Data Name="MinReportedAdjustmentPPM">800.00000</Data>
</EventData>
</Event>

<Event xmlns="http://schemas.microsoft.com/win/2004/08/events/event"><System><Provider Name="Microsoft-Windows-Time-Service" Guid="{06edcfeb-0fd0-4e53-acca-a6f8bbf81bcb}"></Provider>
<EventID Qualifiers="">262</EventID>
<Version>0</Version>
<Level>4</Level>
<Task>0</Task>
<Opcode>0</Opcode>
<Keywords>0x4000000000000000</Keywords>
<TimeCreated SystemTime="2020-10-26 15:13:04.611410"></TimeCreated>
<EventRecordID>596</EventRecordID>
<Correlation ActivityID="" RelatedActivityID=""></Correlation>
<Execution ProcessID="2220" ThreadID="2324"></Execution>
<Channel>Microsoft-Windows-Time-Service/Operational</Channel>
<Computer>WIN-PTFPHFCRDJ0</Computer>
<Security UserID="S-1-5-19"></Security>
</System>
<EventData Name="TMP_OPS_SET_TIME_ADJUSTMENT"><Data Name="AdjustmentPPM">-5819.00000</Data>
<Data Name="NewClockRate">157159</Data>
<Data Name="OldClockRate">157219</Data>
<Data Name="TickCount">60421</Data>
<Data Name="MinReportedAdjustmentPPM">800.00000</Data>
</EventData>
</Event>

<Event xmlns="http://schemas.microsoft.com/win/2004/08/events/event"><System><Provider Name="Microsoft-Windows-Time-Service" Guid="{06edcfeb-0fd0-4e53-acca-a6f8bbf81bcb}"></Provider>
<EventID Qualifiers="">262</EventID>
<Version>0</Version>
<Level>4</Level>
<Task>0</Task>
<Opcode>0</Opcode>
<Keywords>0x4000000000000000</Keywords>
<TimeCreated SystemTime="2020-10-26 15:13:05.635433"></TimeCreated>
<EventRecordID>597</EventRecordID>
<Correlation ActivityID="" RelatedActivityID=""></Correlation>
<Execution ProcessID="2220" ThreadID="2324"></Execution>
<Channel>Microsoft-Windows-Time-Service/Operational</Channel>
<Computer>WIN-PTFPHFCRDJ0</Computer>
<Security UserID="S-1-5-19"></Security>
</System>
<EventData Name="TMP_OPS_SET_TIME_ADJUSTMENT"><Data Name="AdjustmentPPM">-5455.30029</Data>
<Data Name="NewClockRate">157102</Data>
<Data Name="OldClockRate">157159</Data>
<Data Name="TickCount">61453</Data>
<Data Name="MinReportedAdjustmentPPM">800.00000</Data>
</EventData>
</Event>

<Event xmlns="http://schemas.microsoft.com/win/2004/08/events/event"><System><Provider Name="Microsoft-Windows-Time-Service" Guid="{06edcfeb-0fd0-4e53-acca-a6f8bbf81bcb}"></Provider>
<EventID Qualifiers="">262</EventID>
<Version>0</Version>
<Level>4</Level>
<Task>0</Task>
<Opcode>0</Opcode>
<Keywords>0x4000000000000000</Keywords>
<TimeCreated SystemTime="2020-10-26 15:13:06.644642"></TimeCreated>
<EventRecordID>598</EventRecordID>
<Correlation ActivityID="" RelatedActivityID=""></Correlation>
<Execution ProcessID="2220" ThreadID="2324"></Execution>
<Channel>Microsoft-Windows-Time-Service/Operational</Channel>
<Computer>WIN-PTFPHFCRDJ0</Computer>
<Security UserID="S-1-5-19"></Security>
</System>
<EventData Name="TMP_OPS_SET_TIME_ADJUSTMENT"><Data Name="AdjustmentPPM">-5114.39990</Data>
<Data Name="NewClockRate">157049</Data>
<Data Name="OldClockRate">157102</Data>
<Data Name="TickCount">62468</Data>
<Data Name="MinReportedAdjustmentPPM">800.00000</Data>
</EventData>
</Event>

<Event xmlns="http://schemas.microsoft.com/win/2004/08/events/event"><System><Provider Name="Microsoft-Windows-Time-Service" Guid="{06edcfeb-0fd0-4e53-acca-a6f8bbf81bcb}"></Provider>
<EventID Qualifiers="">262</EventID>
<Version>0</Version>
<Level>4</Level>
<Task>0</Task>
<Opcode>0</Opcode>
<Keywords>0x4000000000000000</Keywords>
<TimeCreated SystemTime="2020-10-26 15:13:07.642118"></TimeCreated>
<EventRecordID>599</EventRecordID>
<Correlation ActivityID="" RelatedActivityID=""></Correlation>
<Execution ProcessID="2220" ThreadID="2324"></Execution>
<Channel>Microsoft-Windows-Time-Service/Operational</Channel>
<Computer>WIN-PTFPHFCRDJ0</Computer>
<Security UserID="S-1-5-19"></Security>
</System>
<EventData Name="TMP_OPS_SET_TIME_ADJUSTMENT"><Data Name="AdjustmentPPM">-4794.70020</Data>
<Data Name="NewClockRate">156999</Data>
<Data Name="OldClockRate">157049</Data>
<Data Name="TickCount">63468</Data>
<Data Name="MinReportedAdjustmentPPM">800.00000</Data>
</EventData>
</Event>

<Event xmlns="http://schemas.microsoft.com/win/2004/08/events/event"><System><Provider Name="Microsoft-Windows-Time-Service" Guid="{06edcfeb-0fd0-4e53-acca-a6f8bbf81bcb}"></Provider>
<EventID Qualifiers="">262</EventID>
<Version>0</Version>
<Level>4</Level>
<Task>0</Task>
<Opcode>0</Opcode>
<Keywords>0x4000000000000000</Keywords>
<TimeCreated SystemTime="2020-10-26 15:13:08.650375"></TimeCreated>
<EventRecordID>600</EventRecordID>
<Correlation ActivityID="" RelatedActivityID=""></Correlation>
<Execution ProcessID="2220" ThreadID="2324"></Execution>
<Channel>Microsoft-Windows-Time-Service/Operational</Channel>
<Computer>WIN-PTFPHFCRDJ0</Computer>
<Security UserID="S-1-5-19"></Security>
</System>
<EventData Name="TMP_OPS_SET_TIME_ADJUSTMENT"><Data Name="AdjustmentPPM">-4495.10010</Data>
<Data Name="NewClockRate">156952</Data>
<Data Name="OldClockRate">156999</Data>
<Data Name="TickCount">64484</Data>
<Data Name="MinReportedAdjustmentPPM">800.00000</Data>
</EventData>
</Event>

<Event xmlns="http://schemas.microsoft.com/win/2004/08/events/event"><System><Provider Name="Microsoft-Windows-Time-Service" Guid="{06edcfeb-0fd0-4e53-acca-a6f8bbf81bcb}"></Provider>
<EventID Qualifiers="">262</EventID>
<Version>0</Version>
<Level>4</Level>
<Task>0</Task>
<Opcode>0</Opcode>
<Keywords>0x4000000000000000</Keywords>
<TimeCreated SystemTime="2020-10-26 15:13:09.646492"></TimeCreated>
<EventRecordID>601</EventRecordID>
<Correlation ActivityID="" RelatedActivityID=""></Correlation>
<Execution ProcessID="2220" ThreadID="2324"></Execution>
<Channel>Microsoft-Windows-Time-Service/Operational</Channel>
<Computer>WIN-PTFPHFCRDJ0</Computer>
<Security UserID="S-1-5-19"></Security>
</System>
<EventData Name="TMP_OPS_SET_TIME_ADJUSTMENT"><Data Name="AdjustmentPPM">-4214.10010</Data>
<Data Name="NewClockRate">156908</Data>
<Data Name="OldClockRate">156952</Data>
<Data Name="TickCount">65484</Data>
<Data Name="MinReportedAdjustmentPPM">800.00000</Data>
</EventData>
</Event>

<Event xmlns="http://schemas.microsoft.com/win/2004/08/events/event"><System><Provider Name="Microsoft-Windows-Time-Service" Guid="{06edcfeb-0fd0-4e53-acca-a6f8bbf81bcb}"></Provider>
<EventID Qualifiers="">262</EventID>
<Version>0</Version>
<Level>4</Level>
<Task>0</Task>
<Opcode>0</Opcode>
<Keywords>0x4000000000000000</Keywords>
<TimeCreated SystemTime="2020-10-26 15:13:10.644175"></TimeCreated>
<EventRecordID>602</EventRecordID>
<Correlation ActivityID="" RelatedActivityID=""></Correlation>
<Execution ProcessID="2220" ThreadID="2324"></Execution>
<Channel>Microsoft-Windows-Time-Service/Operational</Channel>
<Computer>WIN-PTFPHFCRDJ0</Computer>
<Security UserID="S-1-5-19"></Security>
</System>
<EventData Name="TMP_OPS_SET_TIME_ADJUSTMENT"><Data Name="AdjustmentPPM">-3950.70020</Data>
<Data Name="NewClockRate">156867</Data>
<Data Name="OldClockRate">156908</Data>
<Data Name="TickCount">66484</Data>
<Data Name="MinReportedAdjustmentPPM">800.00000</Data>
</EventData>
</Event>

<Event xmlns="http://schemas.microsoft.com/win/2004/08/events/event"><System><Provider Name="Microsoft-Windows-Time-Service" Guid="{06edcfeb-0fd0-4e53-acca-a6f8bbf81bcb}"></Provider>
<EventID Qualifiers="">262</EventID>
<Version>0</Version>
<Level>4</Level>
<Task>0</Task>
<Opcode>0</Opcode>
<Keywords>0x4000000000000000</Keywords>
<TimeCreated SystemTime="2020-10-26 15:13:11.653883"></TimeCreated>
<EventRecordID>603</EventRecordID>
<Correlation ActivityID="" RelatedActivityID=""></Correlation>
<Execution ProcessID="2220" ThreadID="2324"></Execution>
<Channel>Microsoft-Windows-Time-Service/Operational</Channel>
<Computer>WIN-PTFPHFCRDJ0</Computer>
<Security UserID="S-1-5-19"></Security>
</System>
<EventData Name="TMP_OPS_SET_TIME_ADJUSTMENT"><Data Name="AdjustmentPPM">-3703.80005</Data>
<Data Name="NewClockRate">156828</Data>
<Data Name="OldClockRate">156867</Data>
<Data Name="TickCount">67500</Data>
<Data Name="MinReportedAdjustmentPPM">800.00000</Data>
</EventData>
</Event>

<Event xmlns="http://schemas.microsoft.com/win/2004/08/events/event"><System><Provider Name="Microsoft-Windows-Time-Service" Guid="{06edcfeb-0fd0-4e53-acca-a6f8bbf81bcb}"></Provider>
<EventID Qualifiers="">262</EventID>
<Version>0</Version>
<Level>4</Level>
<Task>0</Task>
<Opcode>0</Opcode>
<Keywords>0x4000000000000000</Keywords>
<TimeCreated SystemTime="2020-10-26 15:13:12.653025"></TimeCreated>
<EventRecordID>604</EventRecordID>
<Correlation ActivityID="" RelatedActivityID=""></Correlation>
<Execution ProcessID="2220" ThreadID="2324"></Execution>
<Channel>Microsoft-Windows-Time-Service/Operational</Channel>
<Computer>WIN-PTFPHFCRDJ0</Computer>
<Security UserID="S-1-5-19"></Security>
</System>
<EventData Name="TMP_OPS_SET_TIME_ADJUSTMENT"><Data Name="AdjustmentPPM">-3472.30005</Data>
<Data Name="NewClockRate">156792</Data>
<Data Name="OldClockRate">156828</Data>
<Data Name="TickCount">68500</Data>
<Data Name="MinReportedAdjustmentPPM">800.00000</Data>
</EventData>
</Event>

<Event xmlns="http://schemas.microsoft.com/win/2004/08/events/event"><System><Provider Name="Microsoft-Windows-Time-Service" Guid="{06edcfeb-0fd0-4e53-acca-a6f8bbf81bcb}"></Provider>
<EventID Qualifiers="">262</EventID>
<Version>0</Version>
<Level>4</Level>
<Task>0</Task>
<Opcode>0</Opcode>
<Keywords>0x4000000000000000</Keywords>
<TimeCreated SystemTime="2020-10-26 15:13:13.678427"></TimeCreated>
<EventRecordID>605</EventRecordID>
<Correlation ActivityID="" RelatedActivityID=""></Correlation>
<Execution ProcessID="2220" ThreadID="2324"></Execution>
<Channel>Microsoft-Windows-Time-Service/Operational</Channel>
<Computer>WIN-PTFPHFCRDJ0</Computer>
<Security UserID="S-1-5-19"></Security>
</System>
<EventData Name="TMP_OPS_SET_TIME_ADJUSTMENT"><Data Name="AdjustmentPPM">-3255.30005</Data>
<Data Name="NewClockRate">156758</Data>
<Data Name="OldClockRate">156792</Data>
<Data Name="TickCount">69531</Data>
<Data Name="MinReportedAdjustmentPPM">800.00000</Data>
</EventData>
</Event>

<Event xmlns="http://schemas.microsoft.com/win/2004/08/events/event"><System><Provider Name="Microsoft-Windows-Time-Service" Guid="{06edcfeb-0fd0-4e53-acca-a6f8bbf81bcb}"></Provider>
<EventID Qualifiers="">262</EventID>
<Version>0</Version>
<Level>4</Level>
<Task>0</Task>
<Opcode>0</Opcode>
<Keywords>0x4000000000000000</Keywords>
<TimeCreated SystemTime="2020-10-26 15:13:14.689882"></TimeCreated>
<EventRecordID>606</EventRecordID>
<Correlation ActivityID="" RelatedActivityID=""></Correlation>
<Execution ProcessID="2220" ThreadID="2324"></Execution>
<Channel>Microsoft-Windows-Time-Service/Operational</Channel>
<Computer>WIN-PTFPHFCRDJ0</Computer>
<Security UserID="S-1-5-19"></Security>
</System>
<EventData Name="TMP_OPS_SET_TIME_ADJUSTMENT"><Data Name="AdjustmentPPM">-3051.80005</Data>
<Data Name="NewClockRate">156726</Data>
<Data Name="OldClockRate">156758</Data>
<Data Name="TickCount">70546</Data>
<Data Name="MinReportedAdjustmentPPM">800.00000</Data>
</EventData>
</Event>

<Event xmlns="http://schemas.microsoft.com/win/2004/08/events/event"><System><Provider Name="Microsoft-Windows-Time-Service" Guid="{06edcfeb-0fd0-4e53-acca-a6f8bbf81bcb}"></Provider>
<EventID Qualifiers="">262</EventID>
<Version>0</Version>
<Level>4</Level>
<Task>0</Task>
<Opcode>0</Opcode>
<Keywords>0x4000000000000000</Keywords>
<TimeCreated SystemTime="2020-10-26 15:13:15.689434"></TimeCreated>
<EventRecordID>607</EventRecordID>
<Correlation ActivityID="" RelatedActivityID=""></Correlation>
<Execution ProcessID="2220" ThreadID="2324"></Execution>
<Channel>Microsoft-Windows-Time-Service/Operational</Channel>
<Computer>WIN-PTFPHFCRDJ0</Computer>
<Security UserID="S-1-5-19"></Security>
</System>
<EventData Name="TMP_OPS_SET_TIME_ADJUSTMENT"><Data Name="AdjustmentPPM">-2861.10010</Data>
<Data Name="NewClockRate">156697</Data>
<Data Name="OldClockRate">156726</Data>
<Data Name="TickCount">71546</Data>
<Data Name="MinReportedAdjustmentPPM">800.00000</Data>
</EventData>
</Event>

<Event xmlns="http://schemas.microsoft.com/win/2004/08/events/event"><System><Provider Name="Microsoft-Windows-Time-Service" Guid="{06edcfeb-0fd0-4e53-acca-a6f8bbf81bcb}"></Provider>
<EventID Qualifiers="">262</EventID>
<Version>0</Version>
<Level>4</Level>
<Task>0</Task>
<Opcode>0</Opcode>
<Keywords>0x4000000000000000</Keywords>
<TimeCreated SystemTime="2020-10-26 15:13:16.687307"></TimeCreated>
<EventRecordID>608</EventRecordID>
<Correlation ActivityID="" RelatedActivityID=""></Correlation>
<Execution ProcessID="2220" ThreadID="2324"></Execution>
<Channel>Microsoft-Windows-Time-Service/Operational</Channel>
<Computer>WIN-PTFPHFCRDJ0</Computer>
<Security UserID="S-1-5-19"></Security>
</System>
<EventData Name="TMP_OPS_SET_TIME_ADJUSTMENT"><Data Name="AdjustmentPPM">-2682.30005</Data>
<Data Name="NewClockRate">156669</Data>
<Data Name="OldClockRate">156697</Data>
<Data Name="TickCount">72546</Data>
<Data Name="MinReportedAdjustmentPPM">800.00000</Data>
</EventData>
</Event>

<Event xmlns="http://schemas.microsoft.com/win/2004/08/events/event"><System><Provider Name="Microsoft-Windows-Time-Service" Guid="{06edcfeb-0fd0-4e53-acca-a6f8bbf81bcb}"></Provider>
<EventID Qualifiers="">262</EventID>
<Version>0</Version>
<Level>4</Level>
<Task>0</Task>
<Opcode>0</Opcode>
<Keywords>0x4000000000000000</Keywords>
<TimeCreated SystemTime="2020-10-26 15:13:17.713017"></TimeCreated>
<EventRecordID>609</EventRecordID>
<Correlation ActivityID="" RelatedActivityID=""></Correlation>
<Execution ProcessID="2220" ThreadID="2324"></Execution>
<Channel>Microsoft-Windows-Time-Service/Operational</Channel>
<Computer>WIN-PTFPHFCRDJ0</Computer>
<Security UserID="S-1-5-19"></Security>
</System>
<EventData Name="TMP_OPS_SET_TIME_ADJUSTMENT"><Data Name="AdjustmentPPM">-2514.60010</Data>
<Data Name="NewClockRate">156642</Data>
<Data Name="OldClockRate">156669</Data>
<Data Name="TickCount">73578</Data>
<Data Name="MinReportedAdjustmentPPM">800.00000</Data>
</EventData>
</Event>

<Event xmlns="http://schemas.microsoft.com/win/2004/08/events/event"><System><Provider Name="Microsoft-Windows-Time-Service" Guid="{06edcfeb-0fd0-4e53-acca-a6f8bbf81bcb}"></Provider>
<EventID Qualifiers="">262</EventID>
<Version>0</Version>
<Level>4</Level>
<Task>0</Task>
<Opcode>0</Opcode>
<Keywords>0x4000000000000000</Keywords>
<TimeCreated SystemTime="2020-10-26 15:13:18.725555"></TimeCreated>
<EventRecordID>610</EventRecordID>
<Correlation ActivityID="" RelatedActivityID=""></Correlation>
<Execution ProcessID="2220" ThreadID="2324"></Execution>
<Channel>Microsoft-Windows-Time-Service/Operational</Channel>
<Computer>WIN-PTFPHFCRDJ0</Computer>
<Security UserID="S-1-5-19"></Security>
</System>
<EventData Name="TMP_OPS_SET_TIME_ADJUSTMENT"><Data Name="AdjustmentPPM">-2357.50000</Data>
<Data Name="NewClockRate">156618</Data>
<Data Name="OldClockRate">156642</Data>
<Data Name="TickCount">74593</Data>
<Data Name="MinReportedAdjustmentPPM">800.00000</Data>
</EventData>
</Event>

<Event xmlns="http://schemas.microsoft.com/win/2004/08/events/event"><System><Provider Name="Microsoft-Windows-Time-Service" Guid="{06edcfeb-0fd0-4e53-acca-a6f8bbf81bcb}"></Provider>
<EventID Qualifiers="">262</EventID>
<Version>0</Version>
<Level>4</Level>
<Task>0</Task>
<Opcode>0</Opcode>
<Keywords>0x4000000000000000</Keywords>
<TimeCreated SystemTime="2020-10-26 15:13:19.723520"></TimeCreated>
<EventRecordID>611</EventRecordID>
<Correlation ActivityID="" RelatedActivityID=""></Correlation>
<Execution ProcessID="2220" ThreadID="2324"></Execution>
<Channel>Microsoft-Windows-Time-Service/Operational</Channel>
<Computer>WIN-PTFPHFCRDJ0</Computer>
<Security UserID="S-1-5-19"></Security>
</System>
<EventData Name="TMP_OPS_SET_TIME_ADJUSTMENT"><Data Name="AdjustmentPPM">-2210.09985</Data>
<Data Name="NewClockRate">156595</Data>
<Data Name="OldClockRate">156618</Data>
<Data Name="TickCount">75593</Data>
<Data Name="MinReportedAdjustmentPPM">800.00000</Data>
</EventData>
</Event>

<Event xmlns="http://schemas.microsoft.com/win/2004/08/events/event"><System><Provider Name="Microsoft-Windows-Time-Service" Guid="{06edcfeb-0fd0-4e53-acca-a6f8bbf81bcb}"></Provider>
<EventID Qualifiers="">262</EventID>
<Version>0</Version>
<Level>4</Level>
<Task>0</Task>
<Opcode>0</Opcode>
<Keywords>0x4000000000000000</Keywords>
<TimeCreated SystemTime="2020-10-26 15:13:20.736996"></TimeCreated>
<EventRecordID>612</EventRecordID>
<Correlation ActivityID="" RelatedActivityID=""></Correlation>
<Execution ProcessID="2220" ThreadID="2324"></Execution>
<Channel>Microsoft-Windows-Time-Service/Operational</Channel>
<Computer>WIN-PTFPHFCRDJ0</Computer>
<Security UserID="S-1-5-19"></Security>
</System>
<EventData Name="TMP_OPS_SET_TIME_ADJUSTMENT"><Data Name="AdjustmentPPM">-2072.00000</Data>
<Data Name="NewClockRate">156573</Data>
<Data Name="OldClockRate">156595</Data>
<Data Name="TickCount">76609</Data>
<Data Name="MinReportedAdjustmentPPM">800.00000</Data>
</EventData>
</Event>

<Event xmlns="http://schemas.microsoft.com/win/2004/08/events/event"><System><Provider Name="Microsoft-Windows-Time-Service" Guid="{06edcfeb-0fd0-4e53-acca-a6f8bbf81bcb}"></Provider>
<EventID Qualifiers="">262</EventID>
<Version>0</Version>
<Level>4</Level>
<Task>0</Task>
<Opcode>0</Opcode>
<Keywords>0x4000000000000000</Keywords>
<TimeCreated SystemTime="2020-10-26 15:13:21.736816"></TimeCreated>
<EventRecordID>613</EventRecordID>
<Correlation ActivityID="" RelatedActivityID=""></Correlation>
<Execution ProcessID="2220" ThreadID="2324"></Execution>
<Channel>Microsoft-Windows-Time-Service/Operational</Channel>
<Computer>WIN-PTFPHFCRDJ0</Computer>
<Security UserID="S-1-5-19"></Security>
</System>
<EventData Name="TMP_OPS_SET_TIME_ADJUSTMENT"><Data Name="AdjustmentPPM">-1942.50000</Data>
<Data Name="NewClockRate">156553</Data>
<Data Name="OldClockRate">156573</Data>
<Data Name="TickCount">77609</Data>
<Data Name="MinReportedAdjustmentPPM">800.00000</Data>
</EventData>
</Event>

<Event xmlns="http://schemas.microsoft.com/win/2004/08/events/event"><System><Provider Name="Microsoft-Windows-Time-Service" Guid="{06edcfeb-0fd0-4e53-acca-a6f8bbf81bcb}"></Provider>
<EventID Qualifiers="">262</EventID>
<Version>0</Version>
<Level>4</Level>
<Task>0</Task>
<Opcode>0</Opcode>
<Keywords>0x4000000000000000</Keywords>
<TimeCreated SystemTime="2020-10-26 15:13:22.747614"></TimeCreated>
<EventRecordID>614</EventRecordID>
<Correlation ActivityID="" RelatedActivityID=""></Correlation>
<Execution ProcessID="2220" ThreadID="2324"></Execution>
<Channel>Microsoft-Windows-Time-Service/Operational</Channel>
<Computer>WIN-PTFPHFCRDJ0</Computer>
<Security UserID="S-1-5-19"></Security>
</System>
<EventData Name="TMP_OPS_SET_TIME_ADJUSTMENT"><Data Name="AdjustmentPPM">-1821.09998</Data>
<Data Name="NewClockRate">156534</Data>
<Data Name="OldClockRate">156553</Data>
<Data Name="TickCount">78625</Data>
<Data Name="MinReportedAdjustmentPPM">800.00000</Data>
</EventData>
</Event>

<Event xmlns="http://schemas.microsoft.com/win/2004/08/events/event"><System><Provider Name="Microsoft-Windows-Time-Service" Guid="{06edcfeb-0fd0-4e53-acca-a6f8bbf81bcb}"></Provider>
<EventID Qualifiers="">262</EventID>
<Version>0</Version>
<Level>4</Level>
<Task>0</Task>
<Opcode>0</Opcode>
<Keywords>0x4000000000000000</Keywords>
<TimeCreated SystemTime="2020-10-26 15:13:23.748999"></TimeCreated>
<EventRecordID>615</EventRecordID>
<Correlation ActivityID="" RelatedActivityID=""></Correlation>
<Execution ProcessID="2220" ThreadID="2324"></Execution>
<Channel>Microsoft-Windows-Time-Service/Operational</Channel>
<Computer>WIN-PTFPHFCRDJ0</Computer>
<Security UserID="S-1-5-19"></Security>
</System>
<EventData Name="TMP_OPS_SET_TIME_ADJUSTMENT"><Data Name="AdjustmentPPM">-1707.29993</Data>
<Data Name="NewClockRate">156516</Data>
<Data Name="OldClockRate">156534</Data>
<Data Name="TickCount">79625</Data>
<Data Name="MinReportedAdjustmentPPM">800.00000</Data>
</EventData>
</Event>

<Event xmlns="http://schemas.microsoft.com/win/2004/08/events/event"><System><Provider Name="Microsoft-Windows-Time-Service" Guid="{06edcfeb-0fd0-4e53-acca-a6f8bbf81bcb}"></Provider>
<EventID Qualifiers="">262</EventID>
<Version>0</Version>
<Level>4</Level>
<Task>0</Task>
<Opcode>0</Opcode>
<Keywords>0x4000000000000000</Keywords>
<TimeCreated SystemTime="2020-10-26 15:13:24.763132"></TimeCreated>
<EventRecordID>616</EventRecordID>
<Correlation ActivityID="" RelatedActivityID=""></Correlation>
<Execution ProcessID="2220" ThreadID="2324"></Execution>
<Channel>Microsoft-Windows-Time-Service/Operational</Channel>
<Computer>WIN-PTFPHFCRDJ0</Computer>
<Security UserID="S-1-5-19"></Security>
</System>
<EventData Name="TMP_OPS_SET_TIME_ADJUSTMENT"><Data Name="AdjustmentPPM">-1600.59998</Data>
<Data Name="NewClockRate">156500</Data>
<Data Name="OldClockRate">156516</Data>
<Data Name="TickCount">80640</Data>
<Data Name="MinReportedAdjustmentPPM">800.00000</Data>
</EventData>
</Event>

<Event xmlns="http://schemas.microsoft.com/win/2004/08/events/event"><System><Provider Name="Microsoft-Windows-Time-Service" Guid="{06edcfeb-0fd0-4e53-acca-a6f8bbf81bcb}"></Provider>
<EventID Qualifiers="">262</EventID>
<Version>0</Version>
<Level>4</Level>
<Task>0</Task>
<Opcode>0</Opcode>
<Keywords>0x4000000000000000</Keywords>
<TimeCreated SystemTime="2020-10-26 15:13:25.775003"></TimeCreated>
<EventRecordID>617</EventRecordID>
<Correlation ActivityID="" RelatedActivityID=""></Correlation>
<Execution ProcessID="2220" ThreadID="2324"></Execution>
<Channel>Microsoft-Windows-Time-Service/Operational</Channel>
<Computer>WIN-PTFPHFCRDJ0</Computer>
<Security UserID="S-1-5-19"></Security>
</System>
<EventData Name="TMP_OPS_SET_TIME_ADJUSTMENT"><Data Name="AdjustmentPPM">-1500.50000</Data>
<Data Name="NewClockRate">156484</Data>
<Data Name="OldClockRate">156500</Data>
<Data Name="TickCount">81656</Data>
<Data Name="MinReportedAdjustmentPPM">800.00000</Data>
</EventData>
</Event>

<Event xmlns="http://schemas.microsoft.com/win/2004/08/events/event"><System><Provider Name="Microsoft-Windows-Time-Service" Guid="{06edcfeb-0fd0-4e53-acca-a6f8bbf81bcb}"></Provider>
<EventID Qualifiers="">262</EventID>
<Version>0</Version>
<Level>4</Level>
<Task>0</Task>
<Opcode>0</Opcode>
<Keywords>0x4000000000000000</Keywords>
<TimeCreated SystemTime="2020-10-26 15:13:26.790098"></TimeCreated>
<EventRecordID>618</EventRecordID>
<Correlation ActivityID="" RelatedActivityID=""></Correlation>
<Execution ProcessID="2220" ThreadID="2324"></Execution>
<Channel>Microsoft-Windows-Time-Service/Operational</Channel>
<Computer>WIN-PTFPHFCRDJ0</Computer>
<Security UserID="S-1-5-19"></Security>
</System>
<EventData Name="TMP_OPS_SET_TIME_ADJUSTMENT"><Data Name="AdjustmentPPM">-1406.80005</Data>
<Data Name="NewClockRate">156469</Data>
<Data Name="OldClockRate">156484</Data>
<Data Name="TickCount">82671</Data>
<Data Name="MinReportedAdjustmentPPM">800.00000</Data>
</EventData>
</Event>

<Event xmlns="http://schemas.microsoft.com/win/2004/08/events/event"><System><Provider Name="Microsoft-Windows-Time-Service" Guid="{06edcfeb-0fd0-4e53-acca-a6f8bbf81bcb}"></Provider>
<EventID Qualifiers="">262</EventID>
<Version>0</Version>
<Level>4</Level>
<Task>0</Task>
<Opcode>0</Opcode>
<Keywords>0x4000000000000000</Keywords>
<TimeCreated SystemTime="2020-10-26 15:13:27.789471"></TimeCreated>
<EventRecordID>619</EventRecordID>
<Correlation ActivityID="" RelatedActivityID=""></Correlation>
<Execution ProcessID="2220" ThreadID="2324"></Execution>
<Channel>Microsoft-Windows-Time-Service/Operational</Channel>
<Computer>WIN-PTFPHFCRDJ0</Computer>
<Security UserID="S-1-5-19"></Security>
</System>
<EventData Name="TMP_OPS_SET_TIME_ADJUSTMENT"><Data Name="AdjustmentPPM">-1318.80005</Data>
<Data Name="NewClockRate">156456</Data>
<Data Name="OldClockRate">156469</Data>
<Data Name="TickCount">83671</Data>
<Data Name="MinReportedAdjustmentPPM">800.00000</Data>
</EventData>
</Event>

<Event xmlns="http://schemas.microsoft.com/win/2004/08/events/event"><System><Provider Name="Microsoft-Windows-Time-Service" Guid="{06edcfeb-0fd0-4e53-acca-a6f8bbf81bcb}"></Provider>
<EventID Qualifiers="">262</EventID>
<Version>0</Version>
<Level>4</Level>
<Task>0</Task>
<Opcode>0</Opcode>
<Keywords>0x4000000000000000</Keywords>
<TimeCreated SystemTime="2020-10-26 15:13:28.803164"></TimeCreated>
<EventRecordID>620</EventRecordID>
<Correlation ActivityID="" RelatedActivityID=""></Correlation>
<Execution ProcessID="2220" ThreadID="2324"></Execution>
<Channel>Microsoft-Windows-Time-Service/Operational</Channel>
<Computer>WIN-PTFPHFCRDJ0</Computer>
<Security UserID="S-1-5-19"></Security>
</System>
<EventData Name="TMP_OPS_SET_TIME_ADJUSTMENT"><Data Name="AdjustmentPPM">-1236.40002</Data>
<Data Name="NewClockRate">156443</Data>
<Data Name="OldClockRate">156456</Data>
<Data Name="TickCount">84687</Data>
<Data Name="MinReportedAdjustmentPPM">800.00000</Data>
</EventData>
</Event>

<Event xmlns="http://schemas.microsoft.com/win/2004/08/events/event"><System><Provider Name="Microsoft-Windows-Time-Service" Guid="{06edcfeb-0fd0-4e53-acca-a6f8bbf81bcb}"></Provider>
<EventID Qualifiers="">262</EventID>
<Version>0</Version>
<Level>4</Level>
<Task>0</Task>
<Opcode>0</Opcode>
<Keywords>0x4000000000000000</Keywords>
<TimeCreated SystemTime="2020-10-26 15:13:29.816607"></TimeCreated>
<EventRecordID>621</EventRecordID>
<Correlation ActivityID="" RelatedActivityID=""></Correlation>
<Execution ProcessID="2220" ThreadID="2324"></Execution>
<Channel>Microsoft-Windows-Time-Service/Operational</Channel>
<Computer>WIN-PTFPHFCRDJ0</Computer>
<Security UserID="S-1-5-19"></Security>
</System>
<EventData Name="TMP_OPS_SET_TIME_ADJUSTMENT"><Data Name="AdjustmentPPM">-1159.09998</Data>
<Data Name="NewClockRate">156431</Data>
<Data Name="OldClockRate">156443</Data>
<Data Name="TickCount">85703</Data>
<Data Name="MinReportedAdjustmentPPM">800.00000</Data>
</EventData>
</Event>

<Event xmlns="http://schemas.microsoft.com/win/2004/08/events/event"><System><Provider Name="Microsoft-Windows-Time-Service" Guid="{06edcfeb-0fd0-4e53-acca-a6f8bbf81bcb}"></Provider>
<EventID Qualifiers="">262</EventID>
<Version>0</Version>
<Level>4</Level>
<Task>0</Task>
<Opcode>0</Opcode>
<Keywords>0x4000000000000000</Keywords>
<TimeCreated SystemTime="2020-10-26 15:13:30.845474"></TimeCreated>
<EventRecordID>622</EventRecordID>
<Correlation ActivityID="" RelatedActivityID=""></Correlation>
<Execution ProcessID="2220" ThreadID="2324"></Execution>
<Channel>Microsoft-Windows-Time-Service/Operational</Channel>
<Computer>WIN-PTFPHFCRDJ0</Computer>
<Security UserID="S-1-5-19"></Security>
</System>
<EventData Name="TMP_OPS_SET_TIME_ADJUSTMENT"><Data Name="AdjustmentPPM">-1086.69995</Data>
<Data Name="NewClockRate">156419</Data>
<Data Name="OldClockRate">156431</Data>
<Data Name="TickCount">86734</Data>
<Data Name="MinReportedAdjustmentPPM">800.00000</Data>
</EventData>
</Event>

<Event xmlns="http://schemas.microsoft.com/win/2004/08/events/event"><System><Provider Name="Microsoft-Windows-Time-Service" Guid="{06edcfeb-0fd0-4e53-acca-a6f8bbf81bcb}"></Provider>
<EventID Qualifiers="">262</EventID>
<Version>0</Version>
<Level>4</Level>
<Task>0</Task>
<Opcode>0</Opcode>
<Keywords>0x4000000000000000</Keywords>
<TimeCreated SystemTime="2020-10-26 15:13:31.847498"></TimeCreated>
<EventRecordID>623</EventRecordID>
<Correlation ActivityID="" RelatedActivityID=""></Correlation>
<Execution ProcessID="2220" ThreadID="2324"></Execution>
<Channel>Microsoft-Windows-Time-Service/Operational</Channel>
<Computer>WIN-PTFPHFCRDJ0</Computer>
<Security UserID="S-1-5-19"></Security>
</System>
<EventData Name="TMP_OPS_SET_TIME_ADJUSTMENT"><Data Name="AdjustmentPPM">-1018.79999</Data>
<Data Name="NewClockRate">156409</Data>
<Data Name="OldClockRate">156419</Data>
<Data Name="TickCount">87734</Data>
<Data Name="MinReportedAdjustmentPPM">800.00000</Data>
</EventData>
</Event>

<Event xmlns="http://schemas.microsoft.com/win/2004/08/events/event"><System><Provider Name="Microsoft-Windows-Time-Service" Guid="{06edcfeb-0fd0-4e53-acca-a6f8bbf81bcb}"></Provider>
<EventID Qualifiers="">262</EventID>
<Version>0</Version>
<Level>4</Level>
<Task>0</Task>
<Opcode>0</Opcode>
<Keywords>0x4000000000000000</Keywords>
<TimeCreated SystemTime="2020-10-26 15:13:32.860683"></TimeCreated>
<EventRecordID>624</EventRecordID>
<Correlation ActivityID="" RelatedActivityID=""></Correlation>
<Execution ProcessID="2220" ThreadID="2324"></Execution>
<Channel>Microsoft-Windows-Time-Service/Operational</Channel>
<Computer>WIN-PTFPHFCRDJ0</Computer>
<Security UserID="S-1-5-19"></Security>
</System>
<EventData Name="TMP_OPS_SET_TIME_ADJUSTMENT"><Data Name="AdjustmentPPM">-955.09998</Data>
<Data Name="NewClockRate">156399</Data>
<Data Name="OldClockRate">156409</Data>
<Data Name="TickCount">88750</Data>
<Data Name="MinReportedAdjustmentPPM">800.00000</Data>
</EventData>
</Event>

<Event xmlns="http://schemas.microsoft.com/win/2004/08/events/event"><System><Provider Name="Microsoft-Windows-Time-Service" Guid="{06edcfeb-0fd0-4e53-acca-a6f8bbf81bcb}"></Provider>
<EventID Qualifiers="">262</EventID>
<Version>0</Version>
<Level>4</Level>
<Task>0</Task>
<Opcode>0</Opcode>
<Keywords>0x4000000000000000</Keywords>
<TimeCreated SystemTime="2020-10-26 15:13:33.860544"></TimeCreated>
<EventRecordID>625</EventRecordID>
<Correlation ActivityID="" RelatedActivityID=""></Correlation>
<Execution ProcessID="2220" ThreadID="2324"></Execution>
<Channel>Microsoft-Windows-Time-Service/Operational</Channel>
<Computer>WIN-PTFPHFCRDJ0</Computer>
<Security UserID="S-1-5-19"></Security>
</System>
<EventData Name="TMP_OPS_SET_TIME_ADJUSTMENT"><Data Name="AdjustmentPPM">-895.40002</Data>
<Data Name="NewClockRate">156389</Data>
<Data Name="OldClockRate">156399</Data>
<Data Name="TickCount">89750</Data>
<Data Name="MinReportedAdjustmentPPM">800.00000</Data>
</EventData>
</Event>

<Event xmlns="http://schemas.microsoft.com/win/2004/08/events/event"><System><Provider Name="Microsoft-Windows-Time-Service" Guid="{06edcfeb-0fd0-4e53-acca-a6f8bbf81bcb}"></Provider>
<EventID Qualifiers="">262</EventID>
<Version>0</Version>
<Level>4</Level>
<Task>0</Task>
<Opcode>0</Opcode>
<Keywords>0x4000000000000000</Keywords>
<TimeCreated SystemTime="2020-10-26 15:13:34.874908"></TimeCreated>
<EventRecordID>626</EventRecordID>
<Correlation ActivityID="" RelatedActivityID=""></Correlation>
<Execution ProcessID="2220" ThreadID="2324"></Execution>
<Channel>Microsoft-Windows-Time-Service/Operational</Channel>
<Computer>WIN-PTFPHFCRDJ0</Computer>
<Security UserID="S-1-5-19"></Security>
</System>
<EventData Name="TMP_OPS_SET_TIME_ADJUSTMENT"><Data Name="AdjustmentPPM">-839.39996</Data>
<Data Name="NewClockRate">156381</Data>
<Data Name="OldClockRate">156389</Data>
<Data Name="TickCount">90765</Data>
<Data Name="MinReportedAdjustmentPPM">800.00000</Data>
</EventData>
</Event>

<Event xmlns="http://schemas.microsoft.com/win/2004/08/events/event"><System><Provider Name="Microsoft-Windows-Time-Service" Guid="{06edcfeb-0fd0-4e53-acca-a6f8bbf81bcb}"></Provider>
<EventID Qualifiers="">272</EventID>
<Version>0</Version>
<Level>4</Level>
<Task>0</Task>
<Opcode>0</Opcode>
<Keywords>0x4000000000000000</Keywords>
<TimeCreated SystemTime="2020-10-26 15:18:22.626608"></TimeCreated>
<EventRecordID>627</EventRecordID>
<Correlation ActivityID="" RelatedActivityID=""></Correlation>
<Execution ProcessID="2220" ThreadID="2388"></Execution>
<Channel>Microsoft-Windows-Time-Service/Operational</Channel>
<Computer>WIN-PTFPHFCRDJ0</Computer>
<Security UserID="S-1-5-19"></Security>
</System>
<EventData Name="TMP_OPS_LEAP_SECOND_CONFIG"><Data Name="Enabled">1</Data>
<Data Name="LeapSecondCount">0</Data>
<Data Name="CurrentUtcOffset">0</Data>
<Data Name="RuntimeStateAndSettingsConsistent">1</Data>
<Data Name="NewestLeapSecondsList"></Data>
<Data Name="TickCount">378531</Data>
</EventData>
</Event>

<Event xmlns="http://schemas.microsoft.com/win/2004/08/events/event"><System><Provider Name="Microsoft-Windows-Time-Service" Guid="{06edcfeb-0fd0-4e53-acca-a6f8bbf81bcb}"></Provider>
<EventID Qualifiers="">263</EventID>
<Version>0</Version>
<Level>4</Level>
<Task>0</Task>
<Opcode>0</Opcode>
<Keywords>0x4000000000000000</Keywords>
<TimeCreated SystemTime="2020-10-26 15:18:22.626837"></TimeCreated>
<EventRecordID>628</EventRecordID>
<Correlation ActivityID="" RelatedActivityID=""></Correlation>
<Execution ProcessID="2220" ThreadID="2388"></Execution>
<Channel>Microsoft-Windows-Time-Service/Operational</Channel>
<Computer>WIN-PTFPHFCRDJ0</Computer>
<Security UserID="S-1-5-19"></Security>
</System>
<EventData Name="TMP_OPS_SERVICE_PARAM_CHANGE"><Data Name="Configuration">EventLogFlags: 2 (Local)
AnnounceFlags: 10 (Local)
TimeJumpAuditOffset: 28800 (Local)
MinPollInterval: 6 (Local)
MaxPollInterval: 10 (Local)
MaxNegPhaseCorrection: 54000 (Local)
MaxPosPhaseCorrection: 54000 (Local)
MaxAllowedPhaseOffset: 1 (Local)

FrequencyCorrectRate: 4 (Local)
PollAdjustFactor: 5 (Local)
LargePhaseOffset: 50000000 (Local)
SpikeWatchPeriod: 900 (Local)
LocalClockDispersion: 10 (Local)
HoldPeriod: 5 (Local)
PhaseCorrectRate: 1 (Local)
UpdateInterval: 100 (Local)

FileLogName:  (Undefined or not used)
FileLogEntries:  (Undefined or not used)
FileLogSize: 0 (Undefined or not used)
FileLogFlags: 0 (Undefined or not used)

UtilizeSslTimeData: 1 (Local)

[Leap Seconds]
Enabled: 1 (Local)
Total Leap Seconds (after June 2018): 0 (Local)
Current UTC offset: 0 (Local)
</Data>
<Data Name="TimeProviders">NtpClient (Local)
DllName: C:\Windows\system32\w32time.dll (Local)
Enabled: 1 (Local)
InputProvider: 1 (Local)
CrossSiteSyncFlags: 0 (Undefined or not used)
AllowNonstandardModeCombinations: 1 (Local)
ResolvePeerBackoffMinutes: 15 (Local)
ResolvePeerBackoffMaxTimes: 7 (Local)
CompatibilityFlags: 2147483648 (Local)
EventLogFlags: 1 (Local)
LargeSampleSkew: 3 (Local)
SpecialPollInterval: 1024 (Local)
Type: NTP (Local)
NtpServer: time.windows.com,0x8 (Local)

VMICTimeProvider (Local)
DllName: C:\Windows\System32\vmictimeprovider.dll (Local)
Enabled: 1 (Local)
InputProvider: 1 (Local)

NtpServer (Local)
DllName: C:\Windows\system32\w32time.dll (Local)
Enabled: 0 (Local)
InputProvider: 0 (Local)


</Data>
<Data Name="TickCount">378531</Data>
</EventData>
</Event>

<Event xmlns="http://schemas.microsoft.com/win/2004/08/events/event"><System><Provider Name="Microsoft-Windows-Time-Service" Guid="{06edcfeb-0fd0-4e53-acca-a6f8bbf81bcb}"></Provider>
<EventID Qualifiers="">259</EventID>
<Version>0</Version>
<Level>4</Level>
<Task>0</Task>
<Opcode>0</Opcode>
<Keywords>0x4000000000000000</Keywords>
<TimeCreated SystemTime="2020-10-26 15:23:29.009951"></TimeCreated>
<EventRecordID>629</EventRecordID>
<Correlation ActivityID="" RelatedActivityID=""></Correlation>
<Execution ProcessID="2220" ThreadID="2388"></Execution>
<Channel>Microsoft-Windows-Time-Service/Operational</Channel>
<Computer>WIN-PTFPHFCRDJ0</Computer>
<Security UserID="S-1-5-19"></Security>
</System>
<EventData Name="TMP_OPS_NTP_CLIENT_TIME_SOURCES"><Data Name="AllNtpServers">time.windows.com,0x8 (ntp.m|0x8|0.0.0.0:123-&gt;40.81.94.65:123);</Data>
<Data Name="ChosenReferenceNtpServer">time.windows.com,0x8 (ntp.m|0x8|0.0.0.0:123-&gt;40.81.94.65:123) (RefID:0x0828515e41)</Data>
<Data Name="TickCount">684921</Data>
<Data Name="IFTSTMP">1</Data>
</EventData>
</Event>

<Event xmlns="http://schemas.microsoft.com/win/2004/08/events/event"><System><Provider Name="Microsoft-Windows-Time-Service" Guid="{06edcfeb-0fd0-4e53-acca-a6f8bbf81bcb}"></Provider>
<EventID Qualifiers="">260</EventID>
<Version>0</Version>
<Level>4</Level>
<Task>0</Task>
<Opcode>0</Opcode>
<Keywords>0x4000000000000000</Keywords>
<TimeCreated SystemTime="2020-10-26 15:23:29.010447"></TimeCreated>
<EventRecordID>630</EventRecordID>
<Correlation ActivityID="" RelatedActivityID=""></Correlation>
<Execution ProcessID="2220" ThreadID="2388"></Execution>
<Channel>Microsoft-Windows-Time-Service/Operational</Channel>
<Computer>WIN-PTFPHFCRDJ0</Computer>
<Security UserID="S-1-5-19"></Security>
</System>
<EventData Name="TMP_OPS_PERIODIC_CONFIG_STATUS"><Data Name="Configuration">EventLogFlags: 2 (Local)
AnnounceFlags: 10 (Local)
TimeJumpAuditOffset: 28800 (Local)
MinPollInterval: 6 (Local)
MaxPollInterval: 10 (Local)
MaxNegPhaseCorrection: 54000 (Local)
MaxPosPhaseCorrection: 54000 (Local)
MaxAllowedPhaseOffset: 1 (Local)

FrequencyCorrectRate: 4 (Local)
PollAdjustFactor: 5 (Local)
LargePhaseOffset: 50000000 (Local)
SpikeWatchPeriod: 900 (Local)
LocalClockDispersion: 10 (Local)
HoldPeriod: 5 (Local)
PhaseCorrectRate: 1 (Local)
UpdateInterval: 100 (Local)

FileLogName:  (Undefined or not used)
FileLogEntries:  (Undefined or not used)
FileLogSize: 0 (Undefined or not used)
FileLogFlags: 0 (Undefined or not used)

UtilizeSslTimeData: 1 (Local)

[Leap Seconds]
Enabled: 1 (Local)
Total Leap Seconds (after June 2018): 0 (Local)
Current UTC offset: 0 (Local)
</Data>
<Data Name="TimeProviders">NtpClient (Local)
DllName: C:\Windows\system32\w32time.dll (Local)
Enabled: 1 (Local)
InputProvider: 1 (Local)
CrossSiteSyncFlags: 0 (Undefined or not used)
AllowNonstandardModeCombinations: 1 (Local)
ResolvePeerBackoffMinutes: 15 (Local)
ResolvePeerBackoffMaxTimes: 7 (Local)
CompatibilityFlags: 2147483648 (Local)
EventLogFlags: 1 (Local)
LargeSampleSkew: 3 (Local)
SpecialPollInterval: 1024 (Local)
Type: NTP (Local)
NtpServer: time.windows.com,0x8 (Local)

VMICTimeProvider (Local)
DllName: C:\Windows\System32\vmictimeprovider.dll (Local)
Enabled: 1 (Local)
InputProvider: 1 (Local)

NtpServer (Local)
DllName: C:\Windows\system32\w32time.dll (Local)
Enabled: 0 (Local)
InputProvider: 0 (Local)


</Data>
<Data Name="LeapIndicator">0</Data>
<Data Name="Stratum">4</Data>
<Data Name="Precision">-23</Data>
<Data Name="RootDelay">0.0656889s</Data>
<Data Name="RootDispersion">0.0463333s</Data>
<Data Name="ReferenceId">0x28515E41</Data>
<Data Name="LastSuccessfulSyncTime">2020-10-26T15:23:29.9Z</Data>
<Data Name="Source">time.windows.com,0x8 </Data>
<Data Name="PollInterval">7</Data>
<Data Name="PhaseOffset">-0.0000836s</Data>
<Data Name="ClockRate">156250</Data>
<Data Name="StateMachine">2</Data>
<Data Name="TimeSourceFlags">0</Data>
<Data Name="ServerRole">0</Data>
<Data Name="LastSyncError">0</Data>
<Data Name="TimeSinceLastGoodSync">0.0000195s</Data>
<Data Name="TickCount">684921</Data>
</EventData>
</Event>

<Event xmlns="http://schemas.microsoft.com/win/2004/08/events/event"><System><Provider Name="Microsoft-Windows-Time-Service" Guid="{06edcfeb-0fd0-4e53-acca-a6f8bbf81bcb}"></Provider>
<EventID Qualifiers="">272</EventID>
<Version>0</Version>
<Level>4</Level>
<Task>0</Task>
<Opcode>0</Opcode>
<Keywords>0x4000000000000000</Keywords>
<TimeCreated SystemTime="2020-10-26 15:23:29.036739"></TimeCreated>
<EventRecordID>631</EventRecordID>
<Correlation ActivityID="" RelatedActivityID=""></Correlation>
<Execution ProcessID="2220" ThreadID="2312"></Execution>
<Channel>Microsoft-Windows-Time-Service/Operational</Channel>
<Computer>WIN-PTFPHFCRDJ0</Computer>
<Security UserID="S-1-5-19"></Security>
</System>
<EventData Name="TMP_OPS_LEAP_SECOND_CONFIG"><Data Name="Enabled">1</Data>
<Data Name="LeapSecondCount">0</Data>
<Data Name="CurrentUtcOffset">0</Data>
<Data Name="RuntimeStateAndSettingsConsistent">1</Data>
<Data Name="NewestLeapSecondsList"></Data>
<Data Name="TickCount">684937</Data>
</EventData>
</Event>

<Event xmlns="http://schemas.microsoft.com/win/2004/08/events/event"><System><Provider Name="Microsoft-Windows-Time-Service" Guid="{06edcfeb-0fd0-4e53-acca-a6f8bbf81bcb}"></Provider>
<EventID Qualifiers="">263</EventID>
<Version>0</Version>
<Level>4</Level>
<Task>0</Task>
<Opcode>0</Opcode>
<Keywords>0x4000000000000000</Keywords>
<TimeCreated SystemTime="2020-10-26 15:23:29.036909"></TimeCreated>
<EventRecordID>632</EventRecordID>
<Correlation ActivityID="" RelatedActivityID=""></Correlation>
<Execution ProcessID="2220" ThreadID="2312"></Execution>
<Channel>Microsoft-Windows-Time-Service/Operational</Channel>
<Computer>WIN-PTFPHFCRDJ0</Computer>
<Security UserID="S-1-5-19"></Security>
</System>
<EventData Name="TMP_OPS_SERVICE_PARAM_CHANGE"><Data Name="Configuration">EventLogFlags: 2 (Local)
AnnounceFlags: 10 (Local)
TimeJumpAuditOffset: 28800 (Local)
MinPollInterval: 6 (Local)
MaxPollInterval: 10 (Local)
MaxNegPhaseCorrection: 54000 (Local)
MaxPosPhaseCorrection: 54000 (Local)
MaxAllowedPhaseOffset: 1 (Local)

FrequencyCorrectRate: 4 (Local)
PollAdjustFactor: 5 (Local)
LargePhaseOffset: 50000000 (Local)
SpikeWatchPeriod: 900 (Local)
LocalClockDispersion: 10 (Local)
HoldPeriod: 5 (Local)
PhaseCorrectRate: 1 (Local)
UpdateInterval: 100 (Local)

FileLogName:  (Undefined or not used)
FileLogEntries:  (Undefined or not used)
FileLogSize: 0 (Undefined or not used)
FileLogFlags: 0 (Undefined or not used)

UtilizeSslTimeData: 1 (Local)

[Leap Seconds]
Enabled: 1 (Local)
Total Leap Seconds (after June 2018): 0 (Local)
Current UTC offset: 0 (Local)
</Data>
<Data Name="TimeProviders">NtpClient (Local)
DllName: C:\Windows\system32\w32time.dll (Local)
Enabled: 1 (Local)
InputProvider: 1 (Local)
CrossSiteSyncFlags: 0 (Undefined or not used)
AllowNonstandardModeCombinations: 1 (Local)
ResolvePeerBackoffMinutes: 15 (Local)
ResolvePeerBackoffMaxTimes: 7 (Local)
CompatibilityFlags: 2147483648 (Local)
EventLogFlags: 1 (Local)
LargeSampleSkew: 3 (Local)
SpecialPollInterval: 1024 (Local)
Type: NTP (Local)
NtpServer: time.windows.com,0x8 (Local)

VMICTimeProvider (Local)
DllName: C:\Windows\System32\vmictimeprovider.dll (Local)
Enabled: 1 (Local)
InputProvider: 1 (Local)

NtpServer (Local)
DllName: C:\Windows\system32\w32time.dll (Local)
Enabled: 0 (Local)
InputProvider: 0 (Local)


</Data>
<Data Name="TickCount">684937</Data>
</EventData>
</Event>

