<?xml version="1.1" encoding="utf-8" standalone="yes" ?>

<Events>
<Event xmlns="http://schemas.microsoft.com/win/2004/08/events/event"><System><Provider Name="Microsoft-Windows-PushNotifications-Platform" Guid="{88cd9180-4491-4640-b571-e3bee2527943}"></Provider>
<EventID Qualifiers="">19</EventID>
<Version>0</Version>
<Level>5</Level>
<Task>0</Task>
<Opcode>0</Opcode>
<Keywords>0x8000000000002000</Keywords>
<TimeCreated SystemTime="2020-10-22 20:52:26.186178"></TimeCreated>
<EventRecordID>1</EventRecordID>
<Correlation ActivityID="" RelatedActivityID=""></Correlation>
<Execution ProcessID="3420" ThreadID="3460"></Execution>
<Channel>Microsoft-Windows-PushNotification-Platform/Operational</Channel>
<Computer>WIN-PTFPHFCRDJ0</Computer>
<Security UserID="S-1-5-21-1152959844-3645458174-3779170896-1000"></Security>
</System>
<EventData><Data Name="FileName">onecoreuap\base\diagnosis\platform\notifications\platform\endpoint\backgroundapplicationpolicymanager.cpp</Data>
<Data Name="FunctionName">BackgroundApplicationPolicyManager::InitializeWnfCallbacks</Data>
<Data Name="LineNumber">162</Data>
<Data Name="ErrorCode">2147943568</Data>
</EventData>
</Event>

<Event xmlns="http://schemas.microsoft.com/win/2004/08/events/event"><System><Provider Name="Microsoft-Windows-PushNotifications-Platform" Guid="{88cd9180-4491-4640-b571-e3bee2527943}"></Provider>
<EventID Qualifiers="">42</EventID>
<Version>0</Version>
<Level>4</Level>
<Task>0</Task>
<Opcode>0</Opcode>
<Keywords>0x8000000002801000</Keywords>
<TimeCreated SystemTime="2020-10-22 20:52:26.288483"></TimeCreated>
<EventRecordID>2</EventRecordID>
<Correlation ActivityID="" RelatedActivityID=""></Correlation>
<Execution ProcessID="3420" ThreadID="3460"></Execution>
<Channel>Microsoft-Windows-PushNotification-Platform/Operational</Channel>
<Computer>WIN-PTFPHFCRDJ0</Computer>
<Security UserID="S-1-5-21-1152959844-3645458174-3779170896-1000"></Security>
</System>
<EventData><Data Name="GroupPolicyValue">True</Data>
<Data Name="MDMPolicyValue">True</Data>
</EventData>
</Event>

<Event xmlns="http://schemas.microsoft.com/win/2004/08/events/event"><System><Provider Name="Microsoft-Windows-PushNotifications-Platform" Guid="{88cd9180-4491-4640-b571-e3bee2527943}"></Provider>
<EventID Qualifiers="">1025</EventID>
<Version>0</Version>
<Level>4</Level>
<Task>0</Task>
<Opcode>0</Opcode>
<Keywords>0x8000000000000100</Keywords>
<TimeCreated SystemTime="2020-10-22 20:52:26.658440"></TimeCreated>
<EventRecordID>3</EventRecordID>
<Correlation ActivityID="" RelatedActivityID=""></Correlation>
<Execution ProcessID="3420" ThreadID="3656"></Execution>
<Channel>Microsoft-Windows-PushNotification-Platform/Operational</Channel>
<Computer>WIN-PTFPHFCRDJ0</Computer>
<Security UserID="S-1-5-21-1152959844-3645458174-3779170896-1000"></Security>
</System>
<EventData><Data Name="PowerEventType">BatterySaverStateChange</Data>
<Data Name="IsEnabled">False</Data>
</EventData>
</Event>

<Event xmlns="http://schemas.microsoft.com/win/2004/08/events/event"><System><Provider Name="Microsoft-Windows-PushNotifications-Platform" Guid="{88cd9180-4491-4640-b571-e3bee2527943}"></Provider>
<EventID Qualifiers="">1025</EventID>
<Version>0</Version>
<Level>4</Level>
<Task>0</Task>
<Opcode>0</Opcode>
<Keywords>0x8000000000000100</Keywords>
<TimeCreated SystemTime="2020-10-22 20:52:26.699043"></TimeCreated>
<EventRecordID>4</EventRecordID>
<Correlation ActivityID="" RelatedActivityID=""></Correlation>
<Execution ProcessID="3420" ThreadID="3704"></Execution>
<Channel>Microsoft-Windows-PushNotification-Platform/Operational</Channel>
<Computer>WIN-PTFPHFCRDJ0</Computer>
<Security UserID="S-1-5-21-1152959844-3645458174-3779170896-1000"></Security>
</System>
<EventData><Data Name="PowerEventType">ACPowerChange</Data>
<Data Name="IsEnabled">True</Data>
</EventData>
</Event>

<Event xmlns="http://schemas.microsoft.com/win/2004/08/events/event"><System><Provider Name="Microsoft-Windows-PushNotifications-Platform" Guid="{88cd9180-4491-4640-b571-e3bee2527943}"></Provider>
<EventID Qualifiers="">1025</EventID>
<Version>0</Version>
<Level>4</Level>
<Task>0</Task>
<Opcode>0</Opcode>
<Keywords>0x8000000000000100</Keywords>
<TimeCreated SystemTime="2020-10-22 20:52:26.699209"></TimeCreated>
<EventRecordID>5</EventRecordID>
<Correlation ActivityID="" RelatedActivityID=""></Correlation>
<Execution ProcessID="3420" ThreadID="3704"></Execution>
<Channel>Microsoft-Windows-PushNotification-Platform/Operational</Channel>
<Computer>WIN-PTFPHFCRDJ0</Computer>
<Security UserID="S-1-5-21-1152959844-3645458174-3779170896-1000"></Security>
</System>
<EventData><Data Name="PowerEventType">MonitorSettingChange</Data>
<Data Name="IsEnabled">True</Data>
</EventData>
</Event>

<Event xmlns="http://schemas.microsoft.com/win/2004/08/events/event"><System><Provider Name="Microsoft-Windows-PushNotifications-Platform" Guid="{88cd9180-4491-4640-b571-e3bee2527943}"></Provider>
<EventID Qualifiers="">3006</EventID>
<Version>0</Version>
<Level>4</Level>
<Task>4</Task>
<Opcode>1</Opcode>
<Keywords>0x8000000000000800</Keywords>
<TimeCreated SystemTime="2020-10-22 20:52:26.755396"></TimeCreated>
<EventRecordID>6</EventRecordID>
<Correlation ActivityID="" RelatedActivityID=""></Correlation>
<Execution ProcessID="3420" ThreadID="3460"></Execution>
<Channel>Microsoft-Windows-PushNotification-Platform/Operational</Channel>
<Computer>WIN-PTFPHFCRDJ0</Computer>
<Security UserID="S-1-5-21-1152959844-3645458174-3779170896-1000"></Security>
</System>
<EventData><Data Name="Object">0x0000026e3a807c88</Data>
<Data Name="ProcessName"></Data>
</EventData>
</Event>

<Event xmlns="http://schemas.microsoft.com/win/2004/08/events/event"><System><Provider Name="Microsoft-Windows-PushNotifications-Platform" Guid="{88cd9180-4491-4640-b571-e3bee2527943}"></Provider>
<EventID Qualifiers="">3007</EventID>
<Version>0</Version>
<Level>4</Level>
<Task>4</Task>
<Opcode>2</Opcode>
<Keywords>0x8000000000000800</Keywords>
<TimeCreated SystemTime="2020-10-22 20:52:26.755404"></TimeCreated>
<EventRecordID>7</EventRecordID>
<Correlation ActivityID="" RelatedActivityID=""></Correlation>
<Execution ProcessID="3420" ThreadID="3460"></Execution>
<Channel>Microsoft-Windows-PushNotification-Platform/Operational</Channel>
<Computer>WIN-PTFPHFCRDJ0</Computer>
<Security UserID="S-1-5-21-1152959844-3645458174-3779170896-1000"></Security>
</System>
<EventData><Data Name="Endpoint">0x0000026e3a807c88</Data>
<Data Name="SessionId">1</Data>
<Data Name="Error">0</Data>
<Data Name="ProcessName"></Data>
</EventData>
</Event>

<Event xmlns="http://schemas.microsoft.com/win/2004/08/events/event"><System><Provider Name="Microsoft-Windows-PushNotifications-Platform" Guid="{88cd9180-4491-4640-b571-e3bee2527943}"></Provider>
<EventID Qualifiers="">3144</EventID>
<Version>0</Version>
<Level>4</Level>
<Task>0</Task>
<Opcode>0</Opcode>
<Keywords>0x8000000000000800</Keywords>
<TimeCreated SystemTime="2020-10-22 20:52:26.951857"></TimeCreated>
<EventRecordID>8</EventRecordID>
<Correlation ActivityID="" RelatedActivityID=""></Correlation>
<Execution ProcessID="3420" ThreadID="3460"></Execution>
<Channel>Microsoft-Windows-PushNotification-Platform/Operational</Channel>
<Computer>WIN-PTFPHFCRDJ0</Computer>
<Security UserID="S-1-5-21-1152959844-3645458174-3779170896-1000"></Security>
</System>
<EventData></EventData>
</Event>

<Event xmlns="http://schemas.microsoft.com/win/2004/08/events/event"><System><Provider Name="Microsoft-Windows-PushNotifications-Platform" Guid="{88cd9180-4491-4640-b571-e3bee2527943}"></Provider>
<EventID Qualifiers="">2413</EventID>
<Version>0</Version>
<Level>4</Level>
<Task>0</Task>
<Opcode>0</Opcode>
<Keywords>0x8000000000800200</Keywords>
<TimeCreated SystemTime="2020-10-22 20:52:29.716055"></TimeCreated>
<EventRecordID>9</EventRecordID>
<Correlation ActivityID="{f2d9b0db-a91d-0000-d0c7-d9f21da9d601}" RelatedActivityID=""></Correlation>
<Execution ProcessID="3420" ThreadID="3460"></Execution>
<Channel>Microsoft-Windows-PushNotification-Platform/Operational</Channel>
<Computer>WIN-PTFPHFCRDJ0</Computer>
<Security UserID="S-1-5-21-1152959844-3645458174-3779170896-1000"></Security>
</System>
<EventData><Data Name="PackageFullName">Microsoft.AAD.BrokerPlugin_1000.17763.1.0_neutral_neutral_cw5n1h2txyewy</Data>
<Data Name="AppUserModelId">Microsoft.AAD.BrokerPlugin_cw5n1h2txyewy!App</Data>
<Data Name="AppSettings">67141376</Data>
<Data Name="AppType">268435456</Data>
<Data Name="ErrorCode">0</Data>
</EventData>
</Event>

<Event xmlns="http://schemas.microsoft.com/win/2004/08/events/event"><System><Provider Name="Microsoft-Windows-PushNotifications-Platform" Guid="{88cd9180-4491-4640-b571-e3bee2527943}"></Provider>
<EventID Qualifiers="">2413</EventID>
<Version>0</Version>
<Level>4</Level>
<Task>0</Task>
<Opcode>0</Opcode>
<Keywords>0x8000000000800200</Keywords>
<TimeCreated SystemTime="2020-10-22 20:52:29.984144"></TimeCreated>
<EventRecordID>10</EventRecordID>
<Correlation ActivityID="{f2d9b0db-a91d-0000-d3c7-d9f21da9d601}" RelatedActivityID=""></Correlation>
<Execution ProcessID="3420" ThreadID="3484"></Execution>
<Channel>Microsoft-Windows-PushNotification-Platform/Operational</Channel>
<Computer>WIN-PTFPHFCRDJ0</Computer>
<Security UserID="S-1-5-21-1152959844-3645458174-3779170896-1000"></Security>
</System>
<EventData><Data Name="PackageFullName">Microsoft.Windows.CloudExperienceHost_10.0.17763.1_neutral_neutral_cw5n1h2txyewy</Data>
<Data Name="AppUserModelId">Microsoft.Windows.CloudExperienceHost_cw5n1h2txyewy!App</Data>
<Data Name="AppSettings">67141376</Data>
<Data Name="AppType">268435456</Data>
<Data Name="ErrorCode">0</Data>
</EventData>
</Event>

<Event xmlns="http://schemas.microsoft.com/win/2004/08/events/event"><System><Provider Name="Microsoft-Windows-PushNotifications-Platform" Guid="{88cd9180-4491-4640-b571-e3bee2527943}"></Provider>
<EventID Qualifiers="">2413</EventID>
<Version>0</Version>
<Level>4</Level>
<Task>0</Task>
<Opcode>0</Opcode>
<Keywords>0x8000000000800200</Keywords>
<TimeCreated SystemTime="2020-10-22 20:52:30.448946"></TimeCreated>
<EventRecordID>11</EventRecordID>
<Correlation ActivityID="{f2d9b0db-a91d-0000-aac9-d9f21da9d601}" RelatedActivityID=""></Correlation>
<Execution ProcessID="3420" ThreadID="3460"></Execution>
<Channel>Microsoft-Windows-PushNotification-Platform/Operational</Channel>
<Computer>WIN-PTFPHFCRDJ0</Computer>
<Security UserID="S-1-5-21-1152959844-3645458174-3779170896-1000"></Security>
</System>
<EventData><Data Name="PackageFullName">windows.immersivecontrolpanel_10.0.2.1000_neutral_neutral_cw5n1h2txyewy</Data>
<Data Name="AppUserModelId">windows.immersivecontrolpanel_cw5n1h2txyewy!microsoft.windows.immersivecontrolpanel</Data>
<Data Name="AppSettings">67139328</Data>
<Data Name="AppType">268435456</Data>
<Data Name="ErrorCode">0</Data>
</EventData>
</Event>

<Event xmlns="http://schemas.microsoft.com/win/2004/08/events/event"><System><Provider Name="Microsoft-Windows-PushNotifications-Platform" Guid="{88cd9180-4491-4640-b571-e3bee2527943}"></Provider>
<EventID Qualifiers="">2413</EventID>
<Version>0</Version>
<Level>4</Level>
<Task>0</Task>
<Opcode>0</Opcode>
<Keywords>0x8000000000800200</Keywords>
<TimeCreated SystemTime="2020-10-22 20:52:30.597059"></TimeCreated>
<EventRecordID>12</EventRecordID>
<Correlation ActivityID="{f2d9b0db-a91d-0000-82c9-d9f21da9d601}" RelatedActivityID=""></Correlation>
<Execution ProcessID="3420" ThreadID="3704"></Execution>
<Channel>Microsoft-Windows-PushNotification-Platform/Operational</Channel>
<Computer>WIN-PTFPHFCRDJ0</Computer>
<Security UserID="S-1-5-21-1152959844-3645458174-3779170896-1000"></Security>
</System>
<EventData><Data Name="PackageFullName">Microsoft.Windows.ShellExperienceHost_10.0.17763.1_neutral_neutral_cw5n1h2txyewy</Data>
<Data Name="AppUserModelId">Microsoft.Windows.ShellExperienceHost_cw5n1h2txyewy!App</Data>
<Data Name="AppSettings">67141376</Data>
<Data Name="AppType">268435456</Data>
<Data Name="ErrorCode">0</Data>
</EventData>
</Event>

<Event xmlns="http://schemas.microsoft.com/win/2004/08/events/event"><System><Provider Name="Microsoft-Windows-PushNotifications-Platform" Guid="{88cd9180-4491-4640-b571-e3bee2527943}"></Provider>
<EventID Qualifiers="">2413</EventID>
<Version>0</Version>
<Level>4</Level>
<Task>0</Task>
<Opcode>0</Opcode>
<Keywords>0x8000000000800200</Keywords>
<TimeCreated SystemTime="2020-10-22 20:52:30.884871"></TimeCreated>
<EventRecordID>13</EventRecordID>
<Correlation ActivityID="{f2d9b0db-a91d-0000-65ca-d9f21da9d601}" RelatedActivityID=""></Correlation>
<Execution ProcessID="3420" ThreadID="3704"></Execution>
<Channel>Microsoft-Windows-PushNotification-Platform/Operational</Channel>
<Computer>WIN-PTFPHFCRDJ0</Computer>
<Security UserID="S-1-5-21-1152959844-3645458174-3779170896-1000"></Security>
</System>
<EventData><Data Name="PackageFullName">Microsoft.Windows.Cortana_1.11.5.17763_neutral_neutral_cw5n1h2txyewy</Data>
<Data Name="AppUserModelId">Microsoft.Windows.Cortana_cw5n1h2txyewy!CortanaUI</Data>
<Data Name="AppSettings">67141376</Data>
<Data Name="AppType">268435456</Data>
<Data Name="ErrorCode">0</Data>
</EventData>
</Event>

<Event xmlns="http://schemas.microsoft.com/win/2004/08/events/event"><System><Provider Name="Microsoft-Windows-PushNotifications-Platform" Guid="{88cd9180-4491-4640-b571-e3bee2527943}"></Provider>
<EventID Qualifiers="">2413</EventID>
<Version>0</Version>
<Level>4</Level>
<Task>0</Task>
<Opcode>0</Opcode>
<Keywords>0x8000000000800200</Keywords>
<TimeCreated SystemTime="2020-10-22 20:52:30.885763"></TimeCreated>
<EventRecordID>14</EventRecordID>
<Correlation ActivityID="{f2d9b0db-a91d-0000-65ca-d9f21da9d601}" RelatedActivityID=""></Correlation>
<Execution ProcessID="3420" ThreadID="3704"></Execution>
<Channel>Microsoft-Windows-PushNotification-Platform/Operational</Channel>
<Computer>WIN-PTFPHFCRDJ0</Computer>
<Security UserID="S-1-5-21-1152959844-3645458174-3779170896-1000"></Security>
</System>
<EventData><Data Name="PackageFullName">Microsoft.Windows.Cortana_1.11.5.17763_neutral_neutral_cw5n1h2txyewy</Data>
<Data Name="AppUserModelId">Microsoft.Windows.Cortana_cw5n1h2txyewy!RemindersShareTargetApp</Data>
<Data Name="AppSettings">67141376</Data>
<Data Name="AppType">268435456</Data>
<Data Name="ErrorCode">0</Data>
</EventData>
</Event>

<Event xmlns="http://schemas.microsoft.com/win/2004/08/events/event"><System><Provider Name="Microsoft-Windows-PushNotifications-Platform" Guid="{88cd9180-4491-4640-b571-e3bee2527943}"></Provider>
<EventID Qualifiers="">2413</EventID>
<Version>0</Version>
<Level>4</Level>
<Task>0</Task>
<Opcode>0</Opcode>
<Keywords>0x8000000000800200</Keywords>
<TimeCreated SystemTime="2020-10-22 20:52:34.445194"></TimeCreated>
<EventRecordID>15</EventRecordID>
<Correlation ActivityID="" RelatedActivityID=""></Correlation>
<Execution ProcessID="3420" ThreadID="3460"></Execution>
<Channel>Microsoft-Windows-PushNotification-Platform/Operational</Channel>
<Computer>WIN-PTFPHFCRDJ0</Computer>
<Security UserID="S-1-5-21-1152959844-3645458174-3779170896-1000"></Security>
</System>
<EventData><Data Name="PackageFullName">windows.immersivecontrolpanel_cw5n1h2txyewy</Data>
<Data Name="AppUserModelId">windows.immersivecontrolpanel_cw5n1h2txyewy!microsoft.windows.immersivecontrolpanel</Data>
<Data Name="AppSettings">1536</Data>
<Data Name="AppType">268435456</Data>
<Data Name="ErrorCode">0</Data>
</EventData>
</Event>

<Event xmlns="http://schemas.microsoft.com/win/2004/08/events/event"><System><Provider Name="Microsoft-Windows-PushNotifications-Platform" Guid="{88cd9180-4491-4640-b571-e3bee2527943}"></Provider>
<EventID Qualifiers="">2413</EventID>
<Version>0</Version>
<Level>4</Level>
<Task>0</Task>
<Opcode>0</Opcode>
<Keywords>0x8000000000800200</Keywords>
<TimeCreated SystemTime="2020-10-22 20:52:42.604025"></TimeCreated>
<EventRecordID>16</EventRecordID>
<Correlation ActivityID="" RelatedActivityID=""></Correlation>
<Execution ProcessID="3420" ThreadID="3484"></Execution>
<Channel>Microsoft-Windows-PushNotification-Platform/Operational</Channel>
<Computer>WIN-PTFPHFCRDJ0</Computer>
<Security UserID="S-1-5-21-1152959844-3645458174-3779170896-1000"></Security>
</System>
<EventData><Data Name="PackageFullName">System</Data>
<Data Name="AppUserModelId">Windows.SystemToast.WindowsTip</Data>
<Data Name="AppSettings">9471</Data>
<Data Name="AppType">1073741824</Data>
<Data Name="ErrorCode">0</Data>
</EventData>
</Event>

<Event xmlns="http://schemas.microsoft.com/win/2004/08/events/event"><System><Provider Name="Microsoft-Windows-PushNotifications-Platform" Guid="{88cd9180-4491-4640-b571-e3bee2527943}"></Provider>
<EventID Qualifiers="">3000</EventID>
<Version>0</Version>
<Level>4</Level>
<Task>1</Task>
<Opcode>1</Opcode>
<Keywords>0x8000000000000800</Keywords>
<TimeCreated SystemTime="2020-10-22 20:52:42.755751"></TimeCreated>
<EventRecordID>17</EventRecordID>
<Correlation ActivityID="" RelatedActivityID=""></Correlation>
<Execution ProcessID="3420" ThreadID="3484"></Execution>
<Channel>Microsoft-Windows-PushNotification-Platform/Operational</Channel>
<Computer>WIN-PTFPHFCRDJ0</Computer>
<Security UserID="S-1-5-21-1152959844-3645458174-3779170896-1000"></Security>
</System>
<EventData><Data Name="Object">0x0000026e3c5598f8</Data>
<Data Name="ProcessName">C:\Windows\explorer.exe</Data>
</EventData>
</Event>

<Event xmlns="http://schemas.microsoft.com/win/2004/08/events/event"><System><Provider Name="Microsoft-Windows-PushNotifications-Platform" Guid="{88cd9180-4491-4640-b571-e3bee2527943}"></Provider>
<EventID Qualifiers="">3001</EventID>
<Version>0</Version>
<Level>4</Level>
<Task>1</Task>
<Opcode>2</Opcode>
<Keywords>0x8000000000000800</Keywords>
<TimeCreated SystemTime="2020-10-22 20:52:42.755850"></TimeCreated>
<EventRecordID>18</EventRecordID>
<Correlation ActivityID="" RelatedActivityID=""></Correlation>
<Execution ProcessID="3420" ThreadID="3484"></Execution>
<Channel>Microsoft-Windows-PushNotification-Platform/Operational</Channel>
<Computer>WIN-PTFPHFCRDJ0</Computer>
<Security UserID="S-1-5-21-1152959844-3645458174-3779170896-1000"></Security>
</System>
<EventData><Data Name="Endpoint">0x0000026e3c5598f8</Data>
<Data Name="SessionId">2</Data>
<Data Name="Error">0</Data>
<Data Name="ProcessName">C:\Windows\explorer.exe</Data>
<Data Name="QueuedTileCloses">0</Data>
<Data Name="QueuedTileCleanups">0</Data>
</EventData>
</Event>

<Event xmlns="http://schemas.microsoft.com/win/2004/08/events/event"><System><Provider Name="Microsoft-Windows-PushNotifications-Platform" Guid="{88cd9180-4491-4640-b571-e3bee2527943}"></Provider>
<EventID Qualifiers="">3000</EventID>
<Version>0</Version>
<Level>4</Level>
<Task>1</Task>
<Opcode>1</Opcode>
<Keywords>0x8000000000000800</Keywords>
<TimeCreated SystemTime="2020-10-22 20:52:46.786736"></TimeCreated>
<EventRecordID>19</EventRecordID>
<Correlation ActivityID="" RelatedActivityID=""></Correlation>
<Execution ProcessID="3420" ThreadID="3460"></Execution>
<Channel>Microsoft-Windows-PushNotification-Platform/Operational</Channel>
<Computer>WIN-PTFPHFCRDJ0</Computer>
<Security UserID="S-1-5-21-1152959844-3645458174-3779170896-1000"></Security>
</System>
<EventData><Data Name="Object">0x0000026e3c559c68</Data>
<Data Name="ProcessName">C:\Windows\SystemApps\ShellExperienceHost_cw5n1h2txyewy\ShellExperienceHost.exe</Data>
</EventData>
</Event>

<Event xmlns="http://schemas.microsoft.com/win/2004/08/events/event"><System><Provider Name="Microsoft-Windows-PushNotifications-Platform" Guid="{88cd9180-4491-4640-b571-e3bee2527943}"></Provider>
<EventID Qualifiers="">3001</EventID>
<Version>0</Version>
<Level>4</Level>
<Task>1</Task>
<Opcode>2</Opcode>
<Keywords>0x8000000000000800</Keywords>
<TimeCreated SystemTime="2020-10-22 20:52:46.786760"></TimeCreated>
<EventRecordID>20</EventRecordID>
<Correlation ActivityID="" RelatedActivityID=""></Correlation>
<Execution ProcessID="3420" ThreadID="3460"></Execution>
<Channel>Microsoft-Windows-PushNotification-Platform/Operational</Channel>
<Computer>WIN-PTFPHFCRDJ0</Computer>
<Security UserID="S-1-5-21-1152959844-3645458174-3779170896-1000"></Security>
</System>
<EventData><Data Name="Endpoint">0x0000026e3c559c68</Data>
<Data Name="SessionId">3</Data>
<Data Name="Error">0</Data>
<Data Name="ProcessName">C:\Windows\SystemApps\ShellExperienceHost_cw5n1h2txyewy\ShellExperienceHost.exe</Data>
<Data Name="QueuedTileCloses">0</Data>
<Data Name="QueuedTileCleanups">0</Data>
</EventData>
</Event>

<Event xmlns="http://schemas.microsoft.com/win/2004/08/events/event"><System><Provider Name="Microsoft-Windows-PushNotifications-Platform" Guid="{88cd9180-4491-4640-b571-e3bee2527943}"></Provider>
<EventID Qualifiers="">3144</EventID>
<Version>0</Version>
<Level>4</Level>
<Task>0</Task>
<Opcode>0</Opcode>
<Keywords>0x8000000000000800</Keywords>
<TimeCreated SystemTime="2020-10-22 20:52:48.366587"></TimeCreated>
<EventRecordID>21</EventRecordID>
<Correlation ActivityID="" RelatedActivityID=""></Correlation>
<Execution ProcessID="3420" ThreadID="3460"></Execution>
<Channel>Microsoft-Windows-PushNotification-Platform/Operational</Channel>
<Computer>WIN-PTFPHFCRDJ0</Computer>
<Security UserID="S-1-5-21-1152959844-3645458174-3779170896-1000"></Security>
</System>
<EventData></EventData>
</Event>

<Event xmlns="http://schemas.microsoft.com/win/2004/08/events/event"><System><Provider Name="Microsoft-Windows-PushNotifications-Platform" Guid="{88cd9180-4491-4640-b571-e3bee2527943}"></Provider>
<EventID Qualifiers="">3052</EventID>
<Version>0</Version>
<Level>4</Level>
<Task>10</Task>
<Opcode>1</Opcode>
<Keywords>0x8000000080800803</Keywords>
<TimeCreated SystemTime="2020-10-22 20:53:58.561232"></TimeCreated>
<EventRecordID>22</EventRecordID>
<Correlation ActivityID="" RelatedActivityID=""></Correlation>
<Execution ProcessID="3420" ThreadID="3460"></Execution>
<Channel>Microsoft-Windows-PushNotification-Platform/Operational</Channel>
<Computer>WIN-PTFPHFCRDJ0</Computer>
<Security UserID="S-1-5-21-1152959844-3645458174-3779170896-1000"></Security>
</System>
<EventData><Data Name="TrackingId">1</Data>
<Data Name="AppUserModelId">windows.immersivecontrolpanel_cw5n1h2txyewy!microsoft.windows.immersivecontrolpanel</Data>
<Data Name="SessionId">1</Data>
<Data Name="MessageId">{5601c46c-4fc0-4587-8553-f4c35a6b8d82}</Data>
</EventData>
</Event>

<Event xmlns="http://schemas.microsoft.com/win/2004/08/events/event"><System><Provider Name="Microsoft-Windows-PushNotifications-Platform" Guid="{88cd9180-4491-4640-b571-e3bee2527943}"></Provider>
<EventID Qualifiers="">3111</EventID>
<Version>0</Version>
<Level>4</Level>
<Task>28</Task>
<Opcode>1</Opcode>
<Keywords>0x8000000000000800</Keywords>
<TimeCreated SystemTime="2020-10-22 20:53:58.565187"></TimeCreated>
<EventRecordID>23</EventRecordID>
<Correlation ActivityID="" RelatedActivityID=""></Correlation>
<Execution ProcessID="3420" ThreadID="3460"></Execution>
<Channel>Microsoft-Windows-PushNotification-Platform/Operational</Channel>
<Computer>WIN-PTFPHFCRDJ0</Computer>
<Security UserID="S-1-5-21-1152959844-3645458174-3779170896-1000"></Security>
</System>
<EventData></EventData>
</Event>

<Event xmlns="http://schemas.microsoft.com/win/2004/08/events/event"><System><Provider Name="Microsoft-Windows-PushNotifications-Platform" Guid="{88cd9180-4491-4640-b571-e3bee2527943}"></Provider>
<EventID Qualifiers="">3112</EventID>
<Version>0</Version>
<Level>4</Level>
<Task>28</Task>
<Opcode>2</Opcode>
<Keywords>0x8000000000000800</Keywords>
<TimeCreated SystemTime="2020-10-22 20:53:58.565783"></TimeCreated>
<EventRecordID>24</EventRecordID>
<Correlation ActivityID="" RelatedActivityID=""></Correlation>
<Execution ProcessID="3420" ThreadID="3460"></Execution>
<Channel>Microsoft-Windows-PushNotification-Platform/Operational</Channel>
<Computer>WIN-PTFPHFCRDJ0</Computer>
<Security UserID="S-1-5-21-1152959844-3645458174-3779170896-1000"></Security>
</System>
<EventData></EventData>
</Event>

<Event xmlns="http://schemas.microsoft.com/win/2004/08/events/event"><System><Provider Name="Microsoft-Windows-PushNotifications-Platform" Guid="{88cd9180-4491-4640-b571-e3bee2527943}"></Provider>
<EventID Qualifiers="">2415</EventID>
<Version>0</Version>
<Level>4</Level>
<Task>0</Task>
<Opcode>0</Opcode>
<Keywords>0x8000000000800200</Keywords>
<TimeCreated SystemTime="2020-10-22 20:57:00.132040"></TimeCreated>
<EventRecordID>25</EventRecordID>
<Correlation ActivityID="" RelatedActivityID=""></Correlation>
<Execution ProcessID="3420" ThreadID="3460"></Execution>
<Channel>Microsoft-Windows-PushNotification-Platform/Operational</Channel>
<Computer>WIN-PTFPHFCRDJ0</Computer>
<Security UserID="S-1-5-21-1152959844-3645458174-3779170896-1000"></Security>
</System>
<EventData><Data Name="AppUserModelId">Microsoft.Explorer.Notification.{024D806E-535A-2958-AD11-EEA1F1A5B8B6}</Data>
<Data Name="ErrorCode">0</Data>
</EventData>
</Event>

<Event xmlns="http://schemas.microsoft.com/win/2004/08/events/event"><System><Provider Name="Microsoft-Windows-PushNotifications-Platform" Guid="{88cd9180-4491-4640-b571-e3bee2527943}"></Provider>
<EventID Qualifiers="">3049</EventID>
<Version>0</Version>
<Level>4</Level>
<Task>0</Task>
<Opcode>0</Opcode>
<Keywords>0x8000000000000800</Keywords>
<TimeCreated SystemTime="2020-10-22 20:57:01.280016"></TimeCreated>
<EventRecordID>26</EventRecordID>
<Correlation ActivityID="" RelatedActivityID=""></Correlation>
<Execution ProcessID="3420" ThreadID="3460"></Execution>
<Channel>Microsoft-Windows-PushNotification-Platform/Operational</Channel>
<Computer>WIN-PTFPHFCRDJ0</Computer>
<Security UserID="S-1-5-21-1152959844-3645458174-3779170896-1000"></Security>
</System>
<EventData><Data Name="Object">0x0000026e3c55a348</Data>
</EventData>
</Event>

<Event xmlns="http://schemas.microsoft.com/win/2004/08/events/event"><System><Provider Name="Microsoft-Windows-PushNotifications-Platform" Guid="{88cd9180-4491-4640-b571-e3bee2527943}"></Provider>
<EventID Qualifiers="">3049</EventID>
<Version>0</Version>
<Level>4</Level>
<Task>0</Task>
<Opcode>0</Opcode>
<Keywords>0x8000000000000800</Keywords>
<TimeCreated SystemTime="2020-10-22 20:57:01.280182"></TimeCreated>
<EventRecordID>27</EventRecordID>
<Correlation ActivityID="" RelatedActivityID=""></Correlation>
<Execution ProcessID="3420" ThreadID="3460"></Execution>
<Channel>Microsoft-Windows-PushNotification-Platform/Operational</Channel>
<Computer>WIN-PTFPHFCRDJ0</Computer>
<Security UserID="S-1-5-21-1152959844-3645458174-3779170896-1000"></Security>
</System>
<EventData><Data Name="Object">0x0000026e3c559c68</Data>
</EventData>
</Event>

<Event xmlns="http://schemas.microsoft.com/win/2004/08/events/event"><System><Provider Name="Microsoft-Windows-PushNotifications-Platform" Guid="{88cd9180-4491-4640-b571-e3bee2527943}"></Provider>
<EventID Qualifiers="">2415</EventID>
<Version>0</Version>
<Level>4</Level>
<Task>0</Task>
<Opcode>0</Opcode>
<Keywords>0x8000000000800200</Keywords>
<TimeCreated SystemTime="2020-10-22 20:57:01.297943"></TimeCreated>
<EventRecordID>28</EventRecordID>
<Correlation ActivityID="" RelatedActivityID=""></Correlation>
<Execution ProcessID="3420" ThreadID="3460"></Execution>
<Channel>Microsoft-Windows-PushNotification-Platform/Operational</Channel>
<Computer>WIN-PTFPHFCRDJ0</Computer>
<Security UserID="S-1-5-21-1152959844-3645458174-3779170896-1000"></Security>
</System>
<EventData><Data Name="AppUserModelId">Microsoft.Explorer.Notification.{7820AE78-23E3-4229-82C1-E41CB67D5B9C}</Data>
<Data Name="ErrorCode">0</Data>
</EventData>
</Event>

<Event xmlns="http://schemas.microsoft.com/win/2004/08/events/event"><System><Provider Name="Microsoft-Windows-PushNotifications-Platform" Guid="{88cd9180-4491-4640-b571-e3bee2527943}"></Provider>
<EventID Qualifiers="">2415</EventID>
<Version>0</Version>
<Level>4</Level>
<Task>0</Task>
<Opcode>0</Opcode>
<Keywords>0x8000000000800200</Keywords>
<TimeCreated SystemTime="2020-10-22 20:57:01.319033"></TimeCreated>
<EventRecordID>29</EventRecordID>
<Correlation ActivityID="" RelatedActivityID=""></Correlation>
<Execution ProcessID="3420" ThreadID="3460"></Execution>
<Channel>Microsoft-Windows-PushNotification-Platform/Operational</Channel>
<Computer>WIN-PTFPHFCRDJ0</Computer>
<Security UserID="S-1-5-21-1152959844-3645458174-3779170896-1000"></Security>
</System>
<EventData><Data Name="AppUserModelId">Microsoft.Explorer.Notification.{7820AE73-23E3-4229-82C1-E41CB67D5B9C}</Data>
<Data Name="ErrorCode">0</Data>
</EventData>
</Event>

<Event xmlns="http://schemas.microsoft.com/win/2004/08/events/event"><System><Provider Name="Microsoft-Windows-PushNotifications-Platform" Guid="{88cd9180-4491-4640-b571-e3bee2527943}"></Provider>
<EventID Qualifiers="">2415</EventID>
<Version>0</Version>
<Level>4</Level>
<Task>0</Task>
<Opcode>0</Opcode>
<Keywords>0x8000000000800200</Keywords>
<TimeCreated SystemTime="2020-10-22 20:57:01.351772"></TimeCreated>
<EventRecordID>30</EventRecordID>
<Correlation ActivityID="" RelatedActivityID=""></Correlation>
<Execution ProcessID="3420" ThreadID="3460"></Execution>
<Channel>Microsoft-Windows-PushNotification-Platform/Operational</Channel>
<Computer>WIN-PTFPHFCRDJ0</Computer>
<Security UserID="S-1-5-21-1152959844-3645458174-3779170896-1000"></Security>
</System>
<EventData><Data Name="AppUserModelId">Microsoft.Explorer.Notification.{7820AE74-23E3-4229-82C1-E41CB67D5B9C}</Data>
<Data Name="ErrorCode">0</Data>
</EventData>
</Event>

<Event xmlns="http://schemas.microsoft.com/win/2004/08/events/event"><System><Provider Name="Microsoft-Windows-PushNotifications-Platform" Guid="{88cd9180-4491-4640-b571-e3bee2527943}"></Provider>
<EventID Qualifiers="">3057</EventID>
<Version>0</Version>
<Level>4</Level>
<Task>3</Task>
<Opcode>1</Opcode>
<Keywords>0x8000000000000800</Keywords>
<TimeCreated SystemTime="2020-10-22 20:57:01.356407"></TimeCreated>
<EventRecordID>31</EventRecordID>
<Correlation ActivityID="" RelatedActivityID=""></Correlation>
<Execution ProcessID="3420" ThreadID="3460"></Execution>
<Channel>Microsoft-Windows-PushNotification-Platform/Operational</Channel>
<Computer>WIN-PTFPHFCRDJ0</Computer>
<Security UserID="S-1-5-21-1152959844-3645458174-3779170896-1000"></Security>
</System>
<EventData><Data Name="SessionId">2</Data>
</EventData>
</Event>

<Event xmlns="http://schemas.microsoft.com/win/2004/08/events/event"><System><Provider Name="Microsoft-Windows-PushNotifications-Platform" Guid="{88cd9180-4491-4640-b571-e3bee2527943}"></Provider>
<EventID Qualifiers="">3058</EventID>
<Version>0</Version>
<Level>4</Level>
<Task>3</Task>
<Opcode>2</Opcode>
<Keywords>0x8000000000000800</Keywords>
<TimeCreated SystemTime="2020-10-22 20:57:01.356413"></TimeCreated>
<EventRecordID>32</EventRecordID>
<Correlation ActivityID="" RelatedActivityID=""></Correlation>
<Execution ProcessID="3420" ThreadID="3460"></Execution>
<Channel>Microsoft-Windows-PushNotification-Platform/Operational</Channel>
<Computer>WIN-PTFPHFCRDJ0</Computer>
<Security UserID="S-1-5-21-1152959844-3645458174-3779170896-1000"></Security>
</System>
<EventData><Data Name="SessionId">2</Data>
</EventData>
</Event>

<Event xmlns="http://schemas.microsoft.com/win/2004/08/events/event"><System><Provider Name="Microsoft-Windows-PushNotifications-Platform" Guid="{88cd9180-4491-4640-b571-e3bee2527943}"></Provider>
<EventID Qualifiers="">3004</EventID>
<Version>0</Version>
<Level>4</Level>
<Task>3</Task>
<Opcode>1</Opcode>
<Keywords>0x8000000000000800</Keywords>
<TimeCreated SystemTime="2020-10-22 20:57:01.357666"></TimeCreated>
<EventRecordID>33</EventRecordID>
<Correlation ActivityID="" RelatedActivityID=""></Correlation>
<Execution ProcessID="3420" ThreadID="3460"></Execution>
<Channel>Microsoft-Windows-PushNotification-Platform/Operational</Channel>
<Computer>WIN-PTFPHFCRDJ0</Computer>
<Security UserID="S-1-5-21-1152959844-3645458174-3779170896-1000"></Security>
</System>
<EventData><Data Name="SessionId">2</Data>
</EventData>
</Event>

<Event xmlns="http://schemas.microsoft.com/win/2004/08/events/event"><System><Provider Name="Microsoft-Windows-PushNotifications-Platform" Guid="{88cd9180-4491-4640-b571-e3bee2527943}"></Provider>
<EventID Qualifiers="">3005</EventID>
<Version>0</Version>
<Level>4</Level>
<Task>3</Task>
<Opcode>2</Opcode>
<Keywords>0x8000000000000800</Keywords>
<TimeCreated SystemTime="2020-10-22 20:57:01.357672"></TimeCreated>
<EventRecordID>34</EventRecordID>
<Correlation ActivityID="" RelatedActivityID=""></Correlation>
<Execution ProcessID="3420" ThreadID="3460"></Execution>
<Channel>Microsoft-Windows-PushNotification-Platform/Operational</Channel>
<Computer>WIN-PTFPHFCRDJ0</Computer>
<Security UserID="S-1-5-21-1152959844-3645458174-3779170896-1000"></Security>
</System>
<EventData><Data Name="SessionId">2</Data>
<Data Name="Error">0</Data>
</EventData>
</Event>

<Event xmlns="http://schemas.microsoft.com/win/2004/08/events/event"><System><Provider Name="Microsoft-Windows-PushNotifications-Platform" Guid="{88cd9180-4491-4640-b571-e3bee2527943}"></Provider>
<EventID Qualifiers="">3049</EventID>
<Version>0</Version>
<Level>4</Level>
<Task>0</Task>
<Opcode>0</Opcode>
<Keywords>0x8000000000000800</Keywords>
<TimeCreated SystemTime="2020-10-22 20:57:01.367464"></TimeCreated>
<EventRecordID>35</EventRecordID>
<Correlation ActivityID="" RelatedActivityID=""></Correlation>
<Execution ProcessID="3420" ThreadID="3460"></Execution>
<Channel>Microsoft-Windows-PushNotification-Platform/Operational</Channel>
<Computer>WIN-PTFPHFCRDJ0</Computer>
<Security UserID="S-1-5-21-1152959844-3645458174-3779170896-1000"></Security>
</System>
<EventData><Data Name="Object">0x0000026e3c5598f8</Data>
</EventData>
</Event>

<Event xmlns="http://schemas.microsoft.com/win/2004/08/events/event"><System><Provider Name="Microsoft-Windows-PushNotifications-Platform" Guid="{88cd9180-4491-4640-b571-e3bee2527943}"></Provider>
<EventID Qualifiers="">3049</EventID>
<Version>0</Version>
<Level>4</Level>
<Task>0</Task>
<Opcode>0</Opcode>
<Keywords>0x8000000000000800</Keywords>
<TimeCreated SystemTime="2020-10-22 20:57:01.467245"></TimeCreated>
<EventRecordID>36</EventRecordID>
<Correlation ActivityID="" RelatedActivityID=""></Correlation>
<Execution ProcessID="3420" ThreadID="6464"></Execution>
<Channel>Microsoft-Windows-PushNotification-Platform/Operational</Channel>
<Computer>WIN-PTFPHFCRDJ0</Computer>
<Security UserID="S-1-5-21-1152959844-3645458174-3779170896-1000"></Security>
</System>
<EventData><Data Name="Object">0x0000026e3a807c88</Data>
</EventData>
</Event>

<Event xmlns="http://schemas.microsoft.com/win/2004/08/events/event"><System><Provider Name="Microsoft-Windows-PushNotifications-Platform" Guid="{88cd9180-4491-4640-b571-e3bee2527943}"></Provider>
<EventID Qualifiers="">19</EventID>
<Version>0</Version>
<Level>5</Level>
<Task>0</Task>
<Opcode>0</Opcode>
<Keywords>0x8000000000002000</Keywords>
<TimeCreated SystemTime="2020-10-22 20:57:32.518213"></TimeCreated>
<EventRecordID>37</EventRecordID>
<Correlation ActivityID="" RelatedActivityID=""></Correlation>
<Execution ProcessID="3340" ThreadID="3368"></Execution>
<Channel>Microsoft-Windows-PushNotification-Platform/Operational</Channel>
<Computer>WIN-PTFPHFCRDJ0</Computer>
<Security UserID="S-1-5-21-1152959844-3645458174-3779170896-1000"></Security>
</System>
<EventData><Data Name="FileName">onecoreuap\base\diagnosis\platform\notifications\platform\endpoint\backgroundapplicationpolicymanager.cpp</Data>
<Data Name="FunctionName">BackgroundApplicationPolicyManager::InitializeWnfCallbacks</Data>
<Data Name="LineNumber">162</Data>
<Data Name="ErrorCode">2147943568</Data>
</EventData>
</Event>

<Event xmlns="http://schemas.microsoft.com/win/2004/08/events/event"><System><Provider Name="Microsoft-Windows-PushNotifications-Platform" Guid="{88cd9180-4491-4640-b571-e3bee2527943}"></Provider>
<EventID Qualifiers="">42</EventID>
<Version>0</Version>
<Level>4</Level>
<Task>0</Task>
<Opcode>0</Opcode>
<Keywords>0x8000000002801000</Keywords>
<TimeCreated SystemTime="2020-10-22 20:57:32.577707"></TimeCreated>
<EventRecordID>38</EventRecordID>
<Correlation ActivityID="" RelatedActivityID=""></Correlation>
<Execution ProcessID="3340" ThreadID="3368"></Execution>
<Channel>Microsoft-Windows-PushNotification-Platform/Operational</Channel>
<Computer>WIN-PTFPHFCRDJ0</Computer>
<Security UserID="S-1-5-21-1152959844-3645458174-3779170896-1000"></Security>
</System>
<EventData><Data Name="GroupPolicyValue">True</Data>
<Data Name="MDMPolicyValue">True</Data>
</EventData>
</Event>

<Event xmlns="http://schemas.microsoft.com/win/2004/08/events/event"><System><Provider Name="Microsoft-Windows-PushNotifications-Platform" Guid="{88cd9180-4491-4640-b571-e3bee2527943}"></Provider>
<EventID Qualifiers="">1025</EventID>
<Version>0</Version>
<Level>4</Level>
<Task>0</Task>
<Opcode>0</Opcode>
<Keywords>0x8000000000000100</Keywords>
<TimeCreated SystemTime="2020-10-22 20:57:32.580275"></TimeCreated>
<EventRecordID>39</EventRecordID>
<Correlation ActivityID="" RelatedActivityID=""></Correlation>
<Execution ProcessID="3340" ThreadID="3644"></Execution>
<Channel>Microsoft-Windows-PushNotification-Platform/Operational</Channel>
<Computer>WIN-PTFPHFCRDJ0</Computer>
<Security UserID="S-1-5-21-1152959844-3645458174-3779170896-1000"></Security>
</System>
<EventData><Data Name="PowerEventType">BatterySaverStateChange</Data>
<Data Name="IsEnabled">False</Data>
</EventData>
</Event>

<Event xmlns="http://schemas.microsoft.com/win/2004/08/events/event"><System><Provider Name="Microsoft-Windows-PushNotifications-Platform" Guid="{88cd9180-4491-4640-b571-e3bee2527943}"></Provider>
<EventID Qualifiers="">1025</EventID>
<Version>0</Version>
<Level>4</Level>
<Task>0</Task>
<Opcode>0</Opcode>
<Keywords>0x8000000000000100</Keywords>
<TimeCreated SystemTime="2020-10-22 20:57:32.602167"></TimeCreated>
<EventRecordID>40</EventRecordID>
<Correlation ActivityID="" RelatedActivityID=""></Correlation>
<Execution ProcessID="3340" ThreadID="3660"></Execution>
<Channel>Microsoft-Windows-PushNotification-Platform/Operational</Channel>
<Computer>WIN-PTFPHFCRDJ0</Computer>
<Security UserID="S-1-5-21-1152959844-3645458174-3779170896-1000"></Security>
</System>
<EventData><Data Name="PowerEventType">ACPowerChange</Data>
<Data Name="IsEnabled">True</Data>
</EventData>
</Event>

<Event xmlns="http://schemas.microsoft.com/win/2004/08/events/event"><System><Provider Name="Microsoft-Windows-PushNotifications-Platform" Guid="{88cd9180-4491-4640-b571-e3bee2527943}"></Provider>
<EventID Qualifiers="">1025</EventID>
<Version>0</Version>
<Level>4</Level>
<Task>0</Task>
<Opcode>0</Opcode>
<Keywords>0x8000000000000100</Keywords>
<TimeCreated SystemTime="2020-10-22 20:57:32.602430"></TimeCreated>
<EventRecordID>41</EventRecordID>
<Correlation ActivityID="" RelatedActivityID=""></Correlation>
<Execution ProcessID="3340" ThreadID="3660"></Execution>
<Channel>Microsoft-Windows-PushNotification-Platform/Operational</Channel>
<Computer>WIN-PTFPHFCRDJ0</Computer>
<Security UserID="S-1-5-21-1152959844-3645458174-3779170896-1000"></Security>
</System>
<EventData><Data Name="PowerEventType">MonitorSettingChange</Data>
<Data Name="IsEnabled">True</Data>
</EventData>
</Event>

<Event xmlns="http://schemas.microsoft.com/win/2004/08/events/event"><System><Provider Name="Microsoft-Windows-PushNotifications-Platform" Guid="{88cd9180-4491-4640-b571-e3bee2527943}"></Provider>
<EventID Qualifiers="">3144</EventID>
<Version>0</Version>
<Level>4</Level>
<Task>0</Task>
<Opcode>0</Opcode>
<Keywords>0x8000000000000800</Keywords>
<TimeCreated SystemTime="2020-10-22 20:57:32.644367"></TimeCreated>
<EventRecordID>42</EventRecordID>
<Correlation ActivityID="" RelatedActivityID=""></Correlation>
<Execution ProcessID="3340" ThreadID="3660"></Execution>
<Channel>Microsoft-Windows-PushNotification-Platform/Operational</Channel>
<Computer>WIN-PTFPHFCRDJ0</Computer>
<Security UserID="S-1-5-21-1152959844-3645458174-3779170896-1000"></Security>
</System>
<EventData></EventData>
</Event>

<Event xmlns="http://schemas.microsoft.com/win/2004/08/events/event"><System><Provider Name="Microsoft-Windows-PushNotifications-Platform" Guid="{88cd9180-4491-4640-b571-e3bee2527943}"></Provider>
<EventID Qualifiers="">3006</EventID>
<Version>0</Version>
<Level>4</Level>
<Task>4</Task>
<Opcode>1</Opcode>
<Keywords>0x8000000000000800</Keywords>
<TimeCreated SystemTime="2020-10-22 20:57:32.725098"></TimeCreated>
<EventRecordID>43</EventRecordID>
<Correlation ActivityID="" RelatedActivityID=""></Correlation>
<Execution ProcessID="3340" ThreadID="3368"></Execution>
<Channel>Microsoft-Windows-PushNotification-Platform/Operational</Channel>
<Computer>WIN-PTFPHFCRDJ0</Computer>
<Security UserID="S-1-5-21-1152959844-3645458174-3779170896-1000"></Security>
</System>
<EventData><Data Name="Object">0x0000021ba86674d8</Data>
<Data Name="ProcessName"></Data>
</EventData>
</Event>

<Event xmlns="http://schemas.microsoft.com/win/2004/08/events/event"><System><Provider Name="Microsoft-Windows-PushNotifications-Platform" Guid="{88cd9180-4491-4640-b571-e3bee2527943}"></Provider>
<EventID Qualifiers="">3007</EventID>
<Version>0</Version>
<Level>4</Level>
<Task>4</Task>
<Opcode>2</Opcode>
<Keywords>0x8000000000000800</Keywords>
<TimeCreated SystemTime="2020-10-22 20:57:32.725105"></TimeCreated>
<EventRecordID>44</EventRecordID>
<Correlation ActivityID="" RelatedActivityID=""></Correlation>
<Execution ProcessID="3340" ThreadID="3368"></Execution>
<Channel>Microsoft-Windows-PushNotification-Platform/Operational</Channel>
<Computer>WIN-PTFPHFCRDJ0</Computer>
<Security UserID="S-1-5-21-1152959844-3645458174-3779170896-1000"></Security>
</System>
<EventData><Data Name="Endpoint">0x0000021ba86674d8</Data>
<Data Name="SessionId">1</Data>
<Data Name="Error">0</Data>
<Data Name="ProcessName"></Data>
</EventData>
</Event>

<Event xmlns="http://schemas.microsoft.com/win/2004/08/events/event"><System><Provider Name="Microsoft-Windows-PushNotifications-Platform" Guid="{88cd9180-4491-4640-b571-e3bee2527943}"></Provider>
<EventID Qualifiers="">2413</EventID>
<Version>0</Version>
<Level>4</Level>
<Task>0</Task>
<Opcode>0</Opcode>
<Keywords>0x8000000000800200</Keywords>
<TimeCreated SystemTime="2020-10-22 20:57:33.162430"></TimeCreated>
<EventRecordID>45</EventRecordID>
<Correlation ActivityID="" RelatedActivityID=""></Correlation>
<Execution ProcessID="3340" ThreadID="3372"></Execution>
<Channel>Microsoft-Windows-PushNotification-Platform/Operational</Channel>
<Computer>WIN-PTFPHFCRDJ0</Computer>
<Security UserID="S-1-5-21-1152959844-3645458174-3779170896-1000"></Security>
</System>
<EventData><Data Name="PackageFullName">windows.immersivecontrolpanel_cw5n1h2txyewy</Data>
<Data Name="AppUserModelId">windows.immersivecontrolpanel_cw5n1h2txyewy!microsoft.windows.immersivecontrolpanel</Data>
<Data Name="AppSettings">1536</Data>
<Data Name="AppType">268435456</Data>
<Data Name="ErrorCode">0</Data>
</EventData>
</Event>

<Event xmlns="http://schemas.microsoft.com/win/2004/08/events/event"><System><Provider Name="Microsoft-Windows-PushNotifications-Platform" Guid="{88cd9180-4491-4640-b571-e3bee2527943}"></Provider>
<EventID Qualifiers="">3055</EventID>
<Version>0</Version>
<Level>4</Level>
<Task>23</Task>
<Opcode>0</Opcode>
<Keywords>0x80000000a1878800</Keywords>
<TimeCreated SystemTime="2020-10-22 20:57:33.357248"></TimeCreated>
<EventRecordID>46</EventRecordID>
<Correlation ActivityID="" RelatedActivityID=""></Correlation>
<Execution ProcessID="3340" ThreadID="3372"></Execution>
<Channel>Microsoft-Windows-PushNotification-Platform/Operational</Channel>
<Computer>WIN-PTFPHFCRDJ0</Computer>
<Security UserID="S-1-5-21-1152959844-3645458174-3779170896-1000"></Security>
</System>
<EventData><Data Name="SessionId">1</Data>
</EventData>
</Event>

<Event xmlns="http://schemas.microsoft.com/win/2004/08/events/event"><System><Provider Name="Microsoft-Windows-PushNotifications-Platform" Guid="{88cd9180-4491-4640-b571-e3bee2527943}"></Provider>
<EventID Qualifiers="">3128</EventID>
<Version>0</Version>
<Level>4</Level>
<Task>33</Task>
<Opcode>1</Opcode>
<Keywords>0x8000000000000800</Keywords>
<TimeCreated SystemTime="2020-10-22 20:57:33.358000"></TimeCreated>
<EventRecordID>47</EventRecordID>
<Correlation ActivityID="" RelatedActivityID=""></Correlation>
<Execution ProcessID="3340" ThreadID="3664"></Execution>
<Channel>Microsoft-Windows-PushNotification-Platform/Operational</Channel>
<Computer>WIN-PTFPHFCRDJ0</Computer>
<Security UserID="S-1-5-21-1152959844-3645458174-3779170896-1000"></Security>
</System>
<EventData></EventData>
</Event>

<Event xmlns="http://schemas.microsoft.com/win/2004/08/events/event"><System><Provider Name="Microsoft-Windows-PushNotifications-Platform" Guid="{88cd9180-4491-4640-b571-e3bee2527943}"></Provider>
<EventID Qualifiers="">3129</EventID>
<Version>0</Version>
<Level>4</Level>
<Task>33</Task>
<Opcode>2</Opcode>
<Keywords>0x8000000000000800</Keywords>
<TimeCreated SystemTime="2020-10-22 20:57:33.358250"></TimeCreated>
<EventRecordID>48</EventRecordID>
<Correlation ActivityID="" RelatedActivityID=""></Correlation>
<Execution ProcessID="3340" ThreadID="3664"></Execution>
<Channel>Microsoft-Windows-PushNotification-Platform/Operational</Channel>
<Computer>WIN-PTFPHFCRDJ0</Computer>
<Security UserID="S-1-5-21-1152959844-3645458174-3779170896-1000"></Security>
</System>
<EventData></EventData>
</Event>

<Event xmlns="http://schemas.microsoft.com/win/2004/08/events/event"><System><Provider Name="Microsoft-Windows-PushNotifications-Platform" Guid="{88cd9180-4491-4640-b571-e3bee2527943}"></Provider>
<EventID Qualifiers="">2413</EventID>
<Version>0</Version>
<Level>4</Level>
<Task>0</Task>
<Opcode>0</Opcode>
<Keywords>0x8000000000800200</Keywords>
<TimeCreated SystemTime="2020-10-22 20:57:35.195927"></TimeCreated>
<EventRecordID>49</EventRecordID>
<Correlation ActivityID="" RelatedActivityID=""></Correlation>
<Execution ProcessID="3340" ThreadID="3368"></Execution>
<Channel>Microsoft-Windows-PushNotification-Platform/Operational</Channel>
<Computer>WIN-PTFPHFCRDJ0</Computer>
<Security UserID="S-1-5-21-1152959844-3645458174-3779170896-1000"></Security>
</System>
<EventData><Data Name="PackageFullName">System</Data>
<Data Name="AppUserModelId">Windows.SystemToast.WindowsTip</Data>
<Data Name="AppSettings">9471</Data>
<Data Name="AppType">1073741824</Data>
<Data Name="ErrorCode">0</Data>
</EventData>
</Event>

<Event xmlns="http://schemas.microsoft.com/win/2004/08/events/event"><System><Provider Name="Microsoft-Windows-PushNotifications-Platform" Guid="{88cd9180-4491-4640-b571-e3bee2527943}"></Provider>
<EventID Qualifiers="">3000</EventID>
<Version>0</Version>
<Level>4</Level>
<Task>1</Task>
<Opcode>1</Opcode>
<Keywords>0x8000000000000800</Keywords>
<TimeCreated SystemTime="2020-10-22 20:57:35.213253"></TimeCreated>
<EventRecordID>50</EventRecordID>
<Correlation ActivityID="" RelatedActivityID=""></Correlation>
<Execution ProcessID="3340" ThreadID="3660"></Execution>
<Channel>Microsoft-Windows-PushNotification-Platform/Operational</Channel>
<Computer>WIN-PTFPHFCRDJ0</Computer>
<Security UserID="S-1-5-21-1152959844-3645458174-3779170896-1000"></Security>
</System>
<EventData><Data Name="Object">0x0000021baa4eb7a8</Data>
<Data Name="ProcessName">C:\Windows\explorer.exe</Data>
</EventData>
</Event>

<Event xmlns="http://schemas.microsoft.com/win/2004/08/events/event"><System><Provider Name="Microsoft-Windows-PushNotifications-Platform" Guid="{88cd9180-4491-4640-b571-e3bee2527943}"></Provider>
<EventID Qualifiers="">3001</EventID>
<Version>0</Version>
<Level>4</Level>
<Task>1</Task>
<Opcode>2</Opcode>
<Keywords>0x8000000000000800</Keywords>
<TimeCreated SystemTime="2020-10-22 20:57:35.213289"></TimeCreated>
<EventRecordID>51</EventRecordID>
<Correlation ActivityID="" RelatedActivityID=""></Correlation>
<Execution ProcessID="3340" ThreadID="3660"></Execution>
<Channel>Microsoft-Windows-PushNotification-Platform/Operational</Channel>
<Computer>WIN-PTFPHFCRDJ0</Computer>
<Security UserID="S-1-5-21-1152959844-3645458174-3779170896-1000"></Security>
</System>
<EventData><Data Name="Endpoint">0x0000021baa4eb7a8</Data>
<Data Name="SessionId">2</Data>
<Data Name="Error">0</Data>
<Data Name="ProcessName">C:\Windows\explorer.exe</Data>
<Data Name="QueuedTileCloses">0</Data>
<Data Name="QueuedTileCleanups">0</Data>
</EventData>
</Event>

<Event xmlns="http://schemas.microsoft.com/win/2004/08/events/event"><System><Provider Name="Microsoft-Windows-PushNotifications-Platform" Guid="{88cd9180-4491-4640-b571-e3bee2527943}"></Provider>
<EventID Qualifiers="">2413</EventID>
<Version>0</Version>
<Level>4</Level>
<Task>0</Task>
<Opcode>0</Opcode>
<Keywords>0x8000000000800200</Keywords>
<TimeCreated SystemTime="2020-10-22 20:58:12.728071"></TimeCreated>
<EventRecordID>52</EventRecordID>
<Correlation ActivityID="{eae887f7-a8b5-0000-f9a8-e8eab5a8d601}" RelatedActivityID=""></Correlation>
<Execution ProcessID="3340" ThreadID="3372"></Execution>
<Channel>Microsoft-Windows-PushNotification-Platform/Operational</Channel>
<Computer>WIN-PTFPHFCRDJ0</Computer>
<Security UserID="S-1-5-21-1152959844-3645458174-3779170896-1000"></Security>
</System>
<EventData><Data Name="PackageFullName">Windows.CBSPreview_10.0.17763.1_neutral_neutral_cw5n1h2txyewy</Data>
<Data Name="AppUserModelId">Windows.CBSPreview_cw5n1h2txyewy!Microsoft.Windows.CBSPreview</Data>
<Data Name="AppSettings">67139328</Data>
<Data Name="AppType">268435456</Data>
<Data Name="ErrorCode">0</Data>
</EventData>
</Event>

