<?xml version="1.1" encoding="utf-8" standalone="yes" ?>

<Events>
<Event xmlns="http://schemas.microsoft.com/win/2004/08/events/event"><System><Provider Name="Microsoft-Windows-AppXDeployment" Guid="{8127f6d4-59f9-4abf-8952-3e3a02073d5f}"></Provider>
<EventID Qualifiers="">326</EventID>
<Version>0</Version>
<Level>5</Level>
<Task>0</Task>
<Opcode>0</Opcode>
<Keywords>0x4000000000010000</Keywords>
<TimeCreated SystemTime="2020-10-22 20:52:07.889381"></TimeCreated>
<EventRecordID>1</EventRecordID>
<Correlation ActivityID="" RelatedActivityID=""></Correlation>
<Execution ProcessID="1444" ThreadID="1652"></Execution>
<Channel>Microsoft-Windows-AppXDeployment/Operational</Channel>
<Computer>WIN-PTFPHFCRDJ0</Computer>
<Security UserID="S-1-5-18"></Security>
</System>
<EventData><Data Name="UserSid"></Data>
<Data Name="IsSpecialUserProfile">False</Data>
</EventData>
</Event>

<Event xmlns="http://schemas.microsoft.com/win/2004/08/events/event"><System><Provider Name="Microsoft-Windows-AppXDeployment" Guid="{8127f6d4-59f9-4abf-8952-3e3a02073d5f}"></Provider>
<EventID Qualifiers="">327</EventID>
<Version>0</Version>
<Level>5</Level>
<Task>0</Task>
<Opcode>0</Opcode>
<Keywords>0x4000000000010000</Keywords>
<TimeCreated SystemTime="2020-10-22 20:52:08.827503"></TimeCreated>
<EventRecordID>2</EventRecordID>
<Correlation ActivityID="" RelatedActivityID=""></Correlation>
<Execution ProcessID="1444" ThreadID="1652"></Execution>
<Channel>Microsoft-Windows-AppXDeployment/Operational</Channel>
<Computer>WIN-PTFPHFCRDJ0</Computer>
<Security UserID="S-1-5-18"></Security>
</System>
<EventData><Data Name="InstallPackageList">NULL</Data>
<Data Name="RemovePackageList">NULL</Data>
</EventData>
</Event>

<Event xmlns="http://schemas.microsoft.com/win/2004/08/events/event"><System><Provider Name="Microsoft-Windows-AppXDeployment" Guid="{8127f6d4-59f9-4abf-8952-3e3a02073d5f}"></Provider>
<EventID Qualifiers="">326</EventID>
<Version>0</Version>
<Level>5</Level>
<Task>0</Task>
<Opcode>0</Opcode>
<Keywords>0x4000000000010000</Keywords>
<TimeCreated SystemTime="2020-10-22 20:52:27.709530"></TimeCreated>
<EventRecordID>3</EventRecordID>
<Correlation ActivityID="" RelatedActivityID=""></Correlation>
<Execution ProcessID="1444" ThreadID="1584"></Execution>
<Channel>Microsoft-Windows-AppXDeployment/Operational</Channel>
<Computer>WIN-PTFPHFCRDJ0</Computer>
<Security UserID="S-1-5-18"></Security>
</System>
<EventData><Data Name="UserSid">S-1-5-21-1152959844-3645458174-3779170896-1000</Data>
<Data Name="IsSpecialUserProfile">False</Data>
</EventData>
</Event>

<Event xmlns="http://schemas.microsoft.com/win/2004/08/events/event"><System><Provider Name="Microsoft-Windows-AppXDeployment" Guid="{8127f6d4-59f9-4abf-8952-3e3a02073d5f}"></Provider>
<EventID Qualifiers="">327</EventID>
<Version>0</Version>
<Level>5</Level>
<Task>0</Task>
<Opcode>0</Opcode>
<Keywords>0x4000000000010000</Keywords>
<TimeCreated SystemTime="2020-10-22 20:52:27.717163"></TimeCreated>
<EventRecordID>4</EventRecordID>
<Correlation ActivityID="" RelatedActivityID=""></Correlation>
<Execution ProcessID="1444" ThreadID="1584"></Execution>
<Channel>Microsoft-Windows-AppXDeployment/Operational</Channel>
<Computer>WIN-PTFPHFCRDJ0</Computer>
<Security UserID="S-1-5-18"></Security>
</System>
<EventData><Data Name="InstallPackageList">Microsoft.Windows.ShellExperienceHost_10.0.17763.1_neutral_neutral_cw5n1h2txyewy windows.immersivecontrolpanel_10.0.2.1000_neutral_neutral_cw5n1h2txyewy Microsoft.Windows.Cortana_10.0.17763.1_neutral_neutral_cw5n1h2txyewy 1527c705-839a-4832-9118-54d4Bd6a0c89_10.0.17763.1_neutral_neutral_cw5n1h2txyewy c5e2524a-ea46-4f67-841f-6a9465d9d515_10.0.17763.1_neutral_neutral_cw5n1h2txyewy E2A4F912-2574-4A75-9BB0-0D023378592B_10.0.17763.1_neutral_neutral_cw5n1h2txyewy F46D4000-FD22-4DB4-AC8E-4E1DDDE828FE_10.0.17763.1_neutral_neutral_cw5n1h2txyewy InputApp_10.0.17763.1_neutral_neutral_cw5n1h2txyewy Microsoft.AAD.BrokerPlugin_10.0.17763.1_neutral_neutral_cw5n1h2txyewy Microsoft.AccountsControl_10.0.17763.1_neutral_neutral_cw5n1h2txyewy Microsoft.AsyncTextService_10.0.17763.1_neutral_neutral_8wekyb3d8bbwe Microsoft.BioEnrollment_10.0.17763.1_neutral_neutral_cw5n1h2txyewy Microsoft.CredDialogHost_10.0.17763.1_neutral_neutral_cw5n1h2txyewy Microsoft.ECApp_10.0.17763.1_neutral_neutral_8wekyb3d8bbwe Microsoft.LockApp_10.0.17763.1_neutral_neutral_cw5n1h2txyewy Microsoft.Win32WebViewHost_10.0.17763.1_neutral_neutral_cw5n1h2txyewy Microsoft.Windows.AppRep.ChxApp_10.0.17763.1_neutral_neutral_cw5n1h2txyewy Microsoft.Windows.CapturePicker_10.0.17763.1_neutral_neutral_cw5n1h2txyewy Microsoft.Windows.CloudExperienceHost_10.0.17763.1_neutral_neutral_cw5n1h2txyewy Microsoft.Windows.NarratorQuickStart_10.0.17763.1_neutral_neutral_8wekyb3d8bbwe Microsoft.Windows.OOBENetworkCaptivePortal_10.0.17763.1_neutral_neutral_cw5n1h2txyewy Microsoft.Windows.OOBENetworkConnectionFlow_10.0.17763.1_neutral_neutral_cw5n1h2txyewy Microsoft.Windows.PeopleExperienceHost_10.0.17763.1_neutral_neutral_cw5n1h2txyewy Microsoft.Windows.PinningConfirmationDialog_10.0.17763.1_neutral_neutral_cw5n1h2txyewy Microsoft.Windows.SecHealthUI_10.0.17763.1_neutral__cw5n1h2txyewy Microsoft.Windows.XGpuEjectDialog_10.0.17763.1_neutral_neutral_cw5n1h2txyewy Windows.CBSPreview_10.0.17763.1_neutral_neutral_cw5n1h2txyewy Windows.PrintDialog_6.2.1.0_neutral_neutral_cw5n1h2txyewy </Data>
<Data Name="RemovePackageList">NULL</Data>
</EventData>
</Event>

<Event xmlns="http://schemas.microsoft.com/win/2004/08/events/event"><System><Provider Name="Microsoft-Windows-AppXDeployment" Guid="{8127f6d4-59f9-4abf-8952-3e3a02073d5f}"></Provider>
<EventID Qualifiers="">326</EventID>
<Version>0</Version>
<Level>5</Level>
<Task>0</Task>
<Opcode>0</Opcode>
<Keywords>0x4000000000010000</Keywords>
<TimeCreated SystemTime="2020-10-22 20:52:34.286873"></TimeCreated>
<EventRecordID>5</EventRecordID>
<Correlation ActivityID="" RelatedActivityID=""></Correlation>
<Execution ProcessID="1444" ThreadID="3964"></Execution>
<Channel>Microsoft-Windows-AppXDeployment/Operational</Channel>
<Computer>WIN-PTFPHFCRDJ0</Computer>
<Security UserID="S-1-5-18"></Security>
</System>
<EventData><Data Name="UserSid">S-1-5-21-1152959844-3645458174-3779170896-1000</Data>
<Data Name="IsSpecialUserProfile">False</Data>
</EventData>
</Event>

<Event xmlns="http://schemas.microsoft.com/win/2004/08/events/event"><System><Provider Name="Microsoft-Windows-AppXDeployment" Guid="{8127f6d4-59f9-4abf-8952-3e3a02073d5f}"></Provider>
<EventID Qualifiers="">327</EventID>
<Version>0</Version>
<Level>5</Level>
<Task>0</Task>
<Opcode>0</Opcode>
<Keywords>0x4000000000010000</Keywords>
<TimeCreated SystemTime="2020-10-22 20:52:34.303034"></TimeCreated>
<EventRecordID>6</EventRecordID>
<Correlation ActivityID="" RelatedActivityID=""></Correlation>
<Execution ProcessID="1444" ThreadID="3964"></Execution>
<Channel>Microsoft-Windows-AppXDeployment/Operational</Channel>
<Computer>WIN-PTFPHFCRDJ0</Computer>
<Security UserID="S-1-5-18"></Security>
</System>
<EventData><Data Name="InstallPackageList">1527c705-839a-4832-9118-54d4Bd6a0c89_10.0.17763.1_neutral_neutral_cw5n1h2txyewy c5e2524a-ea46-4f67-841f-6a9465d9d515_10.0.17763.1_neutral_neutral_cw5n1h2txyewy E2A4F912-2574-4A75-9BB0-0D023378592B_10.0.17763.1_neutral_neutral_cw5n1h2txyewy F46D4000-FD22-4DB4-AC8E-4E1DDDE828FE_10.0.17763.1_neutral_neutral_cw5n1h2txyewy InputApp_10.0.17763.1_neutral_neutral_cw5n1h2txyewy Microsoft.AccountsControl_10.0.17763.1_neutral_neutral_cw5n1h2txyewy Microsoft.AsyncTextService_10.0.17763.1_neutral_neutral_8wekyb3d8bbwe Microsoft.BioEnrollment_10.0.17763.1_neutral_neutral_cw5n1h2txyewy Microsoft.CredDialogHost_10.0.17763.1_neutral_neutral_cw5n1h2txyewy Microsoft.ECApp_10.0.17763.1_neutral_neutral_8wekyb3d8bbwe Microsoft.LockApp_10.0.17763.1_neutral_neutral_cw5n1h2txyewy Microsoft.Win32WebViewHost_10.0.17763.1_neutral_neutral_cw5n1h2txyewy Microsoft.Windows.AppRep.ChxApp_10.0.17763.1_neutral_neutral_cw5n1h2txyewy Microsoft.Windows.CapturePicker_10.0.17763.1_neutral_neutral_cw5n1h2txyewy Microsoft.Windows.NarratorQuickStart_10.0.17763.1_neutral_neutral_8wekyb3d8bbwe Microsoft.Windows.OOBENetworkCaptivePortal_10.0.17763.1_neutral_neutral_cw5n1h2txyewy Microsoft.Windows.OOBENetworkConnectionFlow_10.0.17763.1_neutral_neutral_cw5n1h2txyewy Microsoft.Windows.PeopleExperienceHost_10.0.17763.1_neutral_neutral_cw5n1h2txyewy Microsoft.Windows.PinningConfirmationDialog_10.0.17763.1_neutral_neutral_cw5n1h2txyewy Microsoft.Windows.SecHealthUI_10.0.17763.1_neutral__cw5n1h2txyewy Microsoft.Windows.XGpuEjectDialog_10.0.17763.1_neutral_neutral_cw5n1h2txyewy Windows.CBSPreview_10.0.17763.1_neutral_neutral_cw5n1h2txyewy Windows.PrintDialog_6.2.1.0_neutral_neutral_cw5n1h2txyewy </Data>
<Data Name="RemovePackageList">NULL</Data>
</EventData>
</Event>

<Event xmlns="http://schemas.microsoft.com/win/2004/08/events/event"><System><Provider Name="Microsoft-Windows-AppXDeployment" Guid="{8127f6d4-59f9-4abf-8952-3e3a02073d5f}"></Provider>
<EventID Qualifiers="">325</EventID>
<Version>0</Version>
<Level>4</Level>
<Task>0</Task>
<Opcode>0</Opcode>
<Keywords>0x4000000000010000</Keywords>
<TimeCreated SystemTime="2020-10-22 20:52:42.635040"></TimeCreated>
<EventRecordID>7</EventRecordID>
<Correlation ActivityID="{f2d9b0db-a91d-0000-6dd8-d9f21da9d601}" RelatedActivityID=""></Correlation>
<Execution ProcessID="3412" ThreadID="2888"></Execution>
<Channel>Microsoft-Windows-AppXDeployment/Operational</Channel>
<Computer>WIN-PTFPHFCRDJ0</Computer>
<Security UserID="S-1-5-21-1152959844-3645458174-3779170896-1000"></Security>
</System>
<EventData><Data Name="PackageFamilyName">Microsoft.Windows.Cortana_cw5n1h2txyewy</Data>
</EventData>
</Event>

<Event xmlns="http://schemas.microsoft.com/win/2004/08/events/event"><System><Provider Name="Microsoft-Windows-AppXDeployment" Guid="{8127f6d4-59f9-4abf-8952-3e3a02073d5f}"></Provider>
<EventID Qualifiers="">325</EventID>
<Version>0</Version>
<Level>4</Level>
<Task>0</Task>
<Opcode>0</Opcode>
<Keywords>0x4000000000010000</Keywords>
<TimeCreated SystemTime="2020-10-22 20:52:42.784569"></TimeCreated>
<EventRecordID>8</EventRecordID>
<Correlation ActivityID="{f2d9b0db-a91d-0000-d7d8-d9f21da9d601}" RelatedActivityID=""></Correlation>
<Execution ProcessID="3412" ThreadID="3452"></Execution>
<Channel>Microsoft-Windows-AppXDeployment/Operational</Channel>
<Computer>WIN-PTFPHFCRDJ0</Computer>
<Security UserID="S-1-5-21-1152959844-3645458174-3779170896-1000"></Security>
</System>
<EventData><Data Name="PackageFamilyName">Microsoft.Windows.ShellExperienceHost_cw5n1h2txyewy</Data>
</EventData>
</Event>

<Event xmlns="http://schemas.microsoft.com/win/2004/08/events/event"><System><Provider Name="Microsoft-Windows-AppXDeployment" Guid="{8127f6d4-59f9-4abf-8952-3e3a02073d5f}"></Provider>
<EventID Qualifiers="">325</EventID>
<Version>0</Version>
<Level>4</Level>
<Task>0</Task>
<Opcode>0</Opcode>
<Keywords>0x4000000000010000</Keywords>
<TimeCreated SystemTime="2020-10-22 20:52:42.798374"></TimeCreated>
<EventRecordID>9</EventRecordID>
<Correlation ActivityID="{f2d9b0db-a91d-0000-ddd8-d9f21da9d601}" RelatedActivityID=""></Correlation>
<Execution ProcessID="3412" ThreadID="3452"></Execution>
<Channel>Microsoft-Windows-AppXDeployment/Operational</Channel>
<Computer>WIN-PTFPHFCRDJ0</Computer>
<Security UserID="S-1-5-21-1152959844-3645458174-3779170896-1000"></Security>
</System>
<EventData><Data Name="PackageFamilyName">Microsoft.Windows.Cortana_cw5n1h2txyewy</Data>
</EventData>
</Event>

<Event xmlns="http://schemas.microsoft.com/win/2004/08/events/event"><System><Provider Name="Microsoft-Windows-AppXDeployment" Guid="{8127f6d4-59f9-4abf-8952-3e3a02073d5f}"></Provider>
<EventID Qualifiers="">325</EventID>
<Version>0</Version>
<Level>4</Level>
<Task>0</Task>
<Opcode>0</Opcode>
<Keywords>0x4000000000010000</Keywords>
<TimeCreated SystemTime="2020-10-22 20:52:42.862650"></TimeCreated>
<EventRecordID>10</EventRecordID>
<Correlation ActivityID="{f2d9b0db-a91d-0000-f0d8-d9f21da9d601}" RelatedActivityID=""></Correlation>
<Execution ProcessID="3412" ThreadID="3440"></Execution>
<Channel>Microsoft-Windows-AppXDeployment/Operational</Channel>
<Computer>WIN-PTFPHFCRDJ0</Computer>
<Security UserID="S-1-5-21-1152959844-3645458174-3779170896-1000"></Security>
</System>
<EventData><Data Name="PackageFamilyName">Microsoft.Windows.ShellExperienceHost_cw5n1h2txyewy</Data>
</EventData>
</Event>

<Event xmlns="http://schemas.microsoft.com/win/2004/08/events/event"><System><Provider Name="Microsoft-Windows-AppXDeployment" Guid="{8127f6d4-59f9-4abf-8952-3e3a02073d5f}"></Provider>
<EventID Qualifiers="">325</EventID>
<Version>0</Version>
<Level>4</Level>
<Task>0</Task>
<Opcode>0</Opcode>
<Keywords>0x4000000000010000</Keywords>
<TimeCreated SystemTime="2020-10-22 20:52:43.210567"></TimeCreated>
<EventRecordID>11</EventRecordID>
<Correlation ActivityID="{f2d9b0db-a91d-0000-0cd9-d9f21da9d601}" RelatedActivityID=""></Correlation>
<Execution ProcessID="3420" ThreadID="3704"></Execution>
<Channel>Microsoft-Windows-AppXDeployment/Operational</Channel>
<Computer>WIN-PTFPHFCRDJ0</Computer>
<Security UserID="S-1-5-21-1152959844-3645458174-3779170896-1000"></Security>
</System>
<EventData><Data Name="PackageFamilyName">Microsoft.Windows.Cortana_cw5n1h2txyewy</Data>
</EventData>
</Event>

<Event xmlns="http://schemas.microsoft.com/win/2004/08/events/event"><System><Provider Name="Microsoft-Windows-AppXDeployment" Guid="{8127f6d4-59f9-4abf-8952-3e3a02073d5f}"></Provider>
<EventID Qualifiers="">325</EventID>
<Version>0</Version>
<Level>4</Level>
<Task>0</Task>
<Opcode>0</Opcode>
<Keywords>0x4000000000010000</Keywords>
<TimeCreated SystemTime="2020-10-22 20:52:48.333395"></TimeCreated>
<EventRecordID>12</EventRecordID>
<Correlation ActivityID="{f2d9b0db-a91d-0000-46db-d9f21da9d601}" RelatedActivityID=""></Correlation>
<Execution ProcessID="3412" ThreadID="3744"></Execution>
<Channel>Microsoft-Windows-AppXDeployment/Operational</Channel>
<Computer>WIN-PTFPHFCRDJ0</Computer>
<Security UserID="S-1-5-21-1152959844-3645458174-3779170896-1000"></Security>
</System>
<EventData><Data Name="PackageFamilyName">Microsoft.Windows.Cortana_cw5n1h2txyewy</Data>
</EventData>
</Event>

<Event xmlns="http://schemas.microsoft.com/win/2004/08/events/event"><System><Provider Name="Microsoft-Windows-AppXDeployment" Guid="{8127f6d4-59f9-4abf-8952-3e3a02073d5f}"></Provider>
<EventID Qualifiers="">325</EventID>
<Version>0</Version>
<Level>4</Level>
<Task>0</Task>
<Opcode>0</Opcode>
<Keywords>0x4000000000010000</Keywords>
<TimeCreated SystemTime="2020-10-22 20:52:48.335922"></TimeCreated>
<EventRecordID>13</EventRecordID>
<Correlation ActivityID="{f2d9b0db-a91d-0000-4cdb-d9f21da9d601}" RelatedActivityID=""></Correlation>
<Execution ProcessID="3412" ThreadID="3744"></Execution>
<Channel>Microsoft-Windows-AppXDeployment/Operational</Channel>
<Computer>WIN-PTFPHFCRDJ0</Computer>
<Security UserID="S-1-5-21-1152959844-3645458174-3779170896-1000"></Security>
</System>
<EventData><Data Name="PackageFamilyName">Microsoft.Windows.Cortana_cw5n1h2txyewy</Data>
</EventData>
</Event>

<Event xmlns="http://schemas.microsoft.com/win/2004/08/events/event"><System><Provider Name="Microsoft-Windows-AppXDeployment" Guid="{8127f6d4-59f9-4abf-8952-3e3a02073d5f}"></Provider>
<EventID Qualifiers="">325</EventID>
<Version>0</Version>
<Level>4</Level>
<Task>0</Task>
<Opcode>0</Opcode>
<Keywords>0x4000000000010000</Keywords>
<TimeCreated SystemTime="2020-10-22 20:52:49.237497"></TimeCreated>
<EventRecordID>14</EventRecordID>
<Correlation ActivityID="{f2d9b0db-a91d-0000-b4db-d9f21da9d601}" RelatedActivityID=""></Correlation>
<Execution ProcessID="3412" ThreadID="3440"></Execution>
<Channel>Microsoft-Windows-AppXDeployment/Operational</Channel>
<Computer>WIN-PTFPHFCRDJ0</Computer>
<Security UserID="S-1-5-21-1152959844-3645458174-3779170896-1000"></Security>
</System>
<EventData><Data Name="PackageFamilyName">Microsoft.Windows.Cortana_cw5n1h2txyewy</Data>
</EventData>
</Event>

<Event xmlns="http://schemas.microsoft.com/win/2004/08/events/event"><System><Provider Name="Microsoft-Windows-AppXDeployment" Guid="{8127f6d4-59f9-4abf-8952-3e3a02073d5f}"></Provider>
<EventID Qualifiers="">325</EventID>
<Version>0</Version>
<Level>4</Level>
<Task>0</Task>
<Opcode>0</Opcode>
<Keywords>0x4000000000010000</Keywords>
<TimeCreated SystemTime="2020-10-22 20:52:49.250580"></TimeCreated>
<EventRecordID>15</EventRecordID>
<Correlation ActivityID="{f2d9b0db-a91d-0000-badb-d9f21da9d601}" RelatedActivityID=""></Correlation>
<Execution ProcessID="3412" ThreadID="3440"></Execution>
<Channel>Microsoft-Windows-AppXDeployment/Operational</Channel>
<Computer>WIN-PTFPHFCRDJ0</Computer>
<Security UserID="S-1-5-21-1152959844-3645458174-3779170896-1000"></Security>
</System>
<EventData><Data Name="PackageFamilyName">Microsoft.Windows.Cortana_cw5n1h2txyewy</Data>
</EventData>
</Event>

<Event xmlns="http://schemas.microsoft.com/win/2004/08/events/event"><System><Provider Name="Microsoft-Windows-AppXDeployment" Guid="{8127f6d4-59f9-4abf-8952-3e3a02073d5f}"></Provider>
<EventID Qualifiers="">325</EventID>
<Version>0</Version>
<Level>4</Level>
<Task>0</Task>
<Opcode>0</Opcode>
<Keywords>0x4000000000010000</Keywords>
<TimeCreated SystemTime="2020-10-22 20:53:58.556473"></TimeCreated>
<EventRecordID>16</EventRecordID>
<Correlation ActivityID="{f2d9b0db-a91d-0000-f507-daf21da9d601}" RelatedActivityID=""></Correlation>
<Execution ProcessID="3420" ThreadID="3484"></Execution>
<Channel>Microsoft-Windows-AppXDeployment/Operational</Channel>
<Computer>WIN-PTFPHFCRDJ0</Computer>
<Security UserID="S-1-5-21-1152959844-3645458174-3779170896-1000"></Security>
</System>
<EventData><Data Name="PackageFamilyName">windows.immersivecontrolpanel_cw5n1h2txyewy</Data>
</EventData>
</Event>

<Event xmlns="http://schemas.microsoft.com/win/2004/08/events/event"><System><Provider Name="Microsoft-Windows-AppXDeployment" Guid="{8127f6d4-59f9-4abf-8952-3e3a02073d5f}"></Provider>
<EventID Qualifiers="">325</EventID>
<Version>0</Version>
<Level>4</Level>
<Task>0</Task>
<Opcode>0</Opcode>
<Keywords>0x4000000000010000</Keywords>
<TimeCreated SystemTime="2020-10-22 20:56:15.180965"></TimeCreated>
<EventRecordID>17</EventRecordID>
<Correlation ActivityID="{f2d9b0db-a91d-0000-7d0f-daf21da9d601}" RelatedActivityID=""></Correlation>
<Execution ProcessID="3412" ThreadID="5700"></Execution>
<Channel>Microsoft-Windows-AppXDeployment/Operational</Channel>
<Computer>WIN-PTFPHFCRDJ0</Computer>
<Security UserID="S-1-5-21-1152959844-3645458174-3779170896-1000"></Security>
</System>
<EventData><Data Name="PackageFamilyName">Microsoft.Windows.Cortana_cw5n1h2txyewy</Data>
</EventData>
</Event>

<Event xmlns="http://schemas.microsoft.com/win/2004/08/events/event"><System><Provider Name="Microsoft-Windows-AppXDeployment" Guid="{8127f6d4-59f9-4abf-8952-3e3a02073d5f}"></Provider>
<EventID Qualifiers="">325</EventID>
<Version>0</Version>
<Level>4</Level>
<Task>0</Task>
<Opcode>0</Opcode>
<Keywords>0x4000000000010000</Keywords>
<TimeCreated SystemTime="2020-10-22 20:56:15.184500"></TimeCreated>
<EventRecordID>18</EventRecordID>
<Correlation ActivityID="{f2d9b0db-a91d-0000-840f-daf21da9d601}" RelatedActivityID=""></Correlation>
<Execution ProcessID="3412" ThreadID="3664"></Execution>
<Channel>Microsoft-Windows-AppXDeployment/Operational</Channel>
<Computer>WIN-PTFPHFCRDJ0</Computer>
<Security UserID="S-1-5-21-1152959844-3645458174-3779170896-1000"></Security>
</System>
<EventData><Data Name="PackageFamilyName">Microsoft.Windows.Cortana_cw5n1h2txyewy</Data>
</EventData>
</Event>

<Event xmlns="http://schemas.microsoft.com/win/2004/08/events/event"><System><Provider Name="Microsoft-Windows-AppXDeployment" Guid="{8127f6d4-59f9-4abf-8952-3e3a02073d5f}"></Provider>
<EventID Qualifiers="">326</EventID>
<Version>0</Version>
<Level>5</Level>
<Task>0</Task>
<Opcode>0</Opcode>
<Keywords>0x4000000000010000</Keywords>
<TimeCreated SystemTime="2020-10-22 20:57:32.863333"></TimeCreated>
<EventRecordID>19</EventRecordID>
<Correlation ActivityID="" RelatedActivityID=""></Correlation>
<Execution ProcessID="3748" ThreadID="3780"></Execution>
<Channel>Microsoft-Windows-AppXDeployment/Operational</Channel>
<Computer>WIN-PTFPHFCRDJ0</Computer>
<Security UserID="S-1-5-18"></Security>
</System>
<EventData><Data Name="UserSid">S-1-5-21-1152959844-3645458174-3779170896-1000</Data>
<Data Name="IsSpecialUserProfile">False</Data>
</EventData>
</Event>

<Event xmlns="http://schemas.microsoft.com/win/2004/08/events/event"><System><Provider Name="Microsoft-Windows-AppXDeployment" Guid="{8127f6d4-59f9-4abf-8952-3e3a02073d5f}"></Provider>
<EventID Qualifiers="">327</EventID>
<Version>0</Version>
<Level>5</Level>
<Task>0</Task>
<Opcode>0</Opcode>
<Keywords>0x4000000000010000</Keywords>
<TimeCreated SystemTime="2020-10-22 20:57:32.897497"></TimeCreated>
<EventRecordID>20</EventRecordID>
<Correlation ActivityID="" RelatedActivityID=""></Correlation>
<Execution ProcessID="3748" ThreadID="3780"></Execution>
<Channel>Microsoft-Windows-AppXDeployment/Operational</Channel>
<Computer>WIN-PTFPHFCRDJ0</Computer>
<Security UserID="S-1-5-18"></Security>
</System>
<EventData><Data Name="InstallPackageList">1527c705-839a-4832-9118-54d4Bd6a0c89_10.0.17763.1_neutral_neutral_cw5n1h2txyewy c5e2524a-ea46-4f67-841f-6a9465d9d515_10.0.17763.1_neutral_neutral_cw5n1h2txyewy E2A4F912-2574-4A75-9BB0-0D023378592B_10.0.17763.1_neutral_neutral_cw5n1h2txyewy F46D4000-FD22-4DB4-AC8E-4E1DDDE828FE_10.0.17763.1_neutral_neutral_cw5n1h2txyewy InputApp_10.0.17763.1_neutral_neutral_cw5n1h2txyewy Microsoft.AccountsControl_10.0.17763.1_neutral_neutral_cw5n1h2txyewy Microsoft.AsyncTextService_10.0.17763.1_neutral_neutral_8wekyb3d8bbwe Microsoft.BioEnrollment_10.0.17763.1_neutral_neutral_cw5n1h2txyewy Microsoft.CredDialogHost_10.0.17763.1_neutral_neutral_cw5n1h2txyewy Microsoft.ECApp_10.0.17763.1_neutral_neutral_8wekyb3d8bbwe Microsoft.LockApp_10.0.17763.1_neutral_neutral_cw5n1h2txyewy Microsoft.Win32WebViewHost_10.0.17763.1_neutral_neutral_cw5n1h2txyewy Microsoft.Windows.AppRep.ChxApp_10.0.17763.1_neutral_neutral_cw5n1h2txyewy Microsoft.Windows.CapturePicker_10.0.17763.1_neutral_neutral_cw5n1h2txyewy Microsoft.Windows.NarratorQuickStart_10.0.17763.1_neutral_neutral_8wekyb3d8bbwe Microsoft.Windows.OOBENetworkCaptivePortal_10.0.17763.1_neutral_neutral_cw5n1h2txyewy Microsoft.Windows.OOBENetworkConnectionFlow_10.0.17763.1_neutral_neutral_cw5n1h2txyewy Microsoft.Windows.PeopleExperienceHost_10.0.17763.1_neutral_neutral_cw5n1h2txyewy Microsoft.Windows.PinningConfirmationDialog_10.0.17763.1_neutral_neutral_cw5n1h2txyewy Microsoft.Windows.SecHealthUI_10.0.17763.1_neutral__cw5n1h2txyewy Microsoft.Windows.XGpuEjectDialog_10.0.17763.1_neutral_neutral_cw5n1h2txyewy Windows.CBSPreview_10.0.17763.1_neutral_neutral_cw5n1h2txyewy Windows.PrintDialog_6.2.1.0_neutral_neutral_cw5n1h2txyewy </Data>
<Data Name="RemovePackageList">NULL</Data>
</EventData>
</Event>

<Event xmlns="http://schemas.microsoft.com/win/2004/08/events/event"><System><Provider Name="Microsoft-Windows-AppXDeployment" Guid="{8127f6d4-59f9-4abf-8952-3e3a02073d5f}"></Provider>
<EventID Qualifiers="">325</EventID>
<Version>0</Version>
<Level>4</Level>
<Task>0</Task>
<Opcode>0</Opcode>
<Keywords>0x4000000000010000</Keywords>
<TimeCreated SystemTime="2020-10-22 20:57:34.622782"></TimeCreated>
<EventRecordID>21</EventRecordID>
<Correlation ActivityID="{eae887f7-a8b5-0000-6e96-e8eab5a8d601}" RelatedActivityID=""></Correlation>
<Execution ProcessID="3340" ThreadID="3660"></Execution>
<Channel>Microsoft-Windows-AppXDeployment/Operational</Channel>
<Computer>WIN-PTFPHFCRDJ0</Computer>
<Security UserID="S-1-5-21-1152959844-3645458174-3779170896-1000"></Security>
</System>
<EventData><Data Name="PackageFamilyName">Microsoft.Windows.Cortana_cw5n1h2txyewy</Data>
</EventData>
</Event>

<Event xmlns="http://schemas.microsoft.com/win/2004/08/events/event"><System><Provider Name="Microsoft-Windows-AppXDeployment" Guid="{8127f6d4-59f9-4abf-8952-3e3a02073d5f}"></Provider>
<EventID Qualifiers="">325</EventID>
<Version>0</Version>
<Level>4</Level>
<Task>0</Task>
<Opcode>0</Opcode>
<Keywords>0x4000000000010000</Keywords>
<TimeCreated SystemTime="2020-10-22 20:57:35.044147"></TimeCreated>
<EventRecordID>22</EventRecordID>
<Correlation ActivityID="{eae887f7-a8b5-0000-a197-e8eab5a8d601}" RelatedActivityID=""></Correlation>
<Execution ProcessID="3316" ThreadID="3332"></Execution>
<Channel>Microsoft-Windows-AppXDeployment/Operational</Channel>
<Computer>WIN-PTFPHFCRDJ0</Computer>
<Security UserID="S-1-5-21-1152959844-3645458174-3779170896-1000"></Security>
</System>
<EventData><Data Name="PackageFamilyName">Microsoft.Windows.Cortana_cw5n1h2txyewy</Data>
</EventData>
</Event>

<Event xmlns="http://schemas.microsoft.com/win/2004/08/events/event"><System><Provider Name="Microsoft-Windows-AppXDeployment" Guid="{8127f6d4-59f9-4abf-8952-3e3a02073d5f}"></Provider>
<EventID Qualifiers="">325</EventID>
<Version>0</Version>
<Level>4</Level>
<Task>0</Task>
<Opcode>0</Opcode>
<Keywords>0x4000000000010000</Keywords>
<TimeCreated SystemTime="2020-10-22 20:57:35.239799"></TimeCreated>
<EventRecordID>23</EventRecordID>
<Correlation ActivityID="{eae887f7-a8b5-0000-0798-e8eab5a8d601}" RelatedActivityID=""></Correlation>
<Execution ProcessID="3316" ThreadID="3332"></Execution>
<Channel>Microsoft-Windows-AppXDeployment/Operational</Channel>
<Computer>WIN-PTFPHFCRDJ0</Computer>
<Security UserID="S-1-5-21-1152959844-3645458174-3779170896-1000"></Security>
</System>
<EventData><Data Name="PackageFamilyName">Microsoft.Windows.Cortana_cw5n1h2txyewy</Data>
</EventData>
</Event>

<Event xmlns="http://schemas.microsoft.com/win/2004/08/events/event"><System><Provider Name="Microsoft-Windows-AppXDeployment" Guid="{8127f6d4-59f9-4abf-8952-3e3a02073d5f}"></Provider>
<EventID Qualifiers="">325</EventID>
<Version>0</Version>
<Level>4</Level>
<Task>0</Task>
<Opcode>0</Opcode>
<Keywords>0x4000000000010000</Keywords>
<TimeCreated SystemTime="2020-10-22 20:57:40.049309"></TimeCreated>
<EventRecordID>24</EventRecordID>
<Correlation ActivityID="{eae887f7-a8b5-0000-7d98-e8eab5a8d601}" RelatedActivityID=""></Correlation>
<Execution ProcessID="3316" ThreadID="3332"></Execution>
<Channel>Microsoft-Windows-AppXDeployment/Operational</Channel>
<Computer>WIN-PTFPHFCRDJ0</Computer>
<Security UserID="S-1-5-21-1152959844-3645458174-3779170896-1000"></Security>
</System>
<EventData><Data Name="PackageFamilyName">Microsoft.Windows.Cortana_cw5n1h2txyewy</Data>
</EventData>
</Event>

<Event xmlns="http://schemas.microsoft.com/win/2004/08/events/event"><System><Provider Name="Microsoft-Windows-AppXDeployment" Guid="{8127f6d4-59f9-4abf-8952-3e3a02073d5f}"></Provider>
<EventID Qualifiers="">325</EventID>
<Version>0</Version>
<Level>4</Level>
<Task>0</Task>
<Opcode>0</Opcode>
<Keywords>0x4000000000010000</Keywords>
<TimeCreated SystemTime="2020-10-22 20:57:40.051603"></TimeCreated>
<EventRecordID>25</EventRecordID>
<Correlation ActivityID="{eae887f7-a8b5-0000-8198-e8eab5a8d601}" RelatedActivityID=""></Correlation>
<Execution ProcessID="3316" ThreadID="3332"></Execution>
<Channel>Microsoft-Windows-AppXDeployment/Operational</Channel>
<Computer>WIN-PTFPHFCRDJ0</Computer>
<Security UserID="S-1-5-21-1152959844-3645458174-3779170896-1000"></Security>
</System>
<EventData><Data Name="PackageFamilyName">Microsoft.Windows.Cortana_cw5n1h2txyewy</Data>
</EventData>
</Event>

<Event xmlns="http://schemas.microsoft.com/win/2004/08/events/event"><System><Provider Name="Microsoft-Windows-AppXDeployment" Guid="{8127f6d4-59f9-4abf-8952-3e3a02073d5f}"></Provider>
<EventID Qualifiers="">325</EventID>
<Version>0</Version>
<Level>4</Level>
<Task>0</Task>
<Opcode>0</Opcode>
<Keywords>0x4000000000010000</Keywords>
<TimeCreated SystemTime="2020-10-22 20:57:43.708982"></TimeCreated>
<EventRecordID>26</EventRecordID>
<Correlation ActivityID="{eae887f7-a8b5-0000-639c-e8eab5a8d601}" RelatedActivityID=""></Correlation>
<Execution ProcessID="3316" ThreadID="3328"></Execution>
<Channel>Microsoft-Windows-AppXDeployment/Operational</Channel>
<Computer>WIN-PTFPHFCRDJ0</Computer>
<Security UserID="S-1-5-21-1152959844-3645458174-3779170896-1000"></Security>
</System>
<EventData><Data Name="PackageFamilyName">Microsoft.Windows.Cortana_cw5n1h2txyewy</Data>
</EventData>
</Event>

<Event xmlns="http://schemas.microsoft.com/win/2004/08/events/event"><System><Provider Name="Microsoft-Windows-AppXDeployment" Guid="{8127f6d4-59f9-4abf-8952-3e3a02073d5f}"></Provider>
<EventID Qualifiers="">325</EventID>
<Version>0</Version>
<Level>4</Level>
<Task>0</Task>
<Opcode>0</Opcode>
<Keywords>0x4000000000010000</Keywords>
<TimeCreated SystemTime="2020-10-22 20:57:43.734810"></TimeCreated>
<EventRecordID>27</EventRecordID>
<Correlation ActivityID="{eae887f7-a8b5-0000-679c-e8eab5a8d601}" RelatedActivityID=""></Correlation>
<Execution ProcessID="3316" ThreadID="3328"></Execution>
<Channel>Microsoft-Windows-AppXDeployment/Operational</Channel>
<Computer>WIN-PTFPHFCRDJ0</Computer>
<Security UserID="S-1-5-21-1152959844-3645458174-3779170896-1000"></Security>
</System>
<EventData><Data Name="PackageFamilyName">Microsoft.Windows.Cortana_cw5n1h2txyewy</Data>
</EventData>
</Event>

<Event xmlns="http://schemas.microsoft.com/win/2004/08/events/event"><System><Provider Name="Microsoft-Windows-AppXDeployment" Guid="{8127f6d4-59f9-4abf-8952-3e3a02073d5f}"></Provider>
<EventID Qualifiers="">325</EventID>
<Version>0</Version>
<Level>4</Level>
<Task>0</Task>
<Opcode>0</Opcode>
<Keywords>0x4000000000010000</Keywords>
<TimeCreated SystemTime="2020-10-22 20:57:57.551361"></TimeCreated>
<EventRecordID>28</EventRecordID>
<Correlation ActivityID="{eae887f7-a8b5-0000-89a7-e8eab5a8d601}" RelatedActivityID=""></Correlation>
<Execution ProcessID="3316" ThreadID="3328"></Execution>
<Channel>Microsoft-Windows-AppXDeployment/Operational</Channel>
<Computer>WIN-PTFPHFCRDJ0</Computer>
<Security UserID="S-1-5-21-1152959844-3645458174-3779170896-1000"></Security>
</System>
<EventData><Data Name="PackageFamilyName">Microsoft.Windows.Cortana_cw5n1h2txyewy</Data>
</EventData>
</Event>

<Event xmlns="http://schemas.microsoft.com/win/2004/08/events/event"><System><Provider Name="Microsoft-Windows-AppXDeployment" Guid="{8127f6d4-59f9-4abf-8952-3e3a02073d5f}"></Provider>
<EventID Qualifiers="">325</EventID>
<Version>0</Version>
<Level>4</Level>
<Task>0</Task>
<Opcode>0</Opcode>
<Keywords>0x4000000000010000</Keywords>
<TimeCreated SystemTime="2020-10-22 20:57:57.555050"></TimeCreated>
<EventRecordID>29</EventRecordID>
<Correlation ActivityID="{eae887f7-a8b5-0000-8da7-e8eab5a8d601}" RelatedActivityID=""></Correlation>
<Execution ProcessID="3316" ThreadID="3328"></Execution>
<Channel>Microsoft-Windows-AppXDeployment/Operational</Channel>
<Computer>WIN-PTFPHFCRDJ0</Computer>
<Security UserID="S-1-5-21-1152959844-3645458174-3779170896-1000"></Security>
</System>
<EventData><Data Name="PackageFamilyName">Microsoft.Windows.Cortana_cw5n1h2txyewy</Data>
</EventData>
</Event>

<Event xmlns="http://schemas.microsoft.com/win/2004/08/events/event"><System><Provider Name="Microsoft-Windows-AppXDeployment" Guid="{8127f6d4-59f9-4abf-8952-3e3a02073d5f}"></Provider>
<EventID Qualifiers="">325</EventID>
<Version>0</Version>
<Level>4</Level>
<Task>0</Task>
<Opcode>0</Opcode>
<Keywords>0x4000000000010000</Keywords>
<TimeCreated SystemTime="2020-10-22 20:58:12.610617"></TimeCreated>
<EventRecordID>30</EventRecordID>
<Correlation ActivityID="{eae887f7-a8b5-0000-00a9-e8eab5a8d601}" RelatedActivityID=""></Correlation>
<Execution ProcessID="3316" ThreadID="3688"></Execution>
<Channel>Microsoft-Windows-AppXDeployment/Operational</Channel>
<Computer>WIN-PTFPHFCRDJ0</Computer>
<Security UserID="S-1-5-21-1152959844-3645458174-3779170896-1000"></Security>
</System>
<EventData><Data Name="PackageFamilyName">Microsoft.Windows.Cortana_cw5n1h2txyewy</Data>
</EventData>
</Event>

<Event xmlns="http://schemas.microsoft.com/win/2004/08/events/event"><System><Provider Name="Microsoft-Windows-AppXDeployment" Guid="{8127f6d4-59f9-4abf-8952-3e3a02073d5f}"></Provider>
<EventID Qualifiers="">325</EventID>
<Version>0</Version>
<Level>4</Level>
<Task>0</Task>
<Opcode>0</Opcode>
<Keywords>0x4000000000010000</Keywords>
<TimeCreated SystemTime="2020-10-22 20:58:12.614605"></TimeCreated>
<EventRecordID>31</EventRecordID>
<Correlation ActivityID="{eae887f7-a8b5-0000-04a9-e8eab5a8d601}" RelatedActivityID=""></Correlation>
<Execution ProcessID="3316" ThreadID="3708"></Execution>
<Channel>Microsoft-Windows-AppXDeployment/Operational</Channel>
<Computer>WIN-PTFPHFCRDJ0</Computer>
<Security UserID="S-1-5-21-1152959844-3645458174-3779170896-1000"></Security>
</System>
<EventData><Data Name="PackageFamilyName">Microsoft.Windows.Cortana_cw5n1h2txyewy</Data>
</EventData>
</Event>

<Event xmlns="http://schemas.microsoft.com/win/2004/08/events/event"><System><Provider Name="Microsoft-Windows-AppXDeployment" Guid="{8127f6d4-59f9-4abf-8952-3e3a02073d5f}"></Provider>
<EventID Qualifiers="">325</EventID>
<Version>0</Version>
<Level>4</Level>
<Task>0</Task>
<Opcode>0</Opcode>
<Keywords>0x4000000000010000</Keywords>
<TimeCreated SystemTime="2020-10-22 20:58:42.480412"></TimeCreated>
<EventRecordID>32</EventRecordID>
<Correlation ActivityID="{eae887f7-a8b5-0000-62b7-e8eab5a8d601}" RelatedActivityID=""></Correlation>
<Execution ProcessID="3316" ThreadID="3332"></Execution>
<Channel>Microsoft-Windows-AppXDeployment/Operational</Channel>
<Computer>WIN-PTFPHFCRDJ0</Computer>
<Security UserID="S-1-5-21-1152959844-3645458174-3779170896-1000"></Security>
</System>
<EventData><Data Name="PackageFamilyName">Microsoft.Windows.Cortana_cw5n1h2txyewy</Data>
</EventData>
</Event>

<Event xmlns="http://schemas.microsoft.com/win/2004/08/events/event"><System><Provider Name="Microsoft-Windows-AppXDeployment" Guid="{8127f6d4-59f9-4abf-8952-3e3a02073d5f}"></Provider>
<EventID Qualifiers="">325</EventID>
<Version>0</Version>
<Level>4</Level>
<Task>0</Task>
<Opcode>0</Opcode>
<Keywords>0x4000000000010000</Keywords>
<TimeCreated SystemTime="2020-10-22 20:58:42.483597"></TimeCreated>
<EventRecordID>33</EventRecordID>
<Correlation ActivityID="{eae887f7-a8b5-0000-66b7-e8eab5a8d601}" RelatedActivityID=""></Correlation>
<Execution ProcessID="3316" ThreadID="3688"></Execution>
<Channel>Microsoft-Windows-AppXDeployment/Operational</Channel>
<Computer>WIN-PTFPHFCRDJ0</Computer>
<Security UserID="S-1-5-21-1152959844-3645458174-3779170896-1000"></Security>
</System>
<EventData><Data Name="PackageFamilyName">Microsoft.Windows.Cortana_cw5n1h2txyewy</Data>
</EventData>
</Event>

<Event xmlns="http://schemas.microsoft.com/win/2004/08/events/event"><System><Provider Name="Microsoft-Windows-AppXDeployment" Guid="{8127f6d4-59f9-4abf-8952-3e3a02073d5f}"></Provider>
<EventID Qualifiers="">325</EventID>
<Version>0</Version>
<Level>4</Level>
<Task>0</Task>
<Opcode>0</Opcode>
<Keywords>0x4000000000010000</Keywords>
<TimeCreated SystemTime="2020-10-22 20:59:35.609760"></TimeCreated>
<EventRecordID>34</EventRecordID>
<Correlation ActivityID="{eae887f7-a8b5-0000-8cba-e8eab5a8d601}" RelatedActivityID=""></Correlation>
<Execution ProcessID="3316" ThreadID="3332"></Execution>
<Channel>Microsoft-Windows-AppXDeployment/Operational</Channel>
<Computer>WIN-PTFPHFCRDJ0</Computer>
<Security UserID="S-1-5-21-1152959844-3645458174-3779170896-1000"></Security>
</System>
<EventData><Data Name="PackageFamilyName">Microsoft.Windows.Cortana_cw5n1h2txyewy</Data>
</EventData>
</Event>

<Event xmlns="http://schemas.microsoft.com/win/2004/08/events/event"><System><Provider Name="Microsoft-Windows-AppXDeployment" Guid="{8127f6d4-59f9-4abf-8952-3e3a02073d5f}"></Provider>
<EventID Qualifiers="">325</EventID>
<Version>0</Version>
<Level>4</Level>
<Task>0</Task>
<Opcode>0</Opcode>
<Keywords>0x4000000000010000</Keywords>
<TimeCreated SystemTime="2020-10-22 20:59:35.619413"></TimeCreated>
<EventRecordID>35</EventRecordID>
<Correlation ActivityID="{eae887f7-a8b5-0000-90ba-e8eab5a8d601}" RelatedActivityID=""></Correlation>
<Execution ProcessID="3316" ThreadID="3328"></Execution>
<Channel>Microsoft-Windows-AppXDeployment/Operational</Channel>
<Computer>WIN-PTFPHFCRDJ0</Computer>
<Security UserID="S-1-5-21-1152959844-3645458174-3779170896-1000"></Security>
</System>
<EventData><Data Name="PackageFamilyName">Microsoft.Windows.Cortana_cw5n1h2txyewy</Data>
</EventData>
</Event>

<Event xmlns="http://schemas.microsoft.com/win/2004/08/events/event"><System><Provider Name="Microsoft-Windows-AppXDeployment" Guid="{8127f6d4-59f9-4abf-8952-3e3a02073d5f}"></Provider>
<EventID Qualifiers="">325</EventID>
<Version>0</Version>
<Level>4</Level>
<Task>0</Task>
<Opcode>0</Opcode>
<Keywords>0x4000000000010000</Keywords>
<TimeCreated SystemTime="2020-10-22 21:01:08.580538"></TimeCreated>
<EventRecordID>36</EventRecordID>
<Correlation ActivityID="{eae887f7-a8b5-0000-13bd-e8eab5a8d601}" RelatedActivityID=""></Correlation>
<Execution ProcessID="3316" ThreadID="3052"></Execution>
<Channel>Microsoft-Windows-AppXDeployment/Operational</Channel>
<Computer>WIN-PTFPHFCRDJ0</Computer>
<Security UserID="S-1-5-21-1152959844-3645458174-3779170896-1000"></Security>
</System>
<EventData><Data Name="PackageFamilyName">Microsoft.Windows.Cortana_cw5n1h2txyewy</Data>
</EventData>
</Event>

<Event xmlns="http://schemas.microsoft.com/win/2004/08/events/event"><System><Provider Name="Microsoft-Windows-AppXDeployment" Guid="{8127f6d4-59f9-4abf-8952-3e3a02073d5f}"></Provider>
<EventID Qualifiers="">325</EventID>
<Version>0</Version>
<Level>4</Level>
<Task>0</Task>
<Opcode>0</Opcode>
<Keywords>0x4000000000010000</Keywords>
<TimeCreated SystemTime="2020-10-22 21:01:08.583307"></TimeCreated>
<EventRecordID>37</EventRecordID>
<Correlation ActivityID="{eae887f7-a8b5-0000-17bd-e8eab5a8d601}" RelatedActivityID=""></Correlation>
<Execution ProcessID="3316" ThreadID="3052"></Execution>
<Channel>Microsoft-Windows-AppXDeployment/Operational</Channel>
<Computer>WIN-PTFPHFCRDJ0</Computer>
<Security UserID="S-1-5-21-1152959844-3645458174-3779170896-1000"></Security>
</System>
<EventData><Data Name="PackageFamilyName">Microsoft.Windows.Cortana_cw5n1h2txyewy</Data>
</EventData>
</Event>

<Event xmlns="http://schemas.microsoft.com/win/2004/08/events/event"><System><Provider Name="Microsoft-Windows-AppXDeployment" Guid="{8127f6d4-59f9-4abf-8952-3e3a02073d5f}"></Provider>
<EventID Qualifiers="">325</EventID>
<Version>0</Version>
<Level>4</Level>
<Task>0</Task>
<Opcode>0</Opcode>
<Keywords>0x4000000000010000</Keywords>
<TimeCreated SystemTime="2020-10-22 21:02:35.046568"></TimeCreated>
<EventRecordID>38</EventRecordID>
<Correlation ActivityID="{eae887f7-a8b5-0000-95bd-e8eab5a8d601}" RelatedActivityID=""></Correlation>
<Execution ProcessID="3316" ThreadID="3052"></Execution>
<Channel>Microsoft-Windows-AppXDeployment/Operational</Channel>
<Computer>WIN-PTFPHFCRDJ0</Computer>
<Security UserID="S-1-5-21-1152959844-3645458174-3779170896-1000"></Security>
</System>
<EventData><Data Name="PackageFamilyName">Microsoft.Windows.Cortana_cw5n1h2txyewy</Data>
</EventData>
</Event>

<Event xmlns="http://schemas.microsoft.com/win/2004/08/events/event"><System><Provider Name="Microsoft-Windows-AppXDeployment" Guid="{8127f6d4-59f9-4abf-8952-3e3a02073d5f}"></Provider>
<EventID Qualifiers="">325</EventID>
<Version>0</Version>
<Level>4</Level>
<Task>0</Task>
<Opcode>0</Opcode>
<Keywords>0x4000000000010000</Keywords>
<TimeCreated SystemTime="2020-10-22 21:02:35.049507"></TimeCreated>
<EventRecordID>39</EventRecordID>
<Correlation ActivityID="{eae887f7-a8b5-0000-99bd-e8eab5a8d601}" RelatedActivityID=""></Correlation>
<Execution ProcessID="3316" ThreadID="3052"></Execution>
<Channel>Microsoft-Windows-AppXDeployment/Operational</Channel>
<Computer>WIN-PTFPHFCRDJ0</Computer>
<Security UserID="S-1-5-21-1152959844-3645458174-3779170896-1000"></Security>
</System>
<EventData><Data Name="PackageFamilyName">Microsoft.Windows.Cortana_cw5n1h2txyewy</Data>
</EventData>
</Event>

<Event xmlns="http://schemas.microsoft.com/win/2004/08/events/event"><System><Provider Name="Microsoft-Windows-AppXDeployment" Guid="{8127f6d4-59f9-4abf-8952-3e3a02073d5f}"></Provider>
<EventID Qualifiers="">325</EventID>
<Version>0</Version>
<Level>4</Level>
<Task>0</Task>
<Opcode>0</Opcode>
<Keywords>0x4000000000010000</Keywords>
<TimeCreated SystemTime="2020-10-22 21:11:12.642569"></TimeCreated>
<EventRecordID>40</EventRecordID>
<Correlation ActivityID="{eae887f7-a8b5-0000-efc8-e8eab5a8d601}" RelatedActivityID=""></Correlation>
<Execution ProcessID="3316" ThreadID="5072"></Execution>
<Channel>Microsoft-Windows-AppXDeployment/Operational</Channel>
<Computer>WIN-PTFPHFCRDJ0</Computer>
<Security UserID="S-1-5-21-1152959844-3645458174-3779170896-1000"></Security>
</System>
<EventData><Data Name="PackageFamilyName">Microsoft.Windows.Cortana_cw5n1h2txyewy</Data>
</EventData>
</Event>

<Event xmlns="http://schemas.microsoft.com/win/2004/08/events/event"><System><Provider Name="Microsoft-Windows-AppXDeployment" Guid="{8127f6d4-59f9-4abf-8952-3e3a02073d5f}"></Provider>
<EventID Qualifiers="">325</EventID>
<Version>0</Version>
<Level>4</Level>
<Task>0</Task>
<Opcode>0</Opcode>
<Keywords>0x4000000000010000</Keywords>
<TimeCreated SystemTime="2020-10-22 21:11:12.646509"></TimeCreated>
<EventRecordID>41</EventRecordID>
<Correlation ActivityID="{eae887f7-a8b5-0000-f3c8-e8eab5a8d601}" RelatedActivityID=""></Correlation>
<Execution ProcessID="3316" ThreadID="5072"></Execution>
<Channel>Microsoft-Windows-AppXDeployment/Operational</Channel>
<Computer>WIN-PTFPHFCRDJ0</Computer>
<Security UserID="S-1-5-21-1152959844-3645458174-3779170896-1000"></Security>
</System>
<EventData><Data Name="PackageFamilyName">Microsoft.Windows.Cortana_cw5n1h2txyewy</Data>
</EventData>
</Event>

<Event xmlns="http://schemas.microsoft.com/win/2004/08/events/event"><System><Provider Name="Microsoft-Windows-AppXDeployment" Guid="{8127f6d4-59f9-4abf-8952-3e3a02073d5f}"></Provider>
<EventID Qualifiers="">325</EventID>
<Version>0</Version>
<Level>4</Level>
<Task>0</Task>
<Opcode>0</Opcode>
<Keywords>0x4000000000010000</Keywords>
<TimeCreated SystemTime="2020-10-22 21:18:05.007372"></TimeCreated>
<EventRecordID>42</EventRecordID>
<Correlation ActivityID="{eae887f7-a8b5-0000-6fd2-e8eab5a8d601}" RelatedActivityID=""></Correlation>
<Execution ProcessID="3316" ThreadID="3528"></Execution>
<Channel>Microsoft-Windows-AppXDeployment/Operational</Channel>
<Computer>WIN-PTFPHFCRDJ0</Computer>
<Security UserID="S-1-5-21-1152959844-3645458174-3779170896-1000"></Security>
</System>
<EventData><Data Name="PackageFamilyName">Microsoft.Windows.Cortana_cw5n1h2txyewy</Data>
</EventData>
</Event>

<Event xmlns="http://schemas.microsoft.com/win/2004/08/events/event"><System><Provider Name="Microsoft-Windows-AppXDeployment" Guid="{8127f6d4-59f9-4abf-8952-3e3a02073d5f}"></Provider>
<EventID Qualifiers="">325</EventID>
<Version>0</Version>
<Level>4</Level>
<Task>0</Task>
<Opcode>0</Opcode>
<Keywords>0x4000000000010000</Keywords>
<TimeCreated SystemTime="2020-10-22 21:18:05.010132"></TimeCreated>
<EventRecordID>43</EventRecordID>
<Correlation ActivityID="{eae887f7-a8b5-0000-73d2-e8eab5a8d601}" RelatedActivityID=""></Correlation>
<Execution ProcessID="3316" ThreadID="3528"></Execution>
<Channel>Microsoft-Windows-AppXDeployment/Operational</Channel>
<Computer>WIN-PTFPHFCRDJ0</Computer>
<Security UserID="S-1-5-21-1152959844-3645458174-3779170896-1000"></Security>
</System>
<EventData><Data Name="PackageFamilyName">Microsoft.Windows.Cortana_cw5n1h2txyewy</Data>
</EventData>
</Event>

<Event xmlns="http://schemas.microsoft.com/win/2004/08/events/event"><System><Provider Name="Microsoft-Windows-AppXDeployment" Guid="{8127f6d4-59f9-4abf-8952-3e3a02073d5f}"></Provider>
<EventID Qualifiers="">325</EventID>
<Version>0</Version>
<Level>4</Level>
<Task>0</Task>
<Opcode>0</Opcode>
<Keywords>0x4000000000010000</Keywords>
<TimeCreated SystemTime="2020-10-22 21:24:12.193476"></TimeCreated>
<EventRecordID>44</EventRecordID>
<Correlation ActivityID="{eae887f7-a8b5-0000-20d9-e8eab5a8d601}" RelatedActivityID=""></Correlation>
<Execution ProcessID="3316" ThreadID="4792"></Execution>
<Channel>Microsoft-Windows-AppXDeployment/Operational</Channel>
<Computer>WIN-PTFPHFCRDJ0</Computer>
<Security UserID="S-1-5-21-1152959844-3645458174-3779170896-1000"></Security>
</System>
<EventData><Data Name="PackageFamilyName">Microsoft.Windows.Cortana_cw5n1h2txyewy</Data>
</EventData>
</Event>

<Event xmlns="http://schemas.microsoft.com/win/2004/08/events/event"><System><Provider Name="Microsoft-Windows-AppXDeployment" Guid="{8127f6d4-59f9-4abf-8952-3e3a02073d5f}"></Provider>
<EventID Qualifiers="">325</EventID>
<Version>0</Version>
<Level>4</Level>
<Task>0</Task>
<Opcode>0</Opcode>
<Keywords>0x4000000000010000</Keywords>
<TimeCreated SystemTime="2020-10-22 21:24:12.196413"></TimeCreated>
<EventRecordID>45</EventRecordID>
<Correlation ActivityID="{eae887f7-a8b5-0000-24d9-e8eab5a8d601}" RelatedActivityID=""></Correlation>
<Execution ProcessID="3316" ThreadID="4792"></Execution>
<Channel>Microsoft-Windows-AppXDeployment/Operational</Channel>
<Computer>WIN-PTFPHFCRDJ0</Computer>
<Security UserID="S-1-5-21-1152959844-3645458174-3779170896-1000"></Security>
</System>
<EventData><Data Name="PackageFamilyName">Microsoft.Windows.Cortana_cw5n1h2txyewy</Data>
</EventData>
</Event>

<Event xmlns="http://schemas.microsoft.com/win/2004/08/events/event"><System><Provider Name="Microsoft-Windows-AppXDeployment" Guid="{8127f6d4-59f9-4abf-8952-3e3a02073d5f}"></Provider>
<EventID Qualifiers="">325</EventID>
<Version>0</Version>
<Level>4</Level>
<Task>0</Task>
<Opcode>0</Opcode>
<Keywords>0x4000000000010000</Keywords>
<TimeCreated SystemTime="2020-10-22 21:44:41.103638"></TimeCreated>
<EventRecordID>46</EventRecordID>
<Correlation ActivityID="{eae887f7-a8b5-0000-89de-e8eab5a8d601}" RelatedActivityID=""></Correlation>
<Execution ProcessID="3316" ThreadID="5068"></Execution>
<Channel>Microsoft-Windows-AppXDeployment/Operational</Channel>
<Computer>WIN-PTFPHFCRDJ0</Computer>
<Security UserID="S-1-5-21-1152959844-3645458174-3779170896-1000"></Security>
</System>
<EventData><Data Name="PackageFamilyName">Microsoft.Windows.Cortana_cw5n1h2txyewy</Data>
</EventData>
</Event>

<Event xmlns="http://schemas.microsoft.com/win/2004/08/events/event"><System><Provider Name="Microsoft-Windows-AppXDeployment" Guid="{8127f6d4-59f9-4abf-8952-3e3a02073d5f}"></Provider>
<EventID Qualifiers="">325</EventID>
<Version>0</Version>
<Level>4</Level>
<Task>0</Task>
<Opcode>0</Opcode>
<Keywords>0x4000000000010000</Keywords>
<TimeCreated SystemTime="2020-10-22 21:44:41.112740"></TimeCreated>
<EventRecordID>47</EventRecordID>
<Correlation ActivityID="{eae887f7-a8b5-0000-8dde-e8eab5a8d601}" RelatedActivityID=""></Correlation>
<Execution ProcessID="3316" ThreadID="5068"></Execution>
<Channel>Microsoft-Windows-AppXDeployment/Operational</Channel>
<Computer>WIN-PTFPHFCRDJ0</Computer>
<Security UserID="S-1-5-21-1152959844-3645458174-3779170896-1000"></Security>
</System>
<EventData><Data Name="PackageFamilyName">Microsoft.Windows.Cortana_cw5n1h2txyewy</Data>
</EventData>
</Event>

<Event xmlns="http://schemas.microsoft.com/win/2004/08/events/event"><System><Provider Name="Microsoft-Windows-AppXDeployment" Guid="{8127f6d4-59f9-4abf-8952-3e3a02073d5f}"></Provider>
<EventID Qualifiers="">325</EventID>
<Version>0</Version>
<Level>4</Level>
<Task>0</Task>
<Opcode>0</Opcode>
<Keywords>0x4000000000010000</Keywords>
<TimeCreated SystemTime="2020-10-22 21:44:53.436285"></TimeCreated>
<EventRecordID>48</EventRecordID>
<Correlation ActivityID="{eae887f7-a8b5-0000-8cdf-e8eab5a8d601}" RelatedActivityID=""></Correlation>
<Execution ProcessID="3316" ThreadID="2568"></Execution>
<Channel>Microsoft-Windows-AppXDeployment/Operational</Channel>
<Computer>WIN-PTFPHFCRDJ0</Computer>
<Security UserID="S-1-5-21-1152959844-3645458174-3779170896-1000"></Security>
</System>
<EventData><Data Name="PackageFamilyName">Microsoft.Windows.Cortana_cw5n1h2txyewy</Data>
</EventData>
</Event>

<Event xmlns="http://schemas.microsoft.com/win/2004/08/events/event"><System><Provider Name="Microsoft-Windows-AppXDeployment" Guid="{8127f6d4-59f9-4abf-8952-3e3a02073d5f}"></Provider>
<EventID Qualifiers="">325</EventID>
<Version>0</Version>
<Level>4</Level>
<Task>0</Task>
<Opcode>0</Opcode>
<Keywords>0x4000000000010000</Keywords>
<TimeCreated SystemTime="2020-10-22 21:44:53.438807"></TimeCreated>
<EventRecordID>49</EventRecordID>
<Correlation ActivityID="{eae887f7-a8b5-0000-90df-e8eab5a8d601}" RelatedActivityID=""></Correlation>
<Execution ProcessID="3316" ThreadID="2568"></Execution>
<Channel>Microsoft-Windows-AppXDeployment/Operational</Channel>
<Computer>WIN-PTFPHFCRDJ0</Computer>
<Security UserID="S-1-5-21-1152959844-3645458174-3779170896-1000"></Security>
</System>
<EventData><Data Name="PackageFamilyName">Microsoft.Windows.Cortana_cw5n1h2txyewy</Data>
</EventData>
</Event>

<Event xmlns="http://schemas.microsoft.com/win/2004/08/events/event"><System><Provider Name="Microsoft-Windows-AppXDeployment" Guid="{8127f6d4-59f9-4abf-8952-3e3a02073d5f}"></Provider>
<EventID Qualifiers="">325</EventID>
<Version>0</Version>
<Level>4</Level>
<Task>0</Task>
<Opcode>0</Opcode>
<Keywords>0x4000000000010000</Keywords>
<TimeCreated SystemTime="2020-10-22 22:15:06.734692"></TimeCreated>
<EventRecordID>50</EventRecordID>
<Correlation ActivityID="{eae887f7-a8b5-0000-fe82-e9eab5a8d601}" RelatedActivityID=""></Correlation>
<Execution ProcessID="3316" ThreadID="612"></Execution>
<Channel>Microsoft-Windows-AppXDeployment/Operational</Channel>
<Computer>WIN-PTFPHFCRDJ0</Computer>
<Security UserID="S-1-5-21-1152959844-3645458174-3779170896-1000"></Security>
</System>
<EventData><Data Name="PackageFamilyName">Microsoft.Windows.Cortana_cw5n1h2txyewy</Data>
</EventData>
</Event>

