<Event xmlns="http://schemas.microsoft.com/win/2004/08/events/event"><System><Provider Name="Microsoft-Windows-StorPort" Guid="{c4636a1e-7986-4646-bf10-7bc3b4a76e8e}"></Provider>
<EventID Qualifiers="">504</EventID>
<Version>2</Version>
<Level>4</Level>
<Task>201</Task>
<Opcode>0</Opcode>
<Keywords>0x0800000000600000</Keywords>
<TimeCreated SystemTime="2020-10-23 18:59:20.334171"></TimeCreated>
<EventRecordID>18</EventRecordID>
<Correlation ActivityID="" RelatedActivityID=""></Correlation>
<Execution ProcessID="0" ThreadID="0"></Execution>
<Channel>Microsoft-Windows-Storage-Storport/Operational</Channel>
<Computer>WIN-PTFPHFCRDJ0</Computer>
<Security UserID=""></Security>
</System>
<EventData><Data Name="PortNumber">2</Data>
<Data Name="PathID">1</Data>
<Data Name="TargetID">0</Data>
<Data Name="LUN">0</Data>
<Data Name="ClassDeviceGuid">{00000000-0000-0000-0000-000000000000}</Data>
<Data Name="AdapterGuid">{660680d2-1519-11eb-bd99-806e6f6e6963}</Data>
<Data Name="MiniportName">storahci</Data>
<Data Name="VendorId">NECVMWar</Data>
<Data Name="ProductId">VMware SATA CD01</Data>
<Data Name="SystemUptime_s">661</Data>
<Data Name="Version">3</Data>
<Data Name="TotalErrors">13</Data>
<Data Name="TotalReadWriteErrors">0</Data>
<Data Name="TotalImpendingDeviceFailureErrors">0</Data>
<Data Name="TotalDeviceFailureErrors">0</Data>
<Data Name="TimeoutsInMiniport">0</Data>
<Data Name="LastError_RequestDuration_ms">0</Data>
<Data Name="LastError_WaitDuration_ms">0</Data>
<Data Name="LastError_Command">0</Data>
<Data Name="LastError_SrbStatus">4</Data>
<Data Name="LastError_ScsiStatus">2</Data>
<Data Name="LastError_SenseKey">2</Data>
<Data Name="LastError_AddSense">58</Data>
<Data Name="LastError_AddSenseQ">0</Data>
<Data Name="LastError_IoSize">0</Data>
<Data Name="LastError_QueueDepth">0</Data>
<Data Name="LastError_LBA">0x0000000000000000</Data>
<Data Name="SampledErrorLogArrayLength">400</Data>
<Data Name="SampledErrorLogArray">BAICOgAlAAAAAAAAAQAAAAAAAAAAAAAAAAAAAAAAAAAAAAAAAAAAAAQCBSAApAAAAAAAAAEAAAAAAAAAAAAAAAAAAAAAAAAAAQAAAAAAAAAEAgI6AAAAAAAAAAABAAAAAAAAAAAAAAAAAAAAAAAAAAIAAAAAAAAABAICOgAAAAAAAAAAAQAAAAAAAAAAAAAAAAAAAAAAAAADAAAAAAAAAAQCAjoAAAAAAAAAAAEAAAAAAAAAAAAAAAAAAAAAAAAABAAAAAAAAAAEAgI6AAAAAAAAAAABAAAAAAAAAAAAAAAAAAAAAAAAAAoAAAAAAAAABAICOgAAAAAAAAAAAQAAAAAAAAAAAAAAAAAAAAAAAAALAAAAAAAAAAQCAjoAAAAAAAAAAAEAAAAAAAAAAAAAAAAAAAAAAAAABwAAAAAAAAAEAgI6AAAAAAAAAAABAAAAAAAAAAAAAAAAAAAAAAAAAAgAAAAAAAAABAICOgAAAAAAAAAAAQAAAAAAAAAAAAAAAAAAAAAAAAAJAAAAAAAAAA==</Data>
<Data Name="UniqueErrorLogArrayLength">80</Data>
<Data Name="UniqueErrorLogArray">BAICOgAlAAAAAAAAAQAAAAAAAAAAAAAAAAAAAAAAAAAMAAAAAAAAAAQCBSAApAAAAAAAAAEAAAAAAAAAAAAAAAAAAAAAAAAAAQAAAAAAAAA=</Data>
</EventData>
</Event>

<Event xmlns="http://schemas.microsoft.com/win/2004/08/events/event"><System><Provider Name="Microsoft-Windows-StorPort" Guid="{c4636a1e-7986-4646-bf10-7bc3b4a76e8e}"></Provider>
<EventID Qualifiers="">505</EventID>
<Version>3</Version>
<Level>4</Level>
<Task>201</Task>
<Opcode>0</Opcode>
<Keywords>0x0800000000600000</Keywords>
<TimeCreated SystemTime="2020-10-24 22:02:52.464672"></TimeCreated>
<EventRecordID>19</EventRecordID>
<Correlation ActivityID="" RelatedActivityID=""></Correlation>
<Execution ProcessID="2424" ThreadID="2740"></Execution>
<Channel>Microsoft-Windows-Storage-Storport/Operational</Channel>
<Computer>WIN-PTFPHFCRDJ0</Computer>
<Security UserID=""></Security>
</System>
<EventData><Data Name="PortNumber">3</Data>
<Data Name="PathID">0</Data>
<Data Name="TargetID">0</Data>
<Data Name="LUN">0</Data>
<Data Name="ClassDeviceGuid">{7b6f1752-bd95-6e22-e3a5-6ee8419ecad7}</Data>
<Data Name="AdapterGuid">{660680d3-1519-11eb-bd99-806e6f6e6963}</Data>
<Data Name="MiniportName">stornvme</Data>
<Data Name="VendorId">NVMe    </Data>
<Data Name="ProductId">VMware Virtual N</Data>
<Data Name="SystemUptime_s">662</Data>
<Data Name="Version">10</Data>
<Data Name="TotalIoCount">58246</Data>
<Data Name="MaxDeviceQueueCount">197</Data>
<Data Name="MaxOutstandingCount">256</Data>
<Data Name="MaxReadWriteLatency_100ns">14350668</Data>
<Data Name="MaxFlushLatency_100ns">0</Data>
<Data Name="MaxUnmapLatency_100ns">0</Data>
<Data Name="IoLatencyBuckets">256us, 1ms, 4ms, 16ms, 64ms, 128ms, 256ms, 2000ms, 6000ms, 10000ms, 20000ms, 20000+ms</Data>
<Data Name="BucketIoSuccess1">9794</Data>
<Data Name="BucketIoSuccess2">16377</Data>
<Data Name="BucketIoSuccess3">2239</Data>
<Data Name="BucketIoSuccess4">7349</Data>
<Data Name="BucketIoSuccess5">17921</Data>
<Data Name="BucketIoSuccess6">2219</Data>
<Data Name="BucketIoSuccess7">1036</Data>
<Data Name="BucketIoSuccess8">1311</Data>
<Data Name="BucketIoSuccess9">0</Data>
<Data Name="BucketIoSuccess10">0</Data>
<Data Name="BucketIoSuccess11">0</Data>
<Data Name="BucketIoSuccess12">0</Data>
<Data Name="BucketIoFailed1">0</Data>
<Data Name="BucketIoFailed2">0</Data>
<Data Name="BucketIoFailed3">0</Data>
<Data Name="BucketIoFailed4">0</Data>
<Data Name="BucketIoFailed5">0</Data>
<Data Name="BucketIoFailed6">0</Data>
<Data Name="BucketIoFailed7">0</Data>
<Data Name="BucketIoFailed8">0</Data>
<Data Name="BucketIoFailed9">0</Data>
<Data Name="BucketIoFailed10">0</Data>
<Data Name="BucketIoFailed11">0</Data>
<Data Name="BucketIoFailed12">0</Data>
<Data Name="BucketIoLatency1_100ns">15757620</Data>
<Data Name="BucketIoLatency2_100ns">86916780</Data>
<Data Name="BucketIoLatency3_100ns">47206272</Data>
<Data Name="BucketIoLatency4_100ns">761109924</Data>
<Data Name="BucketIoLatency5_100ns">5754315541</Data>
<Data Name="BucketIoLatency6_100ns">1954881363</Data>
<Data Name="BucketIoLatency7_100ns">1829459602</Data>
<Data Name="BucketIoLatency8_100ns">6734031435</Data>
<Data Name="BucketIoLatency9_100ns">0</Data>
<Data Name="BucketIoLatency10_100ns">0</Data>
<Data Name="BucketIoLatency11_100ns">0</Data>
<Data Name="BucketIoLatency12_100ns">0</Data>
<Data Name="TotalReadBytes">1147226112</Data>
<Data Name="TotalWriteBytes">728759296</Data>
</EventData>
</Event>

<Event xmlns="http://schemas.microsoft.com/win/2004/08/events/event"><System><Provider Name="Microsoft-Windows-StorPort" Guid="{c4636a1e-7986-4646-bf10-7bc3b4a76e8e}"></Provider>
<EventID Qualifiers="">504</EventID>
<Version>2</Version>
<Level>4</Level>
<Task>201</Task>
<Opcode>0</Opcode>
<Keywords>0x0800000000600000</Keywords>
<TimeCreated SystemTime="2020-10-24 22:02:52.464676"></TimeCreated>
<EventRecordID>20</EventRecordID>
<Correlation ActivityID="" RelatedActivityID=""></Correlation>
<Execution ProcessID="2424" ThreadID="2740"></Execution>
<Channel>Microsoft-Windows-Storage-Storport/Operational</Channel>
<Computer>WIN-PTFPHFCRDJ0</Computer>
<Security UserID=""></Security>
</System>
<EventData><Data Name="PortNumber">3</Data>
<Data Name="PathID">0</Data>
<Data Name="TargetID">0</Data>
<Data Name="LUN">0</Data>
<Data Name="ClassDeviceGuid">{7b6f1752-bd95-6e22-e3a5-6ee8419ecad7}</Data>
<Data Name="AdapterGuid">{660680d3-1519-11eb-bd99-806e6f6e6963}</Data>
<Data Name="MiniportName">stornvme</Data>
<Data Name="VendorId">NVMe    </Data>
<Data Name="ProductId">VMware Virtual N</Data>
<Data Name="SystemUptime_s">662</Data>
<Data Name="Version">3</Data>
<Data Name="TotalErrors">1</Data>
<Data Name="TotalReadWriteErrors">0</Data>
<Data Name="TotalImpendingDeviceFailureErrors">0</Data>
<Data Name="TotalDeviceFailureErrors">0</Data>
<Data Name="TimeoutsInMiniport">0</Data>
<Data Name="LastError_RequestDuration_ms">0</Data>
<Data Name="LastError_WaitDuration_ms">0</Data>
<Data Name="LastError_Command">26</Data>
<Data Name="LastError_SrbStatus">6</Data>
<Data Name="LastError_ScsiStatus">2</Data>
<Data Name="LastError_SenseKey">5</Data>
<Data Name="LastError_AddSense">36</Data>
<Data Name="LastError_AddSenseQ">0</Data>
<Data Name="LastError_IoSize">0</Data>
<Data Name="LastError_QueueDepth">0</Data>
<Data Name="LastError_LBA">0x0000000000000000</Data>
<Data Name="SampledErrorLogArrayLength">0</Data>
<Data Name="SampledErrorLogArray"></Data>
<Data Name="UniqueErrorLogArrayLength">40</Data>
<Data Name="UniqueErrorLogArray">BgIFJAAaAAAAAAAAAQAAAAAAAAAAAAAAAAAAAAAAAAABAAAAAAAAAA==</Data>
</EventData>
</Event>

<Event xmlns="http://schemas.microsoft.com/win/2004/08/events/event"><System><Provider Name="Microsoft-Windows-StorPort" Guid="{c4636a1e-7986-4646-bf10-7bc3b4a76e8e}"></Provider>
<EventID Qualifiers="">504</EventID>
<Version>2</Version>
<Level>4</Level>
<Task>201</Task>
<Opcode>0</Opcode>
<Keywords>0x0800000000600000</Keywords>
<TimeCreated SystemTime="2020-10-24 22:02:52.464684"></TimeCreated>
<EventRecordID>21</EventRecordID>
<Correlation ActivityID="" RelatedActivityID=""></Correlation>
<Execution ProcessID="2424" ThreadID="2740"></Execution>
<Channel>Microsoft-Windows-Storage-Storport/Operational</Channel>
<Computer>WIN-PTFPHFCRDJ0</Computer>
<Security UserID=""></Security>
</System>
<EventData><Data Name="PortNumber">2</Data>
<Data Name="PathID">1</Data>
<Data Name="TargetID">0</Data>
<Data Name="LUN">0</Data>
<Data Name="ClassDeviceGuid">{00000000-0000-0000-0000-000000000000}</Data>
<Data Name="AdapterGuid">{660680d2-1519-11eb-bd99-806e6f6e6963}</Data>
<Data Name="MiniportName">storahci</Data>
<Data Name="VendorId">NECVMWar</Data>
<Data Name="ProductId">VMware SATA CD01</Data>
<Data Name="SystemUptime_s">662</Data>
<Data Name="Version">3</Data>
<Data Name="TotalErrors">16</Data>
<Data Name="TotalReadWriteErrors">0</Data>
<Data Name="TotalImpendingDeviceFailureErrors">0</Data>
<Data Name="TotalDeviceFailureErrors">0</Data>
<Data Name="TimeoutsInMiniport">0</Data>
<Data Name="LastError_RequestDuration_ms">0</Data>
<Data Name="LastError_WaitDuration_ms">0</Data>
<Data Name="LastError_Command">0</Data>
<Data Name="LastError_SrbStatus">4</Data>
<Data Name="LastError_ScsiStatus">2</Data>
<Data Name="LastError_SenseKey">2</Data>
<Data Name="LastError_AddSense">58</Data>
<Data Name="LastError_AddSenseQ">0</Data>
<Data Name="LastError_IoSize">0</Data>
<Data Name="LastError_QueueDepth">0</Data>
<Data Name="LastError_LBA">0x0000000000000000</Data>
<Data Name="SampledErrorLogArrayLength">400</Data>
<Data Name="SampledErrorLogArray">BAICOgAlAAAAAAAAAQAAAAAAAAAAAAAAAAAAAAAAAAAAAAAAAAAAAAQCBSAApAAAAAAAAAEAAAAAAAAAAAAAAAAAAAAAAAAAAQAAAAAAAAAEAgI6AAAAAAAAAAABAAAAAAAAAAAAAAAAAAAAAAAAAAIAAAAAAAAABAICOgAAAAAAAAAAAQAAAAAAAAAAAAAAAAAAAAAAAAANAAAAAAAAAAQCAjoAAAAAAAAAAAEAAAAAAAAAAAAAAAAAAAAAAAAADgAAAAAAAAAEAgI6AAAAAAAAAAABAAAAAAAAAAAAAAAAAAAAAAAAAAUAAAAAAAAABAICOgAAAAAAAAAAAQAAAAAAAAAAAAAAAAAAAAAAAAAMAAAAAAAAAAQCAjoAAAAAAAAAAAEAAAAAAAAAAAAAAAAAAAAAAAAABwAAAAAAAAAEAgI6AAAAAAAAAAABAAAAAAAAAAAAAAAAAAAAAAAAAAoAAAAAAAAABAICOgAAAAAAAAAAAQAAAAAAAAAAAAAAAAAAAAAAAAAJAAAAAAAAAA==</Data>
<Data Name="UniqueErrorLogArrayLength">80</Data>
<Data Name="UniqueErrorLogArray">BAICOgAlAAAAAAAAAQAAAAAAAAAAAAAAAAAAAAAAAAAPAAAAAAAAAAQCBSAApAAAAAAAAAEAAAAAAAAAAAAAAAAAAAAAAAAAAQAAAAAAAAA=</Data>
</EventData>
</Event>

<Event xmlns="http://schemas.microsoft.com/win/2004/08/events/event"><System><Provider Name="Microsoft-Windows-StorPort" Guid="{c4636a1e-7986-4646-bf10-7bc3b4a76e8e}"></Provider>
<EventID Qualifiers="">505</EventID>
<Version>3</Version>
<Level>4</Level>
<Task>201</Task>
<Opcode>0</Opcode>
<Keywords>0x0800000000600000</Keywords>
<TimeCreated SystemTime="2020-10-24 22:29:44.088909"></TimeCreated>
<EventRecordID>22</EventRecordID>
<Correlation ActivityID="" RelatedActivityID=""></Correlation>
<Execution ProcessID="0" ThreadID="0"></Execution>
<Channel>Microsoft-Windows-Storage-Storport/Operational</Channel>
<Computer>WIN-PTFPHFCRDJ0</Computer>
<Security UserID=""></Security>
</System>
<EventData><Data Name="PortNumber">3</Data>
<Data Name="PathID">0</Data>
<Data Name="TargetID">0</Data>
<Data Name="LUN">0</Data>
<Data Name="ClassDeviceGuid">{7b6f1752-bd95-6e22-e3a5-6ee8419ecad7}</Data>
<Data Name="AdapterGuid">{660680d3-1519-11eb-bd99-806e6f6e6963}</Data>
<Data Name="MiniportName">stornvme</Data>
<Data Name="VendorId">NVMe    </Data>
<Data Name="ProductId">VMware Virtual N</Data>
<Data Name="SystemUptime_s">661</Data>
<Data Name="Version">10</Data>
<Data Name="TotalIoCount">76170</Data>
<Data Name="MaxDeviceQueueCount">22621</Data>
<Data Name="MaxOutstandingCount">256</Data>
<Data Name="MaxReadWriteLatency_100ns">7693873</Data>
<Data Name="MaxFlushLatency_100ns">0</Data>
<Data Name="MaxUnmapLatency_100ns">0</Data>
<Data Name="IoLatencyBuckets">256us, 1ms, 4ms, 16ms, 64ms, 128ms, 256ms, 2000ms, 6000ms, 10000ms, 20000ms, 20000+ms</Data>
<Data Name="BucketIoSuccess1">24635</Data>
<Data Name="BucketIoSuccess2">22549</Data>
<Data Name="BucketIoSuccess3">2626</Data>
<Data Name="BucketIoSuccess4">6088</Data>
<Data Name="BucketIoSuccess5">17014</Data>
<Data Name="BucketIoSuccess6">1905</Data>
<Data Name="BucketIoSuccess7">920</Data>
<Data Name="BucketIoSuccess8">432</Data>
<Data Name="BucketIoSuccess9">0</Data>
<Data Name="BucketIoSuccess10">0</Data>
<Data Name="BucketIoSuccess11">0</Data>
<Data Name="BucketIoSuccess12">0</Data>
<Data Name="BucketIoFailed1">1</Data>
<Data Name="BucketIoFailed2">0</Data>
<Data Name="BucketIoFailed3">0</Data>
<Data Name="BucketIoFailed4">0</Data>
<Data Name="BucketIoFailed5">0</Data>
<Data Name="BucketIoFailed6">0</Data>
<Data Name="BucketIoFailed7">0</Data>
<Data Name="BucketIoFailed8">0</Data>
<Data Name="BucketIoFailed9">0</Data>
<Data Name="BucketIoFailed10">0</Data>
<Data Name="BucketIoFailed11">0</Data>
<Data Name="BucketIoFailed12">0</Data>
<Data Name="BucketIoLatency1_100ns">38861025</Data>
<Data Name="BucketIoLatency2_100ns">112371719</Data>
<Data Name="BucketIoLatency3_100ns">55469349</Data>
<Data Name="BucketIoLatency4_100ns">627670814</Data>
<Data Name="BucketIoLatency5_100ns">5562394762</Data>
<Data Name="BucketIoLatency6_100ns">1659358145</Data>
<Data Name="BucketIoLatency7_100ns">1610590723</Data>
<Data Name="BucketIoLatency8_100ns">1770729874</Data>
<Data Name="BucketIoLatency9_100ns">0</Data>
<Data Name="BucketIoLatency10_100ns">0</Data>
<Data Name="BucketIoLatency11_100ns">0</Data>
<Data Name="BucketIoLatency12_100ns">0</Data>
<Data Name="TotalReadBytes">1248541696</Data>
<Data Name="TotalWriteBytes">178679296</Data>
</EventData>
</Event>

<Event xmlns="http://schemas.microsoft.com/win/2004/08/events/event"><System><Provider Name="Microsoft-Windows-StorPort" Guid="{c4636a1e-7986-4646-bf10-7bc3b4a76e8e}"></Provider>
<EventID Qualifiers="">504</EventID>
<Version>2</Version>
<Level>4</Level>
<Task>201</Task>
<Opcode>0</Opcode>
<Keywords>0x0800000000600000</Keywords>
<TimeCreated SystemTime="2020-10-24 22:29:44.088917"></TimeCreated>
<EventRecordID>23</EventRecordID>
<Correlation ActivityID="" RelatedActivityID=""></Correlation>
<Execution ProcessID="0" ThreadID="0"></Execution>
<Channel>Microsoft-Windows-Storage-Storport/Operational</Channel>
<Computer>WIN-PTFPHFCRDJ0</Computer>
<Security UserID=""></Security>
</System>
<EventData><Data Name="PortNumber">3</Data>
<Data Name="PathID">0</Data>
<Data Name="TargetID">0</Data>
<Data Name="LUN">0</Data>
<Data Name="ClassDeviceGuid">{7b6f1752-bd95-6e22-e3a5-6ee8419ecad7}</Data>
<Data Name="AdapterGuid">{660680d3-1519-11eb-bd99-806e6f6e6963}</Data>
<Data Name="MiniportName">stornvme</Data>
<Data Name="VendorId">NVMe    </Data>
<Data Name="ProductId">VMware Virtual N</Data>
<Data Name="SystemUptime_s">661</Data>
<Data Name="Version">3</Data>
<Data Name="TotalErrors">2</Data>
<Data Name="TotalReadWriteErrors">1</Data>
<Data Name="TotalImpendingDeviceFailureErrors">0</Data>
<Data Name="TotalDeviceFailureErrors">0</Data>
<Data Name="TimeoutsInMiniport">0</Data>
<Data Name="LastError_RequestDuration_ms">0</Data>
<Data Name="LastError_WaitDuration_ms">0</Data>
<Data Name="LastError_Command">40</Data>
<Data Name="LastError_SrbStatus">5</Data>
<Data Name="LastError_ScsiStatus">0</Data>
<Data Name="LastError_SenseKey">0</Data>
<Data Name="LastError_AddSense">0</Data>
<Data Name="LastError_AddSenseQ">0</Data>
<Data Name="LastError_IoSize">4096</Data>
<Data Name="LastError_QueueDepth">0</Data>
<Data Name="LastError_LBA">0x000000000160f0ea</Data>
<Data Name="SampledErrorLogArrayLength">40</Data>
<Data Name="SampledErrorLogArray">BgIFJAAaAAAAAAAAAQAAAAAAAAAAAAAAAAAAAAAAAAAAAAAAAAAAAA==</Data>
<Data Name="UniqueErrorLogArrayLength">80</Data>
<Data Name="UniqueErrorLogArray">BgIFJAAaAAAAAAAAAQAAAAAAAAAAAAAAAAAAAAAAAAABAAAAAAAAAAUAAAAAKAAAABAAAAEAAAAAAAAAAAAAAOrwYAEAAAAAAQAAAAAAAAA=</Data>
</EventData>
</Event>

<Event xmlns="http://schemas.microsoft.com/win/2004/08/events/event"><System><Provider Name="Microsoft-Windows-StorPort" Guid="{c4636a1e-7986-4646-bf10-7bc3b4a76e8e}"></Provider>
<EventID Qualifiers="">504</EventID>
<Version>2</Version>
<Level>4</Level>
<Task>201</Task>
<Opcode>0</Opcode>
<Keywords>0x0800000000600000</Keywords>
<TimeCreated SystemTime="2020-10-24 22:29:44.088928"></TimeCreated>
<EventRecordID>24</EventRecordID>
<Correlation ActivityID="" RelatedActivityID=""></Correlation>
<Execution ProcessID="0" ThreadID="0"></Execution>
<Channel>Microsoft-Windows-Storage-Storport/Operational</Channel>
<Computer>WIN-PTFPHFCRDJ0</Computer>
<Security UserID=""></Security>
</System>
<EventData><Data Name="PortNumber">2</Data>
<Data Name="PathID">1</Data>
<Data Name="TargetID">0</Data>
<Data Name="LUN">0</Data>
<Data Name="ClassDeviceGuid">{00000000-0000-0000-0000-000000000000}</Data>
<Data Name="AdapterGuid">{660680d2-1519-11eb-bd99-806e6f6e6963}</Data>
<Data Name="MiniportName">storahci</Data>
<Data Name="VendorId">NECVMWar</Data>
<Data Name="ProductId">VMware SATA CD01</Data>
<Data Name="SystemUptime_s">661</Data>
<Data Name="Version">3</Data>
<Data Name="TotalErrors">17</Data>
<Data Name="TotalReadWriteErrors">0</Data>
<Data Name="TotalImpendingDeviceFailureErrors">0</Data>
<Data Name="TotalDeviceFailureErrors">0</Data>
<Data Name="TimeoutsInMiniport">0</Data>
<Data Name="LastError_RequestDuration_ms">0</Data>
<Data Name="LastError_WaitDuration_ms">0</Data>
<Data Name="LastError_Command">37</Data>
<Data Name="LastError_SrbStatus">4</Data>
<Data Name="LastError_ScsiStatus">2</Data>
<Data Name="LastError_SenseKey">2</Data>
<Data Name="LastError_AddSense">58</Data>
<Data Name="LastError_AddSenseQ">0</Data>
<Data Name="LastError_IoSize">0</Data>
<Data Name="LastError_QueueDepth">0</Data>
<Data Name="LastError_LBA">0x0000000000000000</Data>
<Data Name="SampledErrorLogArrayLength">400</Data>
<Data Name="SampledErrorLogArray">BAICOgAlAAAAAAAAAQAAAAAAAAAAAAAAAAAAAAAAAAAAAAAAAAAAAAQCAjoAAAAAAAAAAAEAAAAAAAAAAAAAAAAAAAAAAAAADwAAAAAAAAAEAgI6AAAAAAAAAAABAAAAAAAAAAAAAAAAAAAAAAAAAAIAAAAAAAAABAICOgAAAAAAAAAAAgAAAAAAAAAAAAAAAAAAAAAAAAADAAAAAAAAAAQCAjoAAAAAAAAAAAEAAAAAAAAAAAAAAAAAAAAAAAAABAAAAAAAAAAEAgI6AAAAAAAAAAABAAAAAAAAAAAAAAAAAAAAAAAAAA4AAAAAAAAABAICOgAAAAAAAAAAAQAAAAAAAAAAAAAAAAAAAAAAAAAGAAAAAAAAAAQCAjoAAAAAAAAAAAEAAAAAAAAAAAAAAAAAAAAAAAAADQAAAAAAAAAEAgI6AAAAAAAAAAABAAAAAAAAAAAAAAAAAAAAAAAAAAgAAAAAAAAABAICOgAAAAAAAAAAAQAAAAAAAAAAAAAAAAAAAAAAAAAJAAAAAAAAAA==</Data>
<Data Name="UniqueErrorLogArrayLength">80</Data>
<Data Name="UniqueErrorLogArray">BAICOgAlAAAAAAAAAQAAAAAAAAAAAAAAAAAAAAAAAAAQAAAAAAAAAAQCBSAApAAAAAAAAAEAAAAAAAAAAAAAAAAAAAAAAAAAAQAAAAAAAAA=</Data>
</EventData>
</Event>

<Event xmlns="http://schemas.microsoft.com/win/2004/08/events/event"><System><Provider Name="Microsoft-Windows-StorPort" Guid="{c4636a1e-7986-4646-bf10-7bc3b4a76e8e}"></Provider>
<EventID Qualifiers="">505</EventID>
<Version>3</Version>
<Level>4</Level>
<Task>201</Task>
<Opcode>0</Opcode>
<Keywords>0x0800000000600000</Keywords>
<TimeCreated SystemTime="2020-10-26 12:08:21.005081"></TimeCreated>
<EventRecordID>25</EventRecordID>
<Correlation ActivityID="" RelatedActivityID=""></Correlation>
<Execution ProcessID="0" ThreadID="0"></Execution>
<Channel>Microsoft-Windows-Storage-Storport/Operational</Channel>
<Computer>WIN-PTFPHFCRDJ0</Computer>
<Security UserID=""></Security>
</System>
<EventData><Data Name="PortNumber">3</Data>
<Data Name="PathID">0</Data>
<Data Name="TargetID">0</Data>
<Data Name="LUN">0</Data>
<Data Name="ClassDeviceGuid">{7b6f1752-bd95-6e22-e3a5-6ee8419ecad7}</Data>
<Data Name="AdapterGuid">{660680d3-1519-11eb-bd99-806e6f6e6963}</Data>
<Data Name="MiniportName">stornvme</Data>
<Data Name="VendorId">NVMe    </Data>
<Data Name="ProductId">VMware Virtual N</Data>
<Data Name="SystemUptime_s">661</Data>
<Data Name="Version">10</Data>
<Data Name="TotalIoCount">25895</Data>
<Data Name="MaxDeviceQueueCount">0</Data>
<Data Name="MaxOutstandingCount">0</Data>
<Data Name="MaxReadWriteLatency_100ns">7104670</Data>
<Data Name="MaxFlushLatency_100ns">0</Data>
<Data Name="MaxUnmapLatency_100ns">0</Data>
<Data Name="IoLatencyBuckets">256us, 1ms, 4ms, 16ms, 64ms, 128ms, 256ms, 2000ms, 6000ms, 10000ms, 20000ms, 20000+ms</Data>
<Data Name="BucketIoSuccess1">3997</Data>
<Data Name="BucketIoSuccess2">8295</Data>
<Data Name="BucketIoSuccess3">713</Data>
<Data Name="BucketIoSuccess4">2428</Data>
<Data Name="BucketIoSuccess5">7951</Data>
<Data Name="BucketIoSuccess6">1534</Data>
<Data Name="BucketIoSuccess7">666</Data>
<Data Name="BucketIoSuccess8">311</Data>
<Data Name="BucketIoSuccess9">0</Data>
<Data Name="BucketIoSuccess10">0</Data>
<Data Name="BucketIoSuccess11">0</Data>
<Data Name="BucketIoSuccess12">0</Data>
<Data Name="BucketIoFailed1">0</Data>
<Data Name="BucketIoFailed2">0</Data>
<Data Name="BucketIoFailed3">0</Data>
<Data Name="BucketIoFailed4">0</Data>
<Data Name="BucketIoFailed5">0</Data>
<Data Name="BucketIoFailed6">0</Data>
<Data Name="BucketIoFailed7">0</Data>
<Data Name="BucketIoFailed8">0</Data>
<Data Name="BucketIoFailed9">0</Data>
<Data Name="BucketIoFailed10">0</Data>
<Data Name="BucketIoFailed11">0</Data>
<Data Name="BucketIoFailed12">0</Data>
<Data Name="BucketIoLatency1_100ns">6960820</Data>
<Data Name="BucketIoLatency2_100ns">42453300</Data>
<Data Name="BucketIoLatency3_100ns">14162250</Data>
<Data Name="BucketIoLatency4_100ns">255526333</Data>
<Data Name="BucketIoLatency5_100ns">2753561362</Data>
<Data Name="BucketIoLatency6_100ns">1324971663</Data>
<Data Name="BucketIoLatency7_100ns">1180405072</Data>
<Data Name="BucketIoLatency8_100ns">1260359225</Data>
<Data Name="BucketIoLatency9_100ns">0</Data>
<Data Name="BucketIoLatency10_100ns">0</Data>
<Data Name="BucketIoLatency11_100ns">0</Data>
<Data Name="BucketIoLatency12_100ns">0</Data>
<Data Name="TotalReadBytes">528989696</Data>
<Data Name="TotalWriteBytes">54217216</Data>
</EventData>
</Event>

<Event xmlns="http://schemas.microsoft.com/win/2004/08/events/event"><System><Provider Name="Microsoft-Windows-StorPort" Guid="{c4636a1e-7986-4646-bf10-7bc3b4a76e8e}"></Provider>
<EventID Qualifiers="">504</EventID>
<Version>2</Version>
<Level>4</Level>
<Task>201</Task>
<Opcode>0</Opcode>
<Keywords>0x0800000000600000</Keywords>
<TimeCreated SystemTime="2020-10-26 12:08:21.005089"></TimeCreated>
<EventRecordID>26</EventRecordID>
<Correlation ActivityID="" RelatedActivityID=""></Correlation>
<Execution ProcessID="0" ThreadID="0"></Execution>
<Channel>Microsoft-Windows-Storage-Storport/Operational</Channel>
<Computer>WIN-PTFPHFCRDJ0</Computer>
<Security UserID=""></Security>
</System>
<EventData><Data Name="PortNumber">3</Data>
<Data Name="PathID">0</Data>
<Data Name="TargetID">0</Data>
<Data Name="LUN">0</Data>
<Data Name="ClassDeviceGuid">{7b6f1752-bd95-6e22-e3a5-6ee8419ecad7}</Data>
<Data Name="AdapterGuid">{660680d3-1519-11eb-bd99-806e6f6e6963}</Data>
<Data Name="MiniportName">stornvme</Data>
<Data Name="VendorId">NVMe    </Data>
<Data Name="ProductId">VMware Virtual N</Data>
<Data Name="SystemUptime_s">661</Data>
<Data Name="Version">3</Data>
<Data Name="TotalErrors">1</Data>
<Data Name="TotalReadWriteErrors">0</Data>
<Data Name="TotalImpendingDeviceFailureErrors">0</Data>
<Data Name="TotalDeviceFailureErrors">0</Data>
<Data Name="TimeoutsInMiniport">0</Data>
<Data Name="LastError_RequestDuration_ms">0</Data>
<Data Name="LastError_WaitDuration_ms">0</Data>
<Data Name="LastError_Command">26</Data>
<Data Name="LastError_SrbStatus">6</Data>
<Data Name="LastError_ScsiStatus">2</Data>
<Data Name="LastError_SenseKey">5</Data>
<Data Name="LastError_AddSense">36</Data>
<Data Name="LastError_AddSenseQ">0</Data>
<Data Name="LastError_IoSize">0</Data>
<Data Name="LastError_QueueDepth">0</Data>
<Data Name="LastError_LBA">0x0000000000000000</Data>
<Data Name="SampledErrorLogArrayLength">0</Data>
<Data Name="SampledErrorLogArray"></Data>
<Data Name="UniqueErrorLogArrayLength">40</Data>
<Data Name="UniqueErrorLogArray">BgIFJAAaAAAAAAAAAQAAAAAAAAAAAAAAAAAAAAAAAAABAAAAAAAAAA==</Data>
</EventData>
</Event>

<Event xmlns="http://schemas.microsoft.com/win/2004/08/events/event"><System><Provider Name="Microsoft-Windows-StorPort" Guid="{c4636a1e-7986-4646-bf10-7bc3b4a76e8e}"></Provider>
<EventID Qualifiers="">504</EventID>
<Version>2</Version>
<Level>4</Level>
<Task>201</Task>
<Opcode>0</Opcode>
<Keywords>0x0800000000600000</Keywords>
<TimeCreated SystemTime="2020-10-26 12:08:21.005096"></TimeCreated>
<EventRecordID>27</EventRecordID>
<Correlation ActivityID="" RelatedActivityID=""></Correlation>
<Execution ProcessID="0" ThreadID="0"></Execution>
<Channel>Microsoft-Windows-Storage-Storport/Operational</Channel>
<Computer>WIN-PTFPHFCRDJ0</Computer>
<Security UserID=""></Security>
</System>
<EventData><Data Name="PortNumber">2</Data>
<Data Name="PathID">1</Data>
<Data Name="TargetID">0</Data>
<Data Name="LUN">0</Data>
<Data Name="ClassDeviceGuid">{00000000-0000-0000-0000-000000000000}</Data>
<Data Name="AdapterGuid">{660680d2-1519-11eb-bd99-806e6f6e6963}</Data>
<Data Name="MiniportName">storahci</Data>
<Data Name="VendorId">NECVMWar</Data>
<Data Name="ProductId">VMware SATA CD01</Data>
<Data Name="SystemUptime_s">661</Data>
<Data Name="Version">3</Data>
<Data Name="TotalErrors">15</Data>
<Data Name="TotalReadWriteErrors">0</Data>
<Data Name="TotalImpendingDeviceFailureErrors">0</Data>
<Data Name="TotalDeviceFailureErrors">0</Data>
<Data Name="TimeoutsInMiniport">0</Data>
<Data Name="LastError_RequestDuration_ms">0</Data>
<Data Name="LastError_WaitDuration_ms">0</Data>
<Data Name="LastError_Command">0</Data>
<Data Name="LastError_SrbStatus">4</Data>
<Data Name="LastError_ScsiStatus">2</Data>
<Data Name="LastError_SenseKey">2</Data>
<Data Name="LastError_AddSense">58</Data>
<Data Name="LastError_AddSenseQ">0</Data>
<Data Name="LastError_IoSize">0</Data>
<Data Name="LastError_QueueDepth">0</Data>
<Data Name="LastError_LBA">0x0000000000000000</Data>
<Data Name="SampledErrorLogArrayLength">400</Data>
<Data Name="SampledErrorLogArray">BAICOgAlAAAAAAAAAQAAAAAAAAAAAAAAAAAAAAAAAAAAAAAAAAAAAAQCBSAApAAAAAAAAAEAAAAAAAAAAAAAAAAAAAAAAAAAAQAAAAAAAAAEAgI6AAAAAAAAAAABAAAAAAAAAAAAAAAAAAAAAAAAAAIAAAAAAAAABAICOgAAAAAAAAAAAQAAAAAAAAAAAAAAAAAAAAAAAAAMAAAAAAAAAAQCAjoAAAAAAAAAAAEAAAAAAAAAAAAAAAAAAAAAAAAABAAAAAAAAAAEAgI6AAAAAAAAAAABAAAAAAAAAAAAAAAAAAAAAAAAAAUAAAAAAAAABAICOgAAAAAAAAAAAQAAAAAAAAAAAAAAAAAAAAAAAAAGAAAAAAAAAAQCAjoAAAAAAAAAAAEAAAAAAAAAAAAAAAAAAAAAAAAABwAAAAAAAAAEAgI6AAAAAAAAAAABAAAAAAAAAAAAAAAAAAAAAAAAAAoAAAAAAAAABAICOgAAAAAAAAAAAQAAAAAAAAAAAAAAAAAAAAAAAAAJAAAAAAAAAA==</Data>
<Data Name="UniqueErrorLogArrayLength">80</Data>
<Data Name="UniqueErrorLogArray">BAICOgAlAAAAAAAAAQAAAAAAAAAAAAAAAAAAAAAAAAAOAAAAAAAAAAQCBSAApAAAAAAAAAEAAAAAAAAAAAAAAAAAAAAAAAAAAQAAAAAAAAA=</Data>
</EventData>
</Event>

<Event xmlns="http://schemas.microsoft.com/win/2004/08/events/event"><System><Provider Name="Microsoft-Windows-StorPort" Guid="{c4636a1e-7986-4646-bf10-7bc3b4a76e8e}"></Provider>
<EventID Qualifiers="">505</EventID>
<Version>3</Version>
<Level>4</Level>
<Task>201</Task>
<Opcode>0</Opcode>
<Keywords>0x0800000000600000</Keywords>
<TimeCreated SystemTime="2020-10-26 13:13:20.313967"></TimeCreated>
<EventRecordID>28</EventRecordID>
<Correlation ActivityID="" RelatedActivityID=""></Correlation>
<Execution ProcessID="0" ThreadID="0"></Execution>
<Channel>Microsoft-Windows-Storage-Storport/Operational</Channel>
<Computer>WIN-PTFPHFCRDJ0</Computer>
<Security UserID=""></Security>
</System>
<EventData><Data Name="PortNumber">3</Data>
<Data Name="PathID">0</Data>
<Data Name="TargetID">0</Data>
<Data Name="LUN">0</Data>
<Data Name="ClassDeviceGuid">{7b6f1752-bd95-6e22-e3a5-6ee8419ecad7}</Data>
<Data Name="AdapterGuid">{660680d3-1519-11eb-bd99-806e6f6e6963}</Data>
<Data Name="MiniportName">stornvme</Data>
<Data Name="VendorId">NVMe    </Data>
<Data Name="ProductId">VMware Virtual N</Data>
<Data Name="SystemUptime_s">4561</Data>
<Data Name="Version">10</Data>
<Data Name="TotalIoCount">30043</Data>
<Data Name="MaxDeviceQueueCount">3</Data>
<Data Name="MaxOutstandingCount">2</Data>
<Data Name="MaxReadWriteLatency_100ns">6096051</Data>
<Data Name="MaxFlushLatency_100ns">0</Data>
<Data Name="MaxUnmapLatency_100ns">0</Data>
<Data Name="IoLatencyBuckets">256us, 1ms, 4ms, 16ms, 64ms, 128ms, 256ms, 2000ms, 6000ms, 10000ms, 20000ms, 20000+ms</Data>
<Data Name="BucketIoSuccess1">6970</Data>
<Data Name="BucketIoSuccess2">9920</Data>
<Data Name="BucketIoSuccess3">1062</Data>
<Data Name="BucketIoSuccess4">4150</Data>
<Data Name="BucketIoSuccess5">7364</Data>
<Data Name="BucketIoSuccess6">458</Data>
<Data Name="BucketIoSuccess7">94</Data>
<Data Name="BucketIoSuccess8">25</Data>
<Data Name="BucketIoSuccess9">0</Data>
<Data Name="BucketIoSuccess10">0</Data>
<Data Name="BucketIoSuccess11">0</Data>
<Data Name="BucketIoSuccess12">0</Data>
<Data Name="BucketIoFailed1">0</Data>
<Data Name="BucketIoFailed2">0</Data>
<Data Name="BucketIoFailed3">0</Data>
<Data Name="BucketIoFailed4">0</Data>
<Data Name="BucketIoFailed5">0</Data>
<Data Name="BucketIoFailed6">0</Data>
<Data Name="BucketIoFailed7">0</Data>
<Data Name="BucketIoFailed8">0</Data>
<Data Name="BucketIoFailed9">0</Data>
<Data Name="BucketIoFailed10">0</Data>
<Data Name="BucketIoFailed11">0</Data>
<Data Name="BucketIoFailed12">0</Data>
<Data Name="BucketIoLatency1_100ns">10383373</Data>
<Data Name="BucketIoLatency2_100ns">48733798</Data>
<Data Name="BucketIoLatency3_100ns">23982870</Data>
<Data Name="BucketIoLatency4_100ns">407625213</Data>
<Data Name="BucketIoLatency5_100ns">2335963843</Data>
<Data Name="BucketIoLatency6_100ns">375808538</Data>
<Data Name="BucketIoLatency7_100ns">162836065</Data>
<Data Name="BucketIoLatency8_100ns">94805180</Data>
<Data Name="BucketIoLatency9_100ns">0</Data>
<Data Name="BucketIoLatency10_100ns">0</Data>
<Data Name="BucketIoLatency11_100ns">0</Data>
<Data Name="BucketIoLatency12_100ns">0</Data>
<Data Name="TotalReadBytes">574411264</Data>
<Data Name="TotalWriteBytes">536154112</Data>
</EventData>
</Event>

<Event xmlns="http://schemas.microsoft.com/win/2004/08/events/event"><System><Provider Name="Microsoft-Windows-StorPort" Guid="{c4636a1e-7986-4646-bf10-7bc3b4a76e8e}"></Provider>
<EventID Qualifiers="">504</EventID>
<Version>2</Version>
<Level>4</Level>
<Task>201</Task>
<Opcode>0</Opcode>
<Keywords>0x0800000000600000</Keywords>
<TimeCreated SystemTime="2020-10-26 13:13:20.313986"></TimeCreated>
<EventRecordID>29</EventRecordID>
<Correlation ActivityID="" RelatedActivityID=""></Correlation>
<Execution ProcessID="0" ThreadID="0"></Execution>
<Channel>Microsoft-Windows-Storage-Storport/Operational</Channel>
<Computer>WIN-PTFPHFCRDJ0</Computer>
<Security UserID=""></Security>
</System>
<EventData><Data Name="PortNumber">2</Data>
<Data Name="PathID">1</Data>
<Data Name="TargetID">0</Data>
<Data Name="LUN">0</Data>
<Data Name="ClassDeviceGuid">{00000000-0000-0000-0000-000000000000}</Data>
<Data Name="AdapterGuid">{660680d2-1519-11eb-bd99-806e6f6e6963}</Data>
<Data Name="MiniportName">storahci</Data>
<Data Name="VendorId">NECVMWar</Data>
<Data Name="ProductId">VMware SATA CD01</Data>
<Data Name="SystemUptime_s">4561</Data>
<Data Name="Version">3</Data>
<Data Name="TotalErrors">69</Data>
<Data Name="TotalReadWriteErrors">0</Data>
<Data Name="TotalImpendingDeviceFailureErrors">0</Data>
<Data Name="TotalDeviceFailureErrors">0</Data>
<Data Name="TimeoutsInMiniport">0</Data>
<Data Name="LastError_RequestDuration_ms">0</Data>
<Data Name="LastError_WaitDuration_ms">0</Data>
<Data Name="LastError_Command">0</Data>
<Data Name="LastError_SrbStatus">4</Data>
<Data Name="LastError_ScsiStatus">2</Data>
<Data Name="LastError_SenseKey">2</Data>
<Data Name="LastError_AddSense">58</Data>
<Data Name="LastError_AddSenseQ">0</Data>
<Data Name="LastError_IoSize">0</Data>
<Data Name="LastError_QueueDepth">0</Data>
<Data Name="LastError_LBA">0x0000000000000000</Data>
<Data Name="SampledErrorLogArrayLength">400</Data>
<Data Name="SampledErrorLogArray">BAICOgAAAAAAAAAAAQAAAAAAAAAAAAAAAAAAAAAAAAAAAAAAAAAAAAQCAjoAAAAAAAAAAAEAAAAAAAAAAAAAAAAAAAAAAAAAEgAAAAAAAAAEAgI6AAAAAAAAAAABAAAAAAAAAAAAAAAAAAAAAAAAABsAAAAAAAAABAICOgAAAAAAAAAAAQAAAAAAAAAAAAAAAAAAAAAAAAAQAAAAAAAAAAQCAjoAAAAAAAAAAAEAAAAAAAAAAAAAAAAAAAAAAAAAKAAAAAAAAAAEAgI6AAAAAAAAAAABAAAAAAAAAAAAAAAAAAAAAAAAACEAAAAAAAAABAICOgAAAAAAAAAAAQAAAAAAAAAAAAAAAAAAAAAAAAA1AAAAAAAAAAQCAjoAAAAAAAAAAAEAAAAAAAAAAAAAAAAAAAAAAAAAIAAAAAAAAAAEAgI6AAAAAAAAAAABAAAAAAAAAAAAAAAAAAAAAAAAACkAAAAAAAAABAICOgAAAAAAAAAAAQAAAAAAAAAAAAAAAAAAAAAAAAA/AAAAAAAAAA==</Data>
<Data Name="UniqueErrorLogArrayLength">40</Data>
<Data Name="UniqueErrorLogArray">BAICOgAAAAAAAAAAAQAAAAAAAAAAAAAAAAAAAAAAAABFAAAAAAAAAA==</Data>
</EventData>
</Event>

<Event xmlns="http://schemas.microsoft.com/win/2004/08/events/event"><System><Provider Name="Microsoft-Windows-StorPort" Guid="{c4636a1e-7986-4646-bf10-7bc3b4a76e8e}"></Provider>
<EventID Qualifiers="">505</EventID>
<Version>3</Version>
<Level>4</Level>
<Task>201</Task>
<Opcode>0</Opcode>
<Keywords>0x0800000000600000</Keywords>
<TimeCreated SystemTime="2020-10-26 14:18:19.632086"></TimeCreated>
<EventRecordID>30</EventRecordID>
<Correlation ActivityID="" RelatedActivityID=""></Correlation>
<Execution ProcessID="0" ThreadID="0"></Execution>
<Channel>Microsoft-Windows-Storage-Storport/Operational</Channel>
<Computer>WIN-PTFPHFCRDJ0</Computer>
<Security UserID=""></Security>
</System>
<EventData><Data Name="PortNumber">3</Data>
<Data Name="PathID">0</Data>
<Data Name="TargetID">0</Data>
<Data Name="LUN">0</Data>
<Data Name="ClassDeviceGuid">{7b6f1752-bd95-6e22-e3a5-6ee8419ecad7}</Data>
<Data Name="AdapterGuid">{660680d3-1519-11eb-bd99-806e6f6e6963}</Data>
<Data Name="MiniportName">stornvme</Data>
<Data Name="VendorId">NVMe    </Data>
<Data Name="ProductId">VMware Virtual N</Data>
<Data Name="SystemUptime_s">8460</Data>
<Data Name="Version">10</Data>
<Data Name="TotalIoCount">8630</Data>
<Data Name="MaxDeviceQueueCount">0</Data>
<Data Name="MaxOutstandingCount">0</Data>
<Data Name="MaxReadWriteLatency_100ns">5560590</Data>
<Data Name="MaxFlushLatency_100ns">0</Data>
<Data Name="MaxUnmapLatency_100ns">0</Data>
<Data Name="IoLatencyBuckets">256us, 1ms, 4ms, 16ms, 64ms, 128ms, 256ms, 2000ms, 6000ms, 10000ms, 20000ms, 20000+ms</Data>
<Data Name="BucketIoSuccess1">1913</Data>
<Data Name="BucketIoSuccess2">3991</Data>
<Data Name="BucketIoSuccess3">457</Data>
<Data Name="BucketIoSuccess4">1837</Data>
<Data Name="BucketIoSuccess5">412</Data>
<Data Name="BucketIoSuccess6">13</Data>
<Data Name="BucketIoSuccess7">2</Data>
<Data Name="BucketIoSuccess8">5</Data>
<Data Name="BucketIoSuccess9">0</Data>
<Data Name="BucketIoSuccess10">0</Data>
<Data Name="BucketIoSuccess11">0</Data>
<Data Name="BucketIoSuccess12">0</Data>
<Data Name="BucketIoFailed1">0</Data>
<Data Name="BucketIoFailed2">0</Data>
<Data Name="BucketIoFailed3">0</Data>
<Data Name="BucketIoFailed4">0</Data>
<Data Name="BucketIoFailed5">0</Data>
<Data Name="BucketIoFailed6">0</Data>
<Data Name="BucketIoFailed7">0</Data>
<Data Name="BucketIoFailed8">0</Data>
<Data Name="BucketIoFailed9">0</Data>
<Data Name="BucketIoFailed10">0</Data>
<Data Name="BucketIoFailed11">0</Data>
<Data Name="BucketIoFailed12">0</Data>
<Data Name="BucketIoLatency1_100ns">3581072</Data>
<Data Name="BucketIoLatency2_100ns">17656395</Data>
<Data Name="BucketIoLatency3_100ns">10803459</Data>
<Data Name="BucketIoLatency4_100ns">172016800</Data>
<Data Name="BucketIoLatency5_100ns">97738077</Data>
<Data Name="BucketIoLatency6_100ns">10281313</Data>
<Data Name="BucketIoLatency7_100ns">3062464</Data>
<Data Name="BucketIoLatency8_100ns">20394283</Data>
<Data Name="BucketIoLatency9_100ns">0</Data>
<Data Name="BucketIoLatency10_100ns">0</Data>
<Data Name="BucketIoLatency11_100ns">0</Data>
<Data Name="BucketIoLatency12_100ns">0</Data>
<Data Name="TotalReadBytes">72849920</Data>
<Data Name="TotalWriteBytes">249841152</Data>
</EventData>
</Event>

<Event xmlns="http://schemas.microsoft.com/win/2004/08/events/event"><System><Provider Name="Microsoft-Windows-StorPort" Guid="{c4636a1e-7986-4646-bf10-7bc3b4a76e8e}"></Provider>
<EventID Qualifiers="">504</EventID>
<Version>2</Version>
<Level>4</Level>
<Task>201</Task>
<Opcode>0</Opcode>
<Keywords>0x0800000000600000</Keywords>
<TimeCreated SystemTime="2020-10-26 14:18:19.632092"></TimeCreated>
<EventRecordID>31</EventRecordID>
<Correlation ActivityID="" RelatedActivityID=""></Correlation>
<Execution ProcessID="0" ThreadID="0"></Execution>
<Channel>Microsoft-Windows-Storage-Storport/Operational</Channel>
<Computer>WIN-PTFPHFCRDJ0</Computer>
<Security UserID=""></Security>
</System>
<EventData><Data Name="PortNumber">2</Data>
<Data Name="PathID">1</Data>
<Data Name="TargetID">0</Data>
<Data Name="LUN">0</Data>
<Data Name="ClassDeviceGuid">{00000000-0000-0000-0000-000000000000}</Data>
<Data Name="AdapterGuid">{660680d2-1519-11eb-bd99-806e6f6e6963}</Data>
<Data Name="MiniportName">storahci</Data>
<Data Name="VendorId">NECVMWar</Data>
<Data Name="ProductId">VMware SATA CD01</Data>
<Data Name="SystemUptime_s">8460</Data>
<Data Name="Version">3</Data>
<Data Name="TotalErrors">66</Data>
<Data Name="TotalReadWriteErrors">0</Data>
<Data Name="TotalImpendingDeviceFailureErrors">0</Data>
<Data Name="TotalDeviceFailureErrors">0</Data>
<Data Name="TimeoutsInMiniport">0</Data>
<Data Name="LastError_RequestDuration_ms">0</Data>
<Data Name="LastError_WaitDuration_ms">0</Data>
<Data Name="LastError_Command">0</Data>
<Data Name="LastError_SrbStatus">4</Data>
<Data Name="LastError_ScsiStatus">2</Data>
<Data Name="LastError_SenseKey">2</Data>
<Data Name="LastError_AddSense">58</Data>
<Data Name="LastError_AddSenseQ">0</Data>
<Data Name="LastError_IoSize">0</Data>
<Data Name="LastError_QueueDepth">0</Data>
<Data Name="LastError_LBA">0x0000000000000000</Data>
<Data Name="SampledErrorLogArrayLength">400</Data>
<Data Name="SampledErrorLogArray">BAICOgAAAAAAAAAAAQAAAAAAAAAAAAAAAAAAAAAAAAA4AAAAAAAAAAQCAjoAAAAAAAAAAAEAAAAAAAAAAAAAAAAAAAAAAAAAMAAAAAAAAAAEAgI6AAAAAAAAAAABAAAAAAAAAAAAAAAAAAAAAAAAABoAAAAAAAAABAICOgAAAAAAAAAAAQAAAAAAAAAAAAAAAAAAAAAAAAADAAAAAAAAAAQCAjoAAAAAAAAAAAEAAAAAAAAAAAAAAAAAAAAAAAAABAAAAAAAAAAEAgI6AAAAAAAAAAABAAAAAAAAAAAAAAAAAAAAAAAAACYAAAAAAAAABAICOgAAAAAAAAAAAQAAAAAAAAAAAAAAAAAAAAAAAAA1AAAAAAAAAAQCAjoAAAAAAAAAAAEAAAAAAAAAAAAAAAAAAAAAAAAAEgAAAAAAAAAEAgI6AAAAAAAAAAABAAAAAAAAAAAAAAAAAAAAAAAAABQAAAAAAAAABAICOgAAAAAAAAAAAQAAAAAAAAAAAAAAAAAAAAAAAAAOAAAAAAAAAA==</Data>
<Data Name="UniqueErrorLogArrayLength">40</Data>
<Data Name="UniqueErrorLogArray">BAICOgAAAAAAAAAAAQAAAAAAAAAAAAAAAAAAAAAAAABCAAAAAAAAAA==</Data>
</EventData>
</Event>

<Event xmlns="http://schemas.microsoft.com/win/2004/08/events/event"><System><Provider Name="Microsoft-Windows-StorPort" Guid="{c4636a1e-7986-4646-bf10-7bc3b4a76e8e}"></Provider>
<EventID Qualifiers="">505</EventID>
<Version>3</Version>
<Level>4</Level>
<Task>201</Task>
<Opcode>0</Opcode>
<Keywords>0x0800000000600000</Keywords>
<TimeCreated SystemTime="2020-10-26 15:23:05.855305"></TimeCreated>
<EventRecordID>32</EventRecordID>
<Correlation ActivityID="" RelatedActivityID=""></Correlation>
<Execution ProcessID="0" ThreadID="0"></Execution>
<Channel>Microsoft-Windows-Storage-Storport/Operational</Channel>
<Computer>WIN-PTFPHFCRDJ0</Computer>
<Security UserID=""></Security>
</System>
<EventData><Data Name="PortNumber">3</Data>
<Data Name="PathID">0</Data>
<Data Name="TargetID">0</Data>
<Data Name="LUN">0</Data>
<Data Name="ClassDeviceGuid">{7b6f1752-bd95-6e22-e3a5-6ee8419ecad7}</Data>
<Data Name="AdapterGuid">{660680d3-1519-11eb-bd99-806e6f6e6963}</Data>
<Data Name="MiniportName">stornvme</Data>
<Data Name="VendorId">NVMe    </Data>
<Data Name="ProductId">VMware Virtual N</Data>
<Data Name="SystemUptime_s">661</Data>
<Data Name="Version">10</Data>
<Data Name="TotalIoCount">53202</Data>
<Data Name="MaxDeviceQueueCount">0</Data>
<Data Name="MaxOutstandingCount">0</Data>
<Data Name="MaxReadWriteLatency_100ns">7927610</Data>
<Data Name="MaxFlushLatency_100ns">0</Data>
<Data Name="MaxUnmapLatency_100ns">0</Data>
<Data Name="IoLatencyBuckets">256us, 1ms, 4ms, 16ms, 64ms, 128ms, 256ms, 2000ms, 6000ms, 10000ms, 20000ms, 20000+ms</Data>
<Data Name="BucketIoSuccess1">27124</Data>
<Data Name="BucketIoSuccess2">11717</Data>
<Data Name="BucketIoSuccess3">1464</Data>
<Data Name="BucketIoSuccess4">5092</Data>
<Data Name="BucketIoSuccess5">6103</Data>
<Data Name="BucketIoSuccess6">924</Data>
<Data Name="BucketIoSuccess7">513</Data>
<Data Name="BucketIoSuccess8">265</Data>
<Data Name="BucketIoSuccess9">0</Data>
<Data Name="BucketIoSuccess10">0</Data>
<Data Name="BucketIoSuccess11">0</Data>
<Data Name="BucketIoSuccess12">0</Data>
<Data Name="BucketIoFailed1">0</Data>
<Data Name="BucketIoFailed2">0</Data>
<Data Name="BucketIoFailed3">0</Data>
<Data Name="BucketIoFailed4">0</Data>
<Data Name="BucketIoFailed5">0</Data>
<Data Name="BucketIoFailed6">0</Data>
<Data Name="BucketIoFailed7">0</Data>
<Data Name="BucketIoFailed8">0</Data>
<Data Name="BucketIoFailed9">0</Data>
<Data Name="BucketIoFailed10">0</Data>
<Data Name="BucketIoFailed11">0</Data>
<Data Name="BucketIoFailed12">0</Data>
<Data Name="BucketIoLatency1_100ns">35631009</Data>
<Data Name="BucketIoLatency2_100ns">56022805</Data>
<Data Name="BucketIoLatency3_100ns">30228450</Data>
<Data Name="BucketIoLatency4_100ns">514158080</Data>
<Data Name="BucketIoLatency5_100ns">1964851066</Data>
<Data Name="BucketIoLatency6_100ns">799329539</Data>
<Data Name="BucketIoLatency7_100ns">915237645</Data>
<Data Name="BucketIoLatency8_100ns">1056611284</Data>
<Data Name="BucketIoLatency9_100ns">0</Data>
<Data Name="BucketIoLatency10_100ns">0</Data>
<Data Name="BucketIoLatency11_100ns">0</Data>
<Data Name="BucketIoLatency12_100ns">0</Data>
<Data Name="TotalReadBytes">796979200</Data>
<Data Name="TotalWriteBytes">559817728</Data>
</EventData>
</Event>

<Event xmlns="http://schemas.microsoft.com/win/2004/08/events/event"><System><Provider Name="Microsoft-Windows-StorPort" Guid="{c4636a1e-7986-4646-bf10-7bc3b4a76e8e}"></Provider>
<EventID Qualifiers="">504</EventID>
<Version>2</Version>
<Level>4</Level>
<Task>201</Task>
<Opcode>0</Opcode>
<Keywords>0x0800000000600000</Keywords>
<TimeCreated SystemTime="2020-10-26 15:23:05.855312"></TimeCreated>
<EventRecordID>33</EventRecordID>
<Correlation ActivityID="" RelatedActivityID=""></Correlation>
<Execution ProcessID="0" ThreadID="0"></Execution>
<Channel>Microsoft-Windows-Storage-Storport/Operational</Channel>
<Computer>WIN-PTFPHFCRDJ0</Computer>
<Security UserID=""></Security>
</System>
<EventData><Data Name="PortNumber">3</Data>
<Data Name="PathID">0</Data>
<Data Name="TargetID">0</Data>
<Data Name="LUN">0</Data>
<Data Name="ClassDeviceGuid">{7b6f1752-bd95-6e22-e3a5-6ee8419ecad7}</Data>
<Data Name="AdapterGuid">{660680d3-1519-11eb-bd99-806e6f6e6963}</Data>
<Data Name="MiniportName">stornvme</Data>
<Data Name="VendorId">NVMe    </Data>
<Data Name="ProductId">VMware Virtual N</Data>
<Data Name="SystemUptime_s">661</Data>
<Data Name="Version">3</Data>
<Data Name="TotalErrors">1</Data>
<Data Name="TotalReadWriteErrors">0</Data>
<Data Name="TotalImpendingDeviceFailureErrors">0</Data>
<Data Name="TotalDeviceFailureErrors">0</Data>
<Data Name="TimeoutsInMiniport">0</Data>
<Data Name="LastError_RequestDuration_ms">0</Data>
<Data Name="LastError_WaitDuration_ms">0</Data>
<Data Name="LastError_Command">26</Data>
<Data Name="LastError_SrbStatus">6</Data>
<Data Name="LastError_ScsiStatus">2</Data>
<Data Name="LastError_SenseKey">5</Data>
<Data Name="LastError_AddSense">36</Data>
<Data Name="LastError_AddSenseQ">0</Data>
<Data Name="LastError_IoSize">0</Data>
<Data Name="LastError_QueueDepth">0</Data>
<Data Name="LastError_LBA">0x0000000000000000</Data>
<Data Name="SampledErrorLogArrayLength">0</Data>
<Data Name="SampledErrorLogArray"></Data>
<Data Name="UniqueErrorLogArrayLength">40</Data>
<Data Name="UniqueErrorLogArray">BgIFJAAaAAAAAAAAAQAAAAAAAAAAAAAAAAAAAAAAAAABAAAAAAAAAA==</Data>
</EventData>
</Event>

<Event xmlns="http://schemas.microsoft.com/win/2004/08/events/event"><System><Provider Name="Microsoft-Windows-StorPort" Guid="{c4636a1e-7986-4646-bf10-7bc3b4a76e8e}"></Provider>
<EventID Qualifiers="">504</EventID>
<Version>2</Version>
<Level>4</Level>
<Task>201</Task>
<Opcode>0</Opcode>
<Keywords>0x0800000000600000</Keywords>
<TimeCreated SystemTime="2020-10-26 15:23:05.855324"></TimeCreated>
<EventRecordID>34</EventRecordID>
<Correlation ActivityID="" RelatedActivityID=""></Correlation>
<Execution ProcessID="0" ThreadID="0"></Execution>
<Channel>Microsoft-Windows-Storage-Storport/Operational</Channel>
<Computer>WIN-PTFPHFCRDJ0</Computer>
<Security UserID=""></Security>
</System>
<EventData><Data Name="PortNumber">2</Data>
<Data Name="PathID">1</Data>
<Data Name="TargetID">0</Data>
<Data Name="LUN">0</Data>
<Data Name="ClassDeviceGuid">{00000000-0000-0000-0000-000000000000}</Data>
<Data Name="AdapterGuid">{660680d2-1519-11eb-bd99-806e6f6e6963}</Data>
<Data Name="MiniportName">storahci</Data>
<Data Name="VendorId">NECVMWar</Data>
<Data Name="ProductId">VMware SATA CD01</Data>
<Data Name="SystemUptime_s">661</Data>
<Data Name="Version">3</Data>
<Data Name="TotalErrors">16</Data>
<Data Name="TotalReadWriteErrors">0</Data>
<Data Name="TotalImpendingDeviceFailureErrors">0</Data>
<Data Name="TotalDeviceFailureErrors">0</Data>
<Data Name="TimeoutsInMiniport">0</Data>
<Data Name="LastError_RequestDuration_ms">0</Data>
<Data Name="LastError_WaitDuration_ms">0</Data>
<Data Name="LastError_Command">0</Data>
<Data Name="LastError_SrbStatus">4</Data>
<Data Name="LastError_ScsiStatus">2</Data>
<Data Name="LastError_SenseKey">2</Data>
<Data Name="LastError_AddSense">58</Data>
<Data Name="LastError_AddSenseQ">0</Data>
<Data Name="LastError_IoSize">0</Data>
<Data Name="LastError_QueueDepth">0</Data>
<Data Name="LastError_LBA">0x0000000000000000</Data>
<Data Name="SampledErrorLogArrayLength">400</Data>
<Data Name="SampledErrorLogArray">BAICOgAlAAAAAAAAAQAAAAAAAAAAAAAAAAAAAAAAAAAAAAAAAAAAAAQCBSAApAAAAAAAAAEAAAAAAAAAAAAAAAAAAAAAAAAAAQAAAAAAAAAEAgI6AAAAAAAAAAABAAAAAAAAAAAAAAAAAAAAAAAAAAIAAAAAAAAABAICOgAAAAAAAAAAAQAAAAAAAAAAAAAAAAAAAAAAAAAMAAAAAAAAAAQCAjoAAAAAAAAAAAEAAAAAAAAAAAAAAAAAAAAAAAAABAAAAAAAAAAEAgI6AAAAAAAAAAABAAAAAAAAAAAAAAAAAAAAAAAAAAUAAAAAAAAABAICOgAAAAAAAAAAAQAAAAAAAAAAAAAAAAAAAAAAAAAGAAAAAAAAAAQCAjoAAAAAAAAAAAEAAAAAAAAAAAAAAAAAAAAAAAAABwAAAAAAAAAEAgI6AAAAAAAAAAABAAAAAAAAAAAAAAAAAAAAAAAAAAoAAAAAAAAABAICOgAAAAAAAAAAAQAAAAAAAAAAAAAAAAAAAAAAAAAJAAAAAAAAAA==</Data>
<Data Name="UniqueErrorLogArrayLength">80</Data>
<Data Name="UniqueErrorLogArray">BAICOgAlAAAAAAAAAQAAAAAAAAAAAAAAAAAAAAAAAAAPAAAAAAAAAAQCBSAApAAAAAAAAAEAAAAAAAAAAAAAAAAAAAAAAAAAAQAAAAAAAAA=</Data>
</EventData>
</Event>

