<Event xmlns="http://schemas.microsoft.com/win/2004/08/events/event"><System><Provider Name="Microsoft-Windows-GroupPolicy" Guid="{aea1b4fa-97d1-45f2-a64c-4d69fffd92c9}"></Provider>
<EventID Qualifiers="">6338</EventID>
<Version>0</Version>
<Level>4</Level>
<Task>0</Task>
<Opcode>0</Opcode>
<Keywords>0x4000000000000000</Keywords>
<TimeCreated SystemTime="2020-10-23 18:52:38.991718"></TimeCreated>
<EventRecordID>231</EventRecordID>
<Correlation ActivityID="" RelatedActivityID=""></Correlation>
<Execution ProcessID="1312" ThreadID="1340"></Execution>
<Channel>Microsoft-Windows-GroupPolicy/Operational</Channel>
<Computer>WIN-PTFPHFCRDJ0</Computer>
<Security UserID="S-1-5-18"></Security>
</System>
<EventData></EventData>
</Event>

<Event xmlns="http://schemas.microsoft.com/win/2004/08/events/event"><System><Provider Name="Microsoft-Windows-GroupPolicy" Guid="{aea1b4fa-97d1-45f2-a64c-4d69fffd92c9}"></Provider>
<EventID Qualifiers="">5351</EventID>
<Version>0</Version>
<Level>4</Level>
<Task>0</Task>
<Opcode>0</Opcode>
<Keywords>0x4000000000000000</Keywords>
<TimeCreated SystemTime="2020-10-23 18:52:38.991720"></TimeCreated>
<EventRecordID>232</EventRecordID>
<Correlation ActivityID="" RelatedActivityID=""></Correlation>
<Execution ProcessID="1312" ThreadID="1340"></Execution>
<Channel>Microsoft-Windows-GroupPolicy/Operational</Channel>
<Computer>WIN-PTFPHFCRDJ0</Computer>
<Security UserID="S-1-5-18"></Security>
</System>
<EventData><Data Name="IsMachine">False</Data>
<Data Name="WinlogonReturnTimeElapsedInMilliseconds">0</Data>
</EventData>
</Event>

<Event xmlns="http://schemas.microsoft.com/win/2004/08/events/event"><System><Provider Name="Microsoft-Windows-GroupPolicy" Guid="{aea1b4fa-97d1-45f2-a64c-4d69fffd92c9}"></Provider>
<EventID Qualifiers="">5117</EventID>
<Version>0</Version>
<Level>4</Level>
<Task>0</Task>
<Opcode>0</Opcode>
<Keywords>0x4000000000000000</Keywords>
<TimeCreated SystemTime="2020-10-23 18:52:38.992468"></TimeCreated>
<EventRecordID>233</EventRecordID>
<Correlation ActivityID="{0d83e90d-0a66-4a9f-9429-c977aae8c2af}" RelatedActivityID=""></Correlation>
<Execution ProcessID="1312" ThreadID="2832"></Execution>
<Channel>Microsoft-Windows-GroupPolicy/Operational</Channel>
<Computer>WIN-PTFPHFCRDJ0</Computer>
<Security UserID="S-1-5-18"></Security>
</System>
<EventData><Data Name="IsMachine">False</Data>
<Data Name="SessionTimeElapsedInMilliseconds">0</Data>
</EventData>
</Event>

<Event xmlns="http://schemas.microsoft.com/win/2004/08/events/event"><System><Provider Name="Microsoft-Windows-GroupPolicy" Guid="{aea1b4fa-97d1-45f2-a64c-4d69fffd92c9}"></Provider>
<EventID Qualifiers="">5324</EventID>
<Version>0</Version>
<Level>4</Level>
<Task>0</Task>
<Opcode>0</Opcode>
<Keywords>0x4000000000000000</Keywords>
<TimeCreated SystemTime="2020-10-23 18:52:43.369736"></TimeCreated>
<EventRecordID>234</EventRecordID>
<Correlation ActivityID="" RelatedActivityID=""></Correlation>
<Execution ProcessID="1312" ThreadID="1344"></Execution>
<Channel>Microsoft-Windows-GroupPolicy/Operational</Channel>
<Computer>WIN-PTFPHFCRDJ0</Computer>
<Security UserID="S-1-5-18"></Security>
</System>
<EventData><Data Name="NotificationType">3</Data>
<Data Name="SessionId">1</Data>
</EventData>
</Event>

<Event xmlns="http://schemas.microsoft.com/win/2004/08/events/event"><System><Provider Name="Microsoft-Windows-GroupPolicy" Guid="{aea1b4fa-97d1-45f2-a64c-4d69fffd92c9}"></Provider>
<EventID Qualifiers="">6339</EventID>
<Version>0</Version>
<Level>4</Level>
<Task>0</Task>
<Opcode>0</Opcode>
<Keywords>0x4000000000000000</Keywords>
<TimeCreated SystemTime="2020-10-23 18:52:43.369862"></TimeCreated>
<EventRecordID>235</EventRecordID>
<Correlation ActivityID="" RelatedActivityID=""></Correlation>
<Execution ProcessID="1312" ThreadID="1344"></Execution>
<Channel>Microsoft-Windows-GroupPolicy/Operational</Channel>
<Computer>WIN-PTFPHFCRDJ0</Computer>
<Security UserID="S-1-5-18"></Security>
</System>
<EventData></EventData>
</Event>

<Event xmlns="http://schemas.microsoft.com/win/2004/08/events/event"><System><Provider Name="Microsoft-Windows-GroupPolicy" Guid="{aea1b4fa-97d1-45f2-a64c-4d69fffd92c9}"></Provider>
<EventID Qualifiers="">5324</EventID>
<Version>0</Version>
<Level>4</Level>
<Task>0</Task>
<Opcode>0</Opcode>
<Keywords>0x4000000000000000</Keywords>
<TimeCreated SystemTime="2020-10-23 19:07:38.056913"></TimeCreated>
<EventRecordID>236</EventRecordID>
<Correlation ActivityID="" RelatedActivityID=""></Correlation>
<Execution ProcessID="1312" ThreadID="4048"></Execution>
<Channel>Microsoft-Windows-GroupPolicy/Operational</Channel>
<Computer>WIN-PTFPHFCRDJ0</Computer>
<Security UserID="S-1-5-18"></Security>
</System>
<EventData><Data Name="NotificationType">4</Data>
<Data Name="SessionId">1</Data>
</EventData>
</Event>

<Event xmlns="http://schemas.microsoft.com/win/2004/08/events/event"><System><Provider Name="Microsoft-Windows-GroupPolicy" Guid="{aea1b4fa-97d1-45f2-a64c-4d69fffd92c9}"></Provider>
<EventID Qualifiers="">5324</EventID>
<Version>0</Version>
<Level>4</Level>
<Task>0</Task>
<Opcode>0</Opcode>
<Keywords>0x4000000000000000</Keywords>
<TimeCreated SystemTime="2020-10-23 19:07:38.079916"></TimeCreated>
<EventRecordID>237</EventRecordID>
<Correlation ActivityID="" RelatedActivityID=""></Correlation>
<Execution ProcessID="1312" ThreadID="1400"></Execution>
<Channel>Microsoft-Windows-GroupPolicy/Operational</Channel>
<Computer>WIN-PTFPHFCRDJ0</Computer>
<Security UserID="S-1-5-18"></Security>
</System>
<EventData><Data Name="NotificationType">2</Data>
<Data Name="SessionId">1</Data>
</EventData>
</Event>

<Event xmlns="http://schemas.microsoft.com/win/2004/08/events/event"><System><Provider Name="Microsoft-Windows-GroupPolicy" Guid="{aea1b4fa-97d1-45f2-a64c-4d69fffd92c9}"></Provider>
<EventID Qualifiers="">5325</EventID>
<Version>0</Version>
<Level>4</Level>
<Task>0</Task>
<Opcode>0</Opcode>
<Keywords>0x4000000000000000</Keywords>
<TimeCreated SystemTime="2020-10-23 19:07:38.554251"></TimeCreated>
<EventRecordID>238</EventRecordID>
<Correlation ActivityID="" RelatedActivityID=""></Correlation>
<Execution ProcessID="1312" ThreadID="1316"></Execution>
<Channel>Microsoft-Windows-GroupPolicy/Operational</Channel>
<Computer>WIN-PTFPHFCRDJ0</Computer>
<Security UserID="S-1-5-18"></Security>
</System>
<EventData><Data Name="NotificationType">0</Data>
</EventData>
</Event>

<Event xmlns="http://schemas.microsoft.com/win/2004/08/events/event"><System><Provider Name="Microsoft-Windows-GroupPolicy" Guid="{aea1b4fa-97d1-45f2-a64c-4d69fffd92c9}"></Provider>
<EventID Qualifiers="">5115</EventID>
<Version>0</Version>
<Level>4</Level>
<Task>0</Task>
<Opcode>0</Opcode>
<Keywords>0x4000000000000000</Keywords>
<TimeCreated SystemTime="2020-10-23 19:07:38.554737"></TimeCreated>
<EventRecordID>239</EventRecordID>
<Correlation ActivityID="" RelatedActivityID=""></Correlation>
<Execution ProcessID="1312" ThreadID="1112"></Execution>
<Channel>Microsoft-Windows-GroupPolicy/Operational</Channel>
<Computer>WIN-PTFPHFCRDJ0</Computer>
<Security UserID="S-1-5-18"></Security>
</System>
<EventData><Data Name="IsServiceRestart">False</Data>
<Data Name="IsMachineBoot">True</Data>
<Data Name="GpsvcTimeElapsedInMilliseconds">1120563</Data>
</EventData>
</Event>

<Event xmlns="http://schemas.microsoft.com/win/2004/08/events/event"><System><Provider Name="Microsoft-Windows-GroupPolicy" Guid="{aea1b4fa-97d1-45f2-a64c-4d69fffd92c9}"></Provider>
<EventID Qualifiers="">4116</EventID>
<Version>0</Version>
<Level>4</Level>
<Task>0</Task>
<Opcode>0</Opcode>
<Keywords>0x4000000000000000</Keywords>
<TimeCreated SystemTime="2020-10-24 21:52:29.002186"></TimeCreated>
<EventRecordID>240</EventRecordID>
<Correlation ActivityID="" RelatedActivityID=""></Correlation>
<Execution ProcessID="1320" ThreadID="1332"></Execution>
<Channel>Microsoft-Windows-GroupPolicy/Operational</Channel>
<Computer>WIN-PTFPHFCRDJ0</Computer>
<Security UserID="S-1-5-18"></Security>
</System>
<EventData></EventData>
</Event>

<Event xmlns="http://schemas.microsoft.com/win/2004/08/events/event"><System><Provider Name="Microsoft-Windows-GroupPolicy" Guid="{aea1b4fa-97d1-45f2-a64c-4d69fffd92c9}"></Provider>
<EventID Qualifiers="">4115</EventID>
<Version>0</Version>
<Level>4</Level>
<Task>0</Task>
<Opcode>0</Opcode>
<Keywords>0x4000000000000000</Keywords>
<TimeCreated SystemTime="2020-10-24 21:52:29.125290"></TimeCreated>
<EventRecordID>241</EventRecordID>
<Correlation ActivityID="" RelatedActivityID=""></Correlation>
<Execution ProcessID="1320" ThreadID="1332"></Execution>
<Channel>Microsoft-Windows-GroupPolicy/Operational</Channel>
<Computer>WIN-PTFPHFCRDJ0</Computer>
<Security UserID="S-1-5-18"></Security>
</System>
<EventData><Data Name="IsServiceRestart">False</Data>
<Data Name="IsMachineBoot">True</Data>
</EventData>
</Event>

<Event xmlns="http://schemas.microsoft.com/win/2004/08/events/event"><System><Provider Name="Microsoft-Windows-GroupPolicy" Guid="{aea1b4fa-97d1-45f2-a64c-4d69fffd92c9}"></Provider>
<EventID Qualifiers="">5116</EventID>
<Version>0</Version>
<Level>4</Level>
<Task>0</Task>
<Opcode>0</Opcode>
<Keywords>0x4000000000000000</Keywords>
<TimeCreated SystemTime="2020-10-24 21:52:29.160181"></TimeCreated>
<EventRecordID>242</EventRecordID>
<Correlation ActivityID="" RelatedActivityID=""></Correlation>
<Execution ProcessID="1320" ThreadID="1348"></Execution>
<Channel>Microsoft-Windows-GroupPolicy/Operational</Channel>
<Computer>WIN-PTFPHFCRDJ0</Computer>
<Security UserID="S-1-5-18"></Security>
</System>
<EventData><Data Name="GpsvcInitTimeElapsedInMilliseconds">172</Data>
</EventData>
</Event>

<Event xmlns="http://schemas.microsoft.com/win/2004/08/events/event"><System><Provider Name="Microsoft-Windows-GroupPolicy" Guid="{aea1b4fa-97d1-45f2-a64c-4d69fffd92c9}"></Provider>
<EventID Qualifiers="">5320</EventID>
<Version>0</Version>
<Level>4</Level>
<Task>0</Task>
<Opcode>0</Opcode>
<Keywords>0x4000000000000000</Keywords>
<TimeCreated SystemTime="2020-10-24 21:52:30.745564"></TimeCreated>
<EventRecordID>243</EventRecordID>
<Correlation ActivityID="" RelatedActivityID=""></Correlation>
<Execution ProcessID="1320" ThreadID="1348"></Execution>
<Channel>Microsoft-Windows-GroupPolicy/Operational</Channel>
<Computer>WIN-PTFPHFCRDJ0</Computer>
<Security UserID="S-1-5-18"></Security>
</System>
<EventData><Data Name="InfoDescription">%%4168</Data>
</EventData>
</Event>

<Event xmlns="http://schemas.microsoft.com/win/2004/08/events/event"><System><Provider Name="Microsoft-Windows-GroupPolicy" Guid="{aea1b4fa-97d1-45f2-a64c-4d69fffd92c9}"></Provider>
<EventID Qualifiers="">5320</EventID>
<Version>0</Version>
<Level>4</Level>
<Task>0</Task>
<Opcode>0</Opcode>
<Keywords>0x4000000000000000</Keywords>
<TimeCreated SystemTime="2020-10-24 21:52:30.745583"></TimeCreated>
<EventRecordID>244</EventRecordID>
<Correlation ActivityID="" RelatedActivityID=""></Correlation>
<Execution ProcessID="1320" ThreadID="1348"></Execution>
<Channel>Microsoft-Windows-GroupPolicy/Operational</Channel>
<Computer>WIN-PTFPHFCRDJ0</Computer>
<Security UserID="S-1-5-18"></Security>
</System>
<EventData><Data Name="InfoDescription">%%4160</Data>
</EventData>
</Event>

<Event xmlns="http://schemas.microsoft.com/win/2004/08/events/event"><System><Provider Name="Microsoft-Windows-GroupPolicy" Guid="{aea1b4fa-97d1-45f2-a64c-4d69fffd92c9}"></Provider>
<EventID Qualifiers="">5320</EventID>
<Version>0</Version>
<Level>4</Level>
<Task>0</Task>
<Opcode>0</Opcode>
<Keywords>0x4000000000000000</Keywords>
<TimeCreated SystemTime="2020-10-24 21:52:30.745583"></TimeCreated>
<EventRecordID>245</EventRecordID>
<Correlation ActivityID="" RelatedActivityID=""></Correlation>
<Execution ProcessID="1320" ThreadID="1348"></Execution>
<Channel>Microsoft-Windows-GroupPolicy/Operational</Channel>
<Computer>WIN-PTFPHFCRDJ0</Computer>
<Security UserID="S-1-5-18"></Security>
</System>
<EventData><Data Name="InfoDescription">%%4166</Data>
</EventData>
</Event>

<Event xmlns="http://schemas.microsoft.com/win/2004/08/events/event"><System><Provider Name="Microsoft-Windows-GroupPolicy" Guid="{aea1b4fa-97d1-45f2-a64c-4d69fffd92c9}"></Provider>
<EventID Qualifiers="">5321</EventID>
<Version>0</Version>
<Level>4</Level>
<Task>0</Task>
<Opcode>0</Opcode>
<Keywords>0x4000000000000000</Keywords>
<TimeCreated SystemTime="2020-10-24 21:52:30.745743"></TimeCreated>
<EventRecordID>246</EventRecordID>
<Correlation ActivityID="" RelatedActivityID=""></Correlation>
<Execution ProcessID="1320" ThreadID="1348"></Execution>
<Channel>Microsoft-Windows-GroupPolicy/Operational</Channel>
<Computer>WIN-PTFPHFCRDJ0</Computer>
<Security UserID="S-1-5-18"></Security>
</System>
<EventData><Data Name="InfoDescription">%%4167</Data>
<Data Name="OperationParameter1">33451236-ac7a-499c-b06d-87ece92b3440</Data>
</EventData>
</Event>

<Event xmlns="http://schemas.microsoft.com/win/2004/08/events/event"><System><Provider Name="Microsoft-Windows-GroupPolicy" Guid="{aea1b4fa-97d1-45f2-a64c-4d69fffd92c9}"></Provider>
<EventID Qualifiers="">5324</EventID>
<Version>0</Version>
<Level>4</Level>
<Task>0</Task>
<Opcode>0</Opcode>
<Keywords>0x4000000000000000</Keywords>
<TimeCreated SystemTime="2020-10-24 21:54:31.381258"></TimeCreated>
<EventRecordID>247</EventRecordID>
<Correlation ActivityID="" RelatedActivityID=""></Correlation>
<Execution ProcessID="1320" ThreadID="2204"></Execution>
<Channel>Microsoft-Windows-GroupPolicy/Operational</Channel>
<Computer>WIN-PTFPHFCRDJ0</Computer>
<Security UserID="S-1-5-18"></Security>
</System>
<EventData><Data Name="NotificationType">0</Data>
<Data Name="SessionId">1</Data>
</EventData>
</Event>

<Event xmlns="http://schemas.microsoft.com/win/2004/08/events/event"><System><Provider Name="Microsoft-Windows-GroupPolicy" Guid="{aea1b4fa-97d1-45f2-a64c-4d69fffd92c9}"></Provider>
<EventID Qualifiers="">4117</EventID>
<Version>0</Version>
<Level>4</Level>
<Task>0</Task>
<Opcode>0</Opcode>
<Keywords>0x4000000000000000</Keywords>
<TimeCreated SystemTime="2020-10-24 21:54:31.381802"></TimeCreated>
<EventRecordID>248</EventRecordID>
<Correlation ActivityID="" RelatedActivityID=""></Correlation>
<Execution ProcessID="1320" ThreadID="2876"></Execution>
<Channel>Microsoft-Windows-GroupPolicy/Operational</Channel>
<Computer>WIN-PTFPHFCRDJ0</Computer>
<Security UserID="S-1-5-18"></Security>
</System>
<EventData><Data Name="IsMachine">True</Data>
<Data Name="IsBackgroundProcessing">False</Data>
<Data Name="IsAsyncProcessing">False</Data>
</EventData>
</Event>

<Event xmlns="http://schemas.microsoft.com/win/2004/08/events/event"><System><Provider Name="Microsoft-Windows-GroupPolicy" Guid="{aea1b4fa-97d1-45f2-a64c-4d69fffd92c9}"></Provider>
<EventID Qualifiers="">4000</EventID>
<Version>1</Version>
<Level>4</Level>
<Task>0</Task>
<Opcode>1</Opcode>
<Keywords>0x4000000000000000</Keywords>
<TimeCreated SystemTime="2020-10-24 21:54:31.462511"></TimeCreated>
<EventRecordID>249</EventRecordID>
<Correlation ActivityID="{8736c973-2c6d-4aa0-a2c1-cac8095ef229}" RelatedActivityID=""></Correlation>
<Execution ProcessID="1320" ThreadID="2876"></Execution>
<Channel>Microsoft-Windows-GroupPolicy/Operational</Channel>
<Computer>WIN-PTFPHFCRDJ0</Computer>
<Security UserID="S-1-5-18"></Security>
</System>
<EventData><Data Name="PolicyActivityId">{8736c973-2c6d-4aa0-a2c1-cac8095ef229}</Data>
<Data Name="PrincipalSamName">WORKGROUP\WIN-PTFPHFCRDJ0$</Data>
<Data Name="IsMachine">1</Data>
<Data Name="IsDomainJoined">False</Data>
<Data Name="IsBackgroundProcessing">False</Data>
<Data Name="IsAsyncProcessing">False</Data>
<Data Name="IsServiceRestart">False</Data>
<Data Name="ReasonForSyncProcessing">5</Data>
</EventData>
</Event>

<Event xmlns="http://schemas.microsoft.com/win/2004/08/events/event"><System><Provider Name="Microsoft-Windows-GroupPolicy" Guid="{aea1b4fa-97d1-45f2-a64c-4d69fffd92c9}"></Provider>
<EventID Qualifiers="">5340</EventID>
<Version>0</Version>
<Level>4</Level>
<Task>0</Task>
<Opcode>0</Opcode>
<Keywords>0x4000000000000000</Keywords>
<TimeCreated SystemTime="2020-10-24 21:54:31.493076"></TimeCreated>
<EventRecordID>250</EventRecordID>
<Correlation ActivityID="{8736c973-2c6d-4aa0-a2c1-cac8095ef229}" RelatedActivityID=""></Correlation>
<Execution ProcessID="1320" ThreadID="2876"></Execution>
<Channel>Microsoft-Windows-GroupPolicy/Operational</Channel>
<Computer>WIN-PTFPHFCRDJ0</Computer>
<Security UserID="S-1-5-18"></Security>
</System>
<EventData><Data Name="PolicyApplicationMode">1</Data>
</EventData>
</Event>

<Event xmlns="http://schemas.microsoft.com/win/2004/08/events/event"><System><Provider Name="Microsoft-Windows-GroupPolicy" Guid="{aea1b4fa-97d1-45f2-a64c-4d69fffd92c9}"></Provider>
<EventID Qualifiers="">5311</EventID>
<Version>0</Version>
<Level>4</Level>
<Task>0</Task>
<Opcode>0</Opcode>
<Keywords>0x4000000000000000</Keywords>
<TimeCreated SystemTime="2020-10-24 21:54:31.596123"></TimeCreated>
<EventRecordID>251</EventRecordID>
<Correlation ActivityID="{8736c973-2c6d-4aa0-a2c1-cac8095ef229}" RelatedActivityID=""></Correlation>
<Execution ProcessID="1320" ThreadID="2876"></Execution>
<Channel>Microsoft-Windows-GroupPolicy/Operational</Channel>
<Computer>WIN-PTFPHFCRDJ0</Computer>
<Security UserID="S-1-5-18"></Security>
</System>
<EventData><Data Name="PolicyProcessingMode">0</Data>
</EventData>
</Event>

<Event xmlns="http://schemas.microsoft.com/win/2004/08/events/event"><System><Provider Name="Microsoft-Windows-GroupPolicy" Guid="{aea1b4fa-97d1-45f2-a64c-4d69fffd92c9}"></Provider>
<EventID Qualifiers="">4126</EventID>
<Version>0</Version>
<Level>4</Level>
<Task>0</Task>
<Opcode>0</Opcode>
<Keywords>0x4000000000000000</Keywords>
<TimeCreated SystemTime="2020-10-24 21:54:31.596125"></TimeCreated>
<EventRecordID>252</EventRecordID>
<Correlation ActivityID="{8736c973-2c6d-4aa0-a2c1-cac8095ef229}" RelatedActivityID=""></Correlation>
<Execution ProcessID="1320" ThreadID="2876"></Execution>
<Channel>Microsoft-Windows-GroupPolicy/Operational</Channel>
<Computer>WIN-PTFPHFCRDJ0</Computer>
<Security UserID="S-1-5-18"></Security>
</System>
<EventData><Data Name="IsMachine">True</Data>
</EventData>
</Event>

<Event xmlns="http://schemas.microsoft.com/win/2004/08/events/event"><System><Provider Name="Microsoft-Windows-GroupPolicy" Guid="{aea1b4fa-97d1-45f2-a64c-4d69fffd92c9}"></Provider>
<EventID Qualifiers="">5257</EventID>
<Version>0</Version>
<Level>4</Level>
<Task>0</Task>
<Opcode>0</Opcode>
<Keywords>0x4000000000000000</Keywords>
<TimeCreated SystemTime="2020-10-24 21:54:31.596136"></TimeCreated>
<EventRecordID>253</EventRecordID>
<Correlation ActivityID="{8736c973-2c6d-4aa0-a2c1-cac8095ef229}" RelatedActivityID=""></Correlation>
<Execution ProcessID="1320" ThreadID="2876"></Execution>
<Channel>Microsoft-Windows-GroupPolicy/Operational</Channel>
<Computer>WIN-PTFPHFCRDJ0</Computer>
<Security UserID="S-1-5-18"></Security>
</System>
<EventData><Data Name="IsMachine">True</Data>
<Data Name="PolicyDownloadTimeElapsedInMilliseconds">161109</Data>
</EventData>
</Event>

<Event xmlns="http://schemas.microsoft.com/win/2004/08/events/event"><System><Provider Name="Microsoft-Windows-GroupPolicy" Guid="{aea1b4fa-97d1-45f2-a64c-4d69fffd92c9}"></Provider>
<EventID Qualifiers="">6338</EventID>
<Version>0</Version>
<Level>4</Level>
<Task>0</Task>
<Opcode>0</Opcode>
<Keywords>0x4000000000000000</Keywords>
<TimeCreated SystemTime="2020-10-24 21:54:31.596266"></TimeCreated>
<EventRecordID>254</EventRecordID>
<Correlation ActivityID="" RelatedActivityID=""></Correlation>
<Execution ProcessID="1320" ThreadID="2204"></Execution>
<Channel>Microsoft-Windows-GroupPolicy/Operational</Channel>
<Computer>WIN-PTFPHFCRDJ0</Computer>
<Security UserID="S-1-5-18"></Security>
</System>
<EventData></EventData>
</Event>

<Event xmlns="http://schemas.microsoft.com/win/2004/08/events/event"><System><Provider Name="Microsoft-Windows-GroupPolicy" Guid="{aea1b4fa-97d1-45f2-a64c-4d69fffd92c9}"></Provider>
<EventID Qualifiers="">5351</EventID>
<Version>0</Version>
<Level>4</Level>
<Task>0</Task>
<Opcode>0</Opcode>
<Keywords>0x4000000000000000</Keywords>
<TimeCreated SystemTime="2020-10-24 21:54:31.596266"></TimeCreated>
<EventRecordID>255</EventRecordID>
<Correlation ActivityID="" RelatedActivityID=""></Correlation>
<Execution ProcessID="1320" ThreadID="2204"></Execution>
<Channel>Microsoft-Windows-GroupPolicy/Operational</Channel>
<Computer>WIN-PTFPHFCRDJ0</Computer>
<Security UserID="S-1-5-18"></Security>
</System>
<EventData><Data Name="IsMachine">True</Data>
<Data Name="WinlogonReturnTimeElapsedInMilliseconds">219</Data>
</EventData>
</Event>

<Event xmlns="http://schemas.microsoft.com/win/2004/08/events/event"><System><Provider Name="Microsoft-Windows-GroupPolicy" Guid="{aea1b4fa-97d1-45f2-a64c-4d69fffd92c9}"></Provider>
<EventID Qualifiers="">5126</EventID>
<Version>0</Version>
<Level>4</Level>
<Task>0</Task>
<Opcode>0</Opcode>
<Keywords>0x4000000000000000</Keywords>
<TimeCreated SystemTime="2020-10-24 21:54:31.651489"></TimeCreated>
<EventRecordID>256</EventRecordID>
<Correlation ActivityID="{8736c973-2c6d-4aa0-a2c1-cac8095ef229}" RelatedActivityID=""></Correlation>
<Execution ProcessID="1320" ThreadID="2876"></Execution>
<Channel>Microsoft-Windows-GroupPolicy/Operational</Channel>
<Computer>WIN-PTFPHFCRDJ0</Computer>
<Security UserID="S-1-5-18"></Security>
</System>
<EventData><Data Name="IsMachine">True</Data>
<Data Name="IsBackgroundProcessing">False</Data>
<Data Name="IsAsyncProcessing">False</Data>
<Data Name="NumberOfGPOsDownloaded">0</Data>
<Data Name="NumberOfGPOsApplicable">0</Data>
<Data Name="GPODownloadTimeElapsedInMilliseconds">62</Data>
</EventData>
</Event>

<Event xmlns="http://schemas.microsoft.com/win/2004/08/events/event"><System><Provider Name="Microsoft-Windows-GroupPolicy" Guid="{aea1b4fa-97d1-45f2-a64c-4d69fffd92c9}"></Provider>
<EventID Qualifiers="">5312</EventID>
<Version>0</Version>
<Level>4</Level>
<Task>0</Task>
<Opcode>0</Opcode>
<Keywords>0x4000000000000000</Keywords>
<TimeCreated SystemTime="2020-10-24 21:54:31.651508"></TimeCreated>
<EventRecordID>257</EventRecordID>
<Correlation ActivityID="{8736c973-2c6d-4aa0-a2c1-cac8095ef229}" RelatedActivityID=""></Correlation>
<Execution ProcessID="1320" ThreadID="2876"></Execution>
<Channel>Microsoft-Windows-GroupPolicy/Operational</Channel>
<Computer>WIN-PTFPHFCRDJ0</Computer>
<Security UserID="S-1-5-18"></Security>
</System>
<EventData><Data Name="DescriptionString">None</Data>
<Data Name="GPOInfoList"></Data>
</EventData>
</Event>

<Event xmlns="http://schemas.microsoft.com/win/2004/08/events/event"><System><Provider Name="Microsoft-Windows-GroupPolicy" Guid="{aea1b4fa-97d1-45f2-a64c-4d69fffd92c9}"></Provider>
<EventID Qualifiers="">5313</EventID>
<Version>0</Version>
<Level>4</Level>
<Task>0</Task>
<Opcode>0</Opcode>
<Keywords>0x4000000000000000</Keywords>
<TimeCreated SystemTime="2020-10-24 21:54:31.651522"></TimeCreated>
<EventRecordID>258</EventRecordID>
<Correlation ActivityID="{8736c973-2c6d-4aa0-a2c1-cac8095ef229}" RelatedActivityID=""></Correlation>
<Execution ProcessID="1320" ThreadID="2876"></Execution>
<Channel>Microsoft-Windows-GroupPolicy/Operational</Channel>
<Computer>WIN-PTFPHFCRDJ0</Computer>
<Security UserID="S-1-5-18"></Security>
</System>
<EventData><Data Name="DescriptionString">Local Group Policy
	Not Applied (Empty)
</Data>
<Data Name="GPOInfoList">&lt;GPO ID="Local Group Policy"&gt;&lt;Name&gt;Local Group Policy&lt;/Name&gt;&lt;Version&gt;0&lt;/Version&gt;&lt;SOM&gt;Local&lt;/SOM&gt;&lt;FSPath&gt;C:\Windows\System32\GroupPolicy\Machine&lt;/FSPath&gt;&lt;Reason&gt;NOTAPPLIED-EMPTY&lt;/Reason&gt;&lt;/GPO&gt;</Data>
</EventData>
</Event>

<Event xmlns="http://schemas.microsoft.com/win/2004/08/events/event"><System><Provider Name="Microsoft-Windows-GroupPolicy" Guid="{aea1b4fa-97d1-45f2-a64c-4d69fffd92c9}"></Provider>
<EventID Qualifiers="">5320</EventID>
<Version>0</Version>
<Level>4</Level>
<Task>0</Task>
<Opcode>0</Opcode>
<Keywords>0x4000000000000000</Keywords>
<TimeCreated SystemTime="2020-10-24 21:54:31.753178"></TimeCreated>
<EventRecordID>259</EventRecordID>
<Correlation ActivityID="{8736c973-2c6d-4aa0-a2c1-cac8095ef229}" RelatedActivityID=""></Correlation>
<Execution ProcessID="1320" ThreadID="2876"></Execution>
<Channel>Microsoft-Windows-GroupPolicy/Operational</Channel>
<Computer>WIN-PTFPHFCRDJ0</Computer>
<Security UserID="S-1-5-18"></Security>
</System>
<EventData><Data Name="InfoDescription">%%4161</Data>
</EventData>
</Event>

<Event xmlns="http://schemas.microsoft.com/win/2004/08/events/event"><System><Provider Name="Microsoft-Windows-GroupPolicy" Guid="{aea1b4fa-97d1-45f2-a64c-4d69fffd92c9}"></Provider>
<EventID Qualifiers="">5320</EventID>
<Version>0</Version>
<Level>4</Level>
<Task>0</Task>
<Opcode>0</Opcode>
<Keywords>0x4000000000000000</Keywords>
<TimeCreated SystemTime="2020-10-24 21:54:31.753262"></TimeCreated>
<EventRecordID>260</EventRecordID>
<Correlation ActivityID="{8736c973-2c6d-4aa0-a2c1-cac8095ef229}" RelatedActivityID=""></Correlation>
<Execution ProcessID="1320" ThreadID="2876"></Execution>
<Channel>Microsoft-Windows-GroupPolicy/Operational</Channel>
<Computer>WIN-PTFPHFCRDJ0</Computer>
<Security UserID="S-1-5-18"></Security>
</System>
<EventData><Data Name="InfoDescription">%%4163</Data>
</EventData>
</Event>

<Event xmlns="http://schemas.microsoft.com/win/2004/08/events/event"><System><Provider Name="Microsoft-Windows-GroupPolicy" Guid="{aea1b4fa-97d1-45f2-a64c-4d69fffd92c9}"></Provider>
<EventID Qualifiers="">5320</EventID>
<Version>0</Version>
<Level>4</Level>
<Task>0</Task>
<Opcode>0</Opcode>
<Keywords>0x4000000000000000</Keywords>
<TimeCreated SystemTime="2020-10-24 21:54:31.753263"></TimeCreated>
<EventRecordID>261</EventRecordID>
<Correlation ActivityID="{8736c973-2c6d-4aa0-a2c1-cac8095ef229}" RelatedActivityID=""></Correlation>
<Execution ProcessID="1320" ThreadID="2876"></Execution>
<Channel>Microsoft-Windows-GroupPolicy/Operational</Channel>
<Computer>WIN-PTFPHFCRDJ0</Computer>
<Security UserID="S-1-5-18"></Security>
</System>
<EventData><Data Name="InfoDescription">%%4165</Data>
</EventData>
</Event>

<Event xmlns="http://schemas.microsoft.com/win/2004/08/events/event"><System><Provider Name="Microsoft-Windows-GroupPolicy" Guid="{aea1b4fa-97d1-45f2-a64c-4d69fffd92c9}"></Provider>
<EventID Qualifiers="">8000</EventID>
<Version>1</Version>
<Level>4</Level>
<Task>0</Task>
<Opcode>2</Opcode>
<Keywords>0x4000000000000000</Keywords>
<TimeCreated SystemTime="2020-10-24 21:54:31.958090"></TimeCreated>
<EventRecordID>262</EventRecordID>
<Correlation ActivityID="{8736c973-2c6d-4aa0-a2c1-cac8095ef229}" RelatedActivityID=""></Correlation>
<Execution ProcessID="1320" ThreadID="2876"></Execution>
<Channel>Microsoft-Windows-GroupPolicy/Operational</Channel>
<Computer>WIN-PTFPHFCRDJ0</Computer>
<Security UserID="S-1-5-18"></Security>
</System>
<EventData><Data Name="PolicyElaspedTimeInSeconds">0</Data>
<Data Name="ErrorCode">0</Data>
<Data Name="PrincipalSamName">WORKGROUP\WIN-PTFPHFCRDJ0$</Data>
<Data Name="IsMachine">1</Data>
<Data Name="IsConnectivityFailure">False</Data>
</EventData>
</Event>

<Event xmlns="http://schemas.microsoft.com/win/2004/08/events/event"><System><Provider Name="Microsoft-Windows-GroupPolicy" Guid="{aea1b4fa-97d1-45f2-a64c-4d69fffd92c9}"></Provider>
<EventID Qualifiers="">5117</EventID>
<Version>0</Version>
<Level>4</Level>
<Task>0</Task>
<Opcode>0</Opcode>
<Keywords>0x4000000000000000</Keywords>
<TimeCreated SystemTime="2020-10-24 21:54:31.958189"></TimeCreated>
<EventRecordID>263</EventRecordID>
<Correlation ActivityID="{8736c973-2c6d-4aa0-a2c1-cac8095ef229}" RelatedActivityID=""></Correlation>
<Execution ProcessID="1320" ThreadID="2876"></Execution>
<Channel>Microsoft-Windows-GroupPolicy/Operational</Channel>
<Computer>WIN-PTFPHFCRDJ0</Computer>
<Security UserID="S-1-5-18"></Security>
</System>
<EventData><Data Name="IsMachine">True</Data>
<Data Name="SessionTimeElapsedInMilliseconds">578</Data>
</EventData>
</Event>

<Event xmlns="http://schemas.microsoft.com/win/2004/08/events/event"><System><Provider Name="Microsoft-Windows-GroupPolicy" Guid="{aea1b4fa-97d1-45f2-a64c-4d69fffd92c9}"></Provider>
<EventID Qualifiers="">5324</EventID>
<Version>0</Version>
<Level>4</Level>
<Task>0</Task>
<Opcode>0</Opcode>
<Keywords>0x4000000000000000</Keywords>
<TimeCreated SystemTime="2020-10-24 21:55:32.995516"></TimeCreated>
<EventRecordID>264</EventRecordID>
<Correlation ActivityID="" RelatedActivityID=""></Correlation>
<Execution ProcessID="1320" ThreadID="2208"></Execution>
<Channel>Microsoft-Windows-GroupPolicy/Operational</Channel>
<Computer>WIN-PTFPHFCRDJ0</Computer>
<Security UserID="S-1-5-18"></Security>
</System>
<EventData><Data Name="NotificationType">1</Data>
<Data Name="SessionId">1</Data>
</EventData>
</Event>

<Event xmlns="http://schemas.microsoft.com/win/2004/08/events/event"><System><Provider Name="Microsoft-Windows-GroupPolicy" Guid="{aea1b4fa-97d1-45f2-a64c-4d69fffd92c9}"></Provider>
<EventID Qualifiers="">6338</EventID>
<Version>0</Version>
<Level>4</Level>
<Task>0</Task>
<Opcode>0</Opcode>
<Keywords>0x4000000000000000</Keywords>
<TimeCreated SystemTime="2020-10-24 21:55:32.996477"></TimeCreated>
<EventRecordID>265</EventRecordID>
<Correlation ActivityID="" RelatedActivityID=""></Correlation>
<Execution ProcessID="1320" ThreadID="2208"></Execution>
<Channel>Microsoft-Windows-GroupPolicy/Operational</Channel>
<Computer>WIN-PTFPHFCRDJ0</Computer>
<Security UserID="S-1-5-18"></Security>
</System>
<EventData></EventData>
</Event>

<Event xmlns="http://schemas.microsoft.com/win/2004/08/events/event"><System><Provider Name="Microsoft-Windows-GroupPolicy" Guid="{aea1b4fa-97d1-45f2-a64c-4d69fffd92c9}"></Provider>
<EventID Qualifiers="">5351</EventID>
<Version>0</Version>
<Level>4</Level>
<Task>0</Task>
<Opcode>0</Opcode>
<Keywords>0x4000000000000000</Keywords>
<TimeCreated SystemTime="2020-10-24 21:55:32.996477"></TimeCreated>
<EventRecordID>266</EventRecordID>
<Correlation ActivityID="" RelatedActivityID=""></Correlation>
<Execution ProcessID="1320" ThreadID="2208"></Execution>
<Channel>Microsoft-Windows-GroupPolicy/Operational</Channel>
<Computer>WIN-PTFPHFCRDJ0</Computer>
<Security UserID="S-1-5-18"></Security>
</System>
<EventData><Data Name="IsMachine">False</Data>
<Data Name="WinlogonReturnTimeElapsedInMilliseconds">0</Data>
</EventData>
</Event>

<Event xmlns="http://schemas.microsoft.com/win/2004/08/events/event"><System><Provider Name="Microsoft-Windows-GroupPolicy" Guid="{aea1b4fa-97d1-45f2-a64c-4d69fffd92c9}"></Provider>
<EventID Qualifiers="">5324</EventID>
<Version>0</Version>
<Level>4</Level>
<Task>0</Task>
<Opcode>0</Opcode>
<Keywords>0x4000000000000000</Keywords>
<TimeCreated SystemTime="2020-10-24 21:55:32.996815"></TimeCreated>
<EventRecordID>267</EventRecordID>
<Correlation ActivityID="" RelatedActivityID=""></Correlation>
<Execution ProcessID="1320" ThreadID="2208"></Execution>
<Channel>Microsoft-Windows-GroupPolicy/Operational</Channel>
<Computer>WIN-PTFPHFCRDJ0</Computer>
<Security UserID="S-1-5-18"></Security>
</System>
<EventData><Data Name="NotificationType">1</Data>
<Data Name="SessionId">1</Data>
</EventData>
</Event>

<Event xmlns="http://schemas.microsoft.com/win/2004/08/events/event"><System><Provider Name="Microsoft-Windows-GroupPolicy" Guid="{aea1b4fa-97d1-45f2-a64c-4d69fffd92c9}"></Provider>
<EventID Qualifiers="">4117</EventID>
<Version>0</Version>
<Level>4</Level>
<Task>0</Task>
<Opcode>0</Opcode>
<Keywords>0x4000000000000000</Keywords>
<TimeCreated SystemTime="2020-10-24 21:55:32.997181"></TimeCreated>
<EventRecordID>268</EventRecordID>
<Correlation ActivityID="" RelatedActivityID=""></Correlation>
<Execution ProcessID="1320" ThreadID="4000"></Execution>
<Channel>Microsoft-Windows-GroupPolicy/Operational</Channel>
<Computer>WIN-PTFPHFCRDJ0</Computer>
<Security UserID="S-1-5-18"></Security>
</System>
<EventData><Data Name="IsMachine">False</Data>
<Data Name="IsBackgroundProcessing">False</Data>
<Data Name="IsAsyncProcessing">False</Data>
</EventData>
</Event>

<Event xmlns="http://schemas.microsoft.com/win/2004/08/events/event"><System><Provider Name="Microsoft-Windows-GroupPolicy" Guid="{aea1b4fa-97d1-45f2-a64c-4d69fffd92c9}"></Provider>
<EventID Qualifiers="">4001</EventID>
<Version>1</Version>
<Level>4</Level>
<Task>0</Task>
<Opcode>1</Opcode>
<Keywords>0x4000000000000000</Keywords>
<TimeCreated SystemTime="2020-10-24 21:55:32.997810"></TimeCreated>
<EventRecordID>269</EventRecordID>
<Correlation ActivityID="{46d34de0-8ded-45e1-88c6-e76bc43aaf1a}" RelatedActivityID=""></Correlation>
<Execution ProcessID="1320" ThreadID="4000"></Execution>
<Channel>Microsoft-Windows-GroupPolicy/Operational</Channel>
<Computer>WIN-PTFPHFCRDJ0</Computer>
<Security UserID="S-1-5-18"></Security>
</System>
<EventData><Data Name="PolicyActivityId">{46d34de0-8ded-45e1-88c6-e76bc43aaf1a}</Data>
<Data Name="PrincipalSamName">WIN-PTFPHFCRDJ0\user</Data>
<Data Name="IsMachine">0</Data>
<Data Name="IsDomainJoined">False</Data>
<Data Name="IsBackgroundProcessing">False</Data>
<Data Name="IsAsyncProcessing">False</Data>
<Data Name="IsServiceRestart">False</Data>
<Data Name="ReasonForSyncProcessing">5</Data>
</EventData>
</Event>

<Event xmlns="http://schemas.microsoft.com/win/2004/08/events/event"><System><Provider Name="Microsoft-Windows-GroupPolicy" Guid="{aea1b4fa-97d1-45f2-a64c-4d69fffd92c9}"></Provider>
<EventID Qualifiers="">5340</EventID>
<Version>0</Version>
<Level>4</Level>
<Task>0</Task>
<Opcode>0</Opcode>
<Keywords>0x4000000000000000</Keywords>
<TimeCreated SystemTime="2020-10-24 21:55:32.998228"></TimeCreated>
<EventRecordID>270</EventRecordID>
<Correlation ActivityID="{46d34de0-8ded-45e1-88c6-e76bc43aaf1a}" RelatedActivityID=""></Correlation>
<Execution ProcessID="1320" ThreadID="4000"></Execution>
<Channel>Microsoft-Windows-GroupPolicy/Operational</Channel>
<Computer>WIN-PTFPHFCRDJ0</Computer>
<Security UserID="S-1-5-18"></Security>
</System>
<EventData><Data Name="PolicyApplicationMode">1</Data>
</EventData>
</Event>

<Event xmlns="http://schemas.microsoft.com/win/2004/08/events/event"><System><Provider Name="Microsoft-Windows-GroupPolicy" Guid="{aea1b4fa-97d1-45f2-a64c-4d69fffd92c9}"></Provider>
<EventID Qualifiers="">5311</EventID>
<Version>0</Version>
<Level>4</Level>
<Task>0</Task>
<Opcode>0</Opcode>
<Keywords>0x4000000000000000</Keywords>
<TimeCreated SystemTime="2020-10-24 21:55:33.000422"></TimeCreated>
<EventRecordID>271</EventRecordID>
<Correlation ActivityID="{46d34de0-8ded-45e1-88c6-e76bc43aaf1a}" RelatedActivityID=""></Correlation>
<Execution ProcessID="1320" ThreadID="4000"></Execution>
<Channel>Microsoft-Windows-GroupPolicy/Operational</Channel>
<Computer>WIN-PTFPHFCRDJ0</Computer>
<Security UserID="S-1-5-21-1152959844-3645458174-3779170896-1000"></Security>
</System>
<EventData><Data Name="PolicyProcessingMode">0</Data>
</EventData>
</Event>

<Event xmlns="http://schemas.microsoft.com/win/2004/08/events/event"><System><Provider Name="Microsoft-Windows-GroupPolicy" Guid="{aea1b4fa-97d1-45f2-a64c-4d69fffd92c9}"></Provider>
<EventID Qualifiers="">4126</EventID>
<Version>0</Version>
<Level>4</Level>
<Task>0</Task>
<Opcode>0</Opcode>
<Keywords>0x4000000000000000</Keywords>
<TimeCreated SystemTime="2020-10-24 21:55:33.000423"></TimeCreated>
<EventRecordID>272</EventRecordID>
<Correlation ActivityID="{46d34de0-8ded-45e1-88c6-e76bc43aaf1a}" RelatedActivityID=""></Correlation>
<Execution ProcessID="1320" ThreadID="4000"></Execution>
<Channel>Microsoft-Windows-GroupPolicy/Operational</Channel>
<Computer>WIN-PTFPHFCRDJ0</Computer>
<Security UserID="S-1-5-21-1152959844-3645458174-3779170896-1000"></Security>
</System>
<EventData><Data Name="IsMachine">False</Data>
</EventData>
</Event>

<Event xmlns="http://schemas.microsoft.com/win/2004/08/events/event"><System><Provider Name="Microsoft-Windows-GroupPolicy" Guid="{aea1b4fa-97d1-45f2-a64c-4d69fffd92c9}"></Provider>
<EventID Qualifiers="">5257</EventID>
<Version>0</Version>
<Level>4</Level>
<Task>0</Task>
<Opcode>0</Opcode>
<Keywords>0x4000000000000000</Keywords>
<TimeCreated SystemTime="2020-10-24 21:55:33.000431"></TimeCreated>
<EventRecordID>273</EventRecordID>
<Correlation ActivityID="{46d34de0-8ded-45e1-88c6-e76bc43aaf1a}" RelatedActivityID=""></Correlation>
<Execution ProcessID="1320" ThreadID="4000"></Execution>
<Channel>Microsoft-Windows-GroupPolicy/Operational</Channel>
<Computer>WIN-PTFPHFCRDJ0</Computer>
<Security UserID="S-1-5-21-1152959844-3645458174-3779170896-1000"></Security>
</System>
<EventData><Data Name="IsMachine">False</Data>
<Data Name="PolicyDownloadTimeElapsedInMilliseconds">222515</Data>
</EventData>
</Event>

<Event xmlns="http://schemas.microsoft.com/win/2004/08/events/event"><System><Provider Name="Microsoft-Windows-GroupPolicy" Guid="{aea1b4fa-97d1-45f2-a64c-4d69fffd92c9}"></Provider>
<EventID Qualifiers="">5126</EventID>
<Version>0</Version>
<Level>4</Level>
<Task>0</Task>
<Opcode>0</Opcode>
<Keywords>0x4000000000000000</Keywords>
<TimeCreated SystemTime="2020-10-24 21:55:33.000889"></TimeCreated>
<EventRecordID>274</EventRecordID>
<Correlation ActivityID="{46d34de0-8ded-45e1-88c6-e76bc43aaf1a}" RelatedActivityID=""></Correlation>
<Execution ProcessID="1320" ThreadID="4000"></Execution>
<Channel>Microsoft-Windows-GroupPolicy/Operational</Channel>
<Computer>WIN-PTFPHFCRDJ0</Computer>
<Security UserID="S-1-5-21-1152959844-3645458174-3779170896-1000"></Security>
</System>
<EventData><Data Name="IsMachine">True</Data>
<Data Name="IsBackgroundProcessing">False</Data>
<Data Name="IsAsyncProcessing">False</Data>
<Data Name="NumberOfGPOsDownloaded">0</Data>
<Data Name="NumberOfGPOsApplicable">0</Data>
<Data Name="GPODownloadTimeElapsedInMilliseconds">0</Data>
</EventData>
</Event>

<Event xmlns="http://schemas.microsoft.com/win/2004/08/events/event"><System><Provider Name="Microsoft-Windows-GroupPolicy" Guid="{aea1b4fa-97d1-45f2-a64c-4d69fffd92c9}"></Provider>
<EventID Qualifiers="">5312</EventID>
<Version>0</Version>
<Level>4</Level>
<Task>0</Task>
<Opcode>0</Opcode>
<Keywords>0x4000000000000000</Keywords>
<TimeCreated SystemTime="2020-10-24 21:55:33.000895"></TimeCreated>
<EventRecordID>275</EventRecordID>
<Correlation ActivityID="{46d34de0-8ded-45e1-88c6-e76bc43aaf1a}" RelatedActivityID=""></Correlation>
<Execution ProcessID="1320" ThreadID="4000"></Execution>
<Channel>Microsoft-Windows-GroupPolicy/Operational</Channel>
<Computer>WIN-PTFPHFCRDJ0</Computer>
<Security UserID="S-1-5-18"></Security>
</System>
<EventData><Data Name="DescriptionString">None</Data>
<Data Name="GPOInfoList"></Data>
</EventData>
</Event>

<Event xmlns="http://schemas.microsoft.com/win/2004/08/events/event"><System><Provider Name="Microsoft-Windows-GroupPolicy" Guid="{aea1b4fa-97d1-45f2-a64c-4d69fffd92c9}"></Provider>
<EventID Qualifiers="">5313</EventID>
<Version>0</Version>
<Level>4</Level>
<Task>0</Task>
<Opcode>0</Opcode>
<Keywords>0x4000000000000000</Keywords>
<TimeCreated SystemTime="2020-10-24 21:55:33.000902"></TimeCreated>
<EventRecordID>276</EventRecordID>
<Correlation ActivityID="{46d34de0-8ded-45e1-88c6-e76bc43aaf1a}" RelatedActivityID=""></Correlation>
<Execution ProcessID="1320" ThreadID="4000"></Execution>
<Channel>Microsoft-Windows-GroupPolicy/Operational</Channel>
<Computer>WIN-PTFPHFCRDJ0</Computer>
<Security UserID="S-1-5-18"></Security>
</System>
<EventData><Data Name="DescriptionString">Local Group Policy
	Not Applied (Empty)
</Data>
<Data Name="GPOInfoList">&lt;GPO ID="Local Group Policy"&gt;&lt;Name&gt;Local Group Policy&lt;/Name&gt;&lt;Version&gt;0&lt;/Version&gt;&lt;SOM&gt;Local&lt;/SOM&gt;&lt;FSPath&gt;C:\Windows\System32\GroupPolicy\User&lt;/FSPath&gt;&lt;Reason&gt;NOTAPPLIED-EMPTY&lt;/Reason&gt;&lt;/GPO&gt;</Data>
</EventData>
</Event>

<Event xmlns="http://schemas.microsoft.com/win/2004/08/events/event"><System><Provider Name="Microsoft-Windows-GroupPolicy" Guid="{aea1b4fa-97d1-45f2-a64c-4d69fffd92c9}"></Provider>
<EventID Qualifiers="">5320</EventID>
<Version>0</Version>
<Level>4</Level>
<Task>0</Task>
<Opcode>0</Opcode>
<Keywords>0x4000000000000000</Keywords>
<TimeCreated SystemTime="2020-10-24 21:55:33.001684"></TimeCreated>
<EventRecordID>277</EventRecordID>
<Correlation ActivityID="{46d34de0-8ded-45e1-88c6-e76bc43aaf1a}" RelatedActivityID=""></Correlation>
<Execution ProcessID="1320" ThreadID="4000"></Execution>
<Channel>Microsoft-Windows-GroupPolicy/Operational</Channel>
<Computer>WIN-PTFPHFCRDJ0</Computer>
<Security UserID="S-1-5-18"></Security>
</System>
<EventData><Data Name="InfoDescription">%%4161</Data>
</EventData>
</Event>

<Event xmlns="http://schemas.microsoft.com/win/2004/08/events/event"><System><Provider Name="Microsoft-Windows-GroupPolicy" Guid="{aea1b4fa-97d1-45f2-a64c-4d69fffd92c9}"></Provider>
<EventID Qualifiers="">5320</EventID>
<Version>0</Version>
<Level>4</Level>
<Task>0</Task>
<Opcode>0</Opcode>
<Keywords>0x4000000000000000</Keywords>
<TimeCreated SystemTime="2020-10-24 21:55:33.001768"></TimeCreated>
<EventRecordID>278</EventRecordID>
<Correlation ActivityID="{46d34de0-8ded-45e1-88c6-e76bc43aaf1a}" RelatedActivityID=""></Correlation>
<Execution ProcessID="1320" ThreadID="4000"></Execution>
<Channel>Microsoft-Windows-GroupPolicy/Operational</Channel>
<Computer>WIN-PTFPHFCRDJ0</Computer>
<Security UserID="S-1-5-18"></Security>
</System>
<EventData><Data Name="InfoDescription">%%4163</Data>
</EventData>
</Event>

<Event xmlns="http://schemas.microsoft.com/win/2004/08/events/event"><System><Provider Name="Microsoft-Windows-GroupPolicy" Guid="{aea1b4fa-97d1-45f2-a64c-4d69fffd92c9}"></Provider>
<EventID Qualifiers="">5320</EventID>
<Version>0</Version>
<Level>4</Level>
<Task>0</Task>
<Opcode>0</Opcode>
<Keywords>0x4000000000000000</Keywords>
<TimeCreated SystemTime="2020-10-24 21:55:33.001768"></TimeCreated>
<EventRecordID>279</EventRecordID>
<Correlation ActivityID="{46d34de0-8ded-45e1-88c6-e76bc43aaf1a}" RelatedActivityID=""></Correlation>
<Execution ProcessID="1320" ThreadID="4000"></Execution>
<Channel>Microsoft-Windows-GroupPolicy/Operational</Channel>
<Computer>WIN-PTFPHFCRDJ0</Computer>
<Security UserID="S-1-5-18"></Security>
</System>
<EventData><Data Name="InfoDescription">%%4165</Data>
</EventData>
</Event>

<Event xmlns="http://schemas.microsoft.com/win/2004/08/events/event"><System><Provider Name="Microsoft-Windows-GroupPolicy" Guid="{aea1b4fa-97d1-45f2-a64c-4d69fffd92c9}"></Provider>
<EventID Qualifiers="">8001</EventID>
<Version>1</Version>
<Level>4</Level>
<Task>0</Task>
<Opcode>2</Opcode>
<Keywords>0x4000000000000000</Keywords>
<TimeCreated SystemTime="2020-10-24 21:55:33.004143"></TimeCreated>
<EventRecordID>280</EventRecordID>
<Correlation ActivityID="{46d34de0-8ded-45e1-88c6-e76bc43aaf1a}" RelatedActivityID=""></Correlation>
<Execution ProcessID="1320" ThreadID="4000"></Execution>
<Channel>Microsoft-Windows-GroupPolicy/Operational</Channel>
<Computer>WIN-PTFPHFCRDJ0</Computer>
<Security UserID="S-1-5-18"></Security>
</System>
<EventData><Data Name="PolicyElaspedTimeInSeconds">0</Data>
<Data Name="ErrorCode">0</Data>
<Data Name="PrincipalSamName">WIN-PTFPHFCRDJ0\user</Data>
<Data Name="IsMachine">0</Data>
<Data Name="IsConnectivityFailure">False</Data>
</EventData>
</Event>

<Event xmlns="http://schemas.microsoft.com/win/2004/08/events/event"><System><Provider Name="Microsoft-Windows-GroupPolicy" Guid="{aea1b4fa-97d1-45f2-a64c-4d69fffd92c9}"></Provider>
<EventID Qualifiers="">6338</EventID>
<Version>0</Version>
<Level>4</Level>
<Task>0</Task>
<Opcode>0</Opcode>
<Keywords>0x4000000000000000</Keywords>
<TimeCreated SystemTime="2020-10-24 21:55:33.004179"></TimeCreated>
<EventRecordID>281</EventRecordID>
<Correlation ActivityID="" RelatedActivityID=""></Correlation>
<Execution ProcessID="1320" ThreadID="2208"></Execution>
<Channel>Microsoft-Windows-GroupPolicy/Operational</Channel>
<Computer>WIN-PTFPHFCRDJ0</Computer>
<Security UserID="S-1-5-18"></Security>
</System>
<EventData></EventData>
</Event>

<Event xmlns="http://schemas.microsoft.com/win/2004/08/events/event"><System><Provider Name="Microsoft-Windows-GroupPolicy" Guid="{aea1b4fa-97d1-45f2-a64c-4d69fffd92c9}"></Provider>
<EventID Qualifiers="">5351</EventID>
<Version>0</Version>
<Level>4</Level>
<Task>0</Task>
<Opcode>0</Opcode>
<Keywords>0x4000000000000000</Keywords>
<TimeCreated SystemTime="2020-10-24 21:55:33.004179"></TimeCreated>
<EventRecordID>282</EventRecordID>
<Correlation ActivityID="" RelatedActivityID=""></Correlation>
<Execution ProcessID="1320" ThreadID="2208"></Execution>
<Channel>Microsoft-Windows-GroupPolicy/Operational</Channel>
<Computer>WIN-PTFPHFCRDJ0</Computer>
<Security UserID="S-1-5-18"></Security>
</System>
<EventData><Data Name="IsMachine">False</Data>
<Data Name="WinlogonReturnTimeElapsedInMilliseconds">0</Data>
</EventData>
</Event>

<Event xmlns="http://schemas.microsoft.com/win/2004/08/events/event"><System><Provider Name="Microsoft-Windows-GroupPolicy" Guid="{aea1b4fa-97d1-45f2-a64c-4d69fffd92c9}"></Provider>
<EventID Qualifiers="">5117</EventID>
<Version>0</Version>
<Level>4</Level>
<Task>0</Task>
<Opcode>0</Opcode>
<Keywords>0x4000000000000000</Keywords>
<TimeCreated SystemTime="2020-10-24 21:55:33.004988"></TimeCreated>
<EventRecordID>283</EventRecordID>
<Correlation ActivityID="{46d34de0-8ded-45e1-88c6-e76bc43aaf1a}" RelatedActivityID=""></Correlation>
<Execution ProcessID="1320" ThreadID="4000"></Execution>
<Channel>Microsoft-Windows-GroupPolicy/Operational</Channel>
<Computer>WIN-PTFPHFCRDJ0</Computer>
<Security UserID="S-1-5-18"></Security>
</System>
<EventData><Data Name="IsMachine">False</Data>
<Data Name="SessionTimeElapsedInMilliseconds">0</Data>
</EventData>
</Event>

<Event xmlns="http://schemas.microsoft.com/win/2004/08/events/event"><System><Provider Name="Microsoft-Windows-GroupPolicy" Guid="{aea1b4fa-97d1-45f2-a64c-4d69fffd92c9}"></Provider>
<EventID Qualifiers="">5324</EventID>
<Version>0</Version>
<Level>4</Level>
<Task>0</Task>
<Opcode>0</Opcode>
<Keywords>0x4000000000000000</Keywords>
<TimeCreated SystemTime="2020-10-24 21:55:38.888029"></TimeCreated>
<EventRecordID>284</EventRecordID>
<Correlation ActivityID="" RelatedActivityID=""></Correlation>
<Execution ProcessID="1320" ThreadID="1972"></Execution>
<Channel>Microsoft-Windows-GroupPolicy/Operational</Channel>
<Computer>WIN-PTFPHFCRDJ0</Computer>
<Security UserID="S-1-5-18"></Security>
</System>
<EventData><Data Name="NotificationType">3</Data>
<Data Name="SessionId">1</Data>
</EventData>
</Event>

<Event xmlns="http://schemas.microsoft.com/win/2004/08/events/event"><System><Provider Name="Microsoft-Windows-GroupPolicy" Guid="{aea1b4fa-97d1-45f2-a64c-4d69fffd92c9}"></Provider>
<EventID Qualifiers="">6339</EventID>
<Version>0</Version>
<Level>4</Level>
<Task>0</Task>
<Opcode>0</Opcode>
<Keywords>0x4000000000000000</Keywords>
<TimeCreated SystemTime="2020-10-24 21:55:38.888222"></TimeCreated>
<EventRecordID>285</EventRecordID>
<Correlation ActivityID="" RelatedActivityID=""></Correlation>
<Execution ProcessID="1320" ThreadID="1972"></Execution>
<Channel>Microsoft-Windows-GroupPolicy/Operational</Channel>
<Computer>WIN-PTFPHFCRDJ0</Computer>
<Security UserID="S-1-5-18"></Security>
</System>
<EventData></EventData>
</Event>

<Event xmlns="http://schemas.microsoft.com/win/2004/08/events/event"><System><Provider Name="Microsoft-Windows-GroupPolicy" Guid="{aea1b4fa-97d1-45f2-a64c-4d69fffd92c9}"></Provider>
<EventID Qualifiers="">4116</EventID>
<Version>0</Version>
<Level>4</Level>
<Task>0</Task>
<Opcode>0</Opcode>
<Keywords>0x4000000000000000</Keywords>
<TimeCreated SystemTime="2020-10-24 22:19:19.289215"></TimeCreated>
<EventRecordID>286</EventRecordID>
<Correlation ActivityID="" RelatedActivityID=""></Correlation>
<Execution ProcessID="1344" ThreadID="1356"></Execution>
<Channel>Microsoft-Windows-GroupPolicy/Operational</Channel>
<Computer>WIN-PTFPHFCRDJ0</Computer>
<Security UserID="S-1-5-18"></Security>
</System>
<EventData></EventData>
</Event>

<Event xmlns="http://schemas.microsoft.com/win/2004/08/events/event"><System><Provider Name="Microsoft-Windows-GroupPolicy" Guid="{aea1b4fa-97d1-45f2-a64c-4d69fffd92c9}"></Provider>
<EventID Qualifiers="">4115</EventID>
<Version>0</Version>
<Level>4</Level>
<Task>0</Task>
<Opcode>0</Opcode>
<Keywords>0x4000000000000000</Keywords>
<TimeCreated SystemTime="2020-10-24 22:19:19.423405"></TimeCreated>
<EventRecordID>287</EventRecordID>
<Correlation ActivityID="" RelatedActivityID=""></Correlation>
<Execution ProcessID="1344" ThreadID="1356"></Execution>
<Channel>Microsoft-Windows-GroupPolicy/Operational</Channel>
<Computer>WIN-PTFPHFCRDJ0</Computer>
<Security UserID="S-1-5-18"></Security>
</System>
<EventData><Data Name="IsServiceRestart">False</Data>
<Data Name="IsMachineBoot">True</Data>
</EventData>
</Event>

<Event xmlns="http://schemas.microsoft.com/win/2004/08/events/event"><System><Provider Name="Microsoft-Windows-GroupPolicy" Guid="{aea1b4fa-97d1-45f2-a64c-4d69fffd92c9}"></Provider>
<EventID Qualifiers="">5116</EventID>
<Version>0</Version>
<Level>4</Level>
<Task>0</Task>
<Opcode>0</Opcode>
<Keywords>0x4000000000000000</Keywords>
<TimeCreated SystemTime="2020-10-24 22:19:19.492035"></TimeCreated>
<EventRecordID>288</EventRecordID>
<Correlation ActivityID="" RelatedActivityID=""></Correlation>
<Execution ProcessID="1344" ThreadID="1420"></Execution>
<Channel>Microsoft-Windows-GroupPolicy/Operational</Channel>
<Computer>WIN-PTFPHFCRDJ0</Computer>
<Security UserID="S-1-5-18"></Security>
</System>
<EventData><Data Name="GpsvcInitTimeElapsedInMilliseconds">203</Data>
</EventData>
</Event>

