<Event xmlns="http://schemas.microsoft.com/win/2004/08/events/event"><System><Provider Name="Microsoft-Windows-WMI-Activity" Guid="{1418ef04-b0b4-4623-bf7e-d74ab47bbdaa}"></Provider>
<EventID Qualifiers="">5857</EventID>
<Version>0</Version>
<Level>0</Level>
<Task>0</Task>
<Opcode>0</Opcode>
<Keywords>0x4000000000000000</Keywords>
<TimeCreated SystemTime="2020-10-27 01:58:52.420610"></TimeCreated>
<EventRecordID>374</EventRecordID>
<Correlation ActivityID="{8a6a3ffd-ac04-0000-3847-6a8a04acd601}" RelatedActivityID=""></Correlation>
<Execution ProcessID="3212" ThreadID="3244"></Execution>
<Channel>Microsoft-Windows-WMI-Activity/Operational</Channel>
<Computer>WIN-PTFPHFCRDJ0</Computer>
<Security UserID="S-1-5-18"></Security>
</System>
<UserData><Operation_StartedOperational xmlns="http://manifests.microsoft.com/win/2006/windows/WMI"><ProviderName>WmiPerfClass</ProviderName>
<Code>0x00000000</Code>
<HostProcess>wmiprvse.exe</HostProcess>
<ProcessID>3212</ProcessID>
<ProviderPath>C:\Windows\System32\wbem\WmiPerfClass.dll</ProviderPath>
</Operation_StartedOperational>
</UserData>
</Event>

<Event xmlns="http://schemas.microsoft.com/win/2004/08/events/event"><System><Provider Name="Microsoft-Windows-WMI-Activity" Guid="{1418ef04-b0b4-4623-bf7e-d74ab47bbdaa}"></Provider>
<EventID Qualifiers="">5861</EventID>
<Version>0</Version>
<Level>0</Level>
<Task>0</Task>
<Opcode>0</Opcode>
<Keywords>0x4000000000000000</Keywords>
<TimeCreated SystemTime="2020-10-27 01:59:08.479139"></TimeCreated>
<EventRecordID>375</EventRecordID>
<Correlation ActivityID="" RelatedActivityID=""></Correlation>
<Execution ProcessID="1336" ThreadID="3460"></Execution>
<Channel>Microsoft-Windows-WMI-Activity/Operational</Channel>
<Computer>WIN-PTFPHFCRDJ0</Computer>
<Security UserID="S-1-5-18"></Security>
</System>
<UserData><Operation_ESStoConsumerBinding xmlns="http://manifests.microsoft.com/win/2006/windows/WMI"><Namespace>//./root/subscription</Namespace>
<ESS>SCM Event Log Filter</ESS>
<CONSUMER>NTEventLogEventConsumer="SCM Event Log Consumer"</CONSUMER>
<PossibleCause>Binding EventFilter: 
instance of __EventFilter
{
	CreatorSID = {1, 2, 0, 0, 0, 0, 0, 5, 32, 0, 0, 0, 32, 2, 0, 0};
	EventNamespace = "root\\cimv2";
	Name = "SCM Event Log Filter";
	Query = "select * from MSFT_SCMEventLogEvent";
	QueryLanguage = "WQL";
};
Perm. Consumer: 
instance of NTEventLogEventConsumer
{
	Category = 0;
	CreatorSID = {1, 2, 0, 0, 0, 0, 0, 5, 32, 0, 0, 0, 32, 2, 0, 0};
	EventType = 1;
	Name = "SCM Event Log Consumer";
	NameOfUserSIDProperty = "sid";
	SourceName = "Service Control Manager";
};
</PossibleCause>
</Operation_ESStoConsumerBinding>
</UserData>
</Event>

<Event xmlns="http://schemas.microsoft.com/win/2004/08/events/event"><System><Provider Name="Microsoft-Windows-WMI-Activity" Guid="{1418ef04-b0b4-4623-bf7e-d74ab47bbdaa}"></Provider>
<EventID Qualifiers="">5859</EventID>
<Version>0</Version>
<Level>0</Level>
<Task>0</Task>
<Opcode>0</Opcode>
<Keywords>0x4000000000000000</Keywords>
<TimeCreated SystemTime="2020-10-27 01:59:09.553062"></TimeCreated>
<EventRecordID>376</EventRecordID>
<Correlation ActivityID="{8a6a3ffd-ac04-0000-d947-6a8a04acd601}" RelatedActivityID=""></Correlation>
<Execution ProcessID="1336" ThreadID="3460"></Execution>
<Channel>Microsoft-Windows-WMI-Activity/Operational</Channel>
<Computer>WIN-PTFPHFCRDJ0</Computer>
<Security UserID="S-1-5-18"></Security>
</System>
<UserData><Operation_EssStarted xmlns="http://manifests.microsoft.com/win/2006/windows/WMI"><NamespaceName>//./root/CIMV2</NamespaceName>
<Query>select * from MSFT_SCMEventLogEvent</Query>
<User>S-1-5-32-544</User>
<Processid>1336</Processid>
<Provider>SCM Event Provider</Provider>
<queryid>0</queryid>
<PossibleCause>Permanent</PossibleCause>
</Operation_EssStarted>
</UserData>
</Event>

<Event xmlns="http://schemas.microsoft.com/win/2004/08/events/event"><System><Provider Name="Microsoft-Windows-WMI-Activity" Guid="{1418ef04-b0b4-4623-bf7e-d74ab47bbdaa}"></Provider>
<EventID Qualifiers="">5857</EventID>
<Version>0</Version>
<Level>0</Level>
<Task>0</Task>
<Opcode>0</Opcode>
<Keywords>0x4000000000000000</Keywords>
<TimeCreated SystemTime="2020-10-27 01:59:09.615446"></TimeCreated>
<EventRecordID>377</EventRecordID>
<Correlation ActivityID="" RelatedActivityID=""></Correlation>
<Execution ProcessID="1336" ThreadID="3456"></Execution>
<Channel>Microsoft-Windows-WMI-Activity/Operational</Channel>
<Computer>WIN-PTFPHFCRDJ0</Computer>
<Security UserID="S-1-5-18"></Security>
</System>
<UserData><Operation_StartedOperational xmlns="http://manifests.microsoft.com/win/2006/windows/WMI"><ProviderName>WMI Kernel Trace Event Provider</ProviderName>
<Code>0x00000000</Code>
<HostProcess>wmiprvse.exe</HostProcess>
<ProcessID>1336</ProcessID>
<ProviderPath>C:\Windows\System32\wbem\krnlprov.dll</ProviderPath>
</Operation_StartedOperational>
</UserData>
</Event>

<Event xmlns="http://schemas.microsoft.com/win/2004/08/events/event"><System><Provider Name="Microsoft-Windows-WMI-Activity" Guid="{1418ef04-b0b4-4623-bf7e-d74ab47bbdaa}"></Provider>
<EventID Qualifiers="">5860</EventID>
<Version>0</Version>
<Level>0</Level>
<Task>0</Task>
<Opcode>0</Opcode>
<Keywords>0x4000000000000000</Keywords>
<TimeCreated SystemTime="2020-10-27 01:59:09.621708"></TimeCreated>
<EventRecordID>378</EventRecordID>
<Correlation ActivityID="{8a6a3ffd-ac04-0000-dc47-6a8a04acd601}" RelatedActivityID=""></Correlation>
<Execution ProcessID="1336" ThreadID="3456"></Execution>
<Channel>Microsoft-Windows-WMI-Activity/Operational</Channel>
<Computer>WIN-PTFPHFCRDJ0</Computer>
<Security UserID="S-1-5-18"></Security>
</System>
<UserData><Operation_TemporaryEssStarted xmlns="http://manifests.microsoft.com/win/2006/windows/WMI"><NamespaceName>ROOT\CIMV2</NamespaceName>
<Query>SELECT * FROM Win32_ProcessStartTrace WHERE ProcessName = 'wsmprovhost.exe'</Query>
<User></User>
<Processid>1336</Processid>
<ClientMachine>WIN-PTFPHFCRDJ0</ClientMachine>
<PossibleCause>Temporary</PossibleCause>
</Operation_TemporaryEssStarted>
</UserData>
</Event>

<Event xmlns="http://schemas.microsoft.com/win/2004/08/events/event"><System><Provider Name="Microsoft-Windows-WMI-Activity" Guid="{1418ef04-b0b4-4623-bf7e-d74ab47bbdaa}"></Provider>
<EventID Qualifiers="">5857</EventID>
<Version>0</Version>
<Level>0</Level>
<Task>0</Task>
<Opcode>0</Opcode>
<Keywords>0x4000000000000000</Keywords>
<TimeCreated SystemTime="2020-10-27 01:59:13.933346"></TimeCreated>
<EventRecordID>379</EventRecordID>
<Correlation ActivityID="{8a6a3ffd-ac04-0000-3a48-6a8a04acd601}" RelatedActivityID=""></Correlation>
<Execution ProcessID="3212" ThreadID="3232"></Execution>
<Channel>Microsoft-Windows-WMI-Activity/Operational</Channel>
<Computer>WIN-PTFPHFCRDJ0</Computer>
<Security UserID="S-1-5-18"></Security>
</System>
<UserData><Operation_StartedOperational xmlns="http://manifests.microsoft.com/win/2006/windows/WMI"><ProviderName>WMIProv</ProviderName>
<Code>0x00000000</Code>
<HostProcess>wmiprvse.exe</HostProcess>
<ProcessID>3212</ProcessID>
<ProviderPath>%systemroot%\system32\wbem\wmiprov.dll</ProviderPath>
</Operation_StartedOperational>
</UserData>
</Event>

<Event xmlns="http://schemas.microsoft.com/win/2004/08/events/event"><System><Provider Name="Microsoft-Windows-WMI-Activity" Guid="{1418ef04-b0b4-4623-bf7e-d74ab47bbdaa}"></Provider>
<EventID Qualifiers="">5857</EventID>
<Version>0</Version>
<Level>0</Level>
<Task>0</Task>
<Opcode>0</Opcode>
<Keywords>0x4000000000000000</Keywords>
<TimeCreated SystemTime="2020-10-27 01:59:33.512833"></TimeCreated>
<EventRecordID>380</EventRecordID>
<Correlation ActivityID="" RelatedActivityID=""></Correlation>
<Execution ProcessID="3104" ThreadID="3120"></Execution>
<Channel>Microsoft-Windows-WMI-Activity/Operational</Channel>
<Computer>WIN-PTFPHFCRDJ0</Computer>
<Security UserID="S-1-5-20"></Security>
</System>
<UserData><Operation_StartedOperational xmlns="http://manifests.microsoft.com/win/2006/windows/WMI"><ProviderName>MS_NT_EVENTLOG_PROVIDER</ProviderName>
<Code>0x00000000</Code>
<HostProcess>wmiprvse.exe</HostProcess>
<ProcessID>3104</ProcessID>
<ProviderPath>%systemroot%\system32\wbem\ntevt.dll</ProviderPath>
</Operation_StartedOperational>
</UserData>
</Event>

<Event xmlns="http://schemas.microsoft.com/win/2004/08/events/event"><System><Provider Name="Microsoft-Windows-WMI-Activity" Guid="{1418ef04-b0b4-4623-bf7e-d74ab47bbdaa}"></Provider>
<EventID Qualifiers="">5858</EventID>
<Version>0</Version>
<Level>2</Level>
<Task>0</Task>
<Opcode>0</Opcode>
<Keywords>0x4000000000000000</Keywords>
<TimeCreated SystemTime="2020-10-27 02:00:33.315620"></TimeCreated>
<EventRecordID>381</EventRecordID>
<Correlation ActivityID="" RelatedActivityID=""></Correlation>
<Execution ProcessID="1336" ThreadID="1928"></Execution>
<Channel>Microsoft-Windows-WMI-Activity/Operational</Channel>
<Computer>WIN-PTFPHFCRDJ0</Computer>
<Security UserID="S-1-5-18"></Security>
</System>
<UserData><Operation_ClientFailure xmlns="http://manifests.microsoft.com/win/2006/windows/WMI"><Id>{00000000-0000-0000-0000-000000000000}</Id>
<ClientMachine>WIN-PTFPHFCRDJ0</ClientMachine>
<User>NT AUTHORITY\SYSTEM</User>
<ClientProcessId>1100</ClientProcessId>
<Component>Unknown</Component>
<Operation>Start IWbemServices::ExecQuery - root\cimv2 : SELECT * FROM Win32_ComputerSystemProduct</Operation>
<ResultCode>0x80041032</ResultCode>
<PossibleCause>Unknown</PossibleCause>
</Operation_ClientFailure>
</UserData>
</Event>

<Event xmlns="http://schemas.microsoft.com/win/2004/08/events/event"><System><Provider Name="Microsoft-Windows-WMI-Activity" Guid="{1418ef04-b0b4-4623-bf7e-d74ab47bbdaa}"></Provider>
<EventID Qualifiers="">5858</EventID>
<Version>0</Version>
<Level>2</Level>
<Task>0</Task>
<Opcode>0</Opcode>
<Keywords>0x4000000000000000</Keywords>
<TimeCreated SystemTime="2020-10-27 02:00:33.558016"></TimeCreated>
<EventRecordID>382</EventRecordID>
<Correlation ActivityID="" RelatedActivityID=""></Correlation>
<Execution ProcessID="1336" ThreadID="2532"></Execution>
<Channel>Microsoft-Windows-WMI-Activity/Operational</Channel>
<Computer>WIN-PTFPHFCRDJ0</Computer>
<Security UserID="S-1-5-18"></Security>
</System>
<UserData><Operation_ClientFailure xmlns="http://manifests.microsoft.com/win/2006/windows/WMI"><Id>{00000000-0000-0000-0000-000000000000}</Id>
<ClientMachine>WIN-PTFPHFCRDJ0</ClientMachine>
<User>NT AUTHORITY\SYSTEM</User>
<ClientProcessId>1100</ClientProcessId>
<Component>Unknown</Component>
<Operation>Start IWbemServices::ExecQuery - root\cimv2 : SELECT * FROM Win32_OperatingSystem</Operation>
<ResultCode>0x80041032</ResultCode>
<PossibleCause>Unknown</PossibleCause>
</Operation_ClientFailure>
</UserData>
</Event>

<Event xmlns="http://schemas.microsoft.com/win/2004/08/events/event"><System><Provider Name="Microsoft-Windows-WMI-Activity" Guid="{1418ef04-b0b4-4623-bf7e-d74ab47bbdaa}"></Provider>
<EventID Qualifiers="">5858</EventID>
<Version>0</Version>
<Level>2</Level>
<Task>0</Task>
<Opcode>0</Opcode>
<Keywords>0x4000000000000000</Keywords>
<TimeCreated SystemTime="2020-10-27 02:00:33.569963"></TimeCreated>
<EventRecordID>383</EventRecordID>
<Correlation ActivityID="" RelatedActivityID=""></Correlation>
<Execution ProcessID="1336" ThreadID="2532"></Execution>
<Channel>Microsoft-Windows-WMI-Activity/Operational</Channel>
<Computer>WIN-PTFPHFCRDJ0</Computer>
<Security UserID="S-1-5-18"></Security>
</System>
<UserData><Operation_ClientFailure xmlns="http://manifests.microsoft.com/win/2006/windows/WMI"><Id>{00000000-0000-0000-0000-000000000000}</Id>
<ClientMachine>WIN-PTFPHFCRDJ0</ClientMachine>
<User>NT AUTHORITY\SYSTEM</User>
<ClientProcessId>1100</ClientProcessId>
<Component>Unknown</Component>
<Operation>Start IWbemServices::ExecQuery - root\cimv2 : SELECT * FROM Win32_OperatingSystem</Operation>
<ResultCode>0x80041032</ResultCode>
<PossibleCause>Unknown</PossibleCause>
</Operation_ClientFailure>
</UserData>
</Event>

<Event xmlns="http://schemas.microsoft.com/win/2004/08/events/event"><System><Provider Name="Microsoft-Windows-WMI-Activity" Guid="{1418ef04-b0b4-4623-bf7e-d74ab47bbdaa}"></Provider>
<EventID Qualifiers="">5858</EventID>
<Version>0</Version>
<Level>2</Level>
<Task>0</Task>
<Opcode>0</Opcode>
<Keywords>0x4000000000000000</Keywords>
<TimeCreated SystemTime="2020-10-27 02:00:33.576143"></TimeCreated>
<EventRecordID>384</EventRecordID>
<Correlation ActivityID="" RelatedActivityID=""></Correlation>
<Execution ProcessID="1336" ThreadID="2532"></Execution>
<Channel>Microsoft-Windows-WMI-Activity/Operational</Channel>
<Computer>WIN-PTFPHFCRDJ0</Computer>
<Security UserID="S-1-5-18"></Security>
</System>
<UserData><Operation_ClientFailure xmlns="http://manifests.microsoft.com/win/2006/windows/WMI"><Id>{00000000-0000-0000-0000-000000000000}</Id>
<ClientMachine>WIN-PTFPHFCRDJ0</ClientMachine>
<User>NT AUTHORITY\SYSTEM</User>
<ClientProcessId>1100</ClientProcessId>
<Component>Unknown</Component>
<Operation>Start IWbemServices::ExecQuery - root\cimv2 : SELECT * FROM Win32_ComputerSystem</Operation>
<ResultCode>0x80041032</ResultCode>
<PossibleCause>Unknown</PossibleCause>
</Operation_ClientFailure>
</UserData>
</Event>

<Event xmlns="http://schemas.microsoft.com/win/2004/08/events/event"><System><Provider Name="Microsoft-Windows-WMI-Activity" Guid="{1418ef04-b0b4-4623-bf7e-d74ab47bbdaa}"></Provider>
<EventID Qualifiers="">5858</EventID>
<Version>0</Version>
<Level>2</Level>
<Task>0</Task>
<Opcode>0</Opcode>
<Keywords>0x4000000000000000</Keywords>
<TimeCreated SystemTime="2020-10-27 02:00:34.828615"></TimeCreated>
<EventRecordID>385</EventRecordID>
<Correlation ActivityID="" RelatedActivityID=""></Correlation>
<Execution ProcessID="1336" ThreadID="1928"></Execution>
<Channel>Microsoft-Windows-WMI-Activity/Operational</Channel>
<Computer>WIN-PTFPHFCRDJ0</Computer>
<Security UserID="S-1-5-18"></Security>
</System>
<UserData><Operation_ClientFailure xmlns="http://manifests.microsoft.com/win/2006/windows/WMI"><Id>{00000000-0000-0000-0000-000000000000}</Id>
<ClientMachine>WIN-PTFPHFCRDJ0</ClientMachine>
<User>NT AUTHORITY\SYSTEM</User>
<ClientProcessId>1100</ClientProcessId>
<Component>Unknown</Component>
<Operation>Start IWbemServices::ExecQuery - root\cimv2 : SELECT * FROM Win32_ComputerSystem</Operation>
<ResultCode>0x80041032</ResultCode>
<PossibleCause>Unknown</PossibleCause>
</Operation_ClientFailure>
</UserData>
</Event>

<Event xmlns="http://schemas.microsoft.com/win/2004/08/events/event"><System><Provider Name="Microsoft-Windows-WMI-Activity" Guid="{1418ef04-b0b4-4623-bf7e-d74ab47bbdaa}"></Provider>
<EventID Qualifiers="">5857</EventID>
<Version>0</Version>
<Level>0</Level>
<Task>0</Task>
<Opcode>0</Opcode>
<Keywords>0x4000000000000000</Keywords>
<TimeCreated SystemTime="2020-10-27 02:00:36.382133"></TimeCreated>
<EventRecordID>386</EventRecordID>
<Correlation ActivityID="" RelatedActivityID=""></Correlation>
<Execution ProcessID="3104" ThreadID="3124"></Execution>
<Channel>Microsoft-Windows-WMI-Activity/Operational</Channel>
<Computer>WIN-PTFPHFCRDJ0</Computer>
<Security UserID="S-1-5-20"></Security>
</System>
<UserData><Operation_StartedOperational xmlns="http://manifests.microsoft.com/win/2006/windows/WMI"><ProviderName>CIMWin32a</ProviderName>
<Code>0x00000000</Code>
<HostProcess>wmiprvse.exe</HostProcess>
<ProcessID>3104</ProcessID>
<ProviderPath>%systemroot%\system32\wbem\wmipcima.dll</ProviderPath>
</Operation_StartedOperational>
</UserData>
</Event>

<Event xmlns="http://schemas.microsoft.com/win/2004/08/events/event"><System><Provider Name="Microsoft-Windows-WMI-Activity" Guid="{1418ef04-b0b4-4623-bf7e-d74ab47bbdaa}"></Provider>
<EventID Qualifiers="">5858</EventID>
<Version>0</Version>
<Level>2</Level>
<Task>0</Task>
<Opcode>0</Opcode>
<Keywords>0x4000000000000000</Keywords>
<TimeCreated SystemTime="2020-10-27 02:03:14.921291"></TimeCreated>
<EventRecordID>387</EventRecordID>
<Correlation ActivityID="{8a6a3ffd-ac04-0000-ac47-6a8a04acd601}" RelatedActivityID=""></Correlation>
<Execution ProcessID="1336" ThreadID="3384"></Execution>
<Channel>Microsoft-Windows-WMI-Activity/Operational</Channel>
<Computer>WIN-PTFPHFCRDJ0</Computer>
<Security UserID="S-1-5-18"></Security>
</System>
<UserData><Operation_ClientFailure xmlns="http://manifests.microsoft.com/win/2006/windows/WMI"><Id>{8A6A3FFD-AC04-0000-AC47-6A8A04ACD601}</Id>
<ClientMachine>WIN-PTFPHFCRDJ0</ClientMachine>
<User></User>
<ClientProcessId>1336</ClientProcessId>
<Component>Unknown</Component>
<Operation>Start IWbemServices::ExecNotificationQuery - ROOT\CIMV2 : SELECT * FROM Win32_ProcessStartTrace WHERE ProcessName = 'wsmprovhost.exe'</Operation>
<ResultCode>0x80041032</ResultCode>
<PossibleCause>Unknown</PossibleCause>
</Operation_ClientFailure>
</UserData>
</Event>

<Event xmlns="http://schemas.microsoft.com/win/2004/08/events/event"><System><Provider Name="Microsoft-Windows-WMI-Activity" Guid="{1418ef04-b0b4-4623-bf7e-d74ab47bbdaa}"></Provider>
<EventID Qualifiers="">5857</EventID>
<Version>0</Version>
<Level>0</Level>
<Task>0</Task>
<Opcode>0</Opcode>
<Keywords>0x4000000000000000</Keywords>
<TimeCreated SystemTime="2020-10-27 02:06:12.551003"></TimeCreated>
<EventRecordID>388</EventRecordID>
<Correlation ActivityID="" RelatedActivityID=""></Correlation>
<Execution ProcessID="3104" ThreadID="3996"></Execution>
<Channel>Microsoft-Windows-WMI-Activity/Operational</Channel>
<Computer>WIN-PTFPHFCRDJ0</Computer>
<Security UserID="S-1-5-20"></Security>
</System>
<UserData><Operation_StartedOperational xmlns="http://manifests.microsoft.com/win/2006/windows/WMI"><ProviderName>ServerFeatureProvider</ProviderName>
<Code>0x00000000</Code>
<HostProcess>wmiprvse.exe</HostProcess>
<ProcessID>3104</ProcessID>
<ProviderPath>%windir%\system32\wbem\servercompprov.dll</ProviderPath>
</Operation_StartedOperational>
</UserData>
</Event>

<Event xmlns="http://schemas.microsoft.com/win/2004/08/events/event"><System><Provider Name="Microsoft-Windows-WMI-Activity" Guid="{1418ef04-b0b4-4623-bf7e-d74ab47bbdaa}"></Provider>
<EventID Qualifiers="">5857</EventID>
<Version>0</Version>
<Level>0</Level>
<Task>0</Task>
<Opcode>0</Opcode>
<Keywords>0x4000000000000000</Keywords>
<TimeCreated SystemTime="2020-10-27 02:06:13.183207"></TimeCreated>
<EventRecordID>389</EventRecordID>
<Correlation ActivityID="" RelatedActivityID=""></Correlation>
<Execution ProcessID="3760" ThreadID="2396"></Execution>
<Channel>Microsoft-Windows-WMI-Activity/Operational</Channel>
<Computer>WIN-PTFPHFCRDJ0</Computer>
<Security UserID="S-1-5-18"></Security>
</System>
<UserData><Operation_StartedOperational xmlns="http://manifests.microsoft.com/win/2006/windows/WMI"><ProviderName>deploymentprovider</ProviderName>
<Code>0x00000000</Code>
<HostProcess>wmiprvse.exe</HostProcess>
<ProcessID>3760</ProcessID>
<ProviderPath>%systemroot%\system32\wbem\ServerManager.DeploymentProvider.dll</ProviderPath>
</Operation_StartedOperational>
</UserData>
</Event>

<Event xmlns="http://schemas.microsoft.com/win/2004/08/events/event"><System><Provider Name="Microsoft-Windows-WMI-Activity" Guid="{1418ef04-b0b4-4623-bf7e-d74ab47bbdaa}"></Provider>
<EventID Qualifiers="">5857</EventID>
<Version>0</Version>
<Level>0</Level>
<Task>0</Task>
<Opcode>0</Opcode>
<Keywords>0x4000000000000000</Keywords>
<TimeCreated SystemTime="2020-10-27 02:06:16.411243"></TimeCreated>
<EventRecordID>390</EventRecordID>
<Correlation ActivityID="" RelatedActivityID=""></Correlation>
<Execution ProcessID="3104" ThreadID="3136"></Execution>
<Channel>Microsoft-Windows-WMI-Activity/Operational</Channel>
<Computer>WIN-PTFPHFCRDJ0</Computer>
<Security UserID="S-1-5-20"></Security>
</System>
<UserData><Operation_StartedOperational xmlns="http://manifests.microsoft.com/win/2006/windows/WMI"><ProviderName>Win32_TpmProvider</ProviderName>
<Code>0x00000000</Code>
<HostProcess>wmiprvse.exe</HostProcess>
<ProcessID>3104</ProcessID>
<ProviderPath>C:\Windows\System32\wbem\Win32_TPM.dll</ProviderPath>
</Operation_StartedOperational>
</UserData>
</Event>

<Event xmlns="http://schemas.microsoft.com/win/2004/08/events/event"><System><Provider Name="Microsoft-Windows-WMI-Activity" Guid="{1418ef04-b0b4-4623-bf7e-d74ab47bbdaa}"></Provider>
<EventID Qualifiers="">5857</EventID>
<Version>0</Version>
<Level>0</Level>
<Task>0</Task>
<Opcode>0</Opcode>
<Keywords>0x4000000000000000</Keywords>
<TimeCreated SystemTime="2020-10-27 02:06:19.493471"></TimeCreated>
<EventRecordID>391</EventRecordID>
<Correlation ActivityID="" RelatedActivityID=""></Correlation>
<Execution ProcessID="3104" ThreadID="3136"></Execution>
<Channel>Microsoft-Windows-WMI-Activity/Operational</Channel>
<Computer>WIN-PTFPHFCRDJ0</Computer>
<Security UserID="S-1-5-20"></Security>
</System>
<UserData><Operation_StartedOperational xmlns="http://manifests.microsoft.com/win/2006/windows/WMI"><ProviderName>Win32_DeviceGuard</ProviderName>
<Code>0x00000000</Code>
<HostProcess>wmiprvse.exe</HostProcess>
<ProcessID>3104</ProcessID>
<ProviderPath>%SystemRoot%\System32\Win32_DeviceGuard.dll</ProviderPath>
</Operation_StartedOperational>
</UserData>
</Event>

<Event xmlns="http://schemas.microsoft.com/win/2004/08/events/event"><System><Provider Name="Microsoft-Windows-WMI-Activity" Guid="{1418ef04-b0b4-4623-bf7e-d74ab47bbdaa}"></Provider>
<EventID Qualifiers="">5858</EventID>
<Version>0</Version>
<Level>2</Level>
<Task>0</Task>
<Opcode>0</Opcode>
<Keywords>0x4000000000000000</Keywords>
<TimeCreated SystemTime="2020-10-27 02:06:19.525652"></TimeCreated>
<EventRecordID>392</EventRecordID>
<Correlation ActivityID="" RelatedActivityID=""></Correlation>
<Execution ProcessID="1336" ThreadID="1928"></Execution>
<Channel>Microsoft-Windows-WMI-Activity/Operational</Channel>
<Computer>WIN-PTFPHFCRDJ0</Computer>
<Security UserID="S-1-5-18"></Security>
</System>
<UserData><Operation_ClientFailure xmlns="http://manifests.microsoft.com/win/2006/windows/WMI"><Id>{00000000-0000-0000-0000-000000000000}</Id>
<ClientMachine>WIN-PTFPHFCRDJ0</ClientMachine>
<User>NT AUTHORITY\SYSTEM</User>
<ClientProcessId>1560</ClientProcessId>
<Component>Unknown</Component>
<Operation>Start IWbemServices::ExecQuery - root\Microsoft\Windows\DeviceGuard : SELECT RequiredSecurityProperties FROM Win32_DeviceGuard </Operation>
<ResultCode>0x80041032</ResultCode>
<PossibleCause>Unknown</PossibleCause>
</Operation_ClientFailure>
</UserData>
</Event>

<Event xmlns="http://schemas.microsoft.com/win/2004/08/events/event"><System><Provider Name="Microsoft-Windows-WMI-Activity" Guid="{1418ef04-b0b4-4623-bf7e-d74ab47bbdaa}"></Provider>
<EventID Qualifiers="">5858</EventID>
<Version>0</Version>
<Level>2</Level>
<Task>0</Task>
<Opcode>0</Opcode>
<Keywords>0x4000000000000000</Keywords>
<TimeCreated SystemTime="2020-10-27 02:06:19.536674"></TimeCreated>
<EventRecordID>393</EventRecordID>
<Correlation ActivityID="" RelatedActivityID=""></Correlation>
<Execution ProcessID="1336" ThreadID="1928"></Execution>
<Channel>Microsoft-Windows-WMI-Activity/Operational</Channel>
<Computer>WIN-PTFPHFCRDJ0</Computer>
<Security UserID="S-1-5-18"></Security>
</System>
<UserData><Operation_ClientFailure xmlns="http://manifests.microsoft.com/win/2006/windows/WMI"><Id>{00000000-0000-0000-0000-000000000000}</Id>
<ClientMachine>WIN-PTFPHFCRDJ0</ClientMachine>
<User>NT AUTHORITY\SYSTEM</User>
<ClientProcessId>1560</ClientProcessId>
<Component>Unknown</Component>
<Operation>Start IWbemServices::ExecQuery - root\Microsoft\Windows\DeviceGuard : SELECT SecurityServicesRunning FROM Win32_DeviceGuard </Operation>
<ResultCode>0x80041032</ResultCode>
<PossibleCause>Unknown</PossibleCause>
</Operation_ClientFailure>
</UserData>
</Event>

<Event xmlns="http://schemas.microsoft.com/win/2004/08/events/event"><System><Provider Name="Microsoft-Windows-WMI-Activity" Guid="{1418ef04-b0b4-4623-bf7e-d74ab47bbdaa}"></Provider>
<EventID Qualifiers="">5858</EventID>
<Version>0</Version>
<Level>2</Level>
<Task>0</Task>
<Opcode>0</Opcode>
<Keywords>0x4000000000000000</Keywords>
<TimeCreated SystemTime="2020-10-27 02:06:19.544117"></TimeCreated>
<EventRecordID>394</EventRecordID>
<Correlation ActivityID="" RelatedActivityID=""></Correlation>
<Execution ProcessID="1336" ThreadID="2532"></Execution>
<Channel>Microsoft-Windows-WMI-Activity/Operational</Channel>
<Computer>WIN-PTFPHFCRDJ0</Computer>
<Security UserID="S-1-5-18"></Security>
</System>
<UserData><Operation_ClientFailure xmlns="http://manifests.microsoft.com/win/2006/windows/WMI"><Id>{00000000-0000-0000-0000-000000000000}</Id>
<ClientMachine>WIN-PTFPHFCRDJ0</ClientMachine>
<User>NT AUTHORITY\SYSTEM</User>
<ClientProcessId>1560</ClientProcessId>
<Component>Unknown</Component>
<Operation>Start IWbemServices::ExecQuery - root\Microsoft\Windows\DeviceGuard : SELECT SecurityServicesConfigured FROM Win32_DeviceGuard </Operation>
<ResultCode>0x80041032</ResultCode>
<PossibleCause>Unknown</PossibleCause>
</Operation_ClientFailure>
</UserData>
</Event>

<Event xmlns="http://schemas.microsoft.com/win/2004/08/events/event"><System><Provider Name="Microsoft-Windows-WMI-Activity" Guid="{1418ef04-b0b4-4623-bf7e-d74ab47bbdaa}"></Provider>
<EventID Qualifiers="">5858</EventID>
<Version>0</Version>
<Level>2</Level>
<Task>0</Task>
<Opcode>0</Opcode>
<Keywords>0x4000000000000000</Keywords>
<TimeCreated SystemTime="2020-10-27 02:06:19.546646"></TimeCreated>
<EventRecordID>395</EventRecordID>
<Correlation ActivityID="" RelatedActivityID=""></Correlation>
<Execution ProcessID="1336" ThreadID="2532"></Execution>
<Channel>Microsoft-Windows-WMI-Activity/Operational</Channel>
<Computer>WIN-PTFPHFCRDJ0</Computer>
<Security UserID="S-1-5-18"></Security>
</System>
<UserData><Operation_ClientFailure xmlns="http://manifests.microsoft.com/win/2006/windows/WMI"><Id>{00000000-0000-0000-0000-000000000000}</Id>
<ClientMachine>WIN-PTFPHFCRDJ0</ClientMachine>
<User>NT AUTHORITY\SYSTEM</User>
<ClientProcessId>1560</ClientProcessId>
<Component>Unknown</Component>
<Operation>Start IWbemServices::ExecQuery - root\Microsoft\Windows\DeviceGuard : SELECT RequiredSecurityProperties FROM Win32_DeviceGuard </Operation>
<ResultCode>0x80041032</ResultCode>
<PossibleCause>Unknown</PossibleCause>
</Operation_ClientFailure>
</UserData>
</Event>

<Event xmlns="http://schemas.microsoft.com/win/2004/08/events/event"><System><Provider Name="Microsoft-Windows-WMI-Activity" Guid="{1418ef04-b0b4-4623-bf7e-d74ab47bbdaa}"></Provider>
<EventID Qualifiers="">5857</EventID>
<Version>0</Version>
<Level>0</Level>
<Task>0</Task>
<Opcode>0</Opcode>
<Keywords>0x4000000000000000</Keywords>
<TimeCreated SystemTime="2020-10-27 02:10:32.414150"></TimeCreated>
<EventRecordID>396</EventRecordID>
<Correlation ActivityID="" RelatedActivityID=""></Correlation>
<Execution ProcessID="3104" ThreadID="1948"></Execution>
<Channel>Microsoft-Windows-WMI-Activity/Operational</Channel>
<Computer>WIN-PTFPHFCRDJ0</Computer>
<Security UserID="S-1-5-20"></Security>
</System>
<UserData><Operation_StartedOperational xmlns="http://manifests.microsoft.com/win/2006/windows/WMI"><ProviderName>mgmtprovider</ProviderName>
<Code>0x00000000</Code>
<HostProcess>wmiprvse.exe</HostProcess>
<ProcessID>3104</ProcessID>
<ProviderPath>%systemroot%\system32\wbem\mgmtprovider.dll</ProviderPath>
</Operation_StartedOperational>
</UserData>
</Event>

<Event xmlns="http://schemas.microsoft.com/win/2004/08/events/event"><System><Provider Name="Microsoft-Windows-WMI-Activity" Guid="{1418ef04-b0b4-4623-bf7e-d74ab47bbdaa}"></Provider>
<EventID Qualifiers="">5857</EventID>
<Version>0</Version>
<Level>0</Level>
<Task>0</Task>
<Opcode>0</Opcode>
<Keywords>0x4000000000000000</Keywords>
<TimeCreated SystemTime="2020-10-27 02:10:32.977173"></TimeCreated>
<EventRecordID>397</EventRecordID>
<Correlation ActivityID="" RelatedActivityID=""></Correlation>
<Execution ProcessID="4612" ThreadID="4648"></Execution>
<Channel>Microsoft-Windows-WMI-Activity/Operational</Channel>
<Computer>WIN-PTFPHFCRDJ0</Computer>
<Security UserID="S-1-5-19"></Security>
</System>
<UserData><Operation_StartedOperational xmlns="http://manifests.microsoft.com/win/2006/windows/WMI"><ProviderName>NetAdapterCim</ProviderName>
<Code>0x00000000</Code>
<HostProcess>wmiprvse.exe</HostProcess>
<ProcessID>4612</ProcessID>
<ProviderPath>%systemroot%\system32\wbem\NetAdapterCim.dll</ProviderPath>
</Operation_StartedOperational>
</UserData>
</Event>

<Event xmlns="http://schemas.microsoft.com/win/2004/08/events/event"><System><Provider Name="Microsoft-Windows-WMI-Activity" Guid="{1418ef04-b0b4-4623-bf7e-d74ab47bbdaa}"></Provider>
<EventID Qualifiers="">5857</EventID>
<Version>0</Version>
<Level>0</Level>
<Task>0</Task>
<Opcode>0</Opcode>
<Keywords>0x4000000000000000</Keywords>
<TimeCreated SystemTime="2020-10-27 02:10:33.283068"></TimeCreated>
<EventRecordID>398</EventRecordID>
<Correlation ActivityID="" RelatedActivityID=""></Correlation>
<Execution ProcessID="3104" ThreadID="3996"></Execution>
<Channel>Microsoft-Windows-WMI-Activity/Operational</Channel>
<Computer>WIN-PTFPHFCRDJ0</Computer>
<Security UserID="S-1-5-20"></Security>
</System>
<UserData><Operation_StartedOperational xmlns="http://manifests.microsoft.com/win/2006/windows/WMI"><ProviderName>nettcpip</ProviderName>
<Code>0x00000000</Code>
<HostProcess>wmiprvse.exe</HostProcess>
<ProcessID>3104</ProcessID>
<ProviderPath>%systemroot%\system32\wbem\NetTCPIP.dll</ProviderPath>
</Operation_StartedOperational>
</UserData>
</Event>

<Event xmlns="http://schemas.microsoft.com/win/2004/08/events/event"><System><Provider Name="Microsoft-Windows-WMI-Activity" Guid="{1418ef04-b0b4-4623-bf7e-d74ab47bbdaa}"></Provider>
<EventID Qualifiers="">5857</EventID>
<Version>0</Version>
<Level>0</Level>
<Task>0</Task>
<Opcode>0</Opcode>
<Keywords>0x4000000000000000</Keywords>
<TimeCreated SystemTime="2020-10-27 02:10:56.798729"></TimeCreated>
<EventRecordID>399</EventRecordID>
<Correlation ActivityID="" RelatedActivityID=""></Correlation>
<Execution ProcessID="4744" ThreadID="4792"></Execution>
<Channel>Microsoft-Windows-WMI-Activity/Operational</Channel>
<Computer>WIN-PTFPHFCRDJ0</Computer>
<Security UserID="S-1-5-18"></Security>
</System>
<UserData><Operation_StartedOperational xmlns="http://manifests.microsoft.com/win/2006/windows/WMI"><ProviderName>deploymentprovider</ProviderName>
<Code>0x00000000</Code>
<HostProcess>wmiprvse.exe</HostProcess>
<ProcessID>4744</ProcessID>
<ProviderPath>%systemroot%\system32\wbem\ServerManager.DeploymentProvider.dll</ProviderPath>
</Operation_StartedOperational>
</UserData>
</Event>

<Event xmlns="http://schemas.microsoft.com/win/2004/08/events/event"><System><Provider Name="Microsoft-Windows-WMI-Activity" Guid="{1418ef04-b0b4-4623-bf7e-d74ab47bbdaa}"></Provider>
<EventID Qualifiers="">5857</EventID>
<Version>0</Version>
<Level>0</Level>
<Task>0</Task>
<Opcode>0</Opcode>
<Keywords>0x4000000000000000</Keywords>
<TimeCreated SystemTime="2020-10-27 02:39:05.506742"></TimeCreated>
<EventRecordID>400</EventRecordID>
<Correlation ActivityID="" RelatedActivityID=""></Correlation>
<Execution ProcessID="1336" ThreadID="4236"></Execution>
<Channel>Microsoft-Windows-WMI-Activity/Operational</Channel>
<Computer>WIN-PTFPHFCRDJ0</Computer>
<Security UserID="S-1-5-18"></Security>
</System>
<UserData><Operation_StartedOperational xmlns="http://manifests.microsoft.com/win/2006/windows/WMI"><ProviderName>WMI Kernel Trace Event Provider</ProviderName>
<Code>0x00000000</Code>
<HostProcess>wmiprvse.exe</HostProcess>
<ProcessID>1336</ProcessID>
<ProviderPath>C:\Windows\System32\wbem\krnlprov.dll</ProviderPath>
</Operation_StartedOperational>
</UserData>
</Event>

<Event xmlns="http://schemas.microsoft.com/win/2004/08/events/event"><System><Provider Name="Microsoft-Windows-WMI-Activity" Guid="{1418ef04-b0b4-4623-bf7e-d74ab47bbdaa}"></Provider>
<EventID Qualifiers="">5860</EventID>
<Version>0</Version>
<Level>0</Level>
<Task>0</Task>
<Opcode>0</Opcode>
<Keywords>0x4000000000000000</Keywords>
<TimeCreated SystemTime="2020-10-27 02:39:05.508930"></TimeCreated>
<EventRecordID>401</EventRecordID>
<Correlation ActivityID="{8a6a3ffd-ac04-0000-bb6c-6a8a04acd601}" RelatedActivityID=""></Correlation>
<Execution ProcessID="1336" ThreadID="4236"></Execution>
<Channel>Microsoft-Windows-WMI-Activity/Operational</Channel>
<Computer>WIN-PTFPHFCRDJ0</Computer>
<Security UserID="S-1-5-18"></Security>
</System>
<UserData><Operation_TemporaryEssStarted xmlns="http://manifests.microsoft.com/win/2006/windows/WMI"><NamespaceName>ROOT\CIMV2</NamespaceName>
<Query>SELECT * FROM Win32_ProcessStartTrace WHERE ProcessName = 'wsmprovhost.exe'</Query>
<User></User>
<Processid>1336</Processid>
<ClientMachine>WIN-PTFPHFCRDJ0</ClientMachine>
<PossibleCause>Temporary</PossibleCause>
</Operation_TemporaryEssStarted>
</UserData>
</Event>

</Events>
