<Event xmlns="http://schemas.microsoft.com/win/2004/08/events/event"><System><Provider Name="Microsoft-Windows-Windows Firewall With Advanced Security" Guid="{d1bc9aff-2abf-4d71-9146-ecb2a986eb85}"></Provider>
<EventID Qualifiers="">2004</EventID>
<Version>0</Version>
<Level>4</Level>
<Task>0</Task>
<Opcode>0</Opcode>
<Keywords>0x8000020000000000</Keywords>
<TimeCreated SystemTime="2020-10-22 20:58:16.601093"></TimeCreated>
<EventRecordID>72</EventRecordID>
<Correlation ActivityID="" RelatedActivityID=""></Correlation>
<Execution ProcessID="1600" ThreadID="1828"></Execution>
<Channel>Microsoft-Windows-Windows Firewall With Advanced Security/Firewall</Channel>
<Computer>WIN-PTFPHFCRDJ0</Computer>
<Security UserID="S-1-5-19"></Security>
</System>
<EventData><Data Name="RuleId">Microsoft.Windows.NarratorQuickStart_8wekyb3d8bbwe_S-1-5-21-1152959844-3645458174-3779170896-1000_In_notRemoteName_RAS</Data>
<Data Name="RuleName">Microsoft.Windows.NarratorQuickStart_8wekyb3d8bbwe_S-1-5-21-1152959844-3645458174-3779170896-1000_In_notRemoteName_RAS</Data>
<Data Name="Origin">1</Data>
<Data Name="ApplicationPath"></Data>
<Data Name="ServiceName"></Data>
<Data Name="Direction">1</Data>
<Data Name="Protocol">256</Data>
<Data Name="LocalPorts"></Data>
<Data Name="RemotePorts"></Data>
<Data Name="Action">2</Data>
<Data Name="Profiles">2147483647</Data>
<Data Name="LocalAddresses">*</Data>
<Data Name="RemoteAddresses">*</Data>
<Data Name="RemoteMachineAuthorizationList"></Data>
<Data Name="RemoteUserAuthorizationList"></Data>
<Data Name="EmbeddedContext">9F780EE3-C5A4-47AE-AC46-99B55513C014_CellularDataAccess</Data>
<Data Name="Flags">0</Data>
<Data Name="Active">0</Data>
<Data Name="EdgeTraversal">0</Data>
<Data Name="LooseSourceMapped">0</Data>
<Data Name="SecurityOptions">0</Data>
<Data Name="ModifyingUser">S-1-5-18</Data>
<Data Name="ModifyingApplication">C:\Windows\System32\svchost.exe</Data>
<Data Name="SchemaVersion">541</Data>
<Data Name="RuleStatus">65536</Data>
<Data Name="LocalOnlyMapped">0</Data>
</EventData>
</Event>

<Event xmlns="http://schemas.microsoft.com/win/2004/08/events/event"><System><Provider Name="Microsoft-Windows-Windows Firewall With Advanced Security" Guid="{d1bc9aff-2abf-4d71-9146-ecb2a986eb85}"></Provider>
<EventID Qualifiers="">2004</EventID>
<Version>0</Version>
<Level>4</Level>
<Task>0</Task>
<Opcode>0</Opcode>
<Keywords>0x8000020000000000</Keywords>
<TimeCreated SystemTime="2020-10-22 20:58:16.606022"></TimeCreated>
<EventRecordID>73</EventRecordID>
<Correlation ActivityID="" RelatedActivityID=""></Correlation>
<Execution ProcessID="1600" ThreadID="1828"></Execution>
<Channel>Microsoft-Windows-Windows Firewall With Advanced Security/Firewall</Channel>
<Computer>WIN-PTFPHFCRDJ0</Computer>
<Security UserID="S-1-5-19"></Security>
</System>
<EventData><Data Name="RuleId">Microsoft.Windows.NarratorQuickStart_8wekyb3d8bbwe_S-1-5-21-1152959844-3645458174-3779170896-1000_Out_emptyRemoteName_RAS</Data>
<Data Name="RuleName">Microsoft.Windows.NarratorQuickStart_8wekyb3d8bbwe_S-1-5-21-1152959844-3645458174-3779170896-1000_Out_emptyRemoteName_RAS</Data>
<Data Name="Origin">1</Data>
<Data Name="ApplicationPath"></Data>
<Data Name="ServiceName"></Data>
<Data Name="Direction">2</Data>
<Data Name="Protocol">256</Data>
<Data Name="LocalPorts"></Data>
<Data Name="RemotePorts"></Data>
<Data Name="Action">2</Data>
<Data Name="Profiles">2147483647</Data>
<Data Name="LocalAddresses">*</Data>
<Data Name="RemoteAddresses">*</Data>
<Data Name="RemoteMachineAuthorizationList"></Data>
<Data Name="RemoteUserAuthorizationList"></Data>
<Data Name="EmbeddedContext">9F780EE3-C5A4-47AE-AC46-99B55513C014_CellularDataAccess</Data>
<Data Name="Flags">0</Data>
<Data Name="Active">0</Data>
<Data Name="EdgeTraversal">0</Data>
<Data Name="LooseSourceMapped">0</Data>
<Data Name="SecurityOptions">0</Data>
<Data Name="ModifyingUser">S-1-5-18</Data>
<Data Name="ModifyingApplication">C:\Windows\System32\svchost.exe</Data>
<Data Name="SchemaVersion">541</Data>
<Data Name="RuleStatus">65536</Data>
<Data Name="LocalOnlyMapped">0</Data>
</EventData>
</Event>

<Event xmlns="http://schemas.microsoft.com/win/2004/08/events/event"><System><Provider Name="Microsoft-Windows-Windows Firewall With Advanced Security" Guid="{d1bc9aff-2abf-4d71-9146-ecb2a986eb85}"></Provider>
<EventID Qualifiers="">2004</EventID>
<Version>0</Version>
<Level>4</Level>
<Task>0</Task>
<Opcode>0</Opcode>
<Keywords>0x8000020000000000</Keywords>
<TimeCreated SystemTime="2020-10-22 20:58:16.610863"></TimeCreated>
<EventRecordID>74</EventRecordID>
<Correlation ActivityID="" RelatedActivityID=""></Correlation>
<Execution ProcessID="1600" ThreadID="1828"></Execution>
<Channel>Microsoft-Windows-Windows Firewall With Advanced Security/Firewall</Channel>
<Computer>WIN-PTFPHFCRDJ0</Computer>
<Security UserID="S-1-5-19"></Security>
</System>
<EventData><Data Name="RuleId">Microsoft.Windows.NarratorQuickStart_8wekyb3d8bbwe_S-1-5-21-1152959844-3645458174-3779170896-1000_Out_notRemoteName_RAS</Data>
<Data Name="RuleName">Microsoft.Windows.NarratorQuickStart_8wekyb3d8bbwe_S-1-5-21-1152959844-3645458174-3779170896-1000_Out_notRemoteName_RAS</Data>
<Data Name="Origin">1</Data>
<Data Name="ApplicationPath"></Data>
<Data Name="ServiceName"></Data>
<Data Name="Direction">2</Data>
<Data Name="Protocol">256</Data>
<Data Name="LocalPorts"></Data>
<Data Name="RemotePorts"></Data>
<Data Name="Action">2</Data>
<Data Name="Profiles">2147483647</Data>
<Data Name="LocalAddresses">*</Data>
<Data Name="RemoteAddresses">*</Data>
<Data Name="RemoteMachineAuthorizationList"></Data>
<Data Name="RemoteUserAuthorizationList"></Data>
<Data Name="EmbeddedContext">9F780EE3-C5A4-47AE-AC46-99B55513C014_CellularDataAccess</Data>
<Data Name="Flags">0</Data>
<Data Name="Active">0</Data>
<Data Name="EdgeTraversal">0</Data>
<Data Name="LooseSourceMapped">0</Data>
<Data Name="SecurityOptions">0</Data>
<Data Name="ModifyingUser">S-1-5-18</Data>
<Data Name="ModifyingApplication">C:\Windows\System32\svchost.exe</Data>
<Data Name="SchemaVersion">541</Data>
<Data Name="RuleStatus">65536</Data>
<Data Name="LocalOnlyMapped">0</Data>
</EventData>
</Event>

<Event xmlns="http://schemas.microsoft.com/win/2004/08/events/event"><System><Provider Name="Microsoft-Windows-Windows Firewall With Advanced Security" Guid="{d1bc9aff-2abf-4d71-9146-ecb2a986eb85}"></Provider>
<EventID Qualifiers="">2004</EventID>
<Version>0</Version>
<Level>4</Level>
<Task>0</Task>
<Opcode>0</Opcode>
<Keywords>0x8000020000000000</Keywords>
<TimeCreated SystemTime="2020-10-22 20:58:17.218731"></TimeCreated>
<EventRecordID>75</EventRecordID>
<Correlation ActivityID="" RelatedActivityID=""></Correlation>
<Execution ProcessID="1600" ThreadID="1828"></Execution>
<Channel>Microsoft-Windows-Windows Firewall With Advanced Security/Firewall</Channel>
<Computer>WIN-PTFPHFCRDJ0</Computer>
<Security UserID="S-1-5-19"></Security>
</System>
<EventData><Data Name="RuleId">{3CCFEA3E-EC94-456A-9F6A-95AB9ECD7C9E}</Data>
<Data Name="RuleName">CapturePicker</Data>
<Data Name="Origin">1</Data>
<Data Name="ApplicationPath"></Data>
<Data Name="ServiceName"></Data>
<Data Name="Direction">1</Data>
<Data Name="Protocol">256</Data>
<Data Name="LocalPorts"></Data>
<Data Name="RemotePorts"></Data>
<Data Name="Action">2</Data>
<Data Name="Profiles">2147483647</Data>
<Data Name="LocalAddresses">*</Data>
<Data Name="RemoteAddresses">*</Data>
<Data Name="RemoteMachineAuthorizationList"></Data>
<Data Name="RemoteUserAuthorizationList"></Data>
<Data Name="EmbeddedContext">CapturePicker</Data>
<Data Name="Flags">1</Data>
<Data Name="Active">1</Data>
<Data Name="EdgeTraversal">0</Data>
<Data Name="LooseSourceMapped">0</Data>
<Data Name="SecurityOptions">0</Data>
<Data Name="ModifyingUser">S-1-5-80-3088073201-1464728630-1879813800-1107566885-823218052</Data>
<Data Name="ModifyingApplication">C:\Windows\System32\svchost.exe</Data>
<Data Name="SchemaVersion">541</Data>
<Data Name="RuleStatus">65536</Data>
<Data Name="LocalOnlyMapped">0</Data>
</EventData>
</Event>

<Event xmlns="http://schemas.microsoft.com/win/2004/08/events/event"><System><Provider Name="Microsoft-Windows-Windows Firewall With Advanced Security" Guid="{d1bc9aff-2abf-4d71-9146-ecb2a986eb85}"></Provider>
<EventID Qualifiers="">2004</EventID>
<Version>0</Version>
<Level>4</Level>
<Task>0</Task>
<Opcode>0</Opcode>
<Keywords>0x8000020000000000</Keywords>
<TimeCreated SystemTime="2020-10-22 20:58:17.219465"></TimeCreated>
<EventRecordID>76</EventRecordID>
<Correlation ActivityID="" RelatedActivityID=""></Correlation>
<Execution ProcessID="1600" ThreadID="1828"></Execution>
<Channel>Microsoft-Windows-Windows Firewall With Advanced Security/Firewall</Channel>
<Computer>WIN-PTFPHFCRDJ0</Computer>
<Security UserID="S-1-5-19"></Security>
</System>
<EventData><Data Name="RuleId">{3584341D-FA43-448C-BD0B-A5B1ED69B5C8}</Data>
<Data Name="RuleName">CapturePicker</Data>
<Data Name="Origin">1</Data>
<Data Name="ApplicationPath"></Data>
<Data Name="ServiceName"></Data>
<Data Name="Direction">2</Data>
<Data Name="Protocol">256</Data>
<Data Name="LocalPorts"></Data>
<Data Name="RemotePorts"></Data>
<Data Name="Action">2</Data>
<Data Name="Profiles">2147483647</Data>
<Data Name="LocalAddresses">*</Data>
<Data Name="RemoteAddresses">*</Data>
<Data Name="RemoteMachineAuthorizationList"></Data>
<Data Name="RemoteUserAuthorizationList"></Data>
<Data Name="EmbeddedContext">CapturePicker</Data>
<Data Name="Flags">1</Data>
<Data Name="Active">1</Data>
<Data Name="EdgeTraversal">0</Data>
<Data Name="LooseSourceMapped">0</Data>
<Data Name="SecurityOptions">0</Data>
<Data Name="ModifyingUser">S-1-5-80-3088073201-1464728630-1879813800-1107566885-823218052</Data>
<Data Name="ModifyingApplication">C:\Windows\System32\svchost.exe</Data>
<Data Name="SchemaVersion">541</Data>
<Data Name="RuleStatus">65536</Data>
<Data Name="LocalOnlyMapped">0</Data>
</EventData>
</Event>

<Event xmlns="http://schemas.microsoft.com/win/2004/08/events/event"><System><Provider Name="Microsoft-Windows-Windows Firewall With Advanced Security" Guid="{d1bc9aff-2abf-4d71-9146-ecb2a986eb85}"></Provider>
<EventID Qualifiers="">2004</EventID>
<Version>0</Version>
<Level>4</Level>
<Task>0</Task>
<Opcode>0</Opcode>
<Keywords>0x8000020000000000</Keywords>
<TimeCreated SystemTime="2020-10-22 20:58:17.803356"></TimeCreated>
<EventRecordID>77</EventRecordID>
<Correlation ActivityID="" RelatedActivityID=""></Correlation>
<Execution ProcessID="1600" ThreadID="1828"></Execution>
<Channel>Microsoft-Windows-Windows Firewall With Advanced Security/Firewall</Channel>
<Computer>WIN-PTFPHFCRDJ0</Computer>
<Security UserID="S-1-5-19"></Security>
</System>
<EventData><Data Name="RuleId">{73D92186-1385-43C6-AF56-6C72FD0AFD00}</Data>
<Data Name="RuleName">@{Microsoft.Windows.Apprep.ChxApp_1000.17763.1.0_neutral_neutral_cw5n1h2txyewy?ms-resource://Microsoft.Windows.Apprep.ChxApp/resources/DisplayName}</Data>
<Data Name="Origin">1</Data>
<Data Name="ApplicationPath"></Data>
<Data Name="ServiceName"></Data>
<Data Name="Direction">1</Data>
<Data Name="Protocol">256</Data>
<Data Name="LocalPorts"></Data>
<Data Name="RemotePorts"></Data>
<Data Name="Action">2</Data>
<Data Name="Profiles">2147483647</Data>
<Data Name="LocalAddresses">*</Data>
<Data Name="RemoteAddresses">*</Data>
<Data Name="RemoteMachineAuthorizationList"></Data>
<Data Name="RemoteUserAuthorizationList"></Data>
<Data Name="EmbeddedContext">@{Microsoft.Windows.Apprep.ChxApp_1000.17763.1.0_neutral_neutral_cw5n1h2txyewy?ms-resource://Microsoft.Windows.Apprep.ChxApp/resources/DisplayName}</Data>
<Data Name="Flags">1</Data>
<Data Name="Active">1</Data>
<Data Name="EdgeTraversal">0</Data>
<Data Name="LooseSourceMapped">0</Data>
<Data Name="SecurityOptions">0</Data>
<Data Name="ModifyingUser">S-1-5-80-3088073201-1464728630-1879813800-1107566885-823218052</Data>
<Data Name="ModifyingApplication">C:\Windows\System32\svchost.exe</Data>
<Data Name="SchemaVersion">541</Data>
<Data Name="RuleStatus">65536</Data>
<Data Name="LocalOnlyMapped">0</Data>
</EventData>
</Event>

<Event xmlns="http://schemas.microsoft.com/win/2004/08/events/event"><System><Provider Name="Microsoft-Windows-Windows Firewall With Advanced Security" Guid="{d1bc9aff-2abf-4d71-9146-ecb2a986eb85}"></Provider>
<EventID Qualifiers="">2004</EventID>
<Version>0</Version>
<Level>4</Level>
<Task>0</Task>
<Opcode>0</Opcode>
<Keywords>0x8000020000000000</Keywords>
<TimeCreated SystemTime="2020-10-22 20:58:17.804216"></TimeCreated>
<EventRecordID>78</EventRecordID>
<Correlation ActivityID="" RelatedActivityID=""></Correlation>
<Execution ProcessID="1600" ThreadID="1828"></Execution>
<Channel>Microsoft-Windows-Windows Firewall With Advanced Security/Firewall</Channel>
<Computer>WIN-PTFPHFCRDJ0</Computer>
<Security UserID="S-1-5-19"></Security>
</System>
<EventData><Data Name="RuleId">{10361969-B956-4FA6-BC47-14E9B5F68F9B}</Data>
<Data Name="RuleName">@{Microsoft.Windows.Apprep.ChxApp_1000.17763.1.0_neutral_neutral_cw5n1h2txyewy?ms-resource://Microsoft.Windows.Apprep.ChxApp/resources/DisplayName}</Data>
<Data Name="Origin">1</Data>
<Data Name="ApplicationPath"></Data>
<Data Name="ServiceName"></Data>
<Data Name="Direction">2</Data>
<Data Name="Protocol">256</Data>
<Data Name="LocalPorts"></Data>
<Data Name="RemotePorts"></Data>
<Data Name="Action">2</Data>
<Data Name="Profiles">2147483647</Data>
<Data Name="LocalAddresses">*</Data>
<Data Name="RemoteAddresses">*</Data>
<Data Name="RemoteMachineAuthorizationList"></Data>
<Data Name="RemoteUserAuthorizationList"></Data>
<Data Name="EmbeddedContext">@{Microsoft.Windows.Apprep.ChxApp_1000.17763.1.0_neutral_neutral_cw5n1h2txyewy?ms-resource://Microsoft.Windows.Apprep.ChxApp/resources/DisplayName}</Data>
<Data Name="Flags">1</Data>
<Data Name="Active">1</Data>
<Data Name="EdgeTraversal">0</Data>
<Data Name="LooseSourceMapped">0</Data>
<Data Name="SecurityOptions">0</Data>
<Data Name="ModifyingUser">S-1-5-80-3088073201-1464728630-1879813800-1107566885-823218052</Data>
<Data Name="ModifyingApplication">C:\Windows\System32\svchost.exe</Data>
<Data Name="SchemaVersion">541</Data>
<Data Name="RuleStatus">65536</Data>
<Data Name="LocalOnlyMapped">0</Data>
</EventData>
</Event>

<Event xmlns="http://schemas.microsoft.com/win/2004/08/events/event"><System><Provider Name="Microsoft-Windows-Windows Firewall With Advanced Security" Guid="{d1bc9aff-2abf-4d71-9146-ecb2a986eb85}"></Provider>
<EventID Qualifiers="">2004</EventID>
<Version>0</Version>
<Level>4</Level>
<Task>0</Task>
<Opcode>0</Opcode>
<Keywords>0x8000020000000000</Keywords>
<TimeCreated SystemTime="2020-10-22 20:58:17.805073"></TimeCreated>
<EventRecordID>79</EventRecordID>
<Correlation ActivityID="" RelatedActivityID=""></Correlation>
<Execution ProcessID="1600" ThreadID="1828"></Execution>
<Channel>Microsoft-Windows-Windows Firewall With Advanced Security/Firewall</Channel>
<Computer>WIN-PTFPHFCRDJ0</Computer>
<Security UserID="S-1-5-19"></Security>
</System>
<EventData><Data Name="RuleId">{55E62FCD-F2DC-4176-9E68-991352389425}</Data>
<Data Name="RuleName">@{Microsoft.Windows.Apprep.ChxApp_1000.17763.1.0_neutral_neutral_cw5n1h2txyewy?ms-resource://Microsoft.Windows.Apprep.ChxApp/resources/DisplayName}</Data>
<Data Name="Origin">1</Data>
<Data Name="ApplicationPath"></Data>
<Data Name="ServiceName"></Data>
<Data Name="Direction">2</Data>
<Data Name="Protocol">256</Data>
<Data Name="LocalPorts"></Data>
<Data Name="RemotePorts"></Data>
<Data Name="Action">3</Data>
<Data Name="Profiles">7</Data>
<Data Name="LocalAddresses">*</Data>
<Data Name="RemoteAddresses">*</Data>
<Data Name="RemoteMachineAuthorizationList"></Data>
<Data Name="RemoteUserAuthorizationList"></Data>
<Data Name="EmbeddedContext">@{Microsoft.Windows.Apprep.ChxApp_1000.17763.1.0_neutral_neutral_cw5n1h2txyewy?ms-resource://Microsoft.Windows.Apprep.ChxApp/resources/DisplayName}</Data>
<Data Name="Flags">1</Data>
<Data Name="Active">1</Data>
<Data Name="EdgeTraversal">0</Data>
<Data Name="LooseSourceMapped">0</Data>
<Data Name="SecurityOptions">0</Data>
<Data Name="ModifyingUser">S-1-5-80-3088073201-1464728630-1879813800-1107566885-823218052</Data>
<Data Name="ModifyingApplication">C:\Windows\System32\svchost.exe</Data>
<Data Name="SchemaVersion">541</Data>
<Data Name="RuleStatus">65536</Data>
<Data Name="LocalOnlyMapped">0</Data>
</EventData>
</Event>

<Event xmlns="http://schemas.microsoft.com/win/2004/08/events/event"><System><Provider Name="Microsoft-Windows-Windows Firewall With Advanced Security" Guid="{d1bc9aff-2abf-4d71-9146-ecb2a986eb85}"></Provider>
<EventID Qualifiers="">2004</EventID>
<Version>0</Version>
<Level>4</Level>
<Task>0</Task>
<Opcode>0</Opcode>
<Keywords>0x8000020000000000</Keywords>
<TimeCreated SystemTime="2020-10-22 20:58:17.806007"></TimeCreated>
<EventRecordID>80</EventRecordID>
<Correlation ActivityID="" RelatedActivityID=""></Correlation>
<Execution ProcessID="1600" ThreadID="1828"></Execution>
<Channel>Microsoft-Windows-Windows Firewall With Advanced Security/Firewall</Channel>
<Computer>WIN-PTFPHFCRDJ0</Computer>
<Security UserID="S-1-5-19"></Security>
</System>
<EventData><Data Name="RuleId">{42023588-A9BA-4C79-B550-557C3563C799}</Data>
<Data Name="RuleName">@{Microsoft.Windows.Apprep.ChxApp_1000.17763.1.0_neutral_neutral_cw5n1h2txyewy?ms-resource://Microsoft.Windows.Apprep.ChxApp/resources/DisplayName}</Data>
<Data Name="Origin">1</Data>
<Data Name="ApplicationPath"></Data>
<Data Name="ServiceName"></Data>
<Data Name="Direction">2</Data>
<Data Name="Protocol">256</Data>
<Data Name="LocalPorts"></Data>
<Data Name="RemotePorts"></Data>
<Data Name="Action">3</Data>
<Data Name="Profiles">7</Data>
<Data Name="LocalAddresses">*</Data>
<Data Name="RemoteAddresses">*</Data>
<Data Name="RemoteMachineAuthorizationList"></Data>
<Data Name="RemoteUserAuthorizationList"></Data>
<Data Name="EmbeddedContext">@{Microsoft.Windows.Apprep.ChxApp_1000.17763.1.0_neutral_neutral_cw5n1h2txyewy?ms-resource://Microsoft.Windows.Apprep.ChxApp/resources/DisplayName}</Data>
<Data Name="Flags">1</Data>
<Data Name="Active">1</Data>
<Data Name="EdgeTraversal">0</Data>
<Data Name="LooseSourceMapped">0</Data>
<Data Name="SecurityOptions">0</Data>
<Data Name="ModifyingUser">S-1-5-80-3088073201-1464728630-1879813800-1107566885-823218052</Data>
<Data Name="ModifyingApplication">C:\Windows\System32\svchost.exe</Data>
<Data Name="SchemaVersion">541</Data>
<Data Name="RuleStatus">65536</Data>
<Data Name="LocalOnlyMapped">0</Data>
</EventData>
</Event>

<Event xmlns="http://schemas.microsoft.com/win/2004/08/events/event"><System><Provider Name="Microsoft-Windows-Windows Firewall With Advanced Security" Guid="{d1bc9aff-2abf-4d71-9146-ecb2a986eb85}"></Provider>
<EventID Qualifiers="">2004</EventID>
<Version>0</Version>
<Level>4</Level>
<Task>0</Task>
<Opcode>0</Opcode>
<Keywords>0x8000020000000000</Keywords>
<TimeCreated SystemTime="2020-10-22 20:58:18.719101"></TimeCreated>
<EventRecordID>81</EventRecordID>
<Correlation ActivityID="" RelatedActivityID=""></Correlation>
<Execution ProcessID="1600" ThreadID="1828"></Execution>
<Channel>Microsoft-Windows-Windows Firewall With Advanced Security/Firewall</Channel>
<Computer>WIN-PTFPHFCRDJ0</Computer>
<Security UserID="S-1-5-19"></Security>
</System>
<EventData><Data Name="RuleId">{6B5F5B1A-5A94-424C-A4A1-4AEA015CC96A}</Data>
<Data Name="RuleName">@{Microsoft.Win32WebViewHost_10.0.17763.1_neutral_neutral_cw5n1h2txyewy?ms-resource://Windows.Win32WebViewHost/resources/DisplayName}</Data>
<Data Name="Origin">1</Data>
<Data Name="ApplicationPath"></Data>
<Data Name="ServiceName"></Data>
<Data Name="Direction">1</Data>
<Data Name="Protocol">256</Data>
<Data Name="LocalPorts"></Data>
<Data Name="RemotePorts"></Data>
<Data Name="Action">2</Data>
<Data Name="Profiles">2147483647</Data>
<Data Name="LocalAddresses">*</Data>
<Data Name="RemoteAddresses">*</Data>
<Data Name="RemoteMachineAuthorizationList"></Data>
<Data Name="RemoteUserAuthorizationList"></Data>
<Data Name="EmbeddedContext">@{Microsoft.Win32WebViewHost_10.0.17763.1_neutral_neutral_cw5n1h2txyewy?ms-resource://Windows.Win32WebViewHost/resources/DisplayName}</Data>
<Data Name="Flags">1</Data>
<Data Name="Active">1</Data>
<Data Name="EdgeTraversal">0</Data>
<Data Name="LooseSourceMapped">0</Data>
<Data Name="SecurityOptions">0</Data>
<Data Name="ModifyingUser">S-1-5-80-3088073201-1464728630-1879813800-1107566885-823218052</Data>
<Data Name="ModifyingApplication">C:\Windows\System32\svchost.exe</Data>
<Data Name="SchemaVersion">541</Data>
<Data Name="RuleStatus">65536</Data>
<Data Name="LocalOnlyMapped">0</Data>
</EventData>
</Event>

<Event xmlns="http://schemas.microsoft.com/win/2004/08/events/event"><System><Provider Name="Microsoft-Windows-Windows Firewall With Advanced Security" Guid="{d1bc9aff-2abf-4d71-9146-ecb2a986eb85}"></Provider>
<EventID Qualifiers="">2004</EventID>
<Version>0</Version>
<Level>4</Level>
<Task>0</Task>
<Opcode>0</Opcode>
<Keywords>0x8000020000000000</Keywords>
<TimeCreated SystemTime="2020-10-22 20:58:18.719955"></TimeCreated>
<EventRecordID>82</EventRecordID>
<Correlation ActivityID="" RelatedActivityID=""></Correlation>
<Execution ProcessID="1600" ThreadID="1828"></Execution>
<Channel>Microsoft-Windows-Windows Firewall With Advanced Security/Firewall</Channel>
<Computer>WIN-PTFPHFCRDJ0</Computer>
<Security UserID="S-1-5-19"></Security>
</System>
<EventData><Data Name="RuleId">{B0D3D4E6-5488-4F15-AB41-809A0FAE7C06}</Data>
<Data Name="RuleName">@{Microsoft.Win32WebViewHost_10.0.17763.1_neutral_neutral_cw5n1h2txyewy?ms-resource://Windows.Win32WebViewHost/resources/DisplayName}</Data>
<Data Name="Origin">1</Data>
<Data Name="ApplicationPath"></Data>
<Data Name="ServiceName"></Data>
<Data Name="Direction">2</Data>
<Data Name="Protocol">256</Data>
<Data Name="LocalPorts"></Data>
<Data Name="RemotePorts"></Data>
<Data Name="Action">2</Data>
<Data Name="Profiles">2147483647</Data>
<Data Name="LocalAddresses">*</Data>
<Data Name="RemoteAddresses">*</Data>
<Data Name="RemoteMachineAuthorizationList"></Data>
<Data Name="RemoteUserAuthorizationList"></Data>
<Data Name="EmbeddedContext">@{Microsoft.Win32WebViewHost_10.0.17763.1_neutral_neutral_cw5n1h2txyewy?ms-resource://Windows.Win32WebViewHost/resources/DisplayName}</Data>
<Data Name="Flags">1</Data>
<Data Name="Active">1</Data>
<Data Name="EdgeTraversal">0</Data>
<Data Name="LooseSourceMapped">0</Data>
<Data Name="SecurityOptions">0</Data>
<Data Name="ModifyingUser">S-1-5-80-3088073201-1464728630-1879813800-1107566885-823218052</Data>
<Data Name="ModifyingApplication">C:\Windows\System32\svchost.exe</Data>
<Data Name="SchemaVersion">541</Data>
<Data Name="RuleStatus">65536</Data>
<Data Name="LocalOnlyMapped">0</Data>
</EventData>
</Event>

<Event xmlns="http://schemas.microsoft.com/win/2004/08/events/event"><System><Provider Name="Microsoft-Windows-Windows Firewall With Advanced Security" Guid="{d1bc9aff-2abf-4d71-9146-ecb2a986eb85}"></Provider>
<EventID Qualifiers="">2004</EventID>
<Version>0</Version>
<Level>4</Level>
<Task>0</Task>
<Opcode>0</Opcode>
<Keywords>0x8000020000000000</Keywords>
<TimeCreated SystemTime="2020-10-22 20:58:18.720888"></TimeCreated>
<EventRecordID>83</EventRecordID>
<Correlation ActivityID="" RelatedActivityID=""></Correlation>
<Execution ProcessID="1600" ThreadID="1828"></Execution>
<Channel>Microsoft-Windows-Windows Firewall With Advanced Security/Firewall</Channel>
<Computer>WIN-PTFPHFCRDJ0</Computer>
<Security UserID="S-1-5-19"></Security>
</System>
<EventData><Data Name="RuleId">{0D625F81-A56B-4ECB-A576-0AB869105E3F}</Data>
<Data Name="RuleName">@{Microsoft.Win32WebViewHost_10.0.17763.1_neutral_neutral_cw5n1h2txyewy?ms-resource://Windows.Win32WebViewHost/resources/DisplayName}</Data>
<Data Name="Origin">1</Data>
<Data Name="ApplicationPath"></Data>
<Data Name="ServiceName"></Data>
<Data Name="Direction">1</Data>
<Data Name="Protocol">256</Data>
<Data Name="LocalPorts"></Data>
<Data Name="RemotePorts"></Data>
<Data Name="Action">3</Data>
<Data Name="Profiles">7</Data>
<Data Name="LocalAddresses">*</Data>
<Data Name="RemoteAddresses">*</Data>
<Data Name="RemoteMachineAuthorizationList"></Data>
<Data Name="RemoteUserAuthorizationList"></Data>
<Data Name="EmbeddedContext">@{Microsoft.Win32WebViewHost_10.0.17763.1_neutral_neutral_cw5n1h2txyewy?ms-resource://Windows.Win32WebViewHost/resources/DisplayName}</Data>
<Data Name="Flags">1</Data>
<Data Name="Active">1</Data>
<Data Name="EdgeTraversal">0</Data>
<Data Name="LooseSourceMapped">0</Data>
<Data Name="SecurityOptions">0</Data>
<Data Name="ModifyingUser">S-1-5-80-3088073201-1464728630-1879813800-1107566885-823218052</Data>
<Data Name="ModifyingApplication">C:\Windows\System32\svchost.exe</Data>
<Data Name="SchemaVersion">541</Data>
<Data Name="RuleStatus">65536</Data>
<Data Name="LocalOnlyMapped">0</Data>
</EventData>
</Event>

<Event xmlns="http://schemas.microsoft.com/win/2004/08/events/event"><System><Provider Name="Microsoft-Windows-Windows Firewall With Advanced Security" Guid="{d1bc9aff-2abf-4d71-9146-ecb2a986eb85}"></Provider>
<EventID Qualifiers="">2004</EventID>
<Version>0</Version>
<Level>4</Level>
<Task>0</Task>
<Opcode>0</Opcode>
<Keywords>0x8000020000000000</Keywords>
<TimeCreated SystemTime="2020-10-22 20:58:18.721745"></TimeCreated>
<EventRecordID>84</EventRecordID>
<Correlation ActivityID="" RelatedActivityID=""></Correlation>
<Execution ProcessID="1600" ThreadID="1828"></Execution>
<Channel>Microsoft-Windows-Windows Firewall With Advanced Security/Firewall</Channel>
<Computer>WIN-PTFPHFCRDJ0</Computer>
<Security UserID="S-1-5-19"></Security>
</System>
<EventData><Data Name="RuleId">{6C38F519-9B5C-418D-A886-006518388810}</Data>
<Data Name="RuleName">@{Microsoft.Win32WebViewHost_10.0.17763.1_neutral_neutral_cw5n1h2txyewy?ms-resource://Windows.Win32WebViewHost/resources/DisplayName}</Data>
<Data Name="Origin">1</Data>
<Data Name="ApplicationPath"></Data>
<Data Name="ServiceName"></Data>
<Data Name="Direction">2</Data>
<Data Name="Protocol">256</Data>
<Data Name="LocalPorts"></Data>
<Data Name="RemotePorts"></Data>
<Data Name="Action">3</Data>
<Data Name="Profiles">7</Data>
<Data Name="LocalAddresses">*</Data>
<Data Name="RemoteAddresses">*</Data>
<Data Name="RemoteMachineAuthorizationList"></Data>
<Data Name="RemoteUserAuthorizationList"></Data>
<Data Name="EmbeddedContext">@{Microsoft.Win32WebViewHost_10.0.17763.1_neutral_neutral_cw5n1h2txyewy?ms-resource://Windows.Win32WebViewHost/resources/DisplayName}</Data>
<Data Name="Flags">1</Data>
<Data Name="Active">1</Data>
<Data Name="EdgeTraversal">0</Data>
<Data Name="LooseSourceMapped">0</Data>
<Data Name="SecurityOptions">0</Data>
<Data Name="ModifyingUser">S-1-5-80-3088073201-1464728630-1879813800-1107566885-823218052</Data>
<Data Name="ModifyingApplication">C:\Windows\System32\svchost.exe</Data>
<Data Name="SchemaVersion">541</Data>
<Data Name="RuleStatus">65536</Data>
<Data Name="LocalOnlyMapped">0</Data>
</EventData>
</Event>

<Event xmlns="http://schemas.microsoft.com/win/2004/08/events/event"><System><Provider Name="Microsoft-Windows-Windows Firewall With Advanced Security" Guid="{d1bc9aff-2abf-4d71-9146-ecb2a986eb85}"></Provider>
<EventID Qualifiers="">2004</EventID>
<Version>0</Version>
<Level>4</Level>
<Task>0</Task>
<Opcode>0</Opcode>
<Keywords>0x8000020000000000</Keywords>
<TimeCreated SystemTime="2020-10-22 20:58:18.722597"></TimeCreated>
<EventRecordID>85</EventRecordID>
<Correlation ActivityID="" RelatedActivityID=""></Correlation>
<Execution ProcessID="1600" ThreadID="1828"></Execution>
<Channel>Microsoft-Windows-Windows Firewall With Advanced Security/Firewall</Channel>
<Computer>WIN-PTFPHFCRDJ0</Computer>
<Security UserID="S-1-5-19"></Security>
</System>
<EventData><Data Name="RuleId">{52083618-3FD3-4106-BB4E-E7960359F16D}</Data>
<Data Name="RuleName">@{Microsoft.Win32WebViewHost_10.0.17763.1_neutral_neutral_cw5n1h2txyewy?ms-resource://Windows.Win32WebViewHost/resources/DisplayName}</Data>
<Data Name="Origin">1</Data>
<Data Name="ApplicationPath"></Data>
<Data Name="ServiceName"></Data>
<Data Name="Direction">1</Data>
<Data Name="Protocol">256</Data>
<Data Name="LocalPorts"></Data>
<Data Name="RemotePorts"></Data>
<Data Name="Action">3</Data>
<Data Name="Profiles">6</Data>
<Data Name="LocalAddresses">*</Data>
<Data Name="RemoteAddresses">*</Data>
<Data Name="RemoteMachineAuthorizationList"></Data>
<Data Name="RemoteUserAuthorizationList"></Data>
<Data Name="EmbeddedContext">@{Microsoft.Win32WebViewHost_10.0.17763.1_neutral_neutral_cw5n1h2txyewy?ms-resource://Windows.Win32WebViewHost/resources/DisplayName}</Data>
<Data Name="Flags">3</Data>
<Data Name="Active">1</Data>
<Data Name="EdgeTraversal">0</Data>
<Data Name="LooseSourceMapped">0</Data>
<Data Name="SecurityOptions">1</Data>
<Data Name="ModifyingUser">S-1-5-80-3088073201-1464728630-1879813800-1107566885-823218052</Data>
<Data Name="ModifyingApplication">C:\Windows\System32\svchost.exe</Data>
<Data Name="SchemaVersion">541</Data>
<Data Name="RuleStatus">65536</Data>
<Data Name="LocalOnlyMapped">0</Data>
</EventData>
</Event>

<Event xmlns="http://schemas.microsoft.com/win/2004/08/events/event"><System><Provider Name="Microsoft-Windows-Windows Firewall With Advanced Security" Guid="{d1bc9aff-2abf-4d71-9146-ecb2a986eb85}"></Provider>
<EventID Qualifiers="">2004</EventID>
<Version>0</Version>
<Level>4</Level>
<Task>0</Task>
<Opcode>0</Opcode>
<Keywords>0x8000020000000000</Keywords>
<TimeCreated SystemTime="2020-10-22 20:58:18.723433"></TimeCreated>
<EventRecordID>86</EventRecordID>
<Correlation ActivityID="" RelatedActivityID=""></Correlation>
<Execution ProcessID="1600" ThreadID="1828"></Execution>
<Channel>Microsoft-Windows-Windows Firewall With Advanced Security/Firewall</Channel>
<Computer>WIN-PTFPHFCRDJ0</Computer>
<Security UserID="S-1-5-19"></Security>
</System>
<EventData><Data Name="RuleId">{90C4E546-1358-4BDB-B49E-01C9BE8416D0}</Data>
<Data Name="RuleName">@{Microsoft.Win32WebViewHost_10.0.17763.1_neutral_neutral_cw5n1h2txyewy?ms-resource://Windows.Win32WebViewHost/resources/DisplayName}</Data>
<Data Name="Origin">1</Data>
<Data Name="ApplicationPath"></Data>
<Data Name="ServiceName"></Data>
<Data Name="Direction">2</Data>
<Data Name="Protocol">256</Data>
<Data Name="LocalPorts"></Data>
<Data Name="RemotePorts"></Data>
<Data Name="Action">3</Data>
<Data Name="Profiles">6</Data>
<Data Name="LocalAddresses">*</Data>
<Data Name="RemoteAddresses">*</Data>
<Data Name="RemoteMachineAuthorizationList"></Data>
<Data Name="RemoteUserAuthorizationList"></Data>
<Data Name="EmbeddedContext">@{Microsoft.Win32WebViewHost_10.0.17763.1_neutral_neutral_cw5n1h2txyewy?ms-resource://Windows.Win32WebViewHost/resources/DisplayName}</Data>
<Data Name="Flags">3</Data>
<Data Name="Active">1</Data>
<Data Name="EdgeTraversal">0</Data>
<Data Name="LooseSourceMapped">0</Data>
<Data Name="SecurityOptions">1</Data>
<Data Name="ModifyingUser">S-1-5-80-3088073201-1464728630-1879813800-1107566885-823218052</Data>
<Data Name="ModifyingApplication">C:\Windows\System32\svchost.exe</Data>
<Data Name="SchemaVersion">541</Data>
<Data Name="RuleStatus">65536</Data>
<Data Name="LocalOnlyMapped">0</Data>
</EventData>
</Event>

<Event xmlns="http://schemas.microsoft.com/win/2004/08/events/event"><System><Provider Name="Microsoft-Windows-Windows Firewall With Advanced Security" Guid="{d1bc9aff-2abf-4d71-9146-ecb2a986eb85}"></Provider>
<EventID Qualifiers="">2004</EventID>
<Version>0</Version>
<Level>4</Level>
<Task>0</Task>
<Opcode>0</Opcode>
<Keywords>0x8000020000000000</Keywords>
<TimeCreated SystemTime="2020-10-22 20:58:18.725084"></TimeCreated>
<EventRecordID>87</EventRecordID>
<Correlation ActivityID="" RelatedActivityID=""></Correlation>
<Execution ProcessID="1600" ThreadID="1828"></Execution>
<Channel>Microsoft-Windows-Windows Firewall With Advanced Security/Firewall</Channel>
<Computer>WIN-PTFPHFCRDJ0</Computer>
<Security UserID="S-1-5-19"></Security>
</System>
<EventData><Data Name="RuleId">{A2D02515-330E-4D9E-8368-49A257B456FF}</Data>
<Data Name="RuleName">@{Microsoft.Win32WebViewHost_10.0.17763.1_neutral_neutral_cw5n1h2txyewy?ms-resource://Windows.Win32WebViewHost/resources/DisplayName}</Data>
<Data Name="Origin">1</Data>
<Data Name="ApplicationPath"></Data>
<Data Name="ServiceName"></Data>
<Data Name="Direction">1</Data>
<Data Name="Protocol">256</Data>
<Data Name="LocalPorts"></Data>
<Data Name="RemotePorts"></Data>
<Data Name="Action">3</Data>
<Data Name="Profiles">7</Data>
<Data Name="LocalAddresses">*</Data>
<Data Name="RemoteAddresses">*</Data>
<Data Name="RemoteMachineAuthorizationList"></Data>
<Data Name="RemoteUserAuthorizationList"></Data>
<Data Name="EmbeddedContext">@{Microsoft.Win32WebViewHost_10.0.17763.1_neutral_neutral_cw5n1h2txyewy?ms-resource://Windows.Win32WebViewHost/resources/DisplayName}</Data>
<Data Name="Flags">1</Data>
<Data Name="Active">1</Data>
<Data Name="EdgeTraversal">0</Data>
<Data Name="LooseSourceMapped">0</Data>
<Data Name="SecurityOptions">0</Data>
<Data Name="ModifyingUser">S-1-5-80-3088073201-1464728630-1879813800-1107566885-823218052</Data>
<Data Name="ModifyingApplication">C:\Windows\System32\svchost.exe</Data>
<Data Name="SchemaVersion">541</Data>
<Data Name="RuleStatus">65536</Data>
<Data Name="LocalOnlyMapped">0</Data>
</EventData>
</Event>

<Event xmlns="http://schemas.microsoft.com/win/2004/08/events/event"><System><Provider Name="Microsoft-Windows-Windows Firewall With Advanced Security" Guid="{d1bc9aff-2abf-4d71-9146-ecb2a986eb85}"></Provider>
<EventID Qualifiers="">2004</EventID>
<Version>0</Version>
<Level>4</Level>
<Task>0</Task>
<Opcode>0</Opcode>
<Keywords>0x8000020000000000</Keywords>
<TimeCreated SystemTime="2020-10-22 20:58:18.726545"></TimeCreated>
<EventRecordID>88</EventRecordID>
<Correlation ActivityID="" RelatedActivityID=""></Correlation>
<Execution ProcessID="1600" ThreadID="1828"></Execution>
<Channel>Microsoft-Windows-Windows Firewall With Advanced Security/Firewall</Channel>
<Computer>WIN-PTFPHFCRDJ0</Computer>
<Security UserID="S-1-5-19"></Security>
</System>
<EventData><Data Name="RuleId">{424D612F-73D5-48B3-80AC-950C51D8E261}</Data>
<Data Name="RuleName">@{Microsoft.Win32WebViewHost_10.0.17763.1_neutral_neutral_cw5n1h2txyewy?ms-resource://Windows.Win32WebViewHost/resources/DisplayName}</Data>
<Data Name="Origin">1</Data>
<Data Name="ApplicationPath"></Data>
<Data Name="ServiceName"></Data>
<Data Name="Direction">2</Data>
<Data Name="Protocol">256</Data>
<Data Name="LocalPorts"></Data>
<Data Name="RemotePorts"></Data>
<Data Name="Action">3</Data>
<Data Name="Profiles">7</Data>
<Data Name="LocalAddresses">*</Data>
<Data Name="RemoteAddresses">*</Data>
<Data Name="RemoteMachineAuthorizationList"></Data>
<Data Name="RemoteUserAuthorizationList"></Data>
<Data Name="EmbeddedContext">@{Microsoft.Win32WebViewHost_10.0.17763.1_neutral_neutral_cw5n1h2txyewy?ms-resource://Windows.Win32WebViewHost/resources/DisplayName}</Data>
<Data Name="Flags">1</Data>
<Data Name="Active">1</Data>
<Data Name="EdgeTraversal">0</Data>
<Data Name="LooseSourceMapped">0</Data>
<Data Name="SecurityOptions">0</Data>
<Data Name="ModifyingUser">S-1-5-80-3088073201-1464728630-1879813800-1107566885-823218052</Data>
<Data Name="ModifyingApplication">C:\Windows\System32\svchost.exe</Data>
<Data Name="SchemaVersion">541</Data>
<Data Name="RuleStatus">65536</Data>
<Data Name="LocalOnlyMapped">0</Data>
</EventData>
</Event>

<Event xmlns="http://schemas.microsoft.com/win/2004/08/events/event"><System><Provider Name="Microsoft-Windows-Windows Firewall With Advanced Security" Guid="{d1bc9aff-2abf-4d71-9146-ecb2a986eb85}"></Provider>
<EventID Qualifiers="">2004</EventID>
<Version>0</Version>
<Level>4</Level>
<Task>0</Task>
<Opcode>0</Opcode>
<Keywords>0x8000020000000000</Keywords>
<TimeCreated SystemTime="2020-10-22 20:58:18.727520"></TimeCreated>
<EventRecordID>89</EventRecordID>
<Correlation ActivityID="" RelatedActivityID=""></Correlation>
<Execution ProcessID="1600" ThreadID="1828"></Execution>
<Channel>Microsoft-Windows-Windows Firewall With Advanced Security/Firewall</Channel>
<Computer>WIN-PTFPHFCRDJ0</Computer>
<Security UserID="S-1-5-19"></Security>
</System>
<EventData><Data Name="RuleId">{94A6DE53-1859-49D6-B61D-BF3B5E32B1D9}</Data>
<Data Name="RuleName">@{Microsoft.Win32WebViewHost_10.0.17763.1_neutral_neutral_cw5n1h2txyewy?ms-resource://Windows.Win32WebViewHost/resources/DisplayName}</Data>
<Data Name="Origin">1</Data>
<Data Name="ApplicationPath"></Data>
<Data Name="ServiceName"></Data>
<Data Name="Direction">2</Data>
<Data Name="Protocol">256</Data>
<Data Name="LocalPorts"></Data>
<Data Name="RemotePorts"></Data>
<Data Name="Action">3</Data>
<Data Name="Profiles">7</Data>
<Data Name="LocalAddresses">*</Data>
<Data Name="RemoteAddresses">*</Data>
<Data Name="RemoteMachineAuthorizationList"></Data>
<Data Name="RemoteUserAuthorizationList"></Data>
<Data Name="EmbeddedContext">@{Microsoft.Win32WebViewHost_10.0.17763.1_neutral_neutral_cw5n1h2txyewy?ms-resource://Windows.Win32WebViewHost/resources/DisplayName}</Data>
<Data Name="Flags">1</Data>
<Data Name="Active">1</Data>
<Data Name="EdgeTraversal">0</Data>
<Data Name="LooseSourceMapped">0</Data>
<Data Name="SecurityOptions">0</Data>
<Data Name="ModifyingUser">S-1-5-80-3088073201-1464728630-1879813800-1107566885-823218052</Data>
<Data Name="ModifyingApplication">C:\Windows\System32\svchost.exe</Data>
<Data Name="SchemaVersion">541</Data>
<Data Name="RuleStatus">65536</Data>
<Data Name="LocalOnlyMapped">0</Data>
</EventData>
</Event>

<Event xmlns="http://schemas.microsoft.com/win/2004/08/events/event"><System><Provider Name="Microsoft-Windows-Windows Firewall With Advanced Security" Guid="{d1bc9aff-2abf-4d71-9146-ecb2a986eb85}"></Provider>
<EventID Qualifiers="">2004</EventID>
<Version>0</Version>
<Level>4</Level>
<Task>0</Task>
<Opcode>0</Opcode>
<Keywords>0x8000020000000000</Keywords>
<TimeCreated SystemTime="2020-10-22 20:58:18.728436"></TimeCreated>
<EventRecordID>90</EventRecordID>
<Correlation ActivityID="" RelatedActivityID=""></Correlation>
<Execution ProcessID="1600" ThreadID="1828"></Execution>
<Channel>Microsoft-Windows-Windows Firewall With Advanced Security/Firewall</Channel>
<Computer>WIN-PTFPHFCRDJ0</Computer>
<Security UserID="S-1-5-19"></Security>
</System>
<EventData><Data Name="RuleId">{FEF496B9-3012-419B-A919-B33A743DE718}</Data>
<Data Name="RuleName">@{Microsoft.Win32WebViewHost_10.0.17763.1_neutral_neutral_cw5n1h2txyewy?ms-resource://Windows.Win32WebViewHost/resources/DisplayName}</Data>
<Data Name="Origin">1</Data>
<Data Name="ApplicationPath"></Data>
<Data Name="ServiceName"></Data>
<Data Name="Direction">1</Data>
<Data Name="Protocol">256</Data>
<Data Name="LocalPorts"></Data>
<Data Name="RemotePorts"></Data>
<Data Name="Action">3</Data>
<Data Name="Profiles">7</Data>
<Data Name="LocalAddresses">*</Data>
<Data Name="RemoteAddresses">*</Data>
<Data Name="RemoteMachineAuthorizationList"></Data>
<Data Name="RemoteUserAuthorizationList"></Data>
<Data Name="EmbeddedContext">@{Microsoft.Win32WebViewHost_10.0.17763.1_neutral_neutral_cw5n1h2txyewy?ms-resource://Windows.Win32WebViewHost/resources/DisplayName}</Data>
<Data Name="Flags">9</Data>
<Data Name="Active">1</Data>
<Data Name="EdgeTraversal">1</Data>
<Data Name="LooseSourceMapped">0</Data>
<Data Name="SecurityOptions">0</Data>
<Data Name="ModifyingUser">S-1-5-80-3088073201-1464728630-1879813800-1107566885-823218052</Data>
<Data Name="ModifyingApplication">C:\Windows\System32\svchost.exe</Data>
<Data Name="SchemaVersion">541</Data>
<Data Name="RuleStatus">65536</Data>
<Data Name="LocalOnlyMapped">0</Data>
</EventData>
</Event>

<Event xmlns="http://schemas.microsoft.com/win/2004/08/events/event"><System><Provider Name="Microsoft-Windows-Windows Firewall With Advanced Security" Guid="{d1bc9aff-2abf-4d71-9146-ecb2a986eb85}"></Provider>
<EventID Qualifiers="">2004</EventID>
<Version>0</Version>
<Level>4</Level>
<Task>0</Task>
<Opcode>0</Opcode>
<Keywords>0x8000020000000000</Keywords>
<TimeCreated SystemTime="2020-10-22 20:58:18.762161"></TimeCreated>
<EventRecordID>91</EventRecordID>
<Correlation ActivityID="" RelatedActivityID=""></Correlation>
<Execution ProcessID="1600" ThreadID="1828"></Execution>
<Channel>Microsoft-Windows-Windows Firewall With Advanced Security/Firewall</Channel>
<Computer>WIN-PTFPHFCRDJ0</Computer>
<Security UserID="S-1-5-19"></Security>
</System>
<EventData><Data Name="RuleId">Microsoft.Win32WebViewHost_cw5n1h2txyewy_S-1-5-21-1152959844-3645458174-3779170896-1000_In_emptyRemoteName_Cellular</Data>
<Data Name="RuleName">Microsoft.Win32WebViewHost_cw5n1h2txyewy_S-1-5-21-1152959844-3645458174-3779170896-1000_In_emptyRemoteName_Cellular</Data>
<Data Name="Origin">1</Data>
<Data Name="ApplicationPath"></Data>
<Data Name="ServiceName"></Data>
<Data Name="Direction">1</Data>
<Data Name="Protocol">256</Data>
<Data Name="LocalPorts"></Data>
<Data Name="RemotePorts"></Data>
<Data Name="Action">2</Data>
<Data Name="Profiles">2147483647</Data>
<Data Name="LocalAddresses">*</Data>
<Data Name="RemoteAddresses">*</Data>
<Data Name="RemoteMachineAuthorizationList"></Data>
<Data Name="RemoteUserAuthorizationList"></Data>
<Data Name="EmbeddedContext">9F780EE3-C5A4-47AE-AC46-99B55513C014_CellularDataAccess</Data>
<Data Name="Flags">1</Data>
<Data Name="Active">1</Data>
<Data Name="EdgeTraversal">0</Data>
<Data Name="LooseSourceMapped">0</Data>
<Data Name="SecurityOptions">0</Data>
<Data Name="ModifyingUser">S-1-5-18</Data>
<Data Name="ModifyingApplication">C:\Windows\System32\svchost.exe</Data>
<Data Name="SchemaVersion">541</Data>
<Data Name="RuleStatus">65536</Data>
<Data Name="LocalOnlyMapped">0</Data>
</EventData>
</Event>

<Event xmlns="http://schemas.microsoft.com/win/2004/08/events/event"><System><Provider Name="Microsoft-Windows-Windows Firewall With Advanced Security" Guid="{d1bc9aff-2abf-4d71-9146-ecb2a986eb85}"></Provider>
<EventID Qualifiers="">2004</EventID>
<Version>0</Version>
<Level>4</Level>
<Task>0</Task>
<Opcode>0</Opcode>
<Keywords>0x8000020000000000</Keywords>
<TimeCreated SystemTime="2020-10-22 20:58:18.767908"></TimeCreated>
<EventRecordID>92</EventRecordID>
<Correlation ActivityID="" RelatedActivityID=""></Correlation>
<Execution ProcessID="1600" ThreadID="1828"></Execution>
<Channel>Microsoft-Windows-Windows Firewall With Advanced Security/Firewall</Channel>
<Computer>WIN-PTFPHFCRDJ0</Computer>
<Security UserID="S-1-5-19"></Security>
</System>
<EventData><Data Name="RuleId">Microsoft.Win32WebViewHost_cw5n1h2txyewy_S-1-5-21-1152959844-3645458174-3779170896-1000_In_notRemoteName_Cellular</Data>
<Data Name="RuleName">Microsoft.Win32WebViewHost_cw5n1h2txyewy_S-1-5-21-1152959844-3645458174-3779170896-1000_In_notRemoteName_Cellular</Data>
<Data Name="Origin">1</Data>
<Data Name="ApplicationPath"></Data>
<Data Name="ServiceName"></Data>
<Data Name="Direction">1</Data>
<Data Name="Protocol">256</Data>
<Data Name="LocalPorts"></Data>
<Data Name="RemotePorts"></Data>
<Data Name="Action">2</Data>
<Data Name="Profiles">2147483647</Data>
<Data Name="LocalAddresses">*</Data>
<Data Name="RemoteAddresses">*</Data>
<Data Name="RemoteMachineAuthorizationList"></Data>
<Data Name="RemoteUserAuthorizationList"></Data>
<Data Name="EmbeddedContext">9F780EE3-C5A4-47AE-AC46-99B55513C014_CellularDataAccess</Data>
<Data Name="Flags">1</Data>
<Data Name="Active">1</Data>
<Data Name="EdgeTraversal">0</Data>
<Data Name="LooseSourceMapped">0</Data>
<Data Name="SecurityOptions">0</Data>
<Data Name="ModifyingUser">S-1-5-18</Data>
<Data Name="ModifyingApplication">C:\Windows\System32\svchost.exe</Data>
<Data Name="SchemaVersion">541</Data>
<Data Name="RuleStatus">65536</Data>
<Data Name="LocalOnlyMapped">0</Data>
</EventData>
</Event>

<Event xmlns="http://schemas.microsoft.com/win/2004/08/events/event"><System><Provider Name="Microsoft-Windows-Windows Firewall With Advanced Security" Guid="{d1bc9aff-2abf-4d71-9146-ecb2a986eb85}"></Provider>
<EventID Qualifiers="">2004</EventID>
<Version>0</Version>
<Level>4</Level>
<Task>0</Task>
<Opcode>0</Opcode>
<Keywords>0x8000020000000000</Keywords>
<TimeCreated SystemTime="2020-10-22 20:58:18.774099"></TimeCreated>
<EventRecordID>93</EventRecordID>
<Correlation ActivityID="" RelatedActivityID=""></Correlation>
<Execution ProcessID="1600" ThreadID="1828"></Execution>
<Channel>Microsoft-Windows-Windows Firewall With Advanced Security/Firewall</Channel>
<Computer>WIN-PTFPHFCRDJ0</Computer>
<Security UserID="S-1-5-19"></Security>
</System>
<EventData><Data Name="RuleId">Microsoft.Win32WebViewHost_cw5n1h2txyewy_S-1-5-21-1152959844-3645458174-3779170896-1000_Out_emptyRemoteName_Cellular</Data>
<Data Name="RuleName">Microsoft.Win32WebViewHost_cw5n1h2txyewy_S-1-5-21-1152959844-3645458174-3779170896-1000_Out_emptyRemoteName_Cellular</Data>
<Data Name="Origin">1</Data>
<Data Name="ApplicationPath"></Data>
<Data Name="ServiceName"></Data>
<Data Name="Direction">2</Data>
<Data Name="Protocol">256</Data>
<Data Name="LocalPorts"></Data>
<Data Name="RemotePorts"></Data>
<Data Name="Action">2</Data>
<Data Name="Profiles">2147483647</Data>
<Data Name="LocalAddresses">*</Data>
<Data Name="RemoteAddresses">*</Data>
<Data Name="RemoteMachineAuthorizationList"></Data>
<Data Name="RemoteUserAuthorizationList"></Data>
<Data Name="EmbeddedContext">9F780EE3-C5A4-47AE-AC46-99B55513C014_CellularDataAccess</Data>
<Data Name="Flags">1</Data>
<Data Name="Active">1</Data>
<Data Name="EdgeTraversal">0</Data>
<Data Name="LooseSourceMapped">0</Data>
<Data Name="SecurityOptions">0</Data>
<Data Name="ModifyingUser">S-1-5-18</Data>
<Data Name="ModifyingApplication">C:\Windows\System32\svchost.exe</Data>
<Data Name="SchemaVersion">541</Data>
<Data Name="RuleStatus">65536</Data>
<Data Name="LocalOnlyMapped">0</Data>
</EventData>
</Event>

<Event xmlns="http://schemas.microsoft.com/win/2004/08/events/event"><System><Provider Name="Microsoft-Windows-Windows Firewall With Advanced Security" Guid="{d1bc9aff-2abf-4d71-9146-ecb2a986eb85}"></Provider>
<EventID Qualifiers="">2004</EventID>
<Version>0</Version>
<Level>4</Level>
<Task>0</Task>
<Opcode>0</Opcode>
<Keywords>0x8000020000000000</Keywords>
<TimeCreated SystemTime="2020-10-22 20:58:18.780369"></TimeCreated>
<EventRecordID>94</EventRecordID>
<Correlation ActivityID="" RelatedActivityID=""></Correlation>
<Execution ProcessID="1600" ThreadID="1828"></Execution>
<Channel>Microsoft-Windows-Windows Firewall With Advanced Security/Firewall</Channel>
<Computer>WIN-PTFPHFCRDJ0</Computer>
<Security UserID="S-1-5-19"></Security>
</System>
<EventData><Data Name="RuleId">Microsoft.Win32WebViewHost_cw5n1h2txyewy_S-1-5-21-1152959844-3645458174-3779170896-1000_Out_notRemoteName_Cellular</Data>
<Data Name="RuleName">Microsoft.Win32WebViewHost_cw5n1h2txyewy_S-1-5-21-1152959844-3645458174-3779170896-1000_Out_notRemoteName_Cellular</Data>
<Data Name="Origin">1</Data>
<Data Name="ApplicationPath"></Data>
<Data Name="ServiceName"></Data>
<Data Name="Direction">2</Data>
<Data Name="Protocol">256</Data>
<Data Name="LocalPorts"></Data>
<Data Name="RemotePorts"></Data>
<Data Name="Action">2</Data>
<Data Name="Profiles">2147483647</Data>
<Data Name="LocalAddresses">*</Data>
<Data Name="RemoteAddresses">*</Data>
<Data Name="RemoteMachineAuthorizationList"></Data>
<Data Name="RemoteUserAuthorizationList"></Data>
<Data Name="EmbeddedContext">9F780EE3-C5A4-47AE-AC46-99B55513C014_CellularDataAccess</Data>
<Data Name="Flags">1</Data>
<Data Name="Active">1</Data>
<Data Name="EdgeTraversal">0</Data>
<Data Name="LooseSourceMapped">0</Data>
<Data Name="SecurityOptions">0</Data>
<Data Name="ModifyingUser">S-1-5-18</Data>
<Data Name="ModifyingApplication">C:\Windows\System32\svchost.exe</Data>
<Data Name="SchemaVersion">541</Data>
<Data Name="RuleStatus">65536</Data>
<Data Name="LocalOnlyMapped">0</Data>
</EventData>
</Event>

<Event xmlns="http://schemas.microsoft.com/win/2004/08/events/event"><System><Provider Name="Microsoft-Windows-Windows Firewall With Advanced Security" Guid="{d1bc9aff-2abf-4d71-9146-ecb2a986eb85}"></Provider>
<EventID Qualifiers="">2004</EventID>
<Version>0</Version>
<Level>4</Level>
<Task>0</Task>
<Opcode>0</Opcode>
<Keywords>0x8000020000000000</Keywords>
<TimeCreated SystemTime="2020-10-22 20:58:18.787186"></TimeCreated>
<EventRecordID>95</EventRecordID>
<Correlation ActivityID="" RelatedActivityID=""></Correlation>
<Execution ProcessID="1600" ThreadID="1828"></Execution>
<Channel>Microsoft-Windows-Windows Firewall With Advanced Security/Firewall</Channel>
<Computer>WIN-PTFPHFCRDJ0</Computer>
<Security UserID="S-1-5-19"></Security>
</System>
<EventData><Data Name="RuleId">Microsoft.Win32WebViewHost_cw5n1h2txyewy_S-1-5-21-1152959844-3645458174-3779170896-1000_In_emptyRemoteName_All</Data>
<Data Name="RuleName">Microsoft.Win32WebViewHost_cw5n1h2txyewy_S-1-5-21-1152959844-3645458174-3779170896-1000_In_emptyRemoteName_All</Data>
<Data Name="Origin">1</Data>
<Data Name="ApplicationPath"></Data>
<Data Name="ServiceName"></Data>
<Data Name="Direction">1</Data>
<Data Name="Protocol">256</Data>
<Data Name="LocalPorts"></Data>
<Data Name="RemotePorts"></Data>
<Data Name="Action">2</Data>
<Data Name="Profiles">2147483647</Data>
<Data Name="LocalAddresses">*</Data>
<Data Name="RemoteAddresses">*</Data>
<Data Name="RemoteMachineAuthorizationList"></Data>
<Data Name="RemoteUserAuthorizationList"></Data>
<Data Name="EmbeddedContext">9F780EE3-C5A4-47AE-AC46-99B55513C014_CellularDataAccess</Data>
<Data Name="Flags">0</Data>
<Data Name="Active">0</Data>
<Data Name="EdgeTraversal">0</Data>
<Data Name="LooseSourceMapped">0</Data>
<Data Name="SecurityOptions">0</Data>
<Data Name="ModifyingUser">S-1-5-18</Data>
<Data Name="ModifyingApplication">C:\Windows\System32\svchost.exe</Data>
<Data Name="SchemaVersion">541</Data>
<Data Name="RuleStatus">65536</Data>
<Data Name="LocalOnlyMapped">0</Data>
</EventData>
</Event>

