<Event xmlns="http://schemas.microsoft.com/win/2004/08/events/event"><System><Provider Name="Microsoft-Windows-RemoteDesktopServices-RdpCoreTS" Guid="{1139c61b-b549-4251-8ed3-27250a1edec8}"></Provider>
<EventID Qualifiers="">148</EventID>
<Version>0</Version>
<Level>4</Level>
<Task>4</Task>
<Opcode>17</Opcode>
<Keywords>0x4000000000000000</Keywords>
<TimeCreated SystemTime="2020-10-23 18:55:26.211082"></TimeCreated>
<EventRecordID>278</EventRecordID>
<Correlation ActivityID="{f420a99b-7eb5-492c-ab49-df36a9ea0000}" RelatedActivityID=""></Correlation>
<Execution ProcessID="1060" ThreadID="4324"></Execution>
<Channel>Microsoft-Windows-RemoteDesktopServices-RdpCoreTS/Operational</Channel>
<Computer>WIN-PTFPHFCRDJ0</Computer>
<Security UserID="S-1-5-20"></Security>
</System>
<EventData><Data Name="ChannelName">Microsoft::Windows::RDS::Geometry::v08.01</Data>
<Data Name="TunnelID">1</Data>
</EventData>
</Event>

<Event xmlns="http://schemas.microsoft.com/win/2004/08/events/event"><System><Provider Name="Microsoft-Windows-RemoteDesktopServices-RdpCoreTS" Guid="{1139c61b-b549-4251-8ed3-27250a1edec8}"></Provider>
<EventID Qualifiers="">72</EventID>
<Version>0</Version>
<Level>4</Level>
<Task>4</Task>
<Opcode>13</Opcode>
<Keywords>0x4000000000000000</Keywords>
<TimeCreated SystemTime="2020-10-23 18:55:26.485851"></TimeCreated>
<EventRecordID>279</EventRecordID>
<Correlation ActivityID="{f420a99b-7eb5-492c-ab49-df36a9ea0000}" RelatedActivityID=""></Correlation>
<Execution ProcessID="1060" ThreadID="4324"></Execution>
<Channel>Microsoft-Windows-RemoteDesktopServices-RdpCoreTS/Operational</Channel>
<Computer>WIN-PTFPHFCRDJ0</Computer>
<Security UserID="S-1-5-20"></Security>
</System>
<EventData><Data Name="MethodName">ConnectNotify(SessionId=1)</Data>
</EventData>
</Event>

<Event xmlns="http://schemas.microsoft.com/win/2004/08/events/event"><System><Provider Name="Microsoft-Windows-RemoteDesktopServices-RdpCoreTS" Guid="{1139c61b-b549-4251-8ed3-27250a1edec8}"></Provider>
<EventID Qualifiers="">72</EventID>
<Version>0</Version>
<Level>4</Level>
<Task>4</Task>
<Opcode>13</Opcode>
<Keywords>0x4000000000000000</Keywords>
<TimeCreated SystemTime="2020-10-23 18:55:26.603821"></TimeCreated>
<EventRecordID>280</EventRecordID>
<Correlation ActivityID="{f420a99b-7eb5-492c-ab49-df36a9ea0000}" RelatedActivityID=""></Correlation>
<Execution ProcessID="1060" ThreadID="4324"></Execution>
<Channel>Microsoft-Windows-RemoteDesktopServices-RdpCoreTS/Operational</Channel>
<Computer>WIN-PTFPHFCRDJ0</Computer>
<Security UserID="S-1-5-20"></Security>
</System>
<EventData><Data Name="MethodName">LogonNotify(SessionId=1)</Data>
</EventData>
</Event>

<Event xmlns="http://schemas.microsoft.com/win/2004/08/events/event"><System><Provider Name="Microsoft-Windows-RemoteDesktopServices-RdpCoreTS" Guid="{1139c61b-b549-4251-8ed3-27250a1edec8}"></Provider>
<EventID Qualifiers="">258</EventID>
<Version>0</Version>
<Level>4</Level>
<Task>4</Task>
<Opcode>21</Opcode>
<Keywords>0x4000000000000000</Keywords>
<TimeCreated SystemTime="2020-10-23 18:55:26.604204"></TimeCreated>
<EventRecordID>281</EventRecordID>
<Correlation ActivityID="{f420a99b-7eb5-492c-ab49-df36a9ea0000}" RelatedActivityID=""></Correlation>
<Execution ProcessID="1060" ThreadID="1128"></Execution>
<Channel>Microsoft-Windows-RemoteDesktopServices-RdpCoreTS/Operational</Channel>
<Computer>WIN-PTFPHFCRDJ0</Computer>
<Security UserID="S-1-5-20"></Security>
</System>
<EventData></EventData>
</Event>

<Event xmlns="http://schemas.microsoft.com/win/2004/08/events/event"><System><Provider Name="Microsoft-Windows-RemoteDesktopServices-RdpCoreTS" Guid="{1139c61b-b549-4251-8ed3-27250a1edec8}"></Provider>
<EventID Qualifiers="">168</EventID>
<Version>0</Version>
<Level>4</Level>
<Task>4</Task>
<Opcode>11</Opcode>
<Keywords>0x4000000000000000</Keywords>
<TimeCreated SystemTime="2020-10-23 18:55:26.606245"></TimeCreated>
<EventRecordID>282</EventRecordID>
<Correlation ActivityID="{f420a99b-7eb5-492c-ab49-df36a9ea0000}" RelatedActivityID=""></Correlation>
<Execution ProcessID="1060" ThreadID="4212"></Execution>
<Channel>Microsoft-Windows-RemoteDesktopServices-RdpCoreTS/Operational</Channel>
<Computer>WIN-PTFPHFCRDJ0</Computer>
<Security UserID="S-1-5-20"></Security>
</System>
<EventData><Data Name="MonitorNum">0</Data>
<Data Name="MonitorWidth">1668</Data>
<Data Name="MonitorHeight">888</Data>
<Data Name="MonitorX">0</Data>
<Data Name="MonitorY">0</Data>
<Data Name="ServerName">WIN-PTFPHFCRDJ0</Data>
</EventData>
</Event>

<Event xmlns="http://schemas.microsoft.com/win/2004/08/events/event"><System><Provider Name="Microsoft-Windows-RemoteDesktopServices-RdpCoreTS" Guid="{1139c61b-b549-4251-8ed3-27250a1edec8}"></Provider>
<EventID Qualifiers="">166</EventID>
<Version>0</Version>
<Level>4</Level>
<Task>4</Task>
<Opcode>19</Opcode>
<Keywords>0x4000000000000000</Keywords>
<TimeCreated SystemTime="2020-10-23 18:55:26.611895"></TimeCreated>
<EventRecordID>283</EventRecordID>
<Correlation ActivityID="{f420a99b-7eb5-492c-ab49-df36a9ea0000}" RelatedActivityID=""></Correlation>
<Execution ProcessID="1060" ThreadID="4212"></Execution>
<Channel>Microsoft-Windows-RemoteDesktopServices-RdpCoreTS/Operational</Channel>
<Computer>WIN-PTFPHFCRDJ0</Computer>
<Security UserID="S-1-5-20"></Security>
</System>
<EventData><Data Name="ServerName">WIN-PTFPHFCRDJ0</Data>
</EventData>
</Event>

<Event xmlns="http://schemas.microsoft.com/win/2004/08/events/event"><System><Provider Name="Microsoft-Windows-RemoteDesktopServices-RdpCoreTS" Guid="{1139c61b-b549-4251-8ed3-27250a1edec8}"></Provider>
<EventID Qualifiers="">68</EventID>
<Version>0</Version>
<Level>4</Level>
<Task>4</Task>
<Opcode>13</Opcode>
<Keywords>0x4000000000000000</Keywords>
<TimeCreated SystemTime="2020-10-23 18:55:26.709972"></TimeCreated>
<EventRecordID>284</EventRecordID>
<Correlation ActivityID="{8703ce68-e31d-47e1-a466-d59519e10000}" RelatedActivityID=""></Correlation>
<Execution ProcessID="1060" ThreadID="4324"></Execution>
<Channel>Microsoft-Windows-RemoteDesktopServices-RdpCoreTS/Operational</Channel>
<Computer>WIN-PTFPHFCRDJ0</Computer>
<Security UserID="S-1-5-20"></Security>
</System>
<EventData><Data Name="ConnectionName">RDP-Tcp#1</Data>
<Data Name="PromptForCredentials">1328</Data>
<Data Name="PromptForCredentialsDone">5984</Data>
<Data Name="GfxChannelOpened">10203</Data>
<Data Name="FirstGraphicsReceived">10953</Data>
</EventData>
</Event>

<Event xmlns="http://schemas.microsoft.com/win/2004/08/events/event"><System><Provider Name="Microsoft-Windows-RemoteDesktopServices-RdpCoreTS" Guid="{1139c61b-b549-4251-8ed3-27250a1edec8}"></Provider>
<EventID Qualifiers="">148</EventID>
<Version>0</Version>
<Level>4</Level>
<Task>4</Task>
<Opcode>17</Opcode>
<Keywords>0x4000000000000000</Keywords>
<TimeCreated SystemTime="2020-10-23 18:55:26.767048"></TimeCreated>
<EventRecordID>285</EventRecordID>
<Correlation ActivityID="{f420a99b-7eb5-492c-ab49-df36a9ea0000}" RelatedActivityID=""></Correlation>
<Execution ProcessID="1060" ThreadID="4324"></Execution>
<Channel>Microsoft-Windows-RemoteDesktopServices-RdpCoreTS/Operational</Channel>
<Computer>WIN-PTFPHFCRDJ0</Computer>
<Security UserID="S-1-5-20"></Security>
</System>
<EventData><Data Name="ChannelName">Microsoft::Windows::RDS::Telemetry</Data>
<Data Name="TunnelID">1</Data>
</EventData>
</Event>

<Event xmlns="http://schemas.microsoft.com/win/2004/08/events/event"><System><Provider Name="Microsoft-Windows-RemoteDesktopServices-RdpCoreTS" Guid="{1139c61b-b549-4251-8ed3-27250a1edec8}"></Provider>
<EventID Qualifiers="">132</EventID>
<Version>0</Version>
<Level>4</Level>
<Task>4</Task>
<Opcode>15</Opcode>
<Keywords>0x4000000000000000</Keywords>
<TimeCreated SystemTime="2020-10-23 18:55:27.030207"></TimeCreated>
<EventRecordID>286</EventRecordID>
<Correlation ActivityID="{8703ce68-e31d-47e1-a466-d59519e10000}" RelatedActivityID=""></Correlation>
<Execution ProcessID="1060" ThreadID="4324"></Execution>
<Channel>Microsoft-Windows-RemoteDesktopServices-RdpCoreTS/Operational</Channel>
<Computer>WIN-PTFPHFCRDJ0</Computer>
<Security UserID="S-1-5-20"></Security>
</System>
<EventData><Data Name="ChannelName">rdpdr</Data>
<Data Name="TunnelID">1</Data>
</EventData>
</Event>

<Event xmlns="http://schemas.microsoft.com/win/2004/08/events/event"><System><Provider Name="Microsoft-Windows-RemoteDesktopServices-RdpCoreTS" Guid="{1139c61b-b549-4251-8ed3-27250a1edec8}"></Provider>
<EventID Qualifiers="">132</EventID>
<Version>0</Version>
<Level>4</Level>
<Task>4</Task>
<Opcode>15</Opcode>
<Keywords>0x4000000000000000</Keywords>
<TimeCreated SystemTime="2020-10-23 18:55:27.031464"></TimeCreated>
<EventRecordID>287</EventRecordID>
<Correlation ActivityID="{8703ce68-e31d-47e1-a466-d59519e10000}" RelatedActivityID=""></Correlation>
<Execution ProcessID="1060" ThreadID="4324"></Execution>
<Channel>Microsoft-Windows-RemoteDesktopServices-RdpCoreTS/Operational</Channel>
<Computer>WIN-PTFPHFCRDJ0</Computer>
<Security UserID="S-1-5-20"></Security>
</System>
<EventData><Data Name="ChannelName">AUDIO_PLAYBACK_DVC</Data>
<Data Name="TunnelID">1</Data>
</EventData>
</Event>

<Event xmlns="http://schemas.microsoft.com/win/2004/08/events/event"><System><Provider Name="Microsoft-Windows-RemoteDesktopServices-RdpCoreTS" Guid="{1139c61b-b549-4251-8ed3-27250a1edec8}"></Provider>
<EventID Qualifiers="">132</EventID>
<Version>0</Version>
<Level>4</Level>
<Task>4</Task>
<Opcode>15</Opcode>
<Keywords>0x4000000000000000</Keywords>
<TimeCreated SystemTime="2020-10-23 18:55:27.032200"></TimeCreated>
<EventRecordID>288</EventRecordID>
<Correlation ActivityID="{f420a99b-7eb5-492c-ab49-df36a9ea0000}" RelatedActivityID=""></Correlation>
<Execution ProcessID="1060" ThreadID="3196"></Execution>
<Channel>Microsoft-Windows-RemoteDesktopServices-RdpCoreTS/Operational</Channel>
<Computer>WIN-PTFPHFCRDJ0</Computer>
<Security UserID="S-1-5-20"></Security>
</System>
<EventData><Data Name="ChannelName">AUDIO_PLAYBACK_LOSSY_DVC</Data>
<Data Name="TunnelID">1</Data>
</EventData>
</Event>

<Event xmlns="http://schemas.microsoft.com/win/2004/08/events/event"><System><Provider Name="Microsoft-Windows-RemoteDesktopServices-RdpCoreTS" Guid="{1139c61b-b549-4251-8ed3-27250a1edec8}"></Provider>
<EventID Qualifiers="">227</EventID>
<Version>0</Version>
<Level>2</Level>
<Task>4</Task>
<Opcode>19</Opcode>
<Keywords>0x4000000000000000</Keywords>
<TimeCreated SystemTime="2020-10-23 18:55:27.146307"></TimeCreated>
<EventRecordID>289</EventRecordID>
<Correlation ActivityID="{f462e710-5254-408b-b3f7-04d7e5de0000}" RelatedActivityID=""></Correlation>
<Execution ProcessID="1060" ThreadID="1128"></Execution>
<Channel>Microsoft-Windows-RemoteDesktopServices-RdpCoreTS/Operational</Channel>
<Computer>WIN-PTFPHFCRDJ0</Computer>
<Security UserID="S-1-5-20"></Security>
</System>
<EventData><Data Name="Name">CUMRDPConnection</Data>
<Data Name="Value">2147500033</Data>
<Data Name="CustomLevel">'Failed GetConnectionProperty' in CUMRDPConnection::QueryProperty at 2884 err=[0x80004001]</Data>
</EventData>
</Event>

<Event xmlns="http://schemas.microsoft.com/win/2004/08/events/event"><System><Provider Name="Microsoft-Windows-RemoteDesktopServices-RdpCoreTS" Guid="{1139c61b-b549-4251-8ed3-27250a1edec8}"></Provider>
<EventID Qualifiers="">132</EventID>
<Version>0</Version>
<Level>4</Level>
<Task>4</Task>
<Opcode>15</Opcode>
<Keywords>0x4000000000000000</Keywords>
<TimeCreated SystemTime="2020-10-23 18:55:27.430958"></TimeCreated>
<EventRecordID>290</EventRecordID>
<Correlation ActivityID="{8703ce68-e31d-47e1-a466-d59519e10000}" RelatedActivityID=""></Correlation>
<Execution ProcessID="1060" ThreadID="4324"></Execution>
<Channel>Microsoft-Windows-RemoteDesktopServices-RdpCoreTS/Operational</Channel>
<Computer>WIN-PTFPHFCRDJ0</Computer>
<Security UserID="S-1-5-20"></Security>
</System>
<EventData><Data Name="ChannelName">Microsoft::Windows::RDS::Geometry::v08.01</Data>
<Data Name="TunnelID">1</Data>
</EventData>
</Event>

<Event xmlns="http://schemas.microsoft.com/win/2004/08/events/event"><System><Provider Name="Microsoft-Windows-RemoteDesktopServices-RdpCoreTS" Guid="{1139c61b-b549-4251-8ed3-27250a1edec8}"></Provider>
<EventID Qualifiers="">227</EventID>
<Version>0</Version>
<Level>2</Level>
<Task>4</Task>
<Opcode>19</Opcode>
<Keywords>0x4000000000000000</Keywords>
<TimeCreated SystemTime="2020-10-23 18:55:27.509428"></TimeCreated>
<EventRecordID>291</EventRecordID>
<Correlation ActivityID="{f420a99b-7eb5-492c-ab49-df36a9ea0000}" RelatedActivityID=""></Correlation>
<Execution ProcessID="1060" ThreadID="4368"></Execution>
<Channel>Microsoft-Windows-RemoteDesktopServices-RdpCoreTS/Operational</Channel>
<Computer>WIN-PTFPHFCRDJ0</Computer>
<Security UserID="S-1-5-20"></Security>
</System>
<EventData><Data Name="Name">CUMRDPConnection</Data>
<Data Name="Value">3489660929</Data>
<Data Name="CustomLevel">'Failed CreateVirtualChannel call on this Connections Stack' in CUMRDPConnection::CreateVirtualChannel at 2498 err=[0xd0000001]</Data>
</EventData>
</Event>

<Event xmlns="http://schemas.microsoft.com/win/2004/08/events/event"><System><Provider Name="Microsoft-Windows-RemoteDesktopServices-RdpCoreTS" Guid="{1139c61b-b549-4251-8ed3-27250a1edec8}"></Provider>
<EventID Qualifiers="">148</EventID>
<Version>0</Version>
<Level>4</Level>
<Task>4</Task>
<Opcode>17</Opcode>
<Keywords>0x4000000000000000</Keywords>
<TimeCreated SystemTime="2020-10-23 18:55:27.513781"></TimeCreated>
<EventRecordID>292</EventRecordID>
<Correlation ActivityID="{f420a99b-7eb5-492c-ab49-df36a9ea0000}" RelatedActivityID=""></Correlation>
<Execution ProcessID="1060" ThreadID="1532"></Execution>
<Channel>Microsoft-Windows-RemoteDesktopServices-RdpCoreTS/Operational</Channel>
<Computer>WIN-PTFPHFCRDJ0</Computer>
<Security UserID="S-1-5-20"></Security>
</System>
<EventData><Data Name="ChannelName">Microsoft::Windows::RDS::Input</Data>
<Data Name="TunnelID">1</Data>
</EventData>
</Event>

<Event xmlns="http://schemas.microsoft.com/win/2004/08/events/event"><System><Provider Name="Microsoft-Windows-RemoteDesktopServices-RdpCoreTS" Guid="{1139c61b-b549-4251-8ed3-27250a1edec8}"></Provider>
<EventID Qualifiers="">132</EventID>
<Version>0</Version>
<Level>4</Level>
<Task>4</Task>
<Opcode>15</Opcode>
<Keywords>0x4000000000000000</Keywords>
<TimeCreated SystemTime="2020-10-23 18:55:27.513790"></TimeCreated>
<EventRecordID>293</EventRecordID>
<Correlation ActivityID="{8703ce68-e31d-47e1-a466-d59519e10000}" RelatedActivityID=""></Correlation>
<Execution ProcessID="1060" ThreadID="4324"></Execution>
<Channel>Microsoft-Windows-RemoteDesktopServices-RdpCoreTS/Operational</Channel>
<Computer>WIN-PTFPHFCRDJ0</Computer>
<Security UserID="S-1-5-20"></Security>
</System>
<EventData><Data Name="ChannelName">Microsoft::Windows::RDS::Input</Data>
<Data Name="TunnelID">1</Data>
</EventData>
</Event>

<Event xmlns="http://schemas.microsoft.com/win/2004/08/events/event"><System><Provider Name="Microsoft-Windows-RemoteDesktopServices-RdpCoreTS" Guid="{1139c61b-b549-4251-8ed3-27250a1edec8}"></Provider>
<EventID Qualifiers="">132</EventID>
<Version>0</Version>
<Level>4</Level>
<Task>4</Task>
<Opcode>15</Opcode>
<Keywords>0x4000000000000000</Keywords>
<TimeCreated SystemTime="2020-10-23 18:55:27.516079"></TimeCreated>
<EventRecordID>294</EventRecordID>
<Correlation ActivityID="{8703ce68-e31d-47e1-a466-d59519e10000}" RelatedActivityID=""></Correlation>
<Execution ProcessID="1060" ThreadID="3196"></Execution>
<Channel>Microsoft-Windows-RemoteDesktopServices-RdpCoreTS/Operational</Channel>
<Computer>WIN-PTFPHFCRDJ0</Computer>
<Security UserID="S-1-5-20"></Security>
</System>
<EventData><Data Name="ChannelName">Microsoft::Windows::RDS::DisplayControl</Data>
<Data Name="TunnelID">1</Data>
</EventData>
</Event>

<Event xmlns="http://schemas.microsoft.com/win/2004/08/events/event"><System><Provider Name="Microsoft-Windows-RemoteDesktopServices-RdpCoreTS" Guid="{1139c61b-b549-4251-8ed3-27250a1edec8}"></Provider>
<EventID Qualifiers="">132</EventID>
<Version>0</Version>
<Level>4</Level>
<Task>4</Task>
<Opcode>15</Opcode>
<Keywords>0x4000000000000000</Keywords>
<TimeCreated SystemTime="2020-10-23 18:55:28.199371"></TimeCreated>
<EventRecordID>295</EventRecordID>
<Correlation ActivityID="{8703ce68-e31d-47e1-a466-d59519e10000}" RelatedActivityID=""></Correlation>
<Execution ProcessID="1060" ThreadID="4324"></Execution>
<Channel>Microsoft-Windows-RemoteDesktopServices-RdpCoreTS/Operational</Channel>
<Computer>WIN-PTFPHFCRDJ0</Computer>
<Security UserID="S-1-5-20"></Security>
</System>
<EventData><Data Name="ChannelName">cliprdr</Data>
<Data Name="TunnelID">1</Data>
</EventData>
</Event>

<Event xmlns="http://schemas.microsoft.com/win/2004/08/events/event"><System><Provider Name="Microsoft-Windows-RemoteDesktopServices-RdpCoreTS" Guid="{1139c61b-b549-4251-8ed3-27250a1edec8}"></Provider>
<EventID Qualifiers="">132</EventID>
<Version>0</Version>
<Level>4</Level>
<Task>4</Task>
<Opcode>15</Opcode>
<Keywords>0x4000000000000000</Keywords>
<TimeCreated SystemTime="2020-10-23 18:55:29.091629"></TimeCreated>
<EventRecordID>296</EventRecordID>
<Correlation ActivityID="{8703ce68-e31d-47e1-a466-d59519e10000}" RelatedActivityID=""></Correlation>
<Execution ProcessID="1060" ThreadID="4404"></Execution>
<Channel>Microsoft-Windows-RemoteDesktopServices-RdpCoreTS/Operational</Channel>
<Computer>WIN-PTFPHFCRDJ0</Computer>
<Security UserID="S-1-5-20"></Security>
</System>
<EventData><Data Name="ChannelName">Microsoft::Windows::RDS::Geometry::v08.01</Data>
<Data Name="TunnelID">1</Data>
</EventData>
</Event>

<Event xmlns="http://schemas.microsoft.com/win/2004/08/events/event"><System><Provider Name="Microsoft-Windows-RemoteDesktopServices-RdpCoreTS" Guid="{1139c61b-b549-4251-8ed3-27250a1edec8}"></Provider>
<EventID Qualifiers="">148</EventID>
<Version>0</Version>
<Level>4</Level>
<Task>4</Task>
<Opcode>17</Opcode>
<Keywords>0x4000000000000000</Keywords>
<TimeCreated SystemTime="2020-10-23 18:55:29.096603"></TimeCreated>
<EventRecordID>297</EventRecordID>
<Correlation ActivityID="{f420a99b-7eb5-492c-ab49-df36a9ea0000}" RelatedActivityID=""></Correlation>
<Execution ProcessID="1060" ThreadID="4324"></Execution>
<Channel>Microsoft-Windows-RemoteDesktopServices-RdpCoreTS/Operational</Channel>
<Computer>WIN-PTFPHFCRDJ0</Computer>
<Security UserID="S-1-5-20"></Security>
</System>
<EventData><Data Name="ChannelName">Microsoft::Windows::RDS::Geometry::v08.01</Data>
<Data Name="TunnelID">1</Data>
</EventData>
</Event>

<Event xmlns="http://schemas.microsoft.com/win/2004/08/events/event"><System><Provider Name="Microsoft-Windows-RemoteDesktopServices-RdpCoreTS" Guid="{1139c61b-b549-4251-8ed3-27250a1edec8}"></Provider>
<EventID Qualifiers="">107</EventID>
<Version>0</Version>
<Level>4</Level>
<Task>4</Task>
<Opcode>17</Opcode>
<Keywords>0x4000000000000000</Keywords>
<TimeCreated SystemTime="2020-10-23 18:55:47.240499"></TimeCreated>
<EventRecordID>298</EventRecordID>
<Correlation ActivityID="{f420a99b-7eb5-492c-ab49-df36a9ea0000}" RelatedActivityID=""></Correlation>
<Execution ProcessID="1060" ThreadID="4404"></Execution>
<Channel>Microsoft-Windows-RemoteDesktopServices-RdpCoreTS/Operational</Channel>
<Computer>WIN-PTFPHFCRDJ0</Computer>
<Security UserID="S-1-5-20"></Security>
</System>
<EventData></EventData>
</Event>

<Event xmlns="http://schemas.microsoft.com/win/2004/08/events/event"><System><Provider Name="Microsoft-Windows-RemoteDesktopServices-RdpCoreTS" Guid="{1139c61b-b549-4251-8ed3-27250a1edec8}"></Provider>
<EventID Qualifiers="">226</EventID>
<Version>0</Version>
<Level>3</Level>
<Task>4</Task>
<Opcode>19</Opcode>
<Keywords>0x4000000000000000</Keywords>
<TimeCreated SystemTime="2020-10-23 18:55:47.240850"></TimeCreated>
<EventRecordID>299</EventRecordID>
<Correlation ActivityID="{f420a99b-7eb5-492c-ab49-df36a9ea0000}" RelatedActivityID=""></Correlation>
<Execution ProcessID="1060" ThreadID="4404"></Execution>
<Channel>Microsoft-Windows-RemoteDesktopServices-RdpCoreTS/Operational</Channel>
<Computer>WIN-PTFPHFCRDJ0</Computer>
<Security UserID="S-1-5-20"></Security>
</System>
<EventData><Data Name="StateTransition">RDP_SEC</Data>
<Data Name="PreviousState">0</Data>
<Data Name="PreviousStateName">FStatePassthrough</Data>
<Data Name="NewState">9</Data>
<Data Name="NewStateName">FStateError</Data>
<Data Name="Event">16</Data>
<Data Name="EventName">FEventCheckAndCompleteReadsFailed</Data>
<Data Name="ErrorCode">0x8007139f</Data>
</EventData>
</Event>

<Event xmlns="http://schemas.microsoft.com/win/2004/08/events/event"><System><Provider Name="Microsoft-Windows-RemoteDesktopServices-RdpCoreTS" Guid="{1139c61b-b549-4251-8ed3-27250a1edec8}"></Provider>
<EventID Qualifiers="">72</EventID>
<Version>0</Version>
<Level>4</Level>
<Task>4</Task>
<Opcode>13</Opcode>
<Keywords>0x4000000000000000</Keywords>
<TimeCreated SystemTime="2020-10-23 18:55:47.241964"></TimeCreated>
<EventRecordID>300</EventRecordID>
<Correlation ActivityID="{f420a99b-7eb5-492c-ab49-df36a9ea0000}" RelatedActivityID=""></Correlation>
<Execution ProcessID="1060" ThreadID="1532"></Execution>
<Channel>Microsoft-Windows-RemoteDesktopServices-RdpCoreTS/Operational</Channel>
<Computer>WIN-PTFPHFCRDJ0</Computer>
<Security UserID="S-1-5-20"></Security>
</System>
<EventData><Data Name="MethodName">OnDisconnected</Data>
</EventData>
</Event>

<Event xmlns="http://schemas.microsoft.com/win/2004/08/events/event"><System><Provider Name="Microsoft-Windows-RemoteDesktopServices-RdpCoreTS" Guid="{1139c61b-b549-4251-8ed3-27250a1edec8}"></Provider>
<EventID Qualifiers="">102</EventID>
<Version>0</Version>
<Level>4</Level>
<Task>4</Task>
<Opcode>17</Opcode>
<Keywords>0x4000000000000000</Keywords>
<TimeCreated SystemTime="2020-10-23 18:55:47.242102"></TimeCreated>
<EventRecordID>301</EventRecordID>
<Correlation ActivityID="{f420a99b-7eb5-492c-ab49-df36a9ea0000}" RelatedActivityID=""></Correlation>
<Execution ProcessID="1060" ThreadID="1532"></Execution>
<Channel>Microsoft-Windows-RemoteDesktopServices-RdpCoreTS/Operational</Channel>
<Computer>WIN-PTFPHFCRDJ0</Computer>
<Security UserID="S-1-5-20"></Security>
</System>
<EventData></EventData>
</Event>

<Event xmlns="http://schemas.microsoft.com/win/2004/08/events/event"><System><Provider Name="Microsoft-Windows-RemoteDesktopServices-RdpCoreTS" Guid="{1139c61b-b549-4251-8ed3-27250a1edec8}"></Provider>
<EventID Qualifiers="">145</EventID>
<Version>0</Version>
<Level>4</Level>
<Task>4</Task>
<Opcode>19</Opcode>
<Keywords>0x4000000000000000</Keywords>
<TimeCreated SystemTime="2020-10-23 18:55:47.242104"></TimeCreated>
<EventRecordID>302</EventRecordID>
<Correlation ActivityID="{f420a99b-7eb5-492c-ab49-df36a9ea0000}" RelatedActivityID=""></Correlation>
<Execution ProcessID="1060" ThreadID="1532"></Execution>
<Channel>Microsoft-Windows-RemoteDesktopServices-RdpCoreTS/Operational</Channel>
<Computer>WIN-PTFPHFCRDJ0</Computer>
<Security UserID="S-1-5-20"></Security>
</System>
<EventData><Data Name="IdleSeconds">0</Data>
<Data Name="IdleSeconds1">0</Data>
<Data Name="IdleSeconds2">0</Data>
</EventData>
</Event>

<Event xmlns="http://schemas.microsoft.com/win/2004/08/events/event"><System><Provider Name="Microsoft-Windows-RemoteDesktopServices-RdpCoreTS" Guid="{1139c61b-b549-4251-8ed3-27250a1edec8}"></Provider>
<EventID Qualifiers="">148</EventID>
<Version>0</Version>
<Level>4</Level>
<Task>4</Task>
<Opcode>17</Opcode>
<Keywords>0x4000000000000000</Keywords>
<TimeCreated SystemTime="2020-10-23 18:55:47.242107"></TimeCreated>
<EventRecordID>303</EventRecordID>
<Correlation ActivityID="{f420a99b-7eb5-492c-ab49-df36a9ea0000}" RelatedActivityID=""></Correlation>
<Execution ProcessID="1060" ThreadID="1532"></Execution>
<Channel>Microsoft-Windows-RemoteDesktopServices-RdpCoreTS/Operational</Channel>
<Computer>WIN-PTFPHFCRDJ0</Computer>
<Security UserID="S-1-5-20"></Security>
</System>
<EventData><Data Name="ChannelName">rdpinpt</Data>
<Data Name="TunnelID">0</Data>
</EventData>
</Event>

<Event xmlns="http://schemas.microsoft.com/win/2004/08/events/event"><System><Provider Name="Microsoft-Windows-RemoteDesktopServices-RdpCoreTS" Guid="{1139c61b-b549-4251-8ed3-27250a1edec8}"></Provider>
<EventID Qualifiers="">148</EventID>
<Version>0</Version>
<Level>4</Level>
<Task>4</Task>
<Opcode>17</Opcode>
<Keywords>0x4000000000000000</Keywords>
<TimeCreated SystemTime="2020-10-23 18:55:47.242109"></TimeCreated>
<EventRecordID>304</EventRecordID>
<Correlation ActivityID="{f420a99b-7eb5-492c-ab49-df36a9ea0000}" RelatedActivityID=""></Correlation>
<Execution ProcessID="1060" ThreadID="1532"></Execution>
<Channel>Microsoft-Windows-RemoteDesktopServices-RdpCoreTS/Operational</Channel>
<Computer>WIN-PTFPHFCRDJ0</Computer>
<Security UserID="S-1-5-20"></Security>
</System>
<EventData><Data Name="ChannelName">rdpcmd</Data>
<Data Name="TunnelID">0</Data>
</EventData>
</Event>

<Event xmlns="http://schemas.microsoft.com/win/2004/08/events/event"><System><Provider Name="Microsoft-Windows-RemoteDesktopServices-RdpCoreTS" Guid="{1139c61b-b549-4251-8ed3-27250a1edec8}"></Provider>
<EventID Qualifiers="">148</EventID>
<Version>0</Version>
<Level>4</Level>
<Task>4</Task>
<Opcode>17</Opcode>
<Keywords>0x4000000000000000</Keywords>
<TimeCreated SystemTime="2020-10-23 18:55:47.242109"></TimeCreated>
<EventRecordID>305</EventRecordID>
<Correlation ActivityID="{f420a99b-7eb5-492c-ab49-df36a9ea0000}" RelatedActivityID=""></Correlation>
<Execution ProcessID="1060" ThreadID="1532"></Execution>
<Channel>Microsoft-Windows-RemoteDesktopServices-RdpCoreTS/Operational</Channel>
<Computer>WIN-PTFPHFCRDJ0</Computer>
<Security UserID="S-1-5-20"></Security>
</System>
<EventData><Data Name="ChannelName">rdplic</Data>
<Data Name="TunnelID">0</Data>
</EventData>
</Event>

<Event xmlns="http://schemas.microsoft.com/win/2004/08/events/event"><System><Provider Name="Microsoft-Windows-RemoteDesktopServices-RdpCoreTS" Guid="{1139c61b-b549-4251-8ed3-27250a1edec8}"></Provider>
<EventID Qualifiers="">148</EventID>
<Version>0</Version>
<Level>4</Level>
<Task>4</Task>
<Opcode>17</Opcode>
<Keywords>0x4000000000000000</Keywords>
<TimeCreated SystemTime="2020-10-23 18:55:47.242119"></TimeCreated>
<EventRecordID>306</EventRecordID>
<Correlation ActivityID="{f420a99b-7eb5-492c-ab49-df36a9ea0000}" RelatedActivityID=""></Correlation>
<Execution ProcessID="1060" ThreadID="1532"></Execution>
<Channel>Microsoft-Windows-RemoteDesktopServices-RdpCoreTS/Operational</Channel>
<Computer>WIN-PTFPHFCRDJ0</Computer>
<Security UserID="S-1-5-20"></Security>
</System>
<EventData><Data Name="ChannelName">rdpgrfx</Data>
<Data Name="TunnelID">0</Data>
</EventData>
</Event>

<Event xmlns="http://schemas.microsoft.com/win/2004/08/events/event"><System><Provider Name="Microsoft-Windows-RemoteDesktopServices-RdpCoreTS" Guid="{1139c61b-b549-4251-8ed3-27250a1edec8}"></Provider>
<EventID Qualifiers="">148</EventID>
<Version>0</Version>
<Level>4</Level>
<Task>4</Task>
<Opcode>17</Opcode>
<Keywords>0x4000000000000000</Keywords>
<TimeCreated SystemTime="2020-10-23 18:55:47.242119"></TimeCreated>
<EventRecordID>307</EventRecordID>
<Correlation ActivityID="{f420a99b-7eb5-492c-ab49-df36a9ea0000}" RelatedActivityID=""></Correlation>
<Execution ProcessID="1060" ThreadID="1532"></Execution>
<Channel>Microsoft-Windows-RemoteDesktopServices-RdpCoreTS/Operational</Channel>
<Computer>WIN-PTFPHFCRDJ0</Computer>
<Security UserID="S-1-5-20"></Security>
</System>
<EventData><Data Name="ChannelName">railenc</Data>
<Data Name="TunnelID">0</Data>
</EventData>
</Event>

<Event xmlns="http://schemas.microsoft.com/win/2004/08/events/event"><System><Provider Name="Microsoft-Windows-RemoteDesktopServices-RdpCoreTS" Guid="{1139c61b-b549-4251-8ed3-27250a1edec8}"></Provider>
<EventID Qualifiers="">148</EventID>
<Version>0</Version>
<Level>4</Level>
<Task>4</Task>
<Opcode>17</Opcode>
<Keywords>0x4000000000000000</Keywords>
<TimeCreated SystemTime="2020-10-23 18:55:47.242224"></TimeCreated>
<EventRecordID>308</EventRecordID>
<Correlation ActivityID="{f420a99b-7eb5-492c-ab49-df36a9ea0000}" RelatedActivityID=""></Correlation>
<Execution ProcessID="1060" ThreadID="1532"></Execution>
<Channel>Microsoft-Windows-RemoteDesktopServices-RdpCoreTS/Operational</Channel>
<Computer>WIN-PTFPHFCRDJ0</Computer>
<Security UserID="S-1-5-20"></Security>
</System>
<EventData><Data Name="ChannelName">AUDIO_PLAYBACK_DVC</Data>
<Data Name="TunnelID">1</Data>
</EventData>
</Event>

<Event xmlns="http://schemas.microsoft.com/win/2004/08/events/event"><System><Provider Name="Microsoft-Windows-RemoteDesktopServices-RdpCoreTS" Guid="{1139c61b-b549-4251-8ed3-27250a1edec8}"></Provider>
<EventID Qualifiers="">148</EventID>
<Version>0</Version>
<Level>4</Level>
<Task>4</Task>
<Opcode>17</Opcode>
<Keywords>0x4000000000000000</Keywords>
<TimeCreated SystemTime="2020-10-23 18:55:47.242231"></TimeCreated>
<EventRecordID>309</EventRecordID>
<Correlation ActivityID="{f420a99b-7eb5-492c-ab49-df36a9ea0000}" RelatedActivityID=""></Correlation>
<Execution ProcessID="1060" ThreadID="1532"></Execution>
<Channel>Microsoft-Windows-RemoteDesktopServices-RdpCoreTS/Operational</Channel>
<Computer>WIN-PTFPHFCRDJ0</Computer>
<Security UserID="S-1-5-20"></Security>
</System>
<EventData><Data Name="ChannelName">Microsoft::Windows::RDS::Frame_Buffer::Control::v08.01</Data>
<Data Name="TunnelID">1</Data>
</EventData>
</Event>

<Event xmlns="http://schemas.microsoft.com/win/2004/08/events/event"><System><Provider Name="Microsoft-Windows-RemoteDesktopServices-RdpCoreTS" Guid="{1139c61b-b549-4251-8ed3-27250a1edec8}"></Provider>
<EventID Qualifiers="">148</EventID>
<Version>0</Version>
<Level>4</Level>
<Task>4</Task>
<Opcode>17</Opcode>
<Keywords>0x4000000000000000</Keywords>
<TimeCreated SystemTime="2020-10-23 18:55:47.242237"></TimeCreated>
<EventRecordID>310</EventRecordID>
<Correlation ActivityID="{f420a99b-7eb5-492c-ab49-df36a9ea0000}" RelatedActivityID=""></Correlation>
<Execution ProcessID="1060" ThreadID="1532"></Execution>
<Channel>Microsoft-Windows-RemoteDesktopServices-RdpCoreTS/Operational</Channel>
<Computer>WIN-PTFPHFCRDJ0</Computer>
<Security UserID="S-1-5-20"></Security>
</System>
<EventData><Data Name="ChannelName">Microsoft::Windows::RDS::Graphics</Data>
<Data Name="TunnelID">1</Data>
</EventData>
</Event>

<Event xmlns="http://schemas.microsoft.com/win/2004/08/events/event"><System><Provider Name="Microsoft-Windows-RemoteDesktopServices-RdpCoreTS" Guid="{1139c61b-b549-4251-8ed3-27250a1edec8}"></Provider>
<EventID Qualifiers="">148</EventID>
<Version>0</Version>
<Level>4</Level>
<Task>4</Task>
<Opcode>17</Opcode>
<Keywords>0x4000000000000000</Keywords>
<TimeCreated SystemTime="2020-10-23 18:55:47.242237"></TimeCreated>
<EventRecordID>311</EventRecordID>
<Correlation ActivityID="{f420a99b-7eb5-492c-ab49-df36a9ea0000}" RelatedActivityID=""></Correlation>
<Execution ProcessID="1060" ThreadID="1532"></Execution>
<Channel>Microsoft-Windows-RemoteDesktopServices-RdpCoreTS/Operational</Channel>
<Computer>WIN-PTFPHFCRDJ0</Computer>
<Security UserID="S-1-5-20"></Security>
</System>
<EventData><Data Name="ChannelName">ECHO</Data>
<Data Name="TunnelID">1</Data>
</EventData>
</Event>

<Event xmlns="http://schemas.microsoft.com/win/2004/08/events/event"><System><Provider Name="Microsoft-Windows-RemoteDesktopServices-RdpCoreTS" Guid="{1139c61b-b549-4251-8ed3-27250a1edec8}"></Provider>
<EventID Qualifiers="">148</EventID>
<Version>0</Version>
<Level>4</Level>
<Task>4</Task>
<Opcode>17</Opcode>
<Keywords>0x4000000000000000</Keywords>
<TimeCreated SystemTime="2020-10-23 18:55:47.242287"></TimeCreated>
<EventRecordID>312</EventRecordID>
<Correlation ActivityID="{f420a99b-7eb5-492c-ab49-df36a9ea0000}" RelatedActivityID=""></Correlation>
<Execution ProcessID="1060" ThreadID="1532"></Execution>
<Channel>Microsoft-Windows-RemoteDesktopServices-RdpCoreTS/Operational</Channel>
<Computer>WIN-PTFPHFCRDJ0</Computer>
<Security UserID="S-1-5-20"></Security>
</System>
<EventData><Data Name="ChannelName">AUDIO_PLAYBACK_LOSSY_DVC</Data>
<Data Name="TunnelID">1</Data>
</EventData>
</Event>

<Event xmlns="http://schemas.microsoft.com/win/2004/08/events/event"><System><Provider Name="Microsoft-Windows-RemoteDesktopServices-RdpCoreTS" Guid="{1139c61b-b549-4251-8ed3-27250a1edec8}"></Provider>
<EventID Qualifiers="">148</EventID>
<Version>0</Version>
<Level>4</Level>
<Task>4</Task>
<Opcode>17</Opcode>
<Keywords>0x4000000000000000</Keywords>
<TimeCreated SystemTime="2020-10-23 18:55:47.242355"></TimeCreated>
<EventRecordID>313</EventRecordID>
<Correlation ActivityID="{f420a99b-7eb5-492c-ab49-df36a9ea0000}" RelatedActivityID=""></Correlation>
<Execution ProcessID="1060" ThreadID="1532"></Execution>
<Channel>Microsoft-Windows-RemoteDesktopServices-RdpCoreTS/Operational</Channel>
<Computer>WIN-PTFPHFCRDJ0</Computer>
<Security UserID="S-1-5-20"></Security>
</System>
<EventData><Data Name="ChannelName">Microsoft::Windows::RDS::Geometry::v08.01</Data>
<Data Name="TunnelID">1</Data>
</EventData>
</Event>

<Event xmlns="http://schemas.microsoft.com/win/2004/08/events/event"><System><Provider Name="Microsoft-Windows-RemoteDesktopServices-RdpCoreTS" Guid="{1139c61b-b549-4251-8ed3-27250a1edec8}"></Provider>
<EventID Qualifiers="">148</EventID>
<Version>0</Version>
<Level>4</Level>
<Task>4</Task>
<Opcode>17</Opcode>
<Keywords>0x4000000000000000</Keywords>
<TimeCreated SystemTime="2020-10-23 18:55:47.242456"></TimeCreated>
<EventRecordID>314</EventRecordID>
<Correlation ActivityID="{f420a99b-7eb5-492c-ab49-df36a9ea0000}" RelatedActivityID=""></Correlation>
<Execution ProcessID="1060" ThreadID="1532"></Execution>
<Channel>Microsoft-Windows-RemoteDesktopServices-RdpCoreTS/Operational</Channel>
<Computer>WIN-PTFPHFCRDJ0</Computer>
<Security UserID="S-1-5-20"></Security>
</System>
<EventData><Data Name="ChannelName">Microsoft::Windows::RDS::DisplayControl</Data>
<Data Name="TunnelID">1</Data>
</EventData>
</Event>

<Event xmlns="http://schemas.microsoft.com/win/2004/08/events/event"><System><Provider Name="Microsoft-Windows-RemoteDesktopServices-RdpCoreTS" Guid="{1139c61b-b549-4251-8ed3-27250a1edec8}"></Provider>
<EventID Qualifiers="">148</EventID>
<Version>0</Version>
<Level>4</Level>
<Task>4</Task>
<Opcode>17</Opcode>
<Keywords>0x4000000000000000</Keywords>
<TimeCreated SystemTime="2020-10-23 18:55:47.242542"></TimeCreated>
<EventRecordID>315</EventRecordID>
<Correlation ActivityID="{f420a99b-7eb5-492c-ab49-df36a9ea0000}" RelatedActivityID=""></Correlation>
<Execution ProcessID="1060" ThreadID="1532"></Execution>
<Channel>Microsoft-Windows-RemoteDesktopServices-RdpCoreTS/Operational</Channel>
<Computer>WIN-PTFPHFCRDJ0</Computer>
<Security UserID="S-1-5-20"></Security>
</System>
<EventData><Data Name="ChannelName">rdpdr</Data>
<Data Name="TunnelID">1</Data>
</EventData>
</Event>

<Event xmlns="http://schemas.microsoft.com/win/2004/08/events/event"><System><Provider Name="Microsoft-Windows-RemoteDesktopServices-RdpCoreTS" Guid="{1139c61b-b549-4251-8ed3-27250a1edec8}"></Provider>
<EventID Qualifiers="">148</EventID>
<Version>0</Version>
<Level>4</Level>
<Task>4</Task>
<Opcode>17</Opcode>
<Keywords>0x4000000000000000</Keywords>
<TimeCreated SystemTime="2020-10-23 18:55:47.242546"></TimeCreated>
<EventRecordID>316</EventRecordID>
<Correlation ActivityID="{f420a99b-7eb5-492c-ab49-df36a9ea0000}" RelatedActivityID=""></Correlation>
<Execution ProcessID="1060" ThreadID="1532"></Execution>
<Channel>Microsoft-Windows-RemoteDesktopServices-RdpCoreTS/Operational</Channel>
<Computer>WIN-PTFPHFCRDJ0</Computer>
<Security UserID="S-1-5-20"></Security>
</System>
<EventData><Data Name="ChannelName">rdpsnd</Data>
<Data Name="TunnelID">1</Data>
</EventData>
</Event>

<Event xmlns="http://schemas.microsoft.com/win/2004/08/events/event"><System><Provider Name="Microsoft-Windows-RemoteDesktopServices-RdpCoreTS" Guid="{1139c61b-b549-4251-8ed3-27250a1edec8}"></Provider>
<EventID Qualifiers="">148</EventID>
<Version>0</Version>
<Level>4</Level>
<Task>4</Task>
<Opcode>17</Opcode>
<Keywords>0x4000000000000000</Keywords>
<TimeCreated SystemTime="2020-10-23 18:55:47.242790"></TimeCreated>
<EventRecordID>317</EventRecordID>
<Correlation ActivityID="{f420a99b-7eb5-492c-ab49-df36a9ea0000}" RelatedActivityID=""></Correlation>
<Execution ProcessID="1060" ThreadID="1532"></Execution>
<Channel>Microsoft-Windows-RemoteDesktopServices-RdpCoreTS/Operational</Channel>
<Computer>WIN-PTFPHFCRDJ0</Computer>
<Security UserID="S-1-5-20"></Security>
</System>
<EventData><Data Name="ChannelName">cliprdr</Data>
<Data Name="TunnelID">1</Data>
</EventData>
</Event>

<Event xmlns="http://schemas.microsoft.com/win/2004/08/events/event"><System><Provider Name="Microsoft-Windows-RemoteDesktopServices-RdpCoreTS" Guid="{1139c61b-b549-4251-8ed3-27250a1edec8}"></Provider>
<EventID Qualifiers="">228</EventID>
<Version>0</Version>
<Level>3</Level>
<Task>4</Task>
<Opcode>19</Opcode>
<Keywords>0x4000000000000000</Keywords>
<TimeCreated SystemTime="2020-10-23 18:55:47.244480"></TimeCreated>
<EventRecordID>318</EventRecordID>
<Correlation ActivityID="{f420a99b-7eb5-492c-ab49-df36a9ea0000}" RelatedActivityID=""></Correlation>
<Execution ProcessID="1060" ThreadID="4324"></Execution>
<Channel>Microsoft-Windows-RemoteDesktopServices-RdpCoreTS/Operational</Channel>
<Computer>WIN-PTFPHFCRDJ0</Computer>
<Security UserID="S-1-5-20"></Security>
</System>
<EventData><Data Name="ComponentName">CUMRDPConnection</Data>
<Data Name="Message">Disconnect trace:'calling spGfxPlugin-&gt;PreDisconnect()' in CUMRDPConnection::PreDisconnect at 4615 err=[0x0]</Data>
<Data Name="ErrorCode">0</Data>
</EventData>
</Event>

<Event xmlns="http://schemas.microsoft.com/win/2004/08/events/event"><System><Provider Name="Microsoft-Windows-RemoteDesktopServices-RdpCoreTS" Guid="{1139c61b-b549-4251-8ed3-27250a1edec8}"></Provider>
<EventID Qualifiers="">72</EventID>
<Version>0</Version>
<Level>4</Level>
<Task>4</Task>
<Opcode>13</Opcode>
<Keywords>0x4000000000000000</Keywords>
<TimeCreated SystemTime="2020-10-23 18:55:47.244482"></TimeCreated>
<EventRecordID>319</EventRecordID>
<Correlation ActivityID="{f420a99b-7eb5-492c-ab49-df36a9ea0000}" RelatedActivityID=""></Correlation>
<Execution ProcessID="1060" ThreadID="4324"></Execution>
<Channel>Microsoft-Windows-RemoteDesktopServices-RdpCoreTS/Operational</Channel>
<Computer>WIN-PTFPHFCRDJ0</Computer>
<Security UserID="S-1-5-20"></Security>
</System>
<EventData><Data Name="MethodName">PreDisconnect(0)</Data>
</EventData>
</Event>

<Event xmlns="http://schemas.microsoft.com/win/2004/08/events/event"><System><Provider Name="Microsoft-Windows-RemoteDesktopServices-RdpCoreTS" Guid="{1139c61b-b549-4251-8ed3-27250a1edec8}"></Provider>
<EventID Qualifiers="">72</EventID>
<Version>0</Version>
<Level>4</Level>
<Task>4</Task>
<Opcode>13</Opcode>
<Keywords>0x4000000000000000</Keywords>
<TimeCreated SystemTime="2020-10-23 18:55:47.244488"></TimeCreated>
<EventRecordID>320</EventRecordID>
<Correlation ActivityID="{f420a99b-7eb5-492c-ab49-df36a9ea0000}" RelatedActivityID=""></Correlation>
<Execution ProcessID="1060" ThreadID="4324"></Execution>
<Channel>Microsoft-Windows-RemoteDesktopServices-RdpCoreTS/Operational</Channel>
<Computer>WIN-PTFPHFCRDJ0</Computer>
<Security UserID="S-1-5-20"></Security>
</System>
<EventData><Data Name="MethodName">SetErrorInfo(0x0)</Data>
</EventData>
</Event>

<Event xmlns="http://schemas.microsoft.com/win/2004/08/events/event"><System><Provider Name="Microsoft-Windows-RemoteDesktopServices-RdpCoreTS" Guid="{1139c61b-b549-4251-8ed3-27250a1edec8}"></Provider>
<EventID Qualifiers="">72</EventID>
<Version>0</Version>
<Level>4</Level>
<Task>4</Task>
<Opcode>13</Opcode>
<Keywords>0x4000000000000000</Keywords>
<TimeCreated SystemTime="2020-10-23 18:55:47.263477"></TimeCreated>
<EventRecordID>321</EventRecordID>
<Correlation ActivityID="{f420a99b-7eb5-492c-ab49-df36a9ea0000}" RelatedActivityID=""></Correlation>
<Execution ProcessID="1060" ThreadID="1128"></Execution>
<Channel>Microsoft-Windows-RemoteDesktopServices-RdpCoreTS/Operational</Channel>
<Computer>WIN-PTFPHFCRDJ0</Computer>
<Security UserID="S-1-5-20"></Security>
</System>
<EventData><Data Name="MethodName">DisconnectNotify</Data>
</EventData>
</Event>

<Event xmlns="http://schemas.microsoft.com/win/2004/08/events/event"><System><Provider Name="Microsoft-Windows-RemoteDesktopServices-RdpCoreTS" Guid="{1139c61b-b549-4251-8ed3-27250a1edec8}"></Provider>
<EventID Qualifiers="">72</EventID>
<Version>0</Version>
<Level>4</Level>
<Task>4</Task>
<Opcode>13</Opcode>
<Keywords>0x4000000000000000</Keywords>
<TimeCreated SystemTime="2020-10-23 18:55:47.263481"></TimeCreated>
<EventRecordID>322</EventRecordID>
<Correlation ActivityID="{f420a99b-7eb5-492c-ab49-df36a9ea0000}" RelatedActivityID=""></Correlation>
<Execution ProcessID="1060" ThreadID="1128"></Execution>
<Channel>Microsoft-Windows-RemoteDesktopServices-RdpCoreTS/Operational</Channel>
<Computer>WIN-PTFPHFCRDJ0</Computer>
<Security UserID="S-1-5-20"></Security>
</System>
<EventData><Data Name="MethodName">GetServerAutoReconnectInfo</Data>
</EventData>
</Event>

<Event xmlns="http://schemas.microsoft.com/win/2004/08/events/event"><System><Provider Name="Microsoft-Windows-RemoteDesktopServices-RdpCoreTS" Guid="{1139c61b-b549-4251-8ed3-27250a1edec8}"></Provider>
<EventID Qualifiers="">72</EventID>
<Version>0</Version>
<Level>4</Level>
<Task>4</Task>
<Opcode>13</Opcode>
<Keywords>0x4000000000000000</Keywords>
<TimeCreated SystemTime="2020-10-23 18:55:47.268101"></TimeCreated>
<EventRecordID>323</EventRecordID>
<Correlation ActivityID="{f420a99b-7eb5-492c-ab49-df36a9ea0000}" RelatedActivityID=""></Correlation>
<Execution ProcessID="1060" ThreadID="1128"></Execution>
<Channel>Microsoft-Windows-RemoteDesktopServices-RdpCoreTS/Operational</Channel>
<Computer>WIN-PTFPHFCRDJ0</Computer>
<Security UserID="S-1-5-20"></Security>
</System>
<EventData><Data Name="MethodName">GetServerAutoReconnectInfo</Data>
</EventData>
</Event>

<Event xmlns="http://schemas.microsoft.com/win/2004/08/events/event"><System><Provider Name="Microsoft-Windows-RemoteDesktopServices-RdpCoreTS" Guid="{1139c61b-b549-4251-8ed3-27250a1edec8}"></Provider>
<EventID Qualifiers="">103</EventID>
<Version>0</Version>
<Level>4</Level>
<Task>4</Task>
<Opcode>17</Opcode>
<Keywords>0x4000000000000000</Keywords>
<TimeCreated SystemTime="2020-10-23 18:55:47.268105"></TimeCreated>
<EventRecordID>324</EventRecordID>
<Correlation ActivityID="{f420a99b-7eb5-492c-ab49-df36a9ea0000}" RelatedActivityID=""></Correlation>
<Execution ProcessID="1060" ThreadID="1128"></Execution>
<Channel>Microsoft-Windows-RemoteDesktopServices-RdpCoreTS/Operational</Channel>
<Computer>WIN-PTFPHFCRDJ0</Computer>
<Security UserID="S-1-5-20"></Security>
</System>
<EventData><Data Name="ReasonCode">13</Data>
</EventData>
</Event>

<Event xmlns="http://schemas.microsoft.com/win/2004/08/events/event"><System><Provider Name="Microsoft-Windows-RemoteDesktopServices-RdpCoreTS" Guid="{1139c61b-b549-4251-8ed3-27250a1edec8}"></Provider>
<EventID Qualifiers="">229</EventID>
<Version>0</Version>
<Level>4</Level>
<Task>4</Task>
<Opcode>19</Opcode>
<Keywords>0x4000000000000000</Keywords>
<TimeCreated SystemTime="2020-10-24 21:52:30.170694"></TimeCreated>
<EventRecordID>325</EventRecordID>
<Correlation ActivityID="{f462591a-140b-45e2-af03-566a976a0000}" RelatedActivityID=""></Correlation>
<Execution ProcessID="1080" ThreadID="1128"></Execution>
<Channel>Microsoft-Windows-RemoteDesktopServices-RdpCoreTS/Operational</Channel>
<Computer>WIN-PTFPHFCRDJ0</Computer>
<Security UserID="S-1-5-20"></Security>
</System>
<EventData><Data Name="Name">CUMRDPProtocolManager</Data>
<Data Name="CustomLevel">'CUMRDPProtocolManager::CreateListener(RDP-Tcp) DEBUG/VM/ReverseTCP/ReverseUDP/INET' in CUMRDPProtocolManager::CreateListener at 4134 err=[0x0]</Data>
</EventData>
</Event>

<Event xmlns="http://schemas.microsoft.com/win/2004/08/events/event"><System><Provider Name="Microsoft-Windows-RemoteDesktopServices-RdpCoreTS" Guid="{1139c61b-b549-4251-8ed3-27250a1edec8}"></Provider>
<EventID Qualifiers="">227</EventID>
<Version>0</Version>
<Level>2</Level>
<Task>4</Task>
<Opcode>19</Opcode>
<Keywords>0x4000000000000000</Keywords>
<TimeCreated SystemTime="2020-10-24 21:52:30.170816"></TimeCreated>
<EventRecordID>326</EventRecordID>
<Correlation ActivityID="{f462591a-140b-45e2-af03-566a976a0000}" RelatedActivityID=""></Correlation>
<Execution ProcessID="1080" ThreadID="1128"></Execution>
<Channel>Microsoft-Windows-RemoteDesktopServices-RdpCoreTS/Operational</Channel>
<Computer>WIN-PTFPHFCRDJ0</Computer>
<Security UserID="S-1-5-20"></Security>
</System>
<EventData><Data Name="Name">CUMRDPProtocolManager</Data>
<Data Name="Value">2</Data>
<Data Name="CustomLevel">'Reverse Connection Listener Name not found.  Default Listener Name will be used.' in CUMRDPProtocolManager::CreateListener at 4151 err=[0x2]</Data>
</EventData>
</Event>

<Event xmlns="http://schemas.microsoft.com/win/2004/08/events/event"><System><Provider Name="Microsoft-Windows-RemoteDesktopServices-RdpCoreTS" Guid="{1139c61b-b549-4251-8ed3-27250a1edec8}"></Provider>
<EventID Qualifiers="">229</EventID>
<Version>0</Version>
<Level>4</Level>
<Task>4</Task>
<Opcode>19</Opcode>
<Keywords>0x4000000000000000</Keywords>
<TimeCreated SystemTime="2020-10-24 21:52:30.170847"></TimeCreated>
<EventRecordID>327</EventRecordID>
<Correlation ActivityID="{f462591a-140b-45e2-af03-566a976a0000}" RelatedActivityID=""></Correlation>
<Execution ProcessID="1080" ThreadID="1128"></Execution>
<Channel>Microsoft-Windows-RemoteDesktopServices-RdpCoreTS/Operational</Channel>
<Computer>WIN-PTFPHFCRDJ0</Computer>
<Security UserID="S-1-5-20"></Security>
</System>
<EventData><Data Name="Name">CUMRDPProtocolManager</Data>
<Data Name="CustomLevel">'Creating standard listener:RDP-Tcp' in CUMRDPProtocolManager::CreateListener at 4212 err=[0x0]</Data>
</EventData>
</Event>

<Event xmlns="http://schemas.microsoft.com/win/2004/08/events/event"><System><Provider Name="Microsoft-Windows-RemoteDesktopServices-RdpCoreTS" Guid="{1139c61b-b549-4251-8ed3-27250a1edec8}"></Provider>
<EventID Qualifiers="">229</EventID>
<Version>0</Version>
<Level>4</Level>
<Task>4</Task>
<Opcode>19</Opcode>
<Keywords>0x4000000000000000</Keywords>
<TimeCreated SystemTime="2020-10-24 21:52:30.856607"></TimeCreated>
<EventRecordID>328</EventRecordID>
<Correlation ActivityID="{f462591a-140b-45e2-af03-566a976a0000}" RelatedActivityID=""></Correlation>
<Execution ProcessID="1080" ThreadID="1128"></Execution>
<Channel>Microsoft-Windows-RemoteDesktopServices-RdpCoreTS/Operational</Channel>
<Computer>WIN-PTFPHFCRDJ0</Computer>
<Security UserID="S-1-5-20"></Security>
</System>
<EventData><Data Name="Name">CUMRDPListenerBase</Data>
<Data Name="CustomLevel">'Windows 8 or later detected, setting transport default mode to UDP + TCP' in CUMRDPListenerBase::Initialize at 491 err=[0x0]</Data>
</EventData>
</Event>

<Event xmlns="http://schemas.microsoft.com/win/2004/08/events/event"><System><Provider Name="Microsoft-Windows-RemoteDesktopServices-RdpCoreTS" Guid="{1139c61b-b549-4251-8ed3-27250a1edec8}"></Provider>
<EventID Qualifiers="">70</EventID>
<Version>0</Version>
<Level>4</Level>
<Task>4</Task>
<Opcode>13</Opcode>
<Keywords>0x4000000000000000</Keywords>
<TimeCreated SystemTime="2020-10-24 21:52:30.856607"></TimeCreated>
<EventRecordID>329</EventRecordID>
<Correlation ActivityID="{f462591a-140b-45e2-af03-566a976a0000}" RelatedActivityID=""></Correlation>
<Execution ProcessID="1080" ThreadID="1128"></Execution>
<Channel>Microsoft-Windows-RemoteDesktopServices-RdpCoreTS/Operational</Channel>
<Computer>WIN-PTFPHFCRDJ0</Computer>
<Security UserID="S-1-5-20"></Security>
</System>
<EventData><Data Name="DisplayDriverName">rdpudd.dll</Data>
</EventData>
</Event>

<Event xmlns="http://schemas.microsoft.com/win/2004/08/events/event"><System><Provider Name="Microsoft-Windows-RemoteDesktopServices-RdpCoreTS" Guid="{1139c61b-b549-4251-8ed3-27250a1edec8}"></Provider>
<EventID Qualifiers="">129</EventID>
<Version>0</Version>
<Level>4</Level>
<Task>4</Task>
<Opcode>18</Opcode>
<Keywords>0x4000000000000000</Keywords>
<TimeCreated SystemTime="2020-10-24 21:52:31.304619"></TimeCreated>
<EventRecordID>330</EventRecordID>
<Correlation ActivityID="{f462591a-140b-45e2-af03-566a976a0000}" RelatedActivityID=""></Correlation>
<Execution ProcessID="1080" ThreadID="1128"></Execution>
<Channel>Microsoft-Windows-RemoteDesktopServices-RdpCoreTS/Operational</Channel>
<Computer>WIN-PTFPHFCRDJ0</Computer>
<Security UserID="S-1-5-20"></Security>
</System>
<EventData><Data Name="TransportProtocolName">TCP</Data>
<Data Name="Port">3389</Data>
</EventData>
</Event>

<Event xmlns="http://schemas.microsoft.com/win/2004/08/events/event"><System><Provider Name="Microsoft-Windows-RemoteDesktopServices-RdpCoreTS" Guid="{1139c61b-b549-4251-8ed3-27250a1edec8}"></Provider>
<EventID Qualifiers="">129</EventID>
<Version>0</Version>
<Level>4</Level>
<Task>4</Task>
<Opcode>18</Opcode>
<Keywords>0x4000000000000000</Keywords>
<TimeCreated SystemTime="2020-10-24 21:52:31.304703"></TimeCreated>
<EventRecordID>331</EventRecordID>
<Correlation ActivityID="{f462591a-140b-45e2-af03-566a976a0000}" RelatedActivityID=""></Correlation>
<Execution ProcessID="1080" ThreadID="1128"></Execution>
<Channel>Microsoft-Windows-RemoteDesktopServices-RdpCoreTS/Operational</Channel>
<Computer>WIN-PTFPHFCRDJ0</Computer>
<Security UserID="S-1-5-20"></Security>
</System>
<EventData><Data Name="TransportProtocolName">TCP</Data>
<Data Name="Port">3389</Data>
</EventData>
</Event>

