<Event xmlns="http://schemas.microsoft.com/win/2004/08/events/event"><System><Provider Name="Microsoft-Windows-GroupPolicy" Guid="{aea1b4fa-97d1-45f2-a64c-4d69fffd92c9}"></Provider>
<EventID Qualifiers="">6338</EventID>
<Version>0</Version>
<Level>4</Level>
<Task>0</Task>
<Opcode>0</Opcode>
<Keywords>0x4000000000000000</Keywords>
<TimeCreated SystemTime="2020-10-27 02:08:10.114147"></TimeCreated>
<EventRecordID>461</EventRecordID>
<Correlation ActivityID="" RelatedActivityID=""></Correlation>
<Execution ProcessID="1336" ThreadID="2752"></Execution>
<Channel>Microsoft-Windows-GroupPolicy/Operational</Channel>
<Computer>WIN-PTFPHFCRDJ0</Computer>
<Security UserID="S-1-5-18"></Security>
</System>
<EventData></EventData>
</Event>

<Event xmlns="http://schemas.microsoft.com/win/2004/08/events/event"><System><Provider Name="Microsoft-Windows-GroupPolicy" Guid="{aea1b4fa-97d1-45f2-a64c-4d69fffd92c9}"></Provider>
<EventID Qualifiers="">5351</EventID>
<Version>0</Version>
<Level>4</Level>
<Task>0</Task>
<Opcode>0</Opcode>
<Keywords>0x4000000000000000</Keywords>
<TimeCreated SystemTime="2020-10-27 02:08:10.114149"></TimeCreated>
<EventRecordID>462</EventRecordID>
<Correlation ActivityID="" RelatedActivityID=""></Correlation>
<Execution ProcessID="1336" ThreadID="2752"></Execution>
<Channel>Microsoft-Windows-GroupPolicy/Operational</Channel>
<Computer>WIN-PTFPHFCRDJ0</Computer>
<Security UserID="S-1-5-18"></Security>
</System>
<EventData><Data Name="IsMachine">False</Data>
<Data Name="WinlogonReturnTimeElapsedInMilliseconds">0</Data>
</EventData>
</Event>

<Event xmlns="http://schemas.microsoft.com/win/2004/08/events/event"><System><Provider Name="Microsoft-Windows-GroupPolicy" Guid="{aea1b4fa-97d1-45f2-a64c-4d69fffd92c9}"></Provider>
<EventID Qualifiers="">5324</EventID>
<Version>0</Version>
<Level>4</Level>
<Task>0</Task>
<Opcode>0</Opcode>
<Keywords>0x4000000000000000</Keywords>
<TimeCreated SystemTime="2020-10-27 02:08:10.114923"></TimeCreated>
<EventRecordID>463</EventRecordID>
<Correlation ActivityID="" RelatedActivityID=""></Correlation>
<Execution ProcessID="1336" ThreadID="2752"></Execution>
<Channel>Microsoft-Windows-GroupPolicy/Operational</Channel>
<Computer>WIN-PTFPHFCRDJ0</Computer>
<Security UserID="S-1-5-18"></Security>
</System>
<EventData><Data Name="NotificationType">1</Data>
<Data Name="SessionId">1</Data>
</EventData>
</Event>

<Event xmlns="http://schemas.microsoft.com/win/2004/08/events/event"><System><Provider Name="Microsoft-Windows-GroupPolicy" Guid="{aea1b4fa-97d1-45f2-a64c-4d69fffd92c9}"></Provider>
<EventID Qualifiers="">4117</EventID>
<Version>0</Version>
<Level>4</Level>
<Task>0</Task>
<Opcode>0</Opcode>
<Keywords>0x4000000000000000</Keywords>
<TimeCreated SystemTime="2020-10-27 02:08:10.115528"></TimeCreated>
<EventRecordID>464</EventRecordID>
<Correlation ActivityID="" RelatedActivityID=""></Correlation>
<Execution ProcessID="1336" ThreadID="1088"></Execution>
<Channel>Microsoft-Windows-GroupPolicy/Operational</Channel>
<Computer>WIN-PTFPHFCRDJ0</Computer>
<Security UserID="S-1-5-18"></Security>
</System>
<EventData><Data Name="IsMachine">False</Data>
<Data Name="IsBackgroundProcessing">False</Data>
<Data Name="IsAsyncProcessing">False</Data>
</EventData>
</Event>

<Event xmlns="http://schemas.microsoft.com/win/2004/08/events/event"><System><Provider Name="Microsoft-Windows-GroupPolicy" Guid="{aea1b4fa-97d1-45f2-a64c-4d69fffd92c9}"></Provider>
<EventID Qualifiers="">4001</EventID>
<Version>1</Version>
<Level>4</Level>
<Task>0</Task>
<Opcode>1</Opcode>
<Keywords>0x4000000000000000</Keywords>
<TimeCreated SystemTime="2020-10-27 02:08:10.116711"></TimeCreated>
<EventRecordID>465</EventRecordID>
<Correlation ActivityID="{666e0f5f-d5a4-46eb-9f0f-b6dcce51041f}" RelatedActivityID=""></Correlation>
<Execution ProcessID="1336" ThreadID="1088"></Execution>
<Channel>Microsoft-Windows-GroupPolicy/Operational</Channel>
<Computer>WIN-PTFPHFCRDJ0</Computer>
<Security UserID="S-1-5-18"></Security>
</System>
<EventData><Data Name="PolicyActivityId">{666e0f5f-d5a4-46eb-9f0f-b6dcce51041f}</Data>
<Data Name="PrincipalSamName">WIN-PTFPHFCRDJ0\user</Data>
<Data Name="IsMachine">0</Data>
<Data Name="IsDomainJoined">False</Data>
<Data Name="IsBackgroundProcessing">False</Data>
<Data Name="IsAsyncProcessing">False</Data>
<Data Name="IsServiceRestart">False</Data>
<Data Name="ReasonForSyncProcessing">5</Data>
</EventData>
</Event>

<Event xmlns="http://schemas.microsoft.com/win/2004/08/events/event"><System><Provider Name="Microsoft-Windows-GroupPolicy" Guid="{aea1b4fa-97d1-45f2-a64c-4d69fffd92c9}"></Provider>
<EventID Qualifiers="">5340</EventID>
<Version>0</Version>
<Level>4</Level>
<Task>0</Task>
<Opcode>0</Opcode>
<Keywords>0x4000000000000000</Keywords>
<TimeCreated SystemTime="2020-10-27 02:08:10.117430"></TimeCreated>
<EventRecordID>466</EventRecordID>
<Correlation ActivityID="{666e0f5f-d5a4-46eb-9f0f-b6dcce51041f}" RelatedActivityID=""></Correlation>
<Execution ProcessID="1336" ThreadID="1088"></Execution>
<Channel>Microsoft-Windows-GroupPolicy/Operational</Channel>
<Computer>WIN-PTFPHFCRDJ0</Computer>
<Security UserID="S-1-5-18"></Security>
</System>
<EventData><Data Name="PolicyApplicationMode">1</Data>
</EventData>
</Event>

<Event xmlns="http://schemas.microsoft.com/win/2004/08/events/event"><System><Provider Name="Microsoft-Windows-GroupPolicy" Guid="{aea1b4fa-97d1-45f2-a64c-4d69fffd92c9}"></Provider>
<EventID Qualifiers="">5311</EventID>
<Version>0</Version>
<Level>4</Level>
<Task>0</Task>
<Opcode>0</Opcode>
<Keywords>0x4000000000000000</Keywords>
<TimeCreated SystemTime="2020-10-27 02:08:10.121090"></TimeCreated>
<EventRecordID>467</EventRecordID>
<Correlation ActivityID="{666e0f5f-d5a4-46eb-9f0f-b6dcce51041f}" RelatedActivityID=""></Correlation>
<Execution ProcessID="1336" ThreadID="1088"></Execution>
<Channel>Microsoft-Windows-GroupPolicy/Operational</Channel>
<Computer>WIN-PTFPHFCRDJ0</Computer>
<Security UserID="S-1-5-21-1152959844-3645458174-3779170896-1000"></Security>
</System>
<EventData><Data Name="PolicyProcessingMode">0</Data>
</EventData>
</Event>

<Event xmlns="http://schemas.microsoft.com/win/2004/08/events/event"><System><Provider Name="Microsoft-Windows-GroupPolicy" Guid="{aea1b4fa-97d1-45f2-a64c-4d69fffd92c9}"></Provider>
<EventID Qualifiers="">4126</EventID>
<Version>0</Version>
<Level>4</Level>
<Task>0</Task>
<Opcode>0</Opcode>
<Keywords>0x4000000000000000</Keywords>
<TimeCreated SystemTime="2020-10-27 02:08:10.121094"></TimeCreated>
<EventRecordID>468</EventRecordID>
<Correlation ActivityID="{666e0f5f-d5a4-46eb-9f0f-b6dcce51041f}" RelatedActivityID=""></Correlation>
<Execution ProcessID="1336" ThreadID="1088"></Execution>
<Channel>Microsoft-Windows-GroupPolicy/Operational</Channel>
<Computer>WIN-PTFPHFCRDJ0</Computer>
<Security UserID="S-1-5-21-1152959844-3645458174-3779170896-1000"></Security>
</System>
<EventData><Data Name="IsMachine">False</Data>
</EventData>
</Event>

<Event xmlns="http://schemas.microsoft.com/win/2004/08/events/event"><System><Provider Name="Microsoft-Windows-GroupPolicy" Guid="{aea1b4fa-97d1-45f2-a64c-4d69fffd92c9}"></Provider>
<EventID Qualifiers="">5257</EventID>
<Version>0</Version>
<Level>4</Level>
<Task>0</Task>
<Opcode>0</Opcode>
<Keywords>0x4000000000000000</Keywords>
<TimeCreated SystemTime="2020-10-27 02:08:10.121109"></TimeCreated>
<EventRecordID>469</EventRecordID>
<Correlation ActivityID="{666e0f5f-d5a4-46eb-9f0f-b6dcce51041f}" RelatedActivityID=""></Correlation>
<Execution ProcessID="1336" ThreadID="1088"></Execution>
<Channel>Microsoft-Windows-GroupPolicy/Operational</Channel>
<Computer>WIN-PTFPHFCRDJ0</Computer>
<Security UserID="S-1-5-21-1152959844-3645458174-3779170896-1000"></Security>
</System>
<EventData><Data Name="IsMachine">False</Data>
<Data Name="PolicyDownloadTimeElapsedInMilliseconds">635109</Data>
</EventData>
</Event>

<Event xmlns="http://schemas.microsoft.com/win/2004/08/events/event"><System><Provider Name="Microsoft-Windows-GroupPolicy" Guid="{aea1b4fa-97d1-45f2-a64c-4d69fffd92c9}"></Provider>
<EventID Qualifiers="">5126</EventID>
<Version>0</Version>
<Level>4</Level>
<Task>0</Task>
<Opcode>0</Opcode>
<Keywords>0x4000000000000000</Keywords>
<TimeCreated SystemTime="2020-10-27 02:08:10.121992"></TimeCreated>
<EventRecordID>470</EventRecordID>
<Correlation ActivityID="{666e0f5f-d5a4-46eb-9f0f-b6dcce51041f}" RelatedActivityID=""></Correlation>
<Execution ProcessID="1336" ThreadID="1088"></Execution>
<Channel>Microsoft-Windows-GroupPolicy/Operational</Channel>
<Computer>WIN-PTFPHFCRDJ0</Computer>
<Security UserID="S-1-5-21-1152959844-3645458174-3779170896-1000"></Security>
</System>
<EventData><Data Name="IsMachine">True</Data>
<Data Name="IsBackgroundProcessing">False</Data>
<Data Name="IsAsyncProcessing">False</Data>
<Data Name="NumberOfGPOsDownloaded">0</Data>
<Data Name="NumberOfGPOsApplicable">0</Data>
<Data Name="GPODownloadTimeElapsedInMilliseconds">0</Data>
</EventData>
</Event>

<Event xmlns="http://schemas.microsoft.com/win/2004/08/events/event"><System><Provider Name="Microsoft-Windows-GroupPolicy" Guid="{aea1b4fa-97d1-45f2-a64c-4d69fffd92c9}"></Provider>
<EventID Qualifiers="">5312</EventID>
<Version>0</Version>
<Level>4</Level>
<Task>0</Task>
<Opcode>0</Opcode>
<Keywords>0x4000000000000000</Keywords>
<TimeCreated SystemTime="2020-10-27 02:08:10.122017"></TimeCreated>
<EventRecordID>471</EventRecordID>
<Correlation ActivityID="{666e0f5f-d5a4-46eb-9f0f-b6dcce51041f}" RelatedActivityID=""></Correlation>
<Execution ProcessID="1336" ThreadID="1088"></Execution>
<Channel>Microsoft-Windows-GroupPolicy/Operational</Channel>
<Computer>WIN-PTFPHFCRDJ0</Computer>
<Security UserID="S-1-5-18"></Security>
</System>
<EventData><Data Name="DescriptionString">None</Data>
<Data Name="GPOInfoList"></Data>
</EventData>
</Event>

<Event xmlns="http://schemas.microsoft.com/win/2004/08/events/event"><System><Provider Name="Microsoft-Windows-GroupPolicy" Guid="{aea1b4fa-97d1-45f2-a64c-4d69fffd92c9}"></Provider>
<EventID Qualifiers="">5313</EventID>
<Version>0</Version>
<Level>4</Level>
<Task>0</Task>
<Opcode>0</Opcode>
<Keywords>0x4000000000000000</Keywords>
<TimeCreated SystemTime="2020-10-27 02:08:10.122028"></TimeCreated>
<EventRecordID>472</EventRecordID>
<Correlation ActivityID="{666e0f5f-d5a4-46eb-9f0f-b6dcce51041f}" RelatedActivityID=""></Correlation>
<Execution ProcessID="1336" ThreadID="1088"></Execution>
<Channel>Microsoft-Windows-GroupPolicy/Operational</Channel>
<Computer>WIN-PTFPHFCRDJ0</Computer>
<Security UserID="S-1-5-18"></Security>
</System>
<EventData><Data Name="DescriptionString">Local Group Policy
	Not Applied (Empty)
</Data>
<Data Name="GPOInfoList">&lt;GPO ID="Local Group Policy"&gt;&lt;Name&gt;Local Group Policy&lt;/Name&gt;&lt;Version&gt;0&lt;/Version&gt;&lt;SOM&gt;Local&lt;/SOM&gt;&lt;FSPath&gt;C:\Windows\System32\GroupPolicy\User&lt;/FSPath&gt;&lt;Reason&gt;NOTAPPLIED-EMPTY&lt;/Reason&gt;&lt;/GPO&gt;</Data>
</EventData>
</Event>

<Event xmlns="http://schemas.microsoft.com/win/2004/08/events/event"><System><Provider Name="Microsoft-Windows-GroupPolicy" Guid="{aea1b4fa-97d1-45f2-a64c-4d69fffd92c9}"></Provider>
<EventID Qualifiers="">5320</EventID>
<Version>0</Version>
<Level>4</Level>
<Task>0</Task>
<Opcode>0</Opcode>
<Keywords>0x4000000000000000</Keywords>
<TimeCreated SystemTime="2020-10-27 02:08:10.123363"></TimeCreated>
<EventRecordID>473</EventRecordID>
<Correlation ActivityID="{666e0f5f-d5a4-46eb-9f0f-b6dcce51041f}" RelatedActivityID=""></Correlation>
<Execution ProcessID="1336" ThreadID="1088"></Execution>
<Channel>Microsoft-Windows-GroupPolicy/Operational</Channel>
<Computer>WIN-PTFPHFCRDJ0</Computer>
<Security UserID="S-1-5-18"></Security>
</System>
<EventData><Data Name="InfoDescription">%%4161</Data>
</EventData>
</Event>

<Event xmlns="http://schemas.microsoft.com/win/2004/08/events/event"><System><Provider Name="Microsoft-Windows-GroupPolicy" Guid="{aea1b4fa-97d1-45f2-a64c-4d69fffd92c9}"></Provider>
<EventID Qualifiers="">5320</EventID>
<Version>0</Version>
<Level>4</Level>
<Task>0</Task>
<Opcode>0</Opcode>
<Keywords>0x4000000000000000</Keywords>
<TimeCreated SystemTime="2020-10-27 02:08:10.123497"></TimeCreated>
<EventRecordID>474</EventRecordID>
<Correlation ActivityID="{666e0f5f-d5a4-46eb-9f0f-b6dcce51041f}" RelatedActivityID=""></Correlation>
<Execution ProcessID="1336" ThreadID="1088"></Execution>
<Channel>Microsoft-Windows-GroupPolicy/Operational</Channel>
<Computer>WIN-PTFPHFCRDJ0</Computer>
<Security UserID="S-1-5-18"></Security>
</System>
<EventData><Data Name="InfoDescription">%%4163</Data>
</EventData>
</Event>

<Event xmlns="http://schemas.microsoft.com/win/2004/08/events/event"><System><Provider Name="Microsoft-Windows-GroupPolicy" Guid="{aea1b4fa-97d1-45f2-a64c-4d69fffd92c9}"></Provider>
<EventID Qualifiers="">5320</EventID>
<Version>0</Version>
<Level>4</Level>
<Task>0</Task>
<Opcode>0</Opcode>
<Keywords>0x4000000000000000</Keywords>
<TimeCreated SystemTime="2020-10-27 02:08:10.123497"></TimeCreated>
<EventRecordID>475</EventRecordID>
<Correlation ActivityID="{666e0f5f-d5a4-46eb-9f0f-b6dcce51041f}" RelatedActivityID=""></Correlation>
<Execution ProcessID="1336" ThreadID="1088"></Execution>
<Channel>Microsoft-Windows-GroupPolicy/Operational</Channel>
<Computer>WIN-PTFPHFCRDJ0</Computer>
<Security UserID="S-1-5-18"></Security>
</System>
<EventData><Data Name="InfoDescription">%%4165</Data>
</EventData>
</Event>

<Event xmlns="http://schemas.microsoft.com/win/2004/08/events/event"><System><Provider Name="Microsoft-Windows-GroupPolicy" Guid="{aea1b4fa-97d1-45f2-a64c-4d69fffd92c9}"></Provider>
<EventID Qualifiers="">8001</EventID>
<Version>1</Version>
<Level>4</Level>
<Task>0</Task>
<Opcode>2</Opcode>
<Keywords>0x4000000000000000</Keywords>
<TimeCreated SystemTime="2020-10-27 02:08:10.131409"></TimeCreated>
<EventRecordID>476</EventRecordID>
<Correlation ActivityID="{666e0f5f-d5a4-46eb-9f0f-b6dcce51041f}" RelatedActivityID=""></Correlation>
<Execution ProcessID="1336" ThreadID="1088"></Execution>
<Channel>Microsoft-Windows-GroupPolicy/Operational</Channel>
<Computer>WIN-PTFPHFCRDJ0</Computer>
<Security UserID="S-1-5-18"></Security>
</System>
<EventData><Data Name="PolicyElaspedTimeInSeconds">0</Data>
<Data Name="ErrorCode">0</Data>
<Data Name="PrincipalSamName">WIN-PTFPHFCRDJ0\user</Data>
<Data Name="IsMachine">0</Data>
<Data Name="IsConnectivityFailure">False</Data>
</EventData>
</Event>

<Event xmlns="http://schemas.microsoft.com/win/2004/08/events/event"><System><Provider Name="Microsoft-Windows-GroupPolicy" Guid="{aea1b4fa-97d1-45f2-a64c-4d69fffd92c9}"></Provider>
<EventID Qualifiers="">6338</EventID>
<Version>0</Version>
<Level>4</Level>
<Task>0</Task>
<Opcode>0</Opcode>
<Keywords>0x4000000000000000</Keywords>
<TimeCreated SystemTime="2020-10-27 02:08:10.131470"></TimeCreated>
<EventRecordID>477</EventRecordID>
<Correlation ActivityID="" RelatedActivityID=""></Correlation>
<Execution ProcessID="1336" ThreadID="2752"></Execution>
<Channel>Microsoft-Windows-GroupPolicy/Operational</Channel>
<Computer>WIN-PTFPHFCRDJ0</Computer>
<Security UserID="S-1-5-18"></Security>
</System>
<EventData></EventData>
</Event>

<Event xmlns="http://schemas.microsoft.com/win/2004/08/events/event"><System><Provider Name="Microsoft-Windows-GroupPolicy" Guid="{aea1b4fa-97d1-45f2-a64c-4d69fffd92c9}"></Provider>
<EventID Qualifiers="">5351</EventID>
<Version>0</Version>
<Level>4</Level>
<Task>0</Task>
<Opcode>0</Opcode>
<Keywords>0x4000000000000000</Keywords>
<TimeCreated SystemTime="2020-10-27 02:08:10.131472"></TimeCreated>
<EventRecordID>478</EventRecordID>
<Correlation ActivityID="" RelatedActivityID=""></Correlation>
<Execution ProcessID="1336" ThreadID="2752"></Execution>
<Channel>Microsoft-Windows-GroupPolicy/Operational</Channel>
<Computer>WIN-PTFPHFCRDJ0</Computer>
<Security UserID="S-1-5-18"></Security>
</System>
<EventData><Data Name="IsMachine">False</Data>
<Data Name="WinlogonReturnTimeElapsedInMilliseconds">16</Data>
</EventData>
</Event>

<Event xmlns="http://schemas.microsoft.com/win/2004/08/events/event"><System><Provider Name="Microsoft-Windows-GroupPolicy" Guid="{aea1b4fa-97d1-45f2-a64c-4d69fffd92c9}"></Provider>
<EventID Qualifiers="">5117</EventID>
<Version>0</Version>
<Level>4</Level>
<Task>0</Task>
<Opcode>0</Opcode>
<Keywords>0x4000000000000000</Keywords>
<TimeCreated SystemTime="2020-10-27 02:08:10.132929"></TimeCreated>
<EventRecordID>479</EventRecordID>
<Correlation ActivityID="{666e0f5f-d5a4-46eb-9f0f-b6dcce51041f}" RelatedActivityID=""></Correlation>
<Execution ProcessID="1336" ThreadID="1088"></Execution>
<Channel>Microsoft-Windows-GroupPolicy/Operational</Channel>
<Computer>WIN-PTFPHFCRDJ0</Computer>
<Security UserID="S-1-5-18"></Security>
</System>
<EventData><Data Name="IsMachine">False</Data>
<Data Name="SessionTimeElapsedInMilliseconds">16</Data>
</EventData>
</Event>

<Event xmlns="http://schemas.microsoft.com/win/2004/08/events/event"><System><Provider Name="Microsoft-Windows-GroupPolicy" Guid="{aea1b4fa-97d1-45f2-a64c-4d69fffd92c9}"></Provider>
<EventID Qualifiers="">5324</EventID>
<Version>0</Version>
<Level>4</Level>
<Task>0</Task>
<Opcode>0</Opcode>
<Keywords>0x4000000000000000</Keywords>
<TimeCreated SystemTime="2020-10-27 02:08:18.772701"></TimeCreated>
<EventRecordID>480</EventRecordID>
<Correlation ActivityID="" RelatedActivityID=""></Correlation>
<Execution ProcessID="1336" ThreadID="2752"></Execution>
<Channel>Microsoft-Windows-GroupPolicy/Operational</Channel>
<Computer>WIN-PTFPHFCRDJ0</Computer>
<Security UserID="S-1-5-18"></Security>
</System>
<EventData><Data Name="NotificationType">3</Data>
<Data Name="SessionId">1</Data>
</EventData>
</Event>

<Event xmlns="http://schemas.microsoft.com/win/2004/08/events/event"><System><Provider Name="Microsoft-Windows-GroupPolicy" Guid="{aea1b4fa-97d1-45f2-a64c-4d69fffd92c9}"></Provider>
<EventID Qualifiers="">6339</EventID>
<Version>0</Version>
<Level>4</Level>
<Task>0</Task>
<Opcode>0</Opcode>
<Keywords>0x4000000000000000</Keywords>
<TimeCreated SystemTime="2020-10-27 02:08:18.772949"></TimeCreated>
<EventRecordID>481</EventRecordID>
<Correlation ActivityID="" RelatedActivityID=""></Correlation>
<Execution ProcessID="1336" ThreadID="2752"></Execution>
<Channel>Microsoft-Windows-GroupPolicy/Operational</Channel>
<Computer>WIN-PTFPHFCRDJ0</Computer>
<Security UserID="S-1-5-18"></Security>
</System>
<EventData></EventData>
</Event>

</Events>
