<Event xmlns="http://schemas.microsoft.com/win/2004/08/events/event"><System><Provider Name="Microsoft-Windows-ShellCommon-StartLayoutPopulation" Guid="{97ca8142-10b1-4baa-9fbb-70a7d11231c3}"></Provider>
<EventID Qualifiers="">1402</EventID>
<Version>0</Version>
<Level>4</Level>
<Task>1002</Task>
<Opcode>0</Opcode>
<Keywords>0x4000000000000000</Keywords>
<TimeCreated SystemTime="2020-10-24 22:25:03.554583"></TimeCreated>
<EventRecordID>110</EventRecordID>
<Correlation ActivityID="" RelatedActivityID=""></Correlation>
<Execution ProcessID="808" ThreadID="3560"></Execution>
<Channel>Microsoft-Windows-ShellCommon-StartLayoutPopulation/Operational</Channel>
<Computer>WIN-PTFPHFCRDJ0</Computer>
<Security UserID="S-1-5-21-1152959844-3645458174-3779170896-1000"></Security>
</System>
<EventData></EventData>
</Event>

<Event xmlns="http://schemas.microsoft.com/win/2004/08/events/event"><System><Provider Name="Microsoft-Windows-ShellCommon-StartLayoutPopulation" Guid="{97ca8142-10b1-4baa-9fbb-70a7d11231c3}"></Provider>
<EventID Qualifiers="">1403</EventID>
<Version>0</Version>
<Level>4</Level>
<Task>1002</Task>
<Opcode>0</Opcode>
<Keywords>0x4000000000000000</Keywords>
<TimeCreated SystemTime="2020-10-24 22:25:03.587584"></TimeCreated>
<EventRecordID>111</EventRecordID>
<Correlation ActivityID="" RelatedActivityID=""></Correlation>
<Execution ProcessID="808" ThreadID="3560"></Execution>
<Channel>Microsoft-Windows-ShellCommon-StartLayoutPopulation/Operational</Channel>
<Computer>WIN-PTFPHFCRDJ0</Computer>
<Security UserID="S-1-5-21-1152959844-3645458174-3779170896-1000"></Security>
</System>
<EventData></EventData>
</Event>

<Event xmlns="http://schemas.microsoft.com/win/2004/08/events/event"><System><Provider Name="Microsoft-Windows-ShellCommon-StartLayoutPopulation" Guid="{97ca8142-10b1-4baa-9fbb-70a7d11231c3}"></Provider>
<EventID Qualifiers="">1402</EventID>
<Version>0</Version>
<Level>4</Level>
<Task>1002</Task>
<Opcode>0</Opcode>
<Keywords>0x4000000000000000</Keywords>
<TimeCreated SystemTime="2020-10-24 22:25:10.007084"></TimeCreated>
<EventRecordID>112</EventRecordID>
<Correlation ActivityID="" RelatedActivityID=""></Correlation>
<Execution ProcessID="2824" ThreadID="1832"></Execution>
<Channel>Microsoft-Windows-ShellCommon-StartLayoutPopulation/Operational</Channel>
<Computer>WIN-PTFPHFCRDJ0</Computer>
<Security UserID="S-1-5-21-1152959844-3645458174-3779170896-1000"></Security>
</System>
<EventData></EventData>
</Event>

<Event xmlns="http://schemas.microsoft.com/win/2004/08/events/event"><System><Provider Name="Microsoft-Windows-ShellCommon-StartLayoutPopulation" Guid="{97ca8142-10b1-4baa-9fbb-70a7d11231c3}"></Provider>
<EventID Qualifiers="">1403</EventID>
<Version>0</Version>
<Level>4</Level>
<Task>1002</Task>
<Opcode>0</Opcode>
<Keywords>0x4000000000000000</Keywords>
<TimeCreated SystemTime="2020-10-24 22:25:10.026203"></TimeCreated>
<EventRecordID>113</EventRecordID>
<Correlation ActivityID="" RelatedActivityID=""></Correlation>
<Execution ProcessID="2824" ThreadID="1832"></Execution>
<Channel>Microsoft-Windows-ShellCommon-StartLayoutPopulation/Operational</Channel>
<Computer>WIN-PTFPHFCRDJ0</Computer>
<Security UserID="S-1-5-21-1152959844-3645458174-3779170896-1000"></Security>
</System>
<EventData></EventData>
</Event>

<Event xmlns="http://schemas.microsoft.com/win/2004/08/events/event"><System><Provider Name="Microsoft-Windows-ShellCommon-StartLayoutPopulation" Guid="{97ca8142-10b1-4baa-9fbb-70a7d11231c3}"></Provider>
<EventID Qualifiers="">1402</EventID>
<Version>0</Version>
<Level>4</Level>
<Task>1002</Task>
<Opcode>0</Opcode>
<Keywords>0x4000000000000000</Keywords>
<TimeCreated SystemTime="2020-10-26 12:11:07.016512"></TimeCreated>
<EventRecordID>114</EventRecordID>
<Correlation ActivityID="" RelatedActivityID=""></Correlation>
<Execution ProcessID="280" ThreadID="3416"></Execution>
<Channel>Microsoft-Windows-ShellCommon-StartLayoutPopulation/Operational</Channel>
<Computer>WIN-PTFPHFCRDJ0</Computer>
<Security UserID="S-1-5-21-1152959844-3645458174-3779170896-1000"></Security>
</System>
<EventData></EventData>
</Event>

<Event xmlns="http://schemas.microsoft.com/win/2004/08/events/event"><System><Provider Name="Microsoft-Windows-ShellCommon-StartLayoutPopulation" Guid="{97ca8142-10b1-4baa-9fbb-70a7d11231c3}"></Provider>
<EventID Qualifiers="">1403</EventID>
<Version>0</Version>
<Level>4</Level>
<Task>1002</Task>
<Opcode>0</Opcode>
<Keywords>0x4000000000000000</Keywords>
<TimeCreated SystemTime="2020-10-26 12:11:07.021856"></TimeCreated>
<EventRecordID>115</EventRecordID>
<Correlation ActivityID="" RelatedActivityID=""></Correlation>
<Execution ProcessID="280" ThreadID="3416"></Execution>
<Channel>Microsoft-Windows-ShellCommon-StartLayoutPopulation/Operational</Channel>
<Computer>WIN-PTFPHFCRDJ0</Computer>
<Security UserID="S-1-5-21-1152959844-3645458174-3779170896-1000"></Security>
</System>
<EventData></EventData>
</Event>

<Event xmlns="http://schemas.microsoft.com/win/2004/08/events/event"><System><Provider Name="Microsoft-Windows-ShellCommon-StartLayoutPopulation" Guid="{97ca8142-10b1-4baa-9fbb-70a7d11231c3}"></Provider>
<EventID Qualifiers="">1402</EventID>
<Version>0</Version>
<Level>4</Level>
<Task>1002</Task>
<Opcode>0</Opcode>
<Keywords>0x4000000000000000</Keywords>
<TimeCreated SystemTime="2020-10-26 12:11:16.837669"></TimeCreated>
<EventRecordID>116</EventRecordID>
<Correlation ActivityID="" RelatedActivityID=""></Correlation>
<Execution ProcessID="532" ThreadID="1300"></Execution>
<Channel>Microsoft-Windows-ShellCommon-StartLayoutPopulation/Operational</Channel>
<Computer>WIN-PTFPHFCRDJ0</Computer>
<Security UserID="S-1-5-21-1152959844-3645458174-3779170896-1000"></Security>
</System>
<EventData></EventData>
</Event>

<Event xmlns="http://schemas.microsoft.com/win/2004/08/events/event"><System><Provider Name="Microsoft-Windows-ShellCommon-StartLayoutPopulation" Guid="{97ca8142-10b1-4baa-9fbb-70a7d11231c3}"></Provider>
<EventID Qualifiers="">1403</EventID>
<Version>0</Version>
<Level>4</Level>
<Task>1002</Task>
<Opcode>0</Opcode>
<Keywords>0x4000000000000000</Keywords>
<TimeCreated SystemTime="2020-10-26 12:11:16.849157"></TimeCreated>
<EventRecordID>117</EventRecordID>
<Correlation ActivityID="" RelatedActivityID=""></Correlation>
<Execution ProcessID="532" ThreadID="1300"></Execution>
<Channel>Microsoft-Windows-ShellCommon-StartLayoutPopulation/Operational</Channel>
<Computer>WIN-PTFPHFCRDJ0</Computer>
<Security UserID="S-1-5-21-1152959844-3645458174-3779170896-1000"></Security>
</System>
<EventData></EventData>
</Event>

<Event xmlns="http://schemas.microsoft.com/win/2004/08/events/event"><System><Provider Name="Microsoft-Windows-ShellCommon-StartLayoutPopulation" Guid="{97ca8142-10b1-4baa-9fbb-70a7d11231c3}"></Provider>
<EventID Qualifiers="">1402</EventID>
<Version>0</Version>
<Level>4</Level>
<Task>1002</Task>
<Opcode>0</Opcode>
<Keywords>0x4000000000000000</Keywords>
<TimeCreated SystemTime="2020-10-26 15:27:25.116789"></TimeCreated>
<EventRecordID>118</EventRecordID>
<Correlation ActivityID="" RelatedActivityID=""></Correlation>
<Execution ProcessID="984" ThreadID="1780"></Execution>
<Channel>Microsoft-Windows-ShellCommon-StartLayoutPopulation/Operational</Channel>
<Computer>WIN-PTFPHFCRDJ0</Computer>
<Security UserID="S-1-5-21-1152959844-3645458174-3779170896-1000"></Security>
</System>
<EventData></EventData>
</Event>

<Event xmlns="http://schemas.microsoft.com/win/2004/08/events/event"><System><Provider Name="Microsoft-Windows-ShellCommon-StartLayoutPopulation" Guid="{97ca8142-10b1-4baa-9fbb-70a7d11231c3}"></Provider>
<EventID Qualifiers="">1403</EventID>
<Version>0</Version>
<Level>4</Level>
<Task>1002</Task>
<Opcode>0</Opcode>
<Keywords>0x4000000000000000</Keywords>
<TimeCreated SystemTime="2020-10-26 15:27:25.128551"></TimeCreated>
<EventRecordID>119</EventRecordID>
<Correlation ActivityID="" RelatedActivityID=""></Correlation>
<Execution ProcessID="984" ThreadID="1780"></Execution>
<Channel>Microsoft-Windows-ShellCommon-StartLayoutPopulation/Operational</Channel>
<Computer>WIN-PTFPHFCRDJ0</Computer>
<Security UserID="S-1-5-21-1152959844-3645458174-3779170896-1000"></Security>
</System>
<EventData></EventData>
</Event>

<Event xmlns="http://schemas.microsoft.com/win/2004/08/events/event"><System><Provider Name="Microsoft-Windows-ShellCommon-StartLayoutPopulation" Guid="{97ca8142-10b1-4baa-9fbb-70a7d11231c3}"></Provider>
<EventID Qualifiers="">1402</EventID>
<Version>0</Version>
<Level>4</Level>
<Task>1002</Task>
<Opcode>0</Opcode>
<Keywords>0x4000000000000000</Keywords>
<TimeCreated SystemTime="2020-10-26 15:27:30.674299"></TimeCreated>
<EventRecordID>120</EventRecordID>
<Correlation ActivityID="" RelatedActivityID=""></Correlation>
<Execution ProcessID="3784" ThreadID="916"></Execution>
<Channel>Microsoft-Windows-ShellCommon-StartLayoutPopulation/Operational</Channel>
<Computer>WIN-PTFPHFCRDJ0</Computer>
<Security UserID="S-1-5-21-1152959844-3645458174-3779170896-1000"></Security>
</System>
<EventData></EventData>
</Event>

<Event xmlns="http://schemas.microsoft.com/win/2004/08/events/event"><System><Provider Name="Microsoft-Windows-ShellCommon-StartLayoutPopulation" Guid="{97ca8142-10b1-4baa-9fbb-70a7d11231c3}"></Provider>
<EventID Qualifiers="">1403</EventID>
<Version>0</Version>
<Level>4</Level>
<Task>1002</Task>
<Opcode>0</Opcode>
<Keywords>0x4000000000000000</Keywords>
<TimeCreated SystemTime="2020-10-26 15:27:30.687950"></TimeCreated>
<EventRecordID>121</EventRecordID>
<Correlation ActivityID="" RelatedActivityID=""></Correlation>
<Execution ProcessID="3784" ThreadID="916"></Execution>
<Channel>Microsoft-Windows-ShellCommon-StartLayoutPopulation/Operational</Channel>
<Computer>WIN-PTFPHFCRDJ0</Computer>
<Security UserID="S-1-5-21-1152959844-3645458174-3779170896-1000"></Security>
</System>
<EventData></EventData>
</Event>

<Event xmlns="http://schemas.microsoft.com/win/2004/08/events/event"><System><Provider Name="Microsoft-Windows-ShellCommon-StartLayoutPopulation" Guid="{97ca8142-10b1-4baa-9fbb-70a7d11231c3}"></Provider>
<EventID Qualifiers="">1402</EventID>
<Version>0</Version>
<Level>4</Level>
<Task>1002</Task>
<Opcode>0</Opcode>
<Keywords>0x4000000000000000</Keywords>
<TimeCreated SystemTime="2020-10-27 02:08:50.164980"></TimeCreated>
<EventRecordID>122</EventRecordID>
<Correlation ActivityID="" RelatedActivityID=""></Correlation>
<Execution ProcessID="3488" ThreadID="548"></Execution>
<Channel>Microsoft-Windows-ShellCommon-StartLayoutPopulation/Operational</Channel>
<Computer>WIN-PTFPHFCRDJ0</Computer>
<Security UserID="S-1-5-21-1152959844-3645458174-3779170896-1000"></Security>
</System>
<EventData></EventData>
</Event>

<Event xmlns="http://schemas.microsoft.com/win/2004/08/events/event"><System><Provider Name="Microsoft-Windows-ShellCommon-StartLayoutPopulation" Guid="{97ca8142-10b1-4baa-9fbb-70a7d11231c3}"></Provider>
<EventID Qualifiers="">1403</EventID>
<Version>0</Version>
<Level>4</Level>
<Task>1002</Task>
<Opcode>0</Opcode>
<Keywords>0x4000000000000000</Keywords>
<TimeCreated SystemTime="2020-10-27 02:08:50.172560"></TimeCreated>
<EventRecordID>123</EventRecordID>
<Correlation ActivityID="" RelatedActivityID=""></Correlation>
<Execution ProcessID="3488" ThreadID="548"></Execution>
<Channel>Microsoft-Windows-ShellCommon-StartLayoutPopulation/Operational</Channel>
<Computer>WIN-PTFPHFCRDJ0</Computer>
<Security UserID="S-1-5-21-1152959844-3645458174-3779170896-1000"></Security>
</System>
<EventData></EventData>
</Event>

<Event xmlns="http://schemas.microsoft.com/win/2004/08/events/event"><System><Provider Name="Microsoft-Windows-ShellCommon-StartLayoutPopulation" Guid="{97ca8142-10b1-4baa-9fbb-70a7d11231c3}"></Provider>
<EventID Qualifiers="">1402</EventID>
<Version>0</Version>
<Level>4</Level>
<Task>1002</Task>
<Opcode>0</Opcode>
<Keywords>0x4000000000000000</Keywords>
<TimeCreated SystemTime="2020-10-27 02:08:55.667236"></TimeCreated>
<EventRecordID>124</EventRecordID>
<Correlation ActivityID="" RelatedActivityID=""></Correlation>
<Execution ProcessID="2508" ThreadID="4028"></Execution>
<Channel>Microsoft-Windows-ShellCommon-StartLayoutPopulation/Operational</Channel>
<Computer>WIN-PTFPHFCRDJ0</Computer>
<Security UserID="S-1-5-21-1152959844-3645458174-3779170896-1000"></Security>
</System>
<EventData></EventData>
</Event>

<Event xmlns="http://schemas.microsoft.com/win/2004/08/events/event"><System><Provider Name="Microsoft-Windows-ShellCommon-StartLayoutPopulation" Guid="{97ca8142-10b1-4baa-9fbb-70a7d11231c3}"></Provider>
<EventID Qualifiers="">1403</EventID>
<Version>0</Version>
<Level>4</Level>
<Task>1002</Task>
<Opcode>0</Opcode>
<Keywords>0x4000000000000000</Keywords>
<TimeCreated SystemTime="2020-10-27 02:08:55.693285"></TimeCreated>
<EventRecordID>125</EventRecordID>
<Correlation ActivityID="" RelatedActivityID=""></Correlation>
<Execution ProcessID="2508" ThreadID="4028"></Execution>
<Channel>Microsoft-Windows-ShellCommon-StartLayoutPopulation/Operational</Channel>
<Computer>WIN-PTFPHFCRDJ0</Computer>
<Security UserID="S-1-5-21-1152959844-3645458174-3779170896-1000"></Security>
</System>
<EventData></EventData>
</Event>

</Events>
