<Event xmlns="http://schemas.microsoft.com/win/2004/08/events/event"><System><Provider Name="Microsoft-Windows-WMI-Activity" Guid="{1418ef04-b0b4-4623-bf7e-d74ab47bbdaa}"></Provider>
<EventID Qualifiers="">5858</EventID>
<Version>0</Version>
<Level>2</Level>
<Task>0</Task>
<Opcode>0</Opcode>
<Keywords>0x4000000000000000</Keywords>
<TimeCreated SystemTime="2020-10-22 20:52:25.749630"></TimeCreated>
<EventRecordID>79</EventRecordID>
<Correlation ActivityID="" RelatedActivityID=""></Correlation>
<Execution ProcessID="540" ThreadID="2708"></Execution>
<Channel>Microsoft-Windows-WMI-Activity/Operational</Channel>
<Computer>WIN-PTFPHFCRDJ0</Computer>
<Security UserID="S-1-5-18"></Security>
</System>
<UserData><Operation_ClientFailure xmlns="http://manifests.microsoft.com/win/2006/windows/WMI"><Id>{C247E499-DFDC-413D-857D-7A7252EB906A}</Id>
<ClientMachine>WIN-PTFPHFCRDJ0</ClientMachine>
<User></User>
<ClientProcessId>540</ClientProcessId>
<Component>Unknown</Component>
<Operation>Start IWbemServices::DeleteInstance - Root\Rsop\User\S_1_5_21_1152959844_3645458174_3779170896_1000 : RSOP_ExtensionStatus.extensionGuid="{BA649533-0AAC-4E04-B9BC-4DBAE0325B12}"</Operation>
<ResultCode>0x80041002</ResultCode>
<PossibleCause>Unknown</PossibleCause>
</Operation_ClientFailure>
</UserData>
</Event>

<Event xmlns="http://schemas.microsoft.com/win/2004/08/events/event"><System><Provider Name="Microsoft-Windows-WMI-Activity" Guid="{1418ef04-b0b4-4623-bf7e-d74ab47bbdaa}"></Provider>
<EventID Qualifiers="">5858</EventID>
<Version>0</Version>
<Level>2</Level>
<Task>0</Task>
<Opcode>0</Opcode>
<Keywords>0x4000000000000000</Keywords>
<TimeCreated SystemTime="2020-10-22 20:52:25.749765"></TimeCreated>
<EventRecordID>80</EventRecordID>
<Correlation ActivityID="" RelatedActivityID=""></Correlation>
<Execution ProcessID="540" ThreadID="2708"></Execution>
<Channel>Microsoft-Windows-WMI-Activity/Operational</Channel>
<Computer>WIN-PTFPHFCRDJ0</Computer>
<Security UserID="S-1-5-18"></Security>
</System>
<UserData><Operation_ClientFailure xmlns="http://manifests.microsoft.com/win/2006/windows/WMI"><Id>{C247E499-DFDC-413D-857D-7A7252EB906A}</Id>
<ClientMachine>WIN-PTFPHFCRDJ0</ClientMachine>
<User></User>
<ClientProcessId>540</ClientProcessId>
<Component>Unknown</Component>
<Operation>Start IWbemServices::DeleteInstance - Root\Rsop\User\S_1_5_21_1152959844_3645458174_3779170896_1000 : RSOP_ExtensionStatus.extensionGuid="{BC75B1ED-5833-4858-9BB8-CBF0B166DF9D}"</Operation>
<ResultCode>0x80041002</ResultCode>
<PossibleCause>Unknown</PossibleCause>
</Operation_ClientFailure>
</UserData>
</Event>

<Event xmlns="http://schemas.microsoft.com/win/2004/08/events/event"><System><Provider Name="Microsoft-Windows-WMI-Activity" Guid="{1418ef04-b0b4-4623-bf7e-d74ab47bbdaa}"></Provider>
<EventID Qualifiers="">5858</EventID>
<Version>0</Version>
<Level>2</Level>
<Task>0</Task>
<Opcode>0</Opcode>
<Keywords>0x4000000000000000</Keywords>
<TimeCreated SystemTime="2020-10-22 20:52:25.749891"></TimeCreated>
<EventRecordID>81</EventRecordID>
<Correlation ActivityID="" RelatedActivityID=""></Correlation>
<Execution ProcessID="540" ThreadID="2708"></Execution>
<Channel>Microsoft-Windows-WMI-Activity/Operational</Channel>
<Computer>WIN-PTFPHFCRDJ0</Computer>
<Security UserID="S-1-5-18"></Security>
</System>
<UserData><Operation_ClientFailure xmlns="http://manifests.microsoft.com/win/2006/windows/WMI"><Id>{C247E499-DFDC-413D-857D-7A7252EB906A}</Id>
<ClientMachine>WIN-PTFPHFCRDJ0</ClientMachine>
<User></User>
<ClientProcessId>540</ClientProcessId>
<Component>Unknown</Component>
<Operation>Start IWbemServices::DeleteInstance - Root\Rsop\User\S_1_5_21_1152959844_3645458174_3779170896_1000 : RSOP_ExtensionStatus.extensionGuid="{C34B2751-1CF4-44F5-9262-C3FC39666591}"</Operation>
<ResultCode>0x80041002</ResultCode>
<PossibleCause>Unknown</PossibleCause>
</Operation_ClientFailure>
</UserData>
</Event>

<Event xmlns="http://schemas.microsoft.com/win/2004/08/events/event"><System><Provider Name="Microsoft-Windows-WMI-Activity" Guid="{1418ef04-b0b4-4623-bf7e-d74ab47bbdaa}"></Provider>
<EventID Qualifiers="">5858</EventID>
<Version>0</Version>
<Level>2</Level>
<Task>0</Task>
<Opcode>0</Opcode>
<Keywords>0x4000000000000000</Keywords>
<TimeCreated SystemTime="2020-10-22 20:52:25.750025"></TimeCreated>
<EventRecordID>82</EventRecordID>
<Correlation ActivityID="" RelatedActivityID=""></Correlation>
<Execution ProcessID="540" ThreadID="2708"></Execution>
<Channel>Microsoft-Windows-WMI-Activity/Operational</Channel>
<Computer>WIN-PTFPHFCRDJ0</Computer>
<Security UserID="S-1-5-18"></Security>
</System>
<UserData><Operation_ClientFailure xmlns="http://manifests.microsoft.com/win/2006/windows/WMI"><Id>{C247E499-DFDC-413D-857D-7A7252EB906A}</Id>
<ClientMachine>WIN-PTFPHFCRDJ0</ClientMachine>
<User></User>
<ClientProcessId>540</ClientProcessId>
<Component>Unknown</Component>
<Operation>Start IWbemServices::DeleteInstance - Root\Rsop\User\S_1_5_21_1152959844_3645458174_3779170896_1000 : RSOP_ExtensionStatus.extensionGuid="{C418DD9D-0D14-4efb-8FBF-CFE535C8FAC7}"</Operation>
<ResultCode>0x80041002</ResultCode>
<PossibleCause>Unknown</PossibleCause>
</Operation_ClientFailure>
</UserData>
</Event>

<Event xmlns="http://schemas.microsoft.com/win/2004/08/events/event"><System><Provider Name="Microsoft-Windows-WMI-Activity" Guid="{1418ef04-b0b4-4623-bf7e-d74ab47bbdaa}"></Provider>
<EventID Qualifiers="">5858</EventID>
<Version>0</Version>
<Level>2</Level>
<Task>0</Task>
<Opcode>0</Opcode>
<Keywords>0x4000000000000000</Keywords>
<TimeCreated SystemTime="2020-10-22 20:52:25.750147"></TimeCreated>
<EventRecordID>83</EventRecordID>
<Correlation ActivityID="" RelatedActivityID=""></Correlation>
<Execution ProcessID="540" ThreadID="2708"></Execution>
<Channel>Microsoft-Windows-WMI-Activity/Operational</Channel>
<Computer>WIN-PTFPHFCRDJ0</Computer>
<Security UserID="S-1-5-18"></Security>
</System>
<UserData><Operation_ClientFailure xmlns="http://manifests.microsoft.com/win/2006/windows/WMI"><Id>{C247E499-DFDC-413D-857D-7A7252EB906A}</Id>
<ClientMachine>WIN-PTFPHFCRDJ0</ClientMachine>
<User></User>
<ClientProcessId>540</ClientProcessId>
<Component>Unknown</Component>
<Operation>Start IWbemServices::DeleteInstance - Root\Rsop\User\S_1_5_21_1152959844_3645458174_3779170896_1000 : RSOP_ExtensionStatus.extensionGuid="{C631DF4C-088F-4156-B058-4375F0853CD8}"</Operation>
<ResultCode>0x80041002</ResultCode>
<PossibleCause>Unknown</PossibleCause>
</Operation_ClientFailure>
</UserData>
</Event>

<Event xmlns="http://schemas.microsoft.com/win/2004/08/events/event"><System><Provider Name="Microsoft-Windows-WMI-Activity" Guid="{1418ef04-b0b4-4623-bf7e-d74ab47bbdaa}"></Provider>
<EventID Qualifiers="">5858</EventID>
<Version>0</Version>
<Level>2</Level>
<Task>0</Task>
<Opcode>0</Opcode>
<Keywords>0x4000000000000000</Keywords>
<TimeCreated SystemTime="2020-10-22 20:52:25.750280"></TimeCreated>
<EventRecordID>84</EventRecordID>
<Correlation ActivityID="" RelatedActivityID=""></Correlation>
<Execution ProcessID="540" ThreadID="2708"></Execution>
<Channel>Microsoft-Windows-WMI-Activity/Operational</Channel>
<Computer>WIN-PTFPHFCRDJ0</Computer>
<Security UserID="S-1-5-18"></Security>
</System>
<UserData><Operation_ClientFailure xmlns="http://manifests.microsoft.com/win/2006/windows/WMI"><Id>{C247E499-DFDC-413D-857D-7A7252EB906A}</Id>
<ClientMachine>WIN-PTFPHFCRDJ0</ClientMachine>
<User></User>
<ClientProcessId>540</ClientProcessId>
<Component>Unknown</Component>
<Operation>Start IWbemServices::DeleteInstance - Root\Rsop\User\S_1_5_21_1152959844_3645458174_3779170896_1000 : RSOP_ExtensionStatus.extensionGuid="{c6dc5466-785a-11d2-84d0-00c04fb169f7}"</Operation>
<ResultCode>0x80041002</ResultCode>
<PossibleCause>Unknown</PossibleCause>
</Operation_ClientFailure>
</UserData>
</Event>

<Event xmlns="http://schemas.microsoft.com/win/2004/08/events/event"><System><Provider Name="Microsoft-Windows-WMI-Activity" Guid="{1418ef04-b0b4-4623-bf7e-d74ab47bbdaa}"></Provider>
<EventID Qualifiers="">5858</EventID>
<Version>0</Version>
<Level>2</Level>
<Task>0</Task>
<Opcode>0</Opcode>
<Keywords>0x4000000000000000</Keywords>
<TimeCreated SystemTime="2020-10-22 20:52:25.750412"></TimeCreated>
<EventRecordID>85</EventRecordID>
<Correlation ActivityID="" RelatedActivityID=""></Correlation>
<Execution ProcessID="540" ThreadID="2708"></Execution>
<Channel>Microsoft-Windows-WMI-Activity/Operational</Channel>
<Computer>WIN-PTFPHFCRDJ0</Computer>
<Security UserID="S-1-5-18"></Security>
</System>
<UserData><Operation_ClientFailure xmlns="http://manifests.microsoft.com/win/2006/windows/WMI"><Id>{C247E499-DFDC-413D-857D-7A7252EB906A}</Id>
<ClientMachine>WIN-PTFPHFCRDJ0</ClientMachine>
<User></User>
<ClientProcessId>540</ClientProcessId>
<Component>Unknown</Component>
<Operation>Start IWbemServices::DeleteInstance - Root\Rsop\User\S_1_5_21_1152959844_3645458174_3779170896_1000 : RSOP_ExtensionStatus.extensionGuid="{CF7639F3-ABA2-41DB-97F2-81E2C5DBFC5D}"</Operation>
<ResultCode>0x80041002</ResultCode>
<PossibleCause>Unknown</PossibleCause>
</Operation_ClientFailure>
</UserData>
</Event>

<Event xmlns="http://schemas.microsoft.com/win/2004/08/events/event"><System><Provider Name="Microsoft-Windows-WMI-Activity" Guid="{1418ef04-b0b4-4623-bf7e-d74ab47bbdaa}"></Provider>
<EventID Qualifiers="">5858</EventID>
<Version>0</Version>
<Level>2</Level>
<Task>0</Task>
<Opcode>0</Opcode>
<Keywords>0x4000000000000000</Keywords>
<TimeCreated SystemTime="2020-10-22 20:52:25.750549"></TimeCreated>
<EventRecordID>86</EventRecordID>
<Correlation ActivityID="" RelatedActivityID=""></Correlation>
<Execution ProcessID="540" ThreadID="2708"></Execution>
<Channel>Microsoft-Windows-WMI-Activity/Operational</Channel>
<Computer>WIN-PTFPHFCRDJ0</Computer>
<Security UserID="S-1-5-18"></Security>
</System>
<UserData><Operation_ClientFailure xmlns="http://manifests.microsoft.com/win/2006/windows/WMI"><Id>{C247E499-DFDC-413D-857D-7A7252EB906A}</Id>
<ClientMachine>WIN-PTFPHFCRDJ0</ClientMachine>
<User></User>
<ClientProcessId>540</ClientProcessId>
<Component>Unknown</Component>
<Operation>Start IWbemServices::DeleteInstance - Root\Rsop\User\S_1_5_21_1152959844_3645458174_3779170896_1000 : RSOP_ExtensionStatus.extensionGuid="{CFF649BD-601D-4361-AD3D-0FC365DB4DB7}"</Operation>
<ResultCode>0x80041002</ResultCode>
<PossibleCause>Unknown</PossibleCause>
</Operation_ClientFailure>
</UserData>
</Event>

<Event xmlns="http://schemas.microsoft.com/win/2004/08/events/event"><System><Provider Name="Microsoft-Windows-WMI-Activity" Guid="{1418ef04-b0b4-4623-bf7e-d74ab47bbdaa}"></Provider>
<EventID Qualifiers="">5858</EventID>
<Version>0</Version>
<Level>2</Level>
<Task>0</Task>
<Opcode>0</Opcode>
<Keywords>0x4000000000000000</Keywords>
<TimeCreated SystemTime="2020-10-22 20:52:25.750698"></TimeCreated>
<EventRecordID>87</EventRecordID>
<Correlation ActivityID="" RelatedActivityID=""></Correlation>
<Execution ProcessID="540" ThreadID="2708"></Execution>
<Channel>Microsoft-Windows-WMI-Activity/Operational</Channel>
<Computer>WIN-PTFPHFCRDJ0</Computer>
<Security UserID="S-1-5-18"></Security>
</System>
<UserData><Operation_ClientFailure xmlns="http://manifests.microsoft.com/win/2006/windows/WMI"><Id>{C247E499-DFDC-413D-857D-7A7252EB906A}</Id>
<ClientMachine>WIN-PTFPHFCRDJ0</ClientMachine>
<User></User>
<ClientProcessId>540</ClientProcessId>
<Component>Unknown</Component>
<Operation>Start IWbemServices::DeleteInstance - Root\Rsop\User\S_1_5_21_1152959844_3645458174_3779170896_1000 : RSOP_ExtensionStatus.extensionGuid="{E47248BA-94CC-49c4-BBB5-9EB7F05183D0}"</Operation>
<ResultCode>0x80041002</ResultCode>
<PossibleCause>Unknown</PossibleCause>
</Operation_ClientFailure>
</UserData>
</Event>

<Event xmlns="http://schemas.microsoft.com/win/2004/08/events/event"><System><Provider Name="Microsoft-Windows-WMI-Activity" Guid="{1418ef04-b0b4-4623-bf7e-d74ab47bbdaa}"></Provider>
<EventID Qualifiers="">5858</EventID>
<Version>0</Version>
<Level>2</Level>
<Task>0</Task>
<Opcode>0</Opcode>
<Keywords>0x4000000000000000</Keywords>
<TimeCreated SystemTime="2020-10-22 20:52:25.750834"></TimeCreated>
<EventRecordID>88</EventRecordID>
<Correlation ActivityID="" RelatedActivityID=""></Correlation>
<Execution ProcessID="540" ThreadID="2708"></Execution>
<Channel>Microsoft-Windows-WMI-Activity/Operational</Channel>
<Computer>WIN-PTFPHFCRDJ0</Computer>
<Security UserID="S-1-5-18"></Security>
</System>
<UserData><Operation_ClientFailure xmlns="http://manifests.microsoft.com/win/2006/windows/WMI"><Id>{C247E499-DFDC-413D-857D-7A7252EB906A}</Id>
<ClientMachine>WIN-PTFPHFCRDJ0</ClientMachine>
<User></User>
<ClientProcessId>540</ClientProcessId>
<Component>Unknown</Component>
<Operation>Start IWbemServices::DeleteInstance - Root\Rsop\User\S_1_5_21_1152959844_3645458174_3779170896_1000 : RSOP_ExtensionStatus.extensionGuid="{E4F48E54-F38D-4884-BFB9-D4D2E5729C18}"</Operation>
<ResultCode>0x80041002</ResultCode>
<PossibleCause>Unknown</PossibleCause>
</Operation_ClientFailure>
</UserData>
</Event>

<Event xmlns="http://schemas.microsoft.com/win/2004/08/events/event"><System><Provider Name="Microsoft-Windows-WMI-Activity" Guid="{1418ef04-b0b4-4623-bf7e-d74ab47bbdaa}"></Provider>
<EventID Qualifiers="">5858</EventID>
<Version>0</Version>
<Level>2</Level>
<Task>0</Task>
<Opcode>0</Opcode>
<Keywords>0x4000000000000000</Keywords>
<TimeCreated SystemTime="2020-10-22 20:52:25.750967"></TimeCreated>
<EventRecordID>89</EventRecordID>
<Correlation ActivityID="" RelatedActivityID=""></Correlation>
<Execution ProcessID="540" ThreadID="2708"></Execution>
<Channel>Microsoft-Windows-WMI-Activity/Operational</Channel>
<Computer>WIN-PTFPHFCRDJ0</Computer>
<Security UserID="S-1-5-18"></Security>
</System>
<UserData><Operation_ClientFailure xmlns="http://manifests.microsoft.com/win/2006/windows/WMI"><Id>{C247E499-DFDC-413D-857D-7A7252EB906A}</Id>
<ClientMachine>WIN-PTFPHFCRDJ0</ClientMachine>
<User></User>
<ClientProcessId>540</ClientProcessId>
<Component>Unknown</Component>
<Operation>Start IWbemServices::DeleteInstance - Root\Rsop\User\S_1_5_21_1152959844_3645458174_3779170896_1000 : RSOP_ExtensionStatus.extensionGuid="{E5094040-C46C-4115-B030-04FB2E545B00}"</Operation>
<ResultCode>0x80041002</ResultCode>
<PossibleCause>Unknown</PossibleCause>
</Operation_ClientFailure>
</UserData>
</Event>

<Event xmlns="http://schemas.microsoft.com/win/2004/08/events/event"><System><Provider Name="Microsoft-Windows-WMI-Activity" Guid="{1418ef04-b0b4-4623-bf7e-d74ab47bbdaa}"></Provider>
<EventID Qualifiers="">5858</EventID>
<Version>0</Version>
<Level>2</Level>
<Task>0</Task>
<Opcode>0</Opcode>
<Keywords>0x4000000000000000</Keywords>
<TimeCreated SystemTime="2020-10-22 20:52:25.751101"></TimeCreated>
<EventRecordID>90</EventRecordID>
<Correlation ActivityID="" RelatedActivityID=""></Correlation>
<Execution ProcessID="540" ThreadID="2708"></Execution>
<Channel>Microsoft-Windows-WMI-Activity/Operational</Channel>
<Computer>WIN-PTFPHFCRDJ0</Computer>
<Security UserID="S-1-5-18"></Security>
</System>
<UserData><Operation_ClientFailure xmlns="http://manifests.microsoft.com/win/2006/windows/WMI"><Id>{C247E499-DFDC-413D-857D-7A7252EB906A}</Id>
<ClientMachine>WIN-PTFPHFCRDJ0</ClientMachine>
<User></User>
<ClientProcessId>540</ClientProcessId>
<Component>Unknown</Component>
<Operation>Start IWbemServices::DeleteInstance - Root\Rsop\User\S_1_5_21_1152959844_3645458174_3779170896_1000 : RSOP_ExtensionStatus.extensionGuid="{E62688F0-25FD-4c90-BFF5-F508B9D2E31F}"</Operation>
<ResultCode>0x80041002</ResultCode>
<PossibleCause>Unknown</PossibleCause>
</Operation_ClientFailure>
</UserData>
</Event>

<Event xmlns="http://schemas.microsoft.com/win/2004/08/events/event"><System><Provider Name="Microsoft-Windows-WMI-Activity" Guid="{1418ef04-b0b4-4623-bf7e-d74ab47bbdaa}"></Provider>
<EventID Qualifiers="">5858</EventID>
<Version>0</Version>
<Level>2</Level>
<Task>0</Task>
<Opcode>0</Opcode>
<Keywords>0x4000000000000000</Keywords>
<TimeCreated SystemTime="2020-10-22 20:52:25.751249"></TimeCreated>
<EventRecordID>91</EventRecordID>
<Correlation ActivityID="" RelatedActivityID=""></Correlation>
<Execution ProcessID="540" ThreadID="2708"></Execution>
<Channel>Microsoft-Windows-WMI-Activity/Operational</Channel>
<Computer>WIN-PTFPHFCRDJ0</Computer>
<Security UserID="S-1-5-18"></Security>
</System>
<UserData><Operation_ClientFailure xmlns="http://manifests.microsoft.com/win/2006/windows/WMI"><Id>{C247E499-DFDC-413D-857D-7A7252EB906A}</Id>
<ClientMachine>WIN-PTFPHFCRDJ0</ClientMachine>
<User></User>
<ClientProcessId>540</ClientProcessId>
<Component>Unknown</Component>
<Operation>Start IWbemServices::DeleteInstance - Root\Rsop\User\S_1_5_21_1152959844_3645458174_3779170896_1000 : RSOP_ExtensionStatus.extensionGuid="{F9C77450-3A41-477E-9310-9ACD617BD9E3}"</Operation>
<ResultCode>0x80041002</ResultCode>
<PossibleCause>Unknown</PossibleCause>
</Operation_ClientFailure>
</UserData>
</Event>

<Event xmlns="http://schemas.microsoft.com/win/2004/08/events/event"><System><Provider Name="Microsoft-Windows-WMI-Activity" Guid="{1418ef04-b0b4-4623-bf7e-d74ab47bbdaa}"></Provider>
<EventID Qualifiers="">5858</EventID>
<Version>0</Version>
<Level>2</Level>
<Task>0</Task>
<Opcode>0</Opcode>
<Keywords>0x4000000000000000</Keywords>
<TimeCreated SystemTime="2020-10-22 20:52:25.751371"></TimeCreated>
<EventRecordID>92</EventRecordID>
<Correlation ActivityID="" RelatedActivityID=""></Correlation>
<Execution ProcessID="540" ThreadID="2708"></Execution>
<Channel>Microsoft-Windows-WMI-Activity/Operational</Channel>
<Computer>WIN-PTFPHFCRDJ0</Computer>
<Security UserID="S-1-5-18"></Security>
</System>
<UserData><Operation_ClientFailure xmlns="http://manifests.microsoft.com/win/2006/windows/WMI"><Id>{C247E499-DFDC-413D-857D-7A7252EB906A}</Id>
<ClientMachine>WIN-PTFPHFCRDJ0</ClientMachine>
<User></User>
<ClientProcessId>540</ClientProcessId>
<Component>Unknown</Component>
<Operation>Start IWbemServices::DeleteInstance - Root\Rsop\User\S_1_5_21_1152959844_3645458174_3779170896_1000 : RSOP_ExtensionStatus.extensionGuid="{FB2CA36D-0B40-4307-821B-A13B252DE56C}"</Operation>
<ResultCode>0x80041002</ResultCode>
<PossibleCause>Unknown</PossibleCause>
</Operation_ClientFailure>
</UserData>
</Event>

<Event xmlns="http://schemas.microsoft.com/win/2004/08/events/event"><System><Provider Name="Microsoft-Windows-WMI-Activity" Guid="{1418ef04-b0b4-4623-bf7e-d74ab47bbdaa}"></Provider>
<EventID Qualifiers="">5857</EventID>
<Version>0</Version>
<Level>0</Level>
<Task>0</Task>
<Opcode>0</Opcode>
<Keywords>0x4000000000000000</Keywords>
<TimeCreated SystemTime="2020-10-22 20:52:31.228897"></TimeCreated>
<EventRecordID>93</EventRecordID>
<Correlation ActivityID="" RelatedActivityID=""></Correlation>
<Execution ProcessID="3268" ThreadID="3288"></Execution>
<Channel>Microsoft-Windows-WMI-Activity/Operational</Channel>
<Computer>WIN-PTFPHFCRDJ0</Computer>
<Security UserID="S-1-5-20"></Security>
</System>
<UserData><Operation_StartedOperational xmlns="http://manifests.microsoft.com/win/2006/windows/WMI"><ProviderName>ServerFeatureProvider</ProviderName>
<Code>0x00000000</Code>
<HostProcess>wmiprvse.exe</HostProcess>
<ProcessID>3268</ProcessID>
<ProviderPath>%windir%\system32\wbem\servercompprov.dll</ProviderPath>
</Operation_StartedOperational>
</UserData>
</Event>

<Event xmlns="http://schemas.microsoft.com/win/2004/08/events/event"><System><Provider Name="Microsoft-Windows-WMI-Activity" Guid="{1418ef04-b0b4-4623-bf7e-d74ab47bbdaa}"></Provider>
<EventID Qualifiers="">5857</EventID>
<Version>0</Version>
<Level>0</Level>
<Task>0</Task>
<Opcode>0</Opcode>
<Keywords>0x4000000000000000</Keywords>
<TimeCreated SystemTime="2020-10-22 20:52:32.107960"></TimeCreated>
<EventRecordID>94</EventRecordID>
<Correlation ActivityID="" RelatedActivityID=""></Correlation>
<Execution ProcessID="1344" ThreadID="3216"></Execution>
<Channel>Microsoft-Windows-WMI-Activity/Operational</Channel>
<Computer>WIN-PTFPHFCRDJ0</Computer>
<Security UserID="S-1-5-18"></Security>
</System>
<UserData><Operation_StartedOperational xmlns="http://manifests.microsoft.com/win/2006/windows/WMI"><ProviderName>deploymentprovider</ProviderName>
<Code>0x00000000</Code>
<HostProcess>wmiprvse.exe</HostProcess>
<ProcessID>1344</ProcessID>
<ProviderPath>%systemroot%\system32\wbem\ServerManager.DeploymentProvider.dll</ProviderPath>
</Operation_StartedOperational>
</UserData>
</Event>

<Event xmlns="http://schemas.microsoft.com/win/2004/08/events/event"><System><Provider Name="Microsoft-Windows-WMI-Activity" Guid="{1418ef04-b0b4-4623-bf7e-d74ab47bbdaa}"></Provider>
<EventID Qualifiers="">5858</EventID>
<Version>0</Version>
<Level>2</Level>
<Task>0</Task>
<Opcode>0</Opcode>
<Keywords>0x4000000000000000</Keywords>
<TimeCreated SystemTime="2020-10-22 20:52:36.106787"></TimeCreated>
<EventRecordID>95</EventRecordID>
<Correlation ActivityID="" RelatedActivityID=""></Correlation>
<Execution ProcessID="540" ThreadID="852"></Execution>
<Channel>Microsoft-Windows-WMI-Activity/Operational</Channel>
<Computer>WIN-PTFPHFCRDJ0</Computer>
<Security UserID="S-1-5-18"></Security>
</System>
<UserData><Operation_ClientFailure xmlns="http://manifests.microsoft.com/win/2006/windows/WMI"><Id>{00000000-0000-0000-0000-000000000000}</Id>
<ClientMachine>WIN-PTFPHFCRDJ0</ClientMachine>
<User>NT AUTHORITY\SYSTEM</User>
<ClientProcessId>2996</ClientProcessId>
<Component>Unknown</Component>
<Operation>Start IWbemServices::ExecQuery - ROOT\CIMV2 : SELECT ID FROM Win32_ServerFeature</Operation>
<ResultCode>0x80041032</ResultCode>
<PossibleCause>Unknown</PossibleCause>
</Operation_ClientFailure>
</UserData>
</Event>

<Event xmlns="http://schemas.microsoft.com/win/2004/08/events/event"><System><Provider Name="Microsoft-Windows-WMI-Activity" Guid="{1418ef04-b0b4-4623-bf7e-d74ab47bbdaa}"></Provider>
<EventID Qualifiers="">5858</EventID>
<Version>0</Version>
<Level>2</Level>
<Task>0</Task>
<Opcode>0</Opcode>
<Keywords>0x4000000000000000</Keywords>
<TimeCreated SystemTime="2020-10-22 20:53:09.972294"></TimeCreated>
<EventRecordID>96</EventRecordID>
<Correlation ActivityID="" RelatedActivityID=""></Correlation>
<Execution ProcessID="540" ThreadID="1668"></Execution>
<Channel>Microsoft-Windows-WMI-Activity/Operational</Channel>
<Computer>WIN-PTFPHFCRDJ0</Computer>
<Security UserID="S-1-5-18"></Security>
</System>
<UserData><Operation_ClientFailure xmlns="http://manifests.microsoft.com/win/2006/windows/WMI"><Id>{00000000-0000-0000-0000-000000000000}</Id>
<ClientMachine>WIN-PTFPHFCRDJ0</ClientMachine>
<User>NT AUTHORITY\SYSTEM</User>
<ClientProcessId>2996</ClientProcessId>
<Component>Unknown</Component>
<Operation>Start IWbemServices::ExecQuery - root\CIMV2 : SELECT uuid FROM win32_computersystemproduct </Operation>
<ResultCode>0x80041032</ResultCode>
<PossibleCause>Unknown</PossibleCause>
</Operation_ClientFailure>
</UserData>
</Event>

<Event xmlns="http://schemas.microsoft.com/win/2004/08/events/event"><System><Provider Name="Microsoft-Windows-WMI-Activity" Guid="{1418ef04-b0b4-4623-bf7e-d74ab47bbdaa}"></Provider>
<EventID Qualifiers="">5858</EventID>
<Version>0</Version>
<Level>2</Level>
<Task>0</Task>
<Opcode>0</Opcode>
<Keywords>0x4000000000000000</Keywords>
<TimeCreated SystemTime="2020-10-22 20:53:16.963747"></TimeCreated>
<EventRecordID>97</EventRecordID>
<Correlation ActivityID="" RelatedActivityID=""></Correlation>
<Execution ProcessID="540" ThreadID="1668"></Execution>
<Channel>Microsoft-Windows-WMI-Activity/Operational</Channel>
<Computer>WIN-PTFPHFCRDJ0</Computer>
<Security UserID="S-1-5-18"></Security>
</System>
<UserData><Operation_ClientFailure xmlns="http://manifests.microsoft.com/win/2006/windows/WMI"><Id>{00000000-0000-0000-0000-000000000000}</Id>
<ClientMachine>WIN-PTFPHFCRDJ0</ClientMachine>
<User>NT AUTHORITY\SYSTEM</User>
<ClientProcessId>2996</ClientProcessId>
<Component>Unknown</Component>
<Operation>Start IWbemServices::ExecQuery - ROOT\CIMV2 : select ChassisTypes from Win32_SystemEnclosure</Operation>
<ResultCode>0x80041032</ResultCode>
<PossibleCause>Unknown</PossibleCause>
</Operation_ClientFailure>
</UserData>
</Event>

<Event xmlns="http://schemas.microsoft.com/win/2004/08/events/event"><System><Provider Name="Microsoft-Windows-WMI-Activity" Guid="{1418ef04-b0b4-4623-bf7e-d74ab47bbdaa}"></Provider>
<EventID Qualifiers="">5857</EventID>
<Version>0</Version>
<Level>0</Level>
<Task>0</Task>
<Opcode>0</Opcode>
<Keywords>0x4000000000000000</Keywords>
<TimeCreated SystemTime="2020-10-22 20:53:18.719090"></TimeCreated>
<EventRecordID>98</EventRecordID>
<Correlation ActivityID="" RelatedActivityID=""></Correlation>
<Execution ProcessID="3268" ThreadID="3284"></Execution>
<Channel>Microsoft-Windows-WMI-Activity/Operational</Channel>
<Computer>WIN-PTFPHFCRDJ0</Computer>
<Security UserID="S-1-5-20"></Security>
</System>
<UserData><Operation_StartedOperational xmlns="http://manifests.microsoft.com/win/2006/windows/WMI"><ProviderName>Win32_TpmProvider</ProviderName>
<Code>0x00000000</Code>
<HostProcess>wmiprvse.exe</HostProcess>
<ProcessID>3268</ProcessID>
<ProviderPath>C:\Windows\System32\wbem\Win32_TPM.dll</ProviderPath>
</Operation_StartedOperational>
</UserData>
</Event>

<Event xmlns="http://schemas.microsoft.com/win/2004/08/events/event"><System><Provider Name="Microsoft-Windows-WMI-Activity" Guid="{1418ef04-b0b4-4623-bf7e-d74ab47bbdaa}"></Provider>
<EventID Qualifiers="">5858</EventID>
<Version>0</Version>
<Level>2</Level>
<Task>0</Task>
<Opcode>0</Opcode>
<Keywords>0x4000000000000000</Keywords>
<TimeCreated SystemTime="2020-10-22 20:53:48.916893"></TimeCreated>
<EventRecordID>99</EventRecordID>
<Correlation ActivityID="" RelatedActivityID=""></Correlation>
<Execution ProcessID="540" ThreadID="1520"></Execution>
<Channel>Microsoft-Windows-WMI-Activity/Operational</Channel>
<Computer>WIN-PTFPHFCRDJ0</Computer>
<Security UserID="S-1-5-18"></Security>
</System>
<UserData><Operation_ClientFailure xmlns="http://manifests.microsoft.com/win/2006/windows/WMI"><Id>{00000000-0000-0000-0000-000000000000}</Id>
<ClientMachine>WIN-PTFPHFCRDJ0</ClientMachine>
<User>NT AUTHORITY\SYSTEM</User>
<ClientProcessId>2904</ClientProcessId>
<Component>Unknown</Component>
<Operation>Start IWbemServices::ExecQuery - ROOT\CIMV2 : SELECT * FROM Win32_Account WHERE SID='S-1-5-32-544' AND localAccount = TRUE</Operation>
<ResultCode>0x80041032</ResultCode>
<PossibleCause>Unknown</PossibleCause>
</Operation_ClientFailure>
</UserData>
</Event>

<Event xmlns="http://schemas.microsoft.com/win/2004/08/events/event"><System><Provider Name="Microsoft-Windows-WMI-Activity" Guid="{1418ef04-b0b4-4623-bf7e-d74ab47bbdaa}"></Provider>
<EventID Qualifiers="">5858</EventID>
<Version>0</Version>
<Level>2</Level>
<Task>0</Task>
<Opcode>0</Opcode>
<Keywords>0x4000000000000000</Keywords>
<TimeCreated SystemTime="2020-10-22 20:53:49.066591"></TimeCreated>
<EventRecordID>100</EventRecordID>
<Correlation ActivityID="" RelatedActivityID=""></Correlation>
<Execution ProcessID="540" ThreadID="3548"></Execution>
<Channel>Microsoft-Windows-WMI-Activity/Operational</Channel>
<Computer>WIN-PTFPHFCRDJ0</Computer>
<Security UserID="S-1-5-18"></Security>
</System>
<UserData><Operation_ClientFailure xmlns="http://manifests.microsoft.com/win/2006/windows/WMI"><Id>{00000000-0000-0000-0000-000000000000}</Id>
<ClientMachine>WIN-PTFPHFCRDJ0</ClientMachine>
<User>NT AUTHORITY\SYSTEM</User>
<ClientProcessId>2904</ClientProcessId>
<Component>Unknown</Component>
<Operation>Start IWbemServices::ExecQuery - ROOT\CIMV2 : SELECT * FROM Win32_Account WHERE SID='S-1-5-18' AND localAccount = TRUE</Operation>
<ResultCode>0x80041032</ResultCode>
<PossibleCause>Unknown</PossibleCause>
</Operation_ClientFailure>
</UserData>
</Event>

<Event xmlns="http://schemas.microsoft.com/win/2004/08/events/event"><System><Provider Name="Microsoft-Windows-WMI-Activity" Guid="{1418ef04-b0b4-4623-bf7e-d74ab47bbdaa}"></Provider>
<EventID Qualifiers="">5861</EventID>
<Version>0</Version>
<Level>0</Level>
<Task>0</Task>
<Opcode>0</Opcode>
<Keywords>0x4000000000000000</Keywords>
<TimeCreated SystemTime="2020-10-22 20:53:54.264170"></TimeCreated>
<EventRecordID>101</EventRecordID>
<Correlation ActivityID="" RelatedActivityID=""></Correlation>
<Execution ProcessID="540" ThreadID="4256"></Execution>
<Channel>Microsoft-Windows-WMI-Activity/Operational</Channel>
<Computer>WIN-PTFPHFCRDJ0</Computer>
<Security UserID="S-1-5-18"></Security>
</System>
<UserData><Operation_ESStoConsumerBinding xmlns="http://manifests.microsoft.com/win/2006/windows/WMI"><Namespace>//./root/subscription</Namespace>
<ESS>SCM Event Log Filter</ESS>
<CONSUMER>NTEventLogEventConsumer="SCM Event Log Consumer"</CONSUMER>
<PossibleCause>Binding EventFilter: 
instance of __EventFilter
{
	CreatorSID = {1, 2, 0, 0, 0, 0, 0, 5, 32, 0, 0, 0, 32, 2, 0, 0};
	EventNamespace = "root\\cimv2";
	Name = "SCM Event Log Filter";
	Query = "select * from MSFT_SCMEventLogEvent";
	QueryLanguage = "WQL";
};
Perm. Consumer: 
instance of NTEventLogEventConsumer
{
	Category = 0;
	CreatorSID = {1, 2, 0, 0, 0, 0, 0, 5, 32, 0, 0, 0, 32, 2, 0, 0};
	EventType = 1;
	Name = "SCM Event Log Consumer";
	NameOfUserSIDProperty = "sid";
	SourceName = "Service Control Manager";
};
</PossibleCause>
</Operation_ESStoConsumerBinding>
</UserData>
</Event>

<Event xmlns="http://schemas.microsoft.com/win/2004/08/events/event"><System><Provider Name="Microsoft-Windows-WMI-Activity" Guid="{1418ef04-b0b4-4623-bf7e-d74ab47bbdaa}"></Provider>
<EventID Qualifiers="">5859</EventID>
<Version>0</Version>
<Level>0</Level>
<Task>0</Task>
<Opcode>0</Opcode>
<Keywords>0x4000000000000000</Keywords>
<TimeCreated SystemTime="2020-10-22 20:53:54.515331"></TimeCreated>
<EventRecordID>102</EventRecordID>
<Correlation ActivityID="{f2d9b0db-a91d-0000-8b07-daf21da9d601}" RelatedActivityID=""></Correlation>
<Execution ProcessID="540" ThreadID="1168"></Execution>
<Channel>Microsoft-Windows-WMI-Activity/Operational</Channel>
<Computer>WIN-PTFPHFCRDJ0</Computer>
<Security UserID="S-1-5-18"></Security>
</System>
<UserData><Operation_EssStarted xmlns="http://manifests.microsoft.com/win/2006/windows/WMI"><NamespaceName>//./root/CIMV2</NamespaceName>
<Query>select * from MSFT_SCMEventLogEvent</Query>
<User>S-1-5-32-544</User>
<Processid>540</Processid>
<Provider>SCM Event Provider</Provider>
<queryid>0</queryid>
<PossibleCause>Permanent</PossibleCause>
</Operation_EssStarted>
</UserData>
</Event>

<Event xmlns="http://schemas.microsoft.com/win/2004/08/events/event"><System><Provider Name="Microsoft-Windows-WMI-Activity" Guid="{1418ef04-b0b4-4623-bf7e-d74ab47bbdaa}"></Provider>
<EventID Qualifiers="">5857</EventID>
<Version>0</Version>
<Level>0</Level>
<Task>0</Task>
<Opcode>0</Opcode>
<Keywords>0x4000000000000000</Keywords>
<TimeCreated SystemTime="2020-10-22 20:53:56.915581"></TimeCreated>
<EventRecordID>103</EventRecordID>
<Correlation ActivityID="{f2d9b0db-a91d-0000-d607-daf21da9d601}" RelatedActivityID=""></Correlation>
<Execution ProcessID="6788" ThreadID="6808"></Execution>
<Channel>Microsoft-Windows-WMI-Activity/Operational</Channel>
<Computer>WIN-PTFPHFCRDJ0</Computer>
<Security UserID="S-1-5-18"></Security>
</System>
<UserData><Operation_StartedOperational xmlns="http://manifests.microsoft.com/win/2006/windows/WMI"><ProviderName>WmiPerfClass</ProviderName>
<Code>0x00000000</Code>
<HostProcess>wmiprvse.exe</HostProcess>
<ProcessID>6788</ProcessID>
<ProviderPath>C:\Windows\System32\wbem\WmiPerfClass.dll</ProviderPath>
</Operation_StartedOperational>
</UserData>
</Event>

<Event xmlns="http://schemas.microsoft.com/win/2004/08/events/event"><System><Provider Name="Microsoft-Windows-WMI-Activity" Guid="{1418ef04-b0b4-4623-bf7e-d74ab47bbdaa}"></Provider>
<EventID Qualifiers="">5857</EventID>
<Version>0</Version>
<Level>0</Level>
<Task>0</Task>
<Opcode>0</Opcode>
<Keywords>0x4000000000000000</Keywords>
<TimeCreated SystemTime="2020-10-22 20:53:59.148663"></TimeCreated>
<EventRecordID>104</EventRecordID>
<Correlation ActivityID="{f2d9b0db-a91d-0000-9c07-daf21da9d601}" RelatedActivityID=""></Correlation>
<Execution ProcessID="6788" ThreadID="6820"></Execution>
<Channel>Microsoft-Windows-WMI-Activity/Operational</Channel>
<Computer>WIN-PTFPHFCRDJ0</Computer>
<Security UserID="S-1-5-18"></Security>
</System>
<UserData><Operation_StartedOperational xmlns="http://manifests.microsoft.com/win/2006/windows/WMI"><ProviderName>WMIProv</ProviderName>
<Code>0x00000000</Code>
<HostProcess>wmiprvse.exe</HostProcess>
<ProcessID>6788</ProcessID>
<ProviderPath>%systemroot%\system32\wbem\wmiprov.dll</ProviderPath>
</Operation_StartedOperational>
</UserData>
</Event>

<Event xmlns="http://schemas.microsoft.com/win/2004/08/events/event"><System><Provider Name="Microsoft-Windows-WMI-Activity" Guid="{1418ef04-b0b4-4623-bf7e-d74ab47bbdaa}"></Provider>
<EventID Qualifiers="">5857</EventID>
<Version>0</Version>
<Level>0</Level>
<Task>0</Task>
<Opcode>0</Opcode>
<Keywords>0x4000000000000000</Keywords>
<TimeCreated SystemTime="2020-10-22 20:54:02.097429"></TimeCreated>
<EventRecordID>105</EventRecordID>
<Correlation ActivityID="" RelatedActivityID=""></Correlation>
<Execution ProcessID="540" ThreadID="2708"></Execution>
<Channel>Microsoft-Windows-WMI-Activity/Operational</Channel>
<Computer>WIN-PTFPHFCRDJ0</Computer>
<Security UserID="S-1-5-18"></Security>
</System>
<UserData><Operation_StartedOperational xmlns="http://manifests.microsoft.com/win/2006/windows/WMI"><ProviderName>WMI Kernel Trace Event Provider</ProviderName>
<Code>0x00000000</Code>
<HostProcess>wmiprvse.exe</HostProcess>
<ProcessID>540</ProcessID>
<ProviderPath>C:\Windows\System32\wbem\krnlprov.dll</ProviderPath>
</Operation_StartedOperational>
</UserData>
</Event>

<Event xmlns="http://schemas.microsoft.com/win/2004/08/events/event"><System><Provider Name="Microsoft-Windows-WMI-Activity" Guid="{1418ef04-b0b4-4623-bf7e-d74ab47bbdaa}"></Provider>
<EventID Qualifiers="">5860</EventID>
<Version>0</Version>
<Level>0</Level>
<Task>0</Task>
<Opcode>0</Opcode>
<Keywords>0x4000000000000000</Keywords>
<TimeCreated SystemTime="2020-10-22 20:54:02.102743"></TimeCreated>
<EventRecordID>106</EventRecordID>
<Correlation ActivityID="{f2d9b0db-a91d-0000-aa0a-daf21da9d601}" RelatedActivityID=""></Correlation>
<Execution ProcessID="540" ThreadID="2708"></Execution>
<Channel>Microsoft-Windows-WMI-Activity/Operational</Channel>
<Computer>WIN-PTFPHFCRDJ0</Computer>
<Security UserID="S-1-5-18"></Security>
</System>
<UserData><Operation_TemporaryEssStarted xmlns="http://manifests.microsoft.com/win/2006/windows/WMI"><NamespaceName>ROOT\CIMV2</NamespaceName>
<Query>SELECT * FROM Win32_ProcessStartTrace WHERE ProcessName = 'wsmprovhost.exe'</Query>
<User></User>
<Processid>540</Processid>
<ClientMachine>WIN-PTFPHFCRDJ0</ClientMachine>
<PossibleCause>Temporary</PossibleCause>
</Operation_TemporaryEssStarted>
</UserData>
</Event>

<Event xmlns="http://schemas.microsoft.com/win/2004/08/events/event"><System><Provider Name="Microsoft-Windows-WMI-Activity" Guid="{1418ef04-b0b4-4623-bf7e-d74ab47bbdaa}"></Provider>
<EventID Qualifiers="">5857</EventID>
<Version>0</Version>
<Level>0</Level>
<Task>0</Task>
<Opcode>0</Opcode>
<Keywords>0x4000000000000000</Keywords>
<TimeCreated SystemTime="2020-10-22 20:54:03.492575"></TimeCreated>
<EventRecordID>107</EventRecordID>
<Correlation ActivityID="{f2d9b0db-a91d-0000-aa0a-daf21da9d601}" RelatedActivityID=""></Correlation>
<Execution ProcessID="6788" ThreadID="6820"></Execution>
<Channel>Microsoft-Windows-WMI-Activity/Operational</Channel>
<Computer>WIN-PTFPHFCRDJ0</Computer>
<Security UserID="S-1-5-18"></Security>
</System>
<UserData><Operation_StartedOperational xmlns="http://manifests.microsoft.com/win/2006/windows/WMI"><ProviderName>WMIProv</ProviderName>
<Code>0x00000000</Code>
<HostProcess>wmiprvse.exe</HostProcess>
<ProcessID>6788</ProcessID>
<ProviderPath>%systemroot%\system32\wbem\wmiprov.dll</ProviderPath>
</Operation_StartedOperational>
</UserData>
</Event>

<Event xmlns="http://schemas.microsoft.com/win/2004/08/events/event"><System><Provider Name="Microsoft-Windows-WMI-Activity" Guid="{1418ef04-b0b4-4623-bf7e-d74ab47bbdaa}"></Provider>
<EventID Qualifiers="">5857</EventID>
<Version>0</Version>
<Level>0</Level>
<Task>0</Task>
<Opcode>0</Opcode>
<Keywords>0x4000000000000000</Keywords>
<TimeCreated SystemTime="2020-10-22 20:54:18.843039"></TimeCreated>
<EventRecordID>108</EventRecordID>
<Correlation ActivityID="" RelatedActivityID=""></Correlation>
<Execution ProcessID="3268" ThreadID="3284"></Execution>
<Channel>Microsoft-Windows-WMI-Activity/Operational</Channel>
<Computer>WIN-PTFPHFCRDJ0</Computer>
<Security UserID="S-1-5-20"></Security>
</System>
<UserData><Operation_StartedOperational xmlns="http://manifests.microsoft.com/win/2006/windows/WMI"><ProviderName>MS_NT_EVENTLOG_PROVIDER</ProviderName>
<Code>0x00000000</Code>
<HostProcess>wmiprvse.exe</HostProcess>
<ProcessID>3268</ProcessID>
<ProviderPath>%systemroot%\system32\wbem\ntevt.dll</ProviderPath>
</Operation_StartedOperational>
</UserData>
</Event>

<Event xmlns="http://schemas.microsoft.com/win/2004/08/events/event"><System><Provider Name="Microsoft-Windows-WMI-Activity" Guid="{1418ef04-b0b4-4623-bf7e-d74ab47bbdaa}"></Provider>
<EventID Qualifiers="">5857</EventID>
<Version>0</Version>
<Level>0</Level>
<Task>0</Task>
<Opcode>0</Opcode>
<Keywords>0x4000000000000000</Keywords>
<TimeCreated SystemTime="2020-10-22 20:54:25.274649"></TimeCreated>
<EventRecordID>109</EventRecordID>
<Correlation ActivityID="" RelatedActivityID=""></Correlation>
<Execution ProcessID="3268" ThreadID="3300"></Execution>
<Channel>Microsoft-Windows-WMI-Activity/Operational</Channel>
<Computer>WIN-PTFPHFCRDJ0</Computer>
<Security UserID="S-1-5-20"></Security>
</System>
<UserData><Operation_StartedOperational xmlns="http://manifests.microsoft.com/win/2006/windows/WMI"><ProviderName>mgmtprovider</ProviderName>
<Code>0x00000000</Code>
<HostProcess>wmiprvse.exe</HostProcess>
<ProcessID>3268</ProcessID>
<ProviderPath>%systemroot%\system32\wbem\mgmtprovider.dll</ProviderPath>
</Operation_StartedOperational>
</UserData>
</Event>

<Event xmlns="http://schemas.microsoft.com/win/2004/08/events/event"><System><Provider Name="Microsoft-Windows-WMI-Activity" Guid="{1418ef04-b0b4-4623-bf7e-d74ab47bbdaa}"></Provider>
<EventID Qualifiers="">5857</EventID>
<Version>0</Version>
<Level>0</Level>
<Task>0</Task>
<Opcode>0</Opcode>
<Keywords>0x4000000000000000</Keywords>
<TimeCreated SystemTime="2020-10-22 20:54:28.944378"></TimeCreated>
<EventRecordID>110</EventRecordID>
<Correlation ActivityID="" RelatedActivityID=""></Correlation>
<Execution ProcessID="6132" ThreadID="6188"></Execution>
<Channel>Microsoft-Windows-WMI-Activity/Operational</Channel>
<Computer>WIN-PTFPHFCRDJ0</Computer>
<Security UserID="S-1-5-19"></Security>
</System>
<UserData><Operation_StartedOperational xmlns="http://manifests.microsoft.com/win/2006/windows/WMI"><ProviderName>NetAdapterCim</ProviderName>
<Code>0x00000000</Code>
<HostProcess>wmiprvse.exe</HostProcess>
<ProcessID>6132</ProcessID>
<ProviderPath>%systemroot%\system32\wbem\NetAdapterCim.dll</ProviderPath>
</Operation_StartedOperational>
</UserData>
</Event>

<Event xmlns="http://schemas.microsoft.com/win/2004/08/events/event"><System><Provider Name="Microsoft-Windows-WMI-Activity" Guid="{1418ef04-b0b4-4623-bf7e-d74ab47bbdaa}"></Provider>
<EventID Qualifiers="">5858</EventID>
<Version>0</Version>
<Level>2</Level>
<Task>0</Task>
<Opcode>0</Opcode>
<Keywords>0x4000000000000000</Keywords>
<TimeCreated SystemTime="2020-10-22 20:54:29.008665"></TimeCreated>
<EventRecordID>111</EventRecordID>
<Correlation ActivityID="" RelatedActivityID=""></Correlation>
<Execution ProcessID="540" ThreadID="852"></Execution>
<Channel>Microsoft-Windows-WMI-Activity/Operational</Channel>
<Computer>WIN-PTFPHFCRDJ0</Computer>
<Security UserID="S-1-5-18"></Security>
</System>
<UserData><Operation_ClientFailure xmlns="http://manifests.microsoft.com/win/2006/windows/WMI"><Id>{00000000-0000-0000-0000-000000000000}</Id>
<ClientMachine>WIN-PTFPHFCRDJ0</ClientMachine>
<User>NT AUTHORITY\SYSTEM</User>
<ClientProcessId>1464</ClientProcessId>
<Component>Unknown</Component>
<Operation>Start IWbemServices::ExecQuery - root\cimv2 : SELECT * FROM Win32_ComputerSystemProduct</Operation>
<ResultCode>0x80041032</ResultCode>
<PossibleCause>Unknown</PossibleCause>
</Operation_ClientFailure>
</UserData>
</Event>

<Event xmlns="http://schemas.microsoft.com/win/2004/08/events/event"><System><Provider Name="Microsoft-Windows-WMI-Activity" Guid="{1418ef04-b0b4-4623-bf7e-d74ab47bbdaa}"></Provider>
<EventID Qualifiers="">5858</EventID>
<Version>0</Version>
<Level>2</Level>
<Task>0</Task>
<Opcode>0</Opcode>
<Keywords>0x4000000000000000</Keywords>
<TimeCreated SystemTime="2020-10-22 20:54:29.014055"></TimeCreated>
<EventRecordID>112</EventRecordID>
<Correlation ActivityID="" RelatedActivityID=""></Correlation>
<Execution ProcessID="540" ThreadID="3548"></Execution>
<Channel>Microsoft-Windows-WMI-Activity/Operational</Channel>
<Computer>WIN-PTFPHFCRDJ0</Computer>
<Security UserID="S-1-5-18"></Security>
</System>
<UserData><Operation_ClientFailure xmlns="http://manifests.microsoft.com/win/2006/windows/WMI"><Id>{00000000-0000-0000-0000-000000000000}</Id>
<ClientMachine>WIN-PTFPHFCRDJ0</ClientMachine>
<User>NT AUTHORITY\SYSTEM</User>
<ClientProcessId>1464</ClientProcessId>
<Component>Unknown</Component>
<Operation>Start IWbemServices::ExecQuery - root\cimv2 : SELECT * FROM Win32_ComputerSystem</Operation>
<ResultCode>0x80041032</ResultCode>
<PossibleCause>Unknown</PossibleCause>
</Operation_ClientFailure>
</UserData>
</Event>

<Event xmlns="http://schemas.microsoft.com/win/2004/08/events/event"><System><Provider Name="Microsoft-Windows-WMI-Activity" Guid="{1418ef04-b0b4-4623-bf7e-d74ab47bbdaa}"></Provider>
<EventID Qualifiers="">5858</EventID>
<Version>0</Version>
<Level>2</Level>
<Task>0</Task>
<Opcode>0</Opcode>
<Keywords>0x4000000000000000</Keywords>
<TimeCreated SystemTime="2020-10-22 20:54:29.018660"></TimeCreated>
<EventRecordID>113</EventRecordID>
<Correlation ActivityID="" RelatedActivityID=""></Correlation>
<Execution ProcessID="540" ThreadID="2020"></Execution>
<Channel>Microsoft-Windows-WMI-Activity/Operational</Channel>
<Computer>WIN-PTFPHFCRDJ0</Computer>
<Security UserID="S-1-5-18"></Security>
</System>
<UserData><Operation_ClientFailure xmlns="http://manifests.microsoft.com/win/2006/windows/WMI"><Id>{00000000-0000-0000-0000-000000000000}</Id>
<ClientMachine>WIN-PTFPHFCRDJ0</ClientMachine>
<User>NT AUTHORITY\SYSTEM</User>
<ClientProcessId>1464</ClientProcessId>
<Component>Unknown</Component>
<Operation>Start IWbemServices::ExecQuery - root\cimv2 : SELECT * FROM Win32_ComputerSystem</Operation>
<ResultCode>0x80041032</ResultCode>
<PossibleCause>Unknown</PossibleCause>
</Operation_ClientFailure>
</UserData>
</Event>

<Event xmlns="http://schemas.microsoft.com/win/2004/08/events/event"><System><Provider Name="Microsoft-Windows-WMI-Activity" Guid="{1418ef04-b0b4-4623-bf7e-d74ab47bbdaa}"></Provider>
<EventID Qualifiers="">5858</EventID>
<Version>0</Version>
<Level>2</Level>
<Task>0</Task>
<Opcode>0</Opcode>
<Keywords>0x4000000000000000</Keywords>
<TimeCreated SystemTime="2020-10-22 20:54:29.032192"></TimeCreated>
<EventRecordID>114</EventRecordID>
<Correlation ActivityID="" RelatedActivityID=""></Correlation>
<Execution ProcessID="540" ThreadID="3548"></Execution>
<Channel>Microsoft-Windows-WMI-Activity/Operational</Channel>
<Computer>WIN-PTFPHFCRDJ0</Computer>
<Security UserID="S-1-5-18"></Security>
</System>
<UserData><Operation_ClientFailure xmlns="http://manifests.microsoft.com/win/2006/windows/WMI"><Id>{00000000-0000-0000-0000-000000000000}</Id>
<ClientMachine>WIN-PTFPHFCRDJ0</ClientMachine>
<User>NT AUTHORITY\SYSTEM</User>
<ClientProcessId>1464</ClientProcessId>
<Component>Unknown</Component>
<Operation>Start IWbemServices::ExecQuery - root\cimv2 : SELECT * FROM Win32_OperatingSystem</Operation>
<ResultCode>0x80041032</ResultCode>
<PossibleCause>Unknown</PossibleCause>
</Operation_ClientFailure>
</UserData>
</Event>

<Event xmlns="http://schemas.microsoft.com/win/2004/08/events/event"><System><Provider Name="Microsoft-Windows-WMI-Activity" Guid="{1418ef04-b0b4-4623-bf7e-d74ab47bbdaa}"></Provider>
<EventID Qualifiers="">5858</EventID>
<Version>0</Version>
<Level>2</Level>
<Task>0</Task>
<Opcode>0</Opcode>
<Keywords>0x4000000000000000</Keywords>
<TimeCreated SystemTime="2020-10-22 20:54:29.052645"></TimeCreated>
<EventRecordID>115</EventRecordID>
<Correlation ActivityID="" RelatedActivityID=""></Correlation>
<Execution ProcessID="540" ThreadID="1748"></Execution>
<Channel>Microsoft-Windows-WMI-Activity/Operational</Channel>
<Computer>WIN-PTFPHFCRDJ0</Computer>
<Security UserID="S-1-5-18"></Security>
</System>
<UserData><Operation_ClientFailure xmlns="http://manifests.microsoft.com/win/2006/windows/WMI"><Id>{00000000-0000-0000-0000-000000000000}</Id>
<ClientMachine>WIN-PTFPHFCRDJ0</ClientMachine>
<User>NT AUTHORITY\SYSTEM</User>
<ClientProcessId>1464</ClientProcessId>
<Component>Unknown</Component>
<Operation>Start IWbemServices::ExecQuery - root\cimv2 : SELECT * FROM Win32_OperatingSystem</Operation>
<ResultCode>0x80041032</ResultCode>
<PossibleCause>Unknown</PossibleCause>
</Operation_ClientFailure>
</UserData>
</Event>

<Event xmlns="http://schemas.microsoft.com/win/2004/08/events/event"><System><Provider Name="Microsoft-Windows-WMI-Activity" Guid="{1418ef04-b0b4-4623-bf7e-d74ab47bbdaa}"></Provider>
<EventID Qualifiers="">5858</EventID>
<Version>0</Version>
<Level>2</Level>
<Task>0</Task>
<Opcode>0</Opcode>
<Keywords>0x4000000000000000</Keywords>
<TimeCreated SystemTime="2020-10-22 20:54:29.058065"></TimeCreated>
<EventRecordID>116</EventRecordID>
<Correlation ActivityID="" RelatedActivityID=""></Correlation>
<Execution ProcessID="540" ThreadID="1748"></Execution>
<Channel>Microsoft-Windows-WMI-Activity/Operational</Channel>
<Computer>WIN-PTFPHFCRDJ0</Computer>
<Security UserID="S-1-5-18"></Security>
</System>
<UserData><Operation_ClientFailure xmlns="http://manifests.microsoft.com/win/2006/windows/WMI"><Id>{00000000-0000-0000-0000-000000000000}</Id>
<ClientMachine>WIN-PTFPHFCRDJ0</ClientMachine>
<User>NT AUTHORITY\SYSTEM</User>
<ClientProcessId>1464</ClientProcessId>
<Component>Unknown</Component>
<Operation>Start IWbemServices::ExecQuery - root\cimv2 : SELECT * FROM Win32_ComputerSystem</Operation>
<ResultCode>0x80041032</ResultCode>
<PossibleCause>Unknown</PossibleCause>
</Operation_ClientFailure>
</UserData>
</Event>

<Event xmlns="http://schemas.microsoft.com/win/2004/08/events/event"><System><Provider Name="Microsoft-Windows-WMI-Activity" Guid="{1418ef04-b0b4-4623-bf7e-d74ab47bbdaa}"></Provider>
<EventID Qualifiers="">5857</EventID>
<Version>0</Version>
<Level>0</Level>
<Task>0</Task>
<Opcode>0</Opcode>
<Keywords>0x4000000000000000</Keywords>
<TimeCreated SystemTime="2020-10-22 20:54:29.495644"></TimeCreated>
<EventRecordID>117</EventRecordID>
<Correlation ActivityID="" RelatedActivityID=""></Correlation>
<Execution ProcessID="3268" ThreadID="3304"></Execution>
<Channel>Microsoft-Windows-WMI-Activity/Operational</Channel>
<Computer>WIN-PTFPHFCRDJ0</Computer>
<Security UserID="S-1-5-20"></Security>
</System>
<UserData><Operation_StartedOperational xmlns="http://manifests.microsoft.com/win/2006/windows/WMI"><ProviderName>nettcpip</ProviderName>
<Code>0x00000000</Code>
<HostProcess>wmiprvse.exe</HostProcess>
<ProcessID>3268</ProcessID>
<ProviderPath>%systemroot%\system32\wbem\NetTCPIP.dll</ProviderPath>
</Operation_StartedOperational>
</UserData>
</Event>

<Event xmlns="http://schemas.microsoft.com/win/2004/08/events/event"><System><Provider Name="Microsoft-Windows-WMI-Activity" Guid="{1418ef04-b0b4-4623-bf7e-d74ab47bbdaa}"></Provider>
<EventID Qualifiers="">5858</EventID>
<Version>0</Version>
<Level>2</Level>
<Task>0</Task>
<Opcode>0</Opcode>
<Keywords>0x4000000000000000</Keywords>
<TimeCreated SystemTime="2020-10-22 20:54:30.303856"></TimeCreated>
<EventRecordID>118</EventRecordID>
<Correlation ActivityID="" RelatedActivityID=""></Correlation>
<Execution ProcessID="540" ThreadID="1748"></Execution>
<Channel>Microsoft-Windows-WMI-Activity/Operational</Channel>
<Computer>WIN-PTFPHFCRDJ0</Computer>
<Security UserID="S-1-5-18"></Security>
</System>
<UserData><Operation_ClientFailure xmlns="http://manifests.microsoft.com/win/2006/windows/WMI"><Id>{00000000-0000-0000-0000-000000000000}</Id>
<ClientMachine>WIN-PTFPHFCRDJ0</ClientMachine>
<User>NT AUTHORITY\SYSTEM</User>
<ClientProcessId>1464</ClientProcessId>
<Component>Unknown</Component>
<Operation>Start IWbemServices::ExecQuery - root\cimv2 : SELECT * FROM Win32_Processor</Operation>
<ResultCode>0x80041032</ResultCode>
<PossibleCause>Unknown</PossibleCause>
</Operation_ClientFailure>
</UserData>
</Event>

<Event xmlns="http://schemas.microsoft.com/win/2004/08/events/event"><System><Provider Name="Microsoft-Windows-WMI-Activity" Guid="{1418ef04-b0b4-4623-bf7e-d74ab47bbdaa}"></Provider>
<EventID Qualifiers="">5858</EventID>
<Version>0</Version>
<Level>2</Level>
<Task>0</Task>
<Opcode>0</Opcode>
<Keywords>0x4000000000000000</Keywords>
<TimeCreated SystemTime="2020-10-22 20:54:30.309628"></TimeCreated>
<EventRecordID>119</EventRecordID>
<Correlation ActivityID="" RelatedActivityID=""></Correlation>
<Execution ProcessID="540" ThreadID="3548"></Execution>
<Channel>Microsoft-Windows-WMI-Activity/Operational</Channel>
<Computer>WIN-PTFPHFCRDJ0</Computer>
<Security UserID="S-1-5-18"></Security>
</System>
<UserData><Operation_ClientFailure xmlns="http://manifests.microsoft.com/win/2006/windows/WMI"><Id>{00000000-0000-0000-0000-000000000000}</Id>
<ClientMachine>WIN-PTFPHFCRDJ0</ClientMachine>
<User>NT AUTHORITY\SYSTEM</User>
<ClientProcessId>1464</ClientProcessId>
<Component>Unknown</Component>
<Operation>Start IWbemServices::ExecQuery - root\cimv2 : SELECT * FROM Win32_ComputerSystem</Operation>
<ResultCode>0x80041032</ResultCode>
<PossibleCause>Unknown</PossibleCause>
</Operation_ClientFailure>
</UserData>
</Event>

