<Event xmlns="http://schemas.microsoft.com/win/2004/08/events/event"><System><Provider Name="Microsoft-Windows-StateRepository" Guid="{89592015-d996-4636-8f61-066b5d4dd739}"></Provider>
<EventID Qualifiers="">221</EventID>
<Version>0</Version>
<Level>5</Level>
<Task>2</Task>
<Opcode>0</Opcode>
<Keywords>0x4000000000000001</Keywords>
<TimeCreated SystemTime="2020-10-27 02:08:12.584185"></TimeCreated>
<EventRecordID>118</EventRecordID>
<Correlation ActivityID="" RelatedActivityID=""></Correlation>
<Execution ProcessID="3180" ThreadID="1132"></Execution>
<Channel>Microsoft-Windows-StateRepository/Operational</Channel>
<Computer>WIN-PTFPHFCRDJ0</Computer>
<Security UserID="S-1-5-18"></Security>
</System>
<EventData><Data Name="Partition">2</Data>
<Data Name="ProcessId">3180</Data>
</EventData>
</Event>

<Event xmlns="http://schemas.microsoft.com/win/2004/08/events/event"><System><Provider Name="Microsoft-Windows-StateRepository" Guid="{89592015-d996-4636-8f61-066b5d4dd739}"></Provider>
<EventID Qualifiers="">245</EventID>
<Version>0</Version>
<Level>5</Level>
<Task>2</Task>
<Opcode>0</Opcode>
<Keywords>0x4000000000000001</Keywords>
<TimeCreated SystemTime="2020-10-27 02:08:12.589951"></TimeCreated>
<EventRecordID>119</EventRecordID>
<Correlation ActivityID="" RelatedActivityID=""></Correlation>
<Execution ProcessID="3180" ThreadID="1132"></Execution>
<Channel>Microsoft-Windows-StateRepository/Operational</Channel>
<Computer>WIN-PTFPHFCRDJ0</Computer>
<Security UserID="S-1-5-18"></Security>
</System>
<EventData><Data Name="ErrorCode">0x00000000</Data>
</EventData>
</Event>

<Event xmlns="http://schemas.microsoft.com/win/2004/08/events/event"><System><Provider Name="Microsoft-Windows-StateRepository" Guid="{89592015-d996-4636-8f61-066b5d4dd739}"></Provider>
<EventID Qualifiers="">216</EventID>
<Version>0</Version>
<Level>4</Level>
<Task>2</Task>
<Opcode>0</Opcode>
<Keywords>0x4000000000000001</Keywords>
<TimeCreated SystemTime="2020-10-27 02:08:12.822271"></TimeCreated>
<EventRecordID>120</EventRecordID>
<Correlation ActivityID="" RelatedActivityID=""></Correlation>
<Execution ProcessID="3180" ThreadID="1132"></Execution>
<Channel>Microsoft-Windows-StateRepository/Operational</Channel>
<Computer>WIN-PTFPHFCRDJ0</Computer>
<Security UserID="S-1-5-18"></Security>
</System>
<EventData><Data Name="ProcessId">3180</Data>
</EventData>
</Event>

<Event xmlns="http://schemas.microsoft.com/win/2004/08/events/event"><System><Provider Name="Microsoft-Windows-StateRepository" Guid="{89592015-d996-4636-8f61-066b5d4dd739}"></Provider>
<EventID Qualifiers="">231</EventID>
<Version>0</Version>
<Level>5</Level>
<Task>2</Task>
<Opcode>0</Opcode>
<Keywords>0x4000000000000001</Keywords>
<TimeCreated SystemTime="2020-10-27 02:39:05.937395"></TimeCreated>
<EventRecordID>121</EventRecordID>
<Correlation ActivityID="" RelatedActivityID=""></Correlation>
<Execution ProcessID="3180" ThreadID="4272"></Execution>
<Channel>Microsoft-Windows-StateRepository/Operational</Channel>
<Computer>WIN-PTFPHFCRDJ0</Computer>
<Security UserID="S-1-5-18"></Security>
</System>
<EventData><Data Name="Options">0x00000001</Data>
</EventData>
</Event>

</Events>
