<Event xmlns="http://schemas.microsoft.com/win/2004/08/events/event"><System><Provider Name="Microsoft-Windows-ShellCommon-StartLayoutPopulation" Guid="{97ca8142-10b1-4baa-9fbb-70a7d11231c3}"></Provider>
<EventID Qualifiers="">11</EventID>
<Version>0</Version>
<Level>4</Level>
<Task>6</Task>
<Opcode>0</Opcode>
<Keywords>0x4000000000000000</Keywords>
<TimeCreated SystemTime="2020-10-22 20:57:34.679924"></TimeCreated>
<EventRecordID>55</EventRecordID>
<Correlation ActivityID="" RelatedActivityID=""></Correlation>
<Execution ProcessID="3240" ThreadID="1040"></Execution>
<Channel>Microsoft-Windows-ShellCommon-StartLayoutPopulation/Operational</Channel>
<Computer>WIN-PTFPHFCRDJ0</Computer>
<Security UserID="S-1-5-21-1152959844-3645458174-3779170896-1000"></Security>
</System>
<EventData><Data Name="layoutProviderName">ResourceTranslationPostProcessor</Data>
</EventData>
</Event>

<Event xmlns="http://schemas.microsoft.com/win/2004/08/events/event"><System><Provider Name="Microsoft-Windows-ShellCommon-StartLayoutPopulation" Guid="{97ca8142-10b1-4baa-9fbb-70a7d11231c3}"></Provider>
<EventID Qualifiers="">11</EventID>
<Version>0</Version>
<Level>4</Level>
<Task>6</Task>
<Opcode>0</Opcode>
<Keywords>0x4000000000000000</Keywords>
<TimeCreated SystemTime="2020-10-22 20:57:34.682270"></TimeCreated>
<EventRecordID>56</EventRecordID>
<Correlation ActivityID="" RelatedActivityID=""></Correlation>
<Execution ProcessID="3240" ThreadID="1040"></Execution>
<Channel>Microsoft-Windows-ShellCommon-StartLayoutPopulation/Operational</Channel>
<Computer>WIN-PTFPHFCRDJ0</Computer>
<Security UserID="S-1-5-21-1152959844-3645458174-3779170896-1000"></Security>
</System>
<EventData><Data Name="layoutProviderName">StartCollectionPropertyPostProcessor</Data>
</EventData>
</Event>

<Event xmlns="http://schemas.microsoft.com/win/2004/08/events/event"><System><Provider Name="Microsoft-Windows-ShellCommon-StartLayoutPopulation" Guid="{97ca8142-10b1-4baa-9fbb-70a7d11231c3}"></Provider>
<EventID Qualifiers="">11</EventID>
<Version>0</Version>
<Level>4</Level>
<Task>6</Task>
<Opcode>0</Opcode>
<Keywords>0x4000000000000000</Keywords>
<TimeCreated SystemTime="2020-10-22 20:57:34.682283"></TimeCreated>
<EventRecordID>57</EventRecordID>
<Correlation ActivityID="" RelatedActivityID=""></Correlation>
<Execution ProcessID="3240" ThreadID="1040"></Execution>
<Channel>Microsoft-Windows-ShellCommon-StartLayoutPopulation/Operational</Channel>
<Computer>WIN-PTFPHFCRDJ0</Computer>
<Security UserID="S-1-5-21-1152959844-3645458174-3779170896-1000"></Security>
</System>
<EventData><Data Name="layoutProviderName">MfuModificationPostProcessor</Data>
</EventData>
</Event>

<Event xmlns="http://schemas.microsoft.com/win/2004/08/events/event"><System><Provider Name="Microsoft-Windows-ShellCommon-StartLayoutPopulation" Guid="{97ca8142-10b1-4baa-9fbb-70a7d11231c3}"></Provider>
<EventID Qualifiers="">13</EventID>
<Version>0</Version>
<Level>4</Level>
<Task>6</Task>
<Opcode>2</Opcode>
<Keywords>0x4000000000000000</Keywords>
<TimeCreated SystemTime="2020-10-22 20:57:34.682283"></TimeCreated>
<EventRecordID>58</EventRecordID>
<Correlation ActivityID="" RelatedActivityID=""></Correlation>
<Execution ProcessID="3240" ThreadID="1040"></Execution>
<Channel>Microsoft-Windows-ShellCommon-StartLayoutPopulation/Operational</Channel>
<Computer>WIN-PTFPHFCRDJ0</Computer>
<Security UserID="S-1-5-21-1152959844-3645458174-3779170896-1000"></Security>
</System>
<EventData></EventData>
</Event>

<Event xmlns="http://schemas.microsoft.com/win/2004/08/events/event"><System><Provider Name="Microsoft-Windows-ShellCommon-StartLayoutPopulation" Guid="{97ca8142-10b1-4baa-9fbb-70a7d11231c3}"></Provider>
<EventID Qualifiers="">14</EventID>
<Version>0</Version>
<Level>4</Level>
<Task>8</Task>
<Opcode>1</Opcode>
<Keywords>0x4000000000000000</Keywords>
<TimeCreated SystemTime="2020-10-22 20:57:34.682562"></TimeCreated>
<EventRecordID>59</EventRecordID>
<Correlation ActivityID="" RelatedActivityID=""></Correlation>
<Execution ProcessID="3240" ThreadID="1040"></Execution>
<Channel>Microsoft-Windows-ShellCommon-StartLayoutPopulation/Operational</Channel>
<Computer>WIN-PTFPHFCRDJ0</Computer>
<Security UserID="S-1-5-21-1152959844-3645458174-3779170896-1000"></Security>
</System>
<EventData></EventData>
</Event>

<Event xmlns="http://schemas.microsoft.com/win/2004/08/events/event"><System><Provider Name="Microsoft-Windows-ShellCommon-StartLayoutPopulation" Guid="{97ca8142-10b1-4baa-9fbb-70a7d11231c3}"></Provider>
<EventID Qualifiers="">15</EventID>
<Version>0</Version>
<Level>4</Level>
<Task>8</Task>
<Opcode>0</Opcode>
<Keywords>0x4000000000000000</Keywords>
<TimeCreated SystemTime="2020-10-22 20:57:34.683990"></TimeCreated>
<EventRecordID>60</EventRecordID>
<Correlation ActivityID="" RelatedActivityID=""></Correlation>
<Execution ProcessID="3240" ThreadID="1040"></Execution>
<Channel>Microsoft-Windows-ShellCommon-StartLayoutPopulation/Operational</Channel>
<Computer>WIN-PTFPHFCRDJ0</Computer>
<Security UserID="S-1-5-21-1152959844-3645458174-3779170896-1000"></Security>
</System>
<EventData><Data Name="value">CDS</Data>
</EventData>
</Event>

<Event xmlns="http://schemas.microsoft.com/win/2004/08/events/event"><System><Provider Name="Microsoft-Windows-ShellCommon-StartLayoutPopulation" Guid="{97ca8142-10b1-4baa-9fbb-70a7d11231c3}"></Provider>
<EventID Qualifiers="">1106</EventID>
<Version>0</Version>
<Level>4</Level>
<Task>1002</Task>
<Opcode>0</Opcode>
<Keywords>0x4000000000000000</Keywords>
<TimeCreated SystemTime="2020-10-22 20:57:34.695808"></TimeCreated>
<EventRecordID>61</EventRecordID>
<Correlation ActivityID="" RelatedActivityID=""></Correlation>
<Execution ProcessID="3240" ThreadID="1040"></Execution>
<Channel>Microsoft-Windows-ShellCommon-StartLayoutPopulation/Operational</Channel>
<Computer>WIN-PTFPHFCRDJ0</Computer>
<Security UserID="S-1-5-21-1152959844-3645458174-3779170896-1000"></Security>
</System>
<EventData><Data Name="value">Start.TileGrid</Data>
</EventData>
</Event>

<Event xmlns="http://schemas.microsoft.com/win/2004/08/events/event"><System><Provider Name="Microsoft-Windows-ShellCommon-StartLayoutPopulation" Guid="{97ca8142-10b1-4baa-9fbb-70a7d11231c3}"></Provider>
<EventID Qualifiers="">1100</EventID>
<Version>0</Version>
<Level>4</Level>
<Task>1001</Task>
<Opcode>0</Opcode>
<Keywords>0x4000000000000000</Keywords>
<TimeCreated SystemTime="2020-10-22 20:57:34.697245"></TimeCreated>
<EventRecordID>62</EventRecordID>
<Correlation ActivityID="" RelatedActivityID=""></Correlation>
<Execution ProcessID="3240" ThreadID="1040"></Execution>
<Channel>Microsoft-Windows-ShellCommon-StartLayoutPopulation/Operational</Channel>
<Computer>WIN-PTFPHFCRDJ0</Computer>
<Security UserID="S-1-5-21-1152959844-3645458174-3779170896-1000"></Security>
</System>
<EventData><Data Name="itemId">{11e41584-985a-4b55-b564-fdab438a68c1}</Data>
<Data Name="containerId">{00000000-0000-0000-0000-000000000000}</Data>
<Data Name="collectionName">Start.TileGrid</Data>
</EventData>
</Event>

<Event xmlns="http://schemas.microsoft.com/win/2004/08/events/event"><System><Provider Name="Microsoft-Windows-ShellCommon-StartLayoutPopulation" Guid="{97ca8142-10b1-4baa-9fbb-70a7d11231c3}"></Provider>
<EventID Qualifiers="">1254</EventID>
<Version>0</Version>
<Level>4</Level>
<Task>1002</Task>
<Opcode>0</Opcode>
<Keywords>0x4000000000000000</Keywords>
<TimeCreated SystemTime="2020-10-22 20:57:34.700218"></TimeCreated>
<EventRecordID>63</EventRecordID>
<Correlation ActivityID="" RelatedActivityID=""></Correlation>
<Execution ProcessID="3240" ThreadID="3256"></Execution>
<Channel>Microsoft-Windows-ShellCommon-StartLayoutPopulation/Operational</Channel>
<Computer>WIN-PTFPHFCRDJ0</Computer>
<Security UserID="S-1-5-21-1152959844-3645458174-3779170896-1000"></Security>
</System>
<EventData></EventData>
</Event>

<Event xmlns="http://schemas.microsoft.com/win/2004/08/events/event"><System><Provider Name="Microsoft-Windows-ShellCommon-StartLayoutPopulation" Guid="{97ca8142-10b1-4baa-9fbb-70a7d11231c3}"></Provider>
<EventID Qualifiers="">1102</EventID>
<Version>0</Version>
<Level>4</Level>
<Task>1001</Task>
<Opcode>0</Opcode>
<Keywords>0x4000000000000000</Keywords>
<TimeCreated SystemTime="2020-10-22 20:57:34.733492"></TimeCreated>
<EventRecordID>64</EventRecordID>
<Correlation ActivityID="" RelatedActivityID=""></Correlation>
<Execution ProcessID="3240" ThreadID="1040"></Execution>
<Channel>Microsoft-Windows-ShellCommon-StartLayoutPopulation/Operational</Channel>
<Computer>WIN-PTFPHFCRDJ0</Computer>
<Security UserID="S-1-5-21-1152959844-3645458174-3779170896-1000"></Security>
</System>
<EventData><Data Name="itemName">W~Microsoft.Windows.AdministrativeTools</Data>
<Data Name="itemId">{0e080f21-8d49-4d2a-a049-131694521dd0}</Data>
<Data Name="containerId">{11e41584-985a-4b55-b564-fdab438a68c1}</Data>
<Data Name="collectionName">Start.TileGrid</Data>
</EventData>
</Event>

<Event xmlns="http://schemas.microsoft.com/win/2004/08/events/event"><System><Provider Name="Microsoft-Windows-ShellCommon-StartLayoutPopulation" Guid="{97ca8142-10b1-4baa-9fbb-70a7d11231c3}"></Provider>
<EventID Qualifiers="">16</EventID>
<Version>0</Version>
<Level>4</Level>
<Task>8</Task>
<Opcode>0</Opcode>
<Keywords>0x4000000000000000</Keywords>
<TimeCreated SystemTime="2020-10-22 20:57:34.733791"></TimeCreated>
<EventRecordID>65</EventRecordID>
<Correlation ActivityID="" RelatedActivityID=""></Correlation>
<Execution ProcessID="3240" ThreadID="1040"></Execution>
<Channel>Microsoft-Windows-ShellCommon-StartLayoutPopulation/Operational</Channel>
<Computer>WIN-PTFPHFCRDJ0</Computer>
<Security UserID="S-1-5-21-1152959844-3645458174-3779170896-1000"></Security>
</System>
<EventData><Data Name="tileIdentifier">W~%APPDATA%\Microsoft\Windows\Start Menu\Programs\System Tools\Administrative Tools.lnk</Data>
</EventData>
</Event>

<Event xmlns="http://schemas.microsoft.com/win/2004/08/events/event"><System><Provider Name="Microsoft-Windows-ShellCommon-StartLayoutPopulation" Guid="{97ca8142-10b1-4baa-9fbb-70a7d11231c3}"></Provider>
<EventID Qualifiers="">1102</EventID>
<Version>0</Version>
<Level>4</Level>
<Task>1001</Task>
<Opcode>0</Opcode>
<Keywords>0x4000000000000000</Keywords>
<TimeCreated SystemTime="2020-10-22 20:57:34.742931"></TimeCreated>
<EventRecordID>66</EventRecordID>
<Correlation ActivityID="" RelatedActivityID=""></Correlation>
<Execution ProcessID="3240" ThreadID="1040"></Execution>
<Channel>Microsoft-Windows-ShellCommon-StartLayoutPopulation/Operational</Channel>
<Computer>WIN-PTFPHFCRDJ0</Computer>
<Security UserID="S-1-5-21-1152959844-3645458174-3779170896-1000"></Security>
</System>
<EventData><Data Name="itemName">W~{1AC14E77-02E7-4E5D-B744-2EB1AE5198B7}\ServerManager.exe</Data>
<Data Name="itemId">{ceeaeaf8-8026-4c6c-9314-54120001fa2f}</Data>
<Data Name="containerId">{11e41584-985a-4b55-b564-fdab438a68c1}</Data>
<Data Name="collectionName">Start.TileGrid</Data>
</EventData>
</Event>

<Event xmlns="http://schemas.microsoft.com/win/2004/08/events/event"><System><Provider Name="Microsoft-Windows-ShellCommon-StartLayoutPopulation" Guid="{97ca8142-10b1-4baa-9fbb-70a7d11231c3}"></Provider>
<EventID Qualifiers="">16</EventID>
<Version>0</Version>
<Level>4</Level>
<Task>8</Task>
<Opcode>0</Opcode>
<Keywords>0x4000000000000000</Keywords>
<TimeCreated SystemTime="2020-10-22 20:57:34.743050"></TimeCreated>
<EventRecordID>67</EventRecordID>
<Correlation ActivityID="" RelatedActivityID=""></Correlation>
<Execution ProcessID="3240" ThreadID="1040"></Execution>
<Channel>Microsoft-Windows-ShellCommon-StartLayoutPopulation/Operational</Channel>
<Computer>WIN-PTFPHFCRDJ0</Computer>
<Security UserID="S-1-5-21-1152959844-3645458174-3779170896-1000"></Security>
</System>
<EventData><Data Name="tileIdentifier">W~%ALLUSERSPROFILE%\Microsoft\Windows\Start Menu\Programs\Server Manager.lnk</Data>
</EventData>
</Event>

<Event xmlns="http://schemas.microsoft.com/win/2004/08/events/event"><System><Provider Name="Microsoft-Windows-ShellCommon-StartLayoutPopulation" Guid="{97ca8142-10b1-4baa-9fbb-70a7d11231c3}"></Provider>
<EventID Qualifiers="">1102</EventID>
<Version>0</Version>
<Level>4</Level>
<Task>1001</Task>
<Opcode>0</Opcode>
<Keywords>0x4000000000000000</Keywords>
<TimeCreated SystemTime="2020-10-22 20:57:34.749077"></TimeCreated>
<EventRecordID>68</EventRecordID>
<Correlation ActivityID="" RelatedActivityID=""></Correlation>
<Execution ProcessID="3240" ThreadID="1040"></Execution>
<Channel>Microsoft-Windows-ShellCommon-StartLayoutPopulation/Operational</Channel>
<Computer>WIN-PTFPHFCRDJ0</Computer>
<Security UserID="S-1-5-21-1152959844-3645458174-3779170896-1000"></Security>
</System>
<EventData><Data Name="itemName">W~{1AC14E77-02E7-4E5D-B744-2EB1AE5198B7}\WindowsPowerShell\v1.0\powershell.exe</Data>
<Data Name="itemId">{4b67cdce-4c29-4041-b67b-1ce78d769843}</Data>
<Data Name="containerId">{11e41584-985a-4b55-b564-fdab438a68c1}</Data>
<Data Name="collectionName">Start.TileGrid</Data>
</EventData>
</Event>

<Event xmlns="http://schemas.microsoft.com/win/2004/08/events/event"><System><Provider Name="Microsoft-Windows-ShellCommon-StartLayoutPopulation" Guid="{97ca8142-10b1-4baa-9fbb-70a7d11231c3}"></Provider>
<EventID Qualifiers="">16</EventID>
<Version>0</Version>
<Level>4</Level>
<Task>8</Task>
<Opcode>0</Opcode>
<Keywords>0x4000000000000000</Keywords>
<TimeCreated SystemTime="2020-10-22 20:57:34.749201"></TimeCreated>
<EventRecordID>69</EventRecordID>
<Correlation ActivityID="" RelatedActivityID=""></Correlation>
<Execution ProcessID="3240" ThreadID="1040"></Execution>
<Channel>Microsoft-Windows-ShellCommon-StartLayoutPopulation/Operational</Channel>
<Computer>WIN-PTFPHFCRDJ0</Computer>
<Security UserID="S-1-5-21-1152959844-3645458174-3779170896-1000"></Security>
</System>
<EventData><Data Name="tileIdentifier">W~%APPDATA%\Microsoft\Windows\Start Menu\Programs\Windows PowerShell\Windows PowerShell.lnk</Data>
</EventData>
</Event>

<Event xmlns="http://schemas.microsoft.com/win/2004/08/events/event"><System><Provider Name="Microsoft-Windows-ShellCommon-StartLayoutPopulation" Guid="{97ca8142-10b1-4baa-9fbb-70a7d11231c3}"></Provider>
<EventID Qualifiers="">1102</EventID>
<Version>0</Version>
<Level>4</Level>
<Task>1001</Task>
<Opcode>0</Opcode>
<Keywords>0x4000000000000000</Keywords>
<TimeCreated SystemTime="2020-10-22 20:57:34.752199"></TimeCreated>
<EventRecordID>70</EventRecordID>
<Correlation ActivityID="" RelatedActivityID=""></Correlation>
<Execution ProcessID="3240" ThreadID="1040"></Execution>
<Channel>Microsoft-Windows-ShellCommon-StartLayoutPopulation/Operational</Channel>
<Computer>WIN-PTFPHFCRDJ0</Computer>
<Security UserID="S-1-5-21-1152959844-3645458174-3779170896-1000"></Security>
</System>
<EventData><Data Name="itemName">W~Microsoft.AutoGenerated.{923DD477-5846-686B-A659-0FCCD73851A8}</Data>
<Data Name="itemId">{8b4ec22c-bd56-419a-8e4b-889b95ba0b0f}</Data>
<Data Name="containerId">{11e41584-985a-4b55-b564-fdab438a68c1}</Data>
<Data Name="collectionName">Start.TileGrid</Data>
</EventData>
</Event>

<Event xmlns="http://schemas.microsoft.com/win/2004/08/events/event"><System><Provider Name="Microsoft-Windows-ShellCommon-StartLayoutPopulation" Guid="{97ca8142-10b1-4baa-9fbb-70a7d11231c3}"></Provider>
<EventID Qualifiers="">16</EventID>
<Version>0</Version>
<Level>4</Level>
<Task>8</Task>
<Opcode>0</Opcode>
<Keywords>0x4000000000000000</Keywords>
<TimeCreated SystemTime="2020-10-22 20:57:34.752331"></TimeCreated>
<EventRecordID>71</EventRecordID>
<Correlation ActivityID="" RelatedActivityID=""></Correlation>
<Execution ProcessID="3240" ThreadID="1040"></Execution>
<Channel>Microsoft-Windows-ShellCommon-StartLayoutPopulation/Operational</Channel>
<Computer>WIN-PTFPHFCRDJ0</Computer>
<Security UserID="S-1-5-21-1152959844-3645458174-3779170896-1000"></Security>
</System>
<EventData><Data Name="tileIdentifier">W~%ALLUSERSPROFILE%\Microsoft\Windows\Start Menu\Programs\System Tools\Task Manager.lnk</Data>
</EventData>
</Event>

<Event xmlns="http://schemas.microsoft.com/win/2004/08/events/event"><System><Provider Name="Microsoft-Windows-ShellCommon-StartLayoutPopulation" Guid="{97ca8142-10b1-4baa-9fbb-70a7d11231c3}"></Provider>
<EventID Qualifiers="">1102</EventID>
<Version>0</Version>
<Level>4</Level>
<Task>1001</Task>
<Opcode>0</Opcode>
<Keywords>0x4000000000000000</Keywords>
<TimeCreated SystemTime="2020-10-22 20:57:34.755814"></TimeCreated>
<EventRecordID>72</EventRecordID>
<Correlation ActivityID="" RelatedActivityID=""></Correlation>
<Execution ProcessID="3240" ThreadID="1040"></Execution>
<Channel>Microsoft-Windows-ShellCommon-StartLayoutPopulation/Operational</Channel>
<Computer>WIN-PTFPHFCRDJ0</Computer>
<Security UserID="S-1-5-21-1152959844-3645458174-3779170896-1000"></Security>
</System>
<EventData><Data Name="itemName">W~{1AC14E77-02E7-4E5D-B744-2EB1AE5198B7}\WindowsPowerShell\v1.0\PowerShell_ISE.exe</Data>
<Data Name="itemId">{a80a7943-a602-47c7-a311-a80a8f272648}</Data>
<Data Name="containerId">{11e41584-985a-4b55-b564-fdab438a68c1}</Data>
<Data Name="collectionName">Start.TileGrid</Data>
</EventData>
</Event>

<Event xmlns="http://schemas.microsoft.com/win/2004/08/events/event"><System><Provider Name="Microsoft-Windows-ShellCommon-StartLayoutPopulation" Guid="{97ca8142-10b1-4baa-9fbb-70a7d11231c3}"></Provider>
<EventID Qualifiers="">16</EventID>
<Version>0</Version>
<Level>4</Level>
<Task>8</Task>
<Opcode>0</Opcode>
<Keywords>0x4000000000000000</Keywords>
<TimeCreated SystemTime="2020-10-22 20:57:34.755980"></TimeCreated>
<EventRecordID>73</EventRecordID>
<Correlation ActivityID="" RelatedActivityID=""></Correlation>
<Execution ProcessID="3240" ThreadID="1040"></Execution>
<Channel>Microsoft-Windows-ShellCommon-StartLayoutPopulation/Operational</Channel>
<Computer>WIN-PTFPHFCRDJ0</Computer>
<Security UserID="S-1-5-21-1152959844-3645458174-3779170896-1000"></Security>
</System>
<EventData><Data Name="tileIdentifier">W~%APPDATA%\Microsoft\Windows\Start Menu\Programs\Windows PowerShell\Windows PowerShell ISE.lnk</Data>
</EventData>
</Event>

<Event xmlns="http://schemas.microsoft.com/win/2004/08/events/event"><System><Provider Name="Microsoft-Windows-ShellCommon-StartLayoutPopulation" Guid="{97ca8142-10b1-4baa-9fbb-70a7d11231c3}"></Provider>
<EventID Qualifiers="">1102</EventID>
<Version>0</Version>
<Level>4</Level>
<Task>1001</Task>
<Opcode>0</Opcode>
<Keywords>0x4000000000000000</Keywords>
<TimeCreated SystemTime="2020-10-22 20:57:34.755991"></TimeCreated>
<EventRecordID>74</EventRecordID>
<Correlation ActivityID="" RelatedActivityID=""></Correlation>
<Execution ProcessID="3240" ThreadID="1040"></Execution>
<Channel>Microsoft-Windows-ShellCommon-StartLayoutPopulation/Operational</Channel>
<Computer>WIN-PTFPHFCRDJ0</Computer>
<Security UserID="S-1-5-21-1152959844-3645458174-3779170896-1000"></Security>
</System>
<EventData><Data Name="itemName">W~Microsoft.Windows.ControlPanel</Data>
<Data Name="itemId">{e78f37a8-4848-4fba-a157-7f6d0d708760}</Data>
<Data Name="containerId">{11e41584-985a-4b55-b564-fdab438a68c1}</Data>
<Data Name="collectionName">Start.TileGrid</Data>
</EventData>
</Event>

<Event xmlns="http://schemas.microsoft.com/win/2004/08/events/event"><System><Provider Name="Microsoft-Windows-ShellCommon-StartLayoutPopulation" Guid="{97ca8142-10b1-4baa-9fbb-70a7d11231c3}"></Provider>
<EventID Qualifiers="">16</EventID>
<Version>0</Version>
<Level>4</Level>
<Task>8</Task>
<Opcode>0</Opcode>
<Keywords>0x4000000000000000</Keywords>
<TimeCreated SystemTime="2020-10-22 20:57:34.756123"></TimeCreated>
<EventRecordID>75</EventRecordID>
<Correlation ActivityID="" RelatedActivityID=""></Correlation>
<Execution ProcessID="3240" ThreadID="1040"></Execution>
<Channel>Microsoft-Windows-ShellCommon-StartLayoutPopulation/Operational</Channel>
<Computer>WIN-PTFPHFCRDJ0</Computer>
<Security UserID="S-1-5-21-1152959844-3645458174-3779170896-1000"></Security>
</System>
<EventData><Data Name="tileIdentifier">W~Microsoft.Windows.ControlPanel</Data>
</EventData>
</Event>

<Event xmlns="http://schemas.microsoft.com/win/2004/08/events/event"><System><Provider Name="Microsoft-Windows-ShellCommon-StartLayoutPopulation" Guid="{97ca8142-10b1-4baa-9fbb-70a7d11231c3}"></Provider>
<EventID Qualifiers="">1102</EventID>
<Version>0</Version>
<Level>4</Level>
<Task>1001</Task>
<Opcode>0</Opcode>
<Keywords>0x4000000000000000</Keywords>
<TimeCreated SystemTime="2020-10-22 20:57:34.759733"></TimeCreated>
<EventRecordID>76</EventRecordID>
<Correlation ActivityID="" RelatedActivityID=""></Correlation>
<Execution ProcessID="3240" ThreadID="1040"></Execution>
<Channel>Microsoft-Windows-ShellCommon-StartLayoutPopulation/Operational</Channel>
<Computer>WIN-PTFPHFCRDJ0</Computer>
<Security UserID="S-1-5-21-1152959844-3645458174-3779170896-1000"></Security>
</System>
<EventData><Data Name="itemName">W~Microsoft.Windows.RemoteDesktop</Data>
<Data Name="itemId">{774d5fa7-a434-4183-a393-719607b785b3}</Data>
<Data Name="containerId">{11e41584-985a-4b55-b564-fdab438a68c1}</Data>
<Data Name="collectionName">Start.TileGrid</Data>
</EventData>
</Event>

<Event xmlns="http://schemas.microsoft.com/win/2004/08/events/event"><System><Provider Name="Microsoft-Windows-ShellCommon-StartLayoutPopulation" Guid="{97ca8142-10b1-4baa-9fbb-70a7d11231c3}"></Provider>
<EventID Qualifiers="">16</EventID>
<Version>0</Version>
<Level>4</Level>
<Task>8</Task>
<Opcode>0</Opcode>
<Keywords>0x4000000000000000</Keywords>
<TimeCreated SystemTime="2020-10-22 20:57:34.760010"></TimeCreated>
<EventRecordID>77</EventRecordID>
<Correlation ActivityID="" RelatedActivityID=""></Correlation>
<Execution ProcessID="3240" ThreadID="1040"></Execution>
<Channel>Microsoft-Windows-ShellCommon-StartLayoutPopulation/Operational</Channel>
<Computer>WIN-PTFPHFCRDJ0</Computer>
<Security UserID="S-1-5-21-1152959844-3645458174-3779170896-1000"></Security>
</System>
<EventData><Data Name="tileIdentifier">W~%ALLUSERSPROFILE%\Microsoft\Windows\Start Menu\Programs\Accessories\Remote Desktop Connection.lnk</Data>
</EventData>
</Event>

<Event xmlns="http://schemas.microsoft.com/win/2004/08/events/event"><System><Provider Name="Microsoft-Windows-ShellCommon-StartLayoutPopulation" Guid="{97ca8142-10b1-4baa-9fbb-70a7d11231c3}"></Provider>
<EventID Qualifiers="">1102</EventID>
<Version>0</Version>
<Level>4</Level>
<Task>1001</Task>
<Opcode>0</Opcode>
<Keywords>0x4000000000000000</Keywords>
<TimeCreated SystemTime="2020-10-22 20:57:34.763527"></TimeCreated>
<EventRecordID>78</EventRecordID>
<Correlation ActivityID="" RelatedActivityID=""></Correlation>
<Execution ProcessID="3240" ThreadID="1040"></Execution>
<Channel>Microsoft-Windows-ShellCommon-StartLayoutPopulation/Operational</Channel>
<Computer>WIN-PTFPHFCRDJ0</Computer>
<Security UserID="S-1-5-21-1152959844-3645458174-3779170896-1000"></Security>
</System>
<EventData><Data Name="itemName">W~Microsoft.Windows.Explorer</Data>
<Data Name="itemId">{13e143f0-d268-4612-a9b0-cc292d56b985}</Data>
<Data Name="containerId">{11e41584-985a-4b55-b564-fdab438a68c1}</Data>
<Data Name="collectionName">Start.TileGrid</Data>
</EventData>
</Event>

<Event xmlns="http://schemas.microsoft.com/win/2004/08/events/event"><System><Provider Name="Microsoft-Windows-ShellCommon-StartLayoutPopulation" Guid="{97ca8142-10b1-4baa-9fbb-70a7d11231c3}"></Provider>
<EventID Qualifiers="">16</EventID>
<Version>0</Version>
<Level>4</Level>
<Task>8</Task>
<Opcode>0</Opcode>
<Keywords>0x4000000000000000</Keywords>
<TimeCreated SystemTime="2020-10-22 20:57:34.763716"></TimeCreated>
<EventRecordID>79</EventRecordID>
<Correlation ActivityID="" RelatedActivityID=""></Correlation>
<Execution ProcessID="3240" ThreadID="1040"></Execution>
<Channel>Microsoft-Windows-ShellCommon-StartLayoutPopulation/Operational</Channel>
<Computer>WIN-PTFPHFCRDJ0</Computer>
<Security UserID="S-1-5-21-1152959844-3645458174-3779170896-1000"></Security>
</System>
<EventData><Data Name="tileIdentifier">W~%APPDATA%\Microsoft\Windows\Start Menu\Programs\System Tools\File Explorer.lnk</Data>
</EventData>
</Event>

<Event xmlns="http://schemas.microsoft.com/win/2004/08/events/event"><System><Provider Name="Microsoft-Windows-ShellCommon-StartLayoutPopulation" Guid="{97ca8142-10b1-4baa-9fbb-70a7d11231c3}"></Provider>
<EventID Qualifiers="">1102</EventID>
<Version>0</Version>
<Level>4</Level>
<Task>1001</Task>
<Opcode>0</Opcode>
<Keywords>0x4000000000000000</Keywords>
<TimeCreated SystemTime="2020-10-22 20:57:34.773298"></TimeCreated>
<EventRecordID>80</EventRecordID>
<Correlation ActivityID="" RelatedActivityID=""></Correlation>
<Execution ProcessID="3240" ThreadID="1040"></Execution>
<Channel>Microsoft-Windows-ShellCommon-StartLayoutPopulation/Operational</Channel>
<Computer>WIN-PTFPHFCRDJ0</Computer>
<Security UserID="S-1-5-21-1152959844-3645458174-3779170896-1000"></Security>
</System>
<EventData><Data Name="itemName">W~Microsoft.AutoGenerated.{BB044BFD-25B7-2FAA-22A8-6371A93E0456}</Data>
<Data Name="itemId">{e4a1a3ea-eb97-49d3-9d3b-29c6b0f9cf2b}</Data>
<Data Name="containerId">{11e41584-985a-4b55-b564-fdab438a68c1}</Data>
<Data Name="collectionName">Start.TileGrid</Data>
</EventData>
</Event>

<Event xmlns="http://schemas.microsoft.com/win/2004/08/events/event"><System><Provider Name="Microsoft-Windows-ShellCommon-StartLayoutPopulation" Guid="{97ca8142-10b1-4baa-9fbb-70a7d11231c3}"></Provider>
<EventID Qualifiers="">16</EventID>
<Version>0</Version>
<Level>4</Level>
<Task>8</Task>
<Opcode>0</Opcode>
<Keywords>0x4000000000000000</Keywords>
<TimeCreated SystemTime="2020-10-22 20:57:34.773506"></TimeCreated>
<EventRecordID>81</EventRecordID>
<Correlation ActivityID="" RelatedActivityID=""></Correlation>
<Execution ProcessID="3240" ThreadID="1040"></Execution>
<Channel>Microsoft-Windows-ShellCommon-StartLayoutPopulation/Operational</Channel>
<Computer>WIN-PTFPHFCRDJ0</Computer>
<Security UserID="S-1-5-21-1152959844-3645458174-3779170896-1000"></Security>
</System>
<EventData><Data Name="tileIdentifier">W~%ALLUSERSPROFILE%\Microsoft\Windows\Start Menu\Programs\Administrative Tools\Event Viewer.lnk</Data>
</EventData>
</Event>

<Event xmlns="http://schemas.microsoft.com/win/2004/08/events/event"><System><Provider Name="Microsoft-Windows-ShellCommon-StartLayoutPopulation" Guid="{97ca8142-10b1-4baa-9fbb-70a7d11231c3}"></Provider>
<EventID Qualifiers="">56</EventID>
<Version>0</Version>
<Level>4</Level>
<Task>8</Task>
<Opcode>0</Opcode>
<Keywords>0x4000000000000000</Keywords>
<TimeCreated SystemTime="2020-10-22 20:57:34.773514"></TimeCreated>
<EventRecordID>82</EventRecordID>
<Correlation ActivityID="" RelatedActivityID=""></Correlation>
<Execution ProcessID="3240" ThreadID="1040"></Execution>
<Channel>Microsoft-Windows-ShellCommon-StartLayoutPopulation/Operational</Channel>
<Computer>WIN-PTFPHFCRDJ0</Computer>
<Security UserID="S-1-5-21-1152959844-3645458174-3779170896-1000"></Security>
</System>
<EventData><Data Name="containerName">Windows Server</Data>
<Data Name="containerXPosition">4294967295</Data>
<Data Name="containerYPosition">4294967295</Data>
</EventData>
</Event>

<Event xmlns="http://schemas.microsoft.com/win/2004/08/events/event"><System><Provider Name="Microsoft-Windows-ShellCommon-StartLayoutPopulation" Guid="{97ca8142-10b1-4baa-9fbb-70a7d11231c3}"></Provider>
<EventID Qualifiers="">18</EventID>
<Version>0</Version>
<Level>4</Level>
<Task>8</Task>
<Opcode>2</Opcode>
<Keywords>0x4000000000000000</Keywords>
<TimeCreated SystemTime="2020-10-22 20:57:34.773573"></TimeCreated>
<EventRecordID>83</EventRecordID>
<Correlation ActivityID="" RelatedActivityID=""></Correlation>
<Execution ProcessID="3240" ThreadID="1040"></Execution>
<Channel>Microsoft-Windows-ShellCommon-StartLayoutPopulation/Operational</Channel>
<Computer>WIN-PTFPHFCRDJ0</Computer>
<Security UserID="S-1-5-21-1152959844-3645458174-3779170896-1000"></Security>
</System>
<EventData><Data Name="TaskHResultValue">0</Data>
</EventData>
</Event>

<Event xmlns="http://schemas.microsoft.com/win/2004/08/events/event"><System><Provider Name="Microsoft-Windows-ShellCommon-StartLayoutPopulation" Guid="{97ca8142-10b1-4baa-9fbb-70a7d11231c3}"></Provider>
<EventID Qualifiers="">1402</EventID>
<Version>0</Version>
<Level>4</Level>
<Task>1002</Task>
<Opcode>0</Opcode>
<Keywords>0x4000000000000000</Keywords>
<TimeCreated SystemTime="2020-10-22 20:57:34.968605"></TimeCreated>
<EventRecordID>84</EventRecordID>
<Correlation ActivityID="" RelatedActivityID=""></Correlation>
<Execution ProcessID="3240" ThreadID="3152"></Execution>
<Channel>Microsoft-Windows-ShellCommon-StartLayoutPopulation/Operational</Channel>
<Computer>WIN-PTFPHFCRDJ0</Computer>
<Security UserID="S-1-5-21-1152959844-3645458174-3779170896-1000"></Security>
</System>
<EventData></EventData>
</Event>

<Event xmlns="http://schemas.microsoft.com/win/2004/08/events/event"><System><Provider Name="Microsoft-Windows-ShellCommon-StartLayoutPopulation" Guid="{97ca8142-10b1-4baa-9fbb-70a7d11231c3}"></Provider>
<EventID Qualifiers="">1403</EventID>
<Version>0</Version>
<Level>4</Level>
<Task>1002</Task>
<Opcode>0</Opcode>
<Keywords>0x4000000000000000</Keywords>
<TimeCreated SystemTime="2020-10-22 20:57:35.049387"></TimeCreated>
<EventRecordID>85</EventRecordID>
<Correlation ActivityID="" RelatedActivityID=""></Correlation>
<Execution ProcessID="3240" ThreadID="3152"></Execution>
<Channel>Microsoft-Windows-ShellCommon-StartLayoutPopulation/Operational</Channel>
<Computer>WIN-PTFPHFCRDJ0</Computer>
<Security UserID="S-1-5-21-1152959844-3645458174-3779170896-1000"></Security>
</System>
<EventData></EventData>
</Event>

<Event xmlns="http://schemas.microsoft.com/win/2004/08/events/event"><System><Provider Name="Microsoft-Windows-ShellCommon-StartLayoutPopulation" Guid="{97ca8142-10b1-4baa-9fbb-70a7d11231c3}"></Provider>
<EventID Qualifiers="">1402</EventID>
<Version>0</Version>
<Level>4</Level>
<Task>1002</Task>
<Opcode>0</Opcode>
<Keywords>0x4000000000000000</Keywords>
<TimeCreated SystemTime="2020-10-22 20:57:43.790344"></TimeCreated>
<EventRecordID>86</EventRecordID>
<Correlation ActivityID="" RelatedActivityID=""></Correlation>
<Execution ProcessID="2096" ThreadID="4700"></Execution>
<Channel>Microsoft-Windows-ShellCommon-StartLayoutPopulation/Operational</Channel>
<Computer>WIN-PTFPHFCRDJ0</Computer>
<Security UserID="S-1-5-21-1152959844-3645458174-3779170896-1000"></Security>
</System>
<EventData></EventData>
</Event>

<Event xmlns="http://schemas.microsoft.com/win/2004/08/events/event"><System><Provider Name="Microsoft-Windows-ShellCommon-StartLayoutPopulation" Guid="{97ca8142-10b1-4baa-9fbb-70a7d11231c3}"></Provider>
<EventID Qualifiers="">1403</EventID>
<Version>0</Version>
<Level>4</Level>
<Task>1002</Task>
<Opcode>0</Opcode>
<Keywords>0x4000000000000000</Keywords>
<TimeCreated SystemTime="2020-10-22 20:57:43.804983"></TimeCreated>
<EventRecordID>87</EventRecordID>
<Correlation ActivityID="" RelatedActivityID=""></Correlation>
<Execution ProcessID="2096" ThreadID="4700"></Execution>
<Channel>Microsoft-Windows-ShellCommon-StartLayoutPopulation/Operational</Channel>
<Computer>WIN-PTFPHFCRDJ0</Computer>
<Security UserID="S-1-5-21-1152959844-3645458174-3779170896-1000"></Security>
</System>
<EventData></EventData>
</Event>

<Event xmlns="http://schemas.microsoft.com/win/2004/08/events/event"><System><Provider Name="Microsoft-Windows-ShellCommon-StartLayoutPopulation" Guid="{97ca8142-10b1-4baa-9fbb-70a7d11231c3}"></Provider>
<EventID Qualifiers="">63</EventID>
<Version>0</Version>
<Level>4</Level>
<Task>20</Task>
<Opcode>0</Opcode>
<Keywords>0x4000000000000000</Keywords>
<TimeCreated SystemTime="2020-10-22 21:44:27.513187"></TimeCreated>
<EventRecordID>88</EventRecordID>
<Correlation ActivityID="" RelatedActivityID=""></Correlation>
<Execution ProcessID="3240" ThreadID="4292"></Execution>
<Channel>Microsoft-Windows-ShellCommon-StartLayoutPopulation/Operational</Channel>
<Computer>WIN-PTFPHFCRDJ0</Computer>
<Security UserID="S-1-5-21-1152959844-3645458174-3779170896-1000"></Security>
</System>
<EventData><Data Name="value">Start.Suggestions</Data>
</EventData>
</Event>

<Event xmlns="http://schemas.microsoft.com/win/2004/08/events/event"><System><Provider Name="Microsoft-Windows-ShellCommon-StartLayoutPopulation" Guid="{97ca8142-10b1-4baa-9fbb-70a7d11231c3}"></Provider>
<EventID Qualifiers="">1</EventID>
<Version>0</Version>
<Level>4</Level>
<Task>1</Task>
<Opcode>1</Opcode>
<Keywords>0x4000000000000000</Keywords>
<TimeCreated SystemTime="2020-10-22 21:44:27.524080"></TimeCreated>
<EventRecordID>89</EventRecordID>
<Correlation ActivityID="" RelatedActivityID=""></Correlation>
<Execution ProcessID="3240" ThreadID="4292"></Execution>
<Channel>Microsoft-Windows-ShellCommon-StartLayoutPopulation/Operational</Channel>
<Computer>WIN-PTFPHFCRDJ0</Computer>
<Security UserID="S-1-5-21-1152959844-3645458174-3779170896-1000"></Security>
</System>
<EventData><Data Name="collectionName">Start.Suggestions</Data>
<Data Name="initializationReason">0</Data>
</EventData>
</Event>

<Event xmlns="http://schemas.microsoft.com/win/2004/08/events/event"><System><Provider Name="Microsoft-Windows-ShellCommon-StartLayoutPopulation" Guid="{97ca8142-10b1-4baa-9fbb-70a7d11231c3}"></Provider>
<EventID Qualifiers="">3</EventID>
<Version>0</Version>
<Level>4</Level>
<Task>3</Task>
<Opcode>1</Opcode>
<Keywords>0x4000000000000000</Keywords>
<TimeCreated SystemTime="2020-10-22 21:44:27.527714"></TimeCreated>
<EventRecordID>90</EventRecordID>
<Correlation ActivityID="" RelatedActivityID=""></Correlation>
<Execution ProcessID="3240" ThreadID="4292"></Execution>
<Channel>Microsoft-Windows-ShellCommon-StartLayoutPopulation/Operational</Channel>
<Computer>WIN-PTFPHFCRDJ0</Computer>
<Security UserID="S-1-5-21-1152959844-3645458174-3779170896-1000"></Security>
</System>
<EventData><Data Name="layoutSelectionSerializedString">
Region Codes:US 
SKUs:6 
Office SKUs: &lt;not set&gt;
Group Cell Width: &lt;not set&gt;
PreInstalledAppsEnabled: 0
TargetedContentTilesEnabled: 0
</Data>
</EventData>
</Event>

<Event xmlns="http://schemas.microsoft.com/win/2004/08/events/event"><System><Provider Name="Microsoft-Windows-ShellCommon-StartLayoutPopulation" Guid="{97ca8142-10b1-4baa-9fbb-70a7d11231c3}"></Provider>
<EventID Qualifiers="">6</EventID>
<Version>0</Version>
<Level>4</Level>
<Task>5</Task>
<Opcode>1</Opcode>
<Keywords>0x4000000000000000</Keywords>
<TimeCreated SystemTime="2020-10-22 21:44:27.527763"></TimeCreated>
<EventRecordID>91</EventRecordID>
<Correlation ActivityID="" RelatedActivityID=""></Correlation>
<Execution ProcessID="3240" ThreadID="4292"></Execution>
<Channel>Microsoft-Windows-ShellCommon-StartLayoutPopulation/Operational</Channel>
<Computer>WIN-PTFPHFCRDJ0</Computer>
<Security UserID="S-1-5-21-1152959844-3645458174-3779170896-1000"></Security>
</System>
<EventData></EventData>
</Event>

<Event xmlns="http://schemas.microsoft.com/win/2004/08/events/event"><System><Provider Name="Microsoft-Windows-ShellCommon-StartLayoutPopulation" Guid="{97ca8142-10b1-4baa-9fbb-70a7d11231c3}"></Provider>
<EventID Qualifiers="">10</EventID>
<Version>0</Version>
<Level>4</Level>
<Task>6</Task>
<Opcode>1</Opcode>
<Keywords>0x4000000000000000</Keywords>
<TimeCreated SystemTime="2020-10-22 21:44:27.527784"></TimeCreated>
<EventRecordID>92</EventRecordID>
<Correlation ActivityID="" RelatedActivityID=""></Correlation>
<Execution ProcessID="3240" ThreadID="4292"></Execution>
<Channel>Microsoft-Windows-ShellCommon-StartLayoutPopulation/Operational</Channel>
<Computer>WIN-PTFPHFCRDJ0</Computer>
<Security UserID="S-1-5-21-1152959844-3645458174-3779170896-1000"></Security>
</System>
<EventData></EventData>
</Event>

<Event xmlns="http://schemas.microsoft.com/win/2004/08/events/event"><System><Provider Name="Microsoft-Windows-ShellCommon-StartLayoutPopulation" Guid="{97ca8142-10b1-4baa-9fbb-70a7d11231c3}"></Provider>
<EventID Qualifiers="">13</EventID>
<Version>0</Version>
<Level>4</Level>
<Task>6</Task>
<Opcode>2</Opcode>
<Keywords>0x4000000000000000</Keywords>
<TimeCreated SystemTime="2020-10-22 21:44:27.527784"></TimeCreated>
<EventRecordID>93</EventRecordID>
<Correlation ActivityID="" RelatedActivityID=""></Correlation>
<Execution ProcessID="3240" ThreadID="4292"></Execution>
<Channel>Microsoft-Windows-ShellCommon-StartLayoutPopulation/Operational</Channel>
<Computer>WIN-PTFPHFCRDJ0</Computer>
<Security UserID="S-1-5-21-1152959844-3645458174-3779170896-1000"></Security>
</System>
<EventData></EventData>
</Event>

<Event xmlns="http://schemas.microsoft.com/win/2004/08/events/event"><System><Provider Name="Microsoft-Windows-ShellCommon-StartLayoutPopulation" Guid="{97ca8142-10b1-4baa-9fbb-70a7d11231c3}"></Provider>
<EventID Qualifiers="">14</EventID>
<Version>0</Version>
<Level>4</Level>
<Task>8</Task>
<Opcode>1</Opcode>
<Keywords>0x4000000000000000</Keywords>
<TimeCreated SystemTime="2020-10-22 21:44:27.527786"></TimeCreated>
<EventRecordID>94</EventRecordID>
<Correlation ActivityID="" RelatedActivityID=""></Correlation>
<Execution ProcessID="3240" ThreadID="4292"></Execution>
<Channel>Microsoft-Windows-ShellCommon-StartLayoutPopulation/Operational</Channel>
<Computer>WIN-PTFPHFCRDJ0</Computer>
<Security UserID="S-1-5-21-1152959844-3645458174-3779170896-1000"></Security>
</System>
<EventData></EventData>
</Event>

<Event xmlns="http://schemas.microsoft.com/win/2004/08/events/event"><System><Provider Name="Microsoft-Windows-ShellCommon-StartLayoutPopulation" Guid="{97ca8142-10b1-4baa-9fbb-70a7d11231c3}"></Provider>
<EventID Qualifiers="">1106</EventID>
<Version>0</Version>
<Level>4</Level>
<Task>1002</Task>
<Opcode>0</Opcode>
<Keywords>0x4000000000000000</Keywords>
<TimeCreated SystemTime="2020-10-22 21:44:27.530861"></TimeCreated>
<EventRecordID>95</EventRecordID>
<Correlation ActivityID="" RelatedActivityID=""></Correlation>
<Execution ProcessID="3240" ThreadID="4292"></Execution>
<Channel>Microsoft-Windows-ShellCommon-StartLayoutPopulation/Operational</Channel>
<Computer>WIN-PTFPHFCRDJ0</Computer>
<Security UserID="S-1-5-21-1152959844-3645458174-3779170896-1000"></Security>
</System>
<EventData><Data Name="value">Start.Suggestions</Data>
</EventData>
</Event>

<Event xmlns="http://schemas.microsoft.com/win/2004/08/events/event"><System><Provider Name="Microsoft-Windows-ShellCommon-StartLayoutPopulation" Guid="{97ca8142-10b1-4baa-9fbb-70a7d11231c3}"></Provider>
<EventID Qualifiers="">18</EventID>
<Version>0</Version>
<Level>4</Level>
<Task>8</Task>
<Opcode>2</Opcode>
<Keywords>0x4000000000000000</Keywords>
<TimeCreated SystemTime="2020-10-22 21:44:27.530941"></TimeCreated>
<EventRecordID>96</EventRecordID>
<Correlation ActivityID="" RelatedActivityID=""></Correlation>
<Execution ProcessID="3240" ThreadID="4292"></Execution>
<Channel>Microsoft-Windows-ShellCommon-StartLayoutPopulation/Operational</Channel>
<Computer>WIN-PTFPHFCRDJ0</Computer>
<Security UserID="S-1-5-21-1152959844-3645458174-3779170896-1000"></Security>
</System>
<EventData><Data Name="TaskHResultValue">0</Data>
</EventData>
</Event>

<Event xmlns="http://schemas.microsoft.com/win/2004/08/events/event"><System><Provider Name="Microsoft-Windows-ShellCommon-StartLayoutPopulation" Guid="{97ca8142-10b1-4baa-9fbb-70a7d11231c3}"></Provider>
<EventID Qualifiers="">1254</EventID>
<Version>0</Version>
<Level>4</Level>
<Task>1002</Task>
<Opcode>0</Opcode>
<Keywords>0x4000000000000000</Keywords>
<TimeCreated SystemTime="2020-10-22 21:44:27.686146"></TimeCreated>
<EventRecordID>97</EventRecordID>
<Correlation ActivityID="" RelatedActivityID=""></Correlation>
<Execution ProcessID="3240" ThreadID="4684"></Execution>
<Channel>Microsoft-Windows-ShellCommon-StartLayoutPopulation/Operational</Channel>
<Computer>WIN-PTFPHFCRDJ0</Computer>
<Security UserID="S-1-5-21-1152959844-3645458174-3779170896-1000"></Security>
</System>
<EventData></EventData>
</Event>

<Event xmlns="http://schemas.microsoft.com/win/2004/08/events/event"><System><Provider Name="Microsoft-Windows-ShellCommon-StartLayoutPopulation" Guid="{97ca8142-10b1-4baa-9fbb-70a7d11231c3}"></Provider>
<EventID Qualifiers="">1402</EventID>
<Version>0</Version>
<Level>4</Level>
<Task>1002</Task>
<Opcode>0</Opcode>
<Keywords>0x4000000000000000</Keywords>
<TimeCreated SystemTime="2020-10-23 14:00:35.469870"></TimeCreated>
<EventRecordID>98</EventRecordID>
<Correlation ActivityID="" RelatedActivityID=""></Correlation>
<Execution ProcessID="1416" ThreadID="2252"></Execution>
<Channel>Microsoft-Windows-ShellCommon-StartLayoutPopulation/Operational</Channel>
<Computer>WIN-PTFPHFCRDJ0</Computer>
<Security UserID="S-1-5-21-1152959844-3645458174-3779170896-1000"></Security>
</System>
<EventData></EventData>
</Event>

<Event xmlns="http://schemas.microsoft.com/win/2004/08/events/event"><System><Provider Name="Microsoft-Windows-ShellCommon-StartLayoutPopulation" Guid="{97ca8142-10b1-4baa-9fbb-70a7d11231c3}"></Provider>
<EventID Qualifiers="">1403</EventID>
<Version>0</Version>
<Level>4</Level>
<Task>1002</Task>
<Opcode>0</Opcode>
<Keywords>0x4000000000000000</Keywords>
<TimeCreated SystemTime="2020-10-23 14:00:35.488365"></TimeCreated>
<EventRecordID>99</EventRecordID>
<Correlation ActivityID="" RelatedActivityID=""></Correlation>
<Execution ProcessID="1416" ThreadID="2252"></Execution>
<Channel>Microsoft-Windows-ShellCommon-StartLayoutPopulation/Operational</Channel>
<Computer>WIN-PTFPHFCRDJ0</Computer>
<Security UserID="S-1-5-21-1152959844-3645458174-3779170896-1000"></Security>
</System>
<EventData></EventData>
</Event>

<Event xmlns="http://schemas.microsoft.com/win/2004/08/events/event"><System><Provider Name="Microsoft-Windows-ShellCommon-StartLayoutPopulation" Guid="{97ca8142-10b1-4baa-9fbb-70a7d11231c3}"></Provider>
<EventID Qualifiers="">1402</EventID>
<Version>0</Version>
<Level>4</Level>
<Task>1002</Task>
<Opcode>0</Opcode>
<Keywords>0x4000000000000000</Keywords>
<TimeCreated SystemTime="2020-10-23 14:00:44.020027"></TimeCreated>
<EventRecordID>100</EventRecordID>
<Correlation ActivityID="" RelatedActivityID=""></Correlation>
<Execution ProcessID="3560" ThreadID="1552"></Execution>
<Channel>Microsoft-Windows-ShellCommon-StartLayoutPopulation/Operational</Channel>
<Computer>WIN-PTFPHFCRDJ0</Computer>
<Security UserID="S-1-5-21-1152959844-3645458174-3779170896-1000"></Security>
</System>
<EventData></EventData>
</Event>

<Event xmlns="http://schemas.microsoft.com/win/2004/08/events/event"><System><Provider Name="Microsoft-Windows-ShellCommon-StartLayoutPopulation" Guid="{97ca8142-10b1-4baa-9fbb-70a7d11231c3}"></Provider>
<EventID Qualifiers="">1403</EventID>
<Version>0</Version>
<Level>4</Level>
<Task>1002</Task>
<Opcode>0</Opcode>
<Keywords>0x4000000000000000</Keywords>
<TimeCreated SystemTime="2020-10-23 14:00:44.043320"></TimeCreated>
<EventRecordID>101</EventRecordID>
<Correlation ActivityID="" RelatedActivityID=""></Correlation>
<Execution ProcessID="3560" ThreadID="1552"></Execution>
<Channel>Microsoft-Windows-ShellCommon-StartLayoutPopulation/Operational</Channel>
<Computer>WIN-PTFPHFCRDJ0</Computer>
<Security UserID="S-1-5-21-1152959844-3645458174-3779170896-1000"></Security>
</System>
<EventData></EventData>
</Event>

<Event xmlns="http://schemas.microsoft.com/win/2004/08/events/event"><System><Provider Name="Microsoft-Windows-ShellCommon-StartLayoutPopulation" Guid="{97ca8142-10b1-4baa-9fbb-70a7d11231c3}"></Provider>
<EventID Qualifiers="">1402</EventID>
<Version>0</Version>
<Level>4</Level>
<Task>1002</Task>
<Opcode>0</Opcode>
<Keywords>0x4000000000000000</Keywords>
<TimeCreated SystemTime="2020-10-23 18:53:13.555979"></TimeCreated>
<EventRecordID>102</EventRecordID>
<Correlation ActivityID="" RelatedActivityID=""></Correlation>
<Execution ProcessID="2528" ThreadID="2984"></Execution>
<Channel>Microsoft-Windows-ShellCommon-StartLayoutPopulation/Operational</Channel>
<Computer>WIN-PTFPHFCRDJ0</Computer>
<Security UserID="S-1-5-21-1152959844-3645458174-3779170896-1000"></Security>
</System>
<EventData></EventData>
</Event>

<Event xmlns="http://schemas.microsoft.com/win/2004/08/events/event"><System><Provider Name="Microsoft-Windows-ShellCommon-StartLayoutPopulation" Guid="{97ca8142-10b1-4baa-9fbb-70a7d11231c3}"></Provider>
<EventID Qualifiers="">1403</EventID>
<Version>0</Version>
<Level>4</Level>
<Task>1002</Task>
<Opcode>0</Opcode>
<Keywords>0x4000000000000000</Keywords>
<TimeCreated SystemTime="2020-10-23 18:53:13.561741"></TimeCreated>
<EventRecordID>103</EventRecordID>
<Correlation ActivityID="" RelatedActivityID=""></Correlation>
<Execution ProcessID="2528" ThreadID="2984"></Execution>
<Channel>Microsoft-Windows-ShellCommon-StartLayoutPopulation/Operational</Channel>
<Computer>WIN-PTFPHFCRDJ0</Computer>
<Security UserID="S-1-5-21-1152959844-3645458174-3779170896-1000"></Security>
</System>
<EventData></EventData>
</Event>

<Event xmlns="http://schemas.microsoft.com/win/2004/08/events/event"><System><Provider Name="Microsoft-Windows-ShellCommon-StartLayoutPopulation" Guid="{97ca8142-10b1-4baa-9fbb-70a7d11231c3}"></Provider>
<EventID Qualifiers="">1402</EventID>
<Version>0</Version>
<Level>4</Level>
<Task>1002</Task>
<Opcode>0</Opcode>
<Keywords>0x4000000000000000</Keywords>
<TimeCreated SystemTime="2020-10-23 18:53:21.399607"></TimeCreated>
<EventRecordID>104</EventRecordID>
<Correlation ActivityID="" RelatedActivityID=""></Correlation>
<Execution ProcessID="3020" ThreadID="3184"></Execution>
<Channel>Microsoft-Windows-ShellCommon-StartLayoutPopulation/Operational</Channel>
<Computer>WIN-PTFPHFCRDJ0</Computer>
<Security UserID="S-1-5-21-1152959844-3645458174-3779170896-1000"></Security>
</System>
<EventData></EventData>
</Event>

<Event xmlns="http://schemas.microsoft.com/win/2004/08/events/event"><System><Provider Name="Microsoft-Windows-ShellCommon-StartLayoutPopulation" Guid="{97ca8142-10b1-4baa-9fbb-70a7d11231c3}"></Provider>
<EventID Qualifiers="">1403</EventID>
<Version>0</Version>
<Level>4</Level>
<Task>1002</Task>
<Opcode>0</Opcode>
<Keywords>0x4000000000000000</Keywords>
<TimeCreated SystemTime="2020-10-23 18:53:21.412340"></TimeCreated>
<EventRecordID>105</EventRecordID>
<Correlation ActivityID="" RelatedActivityID=""></Correlation>
<Execution ProcessID="3020" ThreadID="3184"></Execution>
<Channel>Microsoft-Windows-ShellCommon-StartLayoutPopulation/Operational</Channel>
<Computer>WIN-PTFPHFCRDJ0</Computer>
<Security UserID="S-1-5-21-1152959844-3645458174-3779170896-1000"></Security>
</System>
<EventData></EventData>
</Event>

<Event xmlns="http://schemas.microsoft.com/win/2004/08/events/event"><System><Provider Name="Microsoft-Windows-ShellCommon-StartLayoutPopulation" Guid="{97ca8142-10b1-4baa-9fbb-70a7d11231c3}"></Provider>
<EventID Qualifiers="">1402</EventID>
<Version>0</Version>
<Level>4</Level>
<Task>1002</Task>
<Opcode>0</Opcode>
<Keywords>0x4000000000000000</Keywords>
<TimeCreated SystemTime="2020-10-24 21:56:09.084927"></TimeCreated>
<EventRecordID>106</EventRecordID>
<Correlation ActivityID="" RelatedActivityID=""></Correlation>
<Execution ProcessID="4316" ThreadID="4464"></Execution>
<Channel>Microsoft-Windows-ShellCommon-StartLayoutPopulation/Operational</Channel>
<Computer>WIN-PTFPHFCRDJ0</Computer>
<Security UserID="S-1-5-21-1152959844-3645458174-3779170896-1000"></Security>
</System>
<EventData></EventData>
</Event>

<Event xmlns="http://schemas.microsoft.com/win/2004/08/events/event"><System><Provider Name="Microsoft-Windows-ShellCommon-StartLayoutPopulation" Guid="{97ca8142-10b1-4baa-9fbb-70a7d11231c3}"></Provider>
<EventID Qualifiers="">1403</EventID>
<Version>0</Version>
<Level>4</Level>
<Task>1002</Task>
<Opcode>0</Opcode>
<Keywords>0x4000000000000000</Keywords>
<TimeCreated SystemTime="2020-10-24 21:56:09.094852"></TimeCreated>
<EventRecordID>107</EventRecordID>
<Correlation ActivityID="" RelatedActivityID=""></Correlation>
<Execution ProcessID="4316" ThreadID="4464"></Execution>
<Channel>Microsoft-Windows-ShellCommon-StartLayoutPopulation/Operational</Channel>
<Computer>WIN-PTFPHFCRDJ0</Computer>
<Security UserID="S-1-5-21-1152959844-3645458174-3779170896-1000"></Security>
</System>
<EventData></EventData>
</Event>

<Event xmlns="http://schemas.microsoft.com/win/2004/08/events/event"><System><Provider Name="Microsoft-Windows-ShellCommon-StartLayoutPopulation" Guid="{97ca8142-10b1-4baa-9fbb-70a7d11231c3}"></Provider>
<EventID Qualifiers="">1402</EventID>
<Version>0</Version>
<Level>4</Level>
<Task>1002</Task>
<Opcode>0</Opcode>
<Keywords>0x4000000000000000</Keywords>
<TimeCreated SystemTime="2020-10-24 21:56:14.952093"></TimeCreated>
<EventRecordID>108</EventRecordID>
<Correlation ActivityID="" RelatedActivityID=""></Correlation>
<Execution ProcessID="4404" ThreadID="4636"></Execution>
<Channel>Microsoft-Windows-ShellCommon-StartLayoutPopulation/Operational</Channel>
<Computer>WIN-PTFPHFCRDJ0</Computer>
<Security UserID="S-1-5-21-1152959844-3645458174-3779170896-1000"></Security>
</System>
<EventData></EventData>
</Event>

<Event xmlns="http://schemas.microsoft.com/win/2004/08/events/event"><System><Provider Name="Microsoft-Windows-ShellCommon-StartLayoutPopulation" Guid="{97ca8142-10b1-4baa-9fbb-70a7d11231c3}"></Provider>
<EventID Qualifiers="">1403</EventID>
<Version>0</Version>
<Level>4</Level>
<Task>1002</Task>
<Opcode>0</Opcode>
<Keywords>0x4000000000000000</Keywords>
<TimeCreated SystemTime="2020-10-24 21:56:14.964418"></TimeCreated>
<EventRecordID>109</EventRecordID>
<Correlation ActivityID="" RelatedActivityID=""></Correlation>
<Execution ProcessID="4404" ThreadID="4636"></Execution>
<Channel>Microsoft-Windows-ShellCommon-StartLayoutPopulation/Operational</Channel>
<Computer>WIN-PTFPHFCRDJ0</Computer>
<Security UserID="S-1-5-21-1152959844-3645458174-3779170896-1000"></Security>
</System>
<EventData></EventData>
</Event>

