<?xml version="1.1" encoding="utf-8" standalone="yes" ?>

<Events>
<Event xmlns="http://schemas.microsoft.com/win/2004/08/events/event"><System><Provider Name="Microsoft-Windows-UniversalTelemetryClient" Guid="{6489b27f-7c43-5886-1d00-0a61bb2a375b}"></Provider>
<EventID Qualifiers="">64</EventID>
<Version>0</Version>
<Level>4</Level>
<Task>64</Task>
<Opcode>0</Opcode>
<Keywords>0x8000000000040000</Keywords>
<TimeCreated SystemTime="2020-10-23 09:21:23.686037"></TimeCreated>
<EventRecordID>1</EventRecordID>
<Correlation ActivityID="" RelatedActivityID=""></Correlation>
<Execution ProcessID="1556" ThreadID="1224"></Execution>
<Channel>Microsoft-Windows-UniversalTelemetryClient/Operational</Channel>
<Computer>WIN-PTFPHFCRDJ0</Computer>
<Security UserID="S-1-5-18"></Security>
</System>
<EventData><Data Name="Environment">ServiceHost</Data>
<Data Name="OldInfo">0</Data>
<Data Name="NewInfo">2</Data>
<Data Name="SettingAuthority">2</Data>
</EventData>
</Event>

<Event xmlns="http://schemas.microsoft.com/win/2004/08/events/event"><System><Provider Name="Microsoft-Windows-UniversalTelemetryClient" Guid="{6489b27f-7c43-5886-1d00-0a61bb2a375b}"></Provider>
<EventID Qualifiers="">50</EventID>
<Version>0</Version>
<Level>4</Level>
<Task>50</Task>
<Opcode>0</Opcode>
<Keywords>0x8000000000040000</Keywords>
<TimeCreated SystemTime="2020-10-23 09:21:24.134275"></TimeCreated>
<EventRecordID>2</EventRecordID>
<Correlation ActivityID="" RelatedActivityID=""></Correlation>
<Execution ProcessID="1556" ThreadID="1224"></Execution>
<Channel>Microsoft-Windows-UniversalTelemetryClient/Operational</Channel>
<Computer>WIN-PTFPHFCRDJ0</Computer>
<Security UserID="S-1-5-18"></Security>
</System>
<EventData><Data Name="Environment">ServiceHost</Data>
<Data Name="Status">0</Data>
</EventData>
</Event>

<Event xmlns="http://schemas.microsoft.com/win/2004/08/events/event"><System><Provider Name="Microsoft-Windows-UniversalTelemetryClient" Guid="{6489b27f-7c43-5886-1d00-0a61bb2a375b}"></Provider>
<EventID Qualifiers="">61</EventID>
<Version>0</Version>
<Level>4</Level>
<Task>61</Task>
<Opcode>0</Opcode>
<Keywords>0x8000000000040000</Keywords>
<TimeCreated SystemTime="2020-10-23 09:21:24.330845"></TimeCreated>
<EventRecordID>3</EventRecordID>
<Correlation ActivityID="" RelatedActivityID=""></Correlation>
<Execution ProcessID="1556" ThreadID="2544"></Execution>
<Channel>Microsoft-Windows-UniversalTelemetryClient/Operational</Channel>
<Computer>WIN-PTFPHFCRDJ0</Computer>
<Security UserID="S-1-5-18"></Security>
</System>
<EventData><Data Name="Environment">ServiceHost</Data>
<Data Name="State">False</Data>
</EventData>
</Event>

<Event xmlns="http://schemas.microsoft.com/win/2004/08/events/event"><System><Provider Name="Microsoft-Windows-UniversalTelemetryClient" Guid="{6489b27f-7c43-5886-1d00-0a61bb2a375b}"></Provider>
<EventID Qualifiers="">62</EventID>
<Version>0</Version>
<Level>4</Level>
<Task>62</Task>
<Opcode>0</Opcode>
<Keywords>0x8000000000040000</Keywords>
<TimeCreated SystemTime="2020-10-23 09:21:24.330856"></TimeCreated>
<EventRecordID>4</EventRecordID>
<Correlation ActivityID="" RelatedActivityID=""></Correlation>
<Execution ProcessID="1556" ThreadID="2544"></Execution>
<Channel>Microsoft-Windows-UniversalTelemetryClient/Operational</Channel>
<Computer>WIN-PTFPHFCRDJ0</Computer>
<Security UserID="S-1-5-18"></Security>
</System>
<EventData><Data Name="Environment">ServiceHost</Data>
<Data Name="State">False</Data>
</EventData>
</Event>

<Event xmlns="http://schemas.microsoft.com/win/2004/08/events/event"><System><Provider Name="Microsoft-Windows-UniversalTelemetryClient" Guid="{6489b27f-7c43-5886-1d00-0a61bb2a375b}"></Provider>
<EventID Qualifiers="">50</EventID>
<Version>0</Version>
<Level>4</Level>
<Task>50</Task>
<Opcode>0</Opcode>
<Keywords>0x8000000000040000</Keywords>
<TimeCreated SystemTime="2020-10-22 20:52:09.230093"></TimeCreated>
<EventRecordID>5</EventRecordID>
<Correlation ActivityID="" RelatedActivityID=""></Correlation>
<Execution ProcessID="2296" ThreadID="2376"></Execution>
<Channel>Microsoft-Windows-UniversalTelemetryClient/Operational</Channel>
<Computer>WIN-PTFPHFCRDJ0</Computer>
<Security UserID="S-1-5-18"></Security>
</System>
<EventData><Data Name="Environment">ServiceHost</Data>
<Data Name="Status">0</Data>
</EventData>
</Event>

<Event xmlns="http://schemas.microsoft.com/win/2004/08/events/event"><System><Provider Name="Microsoft-Windows-UniversalTelemetryClient" Guid="{6489b27f-7c43-5886-1d00-0a61bb2a375b}"></Provider>
<EventID Qualifiers="">61</EventID>
<Version>0</Version>
<Level>4</Level>
<Task>61</Task>
<Opcode>0</Opcode>
<Keywords>0x8000000000040000</Keywords>
<TimeCreated SystemTime="2020-10-22 20:52:09.246250"></TimeCreated>
<EventRecordID>6</EventRecordID>
<Correlation ActivityID="" RelatedActivityID=""></Correlation>
<Execution ProcessID="2296" ThreadID="2428"></Execution>
<Channel>Microsoft-Windows-UniversalTelemetryClient/Operational</Channel>
<Computer>WIN-PTFPHFCRDJ0</Computer>
<Security UserID="S-1-5-18"></Security>
</System>
<EventData><Data Name="Environment">ServiceHost</Data>
<Data Name="State">False</Data>
</EventData>
</Event>

<Event xmlns="http://schemas.microsoft.com/win/2004/08/events/event"><System><Provider Name="Microsoft-Windows-UniversalTelemetryClient" Guid="{6489b27f-7c43-5886-1d00-0a61bb2a375b}"></Provider>
<EventID Qualifiers="">56</EventID>
<Version>0</Version>
<Level>4</Level>
<Task>56</Task>
<Opcode>0</Opcode>
<Keywords>0x8000000000040000</Keywords>
<TimeCreated SystemTime="2020-10-22 20:52:09.246288"></TimeCreated>
<EventRecordID>7</EventRecordID>
<Correlation ActivityID="" RelatedActivityID=""></Correlation>
<Execution ProcessID="2296" ThreadID="2428"></Execution>
<Channel>Microsoft-Windows-UniversalTelemetryClient/Operational</Channel>
<Computer>WIN-PTFPHFCRDJ0</Computer>
<Security UserID="S-1-5-18"></Security>
</System>
<EventData><Data Name="Environment">ServiceHost</Data>
<Data Name="State">True</Data>
</EventData>
</Event>

<Event xmlns="http://schemas.microsoft.com/win/2004/08/events/event"><System><Provider Name="Microsoft-Windows-UniversalTelemetryClient" Guid="{6489b27f-7c43-5886-1d00-0a61bb2a375b}"></Provider>
<EventID Qualifiers="">62</EventID>
<Version>0</Version>
<Level>4</Level>
<Task>62</Task>
<Opcode>0</Opcode>
<Keywords>0x8000000000040000</Keywords>
<TimeCreated SystemTime="2020-10-22 20:52:09.246456"></TimeCreated>
<EventRecordID>8</EventRecordID>
<Correlation ActivityID="" RelatedActivityID=""></Correlation>
<Execution ProcessID="2296" ThreadID="2428"></Execution>
<Channel>Microsoft-Windows-UniversalTelemetryClient/Operational</Channel>
<Computer>WIN-PTFPHFCRDJ0</Computer>
<Security UserID="S-1-5-18"></Security>
</System>
<EventData><Data Name="Environment">ServiceHost</Data>
<Data Name="State">False</Data>
</EventData>
</Event>

<Event xmlns="http://schemas.microsoft.com/win/2004/08/events/event"><System><Provider Name="Microsoft-Windows-UniversalTelemetryClient" Guid="{6489b27f-7c43-5886-1d00-0a61bb2a375b}"></Provider>
<EventID Qualifiers="">55</EventID>
<Version>0</Version>
<Level>4</Level>
<Task>55</Task>
<Opcode>0</Opcode>
<Keywords>0x8000000000040000</Keywords>
<TimeCreated SystemTime="2020-10-22 20:52:10.323334"></TimeCreated>
<EventRecordID>9</EventRecordID>
<Correlation ActivityID="" RelatedActivityID=""></Correlation>
<Execution ProcessID="2296" ThreadID="2428"></Execution>
<Channel>Microsoft-Windows-UniversalTelemetryClient/Operational</Channel>
<Computer>WIN-PTFPHFCRDJ0</Computer>
<Security UserID="S-1-5-18"></Security>
</System>
<EventData><Data Name="Environment">ServiceHost</Data>
<Data Name="State">True</Data>
</EventData>
</Event>

<Event xmlns="http://schemas.microsoft.com/win/2004/08/events/event"><System><Provider Name="Microsoft-Windows-UniversalTelemetryClient" Guid="{6489b27f-7c43-5886-1d00-0a61bb2a375b}"></Provider>
<EventID Qualifiers="">61</EventID>
<Version>0</Version>
<Level>4</Level>
<Task>61</Task>
<Opcode>0</Opcode>
<Keywords>0x8000000000040000</Keywords>
<TimeCreated SystemTime="2020-10-22 20:56:15.134275"></TimeCreated>
<EventRecordID>10</EventRecordID>
<Correlation ActivityID="" RelatedActivityID=""></Correlation>
<Execution ProcessID="2296" ThreadID="3888"></Execution>
<Channel>Microsoft-Windows-UniversalTelemetryClient/Operational</Channel>
<Computer>WIN-PTFPHFCRDJ0</Computer>
<Security UserID="S-1-5-18"></Security>
</System>
<EventData><Data Name="Environment">ServiceHost</Data>
<Data Name="State">False</Data>
</EventData>
</Event>

<Event xmlns="http://schemas.microsoft.com/win/2004/08/events/event"><System><Provider Name="Microsoft-Windows-UniversalTelemetryClient" Guid="{6489b27f-7c43-5886-1d00-0a61bb2a375b}"></Provider>
<EventID Qualifiers="">50</EventID>
<Version>0</Version>
<Level>4</Level>
<Task>50</Task>
<Opcode>0</Opcode>
<Keywords>0x8000000000040000</Keywords>
<TimeCreated SystemTime="2020-10-22 20:57:21.024660"></TimeCreated>
<EventRecordID>11</EventRecordID>
<Correlation ActivityID="" RelatedActivityID=""></Correlation>
<Execution ProcessID="2064" ThreadID="2100"></Execution>
<Channel>Microsoft-Windows-UniversalTelemetryClient/Operational</Channel>
<Computer>WIN-PTFPHFCRDJ0</Computer>
<Security UserID="S-1-5-18"></Security>
</System>
<EventData><Data Name="Environment">ServiceHost</Data>
<Data Name="Status">0</Data>
</EventData>
</Event>

<Event xmlns="http://schemas.microsoft.com/win/2004/08/events/event"><System><Provider Name="Microsoft-Windows-UniversalTelemetryClient" Guid="{6489b27f-7c43-5886-1d00-0a61bb2a375b}"></Provider>
<EventID Qualifiers="">61</EventID>
<Version>0</Version>
<Level>4</Level>
<Task>61</Task>
<Opcode>0</Opcode>
<Keywords>0x8000000000040000</Keywords>
<TimeCreated SystemTime="2020-10-22 20:57:21.078110"></TimeCreated>
<EventRecordID>12</EventRecordID>
<Correlation ActivityID="" RelatedActivityID=""></Correlation>
<Execution ProcessID="2064" ThreadID="2248"></Execution>
<Channel>Microsoft-Windows-UniversalTelemetryClient/Operational</Channel>
<Computer>WIN-PTFPHFCRDJ0</Computer>
<Security UserID="S-1-5-18"></Security>
</System>
<EventData><Data Name="Environment">ServiceHost</Data>
<Data Name="State">False</Data>
</EventData>
</Event>

<Event xmlns="http://schemas.microsoft.com/win/2004/08/events/event"><System><Provider Name="Microsoft-Windows-UniversalTelemetryClient" Guid="{6489b27f-7c43-5886-1d00-0a61bb2a375b}"></Provider>
<EventID Qualifiers="">56</EventID>
<Version>0</Version>
<Level>4</Level>
<Task>56</Task>
<Opcode>0</Opcode>
<Keywords>0x8000000000040000</Keywords>
<TimeCreated SystemTime="2020-10-22 20:57:21.078207"></TimeCreated>
<EventRecordID>13</EventRecordID>
<Correlation ActivityID="" RelatedActivityID=""></Correlation>
<Execution ProcessID="2064" ThreadID="2248"></Execution>
<Channel>Microsoft-Windows-UniversalTelemetryClient/Operational</Channel>
<Computer>WIN-PTFPHFCRDJ0</Computer>
<Security UserID="S-1-5-18"></Security>
</System>
<EventData><Data Name="Environment">ServiceHost</Data>
<Data Name="State">True</Data>
</EventData>
</Event>

<Event xmlns="http://schemas.microsoft.com/win/2004/08/events/event"><System><Provider Name="Microsoft-Windows-UniversalTelemetryClient" Guid="{6489b27f-7c43-5886-1d00-0a61bb2a375b}"></Provider>
<EventID Qualifiers="">62</EventID>
<Version>0</Version>
<Level>4</Level>
<Task>62</Task>
<Opcode>0</Opcode>
<Keywords>0x8000000000040000</Keywords>
<TimeCreated SystemTime="2020-10-22 20:57:21.078352"></TimeCreated>
<EventRecordID>14</EventRecordID>
<Correlation ActivityID="" RelatedActivityID=""></Correlation>
<Execution ProcessID="2064" ThreadID="2248"></Execution>
<Channel>Microsoft-Windows-UniversalTelemetryClient/Operational</Channel>
<Computer>WIN-PTFPHFCRDJ0</Computer>
<Security UserID="S-1-5-18"></Security>
</System>
<EventData><Data Name="Environment">ServiceHost</Data>
<Data Name="State">False</Data>
</EventData>
</Event>

<Event xmlns="http://schemas.microsoft.com/win/2004/08/events/event"><System><Provider Name="Microsoft-Windows-UniversalTelemetryClient" Guid="{6489b27f-7c43-5886-1d00-0a61bb2a375b}"></Provider>
<EventID Qualifiers="">55</EventID>
<Version>0</Version>
<Level>4</Level>
<Task>55</Task>
<Opcode>0</Opcode>
<Keywords>0x8000000000040000</Keywords>
<TimeCreated SystemTime="2020-10-22 20:57:22.867739"></TimeCreated>
<EventRecordID>15</EventRecordID>
<Correlation ActivityID="" RelatedActivityID=""></Correlation>
<Execution ProcessID="2064" ThreadID="2812"></Execution>
<Channel>Microsoft-Windows-UniversalTelemetryClient/Operational</Channel>
<Computer>WIN-PTFPHFCRDJ0</Computer>
<Security UserID="S-1-5-18"></Security>
</System>
<EventData><Data Name="Environment">ServiceHost</Data>
<Data Name="State">True</Data>
</EventData>
</Event>

<Event xmlns="http://schemas.microsoft.com/win/2004/08/events/event"><System><Provider Name="Microsoft-Windows-UniversalTelemetryClient" Guid="{6489b27f-7c43-5886-1d00-0a61bb2a375b}"></Provider>
<EventID Qualifiers="">27</EventID>
<Version>0</Version>
<Level>4</Level>
<Task>27</Task>
<Opcode>0</Opcode>
<Keywords>0x8000000000020000</Keywords>
<TimeCreated SystemTime="2020-10-22 20:57:22.875340"></TimeCreated>
<EventRecordID>16</EventRecordID>
<Correlation ActivityID="" RelatedActivityID=""></Correlation>
<Execution ProcessID="2064" ThreadID="2304"></Execution>
<Channel>Microsoft-Windows-UniversalTelemetryClient/Operational</Channel>
<Computer>WIN-PTFPHFCRDJ0</Computer>
<Security UserID="S-1-5-18"></Security>
</System>
<EventData><Data Name="Environment">ServiceHost</Data>
<Data Name="EventsUploaded">11802</Data>
<Data Name="EventsDropped">223</Data>
<Data Name="LastEventlogWrittenTime">18296225678032972</Data>
</EventData>
</Event>

<Event xmlns="http://schemas.microsoft.com/win/2004/08/events/event"><System><Provider Name="Microsoft-Windows-UniversalTelemetryClient" Guid="{6489b27f-7c43-5886-1d00-0a61bb2a375b}"></Provider>
<EventID Qualifiers="">61</EventID>
<Version>0</Version>
<Level>4</Level>
<Task>61</Task>
<Opcode>0</Opcode>
<Keywords>0x8000000000040000</Keywords>
<TimeCreated SystemTime="2020-10-22 20:59:09.009808"></TimeCreated>
<EventRecordID>17</EventRecordID>
<Correlation ActivityID="" RelatedActivityID=""></Correlation>
<Execution ProcessID="2064" ThreadID="2248"></Execution>
<Channel>Microsoft-Windows-UniversalTelemetryClient/Operational</Channel>
<Computer>WIN-PTFPHFCRDJ0</Computer>
<Security UserID="S-1-5-18"></Security>
</System>
<EventData><Data Name="Environment">ServiceHost</Data>
<Data Name="State">False</Data>
</EventData>
</Event>

<Event xmlns="http://schemas.microsoft.com/win/2004/08/events/event"><System><Provider Name="Microsoft-Windows-UniversalTelemetryClient" Guid="{6489b27f-7c43-5886-1d00-0a61bb2a375b}"></Provider>
<EventID Qualifiers="">27</EventID>
<Version>0</Version>
<Level>4</Level>
<Task>27</Task>
<Opcode>0</Opcode>
<Keywords>0x8000000000020000</Keywords>
<TimeCreated SystemTime="2020-10-22 21:27:22.346066"></TimeCreated>
<EventRecordID>18</EventRecordID>
<Correlation ActivityID="" RelatedActivityID=""></Correlation>
<Execution ProcessID="2064" ThreadID="2260"></Execution>
<Channel>Microsoft-Windows-UniversalTelemetryClient/Operational</Channel>
<Computer>WIN-PTFPHFCRDJ0</Computer>
<Security UserID="S-1-5-18"></Security>
</System>
<EventData><Data Name="Environment">ServiceHost</Data>
<Data Name="EventsUploaded">4625</Data>
<Data Name="EventsDropped">402</Data>
<Data Name="LastEventlogWrittenTime">132478738428660180</Data>
</EventData>
</Event>

<Event xmlns="http://schemas.microsoft.com/win/2004/08/events/event"><System><Provider Name="Microsoft-Windows-UniversalTelemetryClient" Guid="{6489b27f-7c43-5886-1d00-0a61bb2a375b}"></Provider>
<EventID Qualifiers="">27</EventID>
<Version>0</Version>
<Level>4</Level>
<Task>27</Task>
<Opcode>0</Opcode>
<Keywords>0x8000000000020000</Keywords>
<TimeCreated SystemTime="2020-10-22 21:57:22.331120"></TimeCreated>
<EventRecordID>19</EventRecordID>
<Correlation ActivityID="" RelatedActivityID=""></Correlation>
<Execution ProcessID="2064" ThreadID="3336"></Execution>
<Channel>Microsoft-Windows-UniversalTelemetryClient/Operational</Channel>
<Computer>WIN-PTFPHFCRDJ0</Computer>
<Security UserID="S-1-5-18"></Security>
</System>
<EventData><Data Name="Environment">ServiceHost</Data>
<Data Name="EventsUploaded">1068</Data>
<Data Name="EventsDropped">100</Data>
<Data Name="LastEventlogWrittenTime">132478756423403531</Data>
</EventData>
</Event>

<Event xmlns="http://schemas.microsoft.com/win/2004/08/events/event"><System><Provider Name="Microsoft-Windows-UniversalTelemetryClient" Guid="{6489b27f-7c43-5886-1d00-0a61bb2a375b}"></Provider>
<EventID Qualifiers="">27</EventID>
<Version>0</Version>
<Level>4</Level>
<Task>27</Task>
<Opcode>0</Opcode>
<Keywords>0x8000000000020000</Keywords>
<TimeCreated SystemTime="2020-10-22 22:27:22.359449"></TimeCreated>
<EventRecordID>20</EventRecordID>
<Correlation ActivityID="" RelatedActivityID=""></Correlation>
<Execution ProcessID="2064" ThreadID="1356"></Execution>
<Channel>Microsoft-Windows-UniversalTelemetryClient/Operational</Channel>
<Computer>WIN-PTFPHFCRDJ0</Computer>
<Security UserID="S-1-5-18"></Security>
</System>
<EventData><Data Name="Environment">ServiceHost</Data>
<Data Name="EventsUploaded">1822</Data>
<Data Name="EventsDropped">275</Data>
<Data Name="LastEventlogWrittenTime">132478774423232702</Data>
</EventData>
</Event>

<Event xmlns="http://schemas.microsoft.com/win/2004/08/events/event"><System><Provider Name="Microsoft-Windows-UniversalTelemetryClient" Guid="{6489b27f-7c43-5886-1d00-0a61bb2a375b}"></Provider>
<EventID Qualifiers="">27</EventID>
<Version>0</Version>
<Level>4</Level>
<Task>27</Task>
<Opcode>0</Opcode>
<Keywords>0x8000000000020000</Keywords>
<TimeCreated SystemTime="2020-10-22 22:57:22.355804"></TimeCreated>
<EventRecordID>21</EventRecordID>
<Correlation ActivityID="" RelatedActivityID=""></Correlation>
<Execution ProcessID="2064" ThreadID="3164"></Execution>
<Channel>Microsoft-Windows-UniversalTelemetryClient/Operational</Channel>
<Computer>WIN-PTFPHFCRDJ0</Computer>
<Security UserID="S-1-5-18"></Security>
</System>
<EventData><Data Name="Environment">ServiceHost</Data>
<Data Name="EventsUploaded">1582</Data>
<Data Name="EventsDropped">276</Data>
<Data Name="LastEventlogWrittenTime">132478792423559560</Data>
</EventData>
</Event>

<Event xmlns="http://schemas.microsoft.com/win/2004/08/events/event"><System><Provider Name="Microsoft-Windows-UniversalTelemetryClient" Guid="{6489b27f-7c43-5886-1d00-0a61bb2a375b}"></Provider>
<EventID Qualifiers="">27</EventID>
<Version>0</Version>
<Level>4</Level>
<Task>27</Task>
<Opcode>0</Opcode>
<Keywords>0x8000000000020000</Keywords>
<TimeCreated SystemTime="2020-10-22 23:27:22.363047"></TimeCreated>
<EventRecordID>22</EventRecordID>
<Correlation ActivityID="" RelatedActivityID=""></Correlation>
<Execution ProcessID="2064" ThreadID="1684"></Execution>
<Channel>Microsoft-Windows-UniversalTelemetryClient/Operational</Channel>
<Computer>WIN-PTFPHFCRDJ0</Computer>
<Security UserID="S-1-5-18"></Security>
</System>
<EventData><Data Name="Environment">ServiceHost</Data>
<Data Name="EventsUploaded">513</Data>
<Data Name="EventsDropped">73</Data>
<Data Name="LastEventlogWrittenTime">132478810423434195</Data>
</EventData>
</Event>

<Event xmlns="http://schemas.microsoft.com/win/2004/08/events/event"><System><Provider Name="Microsoft-Windows-UniversalTelemetryClient" Guid="{6489b27f-7c43-5886-1d00-0a61bb2a375b}"></Provider>
<EventID Qualifiers="">50</EventID>
<Version>0</Version>
<Level>4</Level>
<Task>50</Task>
<Opcode>0</Opcode>
<Keywords>0x8000000000040000</Keywords>
<TimeCreated SystemTime="2020-10-23 12:28:05.076199"></TimeCreated>
<EventRecordID>23</EventRecordID>
<Correlation ActivityID="" RelatedActivityID=""></Correlation>
<Execution ProcessID="2280" ThreadID="2392"></Execution>
<Channel>Microsoft-Windows-UniversalTelemetryClient/Operational</Channel>
<Computer>WIN-PTFPHFCRDJ0</Computer>
<Security UserID="S-1-5-18"></Security>
</System>
<EventData><Data Name="Environment">ServiceHost</Data>
<Data Name="Status">0</Data>
</EventData>
</Event>

<Event xmlns="http://schemas.microsoft.com/win/2004/08/events/event"><System><Provider Name="Microsoft-Windows-UniversalTelemetryClient" Guid="{6489b27f-7c43-5886-1d00-0a61bb2a375b}"></Provider>
<EventID Qualifiers="">61</EventID>
<Version>0</Version>
<Level>4</Level>
<Task>61</Task>
<Opcode>0</Opcode>
<Keywords>0x8000000000040000</Keywords>
<TimeCreated SystemTime="2020-10-23 12:28:06.990210"></TimeCreated>
<EventRecordID>24</EventRecordID>
<Correlation ActivityID="" RelatedActivityID=""></Correlation>
<Execution ProcessID="2280" ThreadID="2836"></Execution>
<Channel>Microsoft-Windows-UniversalTelemetryClient/Operational</Channel>
<Computer>WIN-PTFPHFCRDJ0</Computer>
<Security UserID="S-1-5-18"></Security>
</System>
<EventData><Data Name="Environment">ServiceHost</Data>
<Data Name="State">False</Data>
</EventData>
</Event>

<Event xmlns="http://schemas.microsoft.com/win/2004/08/events/event"><System><Provider Name="Microsoft-Windows-UniversalTelemetryClient" Guid="{6489b27f-7c43-5886-1d00-0a61bb2a375b}"></Provider>
<EventID Qualifiers="">55</EventID>
<Version>0</Version>
<Level>4</Level>
<Task>55</Task>
<Opcode>0</Opcode>
<Keywords>0x8000000000040000</Keywords>
<TimeCreated SystemTime="2020-10-23 12:28:06.990236"></TimeCreated>
<EventRecordID>25</EventRecordID>
<Correlation ActivityID="" RelatedActivityID=""></Correlation>
<Execution ProcessID="2280" ThreadID="2836"></Execution>
<Channel>Microsoft-Windows-UniversalTelemetryClient/Operational</Channel>
<Computer>WIN-PTFPHFCRDJ0</Computer>
<Security UserID="S-1-5-18"></Security>
</System>
<EventData><Data Name="Environment">ServiceHost</Data>
<Data Name="State">True</Data>
</EventData>
</Event>

<Event xmlns="http://schemas.microsoft.com/win/2004/08/events/event"><System><Provider Name="Microsoft-Windows-UniversalTelemetryClient" Guid="{6489b27f-7c43-5886-1d00-0a61bb2a375b}"></Provider>
<EventID Qualifiers="">56</EventID>
<Version>0</Version>
<Level>4</Level>
<Task>56</Task>
<Opcode>0</Opcode>
<Keywords>0x8000000000040000</Keywords>
<TimeCreated SystemTime="2020-10-23 12:28:06.990690"></TimeCreated>
<EventRecordID>26</EventRecordID>
<Correlation ActivityID="" RelatedActivityID=""></Correlation>
<Execution ProcessID="2280" ThreadID="2836"></Execution>
<Channel>Microsoft-Windows-UniversalTelemetryClient/Operational</Channel>
<Computer>WIN-PTFPHFCRDJ0</Computer>
<Security UserID="S-1-5-18"></Security>
</System>
<EventData><Data Name="Environment">ServiceHost</Data>
<Data Name="State">True</Data>
</EventData>
</Event>

<Event xmlns="http://schemas.microsoft.com/win/2004/08/events/event"><System><Provider Name="Microsoft-Windows-UniversalTelemetryClient" Guid="{6489b27f-7c43-5886-1d00-0a61bb2a375b}"></Provider>
<EventID Qualifiers="">62</EventID>
<Version>0</Version>
<Level>4</Level>
<Task>62</Task>
<Opcode>0</Opcode>
<Keywords>0x8000000000040000</Keywords>
<TimeCreated SystemTime="2020-10-23 12:28:06.990864"></TimeCreated>
<EventRecordID>27</EventRecordID>
<Correlation ActivityID="" RelatedActivityID=""></Correlation>
<Execution ProcessID="2280" ThreadID="2836"></Execution>
<Channel>Microsoft-Windows-UniversalTelemetryClient/Operational</Channel>
<Computer>WIN-PTFPHFCRDJ0</Computer>
<Security UserID="S-1-5-18"></Security>
</System>
<EventData><Data Name="Environment">ServiceHost</Data>
<Data Name="State">False</Data>
</EventData>
</Event>

<Event xmlns="http://schemas.microsoft.com/win/2004/08/events/event"><System><Provider Name="Microsoft-Windows-UniversalTelemetryClient" Guid="{6489b27f-7c43-5886-1d00-0a61bb2a375b}"></Provider>
<EventID Qualifiers="">61</EventID>
<Version>0</Version>
<Level>4</Level>
<Task>61</Task>
<Opcode>0</Opcode>
<Keywords>0x8000000000040000</Keywords>
<TimeCreated SystemTime="2020-10-23 12:29:16.248301"></TimeCreated>
<EventRecordID>28</EventRecordID>
<Correlation ActivityID="" RelatedActivityID=""></Correlation>
<Execution ProcessID="2280" ThreadID="3748"></Execution>
<Channel>Microsoft-Windows-UniversalTelemetryClient/Operational</Channel>
<Computer>WIN-PTFPHFCRDJ0</Computer>
<Security UserID="S-1-5-18"></Security>
</System>
<EventData><Data Name="Environment">ServiceHost</Data>
<Data Name="State">False</Data>
</EventData>
</Event>

<Event xmlns="http://schemas.microsoft.com/win/2004/08/events/event"><System><Provider Name="Microsoft-Windows-UniversalTelemetryClient" Guid="{6489b27f-7c43-5886-1d00-0a61bb2a375b}"></Provider>
<EventID Qualifiers="">27</EventID>
<Version>0</Version>
<Level>4</Level>
<Task>27</Task>
<Opcode>0</Opcode>
<Keywords>0x8000000000020000</Keywords>
<TimeCreated SystemTime="2020-10-23 12:57:53.029219"></TimeCreated>
<EventRecordID>29</EventRecordID>
<Correlation ActivityID="" RelatedActivityID=""></Correlation>
<Execution ProcessID="2280" ThreadID="3192"></Execution>
<Channel>Microsoft-Windows-UniversalTelemetryClient/Operational</Channel>
<Computer>WIN-PTFPHFCRDJ0</Computer>
<Security UserID="S-1-5-18"></Security>
</System>
<EventData><Data Name="Environment">ServiceHost</Data>
<Data Name="EventsUploaded">1526</Data>
<Data Name="EventsDropped">1028</Data>
<Data Name="LastEventlogWrittenTime">132478828423539961</Data>
</EventData>
</Event>

<Event xmlns="http://schemas.microsoft.com/win/2004/08/events/event"><System><Provider Name="Microsoft-Windows-UniversalTelemetryClient" Guid="{6489b27f-7c43-5886-1d00-0a61bb2a375b}"></Provider>
<EventID Qualifiers="">27</EventID>
<Version>0</Version>
<Level>4</Level>
<Task>27</Task>
<Opcode>0</Opcode>
<Keywords>0x8000000000020000</Keywords>
<TimeCreated SystemTime="2020-10-23 13:27:53.021984"></TimeCreated>
<EventRecordID>30</EventRecordID>
<Correlation ActivityID="" RelatedActivityID=""></Correlation>
<Execution ProcessID="2280" ThreadID="2480"></Execution>
<Channel>Microsoft-Windows-UniversalTelemetryClient/Operational</Channel>
<Computer>WIN-PTFPHFCRDJ0</Computer>
<Security UserID="S-1-5-18"></Security>
</System>
<EventData><Data Name="Environment">ServiceHost</Data>
<Data Name="EventsUploaded">186</Data>
<Data Name="EventsDropped">0</Data>
<Data Name="LastEventlogWrittenTime">132479314730251765</Data>
</EventData>
</Event>

<Event xmlns="http://schemas.microsoft.com/win/2004/08/events/event"><System><Provider Name="Microsoft-Windows-UniversalTelemetryClient" Guid="{6489b27f-7c43-5886-1d00-0a61bb2a375b}"></Provider>
<EventID Qualifiers="">50</EventID>
<Version>0</Version>
<Level>4</Level>
<Task>50</Task>
<Opcode>0</Opcode>
<Keywords>0x8000000000040000</Keywords>
<TimeCreated SystemTime="2020-10-23 13:54:04.305855"></TimeCreated>
<EventRecordID>31</EventRecordID>
<Correlation ActivityID="" RelatedActivityID=""></Correlation>
<Execution ProcessID="2344" ThreadID="2376"></Execution>
<Channel>Microsoft-Windows-UniversalTelemetryClient/Operational</Channel>
<Computer>WIN-PTFPHFCRDJ0</Computer>
<Security UserID="S-1-5-18"></Security>
</System>
<EventData><Data Name="Environment">ServiceHost</Data>
<Data Name="Status">2</Data>
</EventData>
</Event>

<Event xmlns="http://schemas.microsoft.com/win/2004/08/events/event"><System><Provider Name="Microsoft-Windows-UniversalTelemetryClient" Guid="{6489b27f-7c43-5886-1d00-0a61bb2a375b}"></Provider>
<EventID Qualifiers="">61</EventID>
<Version>0</Version>
<Level>4</Level>
<Task>61</Task>
<Opcode>0</Opcode>
<Keywords>0x8000000000040000</Keywords>
<TimeCreated SystemTime="2020-10-23 13:54:06.519453"></TimeCreated>
<EventRecordID>32</EventRecordID>
<Correlation ActivityID="" RelatedActivityID=""></Correlation>
<Execution ProcessID="2344" ThreadID="2844"></Execution>
<Channel>Microsoft-Windows-UniversalTelemetryClient/Operational</Channel>
<Computer>WIN-PTFPHFCRDJ0</Computer>
<Security UserID="S-1-5-18"></Security>
</System>
<EventData><Data Name="Environment">ServiceHost</Data>
<Data Name="State">False</Data>
</EventData>
</Event>

<Event xmlns="http://schemas.microsoft.com/win/2004/08/events/event"><System><Provider Name="Microsoft-Windows-UniversalTelemetryClient" Guid="{6489b27f-7c43-5886-1d00-0a61bb2a375b}"></Provider>
<EventID Qualifiers="">55</EventID>
<Version>0</Version>
<Level>4</Level>
<Task>55</Task>
<Opcode>0</Opcode>
<Keywords>0x8000000000040000</Keywords>
<TimeCreated SystemTime="2020-10-23 13:54:06.519472"></TimeCreated>
<EventRecordID>33</EventRecordID>
<Correlation ActivityID="" RelatedActivityID=""></Correlation>
<Execution ProcessID="2344" ThreadID="2844"></Execution>
<Channel>Microsoft-Windows-UniversalTelemetryClient/Operational</Channel>
<Computer>WIN-PTFPHFCRDJ0</Computer>
<Security UserID="S-1-5-18"></Security>
</System>
<EventData><Data Name="Environment">ServiceHost</Data>
<Data Name="State">True</Data>
</EventData>
</Event>

<Event xmlns="http://schemas.microsoft.com/win/2004/08/events/event"><System><Provider Name="Microsoft-Windows-UniversalTelemetryClient" Guid="{6489b27f-7c43-5886-1d00-0a61bb2a375b}"></Provider>
<EventID Qualifiers="">56</EventID>
<Version>0</Version>
<Level>4</Level>
<Task>56</Task>
<Opcode>0</Opcode>
<Keywords>0x8000000000040000</Keywords>
<TimeCreated SystemTime="2020-10-23 13:54:06.519875"></TimeCreated>
<EventRecordID>34</EventRecordID>
<Correlation ActivityID="" RelatedActivityID=""></Correlation>
<Execution ProcessID="2344" ThreadID="2844"></Execution>
<Channel>Microsoft-Windows-UniversalTelemetryClient/Operational</Channel>
<Computer>WIN-PTFPHFCRDJ0</Computer>
<Security UserID="S-1-5-18"></Security>
</System>
<EventData><Data Name="Environment">ServiceHost</Data>
<Data Name="State">True</Data>
</EventData>
</Event>

<Event xmlns="http://schemas.microsoft.com/win/2004/08/events/event"><System><Provider Name="Microsoft-Windows-UniversalTelemetryClient" Guid="{6489b27f-7c43-5886-1d00-0a61bb2a375b}"></Provider>
<EventID Qualifiers="">62</EventID>
<Version>0</Version>
<Level>4</Level>
<Task>62</Task>
<Opcode>0</Opcode>
<Keywords>0x8000000000040000</Keywords>
<TimeCreated SystemTime="2020-10-23 13:54:06.520037"></TimeCreated>
<EventRecordID>35</EventRecordID>
<Correlation ActivityID="" RelatedActivityID=""></Correlation>
<Execution ProcessID="2344" ThreadID="2844"></Execution>
<Channel>Microsoft-Windows-UniversalTelemetryClient/Operational</Channel>
<Computer>WIN-PTFPHFCRDJ0</Computer>
<Security UserID="S-1-5-18"></Security>
</System>
<EventData><Data Name="Environment">ServiceHost</Data>
<Data Name="State">False</Data>
</EventData>
</Event>

<Event xmlns="http://schemas.microsoft.com/win/2004/08/events/event"><System><Provider Name="Microsoft-Windows-UniversalTelemetryClient" Guid="{6489b27f-7c43-5886-1d00-0a61bb2a375b}"></Provider>
<EventID Qualifiers="">61</EventID>
<Version>0</Version>
<Level>4</Level>
<Task>61</Task>
<Opcode>0</Opcode>
<Keywords>0x8000000000040000</Keywords>
<TimeCreated SystemTime="2020-10-23 13:55:47.722586"></TimeCreated>
<EventRecordID>36</EventRecordID>
<Correlation ActivityID="" RelatedActivityID=""></Correlation>
<Execution ProcessID="2344" ThreadID="2844"></Execution>
<Channel>Microsoft-Windows-UniversalTelemetryClient/Operational</Channel>
<Computer>WIN-PTFPHFCRDJ0</Computer>
<Security UserID="S-1-5-18"></Security>
</System>
<EventData><Data Name="Environment">ServiceHost</Data>
<Data Name="State">False</Data>
</EventData>
</Event>

<Event xmlns="http://schemas.microsoft.com/win/2004/08/events/event"><System><Provider Name="Microsoft-Windows-UniversalTelemetryClient" Guid="{6489b27f-7c43-5886-1d00-0a61bb2a375b}"></Provider>
<EventID Qualifiers="">61</EventID>
<Version>0</Version>
<Level>4</Level>
<Task>61</Task>
<Opcode>0</Opcode>
<Keywords>0x8000000000040000</Keywords>
<TimeCreated SystemTime="2020-10-23 14:00:02.017000"></TimeCreated>
<EventRecordID>37</EventRecordID>
<Correlation ActivityID="" RelatedActivityID=""></Correlation>
<Execution ProcessID="2344" ThreadID="2512"></Execution>
<Channel>Microsoft-Windows-UniversalTelemetryClient/Operational</Channel>
<Computer>WIN-PTFPHFCRDJ0</Computer>
<Security UserID="S-1-5-18"></Security>
</System>
<EventData><Data Name="Environment">ServiceHost</Data>
<Data Name="State">False</Data>
</EventData>
</Event>

<Event xmlns="http://schemas.microsoft.com/win/2004/08/events/event"><System><Provider Name="Microsoft-Windows-UniversalTelemetryClient" Guid="{6489b27f-7c43-5886-1d00-0a61bb2a375b}"></Provider>
<EventID Qualifiers="">61</EventID>
<Version>0</Version>
<Level>4</Level>
<Task>61</Task>
<Opcode>0</Opcode>
<Keywords>0x8000000000040000</Keywords>
<TimeCreated SystemTime="2020-10-23 14:02:57.728094"></TimeCreated>
<EventRecordID>38</EventRecordID>
<Correlation ActivityID="" RelatedActivityID=""></Correlation>
<Execution ProcessID="2344" ThreadID="2844"></Execution>
<Channel>Microsoft-Windows-UniversalTelemetryClient/Operational</Channel>
<Computer>WIN-PTFPHFCRDJ0</Computer>
<Security UserID="S-1-5-18"></Security>
</System>
<EventData><Data Name="Environment">ServiceHost</Data>
<Data Name="State">False</Data>
</EventData>
</Event>

<Event xmlns="http://schemas.microsoft.com/win/2004/08/events/event"><System><Provider Name="Microsoft-Windows-UniversalTelemetryClient" Guid="{6489b27f-7c43-5886-1d00-0a61bb2a375b}"></Provider>
<EventID Qualifiers="">50</EventID>
<Version>0</Version>
<Level>4</Level>
<Task>50</Task>
<Opcode>0</Opcode>
<Keywords>0x8000000000040000</Keywords>
<TimeCreated SystemTime="2020-10-23 18:49:21.035830"></TimeCreated>
<EventRecordID>39</EventRecordID>
<Correlation ActivityID="" RelatedActivityID=""></Correlation>
<Execution ProcessID="2204" ThreadID="2304"></Execution>
<Channel>Microsoft-Windows-UniversalTelemetryClient/Operational</Channel>
<Computer>WIN-PTFPHFCRDJ0</Computer>
<Security UserID="S-1-5-18"></Security>
</System>
<EventData><Data Name="Environment">ServiceHost</Data>
<Data Name="Status">0</Data>
</EventData>
</Event>

<Event xmlns="http://schemas.microsoft.com/win/2004/08/events/event"><System><Provider Name="Microsoft-Windows-UniversalTelemetryClient" Guid="{6489b27f-7c43-5886-1d00-0a61bb2a375b}"></Provider>
<EventID Qualifiers="">61</EventID>
<Version>0</Version>
<Level>4</Level>
<Task>61</Task>
<Opcode>0</Opcode>
<Keywords>0x8000000000040000</Keywords>
<TimeCreated SystemTime="2020-10-23 18:49:22.558437"></TimeCreated>
<EventRecordID>40</EventRecordID>
<Correlation ActivityID="" RelatedActivityID=""></Correlation>
<Execution ProcessID="2204" ThreadID="2852"></Execution>
<Channel>Microsoft-Windows-UniversalTelemetryClient/Operational</Channel>
<Computer>WIN-PTFPHFCRDJ0</Computer>
<Security UserID="S-1-5-18"></Security>
</System>
<EventData><Data Name="Environment">ServiceHost</Data>
<Data Name="State">False</Data>
</EventData>
</Event>

<Event xmlns="http://schemas.microsoft.com/win/2004/08/events/event"><System><Provider Name="Microsoft-Windows-UniversalTelemetryClient" Guid="{6489b27f-7c43-5886-1d00-0a61bb2a375b}"></Provider>
<EventID Qualifiers="">55</EventID>
<Version>0</Version>
<Level>4</Level>
<Task>55</Task>
<Opcode>0</Opcode>
<Keywords>0x8000000000040000</Keywords>
<TimeCreated SystemTime="2020-10-23 18:49:22.558449"></TimeCreated>
<EventRecordID>41</EventRecordID>
<Correlation ActivityID="" RelatedActivityID=""></Correlation>
<Execution ProcessID="2204" ThreadID="2852"></Execution>
<Channel>Microsoft-Windows-UniversalTelemetryClient/Operational</Channel>
<Computer>WIN-PTFPHFCRDJ0</Computer>
<Security UserID="S-1-5-18"></Security>
</System>
<EventData><Data Name="Environment">ServiceHost</Data>
<Data Name="State">True</Data>
</EventData>
</Event>

<Event xmlns="http://schemas.microsoft.com/win/2004/08/events/event"><System><Provider Name="Microsoft-Windows-UniversalTelemetryClient" Guid="{6489b27f-7c43-5886-1d00-0a61bb2a375b}"></Provider>
<EventID Qualifiers="">56</EventID>
<Version>0</Version>
<Level>4</Level>
<Task>56</Task>
<Opcode>0</Opcode>
<Keywords>0x8000000000040000</Keywords>
<TimeCreated SystemTime="2020-10-23 18:49:22.558609"></TimeCreated>
<EventRecordID>42</EventRecordID>
<Correlation ActivityID="" RelatedActivityID=""></Correlation>
<Execution ProcessID="2204" ThreadID="2852"></Execution>
<Channel>Microsoft-Windows-UniversalTelemetryClient/Operational</Channel>
<Computer>WIN-PTFPHFCRDJ0</Computer>
<Security UserID="S-1-5-18"></Security>
</System>
<EventData><Data Name="Environment">ServiceHost</Data>
<Data Name="State">True</Data>
</EventData>
</Event>

<Event xmlns="http://schemas.microsoft.com/win/2004/08/events/event"><System><Provider Name="Microsoft-Windows-UniversalTelemetryClient" Guid="{6489b27f-7c43-5886-1d00-0a61bb2a375b}"></Provider>
<EventID Qualifiers="">62</EventID>
<Version>0</Version>
<Level>4</Level>
<Task>62</Task>
<Opcode>0</Opcode>
<Keywords>0x8000000000040000</Keywords>
<TimeCreated SystemTime="2020-10-23 18:49:22.558670"></TimeCreated>
<EventRecordID>43</EventRecordID>
<Correlation ActivityID="" RelatedActivityID=""></Correlation>
<Execution ProcessID="2204" ThreadID="2852"></Execution>
<Channel>Microsoft-Windows-UniversalTelemetryClient/Operational</Channel>
<Computer>WIN-PTFPHFCRDJ0</Computer>
<Security UserID="S-1-5-18"></Security>
</System>
<EventData><Data Name="Environment">ServiceHost</Data>
<Data Name="State">False</Data>
</EventData>
</Event>

<Event xmlns="http://schemas.microsoft.com/win/2004/08/events/event"><System><Provider Name="Microsoft-Windows-UniversalTelemetryClient" Guid="{6489b27f-7c43-5886-1d00-0a61bb2a375b}"></Provider>
<EventID Qualifiers="">27</EventID>
<Version>0</Version>
<Level>4</Level>
<Task>27</Task>
<Opcode>0</Opcode>
<Keywords>0x8000000000020000</Keywords>
<TimeCreated SystemTime="2020-10-23 18:49:26.730242"></TimeCreated>
<EventRecordID>44</EventRecordID>
<Correlation ActivityID="" RelatedActivityID=""></Correlation>
<Execution ProcessID="2204" ThreadID="2872"></Execution>
<Channel>Microsoft-Windows-UniversalTelemetryClient/Operational</Channel>
<Computer>WIN-PTFPHFCRDJ0</Computer>
<Security UserID="S-1-5-18"></Security>
</System>
<EventData><Data Name="Environment">ServiceHost</Data>
<Data Name="EventsUploaded">1930</Data>
<Data Name="EventsDropped">1411</Data>
<Data Name="LastEventlogWrittenTime">132478828423539961</Data>
</EventData>
</Event>

<Event xmlns="http://schemas.microsoft.com/win/2004/08/events/event"><System><Provider Name="Microsoft-Windows-UniversalTelemetryClient" Guid="{6489b27f-7c43-5886-1d00-0a61bb2a375b}"></Provider>
<EventID Qualifiers="">61</EventID>
<Version>0</Version>
<Level>4</Level>
<Task>61</Task>
<Opcode>0</Opcode>
<Keywords>0x8000000000040000</Keywords>
<TimeCreated SystemTime="2020-10-23 18:50:52.505463"></TimeCreated>
<EventRecordID>45</EventRecordID>
<Correlation ActivityID="" RelatedActivityID=""></Correlation>
<Execution ProcessID="2204" ThreadID="4020"></Execution>
<Channel>Microsoft-Windows-UniversalTelemetryClient/Operational</Channel>
<Computer>WIN-PTFPHFCRDJ0</Computer>
<Security UserID="S-1-5-18"></Security>
</System>
<EventData><Data Name="Environment">ServiceHost</Data>
<Data Name="State">False</Data>
</EventData>
</Event>

<Event xmlns="http://schemas.microsoft.com/win/2004/08/events/event"><System><Provider Name="Microsoft-Windows-UniversalTelemetryClient" Guid="{6489b27f-7c43-5886-1d00-0a61bb2a375b}"></Provider>
<EventID Qualifiers="">61</EventID>
<Version>0</Version>
<Level>4</Level>
<Task>61</Task>
<Opcode>0</Opcode>
<Keywords>0x8000000000040000</Keywords>
<TimeCreated SystemTime="2020-10-23 18:52:40.987556"></TimeCreated>
<EventRecordID>46</EventRecordID>
<Correlation ActivityID="" RelatedActivityID=""></Correlation>
<Execution ProcessID="2204" ThreadID="3640"></Execution>
<Channel>Microsoft-Windows-UniversalTelemetryClient/Operational</Channel>
<Computer>WIN-PTFPHFCRDJ0</Computer>
<Security UserID="S-1-5-18"></Security>
</System>
<EventData><Data Name="Environment">ServiceHost</Data>
<Data Name="State">False</Data>
</EventData>
</Event>

<Event xmlns="http://schemas.microsoft.com/win/2004/08/events/event"><System><Provider Name="Microsoft-Windows-UniversalTelemetryClient" Guid="{6489b27f-7c43-5886-1d00-0a61bb2a375b}"></Provider>
<EventID Qualifiers="">61</EventID>
<Version>0</Version>
<Level>4</Level>
<Task>61</Task>
<Opcode>0</Opcode>
<Keywords>0x8000000000040000</Keywords>
<TimeCreated SystemTime="2020-10-23 18:55:22.528692"></TimeCreated>
<EventRecordID>47</EventRecordID>
<Correlation ActivityID="" RelatedActivityID=""></Correlation>
<Execution ProcessID="2204" ThreadID="4020"></Execution>
<Channel>Microsoft-Windows-UniversalTelemetryClient/Operational</Channel>
<Computer>WIN-PTFPHFCRDJ0</Computer>
<Security UserID="S-1-5-18"></Security>
</System>
<EventData><Data Name="Environment">ServiceHost</Data>
<Data Name="State">False</Data>
</EventData>
</Event>

<Event xmlns="http://schemas.microsoft.com/win/2004/08/events/event"><System><Provider Name="Microsoft-Windows-UniversalTelemetryClient" Guid="{6489b27f-7c43-5886-1d00-0a61bb2a375b}"></Provider>
<EventID Qualifiers="">50</EventID>
<Version>0</Version>
<Level>4</Level>
<Task>50</Task>
<Opcode>0</Opcode>
<Keywords>0x8000000000040000</Keywords>
<TimeCreated SystemTime="2020-10-24 21:52:53.679070"></TimeCreated>
<EventRecordID>48</EventRecordID>
<Correlation ActivityID="" RelatedActivityID=""></Correlation>
<Execution ProcessID="2308" ThreadID="2368"></Execution>
<Channel>Microsoft-Windows-UniversalTelemetryClient/Operational</Channel>
<Computer>WIN-PTFPHFCRDJ0</Computer>
<Security UserID="S-1-5-18"></Security>
</System>
<EventData><Data Name="Environment">ServiceHost</Data>
<Data Name="Status">0</Data>
</EventData>
</Event>

<Event xmlns="http://schemas.microsoft.com/win/2004/08/events/event"><System><Provider Name="Microsoft-Windows-UniversalTelemetryClient" Guid="{6489b27f-7c43-5886-1d00-0a61bb2a375b}"></Provider>
<EventID Qualifiers="">61</EventID>
<Version>0</Version>
<Level>4</Level>
<Task>61</Task>
<Opcode>0</Opcode>
<Keywords>0x8000000000040000</Keywords>
<TimeCreated SystemTime="2020-10-24 21:53:07.309294"></TimeCreated>
<EventRecordID>49</EventRecordID>
<Correlation ActivityID="" RelatedActivityID=""></Correlation>
<Execution ProcessID="2308" ThreadID="2936"></Execution>
<Channel>Microsoft-Windows-UniversalTelemetryClient/Operational</Channel>
<Computer>WIN-PTFPHFCRDJ0</Computer>
<Security UserID="S-1-5-18"></Security>
</System>
<EventData><Data Name="Environment">ServiceHost</Data>
<Data Name="State">False</Data>
</EventData>
</Event>

<Event xmlns="http://schemas.microsoft.com/win/2004/08/events/event"><System><Provider Name="Microsoft-Windows-UniversalTelemetryClient" Guid="{6489b27f-7c43-5886-1d00-0a61bb2a375b}"></Provider>
<EventID Qualifiers="">55</EventID>
<Version>0</Version>
<Level>4</Level>
<Task>55</Task>
<Opcode>0</Opcode>
<Keywords>0x8000000000040000</Keywords>
<TimeCreated SystemTime="2020-10-24 21:53:07.309301"></TimeCreated>
<EventRecordID>50</EventRecordID>
<Correlation ActivityID="" RelatedActivityID=""></Correlation>
<Execution ProcessID="2308" ThreadID="2936"></Execution>
<Channel>Microsoft-Windows-UniversalTelemetryClient/Operational</Channel>
<Computer>WIN-PTFPHFCRDJ0</Computer>
<Security UserID="S-1-5-18"></Security>
</System>
<EventData><Data Name="Environment">ServiceHost</Data>
<Data Name="State">True</Data>
</EventData>
</Event>

<Event xmlns="http://schemas.microsoft.com/win/2004/08/events/event"><System><Provider Name="Microsoft-Windows-UniversalTelemetryClient" Guid="{6489b27f-7c43-5886-1d00-0a61bb2a375b}"></Provider>
<EventID Qualifiers="">56</EventID>
<Version>0</Version>
<Level>4</Level>
<Task>56</Task>
<Opcode>0</Opcode>
<Keywords>0x8000000000040000</Keywords>
<TimeCreated SystemTime="2020-10-24 21:53:07.309412"></TimeCreated>
<EventRecordID>51</EventRecordID>
<Correlation ActivityID="" RelatedActivityID=""></Correlation>
<Execution ProcessID="2308" ThreadID="2936"></Execution>
<Channel>Microsoft-Windows-UniversalTelemetryClient/Operational</Channel>
<Computer>WIN-PTFPHFCRDJ0</Computer>
<Security UserID="S-1-5-18"></Security>
</System>
<EventData><Data Name="Environment">ServiceHost</Data>
<Data Name="State">True</Data>
</EventData>
</Event>

<Event xmlns="http://schemas.microsoft.com/win/2004/08/events/event"><System><Provider Name="Microsoft-Windows-UniversalTelemetryClient" Guid="{6489b27f-7c43-5886-1d00-0a61bb2a375b}"></Provider>
<EventID Qualifiers="">62</EventID>
<Version>0</Version>
<Level>4</Level>
<Task>62</Task>
<Opcode>0</Opcode>
<Keywords>0x8000000000040000</Keywords>
<TimeCreated SystemTime="2020-10-24 21:53:07.309458"></TimeCreated>
<EventRecordID>52</EventRecordID>
<Correlation ActivityID="" RelatedActivityID=""></Correlation>
<Execution ProcessID="2308" ThreadID="2936"></Execution>
<Channel>Microsoft-Windows-UniversalTelemetryClient/Operational</Channel>
<Computer>WIN-PTFPHFCRDJ0</Computer>
<Security UserID="S-1-5-18"></Security>
</System>
<EventData><Data Name="Environment">ServiceHost</Data>
<Data Name="State">False</Data>
</EventData>
</Event>

<Event xmlns="http://schemas.microsoft.com/win/2004/08/events/event"><System><Provider Name="Microsoft-Windows-UniversalTelemetryClient" Guid="{6489b27f-7c43-5886-1d00-0a61bb2a375b}"></Provider>
<EventID Qualifiers="">27</EventID>
<Version>0</Version>
<Level>4</Level>
<Task>27</Task>
<Opcode>0</Opcode>
<Keywords>0x8000000000020000</Keywords>
<TimeCreated SystemTime="2020-10-24 21:53:24.810535"></TimeCreated>
<EventRecordID>53</EventRecordID>
<Correlation ActivityID="" RelatedActivityID=""></Correlation>
<Execution ProcessID="2308" ThreadID="2956"></Execution>
<Channel>Microsoft-Windows-UniversalTelemetryClient/Operational</Channel>
<Computer>WIN-PTFPHFCRDJ0</Computer>
<Security UserID="S-1-5-18"></Security>
</System>
<EventData><Data Name="Environment">ServiceHost</Data>
<Data Name="EventsUploaded">1493</Data>
<Data Name="EventsDropped">1120</Data>
<Data Name="LastEventlogWrittenTime">132479525667188225</Data>
</EventData>
</Event>

<Event xmlns="http://schemas.microsoft.com/win/2004/08/events/event"><System><Provider Name="Microsoft-Windows-UniversalTelemetryClient" Guid="{6489b27f-7c43-5886-1d00-0a61bb2a375b}"></Provider>
<EventID Qualifiers="">61</EventID>
<Version>0</Version>
<Level>4</Level>
<Task>61</Task>
<Opcode>0</Opcode>
<Keywords>0x8000000000040000</Keywords>
<TimeCreated SystemTime="2020-10-24 22:00:35.385384"></TimeCreated>
<EventRecordID>54</EventRecordID>
<Correlation ActivityID="" RelatedActivityID=""></Correlation>
<Execution ProcessID="2308" ThreadID="1872"></Execution>
<Channel>Microsoft-Windows-UniversalTelemetryClient/Operational</Channel>
<Computer>WIN-PTFPHFCRDJ0</Computer>
<Security UserID="S-1-5-18"></Security>
</System>
<EventData><Data Name="Environment">ServiceHost</Data>
<Data Name="State">False</Data>
</EventData>
</Event>

<Event xmlns="http://schemas.microsoft.com/win/2004/08/events/event"><System><Provider Name="Microsoft-Windows-UniversalTelemetryClient" Guid="{6489b27f-7c43-5886-1d00-0a61bb2a375b}"></Provider>
<EventID Qualifiers="">50</EventID>
<Version>0</Version>
<Level>4</Level>
<Task>50</Task>
<Opcode>0</Opcode>
<Keywords>0x8000000000040000</Keywords>
<TimeCreated SystemTime="2020-10-24 22:19:43.954939"></TimeCreated>
<EventRecordID>55</EventRecordID>
<Correlation ActivityID="" RelatedActivityID=""></Correlation>
<Execution ProcessID="2252" ThreadID="2288"></Execution>
<Channel>Microsoft-Windows-UniversalTelemetryClient/Operational</Channel>
<Computer>WIN-PTFPHFCRDJ0</Computer>
<Security UserID="S-1-5-18"></Security>
</System>
<EventData><Data Name="Environment">ServiceHost</Data>
<Data Name="Status">3</Data>
</EventData>
</Event>

<Event xmlns="http://schemas.microsoft.com/win/2004/08/events/event"><System><Provider Name="Microsoft-Windows-UniversalTelemetryClient" Guid="{6489b27f-7c43-5886-1d00-0a61bb2a375b}"></Provider>
<EventID Qualifiers="">61</EventID>
<Version>0</Version>
<Level>4</Level>
<Task>61</Task>
<Opcode>0</Opcode>
<Keywords>0x8000000000040000</Keywords>
<TimeCreated SystemTime="2020-10-24 22:19:45.471489"></TimeCreated>
<EventRecordID>56</EventRecordID>
<Correlation ActivityID="" RelatedActivityID=""></Correlation>
<Execution ProcessID="2252" ThreadID="2824"></Execution>
<Channel>Microsoft-Windows-UniversalTelemetryClient/Operational</Channel>
<Computer>WIN-PTFPHFCRDJ0</Computer>
<Security UserID="S-1-5-18"></Security>
</System>
<EventData><Data Name="Environment">ServiceHost</Data>
<Data Name="State">False</Data>
</EventData>
</Event>

<Event xmlns="http://schemas.microsoft.com/win/2004/08/events/event"><System><Provider Name="Microsoft-Windows-UniversalTelemetryClient" Guid="{6489b27f-7c43-5886-1d00-0a61bb2a375b}"></Provider>
<EventID Qualifiers="">55</EventID>
<Version>0</Version>
<Level>4</Level>
<Task>55</Task>
<Opcode>0</Opcode>
<Keywords>0x8000000000040000</Keywords>
<TimeCreated SystemTime="2020-10-24 22:19:45.471519"></TimeCreated>
<EventRecordID>57</EventRecordID>
<Correlation ActivityID="" RelatedActivityID=""></Correlation>
<Execution ProcessID="2252" ThreadID="2824"></Execution>
<Channel>Microsoft-Windows-UniversalTelemetryClient/Operational</Channel>
<Computer>WIN-PTFPHFCRDJ0</Computer>
<Security UserID="S-1-5-18"></Security>
</System>
<EventData><Data Name="Environment">ServiceHost</Data>
<Data Name="State">True</Data>
</EventData>
</Event>

<Event xmlns="http://schemas.microsoft.com/win/2004/08/events/event"><System><Provider Name="Microsoft-Windows-UniversalTelemetryClient" Guid="{6489b27f-7c43-5886-1d00-0a61bb2a375b}"></Provider>
<EventID Qualifiers="">56</EventID>
<Version>0</Version>
<Level>4</Level>
<Task>56</Task>
<Opcode>0</Opcode>
<Keywords>0x8000000000040000</Keywords>
<TimeCreated SystemTime="2020-10-24 22:19:45.471958"></TimeCreated>
<EventRecordID>58</EventRecordID>
<Correlation ActivityID="" RelatedActivityID=""></Correlation>
<Execution ProcessID="2252" ThreadID="2824"></Execution>
<Channel>Microsoft-Windows-UniversalTelemetryClient/Operational</Channel>
<Computer>WIN-PTFPHFCRDJ0</Computer>
<Security UserID="S-1-5-18"></Security>
</System>
<EventData><Data Name="Environment">ServiceHost</Data>
<Data Name="State">True</Data>
</EventData>
</Event>

