<Event xmlns="http://schemas.microsoft.com/win/2004/08/events/event"><System><Provider Name="Microsoft-Windows-Time-Service" Guid="{06edcfeb-0fd0-4e53-acca-a6f8bbf81bcb}"></Provider>
<EventID Qualifiers="">262</EventID>
<Version>0</Version>
<Level>4</Level>
<Task>0</Task>
<Opcode>0</Opcode>
<Keywords>0x4000000000000000</Keywords>
<TimeCreated SystemTime="2020-10-23 18:49:36.617537"></TimeCreated>
<EventRecordID>221</EventRecordID>
<Correlation ActivityID="" RelatedActivityID=""></Correlation>
<Execution ProcessID="2288" ThreadID="2392"></Execution>
<Channel>Microsoft-Windows-Time-Service/Operational</Channel>
<Computer>WIN-PTFPHFCRDJ0</Computer>
<Security UserID="S-1-5-19"></Security>
</System>
<EventData Name="TMP_OPS_SET_TIME_ADJUSTMENT"><Data Name="AdjustmentPPM">-22342.10156</Data>
<Data Name="NewClockRate">159740</Data>
<Data Name="OldClockRate">159973</Data>
<Data Name="TickCount">77796</Data>
<Data Name="MinReportedAdjustmentPPM">800.00000</Data>
</EventData>
</Event>

<Event xmlns="http://schemas.microsoft.com/win/2004/08/events/event"><System><Provider Name="Microsoft-Windows-Time-Service" Guid="{06edcfeb-0fd0-4e53-acca-a6f8bbf81bcb}"></Provider>
<EventID Qualifiers="">262</EventID>
<Version>0</Version>
<Level>4</Level>
<Task>0</Task>
<Opcode>0</Opcode>
<Keywords>0x4000000000000000</Keywords>
<TimeCreated SystemTime="2020-10-23 18:49:37.609377"></TimeCreated>
<EventRecordID>222</EventRecordID>
<Correlation ActivityID="" RelatedActivityID=""></Correlation>
<Execution ProcessID="2288" ThreadID="2392"></Execution>
<Channel>Microsoft-Windows-Time-Service/Operational</Channel>
<Computer>WIN-PTFPHFCRDJ0</Computer>
<Security UserID="S-1-5-19"></Security>
</System>
<EventData Name="TMP_OPS_SET_TIME_ADJUSTMENT"><Data Name="AdjustmentPPM">-20945.80078</Data>
<Data Name="NewClockRate">159522</Data>
<Data Name="OldClockRate">159740</Data>
<Data Name="TickCount">78812</Data>
<Data Name="MinReportedAdjustmentPPM">800.00000</Data>
</EventData>
</Event>

<Event xmlns="http://schemas.microsoft.com/win/2004/08/events/event"><System><Provider Name="Microsoft-Windows-Time-Service" Guid="{06edcfeb-0fd0-4e53-acca-a6f8bbf81bcb}"></Provider>
<EventID Qualifiers="">262</EventID>
<Version>0</Version>
<Level>4</Level>
<Task>0</Task>
<Opcode>0</Opcode>
<Keywords>0x4000000000000000</Keywords>
<TimeCreated SystemTime="2020-10-23 18:49:38.604259"></TimeCreated>
<EventRecordID>223</EventRecordID>
<Correlation ActivityID="" RelatedActivityID=""></Correlation>
<Execution ProcessID="2288" ThreadID="2392"></Execution>
<Channel>Microsoft-Windows-Time-Service/Operational</Channel>
<Computer>WIN-PTFPHFCRDJ0</Computer>
<Security UserID="S-1-5-19"></Security>
</System>
<EventData Name="TMP_OPS_SET_TIME_ADJUSTMENT"><Data Name="AdjustmentPPM">-19636.59961</Data>
<Data Name="NewClockRate">159318</Data>
<Data Name="OldClockRate">159522</Data>
<Data Name="TickCount">79828</Data>
<Data Name="MinReportedAdjustmentPPM">800.00000</Data>
</EventData>
</Event>

<Event xmlns="http://schemas.microsoft.com/win/2004/08/events/event"><System><Provider Name="Microsoft-Windows-Time-Service" Guid="{06edcfeb-0fd0-4e53-acca-a6f8bbf81bcb}"></Provider>
<EventID Qualifiers="">262</EventID>
<Version>0</Version>
<Level>4</Level>
<Task>0</Task>
<Opcode>0</Opcode>
<Keywords>0x4000000000000000</Keywords>
<TimeCreated SystemTime="2020-10-23 18:49:39.599672"></TimeCreated>
<EventRecordID>224</EventRecordID>
<Correlation ActivityID="" RelatedActivityID=""></Correlation>
<Execution ProcessID="2288" ThreadID="2392"></Execution>
<Channel>Microsoft-Windows-Time-Service/Operational</Channel>
<Computer>WIN-PTFPHFCRDJ0</Computer>
<Security UserID="S-1-5-19"></Security>
</System>
<EventData Name="TMP_OPS_SET_TIME_ADJUSTMENT"><Data Name="AdjustmentPPM">-18409.39844</Data>
<Data Name="NewClockRate">159126</Data>
<Data Name="OldClockRate">159318</Data>
<Data Name="TickCount">80843</Data>
<Data Name="MinReportedAdjustmentPPM">800.00000</Data>
</EventData>
</Event>

<Event xmlns="http://schemas.microsoft.com/win/2004/08/events/event"><System><Provider Name="Microsoft-Windows-Time-Service" Guid="{06edcfeb-0fd0-4e53-acca-a6f8bbf81bcb}"></Provider>
<EventID Qualifiers="">262</EventID>
<Version>0</Version>
<Level>4</Level>
<Task>0</Task>
<Opcode>0</Opcode>
<Keywords>0x4000000000000000</Keywords>
<TimeCreated SystemTime="2020-10-23 18:49:40.582787"></TimeCreated>
<EventRecordID>225</EventRecordID>
<Correlation ActivityID="" RelatedActivityID=""></Correlation>
<Execution ProcessID="2288" ThreadID="2392"></Execution>
<Channel>Microsoft-Windows-Time-Service/Operational</Channel>
<Computer>WIN-PTFPHFCRDJ0</Computer>
<Security UserID="S-1-5-19"></Security>
</System>
<EventData Name="TMP_OPS_SET_TIME_ADJUSTMENT"><Data Name="AdjustmentPPM">-17258.80078</Data>
<Data Name="NewClockRate">158946</Data>
<Data Name="OldClockRate">159126</Data>
<Data Name="TickCount">81843</Data>
<Data Name="MinReportedAdjustmentPPM">800.00000</Data>
</EventData>
</Event>

<Event xmlns="http://schemas.microsoft.com/win/2004/08/events/event"><System><Provider Name="Microsoft-Windows-Time-Service" Guid="{06edcfeb-0fd0-4e53-acca-a6f8bbf81bcb}"></Provider>
<EventID Qualifiers="">262</EventID>
<Version>0</Version>
<Level>4</Level>
<Task>0</Task>
<Opcode>0</Opcode>
<Keywords>0x4000000000000000</Keywords>
<TimeCreated SystemTime="2020-10-23 18:49:41.566544"></TimeCreated>
<EventRecordID>226</EventRecordID>
<Correlation ActivityID="" RelatedActivityID=""></Correlation>
<Execution ProcessID="2288" ThreadID="2392"></Execution>
<Channel>Microsoft-Windows-Time-Service/Operational</Channel>
<Computer>WIN-PTFPHFCRDJ0</Computer>
<Security UserID="S-1-5-19"></Security>
</System>
<EventData Name="TMP_OPS_SET_TIME_ADJUSTMENT"><Data Name="AdjustmentPPM">-16180.09961</Data>
<Data Name="NewClockRate">158778</Data>
<Data Name="OldClockRate">158946</Data>
<Data Name="TickCount">82843</Data>
<Data Name="MinReportedAdjustmentPPM">800.00000</Data>
</EventData>
</Event>

<Event xmlns="http://schemas.microsoft.com/win/2004/08/events/event"><System><Provider Name="Microsoft-Windows-Time-Service" Guid="{06edcfeb-0fd0-4e53-acca-a6f8bbf81bcb}"></Provider>
<EventID Qualifiers="">262</EventID>
<Version>0</Version>
<Level>4</Level>
<Task>0</Task>
<Opcode>0</Opcode>
<Keywords>0x4000000000000000</Keywords>
<TimeCreated SystemTime="2020-10-23 18:49:42.563915"></TimeCreated>
<EventRecordID>227</EventRecordID>
<Correlation ActivityID="" RelatedActivityID=""></Correlation>
<Execution ProcessID="2288" ThreadID="2392"></Execution>
<Channel>Microsoft-Windows-Time-Service/Operational</Channel>
<Computer>WIN-PTFPHFCRDJ0</Computer>
<Security UserID="S-1-5-19"></Security>
</System>
<EventData Name="TMP_OPS_SET_TIME_ADJUSTMENT"><Data Name="AdjustmentPPM">-15168.79980</Data>
<Data Name="NewClockRate">158620</Data>
<Data Name="OldClockRate">158778</Data>
<Data Name="TickCount">83859</Data>
<Data Name="MinReportedAdjustmentPPM">800.00000</Data>
</EventData>
</Event>

<Event xmlns="http://schemas.microsoft.com/win/2004/08/events/event"><System><Provider Name="Microsoft-Windows-Time-Service" Guid="{06edcfeb-0fd0-4e53-acca-a6f8bbf81bcb}"></Provider>
<EventID Qualifiers="">262</EventID>
<Version>0</Version>
<Level>4</Level>
<Task>0</Task>
<Opcode>0</Opcode>
<Keywords>0x4000000000000000</Keywords>
<TimeCreated SystemTime="2020-10-23 18:49:43.550028"></TimeCreated>
<EventRecordID>228</EventRecordID>
<Correlation ActivityID="" RelatedActivityID=""></Correlation>
<Execution ProcessID="2288" ThreadID="2392"></Execution>
<Channel>Microsoft-Windows-Time-Service/Operational</Channel>
<Computer>WIN-PTFPHFCRDJ0</Computer>
<Security UserID="S-1-5-19"></Security>
</System>
<EventData Name="TMP_OPS_SET_TIME_ADJUSTMENT"><Data Name="AdjustmentPPM">-14220.79980</Data>
<Data Name="NewClockRate">158472</Data>
<Data Name="OldClockRate">158620</Data>
<Data Name="TickCount">84859</Data>
<Data Name="MinReportedAdjustmentPPM">800.00000</Data>
</EventData>
</Event>

<Event xmlns="http://schemas.microsoft.com/win/2004/08/events/event"><System><Provider Name="Microsoft-Windows-Time-Service" Guid="{06edcfeb-0fd0-4e53-acca-a6f8bbf81bcb}"></Provider>
<EventID Qualifiers="">262</EventID>
<Version>0</Version>
<Level>4</Level>
<Task>0</Task>
<Opcode>0</Opcode>
<Keywords>0x4000000000000000</Keywords>
<TimeCreated SystemTime="2020-10-23 18:49:44.550896"></TimeCreated>
<EventRecordID>229</EventRecordID>
<Correlation ActivityID="" RelatedActivityID=""></Correlation>
<Execution ProcessID="2288" ThreadID="2392"></Execution>
<Channel>Microsoft-Windows-Time-Service/Operational</Channel>
<Computer>WIN-PTFPHFCRDJ0</Computer>
<Security UserID="S-1-5-19"></Security>
</System>
<EventData Name="TMP_OPS_SET_TIME_ADJUSTMENT"><Data Name="AdjustmentPPM">-13332.00000</Data>
<Data Name="NewClockRate">158333</Data>
<Data Name="OldClockRate">158472</Data>
<Data Name="TickCount">85875</Data>
<Data Name="MinReportedAdjustmentPPM">800.00000</Data>
</EventData>
</Event>

<Event xmlns="http://schemas.microsoft.com/win/2004/08/events/event"><System><Provider Name="Microsoft-Windows-Time-Service" Guid="{06edcfeb-0fd0-4e53-acca-a6f8bbf81bcb}"></Provider>
<EventID Qualifiers="">262</EventID>
<Version>0</Version>
<Level>4</Level>
<Task>0</Task>
<Opcode>0</Opcode>
<Keywords>0x4000000000000000</Keywords>
<TimeCreated SystemTime="2020-10-23 18:49:45.555168"></TimeCreated>
<EventRecordID>230</EventRecordID>
<Correlation ActivityID="" RelatedActivityID=""></Correlation>
<Execution ProcessID="2288" ThreadID="2392"></Execution>
<Channel>Microsoft-Windows-Time-Service/Operational</Channel>
<Computer>WIN-PTFPHFCRDJ0</Computer>
<Security UserID="S-1-5-19"></Security>
</System>
<EventData Name="TMP_OPS_SET_TIME_ADJUSTMENT"><Data Name="AdjustmentPPM">-12498.70020</Data>
<Data Name="NewClockRate">158202</Data>
<Data Name="OldClockRate">158333</Data>
<Data Name="TickCount">86890</Data>
<Data Name="MinReportedAdjustmentPPM">800.00000</Data>
</EventData>
</Event>

<Event xmlns="http://schemas.microsoft.com/win/2004/08/events/event"><System><Provider Name="Microsoft-Windows-Time-Service" Guid="{06edcfeb-0fd0-4e53-acca-a6f8bbf81bcb}"></Provider>
<EventID Qualifiers="">262</EventID>
<Version>0</Version>
<Level>4</Level>
<Task>0</Task>
<Opcode>0</Opcode>
<Keywords>0x4000000000000000</Keywords>
<TimeCreated SystemTime="2020-10-23 18:49:46.572800"></TimeCreated>
<EventRecordID>231</EventRecordID>
<Correlation ActivityID="" RelatedActivityID=""></Correlation>
<Execution ProcessID="2288" ThreadID="2392"></Execution>
<Channel>Microsoft-Windows-Time-Service/Operational</Channel>
<Computer>WIN-PTFPHFCRDJ0</Computer>
<Security UserID="S-1-5-19"></Security>
</System>
<EventData Name="TMP_OPS_SET_TIME_ADJUSTMENT"><Data Name="AdjustmentPPM">-11717.59961</Data>
<Data Name="NewClockRate">158080</Data>
<Data Name="OldClockRate">158202</Data>
<Data Name="TickCount">87921</Data>
<Data Name="MinReportedAdjustmentPPM">800.00000</Data>
</EventData>
</Event>

<Event xmlns="http://schemas.microsoft.com/win/2004/08/events/event"><System><Provider Name="Microsoft-Windows-Time-Service" Guid="{06edcfeb-0fd0-4e53-acca-a6f8bbf81bcb}"></Provider>
<EventID Qualifiers="">262</EventID>
<Version>0</Version>
<Level>4</Level>
<Task>0</Task>
<Opcode>0</Opcode>
<Keywords>0x4000000000000000</Keywords>
<TimeCreated SystemTime="2020-10-23 18:49:47.561340"></TimeCreated>
<EventRecordID>232</EventRecordID>
<Correlation ActivityID="" RelatedActivityID=""></Correlation>
<Execution ProcessID="2288" ThreadID="2392"></Execution>
<Channel>Microsoft-Windows-Time-Service/Operational</Channel>
<Computer>WIN-PTFPHFCRDJ0</Computer>
<Security UserID="S-1-5-19"></Security>
</System>
<EventData Name="TMP_OPS_SET_TIME_ADJUSTMENT"><Data Name="AdjustmentPPM">-10985.20020</Data>
<Data Name="NewClockRate">157966</Data>
<Data Name="OldClockRate">158080</Data>
<Data Name="TickCount">88921</Data>
<Data Name="MinReportedAdjustmentPPM">800.00000</Data>
</EventData>
</Event>

<Event xmlns="http://schemas.microsoft.com/win/2004/08/events/event"><System><Provider Name="Microsoft-Windows-Time-Service" Guid="{06edcfeb-0fd0-4e53-acca-a6f8bbf81bcb}"></Provider>
<EventID Qualifiers="">262</EventID>
<Version>0</Version>
<Level>4</Level>
<Task>0</Task>
<Opcode>0</Opcode>
<Keywords>0x4000000000000000</Keywords>
<TimeCreated SystemTime="2020-10-23 18:49:48.563354"></TimeCreated>
<EventRecordID>233</EventRecordID>
<Correlation ActivityID="" RelatedActivityID=""></Correlation>
<Execution ProcessID="2288" ThreadID="2392"></Execution>
<Channel>Microsoft-Windows-Time-Service/Operational</Channel>
<Computer>WIN-PTFPHFCRDJ0</Computer>
<Security UserID="S-1-5-19"></Security>
</System>
<EventData Name="TMP_OPS_SET_TIME_ADJUSTMENT"><Data Name="AdjustmentPPM">-10298.60059</Data>
<Data Name="NewClockRate">157859</Data>
<Data Name="OldClockRate">157966</Data>
<Data Name="TickCount">89937</Data>
<Data Name="MinReportedAdjustmentPPM">800.00000</Data>
</EventData>
</Event>

<Event xmlns="http://schemas.microsoft.com/win/2004/08/events/event"><System><Provider Name="Microsoft-Windows-Time-Service" Guid="{06edcfeb-0fd0-4e53-acca-a6f8bbf81bcb}"></Provider>
<EventID Qualifiers="">262</EventID>
<Version>0</Version>
<Level>4</Level>
<Task>0</Task>
<Opcode>0</Opcode>
<Keywords>0x4000000000000000</Keywords>
<TimeCreated SystemTime="2020-10-23 18:49:49.571016"></TimeCreated>
<EventRecordID>234</EventRecordID>
<Correlation ActivityID="" RelatedActivityID=""></Correlation>
<Execution ProcessID="2288" ThreadID="2392"></Execution>
<Channel>Microsoft-Windows-Time-Service/Operational</Channel>
<Computer>WIN-PTFPHFCRDJ0</Computer>
<Security UserID="S-1-5-19"></Security>
</System>
<EventData Name="TMP_OPS_SET_TIME_ADJUSTMENT"><Data Name="AdjustmentPPM">-9655.00000</Data>
<Data Name="NewClockRate">157758</Data>
<Data Name="OldClockRate">157859</Data>
<Data Name="TickCount">90953</Data>
<Data Name="MinReportedAdjustmentPPM">800.00000</Data>
</EventData>
</Event>

<Event xmlns="http://schemas.microsoft.com/win/2004/08/events/event"><System><Provider Name="Microsoft-Windows-Time-Service" Guid="{06edcfeb-0fd0-4e53-acca-a6f8bbf81bcb}"></Provider>
<EventID Qualifiers="">262</EventID>
<Version>0</Version>
<Level>4</Level>
<Task>0</Task>
<Opcode>0</Opcode>
<Keywords>0x4000000000000000</Keywords>
<TimeCreated SystemTime="2020-10-23 18:49:50.591566"></TimeCreated>
<EventRecordID>235</EventRecordID>
<Correlation ActivityID="" RelatedActivityID=""></Correlation>
<Execution ProcessID="2288" ThreadID="2392"></Execution>
<Channel>Microsoft-Windows-Time-Service/Operational</Channel>
<Computer>WIN-PTFPHFCRDJ0</Computer>
<Security UserID="S-1-5-19"></Security>
</System>
<EventData Name="TMP_OPS_SET_TIME_ADJUSTMENT"><Data Name="AdjustmentPPM">-9051.50000</Data>
<Data Name="NewClockRate">157664</Data>
<Data Name="OldClockRate">157758</Data>
<Data Name="TickCount">91984</Data>
<Data Name="MinReportedAdjustmentPPM">800.00000</Data>
</EventData>
</Event>

<Event xmlns="http://schemas.microsoft.com/win/2004/08/events/event"><System><Provider Name="Microsoft-Windows-Time-Service" Guid="{06edcfeb-0fd0-4e53-acca-a6f8bbf81bcb}"></Provider>
<EventID Qualifiers="">262</EventID>
<Version>0</Version>
<Level>4</Level>
<Task>0</Task>
<Opcode>0</Opcode>
<Keywords>0x4000000000000000</Keywords>
<TimeCreated SystemTime="2020-10-23 18:49:51.582798"></TimeCreated>
<EventRecordID>236</EventRecordID>
<Correlation ActivityID="" RelatedActivityID=""></Correlation>
<Execution ProcessID="2288" ThreadID="2392"></Execution>
<Channel>Microsoft-Windows-Time-Service/Operational</Channel>
<Computer>WIN-PTFPHFCRDJ0</Computer>
<Security UserID="S-1-5-19"></Security>
</System>
<EventData Name="TMP_OPS_SET_TIME_ADJUSTMENT"><Data Name="AdjustmentPPM">-8485.79980</Data>
<Data Name="NewClockRate">157575</Data>
<Data Name="OldClockRate">157664</Data>
<Data Name="TickCount">92984</Data>
<Data Name="MinReportedAdjustmentPPM">800.00000</Data>
</EventData>
</Event>

<Event xmlns="http://schemas.microsoft.com/win/2004/08/events/event"><System><Provider Name="Microsoft-Windows-Time-Service" Guid="{06edcfeb-0fd0-4e53-acca-a6f8bbf81bcb}"></Provider>
<EventID Qualifiers="">262</EventID>
<Version>0</Version>
<Level>4</Level>
<Task>0</Task>
<Opcode>0</Opcode>
<Keywords>0x4000000000000000</Keywords>
<TimeCreated SystemTime="2020-10-23 18:49:52.590096"></TimeCreated>
<EventRecordID>237</EventRecordID>
<Correlation ActivityID="" RelatedActivityID=""></Correlation>
<Execution ProcessID="2288" ThreadID="2392"></Execution>
<Channel>Microsoft-Windows-Time-Service/Operational</Channel>
<Computer>WIN-PTFPHFCRDJ0</Computer>
<Security UserID="S-1-5-19"></Security>
</System>
<EventData Name="TMP_OPS_SET_TIME_ADJUSTMENT"><Data Name="AdjustmentPPM">-7955.50000</Data>
<Data Name="NewClockRate">157493</Data>
<Data Name="OldClockRate">157575</Data>
<Data Name="TickCount">94000</Data>
<Data Name="MinReportedAdjustmentPPM">800.00000</Data>
</EventData>
</Event>

<Event xmlns="http://schemas.microsoft.com/win/2004/08/events/event"><System><Provider Name="Microsoft-Windows-Time-Service" Guid="{06edcfeb-0fd0-4e53-acca-a6f8bbf81bcb}"></Provider>
<EventID Qualifiers="">262</EventID>
<Version>0</Version>
<Level>4</Level>
<Task>0</Task>
<Opcode>0</Opcode>
<Keywords>0x4000000000000000</Keywords>
<TimeCreated SystemTime="2020-10-23 18:49:53.596596"></TimeCreated>
<EventRecordID>238</EventRecordID>
<Correlation ActivityID="" RelatedActivityID=""></Correlation>
<Execution ProcessID="2288" ThreadID="2392"></Execution>
<Channel>Microsoft-Windows-Time-Service/Operational</Channel>
<Computer>WIN-PTFPHFCRDJ0</Computer>
<Security UserID="S-1-5-19"></Security>
</System>
<EventData Name="TMP_OPS_SET_TIME_ADJUSTMENT"><Data Name="AdjustmentPPM">-7458.20020</Data>
<Data Name="NewClockRate">157415</Data>
<Data Name="OldClockRate">157493</Data>
<Data Name="TickCount">95015</Data>
<Data Name="MinReportedAdjustmentPPM">800.00000</Data>
</EventData>
</Event>

<Event xmlns="http://schemas.microsoft.com/win/2004/08/events/event"><System><Provider Name="Microsoft-Windows-Time-Service" Guid="{06edcfeb-0fd0-4e53-acca-a6f8bbf81bcb}"></Provider>
<EventID Qualifiers="">262</EventID>
<Version>0</Version>
<Level>4</Level>
<Task>0</Task>
<Opcode>0</Opcode>
<Keywords>0x4000000000000000</Keywords>
<TimeCreated SystemTime="2020-10-23 18:49:54.590635"></TimeCreated>
<EventRecordID>239</EventRecordID>
<Correlation ActivityID="" RelatedActivityID=""></Correlation>
<Execution ProcessID="2288" ThreadID="2392"></Execution>
<Channel>Microsoft-Windows-Time-Service/Operational</Channel>
<Computer>WIN-PTFPHFCRDJ0</Computer>
<Security UserID="S-1-5-19"></Security>
</System>
<EventData Name="TMP_OPS_SET_TIME_ADJUSTMENT"><Data Name="AdjustmentPPM">-6992.09961</Data>
<Data Name="NewClockRate">157342</Data>
<Data Name="OldClockRate">157415</Data>
<Data Name="TickCount">96015</Data>
<Data Name="MinReportedAdjustmentPPM">800.00000</Data>
</EventData>
</Event>

<Event xmlns="http://schemas.microsoft.com/win/2004/08/events/event"><System><Provider Name="Microsoft-Windows-Time-Service" Guid="{06edcfeb-0fd0-4e53-acca-a6f8bbf81bcb}"></Provider>
<EventID Qualifiers="">262</EventID>
<Version>0</Version>
<Level>4</Level>
<Task>0</Task>
<Opcode>0</Opcode>
<Keywords>0x4000000000000000</Keywords>
<TimeCreated SystemTime="2020-10-23 18:49:55.600029"></TimeCreated>
<EventRecordID>240</EventRecordID>
<Correlation ActivityID="" RelatedActivityID=""></Correlation>
<Execution ProcessID="2288" ThreadID="2392"></Execution>
<Channel>Microsoft-Windows-Time-Service/Operational</Channel>
<Computer>WIN-PTFPHFCRDJ0</Computer>
<Security UserID="S-1-5-19"></Security>
</System>
<EventData Name="TMP_OPS_SET_TIME_ADJUSTMENT"><Data Name="AdjustmentPPM">-6555.10010</Data>
<Data Name="NewClockRate">157274</Data>
<Data Name="OldClockRate">157342</Data>
<Data Name="TickCount">97031</Data>
<Data Name="MinReportedAdjustmentPPM">800.00000</Data>
</EventData>
</Event>

<Event xmlns="http://schemas.microsoft.com/win/2004/08/events/event"><System><Provider Name="Microsoft-Windows-Time-Service" Guid="{06edcfeb-0fd0-4e53-acca-a6f8bbf81bcb}"></Provider>
<EventID Qualifiers="">262</EventID>
<Version>0</Version>
<Level>4</Level>
<Task>0</Task>
<Opcode>0</Opcode>
<Keywords>0x4000000000000000</Keywords>
<TimeCreated SystemTime="2020-10-23 18:49:56.608257"></TimeCreated>
<EventRecordID>241</EventRecordID>
<Correlation ActivityID="" RelatedActivityID=""></Correlation>
<Execution ProcessID="2288" ThreadID="2392"></Execution>
<Channel>Microsoft-Windows-Time-Service/Operational</Channel>
<Computer>WIN-PTFPHFCRDJ0</Computer>
<Security UserID="S-1-5-19"></Security>
</System>
<EventData Name="TMP_OPS_SET_TIME_ADJUSTMENT"><Data Name="AdjustmentPPM">-6145.39990</Data>
<Data Name="NewClockRate">157210</Data>
<Data Name="OldClockRate">157274</Data>
<Data Name="TickCount">98046</Data>
<Data Name="MinReportedAdjustmentPPM">800.00000</Data>
</EventData>
</Event>

<Event xmlns="http://schemas.microsoft.com/win/2004/08/events/event"><System><Provider Name="Microsoft-Windows-Time-Service" Guid="{06edcfeb-0fd0-4e53-acca-a6f8bbf81bcb}"></Provider>
<EventID Qualifiers="">262</EventID>
<Version>0</Version>
<Level>4</Level>
<Task>0</Task>
<Opcode>0</Opcode>
<Keywords>0x4000000000000000</Keywords>
<TimeCreated SystemTime="2020-10-23 18:49:57.617188"></TimeCreated>
<EventRecordID>242</EventRecordID>
<Correlation ActivityID="" RelatedActivityID=""></Correlation>
<Execution ProcessID="2288" ThreadID="2392"></Execution>
<Channel>Microsoft-Windows-Time-Service/Operational</Channel>
<Computer>WIN-PTFPHFCRDJ0</Computer>
<Security UserID="S-1-5-19"></Security>
</System>
<EventData Name="TMP_OPS_SET_TIME_ADJUSTMENT"><Data Name="AdjustmentPPM">-5761.30029</Data>
<Data Name="NewClockRate">157150</Data>
<Data Name="OldClockRate">157210</Data>
<Data Name="TickCount">99062</Data>
<Data Name="MinReportedAdjustmentPPM">800.00000</Data>
</EventData>
</Event>

<Event xmlns="http://schemas.microsoft.com/win/2004/08/events/event"><System><Provider Name="Microsoft-Windows-Time-Service" Guid="{06edcfeb-0fd0-4e53-acca-a6f8bbf81bcb}"></Provider>
<EventID Qualifiers="">262</EventID>
<Version>0</Version>
<Level>4</Level>
<Task>0</Task>
<Opcode>0</Opcode>
<Keywords>0x4000000000000000</Keywords>
<TimeCreated SystemTime="2020-10-23 18:49:58.612328"></TimeCreated>
<EventRecordID>243</EventRecordID>
<Correlation ActivityID="" RelatedActivityID=""></Correlation>
<Execution ProcessID="2288" ThreadID="2392"></Execution>
<Channel>Microsoft-Windows-Time-Service/Operational</Channel>
<Computer>WIN-PTFPHFCRDJ0</Computer>
<Security UserID="S-1-5-19"></Security>
</System>
<EventData Name="TMP_OPS_SET_TIME_ADJUSTMENT"><Data Name="AdjustmentPPM">-5401.20020</Data>
<Data Name="NewClockRate">157093</Data>
<Data Name="OldClockRate">157150</Data>
<Data Name="TickCount">100062</Data>
<Data Name="MinReportedAdjustmentPPM">800.00000</Data>
</EventData>
</Event>

<Event xmlns="http://schemas.microsoft.com/win/2004/08/events/event"><System><Provider Name="Microsoft-Windows-Time-Service" Guid="{06edcfeb-0fd0-4e53-acca-a6f8bbf81bcb}"></Provider>
<EventID Qualifiers="">262</EventID>
<Version>0</Version>
<Level>4</Level>
<Task>0</Task>
<Opcode>0</Opcode>
<Keywords>0x4000000000000000</Keywords>
<TimeCreated SystemTime="2020-10-23 18:49:59.621883"></TimeCreated>
<EventRecordID>244</EventRecordID>
<Correlation ActivityID="" RelatedActivityID=""></Correlation>
<Execution ProcessID="2288" ThreadID="2392"></Execution>
<Channel>Microsoft-Windows-Time-Service/Operational</Channel>
<Computer>WIN-PTFPHFCRDJ0</Computer>
<Security UserID="S-1-5-19"></Security>
</System>
<EventData Name="TMP_OPS_SET_TIME_ADJUSTMENT"><Data Name="AdjustmentPPM">-5063.70020</Data>
<Data Name="NewClockRate">157041</Data>
<Data Name="OldClockRate">157093</Data>
<Data Name="TickCount">101078</Data>
<Data Name="MinReportedAdjustmentPPM">800.00000</Data>
</EventData>
</Event>

<Event xmlns="http://schemas.microsoft.com/win/2004/08/events/event"><System><Provider Name="Microsoft-Windows-Time-Service" Guid="{06edcfeb-0fd0-4e53-acca-a6f8bbf81bcb}"></Provider>
<EventID Qualifiers="">262</EventID>
<Version>0</Version>
<Level>4</Level>
<Task>0</Task>
<Opcode>0</Opcode>
<Keywords>0x4000000000000000</Keywords>
<TimeCreated SystemTime="2020-10-23 18:50:00.630327"></TimeCreated>
<EventRecordID>245</EventRecordID>
<Correlation ActivityID="" RelatedActivityID=""></Correlation>
<Execution ProcessID="2288" ThreadID="2392"></Execution>
<Channel>Microsoft-Windows-Time-Service/Operational</Channel>
<Computer>WIN-PTFPHFCRDJ0</Computer>
<Security UserID="S-1-5-19"></Security>
</System>
<EventData Name="TMP_OPS_SET_TIME_ADJUSTMENT"><Data Name="AdjustmentPPM">-4747.19971</Data>
<Data Name="NewClockRate">156991</Data>
<Data Name="OldClockRate">157041</Data>
<Data Name="TickCount">102093</Data>
<Data Name="MinReportedAdjustmentPPM">800.00000</Data>
</EventData>
</Event>

<Event xmlns="http://schemas.microsoft.com/win/2004/08/events/event"><System><Provider Name="Microsoft-Windows-Time-Service" Guid="{06edcfeb-0fd0-4e53-acca-a6f8bbf81bcb}"></Provider>
<EventID Qualifiers="">262</EventID>
<Version>0</Version>
<Level>4</Level>
<Task>0</Task>
<Opcode>0</Opcode>
<Keywords>0x4000000000000000</Keywords>
<TimeCreated SystemTime="2020-10-23 18:50:01.628941"></TimeCreated>
<EventRecordID>246</EventRecordID>
<Correlation ActivityID="" RelatedActivityID=""></Correlation>
<Execution ProcessID="2288" ThreadID="2392"></Execution>
<Channel>Microsoft-Windows-Time-Service/Operational</Channel>
<Computer>WIN-PTFPHFCRDJ0</Computer>
<Security UserID="S-1-5-19"></Security>
</System>
<EventData Name="TMP_OPS_SET_TIME_ADJUSTMENT"><Data Name="AdjustmentPPM">-4450.50000</Data>
<Data Name="NewClockRate">156945</Data>
<Data Name="OldClockRate">156991</Data>
<Data Name="TickCount">103093</Data>
<Data Name="MinReportedAdjustmentPPM">800.00000</Data>
</EventData>
</Event>

<Event xmlns="http://schemas.microsoft.com/win/2004/08/events/event"><System><Provider Name="Microsoft-Windows-Time-Service" Guid="{06edcfeb-0fd0-4e53-acca-a6f8bbf81bcb}"></Provider>
<EventID Qualifiers="">262</EventID>
<Version>0</Version>
<Level>4</Level>
<Task>0</Task>
<Opcode>0</Opcode>
<Keywords>0x4000000000000000</Keywords>
<TimeCreated SystemTime="2020-10-23 18:50:02.654305"></TimeCreated>
<EventRecordID>247</EventRecordID>
<Correlation ActivityID="" RelatedActivityID=""></Correlation>
<Execution ProcessID="2288" ThreadID="2392"></Execution>
<Channel>Microsoft-Windows-Time-Service/Operational</Channel>
<Computer>WIN-PTFPHFCRDJ0</Computer>
<Security UserID="S-1-5-19"></Security>
</System>
<EventData Name="TMP_OPS_SET_TIME_ADJUSTMENT"><Data Name="AdjustmentPPM">-4172.29980</Data>
<Data Name="NewClockRate">156901</Data>
<Data Name="OldClockRate">156945</Data>
<Data Name="TickCount">104125</Data>
<Data Name="MinReportedAdjustmentPPM">800.00000</Data>
</EventData>
</Event>

<Event xmlns="http://schemas.microsoft.com/win/2004/08/events/event"><System><Provider Name="Microsoft-Windows-Time-Service" Guid="{06edcfeb-0fd0-4e53-acca-a6f8bbf81bcb}"></Provider>
<EventID Qualifiers="">262</EventID>
<Version>0</Version>
<Level>4</Level>
<Task>0</Task>
<Opcode>0</Opcode>
<Keywords>0x4000000000000000</Keywords>
<TimeCreated SystemTime="2020-10-23 18:50:03.650307"></TimeCreated>
<EventRecordID>248</EventRecordID>
<Correlation ActivityID="" RelatedActivityID=""></Correlation>
<Execution ProcessID="2288" ThreadID="2392"></Execution>
<Channel>Microsoft-Windows-Time-Service/Operational</Channel>
<Computer>WIN-PTFPHFCRDJ0</Computer>
<Security UserID="S-1-5-19"></Security>
</System>
<EventData Name="TMP_OPS_SET_TIME_ADJUSTMENT"><Data Name="AdjustmentPPM">-3911.60010</Data>
<Data Name="NewClockRate">156861</Data>
<Data Name="OldClockRate">156901</Data>
<Data Name="TickCount">105125</Data>
<Data Name="MinReportedAdjustmentPPM">800.00000</Data>
</EventData>
</Event>

<Event xmlns="http://schemas.microsoft.com/win/2004/08/events/event"><System><Provider Name="Microsoft-Windows-Time-Service" Guid="{06edcfeb-0fd0-4e53-acca-a6f8bbf81bcb}"></Provider>
<EventID Qualifiers="">262</EventID>
<Version>0</Version>
<Level>4</Level>
<Task>0</Task>
<Opcode>0</Opcode>
<Keywords>0x4000000000000000</Keywords>
<TimeCreated SystemTime="2020-10-23 18:50:04.646885"></TimeCreated>
<EventRecordID>249</EventRecordID>
<Correlation ActivityID="" RelatedActivityID=""></Correlation>
<Execution ProcessID="2288" ThreadID="2392"></Execution>
<Channel>Microsoft-Windows-Time-Service/Operational</Channel>
<Computer>WIN-PTFPHFCRDJ0</Computer>
<Security UserID="S-1-5-19"></Security>
</System>
<EventData Name="TMP_OPS_SET_TIME_ADJUSTMENT"><Data Name="AdjustmentPPM">-3667.10010</Data>
<Data Name="NewClockRate">156822</Data>
<Data Name="OldClockRate">156861</Data>
<Data Name="TickCount">106125</Data>
<Data Name="MinReportedAdjustmentPPM">800.00000</Data>
</EventData>
</Event>

<Event xmlns="http://schemas.microsoft.com/win/2004/08/events/event"><System><Provider Name="Microsoft-Windows-Time-Service" Guid="{06edcfeb-0fd0-4e53-acca-a6f8bbf81bcb}"></Provider>
<EventID Qualifiers="">262</EventID>
<Version>0</Version>
<Level>4</Level>
<Task>0</Task>
<Opcode>0</Opcode>
<Keywords>0x4000000000000000</Keywords>
<TimeCreated SystemTime="2020-10-23 18:50:05.643921"></TimeCreated>
<EventRecordID>250</EventRecordID>
<Correlation ActivityID="" RelatedActivityID=""></Correlation>
<Execution ProcessID="2288" ThreadID="2392"></Execution>
<Channel>Microsoft-Windows-Time-Service/Operational</Channel>
<Computer>WIN-PTFPHFCRDJ0</Computer>
<Security UserID="S-1-5-19"></Security>
</System>
<EventData Name="TMP_OPS_SET_TIME_ADJUSTMENT"><Data Name="AdjustmentPPM">-3437.89990</Data>
<Data Name="NewClockRate">156787</Data>
<Data Name="OldClockRate">156822</Data>
<Data Name="TickCount">107125</Data>
<Data Name="MinReportedAdjustmentPPM">800.00000</Data>
</EventData>
</Event>

<Event xmlns="http://schemas.microsoft.com/win/2004/08/events/event"><System><Provider Name="Microsoft-Windows-Time-Service" Guid="{06edcfeb-0fd0-4e53-acca-a6f8bbf81bcb}"></Provider>
<EventID Qualifiers="">262</EventID>
<Version>0</Version>
<Level>4</Level>
<Task>0</Task>
<Opcode>0</Opcode>
<Keywords>0x4000000000000000</Keywords>
<TimeCreated SystemTime="2020-10-23 18:50:06.655966"></TimeCreated>
<EventRecordID>251</EventRecordID>
<Correlation ActivityID="" RelatedActivityID=""></Correlation>
<Execution ProcessID="2288" ThreadID="2392"></Execution>
<Channel>Microsoft-Windows-Time-Service/Operational</Channel>
<Computer>WIN-PTFPHFCRDJ0</Computer>
<Security UserID="S-1-5-19"></Security>
</System>
<EventData Name="TMP_OPS_SET_TIME_ADJUSTMENT"><Data Name="AdjustmentPPM">-3223.00000</Data>
<Data Name="NewClockRate">156753</Data>
<Data Name="OldClockRate">156787</Data>
<Data Name="TickCount">108140</Data>
<Data Name="MinReportedAdjustmentPPM">800.00000</Data>
</EventData>
</Event>

<Event xmlns="http://schemas.microsoft.com/win/2004/08/events/event"><System><Provider Name="Microsoft-Windows-Time-Service" Guid="{06edcfeb-0fd0-4e53-acca-a6f8bbf81bcb}"></Provider>
<EventID Qualifiers="">262</EventID>
<Version>0</Version>
<Level>4</Level>
<Task>0</Task>
<Opcode>0</Opcode>
<Keywords>0x4000000000000000</Keywords>
<TimeCreated SystemTime="2020-10-23 18:50:07.668613"></TimeCreated>
<EventRecordID>252</EventRecordID>
<Correlation ActivityID="" RelatedActivityID=""></Correlation>
<Execution ProcessID="2288" ThreadID="2392"></Execution>
<Channel>Microsoft-Windows-Time-Service/Operational</Channel>
<Computer>WIN-PTFPHFCRDJ0</Computer>
<Security UserID="S-1-5-19"></Security>
</System>
<EventData Name="TMP_OPS_SET_TIME_ADJUSTMENT"><Data Name="AdjustmentPPM">-3021.59985</Data>
<Data Name="NewClockRate">156722</Data>
<Data Name="OldClockRate">156753</Data>
<Data Name="TickCount">109171</Data>
<Data Name="MinReportedAdjustmentPPM">800.00000</Data>
</EventData>
</Event>

<Event xmlns="http://schemas.microsoft.com/win/2004/08/events/event"><System><Provider Name="Microsoft-Windows-Time-Service" Guid="{06edcfeb-0fd0-4e53-acca-a6f8bbf81bcb}"></Provider>
<EventID Qualifiers="">262</EventID>
<Version>0</Version>
<Level>4</Level>
<Task>0</Task>
<Opcode>0</Opcode>
<Keywords>0x4000000000000000</Keywords>
<TimeCreated SystemTime="2020-10-23 18:50:08.679781"></TimeCreated>
<EventRecordID>253</EventRecordID>
<Correlation ActivityID="" RelatedActivityID=""></Correlation>
<Execution ProcessID="2288" ThreadID="2392"></Execution>
<Channel>Microsoft-Windows-Time-Service/Operational</Channel>
<Computer>WIN-PTFPHFCRDJ0</Computer>
<Security UserID="S-1-5-19"></Security>
</System>
<EventData Name="TMP_OPS_SET_TIME_ADJUSTMENT"><Data Name="AdjustmentPPM">-2832.69995</Data>
<Data Name="NewClockRate">156692</Data>
<Data Name="OldClockRate">156722</Data>
<Data Name="TickCount">110171</Data>
<Data Name="MinReportedAdjustmentPPM">800.00000</Data>
</EventData>
</Event>

<Event xmlns="http://schemas.microsoft.com/win/2004/08/events/event"><System><Provider Name="Microsoft-Windows-Time-Service" Guid="{06edcfeb-0fd0-4e53-acca-a6f8bbf81bcb}"></Provider>
<EventID Qualifiers="">262</EventID>
<Version>0</Version>
<Level>4</Level>
<Task>0</Task>
<Opcode>0</Opcode>
<Keywords>0x4000000000000000</Keywords>
<TimeCreated SystemTime="2020-10-23 18:50:09.690388"></TimeCreated>
<EventRecordID>254</EventRecordID>
<Correlation ActivityID="" RelatedActivityID=""></Correlation>
<Execution ProcessID="2288" ThreadID="2392"></Execution>
<Channel>Microsoft-Windows-Time-Service/Operational</Channel>
<Computer>WIN-PTFPHFCRDJ0</Computer>
<Security UserID="S-1-5-19"></Security>
</System>
<EventData Name="TMP_OPS_SET_TIME_ADJUSTMENT"><Data Name="AdjustmentPPM">-2655.70020</Data>
<Data Name="NewClockRate">156664</Data>
<Data Name="OldClockRate">156692</Data>
<Data Name="TickCount">111187</Data>
<Data Name="MinReportedAdjustmentPPM">800.00000</Data>
</EventData>
</Event>

<Event xmlns="http://schemas.microsoft.com/win/2004/08/events/event"><System><Provider Name="Microsoft-Windows-Time-Service" Guid="{06edcfeb-0fd0-4e53-acca-a6f8bbf81bcb}"></Provider>
<EventID Qualifiers="">262</EventID>
<Version>0</Version>
<Level>4</Level>
<Task>0</Task>
<Opcode>0</Opcode>
<Keywords>0x4000000000000000</Keywords>
<TimeCreated SystemTime="2020-10-23 18:50:10.689789"></TimeCreated>
<EventRecordID>255</EventRecordID>
<Correlation ActivityID="" RelatedActivityID=""></Correlation>
<Execution ProcessID="2288" ThreadID="2392"></Execution>
<Channel>Microsoft-Windows-Time-Service/Operational</Channel>
<Computer>WIN-PTFPHFCRDJ0</Computer>
<Security UserID="S-1-5-19"></Security>
</System>
<EventData Name="TMP_OPS_SET_TIME_ADJUSTMENT"><Data Name="AdjustmentPPM">-2489.69995</Data>
<Data Name="NewClockRate">156639</Data>
<Data Name="OldClockRate">156664</Data>
<Data Name="TickCount">112187</Data>
<Data Name="MinReportedAdjustmentPPM">800.00000</Data>
</EventData>
</Event>

<Event xmlns="http://schemas.microsoft.com/win/2004/08/events/event"><System><Provider Name="Microsoft-Windows-Time-Service" Guid="{06edcfeb-0fd0-4e53-acca-a6f8bbf81bcb}"></Provider>
<EventID Qualifiers="">262</EventID>
<Version>0</Version>
<Level>4</Level>
<Task>0</Task>
<Opcode>0</Opcode>
<Keywords>0x4000000000000000</Keywords>
<TimeCreated SystemTime="2020-10-23 18:50:11.702057"></TimeCreated>
<EventRecordID>256</EventRecordID>
<Correlation ActivityID="" RelatedActivityID=""></Correlation>
<Execution ProcessID="2288" ThreadID="2392"></Execution>
<Channel>Microsoft-Windows-Time-Service/Operational</Channel>
<Computer>WIN-PTFPHFCRDJ0</Computer>
<Security UserID="S-1-5-19"></Security>
</System>
<EventData Name="TMP_OPS_SET_TIME_ADJUSTMENT"><Data Name="AdjustmentPPM">-2334.09985</Data>
<Data Name="NewClockRate">156614</Data>
<Data Name="OldClockRate">156639</Data>
<Data Name="TickCount">113203</Data>
<Data Name="MinReportedAdjustmentPPM">800.00000</Data>
</EventData>
</Event>

<Event xmlns="http://schemas.microsoft.com/win/2004/08/events/event"><System><Provider Name="Microsoft-Windows-Time-Service" Guid="{06edcfeb-0fd0-4e53-acca-a6f8bbf81bcb}"></Provider>
<EventID Qualifiers="">262</EventID>
<Version>0</Version>
<Level>4</Level>
<Task>0</Task>
<Opcode>0</Opcode>
<Keywords>0x4000000000000000</Keywords>
<TimeCreated SystemTime="2020-10-23 18:50:12.714195"></TimeCreated>
<EventRecordID>257</EventRecordID>
<Correlation ActivityID="" RelatedActivityID=""></Correlation>
<Execution ProcessID="2288" ThreadID="2392"></Execution>
<Channel>Microsoft-Windows-Time-Service/Operational</Channel>
<Computer>WIN-PTFPHFCRDJ0</Computer>
<Security UserID="S-1-5-19"></Security>
</System>
<EventData Name="TMP_OPS_SET_TIME_ADJUSTMENT"><Data Name="AdjustmentPPM">-2188.19995</Data>
<Data Name="NewClockRate">156591</Data>
<Data Name="OldClockRate">156614</Data>
<Data Name="TickCount">114218</Data>
<Data Name="MinReportedAdjustmentPPM">800.00000</Data>
</EventData>
</Event>

<Event xmlns="http://schemas.microsoft.com/win/2004/08/events/event"><System><Provider Name="Microsoft-Windows-Time-Service" Guid="{06edcfeb-0fd0-4e53-acca-a6f8bbf81bcb}"></Provider>
<EventID Qualifiers="">262</EventID>
<Version>0</Version>
<Level>4</Level>
<Task>0</Task>
<Opcode>0</Opcode>
<Keywords>0x4000000000000000</Keywords>
<TimeCreated SystemTime="2020-10-23 18:50:13.729856"></TimeCreated>
<EventRecordID>258</EventRecordID>
<Correlation ActivityID="" RelatedActivityID=""></Correlation>
<Execution ProcessID="2288" ThreadID="2392"></Execution>
<Channel>Microsoft-Windows-Time-Service/Operational</Channel>
<Computer>WIN-PTFPHFCRDJ0</Computer>
<Security UserID="S-1-5-19"></Security>
</System>
<EventData Name="TMP_OPS_SET_TIME_ADJUSTMENT"><Data Name="AdjustmentPPM">-2051.50000</Data>
<Data Name="NewClockRate">156570</Data>
<Data Name="OldClockRate">156591</Data>
<Data Name="TickCount">115234</Data>
<Data Name="MinReportedAdjustmentPPM">800.00000</Data>
</EventData>
</Event>

<Event xmlns="http://schemas.microsoft.com/win/2004/08/events/event"><System><Provider Name="Microsoft-Windows-Time-Service" Guid="{06edcfeb-0fd0-4e53-acca-a6f8bbf81bcb}"></Provider>
<EventID Qualifiers="">262</EventID>
<Version>0</Version>
<Level>4</Level>
<Task>0</Task>
<Opcode>0</Opcode>
<Keywords>0x4000000000000000</Keywords>
<TimeCreated SystemTime="2020-10-23 18:50:14.741364"></TimeCreated>
<EventRecordID>259</EventRecordID>
<Correlation ActivityID="" RelatedActivityID=""></Correlation>
<Execution ProcessID="2288" ThreadID="2392"></Execution>
<Channel>Microsoft-Windows-Time-Service/Operational</Channel>
<Computer>WIN-PTFPHFCRDJ0</Computer>
<Security UserID="S-1-5-19"></Security>
</System>
<EventData Name="TMP_OPS_SET_TIME_ADJUSTMENT"><Data Name="AdjustmentPPM">-1923.19995</Data>
<Data Name="NewClockRate">156550</Data>
<Data Name="OldClockRate">156570</Data>
<Data Name="TickCount">116250</Data>
<Data Name="MinReportedAdjustmentPPM">800.00000</Data>
</EventData>
</Event>

<Event xmlns="http://schemas.microsoft.com/win/2004/08/events/event"><System><Provider Name="Microsoft-Windows-Time-Service" Guid="{06edcfeb-0fd0-4e53-acca-a6f8bbf81bcb}"></Provider>
<EventID Qualifiers="">262</EventID>
<Version>0</Version>
<Level>4</Level>
<Task>0</Task>
<Opcode>0</Opcode>
<Keywords>0x4000000000000000</Keywords>
<TimeCreated SystemTime="2020-10-23 18:50:15.740200"></TimeCreated>
<EventRecordID>260</EventRecordID>
<Correlation ActivityID="" RelatedActivityID=""></Correlation>
<Execution ProcessID="2288" ThreadID="2392"></Execution>
<Channel>Microsoft-Windows-Time-Service/Operational</Channel>
<Computer>WIN-PTFPHFCRDJ0</Computer>
<Security UserID="S-1-5-19"></Security>
</System>
<EventData Name="TMP_OPS_SET_TIME_ADJUSTMENT"><Data Name="AdjustmentPPM">-1803.00000</Data>
<Data Name="NewClockRate">156531</Data>
<Data Name="OldClockRate">156550</Data>
<Data Name="TickCount">117250</Data>
<Data Name="MinReportedAdjustmentPPM">800.00000</Data>
</EventData>
</Event>

<Event xmlns="http://schemas.microsoft.com/win/2004/08/events/event"><System><Provider Name="Microsoft-Windows-Time-Service" Guid="{06edcfeb-0fd0-4e53-acca-a6f8bbf81bcb}"></Provider>
<EventID Qualifiers="">262</EventID>
<Version>0</Version>
<Level>4</Level>
<Task>0</Task>
<Opcode>0</Opcode>
<Keywords>0x4000000000000000</Keywords>
<TimeCreated SystemTime="2020-10-23 18:50:16.739902"></TimeCreated>
<EventRecordID>261</EventRecordID>
<Correlation ActivityID="" RelatedActivityID=""></Correlation>
<Execution ProcessID="2288" ThreadID="2392"></Execution>
<Channel>Microsoft-Windows-Time-Service/Operational</Channel>
<Computer>WIN-PTFPHFCRDJ0</Computer>
<Security UserID="S-1-5-19"></Security>
</System>
<EventData Name="TMP_OPS_SET_TIME_ADJUSTMENT"><Data Name="AdjustmentPPM">-1690.39990</Data>
<Data Name="NewClockRate">156514</Data>
<Data Name="OldClockRate">156531</Data>
<Data Name="TickCount">118250</Data>
<Data Name="MinReportedAdjustmentPPM">800.00000</Data>
</EventData>
</Event>

<Event xmlns="http://schemas.microsoft.com/win/2004/08/events/event"><System><Provider Name="Microsoft-Windows-Time-Service" Guid="{06edcfeb-0fd0-4e53-acca-a6f8bbf81bcb}"></Provider>
<EventID Qualifiers="">262</EventID>
<Version>0</Version>
<Level>4</Level>
<Task>0</Task>
<Opcode>0</Opcode>
<Keywords>0x4000000000000000</Keywords>
<TimeCreated SystemTime="2020-10-23 18:50:17.751223"></TimeCreated>
<EventRecordID>262</EventRecordID>
<Correlation ActivityID="" RelatedActivityID=""></Correlation>
<Execution ProcessID="2288" ThreadID="2392"></Execution>
<Channel>Microsoft-Windows-Time-Service/Operational</Channel>
<Computer>WIN-PTFPHFCRDJ0</Computer>
<Security UserID="S-1-5-19"></Security>
</System>
<EventData Name="TMP_OPS_SET_TIME_ADJUSTMENT"><Data Name="AdjustmentPPM">-1584.69995</Data>
<Data Name="NewClockRate">156497</Data>
<Data Name="OldClockRate">156514</Data>
<Data Name="TickCount">119265</Data>
<Data Name="MinReportedAdjustmentPPM">800.00000</Data>
</EventData>
</Event>

<Event xmlns="http://schemas.microsoft.com/win/2004/08/events/event"><System><Provider Name="Microsoft-Windows-Time-Service" Guid="{06edcfeb-0fd0-4e53-acca-a6f8bbf81bcb}"></Provider>
<EventID Qualifiers="">262</EventID>
<Version>0</Version>
<Level>4</Level>
<Task>0</Task>
<Opcode>0</Opcode>
<Keywords>0x4000000000000000</Keywords>
<TimeCreated SystemTime="2020-10-23 18:50:18.751337"></TimeCreated>
<EventRecordID>263</EventRecordID>
<Correlation ActivityID="" RelatedActivityID=""></Correlation>
<Execution ProcessID="2288" ThreadID="2392"></Execution>
<Channel>Microsoft-Windows-Time-Service/Operational</Channel>
<Computer>WIN-PTFPHFCRDJ0</Computer>
<Security UserID="S-1-5-19"></Security>
</System>
<EventData Name="TMP_OPS_SET_TIME_ADJUSTMENT"><Data Name="AdjustmentPPM">-1485.70007</Data>
<Data Name="NewClockRate">156482</Data>
<Data Name="OldClockRate">156497</Data>
<Data Name="TickCount">120265</Data>
<Data Name="MinReportedAdjustmentPPM">800.00000</Data>
</EventData>
</Event>

<Event xmlns="http://schemas.microsoft.com/win/2004/08/events/event"><System><Provider Name="Microsoft-Windows-Time-Service" Guid="{06edcfeb-0fd0-4e53-acca-a6f8bbf81bcb}"></Provider>
<EventID Qualifiers="">262</EventID>
<Version>0</Version>
<Level>4</Level>
<Task>0</Task>
<Opcode>0</Opcode>
<Keywords>0x4000000000000000</Keywords>
<TimeCreated SystemTime="2020-10-23 18:50:19.763943"></TimeCreated>
<EventRecordID>264</EventRecordID>
<Correlation ActivityID="" RelatedActivityID=""></Correlation>
<Execution ProcessID="2288" ThreadID="2392"></Execution>
<Channel>Microsoft-Windows-Time-Service/Operational</Channel>
<Computer>WIN-PTFPHFCRDJ0</Computer>
<Security UserID="S-1-5-19"></Security>
</System>
<EventData Name="TMP_OPS_SET_TIME_ADJUSTMENT"><Data Name="AdjustmentPPM">-1392.80005</Data>
<Data Name="NewClockRate">156467</Data>
<Data Name="OldClockRate">156482</Data>
<Data Name="TickCount">121281</Data>
<Data Name="MinReportedAdjustmentPPM">800.00000</Data>
</EventData>
</Event>

<Event xmlns="http://schemas.microsoft.com/win/2004/08/events/event"><System><Provider Name="Microsoft-Windows-Time-Service" Guid="{06edcfeb-0fd0-4e53-acca-a6f8bbf81bcb}"></Provider>
<EventID Qualifiers="">262</EventID>
<Version>0</Version>
<Level>4</Level>
<Task>0</Task>
<Opcode>0</Opcode>
<Keywords>0x4000000000000000</Keywords>
<TimeCreated SystemTime="2020-10-23 18:50:20.764618"></TimeCreated>
<EventRecordID>265</EventRecordID>
<Correlation ActivityID="" RelatedActivityID=""></Correlation>
<Execution ProcessID="2288" ThreadID="2392"></Execution>
<Channel>Microsoft-Windows-Time-Service/Operational</Channel>
<Computer>WIN-PTFPHFCRDJ0</Computer>
<Security UserID="S-1-5-19"></Security>
</System>
<EventData Name="TMP_OPS_SET_TIME_ADJUSTMENT"><Data Name="AdjustmentPPM">-1305.80005</Data>
<Data Name="NewClockRate">156454</Data>
<Data Name="OldClockRate">156467</Data>
<Data Name="TickCount">122281</Data>
<Data Name="MinReportedAdjustmentPPM">800.00000</Data>
</EventData>
</Event>

<Event xmlns="http://schemas.microsoft.com/win/2004/08/events/event"><System><Provider Name="Microsoft-Windows-Time-Service" Guid="{06edcfeb-0fd0-4e53-acca-a6f8bbf81bcb}"></Provider>
<EventID Qualifiers="">262</EventID>
<Version>0</Version>
<Level>4</Level>
<Task>0</Task>
<Opcode>0</Opcode>
<Keywords>0x4000000000000000</Keywords>
<TimeCreated SystemTime="2020-10-23 18:50:21.792866"></TimeCreated>
<EventRecordID>266</EventRecordID>
<Correlation ActivityID="" RelatedActivityID=""></Correlation>
<Execution ProcessID="2288" ThreadID="2392"></Execution>
<Channel>Microsoft-Windows-Time-Service/Operational</Channel>
<Computer>WIN-PTFPHFCRDJ0</Computer>
<Security UserID="S-1-5-19"></Security>
</System>
<EventData Name="TMP_OPS_SET_TIME_ADJUSTMENT"><Data Name="AdjustmentPPM">-1224.09998</Data>
<Data Name="NewClockRate">156441</Data>
<Data Name="OldClockRate">156454</Data>
<Data Name="TickCount">123312</Data>
<Data Name="MinReportedAdjustmentPPM">800.00000</Data>
</EventData>
</Event>

<Event xmlns="http://schemas.microsoft.com/win/2004/08/events/event"><System><Provider Name="Microsoft-Windows-Time-Service" Guid="{06edcfeb-0fd0-4e53-acca-a6f8bbf81bcb}"></Provider>
<EventID Qualifiers="">262</EventID>
<Version>0</Version>
<Level>4</Level>
<Task>0</Task>
<Opcode>0</Opcode>
<Keywords>0x4000000000000000</Keywords>
<TimeCreated SystemTime="2020-10-23 18:50:22.791660"></TimeCreated>
<EventRecordID>267</EventRecordID>
<Correlation ActivityID="" RelatedActivityID=""></Correlation>
<Execution ProcessID="2288" ThreadID="2392"></Execution>
<Channel>Microsoft-Windows-Time-Service/Operational</Channel>
<Computer>WIN-PTFPHFCRDJ0</Computer>
<Security UserID="S-1-5-19"></Security>
</System>
<EventData Name="TMP_OPS_SET_TIME_ADJUSTMENT"><Data Name="AdjustmentPPM">-1147.59998</Data>
<Data Name="NewClockRate">156429</Data>
<Data Name="OldClockRate">156441</Data>
<Data Name="TickCount">124312</Data>
<Data Name="MinReportedAdjustmentPPM">800.00000</Data>
</EventData>
</Event>

<Event xmlns="http://schemas.microsoft.com/win/2004/08/events/event"><System><Provider Name="Microsoft-Windows-Time-Service" Guid="{06edcfeb-0fd0-4e53-acca-a6f8bbf81bcb}"></Provider>
<EventID Qualifiers="">262</EventID>
<Version>0</Version>
<Level>4</Level>
<Task>0</Task>
<Opcode>0</Opcode>
<Keywords>0x4000000000000000</Keywords>
<TimeCreated SystemTime="2020-10-23 18:50:23.793135"></TimeCreated>
<EventRecordID>268</EventRecordID>
<Correlation ActivityID="" RelatedActivityID=""></Correlation>
<Execution ProcessID="2288" ThreadID="2392"></Execution>
<Channel>Microsoft-Windows-Time-Service/Operational</Channel>
<Computer>WIN-PTFPHFCRDJ0</Computer>
<Security UserID="S-1-5-19"></Security>
</System>
<EventData Name="TMP_OPS_SET_TIME_ADJUSTMENT"><Data Name="AdjustmentPPM">-1075.90002</Data>
<Data Name="NewClockRate">156418</Data>
<Data Name="OldClockRate">156429</Data>
<Data Name="TickCount">125312</Data>
<Data Name="MinReportedAdjustmentPPM">800.00000</Data>
</EventData>
</Event>

<Event xmlns="http://schemas.microsoft.com/win/2004/08/events/event"><System><Provider Name="Microsoft-Windows-Time-Service" Guid="{06edcfeb-0fd0-4e53-acca-a6f8bbf81bcb}"></Provider>
<EventID Qualifiers="">262</EventID>
<Version>0</Version>
<Level>4</Level>
<Task>0</Task>
<Opcode>0</Opcode>
<Keywords>0x4000000000000000</Keywords>
<TimeCreated SystemTime="2020-10-23 18:50:24.792128"></TimeCreated>
<EventRecordID>269</EventRecordID>
<Correlation ActivityID="" RelatedActivityID=""></Correlation>
<Execution ProcessID="2288" ThreadID="2392"></Execution>
<Channel>Microsoft-Windows-Time-Service/Operational</Channel>
<Computer>WIN-PTFPHFCRDJ0</Computer>
<Security UserID="S-1-5-19"></Security>
</System>
<EventData Name="TMP_OPS_SET_TIME_ADJUSTMENT"><Data Name="AdjustmentPPM">-1008.70001</Data>
<Data Name="NewClockRate">156407</Data>
<Data Name="OldClockRate">156418</Data>
<Data Name="TickCount">126312</Data>
<Data Name="MinReportedAdjustmentPPM">800.00000</Data>
</EventData>
</Event>

<Event xmlns="http://schemas.microsoft.com/win/2004/08/events/event"><System><Provider Name="Microsoft-Windows-Time-Service" Guid="{06edcfeb-0fd0-4e53-acca-a6f8bbf81bcb}"></Provider>
<EventID Qualifiers="">262</EventID>
<Version>0</Version>
<Level>4</Level>
<Task>0</Task>
<Opcode>0</Opcode>
<Keywords>0x4000000000000000</Keywords>
<TimeCreated SystemTime="2020-10-23 18:50:25.806299"></TimeCreated>
<EventRecordID>270</EventRecordID>
<Correlation ActivityID="" RelatedActivityID=""></Correlation>
<Execution ProcessID="2288" ThreadID="2392"></Execution>
<Channel>Microsoft-Windows-Time-Service/Operational</Channel>
<Computer>WIN-PTFPHFCRDJ0</Computer>
<Security UserID="S-1-5-19"></Security>
</System>
<EventData Name="TMP_OPS_SET_TIME_ADJUSTMENT"><Data Name="AdjustmentPPM">-945.59998</Data>
<Data Name="NewClockRate">156397</Data>
<Data Name="OldClockRate">156407</Data>
<Data Name="TickCount">127328</Data>
<Data Name="MinReportedAdjustmentPPM">800.00000</Data>
</EventData>
</Event>

