<Event xmlns="http://schemas.microsoft.com/win/2004/08/events/event"><System><Provider Name="Microsoft-Windows-Shell-Core" Guid="{30336ed4-e327-447c-9de0-51b652c86108}"></Provider>
<EventID Qualifiers="">62443</EventID>
<Version>0</Version>
<Level>4</Level>
<Task>62443</Task>
<Opcode>0</Opcode>
<Keywords>0x1000000000000000</Keywords>
<TimeCreated SystemTime="2020-10-22 20:52:27.330721"></TimeCreated>
<EventRecordID>166</EventRecordID>
<Correlation ActivityID="" RelatedActivityID=""></Correlation>
<Execution ProcessID="3804" ThreadID="3808"></Execution>
<Channel>Microsoft-Windows-Shell-Core/AppDefaults</Channel>
<Computer>WIN-PTFPHFCRDJ0</Computer>
<Security UserID="S-1-5-21-1152959844-3645458174-3779170896-1000"></Security>
</System>
<EventData><Data Name="Info">SetDefault: Association=.mpa, ProgId=WMP11.AssocFile.MPEG</Data>
</EventData>
</Event>

<Event xmlns="http://schemas.microsoft.com/win/2004/08/events/event"><System><Provider Name="Microsoft-Windows-Shell-Core" Guid="{30336ed4-e327-447c-9de0-51b652c86108}"></Provider>
<EventID Qualifiers="">62443</EventID>
<Version>0</Version>
<Level>4</Level>
<Task>62443</Task>
<Opcode>0</Opcode>
<Keywords>0x1000000000000000</Keywords>
<TimeCreated SystemTime="2020-10-22 20:52:27.330738"></TimeCreated>
<EventRecordID>167</EventRecordID>
<Correlation ActivityID="" RelatedActivityID=""></Correlation>
<Execution ProcessID="3804" ThreadID="3808"></Execution>
<Channel>Microsoft-Windows-Shell-Core/AppDefaults</Channel>
<Computer>WIN-PTFPHFCRDJ0</Computer>
<Security UserID="S-1-5-21-1152959844-3645458174-3779170896-1000"></Security>
</System>
<EventData><Data Name="Info">SetDefault-Info: Association=.mpa, ProgId=WMP11.AssocFile.MPEG, U=S-1-5-21-1152959844-3645458174-3779170896-1000, T=2020:10:04:22:20:52, H=LQ4g6kt9SJs=</Data>
</EventData>
</Event>

<Event xmlns="http://schemas.microsoft.com/win/2004/08/events/event"><System><Provider Name="Microsoft-Windows-Shell-Core" Guid="{30336ed4-e327-447c-9de0-51b652c86108}"></Provider>
<EventID Qualifiers="">62443</EventID>
<Version>0</Version>
<Level>4</Level>
<Task>62443</Task>
<Opcode>0</Opcode>
<Keywords>0x1000000000000000</Keywords>
<TimeCreated SystemTime="2020-10-22 20:52:27.330925"></TimeCreated>
<EventRecordID>168</EventRecordID>
<Correlation ActivityID="" RelatedActivityID=""></Correlation>
<Execution ProcessID="3804" ThreadID="3808"></Execution>
<Channel>Microsoft-Windows-Shell-Core/AppDefaults</Channel>
<Computer>WIN-PTFPHFCRDJ0</Computer>
<Security UserID="S-1-5-21-1152959844-3645458174-3779170896-1000"></Security>
</System>
<EventData><Data Name="Info">SetDefault: Association=.MPE, ProgId=WMP11.AssocFile.MPEG</Data>
</EventData>
</Event>

<Event xmlns="http://schemas.microsoft.com/win/2004/08/events/event"><System><Provider Name="Microsoft-Windows-Shell-Core" Guid="{30336ed4-e327-447c-9de0-51b652c86108}"></Provider>
<EventID Qualifiers="">62443</EventID>
<Version>0</Version>
<Level>4</Level>
<Task>62443</Task>
<Opcode>0</Opcode>
<Keywords>0x1000000000000000</Keywords>
<TimeCreated SystemTime="2020-10-22 20:52:27.330942"></TimeCreated>
<EventRecordID>169</EventRecordID>
<Correlation ActivityID="" RelatedActivityID=""></Correlation>
<Execution ProcessID="3804" ThreadID="3808"></Execution>
<Channel>Microsoft-Windows-Shell-Core/AppDefaults</Channel>
<Computer>WIN-PTFPHFCRDJ0</Computer>
<Security UserID="S-1-5-21-1152959844-3645458174-3779170896-1000"></Security>
</System>
<EventData><Data Name="Info">SetDefault-Info: Association=.MPE, ProgId=WMP11.AssocFile.MPEG, U=S-1-5-21-1152959844-3645458174-3779170896-1000, T=2020:10:04:22:20:52, H=Xs3PE0ycEZo=</Data>
</EventData>
</Event>

<Event xmlns="http://schemas.microsoft.com/win/2004/08/events/event"><System><Provider Name="Microsoft-Windows-Shell-Core" Guid="{30336ed4-e327-447c-9de0-51b652c86108}"></Provider>
<EventID Qualifiers="">62443</EventID>
<Version>0</Version>
<Level>4</Level>
<Task>62443</Task>
<Opcode>0</Opcode>
<Keywords>0x1000000000000000</Keywords>
<TimeCreated SystemTime="2020-10-22 20:52:27.331129"></TimeCreated>
<EventRecordID>170</EventRecordID>
<Correlation ActivityID="" RelatedActivityID=""></Correlation>
<Execution ProcessID="3804" ThreadID="3808"></Execution>
<Channel>Microsoft-Windows-Shell-Core/AppDefaults</Channel>
<Computer>WIN-PTFPHFCRDJ0</Computer>
<Security UserID="S-1-5-21-1152959844-3645458174-3779170896-1000"></Security>
</System>
<EventData><Data Name="Info">SetDefault: Association=.mpeg, ProgId=WMP11.AssocFile.MPEG</Data>
</EventData>
</Event>

<Event xmlns="http://schemas.microsoft.com/win/2004/08/events/event"><System><Provider Name="Microsoft-Windows-Shell-Core" Guid="{30336ed4-e327-447c-9de0-51b652c86108}"></Provider>
<EventID Qualifiers="">62443</EventID>
<Version>0</Version>
<Level>4</Level>
<Task>62443</Task>
<Opcode>0</Opcode>
<Keywords>0x1000000000000000</Keywords>
<TimeCreated SystemTime="2020-10-22 20:52:27.331144"></TimeCreated>
<EventRecordID>171</EventRecordID>
<Correlation ActivityID="" RelatedActivityID=""></Correlation>
<Execution ProcessID="3804" ThreadID="3808"></Execution>
<Channel>Microsoft-Windows-Shell-Core/AppDefaults</Channel>
<Computer>WIN-PTFPHFCRDJ0</Computer>
<Security UserID="S-1-5-21-1152959844-3645458174-3779170896-1000"></Security>
</System>
<EventData><Data Name="Info">SetDefault-Info: Association=.mpeg, ProgId=WMP11.AssocFile.MPEG, U=S-1-5-21-1152959844-3645458174-3779170896-1000, T=2020:10:04:22:20:52, H=s0EbJfjc1UA=</Data>
</EventData>
</Event>

<Event xmlns="http://schemas.microsoft.com/win/2004/08/events/event"><System><Provider Name="Microsoft-Windows-Shell-Core" Guid="{30336ed4-e327-447c-9de0-51b652c86108}"></Provider>
<EventID Qualifiers="">62443</EventID>
<Version>0</Version>
<Level>4</Level>
<Task>62443</Task>
<Opcode>0</Opcode>
<Keywords>0x1000000000000000</Keywords>
<TimeCreated SystemTime="2020-10-22 20:52:27.331331"></TimeCreated>
<EventRecordID>172</EventRecordID>
<Correlation ActivityID="" RelatedActivityID=""></Correlation>
<Execution ProcessID="3804" ThreadID="3808"></Execution>
<Channel>Microsoft-Windows-Shell-Core/AppDefaults</Channel>
<Computer>WIN-PTFPHFCRDJ0</Computer>
<Security UserID="S-1-5-21-1152959844-3645458174-3779170896-1000"></Security>
</System>
<EventData><Data Name="Info">SetDefault: Association=.mpg, ProgId=WMP11.AssocFile.MPEG</Data>
</EventData>
</Event>

<Event xmlns="http://schemas.microsoft.com/win/2004/08/events/event"><System><Provider Name="Microsoft-Windows-Shell-Core" Guid="{30336ed4-e327-447c-9de0-51b652c86108}"></Provider>
<EventID Qualifiers="">62443</EventID>
<Version>0</Version>
<Level>4</Level>
<Task>62443</Task>
<Opcode>0</Opcode>
<Keywords>0x1000000000000000</Keywords>
<TimeCreated SystemTime="2020-10-22 20:52:27.331348"></TimeCreated>
<EventRecordID>173</EventRecordID>
<Correlation ActivityID="" RelatedActivityID=""></Correlation>
<Execution ProcessID="3804" ThreadID="3808"></Execution>
<Channel>Microsoft-Windows-Shell-Core/AppDefaults</Channel>
<Computer>WIN-PTFPHFCRDJ0</Computer>
<Security UserID="S-1-5-21-1152959844-3645458174-3779170896-1000"></Security>
</System>
<EventData><Data Name="Info">SetDefault-Info: Association=.mpg, ProgId=WMP11.AssocFile.MPEG, U=S-1-5-21-1152959844-3645458174-3779170896-1000, T=2020:10:04:22:20:52, H=G8R2kpBJYB0=</Data>
</EventData>
</Event>

<Event xmlns="http://schemas.microsoft.com/win/2004/08/events/event"><System><Provider Name="Microsoft-Windows-Shell-Core" Guid="{30336ed4-e327-447c-9de0-51b652c86108}"></Provider>
<EventID Qualifiers="">62443</EventID>
<Version>0</Version>
<Level>4</Level>
<Task>62443</Task>
<Opcode>0</Opcode>
<Keywords>0x1000000000000000</Keywords>
<TimeCreated SystemTime="2020-10-22 20:52:27.331558"></TimeCreated>
<EventRecordID>174</EventRecordID>
<Correlation ActivityID="" RelatedActivityID=""></Correlation>
<Execution ProcessID="3804" ThreadID="3808"></Execution>
<Channel>Microsoft-Windows-Shell-Core/AppDefaults</Channel>
<Computer>WIN-PTFPHFCRDJ0</Computer>
<Security UserID="S-1-5-21-1152959844-3645458174-3779170896-1000"></Security>
</System>
<EventData><Data Name="Info">SetDefault: Association=.mpv2, ProgId=WMP11.AssocFile.MPEG</Data>
</EventData>
</Event>

<Event xmlns="http://schemas.microsoft.com/win/2004/08/events/event"><System><Provider Name="Microsoft-Windows-Shell-Core" Guid="{30336ed4-e327-447c-9de0-51b652c86108}"></Provider>
<EventID Qualifiers="">62443</EventID>
<Version>0</Version>
<Level>4</Level>
<Task>62443</Task>
<Opcode>0</Opcode>
<Keywords>0x1000000000000000</Keywords>
<TimeCreated SystemTime="2020-10-22 20:52:27.331575"></TimeCreated>
<EventRecordID>175</EventRecordID>
<Correlation ActivityID="" RelatedActivityID=""></Correlation>
<Execution ProcessID="3804" ThreadID="3808"></Execution>
<Channel>Microsoft-Windows-Shell-Core/AppDefaults</Channel>
<Computer>WIN-PTFPHFCRDJ0</Computer>
<Security UserID="S-1-5-21-1152959844-3645458174-3779170896-1000"></Security>
</System>
<EventData><Data Name="Info">SetDefault-Info: Association=.mpv2, ProgId=WMP11.AssocFile.MPEG, U=S-1-5-21-1152959844-3645458174-3779170896-1000, T=2020:10:04:22:20:52, H=Z3Ot73EB4yQ=</Data>
</EventData>
</Event>

<Event xmlns="http://schemas.microsoft.com/win/2004/08/events/event"><System><Provider Name="Microsoft-Windows-Shell-Core" Guid="{30336ed4-e327-447c-9de0-51b652c86108}"></Provider>
<EventID Qualifiers="">62443</EventID>
<Version>0</Version>
<Level>4</Level>
<Task>62443</Task>
<Opcode>0</Opcode>
<Keywords>0x1000000000000000</Keywords>
<TimeCreated SystemTime="2020-10-22 20:52:27.331768"></TimeCreated>
<EventRecordID>176</EventRecordID>
<Correlation ActivityID="" RelatedActivityID=""></Correlation>
<Execution ProcessID="3804" ThreadID="3808"></Execution>
<Channel>Microsoft-Windows-Shell-Core/AppDefaults</Channel>
<Computer>WIN-PTFPHFCRDJ0</Computer>
<Security UserID="S-1-5-21-1152959844-3645458174-3779170896-1000"></Security>
</System>
<EventData><Data Name="Info">SetDefault: Association=.mts, ProgId=WMP11.AssocFile.M2TS</Data>
</EventData>
</Event>

<Event xmlns="http://schemas.microsoft.com/win/2004/08/events/event"><System><Provider Name="Microsoft-Windows-Shell-Core" Guid="{30336ed4-e327-447c-9de0-51b652c86108}"></Provider>
<EventID Qualifiers="">62443</EventID>
<Version>0</Version>
<Level>4</Level>
<Task>62443</Task>
<Opcode>0</Opcode>
<Keywords>0x1000000000000000</Keywords>
<TimeCreated SystemTime="2020-10-22 20:52:27.331785"></TimeCreated>
<EventRecordID>177</EventRecordID>
<Correlation ActivityID="" RelatedActivityID=""></Correlation>
<Execution ProcessID="3804" ThreadID="3808"></Execution>
<Channel>Microsoft-Windows-Shell-Core/AppDefaults</Channel>
<Computer>WIN-PTFPHFCRDJ0</Computer>
<Security UserID="S-1-5-21-1152959844-3645458174-3779170896-1000"></Security>
</System>
<EventData><Data Name="Info">SetDefault-Info: Association=.mts, ProgId=WMP11.AssocFile.M2TS, U=S-1-5-21-1152959844-3645458174-3779170896-1000, T=2020:10:04:22:20:52, H=ako8DXEe1Y8=</Data>
</EventData>
</Event>

<Event xmlns="http://schemas.microsoft.com/win/2004/08/events/event"><System><Provider Name="Microsoft-Windows-Shell-Core" Guid="{30336ed4-e327-447c-9de0-51b652c86108}"></Provider>
<EventID Qualifiers="">62443</EventID>
<Version>0</Version>
<Level>4</Level>
<Task>62443</Task>
<Opcode>0</Opcode>
<Keywords>0x1000000000000000</Keywords>
<TimeCreated SystemTime="2020-10-22 20:52:27.332020"></TimeCreated>
<EventRecordID>178</EventRecordID>
<Correlation ActivityID="" RelatedActivityID=""></Correlation>
<Execution ProcessID="3804" ThreadID="3808"></Execution>
<Channel>Microsoft-Windows-Shell-Core/AppDefaults</Channel>
<Computer>WIN-PTFPHFCRDJ0</Computer>
<Security UserID="S-1-5-21-1152959844-3645458174-3779170896-1000"></Security>
</System>
<EventData><Data Name="Info">SetDefault: Association=.png, ProgId=PBrush</Data>
</EventData>
</Event>

<Event xmlns="http://schemas.microsoft.com/win/2004/08/events/event"><System><Provider Name="Microsoft-Windows-Shell-Core" Guid="{30336ed4-e327-447c-9de0-51b652c86108}"></Provider>
<EventID Qualifiers="">62443</EventID>
<Version>0</Version>
<Level>4</Level>
<Task>62443</Task>
<Opcode>0</Opcode>
<Keywords>0x1000000000000000</Keywords>
<TimeCreated SystemTime="2020-10-22 20:52:27.332037"></TimeCreated>
<EventRecordID>179</EventRecordID>
<Correlation ActivityID="" RelatedActivityID=""></Correlation>
<Execution ProcessID="3804" ThreadID="3808"></Execution>
<Channel>Microsoft-Windows-Shell-Core/AppDefaults</Channel>
<Computer>WIN-PTFPHFCRDJ0</Computer>
<Security UserID="S-1-5-21-1152959844-3645458174-3779170896-1000"></Security>
</System>
<EventData><Data Name="Info">SetDefault-Info: Association=.png, ProgId=PBrush, U=S-1-5-21-1152959844-3645458174-3779170896-1000, T=2020:10:04:22:20:52, H=wSXFd9ZyGk4=</Data>
</EventData>
</Event>

<Event xmlns="http://schemas.microsoft.com/win/2004/08/events/event"><System><Provider Name="Microsoft-Windows-Shell-Core" Guid="{30336ed4-e327-447c-9de0-51b652c86108}"></Provider>
<EventID Qualifiers="">62443</EventID>
<Version>0</Version>
<Level>4</Level>
<Task>62443</Task>
<Opcode>0</Opcode>
<Keywords>0x1000000000000000</Keywords>
<TimeCreated SystemTime="2020-10-22 20:52:27.332294"></TimeCreated>
<EventRecordID>180</EventRecordID>
<Correlation ActivityID="" RelatedActivityID=""></Correlation>
<Execution ProcessID="3804" ThreadID="3808"></Execution>
<Channel>Microsoft-Windows-Shell-Core/AppDefaults</Channel>
<Computer>WIN-PTFPHFCRDJ0</Computer>
<Security UserID="S-1-5-21-1152959844-3645458174-3779170896-1000"></Security>
</System>
<EventData><Data Name="Info">SetDefault: Association=.tif, ProgId=PhotoViewer.FileAssoc.Tiff</Data>
</EventData>
</Event>

<Event xmlns="http://schemas.microsoft.com/win/2004/08/events/event"><System><Provider Name="Microsoft-Windows-Shell-Core" Guid="{30336ed4-e327-447c-9de0-51b652c86108}"></Provider>
<EventID Qualifiers="">62443</EventID>
<Version>0</Version>
<Level>4</Level>
<Task>62443</Task>
<Opcode>0</Opcode>
<Keywords>0x1000000000000000</Keywords>
<TimeCreated SystemTime="2020-10-22 20:52:27.332314"></TimeCreated>
<EventRecordID>181</EventRecordID>
<Correlation ActivityID="" RelatedActivityID=""></Correlation>
<Execution ProcessID="3804" ThreadID="3808"></Execution>
<Channel>Microsoft-Windows-Shell-Core/AppDefaults</Channel>
<Computer>WIN-PTFPHFCRDJ0</Computer>
<Security UserID="S-1-5-21-1152959844-3645458174-3779170896-1000"></Security>
</System>
<EventData><Data Name="Info">SetDefault-Info: Association=.tif, ProgId=PhotoViewer.FileAssoc.Tiff, U=S-1-5-21-1152959844-3645458174-3779170896-1000, T=2020:10:04:22:20:52, H=EVhCVxuSf8c=</Data>
</EventData>
</Event>

<Event xmlns="http://schemas.microsoft.com/win/2004/08/events/event"><System><Provider Name="Microsoft-Windows-Shell-Core" Guid="{30336ed4-e327-447c-9de0-51b652c86108}"></Provider>
<EventID Qualifiers="">62443</EventID>
<Version>0</Version>
<Level>4</Level>
<Task>62443</Task>
<Opcode>0</Opcode>
<Keywords>0x1000000000000000</Keywords>
<TimeCreated SystemTime="2020-10-22 20:52:27.332518"></TimeCreated>
<EventRecordID>182</EventRecordID>
<Correlation ActivityID="" RelatedActivityID=""></Correlation>
<Execution ProcessID="3804" ThreadID="3808"></Execution>
<Channel>Microsoft-Windows-Shell-Core/AppDefaults</Channel>
<Computer>WIN-PTFPHFCRDJ0</Computer>
<Security UserID="S-1-5-21-1152959844-3645458174-3779170896-1000"></Security>
</System>
<EventData><Data Name="Info">SetDefault: Association=.tiff, ProgId=PhotoViewer.FileAssoc.Tiff</Data>
</EventData>
</Event>

<Event xmlns="http://schemas.microsoft.com/win/2004/08/events/event"><System><Provider Name="Microsoft-Windows-Shell-Core" Guid="{30336ed4-e327-447c-9de0-51b652c86108}"></Provider>
<EventID Qualifiers="">62443</EventID>
<Version>0</Version>
<Level>4</Level>
<Task>62443</Task>
<Opcode>0</Opcode>
<Keywords>0x1000000000000000</Keywords>
<TimeCreated SystemTime="2020-10-22 20:52:27.332535"></TimeCreated>
<EventRecordID>183</EventRecordID>
<Correlation ActivityID="" RelatedActivityID=""></Correlation>
<Execution ProcessID="3804" ThreadID="3808"></Execution>
<Channel>Microsoft-Windows-Shell-Core/AppDefaults</Channel>
<Computer>WIN-PTFPHFCRDJ0</Computer>
<Security UserID="S-1-5-21-1152959844-3645458174-3779170896-1000"></Security>
</System>
<EventData><Data Name="Info">SetDefault-Info: Association=.tiff, ProgId=PhotoViewer.FileAssoc.Tiff, U=S-1-5-21-1152959844-3645458174-3779170896-1000, T=2020:10:04:22:20:52, H=x0kKw3egNJE=</Data>
</EventData>
</Event>

<Event xmlns="http://schemas.microsoft.com/win/2004/08/events/event"><System><Provider Name="Microsoft-Windows-Shell-Core" Guid="{30336ed4-e327-447c-9de0-51b652c86108}"></Provider>
<EventID Qualifiers="">62443</EventID>
<Version>0</Version>
<Level>4</Level>
<Task>62443</Task>
<Opcode>0</Opcode>
<Keywords>0x1000000000000000</Keywords>
<TimeCreated SystemTime="2020-10-22 20:52:27.332731"></TimeCreated>
<EventRecordID>184</EventRecordID>
<Correlation ActivityID="" RelatedActivityID=""></Correlation>
<Execution ProcessID="3804" ThreadID="3808"></Execution>
<Channel>Microsoft-Windows-Shell-Core/AppDefaults</Channel>
<Computer>WIN-PTFPHFCRDJ0</Computer>
<Security UserID="S-1-5-21-1152959844-3645458174-3779170896-1000"></Security>
</System>
<EventData><Data Name="Info">SetDefault: Association=.TS, ProgId=WMP11.AssocFile.TTS</Data>
</EventData>
</Event>

<Event xmlns="http://schemas.microsoft.com/win/2004/08/events/event"><System><Provider Name="Microsoft-Windows-Shell-Core" Guid="{30336ed4-e327-447c-9de0-51b652c86108}"></Provider>
<EventID Qualifiers="">62443</EventID>
<Version>0</Version>
<Level>4</Level>
<Task>62443</Task>
<Opcode>0</Opcode>
<Keywords>0x1000000000000000</Keywords>
<TimeCreated SystemTime="2020-10-22 20:52:27.332748"></TimeCreated>
<EventRecordID>185</EventRecordID>
<Correlation ActivityID="" RelatedActivityID=""></Correlation>
<Execution ProcessID="3804" ThreadID="3808"></Execution>
<Channel>Microsoft-Windows-Shell-Core/AppDefaults</Channel>
<Computer>WIN-PTFPHFCRDJ0</Computer>
<Security UserID="S-1-5-21-1152959844-3645458174-3779170896-1000"></Security>
</System>
<EventData><Data Name="Info">SetDefault-Info: Association=.TS, ProgId=WMP11.AssocFile.TTS, U=S-1-5-21-1152959844-3645458174-3779170896-1000, T=2020:10:04:22:20:52, H=IkpUlmM/iTs=</Data>
</EventData>
</Event>

<Event xmlns="http://schemas.microsoft.com/win/2004/08/events/event"><System><Provider Name="Microsoft-Windows-Shell-Core" Guid="{30336ed4-e327-447c-9de0-51b652c86108}"></Provider>
<EventID Qualifiers="">62443</EventID>
<Version>0</Version>
<Level>4</Level>
<Task>62443</Task>
<Opcode>0</Opcode>
<Keywords>0x1000000000000000</Keywords>
<TimeCreated SystemTime="2020-10-22 20:52:27.332951"></TimeCreated>
<EventRecordID>186</EventRecordID>
<Correlation ActivityID="" RelatedActivityID=""></Correlation>
<Execution ProcessID="3804" ThreadID="3808"></Execution>
<Channel>Microsoft-Windows-Shell-Core/AppDefaults</Channel>
<Computer>WIN-PTFPHFCRDJ0</Computer>
<Security UserID="S-1-5-21-1152959844-3645458174-3779170896-1000"></Security>
</System>
<EventData><Data Name="Info">SetDefault: Association=.TTS, ProgId=WMP11.AssocFile.TTS</Data>
</EventData>
</Event>

<Event xmlns="http://schemas.microsoft.com/win/2004/08/events/event"><System><Provider Name="Microsoft-Windows-Shell-Core" Guid="{30336ed4-e327-447c-9de0-51b652c86108}"></Provider>
<EventID Qualifiers="">62443</EventID>
<Version>0</Version>
<Level>4</Level>
<Task>62443</Task>
<Opcode>0</Opcode>
<Keywords>0x1000000000000000</Keywords>
<TimeCreated SystemTime="2020-10-22 20:52:27.332968"></TimeCreated>
<EventRecordID>187</EventRecordID>
<Correlation ActivityID="" RelatedActivityID=""></Correlation>
<Execution ProcessID="3804" ThreadID="3808"></Execution>
<Channel>Microsoft-Windows-Shell-Core/AppDefaults</Channel>
<Computer>WIN-PTFPHFCRDJ0</Computer>
<Security UserID="S-1-5-21-1152959844-3645458174-3779170896-1000"></Security>
</System>
<EventData><Data Name="Info">SetDefault-Info: Association=.TTS, ProgId=WMP11.AssocFile.TTS, U=S-1-5-21-1152959844-3645458174-3779170896-1000, T=2020:10:04:22:20:52, H=nW7IIuoOdzY=</Data>
</EventData>
</Event>

<Event xmlns="http://schemas.microsoft.com/win/2004/08/events/event"><System><Provider Name="Microsoft-Windows-Shell-Core" Guid="{30336ed4-e327-447c-9de0-51b652c86108}"></Provider>
<EventID Qualifiers="">62443</EventID>
<Version>0</Version>
<Level>4</Level>
<Task>62443</Task>
<Opcode>0</Opcode>
<Keywords>0x1000000000000000</Keywords>
<TimeCreated SystemTime="2020-10-22 20:52:27.333151"></TimeCreated>
<EventRecordID>188</EventRecordID>
<Correlation ActivityID="" RelatedActivityID=""></Correlation>
<Execution ProcessID="3804" ThreadID="3808"></Execution>
<Channel>Microsoft-Windows-Shell-Core/AppDefaults</Channel>
<Computer>WIN-PTFPHFCRDJ0</Computer>
<Security UserID="S-1-5-21-1152959844-3645458174-3779170896-1000"></Security>
</System>
<EventData><Data Name="Info">SetDefault: Association=.txt, ProgId=txtfile</Data>
</EventData>
</Event>

<Event xmlns="http://schemas.microsoft.com/win/2004/08/events/event"><System><Provider Name="Microsoft-Windows-Shell-Core" Guid="{30336ed4-e327-447c-9de0-51b652c86108}"></Provider>
<EventID Qualifiers="">62443</EventID>
<Version>0</Version>
<Level>4</Level>
<Task>62443</Task>
<Opcode>0</Opcode>
<Keywords>0x1000000000000000</Keywords>
<TimeCreated SystemTime="2020-10-22 20:52:27.333170"></TimeCreated>
<EventRecordID>189</EventRecordID>
<Correlation ActivityID="" RelatedActivityID=""></Correlation>
<Execution ProcessID="3804" ThreadID="3808"></Execution>
<Channel>Microsoft-Windows-Shell-Core/AppDefaults</Channel>
<Computer>WIN-PTFPHFCRDJ0</Computer>
<Security UserID="S-1-5-21-1152959844-3645458174-3779170896-1000"></Security>
</System>
<EventData><Data Name="Info">SetDefault-Info: Association=.txt, ProgId=txtfile, U=S-1-5-21-1152959844-3645458174-3779170896-1000, T=2020:10:04:22:20:52, H=OXC4pUtQ+n4=</Data>
</EventData>
</Event>

<Event xmlns="http://schemas.microsoft.com/win/2004/08/events/event"><System><Provider Name="Microsoft-Windows-Shell-Core" Guid="{30336ed4-e327-447c-9de0-51b652c86108}"></Provider>
<EventID Qualifiers="">62443</EventID>
<Version>0</Version>
<Level>4</Level>
<Task>62443</Task>
<Opcode>0</Opcode>
<Keywords>0x1000000000000000</Keywords>
<TimeCreated SystemTime="2020-10-22 20:52:27.333353"></TimeCreated>
<EventRecordID>190</EventRecordID>
<Correlation ActivityID="" RelatedActivityID=""></Correlation>
<Execution ProcessID="3804" ThreadID="3808"></Execution>
<Channel>Microsoft-Windows-Shell-Core/AppDefaults</Channel>
<Computer>WIN-PTFPHFCRDJ0</Computer>
<Security UserID="S-1-5-21-1152959844-3645458174-3779170896-1000"></Security>
</System>
<EventData><Data Name="Info">SetDefault: Association=.url, ProgId=IE.AssocFile.URL</Data>
</EventData>
</Event>

<Event xmlns="http://schemas.microsoft.com/win/2004/08/events/event"><System><Provider Name="Microsoft-Windows-Shell-Core" Guid="{30336ed4-e327-447c-9de0-51b652c86108}"></Provider>
<EventID Qualifiers="">62443</EventID>
<Version>0</Version>
<Level>4</Level>
<Task>62443</Task>
<Opcode>0</Opcode>
<Keywords>0x1000000000000000</Keywords>
<TimeCreated SystemTime="2020-10-22 20:52:27.333382"></TimeCreated>
<EventRecordID>191</EventRecordID>
<Correlation ActivityID="" RelatedActivityID=""></Correlation>
<Execution ProcessID="3804" ThreadID="3808"></Execution>
<Channel>Microsoft-Windows-Shell-Core/AppDefaults</Channel>
<Computer>WIN-PTFPHFCRDJ0</Computer>
<Security UserID="S-1-5-21-1152959844-3645458174-3779170896-1000"></Security>
</System>
<EventData><Data Name="Info">SetDefault-Info: Association=.url, ProgId=IE.AssocFile.URL, U=S-1-5-21-1152959844-3645458174-3779170896-1000, T=2020:10:04:22:20:52, H=ilnj+IOAqcw=</Data>
</EventData>
</Event>

<Event xmlns="http://schemas.microsoft.com/win/2004/08/events/event"><System><Provider Name="Microsoft-Windows-Shell-Core" Guid="{30336ed4-e327-447c-9de0-51b652c86108}"></Provider>
<EventID Qualifiers="">62443</EventID>
<Version>0</Version>
<Level>4</Level>
<Task>62443</Task>
<Opcode>0</Opcode>
<Keywords>0x1000000000000000</Keywords>
<TimeCreated SystemTime="2020-10-22 20:52:27.333584"></TimeCreated>
<EventRecordID>192</EventRecordID>
<Correlation ActivityID="" RelatedActivityID=""></Correlation>
<Execution ProcessID="3804" ThreadID="3808"></Execution>
<Channel>Microsoft-Windows-Shell-Core/AppDefaults</Channel>
<Computer>WIN-PTFPHFCRDJ0</Computer>
<Security UserID="S-1-5-21-1152959844-3645458174-3779170896-1000"></Security>
</System>
<EventData><Data Name="Info">SetDefault: Association=.wav, ProgId=WMP11.AssocFile.WAV</Data>
</EventData>
</Event>

<Event xmlns="http://schemas.microsoft.com/win/2004/08/events/event"><System><Provider Name="Microsoft-Windows-Shell-Core" Guid="{30336ed4-e327-447c-9de0-51b652c86108}"></Provider>
<EventID Qualifiers="">62443</EventID>
<Version>0</Version>
<Level>4</Level>
<Task>62443</Task>
<Opcode>0</Opcode>
<Keywords>0x1000000000000000</Keywords>
<TimeCreated SystemTime="2020-10-22 20:52:27.333601"></TimeCreated>
<EventRecordID>193</EventRecordID>
<Correlation ActivityID="" RelatedActivityID=""></Correlation>
<Execution ProcessID="3804" ThreadID="3808"></Execution>
<Channel>Microsoft-Windows-Shell-Core/AppDefaults</Channel>
<Computer>WIN-PTFPHFCRDJ0</Computer>
<Security UserID="S-1-5-21-1152959844-3645458174-3779170896-1000"></Security>
</System>
<EventData><Data Name="Info">SetDefault-Info: Association=.wav, ProgId=WMP11.AssocFile.WAV, U=S-1-5-21-1152959844-3645458174-3779170896-1000, T=2020:10:04:22:20:52, H=u0WmiVrgreM=</Data>
</EventData>
</Event>

<Event xmlns="http://schemas.microsoft.com/win/2004/08/events/event"><System><Provider Name="Microsoft-Windows-Shell-Core" Guid="{30336ed4-e327-447c-9de0-51b652c86108}"></Provider>
<EventID Qualifiers="">62443</EventID>
<Version>0</Version>
<Level>4</Level>
<Task>62443</Task>
<Opcode>0</Opcode>
<Keywords>0x1000000000000000</Keywords>
<TimeCreated SystemTime="2020-10-22 20:52:27.333784"></TimeCreated>
<EventRecordID>194</EventRecordID>
<Correlation ActivityID="" RelatedActivityID=""></Correlation>
<Execution ProcessID="3804" ThreadID="3808"></Execution>
<Channel>Microsoft-Windows-Shell-Core/AppDefaults</Channel>
<Computer>WIN-PTFPHFCRDJ0</Computer>
<Security UserID="S-1-5-21-1152959844-3645458174-3779170896-1000"></Security>
</System>
<EventData><Data Name="Info">SetDefault: Association=.website, ProgId=IE.AssocFile.WEBSITE</Data>
</EventData>
</Event>

<Event xmlns="http://schemas.microsoft.com/win/2004/08/events/event"><System><Provider Name="Microsoft-Windows-Shell-Core" Guid="{30336ed4-e327-447c-9de0-51b652c86108}"></Provider>
<EventID Qualifiers="">62443</EventID>
<Version>0</Version>
<Level>4</Level>
<Task>62443</Task>
<Opcode>0</Opcode>
<Keywords>0x1000000000000000</Keywords>
<TimeCreated SystemTime="2020-10-22 20:52:27.333803"></TimeCreated>
<EventRecordID>195</EventRecordID>
<Correlation ActivityID="" RelatedActivityID=""></Correlation>
<Execution ProcessID="3804" ThreadID="3808"></Execution>
<Channel>Microsoft-Windows-Shell-Core/AppDefaults</Channel>
<Computer>WIN-PTFPHFCRDJ0</Computer>
<Security UserID="S-1-5-21-1152959844-3645458174-3779170896-1000"></Security>
</System>
<EventData><Data Name="Info">SetDefault-Info: Association=.website, ProgId=IE.AssocFile.WEBSITE, U=S-1-5-21-1152959844-3645458174-3779170896-1000, T=2020:10:04:22:20:52, H=YroVPQ+1DBc=</Data>
</EventData>
</Event>

<Event xmlns="http://schemas.microsoft.com/win/2004/08/events/event"><System><Provider Name="Microsoft-Windows-Shell-Core" Guid="{30336ed4-e327-447c-9de0-51b652c86108}"></Provider>
<EventID Qualifiers="">62443</EventID>
<Version>0</Version>
<Level>4</Level>
<Task>62443</Task>
<Opcode>0</Opcode>
<Keywords>0x1000000000000000</Keywords>
<TimeCreated SystemTime="2020-10-22 20:52:27.333992"></TimeCreated>
<EventRecordID>196</EventRecordID>
<Correlation ActivityID="" RelatedActivityID=""></Correlation>
<Execution ProcessID="3804" ThreadID="3808"></Execution>
<Channel>Microsoft-Windows-Shell-Core/AppDefaults</Channel>
<Computer>WIN-PTFPHFCRDJ0</Computer>
<Security UserID="S-1-5-21-1152959844-3645458174-3779170896-1000"></Security>
</System>
<EventData><Data Name="Info">SetDefault: Association=.wm, ProgId=WMP11.AssocFile.ASF</Data>
</EventData>
</Event>

<Event xmlns="http://schemas.microsoft.com/win/2004/08/events/event"><System><Provider Name="Microsoft-Windows-Shell-Core" Guid="{30336ed4-e327-447c-9de0-51b652c86108}"></Provider>
<EventID Qualifiers="">62443</EventID>
<Version>0</Version>
<Level>4</Level>
<Task>62443</Task>
<Opcode>0</Opcode>
<Keywords>0x1000000000000000</Keywords>
<TimeCreated SystemTime="2020-10-22 20:52:27.334007"></TimeCreated>
<EventRecordID>197</EventRecordID>
<Correlation ActivityID="" RelatedActivityID=""></Correlation>
<Execution ProcessID="3804" ThreadID="3808"></Execution>
<Channel>Microsoft-Windows-Shell-Core/AppDefaults</Channel>
<Computer>WIN-PTFPHFCRDJ0</Computer>
<Security UserID="S-1-5-21-1152959844-3645458174-3779170896-1000"></Security>
</System>
<EventData><Data Name="Info">SetDefault-Info: Association=.wm, ProgId=WMP11.AssocFile.ASF, U=S-1-5-21-1152959844-3645458174-3779170896-1000, T=2020:10:04:22:20:52, H=Go6ETXu+C68=</Data>
</EventData>
</Event>

<Event xmlns="http://schemas.microsoft.com/win/2004/08/events/event"><System><Provider Name="Microsoft-Windows-Shell-Core" Guid="{30336ed4-e327-447c-9de0-51b652c86108}"></Provider>
<EventID Qualifiers="">62443</EventID>
<Version>0</Version>
<Level>4</Level>
<Task>62443</Task>
<Opcode>0</Opcode>
<Keywords>0x1000000000000000</Keywords>
<TimeCreated SystemTime="2020-10-22 20:52:27.334192"></TimeCreated>
<EventRecordID>198</EventRecordID>
<Correlation ActivityID="" RelatedActivityID=""></Correlation>
<Execution ProcessID="3804" ThreadID="3808"></Execution>
<Channel>Microsoft-Windows-Shell-Core/AppDefaults</Channel>
<Computer>WIN-PTFPHFCRDJ0</Computer>
<Security UserID="S-1-5-21-1152959844-3645458174-3779170896-1000"></Security>
</System>
<EventData><Data Name="Info">SetDefault: Association=.wma, ProgId=WMP11.AssocFile.WMA</Data>
</EventData>
</Event>

<Event xmlns="http://schemas.microsoft.com/win/2004/08/events/event"><System><Provider Name="Microsoft-Windows-Shell-Core" Guid="{30336ed4-e327-447c-9de0-51b652c86108}"></Provider>
<EventID Qualifiers="">62443</EventID>
<Version>0</Version>
<Level>4</Level>
<Task>62443</Task>
<Opcode>0</Opcode>
<Keywords>0x1000000000000000</Keywords>
<TimeCreated SystemTime="2020-10-22 20:52:27.334209"></TimeCreated>
<EventRecordID>199</EventRecordID>
<Correlation ActivityID="" RelatedActivityID=""></Correlation>
<Execution ProcessID="3804" ThreadID="3808"></Execution>
<Channel>Microsoft-Windows-Shell-Core/AppDefaults</Channel>
<Computer>WIN-PTFPHFCRDJ0</Computer>
<Security UserID="S-1-5-21-1152959844-3645458174-3779170896-1000"></Security>
</System>
<EventData><Data Name="Info">SetDefault-Info: Association=.wma, ProgId=WMP11.AssocFile.WMA, U=S-1-5-21-1152959844-3645458174-3779170896-1000, T=2020:10:04:22:20:52, H=DDeTo9gV794=</Data>
</EventData>
</Event>

<Event xmlns="http://schemas.microsoft.com/win/2004/08/events/event"><System><Provider Name="Microsoft-Windows-Shell-Core" Guid="{30336ed4-e327-447c-9de0-51b652c86108}"></Provider>
<EventID Qualifiers="">62443</EventID>
<Version>0</Version>
<Level>4</Level>
<Task>62443</Task>
<Opcode>0</Opcode>
<Keywords>0x1000000000000000</Keywords>
<TimeCreated SystemTime="2020-10-22 20:52:27.334459"></TimeCreated>
<EventRecordID>200</EventRecordID>
<Correlation ActivityID="" RelatedActivityID=""></Correlation>
<Execution ProcessID="3804" ThreadID="3808"></Execution>
<Channel>Microsoft-Windows-Shell-Core/AppDefaults</Channel>
<Computer>WIN-PTFPHFCRDJ0</Computer>
<Security UserID="S-1-5-21-1152959844-3645458174-3779170896-1000"></Security>
</System>
<EventData><Data Name="Info">SetDefault: Association=.wmv, ProgId=WMP11.AssocFile.WMV</Data>
</EventData>
</Event>

<Event xmlns="http://schemas.microsoft.com/win/2004/08/events/event"><System><Provider Name="Microsoft-Windows-Shell-Core" Guid="{30336ed4-e327-447c-9de0-51b652c86108}"></Provider>
<EventID Qualifiers="">62443</EventID>
<Version>0</Version>
<Level>4</Level>
<Task>62443</Task>
<Opcode>0</Opcode>
<Keywords>0x1000000000000000</Keywords>
<TimeCreated SystemTime="2020-10-22 20:52:27.334480"></TimeCreated>
<EventRecordID>201</EventRecordID>
<Correlation ActivityID="" RelatedActivityID=""></Correlation>
<Execution ProcessID="3804" ThreadID="3808"></Execution>
<Channel>Microsoft-Windows-Shell-Core/AppDefaults</Channel>
<Computer>WIN-PTFPHFCRDJ0</Computer>
<Security UserID="S-1-5-21-1152959844-3645458174-3779170896-1000"></Security>
</System>
<EventData><Data Name="Info">SetDefault-Info: Association=.wmv, ProgId=WMP11.AssocFile.WMV, U=S-1-5-21-1152959844-3645458174-3779170896-1000, T=2020:10:04:22:20:52, H=9SISDi2NSH4=</Data>
</EventData>
</Event>

<Event xmlns="http://schemas.microsoft.com/win/2004/08/events/event"><System><Provider Name="Microsoft-Windows-Shell-Core" Guid="{30336ed4-e327-447c-9de0-51b652c86108}"></Provider>
<EventID Qualifiers="">62443</EventID>
<Version>0</Version>
<Level>4</Level>
<Task>62443</Task>
<Opcode>0</Opcode>
<Keywords>0x1000000000000000</Keywords>
<TimeCreated SystemTime="2020-10-22 20:52:27.334667"></TimeCreated>
<EventRecordID>202</EventRecordID>
<Correlation ActivityID="" RelatedActivityID=""></Correlation>
<Execution ProcessID="3804" ThreadID="3808"></Execution>
<Channel>Microsoft-Windows-Shell-Core/AppDefaults</Channel>
<Computer>WIN-PTFPHFCRDJ0</Computer>
<Security UserID="S-1-5-21-1152959844-3645458174-3779170896-1000"></Security>
</System>
<EventData><Data Name="Info">SetDefault: Association=.WPL, ProgId=WMP11.AssocFile.WPL</Data>
</EventData>
</Event>

<Event xmlns="http://schemas.microsoft.com/win/2004/08/events/event"><System><Provider Name="Microsoft-Windows-Shell-Core" Guid="{30336ed4-e327-447c-9de0-51b652c86108}"></Provider>
<EventID Qualifiers="">62443</EventID>
<Version>0</Version>
<Level>4</Level>
<Task>62443</Task>
<Opcode>0</Opcode>
<Keywords>0x1000000000000000</Keywords>
<TimeCreated SystemTime="2020-10-22 20:52:27.334682"></TimeCreated>
<EventRecordID>203</EventRecordID>
<Correlation ActivityID="" RelatedActivityID=""></Correlation>
<Execution ProcessID="3804" ThreadID="3808"></Execution>
<Channel>Microsoft-Windows-Shell-Core/AppDefaults</Channel>
<Computer>WIN-PTFPHFCRDJ0</Computer>
<Security UserID="S-1-5-21-1152959844-3645458174-3779170896-1000"></Security>
</System>
<EventData><Data Name="Info">SetDefault-Info: Association=.WPL, ProgId=WMP11.AssocFile.WPL, U=S-1-5-21-1152959844-3645458174-3779170896-1000, T=2020:10:04:22:20:52, H=ogpTt7u5M0g=</Data>
</EventData>
</Event>

<Event xmlns="http://schemas.microsoft.com/win/2004/08/events/event"><System><Provider Name="Microsoft-Windows-Shell-Core" Guid="{30336ed4-e327-447c-9de0-51b652c86108}"></Provider>
<EventID Qualifiers="">62443</EventID>
<Version>0</Version>
<Level>4</Level>
<Task>62443</Task>
<Opcode>0</Opcode>
<Keywords>0x1000000000000000</Keywords>
<TimeCreated SystemTime="2020-10-22 20:52:27.334917"></TimeCreated>
<EventRecordID>204</EventRecordID>
<Correlation ActivityID="" RelatedActivityID=""></Correlation>
<Execution ProcessID="3804" ThreadID="3808"></Execution>
<Channel>Microsoft-Windows-Shell-Core/AppDefaults</Channel>
<Computer>WIN-PTFPHFCRDJ0</Computer>
<Security UserID="S-1-5-21-1152959844-3645458174-3779170896-1000"></Security>
</System>
<EventData><Data Name="Info">SetDefault: Association=http, ProgId=IE.HTTP</Data>
</EventData>
</Event>

<Event xmlns="http://schemas.microsoft.com/win/2004/08/events/event"><System><Provider Name="Microsoft-Windows-Shell-Core" Guid="{30336ed4-e327-447c-9de0-51b652c86108}"></Provider>
<EventID Qualifiers="">62443</EventID>
<Version>0</Version>
<Level>4</Level>
<Task>62443</Task>
<Opcode>0</Opcode>
<Keywords>0x1000000000000000</Keywords>
<TimeCreated SystemTime="2020-10-22 20:52:27.334934"></TimeCreated>
<EventRecordID>205</EventRecordID>
<Correlation ActivityID="" RelatedActivityID=""></Correlation>
<Execution ProcessID="3804" ThreadID="3808"></Execution>
<Channel>Microsoft-Windows-Shell-Core/AppDefaults</Channel>
<Computer>WIN-PTFPHFCRDJ0</Computer>
<Security UserID="S-1-5-21-1152959844-3645458174-3779170896-1000"></Security>
</System>
<EventData><Data Name="Info">SetDefault-Info: Association=http, ProgId=IE.HTTP, U=S-1-5-21-1152959844-3645458174-3779170896-1000, T=2020:10:04:22:20:52, H=tyiTpMX/35E=</Data>
</EventData>
</Event>

<Event xmlns="http://schemas.microsoft.com/win/2004/08/events/event"><System><Provider Name="Microsoft-Windows-Shell-Core" Guid="{30336ed4-e327-447c-9de0-51b652c86108}"></Provider>
<EventID Qualifiers="">62443</EventID>
<Version>0</Version>
<Level>4</Level>
<Task>62443</Task>
<Opcode>0</Opcode>
<Keywords>0x1000000000000000</Keywords>
<TimeCreated SystemTime="2020-10-22 20:52:27.334997"></TimeCreated>
<EventRecordID>206</EventRecordID>
<Correlation ActivityID="" RelatedActivityID=""></Correlation>
<Execution ProcessID="3804" ThreadID="3808"></Execution>
<Channel>Microsoft-Windows-Shell-Core/AppDefaults</Channel>
<Computer>WIN-PTFPHFCRDJ0</Computer>
<Security UserID="S-1-5-21-1152959844-3645458174-3779170896-1000"></Security>
</System>
<EventData><Data Name="Info">SetDefault: Association=https, ProgId=IE.HTTPS</Data>
</EventData>
</Event>

<Event xmlns="http://schemas.microsoft.com/win/2004/08/events/event"><System><Provider Name="Microsoft-Windows-Shell-Core" Guid="{30336ed4-e327-447c-9de0-51b652c86108}"></Provider>
<EventID Qualifiers="">62443</EventID>
<Version>0</Version>
<Level>4</Level>
<Task>62443</Task>
<Opcode>0</Opcode>
<Keywords>0x1000000000000000</Keywords>
<TimeCreated SystemTime="2020-10-22 20:52:27.335014"></TimeCreated>
<EventRecordID>207</EventRecordID>
<Correlation ActivityID="" RelatedActivityID=""></Correlation>
<Execution ProcessID="3804" ThreadID="3808"></Execution>
<Channel>Microsoft-Windows-Shell-Core/AppDefaults</Channel>
<Computer>WIN-PTFPHFCRDJ0</Computer>
<Security UserID="S-1-5-21-1152959844-3645458174-3779170896-1000"></Security>
</System>
<EventData><Data Name="Info">SetDefault-Info: Association=https, ProgId=IE.HTTPS, U=S-1-5-21-1152959844-3645458174-3779170896-1000, T=2020:10:04:22:20:52, H=icrQvpdqnv4=</Data>
</EventData>
</Event>

<Event xmlns="http://schemas.microsoft.com/win/2004/08/events/event"><System><Provider Name="Microsoft-Windows-Shell-Core" Guid="{30336ed4-e327-447c-9de0-51b652c86108}"></Provider>
<EventID Qualifiers="">62443</EventID>
<Version>0</Version>
<Level>4</Level>
<Task>62443</Task>
<Opcode>0</Opcode>
<Keywords>0x1000000000000000</Keywords>
<TimeCreated SystemTime="2020-10-22 20:52:27.337748"></TimeCreated>
<EventRecordID>208</EventRecordID>
<Correlation ActivityID="" RelatedActivityID=""></Correlation>
<Execution ProcessID="3804" ThreadID="3892"></Execution>
<Channel>Microsoft-Windows-Shell-Core/AppDefaults</Channel>
<Computer>WIN-PTFPHFCRDJ0</Computer>
<Security UserID="S-1-5-21-1152959844-3645458174-3779170896-1000"></Security>
</System>
<EventData><Data Name="Info">AppDefaults-Logon-UserProfileCreated</Data>
</EventData>
</Event>

<Event xmlns="http://schemas.microsoft.com/win/2004/08/events/event"><System><Provider Name="Microsoft-Windows-Shell-Core" Guid="{30336ed4-e327-447c-9de0-51b652c86108}"></Provider>
<EventID Qualifiers="">62443</EventID>
<Version>0</Version>
<Level>4</Level>
<Task>62443</Task>
<Opcode>0</Opcode>
<Keywords>0x1000000000000000</Keywords>
<TimeCreated SystemTime="2020-10-22 20:52:27.505426"></TimeCreated>
<EventRecordID>209</EventRecordID>
<Correlation ActivityID="" RelatedActivityID=""></Correlation>
<Execution ProcessID="3804" ThreadID="3892"></Execution>
<Channel>Microsoft-Windows-Shell-Core/AppDefaults</Channel>
<Computer>WIN-PTFPHFCRDJ0</Computer>
<Security UserID="S-1-5-21-1152959844-3645458174-3779170896-1000"></Security>
</System>
<EventData><Data Name="Info">SetDefault: Association=.3g2, ProgId=WMP11.AssocFile.3G2</Data>
</EventData>
</Event>

<Event xmlns="http://schemas.microsoft.com/win/2004/08/events/event"><System><Provider Name="Microsoft-Windows-Shell-Core" Guid="{30336ed4-e327-447c-9de0-51b652c86108}"></Provider>
<EventID Qualifiers="">62443</EventID>
<Version>0</Version>
<Level>4</Level>
<Task>62443</Task>
<Opcode>0</Opcode>
<Keywords>0x1000000000000000</Keywords>
<TimeCreated SystemTime="2020-10-22 20:52:27.505459"></TimeCreated>
<EventRecordID>210</EventRecordID>
<Correlation ActivityID="" RelatedActivityID=""></Correlation>
<Execution ProcessID="3804" ThreadID="3892"></Execution>
<Channel>Microsoft-Windows-Shell-Core/AppDefaults</Channel>
<Computer>WIN-PTFPHFCRDJ0</Computer>
<Security UserID="S-1-5-21-1152959844-3645458174-3779170896-1000"></Security>
</System>
<EventData><Data Name="Info">SetDefault-Info: Association=.3g2, ProgId=WMP11.AssocFile.3G2, U=S-1-5-21-1152959844-3645458174-3779170896-1000, T=2020:10:04:22:20:52, H=5f+1YJkTpbk=</Data>
</EventData>
</Event>

<Event xmlns="http://schemas.microsoft.com/win/2004/08/events/event"><System><Provider Name="Microsoft-Windows-Shell-Core" Guid="{30336ed4-e327-447c-9de0-51b652c86108}"></Provider>
<EventID Qualifiers="">62443</EventID>
<Version>0</Version>
<Level>4</Level>
<Task>62443</Task>
<Opcode>0</Opcode>
<Keywords>0x1000000000000000</Keywords>
<TimeCreated SystemTime="2020-10-22 20:52:27.509121"></TimeCreated>
<EventRecordID>211</EventRecordID>
<Correlation ActivityID="" RelatedActivityID=""></Correlation>
<Execution ProcessID="3804" ThreadID="3892"></Execution>
<Channel>Microsoft-Windows-Shell-Core/AppDefaults</Channel>
<Computer>WIN-PTFPHFCRDJ0</Computer>
<Security UserID="S-1-5-21-1152959844-3645458174-3779170896-1000"></Security>
</System>
<EventData><Data Name="Info">SetDefault: Association=.3gp, ProgId=WMP11.AssocFile.3GP</Data>
</EventData>
</Event>

<Event xmlns="http://schemas.microsoft.com/win/2004/08/events/event"><System><Provider Name="Microsoft-Windows-Shell-Core" Guid="{30336ed4-e327-447c-9de0-51b652c86108}"></Provider>
<EventID Qualifiers="">62443</EventID>
<Version>0</Version>
<Level>4</Level>
<Task>62443</Task>
<Opcode>0</Opcode>
<Keywords>0x1000000000000000</Keywords>
<TimeCreated SystemTime="2020-10-22 20:52:27.509146"></TimeCreated>
<EventRecordID>212</EventRecordID>
<Correlation ActivityID="" RelatedActivityID=""></Correlation>
<Execution ProcessID="3804" ThreadID="3892"></Execution>
<Channel>Microsoft-Windows-Shell-Core/AppDefaults</Channel>
<Computer>WIN-PTFPHFCRDJ0</Computer>
<Security UserID="S-1-5-21-1152959844-3645458174-3779170896-1000"></Security>
</System>
<EventData><Data Name="Info">SetDefault-Info: Association=.3gp, ProgId=WMP11.AssocFile.3GP, U=S-1-5-21-1152959844-3645458174-3779170896-1000, T=2020:10:04:22:20:52, H=qb6tkhTI8Ag=</Data>
</EventData>
</Event>

<Event xmlns="http://schemas.microsoft.com/win/2004/08/events/event"><System><Provider Name="Microsoft-Windows-Shell-Core" Guid="{30336ed4-e327-447c-9de0-51b652c86108}"></Provider>
<EventID Qualifiers="">62443</EventID>
<Version>0</Version>
<Level>4</Level>
<Task>62443</Task>
<Opcode>0</Opcode>
<Keywords>0x1000000000000000</Keywords>
<TimeCreated SystemTime="2020-10-22 20:52:27.512751"></TimeCreated>
<EventRecordID>213</EventRecordID>
<Correlation ActivityID="" RelatedActivityID=""></Correlation>
<Execution ProcessID="3804" ThreadID="3892"></Execution>
<Channel>Microsoft-Windows-Shell-Core/AppDefaults</Channel>
<Computer>WIN-PTFPHFCRDJ0</Computer>
<Security UserID="S-1-5-21-1152959844-3645458174-3779170896-1000"></Security>
</System>
<EventData><Data Name="Info">SetDefault: Association=.3gp2, ProgId=WMP11.AssocFile.3G2</Data>
</EventData>
</Event>

<Event xmlns="http://schemas.microsoft.com/win/2004/08/events/event"><System><Provider Name="Microsoft-Windows-Shell-Core" Guid="{30336ed4-e327-447c-9de0-51b652c86108}"></Provider>
<EventID Qualifiers="">62443</EventID>
<Version>0</Version>
<Level>4</Level>
<Task>62443</Task>
<Opcode>0</Opcode>
<Keywords>0x1000000000000000</Keywords>
<TimeCreated SystemTime="2020-10-22 20:52:27.512775"></TimeCreated>
<EventRecordID>214</EventRecordID>
<Correlation ActivityID="" RelatedActivityID=""></Correlation>
<Execution ProcessID="3804" ThreadID="3892"></Execution>
<Channel>Microsoft-Windows-Shell-Core/AppDefaults</Channel>
<Computer>WIN-PTFPHFCRDJ0</Computer>
<Security UserID="S-1-5-21-1152959844-3645458174-3779170896-1000"></Security>
</System>
<EventData><Data Name="Info">SetDefault-Info: Association=.3gp2, ProgId=WMP11.AssocFile.3G2, U=S-1-5-21-1152959844-3645458174-3779170896-1000, T=2020:10:04:22:20:52, H=Xr/wwZOUenA=</Data>
</EventData>
</Event>

<Event xmlns="http://schemas.microsoft.com/win/2004/08/events/event"><System><Provider Name="Microsoft-Windows-Shell-Core" Guid="{30336ed4-e327-447c-9de0-51b652c86108}"></Provider>
<EventID Qualifiers="">62443</EventID>
<Version>0</Version>
<Level>4</Level>
<Task>62443</Task>
<Opcode>0</Opcode>
<Keywords>0x1000000000000000</Keywords>
<TimeCreated SystemTime="2020-10-22 20:52:27.516287"></TimeCreated>
<EventRecordID>215</EventRecordID>
<Correlation ActivityID="" RelatedActivityID=""></Correlation>
<Execution ProcessID="3804" ThreadID="3892"></Execution>
<Channel>Microsoft-Windows-Shell-Core/AppDefaults</Channel>
<Computer>WIN-PTFPHFCRDJ0</Computer>
<Security UserID="S-1-5-21-1152959844-3645458174-3779170896-1000"></Security>
</System>
<EventData><Data Name="Info">SetDefault: Association=.3gpp, ProgId=WMP11.AssocFile.3GP</Data>
</EventData>
</Event>

<Event xmlns="http://schemas.microsoft.com/win/2004/08/events/event"><System><Provider Name="Microsoft-Windows-Shell-Core" Guid="{30336ed4-e327-447c-9de0-51b652c86108}"></Provider>
<EventID Qualifiers="">62443</EventID>
<Version>0</Version>
<Level>4</Level>
<Task>62443</Task>
<Opcode>0</Opcode>
<Keywords>0x1000000000000000</Keywords>
<TimeCreated SystemTime="2020-10-22 20:52:27.516310"></TimeCreated>
<EventRecordID>216</EventRecordID>
<Correlation ActivityID="" RelatedActivityID=""></Correlation>
<Execution ProcessID="3804" ThreadID="3892"></Execution>
<Channel>Microsoft-Windows-Shell-Core/AppDefaults</Channel>
<Computer>WIN-PTFPHFCRDJ0</Computer>
<Security UserID="S-1-5-21-1152959844-3645458174-3779170896-1000"></Security>
</System>
<EventData><Data Name="Info">SetDefault-Info: Association=.3gpp, ProgId=WMP11.AssocFile.3GP, U=S-1-5-21-1152959844-3645458174-3779170896-1000, T=2020:10:04:22:20:52, H=uyYczorYiwE=</Data>
</EventData>
</Event>

<Event xmlns="http://schemas.microsoft.com/win/2004/08/events/event"><System><Provider Name="Microsoft-Windows-Shell-Core" Guid="{30336ed4-e327-447c-9de0-51b652c86108}"></Provider>
<EventID Qualifiers="">62443</EventID>
<Version>0</Version>
<Level>4</Level>
<Task>62443</Task>
<Opcode>0</Opcode>
<Keywords>0x1000000000000000</Keywords>
<TimeCreated SystemTime="2020-10-22 20:52:27.519911"></TimeCreated>
<EventRecordID>217</EventRecordID>
<Correlation ActivityID="" RelatedActivityID=""></Correlation>
<Execution ProcessID="3804" ThreadID="3892"></Execution>
<Channel>Microsoft-Windows-Shell-Core/AppDefaults</Channel>
<Computer>WIN-PTFPHFCRDJ0</Computer>
<Security UserID="S-1-5-21-1152959844-3645458174-3779170896-1000"></Security>
</System>
<EventData><Data Name="Info">SetDefault: Association=.aac, ProgId=WMP11.AssocFile.ADTS</Data>
</EventData>
</Event>

<Event xmlns="http://schemas.microsoft.com/win/2004/08/events/event"><System><Provider Name="Microsoft-Windows-Shell-Core" Guid="{30336ed4-e327-447c-9de0-51b652c86108}"></Provider>
<EventID Qualifiers="">62443</EventID>
<Version>0</Version>
<Level>4</Level>
<Task>62443</Task>
<Opcode>0</Opcode>
<Keywords>0x1000000000000000</Keywords>
<TimeCreated SystemTime="2020-10-22 20:52:27.519934"></TimeCreated>
<EventRecordID>218</EventRecordID>
<Correlation ActivityID="" RelatedActivityID=""></Correlation>
<Execution ProcessID="3804" ThreadID="3892"></Execution>
<Channel>Microsoft-Windows-Shell-Core/AppDefaults</Channel>
<Computer>WIN-PTFPHFCRDJ0</Computer>
<Security UserID="S-1-5-21-1152959844-3645458174-3779170896-1000"></Security>
</System>
<EventData><Data Name="Info">SetDefault-Info: Association=.aac, ProgId=WMP11.AssocFile.ADTS, U=S-1-5-21-1152959844-3645458174-3779170896-1000, T=2020:10:04:22:20:52, H=we+Fc3h3hTw=</Data>
</EventData>
</Event>

<Event xmlns="http://schemas.microsoft.com/win/2004/08/events/event"><System><Provider Name="Microsoft-Windows-Shell-Core" Guid="{30336ed4-e327-447c-9de0-51b652c86108}"></Provider>
<EventID Qualifiers="">62443</EventID>
<Version>0</Version>
<Level>4</Level>
<Task>62443</Task>
<Opcode>0</Opcode>
<Keywords>0x1000000000000000</Keywords>
<TimeCreated SystemTime="2020-10-22 20:52:27.523808"></TimeCreated>
<EventRecordID>219</EventRecordID>
<Correlation ActivityID="" RelatedActivityID=""></Correlation>
<Execution ProcessID="3804" ThreadID="3892"></Execution>
<Channel>Microsoft-Windows-Shell-Core/AppDefaults</Channel>
<Computer>WIN-PTFPHFCRDJ0</Computer>
<Security UserID="S-1-5-21-1152959844-3645458174-3779170896-1000"></Security>
</System>
<EventData><Data Name="Info">SetDefault: Association=.adt, ProgId=WMP11.AssocFile.ADTS</Data>
</EventData>
</Event>

<Event xmlns="http://schemas.microsoft.com/win/2004/08/events/event"><System><Provider Name="Microsoft-Windows-Shell-Core" Guid="{30336ed4-e327-447c-9de0-51b652c86108}"></Provider>
<EventID Qualifiers="">62443</EventID>
<Version>0</Version>
<Level>4</Level>
<Task>62443</Task>
<Opcode>0</Opcode>
<Keywords>0x1000000000000000</Keywords>
<TimeCreated SystemTime="2020-10-22 20:52:27.523832"></TimeCreated>
<EventRecordID>220</EventRecordID>
<Correlation ActivityID="" RelatedActivityID=""></Correlation>
<Execution ProcessID="3804" ThreadID="3892"></Execution>
<Channel>Microsoft-Windows-Shell-Core/AppDefaults</Channel>
<Computer>WIN-PTFPHFCRDJ0</Computer>
<Security UserID="S-1-5-21-1152959844-3645458174-3779170896-1000"></Security>
</System>
<EventData><Data Name="Info">SetDefault-Info: Association=.adt, ProgId=WMP11.AssocFile.ADTS, U=S-1-5-21-1152959844-3645458174-3779170896-1000, T=2020:10:04:22:20:52, H=a225DfWUM/g=</Data>
</EventData>
</Event>

