<?xml version="1.1" encoding="utf-8" standalone="yes" ?>

<Events>
<Event xmlns="http://schemas.microsoft.com/win/2004/08/events/event"><System><Provider Name="Microsoft-Windows-ServerManager-MultiMachine" Guid="{d8d37081-10bd-4a89-a971-1cda6899bdb3}"></Provider>
<EventID Qualifiers="">94</EventID>
<Version>0</Version>
<Level>4</Level>
<Task>6</Task>
<Opcode>1</Opcode>
<Keywords>0x2001000000000000</Keywords>
<TimeCreated SystemTime="2020-10-22 20:53:40.883682"></TimeCreated>
<EventRecordID>1</EventRecordID>
<Correlation ActivityID="" RelatedActivityID=""></Correlation>
<Execution ProcessID="4972" ThreadID="4976"></Execution>
<Channel>Microsoft-Windows-ServerManager-MultiMachine/Operational</Channel>
<Computer>WIN-PTFPHFCRDJ0</Computer>
<Security UserID="S-1-5-21-1152959844-3645458174-3779170896-1000"></Security>
</System>
<EventData></EventData>
</Event>

<Event xmlns="http://schemas.microsoft.com/win/2004/08/events/event"><System><Provider Name="Microsoft-Windows-ServerManager-MultiMachine" Guid="{d8d37081-10bd-4a89-a971-1cda6899bdb3}"></Provider>
<EventID Qualifiers="">47</EventID>
<Version>0</Version>
<Level>4</Level>
<Task>5</Task>
<Opcode>1</Opcode>
<Keywords>0x2000000000000000</Keywords>
<TimeCreated SystemTime="2020-10-22 20:53:51.322819"></TimeCreated>
<EventRecordID>2</EventRecordID>
<Correlation ActivityID="" RelatedActivityID=""></Correlation>
<Execution ProcessID="4972" ThreadID="4976"></Execution>
<Channel>Microsoft-Windows-ServerManager-MultiMachine/Operational</Channel>
<Computer>WIN-PTFPHFCRDJ0</Computer>
<Security UserID="S-1-5-21-1152959844-3645458174-3779170896-1000"></Security>
</System>
<EventData></EventData>
</Event>

<Event xmlns="http://schemas.microsoft.com/win/2004/08/events/event"><System><Provider Name="Microsoft-Windows-ServerManager-MultiMachine" Guid="{d8d37081-10bd-4a89-a971-1cda6899bdb3}"></Provider>
<EventID Qualifiers="">48</EventID>
<Version>0</Version>
<Level>4</Level>
<Task>5</Task>
<Opcode>2</Opcode>
<Keywords>0x2000000000000000</Keywords>
<TimeCreated SystemTime="2020-10-22 20:53:51.810024"></TimeCreated>
<EventRecordID>3</EventRecordID>
<Correlation ActivityID="" RelatedActivityID=""></Correlation>
<Execution ProcessID="4972" ThreadID="4976"></Execution>
<Channel>Microsoft-Windows-ServerManager-MultiMachine/Operational</Channel>
<Computer>WIN-PTFPHFCRDJ0</Computer>
<Security UserID="S-1-5-21-1152959844-3645458174-3779170896-1000"></Security>
</System>
<EventData></EventData>
</Event>

<Event xmlns="http://schemas.microsoft.com/win/2004/08/events/event"><System><Provider Name="Microsoft-Windows-ServerManager-MultiMachine" Guid="{d8d37081-10bd-4a89-a971-1cda6899bdb3}"></Provider>
<EventID Qualifiers="">49</EventID>
<Version>0</Version>
<Level>4</Level>
<Task>5</Task>
<Opcode>1</Opcode>
<Keywords>0x2000000000000000</Keywords>
<TimeCreated SystemTime="2020-10-22 20:53:54.421343"></TimeCreated>
<EventRecordID>4</EventRecordID>
<Correlation ActivityID="" RelatedActivityID=""></Correlation>
<Execution ProcessID="4972" ThreadID="4976"></Execution>
<Channel>Microsoft-Windows-ServerManager-MultiMachine/Operational</Channel>
<Computer>WIN-PTFPHFCRDJ0</Computer>
<Security UserID="S-1-5-21-1152959844-3645458174-3779170896-1000"></Security>
</System>
<EventData></EventData>
</Event>

<Event xmlns="http://schemas.microsoft.com/win/2004/08/events/event"><System><Provider Name="Microsoft-Windows-ServerManager-MultiMachine" Guid="{d8d37081-10bd-4a89-a971-1cda6899bdb3}"></Provider>
<EventID Qualifiers="">37</EventID>
<Version>0</Version>
<Level>4</Level>
<Task>3</Task>
<Opcode>0</Opcode>
<Keywords>0x2000000000000000</Keywords>
<TimeCreated SystemTime="2020-10-22 20:53:56.980013"></TimeCreated>
<EventRecordID>5</EventRecordID>
<Correlation ActivityID="" RelatedActivityID=""></Correlation>
<Execution ProcessID="4972" ThreadID="4976"></Execution>
<Channel>Microsoft-Windows-ServerManager-MultiMachine/Operational</Channel>
<Computer>WIN-PTFPHFCRDJ0</Computer>
<Security UserID="S-1-5-21-1152959844-3645458174-3779170896-1000"></Security>
</System>
<EventData></EventData>
</Event>

<Event xmlns="http://schemas.microsoft.com/win/2004/08/events/event"><System><Provider Name="Microsoft-Windows-ServerManager-MultiMachine" Guid="{d8d37081-10bd-4a89-a971-1cda6899bdb3}"></Provider>
<EventID Qualifiers="">95</EventID>
<Version>0</Version>
<Level>4</Level>
<Task>6</Task>
<Opcode>2</Opcode>
<Keywords>0x2000000000000000</Keywords>
<TimeCreated SystemTime="2020-10-22 20:54:13.140741"></TimeCreated>
<EventRecordID>6</EventRecordID>
<Correlation ActivityID="" RelatedActivityID=""></Correlation>
<Execution ProcessID="4972" ThreadID="4976"></Execution>
<Channel>Microsoft-Windows-ServerManager-MultiMachine/Operational</Channel>
<Computer>WIN-PTFPHFCRDJ0</Computer>
<Security UserID="S-1-5-21-1152959844-3645458174-3779170896-1000"></Security>
</System>
<EventData></EventData>
</Event>

<Event xmlns="http://schemas.microsoft.com/win/2004/08/events/event"><System><Provider Name="Microsoft-Windows-ServerManager-MultiMachine" Guid="{d8d37081-10bd-4a89-a971-1cda6899bdb3}"></Provider>
<EventID Qualifiers="">53</EventID>
<Version>0</Version>
<Level>4</Level>
<Task>6</Task>
<Opcode>0</Opcode>
<Keywords>0x2001000000000000</Keywords>
<TimeCreated SystemTime="2020-10-22 20:54:15.736269"></TimeCreated>
<EventRecordID>7</EventRecordID>
<Correlation ActivityID="" RelatedActivityID=""></Correlation>
<Execution ProcessID="4972" ThreadID="4976"></Execution>
<Channel>Microsoft-Windows-ServerManager-MultiMachine/Operational</Channel>
<Computer>WIN-PTFPHFCRDJ0</Computer>
<Security UserID="S-1-5-21-1152959844-3645458174-3779170896-1000"></Security>
</System>
<EventData></EventData>
</Event>

<Event xmlns="http://schemas.microsoft.com/win/2004/08/events/event"><System><Provider Name="Microsoft-Windows-ServerManager-MultiMachine" Guid="{d8d37081-10bd-4a89-a971-1cda6899bdb3}"></Provider>
<EventID Qualifiers="">171</EventID>
<Version>0</Version>
<Level>4</Level>
<Task>10</Task>
<Opcode>0</Opcode>
<Keywords>0x2000000000000000</Keywords>
<TimeCreated SystemTime="2020-10-22 20:54:22.289967"></TimeCreated>
<EventRecordID>8</EventRecordID>
<Correlation ActivityID="" RelatedActivityID=""></Correlation>
<Execution ProcessID="4972" ThreadID="3644"></Execution>
<Channel>Microsoft-Windows-ServerManager-MultiMachine/Operational</Channel>
<Computer>WIN-PTFPHFCRDJ0</Computer>
<Security UserID="S-1-5-21-1152959844-3645458174-3779170896-1000"></Security>
</System>
<EventData><Data Name="RefreshTriggerSource">Startup (None, None)</Data>
<Data Name="Category">Inventory</Data>
<Data Name="Machines">WIN-PTFPHFCRDJ0</Data>
<Data Name="ID">{f6bd2524-52d5-4d9b-8afc-b1fe322299cc}</Data>
</EventData>
</Event>

<Event xmlns="http://schemas.microsoft.com/win/2004/08/events/event"><System><Provider Name="Microsoft-Windows-ServerManager-MultiMachine" Guid="{d8d37081-10bd-4a89-a971-1cda6899bdb3}"></Provider>
<EventID Qualifiers="">214</EventID>
<Version>0</Version>
<Level>4</Level>
<Task>17</Task>
<Opcode>0</Opcode>
<Keywords>0x2000000000000000</Keywords>
<TimeCreated SystemTime="2020-10-22 20:54:23.411406"></TimeCreated>
<EventRecordID>9</EventRecordID>
<Correlation ActivityID="" RelatedActivityID=""></Correlation>
<Execution ProcessID="4972" ThreadID="3644"></Execution>
<Channel>Microsoft-Windows-ServerManager-MultiMachine/Operational</Channel>
<Computer>WIN-PTFPHFCRDJ0</Computer>
<Security UserID="S-1-5-21-1152959844-3645458174-3779170896-1000"></Security>
</System>
<EventData><Data Name="serverName">localhost</Data>
<Data Name="namespaceName">root\microsoft\windows\servermanager</Data>
<Data Name="wmiClassName">MSFT_ServerManagerTasks</Data>
<Data Name="methodName">GetServerInventory</Data>
<Data Name="protocol">DCOM</Data>
</EventData>
</Event>

<Event xmlns="http://schemas.microsoft.com/win/2004/08/events/event"><System><Provider Name="Microsoft-Windows-ServerManager-MultiMachine" Guid="{d8d37081-10bd-4a89-a971-1cda6899bdb3}"></Provider>
<EventID Qualifiers="">209</EventID>
<Version>0</Version>
<Level>4</Level>
<Task>17</Task>
<Opcode>0</Opcode>
<Keywords>0x2000000000000000</Keywords>
<TimeCreated SystemTime="2020-10-22 20:54:23.511744"></TimeCreated>
<EventRecordID>10</EventRecordID>
<Correlation ActivityID="" RelatedActivityID=""></Correlation>
<Execution ProcessID="4972" ThreadID="3644"></Execution>
<Channel>Microsoft-Windows-ServerManager-MultiMachine/Operational</Channel>
<Computer>WIN-PTFPHFCRDJ0</Computer>
<Security UserID="S-1-5-21-1152959844-3645458174-3779170896-1000"></Security>
</System>
<EventData><Data Name="serverName">localhost</Data>
<Data Name="protocol">DCOM</Data>
<Data Name="userName">null</Data>
</EventData>
</Event>

<Event xmlns="http://schemas.microsoft.com/win/2004/08/events/event"><System><Provider Name="Microsoft-Windows-ServerManager-MultiMachine" Guid="{d8d37081-10bd-4a89-a971-1cda6899bdb3}"></Provider>
<EventID Qualifiers="">0</EventID>
<Version>0</Version>
<Level>4</Level>
<Task>10</Task>
<Opcode>0</Opcode>
<Keywords>0x2000000000000000</Keywords>
<TimeCreated SystemTime="2020-10-22 20:54:24.962757"></TimeCreated>
<EventRecordID>11</EventRecordID>
<Correlation ActivityID="" RelatedActivityID=""></Correlation>
<Execution ProcessID="4972" ThreadID="3644"></Execution>
<Channel>Microsoft-Windows-ServerManager-MultiMachine/Operational</Channel>
<Computer>WIN-PTFPHFCRDJ0</Computer>
<Security UserID="S-1-5-21-1152959844-3645458174-3779170896-1000"></Security>
</System>
<EventData></EventData>
</Event>

<Event xmlns="http://schemas.microsoft.com/win/2004/08/events/event"><System><Provider Name="Microsoft-Windows-ServerManager-MultiMachine" Guid="{d8d37081-10bd-4a89-a971-1cda6899bdb3}"></Provider>
<EventID Qualifiers="">50</EventID>
<Version>0</Version>
<Level>4</Level>
<Task>5</Task>
<Opcode>2</Opcode>
<Keywords>0x2000000000000000</Keywords>
<TimeCreated SystemTime="2020-10-22 20:54:25.995428"></TimeCreated>
<EventRecordID>12</EventRecordID>
<Correlation ActivityID="" RelatedActivityID=""></Correlation>
<Execution ProcessID="4972" ThreadID="3644"></Execution>
<Channel>Microsoft-Windows-ServerManager-MultiMachine/Operational</Channel>
<Computer>WIN-PTFPHFCRDJ0</Computer>
<Security UserID="S-1-5-21-1152959844-3645458174-3779170896-1000"></Security>
</System>
<EventData></EventData>
</Event>

<Event xmlns="http://schemas.microsoft.com/win/2004/08/events/event"><System><Provider Name="Microsoft-Windows-ServerManager-MultiMachine" Guid="{d8d37081-10bd-4a89-a971-1cda6899bdb3}"></Provider>
<EventID Qualifiers="">217</EventID>
<Version>0</Version>
<Level>4</Level>
<Task>17</Task>
<Opcode>0</Opcode>
<Keywords>0x2000000000000000</Keywords>
<TimeCreated SystemTime="2020-10-22 20:54:29.506884"></TimeCreated>
<EventRecordID>13</EventRecordID>
<Correlation ActivityID="{25a26793-e172-4d9b-8abb-91a2f9c09ac2}" RelatedActivityID=""></Correlation>
<Execution ProcessID="4972" ThreadID="6116"></Execution>
<Channel>Microsoft-Windows-ServerManager-MultiMachine/Operational</Channel>
<Computer>WIN-PTFPHFCRDJ0</Computer>
<Security UserID="S-1-5-21-1152959844-3645458174-3779170896-1000"></Security>
</System>
<EventData><Data Name="serverName">localhost</Data>
<Data Name="namespaceName">root\microsoft\windows\servermanager</Data>
<Data Name="wmiClassName">MSFT_ServerManagerTasks</Data>
<Data Name="methodName">GetServerInventory</Data>
<Data Name="protocol">DCOM</Data>
</EventData>
</Event>

<Event xmlns="http://schemas.microsoft.com/win/2004/08/events/event"><System><Provider Name="Microsoft-Windows-ServerManager-MultiMachine" Guid="{d8d37081-10bd-4a89-a971-1cda6899bdb3}"></Provider>
<EventID Qualifiers="">217</EventID>
<Version>0</Version>
<Level>4</Level>
<Task>17</Task>
<Opcode>0</Opcode>
<Keywords>0x2000000000000000</Keywords>
<TimeCreated SystemTime="2020-10-22 20:54:36.535822"></TimeCreated>
<EventRecordID>14</EventRecordID>
<Correlation ActivityID="{25a26793-e172-4d9b-8abb-91a2f9c09ac2}" RelatedActivityID=""></Correlation>
<Execution ProcessID="4972" ThreadID="6116"></Execution>
<Channel>Microsoft-Windows-ServerManager-MultiMachine/Operational</Channel>
<Computer>WIN-PTFPHFCRDJ0</Computer>
<Security UserID="S-1-5-21-1152959844-3645458174-3779170896-1000"></Security>
</System>
<EventData><Data Name="serverName">localhost</Data>
<Data Name="namespaceName">root\microsoft\windows\servermanager</Data>
<Data Name="wmiClassName">MSFT_ServerManagerTasks</Data>
<Data Name="methodName">GetServerInventory</Data>
<Data Name="protocol">DCOM</Data>
</EventData>
</Event>

<Event xmlns="http://schemas.microsoft.com/win/2004/08/events/event"><System><Provider Name="Microsoft-Windows-ServerManager-MultiMachine" Guid="{d8d37081-10bd-4a89-a971-1cda6899bdb3}"></Provider>
<EventID Qualifiers="">217</EventID>
<Version>0</Version>
<Level>4</Level>
<Task>17</Task>
<Opcode>0</Opcode>
<Keywords>0x2000000000000000</Keywords>
<TimeCreated SystemTime="2020-10-22 20:54:36.608091"></TimeCreated>
<EventRecordID>15</EventRecordID>
<Correlation ActivityID="{25a26793-e172-4d9b-8abb-91a2f9c09ac2}" RelatedActivityID=""></Correlation>
<Execution ProcessID="4972" ThreadID="6116"></Execution>
<Channel>Microsoft-Windows-ServerManager-MultiMachine/Operational</Channel>
<Computer>WIN-PTFPHFCRDJ0</Computer>
<Security UserID="S-1-5-21-1152959844-3645458174-3779170896-1000"></Security>
</System>
<EventData><Data Name="serverName">localhost</Data>
<Data Name="namespaceName">root\microsoft\windows\servermanager</Data>
<Data Name="wmiClassName">MSFT_ServerManagerTasks</Data>
<Data Name="methodName">GetServerInventory</Data>
<Data Name="protocol">DCOM</Data>
</EventData>
</Event>

<Event xmlns="http://schemas.microsoft.com/win/2004/08/events/event"><System><Provider Name="Microsoft-Windows-ServerManager-MultiMachine" Guid="{d8d37081-10bd-4a89-a971-1cda6899bdb3}"></Provider>
<EventID Qualifiers="">215</EventID>
<Version>0</Version>
<Level>4</Level>
<Task>17</Task>
<Opcode>0</Opcode>
<Keywords>0x2000000000000000</Keywords>
<TimeCreated SystemTime="2020-10-22 20:54:36.714487"></TimeCreated>
<EventRecordID>16</EventRecordID>
<Correlation ActivityID="{25a26793-e172-4d9b-8abb-91a2f9c09ac2}" RelatedActivityID=""></Correlation>
<Execution ProcessID="4972" ThreadID="6116"></Execution>
<Channel>Microsoft-Windows-ServerManager-MultiMachine/Operational</Channel>
<Computer>WIN-PTFPHFCRDJ0</Computer>
<Security UserID="S-1-5-21-1152959844-3645458174-3779170896-1000"></Security>
</System>
<EventData><Data Name="serverName">localhost</Data>
<Data Name="namespaceName">root\microsoft\windows\servermanager</Data>
<Data Name="wmiClassName">MSFT_ServerManagerTasks</Data>
<Data Name="methodName">GetServerInventory</Data>
<Data Name="protocol">DCOM</Data>
</EventData>
</Event>

<Event xmlns="http://schemas.microsoft.com/win/2004/08/events/event"><System><Provider Name="Microsoft-Windows-ServerManager-MultiMachine" Guid="{d8d37081-10bd-4a89-a971-1cda6899bdb3}"></Provider>
<EventID Qualifiers="">214</EventID>
<Version>0</Version>
<Level>4</Level>
<Task>17</Task>
<Opcode>0</Opcode>
<Keywords>0x2000000000000000</Keywords>
<TimeCreated SystemTime="2020-10-22 20:54:36.740114"></TimeCreated>
<EventRecordID>17</EventRecordID>
<Correlation ActivityID="{25a26793-e172-4d9b-8abb-91a2f9c09ac2}" RelatedActivityID=""></Correlation>
<Execution ProcessID="4972" ThreadID="6116"></Execution>
<Channel>Microsoft-Windows-ServerManager-MultiMachine/Operational</Channel>
<Computer>WIN-PTFPHFCRDJ0</Computer>
<Security UserID="S-1-5-21-1152959844-3645458174-3779170896-1000"></Security>
</System>
<EventData><Data Name="serverName">localhost</Data>
<Data Name="namespaceName">root\microsoft\windows\servermanager</Data>
<Data Name="wmiClassName">MSFT_ServerManagerTasks</Data>
<Data Name="methodName">GetServerFeature</Data>
<Data Name="protocol">DCOM</Data>
</EventData>
</Event>

<Event xmlns="http://schemas.microsoft.com/win/2004/08/events/event"><System><Provider Name="Microsoft-Windows-ServerManager-MultiMachine" Guid="{d8d37081-10bd-4a89-a971-1cda6899bdb3}"></Provider>
<EventID Qualifiers="">209</EventID>
<Version>0</Version>
<Level>4</Level>
<Task>17</Task>
<Opcode>0</Opcode>
<Keywords>0x2000000000000000</Keywords>
<TimeCreated SystemTime="2020-10-22 20:54:36.740120"></TimeCreated>
<EventRecordID>18</EventRecordID>
<Correlation ActivityID="{25a26793-e172-4d9b-8abb-91a2f9c09ac2}" RelatedActivityID=""></Correlation>
<Execution ProcessID="4972" ThreadID="6116"></Execution>
<Channel>Microsoft-Windows-ServerManager-MultiMachine/Operational</Channel>
<Computer>WIN-PTFPHFCRDJ0</Computer>
<Security UserID="S-1-5-21-1152959844-3645458174-3779170896-1000"></Security>
</System>
<EventData><Data Name="serverName">localhost</Data>
<Data Name="protocol">DCOM</Data>
<Data Name="userName">null</Data>
</EventData>
</Event>

<Event xmlns="http://schemas.microsoft.com/win/2004/08/events/event"><System><Provider Name="Microsoft-Windows-ServerManager-MultiMachine" Guid="{d8d37081-10bd-4a89-a971-1cda6899bdb3}"></Provider>
<EventID Qualifiers="">214</EventID>
<Version>0</Version>
<Level>4</Level>
<Task>17</Task>
<Opcode>0</Opcode>
<Keywords>0x2000000000000000</Keywords>
<TimeCreated SystemTime="2020-10-22 20:54:36.740271"></TimeCreated>
<EventRecordID>19</EventRecordID>
<Correlation ActivityID="{25a26793-e172-4d9b-8abb-91a2f9c09ac2}" RelatedActivityID=""></Correlation>
<Execution ProcessID="4972" ThreadID="6116"></Execution>
<Channel>Microsoft-Windows-ServerManager-MultiMachine/Operational</Channel>
<Computer>WIN-PTFPHFCRDJ0</Computer>
<Security UserID="S-1-5-21-1152959844-3645458174-3779170896-1000"></Security>
</System>
<EventData><Data Name="serverName">localhost</Data>
<Data Name="namespaceName">root\microsoft\windows\servermanager</Data>
<Data Name="wmiClassName">MSFT_ServerManagerTasks</Data>
<Data Name="methodName">GetServerServiceDetail</Data>
<Data Name="protocol">DCOM</Data>
</EventData>
</Event>

<Event xmlns="http://schemas.microsoft.com/win/2004/08/events/event"><System><Provider Name="Microsoft-Windows-ServerManager-MultiMachine" Guid="{d8d37081-10bd-4a89-a971-1cda6899bdb3}"></Provider>
<EventID Qualifiers="">209</EventID>
<Version>0</Version>
<Level>4</Level>
<Task>17</Task>
<Opcode>0</Opcode>
<Keywords>0x2000000000000000</Keywords>
<TimeCreated SystemTime="2020-10-22 20:54:36.740274"></TimeCreated>
<EventRecordID>20</EventRecordID>
<Correlation ActivityID="{25a26793-e172-4d9b-8abb-91a2f9c09ac2}" RelatedActivityID=""></Correlation>
<Execution ProcessID="4972" ThreadID="6116"></Execution>
<Channel>Microsoft-Windows-ServerManager-MultiMachine/Operational</Channel>
<Computer>WIN-PTFPHFCRDJ0</Computer>
<Security UserID="S-1-5-21-1152959844-3645458174-3779170896-1000"></Security>
</System>
<EventData><Data Name="serverName">localhost</Data>
<Data Name="protocol">DCOM</Data>
<Data Name="userName">null</Data>
</EventData>
</Event>

<Event xmlns="http://schemas.microsoft.com/win/2004/08/events/event"><System><Provider Name="Microsoft-Windows-ServerManager-MultiMachine" Guid="{d8d37081-10bd-4a89-a971-1cda6899bdb3}"></Provider>
<EventID Qualifiers="">214</EventID>
<Version>0</Version>
<Level>4</Level>
<Task>17</Task>
<Opcode>0</Opcode>
<Keywords>0x2000000000000000</Keywords>
<TimeCreated SystemTime="2020-10-22 20:54:36.740391"></TimeCreated>
<EventRecordID>21</EventRecordID>
<Correlation ActivityID="{25a26793-e172-4d9b-8abb-91a2f9c09ac2}" RelatedActivityID=""></Correlation>
<Execution ProcessID="4972" ThreadID="6116"></Execution>
<Channel>Microsoft-Windows-ServerManager-MultiMachine/Operational</Channel>
<Computer>WIN-PTFPHFCRDJ0</Computer>
<Security UserID="S-1-5-21-1152959844-3645458174-3779170896-1000"></Security>
</System>
<EventData><Data Name="serverName">localhost</Data>
<Data Name="namespaceName">root\microsoft\windows\servermanager</Data>
<Data Name="wmiClassName">MSFT_ServerManagerTasks</Data>
<Data Name="methodName">GetPerformanceCollectorState</Data>
<Data Name="protocol">DCOM</Data>
</EventData>
</Event>

<Event xmlns="http://schemas.microsoft.com/win/2004/08/events/event"><System><Provider Name="Microsoft-Windows-ServerManager-MultiMachine" Guid="{d8d37081-10bd-4a89-a971-1cda6899bdb3}"></Provider>
<EventID Qualifiers="">209</EventID>
<Version>0</Version>
<Level>4</Level>
<Task>17</Task>
<Opcode>0</Opcode>
<Keywords>0x2000000000000000</Keywords>
<TimeCreated SystemTime="2020-10-22 20:54:36.740395"></TimeCreated>
<EventRecordID>22</EventRecordID>
<Correlation ActivityID="{25a26793-e172-4d9b-8abb-91a2f9c09ac2}" RelatedActivityID=""></Correlation>
<Execution ProcessID="4972" ThreadID="6116"></Execution>
<Channel>Microsoft-Windows-ServerManager-MultiMachine/Operational</Channel>
<Computer>WIN-PTFPHFCRDJ0</Computer>
<Security UserID="S-1-5-21-1152959844-3645458174-3779170896-1000"></Security>
</System>
<EventData><Data Name="serverName">localhost</Data>
<Data Name="protocol">DCOM</Data>
<Data Name="userName">null</Data>
</EventData>
</Event>

<Event xmlns="http://schemas.microsoft.com/win/2004/08/events/event"><System><Provider Name="Microsoft-Windows-ServerManager-MultiMachine" Guid="{d8d37081-10bd-4a89-a971-1cda6899bdb3}"></Provider>
<EventID Qualifiers="">217</EventID>
<Version>0</Version>
<Level>4</Level>
<Task>17</Task>
<Opcode>0</Opcode>
<Keywords>0x2000000000000000</Keywords>
<TimeCreated SystemTime="2020-10-22 20:54:36.987490"></TimeCreated>
<EventRecordID>23</EventRecordID>
<Correlation ActivityID="{e6c7d12b-cb75-4e13-b60c-84dd69ef4c21}" RelatedActivityID=""></Correlation>
<Execution ProcessID="4972" ThreadID="6116"></Execution>
<Channel>Microsoft-Windows-ServerManager-MultiMachine/Operational</Channel>
<Computer>WIN-PTFPHFCRDJ0</Computer>
<Security UserID="S-1-5-21-1152959844-3645458174-3779170896-1000"></Security>
</System>
<EventData><Data Name="serverName">localhost</Data>
<Data Name="namespaceName">root\microsoft\windows\servermanager</Data>
<Data Name="wmiClassName">MSFT_ServerManagerTasks</Data>
<Data Name="methodName">GetPerformanceCollectorState</Data>
<Data Name="protocol">DCOM</Data>
</EventData>
</Event>

<Event xmlns="http://schemas.microsoft.com/win/2004/08/events/event"><System><Provider Name="Microsoft-Windows-ServerManager-MultiMachine" Guid="{d8d37081-10bd-4a89-a971-1cda6899bdb3}"></Provider>
<EventID Qualifiers="">215</EventID>
<Version>0</Version>
<Level>4</Level>
<Task>17</Task>
<Opcode>0</Opcode>
<Keywords>0x2000000000000000</Keywords>
<TimeCreated SystemTime="2020-10-22 20:54:36.987558"></TimeCreated>
<EventRecordID>24</EventRecordID>
<Correlation ActivityID="{e6c7d12b-cb75-4e13-b60c-84dd69ef4c21}" RelatedActivityID=""></Correlation>
<Execution ProcessID="4972" ThreadID="6116"></Execution>
<Channel>Microsoft-Windows-ServerManager-MultiMachine/Operational</Channel>
<Computer>WIN-PTFPHFCRDJ0</Computer>
<Security UserID="S-1-5-21-1152959844-3645458174-3779170896-1000"></Security>
</System>
<EventData><Data Name="serverName">localhost</Data>
<Data Name="namespaceName">root\microsoft\windows\servermanager</Data>
<Data Name="wmiClassName">MSFT_ServerManagerTasks</Data>
<Data Name="methodName">GetPerformanceCollectorState</Data>
<Data Name="protocol">DCOM</Data>
</EventData>
</Event>

<Event xmlns="http://schemas.microsoft.com/win/2004/08/events/event"><System><Provider Name="Microsoft-Windows-ServerManager-MultiMachine" Guid="{d8d37081-10bd-4a89-a971-1cda6899bdb3}"></Provider>
<EventID Qualifiers="">217</EventID>
<Version>0</Version>
<Level>4</Level>
<Task>17</Task>
<Opcode>0</Opcode>
<Keywords>0x2000000000000000</Keywords>
<TimeCreated SystemTime="2020-10-22 20:54:37.006029"></TimeCreated>
<EventRecordID>25</EventRecordID>
<Correlation ActivityID="{ecbc925e-8741-4e0e-b8c2-6eba82b3072e}" RelatedActivityID=""></Correlation>
<Execution ProcessID="4972" ThreadID="7152"></Execution>
<Channel>Microsoft-Windows-ServerManager-MultiMachine/Operational</Channel>
<Computer>WIN-PTFPHFCRDJ0</Computer>
<Security UserID="S-1-5-21-1152959844-3645458174-3779170896-1000"></Security>
</System>
<EventData><Data Name="serverName">localhost</Data>
<Data Name="namespaceName">root\microsoft\windows\servermanager</Data>
<Data Name="wmiClassName">MSFT_ServerManagerTasks</Data>
<Data Name="methodName">GetServerServiceDetail</Data>
<Data Name="protocol">DCOM</Data>
</EventData>
</Event>

<Event xmlns="http://schemas.microsoft.com/win/2004/08/events/event"><System><Provider Name="Microsoft-Windows-ServerManager-MultiMachine" Guid="{d8d37081-10bd-4a89-a971-1cda6899bdb3}"></Provider>
<EventID Qualifiers="">217</EventID>
<Version>0</Version>
<Level>4</Level>
<Task>17</Task>
<Opcode>0</Opcode>
<Keywords>0x2000000000000000</Keywords>
<TimeCreated SystemTime="2020-10-22 20:54:37.011429"></TimeCreated>
<EventRecordID>26</EventRecordID>
<Correlation ActivityID="{ecbc925e-8741-4e0e-b8c2-6eba82b3072e}" RelatedActivityID=""></Correlation>
<Execution ProcessID="4972" ThreadID="7152"></Execution>
<Channel>Microsoft-Windows-ServerManager-MultiMachine/Operational</Channel>
<Computer>WIN-PTFPHFCRDJ0</Computer>
<Security UserID="S-1-5-21-1152959844-3645458174-3779170896-1000"></Security>
</System>
<EventData><Data Name="serverName">localhost</Data>
<Data Name="namespaceName">root\microsoft\windows\servermanager</Data>
<Data Name="wmiClassName">MSFT_ServerManagerTasks</Data>
<Data Name="methodName">GetServerServiceDetail</Data>
<Data Name="protocol">DCOM</Data>
</EventData>
</Event>

<Event xmlns="http://schemas.microsoft.com/win/2004/08/events/event"><System><Provider Name="Microsoft-Windows-ServerManager-MultiMachine" Guid="{d8d37081-10bd-4a89-a971-1cda6899bdb3}"></Provider>
<EventID Qualifiers="">215</EventID>
<Version>0</Version>
<Level>4</Level>
<Task>17</Task>
<Opcode>0</Opcode>
<Keywords>0x2000000000000000</Keywords>
<TimeCreated SystemTime="2020-10-22 20:54:37.011471"></TimeCreated>
<EventRecordID>27</EventRecordID>
<Correlation ActivityID="{ecbc925e-8741-4e0e-b8c2-6eba82b3072e}" RelatedActivityID=""></Correlation>
<Execution ProcessID="4972" ThreadID="7152"></Execution>
<Channel>Microsoft-Windows-ServerManager-MultiMachine/Operational</Channel>
<Computer>WIN-PTFPHFCRDJ0</Computer>
<Security UserID="S-1-5-21-1152959844-3645458174-3779170896-1000"></Security>
</System>
<EventData><Data Name="serverName">localhost</Data>
<Data Name="namespaceName">root\microsoft\windows\servermanager</Data>
<Data Name="wmiClassName">MSFT_ServerManagerTasks</Data>
<Data Name="methodName">GetServerServiceDetail</Data>
<Data Name="protocol">DCOM</Data>
</EventData>
</Event>

<Event xmlns="http://schemas.microsoft.com/win/2004/08/events/event"><System><Provider Name="Microsoft-Windows-ServerManager-MultiMachine" Guid="{d8d37081-10bd-4a89-a971-1cda6899bdb3}"></Provider>
<EventID Qualifiers="">217</EventID>
<Version>0</Version>
<Level>4</Level>
<Task>17</Task>
<Opcode>0</Opcode>
<Keywords>0x2000000000000000</Keywords>
<TimeCreated SystemTime="2020-10-22 20:54:38.057251"></TimeCreated>
<EventRecordID>28</EventRecordID>
<Correlation ActivityID="{bd09d741-ca58-4cfd-af27-9f53af9f8d6a}" RelatedActivityID=""></Correlation>
<Execution ProcessID="4972" ThreadID="7152"></Execution>
<Channel>Microsoft-Windows-ServerManager-MultiMachine/Operational</Channel>
<Computer>WIN-PTFPHFCRDJ0</Computer>
<Security UserID="S-1-5-21-1152959844-3645458174-3779170896-1000"></Security>
</System>
<EventData><Data Name="serverName">localhost</Data>
<Data Name="namespaceName">root\microsoft\windows\servermanager</Data>
<Data Name="wmiClassName">MSFT_ServerManagerTasks</Data>
<Data Name="methodName">GetServerFeature</Data>
<Data Name="protocol">DCOM</Data>
</EventData>
</Event>

<Event xmlns="http://schemas.microsoft.com/win/2004/08/events/event"><System><Provider Name="Microsoft-Windows-ServerManager-MultiMachine" Guid="{d8d37081-10bd-4a89-a971-1cda6899bdb3}"></Provider>
<EventID Qualifiers="">217</EventID>
<Version>0</Version>
<Level>4</Level>
<Task>17</Task>
<Opcode>0</Opcode>
<Keywords>0x2000000000000000</Keywords>
<TimeCreated SystemTime="2020-10-22 20:54:38.057922"></TimeCreated>
<EventRecordID>29</EventRecordID>
<Correlation ActivityID="{bd09d741-ca58-4cfd-af27-9f53af9f8d6a}" RelatedActivityID=""></Correlation>
<Execution ProcessID="4972" ThreadID="7152"></Execution>
<Channel>Microsoft-Windows-ServerManager-MultiMachine/Operational</Channel>
<Computer>WIN-PTFPHFCRDJ0</Computer>
<Security UserID="S-1-5-21-1152959844-3645458174-3779170896-1000"></Security>
</System>
<EventData><Data Name="serverName">localhost</Data>
<Data Name="namespaceName">root\microsoft\windows\servermanager</Data>
<Data Name="wmiClassName">MSFT_ServerManagerTasks</Data>
<Data Name="methodName">GetServerFeature</Data>
<Data Name="protocol">DCOM</Data>
</EventData>
</Event>

<Event xmlns="http://schemas.microsoft.com/win/2004/08/events/event"><System><Provider Name="Microsoft-Windows-ServerManager-MultiMachine" Guid="{d8d37081-10bd-4a89-a971-1cda6899bdb3}"></Provider>
<EventID Qualifiers="">215</EventID>
<Version>0</Version>
<Level>4</Level>
<Task>17</Task>
<Opcode>0</Opcode>
<Keywords>0x2000000000000000</Keywords>
<TimeCreated SystemTime="2020-10-22 20:54:38.057949"></TimeCreated>
<EventRecordID>30</EventRecordID>
<Correlation ActivityID="{bd09d741-ca58-4cfd-af27-9f53af9f8d6a}" RelatedActivityID=""></Correlation>
<Execution ProcessID="4972" ThreadID="7152"></Execution>
<Channel>Microsoft-Windows-ServerManager-MultiMachine/Operational</Channel>
<Computer>WIN-PTFPHFCRDJ0</Computer>
<Security UserID="S-1-5-21-1152959844-3645458174-3779170896-1000"></Security>
</System>
<EventData><Data Name="serverName">localhost</Data>
<Data Name="namespaceName">root\microsoft\windows\servermanager</Data>
<Data Name="wmiClassName">MSFT_ServerManagerTasks</Data>
<Data Name="methodName">GetServerFeature</Data>
<Data Name="protocol">DCOM</Data>
</EventData>
</Event>

<Event xmlns="http://schemas.microsoft.com/win/2004/08/events/event"><System><Provider Name="Microsoft-Windows-ServerManager-MultiMachine" Guid="{d8d37081-10bd-4a89-a971-1cda6899bdb3}"></Provider>
<EventID Qualifiers="">31</EventID>
<Version>0</Version>
<Level>4</Level>
<Task>1</Task>
<Opcode>1</Opcode>
<Keywords>0x2000000000000000</Keywords>
<TimeCreated SystemTime="2020-10-22 20:54:38.107635"></TimeCreated>
<EventRecordID>31</EventRecordID>
<Correlation ActivityID="{bd09d741-ca58-4cfd-af27-9f53af9f8d6a}" RelatedActivityID=""></Correlation>
<Execution ProcessID="4972" ThreadID="7152"></Execution>
<Channel>Microsoft-Windows-ServerManager-MultiMachine/Operational</Channel>
<Computer>WIN-PTFPHFCRDJ0</Computer>
<Security UserID="S-1-5-21-1152959844-3645458174-3779170896-1000"></Security>
</System>
<EventData><Data Name="roleId">481</Data>
</EventData>
</Event>

<Event xmlns="http://schemas.microsoft.com/win/2004/08/events/event"><System><Provider Name="Microsoft-Windows-ServerManager-MultiMachine" Guid="{d8d37081-10bd-4a89-a971-1cda6899bdb3}"></Provider>
<EventID Qualifiers="">214</EventID>
<Version>0</Version>
<Level>4</Level>
<Task>17</Task>
<Opcode>0</Opcode>
<Keywords>0x2000000000000000</Keywords>
<TimeCreated SystemTime="2020-10-22 20:54:38.650188"></TimeCreated>
<EventRecordID>32</EventRecordID>
<Correlation ActivityID="{bd09d741-ca58-4cfd-af27-9f53af9f8d6a}" RelatedActivityID=""></Correlation>
<Execution ProcessID="4972" ThreadID="7152"></Execution>
<Channel>Microsoft-Windows-ServerManager-MultiMachine/Operational</Channel>
<Computer>WIN-PTFPHFCRDJ0</Computer>
<Security UserID="S-1-5-21-1152959844-3645458174-3779170896-1000"></Security>
</System>
<EventData><Data Name="serverName">localhost</Data>
<Data Name="namespaceName">root\microsoft\windows\servermanager</Data>
<Data Name="wmiClassName">MSFT_ServerManagerTasks</Data>
<Data Name="methodName">GetServerEventDetail</Data>
<Data Name="protocol">DCOM</Data>
</EventData>
</Event>

<Event xmlns="http://schemas.microsoft.com/win/2004/08/events/event"><System><Provider Name="Microsoft-Windows-ServerManager-MultiMachine" Guid="{d8d37081-10bd-4a89-a971-1cda6899bdb3}"></Provider>
<EventID Qualifiers="">209</EventID>
<Version>0</Version>
<Level>4</Level>
<Task>17</Task>
<Opcode>0</Opcode>
<Keywords>0x2000000000000000</Keywords>
<TimeCreated SystemTime="2020-10-22 20:54:38.650192"></TimeCreated>
<EventRecordID>33</EventRecordID>
<Correlation ActivityID="{bd09d741-ca58-4cfd-af27-9f53af9f8d6a}" RelatedActivityID=""></Correlation>
<Execution ProcessID="4972" ThreadID="7152"></Execution>
<Channel>Microsoft-Windows-ServerManager-MultiMachine/Operational</Channel>
<Computer>WIN-PTFPHFCRDJ0</Computer>
<Security UserID="S-1-5-21-1152959844-3645458174-3779170896-1000"></Security>
</System>
<EventData><Data Name="serverName">localhost</Data>
<Data Name="protocol">DCOM</Data>
<Data Name="userName">null</Data>
</EventData>
</Event>

<Event xmlns="http://schemas.microsoft.com/win/2004/08/events/event"><System><Provider Name="Microsoft-Windows-ServerManager-MultiMachine" Guid="{d8d37081-10bd-4a89-a971-1cda6899bdb3}"></Provider>
<EventID Qualifiers="">217</EventID>
<Version>0</Version>
<Level>4</Level>
<Task>17</Task>
<Opcode>0</Opcode>
<Keywords>0x2000000000000000</Keywords>
<TimeCreated SystemTime="2020-10-22 20:54:38.709448"></TimeCreated>
<EventRecordID>34</EventRecordID>
<Correlation ActivityID="{d473aad2-2bc4-42dd-aee6-c4a965c0cddf}" RelatedActivityID=""></Correlation>
<Execution ProcessID="4972" ThreadID="6116"></Execution>
<Channel>Microsoft-Windows-ServerManager-MultiMachine/Operational</Channel>
<Computer>WIN-PTFPHFCRDJ0</Computer>
<Security UserID="S-1-5-21-1152959844-3645458174-3779170896-1000"></Security>
</System>
<EventData><Data Name="serverName">localhost</Data>
<Data Name="namespaceName">root\microsoft\windows\servermanager</Data>
<Data Name="wmiClassName">MSFT_ServerManagerTasks</Data>
<Data Name="methodName">GetServerEventDetail</Data>
<Data Name="protocol">DCOM</Data>
</EventData>
</Event>

<Event xmlns="http://schemas.microsoft.com/win/2004/08/events/event"><System><Provider Name="Microsoft-Windows-ServerManager-MultiMachine" Guid="{d8d37081-10bd-4a89-a971-1cda6899bdb3}"></Provider>
<EventID Qualifiers="">217</EventID>
<Version>0</Version>
<Level>4</Level>
<Task>17</Task>
<Opcode>0</Opcode>
<Keywords>0x2000000000000000</Keywords>
<TimeCreated SystemTime="2020-10-22 20:54:38.851822"></TimeCreated>
<EventRecordID>35</EventRecordID>
<Correlation ActivityID="{d473aad2-2bc4-42dd-aee6-c4a965c0cddf}" RelatedActivityID=""></Correlation>
<Execution ProcessID="4972" ThreadID="6116"></Execution>
<Channel>Microsoft-Windows-ServerManager-MultiMachine/Operational</Channel>
<Computer>WIN-PTFPHFCRDJ0</Computer>
<Security UserID="S-1-5-21-1152959844-3645458174-3779170896-1000"></Security>
</System>
<EventData><Data Name="serverName">localhost</Data>
<Data Name="namespaceName">root\microsoft\windows\servermanager</Data>
<Data Name="wmiClassName">MSFT_ServerManagerTasks</Data>
<Data Name="methodName">GetServerEventDetail</Data>
<Data Name="protocol">DCOM</Data>
</EventData>
</Event>

<Event xmlns="http://schemas.microsoft.com/win/2004/08/events/event"><System><Provider Name="Microsoft-Windows-ServerManager-MultiMachine" Guid="{d8d37081-10bd-4a89-a971-1cda6899bdb3}"></Provider>
<EventID Qualifiers="">217</EventID>
<Version>0</Version>
<Level>4</Level>
<Task>17</Task>
<Opcode>0</Opcode>
<Keywords>0x2000000000000000</Keywords>
<TimeCreated SystemTime="2020-10-22 20:54:38.855202"></TimeCreated>
<EventRecordID>36</EventRecordID>
<Correlation ActivityID="{d473aad2-2bc4-42dd-aee6-c4a965c0cddf}" RelatedActivityID=""></Correlation>
<Execution ProcessID="4972" ThreadID="6116"></Execution>
<Channel>Microsoft-Windows-ServerManager-MultiMachine/Operational</Channel>
<Computer>WIN-PTFPHFCRDJ0</Computer>
<Security UserID="S-1-5-21-1152959844-3645458174-3779170896-1000"></Security>
</System>
<EventData><Data Name="serverName">localhost</Data>
<Data Name="namespaceName">root\microsoft\windows\servermanager</Data>
<Data Name="wmiClassName">MSFT_ServerManagerTasks</Data>
<Data Name="methodName">GetServerEventDetail</Data>
<Data Name="protocol">DCOM</Data>
</EventData>
</Event>

<Event xmlns="http://schemas.microsoft.com/win/2004/08/events/event"><System><Provider Name="Microsoft-Windows-ServerManager-MultiMachine" Guid="{d8d37081-10bd-4a89-a971-1cda6899bdb3}"></Provider>
<EventID Qualifiers="">215</EventID>
<Version>0</Version>
<Level>4</Level>
<Task>17</Task>
<Opcode>0</Opcode>
<Keywords>0x2000000000000000</Keywords>
<TimeCreated SystemTime="2020-10-22 20:54:38.855236"></TimeCreated>
<EventRecordID>37</EventRecordID>
<Correlation ActivityID="{d473aad2-2bc4-42dd-aee6-c4a965c0cddf}" RelatedActivityID=""></Correlation>
<Execution ProcessID="4972" ThreadID="6116"></Execution>
<Channel>Microsoft-Windows-ServerManager-MultiMachine/Operational</Channel>
<Computer>WIN-PTFPHFCRDJ0</Computer>
<Security UserID="S-1-5-21-1152959844-3645458174-3779170896-1000"></Security>
</System>
<EventData><Data Name="serverName">localhost</Data>
<Data Name="namespaceName">root\microsoft\windows\servermanager</Data>
<Data Name="wmiClassName">MSFT_ServerManagerTasks</Data>
<Data Name="methodName">GetServerEventDetail</Data>
<Data Name="protocol">DCOM</Data>
</EventData>
</Event>

<Event xmlns="http://schemas.microsoft.com/win/2004/08/events/event"><System><Provider Name="Microsoft-Windows-ServerManager-MultiMachine" Guid="{d8d37081-10bd-4a89-a971-1cda6899bdb3}"></Provider>
<EventID Qualifiers="">214</EventID>
<Version>0</Version>
<Level>4</Level>
<Task>17</Task>
<Opcode>0</Opcode>
<Keywords>0x2000000000000000</Keywords>
<TimeCreated SystemTime="2020-10-22 20:54:39.727451"></TimeCreated>
<EventRecordID>38</EventRecordID>
<Correlation ActivityID="{bd09d741-ca58-4cfd-af27-9f53af9f8d6a}" RelatedActivityID=""></Correlation>
<Execution ProcessID="4972" ThreadID="7152"></Execution>
<Channel>Microsoft-Windows-ServerManager-MultiMachine/Operational</Channel>
<Computer>WIN-PTFPHFCRDJ0</Computer>
<Security UserID="S-1-5-21-1152959844-3645458174-3779170896-1000"></Security>
</System>
<EventData><Data Name="serverName">localhost</Data>
<Data Name="namespaceName">root\microsoft\windows\servermanager</Data>
<Data Name="wmiClassName">MSFT_ServerManagerTasks</Data>
<Data Name="methodName">GetServerBpaResult</Data>
<Data Name="protocol">DCOM</Data>
</EventData>
</Event>

<Event xmlns="http://schemas.microsoft.com/win/2004/08/events/event"><System><Provider Name="Microsoft-Windows-ServerManager-MultiMachine" Guid="{d8d37081-10bd-4a89-a971-1cda6899bdb3}"></Provider>
<EventID Qualifiers="">209</EventID>
<Version>0</Version>
<Level>4</Level>
<Task>17</Task>
<Opcode>0</Opcode>
<Keywords>0x2000000000000000</Keywords>
<TimeCreated SystemTime="2020-10-22 20:54:39.727455"></TimeCreated>
<EventRecordID>39</EventRecordID>
<Correlation ActivityID="{bd09d741-ca58-4cfd-af27-9f53af9f8d6a}" RelatedActivityID=""></Correlation>
<Execution ProcessID="4972" ThreadID="7152"></Execution>
<Channel>Microsoft-Windows-ServerManager-MultiMachine/Operational</Channel>
<Computer>WIN-PTFPHFCRDJ0</Computer>
<Security UserID="S-1-5-21-1152959844-3645458174-3779170896-1000"></Security>
</System>
<EventData><Data Name="serverName">localhost</Data>
<Data Name="protocol">DCOM</Data>
<Data Name="userName">null</Data>
</EventData>
</Event>

<Event xmlns="http://schemas.microsoft.com/win/2004/08/events/event"><System><Provider Name="Microsoft-Windows-ServerManager-MultiMachine" Guid="{d8d37081-10bd-4a89-a971-1cda6899bdb3}"></Provider>
<EventID Qualifiers="">217</EventID>
<Version>0</Version>
<Level>4</Level>
<Task>17</Task>
<Opcode>0</Opcode>
<Keywords>0x2000000000000000</Keywords>
<TimeCreated SystemTime="2020-10-22 20:54:39.768261"></TimeCreated>
<EventRecordID>40</EventRecordID>
<Correlation ActivityID="{8385fac4-8227-4549-80c6-3f2c43ab8d27}" RelatedActivityID=""></Correlation>
<Execution ProcessID="4972" ThreadID="6116"></Execution>
<Channel>Microsoft-Windows-ServerManager-MultiMachine/Operational</Channel>
<Computer>WIN-PTFPHFCRDJ0</Computer>
<Security UserID="S-1-5-21-1152959844-3645458174-3779170896-1000"></Security>
</System>
<EventData><Data Name="serverName">localhost</Data>
<Data Name="namespaceName">root\microsoft\windows\servermanager</Data>
<Data Name="wmiClassName">MSFT_ServerManagerTasks</Data>
<Data Name="methodName">GetServerBpaResult</Data>
<Data Name="protocol">DCOM</Data>
</EventData>
</Event>

<Event xmlns="http://schemas.microsoft.com/win/2004/08/events/event"><System><Provider Name="Microsoft-Windows-ServerManager-MultiMachine" Guid="{d8d37081-10bd-4a89-a971-1cda6899bdb3}"></Provider>
<EventID Qualifiers="">217</EventID>
<Version>0</Version>
<Level>4</Level>
<Task>17</Task>
<Opcode>0</Opcode>
<Keywords>0x2000000000000000</Keywords>
<TimeCreated SystemTime="2020-10-22 20:54:39.796700"></TimeCreated>
<EventRecordID>41</EventRecordID>
<Correlation ActivityID="{8385fac4-8227-4549-80c6-3f2c43ab8d27}" RelatedActivityID=""></Correlation>
<Execution ProcessID="4972" ThreadID="6116"></Execution>
<Channel>Microsoft-Windows-ServerManager-MultiMachine/Operational</Channel>
<Computer>WIN-PTFPHFCRDJ0</Computer>
<Security UserID="S-1-5-21-1152959844-3645458174-3779170896-1000"></Security>
</System>
<EventData><Data Name="serverName">localhost</Data>
<Data Name="namespaceName">root\microsoft\windows\servermanager</Data>
<Data Name="wmiClassName">MSFT_ServerManagerTasks</Data>
<Data Name="methodName">GetServerBpaResult</Data>
<Data Name="protocol">DCOM</Data>
</EventData>
</Event>

<Event xmlns="http://schemas.microsoft.com/win/2004/08/events/event"><System><Provider Name="Microsoft-Windows-ServerManager-MultiMachine" Guid="{d8d37081-10bd-4a89-a971-1cda6899bdb3}"></Provider>
<EventID Qualifiers="">215</EventID>
<Version>0</Version>
<Level>4</Level>
<Task>17</Task>
<Opcode>0</Opcode>
<Keywords>0x2000000000000000</Keywords>
<TimeCreated SystemTime="2020-10-22 20:54:39.796728"></TimeCreated>
<EventRecordID>42</EventRecordID>
<Correlation ActivityID="{8385fac4-8227-4549-80c6-3f2c43ab8d27}" RelatedActivityID=""></Correlation>
<Execution ProcessID="4972" ThreadID="6116"></Execution>
<Channel>Microsoft-Windows-ServerManager-MultiMachine/Operational</Channel>
<Computer>WIN-PTFPHFCRDJ0</Computer>
<Security UserID="S-1-5-21-1152959844-3645458174-3779170896-1000"></Security>
</System>
<EventData><Data Name="serverName">localhost</Data>
<Data Name="namespaceName">root\microsoft\windows\servermanager</Data>
<Data Name="wmiClassName">MSFT_ServerManagerTasks</Data>
<Data Name="methodName">GetServerBpaResult</Data>
<Data Name="protocol">DCOM</Data>
</EventData>
</Event>

<Event xmlns="http://schemas.microsoft.com/win/2004/08/events/event"><System><Provider Name="Microsoft-Windows-ServerManager-MultiMachine" Guid="{d8d37081-10bd-4a89-a971-1cda6899bdb3}"></Provider>
<EventID Qualifiers="">192</EventID>
<Version>0</Version>
<Level>4</Level>
<Task>10</Task>
<Opcode>0</Opcode>
<Keywords>0x2000000000000000</Keywords>
<TimeCreated SystemTime="2020-10-22 20:54:40.006199"></TimeCreated>
<EventRecordID>43</EventRecordID>
<Correlation ActivityID="{8385fac4-8227-4549-80c6-3f2c43ab8d27}" RelatedActivityID=""></Correlation>
<Execution ProcessID="4972" ThreadID="6116"></Execution>
<Channel>Microsoft-Windows-ServerManager-MultiMachine/Operational</Channel>
<Computer>WIN-PTFPHFCRDJ0</Computer>
<Security UserID="S-1-5-21-1152959844-3645458174-3779170896-1000"></Security>
</System>
<EventData><Data Name="MachineName">WIN-PTFPHFCRDJ0</Data>
<Data Name="Count">1</Data>
</EventData>
</Event>

<Event xmlns="http://schemas.microsoft.com/win/2004/08/events/event"><System><Provider Name="Microsoft-Windows-ServerManager-MultiMachine" Guid="{d8d37081-10bd-4a89-a971-1cda6899bdb3}"></Provider>
<EventID Qualifiers="">172</EventID>
<Version>0</Version>
<Level>4</Level>
<Task>10</Task>
<Opcode>0</Opcode>
<Keywords>0x2000000000000000</Keywords>
<TimeCreated SystemTime="2020-10-22 20:54:40.006330"></TimeCreated>
<EventRecordID>44</EventRecordID>
<Correlation ActivityID="{8385fac4-8227-4549-80c6-3f2c43ab8d27}" RelatedActivityID=""></Correlation>
<Execution ProcessID="4972" ThreadID="6116"></Execution>
<Channel>Microsoft-Windows-ServerManager-MultiMachine/Operational</Channel>
<Computer>WIN-PTFPHFCRDJ0</Computer>
<Security UserID="S-1-5-21-1152959844-3645458174-3779170896-1000"></Security>
</System>
<EventData><Data Name="ID">{f6bd2524-52d5-4d9b-8afc-b1fe322299cc}</Data>
</EventData>
</Event>

<Event xmlns="http://schemas.microsoft.com/win/2004/08/events/event"><System><Provider Name="Microsoft-Windows-ServerManager-MultiMachine" Guid="{d8d37081-10bd-4a89-a971-1cda6899bdb3}"></Provider>
<EventID Qualifiers="">32</EventID>
<Version>0</Version>
<Level>4</Level>
<Task>1</Task>
<Opcode>2</Opcode>
<Keywords>0x2000000000000000</Keywords>
<TimeCreated SystemTime="2020-10-22 20:54:43.914858"></TimeCreated>
<EventRecordID>45</EventRecordID>
<Correlation ActivityID="" RelatedActivityID=""></Correlation>
<Execution ProcessID="4972" ThreadID="4628"></Execution>
<Channel>Microsoft-Windows-ServerManager-MultiMachine/Operational</Channel>
<Computer>WIN-PTFPHFCRDJ0</Computer>
<Security UserID="S-1-5-21-1152959844-3645458174-3779170896-1000"></Security>
</System>
<EventData><Data Name="roleId">481</Data>
</EventData>
</Event>

<Event xmlns="http://schemas.microsoft.com/win/2004/08/events/event"><System><Provider Name="Microsoft-Windows-ServerManager-MultiMachine" Guid="{d8d37081-10bd-4a89-a971-1cda6899bdb3}"></Provider>
<EventID Qualifiers="">94</EventID>
<Version>0</Version>
<Level>4</Level>
<Task>6</Task>
<Opcode>1</Opcode>
<Keywords>0x2001000000000000</Keywords>
<TimeCreated SystemTime="2020-10-22 20:57:42.599253"></TimeCreated>
<EventRecordID>46</EventRecordID>
<Correlation ActivityID="" RelatedActivityID=""></Correlation>
<Execution ProcessID="4444" ThreadID="4448"></Execution>
<Channel>Microsoft-Windows-ServerManager-MultiMachine/Operational</Channel>
<Computer>WIN-PTFPHFCRDJ0</Computer>
<Security UserID="S-1-5-21-1152959844-3645458174-3779170896-1000"></Security>
</System>
<EventData></EventData>
</Event>

<Event xmlns="http://schemas.microsoft.com/win/2004/08/events/event"><System><Provider Name="Microsoft-Windows-ServerManager-MultiMachine" Guid="{d8d37081-10bd-4a89-a971-1cda6899bdb3}"></Provider>
<EventID Qualifiers="">47</EventID>
<Version>0</Version>
<Level>4</Level>
<Task>5</Task>
<Opcode>1</Opcode>
<Keywords>0x2000000000000000</Keywords>
<TimeCreated SystemTime="2020-10-22 20:57:42.672504"></TimeCreated>
<EventRecordID>47</EventRecordID>
<Correlation ActivityID="" RelatedActivityID=""></Correlation>
<Execution ProcessID="4444" ThreadID="4448"></Execution>
<Channel>Microsoft-Windows-ServerManager-MultiMachine/Operational</Channel>
<Computer>WIN-PTFPHFCRDJ0</Computer>
<Security UserID="S-1-5-21-1152959844-3645458174-3779170896-1000"></Security>
</System>
<EventData></EventData>
</Event>

<Event xmlns="http://schemas.microsoft.com/win/2004/08/events/event"><System><Provider Name="Microsoft-Windows-ServerManager-MultiMachine" Guid="{d8d37081-10bd-4a89-a971-1cda6899bdb3}"></Provider>
<EventID Qualifiers="">48</EventID>
<Version>0</Version>
<Level>4</Level>
<Task>5</Task>
<Opcode>2</Opcode>
<Keywords>0x2000000000000000</Keywords>
<TimeCreated SystemTime="2020-10-22 20:57:42.675432"></TimeCreated>
<EventRecordID>48</EventRecordID>
<Correlation ActivityID="" RelatedActivityID=""></Correlation>
<Execution ProcessID="4444" ThreadID="4448"></Execution>
<Channel>Microsoft-Windows-ServerManager-MultiMachine/Operational</Channel>
<Computer>WIN-PTFPHFCRDJ0</Computer>
<Security UserID="S-1-5-21-1152959844-3645458174-3779170896-1000"></Security>
</System>
<EventData></EventData>
</Event>

<Event xmlns="http://schemas.microsoft.com/win/2004/08/events/event"><System><Provider Name="Microsoft-Windows-ServerManager-MultiMachine" Guid="{d8d37081-10bd-4a89-a971-1cda6899bdb3}"></Provider>
<EventID Qualifiers="">49</EventID>
<Version>0</Version>
<Level>4</Level>
<Task>5</Task>
<Opcode>1</Opcode>
<Keywords>0x2000000000000000</Keywords>
<TimeCreated SystemTime="2020-10-22 20:57:42.715290"></TimeCreated>
<EventRecordID>49</EventRecordID>
<Correlation ActivityID="" RelatedActivityID=""></Correlation>
<Execution ProcessID="4444" ThreadID="4448"></Execution>
<Channel>Microsoft-Windows-ServerManager-MultiMachine/Operational</Channel>
<Computer>WIN-PTFPHFCRDJ0</Computer>
<Security UserID="S-1-5-21-1152959844-3645458174-3779170896-1000"></Security>
</System>
<EventData></EventData>
</Event>

<Event xmlns="http://schemas.microsoft.com/win/2004/08/events/event"><System><Provider Name="Microsoft-Windows-ServerManager-MultiMachine" Guid="{d8d37081-10bd-4a89-a971-1cda6899bdb3}"></Provider>
<EventID Qualifiers="">37</EventID>
<Version>0</Version>
<Level>4</Level>
<Task>3</Task>
<Opcode>0</Opcode>
<Keywords>0x2000000000000000</Keywords>
<TimeCreated SystemTime="2020-10-22 20:57:42.753626"></TimeCreated>
<EventRecordID>50</EventRecordID>
<Correlation ActivityID="" RelatedActivityID=""></Correlation>
<Execution ProcessID="4444" ThreadID="4448"></Execution>
<Channel>Microsoft-Windows-ServerManager-MultiMachine/Operational</Channel>
<Computer>WIN-PTFPHFCRDJ0</Computer>
<Security UserID="S-1-5-21-1152959844-3645458174-3779170896-1000"></Security>
</System>
<EventData></EventData>
</Event>

<Event xmlns="http://schemas.microsoft.com/win/2004/08/events/event"><System><Provider Name="Microsoft-Windows-ServerManager-MultiMachine" Guid="{d8d37081-10bd-4a89-a971-1cda6899bdb3}"></Provider>
<EventID Qualifiers="">95</EventID>
<Version>0</Version>
<Level>4</Level>
<Task>6</Task>
<Opcode>2</Opcode>
<Keywords>0x2000000000000000</Keywords>
<TimeCreated SystemTime="2020-10-22 20:57:43.475834"></TimeCreated>
<EventRecordID>51</EventRecordID>
<Correlation ActivityID="" RelatedActivityID=""></Correlation>
<Execution ProcessID="4444" ThreadID="4448"></Execution>
<Channel>Microsoft-Windows-ServerManager-MultiMachine/Operational</Channel>
<Computer>WIN-PTFPHFCRDJ0</Computer>
<Security UserID="S-1-5-21-1152959844-3645458174-3779170896-1000"></Security>
</System>
<EventData></EventData>
</Event>

