<Event xmlns="http://schemas.microsoft.com/win/2004/08/events/event"><System><Provider Name="Microsoft-Windows-AppXDeployment-Server" Guid="{3f471139-acb7-4a01-b7a7-ff5da4ba2d43}"></Provider>
<EventID Qualifiers="">649</EventID>
<Version>0</Version>
<Level>4</Level>
<Task>3</Task>
<Opcode>0</Opcode>
<Keywords>0x4000000000000001</Keywords>
<TimeCreated SystemTime="2020-10-22 20:58:18.388445"></TimeCreated>
<EventRecordID>500</EventRecordID>
<Correlation ActivityID="{eae887f7-a8b5-0000-bdae-e8eab5a8d601}" RelatedActivityID=""></Correlation>
<Execution ProcessID="2944" ThreadID="3804"></Execution>
<Channel>Microsoft-Windows-AppXDeploymentServer/Operational</Channel>
<Computer>WIN-PTFPHFCRDJ0</Computer>
<Security UserID="S-1-5-21-1152959844-3645458174-3779170896-1000"></Security>
</System>
<EventData><Data Name="DeploymentOperation">6</Data>
<Data Name="PackageFullName">Microsoft.Windows.Apprep.ChxApp_1000.17763.1.0_neutral_neutral_cw5n1h2txyewy</Data>
<Data Name="Summary">PostDeploymentOperationCheck cost: 0 ms</Data>
</EventData>
</Event>

<Event xmlns="http://schemas.microsoft.com/win/2004/08/events/event"><System><Provider Name="Microsoft-Windows-AppXDeployment-Server" Guid="{3f471139-acb7-4a01-b7a7-ff5da4ba2d43}"></Provider>
<EventID Qualifiers="">649</EventID>
<Version>0</Version>
<Level>4</Level>
<Task>3</Task>
<Opcode>0</Opcode>
<Keywords>0x4000000000000001</Keywords>
<TimeCreated SystemTime="2020-10-22 20:58:18.437040"></TimeCreated>
<EventRecordID>501</EventRecordID>
<Correlation ActivityID="{eae887f7-a8b5-0000-bdae-e8eab5a8d601}" RelatedActivityID=""></Correlation>
<Execution ProcessID="2944" ThreadID="3804"></Execution>
<Channel>Microsoft-Windows-AppXDeploymentServer/Operational</Channel>
<Computer>WIN-PTFPHFCRDJ0</Computer>
<Security UserID="S-1-5-18"></Security>
</System>
<EventData><Data Name="DeploymentOperation">6</Data>
<Data Name="PackageFullName">Microsoft.Windows.Apprep.ChxApp_1000.17763.1.0_neutral_neutral_cw5n1h2txyewy</Data>
<Data Name="Summary">State repository CommitTransaction cost: 47 ms</Data>
</EventData>
</Event>

<Event xmlns="http://schemas.microsoft.com/win/2004/08/events/event"><System><Provider Name="Microsoft-Windows-AppXDeployment-Server" Guid="{3f471139-acb7-4a01-b7a7-ff5da4ba2d43}"></Provider>
<EventID Qualifiers="">613</EventID>
<Version>0</Version>
<Level>4</Level>
<Task>3</Task>
<Opcode>0</Opcode>
<Keywords>0x4000000000000001</Keywords>
<TimeCreated SystemTime="2020-10-22 20:58:18.473318"></TimeCreated>
<EventRecordID>502</EventRecordID>
<Correlation ActivityID="{eae887f7-a8b5-0000-bdae-e8eab5a8d601}" RelatedActivityID=""></Correlation>
<Execution ProcessID="2944" ThreadID="3804"></Execution>
<Channel>Microsoft-Windows-AppXDeploymentServer/Operational</Channel>
<Computer>WIN-PTFPHFCRDJ0</Computer>
<Security UserID="S-1-5-21-1152959844-3645458174-3779170896-1000"></Security>
</System>
<EventData><Data Name="DeploymentOperation">6</Data>
<Data Name="PackageFullName">Microsoft.Windows.Apprep.ChxApp_1000.17763.1.0_neutral_neutral_cw5n1h2txyewy</Data>
<Data Name="Summary">
Overall time: 812 ms
Enqueue cost: 31 ms
Dequeue delay: 0 ms
Bundle processing cost: 0 ms
Indexing cost: 31 ms
Resolve dependency cost: 0 ms
Check approval cost: 16 ms
Evaluation cost: 0 ms
Hardlinking evaluation cost: 0 ms
Stage required cost: 0 ms
Flushing and closing files cost: 0 ms
Machine register cost: 0 ms
Stage user data cost: 16 ms
Registration cost: 546 ms
Gap: 79 ms
Data flush cost: 0 ms
Remaining cost: 93 ms
</Data>
</EventData>
</Event>

<Event xmlns="http://schemas.microsoft.com/win/2004/08/events/event"><System><Provider Name="Microsoft-Windows-AppXDeployment-Server" Guid="{3f471139-acb7-4a01-b7a7-ff5da4ba2d43}"></Provider>
<EventID Qualifiers="">821</EventID>
<Version>0</Version>
<Level>5</Level>
<Task>6</Task>
<Opcode>0</Opcode>
<Keywords>0x4000000000000001</Keywords>
<TimeCreated SystemTime="2020-10-22 20:58:18.474632"></TimeCreated>
<EventRecordID>503</EventRecordID>
<Correlation ActivityID="{eae887f7-a8b5-0000-5eaf-e8eab5a8d601}" RelatedActivityID=""></Correlation>
<Execution ProcessID="3748" ThreadID="1112"></Execution>
<Channel>Microsoft-Windows-AppXDeploymentServer/Operational</Channel>
<Computer>WIN-PTFPHFCRDJ0</Computer>
<Security UserID="S-1-5-18"></Security>
</System>
<EventData><Data Name="UserSid">S-1-5-21-1152959844-3645458174-3779170896-1000</Data>
<Data Name="MainPackageFullName">Microsoft.Windows.AppRep.ChxApp_10.0.17763.1_neutral_neutral_cw5n1h2txyewy</Data>
<Data Name="ErrorCode">0x00000000</Data>
</EventData>
</Event>

<Event xmlns="http://schemas.microsoft.com/win/2004/08/events/event"><System><Provider Name="Microsoft-Windows-AppXDeployment-Server" Guid="{3f471139-acb7-4a01-b7a7-ff5da4ba2d43}"></Provider>
<EventID Qualifiers="">822</EventID>
<Version>0</Version>
<Level>5</Level>
<Task>6</Task>
<Opcode>0</Opcode>
<Keywords>0x4000000000000001</Keywords>
<TimeCreated SystemTime="2020-10-22 20:58:18.474876"></TimeCreated>
<EventRecordID>504</EventRecordID>
<Correlation ActivityID="{eae887f7-a8b5-0000-5eaf-e8eab5a8d601}" RelatedActivityID=""></Correlation>
<Execution ProcessID="3748" ThreadID="1112"></Execution>
<Channel>Microsoft-Windows-AppXDeploymentServer/Operational</Channel>
<Computer>WIN-PTFPHFCRDJ0</Computer>
<Security UserID="S-1-5-18"></Security>
</System>
<EventData><Data Name="Error">0x00000000</Data>
<Data Name="PackageMoniker">Microsoft.Windows.AppRep.ChxApp_10.0.17763.1_neutral_neutral_cw5n1h2txyewy</Data>
</EventData>
</Event>

<Event xmlns="http://schemas.microsoft.com/win/2004/08/events/event"><System><Provider Name="Microsoft-Windows-AppXDeployment-Server" Guid="{3f471139-acb7-4a01-b7a7-ff5da4ba2d43}"></Provider>
<EventID Qualifiers="">603</EventID>
<Version>0</Version>
<Level>4</Level>
<Task>3</Task>
<Opcode>0</Opcode>
<Keywords>0x4000000000000001</Keywords>
<TimeCreated SystemTime="2020-10-22 20:58:18.479736"></TimeCreated>
<EventRecordID>505</EventRecordID>
<Correlation ActivityID="{eae887f7-a8b5-0000-60af-e8eab5a8d601}" RelatedActivityID=""></Correlation>
<Execution ProcessID="2944" ThreadID="5044"></Execution>
<Channel>Microsoft-Windows-AppXDeploymentServer/Operational</Channel>
<Computer>WIN-PTFPHFCRDJ0</Computer>
<Security UserID="S-1-5-21-1152959844-3645458174-3779170896-1000"></Security>
</System>
<EventData><Data Name="DeploymentOperation">20</Data>
<Data Name="Path">Microsoft.Win32WebViewHost_cw5n1h2txyewy</Data>
<Data Name="Flags">67109440</Data>
<Data Name="FlagsHigh">0</Data>
<Data Name="CallingProcess">svchost.exe,AppReadiness</Data>
</EventData>
</Event>

<Event xmlns="http://schemas.microsoft.com/win/2004/08/events/event"><System><Provider Name="Microsoft-Windows-AppXDeployment-Server" Guid="{3f471139-acb7-4a01-b7a7-ff5da4ba2d43}"></Provider>
<EventID Qualifiers="">10002</EventID>
<Version>0</Version>
<Level>5</Level>
<Task>3</Task>
<Opcode>0</Opcode>
<Keywords>0x4000000000000001</Keywords>
<TimeCreated SystemTime="2020-10-22 20:58:18.593565"></TimeCreated>
<EventRecordID>506</EventRecordID>
<Correlation ActivityID="{eae887f7-a8b5-0000-60af-e8eab5a8d601}" RelatedActivityID=""></Correlation>
<Execution ProcessID="2944" ThreadID="3804"></Execution>
<Channel>Microsoft-Windows-AppXDeploymentServer/Operational</Channel>
<Computer>WIN-PTFPHFCRDJ0</Computer>
<Security UserID="S-1-5-18"></Security>
</System>
<EventData><Data Name="DeploymentOperation">6</Data>
<Data Name="MainPackageMoniker">Microsoft.Win32WebViewHost_10.0.17763.1_neutral_neutral_cw5n1h2txyewy</Data>
<Data Name="ResiliencyFilePath">C:\ProgramData\Microsoft\Windows\AppRepository\fda2e33d-bbb0-4e5c-9eec-675cf039356e_S-1-5-21-1152959844-3645458174-3779170896-1000_13.rslc</Data>
</EventData>
</Event>

<Event xmlns="http://schemas.microsoft.com/win/2004/08/events/event"><System><Provider Name="Microsoft-Windows-AppXDeployment-Server" Guid="{3f471139-acb7-4a01-b7a7-ff5da4ba2d43}"></Provider>
<EventID Qualifiers="">607</EventID>
<Version>0</Version>
<Level>4</Level>
<Task>0</Task>
<Opcode>0</Opcode>
<Keywords>0x4000000000000001</Keywords>
<TimeCreated SystemTime="2020-10-22 20:58:18.593882"></TimeCreated>
<EventRecordID>507</EventRecordID>
<Correlation ActivityID="{eae887f7-a8b5-0000-60af-e8eab5a8d601}" RelatedActivityID=""></Correlation>
<Execution ProcessID="2944" ThreadID="3804"></Execution>
<Channel>Microsoft-Windows-AppXDeploymentServer/Operational</Channel>
<Computer>WIN-PTFPHFCRDJ0</Computer>
<Security UserID="S-1-5-21-1152959844-3645458174-3779170896-1000"></Security>
</System>
<EventData><Data Name="DeploymentOperation">6</Data>
<Data Name="PackageFullName">Microsoft.Win32WebViewHost_10.0.17763.1_neutral_neutral_cw5n1h2txyewy</Data>
<Data Name="UserSid">S-1-5-21-1152959844-3645458174-3779170896-1000</Data>
<Data Name="CallingProcess">svchost.exe,AppReadiness</Data>
</EventData>
</Event>

<Event xmlns="http://schemas.microsoft.com/win/2004/08/events/event"><System><Provider Name="Microsoft-Windows-AppXDeployment-Server" Guid="{3f471139-acb7-4a01-b7a7-ff5da4ba2d43}"></Provider>
<EventID Qualifiers="">854</EventID>
<Version>0</Version>
<Level>4</Level>
<Task>3</Task>
<Opcode>0</Opcode>
<Keywords>0x4000000000000001</Keywords>
<TimeCreated SystemTime="2020-10-22 20:58:18.594244"></TimeCreated>
<EventRecordID>508</EventRecordID>
<Correlation ActivityID="{eae887f7-a8b5-0000-60af-e8eab5a8d601}" RelatedActivityID=""></Correlation>
<Execution ProcessID="2944" ThreadID="3804"></Execution>
<Channel>Microsoft-Windows-AppXDeploymentServer/Operational</Channel>
<Computer>WIN-PTFPHFCRDJ0</Computer>
<Security UserID="S-1-5-21-1152959844-3645458174-3779170896-1000"></Security>
</System>
<EventData><Data Name="Path"> C:\Windows\SystemApps\Microsoft.Win32WebViewHost_cw5n1h2txyewy\AppxManifest.xml</Data>
</EventData>
</Event>

<Event xmlns="http://schemas.microsoft.com/win/2004/08/events/event"><System><Provider Name="Microsoft-Windows-AppXDeployment-Server" Guid="{3f471139-acb7-4a01-b7a7-ff5da4ba2d43}"></Provider>
<EventID Qualifiers="">855</EventID>
<Version>0</Version>
<Level>4</Level>
<Task>4</Task>
<Opcode>0</Opcode>
<Keywords>0x4000000000000001</Keywords>
<TimeCreated SystemTime="2020-10-22 20:58:18.645119"></TimeCreated>
<EventRecordID>509</EventRecordID>
<Correlation ActivityID="{eae887f7-a8b5-0000-60af-e8eab5a8d601}" RelatedActivityID=""></Correlation>
<Execution ProcessID="2944" ThreadID="3804"></Execution>
<Channel>Microsoft-Windows-AppXDeploymentServer/Operational</Channel>
<Computer>WIN-PTFPHFCRDJ0</Computer>
<Security UserID="S-1-5-21-1152959844-3645458174-3779170896-1000"></Security>
</System>
<EventData><Data Name="PackageMoniker"> addPackageList: Microsoft.Win32WebViewHost_10.0.17763.1_neutral_neutral_cw5n1h2txyewy</Data>
</EventData>
</Event>

<Event xmlns="http://schemas.microsoft.com/win/2004/08/events/event"><System><Provider Name="Microsoft-Windows-AppXDeployment-Server" Guid="{3f471139-acb7-4a01-b7a7-ff5da4ba2d43}"></Provider>
<EventID Qualifiers="">573</EventID>
<Version>0</Version>
<Level>4</Level>
<Task>47</Task>
<Opcode>0</Opcode>
<Keywords>0x4000000000000001</Keywords>
<TimeCreated SystemTime="2020-10-22 20:58:18.669334"></TimeCreated>
<EventRecordID>510</EventRecordID>
<Correlation ActivityID="{eae887f7-a8b5-0000-60af-e8eab5a8d601}" RelatedActivityID=""></Correlation>
<Execution ProcessID="2944" ThreadID="3804"></Execution>
<Channel>Microsoft-Windows-AppXDeploymentServer/Operational</Channel>
<Computer>WIN-PTFPHFCRDJ0</Computer>
<Security UserID="S-1-5-21-1152959844-3645458174-3779170896-1000"></Security>
</System>
<EventData><Data Name="PackageFamilyName">Microsoft.Win32WebViewHost_cw5n1h2txyewy</Data>
<Data Name="SettingSyncEnabled">False</Data>
</EventData>
</Event>

<Event xmlns="http://schemas.microsoft.com/win/2004/08/events/event"><System><Provider Name="Microsoft-Windows-AppXDeployment-Server" Guid="{3f471139-acb7-4a01-b7a7-ff5da4ba2d43}"></Provider>
<EventID Qualifiers="">10000</EventID>
<Version>0</Version>
<Level>5</Level>
<Task>4</Task>
<Opcode>0</Opcode>
<Keywords>0x4000000000000001</Keywords>
<TimeCreated SystemTime="2020-10-22 20:58:18.673014"></TimeCreated>
<EventRecordID>511</EventRecordID>
<Correlation ActivityID="{eae887f7-a8b5-0000-60af-e8eab5a8d601}" RelatedActivityID=""></Correlation>
<Execution ProcessID="2944" ThreadID="3804"></Execution>
<Channel>Microsoft-Windows-AppXDeploymentServer/Operational</Channel>
<Computer>WIN-PTFPHFCRDJ0</Computer>
<Security UserID="S-1-5-18"></Security>
</System>
<EventData><Data Name="PackageFullName">Microsoft.Win32WebViewHost_10.0.17763.1_neutral_neutral_cw5n1h2txyewy</Data>
<Data Name="ErrorCode">0x00000000</Data>
</EventData>
</Event>

<Event xmlns="http://schemas.microsoft.com/win/2004/08/events/event"><System><Provider Name="Microsoft-Windows-AppXDeployment-Server" Guid="{3f471139-acb7-4a01-b7a7-ff5da4ba2d43}"></Provider>
<EventID Qualifiers="">540</EventID>
<Version>0</Version>
<Level>5</Level>
<Task>3</Task>
<Opcode>0</Opcode>
<Keywords>0x4000000000000001</Keywords>
<TimeCreated SystemTime="2020-10-22 20:58:19.061085"></TimeCreated>
<EventRecordID>512</EventRecordID>
<Correlation ActivityID="{eae887f7-a8b5-0000-60af-e8eab5a8d601}" RelatedActivityID=""></Correlation>
<Execution ProcessID="2944" ThreadID="3804"></Execution>
<Channel>Microsoft-Windows-AppXDeploymentServer/Operational</Channel>
<Computer>WIN-PTFPHFCRDJ0</Computer>
<Security UserID="S-1-5-18"></Security>
</System>
<EventData><Data Name="PackageFullName">Microsoft.Win32WebViewHost_10.0.17763.1_neutral_neutral_cw5n1h2txyewy</Data>
<Data Name="Architecture">64</Data>
</EventData>
</Event>

<Event xmlns="http://schemas.microsoft.com/win/2004/08/events/event"><System><Provider Name="Microsoft-Windows-AppXDeployment-Server" Guid="{3f471139-acb7-4a01-b7a7-ff5da4ba2d43}"></Provider>
<EventID Qualifiers="">541</EventID>
<Version>0</Version>
<Level>5</Level>
<Task>3</Task>
<Opcode>0</Opcode>
<Keywords>0x4000000000000001</Keywords>
<TimeCreated SystemTime="2020-10-22 20:58:19.076963"></TimeCreated>
<EventRecordID>513</EventRecordID>
<Correlation ActivityID="{eae887f7-a8b5-0000-60af-e8eab5a8d601}" RelatedActivityID=""></Correlation>
<Execution ProcessID="2944" ThreadID="3804"></Execution>
<Channel>Microsoft-Windows-AppXDeploymentServer/Operational</Channel>
<Computer>WIN-PTFPHFCRDJ0</Computer>
<Security UserID="S-1-5-18"></Security>
</System>
<EventData><Data Name="PackageFullName">Microsoft.Win32WebViewHost_10.0.17763.1_neutral_neutral_cw5n1h2txyewy</Data>
<Data Name="Architecture">64</Data>
</EventData>
</Event>

<Event xmlns="http://schemas.microsoft.com/win/2004/08/events/event"><System><Provider Name="Microsoft-Windows-AppXDeployment-Server" Guid="{3f471139-acb7-4a01-b7a7-ff5da4ba2d43}"></Provider>
<EventID Qualifiers="">10001</EventID>
<Version>0</Version>
<Level>5</Level>
<Task>4</Task>
<Opcode>0</Opcode>
<Keywords>0x4000000000000001</Keywords>
<TimeCreated SystemTime="2020-10-22 20:58:19.115488"></TimeCreated>
<EventRecordID>514</EventRecordID>
<Correlation ActivityID="{eae887f7-a8b5-0000-60af-e8eab5a8d601}" RelatedActivityID=""></Correlation>
<Execution ProcessID="2944" ThreadID="3804"></Execution>
<Channel>Microsoft-Windows-AppXDeploymentServer/Operational</Channel>
<Computer>WIN-PTFPHFCRDJ0</Computer>
<Security UserID="S-1-5-21-1152959844-3645458174-3779170896-1000"></Security>
</System>
<EventData><Data Name="PackageFullName">Microsoft.Win32WebViewHost_10.0.17763.1_neutral_neutral_cw5n1h2txyewy</Data>
<Data Name="ErrorCode">0x00000000</Data>
</EventData>
</Event>

<Event xmlns="http://schemas.microsoft.com/win/2004/08/events/event"><System><Provider Name="Microsoft-Windows-AppXDeployment-Server" Guid="{3f471139-acb7-4a01-b7a7-ff5da4ba2d43}"></Provider>
<EventID Qualifiers="">10001</EventID>
<Version>0</Version>
<Level>5</Level>
<Task>4</Task>
<Opcode>0</Opcode>
<Keywords>0x4000000000000001</Keywords>
<TimeCreated SystemTime="2020-10-22 20:58:19.115555"></TimeCreated>
<EventRecordID>515</EventRecordID>
<Correlation ActivityID="{eae887f7-a8b5-0000-60af-e8eab5a8d601}" RelatedActivityID=""></Correlation>
<Execution ProcessID="2944" ThreadID="3804"></Execution>
<Channel>Microsoft-Windows-AppXDeploymentServer/Operational</Channel>
<Computer>WIN-PTFPHFCRDJ0</Computer>
<Security UserID="S-1-5-21-1152959844-3645458174-3779170896-1000"></Security>
</System>
<EventData><Data Name="PackageFullName">Microsoft.Win32WebViewHost_10.0.17763.1_neutral_neutral_cw5n1h2txyewy</Data>
<Data Name="ErrorCode">0x00000000</Data>
</EventData>
</Event>

<Event xmlns="http://schemas.microsoft.com/win/2004/08/events/event"><System><Provider Name="Microsoft-Windows-AppXDeployment-Server" Guid="{3f471139-acb7-4a01-b7a7-ff5da4ba2d43}"></Provider>
<EventID Qualifiers="">617</EventID>
<Version>0</Version>
<Level>5</Level>
<Task>3</Task>
<Opcode>0</Opcode>
<Keywords>0x4000000000000001</Keywords>
<TimeCreated SystemTime="2020-10-22 20:58:19.117847"></TimeCreated>
<EventRecordID>516</EventRecordID>
<Correlation ActivityID="{eae887f7-a8b5-0000-60af-e8eab5a8d601}" RelatedActivityID=""></Correlation>
<Execution ProcessID="2944" ThreadID="3804"></Execution>
<Channel>Microsoft-Windows-AppXDeploymentServer/Operational</Channel>
<Computer>WIN-PTFPHFCRDJ0</Computer>
<Security UserID="S-1-5-18"></Security>
</System>
<EventData><Data Name="PackageFullName">Microsoft.Win32WebViewHost_10.0.17763.1_neutral_neutral_cw5n1h2txyewy</Data>
<Data Name="StatusToClear">0x00000c00</Data>
<Data Name="StatusToSet">0x00000000</Data>
<Data Name="CallOrigin">0</Data>
</EventData>
</Event>

<Event xmlns="http://schemas.microsoft.com/win/2004/08/events/event"><System><Provider Name="Microsoft-Windows-AppXDeployment-Server" Guid="{3f471139-acb7-4a01-b7a7-ff5da4ba2d43}"></Provider>
<EventID Qualifiers="">400</EventID>
<Version>0</Version>
<Level>4</Level>
<Task>3</Task>
<Opcode>2</Opcode>
<Keywords>0x4000000000000001</Keywords>
<TimeCreated SystemTime="2020-10-22 20:58:19.220091"></TimeCreated>
<EventRecordID>517</EventRecordID>
<Correlation ActivityID="{eae887f7-a8b5-0000-60af-e8eab5a8d601}" RelatedActivityID=""></Correlation>
<Execution ProcessID="2944" ThreadID="3804"></Execution>
<Channel>Microsoft-Windows-AppXDeploymentServer/Operational</Channel>
<Computer>WIN-PTFPHFCRDJ0</Computer>
<Security UserID="S-1-5-21-1152959844-3645458174-3779170896-1000"></Security>
</System>
<EventData><Data Name="DeploymentOperation">6</Data>
<Data Name="PackageFullName">Microsoft.Win32WebViewHost_10.0.17763.1_neutral_neutral_cw5n1h2txyewy</Data>
<Data Name="Path"> (AppxManifest.xml) </Data>
<Data Name="MountPoint">C:</Data>
<Data Name="TargetPlatform">0x00000000</Data>
<Data Name="SystemVolume">True</Data>
<Data Name="StorageId">\\?\Volume{962e1b8c-bf58-4dfe-adc8-abd1a164675b}</Data>
<Data Name="IsCentennial">False</Data>
<Data Name="PackageType">0x00000001</Data>
<Data Name="IsPackageEncrypted">False</Data>
<Data Name="DeploymentOptions">0x0000000004040240</Data>
<Data Name="IsStreamingPackage">False</Data>
<Data Name="IsInRelatedSet">False</Data>
<Data Name="IsPackageUsingBDC">False</Data>
<Data Name="MainPackageFamilyName">NULL</Data>
<Data Name="CallingProcess">svchost.exe,AppReadiness</Data>
</EventData>
</Event>

<Event xmlns="http://schemas.microsoft.com/win/2004/08/events/event"><System><Provider Name="Microsoft-Windows-AppXDeployment-Server" Guid="{3f471139-acb7-4a01-b7a7-ff5da4ba2d43}"></Provider>
<EventID Qualifiers="">649</EventID>
<Version>0</Version>
<Level>4</Level>
<Task>3</Task>
<Opcode>0</Opcode>
<Keywords>0x4000000000000001</Keywords>
<TimeCreated SystemTime="2020-10-22 20:58:19.220818"></TimeCreated>
<EventRecordID>518</EventRecordID>
<Correlation ActivityID="{eae887f7-a8b5-0000-60af-e8eab5a8d601}" RelatedActivityID=""></Correlation>
<Execution ProcessID="2944" ThreadID="3804"></Execution>
<Channel>Microsoft-Windows-AppXDeploymentServer/Operational</Channel>
<Computer>WIN-PTFPHFCRDJ0</Computer>
<Security UserID="S-1-5-21-1152959844-3645458174-3779170896-1000"></Security>
</System>
<EventData><Data Name="DeploymentOperation">6</Data>
<Data Name="PackageFullName">Microsoft.Win32WebViewHost_10.0.17763.1_neutral_neutral_cw5n1h2txyewy</Data>
<Data Name="Summary">PostDeploymentOperationCheck cost: 0 ms</Data>
</EventData>
</Event>

<Event xmlns="http://schemas.microsoft.com/win/2004/08/events/event"><System><Provider Name="Microsoft-Windows-AppXDeployment-Server" Guid="{3f471139-acb7-4a01-b7a7-ff5da4ba2d43}"></Provider>
<EventID Qualifiers="">649</EventID>
<Version>0</Version>
<Level>4</Level>
<Task>3</Task>
<Opcode>0</Opcode>
<Keywords>0x4000000000000001</Keywords>
<TimeCreated SystemTime="2020-10-22 20:58:19.271975"></TimeCreated>
<EventRecordID>519</EventRecordID>
<Correlation ActivityID="{eae887f7-a8b5-0000-60af-e8eab5a8d601}" RelatedActivityID=""></Correlation>
<Execution ProcessID="2944" ThreadID="3804"></Execution>
<Channel>Microsoft-Windows-AppXDeploymentServer/Operational</Channel>
<Computer>WIN-PTFPHFCRDJ0</Computer>
<Security UserID="S-1-5-18"></Security>
</System>
<EventData><Data Name="DeploymentOperation">6</Data>
<Data Name="PackageFullName">Microsoft.Win32WebViewHost_10.0.17763.1_neutral_neutral_cw5n1h2txyewy</Data>
<Data Name="Summary">State repository CommitTransaction cost: 63 ms</Data>
</EventData>
</Event>

<Event xmlns="http://schemas.microsoft.com/win/2004/08/events/event"><System><Provider Name="Microsoft-Windows-AppXDeployment-Server" Guid="{3f471139-acb7-4a01-b7a7-ff5da4ba2d43}"></Provider>
<EventID Qualifiers="">613</EventID>
<Version>0</Version>
<Level>4</Level>
<Task>3</Task>
<Opcode>0</Opcode>
<Keywords>0x4000000000000001</Keywords>
<TimeCreated SystemTime="2020-10-22 20:58:19.318161"></TimeCreated>
<EventRecordID>520</EventRecordID>
<Correlation ActivityID="{eae887f7-a8b5-0000-60af-e8eab5a8d601}" RelatedActivityID=""></Correlation>
<Execution ProcessID="2944" ThreadID="3804"></Execution>
<Channel>Microsoft-Windows-AppXDeploymentServer/Operational</Channel>
<Computer>WIN-PTFPHFCRDJ0</Computer>
<Security UserID="S-1-5-21-1152959844-3645458174-3779170896-1000"></Security>
</System>
<EventData><Data Name="DeploymentOperation">6</Data>
<Data Name="PackageFullName">Microsoft.Win32WebViewHost_10.0.17763.1_neutral_neutral_cw5n1h2txyewy</Data>
<Data Name="Summary">
Overall time: 844 ms
Enqueue cost: 110 ms
Dequeue delay: 15 ms
Bundle processing cost: 0 ms
Indexing cost: 47 ms
Resolve dependency cost: 0 ms
Check approval cost: 0 ms
Evaluation cost: 16 ms
Hardlinking evaluation cost: 0 ms
Stage required cost: 0 ms
Flushing and closing files cost: 0 ms
Machine register cost: 0 ms
Stage user data cost: 15 ms
Registration cost: 438 ms
Gap: 109 ms
Data flush cost: 0 ms
Remaining cost: 94 ms
</Data>
</EventData>
</Event>

<Event xmlns="http://schemas.microsoft.com/win/2004/08/events/event"><System><Provider Name="Microsoft-Windows-AppXDeployment-Server" Guid="{3f471139-acb7-4a01-b7a7-ff5da4ba2d43}"></Provider>
<EventID Qualifiers="">821</EventID>
<Version>0</Version>
<Level>5</Level>
<Task>6</Task>
<Opcode>0</Opcode>
<Keywords>0x4000000000000001</Keywords>
<TimeCreated SystemTime="2020-10-22 20:58:19.319450"></TimeCreated>
<EventRecordID>521</EventRecordID>
<Correlation ActivityID="{eae887f7-a8b5-0000-42b0-e8eab5a8d601}" RelatedActivityID=""></Correlation>
<Execution ProcessID="3748" ThreadID="1112"></Execution>
<Channel>Microsoft-Windows-AppXDeploymentServer/Operational</Channel>
<Computer>WIN-PTFPHFCRDJ0</Computer>
<Security UserID="S-1-5-18"></Security>
</System>
<EventData><Data Name="UserSid">S-1-5-21-1152959844-3645458174-3779170896-1000</Data>
<Data Name="MainPackageFullName">Microsoft.Win32WebViewHost_10.0.17763.1_neutral_neutral_cw5n1h2txyewy</Data>
<Data Name="ErrorCode">0x00000000</Data>
</EventData>
</Event>

<Event xmlns="http://schemas.microsoft.com/win/2004/08/events/event"><System><Provider Name="Microsoft-Windows-AppXDeployment-Server" Guid="{3f471139-acb7-4a01-b7a7-ff5da4ba2d43}"></Provider>
<EventID Qualifiers="">822</EventID>
<Version>0</Version>
<Level>5</Level>
<Task>6</Task>
<Opcode>0</Opcode>
<Keywords>0x4000000000000001</Keywords>
<TimeCreated SystemTime="2020-10-22 20:58:19.319658"></TimeCreated>
<EventRecordID>522</EventRecordID>
<Correlation ActivityID="{eae887f7-a8b5-0000-42b0-e8eab5a8d601}" RelatedActivityID=""></Correlation>
<Execution ProcessID="3748" ThreadID="1112"></Execution>
<Channel>Microsoft-Windows-AppXDeploymentServer/Operational</Channel>
<Computer>WIN-PTFPHFCRDJ0</Computer>
<Security UserID="S-1-5-18"></Security>
</System>
<EventData><Data Name="Error">0x00000000</Data>
<Data Name="PackageMoniker">Microsoft.Win32WebViewHost_10.0.17763.1_neutral_neutral_cw5n1h2txyewy</Data>
</EventData>
</Event>

<Event xmlns="http://schemas.microsoft.com/win/2004/08/events/event"><System><Provider Name="Microsoft-Windows-AppXDeployment-Server" Guid="{3f471139-acb7-4a01-b7a7-ff5da4ba2d43}"></Provider>
<EventID Qualifiers="">603</EventID>
<Version>0</Version>
<Level>4</Level>
<Task>3</Task>
<Opcode>0</Opcode>
<Keywords>0x4000000000000001</Keywords>
<TimeCreated SystemTime="2020-10-22 20:58:19.331015"></TimeCreated>
<EventRecordID>523</EventRecordID>
<Correlation ActivityID="{eae887f7-a8b5-0000-44b0-e8eab5a8d601}" RelatedActivityID=""></Correlation>
<Execution ProcessID="2944" ThreadID="1232"></Execution>
<Channel>Microsoft-Windows-AppXDeploymentServer/Operational</Channel>
<Computer>WIN-PTFPHFCRDJ0</Computer>
<Security UserID="S-1-5-21-1152959844-3645458174-3779170896-1000"></Security>
</System>
<EventData><Data Name="DeploymentOperation">20</Data>
<Data Name="Path">Microsoft.LockApp_cw5n1h2txyewy</Data>
<Data Name="Flags">67109440</Data>
<Data Name="FlagsHigh">0</Data>
<Data Name="CallingProcess">svchost.exe,AppReadiness</Data>
</EventData>
</Event>

<Event xmlns="http://schemas.microsoft.com/win/2004/08/events/event"><System><Provider Name="Microsoft-Windows-AppXDeployment-Server" Guid="{3f471139-acb7-4a01-b7a7-ff5da4ba2d43}"></Provider>
<EventID Qualifiers="">10002</EventID>
<Version>0</Version>
<Level>5</Level>
<Task>3</Task>
<Opcode>0</Opcode>
<Keywords>0x4000000000000001</Keywords>
<TimeCreated SystemTime="2020-10-22 20:58:19.409342"></TimeCreated>
<EventRecordID>524</EventRecordID>
<Correlation ActivityID="{eae887f7-a8b5-0000-44b0-e8eab5a8d601}" RelatedActivityID=""></Correlation>
<Execution ProcessID="2944" ThreadID="3804"></Execution>
<Channel>Microsoft-Windows-AppXDeploymentServer/Operational</Channel>
<Computer>WIN-PTFPHFCRDJ0</Computer>
<Security UserID="S-1-5-18"></Security>
</System>
<EventData><Data Name="DeploymentOperation">6</Data>
<Data Name="MainPackageMoniker">Microsoft.LockApp_10.0.17763.1_neutral__cw5n1h2txyewy</Data>
<Data Name="ResiliencyFilePath">C:\ProgramData\Microsoft\Windows\AppRepository\fda2e33d-bbb0-4e5c-9eec-675cf039356e_S-1-5-21-1152959844-3645458174-3779170896-1000_14.rslc</Data>
</EventData>
</Event>

<Event xmlns="http://schemas.microsoft.com/win/2004/08/events/event"><System><Provider Name="Microsoft-Windows-AppXDeployment-Server" Guid="{3f471139-acb7-4a01-b7a7-ff5da4ba2d43}"></Provider>
<EventID Qualifiers="">607</EventID>
<Version>0</Version>
<Level>4</Level>
<Task>0</Task>
<Opcode>0</Opcode>
<Keywords>0x4000000000000001</Keywords>
<TimeCreated SystemTime="2020-10-22 20:58:19.409637"></TimeCreated>
<EventRecordID>525</EventRecordID>
<Correlation ActivityID="{eae887f7-a8b5-0000-44b0-e8eab5a8d601}" RelatedActivityID=""></Correlation>
<Execution ProcessID="2944" ThreadID="3804"></Execution>
<Channel>Microsoft-Windows-AppXDeploymentServer/Operational</Channel>
<Computer>WIN-PTFPHFCRDJ0</Computer>
<Security UserID="S-1-5-21-1152959844-3645458174-3779170896-1000"></Security>
</System>
<EventData><Data Name="DeploymentOperation">6</Data>
<Data Name="PackageFullName">Microsoft.LockApp_10.0.17763.1_neutral__cw5n1h2txyewy</Data>
<Data Name="UserSid">S-1-5-21-1152959844-3645458174-3779170896-1000</Data>
<Data Name="CallingProcess">svchost.exe,AppReadiness</Data>
</EventData>
</Event>

<Event xmlns="http://schemas.microsoft.com/win/2004/08/events/event"><System><Provider Name="Microsoft-Windows-AppXDeployment-Server" Guid="{3f471139-acb7-4a01-b7a7-ff5da4ba2d43}"></Provider>
<EventID Qualifiers="">854</EventID>
<Version>0</Version>
<Level>4</Level>
<Task>3</Task>
<Opcode>0</Opcode>
<Keywords>0x4000000000000001</Keywords>
<TimeCreated SystemTime="2020-10-22 20:58:19.409941"></TimeCreated>
<EventRecordID>526</EventRecordID>
<Correlation ActivityID="{eae887f7-a8b5-0000-44b0-e8eab5a8d601}" RelatedActivityID=""></Correlation>
<Execution ProcessID="2944" ThreadID="3804"></Execution>
<Channel>Microsoft-Windows-AppXDeploymentServer/Operational</Channel>
<Computer>WIN-PTFPHFCRDJ0</Computer>
<Security UserID="S-1-5-21-1152959844-3645458174-3779170896-1000"></Security>
</System>
<EventData><Data Name="Path"> C:\Windows\SystemApps\Microsoft.LockApp_cw5n1h2txyewy\AppxManifest.xml</Data>
</EventData>
</Event>

<Event xmlns="http://schemas.microsoft.com/win/2004/08/events/event"><System><Provider Name="Microsoft-Windows-AppXDeployment-Server" Guid="{3f471139-acb7-4a01-b7a7-ff5da4ba2d43}"></Provider>
<EventID Qualifiers="">855</EventID>
<Version>0</Version>
<Level>4</Level>
<Task>4</Task>
<Opcode>0</Opcode>
<Keywords>0x4000000000000001</Keywords>
<TimeCreated SystemTime="2020-10-22 20:58:19.440434"></TimeCreated>
<EventRecordID>527</EventRecordID>
<Correlation ActivityID="{eae887f7-a8b5-0000-44b0-e8eab5a8d601}" RelatedActivityID=""></Correlation>
<Execution ProcessID="2944" ThreadID="3804"></Execution>
<Channel>Microsoft-Windows-AppXDeploymentServer/Operational</Channel>
<Computer>WIN-PTFPHFCRDJ0</Computer>
<Security UserID="S-1-5-21-1152959844-3645458174-3779170896-1000"></Security>
</System>
<EventData><Data Name="PackageMoniker"> addPackageList: Microsoft.LockApp_10.0.17763.1_neutral__cw5n1h2txyewy</Data>
</EventData>
</Event>

<Event xmlns="http://schemas.microsoft.com/win/2004/08/events/event"><System><Provider Name="Microsoft-Windows-AppXDeployment-Server" Guid="{3f471139-acb7-4a01-b7a7-ff5da4ba2d43}"></Provider>
<EventID Qualifiers="">573</EventID>
<Version>0</Version>
<Level>4</Level>
<Task>47</Task>
<Opcode>0</Opcode>
<Keywords>0x4000000000000001</Keywords>
<TimeCreated SystemTime="2020-10-22 20:58:19.466150"></TimeCreated>
<EventRecordID>528</EventRecordID>
<Correlation ActivityID="{eae887f7-a8b5-0000-44b0-e8eab5a8d601}" RelatedActivityID=""></Correlation>
<Execution ProcessID="2944" ThreadID="3804"></Execution>
<Channel>Microsoft-Windows-AppXDeploymentServer/Operational</Channel>
<Computer>WIN-PTFPHFCRDJ0</Computer>
<Security UserID="S-1-5-21-1152959844-3645458174-3779170896-1000"></Security>
</System>
<EventData><Data Name="PackageFamilyName">Microsoft.LockApp_cw5n1h2txyewy</Data>
<Data Name="SettingSyncEnabled">False</Data>
</EventData>
</Event>

<Event xmlns="http://schemas.microsoft.com/win/2004/08/events/event"><System><Provider Name="Microsoft-Windows-AppXDeployment-Server" Guid="{3f471139-acb7-4a01-b7a7-ff5da4ba2d43}"></Provider>
<EventID Qualifiers="">10000</EventID>
<Version>0</Version>
<Level>5</Level>
<Task>4</Task>
<Opcode>0</Opcode>
<Keywords>0x4000000000000001</Keywords>
<TimeCreated SystemTime="2020-10-22 20:58:19.469986"></TimeCreated>
<EventRecordID>529</EventRecordID>
<Correlation ActivityID="{eae887f7-a8b5-0000-44b0-e8eab5a8d601}" RelatedActivityID=""></Correlation>
<Execution ProcessID="2944" ThreadID="3804"></Execution>
<Channel>Microsoft-Windows-AppXDeploymentServer/Operational</Channel>
<Computer>WIN-PTFPHFCRDJ0</Computer>
<Security UserID="S-1-5-18"></Security>
</System>
<EventData><Data Name="PackageFullName">Microsoft.LockApp_10.0.17763.1_neutral__cw5n1h2txyewy</Data>
<Data Name="ErrorCode">0x00000000</Data>
</EventData>
</Event>

<Event xmlns="http://schemas.microsoft.com/win/2004/08/events/event"><System><Provider Name="Microsoft-Windows-AppXDeployment-Server" Guid="{3f471139-acb7-4a01-b7a7-ff5da4ba2d43}"></Provider>
<EventID Qualifiers="">540</EventID>
<Version>0</Version>
<Level>5</Level>
<Task>3</Task>
<Opcode>0</Opcode>
<Keywords>0x4000000000000001</Keywords>
<TimeCreated SystemTime="2020-10-22 20:58:19.650747"></TimeCreated>
<EventRecordID>530</EventRecordID>
<Correlation ActivityID="{eae887f7-a8b5-0000-44b0-e8eab5a8d601}" RelatedActivityID=""></Correlation>
<Execution ProcessID="2944" ThreadID="3804"></Execution>
<Channel>Microsoft-Windows-AppXDeploymentServer/Operational</Channel>
<Computer>WIN-PTFPHFCRDJ0</Computer>
<Security UserID="S-1-5-18"></Security>
</System>
<EventData><Data Name="PackageFullName">Microsoft.LockApp_10.0.17763.1_neutral__cw5n1h2txyewy</Data>
<Data Name="Architecture">64</Data>
</EventData>
</Event>

<Event xmlns="http://schemas.microsoft.com/win/2004/08/events/event"><System><Provider Name="Microsoft-Windows-AppXDeployment-Server" Guid="{3f471139-acb7-4a01-b7a7-ff5da4ba2d43}"></Provider>
<EventID Qualifiers="">541</EventID>
<Version>0</Version>
<Level>5</Level>
<Task>3</Task>
<Opcode>0</Opcode>
<Keywords>0x4000000000000001</Keywords>
<TimeCreated SystemTime="2020-10-22 20:58:19.654007"></TimeCreated>
<EventRecordID>531</EventRecordID>
<Correlation ActivityID="{eae887f7-a8b5-0000-44b0-e8eab5a8d601}" RelatedActivityID=""></Correlation>
<Execution ProcessID="2944" ThreadID="3804"></Execution>
<Channel>Microsoft-Windows-AppXDeploymentServer/Operational</Channel>
<Computer>WIN-PTFPHFCRDJ0</Computer>
<Security UserID="S-1-5-18"></Security>
</System>
<EventData><Data Name="PackageFullName">Microsoft.LockApp_10.0.17763.1_neutral__cw5n1h2txyewy</Data>
<Data Name="Architecture">64</Data>
</EventData>
</Event>

<Event xmlns="http://schemas.microsoft.com/win/2004/08/events/event"><System><Provider Name="Microsoft-Windows-AppXDeployment-Server" Guid="{3f471139-acb7-4a01-b7a7-ff5da4ba2d43}"></Provider>
<EventID Qualifiers="">10001</EventID>
<Version>0</Version>
<Level>5</Level>
<Task>4</Task>
<Opcode>0</Opcode>
<Keywords>0x4000000000000001</Keywords>
<TimeCreated SystemTime="2020-10-22 20:58:19.708813"></TimeCreated>
<EventRecordID>532</EventRecordID>
<Correlation ActivityID="{eae887f7-a8b5-0000-44b0-e8eab5a8d601}" RelatedActivityID=""></Correlation>
<Execution ProcessID="2944" ThreadID="3804"></Execution>
<Channel>Microsoft-Windows-AppXDeploymentServer/Operational</Channel>
<Computer>WIN-PTFPHFCRDJ0</Computer>
<Security UserID="S-1-5-21-1152959844-3645458174-3779170896-1000"></Security>
</System>
<EventData><Data Name="PackageFullName">Microsoft.LockApp_10.0.17763.1_neutral__cw5n1h2txyewy</Data>
<Data Name="ErrorCode">0x00000000</Data>
</EventData>
</Event>

<Event xmlns="http://schemas.microsoft.com/win/2004/08/events/event"><System><Provider Name="Microsoft-Windows-AppXDeployment-Server" Guid="{3f471139-acb7-4a01-b7a7-ff5da4ba2d43}"></Provider>
<EventID Qualifiers="">10001</EventID>
<Version>0</Version>
<Level>5</Level>
<Task>4</Task>
<Opcode>0</Opcode>
<Keywords>0x4000000000000001</Keywords>
<TimeCreated SystemTime="2020-10-22 20:58:19.708878"></TimeCreated>
<EventRecordID>533</EventRecordID>
<Correlation ActivityID="{eae887f7-a8b5-0000-44b0-e8eab5a8d601}" RelatedActivityID=""></Correlation>
<Execution ProcessID="2944" ThreadID="3804"></Execution>
<Channel>Microsoft-Windows-AppXDeploymentServer/Operational</Channel>
<Computer>WIN-PTFPHFCRDJ0</Computer>
<Security UserID="S-1-5-21-1152959844-3645458174-3779170896-1000"></Security>
</System>
<EventData><Data Name="PackageFullName">Microsoft.LockApp_10.0.17763.1_neutral__cw5n1h2txyewy</Data>
<Data Name="ErrorCode">0x00000000</Data>
</EventData>
</Event>

<Event xmlns="http://schemas.microsoft.com/win/2004/08/events/event"><System><Provider Name="Microsoft-Windows-AppXDeployment-Server" Guid="{3f471139-acb7-4a01-b7a7-ff5da4ba2d43}"></Provider>
<EventID Qualifiers="">617</EventID>
<Version>0</Version>
<Level>5</Level>
<Task>3</Task>
<Opcode>0</Opcode>
<Keywords>0x4000000000000001</Keywords>
<TimeCreated SystemTime="2020-10-22 20:58:19.711271"></TimeCreated>
<EventRecordID>534</EventRecordID>
<Correlation ActivityID="{eae887f7-a8b5-0000-44b0-e8eab5a8d601}" RelatedActivityID=""></Correlation>
<Execution ProcessID="2944" ThreadID="3804"></Execution>
<Channel>Microsoft-Windows-AppXDeploymentServer/Operational</Channel>
<Computer>WIN-PTFPHFCRDJ0</Computer>
<Security UserID="S-1-5-18"></Security>
</System>
<EventData><Data Name="PackageFullName">Microsoft.LockApp_10.0.17763.1_neutral__cw5n1h2txyewy</Data>
<Data Name="StatusToClear">0x00000c00</Data>
<Data Name="StatusToSet">0x00000000</Data>
<Data Name="CallOrigin">0</Data>
</EventData>
</Event>

<Event xmlns="http://schemas.microsoft.com/win/2004/08/events/event"><System><Provider Name="Microsoft-Windows-AppXDeployment-Server" Guid="{3f471139-acb7-4a01-b7a7-ff5da4ba2d43}"></Provider>
<EventID Qualifiers="">400</EventID>
<Version>0</Version>
<Level>4</Level>
<Task>3</Task>
<Opcode>2</Opcode>
<Keywords>0x4000000000000001</Keywords>
<TimeCreated SystemTime="2020-10-22 20:58:19.761108"></TimeCreated>
<EventRecordID>535</EventRecordID>
<Correlation ActivityID="{eae887f7-a8b5-0000-44b0-e8eab5a8d601}" RelatedActivityID=""></Correlation>
<Execution ProcessID="2944" ThreadID="3804"></Execution>
<Channel>Microsoft-Windows-AppXDeploymentServer/Operational</Channel>
<Computer>WIN-PTFPHFCRDJ0</Computer>
<Security UserID="S-1-5-21-1152959844-3645458174-3779170896-1000"></Security>
</System>
<EventData><Data Name="DeploymentOperation">6</Data>
<Data Name="PackageFullName">Microsoft.LockApp_10.0.17763.1_neutral__cw5n1h2txyewy</Data>
<Data Name="Path"> (AppxManifest.xml) </Data>
<Data Name="MountPoint">C:</Data>
<Data Name="TargetPlatform">0x00000000</Data>
<Data Name="SystemVolume">True</Data>
<Data Name="StorageId">\\?\Volume{962e1b8c-bf58-4dfe-adc8-abd1a164675b}</Data>
<Data Name="IsCentennial">False</Data>
<Data Name="PackageType">0x00000001</Data>
<Data Name="IsPackageEncrypted">False</Data>
<Data Name="DeploymentOptions">0x0000000004040240</Data>
<Data Name="IsStreamingPackage">False</Data>
<Data Name="IsInRelatedSet">False</Data>
<Data Name="IsPackageUsingBDC">False</Data>
<Data Name="MainPackageFamilyName">NULL</Data>
<Data Name="CallingProcess">svchost.exe,AppReadiness</Data>
</EventData>
</Event>

<Event xmlns="http://schemas.microsoft.com/win/2004/08/events/event"><System><Provider Name="Microsoft-Windows-AppXDeployment-Server" Guid="{3f471139-acb7-4a01-b7a7-ff5da4ba2d43}"></Provider>
<EventID Qualifiers="">649</EventID>
<Version>0</Version>
<Level>4</Level>
<Task>3</Task>
<Opcode>0</Opcode>
<Keywords>0x4000000000000001</Keywords>
<TimeCreated SystemTime="2020-10-22 20:58:19.761736"></TimeCreated>
<EventRecordID>536</EventRecordID>
<Correlation ActivityID="{eae887f7-a8b5-0000-44b0-e8eab5a8d601}" RelatedActivityID=""></Correlation>
<Execution ProcessID="2944" ThreadID="3804"></Execution>
<Channel>Microsoft-Windows-AppXDeploymentServer/Operational</Channel>
<Computer>WIN-PTFPHFCRDJ0</Computer>
<Security UserID="S-1-5-21-1152959844-3645458174-3779170896-1000"></Security>
</System>
<EventData><Data Name="DeploymentOperation">6</Data>
<Data Name="PackageFullName">Microsoft.LockApp_10.0.17763.1_neutral__cw5n1h2txyewy</Data>
<Data Name="Summary">PostDeploymentOperationCheck cost: 0 ms</Data>
</EventData>
</Event>

<Event xmlns="http://schemas.microsoft.com/win/2004/08/events/event"><System><Provider Name="Microsoft-Windows-AppXDeployment-Server" Guid="{3f471139-acb7-4a01-b7a7-ff5da4ba2d43}"></Provider>
<EventID Qualifiers="">649</EventID>
<Version>0</Version>
<Level>4</Level>
<Task>3</Task>
<Opcode>0</Opcode>
<Keywords>0x4000000000000001</Keywords>
<TimeCreated SystemTime="2020-10-22 20:58:19.778778"></TimeCreated>
<EventRecordID>537</EventRecordID>
<Correlation ActivityID="{eae887f7-a8b5-0000-44b0-e8eab5a8d601}" RelatedActivityID=""></Correlation>
<Execution ProcessID="2944" ThreadID="3804"></Execution>
<Channel>Microsoft-Windows-AppXDeploymentServer/Operational</Channel>
<Computer>WIN-PTFPHFCRDJ0</Computer>
<Security UserID="S-1-5-18"></Security>
</System>
<EventData><Data Name="DeploymentOperation">6</Data>
<Data Name="PackageFullName">Microsoft.LockApp_10.0.17763.1_neutral__cw5n1h2txyewy</Data>
<Data Name="Summary">State repository CommitTransaction cost: 16 ms</Data>
</EventData>
</Event>

<Event xmlns="http://schemas.microsoft.com/win/2004/08/events/event"><System><Provider Name="Microsoft-Windows-AppXDeployment-Server" Guid="{3f471139-acb7-4a01-b7a7-ff5da4ba2d43}"></Provider>
<EventID Qualifiers="">613</EventID>
<Version>0</Version>
<Level>4</Level>
<Task>3</Task>
<Opcode>0</Opcode>
<Keywords>0x4000000000000001</Keywords>
<TimeCreated SystemTime="2020-10-22 20:58:19.816975"></TimeCreated>
<EventRecordID>538</EventRecordID>
<Correlation ActivityID="{eae887f7-a8b5-0000-44b0-e8eab5a8d601}" RelatedActivityID=""></Correlation>
<Execution ProcessID="2944" ThreadID="3804"></Execution>
<Channel>Microsoft-Windows-AppXDeploymentServer/Operational</Channel>
<Computer>WIN-PTFPHFCRDJ0</Computer>
<Security UserID="S-1-5-21-1152959844-3645458174-3779170896-1000"></Security>
</System>
<EventData><Data Name="DeploymentOperation">6</Data>
<Data Name="PackageFullName">Microsoft.LockApp_10.0.17763.1_neutral__cw5n1h2txyewy</Data>
<Data Name="Summary">
Overall time: 484 ms
Enqueue cost: 78 ms
Dequeue delay: 0 ms
Bundle processing cost: 0 ms
Indexing cost: 31 ms
Resolve dependency cost: 0 ms
Check approval cost: 0 ms
Evaluation cost: 16 ms
Hardlinking evaluation cost: 0 ms
Stage required cost: 0 ms
Flushing and closing files cost: 0 ms
Machine register cost: 0 ms
Stage user data cost: 15 ms
Registration cost: 235 ms
Gap: 62 ms
Data flush cost: 0 ms
Remaining cost: 47 ms
</Data>
</EventData>
</Event>

<Event xmlns="http://schemas.microsoft.com/win/2004/08/events/event"><System><Provider Name="Microsoft-Windows-AppXDeployment-Server" Guid="{3f471139-acb7-4a01-b7a7-ff5da4ba2d43}"></Provider>
<EventID Qualifiers="">821</EventID>
<Version>0</Version>
<Level>5</Level>
<Task>6</Task>
<Opcode>0</Opcode>
<Keywords>0x4000000000000001</Keywords>
<TimeCreated SystemTime="2020-10-22 20:58:19.818384"></TimeCreated>
<EventRecordID>539</EventRecordID>
<Correlation ActivityID="{eae887f7-a8b5-0000-bcb0-e8eab5a8d601}" RelatedActivityID=""></Correlation>
<Execution ProcessID="3748" ThreadID="1112"></Execution>
<Channel>Microsoft-Windows-AppXDeploymentServer/Operational</Channel>
<Computer>WIN-PTFPHFCRDJ0</Computer>
<Security UserID="S-1-5-18"></Security>
</System>
<EventData><Data Name="UserSid">S-1-5-21-1152959844-3645458174-3779170896-1000</Data>
<Data Name="MainPackageFullName">Microsoft.LockApp_10.0.17763.1_neutral_neutral_cw5n1h2txyewy</Data>
<Data Name="ErrorCode">0x00000000</Data>
</EventData>
</Event>

<Event xmlns="http://schemas.microsoft.com/win/2004/08/events/event"><System><Provider Name="Microsoft-Windows-AppXDeployment-Server" Guid="{3f471139-acb7-4a01-b7a7-ff5da4ba2d43}"></Provider>
<EventID Qualifiers="">822</EventID>
<Version>0</Version>
<Level>5</Level>
<Task>6</Task>
<Opcode>0</Opcode>
<Keywords>0x4000000000000001</Keywords>
<TimeCreated SystemTime="2020-10-22 20:58:19.818617"></TimeCreated>
<EventRecordID>540</EventRecordID>
<Correlation ActivityID="{eae887f7-a8b5-0000-bcb0-e8eab5a8d601}" RelatedActivityID=""></Correlation>
<Execution ProcessID="3748" ThreadID="1112"></Execution>
<Channel>Microsoft-Windows-AppXDeploymentServer/Operational</Channel>
<Computer>WIN-PTFPHFCRDJ0</Computer>
<Security UserID="S-1-5-18"></Security>
</System>
<EventData><Data Name="Error">0x00000000</Data>
<Data Name="PackageMoniker">Microsoft.LockApp_10.0.17763.1_neutral_neutral_cw5n1h2txyewy</Data>
</EventData>
</Event>

<Event xmlns="http://schemas.microsoft.com/win/2004/08/events/event"><System><Provider Name="Microsoft-Windows-AppXDeployment-Server" Guid="{3f471139-acb7-4a01-b7a7-ff5da4ba2d43}"></Provider>
<EventID Qualifiers="">603</EventID>
<Version>0</Version>
<Level>4</Level>
<Task>3</Task>
<Opcode>0</Opcode>
<Keywords>0x4000000000000001</Keywords>
<TimeCreated SystemTime="2020-10-22 20:58:19.823776"></TimeCreated>
<EventRecordID>541</EventRecordID>
<Correlation ActivityID="{eae887f7-a8b5-0000-beb0-e8eab5a8d601}" RelatedActivityID=""></Correlation>
<Execution ProcessID="2944" ThreadID="5044"></Execution>
<Channel>Microsoft-Windows-AppXDeploymentServer/Operational</Channel>
<Computer>WIN-PTFPHFCRDJ0</Computer>
<Security UserID="S-1-5-21-1152959844-3645458174-3779170896-1000"></Security>
</System>
<EventData><Data Name="DeploymentOperation">20</Data>
<Data Name="Path">Microsoft.ECApp_8wekyb3d8bbwe</Data>
<Data Name="Flags">67109440</Data>
<Data Name="FlagsHigh">0</Data>
<Data Name="CallingProcess">svchost.exe,AppReadiness</Data>
</EventData>
</Event>

<Event xmlns="http://schemas.microsoft.com/win/2004/08/events/event"><System><Provider Name="Microsoft-Windows-AppXDeployment-Server" Guid="{3f471139-acb7-4a01-b7a7-ff5da4ba2d43}"></Provider>
<EventID Qualifiers="">10002</EventID>
<Version>0</Version>
<Level>5</Level>
<Task>3</Task>
<Opcode>0</Opcode>
<Keywords>0x4000000000000001</Keywords>
<TimeCreated SystemTime="2020-10-22 20:58:19.896811"></TimeCreated>
<EventRecordID>542</EventRecordID>
<Correlation ActivityID="{eae887f7-a8b5-0000-beb0-e8eab5a8d601}" RelatedActivityID=""></Correlation>
<Execution ProcessID="2944" ThreadID="3804"></Execution>
<Channel>Microsoft-Windows-AppXDeploymentServer/Operational</Channel>
<Computer>WIN-PTFPHFCRDJ0</Computer>
<Security UserID="S-1-5-18"></Security>
</System>
<EventData><Data Name="DeploymentOperation">6</Data>
<Data Name="MainPackageMoniker">Microsoft.ECApp_10.0.17763.1_neutral__8wekyb3d8bbwe</Data>
<Data Name="ResiliencyFilePath">C:\ProgramData\Microsoft\Windows\AppRepository\fda2e33d-bbb0-4e5c-9eec-675cf039356e_S-1-5-21-1152959844-3645458174-3779170896-1000_15.rslc</Data>
</EventData>
</Event>

<Event xmlns="http://schemas.microsoft.com/win/2004/08/events/event"><System><Provider Name="Microsoft-Windows-AppXDeployment-Server" Guid="{3f471139-acb7-4a01-b7a7-ff5da4ba2d43}"></Provider>
<EventID Qualifiers="">607</EventID>
<Version>0</Version>
<Level>4</Level>
<Task>0</Task>
<Opcode>0</Opcode>
<Keywords>0x4000000000000001</Keywords>
<TimeCreated SystemTime="2020-10-22 20:58:19.897081"></TimeCreated>
<EventRecordID>543</EventRecordID>
<Correlation ActivityID="{eae887f7-a8b5-0000-beb0-e8eab5a8d601}" RelatedActivityID=""></Correlation>
<Execution ProcessID="2944" ThreadID="3804"></Execution>
<Channel>Microsoft-Windows-AppXDeploymentServer/Operational</Channel>
<Computer>WIN-PTFPHFCRDJ0</Computer>
<Security UserID="S-1-5-21-1152959844-3645458174-3779170896-1000"></Security>
</System>
<EventData><Data Name="DeploymentOperation">6</Data>
<Data Name="PackageFullName">Microsoft.ECApp_10.0.17763.1_neutral__8wekyb3d8bbwe</Data>
<Data Name="UserSid">S-1-5-21-1152959844-3645458174-3779170896-1000</Data>
<Data Name="CallingProcess">svchost.exe,AppReadiness</Data>
</EventData>
</Event>

<Event xmlns="http://schemas.microsoft.com/win/2004/08/events/event"><System><Provider Name="Microsoft-Windows-AppXDeployment-Server" Guid="{3f471139-acb7-4a01-b7a7-ff5da4ba2d43}"></Provider>
<EventID Qualifiers="">854</EventID>
<Version>0</Version>
<Level>4</Level>
<Task>3</Task>
<Opcode>0</Opcode>
<Keywords>0x4000000000000001</Keywords>
<TimeCreated SystemTime="2020-10-22 20:58:19.897383"></TimeCreated>
<EventRecordID>544</EventRecordID>
<Correlation ActivityID="{eae887f7-a8b5-0000-beb0-e8eab5a8d601}" RelatedActivityID=""></Correlation>
<Execution ProcessID="2944" ThreadID="3804"></Execution>
<Channel>Microsoft-Windows-AppXDeploymentServer/Operational</Channel>
<Computer>WIN-PTFPHFCRDJ0</Computer>
<Security UserID="S-1-5-21-1152959844-3645458174-3779170896-1000"></Security>
</System>
<EventData><Data Name="Path"> C:\Windows\SystemApps\Microsoft.ECApp_8wekyb3d8bbwe\AppxManifest.xml</Data>
</EventData>
</Event>

<Event xmlns="http://schemas.microsoft.com/win/2004/08/events/event"><System><Provider Name="Microsoft-Windows-AppXDeployment-Server" Guid="{3f471139-acb7-4a01-b7a7-ff5da4ba2d43}"></Provider>
<EventID Qualifiers="">855</EventID>
<Version>0</Version>
<Level>4</Level>
<Task>4</Task>
<Opcode>0</Opcode>
<Keywords>0x4000000000000001</Keywords>
<TimeCreated SystemTime="2020-10-22 20:58:19.904907"></TimeCreated>
<EventRecordID>545</EventRecordID>
<Correlation ActivityID="{eae887f7-a8b5-0000-beb0-e8eab5a8d601}" RelatedActivityID=""></Correlation>
<Execution ProcessID="2944" ThreadID="3804"></Execution>
<Channel>Microsoft-Windows-AppXDeploymentServer/Operational</Channel>
<Computer>WIN-PTFPHFCRDJ0</Computer>
<Security UserID="S-1-5-21-1152959844-3645458174-3779170896-1000"></Security>
</System>
<EventData><Data Name="PackageMoniker"> addPackageList: Microsoft.ECApp_10.0.17763.1_neutral__8wekyb3d8bbwe</Data>
</EventData>
</Event>

<Event xmlns="http://schemas.microsoft.com/win/2004/08/events/event"><System><Provider Name="Microsoft-Windows-AppXDeployment-Server" Guid="{3f471139-acb7-4a01-b7a7-ff5da4ba2d43}"></Provider>
<EventID Qualifiers="">573</EventID>
<Version>0</Version>
<Level>4</Level>
<Task>47</Task>
<Opcode>0</Opcode>
<Keywords>0x4000000000000001</Keywords>
<TimeCreated SystemTime="2020-10-22 20:58:19.923866"></TimeCreated>
<EventRecordID>546</EventRecordID>
<Correlation ActivityID="{eae887f7-a8b5-0000-beb0-e8eab5a8d601}" RelatedActivityID=""></Correlation>
<Execution ProcessID="2944" ThreadID="3804"></Execution>
<Channel>Microsoft-Windows-AppXDeploymentServer/Operational</Channel>
<Computer>WIN-PTFPHFCRDJ0</Computer>
<Security UserID="S-1-5-21-1152959844-3645458174-3779170896-1000"></Security>
</System>
<EventData><Data Name="PackageFamilyName">Microsoft.ECApp_8wekyb3d8bbwe</Data>
<Data Name="SettingSyncEnabled">False</Data>
</EventData>
</Event>

