<Event xmlns="http://schemas.microsoft.com/win/2004/08/events/event"><System><Provider Name="Microsoft-Windows-Windows Firewall With Advanced Security" Guid="{d1bc9aff-2abf-4d71-9146-ecb2a986eb85}"></Provider>
<EventID Qualifiers="">2004</EventID>
<Version>0</Version>
<Level>4</Level>
<Task>0</Task>
<Opcode>0</Opcode>
<Keywords>0x8000020000000000</Keywords>
<TimeCreated SystemTime="2020-10-22 20:52:30.527918"></TimeCreated>
<EventRecordID>25</EventRecordID>
<Correlation ActivityID="" RelatedActivityID=""></Correlation>
<Execution ProcessID="1892" ThreadID="1132"></Execution>
<Channel>Microsoft-Windows-Windows Firewall With Advanced Security/Firewall</Channel>
<Computer>WIN-PTFPHFCRDJ0</Computer>
<Security UserID="S-1-5-19"></Security>
</System>
<EventData><Data Name="RuleId">{FA7E4943-C11A-4D62-92A4-0DE574F575F1}</Data>
<Data Name="RuleName">@{Microsoft.Windows.ShellExperienceHost_10.0.17763.1_neutral_neutral_cw5n1h2txyewy?ms-resource://Microsoft.Windows.ShellExperienceHost/resources/PkgDisplayName}</Data>
<Data Name="Origin">1</Data>
<Data Name="ApplicationPath"></Data>
<Data Name="ServiceName"></Data>
<Data Name="Direction">2</Data>
<Data Name="Protocol">256</Data>
<Data Name="LocalPorts"></Data>
<Data Name="RemotePorts"></Data>
<Data Name="Action">3</Data>
<Data Name="Profiles">7</Data>
<Data Name="LocalAddresses">*</Data>
<Data Name="RemoteAddresses">*</Data>
<Data Name="RemoteMachineAuthorizationList"></Data>
<Data Name="RemoteUserAuthorizationList"></Data>
<Data Name="EmbeddedContext">@{Microsoft.Windows.ShellExperienceHost_10.0.17763.1_neutral_neutral_cw5n1h2txyewy?ms-resource://Microsoft.Windows.ShellExperienceHost/resources/PkgDisplayName}</Data>
<Data Name="Flags">1</Data>
<Data Name="Active">1</Data>
<Data Name="EdgeTraversal">0</Data>
<Data Name="LooseSourceMapped">0</Data>
<Data Name="SecurityOptions">0</Data>
<Data Name="ModifyingUser">S-1-5-80-3088073201-1464728630-1879813800-1107566885-823218052</Data>
<Data Name="ModifyingApplication">C:\Windows\System32\svchost.exe</Data>
<Data Name="SchemaVersion">541</Data>
<Data Name="RuleStatus">65536</Data>
<Data Name="LocalOnlyMapped">0</Data>
</EventData>
</Event>

<Event xmlns="http://schemas.microsoft.com/win/2004/08/events/event"><System><Provider Name="Microsoft-Windows-Windows Firewall With Advanced Security" Guid="{d1bc9aff-2abf-4d71-9146-ecb2a986eb85}"></Provider>
<EventID Qualifiers="">2004</EventID>
<Version>0</Version>
<Level>4</Level>
<Task>0</Task>
<Opcode>0</Opcode>
<Keywords>0x8000020000000000</Keywords>
<TimeCreated SystemTime="2020-10-22 20:52:30.528831"></TimeCreated>
<EventRecordID>26</EventRecordID>
<Correlation ActivityID="" RelatedActivityID=""></Correlation>
<Execution ProcessID="1892" ThreadID="1132"></Execution>
<Channel>Microsoft-Windows-Windows Firewall With Advanced Security/Firewall</Channel>
<Computer>WIN-PTFPHFCRDJ0</Computer>
<Security UserID="S-1-5-19"></Security>
</System>
<EventData><Data Name="RuleId">{F1425E77-D201-497D-BAD9-9700EBAB51C3}</Data>
<Data Name="RuleName">@{Microsoft.Windows.ShellExperienceHost_10.0.17763.1_neutral_neutral_cw5n1h2txyewy?ms-resource://Microsoft.Windows.ShellExperienceHost/resources/PkgDisplayName}</Data>
<Data Name="Origin">1</Data>
<Data Name="ApplicationPath"></Data>
<Data Name="ServiceName"></Data>
<Data Name="Direction">2</Data>
<Data Name="Protocol">256</Data>
<Data Name="LocalPorts"></Data>
<Data Name="RemotePorts"></Data>
<Data Name="Action">3</Data>
<Data Name="Profiles">7</Data>
<Data Name="LocalAddresses">*</Data>
<Data Name="RemoteAddresses">*</Data>
<Data Name="RemoteMachineAuthorizationList"></Data>
<Data Name="RemoteUserAuthorizationList"></Data>
<Data Name="EmbeddedContext">@{Microsoft.Windows.ShellExperienceHost_10.0.17763.1_neutral_neutral_cw5n1h2txyewy?ms-resource://Microsoft.Windows.ShellExperienceHost/resources/PkgDisplayName}</Data>
<Data Name="Flags">1</Data>
<Data Name="Active">1</Data>
<Data Name="EdgeTraversal">0</Data>
<Data Name="LooseSourceMapped">0</Data>
<Data Name="SecurityOptions">0</Data>
<Data Name="ModifyingUser">S-1-5-80-3088073201-1464728630-1879813800-1107566885-823218052</Data>
<Data Name="ModifyingApplication">C:\Windows\System32\svchost.exe</Data>
<Data Name="SchemaVersion">541</Data>
<Data Name="RuleStatus">65536</Data>
<Data Name="LocalOnlyMapped">0</Data>
</EventData>
</Event>

<Event xmlns="http://schemas.microsoft.com/win/2004/08/events/event"><System><Provider Name="Microsoft-Windows-Windows Firewall With Advanced Security" Guid="{d1bc9aff-2abf-4d71-9146-ecb2a986eb85}"></Provider>
<EventID Qualifiers="">2004</EventID>
<Version>0</Version>
<Level>4</Level>
<Task>0</Task>
<Opcode>0</Opcode>
<Keywords>0x8000020000000000</Keywords>
<TimeCreated SystemTime="2020-10-22 20:52:30.854090"></TimeCreated>
<EventRecordID>27</EventRecordID>
<Correlation ActivityID="" RelatedActivityID=""></Correlation>
<Execution ProcessID="1892" ThreadID="1132"></Execution>
<Channel>Microsoft-Windows-Windows Firewall With Advanced Security/Firewall</Channel>
<Computer>WIN-PTFPHFCRDJ0</Computer>
<Security UserID="S-1-5-19"></Security>
</System>
<EventData><Data Name="RuleId">{D198C757-71AB-48B0-BE25-62736EB6EC16}</Data>
<Data Name="RuleName">@{Microsoft.Windows.Cortana_1.11.5.17763_neutral_neutral_cw5n1h2txyewy?ms-resource://Microsoft.Windows.Cortana/resources/PackageDisplayName}</Data>
<Data Name="Origin">1</Data>
<Data Name="ApplicationPath"></Data>
<Data Name="ServiceName"></Data>
<Data Name="Direction">1</Data>
<Data Name="Protocol">256</Data>
<Data Name="LocalPorts"></Data>
<Data Name="RemotePorts"></Data>
<Data Name="Action">2</Data>
<Data Name="Profiles">2147483647</Data>
<Data Name="LocalAddresses">*</Data>
<Data Name="RemoteAddresses">*</Data>
<Data Name="RemoteMachineAuthorizationList"></Data>
<Data Name="RemoteUserAuthorizationList"></Data>
<Data Name="EmbeddedContext">@{Microsoft.Windows.Cortana_1.11.5.17763_neutral_neutral_cw5n1h2txyewy?ms-resource://Microsoft.Windows.Cortana/resources/PackageDisplayName}</Data>
<Data Name="Flags">1</Data>
<Data Name="Active">1</Data>
<Data Name="EdgeTraversal">0</Data>
<Data Name="LooseSourceMapped">0</Data>
<Data Name="SecurityOptions">0</Data>
<Data Name="ModifyingUser">S-1-5-80-3088073201-1464728630-1879813800-1107566885-823218052</Data>
<Data Name="ModifyingApplication">C:\Windows\System32\svchost.exe</Data>
<Data Name="SchemaVersion">541</Data>
<Data Name="RuleStatus">65536</Data>
<Data Name="LocalOnlyMapped">0</Data>
</EventData>
</Event>

<Event xmlns="http://schemas.microsoft.com/win/2004/08/events/event"><System><Provider Name="Microsoft-Windows-Windows Firewall With Advanced Security" Guid="{d1bc9aff-2abf-4d71-9146-ecb2a986eb85}"></Provider>
<EventID Qualifiers="">2004</EventID>
<Version>0</Version>
<Level>4</Level>
<Task>0</Task>
<Opcode>0</Opcode>
<Keywords>0x8000020000000000</Keywords>
<TimeCreated SystemTime="2020-10-22 20:52:30.857185"></TimeCreated>
<EventRecordID>28</EventRecordID>
<Correlation ActivityID="" RelatedActivityID=""></Correlation>
<Execution ProcessID="1892" ThreadID="1132"></Execution>
<Channel>Microsoft-Windows-Windows Firewall With Advanced Security/Firewall</Channel>
<Computer>WIN-PTFPHFCRDJ0</Computer>
<Security UserID="S-1-5-19"></Security>
</System>
<EventData><Data Name="RuleId">{F93F2D13-53AF-40B6-9D7E-050990B112E6}</Data>
<Data Name="RuleName">@{Microsoft.Windows.Cortana_1.11.5.17763_neutral_neutral_cw5n1h2txyewy?ms-resource://Microsoft.Windows.Cortana/resources/PackageDisplayName}</Data>
<Data Name="Origin">1</Data>
<Data Name="ApplicationPath"></Data>
<Data Name="ServiceName"></Data>
<Data Name="Direction">2</Data>
<Data Name="Protocol">256</Data>
<Data Name="LocalPorts"></Data>
<Data Name="RemotePorts"></Data>
<Data Name="Action">2</Data>
<Data Name="Profiles">2147483647</Data>
<Data Name="LocalAddresses">*</Data>
<Data Name="RemoteAddresses">*</Data>
<Data Name="RemoteMachineAuthorizationList"></Data>
<Data Name="RemoteUserAuthorizationList"></Data>
<Data Name="EmbeddedContext">@{Microsoft.Windows.Cortana_1.11.5.17763_neutral_neutral_cw5n1h2txyewy?ms-resource://Microsoft.Windows.Cortana/resources/PackageDisplayName}</Data>
<Data Name="Flags">1</Data>
<Data Name="Active">1</Data>
<Data Name="EdgeTraversal">0</Data>
<Data Name="LooseSourceMapped">0</Data>
<Data Name="SecurityOptions">0</Data>
<Data Name="ModifyingUser">S-1-5-80-3088073201-1464728630-1879813800-1107566885-823218052</Data>
<Data Name="ModifyingApplication">C:\Windows\System32\svchost.exe</Data>
<Data Name="SchemaVersion">541</Data>
<Data Name="RuleStatus">65536</Data>
<Data Name="LocalOnlyMapped">0</Data>
</EventData>
</Event>

<Event xmlns="http://schemas.microsoft.com/win/2004/08/events/event"><System><Provider Name="Microsoft-Windows-Windows Firewall With Advanced Security" Guid="{d1bc9aff-2abf-4d71-9146-ecb2a986eb85}"></Provider>
<EventID Qualifiers="">2004</EventID>
<Version>0</Version>
<Level>4</Level>
<Task>0</Task>
<Opcode>0</Opcode>
<Keywords>0x8000020000000000</Keywords>
<TimeCreated SystemTime="2020-10-22 20:52:30.858112"></TimeCreated>
<EventRecordID>29</EventRecordID>
<Correlation ActivityID="" RelatedActivityID=""></Correlation>
<Execution ProcessID="1892" ThreadID="1132"></Execution>
<Channel>Microsoft-Windows-Windows Firewall With Advanced Security/Firewall</Channel>
<Computer>WIN-PTFPHFCRDJ0</Computer>
<Security UserID="S-1-5-19"></Security>
</System>
<EventData><Data Name="RuleId">{29A46852-404C-4326-85D0-B520851D12AE}</Data>
<Data Name="RuleName">@{Microsoft.Windows.Cortana_1.11.5.17763_neutral_neutral_cw5n1h2txyewy?ms-resource://Microsoft.Windows.Cortana/resources/PackageDisplayName}</Data>
<Data Name="Origin">1</Data>
<Data Name="ApplicationPath"></Data>
<Data Name="ServiceName"></Data>
<Data Name="Direction">1</Data>
<Data Name="Protocol">256</Data>
<Data Name="LocalPorts"></Data>
<Data Name="RemotePorts"></Data>
<Data Name="Action">3</Data>
<Data Name="Profiles">7</Data>
<Data Name="LocalAddresses">*</Data>
<Data Name="RemoteAddresses">*</Data>
<Data Name="RemoteMachineAuthorizationList"></Data>
<Data Name="RemoteUserAuthorizationList"></Data>
<Data Name="EmbeddedContext">@{Microsoft.Windows.Cortana_1.11.5.17763_neutral_neutral_cw5n1h2txyewy?ms-resource://Microsoft.Windows.Cortana/resources/PackageDisplayName}</Data>
<Data Name="Flags">1</Data>
<Data Name="Active">1</Data>
<Data Name="EdgeTraversal">0</Data>
<Data Name="LooseSourceMapped">0</Data>
<Data Name="SecurityOptions">0</Data>
<Data Name="ModifyingUser">S-1-5-80-3088073201-1464728630-1879813800-1107566885-823218052</Data>
<Data Name="ModifyingApplication">C:\Windows\System32\svchost.exe</Data>
<Data Name="SchemaVersion">541</Data>
<Data Name="RuleStatus">65536</Data>
<Data Name="LocalOnlyMapped">0</Data>
</EventData>
</Event>

<Event xmlns="http://schemas.microsoft.com/win/2004/08/events/event"><System><Provider Name="Microsoft-Windows-Windows Firewall With Advanced Security" Guid="{d1bc9aff-2abf-4d71-9146-ecb2a986eb85}"></Provider>
<EventID Qualifiers="">2004</EventID>
<Version>0</Version>
<Level>4</Level>
<Task>0</Task>
<Opcode>0</Opcode>
<Keywords>0x8000020000000000</Keywords>
<TimeCreated SystemTime="2020-10-22 20:52:30.858982"></TimeCreated>
<EventRecordID>30</EventRecordID>
<Correlation ActivityID="" RelatedActivityID=""></Correlation>
<Execution ProcessID="1892" ThreadID="1132"></Execution>
<Channel>Microsoft-Windows-Windows Firewall With Advanced Security/Firewall</Channel>
<Computer>WIN-PTFPHFCRDJ0</Computer>
<Security UserID="S-1-5-19"></Security>
</System>
<EventData><Data Name="RuleId">{0E8940A5-7E96-4994-8135-9D0113919DBE}</Data>
<Data Name="RuleName">@{Microsoft.Windows.Cortana_1.11.5.17763_neutral_neutral_cw5n1h2txyewy?ms-resource://Microsoft.Windows.Cortana/resources/PackageDisplayName}</Data>
<Data Name="Origin">1</Data>
<Data Name="ApplicationPath"></Data>
<Data Name="ServiceName"></Data>
<Data Name="Direction">2</Data>
<Data Name="Protocol">256</Data>
<Data Name="LocalPorts"></Data>
<Data Name="RemotePorts"></Data>
<Data Name="Action">3</Data>
<Data Name="Profiles">7</Data>
<Data Name="LocalAddresses">*</Data>
<Data Name="RemoteAddresses">*</Data>
<Data Name="RemoteMachineAuthorizationList"></Data>
<Data Name="RemoteUserAuthorizationList"></Data>
<Data Name="EmbeddedContext">@{Microsoft.Windows.Cortana_1.11.5.17763_neutral_neutral_cw5n1h2txyewy?ms-resource://Microsoft.Windows.Cortana/resources/PackageDisplayName}</Data>
<Data Name="Flags">1</Data>
<Data Name="Active">1</Data>
<Data Name="EdgeTraversal">0</Data>
<Data Name="LooseSourceMapped">0</Data>
<Data Name="SecurityOptions">0</Data>
<Data Name="ModifyingUser">S-1-5-80-3088073201-1464728630-1879813800-1107566885-823218052</Data>
<Data Name="ModifyingApplication">C:\Windows\System32\svchost.exe</Data>
<Data Name="SchemaVersion">541</Data>
<Data Name="RuleStatus">65536</Data>
<Data Name="LocalOnlyMapped">0</Data>
</EventData>
</Event>

<Event xmlns="http://schemas.microsoft.com/win/2004/08/events/event"><System><Provider Name="Microsoft-Windows-Windows Firewall With Advanced Security" Guid="{d1bc9aff-2abf-4d71-9146-ecb2a986eb85}"></Provider>
<EventID Qualifiers="">2004</EventID>
<Version>0</Version>
<Level>4</Level>
<Task>0</Task>
<Opcode>0</Opcode>
<Keywords>0x8000020000000000</Keywords>
<TimeCreated SystemTime="2020-10-22 20:52:30.859825"></TimeCreated>
<EventRecordID>31</EventRecordID>
<Correlation ActivityID="" RelatedActivityID=""></Correlation>
<Execution ProcessID="1892" ThreadID="1132"></Execution>
<Channel>Microsoft-Windows-Windows Firewall With Advanced Security/Firewall</Channel>
<Computer>WIN-PTFPHFCRDJ0</Computer>
<Security UserID="S-1-5-19"></Security>
</System>
<EventData><Data Name="RuleId">{E26B0B30-B950-416B-8F6C-B2A3B43AABC8}</Data>
<Data Name="RuleName">@{Microsoft.Windows.Cortana_1.11.5.17763_neutral_neutral_cw5n1h2txyewy?ms-resource://Microsoft.Windows.Cortana/resources/PackageDisplayName}</Data>
<Data Name="Origin">1</Data>
<Data Name="ApplicationPath"></Data>
<Data Name="ServiceName"></Data>
<Data Name="Direction">1</Data>
<Data Name="Protocol">256</Data>
<Data Name="LocalPorts"></Data>
<Data Name="RemotePorts"></Data>
<Data Name="Action">3</Data>
<Data Name="Profiles">6</Data>
<Data Name="LocalAddresses">*</Data>
<Data Name="RemoteAddresses">*</Data>
<Data Name="RemoteMachineAuthorizationList"></Data>
<Data Name="RemoteUserAuthorizationList"></Data>
<Data Name="EmbeddedContext">@{Microsoft.Windows.Cortana_1.11.5.17763_neutral_neutral_cw5n1h2txyewy?ms-resource://Microsoft.Windows.Cortana/resources/PackageDisplayName}</Data>
<Data Name="Flags">3</Data>
<Data Name="Active">1</Data>
<Data Name="EdgeTraversal">0</Data>
<Data Name="LooseSourceMapped">0</Data>
<Data Name="SecurityOptions">1</Data>
<Data Name="ModifyingUser">S-1-5-80-3088073201-1464728630-1879813800-1107566885-823218052</Data>
<Data Name="ModifyingApplication">C:\Windows\System32\svchost.exe</Data>
<Data Name="SchemaVersion">541</Data>
<Data Name="RuleStatus">65536</Data>
<Data Name="LocalOnlyMapped">0</Data>
</EventData>
</Event>

<Event xmlns="http://schemas.microsoft.com/win/2004/08/events/event"><System><Provider Name="Microsoft-Windows-Windows Firewall With Advanced Security" Guid="{d1bc9aff-2abf-4d71-9146-ecb2a986eb85}"></Provider>
<EventID Qualifiers="">2004</EventID>
<Version>0</Version>
<Level>4</Level>
<Task>0</Task>
<Opcode>0</Opcode>
<Keywords>0x8000020000000000</Keywords>
<TimeCreated SystemTime="2020-10-22 20:52:30.860697"></TimeCreated>
<EventRecordID>32</EventRecordID>
<Correlation ActivityID="" RelatedActivityID=""></Correlation>
<Execution ProcessID="1892" ThreadID="1132"></Execution>
<Channel>Microsoft-Windows-Windows Firewall With Advanced Security/Firewall</Channel>
<Computer>WIN-PTFPHFCRDJ0</Computer>
<Security UserID="S-1-5-19"></Security>
</System>
<EventData><Data Name="RuleId">{1D00BBB7-637E-4091-AE69-EEAEF1166840}</Data>
<Data Name="RuleName">@{Microsoft.Windows.Cortana_1.11.5.17763_neutral_neutral_cw5n1h2txyewy?ms-resource://Microsoft.Windows.Cortana/resources/PackageDisplayName}</Data>
<Data Name="Origin">1</Data>
<Data Name="ApplicationPath"></Data>
<Data Name="ServiceName"></Data>
<Data Name="Direction">2</Data>
<Data Name="Protocol">256</Data>
<Data Name="LocalPorts"></Data>
<Data Name="RemotePorts"></Data>
<Data Name="Action">3</Data>
<Data Name="Profiles">6</Data>
<Data Name="LocalAddresses">*</Data>
<Data Name="RemoteAddresses">*</Data>
<Data Name="RemoteMachineAuthorizationList"></Data>
<Data Name="RemoteUserAuthorizationList"></Data>
<Data Name="EmbeddedContext">@{Microsoft.Windows.Cortana_1.11.5.17763_neutral_neutral_cw5n1h2txyewy?ms-resource://Microsoft.Windows.Cortana/resources/PackageDisplayName}</Data>
<Data Name="Flags">3</Data>
<Data Name="Active">1</Data>
<Data Name="EdgeTraversal">0</Data>
<Data Name="LooseSourceMapped">0</Data>
<Data Name="SecurityOptions">1</Data>
<Data Name="ModifyingUser">S-1-5-80-3088073201-1464728630-1879813800-1107566885-823218052</Data>
<Data Name="ModifyingApplication">C:\Windows\System32\svchost.exe</Data>
<Data Name="SchemaVersion">541</Data>
<Data Name="RuleStatus">65536</Data>
<Data Name="LocalOnlyMapped">0</Data>
</EventData>
</Event>

<Event xmlns="http://schemas.microsoft.com/win/2004/08/events/event"><System><Provider Name="Microsoft-Windows-Windows Firewall With Advanced Security" Guid="{d1bc9aff-2abf-4d71-9146-ecb2a986eb85}"></Provider>
<EventID Qualifiers="">2004</EventID>
<Version>0</Version>
<Level>4</Level>
<Task>0</Task>
<Opcode>0</Opcode>
<Keywords>0x8000020000000000</Keywords>
<TimeCreated SystemTime="2020-10-22 20:52:30.861559"></TimeCreated>
<EventRecordID>33</EventRecordID>
<Correlation ActivityID="" RelatedActivityID=""></Correlation>
<Execution ProcessID="1892" ThreadID="1132"></Execution>
<Channel>Microsoft-Windows-Windows Firewall With Advanced Security/Firewall</Channel>
<Computer>WIN-PTFPHFCRDJ0</Computer>
<Security UserID="S-1-5-19"></Security>
</System>
<EventData><Data Name="RuleId">{18E3F2BE-47FA-47F3-A80D-ACC73FDF8FC1}</Data>
<Data Name="RuleName">@{Microsoft.Windows.Cortana_1.11.5.17763_neutral_neutral_cw5n1h2txyewy?ms-resource://Microsoft.Windows.Cortana/resources/PackageDisplayName}</Data>
<Data Name="Origin">1</Data>
<Data Name="ApplicationPath"></Data>
<Data Name="ServiceName"></Data>
<Data Name="Direction">2</Data>
<Data Name="Protocol">256</Data>
<Data Name="LocalPorts"></Data>
<Data Name="RemotePorts"></Data>
<Data Name="Action">3</Data>
<Data Name="Profiles">7</Data>
<Data Name="LocalAddresses">*</Data>
<Data Name="RemoteAddresses">*</Data>
<Data Name="RemoteMachineAuthorizationList"></Data>
<Data Name="RemoteUserAuthorizationList"></Data>
<Data Name="EmbeddedContext">@{Microsoft.Windows.Cortana_1.11.5.17763_neutral_neutral_cw5n1h2txyewy?ms-resource://Microsoft.Windows.Cortana/resources/PackageDisplayName}</Data>
<Data Name="Flags">1</Data>
<Data Name="Active">1</Data>
<Data Name="EdgeTraversal">0</Data>
<Data Name="LooseSourceMapped">0</Data>
<Data Name="SecurityOptions">0</Data>
<Data Name="ModifyingUser">S-1-5-80-3088073201-1464728630-1879813800-1107566885-823218052</Data>
<Data Name="ModifyingApplication">C:\Windows\System32\svchost.exe</Data>
<Data Name="SchemaVersion">541</Data>
<Data Name="RuleStatus">65536</Data>
<Data Name="LocalOnlyMapped">0</Data>
</EventData>
</Event>

<Event xmlns="http://schemas.microsoft.com/win/2004/08/events/event"><System><Provider Name="Microsoft-Windows-Windows Firewall With Advanced Security" Guid="{d1bc9aff-2abf-4d71-9146-ecb2a986eb85}"></Provider>
<EventID Qualifiers="">2004</EventID>
<Version>0</Version>
<Level>4</Level>
<Task>0</Task>
<Opcode>0</Opcode>
<Keywords>0x8000020000000000</Keywords>
<TimeCreated SystemTime="2020-10-22 20:52:30.862499"></TimeCreated>
<EventRecordID>34</EventRecordID>
<Correlation ActivityID="" RelatedActivityID=""></Correlation>
<Execution ProcessID="1892" ThreadID="1132"></Execution>
<Channel>Microsoft-Windows-Windows Firewall With Advanced Security/Firewall</Channel>
<Computer>WIN-PTFPHFCRDJ0</Computer>
<Security UserID="S-1-5-19"></Security>
</System>
<EventData><Data Name="RuleId">{6B255DA1-091E-4F97-89BE-9DB0ED9F6CC1}</Data>
<Data Name="RuleName">@{Microsoft.Windows.Cortana_1.11.5.17763_neutral_neutral_cw5n1h2txyewy?ms-resource://Microsoft.Windows.Cortana/resources/PackageDisplayName}</Data>
<Data Name="Origin">1</Data>
<Data Name="ApplicationPath"></Data>
<Data Name="ServiceName"></Data>
<Data Name="Direction">2</Data>
<Data Name="Protocol">256</Data>
<Data Name="LocalPorts"></Data>
<Data Name="RemotePorts"></Data>
<Data Name="Action">3</Data>
<Data Name="Profiles">7</Data>
<Data Name="LocalAddresses">*</Data>
<Data Name="RemoteAddresses">*</Data>
<Data Name="RemoteMachineAuthorizationList"></Data>
<Data Name="RemoteUserAuthorizationList"></Data>
<Data Name="EmbeddedContext">@{Microsoft.Windows.Cortana_1.11.5.17763_neutral_neutral_cw5n1h2txyewy?ms-resource://Microsoft.Windows.Cortana/resources/PackageDisplayName}</Data>
<Data Name="Flags">1</Data>
<Data Name="Active">1</Data>
<Data Name="EdgeTraversal">0</Data>
<Data Name="LooseSourceMapped">0</Data>
<Data Name="SecurityOptions">0</Data>
<Data Name="ModifyingUser">S-1-5-80-3088073201-1464728630-1879813800-1107566885-823218052</Data>
<Data Name="ModifyingApplication">C:\Windows\System32\svchost.exe</Data>
<Data Name="SchemaVersion">541</Data>
<Data Name="RuleStatus">65536</Data>
<Data Name="LocalOnlyMapped">0</Data>
</EventData>
</Event>

<Event xmlns="http://schemas.microsoft.com/win/2004/08/events/event"><System><Provider Name="Microsoft-Windows-Windows Firewall With Advanced Security" Guid="{d1bc9aff-2abf-4d71-9146-ecb2a986eb85}"></Provider>
<EventID Qualifiers="">2004</EventID>
<Version>0</Version>
<Level>4</Level>
<Task>0</Task>
<Opcode>0</Opcode>
<Keywords>0x8000020000000000</Keywords>
<TimeCreated SystemTime="2020-10-22 20:52:30.863388"></TimeCreated>
<EventRecordID>35</EventRecordID>
<Correlation ActivityID="" RelatedActivityID=""></Correlation>
<Execution ProcessID="1892" ThreadID="1132"></Execution>
<Channel>Microsoft-Windows-Windows Firewall With Advanced Security/Firewall</Channel>
<Computer>WIN-PTFPHFCRDJ0</Computer>
<Security UserID="S-1-5-19"></Security>
</System>
<EventData><Data Name="RuleId">{F4BA9DEB-BBCD-47D7-8BF9-203BC2ADEE4E}</Data>
<Data Name="RuleName">@{Microsoft.Windows.Cortana_1.11.5.17763_neutral_neutral_cw5n1h2txyewy?ms-resource://Microsoft.Windows.Cortana/resources/PackageDisplayName}</Data>
<Data Name="Origin">1</Data>
<Data Name="ApplicationPath"></Data>
<Data Name="ServiceName"></Data>
<Data Name="Direction">1</Data>
<Data Name="Protocol">256</Data>
<Data Name="LocalPorts"></Data>
<Data Name="RemotePorts"></Data>
<Data Name="Action">3</Data>
<Data Name="Profiles">3</Data>
<Data Name="LocalAddresses">*</Data>
<Data Name="RemoteAddresses">*</Data>
<Data Name="RemoteMachineAuthorizationList"></Data>
<Data Name="RemoteUserAuthorizationList"></Data>
<Data Name="EmbeddedContext">@{Microsoft.Windows.Cortana_1.11.5.17763_neutral_neutral_cw5n1h2txyewy?ms-resource://Microsoft.Windows.Cortana/resources/PackageDisplayName}</Data>
<Data Name="Flags">1</Data>
<Data Name="Active">1</Data>
<Data Name="EdgeTraversal">0</Data>
<Data Name="LooseSourceMapped">0</Data>
<Data Name="SecurityOptions">0</Data>
<Data Name="ModifyingUser">S-1-5-80-3088073201-1464728630-1879813800-1107566885-823218052</Data>
<Data Name="ModifyingApplication">C:\Windows\System32\svchost.exe</Data>
<Data Name="SchemaVersion">541</Data>
<Data Name="RuleStatus">65536</Data>
<Data Name="LocalOnlyMapped">0</Data>
</EventData>
</Event>

<Event xmlns="http://schemas.microsoft.com/win/2004/08/events/event"><System><Provider Name="Microsoft-Windows-Windows Firewall With Advanced Security" Guid="{d1bc9aff-2abf-4d71-9146-ecb2a986eb85}"></Provider>
<EventID Qualifiers="">2010</EventID>
<Version>0</Version>
<Level>4</Level>
<Task>0</Task>
<Opcode>0</Opcode>
<Keywords>0x8000000000000000</Keywords>
<TimeCreated SystemTime="2020-10-22 20:57:22.911243"></TimeCreated>
<EventRecordID>36</EventRecordID>
<Correlation ActivityID="" RelatedActivityID=""></Correlation>
<Execution ProcessID="1600" ThreadID="1828"></Execution>
<Channel>Microsoft-Windows-Windows Firewall With Advanced Security/Firewall</Channel>
<Computer>WIN-PTFPHFCRDJ0</Computer>
<Security UserID="S-1-5-19"></Security>
</System>
<EventData><Data Name="InterfaceGuid">{2e722116-8b3b-472d-a7de-f7debe304e5a}</Data>
<Data Name="InterfaceName">ethernet_32769</Data>
<Data Name="OldProfile">2147483649</Data>
<Data Name="NewProfile">4</Data>
</EventData>
</Event>

<Event xmlns="http://schemas.microsoft.com/win/2004/08/events/event"><System><Provider Name="Microsoft-Windows-Windows Firewall With Advanced Security" Guid="{d1bc9aff-2abf-4d71-9146-ecb2a986eb85}"></Provider>
<EventID Qualifiers="">2004</EventID>
<Version>0</Version>
<Level>4</Level>
<Task>0</Task>
<Opcode>0</Opcode>
<Keywords>0x8000020000000000</Keywords>
<TimeCreated SystemTime="2020-10-22 20:58:12.288557"></TimeCreated>
<EventRecordID>37</EventRecordID>
<Correlation ActivityID="" RelatedActivityID=""></Correlation>
<Execution ProcessID="1600" ThreadID="1828"></Execution>
<Channel>Microsoft-Windows-Windows Firewall With Advanced Security/Firewall</Channel>
<Computer>WIN-PTFPHFCRDJ0</Computer>
<Security UserID="S-1-5-19"></Security>
</System>
<EventData><Data Name="RuleId">{E0FF4033-5E2B-496D-8927-673454EF1547}</Data>
<Data Name="RuleName">@{Windows.PrintDialog_6.2.1.0_neutral_neutral_cw5n1h2txyewy?ms-resource://Windows.PrintDialog/resources/DisplayName}</Data>
<Data Name="Origin">1</Data>
<Data Name="ApplicationPath"></Data>
<Data Name="ServiceName"></Data>
<Data Name="Direction">1</Data>
<Data Name="Protocol">256</Data>
<Data Name="LocalPorts"></Data>
<Data Name="RemotePorts"></Data>
<Data Name="Action">2</Data>
<Data Name="Profiles">2147483647</Data>
<Data Name="LocalAddresses">*</Data>
<Data Name="RemoteAddresses">*</Data>
<Data Name="RemoteMachineAuthorizationList"></Data>
<Data Name="RemoteUserAuthorizationList"></Data>
<Data Name="EmbeddedContext">@{Windows.PrintDialog_6.2.1.0_neutral_neutral_cw5n1h2txyewy?ms-resource://Windows.PrintDialog/resources/DisplayName}</Data>
<Data Name="Flags">1</Data>
<Data Name="Active">1</Data>
<Data Name="EdgeTraversal">0</Data>
<Data Name="LooseSourceMapped">0</Data>
<Data Name="SecurityOptions">0</Data>
<Data Name="ModifyingUser">S-1-5-80-3088073201-1464728630-1879813800-1107566885-823218052</Data>
<Data Name="ModifyingApplication">C:\Windows\System32\svchost.exe</Data>
<Data Name="SchemaVersion">541</Data>
<Data Name="RuleStatus">65536</Data>
<Data Name="LocalOnlyMapped">0</Data>
</EventData>
</Event>

<Event xmlns="http://schemas.microsoft.com/win/2004/08/events/event"><System><Provider Name="Microsoft-Windows-Windows Firewall With Advanced Security" Guid="{d1bc9aff-2abf-4d71-9146-ecb2a986eb85}"></Provider>
<EventID Qualifiers="">2004</EventID>
<Version>0</Version>
<Level>4</Level>
<Task>0</Task>
<Opcode>0</Opcode>
<Keywords>0x8000020000000000</Keywords>
<TimeCreated SystemTime="2020-10-22 20:58:12.289391"></TimeCreated>
<EventRecordID>38</EventRecordID>
<Correlation ActivityID="" RelatedActivityID=""></Correlation>
<Execution ProcessID="1600" ThreadID="1828"></Execution>
<Channel>Microsoft-Windows-Windows Firewall With Advanced Security/Firewall</Channel>
<Computer>WIN-PTFPHFCRDJ0</Computer>
<Security UserID="S-1-5-19"></Security>
</System>
<EventData><Data Name="RuleId">{7D750137-602C-438B-8808-F738F83EDA99}</Data>
<Data Name="RuleName">@{Windows.PrintDialog_6.2.1.0_neutral_neutral_cw5n1h2txyewy?ms-resource://Windows.PrintDialog/resources/DisplayName}</Data>
<Data Name="Origin">1</Data>
<Data Name="ApplicationPath"></Data>
<Data Name="ServiceName"></Data>
<Data Name="Direction">2</Data>
<Data Name="Protocol">256</Data>
<Data Name="LocalPorts"></Data>
<Data Name="RemotePorts"></Data>
<Data Name="Action">2</Data>
<Data Name="Profiles">2147483647</Data>
<Data Name="LocalAddresses">*</Data>
<Data Name="RemoteAddresses">*</Data>
<Data Name="RemoteMachineAuthorizationList"></Data>
<Data Name="RemoteUserAuthorizationList"></Data>
<Data Name="EmbeddedContext">@{Windows.PrintDialog_6.2.1.0_neutral_neutral_cw5n1h2txyewy?ms-resource://Windows.PrintDialog/resources/DisplayName}</Data>
<Data Name="Flags">1</Data>
<Data Name="Active">1</Data>
<Data Name="EdgeTraversal">0</Data>
<Data Name="LooseSourceMapped">0</Data>
<Data Name="SecurityOptions">0</Data>
<Data Name="ModifyingUser">S-1-5-80-3088073201-1464728630-1879813800-1107566885-823218052</Data>
<Data Name="ModifyingApplication">C:\Windows\System32\svchost.exe</Data>
<Data Name="SchemaVersion">541</Data>
<Data Name="RuleStatus">65536</Data>
<Data Name="LocalOnlyMapped">0</Data>
</EventData>
</Event>

<Event xmlns="http://schemas.microsoft.com/win/2004/08/events/event"><System><Provider Name="Microsoft-Windows-Windows Firewall With Advanced Security" Guid="{d1bc9aff-2abf-4d71-9146-ecb2a986eb85}"></Provider>
<EventID Qualifiers="">2004</EventID>
<Version>0</Version>
<Level>4</Level>
<Task>0</Task>
<Opcode>0</Opcode>
<Keywords>0x8000020000000000</Keywords>
<TimeCreated SystemTime="2020-10-22 20:58:12.696224"></TimeCreated>
<EventRecordID>39</EventRecordID>
<Correlation ActivityID="" RelatedActivityID=""></Correlation>
<Execution ProcessID="1600" ThreadID="1828"></Execution>
<Channel>Microsoft-Windows-Windows Firewall With Advanced Security/Firewall</Channel>
<Computer>WIN-PTFPHFCRDJ0</Computer>
<Security UserID="S-1-5-19"></Security>
</System>
<EventData><Data Name="RuleId">{B35AC740-70B0-47B2-A0EB-3BFB2F159D52}</Data>
<Data Name="RuleName">@{Windows.CBSPreview_10.0.17763.1_neutral_neutral_cw5n1h2txyewy?ms-resource://Windows.CBSPreview/resources/DisplayName}</Data>
<Data Name="Origin">1</Data>
<Data Name="ApplicationPath"></Data>
<Data Name="ServiceName"></Data>
<Data Name="Direction">1</Data>
<Data Name="Protocol">256</Data>
<Data Name="LocalPorts"></Data>
<Data Name="RemotePorts"></Data>
<Data Name="Action">2</Data>
<Data Name="Profiles">2147483647</Data>
<Data Name="LocalAddresses">*</Data>
<Data Name="RemoteAddresses">*</Data>
<Data Name="RemoteMachineAuthorizationList"></Data>
<Data Name="RemoteUserAuthorizationList"></Data>
<Data Name="EmbeddedContext">@{Windows.CBSPreview_10.0.17763.1_neutral_neutral_cw5n1h2txyewy?ms-resource://Windows.CBSPreview/resources/DisplayName}</Data>
<Data Name="Flags">1</Data>
<Data Name="Active">1</Data>
<Data Name="EdgeTraversal">0</Data>
<Data Name="LooseSourceMapped">0</Data>
<Data Name="SecurityOptions">0</Data>
<Data Name="ModifyingUser">S-1-5-80-3088073201-1464728630-1879813800-1107566885-823218052</Data>
<Data Name="ModifyingApplication">C:\Windows\System32\svchost.exe</Data>
<Data Name="SchemaVersion">541</Data>
<Data Name="RuleStatus">65536</Data>
<Data Name="LocalOnlyMapped">0</Data>
</EventData>
</Event>

<Event xmlns="http://schemas.microsoft.com/win/2004/08/events/event"><System><Provider Name="Microsoft-Windows-Windows Firewall With Advanced Security" Guid="{d1bc9aff-2abf-4d71-9146-ecb2a986eb85}"></Provider>
<EventID Qualifiers="">2004</EventID>
<Version>0</Version>
<Level>4</Level>
<Task>0</Task>
<Opcode>0</Opcode>
<Keywords>0x8000020000000000</Keywords>
<TimeCreated SystemTime="2020-10-22 20:58:12.697063"></TimeCreated>
<EventRecordID>40</EventRecordID>
<Correlation ActivityID="" RelatedActivityID=""></Correlation>
<Execution ProcessID="1600" ThreadID="1828"></Execution>
<Channel>Microsoft-Windows-Windows Firewall With Advanced Security/Firewall</Channel>
<Computer>WIN-PTFPHFCRDJ0</Computer>
<Security UserID="S-1-5-19"></Security>
</System>
<EventData><Data Name="RuleId">{FE11FD82-C02F-499F-B391-61CE7C45F92E}</Data>
<Data Name="RuleName">@{Windows.CBSPreview_10.0.17763.1_neutral_neutral_cw5n1h2txyewy?ms-resource://Windows.CBSPreview/resources/DisplayName}</Data>
<Data Name="Origin">1</Data>
<Data Name="ApplicationPath"></Data>
<Data Name="ServiceName"></Data>
<Data Name="Direction">2</Data>
<Data Name="Protocol">256</Data>
<Data Name="LocalPorts"></Data>
<Data Name="RemotePorts"></Data>
<Data Name="Action">2</Data>
<Data Name="Profiles">2147483647</Data>
<Data Name="LocalAddresses">*</Data>
<Data Name="RemoteAddresses">*</Data>
<Data Name="RemoteMachineAuthorizationList"></Data>
<Data Name="RemoteUserAuthorizationList"></Data>
<Data Name="EmbeddedContext">@{Windows.CBSPreview_10.0.17763.1_neutral_neutral_cw5n1h2txyewy?ms-resource://Windows.CBSPreview/resources/DisplayName}</Data>
<Data Name="Flags">1</Data>
<Data Name="Active">1</Data>
<Data Name="EdgeTraversal">0</Data>
<Data Name="LooseSourceMapped">0</Data>
<Data Name="SecurityOptions">0</Data>
<Data Name="ModifyingUser">S-1-5-80-3088073201-1464728630-1879813800-1107566885-823218052</Data>
<Data Name="ModifyingApplication">C:\Windows\System32\svchost.exe</Data>
<Data Name="SchemaVersion">541</Data>
<Data Name="RuleStatus">65536</Data>
<Data Name="LocalOnlyMapped">0</Data>
</EventData>
</Event>

<Event xmlns="http://schemas.microsoft.com/win/2004/08/events/event"><System><Provider Name="Microsoft-Windows-Windows Firewall With Advanced Security" Guid="{d1bc9aff-2abf-4d71-9146-ecb2a986eb85}"></Provider>
<EventID Qualifiers="">2004</EventID>
<Version>0</Version>
<Level>4</Level>
<Task>0</Task>
<Opcode>0</Opcode>
<Keywords>0x8000020000000000</Keywords>
<TimeCreated SystemTime="2020-10-22 20:58:13.055655"></TimeCreated>
<EventRecordID>41</EventRecordID>
<Correlation ActivityID="" RelatedActivityID=""></Correlation>
<Execution ProcessID="1600" ThreadID="1828"></Execution>
<Channel>Microsoft-Windows-Windows Firewall With Advanced Security/Firewall</Channel>
<Computer>WIN-PTFPHFCRDJ0</Computer>
<Security UserID="S-1-5-19"></Security>
</System>
<EventData><Data Name="RuleId">{8951F210-38DD-41EC-9674-7277DE5E9273}</Data>
<Data Name="RuleName">@{Microsoft.Windows.XGpuEjectDialog_10.0.17763.1_neutral_neutral_cw5n1h2txyewy?ms-resource://XGpuEjectDialog/Resources/AppxManifest_DisplayName}</Data>
<Data Name="Origin">1</Data>
<Data Name="ApplicationPath"></Data>
<Data Name="ServiceName"></Data>
<Data Name="Direction">1</Data>
<Data Name="Protocol">256</Data>
<Data Name="LocalPorts"></Data>
<Data Name="RemotePorts"></Data>
<Data Name="Action">2</Data>
<Data Name="Profiles">2147483647</Data>
<Data Name="LocalAddresses">*</Data>
<Data Name="RemoteAddresses">*</Data>
<Data Name="RemoteMachineAuthorizationList"></Data>
<Data Name="RemoteUserAuthorizationList"></Data>
<Data Name="EmbeddedContext">@{Microsoft.Windows.XGpuEjectDialog_10.0.17763.1_neutral_neutral_cw5n1h2txyewy?ms-resource://XGpuEjectDialog/Resources/AppxManifest_DisplayName}</Data>
<Data Name="Flags">1</Data>
<Data Name="Active">1</Data>
<Data Name="EdgeTraversal">0</Data>
<Data Name="LooseSourceMapped">0</Data>
<Data Name="SecurityOptions">0</Data>
<Data Name="ModifyingUser">S-1-5-80-3088073201-1464728630-1879813800-1107566885-823218052</Data>
<Data Name="ModifyingApplication">C:\Windows\System32\svchost.exe</Data>
<Data Name="SchemaVersion">541</Data>
<Data Name="RuleStatus">65536</Data>
<Data Name="LocalOnlyMapped">0</Data>
</EventData>
</Event>

<Event xmlns="http://schemas.microsoft.com/win/2004/08/events/event"><System><Provider Name="Microsoft-Windows-Windows Firewall With Advanced Security" Guid="{d1bc9aff-2abf-4d71-9146-ecb2a986eb85}"></Provider>
<EventID Qualifiers="">2004</EventID>
<Version>0</Version>
<Level>4</Level>
<Task>0</Task>
<Opcode>0</Opcode>
<Keywords>0x8000020000000000</Keywords>
<TimeCreated SystemTime="2020-10-22 20:58:13.056490"></TimeCreated>
<EventRecordID>42</EventRecordID>
<Correlation ActivityID="" RelatedActivityID=""></Correlation>
<Execution ProcessID="1600" ThreadID="1828"></Execution>
<Channel>Microsoft-Windows-Windows Firewall With Advanced Security/Firewall</Channel>
<Computer>WIN-PTFPHFCRDJ0</Computer>
<Security UserID="S-1-5-19"></Security>
</System>
<EventData><Data Name="RuleId">{AA0A1E96-AEC0-4C30-BB4D-35EECC7A7F1E}</Data>
<Data Name="RuleName">@{Microsoft.Windows.XGpuEjectDialog_10.0.17763.1_neutral_neutral_cw5n1h2txyewy?ms-resource://XGpuEjectDialog/Resources/AppxManifest_DisplayName}</Data>
<Data Name="Origin">1</Data>
<Data Name="ApplicationPath"></Data>
<Data Name="ServiceName"></Data>
<Data Name="Direction">2</Data>
<Data Name="Protocol">256</Data>
<Data Name="LocalPorts"></Data>
<Data Name="RemotePorts"></Data>
<Data Name="Action">2</Data>
<Data Name="Profiles">2147483647</Data>
<Data Name="LocalAddresses">*</Data>
<Data Name="RemoteAddresses">*</Data>
<Data Name="RemoteMachineAuthorizationList"></Data>
<Data Name="RemoteUserAuthorizationList"></Data>
<Data Name="EmbeddedContext">@{Microsoft.Windows.XGpuEjectDialog_10.0.17763.1_neutral_neutral_cw5n1h2txyewy?ms-resource://XGpuEjectDialog/Resources/AppxManifest_DisplayName}</Data>
<Data Name="Flags">1</Data>
<Data Name="Active">1</Data>
<Data Name="EdgeTraversal">0</Data>
<Data Name="LooseSourceMapped">0</Data>
<Data Name="SecurityOptions">0</Data>
<Data Name="ModifyingUser">S-1-5-80-3088073201-1464728630-1879813800-1107566885-823218052</Data>
<Data Name="ModifyingApplication">C:\Windows\System32\svchost.exe</Data>
<Data Name="SchemaVersion">541</Data>
<Data Name="RuleStatus">65536</Data>
<Data Name="LocalOnlyMapped">0</Data>
</EventData>
</Event>

<Event xmlns="http://schemas.microsoft.com/win/2004/08/events/event"><System><Provider Name="Microsoft-Windows-Windows Firewall With Advanced Security" Guid="{d1bc9aff-2abf-4d71-9146-ecb2a986eb85}"></Provider>
<EventID Qualifiers="">2004</EventID>
<Version>0</Version>
<Level>4</Level>
<Task>0</Task>
<Opcode>0</Opcode>
<Keywords>0x8000020000000000</Keywords>
<TimeCreated SystemTime="2020-10-22 20:58:13.518629"></TimeCreated>
<EventRecordID>43</EventRecordID>
<Correlation ActivityID="" RelatedActivityID=""></Correlation>
<Execution ProcessID="1600" ThreadID="1828"></Execution>
<Channel>Microsoft-Windows-Windows Firewall With Advanced Security/Firewall</Channel>
<Computer>WIN-PTFPHFCRDJ0</Computer>
<Security UserID="S-1-5-19"></Security>
</System>
<EventData><Data Name="RuleId">{D482D990-0313-4771-852A-8CF1BF090C23}</Data>
<Data Name="RuleName">@{Microsoft.Windows.SecHealthUI_10.0.17763.1_neutral__cw5n1h2txyewy?ms-resource://Microsoft.Windows.SecHealthUI/resources/PackageDisplayName}</Data>
<Data Name="Origin">1</Data>
<Data Name="ApplicationPath"></Data>
<Data Name="ServiceName"></Data>
<Data Name="Direction">1</Data>
<Data Name="Protocol">256</Data>
<Data Name="LocalPorts"></Data>
<Data Name="RemotePorts"></Data>
<Data Name="Action">2</Data>
<Data Name="Profiles">2147483647</Data>
<Data Name="LocalAddresses">*</Data>
<Data Name="RemoteAddresses">*</Data>
<Data Name="RemoteMachineAuthorizationList"></Data>
<Data Name="RemoteUserAuthorizationList"></Data>
<Data Name="EmbeddedContext">@{Microsoft.Windows.SecHealthUI_10.0.17763.1_neutral__cw5n1h2txyewy?ms-resource://Microsoft.Windows.SecHealthUI/resources/PackageDisplayName}</Data>
<Data Name="Flags">1</Data>
<Data Name="Active">1</Data>
<Data Name="EdgeTraversal">0</Data>
<Data Name="LooseSourceMapped">0</Data>
<Data Name="SecurityOptions">0</Data>
<Data Name="ModifyingUser">S-1-5-80-3088073201-1464728630-1879813800-1107566885-823218052</Data>
<Data Name="ModifyingApplication">C:\Windows\System32\svchost.exe</Data>
<Data Name="SchemaVersion">541</Data>
<Data Name="RuleStatus">65536</Data>
<Data Name="LocalOnlyMapped">0</Data>
</EventData>
</Event>

<Event xmlns="http://schemas.microsoft.com/win/2004/08/events/event"><System><Provider Name="Microsoft-Windows-Windows Firewall With Advanced Security" Guid="{d1bc9aff-2abf-4d71-9146-ecb2a986eb85}"></Provider>
<EventID Qualifiers="">2004</EventID>
<Version>0</Version>
<Level>4</Level>
<Task>0</Task>
<Opcode>0</Opcode>
<Keywords>0x8000020000000000</Keywords>
<TimeCreated SystemTime="2020-10-22 20:58:13.519463"></TimeCreated>
<EventRecordID>44</EventRecordID>
<Correlation ActivityID="" RelatedActivityID=""></Correlation>
<Execution ProcessID="1600" ThreadID="1828"></Execution>
<Channel>Microsoft-Windows-Windows Firewall With Advanced Security/Firewall</Channel>
<Computer>WIN-PTFPHFCRDJ0</Computer>
<Security UserID="S-1-5-19"></Security>
</System>
<EventData><Data Name="RuleId">{535C811E-CDFA-4A59-BFC8-F0E60CED5CA4}</Data>
<Data Name="RuleName">@{Microsoft.Windows.SecHealthUI_10.0.17763.1_neutral__cw5n1h2txyewy?ms-resource://Microsoft.Windows.SecHealthUI/resources/PackageDisplayName}</Data>
<Data Name="Origin">1</Data>
<Data Name="ApplicationPath"></Data>
<Data Name="ServiceName"></Data>
<Data Name="Direction">2</Data>
<Data Name="Protocol">256</Data>
<Data Name="LocalPorts"></Data>
<Data Name="RemotePorts"></Data>
<Data Name="Action">2</Data>
<Data Name="Profiles">2147483647</Data>
<Data Name="LocalAddresses">*</Data>
<Data Name="RemoteAddresses">*</Data>
<Data Name="RemoteMachineAuthorizationList"></Data>
<Data Name="RemoteUserAuthorizationList"></Data>
<Data Name="EmbeddedContext">@{Microsoft.Windows.SecHealthUI_10.0.17763.1_neutral__cw5n1h2txyewy?ms-resource://Microsoft.Windows.SecHealthUI/resources/PackageDisplayName}</Data>
<Data Name="Flags">1</Data>
<Data Name="Active">1</Data>
<Data Name="EdgeTraversal">0</Data>
<Data Name="LooseSourceMapped">0</Data>
<Data Name="SecurityOptions">0</Data>
<Data Name="ModifyingUser">S-1-5-80-3088073201-1464728630-1879813800-1107566885-823218052</Data>
<Data Name="ModifyingApplication">C:\Windows\System32\svchost.exe</Data>
<Data Name="SchemaVersion">541</Data>
<Data Name="RuleStatus">65536</Data>
<Data Name="LocalOnlyMapped">0</Data>
</EventData>
</Event>

<Event xmlns="http://schemas.microsoft.com/win/2004/08/events/event"><System><Provider Name="Microsoft-Windows-Windows Firewall With Advanced Security" Guid="{d1bc9aff-2abf-4d71-9146-ecb2a986eb85}"></Provider>
<EventID Qualifiers="">2004</EventID>
<Version>0</Version>
<Level>4</Level>
<Task>0</Task>
<Opcode>0</Opcode>
<Keywords>0x8000020000000000</Keywords>
<TimeCreated SystemTime="2020-10-22 20:58:13.520327"></TimeCreated>
<EventRecordID>45</EventRecordID>
<Correlation ActivityID="" RelatedActivityID=""></Correlation>
<Execution ProcessID="1600" ThreadID="1828"></Execution>
<Channel>Microsoft-Windows-Windows Firewall With Advanced Security/Firewall</Channel>
<Computer>WIN-PTFPHFCRDJ0</Computer>
<Security UserID="S-1-5-19"></Security>
</System>
<EventData><Data Name="RuleId">{D5FE3575-E84F-4A4C-8266-7A33F317B29F}</Data>
<Data Name="RuleName">@{Microsoft.Windows.SecHealthUI_10.0.17763.1_neutral__cw5n1h2txyewy?ms-resource://Microsoft.Windows.SecHealthUI/resources/PackageDisplayName}</Data>
<Data Name="Origin">1</Data>
<Data Name="ApplicationPath"></Data>
<Data Name="ServiceName"></Data>
<Data Name="Direction">2</Data>
<Data Name="Protocol">256</Data>
<Data Name="LocalPorts"></Data>
<Data Name="RemotePorts"></Data>
<Data Name="Action">3</Data>
<Data Name="Profiles">7</Data>
<Data Name="LocalAddresses">*</Data>
<Data Name="RemoteAddresses">*</Data>
<Data Name="RemoteMachineAuthorizationList"></Data>
<Data Name="RemoteUserAuthorizationList"></Data>
<Data Name="EmbeddedContext">@{Microsoft.Windows.SecHealthUI_10.0.17763.1_neutral__cw5n1h2txyewy?ms-resource://Microsoft.Windows.SecHealthUI/resources/PackageDisplayName}</Data>
<Data Name="Flags">1</Data>
<Data Name="Active">1</Data>
<Data Name="EdgeTraversal">0</Data>
<Data Name="LooseSourceMapped">0</Data>
<Data Name="SecurityOptions">0</Data>
<Data Name="ModifyingUser">S-1-5-80-3088073201-1464728630-1879813800-1107566885-823218052</Data>
<Data Name="ModifyingApplication">C:\Windows\System32\svchost.exe</Data>
<Data Name="SchemaVersion">541</Data>
<Data Name="RuleStatus">65536</Data>
<Data Name="LocalOnlyMapped">0</Data>
</EventData>
</Event>

<Event xmlns="http://schemas.microsoft.com/win/2004/08/events/event"><System><Provider Name="Microsoft-Windows-Windows Firewall With Advanced Security" Guid="{d1bc9aff-2abf-4d71-9146-ecb2a986eb85}"></Provider>
<EventID Qualifiers="">2004</EventID>
<Version>0</Version>
<Level>4</Level>
<Task>0</Task>
<Opcode>0</Opcode>
<Keywords>0x8000020000000000</Keywords>
<TimeCreated SystemTime="2020-10-22 20:58:13.521290"></TimeCreated>
<EventRecordID>46</EventRecordID>
<Correlation ActivityID="" RelatedActivityID=""></Correlation>
<Execution ProcessID="1600" ThreadID="1828"></Execution>
<Channel>Microsoft-Windows-Windows Firewall With Advanced Security/Firewall</Channel>
<Computer>WIN-PTFPHFCRDJ0</Computer>
<Security UserID="S-1-5-19"></Security>
</System>
<EventData><Data Name="RuleId">{99822D6D-3205-45BE-B162-4D1BEC0090F8}</Data>
<Data Name="RuleName">@{Microsoft.Windows.SecHealthUI_10.0.17763.1_neutral__cw5n1h2txyewy?ms-resource://Microsoft.Windows.SecHealthUI/resources/PackageDisplayName}</Data>
<Data Name="Origin">1</Data>
<Data Name="ApplicationPath"></Data>
<Data Name="ServiceName"></Data>
<Data Name="Direction">2</Data>
<Data Name="Protocol">256</Data>
<Data Name="LocalPorts"></Data>
<Data Name="RemotePorts"></Data>
<Data Name="Action">3</Data>
<Data Name="Profiles">7</Data>
<Data Name="LocalAddresses">*</Data>
<Data Name="RemoteAddresses">*</Data>
<Data Name="RemoteMachineAuthorizationList"></Data>
<Data Name="RemoteUserAuthorizationList"></Data>
<Data Name="EmbeddedContext">@{Microsoft.Windows.SecHealthUI_10.0.17763.1_neutral__cw5n1h2txyewy?ms-resource://Microsoft.Windows.SecHealthUI/resources/PackageDisplayName}</Data>
<Data Name="Flags">1</Data>
<Data Name="Active">1</Data>
<Data Name="EdgeTraversal">0</Data>
<Data Name="LooseSourceMapped">0</Data>
<Data Name="SecurityOptions">0</Data>
<Data Name="ModifyingUser">S-1-5-80-3088073201-1464728630-1879813800-1107566885-823218052</Data>
<Data Name="ModifyingApplication">C:\Windows\System32\svchost.exe</Data>
<Data Name="SchemaVersion">541</Data>
<Data Name="RuleStatus">65536</Data>
<Data Name="LocalOnlyMapped">0</Data>
</EventData>
</Event>

<Event xmlns="http://schemas.microsoft.com/win/2004/08/events/event"><System><Provider Name="Microsoft-Windows-Windows Firewall With Advanced Security" Guid="{d1bc9aff-2abf-4d71-9146-ecb2a986eb85}"></Provider>
<EventID Qualifiers="">2004</EventID>
<Version>0</Version>
<Level>4</Level>
<Task>0</Task>
<Opcode>0</Opcode>
<Keywords>0x8000020000000000</Keywords>
<TimeCreated SystemTime="2020-10-22 20:58:14.140263"></TimeCreated>
<EventRecordID>47</EventRecordID>
<Correlation ActivityID="" RelatedActivityID=""></Correlation>
<Execution ProcessID="1600" ThreadID="1828"></Execution>
<Channel>Microsoft-Windows-Windows Firewall With Advanced Security/Firewall</Channel>
<Computer>WIN-PTFPHFCRDJ0</Computer>
<Security UserID="S-1-5-19"></Security>
</System>
<EventData><Data Name="RuleId">{EA54D30C-6331-4DBC-9B90-FF37598B090A}</Data>
<Data Name="RuleName">PinningConfirmationDialog</Data>
<Data Name="Origin">1</Data>
<Data Name="ApplicationPath"></Data>
<Data Name="ServiceName"></Data>
<Data Name="Direction">1</Data>
<Data Name="Protocol">256</Data>
<Data Name="LocalPorts"></Data>
<Data Name="RemotePorts"></Data>
<Data Name="Action">2</Data>
<Data Name="Profiles">2147483647</Data>
<Data Name="LocalAddresses">*</Data>
<Data Name="RemoteAddresses">*</Data>
<Data Name="RemoteMachineAuthorizationList"></Data>
<Data Name="RemoteUserAuthorizationList"></Data>
<Data Name="EmbeddedContext">PinningConfirmationDialog</Data>
<Data Name="Flags">1</Data>
<Data Name="Active">1</Data>
<Data Name="EdgeTraversal">0</Data>
<Data Name="LooseSourceMapped">0</Data>
<Data Name="SecurityOptions">0</Data>
<Data Name="ModifyingUser">S-1-5-80-3088073201-1464728630-1879813800-1107566885-823218052</Data>
<Data Name="ModifyingApplication">C:\Windows\System32\svchost.exe</Data>
<Data Name="SchemaVersion">541</Data>
<Data Name="RuleStatus">65536</Data>
<Data Name="LocalOnlyMapped">0</Data>
</EventData>
</Event>

<Event xmlns="http://schemas.microsoft.com/win/2004/08/events/event"><System><Provider Name="Microsoft-Windows-Windows Firewall With Advanced Security" Guid="{d1bc9aff-2abf-4d71-9146-ecb2a986eb85}"></Provider>
<EventID Qualifiers="">2004</EventID>
<Version>0</Version>
<Level>4</Level>
<Task>0</Task>
<Opcode>0</Opcode>
<Keywords>0x8000020000000000</Keywords>
<TimeCreated SystemTime="2020-10-22 20:58:14.141079"></TimeCreated>
<EventRecordID>48</EventRecordID>
<Correlation ActivityID="" RelatedActivityID=""></Correlation>
<Execution ProcessID="1600" ThreadID="1828"></Execution>
<Channel>Microsoft-Windows-Windows Firewall With Advanced Security/Firewall</Channel>
<Computer>WIN-PTFPHFCRDJ0</Computer>
<Security UserID="S-1-5-19"></Security>
</System>
<EventData><Data Name="RuleId">{1B8A9044-5BBA-4A94-99FE-70352F62433C}</Data>
<Data Name="RuleName">PinningConfirmationDialog</Data>
<Data Name="Origin">1</Data>
<Data Name="ApplicationPath"></Data>
<Data Name="ServiceName"></Data>
<Data Name="Direction">2</Data>
<Data Name="Protocol">256</Data>
<Data Name="LocalPorts"></Data>
<Data Name="RemotePorts"></Data>
<Data Name="Action">2</Data>
<Data Name="Profiles">2147483647</Data>
<Data Name="LocalAddresses">*</Data>
<Data Name="RemoteAddresses">*</Data>
<Data Name="RemoteMachineAuthorizationList"></Data>
<Data Name="RemoteUserAuthorizationList"></Data>
<Data Name="EmbeddedContext">PinningConfirmationDialog</Data>
<Data Name="Flags">1</Data>
<Data Name="Active">1</Data>
<Data Name="EdgeTraversal">0</Data>
<Data Name="LooseSourceMapped">0</Data>
<Data Name="SecurityOptions">0</Data>
<Data Name="ModifyingUser">S-1-5-80-3088073201-1464728630-1879813800-1107566885-823218052</Data>
<Data Name="ModifyingApplication">C:\Windows\System32\svchost.exe</Data>
<Data Name="SchemaVersion">541</Data>
<Data Name="RuleStatus">65536</Data>
<Data Name="LocalOnlyMapped">0</Data>
</EventData>
</Event>

