<Event xmlns="http://schemas.microsoft.com/win/2004/08/events/event"><System><Provider Name="Microsoft-Windows-WMI-Activity" Guid="{1418ef04-b0b4-4623-bf7e-d74ab47bbdaa}"></Provider>
<EventID Qualifiers="">5858</EventID>
<Version>0</Version>
<Level>2</Level>
<Task>0</Task>
<Opcode>0</Opcode>
<Keywords>0x4000000000000000</Keywords>
<TimeCreated SystemTime="2020-10-26 12:00:59.650503"></TimeCreated>
<EventRecordID>331</EventRecordID>
<Correlation ActivityID="" RelatedActivityID=""></Correlation>
<Execution ProcessID="1348" ThreadID="2028"></Execution>
<Channel>Microsoft-Windows-WMI-Activity/Operational</Channel>
<Computer>WIN-PTFPHFCRDJ0</Computer>
<Security UserID="S-1-5-18"></Security>
</System>
<UserData><Operation_ClientFailure xmlns="http://manifests.microsoft.com/win/2006/windows/WMI"><Id>{00000000-0000-0000-0000-000000000000}</Id>
<ClientMachine>WIN-PTFPHFCRDJ0</ClientMachine>
<User>NT AUTHORITY\SYSTEM</User>
<ClientProcessId>2932</ClientProcessId>
<Component>Unknown</Component>
<Operation>Start IWbemServices::ExecQuery - root\Microsoft\Windows\DeviceGuard : SELECT SecurityServicesRunning FROM Win32_DeviceGuard </Operation>
<ResultCode>0x80041032</ResultCode>
<PossibleCause>Unknown</PossibleCause>
</Operation_ClientFailure>
</UserData>
</Event>

<Event xmlns="http://schemas.microsoft.com/win/2004/08/events/event"><System><Provider Name="Microsoft-Windows-WMI-Activity" Guid="{1418ef04-b0b4-4623-bf7e-d74ab47bbdaa}"></Provider>
<EventID Qualifiers="">5858</EventID>
<Version>0</Version>
<Level>2</Level>
<Task>0</Task>
<Opcode>0</Opcode>
<Keywords>0x4000000000000000</Keywords>
<TimeCreated SystemTime="2020-10-26 12:03:10.279234"></TimeCreated>
<EventRecordID>332</EventRecordID>
<Correlation ActivityID="{278a84f7-ab8f-0000-548d-8a278fabd601}" RelatedActivityID=""></Correlation>
<Execution ProcessID="1348" ThreadID="3724"></Execution>
<Channel>Microsoft-Windows-WMI-Activity/Operational</Channel>
<Computer>WIN-PTFPHFCRDJ0</Computer>
<Security UserID="S-1-5-18"></Security>
</System>
<UserData><Operation_ClientFailure xmlns="http://manifests.microsoft.com/win/2006/windows/WMI"><Id>{278A84F7-AB8F-0000-548D-8A278FABD601}</Id>
<ClientMachine>WIN-PTFPHFCRDJ0</ClientMachine>
<User></User>
<ClientProcessId>1348</ClientProcessId>
<Component>Unknown</Component>
<Operation>Start IWbemServices::ExecNotificationQuery - ROOT\CIMV2 : SELECT * FROM Win32_ProcessStartTrace WHERE ProcessName = 'wsmprovhost.exe'</Operation>
<ResultCode>0x80041032</ResultCode>
<PossibleCause>Unknown</PossibleCause>
</Operation_ClientFailure>
</UserData>
</Event>

<Event xmlns="http://schemas.microsoft.com/win/2004/08/events/event"><System><Provider Name="Microsoft-Windows-WMI-Activity" Guid="{1418ef04-b0b4-4623-bf7e-d74ab47bbdaa}"></Provider>
<EventID Qualifiers="">5857</EventID>
<Version>0</Version>
<Level>0</Level>
<Task>0</Task>
<Opcode>0</Opcode>
<Keywords>0x4000000000000000</Keywords>
<TimeCreated SystemTime="2020-10-26 12:09:26.223572"></TimeCreated>
<EventRecordID>333</EventRecordID>
<Correlation ActivityID="" RelatedActivityID=""></Correlation>
<Execution ProcessID="3172" ThreadID="2916"></Execution>
<Channel>Microsoft-Windows-WMI-Activity/Operational</Channel>
<Computer>WIN-PTFPHFCRDJ0</Computer>
<Security UserID="S-1-5-20"></Security>
</System>
<UserData><Operation_StartedOperational xmlns="http://manifests.microsoft.com/win/2006/windows/WMI"><ProviderName>Win32_WIN32_TERMINALSERVICE_Prov</ProviderName>
<Code>0x00000000</Code>
<HostProcess>wmiprvse.exe</HostProcess>
<ProcessID>3172</ProcessID>
<ProviderPath>%SystemRoot%\system32\tscfgwmi.dll</ProviderPath>
</Operation_StartedOperational>
</UserData>
</Event>

<Event xmlns="http://schemas.microsoft.com/win/2004/08/events/event"><System><Provider Name="Microsoft-Windows-WMI-Activity" Guid="{1418ef04-b0b4-4623-bf7e-d74ab47bbdaa}"></Provider>
<EventID Qualifiers="">5858</EventID>
<Version>0</Version>
<Level>2</Level>
<Task>0</Task>
<Opcode>0</Opcode>
<Keywords>0x4000000000000000</Keywords>
<TimeCreated SystemTime="2020-10-26 12:09:26.246632"></TimeCreated>
<EventRecordID>334</EventRecordID>
<Correlation ActivityID="" RelatedActivityID=""></Correlation>
<Execution ProcessID="1348" ThreadID="2448"></Execution>
<Channel>Microsoft-Windows-WMI-Activity/Operational</Channel>
<Computer>WIN-PTFPHFCRDJ0</Computer>
<Security UserID="S-1-5-18"></Security>
</System>
<UserData><Operation_ClientFailure xmlns="http://manifests.microsoft.com/win/2006/windows/WMI"><Id>{00000000-0000-0000-0000-000000000000}</Id>
<ClientMachine>WIN-PTFPHFCRDJ0</ClientMachine>
<User>NT AUTHORITY\SYSTEM</User>
<ClientProcessId>1764</ClientProcessId>
<Component>Unknown</Component>
<Operation>Start IWbemServices::ExecQuery - ROOT\CIMV2 : SELECT State FROM Win32_Service</Operation>
<ResultCode>0x80041032</ResultCode>
<PossibleCause>Unknown</PossibleCause>
</Operation_ClientFailure>
</UserData>
</Event>

<Event xmlns="http://schemas.microsoft.com/win/2004/08/events/event"><System><Provider Name="Microsoft-Windows-WMI-Activity" Guid="{1418ef04-b0b4-4623-bf7e-d74ab47bbdaa}"></Provider>
<EventID Qualifiers="">5858</EventID>
<Version>0</Version>
<Level>2</Level>
<Task>0</Task>
<Opcode>0</Opcode>
<Keywords>0x4000000000000000</Keywords>
<TimeCreated SystemTime="2020-10-26 12:09:26.627047"></TimeCreated>
<EventRecordID>335</EventRecordID>
<Correlation ActivityID="" RelatedActivityID=""></Correlation>
<Execution ProcessID="1348" ThreadID="1372"></Execution>
<Channel>Microsoft-Windows-WMI-Activity/Operational</Channel>
<Computer>WIN-PTFPHFCRDJ0</Computer>
<Security UserID="S-1-5-18"></Security>
</System>
<UserData><Operation_ClientFailure xmlns="http://manifests.microsoft.com/win/2006/windows/WMI"><Id>{00000000-0000-0000-0000-000000000000}</Id>
<ClientMachine>WIN-PTFPHFCRDJ0</ClientMachine>
<User>NT AUTHORITY\SYSTEM</User>
<ClientProcessId>1764</ClientProcessId>
<Component>Unknown</Component>
<Operation>Start IWbemServices::ExecQuery - root\cimv2 : SELECT FreeSpace FROM Win32_LogicalDisk WHERE DeviceId = "C:"</Operation>
<ResultCode>0x80041032</ResultCode>
<PossibleCause>Unknown</PossibleCause>
</Operation_ClientFailure>
</UserData>
</Event>

<Event xmlns="http://schemas.microsoft.com/win/2004/08/events/event"><System><Provider Name="Microsoft-Windows-WMI-Activity" Guid="{1418ef04-b0b4-4623-bf7e-d74ab47bbdaa}"></Provider>
<EventID Qualifiers="">5857</EventID>
<Version>0</Version>
<Level>0</Level>
<Task>0</Task>
<Opcode>0</Opcode>
<Keywords>0x4000000000000000</Keywords>
<TimeCreated SystemTime="2020-10-26 12:10:39.110943"></TimeCreated>
<EventRecordID>336</EventRecordID>
<Correlation ActivityID="" RelatedActivityID=""></Correlation>
<Execution ProcessID="3524" ThreadID="1796"></Execution>
<Channel>Microsoft-Windows-WMI-Activity/Operational</Channel>
<Computer>WIN-PTFPHFCRDJ0</Computer>
<Security UserID="S-1-5-18"></Security>
</System>
<UserData><Operation_StartedOperational xmlns="http://manifests.microsoft.com/win/2006/windows/WMI"><ProviderName>WMIProv</ProviderName>
<Code>0x00000000</Code>
<HostProcess>wmiprvse.exe</HostProcess>
<ProcessID>3524</ProcessID>
<ProviderPath>%systemroot%\system32\wbem\wmiprov.dll</ProviderPath>
</Operation_StartedOperational>
</UserData>
</Event>

<Event xmlns="http://schemas.microsoft.com/win/2004/08/events/event"><System><Provider Name="Microsoft-Windows-WMI-Activity" Guid="{1418ef04-b0b4-4623-bf7e-d74ab47bbdaa}"></Provider>
<EventID Qualifiers="">5857</EventID>
<Version>0</Version>
<Level>0</Level>
<Task>0</Task>
<Opcode>0</Opcode>
<Keywords>0x4000000000000000</Keywords>
<TimeCreated SystemTime="2020-10-26 12:11:57.676987"></TimeCreated>
<EventRecordID>337</EventRecordID>
<Correlation ActivityID="" RelatedActivityID=""></Correlation>
<Execution ProcessID="3172" ThreadID="2916"></Execution>
<Channel>Microsoft-Windows-WMI-Activity/Operational</Channel>
<Computer>WIN-PTFPHFCRDJ0</Computer>
<Security UserID="S-1-5-20"></Security>
</System>
<UserData><Operation_StartedOperational xmlns="http://manifests.microsoft.com/win/2006/windows/WMI"><ProviderName>mgmtprovider</ProviderName>
<Code>0x00000000</Code>
<HostProcess>wmiprvse.exe</HostProcess>
<ProcessID>3172</ProcessID>
<ProviderPath>%systemroot%\system32\wbem\mgmtprovider.dll</ProviderPath>
</Operation_StartedOperational>
</UserData>
</Event>

<Event xmlns="http://schemas.microsoft.com/win/2004/08/events/event"><System><Provider Name="Microsoft-Windows-WMI-Activity" Guid="{1418ef04-b0b4-4623-bf7e-d74ab47bbdaa}"></Provider>
<EventID Qualifiers="">5857</EventID>
<Version>0</Version>
<Level>0</Level>
<Task>0</Task>
<Opcode>0</Opcode>
<Keywords>0x4000000000000000</Keywords>
<TimeCreated SystemTime="2020-10-26 12:11:58.938671"></TimeCreated>
<EventRecordID>338</EventRecordID>
<Correlation ActivityID="" RelatedActivityID=""></Correlation>
<Execution ProcessID="1036" ThreadID="620"></Execution>
<Channel>Microsoft-Windows-WMI-Activity/Operational</Channel>
<Computer>WIN-PTFPHFCRDJ0</Computer>
<Security UserID="S-1-5-19"></Security>
</System>
<UserData><Operation_StartedOperational xmlns="http://manifests.microsoft.com/win/2006/windows/WMI"><ProviderName>NetAdapterCim</ProviderName>
<Code>0x00000000</Code>
<HostProcess>wmiprvse.exe</HostProcess>
<ProcessID>1036</ProcessID>
<ProviderPath>%systemroot%\system32\wbem\NetAdapterCim.dll</ProviderPath>
</Operation_StartedOperational>
</UserData>
</Event>

<Event xmlns="http://schemas.microsoft.com/win/2004/08/events/event"><System><Provider Name="Microsoft-Windows-WMI-Activity" Guid="{1418ef04-b0b4-4623-bf7e-d74ab47bbdaa}"></Provider>
<EventID Qualifiers="">5857</EventID>
<Version>0</Version>
<Level>0</Level>
<Task>0</Task>
<Opcode>0</Opcode>
<Keywords>0x4000000000000000</Keywords>
<TimeCreated SystemTime="2020-10-26 12:11:59.109585"></TimeCreated>
<EventRecordID>339</EventRecordID>
<Correlation ActivityID="" RelatedActivityID=""></Correlation>
<Execution ProcessID="3172" ThreadID="2916"></Execution>
<Channel>Microsoft-Windows-WMI-Activity/Operational</Channel>
<Computer>WIN-PTFPHFCRDJ0</Computer>
<Security UserID="S-1-5-20"></Security>
</System>
<UserData><Operation_StartedOperational xmlns="http://manifests.microsoft.com/win/2006/windows/WMI"><ProviderName>nettcpip</ProviderName>
<Code>0x00000000</Code>
<HostProcess>wmiprvse.exe</HostProcess>
<ProcessID>3172</ProcessID>
<ProviderPath>%systemroot%\system32\wbem\NetTCPIP.dll</ProviderPath>
</Operation_StartedOperational>
</UserData>
</Event>

<Event xmlns="http://schemas.microsoft.com/win/2004/08/events/event"><System><Provider Name="Microsoft-Windows-WMI-Activity" Guid="{1418ef04-b0b4-4623-bf7e-d74ab47bbdaa}"></Provider>
<EventID Qualifiers="">5857</EventID>
<Version>0</Version>
<Level>0</Level>
<Task>0</Task>
<Opcode>0</Opcode>
<Keywords>0x4000000000000000</Keywords>
<TimeCreated SystemTime="2020-10-26 12:12:12.311563"></TimeCreated>
<EventRecordID>340</EventRecordID>
<Correlation ActivityID="" RelatedActivityID=""></Correlation>
<Execution ProcessID="216" ThreadID="3992"></Execution>
<Channel>Microsoft-Windows-WMI-Activity/Operational</Channel>
<Computer>WIN-PTFPHFCRDJ0</Computer>
<Security UserID="S-1-5-18"></Security>
</System>
<UserData><Operation_StartedOperational xmlns="http://manifests.microsoft.com/win/2006/windows/WMI"><ProviderName>deploymentprovider</ProviderName>
<Code>0x00000000</Code>
<HostProcess>wmiprvse.exe</HostProcess>
<ProcessID>216</ProcessID>
<ProviderPath>%systemroot%\system32\wbem\ServerManager.DeploymentProvider.dll</ProviderPath>
</Operation_StartedOperational>
</UserData>
</Event>

<Event xmlns="http://schemas.microsoft.com/win/2004/08/events/event"><System><Provider Name="Microsoft-Windows-WMI-Activity" Guid="{1418ef04-b0b4-4623-bf7e-d74ab47bbdaa}"></Provider>
<EventID Qualifiers="">5857</EventID>
<Version>0</Version>
<Level>0</Level>
<Task>0</Task>
<Opcode>0</Opcode>
<Keywords>0x4000000000000000</Keywords>
<TimeCreated SystemTime="2020-10-26 13:06:21.492893"></TimeCreated>
<EventRecordID>341</EventRecordID>
<Correlation ActivityID="" RelatedActivityID=""></Correlation>
<Execution ProcessID="3172" ThreadID="3824"></Execution>
<Channel>Microsoft-Windows-WMI-Activity/Operational</Channel>
<Computer>WIN-PTFPHFCRDJ0</Computer>
<Security UserID="S-1-5-20"></Security>
</System>
<UserData><Operation_StartedOperational xmlns="http://manifests.microsoft.com/win/2006/windows/WMI"><ProviderName>CIMWin32a</ProviderName>
<Code>0x00000000</Code>
<HostProcess>wmiprvse.exe</HostProcess>
<ProcessID>3172</ProcessID>
<ProviderPath>%systemroot%\system32\wbem\wmipcima.dll</ProviderPath>
</Operation_StartedOperational>
</UserData>
</Event>

<Event xmlns="http://schemas.microsoft.com/win/2004/08/events/event"><System><Provider Name="Microsoft-Windows-WMI-Activity" Guid="{1418ef04-b0b4-4623-bf7e-d74ab47bbdaa}"></Provider>
<EventID Qualifiers="">5857</EventID>
<Version>0</Version>
<Level>0</Level>
<Task>0</Task>
<Opcode>0</Opcode>
<Keywords>0x4000000000000000</Keywords>
<TimeCreated SystemTime="2020-10-26 14:03:03.757133"></TimeCreated>
<EventRecordID>342</EventRecordID>
<Correlation ActivityID="" RelatedActivityID=""></Correlation>
<Execution ProcessID="3172" ThreadID="3044"></Execution>
<Channel>Microsoft-Windows-WMI-Activity/Operational</Channel>
<Computer>WIN-PTFPHFCRDJ0</Computer>
<Security UserID="S-1-5-20"></Security>
</System>
<UserData><Operation_StartedOperational xmlns="http://manifests.microsoft.com/win/2006/windows/WMI"><ProviderName>CIMWin32a</ProviderName>
<Code>0x00000000</Code>
<HostProcess>wmiprvse.exe</HostProcess>
<ProcessID>3172</ProcessID>
<ProviderPath>%systemroot%\system32\wbem\wmipcima.dll</ProviderPath>
</Operation_StartedOperational>
</UserData>
</Event>

<Event xmlns="http://schemas.microsoft.com/win/2004/08/events/event"><System><Provider Name="Microsoft-Windows-WMI-Activity" Guid="{1418ef04-b0b4-4623-bf7e-d74ab47bbdaa}"></Provider>
<EventID Qualifiers="">5857</EventID>
<Version>0</Version>
<Level>0</Level>
<Task>0</Task>
<Opcode>0</Opcode>
<Keywords>0x4000000000000000</Keywords>
<TimeCreated SystemTime="2020-10-26 15:13:09.207355"></TimeCreated>
<EventRecordID>343</EventRecordID>
<Correlation ActivityID="" RelatedActivityID=""></Correlation>
<Execution ProcessID="3152" ThreadID="3172"></Execution>
<Channel>Microsoft-Windows-WMI-Activity/Operational</Channel>
<Computer>WIN-PTFPHFCRDJ0</Computer>
<Security UserID="S-1-5-20"></Security>
</System>
<UserData><Operation_StartedOperational xmlns="http://manifests.microsoft.com/win/2006/windows/WMI"><ProviderName>CIMWin32</ProviderName>
<Code>0x00000000</Code>
<HostProcess>wmiprvse.exe</HostProcess>
<ProcessID>3152</ProcessID>
<ProviderPath>%systemroot%\system32\wbem\cimwin32.dll</ProviderPath>
</Operation_StartedOperational>
</UserData>
</Event>

<Event xmlns="http://schemas.microsoft.com/win/2004/08/events/event"><System><Provider Name="Microsoft-Windows-WMI-Activity" Guid="{1418ef04-b0b4-4623-bf7e-d74ab47bbdaa}"></Provider>
<EventID Qualifiers="">5857</EventID>
<Version>0</Version>
<Level>0</Level>
<Task>0</Task>
<Opcode>0</Opcode>
<Keywords>0x4000000000000000</Keywords>
<TimeCreated SystemTime="2020-10-26 15:13:13.660780"></TimeCreated>
<EventRecordID>344</EventRecordID>
<Correlation ActivityID="{5cf0896d-abaa-0000-b090-f05caaabd601}" RelatedActivityID=""></Correlation>
<Execution ProcessID="3264" ThreadID="3296"></Execution>
<Channel>Microsoft-Windows-WMI-Activity/Operational</Channel>
<Computer>WIN-PTFPHFCRDJ0</Computer>
<Security UserID="S-1-5-18"></Security>
</System>
<UserData><Operation_StartedOperational xmlns="http://manifests.microsoft.com/win/2006/windows/WMI"><ProviderName>WmiPerfClass</ProviderName>
<Code>0x00000000</Code>
<HostProcess>wmiprvse.exe</HostProcess>
<ProcessID>3264</ProcessID>
<ProviderPath>C:\Windows\System32\wbem\WmiPerfClass.dll</ProviderPath>
</Operation_StartedOperational>
</UserData>
</Event>

<Event xmlns="http://schemas.microsoft.com/win/2004/08/events/event"><System><Provider Name="Microsoft-Windows-WMI-Activity" Guid="{1418ef04-b0b4-4623-bf7e-d74ab47bbdaa}"></Provider>
<EventID Qualifiers="">5861</EventID>
<Version>0</Version>
<Level>0</Level>
<Task>0</Task>
<Opcode>0</Opcode>
<Keywords>0x4000000000000000</Keywords>
<TimeCreated SystemTime="2020-10-26 15:13:27.857868"></TimeCreated>
<EventRecordID>345</EventRecordID>
<Correlation ActivityID="" RelatedActivityID=""></Correlation>
<Execution ProcessID="1332" ThreadID="3512"></Execution>
<Channel>Microsoft-Windows-WMI-Activity/Operational</Channel>
<Computer>WIN-PTFPHFCRDJ0</Computer>
<Security UserID="S-1-5-18"></Security>
</System>
<UserData><Operation_ESStoConsumerBinding xmlns="http://manifests.microsoft.com/win/2006/windows/WMI"><Namespace>//./root/subscription</Namespace>
<ESS>SCM Event Log Filter</ESS>
<CONSUMER>NTEventLogEventConsumer="SCM Event Log Consumer"</CONSUMER>
<PossibleCause>Binding EventFilter: 
instance of __EventFilter
{
	CreatorSID = {1, 2, 0, 0, 0, 0, 0, 5, 32, 0, 0, 0, 32, 2, 0, 0};
	EventNamespace = "root\\cimv2";
	Name = "SCM Event Log Filter";
	Query = "select * from MSFT_SCMEventLogEvent";
	QueryLanguage = "WQL";
};
Perm. Consumer: 
instance of NTEventLogEventConsumer
{
	Category = 0;
	CreatorSID = {1, 2, 0, 0, 0, 0, 0, 5, 32, 0, 0, 0, 32, 2, 0, 0};
	EventType = 1;
	Name = "SCM Event Log Consumer";
	NameOfUserSIDProperty = "sid";
	SourceName = "Service Control Manager";
};
</PossibleCause>
</Operation_ESStoConsumerBinding>
</UserData>
</Event>

<Event xmlns="http://schemas.microsoft.com/win/2004/08/events/event"><System><Provider Name="Microsoft-Windows-WMI-Activity" Guid="{1418ef04-b0b4-4623-bf7e-d74ab47bbdaa}"></Provider>
<EventID Qualifiers="">5859</EventID>
<Version>0</Version>
<Level>0</Level>
<Task>0</Task>
<Opcode>0</Opcode>
<Keywords>0x4000000000000000</Keywords>
<TimeCreated SystemTime="2020-10-26 15:13:29.504541"></TimeCreated>
<EventRecordID>346</EventRecordID>
<Correlation ActivityID="{5cf0896d-abaa-0000-6991-f05caaabd601}" RelatedActivityID=""></Correlation>
<Execution ProcessID="1332" ThreadID="3512"></Execution>
<Channel>Microsoft-Windows-WMI-Activity/Operational</Channel>
<Computer>WIN-PTFPHFCRDJ0</Computer>
<Security UserID="S-1-5-18"></Security>
</System>
<UserData><Operation_EssStarted xmlns="http://manifests.microsoft.com/win/2006/windows/WMI"><NamespaceName>//./root/CIMV2</NamespaceName>
<Query>select * from MSFT_SCMEventLogEvent</Query>
<User>S-1-5-32-544</User>
<Processid>1332</Processid>
<Provider>SCM Event Provider</Provider>
<queryid>0</queryid>
<PossibleCause>Permanent</PossibleCause>
</Operation_EssStarted>
</UserData>
</Event>

<Event xmlns="http://schemas.microsoft.com/win/2004/08/events/event"><System><Provider Name="Microsoft-Windows-WMI-Activity" Guid="{1418ef04-b0b4-4623-bf7e-d74ab47bbdaa}"></Provider>
<EventID Qualifiers="">5857</EventID>
<Version>0</Version>
<Level>0</Level>
<Task>0</Task>
<Opcode>0</Opcode>
<Keywords>0x4000000000000000</Keywords>
<TimeCreated SystemTime="2020-10-26 15:13:29.583544"></TimeCreated>
<EventRecordID>347</EventRecordID>
<Correlation ActivityID="" RelatedActivityID=""></Correlation>
<Execution ProcessID="1332" ThreadID="3508"></Execution>
<Channel>Microsoft-Windows-WMI-Activity/Operational</Channel>
<Computer>WIN-PTFPHFCRDJ0</Computer>
<Security UserID="S-1-5-18"></Security>
</System>
<UserData><Operation_StartedOperational xmlns="http://manifests.microsoft.com/win/2006/windows/WMI"><ProviderName>WMI Kernel Trace Event Provider</ProviderName>
<Code>0x00000000</Code>
<HostProcess>wmiprvse.exe</HostProcess>
<ProcessID>1332</ProcessID>
<ProviderPath>C:\Windows\System32\wbem\krnlprov.dll</ProviderPath>
</Operation_StartedOperational>
</UserData>
</Event>

<Event xmlns="http://schemas.microsoft.com/win/2004/08/events/event"><System><Provider Name="Microsoft-Windows-WMI-Activity" Guid="{1418ef04-b0b4-4623-bf7e-d74ab47bbdaa}"></Provider>
<EventID Qualifiers="">5860</EventID>
<Version>0</Version>
<Level>0</Level>
<Task>0</Task>
<Opcode>0</Opcode>
<Keywords>0x4000000000000000</Keywords>
<TimeCreated SystemTime="2020-10-26 15:13:29.586361"></TimeCreated>
<EventRecordID>348</EventRecordID>
<Correlation ActivityID="{5cf0896d-abaa-0000-6e91-f05caaabd601}" RelatedActivityID=""></Correlation>
<Execution ProcessID="1332" ThreadID="3508"></Execution>
<Channel>Microsoft-Windows-WMI-Activity/Operational</Channel>
<Computer>WIN-PTFPHFCRDJ0</Computer>
<Security UserID="S-1-5-18"></Security>
</System>
<UserData><Operation_TemporaryEssStarted xmlns="http://manifests.microsoft.com/win/2006/windows/WMI"><NamespaceName>ROOT\CIMV2</NamespaceName>
<Query>SELECT * FROM Win32_ProcessStartTrace WHERE ProcessName = 'wsmprovhost.exe'</Query>
<User></User>
<Processid>1332</Processid>
<ClientMachine>WIN-PTFPHFCRDJ0</ClientMachine>
<PossibleCause>Temporary</PossibleCause>
</Operation_TemporaryEssStarted>
</UserData>
</Event>

<Event xmlns="http://schemas.microsoft.com/win/2004/08/events/event"><System><Provider Name="Microsoft-Windows-WMI-Activity" Guid="{1418ef04-b0b4-4623-bf7e-d74ab47bbdaa}"></Provider>
<EventID Qualifiers="">5857</EventID>
<Version>0</Version>
<Level>0</Level>
<Task>0</Task>
<Opcode>0</Opcode>
<Keywords>0x4000000000000000</Keywords>
<TimeCreated SystemTime="2020-10-26 15:13:32.645081"></TimeCreated>
<EventRecordID>349</EventRecordID>
<Correlation ActivityID="{5cf0896d-abaa-0000-c791-f05caaabd601}" RelatedActivityID=""></Correlation>
<Execution ProcessID="3264" ThreadID="3284"></Execution>
<Channel>Microsoft-Windows-WMI-Activity/Operational</Channel>
<Computer>WIN-PTFPHFCRDJ0</Computer>
<Security UserID="S-1-5-18"></Security>
</System>
<UserData><Operation_StartedOperational xmlns="http://manifests.microsoft.com/win/2006/windows/WMI"><ProviderName>WMIProv</ProviderName>
<Code>0x00000000</Code>
<HostProcess>wmiprvse.exe</HostProcess>
<ProcessID>3264</ProcessID>
<ProviderPath>%systemroot%\system32\wbem\wmiprov.dll</ProviderPath>
</Operation_StartedOperational>
</UserData>
</Event>

<Event xmlns="http://schemas.microsoft.com/win/2004/08/events/event"><System><Provider Name="Microsoft-Windows-WMI-Activity" Guid="{1418ef04-b0b4-4623-bf7e-d74ab47bbdaa}"></Provider>
<EventID Qualifiers="">5857</EventID>
<Version>0</Version>
<Level>0</Level>
<Task>0</Task>
<Opcode>0</Opcode>
<Keywords>0x4000000000000000</Keywords>
<TimeCreated SystemTime="2020-10-26 15:13:54.406857"></TimeCreated>
<EventRecordID>350</EventRecordID>
<Correlation ActivityID="" RelatedActivityID=""></Correlation>
<Execution ProcessID="3152" ThreadID="3184"></Execution>
<Channel>Microsoft-Windows-WMI-Activity/Operational</Channel>
<Computer>WIN-PTFPHFCRDJ0</Computer>
<Security UserID="S-1-5-20"></Security>
</System>
<UserData><Operation_StartedOperational xmlns="http://manifests.microsoft.com/win/2006/windows/WMI"><ProviderName>MS_NT_EVENTLOG_PROVIDER</ProviderName>
<Code>0x00000000</Code>
<HostProcess>wmiprvse.exe</HostProcess>
<ProcessID>3152</ProcessID>
<ProviderPath>%systemroot%\system32\wbem\ntevt.dll</ProviderPath>
</Operation_StartedOperational>
</UserData>
</Event>

<Event xmlns="http://schemas.microsoft.com/win/2004/08/events/event"><System><Provider Name="Microsoft-Windows-WMI-Activity" Guid="{1418ef04-b0b4-4623-bf7e-d74ab47bbdaa}"></Provider>
<EventID Qualifiers="">5858</EventID>
<Version>0</Version>
<Level>2</Level>
<Task>0</Task>
<Opcode>0</Opcode>
<Keywords>0x4000000000000000</Keywords>
<TimeCreated SystemTime="2020-10-26 15:14:55.743725"></TimeCreated>
<EventRecordID>351</EventRecordID>
<Correlation ActivityID="" RelatedActivityID=""></Correlation>
<Execution ProcessID="1332" ThreadID="2768"></Execution>
<Channel>Microsoft-Windows-WMI-Activity/Operational</Channel>
<Computer>WIN-PTFPHFCRDJ0</Computer>
<Security UserID="S-1-5-18"></Security>
</System>
<UserData><Operation_ClientFailure xmlns="http://manifests.microsoft.com/win/2006/windows/WMI"><Id>{00000000-0000-0000-0000-000000000000}</Id>
<ClientMachine>WIN-PTFPHFCRDJ0</ClientMachine>
<User>NT AUTHORITY\SYSTEM</User>
<ClientProcessId>1096</ClientProcessId>
<Component>Unknown</Component>
<Operation>Start IWbemServices::ExecQuery - root\cimv2 : SELECT * FROM Win32_ComputerSystemProduct</Operation>
<ResultCode>0x80041032</ResultCode>
<PossibleCause>Unknown</PossibleCause>
</Operation_ClientFailure>
</UserData>
</Event>

<Event xmlns="http://schemas.microsoft.com/win/2004/08/events/event"><System><Provider Name="Microsoft-Windows-WMI-Activity" Guid="{1418ef04-b0b4-4623-bf7e-d74ab47bbdaa}"></Provider>
<EventID Qualifiers="">5858</EventID>
<Version>0</Version>
<Level>2</Level>
<Task>0</Task>
<Opcode>0</Opcode>
<Keywords>0x4000000000000000</Keywords>
<TimeCreated SystemTime="2020-10-26 15:14:55.897329"></TimeCreated>
<EventRecordID>352</EventRecordID>
<Correlation ActivityID="" RelatedActivityID=""></Correlation>
<Execution ProcessID="1332" ThreadID="2768"></Execution>
<Channel>Microsoft-Windows-WMI-Activity/Operational</Channel>
<Computer>WIN-PTFPHFCRDJ0</Computer>
<Security UserID="S-1-5-18"></Security>
</System>
<UserData><Operation_ClientFailure xmlns="http://manifests.microsoft.com/win/2006/windows/WMI"><Id>{00000000-0000-0000-0000-000000000000}</Id>
<ClientMachine>WIN-PTFPHFCRDJ0</ClientMachine>
<User>NT AUTHORITY\SYSTEM</User>
<ClientProcessId>1096</ClientProcessId>
<Component>Unknown</Component>
<Operation>Start IWbemServices::ExecQuery - root\cimv2 : SELECT * FROM Win32_ComputerSystem</Operation>
<ResultCode>0x80041032</ResultCode>
<PossibleCause>Unknown</PossibleCause>
</Operation_ClientFailure>
</UserData>
</Event>

<Event xmlns="http://schemas.microsoft.com/win/2004/08/events/event"><System><Provider Name="Microsoft-Windows-WMI-Activity" Guid="{1418ef04-b0b4-4623-bf7e-d74ab47bbdaa}"></Provider>
<EventID Qualifiers="">5858</EventID>
<Version>0</Version>
<Level>2</Level>
<Task>0</Task>
<Opcode>0</Opcode>
<Keywords>0x4000000000000000</Keywords>
<TimeCreated SystemTime="2020-10-26 15:14:55.933981"></TimeCreated>
<EventRecordID>353</EventRecordID>
<Correlation ActivityID="" RelatedActivityID=""></Correlation>
<Execution ProcessID="1332" ThreadID="1352"></Execution>
<Channel>Microsoft-Windows-WMI-Activity/Operational</Channel>
<Computer>WIN-PTFPHFCRDJ0</Computer>
<Security UserID="S-1-5-18"></Security>
</System>
<UserData><Operation_ClientFailure xmlns="http://manifests.microsoft.com/win/2006/windows/WMI"><Id>{00000000-0000-0000-0000-000000000000}</Id>
<ClientMachine>WIN-PTFPHFCRDJ0</ClientMachine>
<User>NT AUTHORITY\SYSTEM</User>
<ClientProcessId>1096</ClientProcessId>
<Component>Unknown</Component>
<Operation>Start IWbemServices::ExecQuery - root\cimv2 : SELECT * FROM Win32_OperatingSystem</Operation>
<ResultCode>0x80041032</ResultCode>
<PossibleCause>Unknown</PossibleCause>
</Operation_ClientFailure>
</UserData>
</Event>

<Event xmlns="http://schemas.microsoft.com/win/2004/08/events/event"><System><Provider Name="Microsoft-Windows-WMI-Activity" Guid="{1418ef04-b0b4-4623-bf7e-d74ab47bbdaa}"></Provider>
<EventID Qualifiers="">5858</EventID>
<Version>0</Version>
<Level>2</Level>
<Task>0</Task>
<Opcode>0</Opcode>
<Keywords>0x4000000000000000</Keywords>
<TimeCreated SystemTime="2020-10-26 15:14:55.938042"></TimeCreated>
<EventRecordID>354</EventRecordID>
<Correlation ActivityID="" RelatedActivityID=""></Correlation>
<Execution ProcessID="1332" ThreadID="2700"></Execution>
<Channel>Microsoft-Windows-WMI-Activity/Operational</Channel>
<Computer>WIN-PTFPHFCRDJ0</Computer>
<Security UserID="S-1-5-18"></Security>
</System>
<UserData><Operation_ClientFailure xmlns="http://manifests.microsoft.com/win/2006/windows/WMI"><Id>{00000000-0000-0000-0000-000000000000}</Id>
<ClientMachine>WIN-PTFPHFCRDJ0</ClientMachine>
<User>NT AUTHORITY\SYSTEM</User>
<ClientProcessId>1096</ClientProcessId>
<Component>Unknown</Component>
<Operation>Start IWbemServices::ExecQuery - root\cimv2 : SELECT * FROM Win32_ComputerSystem</Operation>
<ResultCode>0x80041032</ResultCode>
<PossibleCause>Unknown</PossibleCause>
</Operation_ClientFailure>
</UserData>
</Event>

<Event xmlns="http://schemas.microsoft.com/win/2004/08/events/event"><System><Provider Name="Microsoft-Windows-WMI-Activity" Guid="{1418ef04-b0b4-4623-bf7e-d74ab47bbdaa}"></Provider>
<EventID Qualifiers="">5858</EventID>
<Version>0</Version>
<Level>2</Level>
<Task>0</Task>
<Opcode>0</Opcode>
<Keywords>0x4000000000000000</Keywords>
<TimeCreated SystemTime="2020-10-26 15:14:57.159817"></TimeCreated>
<EventRecordID>355</EventRecordID>
<Correlation ActivityID="" RelatedActivityID=""></Correlation>
<Execution ProcessID="1332" ThreadID="2768"></Execution>
<Channel>Microsoft-Windows-WMI-Activity/Operational</Channel>
<Computer>WIN-PTFPHFCRDJ0</Computer>
<Security UserID="S-1-5-18"></Security>
</System>
<UserData><Operation_ClientFailure xmlns="http://manifests.microsoft.com/win/2006/windows/WMI"><Id>{00000000-0000-0000-0000-000000000000}</Id>
<ClientMachine>WIN-PTFPHFCRDJ0</ClientMachine>
<User>NT AUTHORITY\SYSTEM</User>
<ClientProcessId>1096</ClientProcessId>
<Component>Unknown</Component>
<Operation>Start IWbemServices::ExecQuery - root\cimv2 : SELECT * FROM Win32_ComputerSystem</Operation>
<ResultCode>0x80041032</ResultCode>
<PossibleCause>Unknown</PossibleCause>
</Operation_ClientFailure>
</UserData>
</Event>

<Event xmlns="http://schemas.microsoft.com/win/2004/08/events/event"><System><Provider Name="Microsoft-Windows-WMI-Activity" Guid="{1418ef04-b0b4-4623-bf7e-d74ab47bbdaa}"></Provider>
<EventID Qualifiers="">5857</EventID>
<Version>0</Version>
<Level>0</Level>
<Task>0</Task>
<Opcode>0</Opcode>
<Keywords>0x4000000000000000</Keywords>
<TimeCreated SystemTime="2020-10-26 15:14:58.511187"></TimeCreated>
<EventRecordID>356</EventRecordID>
<Correlation ActivityID="" RelatedActivityID=""></Correlation>
<Execution ProcessID="3152" ThreadID="3172"></Execution>
<Channel>Microsoft-Windows-WMI-Activity/Operational</Channel>
<Computer>WIN-PTFPHFCRDJ0</Computer>
<Security UserID="S-1-5-20"></Security>
</System>
<UserData><Operation_StartedOperational xmlns="http://manifests.microsoft.com/win/2006/windows/WMI"><ProviderName>CIMWin32a</ProviderName>
<Code>0x00000000</Code>
<HostProcess>wmiprvse.exe</HostProcess>
<ProcessID>3152</ProcessID>
<ProviderPath>%systemroot%\system32\wbem\wmipcima.dll</ProviderPath>
</Operation_StartedOperational>
</UserData>
</Event>

<Event xmlns="http://schemas.microsoft.com/win/2004/08/events/event"><System><Provider Name="Microsoft-Windows-WMI-Activity" Guid="{1418ef04-b0b4-4623-bf7e-d74ab47bbdaa}"></Provider>
<EventID Qualifiers="">5858</EventID>
<Version>0</Version>
<Level>2</Level>
<Task>0</Task>
<Opcode>0</Opcode>
<Keywords>0x4000000000000000</Keywords>
<TimeCreated SystemTime="2020-10-26 15:17:33.535751"></TimeCreated>
<EventRecordID>357</EventRecordID>
<Correlation ActivityID="{5cf0896d-abaa-0000-2991-f05caaabd601}" RelatedActivityID=""></Correlation>
<Execution ProcessID="1332" ThreadID="3440"></Execution>
<Channel>Microsoft-Windows-WMI-Activity/Operational</Channel>
<Computer>WIN-PTFPHFCRDJ0</Computer>
<Security UserID="S-1-5-18"></Security>
</System>
<UserData><Operation_ClientFailure xmlns="http://manifests.microsoft.com/win/2006/windows/WMI"><Id>{5CF0896D-ABAA-0000-2991-F05CAAABD601}</Id>
<ClientMachine>WIN-PTFPHFCRDJ0</ClientMachine>
<User></User>
<ClientProcessId>1332</ClientProcessId>
<Component>Unknown</Component>
<Operation>Start IWbemServices::ExecNotificationQuery - ROOT\CIMV2 : SELECT * FROM Win32_ProcessStartTrace WHERE ProcessName = 'wsmprovhost.exe'</Operation>
<ResultCode>0x80041032</ResultCode>
<PossibleCause>Unknown</PossibleCause>
</Operation_ClientFailure>
</UserData>
</Event>

<Event xmlns="http://schemas.microsoft.com/win/2004/08/events/event"><System><Provider Name="Microsoft-Windows-WMI-Activity" Guid="{1418ef04-b0b4-4623-bf7e-d74ab47bbdaa}"></Provider>
<EventID Qualifiers="">5857</EventID>
<Version>0</Version>
<Level>0</Level>
<Task>0</Task>
<Opcode>0</Opcode>
<Keywords>0x4000000000000000</Keywords>
<TimeCreated SystemTime="2020-10-26 15:28:17.995514"></TimeCreated>
<EventRecordID>358</EventRecordID>
<Correlation ActivityID="" RelatedActivityID=""></Correlation>
<Execution ProcessID="3152" ThreadID="140"></Execution>
<Channel>Microsoft-Windows-WMI-Activity/Operational</Channel>
<Computer>WIN-PTFPHFCRDJ0</Computer>
<Security UserID="S-1-5-20"></Security>
</System>
<UserData><Operation_StartedOperational xmlns="http://manifests.microsoft.com/win/2006/windows/WMI"><ProviderName>mgmtprovider</ProviderName>
<Code>0x00000000</Code>
<HostProcess>wmiprvse.exe</HostProcess>
<ProcessID>3152</ProcessID>
<ProviderPath>%systemroot%\system32\wbem\mgmtprovider.dll</ProviderPath>
</Operation_StartedOperational>
</UserData>
</Event>

<Event xmlns="http://schemas.microsoft.com/win/2004/08/events/event"><System><Provider Name="Microsoft-Windows-WMI-Activity" Guid="{1418ef04-b0b4-4623-bf7e-d74ab47bbdaa}"></Provider>
<EventID Qualifiers="">5857</EventID>
<Version>0</Version>
<Level>0</Level>
<Task>0</Task>
<Opcode>0</Opcode>
<Keywords>0x4000000000000000</Keywords>
<TimeCreated SystemTime="2020-10-26 15:28:18.972160"></TimeCreated>
<EventRecordID>359</EventRecordID>
<Correlation ActivityID="" RelatedActivityID=""></Correlation>
<Execution ProcessID="1116" ThreadID="1144"></Execution>
<Channel>Microsoft-Windows-WMI-Activity/Operational</Channel>
<Computer>WIN-PTFPHFCRDJ0</Computer>
<Security UserID="S-1-5-19"></Security>
</System>
<UserData><Operation_StartedOperational xmlns="http://manifests.microsoft.com/win/2006/windows/WMI"><ProviderName>NetAdapterCim</ProviderName>
<Code>0x00000000</Code>
<HostProcess>wmiprvse.exe</HostProcess>
<ProcessID>1116</ProcessID>
<ProviderPath>%systemroot%\system32\wbem\NetAdapterCim.dll</ProviderPath>
</Operation_StartedOperational>
</UserData>
</Event>

<Event xmlns="http://schemas.microsoft.com/win/2004/08/events/event"><System><Provider Name="Microsoft-Windows-WMI-Activity" Guid="{1418ef04-b0b4-4623-bf7e-d74ab47bbdaa}"></Provider>
<EventID Qualifiers="">5857</EventID>
<Version>0</Version>
<Level>0</Level>
<Task>0</Task>
<Opcode>0</Opcode>
<Keywords>0x4000000000000000</Keywords>
<TimeCreated SystemTime="2020-10-26 15:28:19.239021"></TimeCreated>
<EventRecordID>360</EventRecordID>
<Correlation ActivityID="" RelatedActivityID=""></Correlation>
<Execution ProcessID="3152" ThreadID="3236"></Execution>
<Channel>Microsoft-Windows-WMI-Activity/Operational</Channel>
<Computer>WIN-PTFPHFCRDJ0</Computer>
<Security UserID="S-1-5-20"></Security>
</System>
<UserData><Operation_StartedOperational xmlns="http://manifests.microsoft.com/win/2006/windows/WMI"><ProviderName>nettcpip</ProviderName>
<Code>0x00000000</Code>
<HostProcess>wmiprvse.exe</HostProcess>
<ProcessID>3152</ProcessID>
<ProviderPath>%systemroot%\system32\wbem\NetTCPIP.dll</ProviderPath>
</Operation_StartedOperational>
</UserData>
</Event>

<Event xmlns="http://schemas.microsoft.com/win/2004/08/events/event"><System><Provider Name="Microsoft-Windows-WMI-Activity" Guid="{1418ef04-b0b4-4623-bf7e-d74ab47bbdaa}"></Provider>
<EventID Qualifiers="">5857</EventID>
<Version>0</Version>
<Level>0</Level>
<Task>0</Task>
<Opcode>0</Opcode>
<Keywords>0x4000000000000000</Keywords>
<TimeCreated SystemTime="2020-10-26 15:28:30.456541"></TimeCreated>
<EventRecordID>361</EventRecordID>
<Correlation ActivityID="" RelatedActivityID=""></Correlation>
<Execution ProcessID="2188" ThreadID="4056"></Execution>
<Channel>Microsoft-Windows-WMI-Activity/Operational</Channel>
<Computer>WIN-PTFPHFCRDJ0</Computer>
<Security UserID="S-1-5-18"></Security>
</System>
<UserData><Operation_StartedOperational xmlns="http://manifests.microsoft.com/win/2006/windows/WMI"><ProviderName>deploymentprovider</ProviderName>
<Code>0x00000000</Code>
<HostProcess>wmiprvse.exe</HostProcess>
<ProcessID>2188</ProcessID>
<ProviderPath>%systemroot%\system32\wbem\ServerManager.DeploymentProvider.dll</ProviderPath>
</Operation_StartedOperational>
</UserData>
</Event>

<Event xmlns="http://schemas.microsoft.com/win/2004/08/events/event"><System><Provider Name="Microsoft-Windows-WMI-Activity" Guid="{1418ef04-b0b4-4623-bf7e-d74ab47bbdaa}"></Provider>
<EventID Qualifiers="">5857</EventID>
<Version>0</Version>
<Level>0</Level>
<Task>0</Task>
<Opcode>0</Opcode>
<Keywords>0x4000000000000000</Keywords>
<TimeCreated SystemTime="2020-10-26 15:54:40.466286"></TimeCreated>
<EventRecordID>362</EventRecordID>
<Correlation ActivityID="" RelatedActivityID=""></Correlation>
<Execution ProcessID="1332" ThreadID="3632"></Execution>
<Channel>Microsoft-Windows-WMI-Activity/Operational</Channel>
<Computer>WIN-PTFPHFCRDJ0</Computer>
<Security UserID="S-1-5-18"></Security>
</System>
<UserData><Operation_StartedOperational xmlns="http://manifests.microsoft.com/win/2006/windows/WMI"><ProviderName>WMI Kernel Trace Event Provider</ProviderName>
<Code>0x00000000</Code>
<HostProcess>wmiprvse.exe</HostProcess>
<ProcessID>1332</ProcessID>
<ProviderPath>C:\Windows\System32\wbem\krnlprov.dll</ProviderPath>
</Operation_StartedOperational>
</UserData>
</Event>

<Event xmlns="http://schemas.microsoft.com/win/2004/08/events/event"><System><Provider Name="Microsoft-Windows-WMI-Activity" Guid="{1418ef04-b0b4-4623-bf7e-d74ab47bbdaa}"></Provider>
<EventID Qualifiers="">5860</EventID>
<Version>0</Version>
<Level>0</Level>
<Task>0</Task>
<Opcode>0</Opcode>
<Keywords>0x4000000000000000</Keywords>
<TimeCreated SystemTime="2020-10-26 15:54:40.467596"></TimeCreated>
<EventRecordID>363</EventRecordID>
<Correlation ActivityID="{5cf0896d-abaa-0000-ffa8-f05caaabd601}" RelatedActivityID=""></Correlation>
<Execution ProcessID="1332" ThreadID="3632"></Execution>
<Channel>Microsoft-Windows-WMI-Activity/Operational</Channel>
<Computer>WIN-PTFPHFCRDJ0</Computer>
<Security UserID="S-1-5-18"></Security>
</System>
<UserData><Operation_TemporaryEssStarted xmlns="http://manifests.microsoft.com/win/2006/windows/WMI"><NamespaceName>ROOT\CIMV2</NamespaceName>
<Query>SELECT * FROM Win32_ProcessStartTrace WHERE ProcessName = 'wsmprovhost.exe'</Query>
<User></User>
<Processid>1332</Processid>
<ClientMachine>WIN-PTFPHFCRDJ0</ClientMachine>
<PossibleCause>Temporary</PossibleCause>
</Operation_TemporaryEssStarted>
</UserData>
</Event>

<Event xmlns="http://schemas.microsoft.com/win/2004/08/events/event"><System><Provider Name="Microsoft-Windows-WMI-Activity" Guid="{1418ef04-b0b4-4623-bf7e-d74ab47bbdaa}"></Provider>
<EventID Qualifiers="">5858</EventID>
<Version>0</Version>
<Level>2</Level>
<Task>0</Task>
<Opcode>0</Opcode>
<Keywords>0x4000000000000000</Keywords>
<TimeCreated SystemTime="2020-10-26 15:56:40.596552"></TimeCreated>
<EventRecordID>364</EventRecordID>
<Correlation ActivityID="{5cf0896d-abaa-0000-d8a8-f05caaabd601}" RelatedActivityID=""></Correlation>
<Execution ProcessID="1332" ThreadID="3044"></Execution>
<Channel>Microsoft-Windows-WMI-Activity/Operational</Channel>
<Computer>WIN-PTFPHFCRDJ0</Computer>
<Security UserID="S-1-5-18"></Security>
</System>
<UserData><Operation_ClientFailure xmlns="http://manifests.microsoft.com/win/2006/windows/WMI"><Id>{5CF0896D-ABAA-0000-D8A8-F05CAAABD601}</Id>
<ClientMachine>WIN-PTFPHFCRDJ0</ClientMachine>
<User></User>
<ClientProcessId>1332</ClientProcessId>
<Component>Unknown</Component>
<Operation>Start IWbemServices::ExecNotificationQuery - ROOT\CIMV2 : SELECT * FROM Win32_ProcessStartTrace WHERE ProcessName = 'wsmprovhost.exe'</Operation>
<ResultCode>0x80041032</ResultCode>
<PossibleCause>Unknown</PossibleCause>
</Operation_ClientFailure>
</UserData>
</Event>

<Event xmlns="http://schemas.microsoft.com/win/2004/08/events/event"><System><Provider Name="Microsoft-Windows-WMI-Activity" Guid="{1418ef04-b0b4-4623-bf7e-d74ab47bbdaa}"></Provider>
<EventID Qualifiers="">5857</EventID>
<Version>0</Version>
<Level>0</Level>
<Task>0</Task>
<Opcode>0</Opcode>
<Keywords>0x4000000000000000</Keywords>
<TimeCreated SystemTime="2020-10-26 15:58:40.094072"></TimeCreated>
<EventRecordID>365</EventRecordID>
<Correlation ActivityID="" RelatedActivityID=""></Correlation>
<Execution ProcessID="1332" ThreadID="3696"></Execution>
<Channel>Microsoft-Windows-WMI-Activity/Operational</Channel>
<Computer>WIN-PTFPHFCRDJ0</Computer>
<Security UserID="S-1-5-18"></Security>
</System>
<UserData><Operation_StartedOperational xmlns="http://manifests.microsoft.com/win/2006/windows/WMI"><ProviderName>WMI Kernel Trace Event Provider</ProviderName>
<Code>0x00000000</Code>
<HostProcess>wmiprvse.exe</HostProcess>
<ProcessID>1332</ProcessID>
<ProviderPath>C:\Windows\System32\wbem\krnlprov.dll</ProviderPath>
</Operation_StartedOperational>
</UserData>
</Event>

<Event xmlns="http://schemas.microsoft.com/win/2004/08/events/event"><System><Provider Name="Microsoft-Windows-WMI-Activity" Guid="{1418ef04-b0b4-4623-bf7e-d74ab47bbdaa}"></Provider>
<EventID Qualifiers="">5860</EventID>
<Version>0</Version>
<Level>0</Level>
<Task>0</Task>
<Opcode>0</Opcode>
<Keywords>0x4000000000000000</Keywords>
<TimeCreated SystemTime="2020-10-26 15:58:40.098419"></TimeCreated>
<EventRecordID>366</EventRecordID>
<Correlation ActivityID="{5cf0896d-abaa-0000-77b0-f05caaabd601}" RelatedActivityID=""></Correlation>
<Execution ProcessID="1332" ThreadID="3696"></Execution>
<Channel>Microsoft-Windows-WMI-Activity/Operational</Channel>
<Computer>WIN-PTFPHFCRDJ0</Computer>
<Security UserID="S-1-5-18"></Security>
</System>
<UserData><Operation_TemporaryEssStarted xmlns="http://manifests.microsoft.com/win/2006/windows/WMI"><NamespaceName>ROOT\CIMV2</NamespaceName>
<Query>SELECT * FROM Win32_ProcessStartTrace WHERE ProcessName = 'wsmprovhost.exe'</Query>
<User></User>
<Processid>1332</Processid>
<ClientMachine>WIN-PTFPHFCRDJ0</ClientMachine>
<PossibleCause>Temporary</PossibleCause>
</Operation_TemporaryEssStarted>
</UserData>
</Event>

<Event xmlns="http://schemas.microsoft.com/win/2004/08/events/event"><System><Provider Name="Microsoft-Windows-WMI-Activity" Guid="{1418ef04-b0b4-4623-bf7e-d74ab47bbdaa}"></Provider>
<EventID Qualifiers="">5858</EventID>
<Version>0</Version>
<Level>2</Level>
<Task>0</Task>
<Opcode>0</Opcode>
<Keywords>0x4000000000000000</Keywords>
<TimeCreated SystemTime="2020-10-26 16:02:21.183643"></TimeCreated>
<EventRecordID>367</EventRecordID>
<Correlation ActivityID="{5cf0896d-abaa-0000-50b0-f05caaabd601}" RelatedActivityID=""></Correlation>
<Execution ProcessID="1332" ThreadID="876"></Execution>
<Channel>Microsoft-Windows-WMI-Activity/Operational</Channel>
<Computer>WIN-PTFPHFCRDJ0</Computer>
<Security UserID="S-1-5-18"></Security>
</System>
<UserData><Operation_ClientFailure xmlns="http://manifests.microsoft.com/win/2006/windows/WMI"><Id>{5CF0896D-ABAA-0000-50B0-F05CAAABD601}</Id>
<ClientMachine>WIN-PTFPHFCRDJ0</ClientMachine>
<User></User>
<ClientProcessId>1332</ClientProcessId>
<Component>Unknown</Component>
<Operation>Start IWbemServices::ExecNotificationQuery - ROOT\CIMV2 : SELECT * FROM Win32_ProcessStartTrace WHERE ProcessName = 'wsmprovhost.exe'</Operation>
<ResultCode>0x80041032</ResultCode>
<PossibleCause>Unknown</PossibleCause>
</Operation_ClientFailure>
</UserData>
</Event>

<Event xmlns="http://schemas.microsoft.com/win/2004/08/events/event"><System><Provider Name="Microsoft-Windows-WMI-Activity" Guid="{1418ef04-b0b4-4623-bf7e-d74ab47bbdaa}"></Provider>
<EventID Qualifiers="">5857</EventID>
<Version>0</Version>
<Level>0</Level>
<Task>0</Task>
<Opcode>0</Opcode>
<Keywords>0x4000000000000000</Keywords>
<TimeCreated SystemTime="2020-10-26 16:35:25.181103"></TimeCreated>
<EventRecordID>368</EventRecordID>
<Correlation ActivityID="" RelatedActivityID=""></Correlation>
<Execution ProcessID="3152" ThreadID="3236"></Execution>
<Channel>Microsoft-Windows-WMI-Activity/Operational</Channel>
<Computer>WIN-PTFPHFCRDJ0</Computer>
<Security UserID="S-1-5-20"></Security>
</System>
<UserData><Operation_StartedOperational xmlns="http://manifests.microsoft.com/win/2006/windows/WMI"><ProviderName>CIMWin32a</ProviderName>
<Code>0x00000000</Code>
<HostProcess>wmiprvse.exe</HostProcess>
<ProcessID>3152</ProcessID>
<ProviderPath>%systemroot%\system32\wbem\wmipcima.dll</ProviderPath>
</Operation_StartedOperational>
</UserData>
</Event>

<Event xmlns="http://schemas.microsoft.com/win/2004/08/events/event"><System><Provider Name="Microsoft-Windows-WMI-Activity" Guid="{1418ef04-b0b4-4623-bf7e-d74ab47bbdaa}"></Provider>
<EventID Qualifiers="">5857</EventID>
<Version>0</Version>
<Level>0</Level>
<Task>0</Task>
<Opcode>0</Opcode>
<Keywords>0x4000000000000000</Keywords>
<TimeCreated SystemTime="2020-10-26 16:48:20.128687"></TimeCreated>
<EventRecordID>369</EventRecordID>
<Correlation ActivityID="" RelatedActivityID=""></Correlation>
<Execution ProcessID="3152" ThreadID="3236"></Execution>
<Channel>Microsoft-Windows-WMI-Activity/Operational</Channel>
<Computer>WIN-PTFPHFCRDJ0</Computer>
<Security UserID="S-1-5-20"></Security>
</System>
<UserData><Operation_StartedOperational xmlns="http://manifests.microsoft.com/win/2006/windows/WMI"><ProviderName>CIMWin32a</ProviderName>
<Code>0x00000000</Code>
<HostProcess>wmiprvse.exe</HostProcess>
<ProcessID>3152</ProcessID>
<ProviderPath>%systemroot%\system32\wbem\wmipcima.dll</ProviderPath>
</Operation_StartedOperational>
</UserData>
</Event>

<Event xmlns="http://schemas.microsoft.com/win/2004/08/events/event"><System><Provider Name="Microsoft-Windows-WMI-Activity" Guid="{1418ef04-b0b4-4623-bf7e-d74ab47bbdaa}"></Provider>
<EventID Qualifiers="">5858</EventID>
<Version>0</Version>
<Level>2</Level>
<Task>0</Task>
<Opcode>0</Opcode>
<Keywords>0x4000000000000000</Keywords>
<TimeCreated SystemTime="2020-10-26 17:04:18.398884"></TimeCreated>
<EventRecordID>370</EventRecordID>
<Correlation ActivityID="" RelatedActivityID=""></Correlation>
<Execution ProcessID="1332" ThreadID="3740"></Execution>
<Channel>Microsoft-Windows-WMI-Activity/Operational</Channel>
<Computer>WIN-PTFPHFCRDJ0</Computer>
<Security UserID="S-1-5-18"></Security>
</System>
<UserData><Operation_ClientFailure xmlns="http://manifests.microsoft.com/win/2006/windows/WMI"><Id>{00000000-0000-0000-0000-000000000000}</Id>
<ClientMachine>WIN-PTFPHFCRDJ0</ClientMachine>
<User>WIN-PTFPHFCRDJ0\user</User>
<ClientProcessId>3828</ClientProcessId>
<Component>Unknown</Component>
<Operation>Start IWbemServices::ExecQuery - ROOT\CIMV2 : SELECT * FROM Win32_BIOS</Operation>
<ResultCode>0x80041032</ResultCode>
<PossibleCause>Unknown</PossibleCause>
</Operation_ClientFailure>
</UserData>
</Event>

<Event xmlns="http://schemas.microsoft.com/win/2004/08/events/event"><System><Provider Name="Microsoft-Windows-WMI-Activity" Guid="{1418ef04-b0b4-4623-bf7e-d74ab47bbdaa}"></Provider>
<EventID Qualifiers="">5858</EventID>
<Version>0</Version>
<Level>2</Level>
<Task>0</Task>
<Opcode>0</Opcode>
<Keywords>0x4000000000000000</Keywords>
<TimeCreated SystemTime="2020-10-26 18:08:36.503292"></TimeCreated>
<EventRecordID>371</EventRecordID>
<Correlation ActivityID="" RelatedActivityID=""></Correlation>
<Execution ProcessID="1332" ThreadID="4828"></Execution>
<Channel>Microsoft-Windows-WMI-Activity/Operational</Channel>
<Computer>WIN-PTFPHFCRDJ0</Computer>
<Security UserID="S-1-5-18"></Security>
</System>
<UserData><Operation_ClientFailure xmlns="http://manifests.microsoft.com/win/2006/windows/WMI"><Id>{00000000-0000-0000-0000-000000000000}</Id>
<ClientMachine>WIN-PTFPHFCRDJ0</ClientMachine>
<User>WIN-PTFPHFCRDJ0\user</User>
<ClientProcessId>4892</ClientProcessId>
<Component>Unknown</Component>
<Operation>Start IWbemServices::ExecQuery - ROOT\CIMV2 : SELECT * FROM Win32_BIOS</Operation>
<ResultCode>0x80041032</ResultCode>
<PossibleCause>Unknown</PossibleCause>
</Operation_ClientFailure>
</UserData>
</Event>

<Event xmlns="http://schemas.microsoft.com/win/2004/08/events/event"><System><Provider Name="Microsoft-Windows-WMI-Activity" Guid="{1418ef04-b0b4-4623-bf7e-d74ab47bbdaa}"></Provider>
<EventID Qualifiers="">5858</EventID>
<Version>0</Version>
<Level>2</Level>
<Task>0</Task>
<Opcode>0</Opcode>
<Keywords>0x4000000000000000</Keywords>
<TimeCreated SystemTime="2020-10-26 18:08:37.047922"></TimeCreated>
<EventRecordID>372</EventRecordID>
<Correlation ActivityID="" RelatedActivityID=""></Correlation>
<Execution ProcessID="1332" ThreadID="2768"></Execution>
<Channel>Microsoft-Windows-WMI-Activity/Operational</Channel>
<Computer>WIN-PTFPHFCRDJ0</Computer>
<Security UserID="S-1-5-18"></Security>
</System>
<UserData><Operation_ClientFailure xmlns="http://manifests.microsoft.com/win/2006/windows/WMI"><Id>{00000000-0000-0000-0000-000000000000}</Id>
<ClientMachine>WIN-PTFPHFCRDJ0</ClientMachine>
<User>WIN-PTFPHFCRDJ0\user</User>
<ClientProcessId>4892</ClientProcessId>
<Component>Unknown</Component>
<Operation>Start IWbemServices::ExecQuery - ROOT\CIMV2 : SELECT * FROM Win32_PhysicalMemoryArray</Operation>
<ResultCode>0x80041032</ResultCode>
<PossibleCause>Unknown</PossibleCause>
</Operation_ClientFailure>
</UserData>
</Event>

<Event xmlns="http://schemas.microsoft.com/win/2004/08/events/event"><System><Provider Name="Microsoft-Windows-WMI-Activity" Guid="{1418ef04-b0b4-4623-bf7e-d74ab47bbdaa}"></Provider>
<EventID Qualifiers="">5857</EventID>
<Version>0</Version>
<Level>0</Level>
<Task>0</Task>
<Opcode>0</Opcode>
<Keywords>0x4000000000000000</Keywords>
<TimeCreated SystemTime="2020-10-27 01:58:47.805302"></TimeCreated>
<EventRecordID>373</EventRecordID>
<Correlation ActivityID="" RelatedActivityID=""></Correlation>
<Execution ProcessID="3104" ThreadID="3136"></Execution>
<Channel>Microsoft-Windows-WMI-Activity/Operational</Channel>
<Computer>WIN-PTFPHFCRDJ0</Computer>
<Security UserID="S-1-5-20"></Security>
</System>
<UserData><Operation_StartedOperational xmlns="http://manifests.microsoft.com/win/2006/windows/WMI"><ProviderName>CIMWin32</ProviderName>
<Code>0x00000000</Code>
<HostProcess>wmiprvse.exe</HostProcess>
<ProcessID>3104</ProcessID>
<ProviderPath>%systemroot%\system32\wbem\cimwin32.dll</ProviderPath>
</Operation_StartedOperational>
</UserData>
</Event>

