<?xml version="1.1" encoding="utf-8" standalone="yes" ?>

<Events>
<Event xmlns="http://schemas.microsoft.com/win/2004/08/events/event"><System><Provider Name="Microsoft-Windows-StateRepository" Guid="{89592015-d996-4636-8f61-066b5d4dd739}"></Provider>
<EventID Qualifiers="">223</EventID>
<Version>0</Version>
<Level>4</Level>
<Task>2</Task>
<Opcode>0</Opcode>
<Keywords>0x4000000000000001</Keywords>
<TimeCreated SystemTime="2020-10-23 09:21:27.594576"></TimeCreated>
<EventRecordID>1</EventRecordID>
<Correlation ActivityID="" RelatedActivityID=""></Correlation>
<Execution ProcessID="2764" ThreadID="2776"></Execution>
<Channel>Microsoft-Windows-StateRepository/Operational</Channel>
<Computer>WIN-PTFPHFCRDJ0</Computer>
<Security UserID="S-1-5-18"></Security>
</System>
<EventData><Data Name="Partition">1</Data>
<Data Name="SchemaVersion">13568</Data>
<Data Name="Filename">C:\ProgramData\Microsoft\Windows\AppRepository\StateRepository-Machine.srd</Data>
</EventData>
</Event>

<Event xmlns="http://schemas.microsoft.com/win/2004/08/events/event"><System><Provider Name="Microsoft-Windows-StateRepository" Guid="{89592015-d996-4636-8f61-066b5d4dd739}"></Provider>
<EventID Qualifiers="">223</EventID>
<Version>0</Version>
<Level>4</Level>
<Task>2</Task>
<Opcode>0</Opcode>
<Keywords>0x4000000000000001</Keywords>
<TimeCreated SystemTime="2020-10-23 09:21:27.603745"></TimeCreated>
<EventRecordID>2</EventRecordID>
<Correlation ActivityID="" RelatedActivityID=""></Correlation>
<Execution ProcessID="2764" ThreadID="2776"></Execution>
<Channel>Microsoft-Windows-StateRepository/Operational</Channel>
<Computer>WIN-PTFPHFCRDJ0</Computer>
<Security UserID="S-1-5-18"></Security>
</System>
<EventData><Data Name="Partition">2</Data>
<Data Name="SchemaVersion">13568</Data>
<Data Name="Filename">C:\ProgramData\Microsoft\Windows\AppRepository\StateRepository-Deployment.srd</Data>
</EventData>
</Event>

<Event xmlns="http://schemas.microsoft.com/win/2004/08/events/event"><System><Provider Name="Microsoft-Windows-StateRepository" Guid="{89592015-d996-4636-8f61-066b5d4dd739}"></Provider>
<EventID Qualifiers="">236</EventID>
<Version>0</Version>
<Level>4</Level>
<Task>3</Task>
<Opcode>0</Opcode>
<Keywords>0x4000000000000001</Keywords>
<TimeCreated SystemTime="2020-10-23 09:21:27.622665"></TimeCreated>
<EventRecordID>3</EventRecordID>
<Correlation ActivityID="" RelatedActivityID=""></Correlation>
<Execution ProcessID="2764" ThreadID="2776"></Execution>
<Channel>Microsoft-Windows-StateRepository/Operational</Channel>
<Computer>WIN-PTFPHFCRDJ0</Computer>
<Security UserID="S-1-5-18"></Security>
</System>
<EventData><Data Name="Name">Deployment.OptionalPackage.FixDependencyType</Data>
</EventData>
</Event>

<Event xmlns="http://schemas.microsoft.com/win/2004/08/events/event"><System><Provider Name="Microsoft-Windows-StateRepository" Guid="{89592015-d996-4636-8f61-066b5d4dd739}"></Provider>
<EventID Qualifiers="">104</EventID>
<Version>0</Version>
<Level>3</Level>
<Task>1</Task>
<Opcode>0</Opcode>
<Keywords>0x4000000000000001</Keywords>
<TimeCreated SystemTime="2020-10-23 09:21:27.626194"></TimeCreated>
<EventRecordID>4</EventRecordID>
<Correlation ActivityID="" RelatedActivityID=""></Correlation>
<Execution ProcessID="2764" ThreadID="2776"></Execution>
<Channel>Microsoft-Windows-StateRepository/Operational</Channel>
<Computer>WIN-PTFPHFCRDJ0</Computer>
<Security UserID="S-1-5-18"></Security>
</System>
<EventData><Data Name="ErrorCode">0x0000011c</Data>
<Data Name="SQL">automatic index on Dependency(Name)</Data>
</EventData>
</Event>

<Event xmlns="http://schemas.microsoft.com/win/2004/08/events/event"><System><Provider Name="Microsoft-Windows-StateRepository" Guid="{89592015-d996-4636-8f61-066b5d4dd739}"></Provider>
<EventID Qualifiers="">237</EventID>
<Version>0</Version>
<Level>4</Level>
<Task>3</Task>
<Opcode>0</Opcode>
<Keywords>0x4000000000000001</Keywords>
<TimeCreated SystemTime="2020-10-23 09:21:27.626238"></TimeCreated>
<EventRecordID>5</EventRecordID>
<Correlation ActivityID="" RelatedActivityID=""></Correlation>
<Execution ProcessID="2764" ThreadID="2776"></Execution>
<Channel>Microsoft-Windows-StateRepository/Operational</Channel>
<Computer>WIN-PTFPHFCRDJ0</Computer>
<Security UserID="S-1-5-18"></Security>
</System>
<EventData><Data Name="Name">Deployment.OptionalPackage.FixDependencyType</Data>
</EventData>
</Event>

<Event xmlns="http://schemas.microsoft.com/win/2004/08/events/event"><System><Provider Name="Microsoft-Windows-StateRepository" Guid="{89592015-d996-4636-8f61-066b5d4dd739}"></Provider>
<EventID Qualifiers="">236</EventID>
<Version>0</Version>
<Level>4</Level>
<Task>3</Task>
<Opcode>0</Opcode>
<Keywords>0x4000000000000001</Keywords>
<TimeCreated SystemTime="2020-10-23 09:21:27.626238"></TimeCreated>
<EventRecordID>6</EventRecordID>
<Correlation ActivityID="" RelatedActivityID=""></Correlation>
<Execution ProcessID="2764" ThreadID="2776"></Execution>
<Channel>Microsoft-Windows-StateRepository/Operational</Channel>
<Computer>WIN-PTFPHFCRDJ0</Computer>
<Security UserID="S-1-5-18"></Security>
</System>
<EventData><Data Name="Name">Deployment.Extensions.FixProgId</Data>
</EventData>
</Event>

<Event xmlns="http://schemas.microsoft.com/win/2004/08/events/event"><System><Provider Name="Microsoft-Windows-StateRepository" Guid="{89592015-d996-4636-8f61-066b5d4dd739}"></Provider>
<EventID Qualifiers="">237</EventID>
<Version>0</Version>
<Level>4</Level>
<Task>3</Task>
<Opcode>0</Opcode>
<Keywords>0x4000000000000001</Keywords>
<TimeCreated SystemTime="2020-10-23 09:21:27.626501"></TimeCreated>
<EventRecordID>7</EventRecordID>
<Correlation ActivityID="" RelatedActivityID=""></Correlation>
<Execution ProcessID="2764" ThreadID="2776"></Execution>
<Channel>Microsoft-Windows-StateRepository/Operational</Channel>
<Computer>WIN-PTFPHFCRDJ0</Computer>
<Security UserID="S-1-5-18"></Security>
</System>
<EventData><Data Name="Name">Deployment.Extensions.FixProgId</Data>
</EventData>
</Event>

<Event xmlns="http://schemas.microsoft.com/win/2004/08/events/event"><System><Provider Name="Microsoft-Windows-StateRepository" Guid="{89592015-d996-4636-8f61-066b5d4dd739}"></Provider>
<EventID Qualifiers="">236</EventID>
<Version>0</Version>
<Level>4</Level>
<Task>3</Task>
<Opcode>0</Opcode>
<Keywords>0x4000000000000001</Keywords>
<TimeCreated SystemTime="2020-10-23 09:21:27.626503"></TimeCreated>
<EventRecordID>8</EventRecordID>
<Correlation ActivityID="" RelatedActivityID=""></Correlation>
<Execution ProcessID="2764" ThreadID="2776"></Execution>
<Channel>Microsoft-Windows-StateRepository/Operational</Channel>
<Computer>WIN-PTFPHFCRDJ0</Computer>
<Security UserID="S-1-5-18"></Security>
</System>
<EventData><Data Name="Name">Deployment.Extensions.PopulateACID</Data>
</EventData>
</Event>

<Event xmlns="http://schemas.microsoft.com/win/2004/08/events/event"><System><Provider Name="Microsoft-Windows-StateRepository" Guid="{89592015-d996-4636-8f61-066b5d4dd739}"></Provider>
<EventID Qualifiers="">237</EventID>
<Version>0</Version>
<Level>4</Level>
<Task>3</Task>
<Opcode>0</Opcode>
<Keywords>0x4000000000000001</Keywords>
<TimeCreated SystemTime="2020-10-23 09:21:27.626503"></TimeCreated>
<EventRecordID>9</EventRecordID>
<Correlation ActivityID="" RelatedActivityID=""></Correlation>
<Execution ProcessID="2764" ThreadID="2776"></Execution>
<Channel>Microsoft-Windows-StateRepository/Operational</Channel>
<Computer>WIN-PTFPHFCRDJ0</Computer>
<Security UserID="S-1-5-18"></Security>
</System>
<EventData><Data Name="Name">Deployment.Extensions.PopulateACID</Data>
</EventData>
</Event>

<Event xmlns="http://schemas.microsoft.com/win/2004/08/events/event"><System><Provider Name="Microsoft-Windows-StateRepository" Guid="{89592015-d996-4636-8f61-066b5d4dd739}"></Provider>
<EventID Qualifiers="">236</EventID>
<Version>0</Version>
<Level>4</Level>
<Task>3</Task>
<Opcode>0</Opcode>
<Keywords>0x4000000000000001</Keywords>
<TimeCreated SystemTime="2020-10-23 09:21:27.626503"></TimeCreated>
<EventRecordID>10</EventRecordID>
<Correlation ActivityID="" RelatedActivityID=""></Correlation>
<Execution ProcessID="2764" ThreadID="2776"></Execution>
<Channel>Microsoft-Windows-StateRepository/Operational</Channel>
<Computer>WIN-PTFPHFCRDJ0</Computer>
<Security UserID="S-1-5-18"></Security>
</System>
<EventData><Data Name="Name">Deployment.Extensions.PopulateProtocolAndFTA</Data>
</EventData>
</Event>

<Event xmlns="http://schemas.microsoft.com/win/2004/08/events/event"><System><Provider Name="Microsoft-Windows-StateRepository" Guid="{89592015-d996-4636-8f61-066b5d4dd739}"></Provider>
<EventID Qualifiers="">237</EventID>
<Version>0</Version>
<Level>4</Level>
<Task>3</Task>
<Opcode>0</Opcode>
<Keywords>0x4000000000000001</Keywords>
<TimeCreated SystemTime="2020-10-23 09:21:27.627316"></TimeCreated>
<EventRecordID>11</EventRecordID>
<Correlation ActivityID="" RelatedActivityID=""></Correlation>
<Execution ProcessID="2764" ThreadID="2776"></Execution>
<Channel>Microsoft-Windows-StateRepository/Operational</Channel>
<Computer>WIN-PTFPHFCRDJ0</Computer>
<Security UserID="S-1-5-18"></Security>
</System>
<EventData><Data Name="Name">Deployment.Extensions.PopulateProtocolAndFTA</Data>
</EventData>
</Event>

<Event xmlns="http://schemas.microsoft.com/win/2004/08/events/event"><System><Provider Name="Microsoft-Windows-StateRepository" Guid="{89592015-d996-4636-8f61-066b5d4dd739}"></Provider>
<EventID Qualifiers="">236</EventID>
<Version>0</Version>
<Level>4</Level>
<Task>3</Task>
<Opcode>0</Opcode>
<Keywords>0x4000000000000001</Keywords>
<TimeCreated SystemTime="2020-10-23 09:21:27.627316"></TimeCreated>
<EventRecordID>12</EventRecordID>
<Correlation ActivityID="" RelatedActivityID=""></Correlation>
<Execution ProcessID="2764" ThreadID="2776"></Execution>
<Channel>Microsoft-Windows-StateRepository/Operational</Channel>
<Computer>WIN-PTFPHFCRDJ0</Computer>
<Security UserID="S-1-5-18"></Security>
</System>
<EventData><Data Name="Name">TDR.TDL.Import</Data>
</EventData>
</Event>

<Event xmlns="http://schemas.microsoft.com/win/2004/08/events/event"><System><Provider Name="Microsoft-Windows-StateRepository" Guid="{89592015-d996-4636-8f61-066b5d4dd739}"></Provider>
<EventID Qualifiers="">237</EventID>
<Version>0</Version>
<Level>4</Level>
<Task>3</Task>
<Opcode>0</Opcode>
<Keywords>0x4000000000000001</Keywords>
<TimeCreated SystemTime="2020-10-23 09:21:27.627371"></TimeCreated>
<EventRecordID>13</EventRecordID>
<Correlation ActivityID="" RelatedActivityID=""></Correlation>
<Execution ProcessID="2764" ThreadID="2776"></Execution>
<Channel>Microsoft-Windows-StateRepository/Operational</Channel>
<Computer>WIN-PTFPHFCRDJ0</Computer>
<Security UserID="S-1-5-18"></Security>
</System>
<EventData><Data Name="Name">TDR.TDL.Import</Data>
</EventData>
</Event>

<Event xmlns="http://schemas.microsoft.com/win/2004/08/events/event"><System><Provider Name="Microsoft-Windows-StateRepository" Guid="{89592015-d996-4636-8f61-066b5d4dd739}"></Provider>
<EventID Qualifiers="">236</EventID>
<Version>0</Version>
<Level>4</Level>
<Task>3</Task>
<Opcode>0</Opcode>
<Keywords>0x4000000000000001</Keywords>
<TimeCreated SystemTime="2020-10-23 09:21:27.627373"></TimeCreated>
<EventRecordID>14</EventRecordID>
<Correlation ActivityID="" RelatedActivityID=""></Correlation>
<Execution ProcessID="2764" ThreadID="2776"></Execution>
<Channel>Microsoft-Windows-StateRepository/Operational</Channel>
<Computer>WIN-PTFPHFCRDJ0</Computer>
<Security UserID="S-1-5-18"></Security>
</System>
<EventData><Data Name="Name">Deployment.Package.PopulateMostRecentlyStaged</Data>
</EventData>
</Event>

<Event xmlns="http://schemas.microsoft.com/win/2004/08/events/event"><System><Provider Name="Microsoft-Windows-StateRepository" Guid="{89592015-d996-4636-8f61-066b5d4dd739}"></Provider>
<EventID Qualifiers="">237</EventID>
<Version>0</Version>
<Level>4</Level>
<Task>3</Task>
<Opcode>0</Opcode>
<Keywords>0x4000000000000001</Keywords>
<TimeCreated SystemTime="2020-10-23 09:21:27.627583"></TimeCreated>
<EventRecordID>15</EventRecordID>
<Correlation ActivityID="" RelatedActivityID=""></Correlation>
<Execution ProcessID="2764" ThreadID="2776"></Execution>
<Channel>Microsoft-Windows-StateRepository/Operational</Channel>
<Computer>WIN-PTFPHFCRDJ0</Computer>
<Security UserID="S-1-5-18"></Security>
</System>
<EventData><Data Name="Name">Deployment.Package.PopulateMostRecentlyStaged</Data>
</EventData>
</Event>

<Event xmlns="http://schemas.microsoft.com/win/2004/08/events/event"><System><Provider Name="Microsoft-Windows-StateRepository" Guid="{89592015-d996-4636-8f61-066b5d4dd739}"></Provider>
<EventID Qualifiers="">236</EventID>
<Version>0</Version>
<Level>4</Level>
<Task>3</Task>
<Opcode>0</Opcode>
<Keywords>0x4000000000000001</Keywords>
<TimeCreated SystemTime="2020-10-23 09:21:27.627583"></TimeCreated>
<EventRecordID>16</EventRecordID>
<Correlation ActivityID="" RelatedActivityID=""></Correlation>
<Execution ProcessID="2764" ThreadID="2776"></Execution>
<Channel>Microsoft-Windows-StateRepository/Operational</Channel>
<Computer>WIN-PTFPHFCRDJ0</Computer>
<Security UserID="S-1-5-18"></Security>
</System>
<EventData><Data Name="Name">SR.PackageUser.PackageIdentity</Data>
</EventData>
</Event>

<Event xmlns="http://schemas.microsoft.com/win/2004/08/events/event"><System><Provider Name="Microsoft-Windows-StateRepository" Guid="{89592015-d996-4636-8f61-066b5d4dd739}"></Provider>
<EventID Qualifiers="">237</EventID>
<Version>0</Version>
<Level>4</Level>
<Task>3</Task>
<Opcode>0</Opcode>
<Keywords>0x4000000000000001</Keywords>
<TimeCreated SystemTime="2020-10-23 09:21:27.627682"></TimeCreated>
<EventRecordID>17</EventRecordID>
<Correlation ActivityID="" RelatedActivityID=""></Correlation>
<Execution ProcessID="2764" ThreadID="2776"></Execution>
<Channel>Microsoft-Windows-StateRepository/Operational</Channel>
<Computer>WIN-PTFPHFCRDJ0</Computer>
<Security UserID="S-1-5-18"></Security>
</System>
<EventData><Data Name="Name">SR.PackageUser.PackageIdentity</Data>
</EventData>
</Event>

<Event xmlns="http://schemas.microsoft.com/win/2004/08/events/event"><System><Provider Name="Microsoft-Windows-StateRepository" Guid="{89592015-d996-4636-8f61-066b5d4dd739}"></Provider>
<EventID Qualifiers="">234</EventID>
<Version>0</Version>
<Level>4</Level>
<Task>3</Task>
<Opcode>0</Opcode>
<Keywords>0x4000000000000001</Keywords>
<TimeCreated SystemTime="2020-10-23 09:21:27.628727"></TimeCreated>
<EventRecordID>18</EventRecordID>
<Correlation ActivityID="" RelatedActivityID=""></Correlation>
<Execution ProcessID="2764" ThreadID="2776"></Execution>
<Channel>Microsoft-Windows-StateRepository/Operational</Channel>
<Computer>WIN-PTFPHFCRDJ0</Computer>
<Security UserID="S-1-5-18"></Security>
</System>
<EventData><Data Name="MachineDisposition">1</Data>
<Data Name="PreviousMachineVersion">0</Data>
<Data Name="DeploymentDisposition">1</Data>
<Data Name="PreviousDeploymentVersion">0</Data>
<Data Name="MigratorErrors">0</Data>
</EventData>
</Event>

<Event xmlns="http://schemas.microsoft.com/win/2004/08/events/event"><System><Provider Name="Microsoft-Windows-StateRepository" Guid="{89592015-d996-4636-8f61-066b5d4dd739}"></Provider>
<EventID Qualifiers="">265</EventID>
<Version>0</Version>
<Level>5</Level>
<Task>2</Task>
<Opcode>0</Opcode>
<Keywords>0x4000200000000001</Keywords>
<TimeCreated SystemTime="2020-10-23 09:21:27.633858"></TimeCreated>
<EventRecordID>19</EventRecordID>
<Correlation ActivityID="" RelatedActivityID=""></Correlation>
<Execution ProcessID="2764" ThreadID="2776"></Execution>
<Channel>Microsoft-Windows-StateRepository/Operational</Channel>
<Computer>WIN-PTFPHFCRDJ0</Computer>
<Security UserID="S-1-5-18"></Security>
</System>
<EventData><Data Name="ErrorCode">0x00000000</Data>
<Data Name="Options">0x00000000</Data>
<Data Name="MachineDatabase_Pages">0</Data>
<Data Name="MachineDatabase_PagesCheckpointed">0</Data>
<Data Name="DeploymentDatabase_Pages">0</Data>
<Data Name="DeploymentDatabase_PagesCheckpointed">0</Data>
</EventData>
</Event>

<Event xmlns="http://schemas.microsoft.com/win/2004/08/events/event"><System><Provider Name="Microsoft-Windows-StateRepository" Guid="{89592015-d996-4636-8f61-066b5d4dd739}"></Provider>
<EventID Qualifiers="">221</EventID>
<Version>0</Version>
<Level>5</Level>
<Task>2</Task>
<Opcode>0</Opcode>
<Keywords>0x4000000000000001</Keywords>
<TimeCreated SystemTime="2020-10-23 09:21:27.637388"></TimeCreated>
<EventRecordID>20</EventRecordID>
<Correlation ActivityID="" RelatedActivityID=""></Correlation>
<Execution ProcessID="2764" ThreadID="2776"></Execution>
<Channel>Microsoft-Windows-StateRepository/Operational</Channel>
<Computer>WIN-PTFPHFCRDJ0</Computer>
<Security UserID="S-1-5-18"></Security>
</System>
<EventData><Data Name="Partition">2</Data>
<Data Name="ProcessId">2764</Data>
</EventData>
</Event>

<Event xmlns="http://schemas.microsoft.com/win/2004/08/events/event"><System><Provider Name="Microsoft-Windows-StateRepository" Guid="{89592015-d996-4636-8f61-066b5d4dd739}"></Provider>
<EventID Qualifiers="">245</EventID>
<Version>0</Version>
<Level>5</Level>
<Task>2</Task>
<Opcode>0</Opcode>
<Keywords>0x4000000000000001</Keywords>
<TimeCreated SystemTime="2020-10-23 09:21:27.638136"></TimeCreated>
<EventRecordID>21</EventRecordID>
<Correlation ActivityID="" RelatedActivityID=""></Correlation>
<Execution ProcessID="2764" ThreadID="2776"></Execution>
<Channel>Microsoft-Windows-StateRepository/Operational</Channel>
<Computer>WIN-PTFPHFCRDJ0</Computer>
<Security UserID="S-1-5-18"></Security>
</System>
<EventData><Data Name="ErrorCode">0x00000000</Data>
</EventData>
</Event>

<Event xmlns="http://schemas.microsoft.com/win/2004/08/events/event"><System><Provider Name="Microsoft-Windows-StateRepository" Guid="{89592015-d996-4636-8f61-066b5d4dd739}"></Provider>
<EventID Qualifiers="">216</EventID>
<Version>0</Version>
<Level>4</Level>
<Task>2</Task>
<Opcode>0</Opcode>
<Keywords>0x4000000000000001</Keywords>
<TimeCreated SystemTime="2020-10-23 09:21:28.724564"></TimeCreated>
<EventRecordID>22</EventRecordID>
<Correlation ActivityID="" RelatedActivityID=""></Correlation>
<Execution ProcessID="2764" ThreadID="2776"></Execution>
<Channel>Microsoft-Windows-StateRepository/Operational</Channel>
<Computer>WIN-PTFPHFCRDJ0</Computer>
<Security UserID="S-1-5-18"></Security>
</System>
<EventData><Data Name="ProcessId">2764</Data>
</EventData>
</Event>

<Event xmlns="http://schemas.microsoft.com/win/2004/08/events/event"><System><Provider Name="Microsoft-Windows-StateRepository" Guid="{89592015-d996-4636-8f61-066b5d4dd739}"></Provider>
<EventID Qualifiers="">231</EventID>
<Version>0</Version>
<Level>5</Level>
<Task>2</Task>
<Opcode>0</Opcode>
<Keywords>0x4000000000000001</Keywords>
<TimeCreated SystemTime="2020-10-23 09:21:30.226875"></TimeCreated>
<EventRecordID>23</EventRecordID>
<Correlation ActivityID="{c5ffa37c-a91d-0000-d7af-ffc51da9d601}" RelatedActivityID=""></Correlation>
<Execution ProcessID="2764" ThreadID="2808"></Execution>
<Channel>Microsoft-Windows-StateRepository/Operational</Channel>
<Computer>WIN-PTFPHFCRDJ0</Computer>
<Security UserID="S-1-5-18"></Security>
</System>
<EventData><Data Name="Options">0x00000001</Data>
</EventData>
</Event>

<Event xmlns="http://schemas.microsoft.com/win/2004/08/events/event"><System><Provider Name="Microsoft-Windows-StateRepository" Guid="{89592015-d996-4636-8f61-066b5d4dd739}"></Provider>
<EventID Qualifiers="">221</EventID>
<Version>0</Version>
<Level>5</Level>
<Task>2</Task>
<Opcode>0</Opcode>
<Keywords>0x4000000000000001</Keywords>
<TimeCreated SystemTime="2020-10-23 09:21:31.095179"></TimeCreated>
<EventRecordID>24</EventRecordID>
<Correlation ActivityID="{c5ffa37c-a91d-0000-d7af-ffc51da9d601}" RelatedActivityID=""></Correlation>
<Execution ProcessID="1496" ThreadID="2812"></Execution>
<Channel>Microsoft-Windows-StateRepository/Operational</Channel>
<Computer>WIN-PTFPHFCRDJ0</Computer>
<Security UserID="S-1-5-18"></Security>
</System>
<EventData><Data Name="Partition">1</Data>
<Data Name="ProcessId">1496</Data>
</EventData>
</Event>

<Event xmlns="http://schemas.microsoft.com/win/2004/08/events/event"><System><Provider Name="Microsoft-Windows-StateRepository" Guid="{89592015-d996-4636-8f61-066b5d4dd739}"></Provider>
<EventID Qualifiers="">242</EventID>
<Version>0</Version>
<Level>5</Level>
<Task>1</Task>
<Opcode>0</Opcode>
<Keywords>0x4000000000000001</Keywords>
<TimeCreated SystemTime="2020-10-23 09:21:46.807272"></TimeCreated>
<EventRecordID>25</EventRecordID>
<Correlation ActivityID="" RelatedActivityID=""></Correlation>
<Execution ProcessID="2764" ThreadID="2808"></Execution>
<Channel>Microsoft-Windows-StateRepository/Operational</Channel>
<Computer>WIN-PTFPHFCRDJ0</Computer>
<Security UserID="S-1-5-18"></Security>
</System>
<EventData><Data Name="TimeoutMSec">5000</Data>
<Data Name="ElapsedTimeMSec">0</Data>
</EventData>
</Event>

<Event xmlns="http://schemas.microsoft.com/win/2004/08/events/event"><System><Provider Name="Microsoft-Windows-StateRepository" Guid="{89592015-d996-4636-8f61-066b5d4dd739}"></Provider>
<EventID Qualifiers="">243</EventID>
<Version>0</Version>
<Level>5</Level>
<Task>1</Task>
<Opcode>0</Opcode>
<Keywords>0x4000000000000001</Keywords>
<TimeCreated SystemTime="2020-10-23 09:21:46.807274"></TimeCreated>
<EventRecordID>26</EventRecordID>
<Correlation ActivityID="" RelatedActivityID=""></Correlation>
<Execution ProcessID="2764" ThreadID="2808"></Execution>
<Channel>Microsoft-Windows-StateRepository/Operational</Channel>
<Computer>WIN-PTFPHFCRDJ0</Computer>
<Security UserID="S-1-5-18"></Security>
</System>
<EventData><Data Name="TimeoutMSec">5000</Data>
<Data Name="ElapsedTimeMSec">0</Data>
</EventData>
</Event>

<Event xmlns="http://schemas.microsoft.com/win/2004/08/events/event"><System><Provider Name="Microsoft-Windows-StateRepository" Guid="{89592015-d996-4636-8f61-066b5d4dd739}"></Provider>
<EventID Qualifiers="">223</EventID>
<Version>0</Version>
<Level>4</Level>
<Task>2</Task>
<Opcode>0</Opcode>
<Keywords>0x4000000000000001</Keywords>
<TimeCreated SystemTime="2020-10-22 20:52:08.615995"></TimeCreated>
<EventRecordID>27</EventRecordID>
<Correlation ActivityID="" RelatedActivityID=""></Correlation>
<Execution ProcessID="2000" ThreadID="2024"></Execution>
<Channel>Microsoft-Windows-StateRepository/Operational</Channel>
<Computer>WIN-PTFPHFCRDJ0</Computer>
<Security UserID="S-1-5-18"></Security>
</System>
<EventData><Data Name="Partition">1</Data>
<Data Name="SchemaVersion">13568</Data>
<Data Name="Filename">C:\ProgramData\Microsoft\Windows\AppRepository\StateRepository-Machine.srd</Data>
</EventData>
</Event>

<Event xmlns="http://schemas.microsoft.com/win/2004/08/events/event"><System><Provider Name="Microsoft-Windows-StateRepository" Guid="{89592015-d996-4636-8f61-066b5d4dd739}"></Provider>
<EventID Qualifiers="">223</EventID>
<Version>0</Version>
<Level>4</Level>
<Task>2</Task>
<Opcode>0</Opcode>
<Keywords>0x4000000000000001</Keywords>
<TimeCreated SystemTime="2020-10-22 20:52:08.617594"></TimeCreated>
<EventRecordID>28</EventRecordID>
<Correlation ActivityID="" RelatedActivityID=""></Correlation>
<Execution ProcessID="2000" ThreadID="2024"></Execution>
<Channel>Microsoft-Windows-StateRepository/Operational</Channel>
<Computer>WIN-PTFPHFCRDJ0</Computer>
<Security UserID="S-1-5-18"></Security>
</System>
<EventData><Data Name="Partition">2</Data>
<Data Name="SchemaVersion">13568</Data>
<Data Name="Filename">C:\ProgramData\Microsoft\Windows\AppRepository\StateRepository-Deployment.srd</Data>
</EventData>
</Event>

<Event xmlns="http://schemas.microsoft.com/win/2004/08/events/event"><System><Provider Name="Microsoft-Windows-StateRepository" Guid="{89592015-d996-4636-8f61-066b5d4dd739}"></Provider>
<EventID Qualifiers="">245</EventID>
<Version>0</Version>
<Level>5</Level>
<Task>2</Task>
<Opcode>0</Opcode>
<Keywords>0x4000000000000001</Keywords>
<TimeCreated SystemTime="2020-10-22 20:52:08.630970"></TimeCreated>
<EventRecordID>29</EventRecordID>
<Correlation ActivityID="" RelatedActivityID=""></Correlation>
<Execution ProcessID="2000" ThreadID="2024"></Execution>
<Channel>Microsoft-Windows-StateRepository/Operational</Channel>
<Computer>WIN-PTFPHFCRDJ0</Computer>
<Security UserID="S-1-5-18"></Security>
</System>
<EventData><Data Name="ErrorCode">0x00000000</Data>
</EventData>
</Event>

<Event xmlns="http://schemas.microsoft.com/win/2004/08/events/event"><System><Provider Name="Microsoft-Windows-StateRepository" Guid="{89592015-d996-4636-8f61-066b5d4dd739}"></Provider>
<EventID Qualifiers="">216</EventID>
<Version>0</Version>
<Level>4</Level>
<Task>2</Task>
<Opcode>0</Opcode>
<Keywords>0x4000000000000001</Keywords>
<TimeCreated SystemTime="2020-10-22 20:52:08.689674"></TimeCreated>
<EventRecordID>30</EventRecordID>
<Correlation ActivityID="" RelatedActivityID=""></Correlation>
<Execution ProcessID="2000" ThreadID="2024"></Execution>
<Channel>Microsoft-Windows-StateRepository/Operational</Channel>
<Computer>WIN-PTFPHFCRDJ0</Computer>
<Security UserID="S-1-5-18"></Security>
</System>
<EventData><Data Name="ProcessId">2000</Data>
</EventData>
</Event>

<Event xmlns="http://schemas.microsoft.com/win/2004/08/events/event"><System><Provider Name="Microsoft-Windows-StateRepository" Guid="{89592015-d996-4636-8f61-066b5d4dd739}"></Provider>
<EventID Qualifiers="">231</EventID>
<Version>0</Version>
<Level>5</Level>
<Task>2</Task>
<Opcode>0</Opcode>
<Keywords>0x4000000000000001</Keywords>
<TimeCreated SystemTime="2020-10-22 20:52:28.371935"></TimeCreated>
<EventRecordID>31</EventRecordID>
<Correlation ActivityID="{f2d9b0db-a91d-0000-d0c7-d9f21da9d601}" RelatedActivityID=""></Correlation>
<Execution ProcessID="2000" ThreadID="1348"></Execution>
<Channel>Microsoft-Windows-StateRepository/Operational</Channel>
<Computer>WIN-PTFPHFCRDJ0</Computer>
<Security UserID="S-1-5-18"></Security>
</System>
<EventData><Data Name="Options">0x00000001</Data>
</EventData>
</Event>

<Event xmlns="http://schemas.microsoft.com/win/2004/08/events/event"><System><Provider Name="Microsoft-Windows-StateRepository" Guid="{89592015-d996-4636-8f61-066b5d4dd739}"></Provider>
<EventID Qualifiers="">242</EventID>
<Version>0</Version>
<Level>5</Level>
<Task>1</Task>
<Opcode>0</Opcode>
<Keywords>0x4000000000000001</Keywords>
<TimeCreated SystemTime="2020-10-22 20:57:02.142229"></TimeCreated>
<EventRecordID>32</EventRecordID>
<Correlation ActivityID="" RelatedActivityID=""></Correlation>
<Execution ProcessID="2000" ThreadID="5304"></Execution>
<Channel>Microsoft-Windows-StateRepository/Operational</Channel>
<Computer>WIN-PTFPHFCRDJ0</Computer>
<Security UserID="S-1-5-18"></Security>
</System>
<EventData><Data Name="TimeoutMSec">5000</Data>
<Data Name="ElapsedTimeMSec">0</Data>
</EventData>
</Event>

<Event xmlns="http://schemas.microsoft.com/win/2004/08/events/event"><System><Provider Name="Microsoft-Windows-StateRepository" Guid="{89592015-d996-4636-8f61-066b5d4dd739}"></Provider>
<EventID Qualifiers="">243</EventID>
<Version>0</Version>
<Level>5</Level>
<Task>1</Task>
<Opcode>0</Opcode>
<Keywords>0x4000000000000001</Keywords>
<TimeCreated SystemTime="2020-10-22 20:57:02.142229"></TimeCreated>
<EventRecordID>33</EventRecordID>
<Correlation ActivityID="" RelatedActivityID=""></Correlation>
<Execution ProcessID="2000" ThreadID="5304"></Execution>
<Channel>Microsoft-Windows-StateRepository/Operational</Channel>
<Computer>WIN-PTFPHFCRDJ0</Computer>
<Security UserID="S-1-5-18"></Security>
</System>
<EventData><Data Name="TimeoutMSec">5000</Data>
<Data Name="ElapsedTimeMSec">0</Data>
</EventData>
</Event>

<Event xmlns="http://schemas.microsoft.com/win/2004/08/events/event"><System><Provider Name="Microsoft-Windows-StateRepository" Guid="{89592015-d996-4636-8f61-066b5d4dd739}"></Provider>
<EventID Qualifiers="">223</EventID>
<Version>0</Version>
<Level>4</Level>
<Task>2</Task>
<Opcode>0</Opcode>
<Keywords>0x4000000000000001</Keywords>
<TimeCreated SystemTime="2020-10-22 20:57:29.988997"></TimeCreated>
<EventRecordID>34</EventRecordID>
<Correlation ActivityID="" RelatedActivityID=""></Correlation>
<Execution ProcessID="3188" ThreadID="3200"></Execution>
<Channel>Microsoft-Windows-StateRepository/Operational</Channel>
<Computer>WIN-PTFPHFCRDJ0</Computer>
<Security UserID="S-1-5-18"></Security>
</System>
<EventData><Data Name="Partition">1</Data>
<Data Name="SchemaVersion">13568</Data>
<Data Name="Filename">C:\ProgramData\Microsoft\Windows\AppRepository\StateRepository-Machine.srd</Data>
</EventData>
</Event>

<Event xmlns="http://schemas.microsoft.com/win/2004/08/events/event"><System><Provider Name="Microsoft-Windows-StateRepository" Guid="{89592015-d996-4636-8f61-066b5d4dd739}"></Provider>
<EventID Qualifiers="">223</EventID>
<Version>0</Version>
<Level>4</Level>
<Task>2</Task>
<Opcode>0</Opcode>
<Keywords>0x4000000000000001</Keywords>
<TimeCreated SystemTime="2020-10-22 20:57:29.992105"></TimeCreated>
<EventRecordID>35</EventRecordID>
<Correlation ActivityID="" RelatedActivityID=""></Correlation>
<Execution ProcessID="3188" ThreadID="3200"></Execution>
<Channel>Microsoft-Windows-StateRepository/Operational</Channel>
<Computer>WIN-PTFPHFCRDJ0</Computer>
<Security UserID="S-1-5-18"></Security>
</System>
<EventData><Data Name="Partition">2</Data>
<Data Name="SchemaVersion">13568</Data>
<Data Name="Filename">C:\ProgramData\Microsoft\Windows\AppRepository\StateRepository-Deployment.srd</Data>
</EventData>
</Event>

<Event xmlns="http://schemas.microsoft.com/win/2004/08/events/event"><System><Provider Name="Microsoft-Windows-StateRepository" Guid="{89592015-d996-4636-8f61-066b5d4dd739}"></Provider>
<EventID Qualifiers="">245</EventID>
<Version>0</Version>
<Level>5</Level>
<Task>2</Task>
<Opcode>0</Opcode>
<Keywords>0x4000000000000001</Keywords>
<TimeCreated SystemTime="2020-10-22 20:57:30.003958"></TimeCreated>
<EventRecordID>36</EventRecordID>
<Correlation ActivityID="" RelatedActivityID=""></Correlation>
<Execution ProcessID="3188" ThreadID="3200"></Execution>
<Channel>Microsoft-Windows-StateRepository/Operational</Channel>
<Computer>WIN-PTFPHFCRDJ0</Computer>
<Security UserID="S-1-5-18"></Security>
</System>
<EventData><Data Name="ErrorCode">0x00000000</Data>
</EventData>
</Event>

<Event xmlns="http://schemas.microsoft.com/win/2004/08/events/event"><System><Provider Name="Microsoft-Windows-StateRepository" Guid="{89592015-d996-4636-8f61-066b5d4dd739}"></Provider>
<EventID Qualifiers="">216</EventID>
<Version>0</Version>
<Level>4</Level>
<Task>2</Task>
<Opcode>0</Opcode>
<Keywords>0x4000000000000001</Keywords>
<TimeCreated SystemTime="2020-10-22 20:57:30.052271"></TimeCreated>
<EventRecordID>37</EventRecordID>
<Correlation ActivityID="" RelatedActivityID=""></Correlation>
<Execution ProcessID="3188" ThreadID="3200"></Execution>
<Channel>Microsoft-Windows-StateRepository/Operational</Channel>
<Computer>WIN-PTFPHFCRDJ0</Computer>
<Security UserID="S-1-5-18"></Security>
</System>
<EventData><Data Name="ProcessId">3188</Data>
</EventData>
</Event>

<Event xmlns="http://schemas.microsoft.com/win/2004/08/events/event"><System><Provider Name="Microsoft-Windows-StateRepository" Guid="{89592015-d996-4636-8f61-066b5d4dd739}"></Provider>
<EventID Qualifiers="">231</EventID>
<Version>0</Version>
<Level>5</Level>
<Task>2</Task>
<Opcode>0</Opcode>
<Keywords>0x4000000000000001</Keywords>
<TimeCreated SystemTime="2020-10-22 20:57:32.947701"></TimeCreated>
<EventRecordID>38</EventRecordID>
<Correlation ActivityID="{eae887f7-a8b5-0000-4994-e8eab5a8d601}" RelatedActivityID=""></Correlation>
<Execution ProcessID="3188" ThreadID="3204"></Execution>
<Channel>Microsoft-Windows-StateRepository/Operational</Channel>
<Computer>WIN-PTFPHFCRDJ0</Computer>
<Security UserID="S-1-5-18"></Security>
</System>
<EventData><Data Name="Options">0x00000001</Data>
</EventData>
</Event>

<Event xmlns="http://schemas.microsoft.com/win/2004/08/events/event"><System><Provider Name="Microsoft-Windows-StateRepository" Guid="{89592015-d996-4636-8f61-066b5d4dd739}"></Provider>
<EventID Qualifiers="">104</EventID>
<Version>0</Version>
<Level>3</Level>
<Task>1</Task>
<Opcode>0</Opcode>
<Keywords>0x4000000000000001</Keywords>
<TimeCreated SystemTime="2020-10-22 20:58:13.846912"></TimeCreated>
<EventRecordID>39</EventRecordID>
<Correlation ActivityID="{eae887f7-a8b5-0000-3baa-e8eab5a8d601}" RelatedActivityID=""></Correlation>
<Execution ProcessID="2944" ThreadID="3804"></Execution>
<Channel>Microsoft-Windows-StateRepository/Operational</Channel>
<Computer>WIN-PTFPHFCRDJ0</Computer>
<Security UserID="S-1-5-18"></Security>
</System>
<EventData><Data Name="ErrorCode">0x0000011c</Data>
<Data Name="SQL">automatic index on PackageUser(_WorkId)</Data>
</EventData>
</Event>

<Event xmlns="http://schemas.microsoft.com/win/2004/08/events/event"><System><Provider Name="Microsoft-Windows-StateRepository" Guid="{89592015-d996-4636-8f61-066b5d4dd739}"></Provider>
<EventID Qualifiers="">104</EventID>
<Version>0</Version>
<Level>3</Level>
<Task>1</Task>
<Opcode>0</Opcode>
<Keywords>0x4000000000000001</Keywords>
<TimeCreated SystemTime="2020-10-22 20:58:14.279184"></TimeCreated>
<EventRecordID>40</EventRecordID>
<Correlation ActivityID="{eae887f7-a8b5-0000-b2aa-e8eab5a8d601}" RelatedActivityID=""></Correlation>
<Execution ProcessID="2944" ThreadID="3804"></Execution>
<Channel>Microsoft-Windows-StateRepository/Operational</Channel>
<Computer>WIN-PTFPHFCRDJ0</Computer>
<Security UserID="S-1-5-18"></Security>
</System>
<EventData><Data Name="ErrorCode">0x0000011c</Data>
<Data Name="SQL">automatic index on PackageUser(_WorkId)</Data>
</EventData>
</Event>

<Event xmlns="http://schemas.microsoft.com/win/2004/08/events/event"><System><Provider Name="Microsoft-Windows-StateRepository" Guid="{89592015-d996-4636-8f61-066b5d4dd739}"></Provider>
<EventID Qualifiers="">104</EventID>
<Version>0</Version>
<Level>3</Level>
<Task>1</Task>
<Opcode>0</Opcode>
<Keywords>0x4000000000000001</Keywords>
<TimeCreated SystemTime="2020-10-22 20:58:14.790253"></TimeCreated>
<EventRecordID>41</EventRecordID>
<Correlation ActivityID="{eae887f7-a8b5-0000-1cab-e8eab5a8d601}" RelatedActivityID=""></Correlation>
<Execution ProcessID="2944" ThreadID="3804"></Execution>
<Channel>Microsoft-Windows-StateRepository/Operational</Channel>
<Computer>WIN-PTFPHFCRDJ0</Computer>
<Security UserID="S-1-5-18"></Security>
</System>
<EventData><Data Name="ErrorCode">0x0000011c</Data>
<Data Name="SQL">automatic index on PackageUser(_WorkId)</Data>
</EventData>
</Event>

<Event xmlns="http://schemas.microsoft.com/win/2004/08/events/event"><System><Provider Name="Microsoft-Windows-StateRepository" Guid="{89592015-d996-4636-8f61-066b5d4dd739}"></Provider>
<EventID Qualifiers="">104</EventID>
<Version>0</Version>
<Level>3</Level>
<Task>1</Task>
<Opcode>0</Opcode>
<Keywords>0x4000000000000001</Keywords>
<TimeCreated SystemTime="2020-10-22 20:58:14.897753"></TimeCreated>
<EventRecordID>42</EventRecordID>
<Correlation ActivityID="{eae887f7-a8b5-0000-1cab-e8eab5a8d601}" RelatedActivityID=""></Correlation>
<Execution ProcessID="2944" ThreadID="3804"></Execution>
<Channel>Microsoft-Windows-StateRepository/Operational</Channel>
<Computer>WIN-PTFPHFCRDJ0</Computer>
<Security UserID="S-1-5-18"></Security>
</System>
<EventData><Data Name="ErrorCode">0x0000011c</Data>
<Data Name="SQL">automatic index on PackageUser(_WorkId)</Data>
</EventData>
</Event>

<Event xmlns="http://schemas.microsoft.com/win/2004/08/events/event"><System><Provider Name="Microsoft-Windows-StateRepository" Guid="{89592015-d996-4636-8f61-066b5d4dd739}"></Provider>
<EventID Qualifiers="">104</EventID>
<Version>0</Version>
<Level>3</Level>
<Task>1</Task>
<Opcode>0</Opcode>
<Keywords>0x4000000000000001</Keywords>
<TimeCreated SystemTime="2020-10-22 20:58:15.438652"></TimeCreated>
<EventRecordID>43</EventRecordID>
<Correlation ActivityID="{eae887f7-a8b5-0000-8bab-e8eab5a8d601}" RelatedActivityID=""></Correlation>
<Execution ProcessID="2944" ThreadID="3804"></Execution>
<Channel>Microsoft-Windows-StateRepository/Operational</Channel>
<Computer>WIN-PTFPHFCRDJ0</Computer>
<Security UserID="S-1-5-18"></Security>
</System>
<EventData><Data Name="ErrorCode">0x0000011c</Data>
<Data Name="SQL">automatic index on PackageUser(_WorkId)</Data>
</EventData>
</Event>

<Event xmlns="http://schemas.microsoft.com/win/2004/08/events/event"><System><Provider Name="Microsoft-Windows-StateRepository" Guid="{89592015-d996-4636-8f61-066b5d4dd739}"></Provider>
<EventID Qualifiers="">104</EventID>
<Version>0</Version>
<Level>3</Level>
<Task>1</Task>
<Opcode>0</Opcode>
<Keywords>0x4000000000000001</Keywords>
<TimeCreated SystemTime="2020-10-22 20:58:15.573570"></TimeCreated>
<EventRecordID>44</EventRecordID>
<Correlation ActivityID="{eae887f7-a8b5-0000-8bab-e8eab5a8d601}" RelatedActivityID=""></Correlation>
<Execution ProcessID="2944" ThreadID="3804"></Execution>
<Channel>Microsoft-Windows-StateRepository/Operational</Channel>
<Computer>WIN-PTFPHFCRDJ0</Computer>
<Security UserID="S-1-5-18"></Security>
</System>
<EventData><Data Name="ErrorCode">0x0000011c</Data>
<Data Name="SQL">automatic index on PackageUser(_WorkId)</Data>
</EventData>
</Event>

<Event xmlns="http://schemas.microsoft.com/win/2004/08/events/event"><System><Provider Name="Microsoft-Windows-StateRepository" Guid="{89592015-d996-4636-8f61-066b5d4dd739}"></Provider>
<EventID Qualifiers="">104</EventID>
<Version>0</Version>
<Level>3</Level>
<Task>1</Task>
<Opcode>0</Opcode>
<Keywords>0x4000000000000001</Keywords>
<TimeCreated SystemTime="2020-10-22 20:58:16.046925"></TimeCreated>
<EventRecordID>45</EventRecordID>
<Correlation ActivityID="{eae887f7-a8b5-0000-7bac-e8eab5a8d601}" RelatedActivityID=""></Correlation>
<Execution ProcessID="2944" ThreadID="3804"></Execution>
<Channel>Microsoft-Windows-StateRepository/Operational</Channel>
<Computer>WIN-PTFPHFCRDJ0</Computer>
<Security UserID="S-1-5-18"></Security>
</System>
<EventData><Data Name="ErrorCode">0x0000011c</Data>
<Data Name="SQL">automatic index on PackageUser(_WorkId)</Data>
</EventData>
</Event>

<Event xmlns="http://schemas.microsoft.com/win/2004/08/events/event"><System><Provider Name="Microsoft-Windows-StateRepository" Guid="{89592015-d996-4636-8f61-066b5d4dd739}"></Provider>
<EventID Qualifiers="">104</EventID>
<Version>0</Version>
<Level>3</Level>
<Task>1</Task>
<Opcode>0</Opcode>
<Keywords>0x4000000000000001</Keywords>
<TimeCreated SystemTime="2020-10-22 20:58:16.758472"></TimeCreated>
<EventRecordID>46</EventRecordID>
<Correlation ActivityID="{eae887f7-a8b5-0000-7ead-e8eab5a8d601}" RelatedActivityID=""></Correlation>
<Execution ProcessID="2944" ThreadID="3804"></Execution>
<Channel>Microsoft-Windows-StateRepository/Operational</Channel>
<Computer>WIN-PTFPHFCRDJ0</Computer>
<Security UserID="S-1-5-18"></Security>
</System>
<EventData><Data Name="ErrorCode">0x0000011c</Data>
<Data Name="SQL">automatic index on PackageUser(_WorkId)</Data>
</EventData>
</Event>

<Event xmlns="http://schemas.microsoft.com/win/2004/08/events/event"><System><Provider Name="Microsoft-Windows-StateRepository" Guid="{89592015-d996-4636-8f61-066b5d4dd739}"></Provider>
<EventID Qualifiers="">104</EventID>
<Version>0</Version>
<Level>3</Level>
<Task>1</Task>
<Opcode>0</Opcode>
<Keywords>0x4000000000000001</Keywords>
<TimeCreated SystemTime="2020-10-22 21:47:30.776497"></TimeCreated>
<EventRecordID>47</EventRecordID>
<Correlation ActivityID="" RelatedActivityID=""></Correlation>
<Execution ProcessID="3188" ThreadID="252"></Execution>
<Channel>Microsoft-Windows-StateRepository/Operational</Channel>
<Computer>WIN-PTFPHFCRDJ0</Computer>
<Security UserID="S-1-5-18"></Security>
</System>
<EventData><Data Name="ErrorCode">0x0000011c</Data>
<Data Name="SQL">automatic index on PackageIdByAll(_PackageID)</Data>
</EventData>
</Event>

<Event xmlns="http://schemas.microsoft.com/win/2004/08/events/event"><System><Provider Name="Microsoft-Windows-StateRepository" Guid="{89592015-d996-4636-8f61-066b5d4dd739}"></Provider>
<EventID Qualifiers="">104</EventID>
<Version>0</Version>
<Level>3</Level>
<Task>1</Task>
<Opcode>0</Opcode>
<Keywords>0x4000000000000001</Keywords>
<TimeCreated SystemTime="2020-10-22 21:47:31.291702"></TimeCreated>
<EventRecordID>48</EventRecordID>
<Correlation ActivityID="" RelatedActivityID=""></Correlation>
<Execution ProcessID="3188" ThreadID="1816"></Execution>
<Channel>Microsoft-Windows-StateRepository/Operational</Channel>
<Computer>WIN-PTFPHFCRDJ0</Computer>
<Security UserID="S-1-5-18"></Security>
</System>
<EventData><Data Name="ErrorCode">0x0000011c</Data>
<Data Name="SQL">automatic index on PackageIdByAll(_PackageID)</Data>
</EventData>
</Event>

<Event xmlns="http://schemas.microsoft.com/win/2004/08/events/event"><System><Provider Name="Microsoft-Windows-StateRepository" Guid="{89592015-d996-4636-8f61-066b5d4dd739}"></Provider>
<EventID Qualifiers="">242</EventID>
<Version>0</Version>
<Level>5</Level>
<Task>1</Task>
<Opcode>0</Opcode>
<Keywords>0x4000000000000001</Keywords>
<TimeCreated SystemTime="2020-10-22 23:34:40.698952"></TimeCreated>
<EventRecordID>49</EventRecordID>
<Correlation ActivityID="" RelatedActivityID=""></Correlation>
<Execution ProcessID="3188" ThreadID="3360"></Execution>
<Channel>Microsoft-Windows-StateRepository/Operational</Channel>
<Computer>WIN-PTFPHFCRDJ0</Computer>
<Security UserID="S-1-5-18"></Security>
</System>
<EventData><Data Name="TimeoutMSec">5000</Data>
<Data Name="ElapsedTimeMSec">0</Data>
</EventData>
</Event>

<Event xmlns="http://schemas.microsoft.com/win/2004/08/events/event"><System><Provider Name="Microsoft-Windows-StateRepository" Guid="{89592015-d996-4636-8f61-066b5d4dd739}"></Provider>
<EventID Qualifiers="">243</EventID>
<Version>0</Version>
<Level>5</Level>
<Task>1</Task>
<Opcode>0</Opcode>
<Keywords>0x4000000000000001</Keywords>
<TimeCreated SystemTime="2020-10-22 23:34:40.698954"></TimeCreated>
<EventRecordID>50</EventRecordID>
<Correlation ActivityID="" RelatedActivityID=""></Correlation>
<Execution ProcessID="3188" ThreadID="3360"></Execution>
<Channel>Microsoft-Windows-StateRepository/Operational</Channel>
<Computer>WIN-PTFPHFCRDJ0</Computer>
<Security UserID="S-1-5-18"></Security>
</System>
<EventData><Data Name="TimeoutMSec">5000</Data>
<Data Name="ElapsedTimeMSec">0</Data>
</EventData>
</Event>

<Event xmlns="http://schemas.microsoft.com/win/2004/08/events/event"><System><Provider Name="Microsoft-Windows-StateRepository" Guid="{89592015-d996-4636-8f61-066b5d4dd739}"></Provider>
<EventID Qualifiers="">223</EventID>
<Version>0</Version>
<Level>4</Level>
<Task>2</Task>
<Opcode>0</Opcode>
<Keywords>0x4000000000000001</Keywords>
<TimeCreated SystemTime="2020-10-23 12:38:39.378338"></TimeCreated>
<EventRecordID>51</EventRecordID>
<Correlation ActivityID="" RelatedActivityID=""></Correlation>
<Execution ProcessID="3352" ThreadID="1100"></Execution>
<Channel>Microsoft-Windows-StateRepository/Operational</Channel>
<Computer>WIN-PTFPHFCRDJ0</Computer>
<Security UserID="S-1-5-18"></Security>
</System>
<EventData><Data Name="Partition">1</Data>
<Data Name="SchemaVersion">13568</Data>
<Data Name="Filename">C:\ProgramData\Microsoft\Windows\AppRepository\StateRepository-Machine.srd</Data>
</EventData>
</Event>

<Event xmlns="http://schemas.microsoft.com/win/2004/08/events/event"><System><Provider Name="Microsoft-Windows-StateRepository" Guid="{89592015-d996-4636-8f61-066b5d4dd739}"></Provider>
<EventID Qualifiers="">223</EventID>
<Version>0</Version>
<Level>4</Level>
<Task>2</Task>
<Opcode>0</Opcode>
<Keywords>0x4000000000000001</Keywords>
<TimeCreated SystemTime="2020-10-23 12:38:39.386341"></TimeCreated>
<EventRecordID>52</EventRecordID>
<Correlation ActivityID="" RelatedActivityID=""></Correlation>
<Execution ProcessID="3352" ThreadID="1100"></Execution>
<Channel>Microsoft-Windows-StateRepository/Operational</Channel>
<Computer>WIN-PTFPHFCRDJ0</Computer>
<Security UserID="S-1-5-18"></Security>
</System>
<EventData><Data Name="Partition">2</Data>
<Data Name="SchemaVersion">13568</Data>
<Data Name="Filename">C:\ProgramData\Microsoft\Windows\AppRepository\StateRepository-Deployment.srd</Data>
</EventData>
</Event>

<Event xmlns="http://schemas.microsoft.com/win/2004/08/events/event"><System><Provider Name="Microsoft-Windows-StateRepository" Guid="{89592015-d996-4636-8f61-066b5d4dd739}"></Provider>
<EventID Qualifiers="">221</EventID>
<Version>0</Version>
<Level>5</Level>
<Task>2</Task>
<Opcode>0</Opcode>
<Keywords>0x4000000000000001</Keywords>
<TimeCreated SystemTime="2020-10-23 12:38:39.958658"></TimeCreated>
<EventRecordID>53</EventRecordID>
<Correlation ActivityID="" RelatedActivityID=""></Correlation>
<Execution ProcessID="3352" ThreadID="1100"></Execution>
<Channel>Microsoft-Windows-StateRepository/Operational</Channel>
<Computer>WIN-PTFPHFCRDJ0</Computer>
<Security UserID="S-1-5-18"></Security>
</System>
<EventData><Data Name="Partition">2</Data>
<Data Name="ProcessId">3352</Data>
</EventData>
</Event>

<Event xmlns="http://schemas.microsoft.com/win/2004/08/events/event"><System><Provider Name="Microsoft-Windows-StateRepository" Guid="{89592015-d996-4636-8f61-066b5d4dd739}"></Provider>
<EventID Qualifiers="">245</EventID>
<Version>0</Version>
<Level>5</Level>
<Task>2</Task>
<Opcode>0</Opcode>
<Keywords>0x4000000000000001</Keywords>
<TimeCreated SystemTime="2020-10-23 12:38:39.980429"></TimeCreated>
<EventRecordID>54</EventRecordID>
<Correlation ActivityID="" RelatedActivityID=""></Correlation>
<Execution ProcessID="3352" ThreadID="1100"></Execution>
<Channel>Microsoft-Windows-StateRepository/Operational</Channel>
<Computer>WIN-PTFPHFCRDJ0</Computer>
<Security UserID="S-1-5-18"></Security>
</System>
<EventData><Data Name="ErrorCode">0x00000000</Data>
</EventData>
</Event>

<Event xmlns="http://schemas.microsoft.com/win/2004/08/events/event"><System><Provider Name="Microsoft-Windows-StateRepository" Guid="{89592015-d996-4636-8f61-066b5d4dd739}"></Provider>
<EventID Qualifiers="">216</EventID>
<Version>0</Version>
<Level>4</Level>
<Task>2</Task>
<Opcode>0</Opcode>
<Keywords>0x4000000000000001</Keywords>
<TimeCreated SystemTime="2020-10-23 12:38:40.170776"></TimeCreated>
<EventRecordID>55</EventRecordID>
<Correlation ActivityID="" RelatedActivityID=""></Correlation>
<Execution ProcessID="3352" ThreadID="1100"></Execution>
<Channel>Microsoft-Windows-StateRepository/Operational</Channel>
<Computer>WIN-PTFPHFCRDJ0</Computer>
<Security UserID="S-1-5-18"></Security>
</System>
<EventData><Data Name="ProcessId">3352</Data>
</EventData>
</Event>

<Event xmlns="http://schemas.microsoft.com/win/2004/08/events/event"><System><Provider Name="Microsoft-Windows-StateRepository" Guid="{89592015-d996-4636-8f61-066b5d4dd739}"></Provider>
<EventID Qualifiers="">223</EventID>
<Version>0</Version>
<Level>4</Level>
<Task>2</Task>
<Opcode>0</Opcode>
<Keywords>0x4000000000000001</Keywords>
<TimeCreated SystemTime="2020-10-23 13:54:54.003925"></TimeCreated>
<EventRecordID>56</EventRecordID>
<Correlation ActivityID="" RelatedActivityID=""></Correlation>
<Execution ProcessID="3724" ThreadID="3736"></Execution>
<Channel>Microsoft-Windows-StateRepository/Operational</Channel>
<Computer>WIN-PTFPHFCRDJ0</Computer>
<Security UserID="S-1-5-18"></Security>
</System>
<EventData><Data Name="Partition">1</Data>
<Data Name="SchemaVersion">13568</Data>
<Data Name="Filename">C:\ProgramData\Microsoft\Windows\AppRepository\StateRepository-Machine.srd</Data>
</EventData>
</Event>

<Event xmlns="http://schemas.microsoft.com/win/2004/08/events/event"><System><Provider Name="Microsoft-Windows-StateRepository" Guid="{89592015-d996-4636-8f61-066b5d4dd739}"></Provider>
<EventID Qualifiers="">105</EventID>
<Version>0</Version>
<Level>4</Level>
<Task>1</Task>
<Opcode>0</Opcode>
<Keywords>0x4000000000000001</Keywords>
<TimeCreated SystemTime="2020-10-23 13:54:54.121094"></TimeCreated>
<EventRecordID>57</EventRecordID>
<Correlation ActivityID="" RelatedActivityID=""></Correlation>
<Execution ProcessID="3724" ThreadID="3736"></Execution>
<Channel>Microsoft-Windows-StateRepository/Operational</Channel>
<Computer>WIN-PTFPHFCRDJ0</Computer>
<Security UserID="S-1-5-18"></Security>
</System>
<EventData><Data Name="ErrorCode">0x0000011b</Data>
<Data Name="SQL">recovered 1 frames from WAL file C:\ProgramData\Microsoft\Windows\AppRepository\StateRepository-Deployment.srd-wal</Data>
</EventData>
</Event>

<Event xmlns="http://schemas.microsoft.com/win/2004/08/events/event"><System><Provider Name="Microsoft-Windows-StateRepository" Guid="{89592015-d996-4636-8f61-066b5d4dd739}"></Provider>
<EventID Qualifiers="">223</EventID>
<Version>0</Version>
<Level>4</Level>
<Task>2</Task>
<Opcode>0</Opcode>
<Keywords>0x4000000000000001</Keywords>
<TimeCreated SystemTime="2020-10-23 13:54:54.122578"></TimeCreated>
<EventRecordID>58</EventRecordID>
<Correlation ActivityID="" RelatedActivityID=""></Correlation>
<Execution ProcessID="3724" ThreadID="3736"></Execution>
<Channel>Microsoft-Windows-StateRepository/Operational</Channel>
<Computer>WIN-PTFPHFCRDJ0</Computer>
<Security UserID="S-1-5-18"></Security>
</System>
<EventData><Data Name="Partition">2</Data>
<Data Name="SchemaVersion">13568</Data>
<Data Name="Filename">C:\ProgramData\Microsoft\Windows\AppRepository\StateRepository-Deployment.srd</Data>
</EventData>
</Event>

