<?xml version="1.1" encoding="utf-8" standalone="yes" ?>

<Events>
<Event xmlns="http://schemas.microsoft.com/win/2004/08/events/event"><System><Provider Name="Microsoft-Windows-AppReadiness" Guid="{f0be35f8-237b-4814-86b5-ade51192e503}"></Provider>
<EventID Qualifiers="">100</EventID>
<Version>0</Version>
<Level>4</Level>
<Task>13</Task>
<Opcode>1</Opcode>
<Keywords>0x8000000000000001</Keywords>
<TimeCreated SystemTime="2020-10-22 20:52:06.959982"></TimeCreated>
<EventRecordID>1</EventRecordID>
<Correlation ActivityID="" RelatedActivityID=""></Correlation>
<Execution ProcessID="1444" ThreadID="1512"></Execution>
<Channel>Microsoft-Windows-AppReadiness/Admin</Channel>
<Computer>WIN-PTFPHFCRDJ0</Computer>
<Security UserID="S-1-5-18"></Security>
</System>
<EventData></EventData>
</Event>

<Event xmlns="http://schemas.microsoft.com/win/2004/08/events/event"><System><Provider Name="Microsoft-Windows-AppReadiness" Guid="{f0be35f8-237b-4814-86b5-ade51192e503}"></Provider>
<EventID Qualifiers="">240</EventID>
<Version>0</Version>
<Level>4</Level>
<Task>1</Task>
<Opcode>0</Opcode>
<Keywords>0x8000000000000004</Keywords>
<TimeCreated SystemTime="2020-10-22 20:52:07.816868"></TimeCreated>
<EventRecordID>2</EventRecordID>
<Correlation ActivityID="" RelatedActivityID=""></Correlation>
<Execution ProcessID="1444" ThreadID="1584"></Execution>
<Channel>Microsoft-Windows-AppReadiness/Admin</Channel>
<Computer>WIN-PTFPHFCRDJ0</Computer>
<Security UserID="S-1-5-18"></Security>
</System>
<EventData><Data Name="User">S-1-5-18</Data>
<Data Name="TaskId">ART:AppxPreRegistration</Data>
<Data Name="TaskCount">1</Data>
</EventData>
</Event>

<Event xmlns="http://schemas.microsoft.com/win/2004/08/events/event"><System><Provider Name="Microsoft-Windows-AppReadiness" Guid="{f0be35f8-237b-4814-86b5-ade51192e503}"></Provider>
<EventID Qualifiers="">211</EventID>
<Version>0</Version>
<Level>4</Level>
<Task>1</Task>
<Opcode>0</Opcode>
<Keywords>0x8000000000000002</Keywords>
<TimeCreated SystemTime="2020-10-22 20:52:07.817303"></TimeCreated>
<EventRecordID>3</EventRecordID>
<Correlation ActivityID="" RelatedActivityID=""></Correlation>
<Execution ProcessID="1444" ThreadID="1564"></Execution>
<Channel>Microsoft-Windows-AppReadiness/Admin</Channel>
<Computer>WIN-PTFPHFCRDJ0</Computer>
<Security UserID="S-1-5-18"></Security>
</System>
<EventData><Data Name="User">S-1-5-18</Data>
</EventData>
</Event>

<Event xmlns="http://schemas.microsoft.com/win/2004/08/events/event"><System><Provider Name="Microsoft-Windows-AppReadiness" Guid="{f0be35f8-237b-4814-86b5-ade51192e503}"></Provider>
<EventID Qualifiers="">241</EventID>
<Version>0</Version>
<Level>4</Level>
<Task>1</Task>
<Opcode>0</Opcode>
<Keywords>0x8000000000000004</Keywords>
<TimeCreated SystemTime="2020-10-22 20:52:08.827814"></TimeCreated>
<EventRecordID>4</EventRecordID>
<Correlation ActivityID="" RelatedActivityID=""></Correlation>
<Execution ProcessID="1444" ThreadID="1572"></Execution>
<Channel>Microsoft-Windows-AppReadiness/Admin</Channel>
<Computer>WIN-PTFPHFCRDJ0</Computer>
<Security UserID="S-1-5-18"></Security>
</System>
<EventData><Data Name="User">S-1-5-18</Data>
<Data Name="TaskId">ART:AppxPreRegistration</Data>
<Data Name="TaskCount">0</Data>
</EventData>
</Event>

<Event xmlns="http://schemas.microsoft.com/win/2004/08/events/event"><System><Provider Name="Microsoft-Windows-AppReadiness" Guid="{f0be35f8-237b-4814-86b5-ade51192e503}"></Provider>
<EventID Qualifiers="">220</EventID>
<Version>0</Version>
<Level>4</Level>
<Task>1</Task>
<Opcode>0</Opcode>
<Keywords>0x8000000000000002</Keywords>
<TimeCreated SystemTime="2020-10-22 20:52:08.827818"></TimeCreated>
<EventRecordID>5</EventRecordID>
<Correlation ActivityID="" RelatedActivityID=""></Correlation>
<Execution ProcessID="1444" ThreadID="1572"></Execution>
<Channel>Microsoft-Windows-AppReadiness/Admin</Channel>
<Computer>WIN-PTFPHFCRDJ0</Computer>
<Security UserID="S-1-5-18"></Security>
</System>
<EventData><Data Name="Username">S-1-5-18</Data>
<Data Name="Task">ART:AppxPreRegistration</Data>
<Data Name="Elapsed">0.9379172</Data>
</EventData>
</Event>

<Event xmlns="http://schemas.microsoft.com/win/2004/08/events/event"><System><Provider Name="Microsoft-Windows-AppReadiness" Guid="{f0be35f8-237b-4814-86b5-ade51192e503}"></Provider>
<EventID Qualifiers="">209</EventID>
<Version>0</Version>
<Level>4</Level>
<Task>1</Task>
<Opcode>0</Opcode>
<Keywords>0x8000000000000002</Keywords>
<TimeCreated SystemTime="2020-10-22 20:52:27.706188"></TimeCreated>
<EventRecordID>6</EventRecordID>
<Correlation ActivityID="" RelatedActivityID=""></Correlation>
<Execution ProcessID="1444" ThreadID="1572"></Execution>
<Channel>Microsoft-Windows-AppReadiness/Admin</Channel>
<Computer>WIN-PTFPHFCRDJ0</Computer>
<Security UserID="S-1-5-18"></Security>
</System>
<EventData><Data Name="User">S-1-5-21-1152959844-3645458174-3779170896-1000</Data>
<Data Name="From">2</Data>
<Data Name="To">0</Data>
</EventData>
</Event>

<Event xmlns="http://schemas.microsoft.com/win/2004/08/events/event"><System><Provider Name="Microsoft-Windows-AppReadiness" Guid="{f0be35f8-237b-4814-86b5-ade51192e503}"></Provider>
<EventID Qualifiers="">232</EventID>
<Version>0</Version>
<Level>4</Level>
<Task>1</Task>
<Opcode>2</Opcode>
<Keywords>0x8000000000000002</Keywords>
<TimeCreated SystemTime="2020-10-22 20:52:27.708881"></TimeCreated>
<EventRecordID>7</EventRecordID>
<Correlation ActivityID="" RelatedActivityID=""></Correlation>
<Execution ProcessID="1444" ThreadID="1572"></Execution>
<Channel>Microsoft-Windows-AppReadiness/Admin</Channel>
<Computer>WIN-PTFPHFCRDJ0</Computer>
<Security UserID="S-1-5-18"></Security>
</System>
<EventData><Data Name="ExitCode">0x00000000</Data>
</EventData>
</Event>

<Event xmlns="http://schemas.microsoft.com/win/2004/08/events/event"><System><Provider Name="Microsoft-Windows-AppReadiness" Guid="{f0be35f8-237b-4814-86b5-ade51192e503}"></Provider>
<EventID Qualifiers="">240</EventID>
<Version>0</Version>
<Level>4</Level>
<Task>1</Task>
<Opcode>0</Opcode>
<Keywords>0x8000000000000004</Keywords>
<TimeCreated SystemTime="2020-10-22 20:52:27.734602"></TimeCreated>
<EventRecordID>8</EventRecordID>
<Correlation ActivityID="" RelatedActivityID=""></Correlation>
<Execution ProcessID="1444" ThreadID="1584"></Execution>
<Channel>Microsoft-Windows-AppReadiness/Admin</Channel>
<Computer>WIN-PTFPHFCRDJ0</Computer>
<Security UserID="S-1-5-18"></Security>
</System>
<EventData><Data Name="User">S-1-5-21-1152959844-3645458174-3779170896-1000</Data>
<Data Name="TaskId">install::Microsoft.Windows.ShellExperienceHost_cw5n1h2txyewy</Data>
<Data Name="TaskCount">1</Data>
</EventData>
</Event>

<Event xmlns="http://schemas.microsoft.com/win/2004/08/events/event"><System><Provider Name="Microsoft-Windows-AppReadiness" Guid="{f0be35f8-237b-4814-86b5-ade51192e503}"></Provider>
<EventID Qualifiers="">240</EventID>
<Version>0</Version>
<Level>4</Level>
<Task>1</Task>
<Opcode>0</Opcode>
<Keywords>0x8000000000000004</Keywords>
<TimeCreated SystemTime="2020-10-22 20:52:27.734642"></TimeCreated>
<EventRecordID>9</EventRecordID>
<Correlation ActivityID="" RelatedActivityID=""></Correlation>
<Execution ProcessID="1444" ThreadID="1584"></Execution>
<Channel>Microsoft-Windows-AppReadiness/Admin</Channel>
<Computer>WIN-PTFPHFCRDJ0</Computer>
<Security UserID="S-1-5-18"></Security>
</System>
<EventData><Data Name="User">S-1-5-21-1152959844-3645458174-3779170896-1000</Data>
<Data Name="TaskId">install::windows.immersivecontrolpanel_cw5n1h2txyewy</Data>
<Data Name="TaskCount">2</Data>
</EventData>
</Event>

<Event xmlns="http://schemas.microsoft.com/win/2004/08/events/event"><System><Provider Name="Microsoft-Windows-AppReadiness" Guid="{f0be35f8-237b-4814-86b5-ade51192e503}"></Provider>
<EventID Qualifiers="">240</EventID>
<Version>0</Version>
<Level>4</Level>
<Task>1</Task>
<Opcode>0</Opcode>
<Keywords>0x8000000000000004</Keywords>
<TimeCreated SystemTime="2020-10-22 20:52:27.734678"></TimeCreated>
<EventRecordID>10</EventRecordID>
<Correlation ActivityID="" RelatedActivityID=""></Correlation>
<Execution ProcessID="1444" ThreadID="1584"></Execution>
<Channel>Microsoft-Windows-AppReadiness/Admin</Channel>
<Computer>WIN-PTFPHFCRDJ0</Computer>
<Security UserID="S-1-5-18"></Security>
</System>
<EventData><Data Name="User">S-1-5-21-1152959844-3645458174-3779170896-1000</Data>
<Data Name="TaskId">install::Microsoft.Windows.Cortana_cw5n1h2txyewy</Data>
<Data Name="TaskCount">3</Data>
</EventData>
</Event>

<Event xmlns="http://schemas.microsoft.com/win/2004/08/events/event"><System><Provider Name="Microsoft-Windows-AppReadiness" Guid="{f0be35f8-237b-4814-86b5-ade51192e503}"></Provider>
<EventID Qualifiers="">240</EventID>
<Version>0</Version>
<Level>4</Level>
<Task>1</Task>
<Opcode>0</Opcode>
<Keywords>0x8000000000000004</Keywords>
<TimeCreated SystemTime="2020-10-22 20:52:27.734713"></TimeCreated>
<EventRecordID>11</EventRecordID>
<Correlation ActivityID="" RelatedActivityID=""></Correlation>
<Execution ProcessID="1444" ThreadID="1584"></Execution>
<Channel>Microsoft-Windows-AppReadiness/Admin</Channel>
<Computer>WIN-PTFPHFCRDJ0</Computer>
<Security UserID="S-1-5-18"></Security>
</System>
<EventData><Data Name="User">S-1-5-21-1152959844-3645458174-3779170896-1000</Data>
<Data Name="TaskId">install::1527c705-839a-4832-9118-54d4Bd6a0c89_cw5n1h2txyewy</Data>
<Data Name="TaskCount">4</Data>
</EventData>
</Event>

<Event xmlns="http://schemas.microsoft.com/win/2004/08/events/event"><System><Provider Name="Microsoft-Windows-AppReadiness" Guid="{f0be35f8-237b-4814-86b5-ade51192e503}"></Provider>
<EventID Qualifiers="">240</EventID>
<Version>0</Version>
<Level>4</Level>
<Task>1</Task>
<Opcode>0</Opcode>
<Keywords>0x8000000000000004</Keywords>
<TimeCreated SystemTime="2020-10-22 20:52:27.737143"></TimeCreated>
<EventRecordID>12</EventRecordID>
<Correlation ActivityID="" RelatedActivityID=""></Correlation>
<Execution ProcessID="1444" ThreadID="1584"></Execution>
<Channel>Microsoft-Windows-AppReadiness/Admin</Channel>
<Computer>WIN-PTFPHFCRDJ0</Computer>
<Security UserID="S-1-5-18"></Security>
</System>
<EventData><Data Name="User">S-1-5-21-1152959844-3645458174-3779170896-1000</Data>
<Data Name="TaskId">PreviewTiles</Data>
<Data Name="TaskCount">5</Data>
</EventData>
</Event>

<Event xmlns="http://schemas.microsoft.com/win/2004/08/events/event"><System><Provider Name="Microsoft-Windows-AppReadiness" Guid="{f0be35f8-237b-4814-86b5-ade51192e503}"></Provider>
<EventID Qualifiers="">240</EventID>
<Version>0</Version>
<Level>4</Level>
<Task>1</Task>
<Opcode>0</Opcode>
<Keywords>0x8000000000000004</Keywords>
<TimeCreated SystemTime="2020-10-22 20:52:27.737171"></TimeCreated>
<EventRecordID>13</EventRecordID>
<Correlation ActivityID="" RelatedActivityID=""></Correlation>
<Execution ProcessID="1444" ThreadID="1584"></Execution>
<Channel>Microsoft-Windows-AppReadiness/Admin</Channel>
<Computer>WIN-PTFPHFCRDJ0</Computer>
<Security UserID="S-1-5-18"></Security>
</System>
<EventData><Data Name="User">S-1-5-21-1152959844-3645458174-3779170896-1000</Data>
<Data Name="TaskId">install::c5e2524a-ea46-4f67-841f-6a9465d9d515_cw5n1h2txyewy</Data>
<Data Name="TaskCount">6</Data>
</EventData>
</Event>

<Event xmlns="http://schemas.microsoft.com/win/2004/08/events/event"><System><Provider Name="Microsoft-Windows-AppReadiness" Guid="{f0be35f8-237b-4814-86b5-ade51192e503}"></Provider>
<EventID Qualifiers="">240</EventID>
<Version>0</Version>
<Level>4</Level>
<Task>1</Task>
<Opcode>0</Opcode>
<Keywords>0x8000000000000004</Keywords>
<TimeCreated SystemTime="2020-10-22 20:52:27.737267"></TimeCreated>
<EventRecordID>14</EventRecordID>
<Correlation ActivityID="" RelatedActivityID=""></Correlation>
<Execution ProcessID="1444" ThreadID="1584"></Execution>
<Channel>Microsoft-Windows-AppReadiness/Admin</Channel>
<Computer>WIN-PTFPHFCRDJ0</Computer>
<Security UserID="S-1-5-18"></Security>
</System>
<EventData><Data Name="User">S-1-5-21-1152959844-3645458174-3779170896-1000</Data>
<Data Name="TaskId">install::E2A4F912-2574-4A75-9BB0-0D023378592B_cw5n1h2txyewy</Data>
<Data Name="TaskCount">7</Data>
</EventData>
</Event>

<Event xmlns="http://schemas.microsoft.com/win/2004/08/events/event"><System><Provider Name="Microsoft-Windows-AppReadiness" Guid="{f0be35f8-237b-4814-86b5-ade51192e503}"></Provider>
<EventID Qualifiers="">240</EventID>
<Version>0</Version>
<Level>4</Level>
<Task>1</Task>
<Opcode>0</Opcode>
<Keywords>0x8000000000000004</Keywords>
<TimeCreated SystemTime="2020-10-22 20:52:27.737345"></TimeCreated>
<EventRecordID>15</EventRecordID>
<Correlation ActivityID="" RelatedActivityID=""></Correlation>
<Execution ProcessID="1444" ThreadID="1584"></Execution>
<Channel>Microsoft-Windows-AppReadiness/Admin</Channel>
<Computer>WIN-PTFPHFCRDJ0</Computer>
<Security UserID="S-1-5-18"></Security>
</System>
<EventData><Data Name="User">S-1-5-21-1152959844-3645458174-3779170896-1000</Data>
<Data Name="TaskId">install::F46D4000-FD22-4DB4-AC8E-4E1DDDE828FE_cw5n1h2txyewy</Data>
<Data Name="TaskCount">8</Data>
</EventData>
</Event>

<Event xmlns="http://schemas.microsoft.com/win/2004/08/events/event"><System><Provider Name="Microsoft-Windows-AppReadiness" Guid="{f0be35f8-237b-4814-86b5-ade51192e503}"></Provider>
<EventID Qualifiers="">240</EventID>
<Version>0</Version>
<Level>4</Level>
<Task>1</Task>
<Opcode>0</Opcode>
<Keywords>0x8000000000000004</Keywords>
<TimeCreated SystemTime="2020-10-22 20:52:27.737423"></TimeCreated>
<EventRecordID>16</EventRecordID>
<Correlation ActivityID="" RelatedActivityID=""></Correlation>
<Execution ProcessID="1444" ThreadID="1584"></Execution>
<Channel>Microsoft-Windows-AppReadiness/Admin</Channel>
<Computer>WIN-PTFPHFCRDJ0</Computer>
<Security UserID="S-1-5-18"></Security>
</System>
<EventData><Data Name="User">S-1-5-21-1152959844-3645458174-3779170896-1000</Data>
<Data Name="TaskId">install::InputApp_cw5n1h2txyewy</Data>
<Data Name="TaskCount">9</Data>
</EventData>
</Event>

<Event xmlns="http://schemas.microsoft.com/win/2004/08/events/event"><System><Provider Name="Microsoft-Windows-AppReadiness" Guid="{f0be35f8-237b-4814-86b5-ade51192e503}"></Provider>
<EventID Qualifiers="">240</EventID>
<Version>0</Version>
<Level>4</Level>
<Task>1</Task>
<Opcode>0</Opcode>
<Keywords>0x8000000000000004</Keywords>
<TimeCreated SystemTime="2020-10-22 20:52:27.737497"></TimeCreated>
<EventRecordID>17</EventRecordID>
<Correlation ActivityID="" RelatedActivityID=""></Correlation>
<Execution ProcessID="1444" ThreadID="1584"></Execution>
<Channel>Microsoft-Windows-AppReadiness/Admin</Channel>
<Computer>WIN-PTFPHFCRDJ0</Computer>
<Security UserID="S-1-5-18"></Security>
</System>
<EventData><Data Name="User">S-1-5-21-1152959844-3645458174-3779170896-1000</Data>
<Data Name="TaskId">install::Microsoft.AAD.BrokerPlugin_cw5n1h2txyewy</Data>
<Data Name="TaskCount">10</Data>
</EventData>
</Event>

<Event xmlns="http://schemas.microsoft.com/win/2004/08/events/event"><System><Provider Name="Microsoft-Windows-AppReadiness" Guid="{f0be35f8-237b-4814-86b5-ade51192e503}"></Provider>
<EventID Qualifiers="">240</EventID>
<Version>0</Version>
<Level>4</Level>
<Task>1</Task>
<Opcode>0</Opcode>
<Keywords>0x8000000000000004</Keywords>
<TimeCreated SystemTime="2020-10-22 20:52:27.737549"></TimeCreated>
<EventRecordID>18</EventRecordID>
<Correlation ActivityID="" RelatedActivityID=""></Correlation>
<Execution ProcessID="1444" ThreadID="1584"></Execution>
<Channel>Microsoft-Windows-AppReadiness/Admin</Channel>
<Computer>WIN-PTFPHFCRDJ0</Computer>
<Security UserID="S-1-5-18"></Security>
</System>
<EventData><Data Name="User">S-1-5-21-1152959844-3645458174-3779170896-1000</Data>
<Data Name="TaskId">install::Microsoft.AccountsControl_cw5n1h2txyewy</Data>
<Data Name="TaskCount">11</Data>
</EventData>
</Event>

<Event xmlns="http://schemas.microsoft.com/win/2004/08/events/event"><System><Provider Name="Microsoft-Windows-AppReadiness" Guid="{f0be35f8-237b-4814-86b5-ade51192e503}"></Provider>
<EventID Qualifiers="">240</EventID>
<Version>0</Version>
<Level>4</Level>
<Task>1</Task>
<Opcode>0</Opcode>
<Keywords>0x8000000000000004</Keywords>
<TimeCreated SystemTime="2020-10-22 20:52:27.737625"></TimeCreated>
<EventRecordID>19</EventRecordID>
<Correlation ActivityID="" RelatedActivityID=""></Correlation>
<Execution ProcessID="1444" ThreadID="1584"></Execution>
<Channel>Microsoft-Windows-AppReadiness/Admin</Channel>
<Computer>WIN-PTFPHFCRDJ0</Computer>
<Security UserID="S-1-5-18"></Security>
</System>
<EventData><Data Name="User">S-1-5-21-1152959844-3645458174-3779170896-1000</Data>
<Data Name="TaskId">install::Microsoft.AsyncTextService_8wekyb3d8bbwe</Data>
<Data Name="TaskCount">12</Data>
</EventData>
</Event>

<Event xmlns="http://schemas.microsoft.com/win/2004/08/events/event"><System><Provider Name="Microsoft-Windows-AppReadiness" Guid="{f0be35f8-237b-4814-86b5-ade51192e503}"></Provider>
<EventID Qualifiers="">240</EventID>
<Version>0</Version>
<Level>4</Level>
<Task>1</Task>
<Opcode>0</Opcode>
<Keywords>0x8000000000000004</Keywords>
<TimeCreated SystemTime="2020-10-22 20:52:27.737700"></TimeCreated>
<EventRecordID>20</EventRecordID>
<Correlation ActivityID="" RelatedActivityID=""></Correlation>
<Execution ProcessID="1444" ThreadID="1584"></Execution>
<Channel>Microsoft-Windows-AppReadiness/Admin</Channel>
<Computer>WIN-PTFPHFCRDJ0</Computer>
<Security UserID="S-1-5-18"></Security>
</System>
<EventData><Data Name="User">S-1-5-21-1152959844-3645458174-3779170896-1000</Data>
<Data Name="TaskId">install::Microsoft.BioEnrollment_cw5n1h2txyewy</Data>
<Data Name="TaskCount">13</Data>
</EventData>
</Event>

<Event xmlns="http://schemas.microsoft.com/win/2004/08/events/event"><System><Provider Name="Microsoft-Windows-AppReadiness" Guid="{f0be35f8-237b-4814-86b5-ade51192e503}"></Provider>
<EventID Qualifiers="">240</EventID>
<Version>0</Version>
<Level>4</Level>
<Task>1</Task>
<Opcode>0</Opcode>
<Keywords>0x8000000000000004</Keywords>
<TimeCreated SystemTime="2020-10-22 20:52:27.737736"></TimeCreated>
<EventRecordID>21</EventRecordID>
<Correlation ActivityID="" RelatedActivityID=""></Correlation>
<Execution ProcessID="1444" ThreadID="1584"></Execution>
<Channel>Microsoft-Windows-AppReadiness/Admin</Channel>
<Computer>WIN-PTFPHFCRDJ0</Computer>
<Security UserID="S-1-5-18"></Security>
</System>
<EventData><Data Name="User">S-1-5-21-1152959844-3645458174-3779170896-1000</Data>
<Data Name="TaskId">install::Microsoft.CredDialogHost_cw5n1h2txyewy</Data>
<Data Name="TaskCount">14</Data>
</EventData>
</Event>

<Event xmlns="http://schemas.microsoft.com/win/2004/08/events/event"><System><Provider Name="Microsoft-Windows-AppReadiness" Guid="{f0be35f8-237b-4814-86b5-ade51192e503}"></Provider>
<EventID Qualifiers="">240</EventID>
<Version>0</Version>
<Level>4</Level>
<Task>1</Task>
<Opcode>0</Opcode>
<Keywords>0x8000000000000004</Keywords>
<TimeCreated SystemTime="2020-10-22 20:52:27.737808"></TimeCreated>
<EventRecordID>22</EventRecordID>
<Correlation ActivityID="" RelatedActivityID=""></Correlation>
<Execution ProcessID="1444" ThreadID="1584"></Execution>
<Channel>Microsoft-Windows-AppReadiness/Admin</Channel>
<Computer>WIN-PTFPHFCRDJ0</Computer>
<Security UserID="S-1-5-18"></Security>
</System>
<EventData><Data Name="User">S-1-5-21-1152959844-3645458174-3779170896-1000</Data>
<Data Name="TaskId">install::Microsoft.ECApp_8wekyb3d8bbwe</Data>
<Data Name="TaskCount">15</Data>
</EventData>
</Event>

<Event xmlns="http://schemas.microsoft.com/win/2004/08/events/event"><System><Provider Name="Microsoft-Windows-AppReadiness" Guid="{f0be35f8-237b-4814-86b5-ade51192e503}"></Provider>
<EventID Qualifiers="">240</EventID>
<Version>0</Version>
<Level>4</Level>
<Task>1</Task>
<Opcode>0</Opcode>
<Keywords>0x8000000000000004</Keywords>
<TimeCreated SystemTime="2020-10-22 20:52:27.737886"></TimeCreated>
<EventRecordID>23</EventRecordID>
<Correlation ActivityID="" RelatedActivityID=""></Correlation>
<Execution ProcessID="1444" ThreadID="1584"></Execution>
<Channel>Microsoft-Windows-AppReadiness/Admin</Channel>
<Computer>WIN-PTFPHFCRDJ0</Computer>
<Security UserID="S-1-5-18"></Security>
</System>
<EventData><Data Name="User">S-1-5-21-1152959844-3645458174-3779170896-1000</Data>
<Data Name="TaskId">install::Microsoft.LockApp_cw5n1h2txyewy</Data>
<Data Name="TaskCount">16</Data>
</EventData>
</Event>

<Event xmlns="http://schemas.microsoft.com/win/2004/08/events/event"><System><Provider Name="Microsoft-Windows-AppReadiness" Guid="{f0be35f8-237b-4814-86b5-ade51192e503}"></Provider>
<EventID Qualifiers="">240</EventID>
<Version>0</Version>
<Level>4</Level>
<Task>1</Task>
<Opcode>0</Opcode>
<Keywords>0x8000000000000004</Keywords>
<TimeCreated SystemTime="2020-10-22 20:52:27.737959"></TimeCreated>
<EventRecordID>24</EventRecordID>
<Correlation ActivityID="" RelatedActivityID=""></Correlation>
<Execution ProcessID="1444" ThreadID="1584"></Execution>
<Channel>Microsoft-Windows-AppReadiness/Admin</Channel>
<Computer>WIN-PTFPHFCRDJ0</Computer>
<Security UserID="S-1-5-18"></Security>
</System>
<EventData><Data Name="User">S-1-5-21-1152959844-3645458174-3779170896-1000</Data>
<Data Name="TaskId">install::Microsoft.Win32WebViewHost_cw5n1h2txyewy</Data>
<Data Name="TaskCount">17</Data>
</EventData>
</Event>

<Event xmlns="http://schemas.microsoft.com/win/2004/08/events/event"><System><Provider Name="Microsoft-Windows-AppReadiness" Guid="{f0be35f8-237b-4814-86b5-ade51192e503}"></Provider>
<EventID Qualifiers="">240</EventID>
<Version>0</Version>
<Level>4</Level>
<Task>1</Task>
<Opcode>0</Opcode>
<Keywords>0x8000000000000004</Keywords>
<TimeCreated SystemTime="2020-10-22 20:52:27.738033"></TimeCreated>
<EventRecordID>25</EventRecordID>
<Correlation ActivityID="" RelatedActivityID=""></Correlation>
<Execution ProcessID="1444" ThreadID="1584"></Execution>
<Channel>Microsoft-Windows-AppReadiness/Admin</Channel>
<Computer>WIN-PTFPHFCRDJ0</Computer>
<Security UserID="S-1-5-18"></Security>
</System>
<EventData><Data Name="User">S-1-5-21-1152959844-3645458174-3779170896-1000</Data>
<Data Name="TaskId">install::Microsoft.Windows.AppRep.ChxApp_cw5n1h2txyewy</Data>
<Data Name="TaskCount">18</Data>
</EventData>
</Event>

<Event xmlns="http://schemas.microsoft.com/win/2004/08/events/event"><System><Provider Name="Microsoft-Windows-AppReadiness" Guid="{f0be35f8-237b-4814-86b5-ade51192e503}"></Provider>
<EventID Qualifiers="">240</EventID>
<Version>0</Version>
<Level>4</Level>
<Task>1</Task>
<Opcode>0</Opcode>
<Keywords>0x8000000000000004</Keywords>
<TimeCreated SystemTime="2020-10-22 20:52:27.738110"></TimeCreated>
<EventRecordID>26</EventRecordID>
<Correlation ActivityID="" RelatedActivityID=""></Correlation>
<Execution ProcessID="1444" ThreadID="1584"></Execution>
<Channel>Microsoft-Windows-AppReadiness/Admin</Channel>
<Computer>WIN-PTFPHFCRDJ0</Computer>
<Security UserID="S-1-5-18"></Security>
</System>
<EventData><Data Name="User">S-1-5-21-1152959844-3645458174-3779170896-1000</Data>
<Data Name="TaskId">install::Microsoft.Windows.CapturePicker_cw5n1h2txyewy</Data>
<Data Name="TaskCount">19</Data>
</EventData>
</Event>

<Event xmlns="http://schemas.microsoft.com/win/2004/08/events/event"><System><Provider Name="Microsoft-Windows-AppReadiness" Guid="{f0be35f8-237b-4814-86b5-ade51192e503}"></Provider>
<EventID Qualifiers="">240</EventID>
<Version>0</Version>
<Level>4</Level>
<Task>1</Task>
<Opcode>0</Opcode>
<Keywords>0x8000000000000004</Keywords>
<TimeCreated SystemTime="2020-10-22 20:52:27.738182"></TimeCreated>
<EventRecordID>27</EventRecordID>
<Correlation ActivityID="" RelatedActivityID=""></Correlation>
<Execution ProcessID="1444" ThreadID="1584"></Execution>
<Channel>Microsoft-Windows-AppReadiness/Admin</Channel>
<Computer>WIN-PTFPHFCRDJ0</Computer>
<Security UserID="S-1-5-18"></Security>
</System>
<EventData><Data Name="User">S-1-5-21-1152959844-3645458174-3779170896-1000</Data>
<Data Name="TaskId">install::Microsoft.Windows.CloudExperienceHost_cw5n1h2txyewy</Data>
<Data Name="TaskCount">20</Data>
</EventData>
</Event>

<Event xmlns="http://schemas.microsoft.com/win/2004/08/events/event"><System><Provider Name="Microsoft-Windows-AppReadiness" Guid="{f0be35f8-237b-4814-86b5-ade51192e503}"></Provider>
<EventID Qualifiers="">240</EventID>
<Version>0</Version>
<Level>4</Level>
<Task>1</Task>
<Opcode>0</Opcode>
<Keywords>0x8000000000000004</Keywords>
<TimeCreated SystemTime="2020-10-22 20:52:27.738220"></TimeCreated>
<EventRecordID>28</EventRecordID>
<Correlation ActivityID="" RelatedActivityID=""></Correlation>
<Execution ProcessID="1444" ThreadID="1584"></Execution>
<Channel>Microsoft-Windows-AppReadiness/Admin</Channel>
<Computer>WIN-PTFPHFCRDJ0</Computer>
<Security UserID="S-1-5-18"></Security>
</System>
<EventData><Data Name="User">S-1-5-21-1152959844-3645458174-3779170896-1000</Data>
<Data Name="TaskId">install::Microsoft.Windows.NarratorQuickStart_8wekyb3d8bbwe</Data>
<Data Name="TaskCount">21</Data>
</EventData>
</Event>

<Event xmlns="http://schemas.microsoft.com/win/2004/08/events/event"><System><Provider Name="Microsoft-Windows-AppReadiness" Guid="{f0be35f8-237b-4814-86b5-ade51192e503}"></Provider>
<EventID Qualifiers="">240</EventID>
<Version>0</Version>
<Level>4</Level>
<Task>1</Task>
<Opcode>0</Opcode>
<Keywords>0x8000000000000004</Keywords>
<TimeCreated SystemTime="2020-10-22 20:52:27.738293"></TimeCreated>
<EventRecordID>29</EventRecordID>
<Correlation ActivityID="" RelatedActivityID=""></Correlation>
<Execution ProcessID="1444" ThreadID="1584"></Execution>
<Channel>Microsoft-Windows-AppReadiness/Admin</Channel>
<Computer>WIN-PTFPHFCRDJ0</Computer>
<Security UserID="S-1-5-18"></Security>
</System>
<EventData><Data Name="User">S-1-5-21-1152959844-3645458174-3779170896-1000</Data>
<Data Name="TaskId">install::Microsoft.Windows.OOBENetworkCaptivePortal_cw5n1h2txyewy</Data>
<Data Name="TaskCount">22</Data>
</EventData>
</Event>

<Event xmlns="http://schemas.microsoft.com/win/2004/08/events/event"><System><Provider Name="Microsoft-Windows-AppReadiness" Guid="{f0be35f8-237b-4814-86b5-ade51192e503}"></Provider>
<EventID Qualifiers="">240</EventID>
<Version>0</Version>
<Level>4</Level>
<Task>1</Task>
<Opcode>0</Opcode>
<Keywords>0x8000000000000004</Keywords>
<TimeCreated SystemTime="2020-10-22 20:52:27.738335"></TimeCreated>
<EventRecordID>30</EventRecordID>
<Correlation ActivityID="" RelatedActivityID=""></Correlation>
<Execution ProcessID="1444" ThreadID="1584"></Execution>
<Channel>Microsoft-Windows-AppReadiness/Admin</Channel>
<Computer>WIN-PTFPHFCRDJ0</Computer>
<Security UserID="S-1-5-18"></Security>
</System>
<EventData><Data Name="User">S-1-5-21-1152959844-3645458174-3779170896-1000</Data>
<Data Name="TaskId">install::Microsoft.Windows.OOBENetworkConnectionFlow_cw5n1h2txyewy</Data>
<Data Name="TaskCount">23</Data>
</EventData>
</Event>

<Event xmlns="http://schemas.microsoft.com/win/2004/08/events/event"><System><Provider Name="Microsoft-Windows-AppReadiness" Guid="{f0be35f8-237b-4814-86b5-ade51192e503}"></Provider>
<EventID Qualifiers="">240</EventID>
<Version>0</Version>
<Level>4</Level>
<Task>1</Task>
<Opcode>0</Opcode>
<Keywords>0x8000000000000004</Keywords>
<TimeCreated SystemTime="2020-10-22 20:52:27.738407"></TimeCreated>
<EventRecordID>31</EventRecordID>
<Correlation ActivityID="" RelatedActivityID=""></Correlation>
<Execution ProcessID="1444" ThreadID="1584"></Execution>
<Channel>Microsoft-Windows-AppReadiness/Admin</Channel>
<Computer>WIN-PTFPHFCRDJ0</Computer>
<Security UserID="S-1-5-18"></Security>
</System>
<EventData><Data Name="User">S-1-5-21-1152959844-3645458174-3779170896-1000</Data>
<Data Name="TaskId">install::Microsoft.Windows.PeopleExperienceHost_cw5n1h2txyewy</Data>
<Data Name="TaskCount">24</Data>
</EventData>
</Event>

<Event xmlns="http://schemas.microsoft.com/win/2004/08/events/event"><System><Provider Name="Microsoft-Windows-AppReadiness" Guid="{f0be35f8-237b-4814-86b5-ade51192e503}"></Provider>
<EventID Qualifiers="">240</EventID>
<Version>0</Version>
<Level>4</Level>
<Task>1</Task>
<Opcode>0</Opcode>
<Keywords>0x8000000000000004</Keywords>
<TimeCreated SystemTime="2020-10-22 20:52:27.738482"></TimeCreated>
<EventRecordID>32</EventRecordID>
<Correlation ActivityID="" RelatedActivityID=""></Correlation>
<Execution ProcessID="1444" ThreadID="1584"></Execution>
<Channel>Microsoft-Windows-AppReadiness/Admin</Channel>
<Computer>WIN-PTFPHFCRDJ0</Computer>
<Security UserID="S-1-5-18"></Security>
</System>
<EventData><Data Name="User">S-1-5-21-1152959844-3645458174-3779170896-1000</Data>
<Data Name="TaskId">install::Microsoft.Windows.PinningConfirmationDialog_cw5n1h2txyewy</Data>
<Data Name="TaskCount">25</Data>
</EventData>
</Event>

<Event xmlns="http://schemas.microsoft.com/win/2004/08/events/event"><System><Provider Name="Microsoft-Windows-AppReadiness" Guid="{f0be35f8-237b-4814-86b5-ade51192e503}"></Provider>
<EventID Qualifiers="">240</EventID>
<Version>0</Version>
<Level>4</Level>
<Task>1</Task>
<Opcode>0</Opcode>
<Keywords>0x8000000000000004</Keywords>
<TimeCreated SystemTime="2020-10-22 20:52:27.738571"></TimeCreated>
<EventRecordID>33</EventRecordID>
<Correlation ActivityID="" RelatedActivityID=""></Correlation>
<Execution ProcessID="1444" ThreadID="1584"></Execution>
<Channel>Microsoft-Windows-AppReadiness/Admin</Channel>
<Computer>WIN-PTFPHFCRDJ0</Computer>
<Security UserID="S-1-5-18"></Security>
</System>
<EventData><Data Name="User">S-1-5-21-1152959844-3645458174-3779170896-1000</Data>
<Data Name="TaskId">install::Microsoft.Windows.SecHealthUI_cw5n1h2txyewy</Data>
<Data Name="TaskCount">26</Data>
</EventData>
</Event>

<Event xmlns="http://schemas.microsoft.com/win/2004/08/events/event"><System><Provider Name="Microsoft-Windows-AppReadiness" Guid="{f0be35f8-237b-4814-86b5-ade51192e503}"></Provider>
<EventID Qualifiers="">240</EventID>
<Version>0</Version>
<Level>4</Level>
<Task>1</Task>
<Opcode>0</Opcode>
<Keywords>0x8000000000000004</Keywords>
<TimeCreated SystemTime="2020-10-22 20:52:27.738644"></TimeCreated>
<EventRecordID>34</EventRecordID>
<Correlation ActivityID="" RelatedActivityID=""></Correlation>
<Execution ProcessID="1444" ThreadID="1584"></Execution>
<Channel>Microsoft-Windows-AppReadiness/Admin</Channel>
<Computer>WIN-PTFPHFCRDJ0</Computer>
<Security UserID="S-1-5-18"></Security>
</System>
<EventData><Data Name="User">S-1-5-21-1152959844-3645458174-3779170896-1000</Data>
<Data Name="TaskId">install::Microsoft.Windows.XGpuEjectDialog_cw5n1h2txyewy</Data>
<Data Name="TaskCount">27</Data>
</EventData>
</Event>

<Event xmlns="http://schemas.microsoft.com/win/2004/08/events/event"><System><Provider Name="Microsoft-Windows-AppReadiness" Guid="{f0be35f8-237b-4814-86b5-ade51192e503}"></Provider>
<EventID Qualifiers="">240</EventID>
<Version>0</Version>
<Level>4</Level>
<Task>1</Task>
<Opcode>0</Opcode>
<Keywords>0x8000000000000004</Keywords>
<TimeCreated SystemTime="2020-10-22 20:52:27.738716"></TimeCreated>
<EventRecordID>35</EventRecordID>
<Correlation ActivityID="" RelatedActivityID=""></Correlation>
<Execution ProcessID="1444" ThreadID="1584"></Execution>
<Channel>Microsoft-Windows-AppReadiness/Admin</Channel>
<Computer>WIN-PTFPHFCRDJ0</Computer>
<Security UserID="S-1-5-18"></Security>
</System>
<EventData><Data Name="User">S-1-5-21-1152959844-3645458174-3779170896-1000</Data>
<Data Name="TaskId">install::Windows.CBSPreview_cw5n1h2txyewy</Data>
<Data Name="TaskCount">28</Data>
</EventData>
</Event>

<Event xmlns="http://schemas.microsoft.com/win/2004/08/events/event"><System><Provider Name="Microsoft-Windows-AppReadiness" Guid="{f0be35f8-237b-4814-86b5-ade51192e503}"></Provider>
<EventID Qualifiers="">240</EventID>
<Version>0</Version>
<Level>4</Level>
<Task>1</Task>
<Opcode>0</Opcode>
<Keywords>0x8000000000000004</Keywords>
<TimeCreated SystemTime="2020-10-22 20:52:27.738796"></TimeCreated>
<EventRecordID>36</EventRecordID>
<Correlation ActivityID="" RelatedActivityID=""></Correlation>
<Execution ProcessID="1444" ThreadID="1584"></Execution>
<Channel>Microsoft-Windows-AppReadiness/Admin</Channel>
<Computer>WIN-PTFPHFCRDJ0</Computer>
<Security UserID="S-1-5-18"></Security>
</System>
<EventData><Data Name="User">S-1-5-21-1152959844-3645458174-3779170896-1000</Data>
<Data Name="TaskId">install::Windows.PrintDialog_cw5n1h2txyewy</Data>
<Data Name="TaskCount">29</Data>
</EventData>
</Event>

<Event xmlns="http://schemas.microsoft.com/win/2004/08/events/event"><System><Provider Name="Microsoft-Windows-AppReadiness" Guid="{f0be35f8-237b-4814-86b5-ade51192e503}"></Provider>
<EventID Qualifiers="">240</EventID>
<Version>0</Version>
<Level>4</Level>
<Task>1</Task>
<Opcode>0</Opcode>
<Keywords>0x8000000000000004</Keywords>
<TimeCreated SystemTime="2020-10-22 20:52:27.739689"></TimeCreated>
<EventRecordID>37</EventRecordID>
<Correlation ActivityID="" RelatedActivityID=""></Correlation>
<Execution ProcessID="1444" ThreadID="1564"></Execution>
<Channel>Microsoft-Windows-AppReadiness/Admin</Channel>
<Computer>WIN-PTFPHFCRDJ0</Computer>
<Security UserID="S-1-5-18"></Security>
</System>
<EventData><Data Name="User">S-1-5-21-1152959844-3645458174-3779170896-1000</Data>
<Data Name="TaskId">ART:PreRoamingGroup</Data>
<Data Name="TaskCount">30</Data>
</EventData>
</Event>

<Event xmlns="http://schemas.microsoft.com/win/2004/08/events/event"><System><Provider Name="Microsoft-Windows-AppReadiness" Guid="{f0be35f8-237b-4814-86b5-ade51192e503}"></Provider>
<EventID Qualifiers="">240</EventID>
<Version>0</Version>
<Level>4</Level>
<Task>1</Task>
<Opcode>0</Opcode>
<Keywords>0x8000000000000004</Keywords>
<TimeCreated SystemTime="2020-10-22 20:52:27.747082"></TimeCreated>
<EventRecordID>38</EventRecordID>
<Correlation ActivityID="" RelatedActivityID=""></Correlation>
<Execution ProcessID="1444" ThreadID="1564"></Execution>
<Channel>Microsoft-Windows-AppReadiness/Admin</Channel>
<Computer>WIN-PTFPHFCRDJ0</Computer>
<Security UserID="S-1-5-18"></Security>
</System>
<EventData><Data Name="User">S-1-5-21-1152959844-3645458174-3779170896-1000</Data>
<Data Name="TaskId">ART:UserLogon</Data>
<Data Name="TaskCount">31</Data>
</EventData>
</Event>

<Event xmlns="http://schemas.microsoft.com/win/2004/08/events/event"><System><Provider Name="Microsoft-Windows-AppReadiness" Guid="{f0be35f8-237b-4814-86b5-ade51192e503}"></Provider>
<EventID Qualifiers="">241</EventID>
<Version>0</Version>
<Level>4</Level>
<Task>1</Task>
<Opcode>0</Opcode>
<Keywords>0x8000000000000004</Keywords>
<TimeCreated SystemTime="2020-10-22 20:52:29.881449"></TimeCreated>
<EventRecordID>39</EventRecordID>
<Correlation ActivityID="" RelatedActivityID=""></Correlation>
<Execution ProcessID="1444" ThreadID="1564"></Execution>
<Channel>Microsoft-Windows-AppReadiness/Admin</Channel>
<Computer>WIN-PTFPHFCRDJ0</Computer>
<Security UserID="S-1-5-18"></Security>
</System>
<EventData><Data Name="User">S-1-5-21-1152959844-3645458174-3779170896-1000</Data>
<Data Name="TaskId">install::Microsoft.AAD.BrokerPlugin_cw5n1h2txyewy</Data>
<Data Name="TaskCount">30</Data>
</EventData>
</Event>

<Event xmlns="http://schemas.microsoft.com/win/2004/08/events/event"><System><Provider Name="Microsoft-Windows-AppReadiness" Guid="{f0be35f8-237b-4814-86b5-ade51192e503}"></Provider>
<EventID Qualifiers="">213</EventID>
<Version>0</Version>
<Level>4</Level>
<Task>1</Task>
<Opcode>0</Opcode>
<Keywords>0x8000000000000002</Keywords>
<TimeCreated SystemTime="2020-10-22 20:52:29.881449"></TimeCreated>
<EventRecordID>40</EventRecordID>
<Correlation ActivityID="" RelatedActivityID=""></Correlation>
<Execution ProcessID="1444" ThreadID="1564"></Execution>
<Channel>Microsoft-Windows-AppReadiness/Admin</Channel>
<Computer>WIN-PTFPHFCRDJ0</Computer>
<Security UserID="S-1-5-18"></Security>
</System>
<EventData><Data Name="Username">S-1-5-21-1152959844-3645458174-3779170896-1000</Data>
<Data Name="Package">Microsoft.AAD.BrokerPlugin_cw5n1h2txyewy</Data>
<Data Name="Operation">1</Data>
<Data Name="Elapsed">2.1050474</Data>
</EventData>
</Event>

<Event xmlns="http://schemas.microsoft.com/win/2004/08/events/event"><System><Provider Name="Microsoft-Windows-AppReadiness" Guid="{f0be35f8-237b-4814-86b5-ade51192e503}"></Provider>
<EventID Qualifiers="">241</EventID>
<Version>0</Version>
<Level>4</Level>
<Task>1</Task>
<Opcode>0</Opcode>
<Keywords>0x8000000000000004</Keywords>
<TimeCreated SystemTime="2020-10-22 20:52:30.217051"></TimeCreated>
<EventRecordID>41</EventRecordID>
<Correlation ActivityID="" RelatedActivityID=""></Correlation>
<Execution ProcessID="1444" ThreadID="1564"></Execution>
<Channel>Microsoft-Windows-AppReadiness/Admin</Channel>
<Computer>WIN-PTFPHFCRDJ0</Computer>
<Security UserID="S-1-5-18"></Security>
</System>
<EventData><Data Name="User">S-1-5-21-1152959844-3645458174-3779170896-1000</Data>
<Data Name="TaskId">install::Microsoft.Windows.CloudExperienceHost_cw5n1h2txyewy</Data>
<Data Name="TaskCount">29</Data>
</EventData>
</Event>

<Event xmlns="http://schemas.microsoft.com/win/2004/08/events/event"><System><Provider Name="Microsoft-Windows-AppReadiness" Guid="{f0be35f8-237b-4814-86b5-ade51192e503}"></Provider>
<EventID Qualifiers="">213</EventID>
<Version>0</Version>
<Level>4</Level>
<Task>1</Task>
<Opcode>0</Opcode>
<Keywords>0x8000000000000002</Keywords>
<TimeCreated SystemTime="2020-10-22 20:52:30.217052"></TimeCreated>
<EventRecordID>42</EventRecordID>
<Correlation ActivityID="" RelatedActivityID=""></Correlation>
<Execution ProcessID="1444" ThreadID="1564"></Execution>
<Channel>Microsoft-Windows-AppReadiness/Admin</Channel>
<Computer>WIN-PTFPHFCRDJ0</Computer>
<Security UserID="S-1-5-18"></Security>
</System>
<EventData><Data Name="Username">S-1-5-21-1152959844-3645458174-3779170896-1000</Data>
<Data Name="Package">Microsoft.Windows.CloudExperienceHost_cw5n1h2txyewy</Data>
<Data Name="Operation">1</Data>
<Data Name="Elapsed">2.4006182</Data>
</EventData>
</Event>

<Event xmlns="http://schemas.microsoft.com/win/2004/08/events/event"><System><Provider Name="Microsoft-Windows-AppReadiness" Guid="{f0be35f8-237b-4814-86b5-ade51192e503}"></Provider>
<EventID Qualifiers="">241</EventID>
<Version>0</Version>
<Level>4</Level>
<Task>1</Task>
<Opcode>0</Opcode>
<Keywords>0x8000000000000004</Keywords>
<TimeCreated SystemTime="2020-10-22 20:52:30.219158"></TimeCreated>
<EventRecordID>43</EventRecordID>
<Correlation ActivityID="" RelatedActivityID=""></Correlation>
<Execution ProcessID="1444" ThreadID="1564"></Execution>
<Channel>Microsoft-Windows-AppReadiness/Admin</Channel>
<Computer>WIN-PTFPHFCRDJ0</Computer>
<Security UserID="S-1-5-18"></Security>
</System>
<EventData><Data Name="User">S-1-5-21-1152959844-3645458174-3779170896-1000</Data>
<Data Name="TaskId">ART:PreRoamingGroup</Data>
<Data Name="TaskCount">28</Data>
</EventData>
</Event>

<Event xmlns="http://schemas.microsoft.com/win/2004/08/events/event"><System><Provider Name="Microsoft-Windows-AppReadiness" Guid="{f0be35f8-237b-4814-86b5-ade51192e503}"></Provider>
<EventID Qualifiers="">220</EventID>
<Version>0</Version>
<Level>4</Level>
<Task>1</Task>
<Opcode>0</Opcode>
<Keywords>0x8000000000000002</Keywords>
<TimeCreated SystemTime="2020-10-22 20:52:30.219160"></TimeCreated>
<EventRecordID>44</EventRecordID>
<Correlation ActivityID="" RelatedActivityID=""></Correlation>
<Execution ProcessID="1444" ThreadID="1564"></Execution>
<Channel>Microsoft-Windows-AppReadiness/Admin</Channel>
<Computer>WIN-PTFPHFCRDJ0</Computer>
<Security UserID="S-1-5-18"></Security>
</System>
<EventData><Data Name="Username">S-1-5-21-1152959844-3645458174-3779170896-1000</Data>
<Data Name="Task">ART:PreRoamingGroup</Data>
<Data Name="Elapsed">2.4640905</Data>
</EventData>
</Event>

<Event xmlns="http://schemas.microsoft.com/win/2004/08/events/event"><System><Provider Name="Microsoft-Windows-AppReadiness" Guid="{f0be35f8-237b-4814-86b5-ade51192e503}"></Provider>
<EventID Qualifiers="">241</EventID>
<Version>0</Version>
<Level>4</Level>
<Task>1</Task>
<Opcode>0</Opcode>
<Keywords>0x8000000000000004</Keywords>
<TimeCreated SystemTime="2020-10-22 20:52:30.302448"></TimeCreated>
<EventRecordID>45</EventRecordID>
<Correlation ActivityID="" RelatedActivityID=""></Correlation>
<Execution ProcessID="1444" ThreadID="1564"></Execution>
<Channel>Microsoft-Windows-AppReadiness/Admin</Channel>
<Computer>WIN-PTFPHFCRDJ0</Computer>
<Security UserID="S-1-5-18"></Security>
</System>
<EventData><Data Name="User">S-1-5-21-1152959844-3645458174-3779170896-1000</Data>
<Data Name="TaskId">PreviewTiles</Data>
<Data Name="TaskCount">27</Data>
</EventData>
</Event>

<Event xmlns="http://schemas.microsoft.com/win/2004/08/events/event"><System><Provider Name="Microsoft-Windows-AppReadiness" Guid="{f0be35f8-237b-4814-86b5-ade51192e503}"></Provider>
<EventID Qualifiers="">220</EventID>
<Version>0</Version>
<Level>4</Level>
<Task>1</Task>
<Opcode>0</Opcode>
<Keywords>0x8000000000000002</Keywords>
<TimeCreated SystemTime="2020-10-22 20:52:30.302450"></TimeCreated>
<EventRecordID>46</EventRecordID>
<Correlation ActivityID="" RelatedActivityID=""></Correlation>
<Execution ProcessID="1444" ThreadID="1564"></Execution>
<Channel>Microsoft-Windows-AppReadiness/Admin</Channel>
<Computer>WIN-PTFPHFCRDJ0</Computer>
<Security UserID="S-1-5-18"></Security>
</System>
<EventData><Data Name="Username">S-1-5-21-1152959844-3645458174-3779170896-1000</Data>
<Data Name="Task">PreviewTiles</Data>
<Data Name="Elapsed">0.0780711</Data>
</EventData>
</Event>

<Event xmlns="http://schemas.microsoft.com/win/2004/08/events/event"><System><Provider Name="Microsoft-Windows-AppReadiness" Guid="{f0be35f8-237b-4814-86b5-ade51192e503}"></Provider>
<EventID Qualifiers="">241</EventID>
<Version>0</Version>
<Level>4</Level>
<Task>1</Task>
<Opcode>0</Opcode>
<Keywords>0x8000000000000004</Keywords>
<TimeCreated SystemTime="2020-10-22 20:52:30.665539"></TimeCreated>
<EventRecordID>47</EventRecordID>
<Correlation ActivityID="" RelatedActivityID=""></Correlation>
<Execution ProcessID="1444" ThreadID="1564"></Execution>
<Channel>Microsoft-Windows-AppReadiness/Admin</Channel>
<Computer>WIN-PTFPHFCRDJ0</Computer>
<Security UserID="S-1-5-18"></Security>
</System>
<EventData><Data Name="User">S-1-5-21-1152959844-3645458174-3779170896-1000</Data>
<Data Name="TaskId">install::windows.immersivecontrolpanel_cw5n1h2txyewy</Data>
<Data Name="TaskCount">26</Data>
</EventData>
</Event>

<Event xmlns="http://schemas.microsoft.com/win/2004/08/events/event"><System><Provider Name="Microsoft-Windows-AppReadiness" Guid="{f0be35f8-237b-4814-86b5-ade51192e503}"></Provider>
<EventID Qualifiers="">213</EventID>
<Version>0</Version>
<Level>4</Level>
<Task>1</Task>
<Opcode>0</Opcode>
<Keywords>0x8000000000000002</Keywords>
<TimeCreated SystemTime="2020-10-22 20:52:30.665541"></TimeCreated>
<EventRecordID>48</EventRecordID>
<Correlation ActivityID="" RelatedActivityID=""></Correlation>
<Execution ProcessID="1444" ThreadID="1564"></Execution>
<Channel>Microsoft-Windows-AppReadiness/Admin</Channel>
<Computer>WIN-PTFPHFCRDJ0</Computer>
<Security UserID="S-1-5-18"></Security>
</System>
<EventData><Data Name="Username">S-1-5-21-1152959844-3645458174-3779170896-1000</Data>
<Data Name="Package">windows.immersivecontrolpanel_cw5n1h2txyewy</Data>
<Data Name="Operation">1</Data>
<Data Name="Elapsed">0.3589788</Data>
</EventData>
</Event>

<Event xmlns="http://schemas.microsoft.com/win/2004/08/events/event"><System><Provider Name="Microsoft-Windows-AppReadiness" Guid="{f0be35f8-237b-4814-86b5-ade51192e503}"></Provider>
<EventID Qualifiers="">241</EventID>
<Version>0</Version>
<Level>4</Level>
<Task>1</Task>
<Opcode>0</Opcode>
<Keywords>0x8000000000000004</Keywords>
<TimeCreated SystemTime="2020-10-22 20:52:30.766102"></TimeCreated>
<EventRecordID>49</EventRecordID>
<Correlation ActivityID="" RelatedActivityID=""></Correlation>
<Execution ProcessID="1444" ThreadID="1564"></Execution>
<Channel>Microsoft-Windows-AppReadiness/Admin</Channel>
<Computer>WIN-PTFPHFCRDJ0</Computer>
<Security UserID="S-1-5-18"></Security>
</System>
<EventData><Data Name="User">S-1-5-21-1152959844-3645458174-3779170896-1000</Data>
<Data Name="TaskId">install::Microsoft.Windows.ShellExperienceHost_cw5n1h2txyewy</Data>
<Data Name="TaskCount">25</Data>
</EventData>
</Event>

<Event xmlns="http://schemas.microsoft.com/win/2004/08/events/event"><System><Provider Name="Microsoft-Windows-AppReadiness" Guid="{f0be35f8-237b-4814-86b5-ade51192e503}"></Provider>
<EventID Qualifiers="">213</EventID>
<Version>0</Version>
<Level>4</Level>
<Task>1</Task>
<Opcode>0</Opcode>
<Keywords>0x8000000000000002</Keywords>
<TimeCreated SystemTime="2020-10-22 20:52:30.766104"></TimeCreated>
<EventRecordID>50</EventRecordID>
<Correlation ActivityID="" RelatedActivityID=""></Correlation>
<Execution ProcessID="1444" ThreadID="1564"></Execution>
<Channel>Microsoft-Windows-AppReadiness/Admin</Channel>
<Computer>WIN-PTFPHFCRDJ0</Computer>
<Security UserID="S-1-5-18"></Security>
</System>
<EventData><Data Name="Username">S-1-5-21-1152959844-3645458174-3779170896-1000</Data>
<Data Name="Package">Microsoft.Windows.ShellExperienceHost_cw5n1h2txyewy</Data>
<Data Name="Operation">1</Data>
<Data Name="Elapsed">0.5305762</Data>
</EventData>
</Event>

<Event xmlns="http://schemas.microsoft.com/win/2004/08/events/event"><System><Provider Name="Microsoft-Windows-AppReadiness" Guid="{f0be35f8-237b-4814-86b5-ade51192e503}"></Provider>
<EventID Qualifiers="">241</EventID>
<Version>0</Version>
<Level>4</Level>
<Task>1</Task>
<Opcode>0</Opcode>
<Keywords>0x8000000000000004</Keywords>
<TimeCreated SystemTime="2020-10-22 20:52:31.064671"></TimeCreated>
<EventRecordID>51</EventRecordID>
<Correlation ActivityID="" RelatedActivityID=""></Correlation>
<Execution ProcessID="1444" ThreadID="1564"></Execution>
<Channel>Microsoft-Windows-AppReadiness/Admin</Channel>
<Computer>WIN-PTFPHFCRDJ0</Computer>
<Security UserID="S-1-5-18"></Security>
</System>
<EventData><Data Name="User">S-1-5-21-1152959844-3645458174-3779170896-1000</Data>
<Data Name="TaskId">install::Microsoft.Windows.Cortana_cw5n1h2txyewy</Data>
<Data Name="TaskCount">24</Data>
</EventData>
</Event>

<Event xmlns="http://schemas.microsoft.com/win/2004/08/events/event"><System><Provider Name="Microsoft-Windows-AppReadiness" Guid="{f0be35f8-237b-4814-86b5-ade51192e503}"></Provider>
<EventID Qualifiers="">241</EventID>
<Version>0</Version>
<Level>4</Level>
<Task>1</Task>
<Opcode>0</Opcode>
<Keywords>0x8000000000000004</Keywords>
<TimeCreated SystemTime="2020-10-22 20:52:31.064674"></TimeCreated>
<EventRecordID>52</EventRecordID>
<Correlation ActivityID="" RelatedActivityID=""></Correlation>
<Execution ProcessID="1444" ThreadID="1564"></Execution>
<Channel>Microsoft-Windows-AppReadiness/Admin</Channel>
<Computer>WIN-PTFPHFCRDJ0</Computer>
<Security UserID="S-1-5-18"></Security>
</System>
<EventData><Data Name="User">S-1-5-21-1152959844-3645458174-3779170896-1000</Data>
<Data Name="TaskId">ART:UserLogon</Data>
<Data Name="TaskCount">23</Data>
</EventData>
</Event>

<Event xmlns="http://schemas.microsoft.com/win/2004/08/events/event"><System><Provider Name="Microsoft-Windows-AppReadiness" Guid="{f0be35f8-237b-4814-86b5-ade51192e503}"></Provider>
<EventID Qualifiers="">213</EventID>
<Version>0</Version>
<Level>4</Level>
<Task>1</Task>
<Opcode>0</Opcode>
<Keywords>0x8000000000000002</Keywords>
<TimeCreated SystemTime="2020-10-22 20:52:31.064674"></TimeCreated>
<EventRecordID>53</EventRecordID>
<Correlation ActivityID="" RelatedActivityID=""></Correlation>
<Execution ProcessID="1444" ThreadID="1564"></Execution>
<Channel>Microsoft-Windows-AppReadiness/Admin</Channel>
<Computer>WIN-PTFPHFCRDJ0</Computer>
<Security UserID="S-1-5-18"></Security>
</System>
<EventData><Data Name="Username">S-1-5-21-1152959844-3645458174-3779170896-1000</Data>
<Data Name="Package">Microsoft.Windows.Cortana_cw5n1h2txyewy</Data>
<Data Name="Operation">1</Data>
<Data Name="Elapsed">0.3899613</Data>
</EventData>
</Event>

<Event xmlns="http://schemas.microsoft.com/win/2004/08/events/event"><System><Provider Name="Microsoft-Windows-AppReadiness" Guid="{f0be35f8-237b-4814-86b5-ade51192e503}"></Provider>
<EventID Qualifiers="">220</EventID>
<Version>0</Version>
<Level>4</Level>
<Task>1</Task>
<Opcode>0</Opcode>
<Keywords>0x8000000000000002</Keywords>
<TimeCreated SystemTime="2020-10-22 20:52:31.064676"></TimeCreated>
<EventRecordID>54</EventRecordID>
<Correlation ActivityID="" RelatedActivityID=""></Correlation>
<Execution ProcessID="1444" ThreadID="1564"></Execution>
<Channel>Microsoft-Windows-AppReadiness/Admin</Channel>
<Computer>WIN-PTFPHFCRDJ0</Computer>
<Security UserID="S-1-5-18"></Security>
</System>
<EventData><Data Name="Username">S-1-5-21-1152959844-3645458174-3779170896-1000</Data>
<Data Name="Task">ART:UserLogon</Data>
<Data Name="Elapsed">0.8270112</Data>
</EventData>
</Event>

<Event xmlns="http://schemas.microsoft.com/win/2004/08/events/event"><System><Provider Name="Microsoft-Windows-AppReadiness" Guid="{f0be35f8-237b-4814-86b5-ade51192e503}"></Provider>
<EventID Qualifiers="">240</EventID>
<Version>0</Version>
<Level>4</Level>
<Task>1</Task>
<Opcode>0</Opcode>
<Keywords>0x8000000000000004</Keywords>
<TimeCreated SystemTime="2020-10-22 20:52:34.264637"></TimeCreated>
<EventRecordID>55</EventRecordID>
<Correlation ActivityID="" RelatedActivityID=""></Correlation>
<Execution ProcessID="1444" ThreadID="1584"></Execution>
<Channel>Microsoft-Windows-AppReadiness/Admin</Channel>
<Computer>WIN-PTFPHFCRDJ0</Computer>
<Security UserID="S-1-5-18"></Security>
</System>
<EventData><Data Name="User">S-1-5-21-1152959844-3645458174-3779170896-1000</Data>
<Data Name="TaskId">ART:UserFirstLogon</Data>
<Data Name="TaskCount">24</Data>
</EventData>
</Event>

