<Event xmlns="http://schemas.microsoft.com/win/2004/08/events/event"><System><Provider Name="Microsoft-Windows-ServerManager-ManagementProvider" Guid="{c2e6d0d9-5df8-4c77-a82b-c96c84579543}"></Provider>
<EventID Qualifiers="">42</EventID>
<Version>0</Version>
<Level>4</Level>
<Task>13</Task>
<Opcode>0</Opcode>
<Keywords>0x8000000000000000</Keywords>
<TimeCreated SystemTime="2020-10-23 18:54:39.186338"></TimeCreated>
<EventRecordID>56</EventRecordID>
<Correlation ActivityID="{f891f426-4d62-4678-abbe-f394527f0294}" RelatedActivityID=""></Correlation>
<Execution ProcessID="3260" ThreadID="1196"></Execution>
<Channel>Microsoft-Windows-ServerManager-MgmtProvider/Operational</Channel>
<Computer>WIN-PTFPHFCRDJ0</Computer>
<Security UserID="S-1-5-21-1152959844-3645458174-3779170896-1000"></Security>
</System>
<EventData></EventData>
</Event>

<Event xmlns="http://schemas.microsoft.com/win/2004/08/events/event"><System><Provider Name="Microsoft-Windows-ServerManager-ManagementProvider" Guid="{c2e6d0d9-5df8-4c77-a82b-c96c84579543}"></Provider>
<EventID Qualifiers="">2</EventID>
<Version>0</Version>
<Level>4</Level>
<Task>1</Task>
<Opcode>2</Opcode>
<Keywords>0x8000000000000000</Keywords>
<TimeCreated SystemTime="2020-10-23 18:55:37.102217"></TimeCreated>
<EventRecordID>57</EventRecordID>
<Correlation ActivityID="" RelatedActivityID=""></Correlation>
<Execution ProcessID="3260" ThreadID="1196"></Execution>
<Channel>Microsoft-Windows-ServerManager-MgmtProvider/Operational</Channel>
<Computer>WIN-PTFPHFCRDJ0</Computer>
<Security UserID="S-1-5-20"></Security>
</System>
<EventData></EventData>
</Event>

<Event xmlns="http://schemas.microsoft.com/win/2004/08/events/event"><System><Provider Name="Microsoft-Windows-ServerManager-ManagementProvider" Guid="{c2e6d0d9-5df8-4c77-a82b-c96c84579543}"></Provider>
<EventID Qualifiers="">1</EventID>
<Version>0</Version>
<Level>4</Level>
<Task>1</Task>
<Opcode>1</Opcode>
<Keywords>0x8000000000000000</Keywords>
<TimeCreated SystemTime="2020-10-24 21:57:40.999838"></TimeCreated>
<EventRecordID>58</EventRecordID>
<Correlation ActivityID="" RelatedActivityID=""></Correlation>
<Execution ProcessID="612" ThreadID="2808"></Execution>
<Channel>Microsoft-Windows-ServerManager-MgmtProvider/Operational</Channel>
<Computer>WIN-PTFPHFCRDJ0</Computer>
<Security UserID="S-1-5-20"></Security>
</System>
<EventData></EventData>
</Event>

<Event xmlns="http://schemas.microsoft.com/win/2004/08/events/event"><System><Provider Name="Microsoft-Windows-ServerManager-ManagementProvider" Guid="{c2e6d0d9-5df8-4c77-a82b-c96c84579543}"></Provider>
<EventID Qualifiers="">41</EventID>
<Version>0</Version>
<Level>4</Level>
<Task>13</Task>
<Opcode>0</Opcode>
<Keywords>0x8000000000000000</Keywords>
<TimeCreated SystemTime="2020-10-24 21:57:41.006582"></TimeCreated>
<EventRecordID>59</EventRecordID>
<Correlation ActivityID="{0edd4468-2788-40f6-86b7-83e476fe83c4}" RelatedActivityID=""></Correlation>
<Execution ProcessID="612" ThreadID="2808"></Execution>
<Channel>Microsoft-Windows-ServerManager-MgmtProvider/Operational</Channel>
<Computer>WIN-PTFPHFCRDJ0</Computer>
<Security UserID="S-1-5-21-1152959844-3645458174-3779170896-1000"></Security>
</System>
<EventData></EventData>
</Event>

<Event xmlns="http://schemas.microsoft.com/win/2004/08/events/event"><System><Provider Name="Microsoft-Windows-ServerManager-ManagementProvider" Guid="{c2e6d0d9-5df8-4c77-a82b-c96c84579543}"></Provider>
<EventID Qualifiers="">45</EventID>
<Version>0</Version>
<Level>3</Level>
<Task>13</Task>
<Opcode>0</Opcode>
<Keywords>0x8000000000000000</Keywords>
<TimeCreated SystemTime="2020-10-24 21:57:59.233545"></TimeCreated>
<EventRecordID>60</EventRecordID>
<Correlation ActivityID="{0edd4468-2788-40f6-86b7-83e476fe83c4}" RelatedActivityID=""></Correlation>
<Execution ProcessID="612" ThreadID="2808"></Execution>
<Channel>Microsoft-Windows-ServerManager-MgmtProvider/Operational</Channel>
<Computer>WIN-PTFPHFCRDJ0</Computer>
<Security UserID="S-1-5-21-1152959844-3645458174-3779170896-1000"></Security>
</System>
<EventData><Data Name="Name">Microsoft-Windows-SPB-HIDI2C/Analytic</Data>
<Data Name="hResult">0x8007065b</Data>
<Data Name="hLastError">0x80070002</Data>
</EventData>
</Event>

<Event xmlns="http://schemas.microsoft.com/win/2004/08/events/event"><System><Provider Name="Microsoft-Windows-ServerManager-ManagementProvider" Guid="{c2e6d0d9-5df8-4c77-a82b-c96c84579543}"></Provider>
<EventID Qualifiers="">45</EventID>
<Version>0</Version>
<Level>3</Level>
<Task>13</Task>
<Opcode>0</Opcode>
<Keywords>0x8000000000000000</Keywords>
<TimeCreated SystemTime="2020-10-24 21:57:59.882076"></TimeCreated>
<EventRecordID>61</EventRecordID>
<Correlation ActivityID="{0edd4468-2788-40f6-86b7-83e476fe83c4}" RelatedActivityID=""></Correlation>
<Execution ProcessID="612" ThreadID="2808"></Execution>
<Channel>Microsoft-Windows-ServerManager-MgmtProvider/Operational</Channel>
<Computer>WIN-PTFPHFCRDJ0</Computer>
<Security UserID="S-1-5-21-1152959844-3645458174-3779170896-1000"></Security>
</System>
<EventData><Data Name="Name">Microsoft-Windows-SystemSettingsThreshold/Debug</Data>
<Data Name="hResult">0x8007065b</Data>
<Data Name="hLastError">0x80070002</Data>
</EventData>
</Event>

<Event xmlns="http://schemas.microsoft.com/win/2004/08/events/event"><System><Provider Name="Microsoft-Windows-ServerManager-ManagementProvider" Guid="{c2e6d0d9-5df8-4c77-a82b-c96c84579543}"></Provider>
<EventID Qualifiers="">45</EventID>
<Version>0</Version>
<Level>3</Level>
<Task>13</Task>
<Opcode>0</Opcode>
<Keywords>0x8000000000000000</Keywords>
<TimeCreated SystemTime="2020-10-24 21:57:59.882692"></TimeCreated>
<EventRecordID>62</EventRecordID>
<Correlation ActivityID="{0edd4468-2788-40f6-86b7-83e476fe83c4}" RelatedActivityID=""></Correlation>
<Execution ProcessID="612" ThreadID="2808"></Execution>
<Channel>Microsoft-Windows-ServerManager-MgmtProvider/Operational</Channel>
<Computer>WIN-PTFPHFCRDJ0</Computer>
<Security UserID="S-1-5-21-1152959844-3645458174-3779170896-1000"></Security>
</System>
<EventData><Data Name="Name">Microsoft-Windows-SystemSettingsThreshold/Diagnostic</Data>
<Data Name="hResult">0x8007065b</Data>
<Data Name="hLastError">0x80070002</Data>
</EventData>
</Event>

<Event xmlns="http://schemas.microsoft.com/win/2004/08/events/event"><System><Provider Name="Microsoft-Windows-ServerManager-ManagementProvider" Guid="{c2e6d0d9-5df8-4c77-a82b-c96c84579543}"></Provider>
<EventID Qualifiers="">45</EventID>
<Version>0</Version>
<Level>3</Level>
<Task>13</Task>
<Opcode>0</Opcode>
<Keywords>0x8000000000000000</Keywords>
<TimeCreated SystemTime="2020-10-24 21:57:59.883272"></TimeCreated>
<EventRecordID>63</EventRecordID>
<Correlation ActivityID="{0edd4468-2788-40f6-86b7-83e476fe83c4}" RelatedActivityID=""></Correlation>
<Execution ProcessID="612" ThreadID="2808"></Execution>
<Channel>Microsoft-Windows-ServerManager-MgmtProvider/Operational</Channel>
<Computer>WIN-PTFPHFCRDJ0</Computer>
<Security UserID="S-1-5-21-1152959844-3645458174-3779170896-1000"></Security>
</System>
<EventData><Data Name="Name">Microsoft-Windows-SystemSettingsThreshold/Operational</Data>
<Data Name="hResult">0x8007065b</Data>
<Data Name="hLastError">0x80070002</Data>
</EventData>
</Event>

<Event xmlns="http://schemas.microsoft.com/win/2004/08/events/event"><System><Provider Name="Microsoft-Windows-ServerManager-ManagementProvider" Guid="{c2e6d0d9-5df8-4c77-a82b-c96c84579543}"></Provider>
<EventID Qualifiers="">45</EventID>
<Version>0</Version>
<Level>3</Level>
<Task>13</Task>
<Opcode>0</Opcode>
<Keywords>0x8000000000000000</Keywords>
<TimeCreated SystemTime="2020-10-24 21:58:02.351091"></TimeCreated>
<EventRecordID>64</EventRecordID>
<Correlation ActivityID="{0edd4468-2788-40f6-86b7-83e476fe83c4}" RelatedActivityID=""></Correlation>
<Execution ProcessID="612" ThreadID="2808"></Execution>
<Channel>Microsoft-Windows-ServerManager-MgmtProvider/Operational</Channel>
<Computer>WIN-PTFPHFCRDJ0</Computer>
<Security UserID="S-1-5-21-1152959844-3645458174-3779170896-1000"></Security>
</System>
<EventData><Data Name="Name">NIS-Driver-WFP/Diagnostic</Data>
<Data Name="hResult">0x8007065b</Data>
<Data Name="hLastError">0x80070715</Data>
</EventData>
</Event>

<Event xmlns="http://schemas.microsoft.com/win/2004/08/events/event"><System><Provider Name="Microsoft-Windows-ServerManager-ManagementProvider" Guid="{c2e6d0d9-5df8-4c77-a82b-c96c84579543}"></Provider>
<EventID Qualifiers="">42</EventID>
<Version>0</Version>
<Level>4</Level>
<Task>13</Task>
<Opcode>0</Opcode>
<Keywords>0x8000000000000000</Keywords>
<TimeCreated SystemTime="2020-10-24 21:58:03.352392"></TimeCreated>
<EventRecordID>65</EventRecordID>
<Correlation ActivityID="{0edd4468-2788-40f6-86b7-83e476fe83c4}" RelatedActivityID=""></Correlation>
<Execution ProcessID="612" ThreadID="2808"></Execution>
<Channel>Microsoft-Windows-ServerManager-MgmtProvider/Operational</Channel>
<Computer>WIN-PTFPHFCRDJ0</Computer>
<Security UserID="S-1-5-21-1152959844-3645458174-3779170896-1000"></Security>
</System>
<EventData></EventData>
</Event>

<Event xmlns="http://schemas.microsoft.com/win/2004/08/events/event"><System><Provider Name="Microsoft-Windows-ServerManager-ManagementProvider" Guid="{c2e6d0d9-5df8-4c77-a82b-c96c84579543}"></Provider>
<EventID Qualifiers="">47</EventID>
<Version>0</Version>
<Level>4</Level>
<Task>14</Task>
<Opcode>0</Opcode>
<Keywords>0x8000000000000000</Keywords>
<TimeCreated SystemTime="2020-10-24 21:58:03.394024"></TimeCreated>
<EventRecordID>66</EventRecordID>
<Correlation ActivityID="{77a78747-0f4b-4aa6-a20f-3f65997410c0}" RelatedActivityID=""></Correlation>
<Execution ProcessID="612" ThreadID="2808"></Execution>
<Channel>Microsoft-Windows-ServerManager-MgmtProvider/Operational</Channel>
<Computer>WIN-PTFPHFCRDJ0</Computer>
<Security UserID="S-1-5-21-1152959844-3645458174-3779170896-1000"></Security>
</System>
<EventData><Data Name="uValue">2</Data>
</EventData>
</Event>

<Event xmlns="http://schemas.microsoft.com/win/2004/08/events/event"><System><Provider Name="Microsoft-Windows-ServerManager-ManagementProvider" Guid="{c2e6d0d9-5df8-4c77-a82b-c96c84579543}"></Provider>
<EventID Qualifiers="">69</EventID>
<Version>0</Version>
<Level>4</Level>
<Task>18</Task>
<Opcode>0</Opcode>
<Keywords>0x8000000000000000</Keywords>
<TimeCreated SystemTime="2020-10-24 21:58:03.395615"></TimeCreated>
<EventRecordID>67</EventRecordID>
<Correlation ActivityID="{ddd014b8-f80e-4814-8693-e9a7f7bf8f29}" RelatedActivityID=""></Correlation>
<Execution ProcessID="612" ThreadID="2804"></Execution>
<Channel>Microsoft-Windows-ServerManager-MgmtProvider/Operational</Channel>
<Computer>WIN-PTFPHFCRDJ0</Computer>
<Security UserID="S-1-5-21-1152959844-3645458174-3779170896-1000"></Security>
</System>
<EventData><Data Name="uValue">0</Data>
</EventData>
</Event>

<Event xmlns="http://schemas.microsoft.com/win/2004/08/events/event"><System><Provider Name="Microsoft-Windows-ServerManager-ManagementProvider" Guid="{c2e6d0d9-5df8-4c77-a82b-c96c84579543}"></Provider>
<EventID Qualifiers="">14</EventID>
<Version>0</Version>
<Level>4</Level>
<Task>6</Task>
<Opcode>1</Opcode>
<Keywords>0x8000000000000000</Keywords>
<TimeCreated SystemTime="2020-10-24 21:58:03.395943"></TimeCreated>
<EventRecordID>68</EventRecordID>
<Correlation ActivityID="{6dcf3f29-d4de-410c-98a3-beeca0067150}" RelatedActivityID=""></Correlation>
<Execution ProcessID="612" ThreadID="3460"></Execution>
<Channel>Microsoft-Windows-ServerManager-MgmtProvider/Operational</Channel>
<Computer>WIN-PTFPHFCRDJ0</Computer>
<Security UserID="S-1-5-21-1152959844-3645458174-3779170896-1000"></Security>
</System>
<EventData></EventData>
</Event>

<Event xmlns="http://schemas.microsoft.com/win/2004/08/events/event"><System><Provider Name="Microsoft-Windows-ServerManager-ManagementProvider" Guid="{c2e6d0d9-5df8-4c77-a82b-c96c84579543}"></Provider>
<EventID Qualifiers="">48</EventID>
<Version>0</Version>
<Level>4</Level>
<Task>14</Task>
<Opcode>0</Opcode>
<Keywords>0x8000000000000000</Keywords>
<TimeCreated SystemTime="2020-10-24 21:58:03.672447"></TimeCreated>
<EventRecordID>69</EventRecordID>
<Correlation ActivityID="{77a78747-0f4b-4aa6-a20f-3f65997410c0}" RelatedActivityID=""></Correlation>
<Execution ProcessID="612" ThreadID="2808"></Execution>
<Channel>Microsoft-Windows-ServerManager-MgmtProvider/Operational</Channel>
<Computer>WIN-PTFPHFCRDJ0</Computer>
<Security UserID="S-1-5-21-1152959844-3645458174-3779170896-1000"></Security>
</System>
<EventData><Data Name="uValue">13</Data>
</EventData>
</Event>

<Event xmlns="http://schemas.microsoft.com/win/2004/08/events/event"><System><Provider Name="Microsoft-Windows-ServerManager-ManagementProvider" Guid="{c2e6d0d9-5df8-4c77-a82b-c96c84579543}"></Provider>
<EventID Qualifiers="">52</EventID>
<Version>0</Version>
<Level>4</Level>
<Task>15</Task>
<Opcode>0</Opcode>
<Keywords>0x8000000000000000</Keywords>
<TimeCreated SystemTime="2020-10-24 21:58:04.755651"></TimeCreated>
<EventRecordID>70</EventRecordID>
<Correlation ActivityID="{0037f306-2554-4df9-a620-22875c6d82fa}" RelatedActivityID=""></Correlation>
<Execution ProcessID="612" ThreadID="2808"></Execution>
<Channel>Microsoft-Windows-ServerManager-MgmtProvider/Operational</Channel>
<Computer>WIN-PTFPHFCRDJ0</Computer>
<Security UserID="S-1-5-21-1152959844-3645458174-3779170896-1000"></Security>
</System>
<EventData><Data Name="uValue">4</Data>
</EventData>
</Event>

<Event xmlns="http://schemas.microsoft.com/win/2004/08/events/event"><System><Provider Name="Microsoft-Windows-ServerManager-ManagementProvider" Guid="{c2e6d0d9-5df8-4c77-a82b-c96c84579543}"></Provider>
<EventID Qualifiers="">70</EventID>
<Version>0</Version>
<Level>4</Level>
<Task>18</Task>
<Opcode>0</Opcode>
<Keywords>0x8000000000000000</Keywords>
<TimeCreated SystemTime="2020-10-24 21:58:04.762274"></TimeCreated>
<EventRecordID>71</EventRecordID>
<Correlation ActivityID="{ddd014b8-f80e-4814-8693-e9a7f7bf8f29}" RelatedActivityID=""></Correlation>
<Execution ProcessID="612" ThreadID="2804"></Execution>
<Channel>Microsoft-Windows-ServerManager-MgmtProvider/Operational</Channel>
<Computer>WIN-PTFPHFCRDJ0</Computer>
<Security UserID="S-1-5-21-1152959844-3645458174-3779170896-1000"></Security>
</System>
<EventData><Data Name="uValue">0</Data>
</EventData>
</Event>

<Event xmlns="http://schemas.microsoft.com/win/2004/08/events/event"><System><Provider Name="Microsoft-Windows-ServerManager-ManagementProvider" Guid="{c2e6d0d9-5df8-4c77-a82b-c96c84579543}"></Provider>
<EventID Qualifiers="">15</EventID>
<Version>0</Version>
<Level>4</Level>
<Task>6</Task>
<Opcode>2</Opcode>
<Keywords>0x8000000000000000</Keywords>
<TimeCreated SystemTime="2020-10-24 21:58:05.007595"></TimeCreated>
<EventRecordID>72</EventRecordID>
<Correlation ActivityID="{6dcf3f29-d4de-410c-98a3-beeca0067150}" RelatedActivityID=""></Correlation>
<Execution ProcessID="612" ThreadID="3460"></Execution>
<Channel>Microsoft-Windows-ServerManager-MgmtProvider/Operational</Channel>
<Computer>WIN-PTFPHFCRDJ0</Computer>
<Security UserID="S-1-5-21-1152959844-3645458174-3779170896-1000"></Security>
</System>
<EventData></EventData>
</Event>

<Event xmlns="http://schemas.microsoft.com/win/2004/08/events/event"><System><Provider Name="Microsoft-Windows-ServerManager-ManagementProvider" Guid="{c2e6d0d9-5df8-4c77-a82b-c96c84579543}"></Provider>
<EventID Qualifiers="">53</EventID>
<Version>0</Version>
<Level>4</Level>
<Task>15</Task>
<Opcode>0</Opcode>
<Keywords>0x8000000000000000</Keywords>
<TimeCreated SystemTime="2020-10-24 21:58:05.226305"></TimeCreated>
<EventRecordID>73</EventRecordID>
<Correlation ActivityID="{0037f306-2554-4df9-a620-22875c6d82fa}" RelatedActivityID=""></Correlation>
<Execution ProcessID="612" ThreadID="2808"></Execution>
<Channel>Microsoft-Windows-ServerManager-MgmtProvider/Operational</Channel>
<Computer>WIN-PTFPHFCRDJ0</Computer>
<Security UserID="S-1-5-21-1152959844-3645458174-3779170896-1000"></Security>
</System>
<EventData><Data Name="uValue">3</Data>
</EventData>
</Event>

<Event xmlns="http://schemas.microsoft.com/win/2004/08/events/event"><System><Provider Name="Microsoft-Windows-ServerManager-ManagementProvider" Guid="{c2e6d0d9-5df8-4c77-a82b-c96c84579543}"></Provider>
<EventID Qualifiers="">62</EventID>
<Version>0</Version>
<Level>4</Level>
<Task>16</Task>
<Opcode>0</Opcode>
<Keywords>0x8000000000000000</Keywords>
<TimeCreated SystemTime="2020-10-24 21:58:05.294752"></TimeCreated>
<EventRecordID>74</EventRecordID>
<Correlation ActivityID="{905b60e6-8ad0-4996-b3d2-94dbd55fbe38}" RelatedActivityID=""></Correlation>
<Execution ProcessID="612" ThreadID="2808"></Execution>
<Channel>Microsoft-Windows-ServerManager-MgmtProvider/Operational</Channel>
<Computer>WIN-PTFPHFCRDJ0</Computer>
<Security UserID="S-1-5-21-1152959844-3645458174-3779170896-1000"></Security>
</System>
<EventData><Data Name="TotalXPaths">4</Data>
</EventData>
</Event>

<Event xmlns="http://schemas.microsoft.com/win/2004/08/events/event"><System><Provider Name="Microsoft-Windows-ServerManager-ManagementProvider" Guid="{c2e6d0d9-5df8-4c77-a82b-c96c84579543}"></Provider>
<EventID Qualifiers="">85</EventID>
<Version>0</Version>
<Level>3</Level>
<Task>16</Task>
<Opcode>0</Opcode>
<Keywords>0x8000000000000000</Keywords>
<TimeCreated SystemTime="2020-10-24 21:58:05.340145"></TimeCreated>
<EventRecordID>75</EventRecordID>
<Correlation ActivityID="{905b60e6-8ad0-4996-b3d2-94dbd55fbe38}" RelatedActivityID=""></Correlation>
<Execution ProcessID="612" ThreadID="2808"></Execution>
<Channel>Microsoft-Windows-ServerManager-MgmtProvider/Operational</Channel>
<Computer>WIN-PTFPHFCRDJ0</Computer>
<Security UserID="S-1-5-21-1152959844-3645458174-3779170896-1000"></Security>
</System>
<EventData><Data Name="XPath">Microsoft/Windows/FileServices:$reports$\$latestreport$\Discovery.xml:$creationtime$</Data>
<Data Name="Error">0x00000002</Data>
<Data Name="LastError">0x00000003</Data>
</EventData>
</Event>

<Event xmlns="http://schemas.microsoft.com/win/2004/08/events/event"><System><Provider Name="Microsoft-Windows-ServerManager-ManagementProvider" Guid="{c2e6d0d9-5df8-4c77-a82b-c96c84579543}"></Provider>
<EventID Qualifiers="">85</EventID>
<Version>0</Version>
<Level>3</Level>
<Task>16</Task>
<Opcode>0</Opcode>
<Keywords>0x8000000000000000</Keywords>
<TimeCreated SystemTime="2020-10-24 21:58:05.485182"></TimeCreated>
<EventRecordID>76</EventRecordID>
<Correlation ActivityID="{905b60e6-8ad0-4996-b3d2-94dbd55fbe38}" RelatedActivityID=""></Correlation>
<Execution ProcessID="612" ThreadID="2808"></Execution>
<Channel>Microsoft-Windows-ServerManager-MgmtProvider/Operational</Channel>
<Computer>WIN-PTFPHFCRDJ0</Computer>
<Security UserID="S-1-5-21-1152959844-3645458174-3779170896-1000"></Security>
</System>
<EventData><Data Name="XPath">Microsoft/Windows/FileServices:$reports$\*\Result.xml:/ResultDatabase/Result</Data>
<Data Name="Error">0x0000001f</Data>
<Data Name="LastError">0x00000003</Data>
</EventData>
</Event>

<Event xmlns="http://schemas.microsoft.com/win/2004/08/events/event"><System><Provider Name="Microsoft-Windows-ServerManager-ManagementProvider" Guid="{c2e6d0d9-5df8-4c77-a82b-c96c84579543}"></Provider>
<EventID Qualifiers="">63</EventID>
<Version>0</Version>
<Level>4</Level>
<Task>16</Task>
<Opcode>0</Opcode>
<Keywords>0x8000000000000000</Keywords>
<TimeCreated SystemTime="2020-10-24 21:58:05.487656"></TimeCreated>
<EventRecordID>77</EventRecordID>
<Correlation ActivityID="{905b60e6-8ad0-4996-b3d2-94dbd55fbe38}" RelatedActivityID=""></Correlation>
<Execution ProcessID="612" ThreadID="2808"></Execution>
<Channel>Microsoft-Windows-ServerManager-MgmtProvider/Operational</Channel>
<Computer>WIN-PTFPHFCRDJ0</Computer>
<Security UserID="S-1-5-21-1152959844-3645458174-3779170896-1000"></Security>
</System>
<EventData><Data Name="ResultsReturned">4</Data>
</EventData>
</Event>

<Event xmlns="http://schemas.microsoft.com/win/2004/08/events/event"><System><Provider Name="Microsoft-Windows-ServerManager-ManagementProvider" Guid="{c2e6d0d9-5df8-4c77-a82b-c96c84579543}"></Provider>
<EventID Qualifiers="">2</EventID>
<Version>0</Version>
<Level>4</Level>
<Task>1</Task>
<Opcode>2</Opcode>
<Keywords>0x8000000000000000</Keywords>
<TimeCreated SystemTime="2020-10-24 21:58:42.417189"></TimeCreated>
<EventRecordID>78</EventRecordID>
<Correlation ActivityID="" RelatedActivityID=""></Correlation>
<Execution ProcessID="612" ThreadID="2808"></Execution>
<Channel>Microsoft-Windows-ServerManager-MgmtProvider/Operational</Channel>
<Computer>WIN-PTFPHFCRDJ0</Computer>
<Security UserID="S-1-5-20"></Security>
</System>
<EventData></EventData>
</Event>

<Event xmlns="http://schemas.microsoft.com/win/2004/08/events/event"><System><Provider Name="Microsoft-Windows-ServerManager-ManagementProvider" Guid="{c2e6d0d9-5df8-4c77-a82b-c96c84579543}"></Provider>
<EventID Qualifiers="">1</EventID>
<Version>0</Version>
<Level>4</Level>
<Task>1</Task>
<Opcode>1</Opcode>
<Keywords>0x8000000000000000</Keywords>
<TimeCreated SystemTime="2020-10-24 22:26:11.046221"></TimeCreated>
<EventRecordID>79</EventRecordID>
<Correlation ActivityID="" RelatedActivityID=""></Correlation>
<Execution ProcessID="3596" ThreadID="3684"></Execution>
<Channel>Microsoft-Windows-ServerManager-MgmtProvider/Operational</Channel>
<Computer>WIN-PTFPHFCRDJ0</Computer>
<Security UserID="S-1-5-20"></Security>
</System>
<EventData></EventData>
</Event>

<Event xmlns="http://schemas.microsoft.com/win/2004/08/events/event"><System><Provider Name="Microsoft-Windows-ServerManager-ManagementProvider" Guid="{c2e6d0d9-5df8-4c77-a82b-c96c84579543}"></Provider>
<EventID Qualifiers="">41</EventID>
<Version>0</Version>
<Level>4</Level>
<Task>13</Task>
<Opcode>0</Opcode>
<Keywords>0x8000000000000000</Keywords>
<TimeCreated SystemTime="2020-10-24 22:26:11.078299"></TimeCreated>
<EventRecordID>80</EventRecordID>
<Correlation ActivityID="{6d295dc1-ee96-4bb2-a9bb-1bc8cca9d0cc}" RelatedActivityID=""></Correlation>
<Execution ProcessID="3596" ThreadID="3684"></Execution>
<Channel>Microsoft-Windows-ServerManager-MgmtProvider/Operational</Channel>
<Computer>WIN-PTFPHFCRDJ0</Computer>
<Security UserID="S-1-5-21-1152959844-3645458174-3779170896-1000"></Security>
</System>
<EventData></EventData>
</Event>

<Event xmlns="http://schemas.microsoft.com/win/2004/08/events/event"><System><Provider Name="Microsoft-Windows-ServerManager-ManagementProvider" Guid="{c2e6d0d9-5df8-4c77-a82b-c96c84579543}"></Provider>
<EventID Qualifiers="">45</EventID>
<Version>0</Version>
<Level>3</Level>
<Task>13</Task>
<Opcode>0</Opcode>
<Keywords>0x8000000000000000</Keywords>
<TimeCreated SystemTime="2020-10-24 22:26:24.052452"></TimeCreated>
<EventRecordID>81</EventRecordID>
<Correlation ActivityID="{6d295dc1-ee96-4bb2-a9bb-1bc8cca9d0cc}" RelatedActivityID=""></Correlation>
<Execution ProcessID="3596" ThreadID="3684"></Execution>
<Channel>Microsoft-Windows-ServerManager-MgmtProvider/Operational</Channel>
<Computer>WIN-PTFPHFCRDJ0</Computer>
<Security UserID="S-1-5-21-1152959844-3645458174-3779170896-1000"></Security>
</System>
<EventData><Data Name="Name">Microsoft-Windows-SPB-HIDI2C/Analytic</Data>
<Data Name="hResult">0x8007065b</Data>
<Data Name="hLastError">0x80070002</Data>
</EventData>
</Event>

<Event xmlns="http://schemas.microsoft.com/win/2004/08/events/event"><System><Provider Name="Microsoft-Windows-ServerManager-ManagementProvider" Guid="{c2e6d0d9-5df8-4c77-a82b-c96c84579543}"></Provider>
<EventID Qualifiers="">45</EventID>
<Version>0</Version>
<Level>3</Level>
<Task>13</Task>
<Opcode>0</Opcode>
<Keywords>0x8000000000000000</Keywords>
<TimeCreated SystemTime="2020-10-24 22:26:24.590515"></TimeCreated>
<EventRecordID>82</EventRecordID>
<Correlation ActivityID="{6d295dc1-ee96-4bb2-a9bb-1bc8cca9d0cc}" RelatedActivityID=""></Correlation>
<Execution ProcessID="3596" ThreadID="3684"></Execution>
<Channel>Microsoft-Windows-ServerManager-MgmtProvider/Operational</Channel>
<Computer>WIN-PTFPHFCRDJ0</Computer>
<Security UserID="S-1-5-21-1152959844-3645458174-3779170896-1000"></Security>
</System>
<EventData><Data Name="Name">Microsoft-Windows-SystemSettingsThreshold/Debug</Data>
<Data Name="hResult">0x8007065b</Data>
<Data Name="hLastError">0x80070002</Data>
</EventData>
</Event>

<Event xmlns="http://schemas.microsoft.com/win/2004/08/events/event"><System><Provider Name="Microsoft-Windows-ServerManager-ManagementProvider" Guid="{c2e6d0d9-5df8-4c77-a82b-c96c84579543}"></Provider>
<EventID Qualifiers="">45</EventID>
<Version>0</Version>
<Level>3</Level>
<Task>13</Task>
<Opcode>0</Opcode>
<Keywords>0x8000000000000000</Keywords>
<TimeCreated SystemTime="2020-10-24 22:26:24.591303"></TimeCreated>
<EventRecordID>83</EventRecordID>
<Correlation ActivityID="{6d295dc1-ee96-4bb2-a9bb-1bc8cca9d0cc}" RelatedActivityID=""></Correlation>
<Execution ProcessID="3596" ThreadID="3684"></Execution>
<Channel>Microsoft-Windows-ServerManager-MgmtProvider/Operational</Channel>
<Computer>WIN-PTFPHFCRDJ0</Computer>
<Security UserID="S-1-5-21-1152959844-3645458174-3779170896-1000"></Security>
</System>
<EventData><Data Name="Name">Microsoft-Windows-SystemSettingsThreshold/Diagnostic</Data>
<Data Name="hResult">0x8007065b</Data>
<Data Name="hLastError">0x80070002</Data>
</EventData>
</Event>

<Event xmlns="http://schemas.microsoft.com/win/2004/08/events/event"><System><Provider Name="Microsoft-Windows-ServerManager-ManagementProvider" Guid="{c2e6d0d9-5df8-4c77-a82b-c96c84579543}"></Provider>
<EventID Qualifiers="">45</EventID>
<Version>0</Version>
<Level>3</Level>
<Task>13</Task>
<Opcode>0</Opcode>
<Keywords>0x8000000000000000</Keywords>
<TimeCreated SystemTime="2020-10-24 22:26:24.591988"></TimeCreated>
<EventRecordID>84</EventRecordID>
<Correlation ActivityID="{6d295dc1-ee96-4bb2-a9bb-1bc8cca9d0cc}" RelatedActivityID=""></Correlation>
<Execution ProcessID="3596" ThreadID="3684"></Execution>
<Channel>Microsoft-Windows-ServerManager-MgmtProvider/Operational</Channel>
<Computer>WIN-PTFPHFCRDJ0</Computer>
<Security UserID="S-1-5-21-1152959844-3645458174-3779170896-1000"></Security>
</System>
<EventData><Data Name="Name">Microsoft-Windows-SystemSettingsThreshold/Operational</Data>
<Data Name="hResult">0x8007065b</Data>
<Data Name="hLastError">0x80070002</Data>
</EventData>
</Event>

<Event xmlns="http://schemas.microsoft.com/win/2004/08/events/event"><System><Provider Name="Microsoft-Windows-ServerManager-ManagementProvider" Guid="{c2e6d0d9-5df8-4c77-a82b-c96c84579543}"></Provider>
<EventID Qualifiers="">45</EventID>
<Version>0</Version>
<Level>3</Level>
<Task>13</Task>
<Opcode>0</Opcode>
<Keywords>0x8000000000000000</Keywords>
<TimeCreated SystemTime="2020-10-24 22:26:26.942057"></TimeCreated>
<EventRecordID>85</EventRecordID>
<Correlation ActivityID="{6d295dc1-ee96-4bb2-a9bb-1bc8cca9d0cc}" RelatedActivityID=""></Correlation>
<Execution ProcessID="3596" ThreadID="3684"></Execution>
<Channel>Microsoft-Windows-ServerManager-MgmtProvider/Operational</Channel>
<Computer>WIN-PTFPHFCRDJ0</Computer>
<Security UserID="S-1-5-21-1152959844-3645458174-3779170896-1000"></Security>
</System>
<EventData><Data Name="Name">NIS-Driver-WFP/Diagnostic</Data>
<Data Name="hResult">0x8007065b</Data>
<Data Name="hLastError">0x80070715</Data>
</EventData>
</Event>

<Event xmlns="http://schemas.microsoft.com/win/2004/08/events/event"><System><Provider Name="Microsoft-Windows-ServerManager-ManagementProvider" Guid="{c2e6d0d9-5df8-4c77-a82b-c96c84579543}"></Provider>
<EventID Qualifiers="">42</EventID>
<Version>0</Version>
<Level>4</Level>
<Task>13</Task>
<Opcode>0</Opcode>
<Keywords>0x8000000000000000</Keywords>
<TimeCreated SystemTime="2020-10-24 22:26:27.552109"></TimeCreated>
<EventRecordID>86</EventRecordID>
<Correlation ActivityID="{6d295dc1-ee96-4bb2-a9bb-1bc8cca9d0cc}" RelatedActivityID=""></Correlation>
<Execution ProcessID="3596" ThreadID="3684"></Execution>
<Channel>Microsoft-Windows-ServerManager-MgmtProvider/Operational</Channel>
<Computer>WIN-PTFPHFCRDJ0</Computer>
<Security UserID="S-1-5-21-1152959844-3645458174-3779170896-1000"></Security>
</System>
<EventData></EventData>
</Event>

<Event xmlns="http://schemas.microsoft.com/win/2004/08/events/event"><System><Provider Name="Microsoft-Windows-ServerManager-ManagementProvider" Guid="{c2e6d0d9-5df8-4c77-a82b-c96c84579543}"></Provider>
<EventID Qualifiers="">47</EventID>
<Version>0</Version>
<Level>4</Level>
<Task>14</Task>
<Opcode>0</Opcode>
<Keywords>0x8000000000000000</Keywords>
<TimeCreated SystemTime="2020-10-24 22:26:27.657660"></TimeCreated>
<EventRecordID>87</EventRecordID>
<Correlation ActivityID="{066a88be-a71e-4825-82e4-ac206d8bcbc2}" RelatedActivityID=""></Correlation>
<Execution ProcessID="3596" ThreadID="3684"></Execution>
<Channel>Microsoft-Windows-ServerManager-MgmtProvider/Operational</Channel>
<Computer>WIN-PTFPHFCRDJ0</Computer>
<Security UserID="S-1-5-21-1152959844-3645458174-3779170896-1000"></Security>
</System>
<EventData><Data Name="uValue">2</Data>
</EventData>
</Event>

<Event xmlns="http://schemas.microsoft.com/win/2004/08/events/event"><System><Provider Name="Microsoft-Windows-ServerManager-ManagementProvider" Guid="{c2e6d0d9-5df8-4c77-a82b-c96c84579543}"></Provider>
<EventID Qualifiers="">69</EventID>
<Version>0</Version>
<Level>4</Level>
<Task>18</Task>
<Opcode>0</Opcode>
<Keywords>0x8000000000000000</Keywords>
<TimeCreated SystemTime="2020-10-24 22:26:27.660896"></TimeCreated>
<EventRecordID>88</EventRecordID>
<Correlation ActivityID="{77970691-595d-4bcb-a03c-1cae73a2a9bd}" RelatedActivityID=""></Correlation>
<Execution ProcessID="3596" ThreadID="3680"></Execution>
<Channel>Microsoft-Windows-ServerManager-MgmtProvider/Operational</Channel>
<Computer>WIN-PTFPHFCRDJ0</Computer>
<Security UserID="S-1-5-21-1152959844-3645458174-3779170896-1000"></Security>
</System>
<EventData><Data Name="uValue">0</Data>
</EventData>
</Event>

<Event xmlns="http://schemas.microsoft.com/win/2004/08/events/event"><System><Provider Name="Microsoft-Windows-ServerManager-ManagementProvider" Guid="{c2e6d0d9-5df8-4c77-a82b-c96c84579543}"></Provider>
<EventID Qualifiers="">14</EventID>
<Version>0</Version>
<Level>4</Level>
<Task>6</Task>
<Opcode>1</Opcode>
<Keywords>0x8000000000000000</Keywords>
<TimeCreated SystemTime="2020-10-24 22:26:27.661961"></TimeCreated>
<EventRecordID>89</EventRecordID>
<Correlation ActivityID="{61509a92-cef6-45e4-bd34-d7bbaa9dc784}" RelatedActivityID=""></Correlation>
<Execution ProcessID="3596" ThreadID="1888"></Execution>
<Channel>Microsoft-Windows-ServerManager-MgmtProvider/Operational</Channel>
<Computer>WIN-PTFPHFCRDJ0</Computer>
<Security UserID="S-1-5-21-1152959844-3645458174-3779170896-1000"></Security>
</System>
<EventData></EventData>
</Event>

<Event xmlns="http://schemas.microsoft.com/win/2004/08/events/event"><System><Provider Name="Microsoft-Windows-ServerManager-ManagementProvider" Guid="{c2e6d0d9-5df8-4c77-a82b-c96c84579543}"></Provider>
<EventID Qualifiers="">70</EventID>
<Version>0</Version>
<Level>4</Level>
<Task>18</Task>
<Opcode>0</Opcode>
<Keywords>0x8000000000000000</Keywords>
<TimeCreated SystemTime="2020-10-24 22:26:28.298378"></TimeCreated>
<EventRecordID>90</EventRecordID>
<Correlation ActivityID="{77970691-595d-4bcb-a03c-1cae73a2a9bd}" RelatedActivityID=""></Correlation>
<Execution ProcessID="3596" ThreadID="3680"></Execution>
<Channel>Microsoft-Windows-ServerManager-MgmtProvider/Operational</Channel>
<Computer>WIN-PTFPHFCRDJ0</Computer>
<Security UserID="S-1-5-21-1152959844-3645458174-3779170896-1000"></Security>
</System>
<EventData><Data Name="uValue">0</Data>
</EventData>
</Event>

<Event xmlns="http://schemas.microsoft.com/win/2004/08/events/event"><System><Provider Name="Microsoft-Windows-ServerManager-ManagementProvider" Guid="{c2e6d0d9-5df8-4c77-a82b-c96c84579543}"></Provider>
<EventID Qualifiers="">15</EventID>
<Version>0</Version>
<Level>4</Level>
<Task>6</Task>
<Opcode>2</Opcode>
<Keywords>0x8000000000000000</Keywords>
<TimeCreated SystemTime="2020-10-24 22:26:28.815371"></TimeCreated>
<EventRecordID>91</EventRecordID>
<Correlation ActivityID="{61509a92-cef6-45e4-bd34-d7bbaa9dc784}" RelatedActivityID=""></Correlation>
<Execution ProcessID="3596" ThreadID="1888"></Execution>
<Channel>Microsoft-Windows-ServerManager-MgmtProvider/Operational</Channel>
<Computer>WIN-PTFPHFCRDJ0</Computer>
<Security UserID="S-1-5-21-1152959844-3645458174-3779170896-1000"></Security>
</System>
<EventData></EventData>
</Event>

<Event xmlns="http://schemas.microsoft.com/win/2004/08/events/event"><System><Provider Name="Microsoft-Windows-ServerManager-ManagementProvider" Guid="{c2e6d0d9-5df8-4c77-a82b-c96c84579543}"></Provider>
<EventID Qualifiers="">48</EventID>
<Version>0</Version>
<Level>4</Level>
<Task>14</Task>
<Opcode>0</Opcode>
<Keywords>0x8000000000000000</Keywords>
<TimeCreated SystemTime="2020-10-24 22:26:29.377987"></TimeCreated>
<EventRecordID>92</EventRecordID>
<Correlation ActivityID="{066a88be-a71e-4825-82e4-ac206d8bcbc2}" RelatedActivityID=""></Correlation>
<Execution ProcessID="3596" ThreadID="3684"></Execution>
<Channel>Microsoft-Windows-ServerManager-MgmtProvider/Operational</Channel>
<Computer>WIN-PTFPHFCRDJ0</Computer>
<Security UserID="S-1-5-21-1152959844-3645458174-3779170896-1000"></Security>
</System>
<EventData><Data Name="uValue">13</Data>
</EventData>
</Event>

<Event xmlns="http://schemas.microsoft.com/win/2004/08/events/event"><System><Provider Name="Microsoft-Windows-ServerManager-ManagementProvider" Guid="{c2e6d0d9-5df8-4c77-a82b-c96c84579543}"></Provider>
<EventID Qualifiers="">52</EventID>
<Version>0</Version>
<Level>4</Level>
<Task>15</Task>
<Opcode>0</Opcode>
<Keywords>0x8000000000000000</Keywords>
<TimeCreated SystemTime="2020-10-24 22:26:29.747921"></TimeCreated>
<EventRecordID>93</EventRecordID>
<Correlation ActivityID="{43e9c61e-616f-4705-8ba0-d0f475b263de}" RelatedActivityID=""></Correlation>
<Execution ProcessID="3596" ThreadID="3684"></Execution>
<Channel>Microsoft-Windows-ServerManager-MgmtProvider/Operational</Channel>
<Computer>WIN-PTFPHFCRDJ0</Computer>
<Security UserID="S-1-5-21-1152959844-3645458174-3779170896-1000"></Security>
</System>
<EventData><Data Name="uValue">4</Data>
</EventData>
</Event>

<Event xmlns="http://schemas.microsoft.com/win/2004/08/events/event"><System><Provider Name="Microsoft-Windows-ServerManager-ManagementProvider" Guid="{c2e6d0d9-5df8-4c77-a82b-c96c84579543}"></Provider>
<EventID Qualifiers="">53</EventID>
<Version>0</Version>
<Level>4</Level>
<Task>15</Task>
<Opcode>0</Opcode>
<Keywords>0x8000000000000000</Keywords>
<TimeCreated SystemTime="2020-10-24 22:26:29.983162"></TimeCreated>
<EventRecordID>94</EventRecordID>
<Correlation ActivityID="{43e9c61e-616f-4705-8ba0-d0f475b263de}" RelatedActivityID=""></Correlation>
<Execution ProcessID="3596" ThreadID="3684"></Execution>
<Channel>Microsoft-Windows-ServerManager-MgmtProvider/Operational</Channel>
<Computer>WIN-PTFPHFCRDJ0</Computer>
<Security UserID="S-1-5-21-1152959844-3645458174-3779170896-1000"></Security>
</System>
<EventData><Data Name="uValue">8</Data>
</EventData>
</Event>

<Event xmlns="http://schemas.microsoft.com/win/2004/08/events/event"><System><Provider Name="Microsoft-Windows-ServerManager-ManagementProvider" Guid="{c2e6d0d9-5df8-4c77-a82b-c96c84579543}"></Provider>
<EventID Qualifiers="">62</EventID>
<Version>0</Version>
<Level>4</Level>
<Task>16</Task>
<Opcode>0</Opcode>
<Keywords>0x8000000000000000</Keywords>
<TimeCreated SystemTime="2020-10-24 22:26:30.484669"></TimeCreated>
<EventRecordID>95</EventRecordID>
<Correlation ActivityID="{13c3ad81-fcb8-43c6-8319-654483047c15}" RelatedActivityID=""></Correlation>
<Execution ProcessID="3596" ThreadID="3684"></Execution>
<Channel>Microsoft-Windows-ServerManager-MgmtProvider/Operational</Channel>
<Computer>WIN-PTFPHFCRDJ0</Computer>
<Security UserID="S-1-5-21-1152959844-3645458174-3779170896-1000"></Security>
</System>
<EventData><Data Name="TotalXPaths">4</Data>
</EventData>
</Event>

<Event xmlns="http://schemas.microsoft.com/win/2004/08/events/event"><System><Provider Name="Microsoft-Windows-ServerManager-ManagementProvider" Guid="{c2e6d0d9-5df8-4c77-a82b-c96c84579543}"></Provider>
<EventID Qualifiers="">85</EventID>
<Version>0</Version>
<Level>3</Level>
<Task>16</Task>
<Opcode>0</Opcode>
<Keywords>0x8000000000000000</Keywords>
<TimeCreated SystemTime="2020-10-24 22:26:30.544548"></TimeCreated>
<EventRecordID>96</EventRecordID>
<Correlation ActivityID="{13c3ad81-fcb8-43c6-8319-654483047c15}" RelatedActivityID=""></Correlation>
<Execution ProcessID="3596" ThreadID="3684"></Execution>
<Channel>Microsoft-Windows-ServerManager-MgmtProvider/Operational</Channel>
<Computer>WIN-PTFPHFCRDJ0</Computer>
<Security UserID="S-1-5-21-1152959844-3645458174-3779170896-1000"></Security>
</System>
<EventData><Data Name="XPath">Microsoft/Windows/FileServices:$reports$\$latestreport$\Discovery.xml:$creationtime$</Data>
<Data Name="Error">0x00000002</Data>
<Data Name="LastError">0x00000003</Data>
</EventData>
</Event>

<Event xmlns="http://schemas.microsoft.com/win/2004/08/events/event"><System><Provider Name="Microsoft-Windows-ServerManager-ManagementProvider" Guid="{c2e6d0d9-5df8-4c77-a82b-c96c84579543}"></Provider>
<EventID Qualifiers="">85</EventID>
<Version>0</Version>
<Level>3</Level>
<Task>16</Task>
<Opcode>0</Opcode>
<Keywords>0x8000000000000000</Keywords>
<TimeCreated SystemTime="2020-10-24 22:26:30.609615"></TimeCreated>
<EventRecordID>97</EventRecordID>
<Correlation ActivityID="{13c3ad81-fcb8-43c6-8319-654483047c15}" RelatedActivityID=""></Correlation>
<Execution ProcessID="3596" ThreadID="3684"></Execution>
<Channel>Microsoft-Windows-ServerManager-MgmtProvider/Operational</Channel>
<Computer>WIN-PTFPHFCRDJ0</Computer>
<Security UserID="S-1-5-21-1152959844-3645458174-3779170896-1000"></Security>
</System>
<EventData><Data Name="XPath">Microsoft/Windows/FileServices:$reports$\*\Result.xml:/ResultDatabase/Result</Data>
<Data Name="Error">0x0000001f</Data>
<Data Name="LastError">0x00000003</Data>
</EventData>
</Event>

<Event xmlns="http://schemas.microsoft.com/win/2004/08/events/event"><System><Provider Name="Microsoft-Windows-ServerManager-ManagementProvider" Guid="{c2e6d0d9-5df8-4c77-a82b-c96c84579543}"></Provider>
<EventID Qualifiers="">63</EventID>
<Version>0</Version>
<Level>4</Level>
<Task>16</Task>
<Opcode>0</Opcode>
<Keywords>0x8000000000000000</Keywords>
<TimeCreated SystemTime="2020-10-24 22:26:30.612709"></TimeCreated>
<EventRecordID>98</EventRecordID>
<Correlation ActivityID="{13c3ad81-fcb8-43c6-8319-654483047c15}" RelatedActivityID=""></Correlation>
<Execution ProcessID="3596" ThreadID="3684"></Execution>
<Channel>Microsoft-Windows-ServerManager-MgmtProvider/Operational</Channel>
<Computer>WIN-PTFPHFCRDJ0</Computer>
<Security UserID="S-1-5-21-1152959844-3645458174-3779170896-1000"></Security>
</System>
<EventData><Data Name="ResultsReturned">4</Data>
</EventData>
</Event>

<Event xmlns="http://schemas.microsoft.com/win/2004/08/events/event"><System><Provider Name="Microsoft-Windows-ServerManager-ManagementProvider" Guid="{c2e6d0d9-5df8-4c77-a82b-c96c84579543}"></Provider>
<EventID Qualifiers="">2</EventID>
<Version>0</Version>
<Level>4</Level>
<Task>1</Task>
<Opcode>2</Opcode>
<Keywords>0x8000000000000000</Keywords>
<TimeCreated SystemTime="2020-10-24 22:27:11.516052"></TimeCreated>
<EventRecordID>99</EventRecordID>
<Correlation ActivityID="" RelatedActivityID=""></Correlation>
<Execution ProcessID="3596" ThreadID="3684"></Execution>
<Channel>Microsoft-Windows-ServerManager-MgmtProvider/Operational</Channel>
<Computer>WIN-PTFPHFCRDJ0</Computer>
<Security UserID="S-1-5-20"></Security>
</System>
<EventData></EventData>
</Event>

<Event xmlns="http://schemas.microsoft.com/win/2004/08/events/event"><System><Provider Name="Microsoft-Windows-ServerManager-ManagementProvider" Guid="{c2e6d0d9-5df8-4c77-a82b-c96c84579543}"></Provider>
<EventID Qualifiers="">1</EventID>
<Version>0</Version>
<Level>4</Level>
<Task>1</Task>
<Opcode>1</Opcode>
<Keywords>0x8000000000000000</Keywords>
<TimeCreated SystemTime="2020-10-26 12:11:57.675144"></TimeCreated>
<EventRecordID>100</EventRecordID>
<Correlation ActivityID="" RelatedActivityID=""></Correlation>
<Execution ProcessID="3172" ThreadID="2916"></Execution>
<Channel>Microsoft-Windows-ServerManager-MgmtProvider/Operational</Channel>
<Computer>WIN-PTFPHFCRDJ0</Computer>
<Security UserID="S-1-5-20"></Security>
</System>
<EventData></EventData>
</Event>

<Event xmlns="http://schemas.microsoft.com/win/2004/08/events/event"><System><Provider Name="Microsoft-Windows-ServerManager-ManagementProvider" Guid="{c2e6d0d9-5df8-4c77-a82b-c96c84579543}"></Provider>
<EventID Qualifiers="">41</EventID>
<Version>0</Version>
<Level>4</Level>
<Task>13</Task>
<Opcode>0</Opcode>
<Keywords>0x8000000000000000</Keywords>
<TimeCreated SystemTime="2020-10-26 12:11:57.682047"></TimeCreated>
<EventRecordID>101</EventRecordID>
<Correlation ActivityID="{2b23a8ae-8fad-4bde-b68f-ab613664cdeb}" RelatedActivityID=""></Correlation>
<Execution ProcessID="3172" ThreadID="244"></Execution>
<Channel>Microsoft-Windows-ServerManager-MgmtProvider/Operational</Channel>
<Computer>WIN-PTFPHFCRDJ0</Computer>
<Security UserID="S-1-5-21-1152959844-3645458174-3779170896-1000"></Security>
</System>
<EventData></EventData>
</Event>

<Event xmlns="http://schemas.microsoft.com/win/2004/08/events/event"><System><Provider Name="Microsoft-Windows-ServerManager-ManagementProvider" Guid="{c2e6d0d9-5df8-4c77-a82b-c96c84579543}"></Provider>
<EventID Qualifiers="">45</EventID>
<Version>0</Version>
<Level>3</Level>
<Task>13</Task>
<Opcode>0</Opcode>
<Keywords>0x8000000000000000</Keywords>
<TimeCreated SystemTime="2020-10-26 12:12:09.631926"></TimeCreated>
<EventRecordID>102</EventRecordID>
<Correlation ActivityID="{2b23a8ae-8fad-4bde-b68f-ab613664cdeb}" RelatedActivityID=""></Correlation>
<Execution ProcessID="3172" ThreadID="244"></Execution>
<Channel>Microsoft-Windows-ServerManager-MgmtProvider/Operational</Channel>
<Computer>WIN-PTFPHFCRDJ0</Computer>
<Security UserID="S-1-5-21-1152959844-3645458174-3779170896-1000"></Security>
</System>
<EventData><Data Name="Name">Microsoft-Windows-SPB-HIDI2C/Analytic</Data>
<Data Name="hResult">0x8007065b</Data>
<Data Name="hLastError">0x80070002</Data>
</EventData>
</Event>

<Event xmlns="http://schemas.microsoft.com/win/2004/08/events/event"><System><Provider Name="Microsoft-Windows-ServerManager-ManagementProvider" Guid="{c2e6d0d9-5df8-4c77-a82b-c96c84579543}"></Provider>
<EventID Qualifiers="">45</EventID>
<Version>0</Version>
<Level>3</Level>
<Task>13</Task>
<Opcode>0</Opcode>
<Keywords>0x8000000000000000</Keywords>
<TimeCreated SystemTime="2020-10-26 12:12:09.974985"></TimeCreated>
<EventRecordID>103</EventRecordID>
<Correlation ActivityID="{2b23a8ae-8fad-4bde-b68f-ab613664cdeb}" RelatedActivityID=""></Correlation>
<Execution ProcessID="3172" ThreadID="244"></Execution>
<Channel>Microsoft-Windows-ServerManager-MgmtProvider/Operational</Channel>
<Computer>WIN-PTFPHFCRDJ0</Computer>
<Security UserID="S-1-5-21-1152959844-3645458174-3779170896-1000"></Security>
</System>
<EventData><Data Name="Name">Microsoft-Windows-SystemSettingsThreshold/Debug</Data>
<Data Name="hResult">0x8007065b</Data>
<Data Name="hLastError">0x80070002</Data>
</EventData>
</Event>

<Event xmlns="http://schemas.microsoft.com/win/2004/08/events/event"><System><Provider Name="Microsoft-Windows-ServerManager-ManagementProvider" Guid="{c2e6d0d9-5df8-4c77-a82b-c96c84579543}"></Provider>
<EventID Qualifiers="">45</EventID>
<Version>0</Version>
<Level>3</Level>
<Task>13</Task>
<Opcode>0</Opcode>
<Keywords>0x8000000000000000</Keywords>
<TimeCreated SystemTime="2020-10-26 12:12:09.975389"></TimeCreated>
<EventRecordID>104</EventRecordID>
<Correlation ActivityID="{2b23a8ae-8fad-4bde-b68f-ab613664cdeb}" RelatedActivityID=""></Correlation>
<Execution ProcessID="3172" ThreadID="244"></Execution>
<Channel>Microsoft-Windows-ServerManager-MgmtProvider/Operational</Channel>
<Computer>WIN-PTFPHFCRDJ0</Computer>
<Security UserID="S-1-5-21-1152959844-3645458174-3779170896-1000"></Security>
</System>
<EventData><Data Name="Name">Microsoft-Windows-SystemSettingsThreshold/Diagnostic</Data>
<Data Name="hResult">0x8007065b</Data>
<Data Name="hLastError">0x80070002</Data>
</EventData>
</Event>

<Event xmlns="http://schemas.microsoft.com/win/2004/08/events/event"><System><Provider Name="Microsoft-Windows-ServerManager-ManagementProvider" Guid="{c2e6d0d9-5df8-4c77-a82b-c96c84579543}"></Provider>
<EventID Qualifiers="">45</EventID>
<Version>0</Version>
<Level>3</Level>
<Task>13</Task>
<Opcode>0</Opcode>
<Keywords>0x8000000000000000</Keywords>
<TimeCreated SystemTime="2020-10-26 12:12:09.975784"></TimeCreated>
<EventRecordID>105</EventRecordID>
<Correlation ActivityID="{2b23a8ae-8fad-4bde-b68f-ab613664cdeb}" RelatedActivityID=""></Correlation>
<Execution ProcessID="3172" ThreadID="244"></Execution>
<Channel>Microsoft-Windows-ServerManager-MgmtProvider/Operational</Channel>
<Computer>WIN-PTFPHFCRDJ0</Computer>
<Security UserID="S-1-5-21-1152959844-3645458174-3779170896-1000"></Security>
</System>
<EventData><Data Name="Name">Microsoft-Windows-SystemSettingsThreshold/Operational</Data>
<Data Name="hResult">0x8007065b</Data>
<Data Name="hLastError">0x80070002</Data>
</EventData>
</Event>

<Event xmlns="http://schemas.microsoft.com/win/2004/08/events/event"><System><Provider Name="Microsoft-Windows-ServerManager-ManagementProvider" Guid="{c2e6d0d9-5df8-4c77-a82b-c96c84579543}"></Provider>
<EventID Qualifiers="">45</EventID>
<Version>0</Version>
<Level>3</Level>
<Task>13</Task>
<Opcode>0</Opcode>
<Keywords>0x8000000000000000</Keywords>
<TimeCreated SystemTime="2020-10-26 12:12:11.653294"></TimeCreated>
<EventRecordID>106</EventRecordID>
<Correlation ActivityID="{2b23a8ae-8fad-4bde-b68f-ab613664cdeb}" RelatedActivityID=""></Correlation>
<Execution ProcessID="3172" ThreadID="244"></Execution>
<Channel>Microsoft-Windows-ServerManager-MgmtProvider/Operational</Channel>
<Computer>WIN-PTFPHFCRDJ0</Computer>
<Security UserID="S-1-5-21-1152959844-3645458174-3779170896-1000"></Security>
</System>
<EventData><Data Name="Name">NIS-Driver-WFP/Diagnostic</Data>
<Data Name="hResult">0x8007065b</Data>
<Data Name="hLastError">0x80070715</Data>
</EventData>
</Event>

<Event xmlns="http://schemas.microsoft.com/win/2004/08/events/event"><System><Provider Name="Microsoft-Windows-ServerManager-ManagementProvider" Guid="{c2e6d0d9-5df8-4c77-a82b-c96c84579543}"></Provider>
<EventID Qualifiers="">42</EventID>
<Version>0</Version>
<Level>4</Level>
<Task>13</Task>
<Opcode>0</Opcode>
<Keywords>0x8000000000000000</Keywords>
<TimeCreated SystemTime="2020-10-26 12:12:12.132578"></TimeCreated>
<EventRecordID>107</EventRecordID>
<Correlation ActivityID="{2b23a8ae-8fad-4bde-b68f-ab613664cdeb}" RelatedActivityID=""></Correlation>
<Execution ProcessID="3172" ThreadID="244"></Execution>
<Channel>Microsoft-Windows-ServerManager-MgmtProvider/Operational</Channel>
<Computer>WIN-PTFPHFCRDJ0</Computer>
<Security UserID="S-1-5-21-1152959844-3645458174-3779170896-1000"></Security>
</System>
<EventData></EventData>
</Event>

<Event xmlns="http://schemas.microsoft.com/win/2004/08/events/event"><System><Provider Name="Microsoft-Windows-ServerManager-ManagementProvider" Guid="{c2e6d0d9-5df8-4c77-a82b-c96c84579543}"></Provider>
<EventID Qualifiers="">47</EventID>
<Version>0</Version>
<Level>4</Level>
<Task>14</Task>
<Opcode>0</Opcode>
<Keywords>0x8000000000000000</Keywords>
<TimeCreated SystemTime="2020-10-26 12:12:12.162718"></TimeCreated>
<EventRecordID>108</EventRecordID>
<Correlation ActivityID="{a07cde7c-175a-4a1f-ad60-b56c5e7c8d9f}" RelatedActivityID=""></Correlation>
<Execution ProcessID="3172" ThreadID="244"></Execution>
<Channel>Microsoft-Windows-ServerManager-MgmtProvider/Operational</Channel>
<Computer>WIN-PTFPHFCRDJ0</Computer>
<Security UserID="S-1-5-21-1152959844-3645458174-3779170896-1000"></Security>
</System>
<EventData><Data Name="uValue">2</Data>
</EventData>
</Event>

<Event xmlns="http://schemas.microsoft.com/win/2004/08/events/event"><System><Provider Name="Microsoft-Windows-ServerManager-ManagementProvider" Guid="{c2e6d0d9-5df8-4c77-a82b-c96c84579543}"></Provider>
<EventID Qualifiers="">69</EventID>
<Version>0</Version>
<Level>4</Level>
<Task>18</Task>
<Opcode>0</Opcode>
<Keywords>0x8000000000000000</Keywords>
<TimeCreated SystemTime="2020-10-26 12:12:12.164713"></TimeCreated>
<EventRecordID>109</EventRecordID>
<Correlation ActivityID="{9e0b48f9-4873-4750-855f-46a5400b82d4}" RelatedActivityID=""></Correlation>
<Execution ProcessID="3172" ThreadID="2916"></Execution>
<Channel>Microsoft-Windows-ServerManager-MgmtProvider/Operational</Channel>
<Computer>WIN-PTFPHFCRDJ0</Computer>
<Security UserID="S-1-5-21-1152959844-3645458174-3779170896-1000"></Security>
</System>
<EventData><Data Name="uValue">0</Data>
</EventData>
</Event>

<Event xmlns="http://schemas.microsoft.com/win/2004/08/events/event"><System><Provider Name="Microsoft-Windows-ServerManager-ManagementProvider" Guid="{c2e6d0d9-5df8-4c77-a82b-c96c84579543}"></Provider>
<EventID Qualifiers="">14</EventID>
<Version>0</Version>
<Level>4</Level>
<Task>6</Task>
<Opcode>1</Opcode>
<Keywords>0x8000000000000000</Keywords>
<TimeCreated SystemTime="2020-10-26 12:12:12.178185"></TimeCreated>
<EventRecordID>110</EventRecordID>
<Correlation ActivityID="{4fd9418c-f68f-4b36-ab78-29e92c06def5}" RelatedActivityID=""></Correlation>
<Execution ProcessID="3172" ThreadID="3884"></Execution>
<Channel>Microsoft-Windows-ServerManager-MgmtProvider/Operational</Channel>
<Computer>WIN-PTFPHFCRDJ0</Computer>
<Security UserID="S-1-5-21-1152959844-3645458174-3779170896-1000"></Security>
</System>
<EventData></EventData>
</Event>

