<?xml version="1.1" encoding="utf-8" standalone="yes" ?>

<Events>
<Event xmlns="http://schemas.microsoft.com/win/2004/08/events/event"><System><Provider Name="Microsoft-Windows-LiveId" Guid="{05f02597-fe85-4e67-8542-69567ab8fd4f}"></Provider>
<EventID Qualifiers="">2024</EventID>
<Version>0</Version>
<Level>4</Level>
<Task>101</Task>
<Opcode>0</Opcode>
<Keywords>0x4000000000000010</Keywords>
<TimeCreated SystemTime="2020-10-23 09:21:19.189535"></TimeCreated>
<EventRecordID>1</EventRecordID>
<Correlation ActivityID="" RelatedActivityID=""></Correlation>
<Execution ProcessID="788" ThreadID="872"></Execution>
<Channel>Microsoft-Windows-LiveId/Operational</Channel>
<Computer>WIN-PTFPHFCRDJ0</Computer>
<Security UserID="S-1-5-18"></Security>
</System>
<EventData><Data Name="Operation">Service started</Data>
<Data Name="Details">The service will auto stop if no requests received for some period of time.</Data>
<Data Name="Status">0x00000000</Data>
</EventData>
</Event>

<Event xmlns="http://schemas.microsoft.com/win/2004/08/events/event"><System><Provider Name="Microsoft-Windows-LiveId" Guid="{05f02597-fe85-4e67-8542-69567ab8fd4f}"></Provider>
<EventID Qualifiers="">2024</EventID>
<Version>0</Version>
<Level>4</Level>
<Task>101</Task>
<Opcode>0</Opcode>
<Keywords>0x4000000000000010</Keywords>
<TimeCreated SystemTime="2020-10-22 20:52:07.103037"></TimeCreated>
<EventRecordID>2</EventRecordID>
<Correlation ActivityID="" RelatedActivityID=""></Correlation>
<Execution ProcessID="540" ThreadID="852"></Execution>
<Channel>Microsoft-Windows-LiveId/Operational</Channel>
<Computer>WIN-PTFPHFCRDJ0</Computer>
<Security UserID="S-1-5-18"></Security>
</System>
<EventData><Data Name="Operation">Service started</Data>
<Data Name="Details">The service will auto stop if no requests received for some period of time.</Data>
<Data Name="Status">0x00000000</Data>
</EventData>
</Event>

<Event xmlns="http://schemas.microsoft.com/win/2004/08/events/event"><System><Provider Name="Microsoft-Windows-LiveId" Guid="{05f02597-fe85-4e67-8542-69567ab8fd4f}"></Provider>
<EventID Qualifiers="">6115</EventID>
<Version>0</Version>
<Level>4</Level>
<Task>0</Task>
<Opcode>0</Opcode>
<Keywords>0x4000000000200800</Keywords>
<TimeCreated SystemTime="2020-10-22 20:52:08.717592"></TimeCreated>
<EventRecordID>3</EventRecordID>
<Correlation ActivityID="" RelatedActivityID=""></Correlation>
<Execution ProcessID="540" ThreadID="852"></Execution>
<Channel>Microsoft-Windows-LiveId/Operational</Channel>
<Computer>WIN-PTFPHFCRDJ0</Computer>
<Security UserID="S-1-5-18"></Security>
</System>
<EventData><Data Name="Value">&lt;DeviceAddRequest&gt;&lt;ClientInfo name="IDCRL" version="1.0"&gt;&lt;BinaryVersion&gt;*&lt;/BinaryVersion&gt;&lt;/ClientInfo&gt;&lt;Authentication&gt;&lt;Membername&gt;*&lt;/Membername&gt;&lt;Password&gt;*&lt;/Password&gt;&lt;/Authentication&gt;&lt;DeviceInfo Id="DeviceInfo"&gt;&lt;Component name="4131"&gt;*&lt;/Component&gt;&lt;Component name="4112"&gt;*&lt;/Component&gt;&lt;Component name="4113"&gt;*&lt;/Component&gt;&lt;Component name="4097"&gt;*&lt;/Component&gt;&lt;Component name="4098"&gt;*&lt;/Component&gt;&lt;Component name="4099"&gt;*&lt;/Component&gt;&lt;Component name="4100"&gt;*&lt;/Component&gt;&lt;Component name="4101"&gt;*&lt;/Component&gt;&lt;Component name="4102"&gt;*&lt;/Component&gt;&lt;Component name="8195"&gt;*&lt;/Component&gt;&lt;Component name="8196"&gt;*&lt;/Component&gt;&lt;Component name="8197"&gt;*&lt;/Component&gt;&lt;Component name="4144"&gt;*&lt;/Component&gt;&lt;Component name="4145"&gt;*&lt;/Component&gt;&lt;Component name="4160" error="-2144845809"&gt;&lt;/Component&gt;&lt;Component name="4161" error="-2144845809"&gt;&lt;/Component&gt;&lt;TPMInfo&gt;&lt;KeyValue&gt;&lt;RSAKeyValue&gt;&lt;Modulus&gt;*&lt;/Modulus&gt;&lt;Exponent&gt;*&lt;/Exponent&gt;&lt;/RSAKeyValue&gt;&lt;KeyType&gt;*&lt;/KeyType&gt;&lt;/KeyValue&gt;&lt;/TPMInfo&gt;&lt;/DeviceInfo&gt;&lt;/DeviceAddRequest&gt;</Data>
</EventData>
</Event>

<Event xmlns="http://schemas.microsoft.com/win/2004/08/events/event"><System><Provider Name="Microsoft-Windows-LiveId" Guid="{05f02597-fe85-4e67-8542-69567ab8fd4f}"></Provider>
<EventID Qualifiers="">6116</EventID>
<Version>0</Version>
<Level>4</Level>
<Task>0</Task>
<Opcode>0</Opcode>
<Keywords>0x4000000000200800</Keywords>
<TimeCreated SystemTime="2020-10-22 20:52:13.904634"></TimeCreated>
<EventRecordID>4</EventRecordID>
<Correlation ActivityID="" RelatedActivityID=""></Correlation>
<Execution ProcessID="540" ThreadID="852"></Execution>
<Channel>Microsoft-Windows-LiveId/Operational</Channel>
<Computer>WIN-PTFPHFCRDJ0</Computer>
<Security UserID="S-1-5-18"></Security>
</System>
<EventData><Data Name="Value">&lt;DeviceAddResponse Success="true"&gt;&lt;success&gt;*&lt;/success&gt;&lt;puid&gt;*&lt;/puid&gt;&lt;DeviceTpmKeyState&gt;*&lt;/DeviceTpmKeyState&gt;&lt;License ContentID="3252b20c-d425-4711-8cc5-b2f53c830b76" ID="9386b6cd-b743-45b4-a8eb-6fc9ba774a63" LicenseID="3252b20c-d425-4711-8cc5-b2f53c830b76" Version="2" xmlns="urn:schemas-microsoft-com:windows:store:licensing:ls"&gt;&lt;Binding Binding_Type="Machine" xmlns="urn:schemas-microsoft-com:windows:store:licensing:ls"&gt;&lt;DeviceID xmlns="urn:schemas-microsoft-com:windows:store:licensing:ls"&gt;*&lt;/DeviceID&gt;&lt;/Binding&gt;&lt;LicenseInfo Type="Device" xmlns="urn:schemas-microsoft-com:windows:store:licensing:ls"&gt;&lt;IssuedDate xmlns="urn:schemas-microsoft-com:windows:store:licensing:ls"&gt;*&lt;/IssuedDate&gt;&lt;/LicenseInfo&gt;&lt;SPLicenseBlock xmlns="urn:schemas-microsoft-com:windows:store:licensing:ls"&gt;*&lt;/SPLicenseBlock&gt;&lt;Signature xmlns="http://www.w3.org/2000/09/xmldsig#"&gt;&lt;SignedInfo&gt;&lt;CanonicalizationMethod Algorithm="http://www.w3.org/2001/10/xml-exc-c14n#"&gt;&lt;/CanonicalizationMethod&gt;&lt;SignatureMethod Algorithm="http://www.w3.org/2001/04/xmldsig-more#rsa-sha256"&gt;&lt;/SignatureMethod&gt;&lt;Reference URI=""&gt;&lt;Transforms&gt;&lt;Transform Algorithm="http://www.w3.org/2000/09/xmldsig#enveloped-signature"&gt;&lt;/Transform&gt;&lt;Transform Algorithm="http://www.w3.org/2001/10/xml-exc-c14n#"&gt;&lt;/Transform&gt;&lt;/Transforms&gt;&lt;DigestMethod Algorithm="http://www.w3.org/2001/04/xmlenc#sha256"&gt;&lt;/DigestMethod&gt;&lt;DigestValue&gt;*&lt;/DigestValue&gt;&lt;/Reference&gt;&lt;/SignedInfo&gt;&lt;SignatureValue&gt;*&lt;/SignatureValue&gt;&lt;KeyInfo Id="_61afd6a2-d7c3-8d25-36c2-0c2c47e3aca8"&gt;&lt;KeyValue&gt;&lt;RSAKeyValue&gt;&lt;Modulus&gt;*&lt;/Modulus&gt;&lt;Exponent&gt;*&lt;/Exponent&gt;&lt;/RSAKeyValue&gt;&lt;/KeyValue&gt;&lt;/KeyInfo&gt;&lt;/Signature&gt;&lt;/License&gt;&lt;HWDeviceID&gt;*&lt;/HWDeviceID&gt;&lt;GlobalDeviceID&gt;*&lt;/GlobalDeviceID&gt;&lt;LicenseKeySequence&gt;*&lt;/LicenseKeySequence&gt;&lt;DeviceTpmKeyState&gt;*&lt;/DeviceTpmKeyState&gt;&lt;KeyHolderLicense&gt;&lt;License xmlns:xsd="http://www.w3.org/2001/XMLSchema" xmlns:xsi="http://www.w3.org/2001/XMLSchema-instance" ID="6b594c27-b3ee-45ff-812e-686be66532ce" LicenseID="{61afd6a2-d7c3-8d25-36c2-0c2c47e3aca8}" Version="5" xmlns="urn:schemas-microsoft-com:windows:store:licensing:ls"&gt;&lt;Binding Binding_Type="Machine"&gt;&lt;ProductID&gt;*&lt;/ProductID&gt;&lt;PFM&gt;*&lt;/PFM&gt;&lt;LeaseRequired&gt;*&lt;/LeaseRequired&gt;&lt;/Binding&gt;&lt;LicenseInfo Type="KeyHolder" LicenseUsage="Offline" LicenseCategory="OEM"&gt;&lt;IssuedDate&gt;*&lt;/IssuedDate&gt;&lt;/LicenseInfo&gt;&lt;KeyHolderInfo&gt;&lt;CSPData&gt;*&lt;/CSPData&gt;&lt;SPLicenseId&gt;*&lt;/SPLicenseId&gt;&lt;/KeyHolderInfo&gt;&lt;SPLicenseBlock&gt;*&lt;/SPLicenseBlock&gt;&lt;Signature xmlns="http://www.w3.org/2000/09/xmldsig#"&gt;&lt;SignedInfo&gt;&lt;CanonicalizationMethod Algorithm="http://www.w3.org/2001/10/xml-exc-c14n#"/&gt;&lt;SignatureMethod Algorithm="http://www.w3.org/2001/04/xmldsig-more#rsa-sha256"/&gt;&lt;Reference URI=""&gt;&lt;Transforms&gt;&lt;Transform Algorithm="http://www.w3.org/2000/09/xmldsig#enveloped-signature"/&gt;&lt;/Transforms&gt;&lt;DigestMethod Algorithm="http://www.w3.org/2001/04/xmlenc#sha256"/&gt;&lt;DigestValue&gt;*&lt;/DigestValue&gt;&lt;/Reference&gt;&lt;/SignedInfo&gt;&lt;SignatureValue&gt;*&lt;/SignatureValue&gt;&lt;KeyInfo Id="_0f81b24f-bc40-2712-0d5d-e7c10085c330"&gt;&lt;KeyValue&gt;&lt;RSAKeyValue&gt;&lt;Modulus&gt;*&lt;/Modulus&gt;&lt;Exponent&gt;*&lt;/Exponent&gt;&lt;/RSAKeyValue&gt;&lt;/KeyValue&gt;&lt;/KeyInfo&gt;&lt;/Signature&gt;&lt;/License&gt;&lt;/KeyHolderLicense&gt;&lt;LicenseSignatureKeyVersion&gt;*&lt;/LicenseSignatureKeyVersion&gt;&lt;ServerInfo ServerTime="2020-10-22T20:52:13Z"&gt;BL02PF18A540BD0 2020.10.14.20.58.25&lt;/ServerInfo&gt;&lt;/DeviceAddResponse&gt;</Data>
</EventData>
</Event>

<Event xmlns="http://schemas.microsoft.com/win/2004/08/events/event"><System><Provider Name="Microsoft-Windows-LiveId" Guid="{05f02597-fe85-4e67-8542-69567ab8fd4f}"></Provider>
<EventID Qualifiers="">2028</EventID>
<Version>0</Version>
<Level>2</Level>
<Task>0</Task>
<Opcode>0</Opcode>
<Keywords>0x4000000000000003</Keywords>
<TimeCreated SystemTime="2020-10-22 20:52:14.226572"></TimeCreated>
<EventRecordID>5</EventRecordID>
<Correlation ActivityID="" RelatedActivityID=""></Correlation>
<Execution ProcessID="540" ThreadID="852"></Execution>
<Channel>Microsoft-Windows-LiveId/Operational</Channel>
<Computer>WIN-PTFPHFCRDJ0</Computer>
<Security UserID="S-1-5-18"></Security>
</System>
<EventData><Data Name="FunctionName">GetWindowsDeviceId</Data>
<Data Name="ErrorCode">-2147024894</Data>
</EventData>
</Event>

<Event xmlns="http://schemas.microsoft.com/win/2004/08/events/event"><System><Provider Name="Microsoft-Windows-LiveId" Guid="{05f02597-fe85-4e67-8542-69567ab8fd4f}"></Provider>
<EventID Qualifiers="">6115</EventID>
<Version>0</Version>
<Level>4</Level>
<Task>0</Task>
<Opcode>0</Opcode>
<Keywords>0x4000000000200800</Keywords>
<TimeCreated SystemTime="2020-10-22 20:52:14.229107"></TimeCreated>
<EventRecordID>6</EventRecordID>
<Correlation ActivityID="" RelatedActivityID=""></Correlation>
<Execution ProcessID="540" ThreadID="852"></Execution>
<Channel>Microsoft-Windows-LiveId/Operational</Channel>
<Computer>WIN-PTFPHFCRDJ0</Computer>
<Security UserID="S-1-5-18"></Security>
</System>
<EventData><Data Name="Value">&lt;s:Envelope&gt;&lt;s:Header&gt;&lt;wsa:Action s:mustUnderstand="1"&gt;*&lt;/wsa:Action&gt;&lt;wsa:To s:mustUnderstand="1"&gt;*&lt;/wsa:To&gt;&lt;wsa:MessageID&gt;*&lt;/wsa:MessageID&gt;&lt;ps:AuthInfo Id="PPAuthInfo"&gt;&lt;ps:HostingApp&gt;*&lt;/ps:HostingApp&gt;&lt;ps:BinaryVersion&gt;*&lt;/ps:BinaryVersion&gt;&lt;ps:UIVersion&gt;*&lt;/ps:UIVersion&gt;&lt;ps:InlineUX&gt;*&lt;/ps:InlineUX&gt;&lt;ps:IsAdmin&gt;*&lt;/ps:IsAdmin&gt;&lt;ps:Cookies&gt;&lt;/ps:Cookies&gt;&lt;ps:RequestParams&gt;*&lt;/ps:RequestParams&gt;&lt;ps:LicenseSignatureKeyVersion&gt;*&lt;/ps:LicenseSignatureKeyVersion&gt;&lt;ps:ClientCapabilities&gt;*&lt;/ps:ClientCapabilities&gt;&lt;/ps:AuthInfo&gt;&lt;wsse:Security&gt;&lt;wsse:UsernameToken wsu:Id="devicesoftware"&gt;&lt;wsse:Username&gt;*&lt;/wsse:Username&gt;&lt;/wsse:UsernameToken&gt;&lt;wsu:Timestamp wsu:Id="Timestamp"&gt;&lt;wsu:Created&gt;2020-10-22T20:52:13Z&lt;/wsu:Created&gt;&lt;wsu:Expires&gt;2020-10-22T20:57:13Z&lt;/wsu:Expires&gt;&lt;/wsu:Timestamp&gt;&lt;Signature xmlns="http://www.w3.org/2000/09/xmldsig#"&gt;&lt;SignedInfo&gt;&lt;CanonicalizationMethod Algorithm="http://www.w3.org/2001/10/xml-exc-c14n#"&gt;&lt;/CanonicalizationMethod&gt;&lt;SignatureMethod Algorithm="http://www.w3.org/2001/04/xmldsig-more#rsa-sha256"&gt;&lt;/SignatureMethod&gt;&lt;Reference URI="#RST0"&gt;&lt;Transforms&gt;&lt;Transform Algorithm="http://www.w3.org/2001/10/xml-exc-c14n#"&gt;&lt;/Transform&gt;&lt;/Transforms&gt;&lt;DigestMethod Algorithm="http://www.w3.org/2001/04/xmlenc#sha256"&gt;&lt;/DigestMethod&gt;&lt;DigestValue&gt;*&lt;/DigestValue&gt;&lt;/Reference&gt;&lt;Reference URI="#PPAuthInfo"&gt;&lt;Transforms&gt;&lt;Transform Algorithm="http://www.w3.org/2001/10/xml-exc-c14n#"&gt;&lt;/Transform&gt;&lt;/Transforms&gt;&lt;DigestMethod Algorithm="http://www.w3.org/2001/04/xmlenc#sha256"&gt;&lt;/DigestMethod&gt;&lt;DigestValue&gt;*&lt;/DigestValue&gt;&lt;/Reference&gt;&lt;Reference URI="#Timestamp"&gt;&lt;Transforms&gt;&lt;Transform Algorithm="http://www.w3.org/2001/10/xml-exc-c14n#"&gt;&lt;/Transform&gt;&lt;/Transforms&gt;&lt;DigestMethod Algorithm="http://www.w3.org/2001/04/xmlenc#sha256"&gt;&lt;/DigestMethod&gt;&lt;DigestValue&gt;*&lt;/DigestValue&gt;&lt;/Reference&gt;&lt;/SignedInfo&gt;&lt;SignatureValue&gt;*&lt;/SignatureValue&gt;&lt;/Signature&gt;&lt;/wsse:Security&gt;&lt;/s:Header&gt;&lt;s:Body&gt;&lt;wst:RequestSecurityToken Id="RST0"&gt;&lt;wst:RequestType&gt;*&lt;/wst:RequestType&gt;&lt;wsp:AppliesTo&gt;&lt;wsa:EndpointReference&gt;&lt;wsa:Address&gt;http://Passport.NET/tb&lt;/wsa:Address&gt;&lt;/wsa:EndpointReference&gt;&lt;/wsp:AppliesTo&gt;&lt;/wst:RequestSecurityToken&gt;&lt;/s:Body&gt;&lt;/s:Envelope&gt;</Data>
</EventData>
</Event>

<Event xmlns="http://schemas.microsoft.com/win/2004/08/events/event"><System><Provider Name="Microsoft-Windows-LiveId" Guid="{05f02597-fe85-4e67-8542-69567ab8fd4f}"></Provider>
<EventID Qualifiers="">6116</EventID>
<Version>0</Version>
<Level>4</Level>
<Task>0</Task>
<Opcode>0</Opcode>
<Keywords>0x4000000000200800</Keywords>
<TimeCreated SystemTime="2020-10-22 20:52:14.982224"></TimeCreated>
<EventRecordID>7</EventRecordID>
<Correlation ActivityID="" RelatedActivityID=""></Correlation>
<Execution ProcessID="540" ThreadID="852"></Execution>
<Channel>Microsoft-Windows-LiveId/Operational</Channel>
<Computer>WIN-PTFPHFCRDJ0</Computer>
<Security UserID="S-1-5-18"></Security>
</System>
<EventData><Data Name="Value">&lt;S:Envelope&gt;&lt;S:Header&gt;&lt;wsa:Action wsu:Id="Action" S:mustUnderstand="1"&gt;*&lt;/wsa:Action&gt;&lt;wsa:To wsu:Id="To" S:mustUnderstand="1"&gt;*&lt;/wsa:To&gt;&lt;wsse:Security S:mustUnderstand="1"&gt;&lt;wsu:Timestamp wsu:Id="TS"&gt;&lt;wsu:Created&gt;2020-10-22T20:52:14Z&lt;/wsu:Created&gt;&lt;wsu:Expires&gt;2020-10-22T20:57:14Z&lt;/wsu:Expires&gt;&lt;/wsu:Timestamp&gt;&lt;/wsse:Security&gt;&lt;psf:pp&gt;&lt;psf:serverVersion&gt;*&lt;/psf:serverVersion&gt;&lt;psf:PUID&gt;*&lt;/psf:PUID&gt;&lt;psf:configVersion&gt;16.000.27716.00&lt;/psf:configVersion&gt;&lt;psf:uiVersion&gt;*&lt;/psf:uiVersion&gt;&lt;psf:mobileConfigVersion&gt;*&lt;/psf:mobileConfigVersion&gt;&lt;psf:appDataVersion&gt;*&lt;/psf:appDataVersion&gt;&lt;psf:authstate&gt;0x48803&lt;/psf:authstate&gt;&lt;psf:reqstatus&gt;0x0&lt;/psf:reqstatus&gt;&lt;psf:serverInfo Path="Live1" RollingUpgradeState="ExclusiveNew" LocVersion="0" ServerTime="2020-10-22T20:52:14Z" BuildVersion="16.0.28799.4"&gt;BL02PF18A540BD0 2020.10.14.20.58.25&lt;/psf:serverInfo&gt;&lt;psf:cookies/&gt;&lt;psf:credProperties&gt;&lt;psf:credProperty Name="AuthMembername"&gt;*&lt;/psf:credProperty&gt;&lt;psf:credProperty Name="ChildFlags"&gt;*&lt;/psf:credProperty&gt;&lt;psf:credProperty Name="Flags"&gt;*&lt;/psf:credProperty&gt;&lt;psf:credProperty Name="FlagsV2"&gt;*&lt;/psf:credProperty&gt;&lt;psf:credProperty Name="IP"&gt;*&lt;/psf:credProperty&gt;&lt;psf:credProperty Name="AssociatedForStrongAuth"&gt;*&lt;/psf:credProperty&gt;&lt;psf:credProperty Name="RestrictedDA"&gt;*&lt;/psf:credProperty&gt;&lt;psf:credProperty Name="TemporaryPassword"&gt;*&lt;/psf:credProperty&gt;&lt;psf:credProperty Name="KeyPurposes"&gt;*&lt;/psf:credProperty&gt;&lt;/psf:credProperties&gt;&lt;psf:extProperties&gt;&lt;psf:extProperty Name="Notifications"&gt;&lt;/psf:extProperty&gt;&lt;/psf:extProperties&gt;&lt;psf:response/&gt;&lt;psf:DeviceTpmKeyState&gt;*&lt;/psf:DeviceTpmKeyState&gt;&lt;psf:LicenseSignatureKeyVersion&gt;*&lt;/psf:LicenseSignatureKeyVersion&gt;&lt;/psf:pp&gt;&lt;/S:Header&gt;&lt;S:Body&gt;&lt;wst:RequestSecurityTokenResponse&gt;&lt;wst:TokenType&gt;urn:passport:legacy&lt;/wst:TokenType&gt;&lt;wsp:AppliesTo&gt;&lt;wsa:EndpointReference&gt;&lt;wsa:Address&gt;http://Passport.NET/tb&lt;/wsa:Address&gt;&lt;/wsa:EndpointReference&gt;&lt;/wsp:AppliesTo&gt;&lt;wst:Lifetime&gt;&lt;wsu:Created&gt;2020-10-22T20:52:14Z&lt;/wsu:Created&gt;&lt;wsu:Expires&gt;2021-01-20T20:52:14Z&lt;/wsu:Expires&gt;&lt;/wst:Lifetime&gt;&lt;wst:RequestedSecurityToken&gt;&lt;EncryptedData xmlns="http://www.w3.org/2001/04/xmlenc#" Id="devicesoftware" Type="http://www.w3.org/2001/04/xmlenc#Element"&gt;&lt;EncryptionMethod Algorithm="http://www.w3.org/2001/04/xmlenc#tripledes-cbc"&gt;&lt;/EncryptionMethod&gt;&lt;ds:KeyInfo&gt;&lt;ds:KeyName&gt;*&lt;/ds:KeyName&gt;&lt;/ds:KeyInfo&gt;&lt;CipherData&gt;&lt;CipherValue&gt;*&lt;/CipherValue&gt;&lt;/CipherData&gt;&lt;/EncryptedData&gt;&lt;/wst:RequestedSecurityToken&gt;&lt;wst:RequestedAttachedReference&gt;&lt;wsse:SecurityTokenReference&gt;&lt;wsse:Reference URI="2jmj7l5rSw0yVb/vlWAYkK/YBwk="&gt;&lt;/wsse:Reference&gt;&lt;/wsse:SecurityTokenReference&gt;&lt;/wst:RequestedAttachedReference&gt;&lt;wst:RequestedUnattachedReference&gt;&lt;wsse:SecurityTokenReference&gt;&lt;wsse:Reference URI="2jmj7l5rSw0yVb/vlWAYkK/YBwk="&gt;&lt;/wsse:Reference&gt;&lt;/wsse:SecurityTokenReference&gt;&lt;/wst:RequestedUnattachedReference&gt;&lt;wst:RequestedProofToken&gt;&lt;wst:BinarySecret Type="urn:liveid:clepkey"&gt;*&lt;/wst:BinarySecret&gt;&lt;EncryptedKey xmlns="http://www.w3.org/2001/04/xmlenc#"&gt;&lt;EncryptionMethod Algorithm="http://www.w3.org/2001/04/xmlenc#rsa-oaep-mgf1p"/&gt;&lt;CipherData&gt;&lt;CipherValue&gt;*&lt;/CipherValue&gt;&lt;/CipherData&gt;&lt;/EncryptedKey&gt;&lt;/wst:RequestedProofToken&gt;&lt;/wst:RequestSecurityTokenResponse&gt;&lt;/S:Body&gt;&lt;/S:Envelope&gt;</Data>
</EventData>
</Event>

<Event xmlns="http://schemas.microsoft.com/win/2004/08/events/event"><System><Provider Name="Microsoft-Windows-LiveId" Guid="{05f02597-fe85-4e67-8542-69567ab8fd4f}"></Provider>
<EventID Qualifiers="">6117</EventID>
<Version>0</Version>
<Level>4</Level>
<Task>0</Task>
<Opcode>0</Opcode>
<Keywords>0x4000000000200800</Keywords>
<TimeCreated SystemTime="2020-10-22 20:52:15.069437"></TimeCreated>
<EventRecordID>8</EventRecordID>
<Correlation ActivityID="" RelatedActivityID=""></Correlation>
<Execution ProcessID="540" ThreadID="852"></Execution>
<Channel>Microsoft-Windows-LiveId/Operational</Channel>
<Computer>WIN-PTFPHFCRDJ0</Computer>
<Security UserID="S-1-5-18"></Security>
</System>
<EventData><Data Name="ResourceURI">http://Passport.NET/tb</Data>
<Data Name="Created">2020-10-23 02:22:14</Data>
<Data Name="Expires">2021-01-21 02:22:14</Data>
<Data Name="TokenType">urn:passport:legacy</Data>
<Data Name="AuthRequired">0</Data>
<Data Name="RequestStatus">0</Data>
<Data Name="HasFlowUrl">False</Data>
<Data Name="HasAuthUrl">False</Data>
<Data Name="HasEndAuthUrl">False</Data>
</EventData>
</Event>

<Event xmlns="http://schemas.microsoft.com/win/2004/08/events/event"><System><Provider Name="Microsoft-Windows-LiveId" Guid="{05f02597-fe85-4e67-8542-69567ab8fd4f}"></Provider>
<EventID Qualifiers="">2028</EventID>
<Version>0</Version>
<Level>2</Level>
<Task>0</Task>
<Opcode>0</Opcode>
<Keywords>0x4000000000000003</Keywords>
<TimeCreated SystemTime="2020-10-22 20:52:15.069786"></TimeCreated>
<EventRecordID>9</EventRecordID>
<Correlation ActivityID="" RelatedActivityID=""></Correlation>
<Execution ProcessID="540" ThreadID="852"></Execution>
<Channel>Microsoft-Windows-LiveId/Operational</Channel>
<Computer>WIN-PTFPHFCRDJ0</Computer>
<Security UserID="S-1-5-18"></Security>
</System>
<EventData><Data Name="FunctionName">CPPCRLRequest::SetApplicableCookies</Data>
<Data Name="ErrorCode">-2147023171</Data>
</EventData>
</Event>

<Event xmlns="http://schemas.microsoft.com/win/2004/08/events/event"><System><Provider Name="Microsoft-Windows-LiveId" Guid="{05f02597-fe85-4e67-8542-69567ab8fd4f}"></Provider>
<EventID Qualifiers="">2028</EventID>
<Version>0</Version>
<Level>2</Level>
<Task>0</Task>
<Opcode>0</Opcode>
<Keywords>0x4000000000000003</Keywords>
<TimeCreated SystemTime="2020-10-22 20:52:25.800842"></TimeCreated>
<EventRecordID>10</EventRecordID>
<Correlation ActivityID="" RelatedActivityID=""></Correlation>
<Execution ProcessID="540" ThreadID="2020"></Execution>
<Channel>Microsoft-Windows-LiveId/Operational</Channel>
<Computer>WIN-PTFPHFCRDJ0</Computer>
<Security UserID="S-1-5-21-1152959844-3645458174-3779170896-1000"></Security>
</System>
<EventData><Data Name="FunctionName">GetWindowsDeviceId</Data>
<Data Name="ErrorCode">-2147024894</Data>
</EventData>
</Event>

<Event xmlns="http://schemas.microsoft.com/win/2004/08/events/event"><System><Provider Name="Microsoft-Windows-LiveId" Guid="{05f02597-fe85-4e67-8542-69567ab8fd4f}"></Provider>
<EventID Qualifiers="">6115</EventID>
<Version>0</Version>
<Level>4</Level>
<Task>0</Task>
<Opcode>0</Opcode>
<Keywords>0x4000000000200800</Keywords>
<TimeCreated SystemTime="2020-10-22 20:52:25.803570"></TimeCreated>
<EventRecordID>11</EventRecordID>
<Correlation ActivityID="" RelatedActivityID=""></Correlation>
<Execution ProcessID="540" ThreadID="2020"></Execution>
<Channel>Microsoft-Windows-LiveId/Operational</Channel>
<Computer>WIN-PTFPHFCRDJ0</Computer>
<Security UserID="S-1-5-21-1152959844-3645458174-3779170896-1000"></Security>
</System>
<EventData><Data Name="Value">&lt;s:Envelope&gt;&lt;s:Header&gt;&lt;wsa:Action s:mustUnderstand="1"&gt;*&lt;/wsa:Action&gt;&lt;wsa:To s:mustUnderstand="1"&gt;*&lt;/wsa:To&gt;&lt;wsa:MessageID&gt;*&lt;/wsa:MessageID&gt;&lt;ps:AuthInfo Id="PPAuthInfo"&gt;&lt;ps:HostingApp&gt;*&lt;/ps:HostingApp&gt;&lt;ps:BinaryVersion&gt;*&lt;/ps:BinaryVersion&gt;&lt;ps:UIVersion&gt;*&lt;/ps:UIVersion&gt;&lt;ps:InlineUX&gt;*&lt;/ps:InlineUX&gt;&lt;ps:IsAdmin&gt;*&lt;/ps:IsAdmin&gt;&lt;ps:Cookies&gt;&lt;/ps:Cookies&gt;&lt;ps:RequestParams&gt;*&lt;/ps:RequestParams&gt;&lt;ps:LicenseSignatureKeyVersion&gt;*&lt;/ps:LicenseSignatureKeyVersion&gt;&lt;ps:ClientCapabilities&gt;*&lt;/ps:ClientCapabilities&gt;&lt;/ps:AuthInfo&gt;&lt;wsse:Security&gt;&lt;wsse:UsernameToken wsu:Id="devicesoftware"&gt;&lt;wsse:Username&gt;*&lt;/wsse:Username&gt;&lt;/wsse:UsernameToken&gt;&lt;wsse:BinarySecurityToken ValueType="urn:liveid:device" id="DeviceDAToken"&gt;*&lt;/wsse:BinarySecurityToken&gt;&lt;wsu:Timestamp wsu:Id="Timestamp"&gt;&lt;wsu:Created&gt;2020-10-22T20:52:24Z&lt;/wsu:Created&gt;&lt;wsu:Expires&gt;2020-10-22T20:57:24Z&lt;/wsu:Expires&gt;&lt;/wsu:Timestamp&gt;&lt;Signature xmlns="http://www.w3.org/2000/09/xmldsig#"&gt;&lt;SignedInfo&gt;&lt;CanonicalizationMethod Algorithm="http://www.w3.org/2001/10/xml-exc-c14n#"&gt;&lt;/CanonicalizationMethod&gt;&lt;SignatureMethod Algorithm="http://www.w3.org/2001/04/xmldsig-more#rsa-sha256"&gt;&lt;/SignatureMethod&gt;&lt;Reference URI="#RST0"&gt;&lt;Transforms&gt;&lt;Transform Algorithm="http://www.w3.org/2001/10/xml-exc-c14n#"&gt;&lt;/Transform&gt;&lt;/Transforms&gt;&lt;DigestMethod Algorithm="http://www.w3.org/2001/04/xmlenc#sha256"&gt;&lt;/DigestMethod&gt;&lt;DigestValue&gt;*&lt;/DigestValue&gt;&lt;/Reference&gt;&lt;Reference URI="#PPAuthInfo"&gt;&lt;Transforms&gt;&lt;Transform Algorithm="http://www.w3.org/2001/10/xml-exc-c14n#"&gt;&lt;/Transform&gt;&lt;/Transforms&gt;&lt;DigestMethod Algorithm="http://www.w3.org/2001/04/xmlenc#sha256"&gt;&lt;/DigestMethod&gt;&lt;DigestValue&gt;*&lt;/DigestValue&gt;&lt;/Reference&gt;&lt;Reference URI="#Timestamp"&gt;&lt;Transforms&gt;&lt;Transform Algorithm="http://www.w3.org/2001/10/xml-exc-c14n#"&gt;&lt;/Transform&gt;&lt;/Transforms&gt;&lt;DigestMethod Algorithm="http://www.w3.org/2001/04/xmlenc#sha256"&gt;&lt;/DigestMethod&gt;&lt;DigestValue&gt;*&lt;/DigestValue&gt;&lt;/Reference&gt;&lt;/SignedInfo&gt;&lt;SignatureValue&gt;*&lt;/SignatureValue&gt;&lt;/Signature&gt;&lt;/wsse:Security&gt;&lt;/s:Header&gt;&lt;s:Body&gt;&lt;wst:RequestSecurityToken Id="RST0"&gt;&lt;wst:RequestType&gt;*&lt;/wst:RequestType&gt;&lt;wsp:AppliesTo&gt;&lt;wsa:EndpointReference&gt;&lt;wsa:Address&gt;http://Passport.NET/tb&lt;/wsa:Address&gt;&lt;/wsa:EndpointReference&gt;&lt;/wsp:AppliesTo&gt;&lt;/wst:RequestSecurityToken&gt;&lt;/s:Body&gt;&lt;/s:Envelope&gt;</Data>
</EventData>
</Event>

<Event xmlns="http://schemas.microsoft.com/win/2004/08/events/event"><System><Provider Name="Microsoft-Windows-LiveId" Guid="{05f02597-fe85-4e67-8542-69567ab8fd4f}"></Provider>
<EventID Qualifiers="">6116</EventID>
<Version>0</Version>
<Level>4</Level>
<Task>0</Task>
<Opcode>0</Opcode>
<Keywords>0x4000000000200800</Keywords>
<TimeCreated SystemTime="2020-10-22 20:52:27.079296"></TimeCreated>
<EventRecordID>12</EventRecordID>
<Correlation ActivityID="" RelatedActivityID=""></Correlation>
<Execution ProcessID="540" ThreadID="2020"></Execution>
<Channel>Microsoft-Windows-LiveId/Operational</Channel>
<Computer>WIN-PTFPHFCRDJ0</Computer>
<Security UserID="S-1-5-21-1152959844-3645458174-3779170896-1000"></Security>
</System>
<EventData><Data Name="Value">&lt;S:Envelope&gt;&lt;S:Header&gt;&lt;wsa:Action wsu:Id="Action" S:mustUnderstand="1"&gt;*&lt;/wsa:Action&gt;&lt;wsa:To wsu:Id="To" S:mustUnderstand="1"&gt;*&lt;/wsa:To&gt;&lt;wsse:Security S:mustUnderstand="1"&gt;&lt;wsu:Timestamp wsu:Id="TS"&gt;&lt;wsu:Created&gt;2020-10-22T20:52:26Z&lt;/wsu:Created&gt;&lt;wsu:Expires&gt;2020-10-22T20:57:26Z&lt;/wsu:Expires&gt;&lt;/wsu:Timestamp&gt;&lt;/wsse:Security&gt;&lt;psf:pp&gt;&lt;psf:serverVersion&gt;*&lt;/psf:serverVersion&gt;&lt;psf:PUID&gt;*&lt;/psf:PUID&gt;&lt;psf:configVersion&gt;16.000.27716.00&lt;/psf:configVersion&gt;&lt;psf:uiVersion&gt;*&lt;/psf:uiVersion&gt;&lt;psf:mobileConfigVersion&gt;*&lt;/psf:mobileConfigVersion&gt;&lt;psf:appDataVersion&gt;*&lt;/psf:appDataVersion&gt;&lt;psf:authstate&gt;0x48803&lt;/psf:authstate&gt;&lt;psf:reqstatus&gt;0x0&lt;/psf:reqstatus&gt;&lt;psf:serverInfo Path="Live1" RollingUpgradeState="ExclusiveNew" LocVersion="0" ServerTime="2020-10-22T20:52:26Z" BuildVersion="16.0.28799.4"&gt;BL02PFA3937ABE4 2020.10.14.20.58.25&lt;/psf:serverInfo&gt;&lt;psf:cookies/&gt;&lt;psf:credProperties&gt;&lt;psf:credProperty Name="AuthMembername"&gt;*&lt;/psf:credProperty&gt;&lt;psf:credProperty Name="ChildFlags"&gt;*&lt;/psf:credProperty&gt;&lt;psf:credProperty Name="Flags"&gt;*&lt;/psf:credProperty&gt;&lt;psf:credProperty Name="FlagsV2"&gt;*&lt;/psf:credProperty&gt;&lt;psf:credProperty Name="IP"&gt;*&lt;/psf:credProperty&gt;&lt;psf:credProperty Name="AssociatedForStrongAuth"&gt;*&lt;/psf:credProperty&gt;&lt;psf:credProperty Name="RestrictedDA"&gt;*&lt;/psf:credProperty&gt;&lt;psf:credProperty Name="TemporaryPassword"&gt;*&lt;/psf:credProperty&gt;&lt;psf:credProperty Name="KeyPurposes"&gt;*&lt;/psf:credProperty&gt;&lt;/psf:credProperties&gt;&lt;psf:extProperties&gt;&lt;psf:extProperty Name="Notifications"&gt;&lt;/psf:extProperty&gt;&lt;/psf:extProperties&gt;&lt;psf:response/&gt;&lt;psf:DeviceTpmKeyState&gt;*&lt;/psf:DeviceTpmKeyState&gt;&lt;psf:LicenseSignatureKeyVersion&gt;*&lt;/psf:LicenseSignatureKeyVersion&gt;&lt;/psf:pp&gt;&lt;/S:Header&gt;&lt;S:Body&gt;&lt;wst:RequestSecurityTokenResponse&gt;&lt;wst:TokenType&gt;urn:passport:legacy&lt;/wst:TokenType&gt;&lt;wsp:AppliesTo&gt;&lt;wsa:EndpointReference&gt;&lt;wsa:Address&gt;http://Passport.NET/tb&lt;/wsa:Address&gt;&lt;/wsa:EndpointReference&gt;&lt;/wsp:AppliesTo&gt;&lt;wst:Lifetime&gt;&lt;wsu:Created&gt;2020-10-22T20:52:26Z&lt;/wsu:Created&gt;&lt;wsu:Expires&gt;2021-01-20T20:52:26Z&lt;/wsu:Expires&gt;&lt;/wst:Lifetime&gt;&lt;wst:RequestedSecurityToken&gt;&lt;EncryptedData xmlns="http://www.w3.org/2001/04/xmlenc#" Id="devicesoftware" Type="http://www.w3.org/2001/04/xmlenc#Element"&gt;&lt;EncryptionMethod Algorithm="http://www.w3.org/2001/04/xmlenc#tripledes-cbc"&gt;&lt;/EncryptionMethod&gt;&lt;ds:KeyInfo&gt;&lt;ds:KeyName&gt;*&lt;/ds:KeyName&gt;&lt;/ds:KeyInfo&gt;&lt;CipherData&gt;&lt;CipherValue&gt;*&lt;/CipherValue&gt;&lt;/CipherData&gt;&lt;/EncryptedData&gt;&lt;/wst:RequestedSecurityToken&gt;&lt;wst:RequestedAttachedReference&gt;&lt;wsse:SecurityTokenReference&gt;&lt;wsse:Reference URI="2jmj7l5rSw0yVb/vlWAYkK/YBwk="&gt;&lt;/wsse:Reference&gt;&lt;/wsse:SecurityTokenReference&gt;&lt;/wst:RequestedAttachedReference&gt;&lt;wst:RequestedUnattachedReference&gt;&lt;wsse:SecurityTokenReference&gt;&lt;wsse:Reference URI="2jmj7l5rSw0yVb/vlWAYkK/YBwk="&gt;&lt;/wsse:Reference&gt;&lt;/wsse:SecurityTokenReference&gt;&lt;/wst:RequestedUnattachedReference&gt;&lt;wst:RequestedProofToken&gt;&lt;wst:BinarySecret Type="urn:liveid:clepkey"&gt;*&lt;/wst:BinarySecret&gt;&lt;EncryptedKey xmlns="http://www.w3.org/2001/04/xmlenc#"&gt;&lt;EncryptionMethod Algorithm="http://www.w3.org/2001/04/xmlenc#rsa-oaep-mgf1p"/&gt;&lt;CipherData&gt;&lt;CipherValue&gt;*&lt;/CipherValue&gt;&lt;/CipherData&gt;&lt;/EncryptedKey&gt;&lt;/wst:RequestedProofToken&gt;&lt;/wst:RequestSecurityTokenResponse&gt;&lt;/S:Body&gt;&lt;/S:Envelope&gt;</Data>
</EventData>
</Event>

<Event xmlns="http://schemas.microsoft.com/win/2004/08/events/event"><System><Provider Name="Microsoft-Windows-LiveId" Guid="{05f02597-fe85-4e67-8542-69567ab8fd4f}"></Provider>
<EventID Qualifiers="">6117</EventID>
<Version>0</Version>
<Level>4</Level>
<Task>0</Task>
<Opcode>0</Opcode>
<Keywords>0x4000000000200800</Keywords>
<TimeCreated SystemTime="2020-10-22 20:52:27.083162"></TimeCreated>
<EventRecordID>13</EventRecordID>
<Correlation ActivityID="" RelatedActivityID=""></Correlation>
<Execution ProcessID="540" ThreadID="2020"></Execution>
<Channel>Microsoft-Windows-LiveId/Operational</Channel>
<Computer>WIN-PTFPHFCRDJ0</Computer>
<Security UserID="S-1-5-21-1152959844-3645458174-3779170896-1000"></Security>
</System>
<EventData><Data Name="ResourceURI">http://Passport.NET/tb</Data>
<Data Name="Created">2020-10-23 02:22:26</Data>
<Data Name="Expires">2021-01-21 02:22:26</Data>
<Data Name="TokenType">urn:passport:legacy</Data>
<Data Name="AuthRequired">0</Data>
<Data Name="RequestStatus">0</Data>
<Data Name="HasFlowUrl">False</Data>
<Data Name="HasAuthUrl">False</Data>
<Data Name="HasEndAuthUrl">False</Data>
</EventData>
</Event>

<Event xmlns="http://schemas.microsoft.com/win/2004/08/events/event"><System><Provider Name="Microsoft-Windows-LiveId" Guid="{05f02597-fe85-4e67-8542-69567ab8fd4f}"></Provider>
<EventID Qualifiers="">2028</EventID>
<Version>0</Version>
<Level>2</Level>
<Task>0</Task>
<Opcode>0</Opcode>
<Keywords>0x4000000000000003</Keywords>
<TimeCreated SystemTime="2020-10-22 20:52:27.758535"></TimeCreated>
<EventRecordID>14</EventRecordID>
<Correlation ActivityID="" RelatedActivityID=""></Correlation>
<Execution ProcessID="540" ThreadID="1520"></Execution>
<Channel>Microsoft-Windows-LiveId/Operational</Channel>
<Computer>WIN-PTFPHFCRDJ0</Computer>
<Security UserID="S-1-5-18"></Security>
</System>
<EventData><Data Name="FunctionName">GetWindowsDeviceId</Data>
<Data Name="ErrorCode">-2147024894</Data>
</EventData>
</Event>

<Event xmlns="http://schemas.microsoft.com/win/2004/08/events/event"><System><Provider Name="Microsoft-Windows-LiveId" Guid="{05f02597-fe85-4e67-8542-69567ab8fd4f}"></Provider>
<EventID Qualifiers="">6115</EventID>
<Version>0</Version>
<Level>4</Level>
<Task>0</Task>
<Opcode>0</Opcode>
<Keywords>0x4000000000200800</Keywords>
<TimeCreated SystemTime="2020-10-22 20:52:27.760462"></TimeCreated>
<EventRecordID>15</EventRecordID>
<Correlation ActivityID="" RelatedActivityID=""></Correlation>
<Execution ProcessID="540" ThreadID="1520"></Execution>
<Channel>Microsoft-Windows-LiveId/Operational</Channel>
<Computer>WIN-PTFPHFCRDJ0</Computer>
<Security UserID="S-1-5-18"></Security>
</System>
<EventData><Data Name="Value">&lt;s:Envelope&gt;&lt;s:Header&gt;&lt;wsa:Action s:mustUnderstand="1"&gt;*&lt;/wsa:Action&gt;&lt;wsa:To s:mustUnderstand="1"&gt;*&lt;/wsa:To&gt;&lt;wsa:MessageID&gt;*&lt;/wsa:MessageID&gt;&lt;ps:AuthInfo Id="PPAuthInfo"&gt;&lt;ps:HostingApp&gt;*&lt;/ps:HostingApp&gt;&lt;ps:BinaryVersion&gt;*&lt;/ps:BinaryVersion&gt;&lt;ps:UIVersion&gt;*&lt;/ps:UIVersion&gt;&lt;ps:InlineUX&gt;*&lt;/ps:InlineUX&gt;&lt;ps:IsAdmin&gt;*&lt;/ps:IsAdmin&gt;&lt;ps:Cookies&gt;&lt;/ps:Cookies&gt;&lt;ps:RequestParams&gt;*&lt;/ps:RequestParams&gt;&lt;ps:LicenseSignatureKeyVersion&gt;*&lt;/ps:LicenseSignatureKeyVersion&gt;&lt;ps:ClientCapabilities&gt;*&lt;/ps:ClientCapabilities&gt;&lt;/ps:AuthInfo&gt;&lt;wsse:Security&gt;&lt;EncryptedData xmlns="http://www.w3.org/2001/04/xmlenc#" Id="devicesoftware" Type="http://www.w3.org/2001/04/xmlenc#Element"&gt;&lt;EncryptionMethod Algorithm="http://www.w3.org/2001/04/xmlenc#tripledes-cbc"&gt;&lt;/EncryptionMethod&gt;&lt;ds:KeyInfo&gt;&lt;ds:KeyName&gt;*&lt;/ds:KeyName&gt;&lt;/ds:KeyInfo&gt;&lt;CipherData&gt;&lt;CipherValue&gt;*&lt;/CipherValue&gt;&lt;/CipherData&gt;&lt;/EncryptedData&gt;&lt;wssc:DerivedKeyToken wsu:Id="SignKey" Algorithm="urn:liveid:SP800108_CTR_HMAC_SHA256_DOUBLEDERIVED"&gt;&lt;wsse:RequestedTokenReference&gt;&lt;wsse:KeyIdentifier ValueType="http://docs.oasis-open.org/wss/2004/XX/oasis-2004XX-wss-saml-token-profile-1.0#SAMLAssertionID"/&gt;&lt;wsse:Reference URI=""/&gt;&lt;/wsse:RequestedTokenReference&gt;&lt;wssc:Nonce&gt;*&lt;/wssc:Nonce&gt;&lt;/wssc:DerivedKeyToken&gt;&lt;wsu:Timestamp wsu:Id="Timestamp"&gt;&lt;wsu:Created&gt;2020-10-22T20:52:26Z&lt;/wsu:Created&gt;&lt;wsu:Expires&gt;2020-10-22T20:57:26Z&lt;/wsu:Expires&gt;&lt;/wsu:Timestamp&gt;&lt;Signature xmlns="http://www.w3.org/2000/09/xmldsig#"&gt;&lt;SignedInfo&gt;&lt;CanonicalizationMethod Algorithm="http://www.w3.org/2001/10/xml-exc-c14n#"&gt;&lt;/CanonicalizationMethod&gt;&lt;SignatureMethod Algorithm="http://www.w3.org/2001/04/xmldsig-more#hmac-sha256"&gt;&lt;/SignatureMethod&gt;&lt;Reference URI="#RST0"&gt;&lt;Transforms&gt;&lt;Transform Algorithm="http://www.w3.org/2001/10/xml-exc-c14n#"&gt;&lt;/Transform&gt;&lt;/Transforms&gt;&lt;DigestMethod Algorithm="http://www.w3.org/2001/04/xmlenc#sha256"&gt;&lt;/DigestMethod&gt;&lt;DigestValue&gt;*&lt;/DigestValue&gt;&lt;/Reference&gt;&lt;Reference URI="#Timestamp"&gt;&lt;Transforms&gt;&lt;Transform Algorithm="http://www.w3.org/2001/10/xml-exc-c14n#"&gt;&lt;/Transform&gt;&lt;/Transforms&gt;&lt;DigestMethod Algorithm="http://www.w3.org/2001/04/xmlenc#sha256"&gt;&lt;/DigestMethod&gt;&lt;DigestValue&gt;*&lt;/DigestValue&gt;&lt;/Reference&gt;&lt;Reference URI="#PPAuthInfo"&gt;&lt;Transforms&gt;&lt;Transform Algorithm="http://www.w3.org/2001/10/xml-exc-c14n#"&gt;&lt;/Transform&gt;&lt;/Transforms&gt;&lt;DigestMethod Algorithm="http://www.w3.org/2001/04/xmlenc#sha256"&gt;&lt;/DigestMethod&gt;&lt;DigestValue&gt;*&lt;/DigestValue&gt;&lt;/Reference&gt;&lt;/SignedInfo&gt;&lt;SignatureValue&gt;*&lt;/SignatureValue&gt;&lt;KeyInfo&gt;&lt;wsse:SecurityTokenReference&gt;&lt;wsse:Reference URI="#SignKey"/&gt;&lt;/wsse:SecurityTokenReference&gt;&lt;/KeyInfo&gt;&lt;/Signature&gt;&lt;/wsse:Security&gt;&lt;/s:Header&gt;&lt;s:Body&gt;&lt;wst:RequestSecurityToken Id="RST0"&gt;&lt;wst:RequestType&gt;*&lt;/wst:RequestType&gt;&lt;wsp:AppliesTo&gt;&lt;wsa:EndpointReference&gt;&lt;wsa:Address&gt;https://events.data.microsoft.com&lt;/wsa:Address&gt;&lt;/wsa:EndpointReference&gt;&lt;/wsp:AppliesTo&gt;&lt;wsp:PolicyReference URI="NFS_1wk_compact_SSL"&gt;&lt;/wsp:PolicyReference&gt;&lt;/wst:RequestSecurityToken&gt;&lt;/s:Body&gt;&lt;/s:Envelope&gt;</Data>
</EventData>
</Event>

<Event xmlns="http://schemas.microsoft.com/win/2004/08/events/event"><System><Provider Name="Microsoft-Windows-LiveId" Guid="{05f02597-fe85-4e67-8542-69567ab8fd4f}"></Provider>
<EventID Qualifiers="">6116</EventID>
<Version>0</Version>
<Level>4</Level>
<Task>0</Task>
<Opcode>0</Opcode>
<Keywords>0x4000000000200800</Keywords>
<TimeCreated SystemTime="2020-10-22 20:52:28.314928"></TimeCreated>
<EventRecordID>16</EventRecordID>
<Correlation ActivityID="" RelatedActivityID=""></Correlation>
<Execution ProcessID="540" ThreadID="1520"></Execution>
<Channel>Microsoft-Windows-LiveId/Operational</Channel>
<Computer>WIN-PTFPHFCRDJ0</Computer>
<Security UserID="S-1-5-18"></Security>
</System>
<EventData><Data Name="Value">&lt;S:Envelope&gt;&lt;S:Header&gt;&lt;wsa:Action wsu:Id="Action" S:mustUnderstand="1"&gt;*&lt;/wsa:Action&gt;&lt;wsa:To wsu:Id="To" S:mustUnderstand="1"&gt;*&lt;/wsa:To&gt;&lt;wsse:Security&gt;&lt;wsu:Timestamp wsu:Id="TS"&gt;&lt;wsu:Created&gt;2020-10-22T20:52:28Z&lt;/wsu:Created&gt;&lt;wsu:Expires&gt;2020-10-22T20:57:28Z&lt;/wsu:Expires&gt;&lt;/wsu:Timestamp&gt;&lt;wssc:DerivedKeyToken wsu:Id="SignKey" Algorithm="urn:liveid:SP800108_CTR_HMAC_SHA256_DOUBLEDERIVED"&gt;&lt;wsse:SecurityTokenReference&gt;&lt;wsse:Reference URI="JswCosHMrM54YJJigcQ9augYNHY="&gt;&lt;/wsse:Reference&gt;&lt;/wsse:SecurityTokenReference&gt;&lt;wssc:Nonce&gt;*&lt;/wssc:Nonce&gt;&lt;/wssc:DerivedKeyToken&gt;&lt;wssc:DerivedKeyToken wsu:Id="EncKey" Algorithm="urn:liveid:SP800108_CTR_HMAC_SHA256_DOUBLEDERIVED"&gt;&lt;wsse:SecurityTokenReference&gt;&lt;wsse:Reference URI="JswCosHMrM54YJJigcQ9augYNHY="&gt;&lt;/wsse:Reference&gt;&lt;/wsse:SecurityTokenReference&gt;&lt;wssc:Nonce&gt;*&lt;/wssc:Nonce&gt;&lt;/wssc:DerivedKeyToken&gt;&lt;Signature xmlns="http://www.w3.org/2000/09/xmldsig#"&gt;&lt;SignedInfo&gt;&lt;CanonicalizationMethod Algorithm="http://www.w3.org/2001/10/xml-exc-c14n#"&gt;&lt;/CanonicalizationMethod&gt;&lt;SignatureMethod Algorithm="http://www.w3.org/2001/04/xmldsig-more#hmac-sha256"&gt;&lt;/SignatureMethod&gt;&lt;Reference URI="#EncPsf"&gt;&lt;Transforms&gt;&lt;Transform Algorithm="http://www.w3.org/2001/10/xml-exc-c14n#"&gt;&lt;/Transform&gt;&lt;/Transforms&gt;&lt;DigestMethod Algorithm="http://www.w3.org/2001/04/xmlenc#sha256"&gt;&lt;/DigestMethod&gt;&lt;DigestValue&gt;*&lt;/DigestValue&gt;&lt;/Reference&gt;&lt;Reference URI="#Body"&gt;&lt;Transforms&gt;&lt;Transform Algorithm="http://www.w3.org/2001/10/xml-exc-c14n#"&gt;&lt;/Transform&gt;&lt;/Transforms&gt;&lt;DigestMethod Algorithm="http://www.w3.org/2001/04/xmlenc#sha256"&gt;&lt;/DigestMethod&gt;&lt;DigestValue&gt;*&lt;/DigestValue&gt;&lt;/Reference&gt;&lt;Reference URI="#To"&gt;&lt;Transforms&gt;&lt;Transform Algorithm="http://www.w3.org/2001/10/xml-exc-c14n#"&gt;&lt;/Transform&gt;&lt;/Transforms&gt;&lt;DigestMethod Algorithm="http://www.w3.org/2001/04/xmlenc#sha256"&gt;&lt;/DigestMethod&gt;&lt;DigestValue&gt;*&lt;/DigestValue&gt;&lt;/Reference&gt;&lt;Reference URI="#Action"&gt;&lt;Transforms&gt;&lt;Transform Algorithm="http://www.w3.org/2001/10/xml-exc-c14n#"&gt;&lt;/Transform&gt;&lt;/Transforms&gt;&lt;DigestMethod Algorithm="http://www.w3.org/2001/04/xmlenc#sha256"&gt;&lt;/DigestMethod&gt;&lt;DigestValue&gt;*&lt;/DigestValue&gt;&lt;/Reference&gt;&lt;Reference URI="#TS"&gt;&lt;Transforms&gt;&lt;Transform Algorithm="http://www.w3.org/2001/10/xml-exc-c14n#"&gt;&lt;/Transform&gt;&lt;/Transforms&gt;&lt;DigestMethod Algorithm="http://www.w3.org/2001/04/xmlenc#sha256"&gt;&lt;/DigestMethod&gt;&lt;DigestValue&gt;*&lt;/DigestValue&gt;&lt;/Reference&gt;&lt;/SignedInfo&gt;&lt;SignatureValue&gt;*&lt;/SignatureValue&gt;&lt;KeyInfo&gt;&lt;wsse:SecurityTokenReference&gt;&lt;wsse:Reference URI="#SignKey"&gt;&lt;/wsse:Reference&gt;&lt;/wsse:SecurityTokenReference&gt;&lt;/KeyInfo&gt;&lt;/Signature&gt;&lt;e:ReferenceList xmlns:e="http://www.w3.org/2001/04/xmlenc#"&gt;&lt;e:DataReference URI="#RSTR"/&gt;&lt;e:DataReference URI="#EncPsf"/&gt;&lt;/e:ReferenceList&gt;&lt;/wsse:Security&gt;&lt;psf:EncryptedPP&gt;&lt;EncryptedData xmlns="http://www.w3.org/2001/04/xmlenc#" Id="EncPsf" Type="http://www.w3.org/2001/04/xmlenc#Element"&gt;&lt;EncryptionMethod Algorithm="http://www.w3.org/2001/04/xmlenc#aes256-cbc"&gt;&lt;/EncryptionMethod&gt;&lt;KeyInfo xmlns="http://www.w3.org/2000/09/xmldsig#"&gt;&lt;wsse:SecurityTokenReference&gt;&lt;wsse:Reference URI="#EncKey"&gt;&lt;/wsse:Reference&gt;&lt;/wsse:SecurityTokenReference&gt;&lt;/KeyInfo&gt;&lt;CipherData&gt;&lt;CipherValue&gt;*&lt;/CipherValue&gt;&lt;/CipherData&gt;&lt;/EncryptedData&gt;&lt;/psf:EncryptedPP&gt;&lt;/S:Header&gt;&lt;S:Body wsu:Id="Body"&gt;&lt;EncryptedData xmlns="http://www.w3.org/2001/04/xmlenc#" Id="RSTR" Type="http://www.w3.org/2001/04/xmlenc#Element"&gt;&lt;EncryptionMethod Algorithm="http://www.w3.org/2001/04/xmlenc#aes256-cbc"&gt;&lt;/EncryptionMethod&gt;&lt;KeyInfo xmlns="http://www.w3.org/2000/09/xmldsig#"&gt;&lt;wsse:SecurityTokenReference&gt;&lt;wsse:Reference URI="#EncKey"&gt;&lt;/wsse:Reference&gt;&lt;/wsse:SecurityTokenReference&gt;&lt;/KeyInfo&gt;&lt;CipherData&gt;&lt;CipherValue&gt;*&lt;/CipherValue&gt;&lt;/CipherData&gt;&lt;/EncryptedData&gt;&lt;/S:Body&gt;&lt;/S:Envelope&gt;</Data>
</EventData>
</Event>

<Event xmlns="http://schemas.microsoft.com/win/2004/08/events/event"><System><Provider Name="Microsoft-Windows-LiveId" Guid="{05f02597-fe85-4e67-8542-69567ab8fd4f}"></Provider>
<EventID Qualifiers="">6117</EventID>
<Version>0</Version>
<Level>4</Level>
<Task>0</Task>
<Opcode>0</Opcode>
<Keywords>0x4000000000200800</Keywords>
<TimeCreated SystemTime="2020-10-22 20:52:28.315845"></TimeCreated>
<EventRecordID>17</EventRecordID>
<Correlation ActivityID="" RelatedActivityID=""></Correlation>
<Execution ProcessID="540" ThreadID="1520"></Execution>
<Channel>Microsoft-Windows-LiveId/Operational</Channel>
<Computer>WIN-PTFPHFCRDJ0</Computer>
<Security UserID="S-1-5-18"></Security>
</System>
<EventData><Data Name="ResourceURI">https://events.data.microsoft.com</Data>
<Data Name="Created">2020-10-23 02:22:28</Data>
<Data Name="Expires">2020-10-30 02:22:28</Data>
<Data Name="TokenType">urn:passport:compact</Data>
<Data Name="AuthRequired">0</Data>
<Data Name="RequestStatus">0</Data>
<Data Name="HasFlowUrl">False</Data>
<Data Name="HasAuthUrl">False</Data>
<Data Name="HasEndAuthUrl">False</Data>
</EventData>
</Event>

<Event xmlns="http://schemas.microsoft.com/win/2004/08/events/event"><System><Provider Name="Microsoft-Windows-LiveId" Guid="{05f02597-fe85-4e67-8542-69567ab8fd4f}"></Provider>
<EventID Qualifiers="">2028</EventID>
<Version>0</Version>
<Level>2</Level>
<Task>0</Task>
<Opcode>0</Opcode>
<Keywords>0x4000000000000003</Keywords>
<TimeCreated SystemTime="2020-10-22 20:52:30.383213"></TimeCreated>
<EventRecordID>18</EventRecordID>
<Correlation ActivityID="" RelatedActivityID=""></Correlation>
<Execution ProcessID="540" ThreadID="1520"></Execution>
<Channel>Microsoft-Windows-LiveId/Operational</Channel>
<Computer>WIN-PTFPHFCRDJ0</Computer>
<Security UserID="S-1-5-21-1152959844-3645458174-3779170896-1000"></Security>
</System>
<EventData><Data Name="FunctionName">GetWindowsDeviceId</Data>
<Data Name="ErrorCode">-2147024894</Data>
</EventData>
</Event>

<Event xmlns="http://schemas.microsoft.com/win/2004/08/events/event"><System><Provider Name="Microsoft-Windows-LiveId" Guid="{05f02597-fe85-4e67-8542-69567ab8fd4f}"></Provider>
<EventID Qualifiers="">6115</EventID>
<Version>0</Version>
<Level>4</Level>
<Task>0</Task>
<Opcode>0</Opcode>
<Keywords>0x4000000000200800</Keywords>
<TimeCreated SystemTime="2020-10-22 20:52:30.385202"></TimeCreated>
<EventRecordID>19</EventRecordID>
<Correlation ActivityID="" RelatedActivityID=""></Correlation>
<Execution ProcessID="540" ThreadID="1520"></Execution>
<Channel>Microsoft-Windows-LiveId/Operational</Channel>
<Computer>WIN-PTFPHFCRDJ0</Computer>
<Security UserID="S-1-5-21-1152959844-3645458174-3779170896-1000"></Security>
</System>
<EventData><Data Name="Value">&lt;s:Envelope&gt;&lt;s:Header&gt;&lt;wsa:Action s:mustUnderstand="1"&gt;*&lt;/wsa:Action&gt;&lt;wsa:To s:mustUnderstand="1"&gt;*&lt;/wsa:To&gt;&lt;wsa:MessageID&gt;*&lt;/wsa:MessageID&gt;&lt;ps:AuthInfo Id="PPAuthInfo"&gt;&lt;ps:HostingApp&gt;*&lt;/ps:HostingApp&gt;&lt;ps:BinaryVersion&gt;*&lt;/ps:BinaryVersion&gt;&lt;ps:UIVersion&gt;*&lt;/ps:UIVersion&gt;&lt;ps:InlineUX&gt;*&lt;/ps:InlineUX&gt;&lt;ps:IsAdmin&gt;*&lt;/ps:IsAdmin&gt;&lt;ps:Cookies&gt;&lt;/ps:Cookies&gt;&lt;ps:RequestParams&gt;*&lt;/ps:RequestParams&gt;&lt;ps:LicenseSignatureKeyVersion&gt;*&lt;/ps:LicenseSignatureKeyVersion&gt;&lt;ps:ClientCapabilities&gt;*&lt;/ps:ClientCapabilities&gt;&lt;/ps:AuthInfo&gt;&lt;wsse:Security&gt;&lt;EncryptedData xmlns="http://www.w3.org/2001/04/xmlenc#" Id="devicesoftware" Type="http://www.w3.org/2001/04/xmlenc#Element"&gt;&lt;EncryptionMethod Algorithm="http://www.w3.org/2001/04/xmlenc#tripledes-cbc"&gt;&lt;/EncryptionMethod&gt;&lt;ds:KeyInfo&gt;&lt;ds:KeyName&gt;*&lt;/ds:KeyName&gt;&lt;/ds:KeyInfo&gt;&lt;CipherData&gt;&lt;CipherValue&gt;*&lt;/CipherValue&gt;&lt;/CipherData&gt;&lt;/EncryptedData&gt;&lt;wssc:DerivedKeyToken wsu:Id="SignKey" Algorithm="urn:liveid:SP800108_CTR_HMAC_SHA256_DOUBLEDERIVED"&gt;&lt;wsse:RequestedTokenReference&gt;&lt;wsse:KeyIdentifier ValueType="http://docs.oasis-open.org/wss/2004/XX/oasis-2004XX-wss-saml-token-profile-1.0#SAMLAssertionID"/&gt;&lt;wsse:Reference URI=""/&gt;&lt;/wsse:RequestedTokenReference&gt;&lt;wssc:Nonce&gt;*&lt;/wssc:Nonce&gt;&lt;/wssc:DerivedKeyToken&gt;&lt;wsu:Timestamp wsu:Id="Timestamp"&gt;&lt;wsu:Created&gt;2020-10-22T20:52:29Z&lt;/wsu:Created&gt;&lt;wsu:Expires&gt;2020-10-22T20:57:29Z&lt;/wsu:Expires&gt;&lt;/wsu:Timestamp&gt;&lt;Signature xmlns="http://www.w3.org/2000/09/xmldsig#"&gt;&lt;SignedInfo&gt;&lt;CanonicalizationMethod Algorithm="http://www.w3.org/2001/10/xml-exc-c14n#"&gt;&lt;/CanonicalizationMethod&gt;&lt;SignatureMethod Algorithm="http://www.w3.org/2001/04/xmldsig-more#hmac-sha256"&gt;&lt;/SignatureMethod&gt;&lt;Reference URI="#RST0"&gt;&lt;Transforms&gt;&lt;Transform Algorithm="http://www.w3.org/2001/10/xml-exc-c14n#"&gt;&lt;/Transform&gt;&lt;/Transforms&gt;&lt;DigestMethod Algorithm="http://www.w3.org/2001/04/xmlenc#sha256"&gt;&lt;/DigestMethod&gt;&lt;DigestValue&gt;*&lt;/DigestValue&gt;&lt;/Reference&gt;&lt;Reference URI="#Timestamp"&gt;&lt;Transforms&gt;&lt;Transform Algorithm="http://www.w3.org/2001/10/xml-exc-c14n#"&gt;&lt;/Transform&gt;&lt;/Transforms&gt;&lt;DigestMethod Algorithm="http://www.w3.org/2001/04/xmlenc#sha256"&gt;&lt;/DigestMethod&gt;&lt;DigestValue&gt;*&lt;/DigestValue&gt;&lt;/Reference&gt;&lt;Reference URI="#PPAuthInfo"&gt;&lt;Transforms&gt;&lt;Transform Algorithm="http://www.w3.org/2001/10/xml-exc-c14n#"&gt;&lt;/Transform&gt;&lt;/Transforms&gt;&lt;DigestMethod Algorithm="http://www.w3.org/2001/04/xmlenc#sha256"&gt;&lt;/DigestMethod&gt;&lt;DigestValue&gt;*&lt;/DigestValue&gt;&lt;/Reference&gt;&lt;/SignedInfo&gt;&lt;SignatureValue&gt;*&lt;/SignatureValue&gt;&lt;KeyInfo&gt;&lt;wsse:SecurityTokenReference&gt;&lt;wsse:Reference URI="#SignKey"/&gt;&lt;/wsse:SecurityTokenReference&gt;&lt;/KeyInfo&gt;&lt;/Signature&gt;&lt;/wsse:Security&gt;&lt;/s:Header&gt;&lt;s:Body&gt;&lt;wst:RequestSecurityToken Id="RST0"&gt;&lt;wst:RequestType&gt;*&lt;/wst:RequestType&gt;&lt;wsp:AppliesTo&gt;&lt;wsa:EndpointReference&gt;&lt;wsa:Address&gt;474a-87ad-2f9a87615fa3-dc1-tip.cloudapp.net&lt;/wsa:Address&gt;&lt;/wsa:EndpointReference&gt;&lt;/wsp:AppliesTo&gt;&lt;wsp:PolicyReference URI="MBI_SSL"&gt;&lt;/wsp:PolicyReference&gt;&lt;/wst:RequestSecurityToken&gt;&lt;/s:Body&gt;&lt;/s:Envelope&gt;</Data>
</EventData>
</Event>

