<Event xmlns="http://schemas.microsoft.com/win/2004/08/events/event"><System><Provider Name="Microsoft-Windows-PushNotifications-Platform" Guid="{88cd9180-4491-4640-b571-e3bee2527943}"></Provider>
<EventID Qualifiers="">3001</EventID>
<Version>0</Version>
<Level>4</Level>
<Task>1</Task>
<Opcode>2</Opcode>
<Keywords>0x8000000000000800</Keywords>
<TimeCreated SystemTime="2020-10-26 15:59:44.973307"></TimeCreated>
<EventRecordID>324</EventRecordID>
<Correlation ActivityID="" RelatedActivityID=""></Correlation>
<Execution ProcessID="348" ThreadID="3276"></Execution>
<Channel>Microsoft-Windows-PushNotification-Platform/Operational</Channel>
<Computer>WIN-PTFPHFCRDJ0</Computer>
<Security UserID="S-1-5-21-1152959844-3645458174-3779170896-1000"></Security>
</System>
<EventData><Data Name="Endpoint">0x000002a7ad2f8a28</Data>
<Data Name="SessionId">3</Data>
<Data Name="Error">0</Data>
<Data Name="ProcessName">C:\Windows\SystemApps\ShellExperienceHost_cw5n1h2txyewy\ShellExperienceHost.exe</Data>
<Data Name="QueuedTileCloses">0</Data>
<Data Name="QueuedTileCleanups">0</Data>
</EventData>
</Event>

<Event xmlns="http://schemas.microsoft.com/win/2004/08/events/event"><System><Provider Name="Microsoft-Windows-PushNotifications-Platform" Guid="{88cd9180-4491-4640-b571-e3bee2527943}"></Provider>
<EventID Qualifiers="">3052</EventID>
<Version>0</Version>
<Level>4</Level>
<Task>10</Task>
<Opcode>1</Opcode>
<Keywords>0x8000000080800803</Keywords>
<TimeCreated SystemTime="2020-10-26 16:00:12.395317"></TimeCreated>
<EventRecordID>325</EventRecordID>
<Correlation ActivityID="" RelatedActivityID=""></Correlation>
<Execution ProcessID="348" ThreadID="3408"></Execution>
<Channel>Microsoft-Windows-PushNotification-Platform/Operational</Channel>
<Computer>WIN-PTFPHFCRDJ0</Computer>
<Security UserID="S-1-5-21-1152959844-3645458174-3779170896-1000"></Security>
</System>
<EventData><Data Name="TrackingId">16</Data>
<Data Name="AppUserModelId">Windows.Defender.SecurityCenter</Data>
<Data Name="SessionId">1</Data>
<Data Name="MessageId">{8901320b-8527-4f42-8eec-198b4929b1a4}</Data>
</EventData>
</Event>

<Event xmlns="http://schemas.microsoft.com/win/2004/08/events/event"><System><Provider Name="Microsoft-Windows-PushNotifications-Platform" Guid="{88cd9180-4491-4640-b571-e3bee2527943}"></Provider>
<EventID Qualifiers="">3111</EventID>
<Version>0</Version>
<Level>4</Level>
<Task>28</Task>
<Opcode>1</Opcode>
<Keywords>0x8000000000000800</Keywords>
<TimeCreated SystemTime="2020-10-26 16:00:12.396021"></TimeCreated>
<EventRecordID>326</EventRecordID>
<Correlation ActivityID="" RelatedActivityID=""></Correlation>
<Execution ProcessID="348" ThreadID="3408"></Execution>
<Channel>Microsoft-Windows-PushNotification-Platform/Operational</Channel>
<Computer>WIN-PTFPHFCRDJ0</Computer>
<Security UserID="S-1-5-21-1152959844-3645458174-3779170896-1000"></Security>
</System>
<EventData></EventData>
</Event>

<Event xmlns="http://schemas.microsoft.com/win/2004/08/events/event"><System><Provider Name="Microsoft-Windows-PushNotifications-Platform" Guid="{88cd9180-4491-4640-b571-e3bee2527943}"></Provider>
<EventID Qualifiers="">3112</EventID>
<Version>0</Version>
<Level>4</Level>
<Task>28</Task>
<Opcode>2</Opcode>
<Keywords>0x8000000000000800</Keywords>
<TimeCreated SystemTime="2020-10-26 16:00:12.396025"></TimeCreated>
<EventRecordID>327</EventRecordID>
<Correlation ActivityID="" RelatedActivityID=""></Correlation>
<Execution ProcessID="348" ThreadID="3408"></Execution>
<Channel>Microsoft-Windows-PushNotification-Platform/Operational</Channel>
<Computer>WIN-PTFPHFCRDJ0</Computer>
<Security UserID="S-1-5-21-1152959844-3645458174-3779170896-1000"></Security>
</System>
<EventData></EventData>
</Event>

<Event xmlns="http://schemas.microsoft.com/win/2004/08/events/event"><System><Provider Name="Microsoft-Windows-PushNotifications-Platform" Guid="{88cd9180-4491-4640-b571-e3bee2527943}"></Provider>
<EventID Qualifiers="">1025</EventID>
<Version>0</Version>
<Level>4</Level>
<Task>0</Task>
<Opcode>0</Opcode>
<Keywords>0x8000000000000100</Keywords>
<TimeCreated SystemTime="2020-10-26 16:22:00.376530"></TimeCreated>
<EventRecordID>328</EventRecordID>
<Correlation ActivityID="" RelatedActivityID=""></Correlation>
<Execution ProcessID="348" ThreadID="1448"></Execution>
<Channel>Microsoft-Windows-PushNotification-Platform/Operational</Channel>
<Computer>WIN-PTFPHFCRDJ0</Computer>
<Security UserID="S-1-5-21-1152959844-3645458174-3779170896-1000"></Security>
</System>
<EventData><Data Name="PowerEventType">MonitorSettingChange</Data>
<Data Name="IsEnabled">False</Data>
</EventData>
</Event>

<Event xmlns="http://schemas.microsoft.com/win/2004/08/events/event"><System><Provider Name="Microsoft-Windows-PushNotifications-Platform" Guid="{88cd9180-4491-4640-b571-e3bee2527943}"></Provider>
<EventID Qualifiers="">1025</EventID>
<Version>0</Version>
<Level>4</Level>
<Task>0</Task>
<Opcode>0</Opcode>
<Keywords>0x8000000000000100</Keywords>
<TimeCreated SystemTime="2020-10-26 16:36:27.852919"></TimeCreated>
<EventRecordID>329</EventRecordID>
<Correlation ActivityID="" RelatedActivityID=""></Correlation>
<Execution ProcessID="348" ThreadID="240"></Execution>
<Channel>Microsoft-Windows-PushNotification-Platform/Operational</Channel>
<Computer>WIN-PTFPHFCRDJ0</Computer>
<Security UserID="S-1-5-21-1152959844-3645458174-3779170896-1000"></Security>
</System>
<EventData><Data Name="PowerEventType">MonitorSettingChange</Data>
<Data Name="IsEnabled">True</Data>
</EventData>
</Event>

<Event xmlns="http://schemas.microsoft.com/win/2004/08/events/event"><System><Provider Name="Microsoft-Windows-PushNotifications-Platform" Guid="{88cd9180-4491-4640-b571-e3bee2527943}"></Provider>
<EventID Qualifiers="">1025</EventID>
<Version>0</Version>
<Level>4</Level>
<Task>0</Task>
<Opcode>0</Opcode>
<Keywords>0x8000000000000100</Keywords>
<TimeCreated SystemTime="2020-10-26 17:36:04.150232"></TimeCreated>
<EventRecordID>330</EventRecordID>
<Correlation ActivityID="" RelatedActivityID=""></Correlation>
<Execution ProcessID="348" ThreadID="3632"></Execution>
<Channel>Microsoft-Windows-PushNotification-Platform/Operational</Channel>
<Computer>WIN-PTFPHFCRDJ0</Computer>
<Security UserID="S-1-5-21-1152959844-3645458174-3779170896-1000"></Security>
</System>
<EventData><Data Name="PowerEventType">MonitorSettingChange</Data>
<Data Name="IsEnabled">False</Data>
</EventData>
</Event>

<Event xmlns="http://schemas.microsoft.com/win/2004/08/events/event"><System><Provider Name="Microsoft-Windows-PushNotifications-Platform" Guid="{88cd9180-4491-4640-b571-e3bee2527943}"></Provider>
<EventID Qualifiers="">1025</EventID>
<Version>0</Version>
<Level>4</Level>
<Task>0</Task>
<Opcode>0</Opcode>
<Keywords>0x8000000000000100</Keywords>
<TimeCreated SystemTime="2020-10-26 18:08:27.513277"></TimeCreated>
<EventRecordID>331</EventRecordID>
<Correlation ActivityID="" RelatedActivityID=""></Correlation>
<Execution ProcessID="348" ThreadID="3040"></Execution>
<Channel>Microsoft-Windows-PushNotification-Platform/Operational</Channel>
<Computer>WIN-PTFPHFCRDJ0</Computer>
<Security UserID="S-1-5-21-1152959844-3645458174-3779170896-1000"></Security>
</System>
<EventData><Data Name="PowerEventType">MonitorSettingChange</Data>
<Data Name="IsEnabled">True</Data>
</EventData>
</Event>

<Event xmlns="http://schemas.microsoft.com/win/2004/08/events/event"><System><Provider Name="Microsoft-Windows-PushNotifications-Platform" Guid="{88cd9180-4491-4640-b571-e3bee2527943}"></Provider>
<EventID Qualifiers="">1025</EventID>
<Version>0</Version>
<Level>4</Level>
<Task>0</Task>
<Opcode>0</Opcode>
<Keywords>0x8000000000000100</Keywords>
<TimeCreated SystemTime="2020-10-26 18:28:02.329493"></TimeCreated>
<EventRecordID>332</EventRecordID>
<Correlation ActivityID="" RelatedActivityID=""></Correlation>
<Execution ProcessID="348" ThreadID="296"></Execution>
<Channel>Microsoft-Windows-PushNotification-Platform/Operational</Channel>
<Computer>WIN-PTFPHFCRDJ0</Computer>
<Security UserID="S-1-5-21-1152959844-3645458174-3779170896-1000"></Security>
</System>
<EventData><Data Name="PowerEventType">MonitorSettingChange</Data>
<Data Name="IsEnabled">False</Data>
</EventData>
</Event>

<Event xmlns="http://schemas.microsoft.com/win/2004/08/events/event"><System><Provider Name="Microsoft-Windows-PushNotifications-Platform" Guid="{88cd9180-4491-4640-b571-e3bee2527943}"></Provider>
<EventID Qualifiers="">1025</EventID>
<Version>0</Version>
<Level>4</Level>
<Task>0</Task>
<Opcode>0</Opcode>
<Keywords>0x8000000000000100</Keywords>
<TimeCreated SystemTime="2020-10-26 18:32:28.524319"></TimeCreated>
<EventRecordID>333</EventRecordID>
<Correlation ActivityID="" RelatedActivityID=""></Correlation>
<Execution ProcessID="348" ThreadID="140"></Execution>
<Channel>Microsoft-Windows-PushNotification-Platform/Operational</Channel>
<Computer>WIN-PTFPHFCRDJ0</Computer>
<Security UserID="S-1-5-21-1152959844-3645458174-3779170896-1000"></Security>
</System>
<EventData><Data Name="PowerEventType">MonitorSettingChange</Data>
<Data Name="IsEnabled">True</Data>
</EventData>
</Event>

<Event xmlns="http://schemas.microsoft.com/win/2004/08/events/event"><System><Provider Name="Microsoft-Windows-PushNotifications-Platform" Guid="{88cd9180-4491-4640-b571-e3bee2527943}"></Provider>
<EventID Qualifiers="">2415</EventID>
<Version>0</Version>
<Level>4</Level>
<Task>0</Task>
<Opcode>0</Opcode>
<Keywords>0x8000000000800200</Keywords>
<TimeCreated SystemTime="2020-10-26 18:32:42.136459"></TimeCreated>
<EventRecordID>334</EventRecordID>
<Correlation ActivityID="" RelatedActivityID=""></Correlation>
<Execution ProcessID="348" ThreadID="140"></Execution>
<Channel>Microsoft-Windows-PushNotification-Platform/Operational</Channel>
<Computer>WIN-PTFPHFCRDJ0</Computer>
<Security UserID="S-1-5-21-1152959844-3645458174-3779170896-1000"></Security>
</System>
<EventData><Data Name="AppUserModelId">Microsoft.Explorer.Notification.{024D806E-535A-2958-AD11-EEA1F1A5B8B6}</Data>
<Data Name="ErrorCode">0</Data>
</EventData>
</Event>

<Event xmlns="http://schemas.microsoft.com/win/2004/08/events/event"><System><Provider Name="Microsoft-Windows-PushNotifications-Platform" Guid="{88cd9180-4491-4640-b571-e3bee2527943}"></Provider>
<EventID Qualifiers="">3049</EventID>
<Version>0</Version>
<Level>4</Level>
<Task>0</Task>
<Opcode>0</Opcode>
<Keywords>0x8000000000000800</Keywords>
<TimeCreated SystemTime="2020-10-26 18:32:43.924137"></TimeCreated>
<EventRecordID>335</EventRecordID>
<Correlation ActivityID="" RelatedActivityID=""></Correlation>
<Execution ProcessID="348" ThreadID="140"></Execution>
<Channel>Microsoft-Windows-PushNotification-Platform/Operational</Channel>
<Computer>WIN-PTFPHFCRDJ0</Computer>
<Security UserID="S-1-5-21-1152959844-3645458174-3779170896-1000"></Security>
</System>
<EventData><Data Name="Object">0x000002a7ad2f8a28</Data>
</EventData>
</Event>

<Event xmlns="http://schemas.microsoft.com/win/2004/08/events/event"><System><Provider Name="Microsoft-Windows-PushNotifications-Platform" Guid="{88cd9180-4491-4640-b571-e3bee2527943}"></Provider>
<EventID Qualifiers="">3049</EventID>
<Version>0</Version>
<Level>4</Level>
<Task>0</Task>
<Opcode>0</Opcode>
<Keywords>0x8000000000000800</Keywords>
<TimeCreated SystemTime="2020-10-26 18:32:43.924425"></TimeCreated>
<EventRecordID>336</EventRecordID>
<Correlation ActivityID="" RelatedActivityID=""></Correlation>
<Execution ProcessID="348" ThreadID="140"></Execution>
<Channel>Microsoft-Windows-PushNotification-Platform/Operational</Channel>
<Computer>WIN-PTFPHFCRDJ0</Computer>
<Security UserID="S-1-5-21-1152959844-3645458174-3779170896-1000"></Security>
</System>
<EventData><Data Name="Object">0x000002a7ad2fa5a8</Data>
</EventData>
</Event>

<Event xmlns="http://schemas.microsoft.com/win/2004/08/events/event"><System><Provider Name="Microsoft-Windows-PushNotifications-Platform" Guid="{88cd9180-4491-4640-b571-e3bee2527943}"></Provider>
<EventID Qualifiers="">2415</EventID>
<Version>0</Version>
<Level>4</Level>
<Task>0</Task>
<Opcode>0</Opcode>
<Keywords>0x8000000000800200</Keywords>
<TimeCreated SystemTime="2020-10-26 18:32:44.879320"></TimeCreated>
<EventRecordID>337</EventRecordID>
<Correlation ActivityID="" RelatedActivityID=""></Correlation>
<Execution ProcessID="348" ThreadID="4884"></Execution>
<Channel>Microsoft-Windows-PushNotification-Platform/Operational</Channel>
<Computer>WIN-PTFPHFCRDJ0</Computer>
<Security UserID="S-1-5-21-1152959844-3645458174-3779170896-1000"></Security>
</System>
<EventData><Data Name="AppUserModelId">Microsoft.Explorer.Notification.{7820AE78-23E3-4229-82C1-E41CB67D5B9C}</Data>
<Data Name="ErrorCode">0</Data>
</EventData>
</Event>

<Event xmlns="http://schemas.microsoft.com/win/2004/08/events/event"><System><Provider Name="Microsoft-Windows-PushNotifications-Platform" Guid="{88cd9180-4491-4640-b571-e3bee2527943}"></Provider>
<EventID Qualifiers="">2415</EventID>
<Version>0</Version>
<Level>4</Level>
<Task>0</Task>
<Opcode>0</Opcode>
<Keywords>0x8000000000800200</Keywords>
<TimeCreated SystemTime="2020-10-26 18:32:45.524874"></TimeCreated>
<EventRecordID>338</EventRecordID>
<Correlation ActivityID="" RelatedActivityID=""></Correlation>
<Execution ProcessID="348" ThreadID="4884"></Execution>
<Channel>Microsoft-Windows-PushNotification-Platform/Operational</Channel>
<Computer>WIN-PTFPHFCRDJ0</Computer>
<Security UserID="S-1-5-21-1152959844-3645458174-3779170896-1000"></Security>
</System>
<EventData><Data Name="AppUserModelId">Microsoft.Explorer.Notification.{7820AE73-23E3-4229-82C1-E41CB67D5B9C}</Data>
<Data Name="ErrorCode">0</Data>
</EventData>
</Event>

<Event xmlns="http://schemas.microsoft.com/win/2004/08/events/event"><System><Provider Name="Microsoft-Windows-PushNotifications-Platform" Guid="{88cd9180-4491-4640-b571-e3bee2527943}"></Provider>
<EventID Qualifiers="">2415</EventID>
<Version>0</Version>
<Level>4</Level>
<Task>0</Task>
<Opcode>0</Opcode>
<Keywords>0x8000000000800200</Keywords>
<TimeCreated SystemTime="2020-10-26 18:32:45.721268"></TimeCreated>
<EventRecordID>339</EventRecordID>
<Correlation ActivityID="" RelatedActivityID=""></Correlation>
<Execution ProcessID="348" ThreadID="4884"></Execution>
<Channel>Microsoft-Windows-PushNotification-Platform/Operational</Channel>
<Computer>WIN-PTFPHFCRDJ0</Computer>
<Security UserID="S-1-5-21-1152959844-3645458174-3779170896-1000"></Security>
</System>
<EventData><Data Name="AppUserModelId">Microsoft.Explorer.Notification.{7820AE74-23E3-4229-82C1-E41CB67D5B9C}</Data>
<Data Name="ErrorCode">0</Data>
</EventData>
</Event>

<Event xmlns="http://schemas.microsoft.com/win/2004/08/events/event"><System><Provider Name="Microsoft-Windows-PushNotifications-Platform" Guid="{88cd9180-4491-4640-b571-e3bee2527943}"></Provider>
<EventID Qualifiers="">3049</EventID>
<Version>0</Version>
<Level>4</Level>
<Task>0</Task>
<Opcode>0</Opcode>
<Keywords>0x8000000000000800</Keywords>
<TimeCreated SystemTime="2020-10-26 18:32:45.959707"></TimeCreated>
<EventRecordID>340</EventRecordID>
<Correlation ActivityID="" RelatedActivityID=""></Correlation>
<Execution ProcessID="348" ThreadID="4884"></Execution>
<Channel>Microsoft-Windows-PushNotification-Platform/Operational</Channel>
<Computer>WIN-PTFPHFCRDJ0</Computer>
<Security UserID="S-1-5-21-1152959844-3645458174-3779170896-1000"></Security>
</System>
<EventData><Data Name="Object">0x000002a7ad2f9318</Data>
</EventData>
</Event>

<Event xmlns="http://schemas.microsoft.com/win/2004/08/events/event"><System><Provider Name="Microsoft-Windows-PushNotifications-Platform" Guid="{88cd9180-4491-4640-b571-e3bee2527943}"></Provider>
<EventID Qualifiers="">3008</EventID>
<Version>0</Version>
<Level>4</Level>
<Task>5</Task>
<Opcode>1</Opcode>
<Keywords>0x8000000000000800</Keywords>
<TimeCreated SystemTime="2020-10-26 18:32:46.820230"></TimeCreated>
<EventRecordID>341</EventRecordID>
<Correlation ActivityID="" RelatedActivityID=""></Correlation>
<Execution ProcessID="348" ThreadID="4348"></Execution>
<Channel>Microsoft-Windows-PushNotification-Platform/Operational</Channel>
<Computer>WIN-PTFPHFCRDJ0</Computer>
<Security UserID="S-1-5-21-1152959844-3645458174-3779170896-1000"></Security>
</System>
<EventData><Data Name="SessionId">1</Data>
</EventData>
</Event>

<Event xmlns="http://schemas.microsoft.com/win/2004/08/events/event"><System><Provider Name="Microsoft-Windows-PushNotifications-Platform" Guid="{88cd9180-4491-4640-b571-e3bee2527943}"></Provider>
<EventID Qualifiers="">3009</EventID>
<Version>0</Version>
<Level>4</Level>
<Task>5</Task>
<Opcode>2</Opcode>
<Keywords>0x8000000000000800</Keywords>
<TimeCreated SystemTime="2020-10-26 18:32:46.820240"></TimeCreated>
<EventRecordID>342</EventRecordID>
<Correlation ActivityID="" RelatedActivityID=""></Correlation>
<Execution ProcessID="348" ThreadID="4348"></Execution>
<Channel>Microsoft-Windows-PushNotification-Platform/Operational</Channel>
<Computer>WIN-PTFPHFCRDJ0</Computer>
<Security UserID="S-1-5-21-1152959844-3645458174-3779170896-1000"></Security>
</System>
<EventData><Data Name="SessionId">1</Data>
<Data Name="Error">0</Data>
</EventData>
</Event>

<Event xmlns="http://schemas.microsoft.com/win/2004/08/events/event"><System><Provider Name="Microsoft-Windows-PushNotifications-Platform" Guid="{88cd9180-4491-4640-b571-e3bee2527943}"></Provider>
<EventID Qualifiers="">3049</EventID>
<Version>0</Version>
<Level>4</Level>
<Task>0</Task>
<Opcode>0</Opcode>
<Keywords>0x8000000000000800</Keywords>
<TimeCreated SystemTime="2020-10-26 18:32:47.129757"></TimeCreated>
<EventRecordID>343</EventRecordID>
<Correlation ActivityID="" RelatedActivityID=""></Correlation>
<Execution ProcessID="348" ThreadID="4952"></Execution>
<Channel>Microsoft-Windows-PushNotification-Platform/Operational</Channel>
<Computer>WIN-PTFPHFCRDJ0</Computer>
<Security UserID="S-1-5-21-1152959844-3645458174-3779170896-1000"></Security>
</System>
<EventData><Data Name="Object">0x000002a7ab379468</Data>
</EventData>
</Event>

<Event xmlns="http://schemas.microsoft.com/win/2004/08/events/event"><System><Provider Name="Microsoft-Windows-PushNotifications-Platform" Guid="{88cd9180-4491-4640-b571-e3bee2527943}"></Provider>
<EventID Qualifiers="">3049</EventID>
<Version>0</Version>
<Level>4</Level>
<Task>0</Task>
<Opcode>0</Opcode>
<Keywords>0x8000000000000800</Keywords>
<TimeCreated SystemTime="2020-10-26 18:32:47.162535"></TimeCreated>
<EventRecordID>344</EventRecordID>
<Correlation ActivityID="" RelatedActivityID=""></Correlation>
<Execution ProcessID="348" ThreadID="4952"></Execution>
<Channel>Microsoft-Windows-PushNotification-Platform/Operational</Channel>
<Computer>WIN-PTFPHFCRDJ0</Computer>
<Security UserID="S-1-5-21-1152959844-3645458174-3779170896-1000"></Security>
</System>
<EventData><Data Name="Object">0x000002a7ab3254c8</Data>
</EventData>
</Event>

<Event xmlns="http://schemas.microsoft.com/win/2004/08/events/event"><System><Provider Name="Microsoft-Windows-PushNotifications-Platform" Guid="{88cd9180-4491-4640-b571-e3bee2527943}"></Provider>
<EventID Qualifiers="">3049</EventID>
<Version>0</Version>
<Level>4</Level>
<Task>0</Task>
<Opcode>0</Opcode>
<Keywords>0x8000000000000800</Keywords>
<TimeCreated SystemTime="2020-10-26 18:32:47.162563"></TimeCreated>
<EventRecordID>345</EventRecordID>
<Correlation ActivityID="" RelatedActivityID=""></Correlation>
<Execution ProcessID="348" ThreadID="4952"></Execution>
<Channel>Microsoft-Windows-PushNotification-Platform/Operational</Channel>
<Computer>WIN-PTFPHFCRDJ0</Computer>
<Security UserID="S-1-5-21-1152959844-3645458174-3779170896-1000"></Security>
</System>
<EventData><Data Name="Object">0x000002a7ab379728</Data>
</EventData>
</Event>

<Event xmlns="http://schemas.microsoft.com/win/2004/08/events/event"><System><Provider Name="Microsoft-Windows-PushNotifications-Platform" Guid="{88cd9180-4491-4640-b571-e3bee2527943}"></Provider>
<EventID Qualifiers="">42</EventID>
<Version>0</Version>
<Level>4</Level>
<Task>0</Task>
<Opcode>0</Opcode>
<Keywords>0x8000000002801000</Keywords>
<TimeCreated SystemTime="2020-10-27 02:08:18.548903"></TimeCreated>
<EventRecordID>346</EventRecordID>
<Correlation ActivityID="" RelatedActivityID=""></Correlation>
<Execution ProcessID="1288" ThreadID="1172"></Execution>
<Channel>Microsoft-Windows-PushNotification-Platform/Operational</Channel>
<Computer>WIN-PTFPHFCRDJ0</Computer>
<Security UserID="S-1-5-21-1152959844-3645458174-3779170896-1000"></Security>
</System>
<EventData><Data Name="GroupPolicyValue">True</Data>
<Data Name="MDMPolicyValue">True</Data>
</EventData>
</Event>

<Event xmlns="http://schemas.microsoft.com/win/2004/08/events/event"><System><Provider Name="Microsoft-Windows-PushNotifications-Platform" Guid="{88cd9180-4491-4640-b571-e3bee2527943}"></Provider>
<EventID Qualifiers="">1025</EventID>
<Version>0</Version>
<Level>4</Level>
<Task>0</Task>
<Opcode>0</Opcode>
<Keywords>0x8000000000000100</Keywords>
<TimeCreated SystemTime="2020-10-27 02:08:18.553541"></TimeCreated>
<EventRecordID>347</EventRecordID>
<Correlation ActivityID="" RelatedActivityID=""></Correlation>
<Execution ProcessID="1288" ThreadID="3460"></Execution>
<Channel>Microsoft-Windows-PushNotification-Platform/Operational</Channel>
<Computer>WIN-PTFPHFCRDJ0</Computer>
<Security UserID="S-1-5-21-1152959844-3645458174-3779170896-1000"></Security>
</System>
<EventData><Data Name="PowerEventType">BatterySaverStateChange</Data>
<Data Name="IsEnabled">False</Data>
</EventData>
</Event>

<Event xmlns="http://schemas.microsoft.com/win/2004/08/events/event"><System><Provider Name="Microsoft-Windows-PushNotifications-Platform" Guid="{88cd9180-4491-4640-b571-e3bee2527943}"></Provider>
<EventID Qualifiers="">1025</EventID>
<Version>0</Version>
<Level>4</Level>
<Task>0</Task>
<Opcode>0</Opcode>
<Keywords>0x8000000000000100</Keywords>
<TimeCreated SystemTime="2020-10-27 02:08:18.565254"></TimeCreated>
<EventRecordID>348</EventRecordID>
<Correlation ActivityID="" RelatedActivityID=""></Correlation>
<Execution ProcessID="1288" ThreadID="3616"></Execution>
<Channel>Microsoft-Windows-PushNotification-Platform/Operational</Channel>
<Computer>WIN-PTFPHFCRDJ0</Computer>
<Security UserID="S-1-5-21-1152959844-3645458174-3779170896-1000"></Security>
</System>
<EventData><Data Name="PowerEventType">ACPowerChange</Data>
<Data Name="IsEnabled">True</Data>
</EventData>
</Event>

<Event xmlns="http://schemas.microsoft.com/win/2004/08/events/event"><System><Provider Name="Microsoft-Windows-PushNotifications-Platform" Guid="{88cd9180-4491-4640-b571-e3bee2527943}"></Provider>
<EventID Qualifiers="">1025</EventID>
<Version>0</Version>
<Level>4</Level>
<Task>0</Task>
<Opcode>0</Opcode>
<Keywords>0x8000000000000100</Keywords>
<TimeCreated SystemTime="2020-10-27 02:08:18.566566"></TimeCreated>
<EventRecordID>349</EventRecordID>
<Correlation ActivityID="" RelatedActivityID=""></Correlation>
<Execution ProcessID="1288" ThreadID="3616"></Execution>
<Channel>Microsoft-Windows-PushNotification-Platform/Operational</Channel>
<Computer>WIN-PTFPHFCRDJ0</Computer>
<Security UserID="S-1-5-21-1152959844-3645458174-3779170896-1000"></Security>
</System>
<EventData><Data Name="PowerEventType">MonitorSettingChange</Data>
<Data Name="IsEnabled">True</Data>
</EventData>
</Event>

<Event xmlns="http://schemas.microsoft.com/win/2004/08/events/event"><System><Provider Name="Microsoft-Windows-PushNotifications-Platform" Guid="{88cd9180-4491-4640-b571-e3bee2527943}"></Provider>
<EventID Qualifiers="">3144</EventID>
<Version>0</Version>
<Level>4</Level>
<Task>0</Task>
<Opcode>0</Opcode>
<Keywords>0x8000000000000800</Keywords>
<TimeCreated SystemTime="2020-10-27 02:08:19.926802"></TimeCreated>
<EventRecordID>350</EventRecordID>
<Correlation ActivityID="" RelatedActivityID=""></Correlation>
<Execution ProcessID="1288" ThreadID="3616"></Execution>
<Channel>Microsoft-Windows-PushNotification-Platform/Operational</Channel>
<Computer>WIN-PTFPHFCRDJ0</Computer>
<Security UserID="S-1-5-21-1152959844-3645458174-3779170896-1000"></Security>
</System>
<EventData></EventData>
</Event>

<Event xmlns="http://schemas.microsoft.com/win/2004/08/events/event"><System><Provider Name="Microsoft-Windows-PushNotifications-Platform" Guid="{88cd9180-4491-4640-b571-e3bee2527943}"></Provider>
<EventID Qualifiers="">3006</EventID>
<Version>0</Version>
<Level>4</Level>
<Task>4</Task>
<Opcode>1</Opcode>
<Keywords>0x8000000000000800</Keywords>
<TimeCreated SystemTime="2020-10-27 02:08:21.589378"></TimeCreated>
<EventRecordID>351</EventRecordID>
<Correlation ActivityID="" RelatedActivityID=""></Correlation>
<Execution ProcessID="1288" ThreadID="1172"></Execution>
<Channel>Microsoft-Windows-PushNotification-Platform/Operational</Channel>
<Computer>WIN-PTFPHFCRDJ0</Computer>
<Security UserID="S-1-5-21-1152959844-3645458174-3779170896-1000"></Security>
</System>
<EventData><Data Name="Object">0x000001e7e03be098</Data>
<Data Name="ProcessName"></Data>
</EventData>
</Event>

<Event xmlns="http://schemas.microsoft.com/win/2004/08/events/event"><System><Provider Name="Microsoft-Windows-PushNotifications-Platform" Guid="{88cd9180-4491-4640-b571-e3bee2527943}"></Provider>
<EventID Qualifiers="">3007</EventID>
<Version>0</Version>
<Level>4</Level>
<Task>4</Task>
<Opcode>2</Opcode>
<Keywords>0x8000000000000800</Keywords>
<TimeCreated SystemTime="2020-10-27 02:08:21.589399"></TimeCreated>
<EventRecordID>352</EventRecordID>
<Correlation ActivityID="" RelatedActivityID=""></Correlation>
<Execution ProcessID="1288" ThreadID="1172"></Execution>
<Channel>Microsoft-Windows-PushNotification-Platform/Operational</Channel>
<Computer>WIN-PTFPHFCRDJ0</Computer>
<Security UserID="S-1-5-21-1152959844-3645458174-3779170896-1000"></Security>
</System>
<EventData><Data Name="Endpoint">0x000001e7e03be098</Data>
<Data Name="SessionId">1</Data>
<Data Name="Error">0</Data>
<Data Name="ProcessName"></Data>
</EventData>
</Event>

<Event xmlns="http://schemas.microsoft.com/win/2004/08/events/event"><System><Provider Name="Microsoft-Windows-PushNotifications-Platform" Guid="{88cd9180-4491-4640-b571-e3bee2527943}"></Provider>
<EventID Qualifiers="">3049</EventID>
<Version>0</Version>
<Level>4</Level>
<Task>0</Task>
<Opcode>0</Opcode>
<Keywords>0x8000000000000800</Keywords>
<TimeCreated SystemTime="2020-10-27 02:08:24.169222"></TimeCreated>
<EventRecordID>353</EventRecordID>
<Correlation ActivityID="{8a6a3ffd-ac04-0000-1d4c-6a8a04acd601}" RelatedActivityID=""></Correlation>
<Execution ProcessID="1288" ThreadID="3396"></Execution>
<Channel>Microsoft-Windows-PushNotification-Platform/Operational</Channel>
<Computer>WIN-PTFPHFCRDJ0</Computer>
<Security UserID="S-1-5-21-1152959844-3645458174-3779170896-1000"></Security>
</System>
<EventData><Data Name="Object">0x000001e7e2410738</Data>
</EventData>
</Event>

<Event xmlns="http://schemas.microsoft.com/win/2004/08/events/event"><System><Provider Name="Microsoft-Windows-PushNotifications-Platform" Guid="{88cd9180-4491-4640-b571-e3bee2527943}"></Provider>
<EventID Qualifiers="">2413</EventID>
<Version>0</Version>
<Level>4</Level>
<Task>0</Task>
<Opcode>0</Opcode>
<Keywords>0x8000000000800200</Keywords>
<TimeCreated SystemTime="2020-10-27 02:08:28.266373"></TimeCreated>
<EventRecordID>354</EventRecordID>
<Correlation ActivityID="" RelatedActivityID=""></Correlation>
<Execution ProcessID="1288" ThreadID="3592"></Execution>
<Channel>Microsoft-Windows-PushNotification-Platform/Operational</Channel>
<Computer>WIN-PTFPHFCRDJ0</Computer>
<Security UserID="S-1-5-21-1152959844-3645458174-3779170896-1000"></Security>
</System>
<EventData><Data Name="PackageFullName">windows.immersivecontrolpanel_cw5n1h2txyewy</Data>
<Data Name="AppUserModelId">windows.immersivecontrolpanel_cw5n1h2txyewy!microsoft.windows.immersivecontrolpanel</Data>
<Data Name="AppSettings">1536</Data>
<Data Name="AppType">268435456</Data>
<Data Name="ErrorCode">0</Data>
</EventData>
</Event>

<Event xmlns="http://schemas.microsoft.com/win/2004/08/events/event"><System><Provider Name="Microsoft-Windows-PushNotifications-Platform" Guid="{88cd9180-4491-4640-b571-e3bee2527943}"></Provider>
<EventID Qualifiers="">2413</EventID>
<Version>0</Version>
<Level>4</Level>
<Task>0</Task>
<Opcode>0</Opcode>
<Keywords>0x8000000000800200</Keywords>
<TimeCreated SystemTime="2020-10-27 02:08:54.341431"></TimeCreated>
<EventRecordID>355</EventRecordID>
<Correlation ActivityID="" RelatedActivityID=""></Correlation>
<Execution ProcessID="1288" ThreadID="3592"></Execution>
<Channel>Microsoft-Windows-PushNotification-Platform/Operational</Channel>
<Computer>WIN-PTFPHFCRDJ0</Computer>
<Security UserID="S-1-5-21-1152959844-3645458174-3779170896-1000"></Security>
</System>
<EventData><Data Name="PackageFullName">System</Data>
<Data Name="AppUserModelId">Windows.SystemToast.WindowsTip</Data>
<Data Name="AppSettings">9471</Data>
<Data Name="AppType">1073741824</Data>
<Data Name="ErrorCode">0</Data>
</EventData>
</Event>

<Event xmlns="http://schemas.microsoft.com/win/2004/08/events/event"><System><Provider Name="Microsoft-Windows-PushNotifications-Platform" Guid="{88cd9180-4491-4640-b571-e3bee2527943}"></Provider>
<EventID Qualifiers="">3000</EventID>
<Version>0</Version>
<Level>4</Level>
<Task>1</Task>
<Opcode>1</Opcode>
<Keywords>0x8000000000000800</Keywords>
<TimeCreated SystemTime="2020-10-27 02:08:56.718056"></TimeCreated>
<EventRecordID>356</EventRecordID>
<Correlation ActivityID="" RelatedActivityID=""></Correlation>
<Execution ProcessID="1288" ThreadID="1172"></Execution>
<Channel>Microsoft-Windows-PushNotification-Platform/Operational</Channel>
<Computer>WIN-PTFPHFCRDJ0</Computer>
<Security UserID="S-1-5-21-1152959844-3645458174-3779170896-1000"></Security>
</System>
<EventData><Data Name="Object">0x000001e7e240fad8</Data>
<Data Name="ProcessName">C:\Windows\explorer.exe</Data>
</EventData>
</Event>

<Event xmlns="http://schemas.microsoft.com/win/2004/08/events/event"><System><Provider Name="Microsoft-Windows-PushNotifications-Platform" Guid="{88cd9180-4491-4640-b571-e3bee2527943}"></Provider>
<EventID Qualifiers="">3001</EventID>
<Version>0</Version>
<Level>4</Level>
<Task>1</Task>
<Opcode>2</Opcode>
<Keywords>0x8000000000000800</Keywords>
<TimeCreated SystemTime="2020-10-27 02:08:56.718119"></TimeCreated>
<EventRecordID>357</EventRecordID>
<Correlation ActivityID="" RelatedActivityID=""></Correlation>
<Execution ProcessID="1288" ThreadID="1172"></Execution>
<Channel>Microsoft-Windows-PushNotification-Platform/Operational</Channel>
<Computer>WIN-PTFPHFCRDJ0</Computer>
<Security UserID="S-1-5-21-1152959844-3645458174-3779170896-1000"></Security>
</System>
<EventData><Data Name="Endpoint">0x000001e7e240fad8</Data>
<Data Name="SessionId">2</Data>
<Data Name="Error">0</Data>
<Data Name="ProcessName">C:\Windows\explorer.exe</Data>
<Data Name="QueuedTileCloses">0</Data>
<Data Name="QueuedTileCleanups">0</Data>
</EventData>
</Event>

<Event xmlns="http://schemas.microsoft.com/win/2004/08/events/event"><System><Provider Name="Microsoft-Windows-PushNotifications-Platform" Guid="{88cd9180-4491-4640-b571-e3bee2527943}"></Provider>
<EventID Qualifiers="">3052</EventID>
<Version>0</Version>
<Level>4</Level>
<Task>10</Task>
<Opcode>1</Opcode>
<Keywords>0x8000000080800803</Keywords>
<TimeCreated SystemTime="2020-10-27 02:38:32.791880"></TimeCreated>
<EventRecordID>358</EventRecordID>
<Correlation ActivityID="" RelatedActivityID=""></Correlation>
<Execution ProcessID="1288" ThreadID="432"></Execution>
<Channel>Microsoft-Windows-PushNotification-Platform/Operational</Channel>
<Computer>WIN-PTFPHFCRDJ0</Computer>
<Security UserID="S-1-5-21-1152959844-3645458174-3779170896-1000"></Security>
</System>
<EventData><Data Name="TrackingId">17</Data>
<Data Name="AppUserModelId">Windows.Defender.SecurityCenter</Data>
<Data Name="SessionId">1</Data>
<Data Name="MessageId">{087cdaf8-834b-43e2-ae6e-356849c62da3}</Data>
</EventData>
</Event>

<Event xmlns="http://schemas.microsoft.com/win/2004/08/events/event"><System><Provider Name="Microsoft-Windows-PushNotifications-Platform" Guid="{88cd9180-4491-4640-b571-e3bee2527943}"></Provider>
<EventID Qualifiers="">3111</EventID>
<Version>0</Version>
<Level>4</Level>
<Task>28</Task>
<Opcode>1</Opcode>
<Keywords>0x8000000000000800</Keywords>
<TimeCreated SystemTime="2020-10-27 02:38:32.792906"></TimeCreated>
<EventRecordID>359</EventRecordID>
<Correlation ActivityID="" RelatedActivityID=""></Correlation>
<Execution ProcessID="1288" ThreadID="432"></Execution>
<Channel>Microsoft-Windows-PushNotification-Platform/Operational</Channel>
<Computer>WIN-PTFPHFCRDJ0</Computer>
<Security UserID="S-1-5-21-1152959844-3645458174-3779170896-1000"></Security>
</System>
<EventData></EventData>
</Event>

<Event xmlns="http://schemas.microsoft.com/win/2004/08/events/event"><System><Provider Name="Microsoft-Windows-PushNotifications-Platform" Guid="{88cd9180-4491-4640-b571-e3bee2527943}"></Provider>
<EventID Qualifiers="">3112</EventID>
<Version>0</Version>
<Level>4</Level>
<Task>28</Task>
<Opcode>2</Opcode>
<Keywords>0x8000000000000800</Keywords>
<TimeCreated SystemTime="2020-10-27 02:38:32.800838"></TimeCreated>
<EventRecordID>360</EventRecordID>
<Correlation ActivityID="" RelatedActivityID=""></Correlation>
<Execution ProcessID="1288" ThreadID="432"></Execution>
<Channel>Microsoft-Windows-PushNotification-Platform/Operational</Channel>
<Computer>WIN-PTFPHFCRDJ0</Computer>
<Security UserID="S-1-5-21-1152959844-3645458174-3779170896-1000"></Security>
</System>
<EventData></EventData>
</Event>

<Event xmlns="http://schemas.microsoft.com/win/2004/08/events/event"><System><Provider Name="Microsoft-Windows-PushNotifications-Platform" Guid="{88cd9180-4491-4640-b571-e3bee2527943}"></Provider>
<EventID Qualifiers="">3000</EventID>
<Version>0</Version>
<Level>4</Level>
<Task>1</Task>
<Opcode>1</Opcode>
<Keywords>0x8000000000000800</Keywords>
<TimeCreated SystemTime="2020-10-27 02:38:32.896627"></TimeCreated>
<EventRecordID>361</EventRecordID>
<Correlation ActivityID="" RelatedActivityID=""></Correlation>
<Execution ProcessID="1288" ThreadID="4432"></Execution>
<Channel>Microsoft-Windows-PushNotification-Platform/Operational</Channel>
<Computer>WIN-PTFPHFCRDJ0</Computer>
<Security UserID="S-1-5-21-1152959844-3645458174-3779170896-1000"></Security>
</System>
<EventData><Data Name="Object">0x000001e7e240fb88</Data>
<Data Name="ProcessName">C:\Windows\SystemApps\ShellExperienceHost_cw5n1h2txyewy\ShellExperienceHost.exe</Data>
</EventData>
</Event>

<Event xmlns="http://schemas.microsoft.com/win/2004/08/events/event"><System><Provider Name="Microsoft-Windows-PushNotifications-Platform" Guid="{88cd9180-4491-4640-b571-e3bee2527943}"></Provider>
<EventID Qualifiers="">3001</EventID>
<Version>0</Version>
<Level>4</Level>
<Task>1</Task>
<Opcode>2</Opcode>
<Keywords>0x8000000000000800</Keywords>
<TimeCreated SystemTime="2020-10-27 02:38:32.896646"></TimeCreated>
<EventRecordID>362</EventRecordID>
<Correlation ActivityID="" RelatedActivityID=""></Correlation>
<Execution ProcessID="1288" ThreadID="4432"></Execution>
<Channel>Microsoft-Windows-PushNotification-Platform/Operational</Channel>
<Computer>WIN-PTFPHFCRDJ0</Computer>
<Security UserID="S-1-5-21-1152959844-3645458174-3779170896-1000"></Security>
</System>
<EventData><Data Name="Endpoint">0x000001e7e240fb88</Data>
<Data Name="SessionId">3</Data>
<Data Name="Error">0</Data>
<Data Name="ProcessName">C:\Windows\SystemApps\ShellExperienceHost_cw5n1h2txyewy\ShellExperienceHost.exe</Data>
<Data Name="QueuedTileCloses">0</Data>
<Data Name="QueuedTileCleanups">0</Data>
</EventData>
</Event>

<Event xmlns="http://schemas.microsoft.com/win/2004/08/events/event"><System><Provider Name="Microsoft-Windows-PushNotifications-Platform" Guid="{88cd9180-4491-4640-b571-e3bee2527943}"></Provider>
<EventID Qualifiers="">3052</EventID>
<Version>0</Version>
<Level>4</Level>
<Task>10</Task>
<Opcode>1</Opcode>
<Keywords>0x8000000080800803</Keywords>
<TimeCreated SystemTime="2020-10-27 02:40:00.939114"></TimeCreated>
<EventRecordID>363</EventRecordID>
<Correlation ActivityID="" RelatedActivityID=""></Correlation>
<Execution ProcessID="1288" ThreadID="4432"></Execution>
<Channel>Microsoft-Windows-PushNotification-Platform/Operational</Channel>
<Computer>WIN-PTFPHFCRDJ0</Computer>
<Security UserID="S-1-5-21-1152959844-3645458174-3779170896-1000"></Security>
</System>
<EventData><Data Name="TrackingId">18</Data>
<Data Name="AppUserModelId">Windows.Defender.SecurityCenter</Data>
<Data Name="SessionId">1</Data>
<Data Name="MessageId">{3df52500-ecf9-4454-b04d-32b3b5efb90d}</Data>
</EventData>
</Event>

<Event xmlns="http://schemas.microsoft.com/win/2004/08/events/event"><System><Provider Name="Microsoft-Windows-PushNotifications-Platform" Guid="{88cd9180-4491-4640-b571-e3bee2527943}"></Provider>
<EventID Qualifiers="">3111</EventID>
<Version>0</Version>
<Level>4</Level>
<Task>28</Task>
<Opcode>1</Opcode>
<Keywords>0x8000000000000800</Keywords>
<TimeCreated SystemTime="2020-10-27 02:40:00.940315"></TimeCreated>
<EventRecordID>364</EventRecordID>
<Correlation ActivityID="" RelatedActivityID=""></Correlation>
<Execution ProcessID="1288" ThreadID="4432"></Execution>
<Channel>Microsoft-Windows-PushNotification-Platform/Operational</Channel>
<Computer>WIN-PTFPHFCRDJ0</Computer>
<Security UserID="S-1-5-21-1152959844-3645458174-3779170896-1000"></Security>
</System>
<EventData></EventData>
</Event>

<Event xmlns="http://schemas.microsoft.com/win/2004/08/events/event"><System><Provider Name="Microsoft-Windows-PushNotifications-Platform" Guid="{88cd9180-4491-4640-b571-e3bee2527943}"></Provider>
<EventID Qualifiers="">3112</EventID>
<Version>0</Version>
<Level>4</Level>
<Task>28</Task>
<Opcode>2</Opcode>
<Keywords>0x8000000000000800</Keywords>
<TimeCreated SystemTime="2020-10-27 02:40:00.940323"></TimeCreated>
<EventRecordID>365</EventRecordID>
<Correlation ActivityID="" RelatedActivityID=""></Correlation>
<Execution ProcessID="1288" ThreadID="4432"></Execution>
<Channel>Microsoft-Windows-PushNotification-Platform/Operational</Channel>
<Computer>WIN-PTFPHFCRDJ0</Computer>
<Security UserID="S-1-5-21-1152959844-3645458174-3779170896-1000"></Security>
</System>
<EventData></EventData>
</Event>

<Event xmlns="http://schemas.microsoft.com/win/2004/08/events/event"><System><Provider Name="Microsoft-Windows-PushNotifications-Platform" Guid="{88cd9180-4491-4640-b571-e3bee2527943}"></Provider>
<EventID Qualifiers="">3052</EventID>
<Version>0</Version>
<Level>4</Level>
<Task>10</Task>
<Opcode>1</Opcode>
<Keywords>0x8000000080800803</Keywords>
<TimeCreated SystemTime="2020-10-27 02:40:32.167620"></TimeCreated>
<EventRecordID>366</EventRecordID>
<Correlation ActivityID="" RelatedActivityID=""></Correlation>
<Execution ProcessID="1288" ThreadID="432"></Execution>
<Channel>Microsoft-Windows-PushNotification-Platform/Operational</Channel>
<Computer>WIN-PTFPHFCRDJ0</Computer>
<Security UserID="S-1-5-21-1152959844-3645458174-3779170896-1000"></Security>
</System>
<EventData><Data Name="TrackingId">19</Data>
<Data Name="AppUserModelId">Windows.Defender.SecurityCenter</Data>
<Data Name="SessionId">1</Data>
<Data Name="MessageId">{31db1578-a749-4846-9421-89506dafcc14}</Data>
</EventData>
</Event>

<Event xmlns="http://schemas.microsoft.com/win/2004/08/events/event"><System><Provider Name="Microsoft-Windows-PushNotifications-Platform" Guid="{88cd9180-4491-4640-b571-e3bee2527943}"></Provider>
<EventID Qualifiers="">3111</EventID>
<Version>0</Version>
<Level>4</Level>
<Task>28</Task>
<Opcode>1</Opcode>
<Keywords>0x8000000000000800</Keywords>
<TimeCreated SystemTime="2020-10-27 02:40:32.168303"></TimeCreated>
<EventRecordID>367</EventRecordID>
<Correlation ActivityID="" RelatedActivityID=""></Correlation>
<Execution ProcessID="1288" ThreadID="432"></Execution>
<Channel>Microsoft-Windows-PushNotification-Platform/Operational</Channel>
<Computer>WIN-PTFPHFCRDJ0</Computer>
<Security UserID="S-1-5-21-1152959844-3645458174-3779170896-1000"></Security>
</System>
<EventData></EventData>
</Event>

<Event xmlns="http://schemas.microsoft.com/win/2004/08/events/event"><System><Provider Name="Microsoft-Windows-PushNotifications-Platform" Guid="{88cd9180-4491-4640-b571-e3bee2527943}"></Provider>
<EventID Qualifiers="">3112</EventID>
<Version>0</Version>
<Level>4</Level>
<Task>28</Task>
<Opcode>2</Opcode>
<Keywords>0x8000000000000800</Keywords>
<TimeCreated SystemTime="2020-10-27 02:40:32.168308"></TimeCreated>
<EventRecordID>368</EventRecordID>
<Correlation ActivityID="" RelatedActivityID=""></Correlation>
<Execution ProcessID="1288" ThreadID="432"></Execution>
<Channel>Microsoft-Windows-PushNotification-Platform/Operational</Channel>
<Computer>WIN-PTFPHFCRDJ0</Computer>
<Security UserID="S-1-5-21-1152959844-3645458174-3779170896-1000"></Security>
</System>
<EventData></EventData>
</Event>

</Events>
