<Event xmlns="http://schemas.microsoft.com/win/2004/08/events/event"><System><Provider Name="Microsoft-Windows-ServerManager-MultiMachine" Guid="{d8d37081-10bd-4a89-a971-1cda6899bdb3}"></Provider>
<EventID Qualifiers="">217</EventID>
<Version>0</Version>
<Level>4</Level>
<Task>17</Task>
<Opcode>0</Opcode>
<Keywords>0x2000000000000000</Keywords>
<TimeCreated SystemTime="2020-10-24 22:26:29.377417"></TimeCreated>
<EventRecordID>207</EventRecordID>
<Correlation ActivityID="{066a88be-a71e-4825-82e4-ac206d8bcbc2}" RelatedActivityID=""></Correlation>
<Execution ProcessID="1860" ThreadID="2952"></Execution>
<Channel>Microsoft-Windows-ServerManager-MultiMachine/Operational</Channel>
<Computer>WIN-PTFPHFCRDJ0</Computer>
<Security UserID="S-1-5-21-1152959844-3645458174-3779170896-1000"></Security>
</System>
<EventData><Data Name="serverName">localhost</Data>
<Data Name="namespaceName">root\microsoft\windows\servermanager</Data>
<Data Name="wmiClassName">MSFT_ServerManagerTasks</Data>
<Data Name="methodName">GetServerFeature</Data>
<Data Name="protocol">DCOM</Data>
</EventData>
</Event>

<Event xmlns="http://schemas.microsoft.com/win/2004/08/events/event"><System><Provider Name="Microsoft-Windows-ServerManager-MultiMachine" Guid="{d8d37081-10bd-4a89-a971-1cda6899bdb3}"></Provider>
<EventID Qualifiers="">217</EventID>
<Version>0</Version>
<Level>4</Level>
<Task>17</Task>
<Opcode>0</Opcode>
<Keywords>0x2000000000000000</Keywords>
<TimeCreated SystemTime="2020-10-24 22:26:29.378267"></TimeCreated>
<EventRecordID>208</EventRecordID>
<Correlation ActivityID="{066a88be-a71e-4825-82e4-ac206d8bcbc2}" RelatedActivityID=""></Correlation>
<Execution ProcessID="1860" ThreadID="2952"></Execution>
<Channel>Microsoft-Windows-ServerManager-MultiMachine/Operational</Channel>
<Computer>WIN-PTFPHFCRDJ0</Computer>
<Security UserID="S-1-5-21-1152959844-3645458174-3779170896-1000"></Security>
</System>
<EventData><Data Name="serverName">localhost</Data>
<Data Name="namespaceName">root\microsoft\windows\servermanager</Data>
<Data Name="wmiClassName">MSFT_ServerManagerTasks</Data>
<Data Name="methodName">GetServerFeature</Data>
<Data Name="protocol">DCOM</Data>
</EventData>
</Event>

<Event xmlns="http://schemas.microsoft.com/win/2004/08/events/event"><System><Provider Name="Microsoft-Windows-ServerManager-MultiMachine" Guid="{d8d37081-10bd-4a89-a971-1cda6899bdb3}"></Provider>
<EventID Qualifiers="">215</EventID>
<Version>0</Version>
<Level>4</Level>
<Task>17</Task>
<Opcode>0</Opcode>
<Keywords>0x2000000000000000</Keywords>
<TimeCreated SystemTime="2020-10-24 22:26:29.378294"></TimeCreated>
<EventRecordID>209</EventRecordID>
<Correlation ActivityID="{066a88be-a71e-4825-82e4-ac206d8bcbc2}" RelatedActivityID=""></Correlation>
<Execution ProcessID="1860" ThreadID="2952"></Execution>
<Channel>Microsoft-Windows-ServerManager-MultiMachine/Operational</Channel>
<Computer>WIN-PTFPHFCRDJ0</Computer>
<Security UserID="S-1-5-21-1152959844-3645458174-3779170896-1000"></Security>
</System>
<EventData><Data Name="serverName">localhost</Data>
<Data Name="namespaceName">root\microsoft\windows\servermanager</Data>
<Data Name="wmiClassName">MSFT_ServerManagerTasks</Data>
<Data Name="methodName">GetServerFeature</Data>
<Data Name="protocol">DCOM</Data>
</EventData>
</Event>

<Event xmlns="http://schemas.microsoft.com/win/2004/08/events/event"><System><Provider Name="Microsoft-Windows-ServerManager-MultiMachine" Guid="{d8d37081-10bd-4a89-a971-1cda6899bdb3}"></Provider>
<EventID Qualifiers="">31</EventID>
<Version>0</Version>
<Level>4</Level>
<Task>1</Task>
<Opcode>1</Opcode>
<Keywords>0x2000000000000000</Keywords>
<TimeCreated SystemTime="2020-10-24 22:26:29.378887"></TimeCreated>
<EventRecordID>210</EventRecordID>
<Correlation ActivityID="{066a88be-a71e-4825-82e4-ac206d8bcbc2}" RelatedActivityID=""></Correlation>
<Execution ProcessID="1860" ThreadID="2952"></Execution>
<Channel>Microsoft-Windows-ServerManager-MultiMachine/Operational</Channel>
<Computer>WIN-PTFPHFCRDJ0</Computer>
<Security UserID="S-1-5-21-1152959844-3645458174-3779170896-1000"></Security>
</System>
<EventData><Data Name="roleId">481</Data>
</EventData>
</Event>

<Event xmlns="http://schemas.microsoft.com/win/2004/08/events/event"><System><Provider Name="Microsoft-Windows-ServerManager-MultiMachine" Guid="{d8d37081-10bd-4a89-a971-1cda6899bdb3}"></Provider>
<EventID Qualifiers="">214</EventID>
<Version>0</Version>
<Level>4</Level>
<Task>17</Task>
<Opcode>0</Opcode>
<Keywords>0x2000000000000000</Keywords>
<TimeCreated SystemTime="2020-10-24 22:26:29.728985"></TimeCreated>
<EventRecordID>211</EventRecordID>
<Correlation ActivityID="{066a88be-a71e-4825-82e4-ac206d8bcbc2}" RelatedActivityID=""></Correlation>
<Execution ProcessID="1860" ThreadID="2952"></Execution>
<Channel>Microsoft-Windows-ServerManager-MultiMachine/Operational</Channel>
<Computer>WIN-PTFPHFCRDJ0</Computer>
<Security UserID="S-1-5-21-1152959844-3645458174-3779170896-1000"></Security>
</System>
<EventData><Data Name="serverName">localhost</Data>
<Data Name="namespaceName">root\microsoft\windows\servermanager</Data>
<Data Name="wmiClassName">MSFT_ServerManagerTasks</Data>
<Data Name="methodName">GetServerEventDetail</Data>
<Data Name="protocol">DCOM</Data>
</EventData>
</Event>

<Event xmlns="http://schemas.microsoft.com/win/2004/08/events/event"><System><Provider Name="Microsoft-Windows-ServerManager-MultiMachine" Guid="{d8d37081-10bd-4a89-a971-1cda6899bdb3}"></Provider>
<EventID Qualifiers="">209</EventID>
<Version>0</Version>
<Level>4</Level>
<Task>17</Task>
<Opcode>0</Opcode>
<Keywords>0x2000000000000000</Keywords>
<TimeCreated SystemTime="2020-10-24 22:26:29.728994"></TimeCreated>
<EventRecordID>212</EventRecordID>
<Correlation ActivityID="{066a88be-a71e-4825-82e4-ac206d8bcbc2}" RelatedActivityID=""></Correlation>
<Execution ProcessID="1860" ThreadID="2952"></Execution>
<Channel>Microsoft-Windows-ServerManager-MultiMachine/Operational</Channel>
<Computer>WIN-PTFPHFCRDJ0</Computer>
<Security UserID="S-1-5-21-1152959844-3645458174-3779170896-1000"></Security>
</System>
<EventData><Data Name="serverName">localhost</Data>
<Data Name="protocol">DCOM</Data>
<Data Name="userName">null</Data>
</EventData>
</Event>

<Event xmlns="http://schemas.microsoft.com/win/2004/08/events/event"><System><Provider Name="Microsoft-Windows-ServerManager-MultiMachine" Guid="{d8d37081-10bd-4a89-a971-1cda6899bdb3}"></Provider>
<EventID Qualifiers="">217</EventID>
<Version>0</Version>
<Level>4</Level>
<Task>17</Task>
<Opcode>0</Opcode>
<Keywords>0x2000000000000000</Keywords>
<TimeCreated SystemTime="2020-10-24 22:26:29.969193"></TimeCreated>
<EventRecordID>213</EventRecordID>
<Correlation ActivityID="{43e9c61e-616f-4705-8ba0-d0f475b263de}" RelatedActivityID=""></Correlation>
<Execution ProcessID="1860" ThreadID="1724"></Execution>
<Channel>Microsoft-Windows-ServerManager-MultiMachine/Operational</Channel>
<Computer>WIN-PTFPHFCRDJ0</Computer>
<Security UserID="S-1-5-21-1152959844-3645458174-3779170896-1000"></Security>
</System>
<EventData><Data Name="serverName">localhost</Data>
<Data Name="namespaceName">root\microsoft\windows\servermanager</Data>
<Data Name="wmiClassName">MSFT_ServerManagerTasks</Data>
<Data Name="methodName">GetServerEventDetail</Data>
<Data Name="protocol">DCOM</Data>
</EventData>
</Event>

<Event xmlns="http://schemas.microsoft.com/win/2004/08/events/event"><System><Provider Name="Microsoft-Windows-ServerManager-MultiMachine" Guid="{d8d37081-10bd-4a89-a971-1cda6899bdb3}"></Provider>
<EventID Qualifiers="">217</EventID>
<Version>0</Version>
<Level>4</Level>
<Task>17</Task>
<Opcode>0</Opcode>
<Keywords>0x2000000000000000</Keywords>
<TimeCreated SystemTime="2020-10-24 22:26:29.981522"></TimeCreated>
<EventRecordID>214</EventRecordID>
<Correlation ActivityID="{43e9c61e-616f-4705-8ba0-d0f475b263de}" RelatedActivityID=""></Correlation>
<Execution ProcessID="1860" ThreadID="1724"></Execution>
<Channel>Microsoft-Windows-ServerManager-MultiMachine/Operational</Channel>
<Computer>WIN-PTFPHFCRDJ0</Computer>
<Security UserID="S-1-5-21-1152959844-3645458174-3779170896-1000"></Security>
</System>
<EventData><Data Name="serverName">localhost</Data>
<Data Name="namespaceName">root\microsoft\windows\servermanager</Data>
<Data Name="wmiClassName">MSFT_ServerManagerTasks</Data>
<Data Name="methodName">GetServerEventDetail</Data>
<Data Name="protocol">DCOM</Data>
</EventData>
</Event>

<Event xmlns="http://schemas.microsoft.com/win/2004/08/events/event"><System><Provider Name="Microsoft-Windows-ServerManager-MultiMachine" Guid="{d8d37081-10bd-4a89-a971-1cda6899bdb3}"></Provider>
<EventID Qualifiers="">217</EventID>
<Version>0</Version>
<Level>4</Level>
<Task>17</Task>
<Opcode>0</Opcode>
<Keywords>0x2000000000000000</Keywords>
<TimeCreated SystemTime="2020-10-24 22:26:29.984034"></TimeCreated>
<EventRecordID>215</EventRecordID>
<Correlation ActivityID="{43e9c61e-616f-4705-8ba0-d0f475b263de}" RelatedActivityID=""></Correlation>
<Execution ProcessID="1860" ThreadID="1724"></Execution>
<Channel>Microsoft-Windows-ServerManager-MultiMachine/Operational</Channel>
<Computer>WIN-PTFPHFCRDJ0</Computer>
<Security UserID="S-1-5-21-1152959844-3645458174-3779170896-1000"></Security>
</System>
<EventData><Data Name="serverName">localhost</Data>
<Data Name="namespaceName">root\microsoft\windows\servermanager</Data>
<Data Name="wmiClassName">MSFT_ServerManagerTasks</Data>
<Data Name="methodName">GetServerEventDetail</Data>
<Data Name="protocol">DCOM</Data>
</EventData>
</Event>

<Event xmlns="http://schemas.microsoft.com/win/2004/08/events/event"><System><Provider Name="Microsoft-Windows-ServerManager-MultiMachine" Guid="{d8d37081-10bd-4a89-a971-1cda6899bdb3}"></Provider>
<EventID Qualifiers="">215</EventID>
<Version>0</Version>
<Level>4</Level>
<Task>17</Task>
<Opcode>0</Opcode>
<Keywords>0x2000000000000000</Keywords>
<TimeCreated SystemTime="2020-10-24 22:26:29.984074"></TimeCreated>
<EventRecordID>216</EventRecordID>
<Correlation ActivityID="{43e9c61e-616f-4705-8ba0-d0f475b263de}" RelatedActivityID=""></Correlation>
<Execution ProcessID="1860" ThreadID="1724"></Execution>
<Channel>Microsoft-Windows-ServerManager-MultiMachine/Operational</Channel>
<Computer>WIN-PTFPHFCRDJ0</Computer>
<Security UserID="S-1-5-21-1152959844-3645458174-3779170896-1000"></Security>
</System>
<EventData><Data Name="serverName">localhost</Data>
<Data Name="namespaceName">root\microsoft\windows\servermanager</Data>
<Data Name="wmiClassName">MSFT_ServerManagerTasks</Data>
<Data Name="methodName">GetServerEventDetail</Data>
<Data Name="protocol">DCOM</Data>
</EventData>
</Event>

<Event xmlns="http://schemas.microsoft.com/win/2004/08/events/event"><System><Provider Name="Microsoft-Windows-ServerManager-MultiMachine" Guid="{d8d37081-10bd-4a89-a971-1cda6899bdb3}"></Provider>
<EventID Qualifiers="">58</EventID>
<Version>0</Version>
<Level>4</Level>
<Task>9</Task>
<Opcode>0</Opcode>
<Keywords>0x2000000000000000</Keywords>
<TimeCreated SystemTime="2020-10-24 22:26:30.090406"></TimeCreated>
<EventRecordID>217</EventRecordID>
<Correlation ActivityID="" RelatedActivityID=""></Correlation>
<Execution ProcessID="1860" ThreadID="2768"></Execution>
<Channel>Microsoft-Windows-ServerManager-MultiMachine/Operational</Channel>
<Computer>WIN-PTFPHFCRDJ0</Computer>
<Security UserID="S-1-5-21-1152959844-3645458174-3779170896-1000"></Security>
</System>
<EventData></EventData>
</Event>

<Event xmlns="http://schemas.microsoft.com/win/2004/08/events/event"><System><Provider Name="Microsoft-Windows-ServerManager-MultiMachine" Guid="{d8d37081-10bd-4a89-a971-1cda6899bdb3}"></Provider>
<EventID Qualifiers="">98</EventID>
<Version>0</Version>
<Level>4</Level>
<Task>7</Task>
<Opcode>1</Opcode>
<Keywords>0x2000000000000000</Keywords>
<TimeCreated SystemTime="2020-10-24 22:26:30.094326"></TimeCreated>
<EventRecordID>218</EventRecordID>
<Correlation ActivityID="" RelatedActivityID=""></Correlation>
<Execution ProcessID="1860" ThreadID="2464"></Execution>
<Channel>Microsoft-Windows-ServerManager-MultiMachine/Operational</Channel>
<Computer>WIN-PTFPHFCRDJ0</Computer>
<Security UserID="S-1-5-21-1152959844-3645458174-3779170896-1000"></Security>
</System>
<EventData></EventData>
</Event>

<Event xmlns="http://schemas.microsoft.com/win/2004/08/events/event"><System><Provider Name="Microsoft-Windows-ServerManager-MultiMachine" Guid="{d8d37081-10bd-4a89-a971-1cda6899bdb3}"></Provider>
<EventID Qualifiers="">99</EventID>
<Version>0</Version>
<Level>4</Level>
<Task>7</Task>
<Opcode>2</Opcode>
<Keywords>0x2000000000000000</Keywords>
<TimeCreated SystemTime="2020-10-24 22:26:30.104237"></TimeCreated>
<EventRecordID>219</EventRecordID>
<Correlation ActivityID="" RelatedActivityID=""></Correlation>
<Execution ProcessID="1860" ThreadID="2464"></Execution>
<Channel>Microsoft-Windows-ServerManager-MultiMachine/Operational</Channel>
<Computer>WIN-PTFPHFCRDJ0</Computer>
<Security UserID="S-1-5-21-1152959844-3645458174-3779170896-1000"></Security>
</System>
<EventData></EventData>
</Event>

<Event xmlns="http://schemas.microsoft.com/win/2004/08/events/event"><System><Provider Name="Microsoft-Windows-ServerManager-MultiMachine" Guid="{d8d37081-10bd-4a89-a971-1cda6899bdb3}"></Provider>
<EventID Qualifiers="">214</EventID>
<Version>0</Version>
<Level>4</Level>
<Task>17</Task>
<Opcode>0</Opcode>
<Keywords>0x2000000000000000</Keywords>
<TimeCreated SystemTime="2020-10-24 22:26:30.482193"></TimeCreated>
<EventRecordID>220</EventRecordID>
<Correlation ActivityID="{066a88be-a71e-4825-82e4-ac206d8bcbc2}" RelatedActivityID=""></Correlation>
<Execution ProcessID="1860" ThreadID="2952"></Execution>
<Channel>Microsoft-Windows-ServerManager-MultiMachine/Operational</Channel>
<Computer>WIN-PTFPHFCRDJ0</Computer>
<Security UserID="S-1-5-21-1152959844-3645458174-3779170896-1000"></Security>
</System>
<EventData><Data Name="serverName">localhost</Data>
<Data Name="namespaceName">root\microsoft\windows\servermanager</Data>
<Data Name="wmiClassName">MSFT_ServerManagerTasks</Data>
<Data Name="methodName">GetServerBpaResult</Data>
<Data Name="protocol">DCOM</Data>
</EventData>
</Event>

<Event xmlns="http://schemas.microsoft.com/win/2004/08/events/event"><System><Provider Name="Microsoft-Windows-ServerManager-MultiMachine" Guid="{d8d37081-10bd-4a89-a971-1cda6899bdb3}"></Provider>
<EventID Qualifiers="">209</EventID>
<Version>0</Version>
<Level>4</Level>
<Task>17</Task>
<Opcode>0</Opcode>
<Keywords>0x2000000000000000</Keywords>
<TimeCreated SystemTime="2020-10-24 22:26:30.482197"></TimeCreated>
<EventRecordID>221</EventRecordID>
<Correlation ActivityID="{066a88be-a71e-4825-82e4-ac206d8bcbc2}" RelatedActivityID=""></Correlation>
<Execution ProcessID="1860" ThreadID="2952"></Execution>
<Channel>Microsoft-Windows-ServerManager-MultiMachine/Operational</Channel>
<Computer>WIN-PTFPHFCRDJ0</Computer>
<Security UserID="S-1-5-21-1152959844-3645458174-3779170896-1000"></Security>
</System>
<EventData><Data Name="serverName">localhost</Data>
<Data Name="protocol">DCOM</Data>
<Data Name="userName">null</Data>
</EventData>
</Event>

<Event xmlns="http://schemas.microsoft.com/win/2004/08/events/event"><System><Provider Name="Microsoft-Windows-ServerManager-MultiMachine" Guid="{d8d37081-10bd-4a89-a971-1cda6899bdb3}"></Provider>
<EventID Qualifiers="">217</EventID>
<Version>0</Version>
<Level>4</Level>
<Task>17</Task>
<Opcode>0</Opcode>
<Keywords>0x2000000000000000</Keywords>
<TimeCreated SystemTime="2020-10-24 22:26:30.612125"></TimeCreated>
<EventRecordID>222</EventRecordID>
<Correlation ActivityID="{13c3ad81-fcb8-43c6-8319-654483047c15}" RelatedActivityID=""></Correlation>
<Execution ProcessID="1860" ThreadID="1724"></Execution>
<Channel>Microsoft-Windows-ServerManager-MultiMachine/Operational</Channel>
<Computer>WIN-PTFPHFCRDJ0</Computer>
<Security UserID="S-1-5-21-1152959844-3645458174-3779170896-1000"></Security>
</System>
<EventData><Data Name="serverName">localhost</Data>
<Data Name="namespaceName">root\microsoft\windows\servermanager</Data>
<Data Name="wmiClassName">MSFT_ServerManagerTasks</Data>
<Data Name="methodName">GetServerBpaResult</Data>
<Data Name="protocol">DCOM</Data>
</EventData>
</Event>

<Event xmlns="http://schemas.microsoft.com/win/2004/08/events/event"><System><Provider Name="Microsoft-Windows-ServerManager-MultiMachine" Guid="{d8d37081-10bd-4a89-a971-1cda6899bdb3}"></Provider>
<EventID Qualifiers="">217</EventID>
<Version>0</Version>
<Level>4</Level>
<Task>17</Task>
<Opcode>0</Opcode>
<Keywords>0x2000000000000000</Keywords>
<TimeCreated SystemTime="2020-10-24 22:26:30.612900"></TimeCreated>
<EventRecordID>223</EventRecordID>
<Correlation ActivityID="{13c3ad81-fcb8-43c6-8319-654483047c15}" RelatedActivityID=""></Correlation>
<Execution ProcessID="1860" ThreadID="1724"></Execution>
<Channel>Microsoft-Windows-ServerManager-MultiMachine/Operational</Channel>
<Computer>WIN-PTFPHFCRDJ0</Computer>
<Security UserID="S-1-5-21-1152959844-3645458174-3779170896-1000"></Security>
</System>
<EventData><Data Name="serverName">localhost</Data>
<Data Name="namespaceName">root\microsoft\windows\servermanager</Data>
<Data Name="wmiClassName">MSFT_ServerManagerTasks</Data>
<Data Name="methodName">GetServerBpaResult</Data>
<Data Name="protocol">DCOM</Data>
</EventData>
</Event>

<Event xmlns="http://schemas.microsoft.com/win/2004/08/events/event"><System><Provider Name="Microsoft-Windows-ServerManager-MultiMachine" Guid="{d8d37081-10bd-4a89-a971-1cda6899bdb3}"></Provider>
<EventID Qualifiers="">215</EventID>
<Version>0</Version>
<Level>4</Level>
<Task>17</Task>
<Opcode>0</Opcode>
<Keywords>0x2000000000000000</Keywords>
<TimeCreated SystemTime="2020-10-24 22:26:30.612925"></TimeCreated>
<EventRecordID>224</EventRecordID>
<Correlation ActivityID="{13c3ad81-fcb8-43c6-8319-654483047c15}" RelatedActivityID=""></Correlation>
<Execution ProcessID="1860" ThreadID="1724"></Execution>
<Channel>Microsoft-Windows-ServerManager-MultiMachine/Operational</Channel>
<Computer>WIN-PTFPHFCRDJ0</Computer>
<Security UserID="S-1-5-21-1152959844-3645458174-3779170896-1000"></Security>
</System>
<EventData><Data Name="serverName">localhost</Data>
<Data Name="namespaceName">root\microsoft\windows\servermanager</Data>
<Data Name="wmiClassName">MSFT_ServerManagerTasks</Data>
<Data Name="methodName">GetServerBpaResult</Data>
<Data Name="protocol">DCOM</Data>
</EventData>
</Event>

<Event xmlns="http://schemas.microsoft.com/win/2004/08/events/event"><System><Provider Name="Microsoft-Windows-ServerManager-MultiMachine" Guid="{d8d37081-10bd-4a89-a971-1cda6899bdb3}"></Provider>
<EventID Qualifiers="">192</EventID>
<Version>0</Version>
<Level>4</Level>
<Task>10</Task>
<Opcode>0</Opcode>
<Keywords>0x2000000000000000</Keywords>
<TimeCreated SystemTime="2020-10-24 22:26:30.783016"></TimeCreated>
<EventRecordID>225</EventRecordID>
<Correlation ActivityID="{13c3ad81-fcb8-43c6-8319-654483047c15}" RelatedActivityID=""></Correlation>
<Execution ProcessID="1860" ThreadID="1724"></Execution>
<Channel>Microsoft-Windows-ServerManager-MultiMachine/Operational</Channel>
<Computer>WIN-PTFPHFCRDJ0</Computer>
<Security UserID="S-1-5-21-1152959844-3645458174-3779170896-1000"></Security>
</System>
<EventData><Data Name="MachineName">WIN-PTFPHFCRDJ0</Data>
<Data Name="Count">1</Data>
</EventData>
</Event>

<Event xmlns="http://schemas.microsoft.com/win/2004/08/events/event"><System><Provider Name="Microsoft-Windows-ServerManager-MultiMachine" Guid="{d8d37081-10bd-4a89-a971-1cda6899bdb3}"></Provider>
<EventID Qualifiers="">172</EventID>
<Version>0</Version>
<Level>4</Level>
<Task>10</Task>
<Opcode>0</Opcode>
<Keywords>0x2000000000000000</Keywords>
<TimeCreated SystemTime="2020-10-24 22:26:30.783186"></TimeCreated>
<EventRecordID>226</EventRecordID>
<Correlation ActivityID="{13c3ad81-fcb8-43c6-8319-654483047c15}" RelatedActivityID=""></Correlation>
<Execution ProcessID="1860" ThreadID="1724"></Execution>
<Channel>Microsoft-Windows-ServerManager-MultiMachine/Operational</Channel>
<Computer>WIN-PTFPHFCRDJ0</Computer>
<Security UserID="S-1-5-21-1152959844-3645458174-3779170896-1000"></Security>
</System>
<EventData><Data Name="ID">{85ebf817-0305-42a3-aea1-93f0a2e6731a}</Data>
</EventData>
</Event>

<Event xmlns="http://schemas.microsoft.com/win/2004/08/events/event"><System><Provider Name="Microsoft-Windows-ServerManager-MultiMachine" Guid="{d8d37081-10bd-4a89-a971-1cda6899bdb3}"></Provider>
<EventID Qualifiers="">63</EventID>
<Version>0</Version>
<Level>2</Level>
<Task>11</Task>
<Opcode>0</Opcode>
<Keywords>0x2000000000000000</Keywords>
<TimeCreated SystemTime="2020-10-24 22:26:42.623539"></TimeCreated>
<EventRecordID>227</EventRecordID>
<Correlation ActivityID="" RelatedActivityID=""></Correlation>
<Execution ProcessID="1860" ThreadID="2260"></Execution>
<Channel>Microsoft-Windows-ServerManager-MultiMachine/Operational</Channel>
<Computer>WIN-PTFPHFCRDJ0</Computer>
<Security UserID="S-1-5-21-1152959844-3645458174-3779170896-1000"></Security>
</System>
<EventData><Data Name="source">Plugin Loader: Role ID: 481 - Assembly Name: Microsoft.Windows.FileServer.Management.Plugin.UI, Version=10.0.0.0, Culture=neutral, PublicKeyToken=31bf3856ad364e35</Data>
<Data Name="exception">System.Reflection.TargetInvocationException: Exception has been thrown by the target of an invocation. ---&gt; System.NullReferenceException: Object reference not set to an instance of an object.
   at Microsoft.FileServer.Management.Plugin.Pages.VolumePage..ctor(IContainer container)
   --- End of inner exception stack trace ---
   at System.RuntimeMethodHandle.InvokeMethod(Object target, Object[] arguments, Signature sig, Boolean constructor)
   at System.Reflection.RuntimeConstructorInfo.Invoke(BindingFlags invokeAttr, Binder binder, Object[] parameters, CultureInfo culture)
   at System.RuntimeType.CreateInstanceImpl(BindingFlags bindingAttr, Binder binder, Object[] args, CultureInfo culture, Object[] activationAttributes, StackCrawlMark&amp; stackMark)
   at System.Activator.CreateInstance(Type type, BindingFlags bindingAttr, Binder binder, Object[] args, CultureInfo culture, Object[] activationAttributes)
   at System.Activator.CreateInstance(Type type, Object[] args)
   at Microsoft.FileServer.Management.Framework.RegisteredType.CreateInstance(Object[] args)
   at Microsoft.FileServer.Management.Framework.IoCContainer.GetInstance(RegisteredType registeredObject, Boolean createInstance)
   at Microsoft.FileServer.Management.Framework.IoCContainer.ResolveObject(Type typeToResolve, Boolean createInstance)
   at Microsoft.FileServer.Management.Framework.IoCContainer.&lt;ResolveConstructorParameters&gt;d__11.MoveNext()
   at System.Linq.Buffer`1..ctor(IEnumerable`1 source)
   at System.Linq.Enumerable.ToArray[TSource](IEnumerable`1 source)
   at Microsoft.FileServer.Management.Framework.IoCContainer.GetInstance(RegisteredType registeredObject, Boolean createInstance)
   at Microsoft.FileServer.Management.Framework.IoCContainer.ResolveObject(Type typeToResolve, Boolean createInstance)
   at Microsoft.FileServer.Management.Framework.IoCContainer.&lt;ResolveConstructorParameters&gt;d__11.MoveNext()
   at System.Linq.Buffer`1..ctor(IEnumerable`1 source)
   at System.Linq.Enumerable.ToArray[TSource](IEnumerable`1 source)
   at Microsoft.FileServer.Management.Framework.IoCContainer.GetInstance(RegisteredType registeredObject, Boolean createInstance)
   at Microsoft.FileServer.Management.Framework.IoCContainer.ResolveObject(Type typeToResolve, Boolean createInstance)
   at Microsoft.FileServer.Management.Framework.IoCContainer.Resolve[TResolve]()
   at Microsoft.FileServer.Management.Plugin.BootStrapper.CreateNavigationEndPoints(IContainer container)
   at Microsoft.FileServer.Management.Plugin.FSAPlugin.Initialize(Object context)
   at Microsoft.Windows.ServerManager.Common.Plugin.PluginLoader`1.InitializePluginWorker(RolePluginRegistrationInfo registrationInfo, Object context, AsyncOperation asyncOp)</Data>
</EventData>
</Event>

<Event xmlns="http://schemas.microsoft.com/win/2004/08/events/event"><System><Provider Name="Microsoft-Windows-ServerManager-MultiMachine" Guid="{d8d37081-10bd-4a89-a971-1cda6899bdb3}"></Provider>
<EventID Qualifiers="">33</EventID>
<Version>0</Version>
<Level>2</Level>
<Task>1</Task>
<Opcode>0</Opcode>
<Keywords>0x2000000000000000</Keywords>
<TimeCreated SystemTime="2020-10-24 22:26:42.687578"></TimeCreated>
<EventRecordID>228</EventRecordID>
<Correlation ActivityID="" RelatedActivityID=""></Correlation>
<Execution ProcessID="1860" ThreadID="3212"></Execution>
<Channel>Microsoft-Windows-ServerManager-MultiMachine/Operational</Channel>
<Computer>WIN-PTFPHFCRDJ0</Computer>
<Security UserID="S-1-5-21-1152959844-3645458174-3779170896-1000"></Security>
</System>
<EventData><Data Name="roleId">481</Data>
<Data Name="Message">System.Reflection.TargetInvocationException: Exception has been thrown by the target of an invocation. ---&gt; System.NullReferenceException: Object reference not set to an instance of an object.
   at Microsoft.FileServer.Management.Plugin.Pages.VolumePage..ctor(IContainer container)
   --- End of inner exception stack trace ---
   at System.RuntimeMethodHandle.InvokeMethod(Object target, Object[] arguments, Signature sig, Boolean constructor)
   at System.Reflection.RuntimeConstructorInfo.Invoke(BindingFlags invokeAttr, Binder binder, Object[] parameters, CultureInfo culture)
   at System.RuntimeType.CreateInstanceImpl(BindingFlags bindingAttr, Binder binder, Object[] args, CultureInfo culture, Object[] activationAttributes, StackCrawlMark&amp; stackMark)
   at System.Activator.CreateInstance(Type type, BindingFlags bindingAttr, Binder binder, Object[] args, CultureInfo culture, Object[] activationAttributes)
   at System.Activator.CreateInstance(Type type, Object[] args)
   at Microsoft.FileServer.Management.Framework.RegisteredType.CreateInstance(Object[] args)
   at Microsoft.FileServer.Management.Framework.IoCContainer.GetInstance(RegisteredType registeredObject, Boolean createInstance)
   at Microsoft.FileServer.Management.Framework.IoCContainer.ResolveObject(Type typeToResolve, Boolean createInstance)
   at Microsoft.FileServer.Management.Framework.IoCContainer.&lt;ResolveConstructorParameters&gt;d__11.MoveNext()
   at System.Linq.Buffer`1..ctor(IEnumerable`1 source)
   at System.Linq.Enumerable.ToArray[TSource](IEnumerable`1 source)
   at Microsoft.FileServer.Management.Framework.IoCContainer.GetInstance(RegisteredType registeredObject, Boolean createInstance)
   at Microsoft.FileServer.Management.Framework.IoCContainer.ResolveObject(Type typeToResolve, Boolean createInstance)
   at Microsoft.FileServer.Management.Framework.IoCContainer.&lt;ResolveConstructorParameters&gt;d__11.MoveNext()
   at System.Linq.Buffer`1..ctor(IEnumerable`1 source)
   at System.Linq.Enumerable.ToArray[TSource](IEnumerable`1 source)
   at Microsoft.FileServer.Management.Framework.IoCContainer.GetInstance(RegisteredType registeredObject, Boolean createInstance)
   at Microsoft.FileServer.Management.Framework.IoCContainer.ResolveObject(Type typeToResolve, Boolean createInstance)
   at Microsoft.FileServer.Management.Framework.IoCContainer.Resolve[TResolve]()
   at Microsoft.FileServer.Management.Plugin.BootStrapper.CreateNavigationEndPoints(IContainer container)
   at Microsoft.FileServer.Management.Plugin.FSAPlugin.Initialize(Object context)
   at Microsoft.Windows.ServerManager.Common.Plugin.PluginLoader`1.InitializePluginWorker(RolePluginRegistrationInfo registrationInfo, Object context, AsyncOperation asyncOp)</Data>
</EventData>
</Event>

<Event xmlns="http://schemas.microsoft.com/win/2004/08/events/event"><System><Provider Name="Microsoft-Windows-ServerManager-MultiMachine" Guid="{d8d37081-10bd-4a89-a971-1cda6899bdb3}"></Provider>
<EventID Qualifiers="">97</EventID>
<Version>0</Version>
<Level>4</Level>
<Task>9</Task>
<Opcode>0</Opcode>
<Keywords>0x2000000000000000</Keywords>
<TimeCreated SystemTime="2020-10-24 22:26:55.318636"></TimeCreated>
<EventRecordID>229</EventRecordID>
<Correlation ActivityID="" RelatedActivityID=""></Correlation>
<Execution ProcessID="1860" ThreadID="2768"></Execution>
<Channel>Microsoft-Windows-ServerManager-MultiMachine/Operational</Channel>
<Computer>WIN-PTFPHFCRDJ0</Computer>
<Security UserID="S-1-5-21-1152959844-3645458174-3779170896-1000"></Security>
</System>
<EventData></EventData>
</Event>

<Event xmlns="http://schemas.microsoft.com/win/2004/08/events/event"><System><Provider Name="Microsoft-Windows-ServerManager-MultiMachine" Guid="{d8d37081-10bd-4a89-a971-1cda6899bdb3}"></Provider>
<EventID Qualifiers="">94</EventID>
<Version>0</Version>
<Level>4</Level>
<Task>6</Task>
<Opcode>1</Opcode>
<Keywords>0x2001000000000000</Keywords>
<TimeCreated SystemTime="2020-10-26 12:11:21.488260"></TimeCreated>
<EventRecordID>230</EventRecordID>
<Correlation ActivityID="" RelatedActivityID=""></Correlation>
<Execution ProcessID="3984" ThreadID="720"></Execution>
<Channel>Microsoft-Windows-ServerManager-MultiMachine/Operational</Channel>
<Computer>WIN-PTFPHFCRDJ0</Computer>
<Security UserID="S-1-5-21-1152959844-3645458174-3779170896-1000"></Security>
</System>
<EventData></EventData>
</Event>

<Event xmlns="http://schemas.microsoft.com/win/2004/08/events/event"><System><Provider Name="Microsoft-Windows-ServerManager-MultiMachine" Guid="{d8d37081-10bd-4a89-a971-1cda6899bdb3}"></Provider>
<EventID Qualifiers="">47</EventID>
<Version>0</Version>
<Level>4</Level>
<Task>5</Task>
<Opcode>1</Opcode>
<Keywords>0x2000000000000000</Keywords>
<TimeCreated SystemTime="2020-10-26 12:11:22.935371"></TimeCreated>
<EventRecordID>231</EventRecordID>
<Correlation ActivityID="" RelatedActivityID=""></Correlation>
<Execution ProcessID="3984" ThreadID="720"></Execution>
<Channel>Microsoft-Windows-ServerManager-MultiMachine/Operational</Channel>
<Computer>WIN-PTFPHFCRDJ0</Computer>
<Security UserID="S-1-5-21-1152959844-3645458174-3779170896-1000"></Security>
</System>
<EventData></EventData>
</Event>

<Event xmlns="http://schemas.microsoft.com/win/2004/08/events/event"><System><Provider Name="Microsoft-Windows-ServerManager-MultiMachine" Guid="{d8d37081-10bd-4a89-a971-1cda6899bdb3}"></Provider>
<EventID Qualifiers="">48</EventID>
<Version>0</Version>
<Level>4</Level>
<Task>5</Task>
<Opcode>2</Opcode>
<Keywords>0x2000000000000000</Keywords>
<TimeCreated SystemTime="2020-10-26 12:11:23.055237"></TimeCreated>
<EventRecordID>232</EventRecordID>
<Correlation ActivityID="" RelatedActivityID=""></Correlation>
<Execution ProcessID="3984" ThreadID="720"></Execution>
<Channel>Microsoft-Windows-ServerManager-MultiMachine/Operational</Channel>
<Computer>WIN-PTFPHFCRDJ0</Computer>
<Security UserID="S-1-5-21-1152959844-3645458174-3779170896-1000"></Security>
</System>
<EventData></EventData>
</Event>

<Event xmlns="http://schemas.microsoft.com/win/2004/08/events/event"><System><Provider Name="Microsoft-Windows-ServerManager-MultiMachine" Guid="{d8d37081-10bd-4a89-a971-1cda6899bdb3}"></Provider>
<EventID Qualifiers="">49</EventID>
<Version>0</Version>
<Level>4</Level>
<Task>5</Task>
<Opcode>1</Opcode>
<Keywords>0x2000000000000000</Keywords>
<TimeCreated SystemTime="2020-10-26 12:11:23.877674"></TimeCreated>
<EventRecordID>233</EventRecordID>
<Correlation ActivityID="" RelatedActivityID=""></Correlation>
<Execution ProcessID="3984" ThreadID="720"></Execution>
<Channel>Microsoft-Windows-ServerManager-MultiMachine/Operational</Channel>
<Computer>WIN-PTFPHFCRDJ0</Computer>
<Security UserID="S-1-5-21-1152959844-3645458174-3779170896-1000"></Security>
</System>
<EventData></EventData>
</Event>

<Event xmlns="http://schemas.microsoft.com/win/2004/08/events/event"><System><Provider Name="Microsoft-Windows-ServerManager-MultiMachine" Guid="{d8d37081-10bd-4a89-a971-1cda6899bdb3}"></Provider>
<EventID Qualifiers="">37</EventID>
<Version>0</Version>
<Level>4</Level>
<Task>3</Task>
<Opcode>0</Opcode>
<Keywords>0x2000000000000000</Keywords>
<TimeCreated SystemTime="2020-10-26 12:11:26.647974"></TimeCreated>
<EventRecordID>234</EventRecordID>
<Correlation ActivityID="" RelatedActivityID=""></Correlation>
<Execution ProcessID="3984" ThreadID="720"></Execution>
<Channel>Microsoft-Windows-ServerManager-MultiMachine/Operational</Channel>
<Computer>WIN-PTFPHFCRDJ0</Computer>
<Security UserID="S-1-5-21-1152959844-3645458174-3779170896-1000"></Security>
</System>
<EventData></EventData>
</Event>

<Event xmlns="http://schemas.microsoft.com/win/2004/08/events/event"><System><Provider Name="Microsoft-Windows-ServerManager-MultiMachine" Guid="{d8d37081-10bd-4a89-a971-1cda6899bdb3}"></Provider>
<EventID Qualifiers="">95</EventID>
<Version>0</Version>
<Level>4</Level>
<Task>6</Task>
<Opcode>2</Opcode>
<Keywords>0x2000000000000000</Keywords>
<TimeCreated SystemTime="2020-10-26 12:11:45.721117"></TimeCreated>
<EventRecordID>235</EventRecordID>
<Correlation ActivityID="" RelatedActivityID=""></Correlation>
<Execution ProcessID="3984" ThreadID="720"></Execution>
<Channel>Microsoft-Windows-ServerManager-MultiMachine/Operational</Channel>
<Computer>WIN-PTFPHFCRDJ0</Computer>
<Security UserID="S-1-5-21-1152959844-3645458174-3779170896-1000"></Security>
</System>
<EventData></EventData>
</Event>

<Event xmlns="http://schemas.microsoft.com/win/2004/08/events/event"><System><Provider Name="Microsoft-Windows-ServerManager-MultiMachine" Guid="{d8d37081-10bd-4a89-a971-1cda6899bdb3}"></Provider>
<EventID Qualifiers="">53</EventID>
<Version>0</Version>
<Level>4</Level>
<Task>6</Task>
<Opcode>0</Opcode>
<Keywords>0x2001000000000000</Keywords>
<TimeCreated SystemTime="2020-10-26 12:11:48.721844"></TimeCreated>
<EventRecordID>236</EventRecordID>
<Correlation ActivityID="" RelatedActivityID=""></Correlation>
<Execution ProcessID="3984" ThreadID="720"></Execution>
<Channel>Microsoft-Windows-ServerManager-MultiMachine/Operational</Channel>
<Computer>WIN-PTFPHFCRDJ0</Computer>
<Security UserID="S-1-5-21-1152959844-3645458174-3779170896-1000"></Security>
</System>
<EventData></EventData>
</Event>

<Event xmlns="http://schemas.microsoft.com/win/2004/08/events/event"><System><Provider Name="Microsoft-Windows-ServerManager-MultiMachine" Guid="{d8d37081-10bd-4a89-a971-1cda6899bdb3}"></Provider>
<EventID Qualifiers="">171</EventID>
<Version>0</Version>
<Level>4</Level>
<Task>10</Task>
<Opcode>0</Opcode>
<Keywords>0x2000000000000000</Keywords>
<TimeCreated SystemTime="2020-10-26 12:11:55.696560"></TimeCreated>
<EventRecordID>237</EventRecordID>
<Correlation ActivityID="" RelatedActivityID=""></Correlation>
<Execution ProcessID="3984" ThreadID="96"></Execution>
<Channel>Microsoft-Windows-ServerManager-MultiMachine/Operational</Channel>
<Computer>WIN-PTFPHFCRDJ0</Computer>
<Security UserID="S-1-5-21-1152959844-3645458174-3779170896-1000"></Security>
</System>
<EventData><Data Name="RefreshTriggerSource">Startup (None, None)</Data>
<Data Name="Category">Inventory</Data>
<Data Name="Machines">WIN-PTFPHFCRDJ0</Data>
<Data Name="ID">{309e888f-2d9e-456b-8263-e5e493ca0f9a}</Data>
</EventData>
</Event>

<Event xmlns="http://schemas.microsoft.com/win/2004/08/events/event"><System><Provider Name="Microsoft-Windows-ServerManager-MultiMachine" Guid="{d8d37081-10bd-4a89-a971-1cda6899bdb3}"></Provider>
<EventID Qualifiers="">214</EventID>
<Version>0</Version>
<Level>4</Level>
<Task>17</Task>
<Opcode>0</Opcode>
<Keywords>0x2000000000000000</Keywords>
<TimeCreated SystemTime="2020-10-26 12:11:56.404388"></TimeCreated>
<EventRecordID>238</EventRecordID>
<Correlation ActivityID="" RelatedActivityID=""></Correlation>
<Execution ProcessID="3984" ThreadID="96"></Execution>
<Channel>Microsoft-Windows-ServerManager-MultiMachine/Operational</Channel>
<Computer>WIN-PTFPHFCRDJ0</Computer>
<Security UserID="S-1-5-21-1152959844-3645458174-3779170896-1000"></Security>
</System>
<EventData><Data Name="serverName">localhost</Data>
<Data Name="namespaceName">root\microsoft\windows\servermanager</Data>
<Data Name="wmiClassName">MSFT_ServerManagerTasks</Data>
<Data Name="methodName">GetServerInventory</Data>
<Data Name="protocol">DCOM</Data>
</EventData>
</Event>

<Event xmlns="http://schemas.microsoft.com/win/2004/08/events/event"><System><Provider Name="Microsoft-Windows-ServerManager-MultiMachine" Guid="{d8d37081-10bd-4a89-a971-1cda6899bdb3}"></Provider>
<EventID Qualifiers="">209</EventID>
<Version>0</Version>
<Level>4</Level>
<Task>17</Task>
<Opcode>0</Opcode>
<Keywords>0x2000000000000000</Keywords>
<TimeCreated SystemTime="2020-10-26 12:11:56.463411"></TimeCreated>
<EventRecordID>239</EventRecordID>
<Correlation ActivityID="" RelatedActivityID=""></Correlation>
<Execution ProcessID="3984" ThreadID="96"></Execution>
<Channel>Microsoft-Windows-ServerManager-MultiMachine/Operational</Channel>
<Computer>WIN-PTFPHFCRDJ0</Computer>
<Security UserID="S-1-5-21-1152959844-3645458174-3779170896-1000"></Security>
</System>
<EventData><Data Name="serverName">localhost</Data>
<Data Name="protocol">DCOM</Data>
<Data Name="userName">null</Data>
</EventData>
</Event>

<Event xmlns="http://schemas.microsoft.com/win/2004/08/events/event"><System><Provider Name="Microsoft-Windows-ServerManager-MultiMachine" Guid="{d8d37081-10bd-4a89-a971-1cda6899bdb3}"></Provider>
<EventID Qualifiers="">0</EventID>
<Version>0</Version>
<Level>4</Level>
<Task>10</Task>
<Opcode>0</Opcode>
<Keywords>0x2000000000000000</Keywords>
<TimeCreated SystemTime="2020-10-26 12:11:56.895754"></TimeCreated>
<EventRecordID>240</EventRecordID>
<Correlation ActivityID="" RelatedActivityID=""></Correlation>
<Execution ProcessID="3984" ThreadID="96"></Execution>
<Channel>Microsoft-Windows-ServerManager-MultiMachine/Operational</Channel>
<Computer>WIN-PTFPHFCRDJ0</Computer>
<Security UserID="S-1-5-21-1152959844-3645458174-3779170896-1000"></Security>
</System>
<EventData></EventData>
</Event>

<Event xmlns="http://schemas.microsoft.com/win/2004/08/events/event"><System><Provider Name="Microsoft-Windows-ServerManager-MultiMachine" Guid="{d8d37081-10bd-4a89-a971-1cda6899bdb3}"></Provider>
<EventID Qualifiers="">50</EventID>
<Version>0</Version>
<Level>4</Level>
<Task>5</Task>
<Opcode>2</Opcode>
<Keywords>0x2000000000000000</Keywords>
<TimeCreated SystemTime="2020-10-26 12:11:57.446032"></TimeCreated>
<EventRecordID>241</EventRecordID>
<Correlation ActivityID="" RelatedActivityID=""></Correlation>
<Execution ProcessID="3984" ThreadID="96"></Execution>
<Channel>Microsoft-Windows-ServerManager-MultiMachine/Operational</Channel>
<Computer>WIN-PTFPHFCRDJ0</Computer>
<Security UserID="S-1-5-21-1152959844-3645458174-3779170896-1000"></Security>
</System>
<EventData></EventData>
</Event>

<Event xmlns="http://schemas.microsoft.com/win/2004/08/events/event"><System><Provider Name="Microsoft-Windows-ServerManager-MultiMachine" Guid="{d8d37081-10bd-4a89-a971-1cda6899bdb3}"></Provider>
<EventID Qualifiers="">217</EventID>
<Version>0</Version>
<Level>4</Level>
<Task>17</Task>
<Opcode>0</Opcode>
<Keywords>0x2000000000000000</Keywords>
<TimeCreated SystemTime="2020-10-26 12:11:59.120312"></TimeCreated>
<EventRecordID>242</EventRecordID>
<Correlation ActivityID="{2b23a8ae-8fad-4bde-b68f-ab613664cdeb}" RelatedActivityID=""></Correlation>
<Execution ProcessID="3984" ThreadID="3452"></Execution>
<Channel>Microsoft-Windows-ServerManager-MultiMachine/Operational</Channel>
<Computer>WIN-PTFPHFCRDJ0</Computer>
<Security UserID="S-1-5-21-1152959844-3645458174-3779170896-1000"></Security>
</System>
<EventData><Data Name="serverName">localhost</Data>
<Data Name="namespaceName">root\microsoft\windows\servermanager</Data>
<Data Name="wmiClassName">MSFT_ServerManagerTasks</Data>
<Data Name="methodName">GetServerInventory</Data>
<Data Name="protocol">DCOM</Data>
</EventData>
</Event>

<Event xmlns="http://schemas.microsoft.com/win/2004/08/events/event"><System><Provider Name="Microsoft-Windows-ServerManager-MultiMachine" Guid="{d8d37081-10bd-4a89-a971-1cda6899bdb3}"></Provider>
<EventID Qualifiers="">217</EventID>
<Version>0</Version>
<Level>4</Level>
<Task>17</Task>
<Opcode>0</Opcode>
<Keywords>0x2000000000000000</Keywords>
<TimeCreated SystemTime="2020-10-26 12:12:12.128506"></TimeCreated>
<EventRecordID>243</EventRecordID>
<Correlation ActivityID="{2b23a8ae-8fad-4bde-b68f-ab613664cdeb}" RelatedActivityID=""></Correlation>
<Execution ProcessID="3984" ThreadID="3452"></Execution>
<Channel>Microsoft-Windows-ServerManager-MultiMachine/Operational</Channel>
<Computer>WIN-PTFPHFCRDJ0</Computer>
<Security UserID="S-1-5-21-1152959844-3645458174-3779170896-1000"></Security>
</System>
<EventData><Data Name="serverName">localhost</Data>
<Data Name="namespaceName">root\microsoft\windows\servermanager</Data>
<Data Name="wmiClassName">MSFT_ServerManagerTasks</Data>
<Data Name="methodName">GetServerInventory</Data>
<Data Name="protocol">DCOM</Data>
</EventData>
</Event>

<Event xmlns="http://schemas.microsoft.com/win/2004/08/events/event"><System><Provider Name="Microsoft-Windows-ServerManager-MultiMachine" Guid="{d8d37081-10bd-4a89-a971-1cda6899bdb3}"></Provider>
<EventID Qualifiers="">217</EventID>
<Version>0</Version>
<Level>4</Level>
<Task>17</Task>
<Opcode>0</Opcode>
<Keywords>0x2000000000000000</Keywords>
<TimeCreated SystemTime="2020-10-26 12:12:12.133982"></TimeCreated>
<EventRecordID>244</EventRecordID>
<Correlation ActivityID="{2b23a8ae-8fad-4bde-b68f-ab613664cdeb}" RelatedActivityID=""></Correlation>
<Execution ProcessID="3984" ThreadID="716"></Execution>
<Channel>Microsoft-Windows-ServerManager-MultiMachine/Operational</Channel>
<Computer>WIN-PTFPHFCRDJ0</Computer>
<Security UserID="S-1-5-21-1152959844-3645458174-3779170896-1000"></Security>
</System>
<EventData><Data Name="serverName">localhost</Data>
<Data Name="namespaceName">root\microsoft\windows\servermanager</Data>
<Data Name="wmiClassName">MSFT_ServerManagerTasks</Data>
<Data Name="methodName">GetServerInventory</Data>
<Data Name="protocol">DCOM</Data>
</EventData>
</Event>

<Event xmlns="http://schemas.microsoft.com/win/2004/08/events/event"><System><Provider Name="Microsoft-Windows-ServerManager-MultiMachine" Guid="{d8d37081-10bd-4a89-a971-1cda6899bdb3}"></Provider>
<EventID Qualifiers="">215</EventID>
<Version>0</Version>
<Level>4</Level>
<Task>17</Task>
<Opcode>0</Opcode>
<Keywords>0x2000000000000000</Keywords>
<TimeCreated SystemTime="2020-10-26 12:12:12.152063"></TimeCreated>
<EventRecordID>245</EventRecordID>
<Correlation ActivityID="{2b23a8ae-8fad-4bde-b68f-ab613664cdeb}" RelatedActivityID=""></Correlation>
<Execution ProcessID="3984" ThreadID="716"></Execution>
<Channel>Microsoft-Windows-ServerManager-MultiMachine/Operational</Channel>
<Computer>WIN-PTFPHFCRDJ0</Computer>
<Security UserID="S-1-5-21-1152959844-3645458174-3779170896-1000"></Security>
</System>
<EventData><Data Name="serverName">localhost</Data>
<Data Name="namespaceName">root\microsoft\windows\servermanager</Data>
<Data Name="wmiClassName">MSFT_ServerManagerTasks</Data>
<Data Name="methodName">GetServerInventory</Data>
<Data Name="protocol">DCOM</Data>
</EventData>
</Event>

<Event xmlns="http://schemas.microsoft.com/win/2004/08/events/event"><System><Provider Name="Microsoft-Windows-ServerManager-MultiMachine" Guid="{d8d37081-10bd-4a89-a971-1cda6899bdb3}"></Provider>
<EventID Qualifiers="">214</EventID>
<Version>0</Version>
<Level>4</Level>
<Task>17</Task>
<Opcode>0</Opcode>
<Keywords>0x2000000000000000</Keywords>
<TimeCreated SystemTime="2020-10-26 12:12:12.160200"></TimeCreated>
<EventRecordID>246</EventRecordID>
<Correlation ActivityID="{2b23a8ae-8fad-4bde-b68f-ab613664cdeb}" RelatedActivityID=""></Correlation>
<Execution ProcessID="3984" ThreadID="716"></Execution>
<Channel>Microsoft-Windows-ServerManager-MultiMachine/Operational</Channel>
<Computer>WIN-PTFPHFCRDJ0</Computer>
<Security UserID="S-1-5-21-1152959844-3645458174-3779170896-1000"></Security>
</System>
<EventData><Data Name="serverName">localhost</Data>
<Data Name="namespaceName">root\microsoft\windows\servermanager</Data>
<Data Name="wmiClassName">MSFT_ServerManagerTasks</Data>
<Data Name="methodName">GetServerFeature</Data>
<Data Name="protocol">DCOM</Data>
</EventData>
</Event>

<Event xmlns="http://schemas.microsoft.com/win/2004/08/events/event"><System><Provider Name="Microsoft-Windows-ServerManager-MultiMachine" Guid="{d8d37081-10bd-4a89-a971-1cda6899bdb3}"></Provider>
<EventID Qualifiers="">209</EventID>
<Version>0</Version>
<Level>4</Level>
<Task>17</Task>
<Opcode>0</Opcode>
<Keywords>0x2000000000000000</Keywords>
<TimeCreated SystemTime="2020-10-26 12:12:12.160202"></TimeCreated>
<EventRecordID>247</EventRecordID>
<Correlation ActivityID="{2b23a8ae-8fad-4bde-b68f-ab613664cdeb}" RelatedActivityID=""></Correlation>
<Execution ProcessID="3984" ThreadID="716"></Execution>
<Channel>Microsoft-Windows-ServerManager-MultiMachine/Operational</Channel>
<Computer>WIN-PTFPHFCRDJ0</Computer>
<Security UserID="S-1-5-21-1152959844-3645458174-3779170896-1000"></Security>
</System>
<EventData><Data Name="serverName">localhost</Data>
<Data Name="protocol">DCOM</Data>
<Data Name="userName">null</Data>
</EventData>
</Event>

<Event xmlns="http://schemas.microsoft.com/win/2004/08/events/event"><System><Provider Name="Microsoft-Windows-ServerManager-MultiMachine" Guid="{d8d37081-10bd-4a89-a971-1cda6899bdb3}"></Provider>
<EventID Qualifiers="">214</EventID>
<Version>0</Version>
<Level>4</Level>
<Task>17</Task>
<Opcode>0</Opcode>
<Keywords>0x2000000000000000</Keywords>
<TimeCreated SystemTime="2020-10-26 12:12:12.160316"></TimeCreated>
<EventRecordID>248</EventRecordID>
<Correlation ActivityID="{2b23a8ae-8fad-4bde-b68f-ab613664cdeb}" RelatedActivityID=""></Correlation>
<Execution ProcessID="3984" ThreadID="716"></Execution>
<Channel>Microsoft-Windows-ServerManager-MultiMachine/Operational</Channel>
<Computer>WIN-PTFPHFCRDJ0</Computer>
<Security UserID="S-1-5-21-1152959844-3645458174-3779170896-1000"></Security>
</System>
<EventData><Data Name="serverName">localhost</Data>
<Data Name="namespaceName">root\microsoft\windows\servermanager</Data>
<Data Name="wmiClassName">MSFT_ServerManagerTasks</Data>
<Data Name="methodName">GetServerServiceDetail</Data>
<Data Name="protocol">DCOM</Data>
</EventData>
</Event>

<Event xmlns="http://schemas.microsoft.com/win/2004/08/events/event"><System><Provider Name="Microsoft-Windows-ServerManager-MultiMachine" Guid="{d8d37081-10bd-4a89-a971-1cda6899bdb3}"></Provider>
<EventID Qualifiers="">209</EventID>
<Version>0</Version>
<Level>4</Level>
<Task>17</Task>
<Opcode>0</Opcode>
<Keywords>0x2000000000000000</Keywords>
<TimeCreated SystemTime="2020-10-26 12:12:12.160318"></TimeCreated>
<EventRecordID>249</EventRecordID>
<Correlation ActivityID="{2b23a8ae-8fad-4bde-b68f-ab613664cdeb}" RelatedActivityID=""></Correlation>
<Execution ProcessID="3984" ThreadID="716"></Execution>
<Channel>Microsoft-Windows-ServerManager-MultiMachine/Operational</Channel>
<Computer>WIN-PTFPHFCRDJ0</Computer>
<Security UserID="S-1-5-21-1152959844-3645458174-3779170896-1000"></Security>
</System>
<EventData><Data Name="serverName">localhost</Data>
<Data Name="protocol">DCOM</Data>
<Data Name="userName">null</Data>
</EventData>
</Event>

<Event xmlns="http://schemas.microsoft.com/win/2004/08/events/event"><System><Provider Name="Microsoft-Windows-ServerManager-MultiMachine" Guid="{d8d37081-10bd-4a89-a971-1cda6899bdb3}"></Provider>
<EventID Qualifiers="">214</EventID>
<Version>0</Version>
<Level>4</Level>
<Task>17</Task>
<Opcode>0</Opcode>
<Keywords>0x2000000000000000</Keywords>
<TimeCreated SystemTime="2020-10-26 12:12:12.160368"></TimeCreated>
<EventRecordID>250</EventRecordID>
<Correlation ActivityID="{2b23a8ae-8fad-4bde-b68f-ab613664cdeb}" RelatedActivityID=""></Correlation>
<Execution ProcessID="3984" ThreadID="716"></Execution>
<Channel>Microsoft-Windows-ServerManager-MultiMachine/Operational</Channel>
<Computer>WIN-PTFPHFCRDJ0</Computer>
<Security UserID="S-1-5-21-1152959844-3645458174-3779170896-1000"></Security>
</System>
<EventData><Data Name="serverName">localhost</Data>
<Data Name="namespaceName">root\microsoft\windows\servermanager</Data>
<Data Name="wmiClassName">MSFT_ServerManagerTasks</Data>
<Data Name="methodName">GetPerformanceCollectorState</Data>
<Data Name="protocol">DCOM</Data>
</EventData>
</Event>

<Event xmlns="http://schemas.microsoft.com/win/2004/08/events/event"><System><Provider Name="Microsoft-Windows-ServerManager-MultiMachine" Guid="{d8d37081-10bd-4a89-a971-1cda6899bdb3}"></Provider>
<EventID Qualifiers="">209</EventID>
<Version>0</Version>
<Level>4</Level>
<Task>17</Task>
<Opcode>0</Opcode>
<Keywords>0x2000000000000000</Keywords>
<TimeCreated SystemTime="2020-10-26 12:12:12.160370"></TimeCreated>
<EventRecordID>251</EventRecordID>
<Correlation ActivityID="{2b23a8ae-8fad-4bde-b68f-ab613664cdeb}" RelatedActivityID=""></Correlation>
<Execution ProcessID="3984" ThreadID="716"></Execution>
<Channel>Microsoft-Windows-ServerManager-MultiMachine/Operational</Channel>
<Computer>WIN-PTFPHFCRDJ0</Computer>
<Security UserID="S-1-5-21-1152959844-3645458174-3779170896-1000"></Security>
</System>
<EventData><Data Name="serverName">localhost</Data>
<Data Name="protocol">DCOM</Data>
<Data Name="userName">null</Data>
</EventData>
</Event>

