<Event xmlns="http://schemas.microsoft.com/win/2004/08/events/event"><System><Provider Name="Microsoft-Windows-Shell-Core" Guid="{30336ed4-e327-447c-9de0-51b652c86108}"></Provider>
<EventID Qualifiers="">62443</EventID>
<Version>0</Version>
<Level>4</Level>
<Task>62443</Task>
<Opcode>0</Opcode>
<Keywords>0x1000000000000000</Keywords>
<TimeCreated SystemTime="2020-10-22 20:52:27.527357"></TimeCreated>
<EventRecordID>221</EventRecordID>
<Correlation ActivityID="" RelatedActivityID=""></Correlation>
<Execution ProcessID="3804" ThreadID="3892"></Execution>
<Channel>Microsoft-Windows-Shell-Core/AppDefaults</Channel>
<Computer>WIN-PTFPHFCRDJ0</Computer>
<Security UserID="S-1-5-21-1152959844-3645458174-3779170896-1000"></Security>
</System>
<EventData><Data Name="Info">SetDefault: Association=.adts, ProgId=WMP11.AssocFile.ADTS</Data>
</EventData>
</Event>

<Event xmlns="http://schemas.microsoft.com/win/2004/08/events/event"><System><Provider Name="Microsoft-Windows-Shell-Core" Guid="{30336ed4-e327-447c-9de0-51b652c86108}"></Provider>
<EventID Qualifiers="">62443</EventID>
<Version>0</Version>
<Level>4</Level>
<Task>62443</Task>
<Opcode>0</Opcode>
<Keywords>0x1000000000000000</Keywords>
<TimeCreated SystemTime="2020-10-22 20:52:27.527378"></TimeCreated>
<EventRecordID>222</EventRecordID>
<Correlation ActivityID="" RelatedActivityID=""></Correlation>
<Execution ProcessID="3804" ThreadID="3892"></Execution>
<Channel>Microsoft-Windows-Shell-Core/AppDefaults</Channel>
<Computer>WIN-PTFPHFCRDJ0</Computer>
<Security UserID="S-1-5-21-1152959844-3645458174-3779170896-1000"></Security>
</System>
<EventData><Data Name="Info">SetDefault-Info: Association=.adts, ProgId=WMP11.AssocFile.ADTS, U=S-1-5-21-1152959844-3645458174-3779170896-1000, T=2020:10:04:22:20:52, H=srns7yVKz9E=</Data>
</EventData>
</Event>

<Event xmlns="http://schemas.microsoft.com/win/2004/08/events/event"><System><Provider Name="Microsoft-Windows-Shell-Core" Guid="{30336ed4-e327-447c-9de0-51b652c86108}"></Provider>
<EventID Qualifiers="">62443</EventID>
<Version>0</Version>
<Level>4</Level>
<Task>62443</Task>
<Opcode>0</Opcode>
<Keywords>0x1000000000000000</Keywords>
<TimeCreated SystemTime="2020-10-22 20:52:27.530922"></TimeCreated>
<EventRecordID>223</EventRecordID>
<Correlation ActivityID="" RelatedActivityID=""></Correlation>
<Execution ProcessID="3804" ThreadID="3892"></Execution>
<Channel>Microsoft-Windows-Shell-Core/AppDefaults</Channel>
<Computer>WIN-PTFPHFCRDJ0</Computer>
<Security UserID="S-1-5-21-1152959844-3645458174-3779170896-1000"></Security>
</System>
<EventData><Data Name="Info">SetDefault: Association=.avi, ProgId=WMP11.AssocFile.AVI</Data>
</EventData>
</Event>

<Event xmlns="http://schemas.microsoft.com/win/2004/08/events/event"><System><Provider Name="Microsoft-Windows-Shell-Core" Guid="{30336ed4-e327-447c-9de0-51b652c86108}"></Provider>
<EventID Qualifiers="">62443</EventID>
<Version>0</Version>
<Level>4</Level>
<Task>62443</Task>
<Opcode>0</Opcode>
<Keywords>0x1000000000000000</Keywords>
<TimeCreated SystemTime="2020-10-22 20:52:27.530945"></TimeCreated>
<EventRecordID>224</EventRecordID>
<Correlation ActivityID="" RelatedActivityID=""></Correlation>
<Execution ProcessID="3804" ThreadID="3892"></Execution>
<Channel>Microsoft-Windows-Shell-Core/AppDefaults</Channel>
<Computer>WIN-PTFPHFCRDJ0</Computer>
<Security UserID="S-1-5-21-1152959844-3645458174-3779170896-1000"></Security>
</System>
<EventData><Data Name="Info">SetDefault-Info: Association=.avi, ProgId=WMP11.AssocFile.AVI, U=S-1-5-21-1152959844-3645458174-3779170896-1000, T=2020:10:04:22:20:52, H=e+wcwddi4s0=</Data>
</EventData>
</Event>

<Event xmlns="http://schemas.microsoft.com/win/2004/08/events/event"><System><Provider Name="Microsoft-Windows-Shell-Core" Guid="{30336ed4-e327-447c-9de0-51b652c86108}"></Provider>
<EventID Qualifiers="">62443</EventID>
<Version>0</Version>
<Level>4</Level>
<Task>62443</Task>
<Opcode>0</Opcode>
<Keywords>0x1000000000000000</Keywords>
<TimeCreated SystemTime="2020-10-22 20:52:27.534464"></TimeCreated>
<EventRecordID>225</EventRecordID>
<Correlation ActivityID="" RelatedActivityID=""></Correlation>
<Execution ProcessID="3804" ThreadID="3892"></Execution>
<Channel>Microsoft-Windows-Shell-Core/AppDefaults</Channel>
<Computer>WIN-PTFPHFCRDJ0</Computer>
<Security UserID="S-1-5-21-1152959844-3645458174-3779170896-1000"></Security>
</System>
<EventData><Data Name="Info">SetDefault: Association=.bmp, ProgId=PBrush</Data>
</EventData>
</Event>

<Event xmlns="http://schemas.microsoft.com/win/2004/08/events/event"><System><Provider Name="Microsoft-Windows-Shell-Core" Guid="{30336ed4-e327-447c-9de0-51b652c86108}"></Provider>
<EventID Qualifiers="">62443</EventID>
<Version>0</Version>
<Level>4</Level>
<Task>62443</Task>
<Opcode>0</Opcode>
<Keywords>0x1000000000000000</Keywords>
<TimeCreated SystemTime="2020-10-22 20:52:27.534485"></TimeCreated>
<EventRecordID>226</EventRecordID>
<Correlation ActivityID="" RelatedActivityID=""></Correlation>
<Execution ProcessID="3804" ThreadID="3892"></Execution>
<Channel>Microsoft-Windows-Shell-Core/AppDefaults</Channel>
<Computer>WIN-PTFPHFCRDJ0</Computer>
<Security UserID="S-1-5-21-1152959844-3645458174-3779170896-1000"></Security>
</System>
<EventData><Data Name="Info">SetDefault-Info: Association=.bmp, ProgId=PBrush, U=S-1-5-21-1152959844-3645458174-3779170896-1000, T=2020:10:04:22:20:52, H=2VUyav0sDy0=</Data>
</EventData>
</Event>

<Event xmlns="http://schemas.microsoft.com/win/2004/08/events/event"><System><Provider Name="Microsoft-Windows-Shell-Core" Guid="{30336ed4-e327-447c-9de0-51b652c86108}"></Provider>
<EventID Qualifiers="">62443</EventID>
<Version>0</Version>
<Level>4</Level>
<Task>62443</Task>
<Opcode>0</Opcode>
<Keywords>0x1000000000000000</Keywords>
<TimeCreated SystemTime="2020-10-22 20:52:27.538717"></TimeCreated>
<EventRecordID>227</EventRecordID>
<Correlation ActivityID="" RelatedActivityID=""></Correlation>
<Execution ProcessID="3804" ThreadID="3892"></Execution>
<Channel>Microsoft-Windows-Shell-Core/AppDefaults</Channel>
<Computer>WIN-PTFPHFCRDJ0</Computer>
<Security UserID="S-1-5-21-1152959844-3645458174-3779170896-1000"></Security>
</System>
<EventData><Data Name="Info">SetDefault: Association=.dib, ProgId=PBrush</Data>
</EventData>
</Event>

<Event xmlns="http://schemas.microsoft.com/win/2004/08/events/event"><System><Provider Name="Microsoft-Windows-Shell-Core" Guid="{30336ed4-e327-447c-9de0-51b652c86108}"></Provider>
<EventID Qualifiers="">62443</EventID>
<Version>0</Version>
<Level>4</Level>
<Task>62443</Task>
<Opcode>0</Opcode>
<Keywords>0x1000000000000000</Keywords>
<TimeCreated SystemTime="2020-10-22 20:52:27.538742"></TimeCreated>
<EventRecordID>228</EventRecordID>
<Correlation ActivityID="" RelatedActivityID=""></Correlation>
<Execution ProcessID="3804" ThreadID="3892"></Execution>
<Channel>Microsoft-Windows-Shell-Core/AppDefaults</Channel>
<Computer>WIN-PTFPHFCRDJ0</Computer>
<Security UserID="S-1-5-21-1152959844-3645458174-3779170896-1000"></Security>
</System>
<EventData><Data Name="Info">SetDefault-Info: Association=.dib, ProgId=PBrush, U=S-1-5-21-1152959844-3645458174-3779170896-1000, T=2020:10:04:22:20:52, H=C+//MOuS+jQ=</Data>
</EventData>
</Event>

<Event xmlns="http://schemas.microsoft.com/win/2004/08/events/event"><System><Provider Name="Microsoft-Windows-Shell-Core" Guid="{30336ed4-e327-447c-9de0-51b652c86108}"></Provider>
<EventID Qualifiers="">62443</EventID>
<Version>0</Version>
<Level>4</Level>
<Task>62443</Task>
<Opcode>0</Opcode>
<Keywords>0x1000000000000000</Keywords>
<TimeCreated SystemTime="2020-10-22 20:52:27.542471"></TimeCreated>
<EventRecordID>229</EventRecordID>
<Correlation ActivityID="" RelatedActivityID=""></Correlation>
<Execution ProcessID="3804" ThreadID="3892"></Execution>
<Channel>Microsoft-Windows-Shell-Core/AppDefaults</Channel>
<Computer>WIN-PTFPHFCRDJ0</Computer>
<Security UserID="S-1-5-21-1152959844-3645458174-3779170896-1000"></Security>
</System>
<EventData><Data Name="Info">SetDefault: Association=.flac, ProgId=WMP11.AssocFile.FLAC</Data>
</EventData>
</Event>

<Event xmlns="http://schemas.microsoft.com/win/2004/08/events/event"><System><Provider Name="Microsoft-Windows-Shell-Core" Guid="{30336ed4-e327-447c-9de0-51b652c86108}"></Provider>
<EventID Qualifiers="">62443</EventID>
<Version>0</Version>
<Level>4</Level>
<Task>62443</Task>
<Opcode>0</Opcode>
<Keywords>0x1000000000000000</Keywords>
<TimeCreated SystemTime="2020-10-22 20:52:27.542494"></TimeCreated>
<EventRecordID>230</EventRecordID>
<Correlation ActivityID="" RelatedActivityID=""></Correlation>
<Execution ProcessID="3804" ThreadID="3892"></Execution>
<Channel>Microsoft-Windows-Shell-Core/AppDefaults</Channel>
<Computer>WIN-PTFPHFCRDJ0</Computer>
<Security UserID="S-1-5-21-1152959844-3645458174-3779170896-1000"></Security>
</System>
<EventData><Data Name="Info">SetDefault-Info: Association=.flac, ProgId=WMP11.AssocFile.FLAC, U=S-1-5-21-1152959844-3645458174-3779170896-1000, T=2020:10:04:22:20:52, H=M0Mm50q5UVo=</Data>
</EventData>
</Event>

<Event xmlns="http://schemas.microsoft.com/win/2004/08/events/event"><System><Provider Name="Microsoft-Windows-Shell-Core" Guid="{30336ed4-e327-447c-9de0-51b652c86108}"></Provider>
<EventID Qualifiers="">62443</EventID>
<Version>0</Version>
<Level>4</Level>
<Task>62443</Task>
<Opcode>0</Opcode>
<Keywords>0x1000000000000000</Keywords>
<TimeCreated SystemTime="2020-10-22 20:52:27.546103"></TimeCreated>
<EventRecordID>231</EventRecordID>
<Correlation ActivityID="" RelatedActivityID=""></Correlation>
<Execution ProcessID="3804" ThreadID="3892"></Execution>
<Channel>Microsoft-Windows-Shell-Core/AppDefaults</Channel>
<Computer>WIN-PTFPHFCRDJ0</Computer>
<Security UserID="S-1-5-21-1152959844-3645458174-3779170896-1000"></Security>
</System>
<EventData><Data Name="Info">SetDefault: Association=.gif, ProgId=PBrush</Data>
</EventData>
</Event>

<Event xmlns="http://schemas.microsoft.com/win/2004/08/events/event"><System><Provider Name="Microsoft-Windows-Shell-Core" Guid="{30336ed4-e327-447c-9de0-51b652c86108}"></Provider>
<EventID Qualifiers="">62443</EventID>
<Version>0</Version>
<Level>4</Level>
<Task>62443</Task>
<Opcode>0</Opcode>
<Keywords>0x1000000000000000</Keywords>
<TimeCreated SystemTime="2020-10-22 20:52:27.546125"></TimeCreated>
<EventRecordID>232</EventRecordID>
<Correlation ActivityID="" RelatedActivityID=""></Correlation>
<Execution ProcessID="3804" ThreadID="3892"></Execution>
<Channel>Microsoft-Windows-Shell-Core/AppDefaults</Channel>
<Computer>WIN-PTFPHFCRDJ0</Computer>
<Security UserID="S-1-5-21-1152959844-3645458174-3779170896-1000"></Security>
</System>
<EventData><Data Name="Info">SetDefault-Info: Association=.gif, ProgId=PBrush, U=S-1-5-21-1152959844-3645458174-3779170896-1000, T=2020:10:04:22:20:52, H=MYegPgDEBoU=</Data>
</EventData>
</Event>

<Event xmlns="http://schemas.microsoft.com/win/2004/08/events/event"><System><Provider Name="Microsoft-Windows-Shell-Core" Guid="{30336ed4-e327-447c-9de0-51b652c86108}"></Provider>
<EventID Qualifiers="">62443</EventID>
<Version>0</Version>
<Level>4</Level>
<Task>62443</Task>
<Opcode>0</Opcode>
<Keywords>0x1000000000000000</Keywords>
<TimeCreated SystemTime="2020-10-22 20:52:27.549789"></TimeCreated>
<EventRecordID>233</EventRecordID>
<Correlation ActivityID="" RelatedActivityID=""></Correlation>
<Execution ProcessID="3804" ThreadID="3892"></Execution>
<Channel>Microsoft-Windows-Shell-Core/AppDefaults</Channel>
<Computer>WIN-PTFPHFCRDJ0</Computer>
<Security UserID="S-1-5-21-1152959844-3645458174-3779170896-1000"></Security>
</System>
<EventData><Data Name="Info">SetDefault: Association=.htm, ProgId=IE.AssocFile.HTM</Data>
</EventData>
</Event>

<Event xmlns="http://schemas.microsoft.com/win/2004/08/events/event"><System><Provider Name="Microsoft-Windows-Shell-Core" Guid="{30336ed4-e327-447c-9de0-51b652c86108}"></Provider>
<EventID Qualifiers="">62443</EventID>
<Version>0</Version>
<Level>4</Level>
<Task>62443</Task>
<Opcode>0</Opcode>
<Keywords>0x1000000000000000</Keywords>
<TimeCreated SystemTime="2020-10-22 20:52:27.549812"></TimeCreated>
<EventRecordID>234</EventRecordID>
<Correlation ActivityID="" RelatedActivityID=""></Correlation>
<Execution ProcessID="3804" ThreadID="3892"></Execution>
<Channel>Microsoft-Windows-Shell-Core/AppDefaults</Channel>
<Computer>WIN-PTFPHFCRDJ0</Computer>
<Security UserID="S-1-5-21-1152959844-3645458174-3779170896-1000"></Security>
</System>
<EventData><Data Name="Info">SetDefault-Info: Association=.htm, ProgId=IE.AssocFile.HTM, U=S-1-5-21-1152959844-3645458174-3779170896-1000, T=2020:10:04:22:20:52, H=LxUMLWUmfK0=</Data>
</EventData>
</Event>

<Event xmlns="http://schemas.microsoft.com/win/2004/08/events/event"><System><Provider Name="Microsoft-Windows-Shell-Core" Guid="{30336ed4-e327-447c-9de0-51b652c86108}"></Provider>
<EventID Qualifiers="">62443</EventID>
<Version>0</Version>
<Level>4</Level>
<Task>62443</Task>
<Opcode>0</Opcode>
<Keywords>0x1000000000000000</Keywords>
<TimeCreated SystemTime="2020-10-22 20:52:27.553408"></TimeCreated>
<EventRecordID>235</EventRecordID>
<Correlation ActivityID="" RelatedActivityID=""></Correlation>
<Execution ProcessID="3804" ThreadID="3892"></Execution>
<Channel>Microsoft-Windows-Shell-Core/AppDefaults</Channel>
<Computer>WIN-PTFPHFCRDJ0</Computer>
<Security UserID="S-1-5-21-1152959844-3645458174-3779170896-1000"></Security>
</System>
<EventData><Data Name="Info">SetDefault: Association=.html, ProgId=IE.AssocFile.HTM</Data>
</EventData>
</Event>

<Event xmlns="http://schemas.microsoft.com/win/2004/08/events/event"><System><Provider Name="Microsoft-Windows-Shell-Core" Guid="{30336ed4-e327-447c-9de0-51b652c86108}"></Provider>
<EventID Qualifiers="">62443</EventID>
<Version>0</Version>
<Level>4</Level>
<Task>62443</Task>
<Opcode>0</Opcode>
<Keywords>0x1000000000000000</Keywords>
<TimeCreated SystemTime="2020-10-22 20:52:27.553431"></TimeCreated>
<EventRecordID>236</EventRecordID>
<Correlation ActivityID="" RelatedActivityID=""></Correlation>
<Execution ProcessID="3804" ThreadID="3892"></Execution>
<Channel>Microsoft-Windows-Shell-Core/AppDefaults</Channel>
<Computer>WIN-PTFPHFCRDJ0</Computer>
<Security UserID="S-1-5-21-1152959844-3645458174-3779170896-1000"></Security>
</System>
<EventData><Data Name="Info">SetDefault-Info: Association=.html, ProgId=IE.AssocFile.HTM, U=S-1-5-21-1152959844-3645458174-3779170896-1000, T=2020:10:04:22:20:52, H=n5t+4/dQkYs=</Data>
</EventData>
</Event>

<Event xmlns="http://schemas.microsoft.com/win/2004/08/events/event"><System><Provider Name="Microsoft-Windows-Shell-Core" Guid="{30336ed4-e327-447c-9de0-51b652c86108}"></Provider>
<EventID Qualifiers="">62443</EventID>
<Version>0</Version>
<Level>4</Level>
<Task>62443</Task>
<Opcode>0</Opcode>
<Keywords>0x1000000000000000</Keywords>
<TimeCreated SystemTime="2020-10-22 20:52:27.556740"></TimeCreated>
<EventRecordID>237</EventRecordID>
<Correlation ActivityID="" RelatedActivityID=""></Correlation>
<Execution ProcessID="3804" ThreadID="3892"></Execution>
<Channel>Microsoft-Windows-Shell-Core/AppDefaults</Channel>
<Computer>WIN-PTFPHFCRDJ0</Computer>
<Security UserID="S-1-5-21-1152959844-3645458174-3779170896-1000"></Security>
</System>
<EventData><Data Name="Info">SetDefault: Association=.jfif, ProgId=PBrush</Data>
</EventData>
</Event>

<Event xmlns="http://schemas.microsoft.com/win/2004/08/events/event"><System><Provider Name="Microsoft-Windows-Shell-Core" Guid="{30336ed4-e327-447c-9de0-51b652c86108}"></Provider>
<EventID Qualifiers="">62443</EventID>
<Version>0</Version>
<Level>4</Level>
<Task>62443</Task>
<Opcode>0</Opcode>
<Keywords>0x1000000000000000</Keywords>
<TimeCreated SystemTime="2020-10-22 20:52:27.556763"></TimeCreated>
<EventRecordID>238</EventRecordID>
<Correlation ActivityID="" RelatedActivityID=""></Correlation>
<Execution ProcessID="3804" ThreadID="3892"></Execution>
<Channel>Microsoft-Windows-Shell-Core/AppDefaults</Channel>
<Computer>WIN-PTFPHFCRDJ0</Computer>
<Security UserID="S-1-5-21-1152959844-3645458174-3779170896-1000"></Security>
</System>
<EventData><Data Name="Info">SetDefault-Info: Association=.jfif, ProgId=PBrush, U=S-1-5-21-1152959844-3645458174-3779170896-1000, T=2020:10:04:22:20:52, H=X71q/kCcP7U=</Data>
</EventData>
</Event>

<Event xmlns="http://schemas.microsoft.com/win/2004/08/events/event"><System><Provider Name="Microsoft-Windows-Shell-Core" Guid="{30336ed4-e327-447c-9de0-51b652c86108}"></Provider>
<EventID Qualifiers="">62443</EventID>
<Version>0</Version>
<Level>4</Level>
<Task>62443</Task>
<Opcode>0</Opcode>
<Keywords>0x1000000000000000</Keywords>
<TimeCreated SystemTime="2020-10-22 20:52:27.560352"></TimeCreated>
<EventRecordID>239</EventRecordID>
<Correlation ActivityID="" RelatedActivityID=""></Correlation>
<Execution ProcessID="3804" ThreadID="3892"></Execution>
<Channel>Microsoft-Windows-Shell-Core/AppDefaults</Channel>
<Computer>WIN-PTFPHFCRDJ0</Computer>
<Security UserID="S-1-5-21-1152959844-3645458174-3779170896-1000"></Security>
</System>
<EventData><Data Name="Info">SetDefault: Association=.jpe, ProgId=PBrush</Data>
</EventData>
</Event>

<Event xmlns="http://schemas.microsoft.com/win/2004/08/events/event"><System><Provider Name="Microsoft-Windows-Shell-Core" Guid="{30336ed4-e327-447c-9de0-51b652c86108}"></Provider>
<EventID Qualifiers="">62443</EventID>
<Version>0</Version>
<Level>4</Level>
<Task>62443</Task>
<Opcode>0</Opcode>
<Keywords>0x1000000000000000</Keywords>
<TimeCreated SystemTime="2020-10-22 20:52:27.560375"></TimeCreated>
<EventRecordID>240</EventRecordID>
<Correlation ActivityID="" RelatedActivityID=""></Correlation>
<Execution ProcessID="3804" ThreadID="3892"></Execution>
<Channel>Microsoft-Windows-Shell-Core/AppDefaults</Channel>
<Computer>WIN-PTFPHFCRDJ0</Computer>
<Security UserID="S-1-5-21-1152959844-3645458174-3779170896-1000"></Security>
</System>
<EventData><Data Name="Info">SetDefault-Info: Association=.jpe, ProgId=PBrush, U=S-1-5-21-1152959844-3645458174-3779170896-1000, T=2020:10:04:22:20:52, H=g6JGoGmTeiI=</Data>
</EventData>
</Event>

<Event xmlns="http://schemas.microsoft.com/win/2004/08/events/event"><System><Provider Name="Microsoft-Windows-Shell-Core" Guid="{30336ed4-e327-447c-9de0-51b652c86108}"></Provider>
<EventID Qualifiers="">62443</EventID>
<Version>0</Version>
<Level>4</Level>
<Task>62443</Task>
<Opcode>0</Opcode>
<Keywords>0x1000000000000000</Keywords>
<TimeCreated SystemTime="2020-10-22 20:52:27.563955"></TimeCreated>
<EventRecordID>241</EventRecordID>
<Correlation ActivityID="" RelatedActivityID=""></Correlation>
<Execution ProcessID="3804" ThreadID="3892"></Execution>
<Channel>Microsoft-Windows-Shell-Core/AppDefaults</Channel>
<Computer>WIN-PTFPHFCRDJ0</Computer>
<Security UserID="S-1-5-21-1152959844-3645458174-3779170896-1000"></Security>
</System>
<EventData><Data Name="Info">SetDefault: Association=.jpeg, ProgId=PBrush</Data>
</EventData>
</Event>

<Event xmlns="http://schemas.microsoft.com/win/2004/08/events/event"><System><Provider Name="Microsoft-Windows-Shell-Core" Guid="{30336ed4-e327-447c-9de0-51b652c86108}"></Provider>
<EventID Qualifiers="">62443</EventID>
<Version>0</Version>
<Level>4</Level>
<Task>62443</Task>
<Opcode>0</Opcode>
<Keywords>0x1000000000000000</Keywords>
<TimeCreated SystemTime="2020-10-22 20:52:27.563978"></TimeCreated>
<EventRecordID>242</EventRecordID>
<Correlation ActivityID="" RelatedActivityID=""></Correlation>
<Execution ProcessID="3804" ThreadID="3892"></Execution>
<Channel>Microsoft-Windows-Shell-Core/AppDefaults</Channel>
<Computer>WIN-PTFPHFCRDJ0</Computer>
<Security UserID="S-1-5-21-1152959844-3645458174-3779170896-1000"></Security>
</System>
<EventData><Data Name="Info">SetDefault-Info: Association=.jpeg, ProgId=PBrush, U=S-1-5-21-1152959844-3645458174-3779170896-1000, T=2020:10:04:22:20:52, H=3gh3OJHJU40=</Data>
</EventData>
</Event>

<Event xmlns="http://schemas.microsoft.com/win/2004/08/events/event"><System><Provider Name="Microsoft-Windows-Shell-Core" Guid="{30336ed4-e327-447c-9de0-51b652c86108}"></Provider>
<EventID Qualifiers="">62443</EventID>
<Version>0</Version>
<Level>4</Level>
<Task>62443</Task>
<Opcode>0</Opcode>
<Keywords>0x1000000000000000</Keywords>
<TimeCreated SystemTime="2020-10-22 20:52:27.567566"></TimeCreated>
<EventRecordID>243</EventRecordID>
<Correlation ActivityID="" RelatedActivityID=""></Correlation>
<Execution ProcessID="3804" ThreadID="3892"></Execution>
<Channel>Microsoft-Windows-Shell-Core/AppDefaults</Channel>
<Computer>WIN-PTFPHFCRDJ0</Computer>
<Security UserID="S-1-5-21-1152959844-3645458174-3779170896-1000"></Security>
</System>
<EventData><Data Name="Info">SetDefault: Association=.jpg, ProgId=PBrush</Data>
</EventData>
</Event>

<Event xmlns="http://schemas.microsoft.com/win/2004/08/events/event"><System><Provider Name="Microsoft-Windows-Shell-Core" Guid="{30336ed4-e327-447c-9de0-51b652c86108}"></Provider>
<EventID Qualifiers="">62443</EventID>
<Version>0</Version>
<Level>4</Level>
<Task>62443</Task>
<Opcode>0</Opcode>
<Keywords>0x1000000000000000</Keywords>
<TimeCreated SystemTime="2020-10-22 20:52:27.567589"></TimeCreated>
<EventRecordID>244</EventRecordID>
<Correlation ActivityID="" RelatedActivityID=""></Correlation>
<Execution ProcessID="3804" ThreadID="3892"></Execution>
<Channel>Microsoft-Windows-Shell-Core/AppDefaults</Channel>
<Computer>WIN-PTFPHFCRDJ0</Computer>
<Security UserID="S-1-5-21-1152959844-3645458174-3779170896-1000"></Security>
</System>
<EventData><Data Name="Info">SetDefault-Info: Association=.jpg, ProgId=PBrush, U=S-1-5-21-1152959844-3645458174-3779170896-1000, T=2020:10:04:22:20:52, H=yXd9hhLgXhg=</Data>
</EventData>
</Event>

<Event xmlns="http://schemas.microsoft.com/win/2004/08/events/event"><System><Provider Name="Microsoft-Windows-Shell-Core" Guid="{30336ed4-e327-447c-9de0-51b652c86108}"></Provider>
<EventID Qualifiers="">62443</EventID>
<Version>0</Version>
<Level>4</Level>
<Task>62443</Task>
<Opcode>0</Opcode>
<Keywords>0x1000000000000000</Keywords>
<TimeCreated SystemTime="2020-10-22 20:52:27.571177"></TimeCreated>
<EventRecordID>245</EventRecordID>
<Correlation ActivityID="" RelatedActivityID=""></Correlation>
<Execution ProcessID="3804" ThreadID="3892"></Execution>
<Channel>Microsoft-Windows-Shell-Core/AppDefaults</Channel>
<Computer>WIN-PTFPHFCRDJ0</Computer>
<Security UserID="S-1-5-21-1152959844-3645458174-3779170896-1000"></Security>
</System>
<EventData><Data Name="Info">SetDefault: Association=.m2t, ProgId=WMP11.AssocFile.M2TS</Data>
</EventData>
</Event>

<Event xmlns="http://schemas.microsoft.com/win/2004/08/events/event"><System><Provider Name="Microsoft-Windows-Shell-Core" Guid="{30336ed4-e327-447c-9de0-51b652c86108}"></Provider>
<EventID Qualifiers="">62443</EventID>
<Version>0</Version>
<Level>4</Level>
<Task>62443</Task>
<Opcode>0</Opcode>
<Keywords>0x1000000000000000</Keywords>
<TimeCreated SystemTime="2020-10-22 20:52:27.571199"></TimeCreated>
<EventRecordID>246</EventRecordID>
<Correlation ActivityID="" RelatedActivityID=""></Correlation>
<Execution ProcessID="3804" ThreadID="3892"></Execution>
<Channel>Microsoft-Windows-Shell-Core/AppDefaults</Channel>
<Computer>WIN-PTFPHFCRDJ0</Computer>
<Security UserID="S-1-5-21-1152959844-3645458174-3779170896-1000"></Security>
</System>
<EventData><Data Name="Info">SetDefault-Info: Association=.m2t, ProgId=WMP11.AssocFile.M2TS, U=S-1-5-21-1152959844-3645458174-3779170896-1000, T=2020:10:04:22:20:52, H=sF3QGx1IpNY=</Data>
</EventData>
</Event>

<Event xmlns="http://schemas.microsoft.com/win/2004/08/events/event"><System><Provider Name="Microsoft-Windows-Shell-Core" Guid="{30336ed4-e327-447c-9de0-51b652c86108}"></Provider>
<EventID Qualifiers="">62443</EventID>
<Version>0</Version>
<Level>4</Level>
<Task>62443</Task>
<Opcode>0</Opcode>
<Keywords>0x1000000000000000</Keywords>
<TimeCreated SystemTime="2020-10-22 20:52:27.574757"></TimeCreated>
<EventRecordID>247</EventRecordID>
<Correlation ActivityID="" RelatedActivityID=""></Correlation>
<Execution ProcessID="3804" ThreadID="3892"></Execution>
<Channel>Microsoft-Windows-Shell-Core/AppDefaults</Channel>
<Computer>WIN-PTFPHFCRDJ0</Computer>
<Security UserID="S-1-5-21-1152959844-3645458174-3779170896-1000"></Security>
</System>
<EventData><Data Name="Info">SetDefault: Association=.m2ts, ProgId=WMP11.AssocFile.M2TS</Data>
</EventData>
</Event>

<Event xmlns="http://schemas.microsoft.com/win/2004/08/events/event"><System><Provider Name="Microsoft-Windows-Shell-Core" Guid="{30336ed4-e327-447c-9de0-51b652c86108}"></Provider>
<EventID Qualifiers="">62443</EventID>
<Version>0</Version>
<Level>4</Level>
<Task>62443</Task>
<Opcode>0</Opcode>
<Keywords>0x1000000000000000</Keywords>
<TimeCreated SystemTime="2020-10-22 20:52:27.574780"></TimeCreated>
<EventRecordID>248</EventRecordID>
<Correlation ActivityID="" RelatedActivityID=""></Correlation>
<Execution ProcessID="3804" ThreadID="3892"></Execution>
<Channel>Microsoft-Windows-Shell-Core/AppDefaults</Channel>
<Computer>WIN-PTFPHFCRDJ0</Computer>
<Security UserID="S-1-5-21-1152959844-3645458174-3779170896-1000"></Security>
</System>
<EventData><Data Name="Info">SetDefault-Info: Association=.m2ts, ProgId=WMP11.AssocFile.M2TS, U=S-1-5-21-1152959844-3645458174-3779170896-1000, T=2020:10:04:22:20:52, H=20eD8e+23JU=</Data>
</EventData>
</Event>

<Event xmlns="http://schemas.microsoft.com/win/2004/08/events/event"><System><Provider Name="Microsoft-Windows-Shell-Core" Guid="{30336ed4-e327-447c-9de0-51b652c86108}"></Provider>
<EventID Qualifiers="">62443</EventID>
<Version>0</Version>
<Level>4</Level>
<Task>62443</Task>
<Opcode>0</Opcode>
<Keywords>0x1000000000000000</Keywords>
<TimeCreated SystemTime="2020-10-22 20:52:27.578800"></TimeCreated>
<EventRecordID>249</EventRecordID>
<Correlation ActivityID="" RelatedActivityID=""></Correlation>
<Execution ProcessID="3804" ThreadID="3892"></Execution>
<Channel>Microsoft-Windows-Shell-Core/AppDefaults</Channel>
<Computer>WIN-PTFPHFCRDJ0</Computer>
<Security UserID="S-1-5-21-1152959844-3645458174-3779170896-1000"></Security>
</System>
<EventData><Data Name="Info">SetDefault: Association=.m3u, ProgId=WMP11.AssocFile.m3u</Data>
</EventData>
</Event>

<Event xmlns="http://schemas.microsoft.com/win/2004/08/events/event"><System><Provider Name="Microsoft-Windows-Shell-Core" Guid="{30336ed4-e327-447c-9de0-51b652c86108}"></Provider>
<EventID Qualifiers="">62443</EventID>
<Version>0</Version>
<Level>4</Level>
<Task>62443</Task>
<Opcode>0</Opcode>
<Keywords>0x1000000000000000</Keywords>
<TimeCreated SystemTime="2020-10-22 20:52:27.578831"></TimeCreated>
<EventRecordID>250</EventRecordID>
<Correlation ActivityID="" RelatedActivityID=""></Correlation>
<Execution ProcessID="3804" ThreadID="3892"></Execution>
<Channel>Microsoft-Windows-Shell-Core/AppDefaults</Channel>
<Computer>WIN-PTFPHFCRDJ0</Computer>
<Security UserID="S-1-5-21-1152959844-3645458174-3779170896-1000"></Security>
</System>
<EventData><Data Name="Info">SetDefault-Info: Association=.m3u, ProgId=WMP11.AssocFile.m3u, U=S-1-5-21-1152959844-3645458174-3779170896-1000, T=2020:10:04:22:20:52, H=mkPOJS+VVbM=</Data>
</EventData>
</Event>

<Event xmlns="http://schemas.microsoft.com/win/2004/08/events/event"><System><Provider Name="Microsoft-Windows-Shell-Core" Guid="{30336ed4-e327-447c-9de0-51b652c86108}"></Provider>
<EventID Qualifiers="">62443</EventID>
<Version>0</Version>
<Level>4</Level>
<Task>62443</Task>
<Opcode>0</Opcode>
<Keywords>0x1000000000000000</Keywords>
<TimeCreated SystemTime="2020-10-22 20:52:27.582304"></TimeCreated>
<EventRecordID>251</EventRecordID>
<Correlation ActivityID="" RelatedActivityID=""></Correlation>
<Execution ProcessID="3804" ThreadID="3892"></Execution>
<Channel>Microsoft-Windows-Shell-Core/AppDefaults</Channel>
<Computer>WIN-PTFPHFCRDJ0</Computer>
<Security UserID="S-1-5-21-1152959844-3645458174-3779170896-1000"></Security>
</System>
<EventData><Data Name="Info">SetDefault: Association=.m4a, ProgId=WMP11.AssocFile.M4A</Data>
</EventData>
</Event>

<Event xmlns="http://schemas.microsoft.com/win/2004/08/events/event"><System><Provider Name="Microsoft-Windows-Shell-Core" Guid="{30336ed4-e327-447c-9de0-51b652c86108}"></Provider>
<EventID Qualifiers="">62443</EventID>
<Version>0</Version>
<Level>4</Level>
<Task>62443</Task>
<Opcode>0</Opcode>
<Keywords>0x1000000000000000</Keywords>
<TimeCreated SystemTime="2020-10-22 20:52:27.582325"></TimeCreated>
<EventRecordID>252</EventRecordID>
<Correlation ActivityID="" RelatedActivityID=""></Correlation>
<Execution ProcessID="3804" ThreadID="3892"></Execution>
<Channel>Microsoft-Windows-Shell-Core/AppDefaults</Channel>
<Computer>WIN-PTFPHFCRDJ0</Computer>
<Security UserID="S-1-5-21-1152959844-3645458174-3779170896-1000"></Security>
</System>
<EventData><Data Name="Info">SetDefault-Info: Association=.m4a, ProgId=WMP11.AssocFile.M4A, U=S-1-5-21-1152959844-3645458174-3779170896-1000, T=2020:10:04:22:20:52, H=iQTHnKosc0M=</Data>
</EventData>
</Event>

<Event xmlns="http://schemas.microsoft.com/win/2004/08/events/event"><System><Provider Name="Microsoft-Windows-Shell-Core" Guid="{30336ed4-e327-447c-9de0-51b652c86108}"></Provider>
<EventID Qualifiers="">62443</EventID>
<Version>0</Version>
<Level>4</Level>
<Task>62443</Task>
<Opcode>0</Opcode>
<Keywords>0x1000000000000000</Keywords>
<TimeCreated SystemTime="2020-10-22 20:52:27.585800"></TimeCreated>
<EventRecordID>253</EventRecordID>
<Correlation ActivityID="" RelatedActivityID=""></Correlation>
<Execution ProcessID="3804" ThreadID="3892"></Execution>
<Channel>Microsoft-Windows-Shell-Core/AppDefaults</Channel>
<Computer>WIN-PTFPHFCRDJ0</Computer>
<Security UserID="S-1-5-21-1152959844-3645458174-3779170896-1000"></Security>
</System>
<EventData><Data Name="Info">SetDefault: Association=.m4v, ProgId=WMP11.AssocFile.MP4</Data>
</EventData>
</Event>

<Event xmlns="http://schemas.microsoft.com/win/2004/08/events/event"><System><Provider Name="Microsoft-Windows-Shell-Core" Guid="{30336ed4-e327-447c-9de0-51b652c86108}"></Provider>
<EventID Qualifiers="">62443</EventID>
<Version>0</Version>
<Level>4</Level>
<Task>62443</Task>
<Opcode>0</Opcode>
<Keywords>0x1000000000000000</Keywords>
<TimeCreated SystemTime="2020-10-22 20:52:27.585823"></TimeCreated>
<EventRecordID>254</EventRecordID>
<Correlation ActivityID="" RelatedActivityID=""></Correlation>
<Execution ProcessID="3804" ThreadID="3892"></Execution>
<Channel>Microsoft-Windows-Shell-Core/AppDefaults</Channel>
<Computer>WIN-PTFPHFCRDJ0</Computer>
<Security UserID="S-1-5-21-1152959844-3645458174-3779170896-1000"></Security>
</System>
<EventData><Data Name="Info">SetDefault-Info: Association=.m4v, ProgId=WMP11.AssocFile.MP4, U=S-1-5-21-1152959844-3645458174-3779170896-1000, T=2020:10:04:22:20:52, H=xafWoQ8dfSQ=</Data>
</EventData>
</Event>

<Event xmlns="http://schemas.microsoft.com/win/2004/08/events/event"><System><Provider Name="Microsoft-Windows-Shell-Core" Guid="{30336ed4-e327-447c-9de0-51b652c86108}"></Provider>
<EventID Qualifiers="">62443</EventID>
<Version>0</Version>
<Level>4</Level>
<Task>62443</Task>
<Opcode>0</Opcode>
<Keywords>0x1000000000000000</Keywords>
<TimeCreated SystemTime="2020-10-22 20:52:27.589417"></TimeCreated>
<EventRecordID>255</EventRecordID>
<Correlation ActivityID="" RelatedActivityID=""></Correlation>
<Execution ProcessID="3804" ThreadID="3892"></Execution>
<Channel>Microsoft-Windows-Shell-Core/AppDefaults</Channel>
<Computer>WIN-PTFPHFCRDJ0</Computer>
<Security UserID="S-1-5-21-1152959844-3645458174-3779170896-1000"></Security>
</System>
<EventData><Data Name="Info">SetDefault: Association=.mkv, ProgId=WMP11.AssocFile.MKV</Data>
</EventData>
</Event>

<Event xmlns="http://schemas.microsoft.com/win/2004/08/events/event"><System><Provider Name="Microsoft-Windows-Shell-Core" Guid="{30336ed4-e327-447c-9de0-51b652c86108}"></Provider>
<EventID Qualifiers="">62443</EventID>
<Version>0</Version>
<Level>4</Level>
<Task>62443</Task>
<Opcode>0</Opcode>
<Keywords>0x1000000000000000</Keywords>
<TimeCreated SystemTime="2020-10-22 20:52:27.589441"></TimeCreated>
<EventRecordID>256</EventRecordID>
<Correlation ActivityID="" RelatedActivityID=""></Correlation>
<Execution ProcessID="3804" ThreadID="3892"></Execution>
<Channel>Microsoft-Windows-Shell-Core/AppDefaults</Channel>
<Computer>WIN-PTFPHFCRDJ0</Computer>
<Security UserID="S-1-5-21-1152959844-3645458174-3779170896-1000"></Security>
</System>
<EventData><Data Name="Info">SetDefault-Info: Association=.mkv, ProgId=WMP11.AssocFile.MKV, U=S-1-5-21-1152959844-3645458174-3779170896-1000, T=2020:10:04:22:20:52, H=/OEH/UC6RJQ=</Data>
</EventData>
</Event>

<Event xmlns="http://schemas.microsoft.com/win/2004/08/events/event"><System><Provider Name="Microsoft-Windows-Shell-Core" Guid="{30336ed4-e327-447c-9de0-51b652c86108}"></Provider>
<EventID Qualifiers="">62443</EventID>
<Version>0</Version>
<Level>4</Level>
<Task>62443</Task>
<Opcode>0</Opcode>
<Keywords>0x1000000000000000</Keywords>
<TimeCreated SystemTime="2020-10-22 20:52:27.592913"></TimeCreated>
<EventRecordID>257</EventRecordID>
<Correlation ActivityID="" RelatedActivityID=""></Correlation>
<Execution ProcessID="3804" ThreadID="3892"></Execution>
<Channel>Microsoft-Windows-Shell-Core/AppDefaults</Channel>
<Computer>WIN-PTFPHFCRDJ0</Computer>
<Security UserID="S-1-5-21-1152959844-3645458174-3779170896-1000"></Security>
</System>
<EventData><Data Name="Info">SetDefault: Association=.mod, ProgId=WMP11.AssocFile.MPEG</Data>
</EventData>
</Event>

<Event xmlns="http://schemas.microsoft.com/win/2004/08/events/event"><System><Provider Name="Microsoft-Windows-Shell-Core" Guid="{30336ed4-e327-447c-9de0-51b652c86108}"></Provider>
<EventID Qualifiers="">62443</EventID>
<Version>0</Version>
<Level>4</Level>
<Task>62443</Task>
<Opcode>0</Opcode>
<Keywords>0x1000000000000000</Keywords>
<TimeCreated SystemTime="2020-10-22 20:52:27.592936"></TimeCreated>
<EventRecordID>258</EventRecordID>
<Correlation ActivityID="" RelatedActivityID=""></Correlation>
<Execution ProcessID="3804" ThreadID="3892"></Execution>
<Channel>Microsoft-Windows-Shell-Core/AppDefaults</Channel>
<Computer>WIN-PTFPHFCRDJ0</Computer>
<Security UserID="S-1-5-21-1152959844-3645458174-3779170896-1000"></Security>
</System>
<EventData><Data Name="Info">SetDefault-Info: Association=.mod, ProgId=WMP11.AssocFile.MPEG, U=S-1-5-21-1152959844-3645458174-3779170896-1000, T=2020:10:04:22:20:52, H=l0Vxoc57CYY=</Data>
</EventData>
</Event>

<Event xmlns="http://schemas.microsoft.com/win/2004/08/events/event"><System><Provider Name="Microsoft-Windows-Shell-Core" Guid="{30336ed4-e327-447c-9de0-51b652c86108}"></Provider>
<EventID Qualifiers="">62443</EventID>
<Version>0</Version>
<Level>4</Level>
<Task>62443</Task>
<Opcode>0</Opcode>
<Keywords>0x1000000000000000</Keywords>
<TimeCreated SystemTime="2020-10-22 20:52:27.596621"></TimeCreated>
<EventRecordID>259</EventRecordID>
<Correlation ActivityID="" RelatedActivityID=""></Correlation>
<Execution ProcessID="3804" ThreadID="3892"></Execution>
<Channel>Microsoft-Windows-Shell-Core/AppDefaults</Channel>
<Computer>WIN-PTFPHFCRDJ0</Computer>
<Security UserID="S-1-5-21-1152959844-3645458174-3779170896-1000"></Security>
</System>
<EventData><Data Name="Info">SetDefault: Association=.mov, ProgId=WMP11.AssocFile.MOV</Data>
</EventData>
</Event>

<Event xmlns="http://schemas.microsoft.com/win/2004/08/events/event"><System><Provider Name="Microsoft-Windows-Shell-Core" Guid="{30336ed4-e327-447c-9de0-51b652c86108}"></Provider>
<EventID Qualifiers="">62443</EventID>
<Version>0</Version>
<Level>4</Level>
<Task>62443</Task>
<Opcode>0</Opcode>
<Keywords>0x1000000000000000</Keywords>
<TimeCreated SystemTime="2020-10-22 20:52:27.596643"></TimeCreated>
<EventRecordID>260</EventRecordID>
<Correlation ActivityID="" RelatedActivityID=""></Correlation>
<Execution ProcessID="3804" ThreadID="3892"></Execution>
<Channel>Microsoft-Windows-Shell-Core/AppDefaults</Channel>
<Computer>WIN-PTFPHFCRDJ0</Computer>
<Security UserID="S-1-5-21-1152959844-3645458174-3779170896-1000"></Security>
</System>
<EventData><Data Name="Info">SetDefault-Info: Association=.mov, ProgId=WMP11.AssocFile.MOV, U=S-1-5-21-1152959844-3645458174-3779170896-1000, T=2020:10:04:22:20:52, H=bUq3rcJgZM0=</Data>
</EventData>
</Event>

<Event xmlns="http://schemas.microsoft.com/win/2004/08/events/event"><System><Provider Name="Microsoft-Windows-Shell-Core" Guid="{30336ed4-e327-447c-9de0-51b652c86108}"></Provider>
<EventID Qualifiers="">62443</EventID>
<Version>0</Version>
<Level>4</Level>
<Task>62443</Task>
<Opcode>0</Opcode>
<Keywords>0x1000000000000000</Keywords>
<TimeCreated SystemTime="2020-10-22 20:52:27.600090"></TimeCreated>
<EventRecordID>261</EventRecordID>
<Correlation ActivityID="" RelatedActivityID=""></Correlation>
<Execution ProcessID="3804" ThreadID="3892"></Execution>
<Channel>Microsoft-Windows-Shell-Core/AppDefaults</Channel>
<Computer>WIN-PTFPHFCRDJ0</Computer>
<Security UserID="S-1-5-21-1152959844-3645458174-3779170896-1000"></Security>
</System>
<EventData><Data Name="Info">SetDefault: Association=.MP2, ProgId=WMP11.AssocFile.MP3</Data>
</EventData>
</Event>

<Event xmlns="http://schemas.microsoft.com/win/2004/08/events/event"><System><Provider Name="Microsoft-Windows-Shell-Core" Guid="{30336ed4-e327-447c-9de0-51b652c86108}"></Provider>
<EventID Qualifiers="">62443</EventID>
<Version>0</Version>
<Level>4</Level>
<Task>62443</Task>
<Opcode>0</Opcode>
<Keywords>0x1000000000000000</Keywords>
<TimeCreated SystemTime="2020-10-22 20:52:27.600111"></TimeCreated>
<EventRecordID>262</EventRecordID>
<Correlation ActivityID="" RelatedActivityID=""></Correlation>
<Execution ProcessID="3804" ThreadID="3892"></Execution>
<Channel>Microsoft-Windows-Shell-Core/AppDefaults</Channel>
<Computer>WIN-PTFPHFCRDJ0</Computer>
<Security UserID="S-1-5-21-1152959844-3645458174-3779170896-1000"></Security>
</System>
<EventData><Data Name="Info">SetDefault-Info: Association=.MP2, ProgId=WMP11.AssocFile.MP3, U=S-1-5-21-1152959844-3645458174-3779170896-1000, T=2020:10:04:22:20:52, H=V9M5xp3zWT8=</Data>
</EventData>
</Event>

<Event xmlns="http://schemas.microsoft.com/win/2004/08/events/event"><System><Provider Name="Microsoft-Windows-Shell-Core" Guid="{30336ed4-e327-447c-9de0-51b652c86108}"></Provider>
<EventID Qualifiers="">62443</EventID>
<Version>0</Version>
<Level>4</Level>
<Task>62443</Task>
<Opcode>0</Opcode>
<Keywords>0x1000000000000000</Keywords>
<TimeCreated SystemTime="2020-10-22 20:52:27.603691"></TimeCreated>
<EventRecordID>263</EventRecordID>
<Correlation ActivityID="" RelatedActivityID=""></Correlation>
<Execution ProcessID="3804" ThreadID="3892"></Execution>
<Channel>Microsoft-Windows-Shell-Core/AppDefaults</Channel>
<Computer>WIN-PTFPHFCRDJ0</Computer>
<Security UserID="S-1-5-21-1152959844-3645458174-3779170896-1000"></Security>
</System>
<EventData><Data Name="Info">SetDefault: Association=.mp3, ProgId=WMP11.AssocFile.MP3</Data>
</EventData>
</Event>

<Event xmlns="http://schemas.microsoft.com/win/2004/08/events/event"><System><Provider Name="Microsoft-Windows-Shell-Core" Guid="{30336ed4-e327-447c-9de0-51b652c86108}"></Provider>
<EventID Qualifiers="">62443</EventID>
<Version>0</Version>
<Level>4</Level>
<Task>62443</Task>
<Opcode>0</Opcode>
<Keywords>0x1000000000000000</Keywords>
<TimeCreated SystemTime="2020-10-22 20:52:27.603712"></TimeCreated>
<EventRecordID>264</EventRecordID>
<Correlation ActivityID="" RelatedActivityID=""></Correlation>
<Execution ProcessID="3804" ThreadID="3892"></Execution>
<Channel>Microsoft-Windows-Shell-Core/AppDefaults</Channel>
<Computer>WIN-PTFPHFCRDJ0</Computer>
<Security UserID="S-1-5-21-1152959844-3645458174-3779170896-1000"></Security>
</System>
<EventData><Data Name="Info">SetDefault-Info: Association=.mp3, ProgId=WMP11.AssocFile.MP3, U=S-1-5-21-1152959844-3645458174-3779170896-1000, T=2020:10:04:22:20:52, H=z9b6di9a5JQ=</Data>
</EventData>
</Event>

<Event xmlns="http://schemas.microsoft.com/win/2004/08/events/event"><System><Provider Name="Microsoft-Windows-Shell-Core" Guid="{30336ed4-e327-447c-9de0-51b652c86108}"></Provider>
<EventID Qualifiers="">62443</EventID>
<Version>0</Version>
<Level>4</Level>
<Task>62443</Task>
<Opcode>0</Opcode>
<Keywords>0x1000000000000000</Keywords>
<TimeCreated SystemTime="2020-10-22 20:52:27.607155"></TimeCreated>
<EventRecordID>265</EventRecordID>
<Correlation ActivityID="" RelatedActivityID=""></Correlation>
<Execution ProcessID="3804" ThreadID="3892"></Execution>
<Channel>Microsoft-Windows-Shell-Core/AppDefaults</Channel>
<Computer>WIN-PTFPHFCRDJ0</Computer>
<Security UserID="S-1-5-21-1152959844-3645458174-3779170896-1000"></Security>
</System>
<EventData><Data Name="Info">SetDefault: Association=.mp4, ProgId=WMP11.AssocFile.MP4</Data>
</EventData>
</Event>

<Event xmlns="http://schemas.microsoft.com/win/2004/08/events/event"><System><Provider Name="Microsoft-Windows-Shell-Core" Guid="{30336ed4-e327-447c-9de0-51b652c86108}"></Provider>
<EventID Qualifiers="">62443</EventID>
<Version>0</Version>
<Level>4</Level>
<Task>62443</Task>
<Opcode>0</Opcode>
<Keywords>0x1000000000000000</Keywords>
<TimeCreated SystemTime="2020-10-22 20:52:27.607178"></TimeCreated>
<EventRecordID>266</EventRecordID>
<Correlation ActivityID="" RelatedActivityID=""></Correlation>
<Execution ProcessID="3804" ThreadID="3892"></Execution>
<Channel>Microsoft-Windows-Shell-Core/AppDefaults</Channel>
<Computer>WIN-PTFPHFCRDJ0</Computer>
<Security UserID="S-1-5-21-1152959844-3645458174-3779170896-1000"></Security>
</System>
<EventData><Data Name="Info">SetDefault-Info: Association=.mp4, ProgId=WMP11.AssocFile.MP4, U=S-1-5-21-1152959844-3645458174-3779170896-1000, T=2020:10:04:22:20:52, H=CK0DmveIt3k=</Data>
</EventData>
</Event>

<Event xmlns="http://schemas.microsoft.com/win/2004/08/events/event"><System><Provider Name="Microsoft-Windows-Shell-Core" Guid="{30336ed4-e327-447c-9de0-51b652c86108}"></Provider>
<EventID Qualifiers="">62443</EventID>
<Version>0</Version>
<Level>4</Level>
<Task>62443</Task>
<Opcode>0</Opcode>
<Keywords>0x1000000000000000</Keywords>
<TimeCreated SystemTime="2020-10-22 20:52:27.610624"></TimeCreated>
<EventRecordID>267</EventRecordID>
<Correlation ActivityID="" RelatedActivityID=""></Correlation>
<Execution ProcessID="3804" ThreadID="3892"></Execution>
<Channel>Microsoft-Windows-Shell-Core/AppDefaults</Channel>
<Computer>WIN-PTFPHFCRDJ0</Computer>
<Security UserID="S-1-5-21-1152959844-3645458174-3779170896-1000"></Security>
</System>
<EventData><Data Name="Info">SetDefault: Association=.mp4v, ProgId=WMP11.AssocFile.MP4</Data>
</EventData>
</Event>

<Event xmlns="http://schemas.microsoft.com/win/2004/08/events/event"><System><Provider Name="Microsoft-Windows-Shell-Core" Guid="{30336ed4-e327-447c-9de0-51b652c86108}"></Provider>
<EventID Qualifiers="">62443</EventID>
<Version>0</Version>
<Level>4</Level>
<Task>62443</Task>
<Opcode>0</Opcode>
<Keywords>0x1000000000000000</Keywords>
<TimeCreated SystemTime="2020-10-22 20:52:27.610645"></TimeCreated>
<EventRecordID>268</EventRecordID>
<Correlation ActivityID="" RelatedActivityID=""></Correlation>
<Execution ProcessID="3804" ThreadID="3892"></Execution>
<Channel>Microsoft-Windows-Shell-Core/AppDefaults</Channel>
<Computer>WIN-PTFPHFCRDJ0</Computer>
<Security UserID="S-1-5-21-1152959844-3645458174-3779170896-1000"></Security>
</System>
<EventData><Data Name="Info">SetDefault-Info: Association=.mp4v, ProgId=WMP11.AssocFile.MP4, U=S-1-5-21-1152959844-3645458174-3779170896-1000, T=2020:10:04:22:20:52, H=1ElRsLnEynI=</Data>
</EventData>
</Event>

<Event xmlns="http://schemas.microsoft.com/win/2004/08/events/event"><System><Provider Name="Microsoft-Windows-Shell-Core" Guid="{30336ed4-e327-447c-9de0-51b652c86108}"></Provider>
<EventID Qualifiers="">62443</EventID>
<Version>0</Version>
<Level>4</Level>
<Task>62443</Task>
<Opcode>0</Opcode>
<Keywords>0x1000000000000000</Keywords>
<TimeCreated SystemTime="2020-10-22 20:52:27.614258"></TimeCreated>
<EventRecordID>269</EventRecordID>
<Correlation ActivityID="" RelatedActivityID=""></Correlation>
<Execution ProcessID="3804" ThreadID="3892"></Execution>
<Channel>Microsoft-Windows-Shell-Core/AppDefaults</Channel>
<Computer>WIN-PTFPHFCRDJ0</Computer>
<Security UserID="S-1-5-21-1152959844-3645458174-3779170896-1000"></Security>
</System>
<EventData><Data Name="Info">SetDefault: Association=.mpa, ProgId=WMP11.AssocFile.MPEG</Data>
</EventData>
</Event>

<Event xmlns="http://schemas.microsoft.com/win/2004/08/events/event"><System><Provider Name="Microsoft-Windows-Shell-Core" Guid="{30336ed4-e327-447c-9de0-51b652c86108}"></Provider>
<EventID Qualifiers="">62443</EventID>
<Version>0</Version>
<Level>4</Level>
<Task>62443</Task>
<Opcode>0</Opcode>
<Keywords>0x1000000000000000</Keywords>
<TimeCreated SystemTime="2020-10-22 20:52:27.614279"></TimeCreated>
<EventRecordID>270</EventRecordID>
<Correlation ActivityID="" RelatedActivityID=""></Correlation>
<Execution ProcessID="3804" ThreadID="3892"></Execution>
<Channel>Microsoft-Windows-Shell-Core/AppDefaults</Channel>
<Computer>WIN-PTFPHFCRDJ0</Computer>
<Security UserID="S-1-5-21-1152959844-3645458174-3779170896-1000"></Security>
</System>
<EventData><Data Name="Info">SetDefault-Info: Association=.mpa, ProgId=WMP11.AssocFile.MPEG, U=S-1-5-21-1152959844-3645458174-3779170896-1000, T=2020:10:04:22:20:52, H=LQ4g6kt9SJs=</Data>
</EventData>
</Event>

<Event xmlns="http://schemas.microsoft.com/win/2004/08/events/event"><System><Provider Name="Microsoft-Windows-Shell-Core" Guid="{30336ed4-e327-447c-9de0-51b652c86108}"></Provider>
<EventID Qualifiers="">62443</EventID>
<Version>0</Version>
<Level>4</Level>
<Task>62443</Task>
<Opcode>0</Opcode>
<Keywords>0x1000000000000000</Keywords>
<TimeCreated SystemTime="2020-10-22 20:52:27.617733"></TimeCreated>
<EventRecordID>271</EventRecordID>
<Correlation ActivityID="" RelatedActivityID=""></Correlation>
<Execution ProcessID="3804" ThreadID="3892"></Execution>
<Channel>Microsoft-Windows-Shell-Core/AppDefaults</Channel>
<Computer>WIN-PTFPHFCRDJ0</Computer>
<Security UserID="S-1-5-21-1152959844-3645458174-3779170896-1000"></Security>
</System>
<EventData><Data Name="Info">SetDefault: Association=.MPE, ProgId=WMP11.AssocFile.MPEG</Data>
</EventData>
</Event>

<Event xmlns="http://schemas.microsoft.com/win/2004/08/events/event"><System><Provider Name="Microsoft-Windows-Shell-Core" Guid="{30336ed4-e327-447c-9de0-51b652c86108}"></Provider>
<EventID Qualifiers="">62443</EventID>
<Version>0</Version>
<Level>4</Level>
<Task>62443</Task>
<Opcode>0</Opcode>
<Keywords>0x1000000000000000</Keywords>
<TimeCreated SystemTime="2020-10-22 20:52:27.617754"></TimeCreated>
<EventRecordID>272</EventRecordID>
<Correlation ActivityID="" RelatedActivityID=""></Correlation>
<Execution ProcessID="3804" ThreadID="3892"></Execution>
<Channel>Microsoft-Windows-Shell-Core/AppDefaults</Channel>
<Computer>WIN-PTFPHFCRDJ0</Computer>
<Security UserID="S-1-5-21-1152959844-3645458174-3779170896-1000"></Security>
</System>
<EventData><Data Name="Info">SetDefault-Info: Association=.MPE, ProgId=WMP11.AssocFile.MPEG, U=S-1-5-21-1152959844-3645458174-3779170896-1000, T=2020:10:04:22:20:52, H=Xs3PE0ycEZo=</Data>
</EventData>
</Event>

<Event xmlns="http://schemas.microsoft.com/win/2004/08/events/event"><System><Provider Name="Microsoft-Windows-Shell-Core" Guid="{30336ed4-e327-447c-9de0-51b652c86108}"></Provider>
<EventID Qualifiers="">62443</EventID>
<Version>0</Version>
<Level>4</Level>
<Task>62443</Task>
<Opcode>0</Opcode>
<Keywords>0x1000000000000000</Keywords>
<TimeCreated SystemTime="2020-10-22 20:52:27.621283"></TimeCreated>
<EventRecordID>273</EventRecordID>
<Correlation ActivityID="" RelatedActivityID=""></Correlation>
<Execution ProcessID="3804" ThreadID="3892"></Execution>
<Channel>Microsoft-Windows-Shell-Core/AppDefaults</Channel>
<Computer>WIN-PTFPHFCRDJ0</Computer>
<Security UserID="S-1-5-21-1152959844-3645458174-3779170896-1000"></Security>
</System>
<EventData><Data Name="Info">SetDefault: Association=.mpeg, ProgId=WMP11.AssocFile.MPEG</Data>
</EventData>
</Event>

<Event xmlns="http://schemas.microsoft.com/win/2004/08/events/event"><System><Provider Name="Microsoft-Windows-Shell-Core" Guid="{30336ed4-e327-447c-9de0-51b652c86108}"></Provider>
<EventID Qualifiers="">62443</EventID>
<Version>0</Version>
<Level>4</Level>
<Task>62443</Task>
<Opcode>0</Opcode>
<Keywords>0x1000000000000000</Keywords>
<TimeCreated SystemTime="2020-10-22 20:52:27.621305"></TimeCreated>
<EventRecordID>274</EventRecordID>
<Correlation ActivityID="" RelatedActivityID=""></Correlation>
<Execution ProcessID="3804" ThreadID="3892"></Execution>
<Channel>Microsoft-Windows-Shell-Core/AppDefaults</Channel>
<Computer>WIN-PTFPHFCRDJ0</Computer>
<Security UserID="S-1-5-21-1152959844-3645458174-3779170896-1000"></Security>
</System>
<EventData><Data Name="Info">SetDefault-Info: Association=.mpeg, ProgId=WMP11.AssocFile.MPEG, U=S-1-5-21-1152959844-3645458174-3779170896-1000, T=2020:10:04:22:20:52, H=s0EbJfjc1UA=</Data>
</EventData>
</Event>

<Event xmlns="http://schemas.microsoft.com/win/2004/08/events/event"><System><Provider Name="Microsoft-Windows-Shell-Core" Guid="{30336ed4-e327-447c-9de0-51b652c86108}"></Provider>
<EventID Qualifiers="">62443</EventID>
<Version>0</Version>
<Level>4</Level>
<Task>62443</Task>
<Opcode>0</Opcode>
<Keywords>0x1000000000000000</Keywords>
<TimeCreated SystemTime="2020-10-22 20:52:27.624811"></TimeCreated>
<EventRecordID>275</EventRecordID>
<Correlation ActivityID="" RelatedActivityID=""></Correlation>
<Execution ProcessID="3804" ThreadID="3892"></Execution>
<Channel>Microsoft-Windows-Shell-Core/AppDefaults</Channel>
<Computer>WIN-PTFPHFCRDJ0</Computer>
<Security UserID="S-1-5-21-1152959844-3645458174-3779170896-1000"></Security>
</System>
<EventData><Data Name="Info">SetDefault: Association=.mpg, ProgId=WMP11.AssocFile.MPEG</Data>
</EventData>
</Event>

