<Event xmlns="http://schemas.microsoft.com/win/2004/08/events/event"><System><Provider Name="Microsoft-Windows-Windows Firewall With Advanced Security" Guid="{d1bc9aff-2abf-4d71-9146-ecb2a986eb85}"></Provider>
<EventID Qualifiers="">2004</EventID>
<Version>0</Version>
<Level>4</Level>
<Task>0</Task>
<Opcode>0</Opcode>
<Keywords>0x8000020000000000</Keywords>
<TimeCreated SystemTime="2020-10-22 20:58:22.163647"></TimeCreated>
<EventRecordID>120</EventRecordID>
<Correlation ActivityID="" RelatedActivityID=""></Correlation>
<Execution ProcessID="1600" ThreadID="1828"></Execution>
<Channel>Microsoft-Windows-Windows Firewall With Advanced Security/Firewall</Channel>
<Computer>WIN-PTFPHFCRDJ0</Computer>
<Security UserID="S-1-5-19"></Security>
</System>
<EventData><Data Name="RuleId">{7CEA7164-385B-4E2D-910E-1B6A956632BD}</Data>
<Data Name="RuleName">Shell Input Application</Data>
<Data Name="Origin">1</Data>
<Data Name="ApplicationPath"></Data>
<Data Name="ServiceName"></Data>
<Data Name="Direction">2</Data>
<Data Name="Protocol">256</Data>
<Data Name="LocalPorts"></Data>
<Data Name="RemotePorts"></Data>
<Data Name="Action">2</Data>
<Data Name="Profiles">2147483647</Data>
<Data Name="LocalAddresses">*</Data>
<Data Name="RemoteAddresses">*</Data>
<Data Name="RemoteMachineAuthorizationList"></Data>
<Data Name="RemoteUserAuthorizationList"></Data>
<Data Name="EmbeddedContext">Shell Input Application</Data>
<Data Name="Flags">1</Data>
<Data Name="Active">1</Data>
<Data Name="EdgeTraversal">0</Data>
<Data Name="LooseSourceMapped">0</Data>
<Data Name="SecurityOptions">0</Data>
<Data Name="ModifyingUser">S-1-5-80-3088073201-1464728630-1879813800-1107566885-823218052</Data>
<Data Name="ModifyingApplication">C:\Windows\System32\svchost.exe</Data>
<Data Name="SchemaVersion">541</Data>
<Data Name="RuleStatus">65536</Data>
<Data Name="LocalOnlyMapped">0</Data>
</EventData>
</Event>

<Event xmlns="http://schemas.microsoft.com/win/2004/08/events/event"><System><Provider Name="Microsoft-Windows-Windows Firewall With Advanced Security" Guid="{d1bc9aff-2abf-4d71-9146-ecb2a986eb85}"></Provider>
<EventID Qualifiers="">2004</EventID>
<Version>0</Version>
<Level>4</Level>
<Task>0</Task>
<Opcode>0</Opcode>
<Keywords>0x8000020000000000</Keywords>
<TimeCreated SystemTime="2020-10-22 20:58:22.164400"></TimeCreated>
<EventRecordID>121</EventRecordID>
<Correlation ActivityID="" RelatedActivityID=""></Correlation>
<Execution ProcessID="1600" ThreadID="1828"></Execution>
<Channel>Microsoft-Windows-Windows Firewall With Advanced Security/Firewall</Channel>
<Computer>WIN-PTFPHFCRDJ0</Computer>
<Security UserID="S-1-5-19"></Security>
</System>
<EventData><Data Name="RuleId">{3001E51C-A999-457B-BF1D-2B4D337355A7}</Data>
<Data Name="RuleName">Shell Input Application</Data>
<Data Name="Origin">1</Data>
<Data Name="ApplicationPath"></Data>
<Data Name="ServiceName"></Data>
<Data Name="Direction">2</Data>
<Data Name="Protocol">256</Data>
<Data Name="LocalPorts"></Data>
<Data Name="RemotePorts"></Data>
<Data Name="Action">3</Data>
<Data Name="Profiles">7</Data>
<Data Name="LocalAddresses">*</Data>
<Data Name="RemoteAddresses">*</Data>
<Data Name="RemoteMachineAuthorizationList"></Data>
<Data Name="RemoteUserAuthorizationList"></Data>
<Data Name="EmbeddedContext">Shell Input Application</Data>
<Data Name="Flags">1</Data>
<Data Name="Active">1</Data>
<Data Name="EdgeTraversal">0</Data>
<Data Name="LooseSourceMapped">0</Data>
<Data Name="SecurityOptions">0</Data>
<Data Name="ModifyingUser">S-1-5-80-3088073201-1464728630-1879813800-1107566885-823218052</Data>
<Data Name="ModifyingApplication">C:\Windows\System32\svchost.exe</Data>
<Data Name="SchemaVersion">541</Data>
<Data Name="RuleStatus">65536</Data>
<Data Name="LocalOnlyMapped">0</Data>
</EventData>
</Event>

<Event xmlns="http://schemas.microsoft.com/win/2004/08/events/event"><System><Provider Name="Microsoft-Windows-Windows Firewall With Advanced Security" Guid="{d1bc9aff-2abf-4d71-9146-ecb2a986eb85}"></Provider>
<EventID Qualifiers="">2004</EventID>
<Version>0</Version>
<Level>4</Level>
<Task>0</Task>
<Opcode>0</Opcode>
<Keywords>0x8000020000000000</Keywords>
<TimeCreated SystemTime="2020-10-22 20:58:22.165255"></TimeCreated>
<EventRecordID>122</EventRecordID>
<Correlation ActivityID="" RelatedActivityID=""></Correlation>
<Execution ProcessID="1600" ThreadID="1828"></Execution>
<Channel>Microsoft-Windows-Windows Firewall With Advanced Security/Firewall</Channel>
<Computer>WIN-PTFPHFCRDJ0</Computer>
<Security UserID="S-1-5-19"></Security>
</System>
<EventData><Data Name="RuleId">{56E971F3-AD4F-4FD5-81CC-74BD614412B1}</Data>
<Data Name="RuleName">Shell Input Application</Data>
<Data Name="Origin">1</Data>
<Data Name="ApplicationPath"></Data>
<Data Name="ServiceName"></Data>
<Data Name="Direction">2</Data>
<Data Name="Protocol">256</Data>
<Data Name="LocalPorts"></Data>
<Data Name="RemotePorts"></Data>
<Data Name="Action">3</Data>
<Data Name="Profiles">7</Data>
<Data Name="LocalAddresses">*</Data>
<Data Name="RemoteAddresses">*</Data>
<Data Name="RemoteMachineAuthorizationList"></Data>
<Data Name="RemoteUserAuthorizationList"></Data>
<Data Name="EmbeddedContext">Shell Input Application</Data>
<Data Name="Flags">1</Data>
<Data Name="Active">1</Data>
<Data Name="EdgeTraversal">0</Data>
<Data Name="LooseSourceMapped">0</Data>
<Data Name="SecurityOptions">0</Data>
<Data Name="ModifyingUser">S-1-5-80-3088073201-1464728630-1879813800-1107566885-823218052</Data>
<Data Name="ModifyingApplication">C:\Windows\System32\svchost.exe</Data>
<Data Name="SchemaVersion">541</Data>
<Data Name="RuleStatus">65536</Data>
<Data Name="LocalOnlyMapped">0</Data>
</EventData>
</Event>

<Event xmlns="http://schemas.microsoft.com/win/2004/08/events/event"><System><Provider Name="Microsoft-Windows-Windows Firewall With Advanced Security" Guid="{d1bc9aff-2abf-4d71-9146-ecb2a986eb85}"></Provider>
<EventID Qualifiers="">2004</EventID>
<Version>0</Version>
<Level>4</Level>
<Task>0</Task>
<Opcode>0</Opcode>
<Keywords>0x8000020000000000</Keywords>
<TimeCreated SystemTime="2020-10-22 20:58:22.681231"></TimeCreated>
<EventRecordID>123</EventRecordID>
<Correlation ActivityID="" RelatedActivityID=""></Correlation>
<Execution ProcessID="1600" ThreadID="1828"></Execution>
<Channel>Microsoft-Windows-Windows Firewall With Advanced Security/Firewall</Channel>
<Computer>WIN-PTFPHFCRDJ0</Computer>
<Security UserID="S-1-5-19"></Security>
</System>
<EventData><Data Name="RuleId">{CC55222E-3EA0-400C-A606-4C5B59DE1550}</Data>
<Data Name="RuleName">@{F46D4000-FD22-4DB4-AC8E-4E1DDDE828FE_10.0.17763.1_neutral_neutral_cw5n1h2txyewy?ms-resource://F46D4000-FD22-4DB4-AC8E-4E1DDDE828FE/Resources/AppxManifest_DisplayName}</Data>
<Data Name="Origin">1</Data>
<Data Name="ApplicationPath"></Data>
<Data Name="ServiceName"></Data>
<Data Name="Direction">1</Data>
<Data Name="Protocol">256</Data>
<Data Name="LocalPorts"></Data>
<Data Name="RemotePorts"></Data>
<Data Name="Action">2</Data>
<Data Name="Profiles">2147483647</Data>
<Data Name="LocalAddresses">*</Data>
<Data Name="RemoteAddresses">*</Data>
<Data Name="RemoteMachineAuthorizationList"></Data>
<Data Name="RemoteUserAuthorizationList"></Data>
<Data Name="EmbeddedContext">@{F46D4000-FD22-4DB4-AC8E-4E1DDDE828FE_10.0.17763.1_neutral_neutral_cw5n1h2txyewy?ms-resource://F46D4000-FD22-4DB4-AC8E-4E1DDDE828FE/Resources/AppxManifest_DisplayName}</Data>
<Data Name="Flags">1</Data>
<Data Name="Active">1</Data>
<Data Name="EdgeTraversal">0</Data>
<Data Name="LooseSourceMapped">0</Data>
<Data Name="SecurityOptions">0</Data>
<Data Name="ModifyingUser">S-1-5-80-3088073201-1464728630-1879813800-1107566885-823218052</Data>
<Data Name="ModifyingApplication">C:\Windows\System32\svchost.exe</Data>
<Data Name="SchemaVersion">541</Data>
<Data Name="RuleStatus">65536</Data>
<Data Name="LocalOnlyMapped">0</Data>
</EventData>
</Event>

<Event xmlns="http://schemas.microsoft.com/win/2004/08/events/event"><System><Provider Name="Microsoft-Windows-Windows Firewall With Advanced Security" Guid="{d1bc9aff-2abf-4d71-9146-ecb2a986eb85}"></Provider>
<EventID Qualifiers="">2004</EventID>
<Version>0</Version>
<Level>4</Level>
<Task>0</Task>
<Opcode>0</Opcode>
<Keywords>0x8000020000000000</Keywords>
<TimeCreated SystemTime="2020-10-22 20:58:22.682095"></TimeCreated>
<EventRecordID>124</EventRecordID>
<Correlation ActivityID="" RelatedActivityID=""></Correlation>
<Execution ProcessID="1600" ThreadID="1828"></Execution>
<Channel>Microsoft-Windows-Windows Firewall With Advanced Security/Firewall</Channel>
<Computer>WIN-PTFPHFCRDJ0</Computer>
<Security UserID="S-1-5-19"></Security>
</System>
<EventData><Data Name="RuleId">{393AEBC4-1D08-4BF5-805B-605701263824}</Data>
<Data Name="RuleName">@{F46D4000-FD22-4DB4-AC8E-4E1DDDE828FE_10.0.17763.1_neutral_neutral_cw5n1h2txyewy?ms-resource://F46D4000-FD22-4DB4-AC8E-4E1DDDE828FE/Resources/AppxManifest_DisplayName}</Data>
<Data Name="Origin">1</Data>
<Data Name="ApplicationPath"></Data>
<Data Name="ServiceName"></Data>
<Data Name="Direction">2</Data>
<Data Name="Protocol">256</Data>
<Data Name="LocalPorts"></Data>
<Data Name="RemotePorts"></Data>
<Data Name="Action">2</Data>
<Data Name="Profiles">2147483647</Data>
<Data Name="LocalAddresses">*</Data>
<Data Name="RemoteAddresses">*</Data>
<Data Name="RemoteMachineAuthorizationList"></Data>
<Data Name="RemoteUserAuthorizationList"></Data>
<Data Name="EmbeddedContext">@{F46D4000-FD22-4DB4-AC8E-4E1DDDE828FE_10.0.17763.1_neutral_neutral_cw5n1h2txyewy?ms-resource://F46D4000-FD22-4DB4-AC8E-4E1DDDE828FE/Resources/AppxManifest_DisplayName}</Data>
<Data Name="Flags">1</Data>
<Data Name="Active">1</Data>
<Data Name="EdgeTraversal">0</Data>
<Data Name="LooseSourceMapped">0</Data>
<Data Name="SecurityOptions">0</Data>
<Data Name="ModifyingUser">S-1-5-80-3088073201-1464728630-1879813800-1107566885-823218052</Data>
<Data Name="ModifyingApplication">C:\Windows\System32\svchost.exe</Data>
<Data Name="SchemaVersion">541</Data>
<Data Name="RuleStatus">65536</Data>
<Data Name="LocalOnlyMapped">0</Data>
</EventData>
</Event>

<Event xmlns="http://schemas.microsoft.com/win/2004/08/events/event"><System><Provider Name="Microsoft-Windows-Windows Firewall With Advanced Security" Guid="{d1bc9aff-2abf-4d71-9146-ecb2a986eb85}"></Provider>
<EventID Qualifiers="">2004</EventID>
<Version>0</Version>
<Level>4</Level>
<Task>0</Task>
<Opcode>0</Opcode>
<Keywords>0x8000020000000000</Keywords>
<TimeCreated SystemTime="2020-10-22 20:58:23.304876"></TimeCreated>
<EventRecordID>125</EventRecordID>
<Correlation ActivityID="" RelatedActivityID=""></Correlation>
<Execution ProcessID="1600" ThreadID="1828"></Execution>
<Channel>Microsoft-Windows-Windows Firewall With Advanced Security/Firewall</Channel>
<Computer>WIN-PTFPHFCRDJ0</Computer>
<Security UserID="S-1-5-19"></Security>
</System>
<EventData><Data Name="RuleId">{AA277B43-5EF2-48E4-880F-A65B9AC88B6F}</Data>
<Data Name="RuleName">@{E2A4F912-2574-4A75-9BB0-0D023378592B_10.0.17763.1_neutral_neutral_cw5n1h2txyewy?ms-resource://AppResolverUX/Resources/AppxManifest_DisplayName}</Data>
<Data Name="Origin">1</Data>
<Data Name="ApplicationPath"></Data>
<Data Name="ServiceName"></Data>
<Data Name="Direction">1</Data>
<Data Name="Protocol">256</Data>
<Data Name="LocalPorts"></Data>
<Data Name="RemotePorts"></Data>
<Data Name="Action">2</Data>
<Data Name="Profiles">2147483647</Data>
<Data Name="LocalAddresses">*</Data>
<Data Name="RemoteAddresses">*</Data>
<Data Name="RemoteMachineAuthorizationList"></Data>
<Data Name="RemoteUserAuthorizationList"></Data>
<Data Name="EmbeddedContext">@{E2A4F912-2574-4A75-9BB0-0D023378592B_10.0.17763.1_neutral_neutral_cw5n1h2txyewy?ms-resource://AppResolverUX/Resources/AppxManifest_DisplayName}</Data>
<Data Name="Flags">1</Data>
<Data Name="Active">1</Data>
<Data Name="EdgeTraversal">0</Data>
<Data Name="LooseSourceMapped">0</Data>
<Data Name="SecurityOptions">0</Data>
<Data Name="ModifyingUser">S-1-5-80-3088073201-1464728630-1879813800-1107566885-823218052</Data>
<Data Name="ModifyingApplication">C:\Windows\System32\svchost.exe</Data>
<Data Name="SchemaVersion">541</Data>
<Data Name="RuleStatus">65536</Data>
<Data Name="LocalOnlyMapped">0</Data>
</EventData>
</Event>

<Event xmlns="http://schemas.microsoft.com/win/2004/08/events/event"><System><Provider Name="Microsoft-Windows-Windows Firewall With Advanced Security" Guid="{d1bc9aff-2abf-4d71-9146-ecb2a986eb85}"></Provider>
<EventID Qualifiers="">2004</EventID>
<Version>0</Version>
<Level>4</Level>
<Task>0</Task>
<Opcode>0</Opcode>
<Keywords>0x8000020000000000</Keywords>
<TimeCreated SystemTime="2020-10-22 20:58:23.305765"></TimeCreated>
<EventRecordID>126</EventRecordID>
<Correlation ActivityID="" RelatedActivityID=""></Correlation>
<Execution ProcessID="1600" ThreadID="1828"></Execution>
<Channel>Microsoft-Windows-Windows Firewall With Advanced Security/Firewall</Channel>
<Computer>WIN-PTFPHFCRDJ0</Computer>
<Security UserID="S-1-5-19"></Security>
</System>
<EventData><Data Name="RuleId">{71F21396-F2F2-491D-B09D-5C847CED6F90}</Data>
<Data Name="RuleName">@{E2A4F912-2574-4A75-9BB0-0D023378592B_10.0.17763.1_neutral_neutral_cw5n1h2txyewy?ms-resource://AppResolverUX/Resources/AppxManifest_DisplayName}</Data>
<Data Name="Origin">1</Data>
<Data Name="ApplicationPath"></Data>
<Data Name="ServiceName"></Data>
<Data Name="Direction">2</Data>
<Data Name="Protocol">256</Data>
<Data Name="LocalPorts"></Data>
<Data Name="RemotePorts"></Data>
<Data Name="Action">2</Data>
<Data Name="Profiles">2147483647</Data>
<Data Name="LocalAddresses">*</Data>
<Data Name="RemoteAddresses">*</Data>
<Data Name="RemoteMachineAuthorizationList"></Data>
<Data Name="RemoteUserAuthorizationList"></Data>
<Data Name="EmbeddedContext">@{E2A4F912-2574-4A75-9BB0-0D023378592B_10.0.17763.1_neutral_neutral_cw5n1h2txyewy?ms-resource://AppResolverUX/Resources/AppxManifest_DisplayName}</Data>
<Data Name="Flags">1</Data>
<Data Name="Active">1</Data>
<Data Name="EdgeTraversal">0</Data>
<Data Name="LooseSourceMapped">0</Data>
<Data Name="SecurityOptions">0</Data>
<Data Name="ModifyingUser">S-1-5-80-3088073201-1464728630-1879813800-1107566885-823218052</Data>
<Data Name="ModifyingApplication">C:\Windows\System32\svchost.exe</Data>
<Data Name="SchemaVersion">541</Data>
<Data Name="RuleStatus">65536</Data>
<Data Name="LocalOnlyMapped">0</Data>
</EventData>
</Event>

<Event xmlns="http://schemas.microsoft.com/win/2004/08/events/event"><System><Provider Name="Microsoft-Windows-Windows Firewall With Advanced Security" Guid="{d1bc9aff-2abf-4d71-9146-ecb2a986eb85}"></Provider>
<EventID Qualifiers="">2004</EventID>
<Version>0</Version>
<Level>4</Level>
<Task>0</Task>
<Opcode>0</Opcode>
<Keywords>0x8000020000000000</Keywords>
<TimeCreated SystemTime="2020-10-22 20:58:23.970018"></TimeCreated>
<EventRecordID>127</EventRecordID>
<Correlation ActivityID="" RelatedActivityID=""></Correlation>
<Execution ProcessID="1600" ThreadID="1828"></Execution>
<Channel>Microsoft-Windows-Windows Firewall With Advanced Security/Firewall</Channel>
<Computer>WIN-PTFPHFCRDJ0</Computer>
<Security UserID="S-1-5-19"></Security>
</System>
<EventData><Data Name="RuleId">{91F2198D-BBEA-4006-AE8A-B6DA14111EEE}</Data>
<Data Name="RuleName">@{c5e2524a-ea46-4f67-841f-6a9465d9d515_10.0.17763.1_neutral_neutral_cw5n1h2txyewy?ms-resource://FileExplorer/Resources/AppxManifest_DisplayName}</Data>
<Data Name="Origin">1</Data>
<Data Name="ApplicationPath"></Data>
<Data Name="ServiceName"></Data>
<Data Name="Direction">1</Data>
<Data Name="Protocol">256</Data>
<Data Name="LocalPorts"></Data>
<Data Name="RemotePorts"></Data>
<Data Name="Action">2</Data>
<Data Name="Profiles">2147483647</Data>
<Data Name="LocalAddresses">*</Data>
<Data Name="RemoteAddresses">*</Data>
<Data Name="RemoteMachineAuthorizationList"></Data>
<Data Name="RemoteUserAuthorizationList"></Data>
<Data Name="EmbeddedContext">@{c5e2524a-ea46-4f67-841f-6a9465d9d515_10.0.17763.1_neutral_neutral_cw5n1h2txyewy?ms-resource://FileExplorer/Resources/AppxManifest_DisplayName}</Data>
<Data Name="Flags">1</Data>
<Data Name="Active">1</Data>
<Data Name="EdgeTraversal">0</Data>
<Data Name="LooseSourceMapped">0</Data>
<Data Name="SecurityOptions">0</Data>
<Data Name="ModifyingUser">S-1-5-80-3088073201-1464728630-1879813800-1107566885-823218052</Data>
<Data Name="ModifyingApplication">C:\Windows\System32\svchost.exe</Data>
<Data Name="SchemaVersion">541</Data>
<Data Name="RuleStatus">65536</Data>
<Data Name="LocalOnlyMapped">0</Data>
</EventData>
</Event>

<Event xmlns="http://schemas.microsoft.com/win/2004/08/events/event"><System><Provider Name="Microsoft-Windows-Windows Firewall With Advanced Security" Guid="{d1bc9aff-2abf-4d71-9146-ecb2a986eb85}"></Provider>
<EventID Qualifiers="">2004</EventID>
<Version>0</Version>
<Level>4</Level>
<Task>0</Task>
<Opcode>0</Opcode>
<Keywords>0x8000020000000000</Keywords>
<TimeCreated SystemTime="2020-10-22 20:58:23.971109"></TimeCreated>
<EventRecordID>128</EventRecordID>
<Correlation ActivityID="" RelatedActivityID=""></Correlation>
<Execution ProcessID="1600" ThreadID="1828"></Execution>
<Channel>Microsoft-Windows-Windows Firewall With Advanced Security/Firewall</Channel>
<Computer>WIN-PTFPHFCRDJ0</Computer>
<Security UserID="S-1-5-19"></Security>
</System>
<EventData><Data Name="RuleId">{88D41857-BDD1-4473-AB23-E5A5CA544E3D}</Data>
<Data Name="RuleName">@{c5e2524a-ea46-4f67-841f-6a9465d9d515_10.0.17763.1_neutral_neutral_cw5n1h2txyewy?ms-resource://FileExplorer/Resources/AppxManifest_DisplayName}</Data>
<Data Name="Origin">1</Data>
<Data Name="ApplicationPath"></Data>
<Data Name="ServiceName"></Data>
<Data Name="Direction">2</Data>
<Data Name="Protocol">256</Data>
<Data Name="LocalPorts"></Data>
<Data Name="RemotePorts"></Data>
<Data Name="Action">2</Data>
<Data Name="Profiles">2147483647</Data>
<Data Name="LocalAddresses">*</Data>
<Data Name="RemoteAddresses">*</Data>
<Data Name="RemoteMachineAuthorizationList"></Data>
<Data Name="RemoteUserAuthorizationList"></Data>
<Data Name="EmbeddedContext">@{c5e2524a-ea46-4f67-841f-6a9465d9d515_10.0.17763.1_neutral_neutral_cw5n1h2txyewy?ms-resource://FileExplorer/Resources/AppxManifest_DisplayName}</Data>
<Data Name="Flags">1</Data>
<Data Name="Active">1</Data>
<Data Name="EdgeTraversal">0</Data>
<Data Name="LooseSourceMapped">0</Data>
<Data Name="SecurityOptions">0</Data>
<Data Name="ModifyingUser">S-1-5-80-3088073201-1464728630-1879813800-1107566885-823218052</Data>
<Data Name="ModifyingApplication">C:\Windows\System32\svchost.exe</Data>
<Data Name="SchemaVersion">541</Data>
<Data Name="RuleStatus">65536</Data>
<Data Name="LocalOnlyMapped">0</Data>
</EventData>
</Event>

<Event xmlns="http://schemas.microsoft.com/win/2004/08/events/event"><System><Provider Name="Microsoft-Windows-Windows Firewall With Advanced Security" Guid="{d1bc9aff-2abf-4d71-9146-ecb2a986eb85}"></Provider>
<EventID Qualifiers="">2004</EventID>
<Version>0</Version>
<Level>4</Level>
<Task>0</Task>
<Opcode>0</Opcode>
<Keywords>0x8000020000000000</Keywords>
<TimeCreated SystemTime="2020-10-22 20:58:24.524105"></TimeCreated>
<EventRecordID>129</EventRecordID>
<Correlation ActivityID="" RelatedActivityID=""></Correlation>
<Execution ProcessID="1600" ThreadID="1828"></Execution>
<Channel>Microsoft-Windows-Windows Firewall With Advanced Security/Firewall</Channel>
<Computer>WIN-PTFPHFCRDJ0</Computer>
<Security UserID="S-1-5-19"></Security>
</System>
<EventData><Data Name="RuleId">{CD80A422-B6C9-40DE-9FF8-9C5160C5997E}</Data>
<Data Name="RuleName">@{1527c705-839a-4832-9118-54d4Bd6a0c89_10.0.17763.1_neutral_neutral_cw5n1h2txyewy?ms-resource://FilePicker/Resources/AppxManifest_DisplayName}</Data>
<Data Name="Origin">1</Data>
<Data Name="ApplicationPath"></Data>
<Data Name="ServiceName"></Data>
<Data Name="Direction">1</Data>
<Data Name="Protocol">256</Data>
<Data Name="LocalPorts"></Data>
<Data Name="RemotePorts"></Data>
<Data Name="Action">2</Data>
<Data Name="Profiles">2147483647</Data>
<Data Name="LocalAddresses">*</Data>
<Data Name="RemoteAddresses">*</Data>
<Data Name="RemoteMachineAuthorizationList"></Data>
<Data Name="RemoteUserAuthorizationList"></Data>
<Data Name="EmbeddedContext">@{1527c705-839a-4832-9118-54d4Bd6a0c89_10.0.17763.1_neutral_neutral_cw5n1h2txyewy?ms-resource://FilePicker/Resources/AppxManifest_DisplayName}</Data>
<Data Name="Flags">1</Data>
<Data Name="Active">1</Data>
<Data Name="EdgeTraversal">0</Data>
<Data Name="LooseSourceMapped">0</Data>
<Data Name="SecurityOptions">0</Data>
<Data Name="ModifyingUser">S-1-5-80-3088073201-1464728630-1879813800-1107566885-823218052</Data>
<Data Name="ModifyingApplication">C:\Windows\System32\svchost.exe</Data>
<Data Name="SchemaVersion">541</Data>
<Data Name="RuleStatus">65536</Data>
<Data Name="LocalOnlyMapped">0</Data>
</EventData>
</Event>

<Event xmlns="http://schemas.microsoft.com/win/2004/08/events/event"><System><Provider Name="Microsoft-Windows-Windows Firewall With Advanced Security" Guid="{d1bc9aff-2abf-4d71-9146-ecb2a986eb85}"></Provider>
<EventID Qualifiers="">2004</EventID>
<Version>0</Version>
<Level>4</Level>
<Task>0</Task>
<Opcode>0</Opcode>
<Keywords>0x8000020000000000</Keywords>
<TimeCreated SystemTime="2020-10-22 20:58:24.525003"></TimeCreated>
<EventRecordID>130</EventRecordID>
<Correlation ActivityID="" RelatedActivityID=""></Correlation>
<Execution ProcessID="1600" ThreadID="1828"></Execution>
<Channel>Microsoft-Windows-Windows Firewall With Advanced Security/Firewall</Channel>
<Computer>WIN-PTFPHFCRDJ0</Computer>
<Security UserID="S-1-5-19"></Security>
</System>
<EventData><Data Name="RuleId">{3D7BB642-B350-4664-96D7-B0D755A2095C}</Data>
<Data Name="RuleName">@{1527c705-839a-4832-9118-54d4Bd6a0c89_10.0.17763.1_neutral_neutral_cw5n1h2txyewy?ms-resource://FilePicker/Resources/AppxManifest_DisplayName}</Data>
<Data Name="Origin">1</Data>
<Data Name="ApplicationPath"></Data>
<Data Name="ServiceName"></Data>
<Data Name="Direction">2</Data>
<Data Name="Protocol">256</Data>
<Data Name="LocalPorts"></Data>
<Data Name="RemotePorts"></Data>
<Data Name="Action">2</Data>
<Data Name="Profiles">2147483647</Data>
<Data Name="LocalAddresses">*</Data>
<Data Name="RemoteAddresses">*</Data>
<Data Name="RemoteMachineAuthorizationList"></Data>
<Data Name="RemoteUserAuthorizationList"></Data>
<Data Name="EmbeddedContext">@{1527c705-839a-4832-9118-54d4Bd6a0c89_10.0.17763.1_neutral_neutral_cw5n1h2txyewy?ms-resource://FilePicker/Resources/AppxManifest_DisplayName}</Data>
<Data Name="Flags">1</Data>
<Data Name="Active">1</Data>
<Data Name="EdgeTraversal">0</Data>
<Data Name="LooseSourceMapped">0</Data>
<Data Name="SecurityOptions">0</Data>
<Data Name="ModifyingUser">S-1-5-80-3088073201-1464728630-1879813800-1107566885-823218052</Data>
<Data Name="ModifyingApplication">C:\Windows\System32\svchost.exe</Data>
<Data Name="SchemaVersion">541</Data>
<Data Name="RuleStatus">65536</Data>
<Data Name="LocalOnlyMapped">0</Data>
</EventData>
</Event>

<Event xmlns="http://schemas.microsoft.com/win/2004/08/events/event"><System><Provider Name="Microsoft-Windows-Windows Firewall With Advanced Security" Guid="{d1bc9aff-2abf-4d71-9146-ecb2a986eb85}"></Provider>
<EventID Qualifiers="">2003</EventID>
<Version>0</Version>
<Level>4</Level>
<Task>0</Task>
<Opcode>0</Opcode>
<Keywords>0x8000000000000000</Keywords>
<TimeCreated SystemTime="2020-10-22 21:18:06.556326"></TimeCreated>
<EventRecordID>131</EventRecordID>
<Correlation ActivityID="" RelatedActivityID=""></Correlation>
<Execution ProcessID="1600" ThreadID="4764"></Execution>
<Channel>Microsoft-Windows-Windows Firewall With Advanced Security/Firewall</Channel>
<Computer>WIN-PTFPHFCRDJ0</Computer>
<Security UserID="S-1-5-19"></Security>
</System>
<EventData><Data Name="Profiles">2</Data>
<Data Name="SettingType">1</Data>
<Data Name="SettingValueSize">4</Data>
<Data Name="SettingValue">AAAAAA==</Data>
<Data Name="SettingValueString">No</Data>
<Data Name="Origin">1</Data>
<Data Name="ModifyingUser">S-1-5-21-1152959844-3645458174-3779170896-1000</Data>
<Data Name="ModifyingApplication">C:\Windows\System32\dllhost.exe</Data>
</EventData>
</Event>

<Event xmlns="http://schemas.microsoft.com/win/2004/08/events/event"><System><Provider Name="Microsoft-Windows-Windows Firewall With Advanced Security" Guid="{d1bc9aff-2abf-4d71-9146-ecb2a986eb85}"></Provider>
<EventID Qualifiers="">2003</EventID>
<Version>0</Version>
<Level>4</Level>
<Task>0</Task>
<Opcode>0</Opcode>
<Keywords>0x8000000000000000</Keywords>
<TimeCreated SystemTime="2020-10-22 21:18:06.601303"></TimeCreated>
<EventRecordID>132</EventRecordID>
<Correlation ActivityID="" RelatedActivityID=""></Correlation>
<Execution ProcessID="1600" ThreadID="4764"></Execution>
<Channel>Microsoft-Windows-Windows Firewall With Advanced Security/Firewall</Channel>
<Computer>WIN-PTFPHFCRDJ0</Computer>
<Security UserID="S-1-5-19"></Security>
</System>
<EventData><Data Name="Profiles">4</Data>
<Data Name="SettingType">1</Data>
<Data Name="SettingValueSize">4</Data>
<Data Name="SettingValue">AAAAAA==</Data>
<Data Name="SettingValueString">No</Data>
<Data Name="Origin">1</Data>
<Data Name="ModifyingUser">S-1-5-21-1152959844-3645458174-3779170896-1000</Data>
<Data Name="ModifyingApplication">C:\Windows\System32\dllhost.exe</Data>
</EventData>
</Event>

<Event xmlns="http://schemas.microsoft.com/win/2004/08/events/event"><System><Provider Name="Microsoft-Windows-Windows Firewall With Advanced Security" Guid="{d1bc9aff-2abf-4d71-9146-ecb2a986eb85}"></Provider>
<EventID Qualifiers="">2005</EventID>
<Version>0</Version>
<Level>4</Level>
<Task>0</Task>
<Opcode>0</Opcode>
<Keywords>0x8000020000000000</Keywords>
<TimeCreated SystemTime="2020-10-22 21:24:04.261185"></TimeCreated>
<EventRecordID>133</EventRecordID>
<Correlation ActivityID="" RelatedActivityID=""></Correlation>
<Execution ProcessID="1600" ThreadID="2880"></Execution>
<Channel>Microsoft-Windows-Windows Firewall With Advanced Security/Firewall</Channel>
<Computer>WIN-PTFPHFCRDJ0</Computer>
<Security UserID="S-1-5-19"></Security>
</System>
<EventData><Data Name="RuleId">RemoteDesktop-Shadow-In-TCP</Data>
<Data Name="RuleName">Remote Desktop - Shadow (TCP-In)</Data>
<Data Name="Origin">1</Data>
<Data Name="ApplicationPath">C:\Windows\system32\RdpSa.exe</Data>
<Data Name="ServiceName"></Data>
<Data Name="Direction">1</Data>
<Data Name="Protocol">6</Data>
<Data Name="LocalPorts">*</Data>
<Data Name="RemotePorts">*</Data>
<Data Name="Action">3</Data>
<Data Name="Profiles">2147483647</Data>
<Data Name="LocalAddresses">*</Data>
<Data Name="RemoteAddresses">*</Data>
<Data Name="RemoteMachineAuthorizationList"></Data>
<Data Name="RemoteUserAuthorizationList"></Data>
<Data Name="EmbeddedContext">@FirewallAPI.dll,-28752</Data>
<Data Name="Flags">137</Data>
<Data Name="Active">1</Data>
<Data Name="EdgeTraversal">1</Data>
<Data Name="LooseSourceMapped">0</Data>
<Data Name="SecurityOptions">0</Data>
<Data Name="ModifyingUser">S-1-5-21-1152959844-3645458174-3779170896-1000</Data>
<Data Name="ModifyingApplication">C:\Windows\System32\SystemPropertiesAdvanced.exe</Data>
<Data Name="SchemaVersion">541</Data>
<Data Name="RuleStatus">65536</Data>
<Data Name="LocalOnlyMapped">0</Data>
</EventData>
</Event>

<Event xmlns="http://schemas.microsoft.com/win/2004/08/events/event"><System><Provider Name="Microsoft-Windows-Windows Firewall With Advanced Security" Guid="{d1bc9aff-2abf-4d71-9146-ecb2a986eb85}"></Provider>
<EventID Qualifiers="">2005</EventID>
<Version>0</Version>
<Level>4</Level>
<Task>0</Task>
<Opcode>0</Opcode>
<Keywords>0x8000020000000000</Keywords>
<TimeCreated SystemTime="2020-10-22 21:24:04.262449"></TimeCreated>
<EventRecordID>134</EventRecordID>
<Correlation ActivityID="" RelatedActivityID=""></Correlation>
<Execution ProcessID="1600" ThreadID="2880"></Execution>
<Channel>Microsoft-Windows-Windows Firewall With Advanced Security/Firewall</Channel>
<Computer>WIN-PTFPHFCRDJ0</Computer>
<Security UserID="S-1-5-19"></Security>
</System>
<EventData><Data Name="RuleId">RemoteDesktop-UserMode-In-UDP</Data>
<Data Name="RuleName">Remote Desktop - User Mode (UDP-In)</Data>
<Data Name="Origin">1</Data>
<Data Name="ApplicationPath">C:\Windows\system32\svchost.exe</Data>
<Data Name="ServiceName">termservice</Data>
<Data Name="Direction">1</Data>
<Data Name="Protocol">17</Data>
<Data Name="LocalPorts">3389</Data>
<Data Name="RemotePorts">*</Data>
<Data Name="Action">3</Data>
<Data Name="Profiles">2147483647</Data>
<Data Name="LocalAddresses">*</Data>
<Data Name="RemoteAddresses">*</Data>
<Data Name="RemoteMachineAuthorizationList"></Data>
<Data Name="RemoteUserAuthorizationList"></Data>
<Data Name="EmbeddedContext">@FirewallAPI.dll,-28752</Data>
<Data Name="Flags">1</Data>
<Data Name="Active">1</Data>
<Data Name="EdgeTraversal">0</Data>
<Data Name="LooseSourceMapped">0</Data>
<Data Name="SecurityOptions">0</Data>
<Data Name="ModifyingUser">S-1-5-21-1152959844-3645458174-3779170896-1000</Data>
<Data Name="ModifyingApplication">C:\Windows\System32\SystemPropertiesAdvanced.exe</Data>
<Data Name="SchemaVersion">541</Data>
<Data Name="RuleStatus">65536</Data>
<Data Name="LocalOnlyMapped">0</Data>
</EventData>
</Event>

<Event xmlns="http://schemas.microsoft.com/win/2004/08/events/event"><System><Provider Name="Microsoft-Windows-Windows Firewall With Advanced Security" Guid="{d1bc9aff-2abf-4d71-9146-ecb2a986eb85}"></Provider>
<EventID Qualifiers="">2005</EventID>
<Version>0</Version>
<Level>4</Level>
<Task>0</Task>
<Opcode>0</Opcode>
<Keywords>0x8000020000000000</Keywords>
<TimeCreated SystemTime="2020-10-22 21:24:04.263639"></TimeCreated>
<EventRecordID>135</EventRecordID>
<Correlation ActivityID="" RelatedActivityID=""></Correlation>
<Execution ProcessID="1600" ThreadID="2880"></Execution>
<Channel>Microsoft-Windows-Windows Firewall With Advanced Security/Firewall</Channel>
<Computer>WIN-PTFPHFCRDJ0</Computer>
<Security UserID="S-1-5-19"></Security>
</System>
<EventData><Data Name="RuleId">RemoteDesktop-UserMode-In-TCP</Data>
<Data Name="RuleName">Remote Desktop - User Mode (TCP-In)</Data>
<Data Name="Origin">1</Data>
<Data Name="ApplicationPath">C:\Windows\system32\svchost.exe</Data>
<Data Name="ServiceName">termservice</Data>
<Data Name="Direction">1</Data>
<Data Name="Protocol">6</Data>
<Data Name="LocalPorts">3389</Data>
<Data Name="RemotePorts">*</Data>
<Data Name="Action">3</Data>
<Data Name="Profiles">2147483647</Data>
<Data Name="LocalAddresses">*</Data>
<Data Name="RemoteAddresses">*</Data>
<Data Name="RemoteMachineAuthorizationList"></Data>
<Data Name="RemoteUserAuthorizationList"></Data>
<Data Name="EmbeddedContext">@FirewallAPI.dll,-28752</Data>
<Data Name="Flags">1</Data>
<Data Name="Active">1</Data>
<Data Name="EdgeTraversal">0</Data>
<Data Name="LooseSourceMapped">0</Data>
<Data Name="SecurityOptions">0</Data>
<Data Name="ModifyingUser">S-1-5-21-1152959844-3645458174-3779170896-1000</Data>
<Data Name="ModifyingApplication">C:\Windows\System32\SystemPropertiesAdvanced.exe</Data>
<Data Name="SchemaVersion">541</Data>
<Data Name="RuleStatus">65536</Data>
<Data Name="LocalOnlyMapped">0</Data>
</EventData>
</Event>

<Event xmlns="http://schemas.microsoft.com/win/2004/08/events/event"><System><Provider Name="Microsoft-Windows-Windows Firewall With Advanced Security" Guid="{d1bc9aff-2abf-4d71-9146-ecb2a986eb85}"></Provider>
<EventID Qualifiers="">2004</EventID>
<Version>0</Version>
<Level>4</Level>
<Task>0</Task>
<Opcode>0</Opcode>
<Keywords>0x8000020000000000</Keywords>
<TimeCreated SystemTime="2020-10-22 22:30:54.080280"></TimeCreated>
<EventRecordID>136</EventRecordID>
<Correlation ActivityID="" RelatedActivityID=""></Correlation>
<Execution ProcessID="1600" ThreadID="3096"></Execution>
<Channel>Microsoft-Windows-Windows Firewall With Advanced Security/Firewall</Channel>
<Computer>WIN-PTFPHFCRDJ0</Computer>
<Security UserID="S-1-5-19"></Security>
</System>
<EventData><Data Name="RuleId">{A26211CE-02F3-443D-924A-D711253BDE7B}</Data>
<Data Name="RuleName">Usermode Font Driver Host</Data>
<Data Name="Origin">1</Data>
<Data Name="ApplicationPath"></Data>
<Data Name="ServiceName"></Data>
<Data Name="Direction">1</Data>
<Data Name="Protocol">256</Data>
<Data Name="LocalPorts"></Data>
<Data Name="RemotePorts"></Data>
<Data Name="Action">2</Data>
<Data Name="Profiles">2147483647</Data>
<Data Name="LocalAddresses">*</Data>
<Data Name="RemoteAddresses">*</Data>
<Data Name="RemoteMachineAuthorizationList"></Data>
<Data Name="RemoteUserAuthorizationList"></Data>
<Data Name="EmbeddedContext">Usermode Font Driver Host</Data>
<Data Name="Flags">1</Data>
<Data Name="Active">1</Data>
<Data Name="EdgeTraversal">0</Data>
<Data Name="LooseSourceMapped">0</Data>
<Data Name="SecurityOptions">0</Data>
<Data Name="ModifyingUser">S-1-5-80-3088073201-1464728630-1879813800-1107566885-823218052</Data>
<Data Name="ModifyingApplication">C:\Windows\System32\svchost.exe</Data>
<Data Name="SchemaVersion">541</Data>
<Data Name="RuleStatus">65536</Data>
<Data Name="LocalOnlyMapped">0</Data>
</EventData>
</Event>

<Event xmlns="http://schemas.microsoft.com/win/2004/08/events/event"><System><Provider Name="Microsoft-Windows-Windows Firewall With Advanced Security" Guid="{d1bc9aff-2abf-4d71-9146-ecb2a986eb85}"></Provider>
<EventID Qualifiers="">2004</EventID>
<Version>0</Version>
<Level>4</Level>
<Task>0</Task>
<Opcode>0</Opcode>
<Keywords>0x8000020000000000</Keywords>
<TimeCreated SystemTime="2020-10-22 22:30:54.085005"></TimeCreated>
<EventRecordID>137</EventRecordID>
<Correlation ActivityID="" RelatedActivityID=""></Correlation>
<Execution ProcessID="1600" ThreadID="3096"></Execution>
<Channel>Microsoft-Windows-Windows Firewall With Advanced Security/Firewall</Channel>
<Computer>WIN-PTFPHFCRDJ0</Computer>
<Security UserID="S-1-5-19"></Security>
</System>
<EventData><Data Name="RuleId">{8973325C-DEB4-448F-B118-8CFB4F54A924}</Data>
<Data Name="RuleName">Usermode Font Driver Host</Data>
<Data Name="Origin">1</Data>
<Data Name="ApplicationPath"></Data>
<Data Name="ServiceName"></Data>
<Data Name="Direction">2</Data>
<Data Name="Protocol">256</Data>
<Data Name="LocalPorts"></Data>
<Data Name="RemotePorts"></Data>
<Data Name="Action">2</Data>
<Data Name="Profiles">2147483647</Data>
<Data Name="LocalAddresses">*</Data>
<Data Name="RemoteAddresses">*</Data>
<Data Name="RemoteMachineAuthorizationList"></Data>
<Data Name="RemoteUserAuthorizationList"></Data>
<Data Name="EmbeddedContext">Usermode Font Driver Host</Data>
<Data Name="Flags">1</Data>
<Data Name="Active">1</Data>
<Data Name="EdgeTraversal">0</Data>
<Data Name="LooseSourceMapped">0</Data>
<Data Name="SecurityOptions">0</Data>
<Data Name="ModifyingUser">S-1-5-80-3088073201-1464728630-1879813800-1107566885-823218052</Data>
<Data Name="ModifyingApplication">C:\Windows\System32\svchost.exe</Data>
<Data Name="SchemaVersion">541</Data>
<Data Name="RuleStatus">65536</Data>
<Data Name="LocalOnlyMapped">0</Data>
</EventData>
</Event>

<Event xmlns="http://schemas.microsoft.com/win/2004/08/events/event"><System><Provider Name="Microsoft-Windows-Windows Firewall With Advanced Security" Guid="{d1bc9aff-2abf-4d71-9146-ecb2a986eb85}"></Provider>
<EventID Qualifiers="">2006</EventID>
<Version>0</Version>
<Level>4</Level>
<Task>0</Task>
<Opcode>0</Opcode>
<Keywords>0x8000020000000000</Keywords>
<TimeCreated SystemTime="2020-10-22 22:38:57.769295"></TimeCreated>
<EventRecordID>138</EventRecordID>
<Correlation ActivityID="" RelatedActivityID=""></Correlation>
<Execution ProcessID="1600" ThreadID="384"></Execution>
<Channel>Microsoft-Windows-Windows Firewall With Advanced Security/Firewall</Channel>
<Computer>WIN-PTFPHFCRDJ0</Computer>
<Security UserID="S-1-5-19"></Security>
</System>
<EventData><Data Name="RuleId">{8973325C-DEB4-448F-B118-8CFB4F54A924}</Data>
<Data Name="RuleName">Usermode Font Driver Host</Data>
<Data Name="ModifyingUser">S-1-5-80-3088073201-1464728630-1879813800-1107566885-823218052</Data>
<Data Name="ModifyingApplication">C:\Windows\System32\svchost.exe</Data>
</EventData>
</Event>

<Event xmlns="http://schemas.microsoft.com/win/2004/08/events/event"><System><Provider Name="Microsoft-Windows-Windows Firewall With Advanced Security" Guid="{d1bc9aff-2abf-4d71-9146-ecb2a986eb85}"></Provider>
<EventID Qualifiers="">2006</EventID>
<Version>0</Version>
<Level>4</Level>
<Task>0</Task>
<Opcode>0</Opcode>
<Keywords>0x8000020000000000</Keywords>
<TimeCreated SystemTime="2020-10-22 22:38:57.769552"></TimeCreated>
<EventRecordID>139</EventRecordID>
<Correlation ActivityID="" RelatedActivityID=""></Correlation>
<Execution ProcessID="1600" ThreadID="384"></Execution>
<Channel>Microsoft-Windows-Windows Firewall With Advanced Security/Firewall</Channel>
<Computer>WIN-PTFPHFCRDJ0</Computer>
<Security UserID="S-1-5-19"></Security>
</System>
<EventData><Data Name="RuleId">{A26211CE-02F3-443D-924A-D711253BDE7B}</Data>
<Data Name="RuleName">Usermode Font Driver Host</Data>
<Data Name="ModifyingUser">S-1-5-80-3088073201-1464728630-1879813800-1107566885-823218052</Data>
<Data Name="ModifyingApplication">C:\Windows\System32\svchost.exe</Data>
</EventData>
</Event>

<Event xmlns="http://schemas.microsoft.com/win/2004/08/events/event"><System><Provider Name="Microsoft-Windows-Windows Firewall With Advanced Security" Guid="{d1bc9aff-2abf-4d71-9146-ecb2a986eb85}"></Provider>
<EventID Qualifiers="">2004</EventID>
<Version>0</Version>
<Level>4</Level>
<Task>0</Task>
<Opcode>0</Opcode>
<Keywords>0x8000020000000000</Keywords>
<TimeCreated SystemTime="2020-10-22 22:38:57.781992"></TimeCreated>
<EventRecordID>140</EventRecordID>
<Correlation ActivityID="" RelatedActivityID=""></Correlation>
<Execution ProcessID="1600" ThreadID="3164"></Execution>
<Channel>Microsoft-Windows-Windows Firewall With Advanced Security/Firewall</Channel>
<Computer>WIN-PTFPHFCRDJ0</Computer>
<Security UserID="S-1-5-19"></Security>
</System>
<EventData><Data Name="RuleId">{B5D583A5-F490-4E13-89E6-48E87A6ED253}</Data>
<Data Name="RuleName">Usermode Font Driver Host</Data>
<Data Name="Origin">1</Data>
<Data Name="ApplicationPath"></Data>
<Data Name="ServiceName"></Data>
<Data Name="Direction">1</Data>
<Data Name="Protocol">256</Data>
<Data Name="LocalPorts"></Data>
<Data Name="RemotePorts"></Data>
<Data Name="Action">2</Data>
<Data Name="Profiles">2147483647</Data>
<Data Name="LocalAddresses">*</Data>
<Data Name="RemoteAddresses">*</Data>
<Data Name="RemoteMachineAuthorizationList"></Data>
<Data Name="RemoteUserAuthorizationList"></Data>
<Data Name="EmbeddedContext">Usermode Font Driver Host</Data>
<Data Name="Flags">1</Data>
<Data Name="Active">1</Data>
<Data Name="EdgeTraversal">0</Data>
<Data Name="LooseSourceMapped">0</Data>
<Data Name="SecurityOptions">0</Data>
<Data Name="ModifyingUser">S-1-5-80-3088073201-1464728630-1879813800-1107566885-823218052</Data>
<Data Name="ModifyingApplication">C:\Windows\System32\svchost.exe</Data>
<Data Name="SchemaVersion">541</Data>
<Data Name="RuleStatus">65536</Data>
<Data Name="LocalOnlyMapped">0</Data>
</EventData>
</Event>

<Event xmlns="http://schemas.microsoft.com/win/2004/08/events/event"><System><Provider Name="Microsoft-Windows-Windows Firewall With Advanced Security" Guid="{d1bc9aff-2abf-4d71-9146-ecb2a986eb85}"></Provider>
<EventID Qualifiers="">2004</EventID>
<Version>0</Version>
<Level>4</Level>
<Task>0</Task>
<Opcode>0</Opcode>
<Keywords>0x8000020000000000</Keywords>
<TimeCreated SystemTime="2020-10-22 22:38:57.820799"></TimeCreated>
<EventRecordID>141</EventRecordID>
<Correlation ActivityID="" RelatedActivityID=""></Correlation>
<Execution ProcessID="1600" ThreadID="3164"></Execution>
<Channel>Microsoft-Windows-Windows Firewall With Advanced Security/Firewall</Channel>
<Computer>WIN-PTFPHFCRDJ0</Computer>
<Security UserID="S-1-5-19"></Security>
</System>
<EventData><Data Name="RuleId">{0C4179DF-1107-4AE8-988C-F294A3BA2047}</Data>
<Data Name="RuleName">Usermode Font Driver Host</Data>
<Data Name="Origin">1</Data>
<Data Name="ApplicationPath"></Data>
<Data Name="ServiceName"></Data>
<Data Name="Direction">2</Data>
<Data Name="Protocol">256</Data>
<Data Name="LocalPorts"></Data>
<Data Name="RemotePorts"></Data>
<Data Name="Action">2</Data>
<Data Name="Profiles">2147483647</Data>
<Data Name="LocalAddresses">*</Data>
<Data Name="RemoteAddresses">*</Data>
<Data Name="RemoteMachineAuthorizationList"></Data>
<Data Name="RemoteUserAuthorizationList"></Data>
<Data Name="EmbeddedContext">Usermode Font Driver Host</Data>
<Data Name="Flags">1</Data>
<Data Name="Active">1</Data>
<Data Name="EdgeTraversal">0</Data>
<Data Name="LooseSourceMapped">0</Data>
<Data Name="SecurityOptions">0</Data>
<Data Name="ModifyingUser">S-1-5-80-3088073201-1464728630-1879813800-1107566885-823218052</Data>
<Data Name="ModifyingApplication">C:\Windows\System32\svchost.exe</Data>
<Data Name="SchemaVersion">541</Data>
<Data Name="RuleStatus">65536</Data>
<Data Name="LocalOnlyMapped">0</Data>
</EventData>
</Event>

<Event xmlns="http://schemas.microsoft.com/win/2004/08/events/event"><System><Provider Name="Microsoft-Windows-Windows Firewall With Advanced Security" Guid="{d1bc9aff-2abf-4d71-9146-ecb2a986eb85}"></Provider>
<EventID Qualifiers="">2010</EventID>
<Version>0</Version>
<Level>4</Level>
<Task>0</Task>
<Opcode>0</Opcode>
<Keywords>0x8000000000000000</Keywords>
<TimeCreated SystemTime="2020-10-23 12:27:58.642977"></TimeCreated>
<EventRecordID>142</EventRecordID>
<Correlation ActivityID="" RelatedActivityID=""></Correlation>
<Execution ProcessID="1808" ThreadID="1996"></Execution>
<Channel>Microsoft-Windows-Windows Firewall With Advanced Security/Firewall</Channel>
<Computer>WIN-PTFPHFCRDJ0</Computer>
<Security UserID="S-1-5-19"></Security>
</System>
<EventData><Data Name="InterfaceGuid">{2e722116-8b3b-472d-a7de-f7debe304e5a}</Data>
<Data Name="InterfaceName">ethernet_32769</Data>
<Data Name="OldProfile">2147483649</Data>
<Data Name="NewProfile">4</Data>
</EventData>
</Event>

<Event xmlns="http://schemas.microsoft.com/win/2004/08/events/event"><System><Provider Name="Microsoft-Windows-Windows Firewall With Advanced Security" Guid="{d1bc9aff-2abf-4d71-9146-ecb2a986eb85}"></Provider>
<EventID Qualifiers="">2010</EventID>
<Version>0</Version>
<Level>4</Level>
<Task>0</Task>
<Opcode>0</Opcode>
<Keywords>0x8000000000000000</Keywords>
<TimeCreated SystemTime="2020-10-23 13:54:00.601519"></TimeCreated>
<EventRecordID>143</EventRecordID>
<Correlation ActivityID="" RelatedActivityID=""></Correlation>
<Execution ProcessID="1736" ThreadID="2016"></Execution>
<Channel>Microsoft-Windows-Windows Firewall With Advanced Security/Firewall</Channel>
<Computer>WIN-PTFPHFCRDJ0</Computer>
<Security UserID="S-1-5-19"></Security>
</System>
<EventData><Data Name="InterfaceGuid">{2e722116-8b3b-472d-a7de-f7debe304e5a}</Data>
<Data Name="InterfaceName">ethernet_32769</Data>
<Data Name="OldProfile">2147483649</Data>
<Data Name="NewProfile">4</Data>
</EventData>
</Event>

<Event xmlns="http://schemas.microsoft.com/win/2004/08/events/event"><System><Provider Name="Microsoft-Windows-Windows Firewall With Advanced Security" Guid="{d1bc9aff-2abf-4d71-9146-ecb2a986eb85}"></Provider>
<EventID Qualifiers="">2006</EventID>
<Version>0</Version>
<Level>4</Level>
<Task>0</Task>
<Opcode>0</Opcode>
<Keywords>0x8000020000000000</Keywords>
<TimeCreated SystemTime="2020-10-23 14:05:17.984900"></TimeCreated>
<EventRecordID>144</EventRecordID>
<Correlation ActivityID="" RelatedActivityID=""></Correlation>
<Execution ProcessID="1736" ThreadID="1952"></Execution>
<Channel>Microsoft-Windows-Windows Firewall With Advanced Security/Firewall</Channel>
<Computer>WIN-PTFPHFCRDJ0</Computer>
<Security UserID="S-1-5-19"></Security>
</System>
<EventData><Data Name="RuleId">108c487a-844e-40fa-8b1b-adfad9dc6238</Data>
<Data Name="RuleName">Inbound service restriction rule for WinDefend</Data>
<Data Name="ModifyingUser">S-1-5-18</Data>
<Data Name="ModifyingApplication">C:\Program Files\Windows Defender\MsMpEng.exe</Data>
</EventData>
</Event>

<Event xmlns="http://schemas.microsoft.com/win/2004/08/events/event"><System><Provider Name="Microsoft-Windows-Windows Firewall With Advanced Security" Guid="{d1bc9aff-2abf-4d71-9146-ecb2a986eb85}"></Provider>
<EventID Qualifiers="">2006</EventID>
<Version>0</Version>
<Level>4</Level>
<Task>0</Task>
<Opcode>0</Opcode>
<Keywords>0x8000020000000000</Keywords>
<TimeCreated SystemTime="2020-10-23 14:05:17.985895"></TimeCreated>
<EventRecordID>145</EventRecordID>
<Correlation ActivityID="" RelatedActivityID=""></Correlation>
<Execution ProcessID="1736" ThreadID="1952"></Execution>
<Channel>Microsoft-Windows-Windows Firewall With Advanced Security/Firewall</Channel>
<Computer>WIN-PTFPHFCRDJ0</Computer>
<Security UserID="S-1-5-19"></Security>
</System>
<EventData><Data Name="RuleId">cc10a7d2-7ed5-4dab-8f31-a3392ca054c9</Data>
<Data Name="RuleName">Outbound service restriction rule for WinDefend</Data>
<Data Name="ModifyingUser">S-1-5-18</Data>
<Data Name="ModifyingApplication">C:\Program Files\Windows Defender\MsMpEng.exe</Data>
</EventData>
</Event>

<Event xmlns="http://schemas.microsoft.com/win/2004/08/events/event"><System><Provider Name="Microsoft-Windows-Windows Firewall With Advanced Security" Guid="{d1bc9aff-2abf-4d71-9146-ecb2a986eb85}"></Provider>
<EventID Qualifiers="">2004</EventID>
<Version>0</Version>
<Level>4</Level>
<Task>0</Task>
<Opcode>0</Opcode>
<Keywords>0x8000020000000000</Keywords>
<TimeCreated SystemTime="2020-10-23 14:05:18.012434"></TimeCreated>
<EventRecordID>146</EventRecordID>
<Correlation ActivityID="" RelatedActivityID=""></Correlation>
<Execution ProcessID="1736" ThreadID="1952"></Execution>
<Channel>Microsoft-Windows-Windows Firewall With Advanced Security/Firewall</Channel>
<Computer>WIN-PTFPHFCRDJ0</Computer>
<Security UserID="S-1-5-19"></Security>
</System>
<EventData><Data Name="RuleId">411e3e8d-6d1d-427e-9025-1bc287484c8b</Data>
<Data Name="RuleName">Inbound service restriction rule for WinDefend</Data>
<Data Name="Origin">1</Data>
<Data Name="ApplicationPath">C:\ProgramData\Microsoft\Windows Defender\platform\4.18.2009.7-0\MsMpEng.exe</Data>
<Data Name="ServiceName">WinDefend</Data>
<Data Name="Direction">1</Data>
<Data Name="Protocol">256</Data>
<Data Name="LocalPorts"></Data>
<Data Name="RemotePorts"></Data>
<Data Name="Action">2</Data>
<Data Name="Profiles">2147483647</Data>
<Data Name="LocalAddresses">*</Data>
<Data Name="RemoteAddresses">*</Data>
<Data Name="RemoteMachineAuthorizationList"></Data>
<Data Name="RemoteUserAuthorizationList"></Data>
<Data Name="EmbeddedContext"></Data>
<Data Name="Flags">1</Data>
<Data Name="Active">1</Data>
<Data Name="EdgeTraversal">0</Data>
<Data Name="LooseSourceMapped">0</Data>
<Data Name="SecurityOptions">0</Data>
<Data Name="ModifyingUser">S-1-5-18</Data>
<Data Name="ModifyingApplication">C:\Program Files\Windows Defender\MsMpEng.exe</Data>
<Data Name="SchemaVersion">541</Data>
<Data Name="RuleStatus">65536</Data>
<Data Name="LocalOnlyMapped">0</Data>
</EventData>
</Event>

<Event xmlns="http://schemas.microsoft.com/win/2004/08/events/event"><System><Provider Name="Microsoft-Windows-Windows Firewall With Advanced Security" Guid="{d1bc9aff-2abf-4d71-9146-ecb2a986eb85}"></Provider>
<EventID Qualifiers="">2004</EventID>
<Version>0</Version>
<Level>4</Level>
<Task>0</Task>
<Opcode>0</Opcode>
<Keywords>0x8000020000000000</Keywords>
<TimeCreated SystemTime="2020-10-23 14:05:18.013796"></TimeCreated>
<EventRecordID>147</EventRecordID>
<Correlation ActivityID="" RelatedActivityID=""></Correlation>
<Execution ProcessID="1736" ThreadID="1952"></Execution>
<Channel>Microsoft-Windows-Windows Firewall With Advanced Security/Firewall</Channel>
<Computer>WIN-PTFPHFCRDJ0</Computer>
<Security UserID="S-1-5-19"></Security>
</System>
<EventData><Data Name="RuleId">becf3f95-bd83-4c09-b108-dec07160b69d</Data>
<Data Name="RuleName">Outbound service restriction rule for WinDefend</Data>
<Data Name="Origin">1</Data>
<Data Name="ApplicationPath">C:\ProgramData\Microsoft\Windows Defender\platform\4.18.2009.7-0\MsMpEng.exe</Data>
<Data Name="ServiceName">WinDefend</Data>
<Data Name="Direction">2</Data>
<Data Name="Protocol">256</Data>
<Data Name="LocalPorts"></Data>
<Data Name="RemotePorts"></Data>
<Data Name="Action">2</Data>
<Data Name="Profiles">2147483647</Data>
<Data Name="LocalAddresses">*</Data>
<Data Name="RemoteAddresses">*</Data>
<Data Name="RemoteMachineAuthorizationList"></Data>
<Data Name="RemoteUserAuthorizationList"></Data>
<Data Name="EmbeddedContext"></Data>
<Data Name="Flags">1</Data>
<Data Name="Active">1</Data>
<Data Name="EdgeTraversal">0</Data>
<Data Name="LooseSourceMapped">0</Data>
<Data Name="SecurityOptions">0</Data>
<Data Name="ModifyingUser">S-1-5-18</Data>
<Data Name="ModifyingApplication">C:\Program Files\Windows Defender\MsMpEng.exe</Data>
<Data Name="SchemaVersion">541</Data>
<Data Name="RuleStatus">65536</Data>
<Data Name="LocalOnlyMapped">0</Data>
</EventData>
</Event>

<Event xmlns="http://schemas.microsoft.com/win/2004/08/events/event"><System><Provider Name="Microsoft-Windows-Windows Firewall With Advanced Security" Guid="{d1bc9aff-2abf-4d71-9146-ecb2a986eb85}"></Provider>
<EventID Qualifiers="">2006</EventID>
<Version>0</Version>
<Level>4</Level>
<Task>0</Task>
<Opcode>0</Opcode>
<Keywords>0x8000020000000000</Keywords>
<TimeCreated SystemTime="2020-10-23 14:05:18.014189"></TimeCreated>
<EventRecordID>148</EventRecordID>
<Correlation ActivityID="" RelatedActivityID=""></Correlation>
<Execution ProcessID="1736" ThreadID="1952"></Execution>
<Channel>Microsoft-Windows-Windows Firewall With Advanced Security/Firewall</Channel>
<Computer>WIN-PTFPHFCRDJ0</Computer>
<Security UserID="S-1-5-19"></Security>
</System>
<EventData><Data Name="RuleId">{622CEE9B-3183-4BC3-A7EB-E4D3C46CCC6D}</Data>
<Data Name="RuleName">WinDefend Outbound for TCP</Data>
<Data Name="ModifyingUser">S-1-5-18</Data>
<Data Name="ModifyingApplication">C:\Program Files\Windows Defender\MsMpEng.exe</Data>
</EventData>
</Event>

