<Event xmlns="http://schemas.microsoft.com/win/2004/08/events/event"><System><Provider Name="Microsoft-Windows-AppXDeployment-Server" Guid="{3f471139-acb7-4a01-b7a7-ff5da4ba2d43}"></Provider>
<EventID Qualifiers="">607</EventID>
<Version>0</Version>
<Level>4</Level>
<Task>0</Task>
<Opcode>0</Opcode>
<Keywords>0x4000000000000001</Keywords>
<TimeCreated SystemTime="2020-10-23 09:21:32.275644"></TimeCreated>
<EventRecordID>45</EventRecordID>
<Correlation ActivityID="{c5ffa37c-a91d-0000-d7af-ffc51da9d601}" RelatedActivityID=""></Correlation>
<Execution ProcessID="1496" ThreadID="2896"></Execution>
<Channel>Microsoft-Windows-AppXDeploymentServer/Operational</Channel>
<Computer>WIN-PTFPHFCRDJ0</Computer>
<Security UserID="S-1-5-18"></Security>
</System>
<EventData><Data Name="DeploymentOperation">12</Data>
<Data Name="PackageFullName">Microsoft.AsyncTextService_10.0.17763.1_neutral__8wekyb3d8bbwe</Data>
<Data Name="UserSid">S-1-5-18</Data>
<Data Name="CallingProcess">NULL</Data>
</EventData>
</Event>

<Event xmlns="http://schemas.microsoft.com/win/2004/08/events/event"><System><Provider Name="Microsoft-Windows-AppXDeployment-Server" Guid="{3f471139-acb7-4a01-b7a7-ff5da4ba2d43}"></Provider>
<EventID Qualifiers="">854</EventID>
<Version>0</Version>
<Level>4</Level>
<Task>3</Task>
<Opcode>0</Opcode>
<Keywords>0x4000000000000001</Keywords>
<TimeCreated SystemTime="2020-10-23 09:21:32.297079"></TimeCreated>
<EventRecordID>46</EventRecordID>
<Correlation ActivityID="{c5ffa37c-a91d-0000-d7af-ffc51da9d601}" RelatedActivityID=""></Correlation>
<Execution ProcessID="1496" ThreadID="2896"></Execution>
<Channel>Microsoft-Windows-AppXDeploymentServer/Operational</Channel>
<Computer>WIN-PTFPHFCRDJ0</Computer>
<Security UserID="S-1-5-18"></Security>
</System>
<EventData><Data Name="Path"> C:\Windows\SystemApps\Microsoft.AsyncTextService_8wekyb3d8bbwe\AppxManifest.xml</Data>
</EventData>
</Event>

<Event xmlns="http://schemas.microsoft.com/win/2004/08/events/event"><System><Provider Name="Microsoft-Windows-AppXDeployment-Server" Guid="{3f471139-acb7-4a01-b7a7-ff5da4ba2d43}"></Provider>
<EventID Qualifiers="">400</EventID>
<Version>0</Version>
<Level>4</Level>
<Task>3</Task>
<Opcode>2</Opcode>
<Keywords>0x4000000000000001</Keywords>
<TimeCreated SystemTime="2020-10-23 09:21:32.335533"></TimeCreated>
<EventRecordID>47</EventRecordID>
<Correlation ActivityID="{c5ffa37c-a91d-0000-d7af-ffc51da9d601}" RelatedActivityID=""></Correlation>
<Execution ProcessID="1496" ThreadID="2896"></Execution>
<Channel>Microsoft-Windows-AppXDeploymentServer/Operational</Channel>
<Computer>WIN-PTFPHFCRDJ0</Computer>
<Security UserID="S-1-5-18"></Security>
</System>
<EventData><Data Name="DeploymentOperation">12</Data>
<Data Name="PackageFullName">Microsoft.AsyncTextService_10.0.17763.1_neutral__8wekyb3d8bbwe</Data>
<Data Name="Path"> </Data>
<Data Name="MountPoint">C:</Data>
<Data Name="TargetPlatform">0x00000000</Data>
<Data Name="SystemVolume">True</Data>
<Data Name="StorageId">\\?\Volume{962e1b8c-bf58-4dfe-adc8-abd1a164675b}</Data>
<Data Name="IsCentennial">False</Data>
<Data Name="PackageType">0x00000001</Data>
<Data Name="IsPackageEncrypted">False</Data>
<Data Name="DeploymentOptions">0x0000000030000020</Data>
<Data Name="IsStreamingPackage">False</Data>
<Data Name="IsInRelatedSet">False</Data>
<Data Name="IsPackageUsingBDC">False</Data>
<Data Name="MainPackageFamilyName">NULL</Data>
<Data Name="CallingProcess"></Data>
</EventData>
</Event>

<Event xmlns="http://schemas.microsoft.com/win/2004/08/events/event"><System><Provider Name="Microsoft-Windows-AppXDeployment-Server" Guid="{3f471139-acb7-4a01-b7a7-ff5da4ba2d43}"></Provider>
<EventID Qualifiers="">649</EventID>
<Version>0</Version>
<Level>4</Level>
<Task>3</Task>
<Opcode>0</Opcode>
<Keywords>0x4000000000000001</Keywords>
<TimeCreated SystemTime="2020-10-23 09:21:32.336134"></TimeCreated>
<EventRecordID>48</EventRecordID>
<Correlation ActivityID="{c5ffa37c-a91d-0000-d7af-ffc51da9d601}" RelatedActivityID=""></Correlation>
<Execution ProcessID="1496" ThreadID="2896"></Execution>
<Channel>Microsoft-Windows-AppXDeploymentServer/Operational</Channel>
<Computer>WIN-PTFPHFCRDJ0</Computer>
<Security UserID="S-1-5-18"></Security>
</System>
<EventData><Data Name="DeploymentOperation">12</Data>
<Data Name="PackageFullName">Microsoft.AsyncTextService_10.0.17763.1_neutral__8wekyb3d8bbwe</Data>
<Data Name="Summary">PostDeploymentOperationCheck cost: 0 ms</Data>
</EventData>
</Event>

<Event xmlns="http://schemas.microsoft.com/win/2004/08/events/event"><System><Provider Name="Microsoft-Windows-AppXDeployment-Server" Guid="{3f471139-acb7-4a01-b7a7-ff5da4ba2d43}"></Provider>
<EventID Qualifiers="">649</EventID>
<Version>0</Version>
<Level>4</Level>
<Task>3</Task>
<Opcode>0</Opcode>
<Keywords>0x4000000000000001</Keywords>
<TimeCreated SystemTime="2020-10-23 09:21:32.348520"></TimeCreated>
<EventRecordID>49</EventRecordID>
<Correlation ActivityID="{c5ffa37c-a91d-0000-d7af-ffc51da9d601}" RelatedActivityID=""></Correlation>
<Execution ProcessID="1496" ThreadID="2896"></Execution>
<Channel>Microsoft-Windows-AppXDeploymentServer/Operational</Channel>
<Computer>WIN-PTFPHFCRDJ0</Computer>
<Security UserID="S-1-5-18"></Security>
</System>
<EventData><Data Name="DeploymentOperation">12</Data>
<Data Name="PackageFullName">Microsoft.AsyncTextService_10.0.17763.1_neutral__8wekyb3d8bbwe</Data>
<Data Name="Summary">State repository CommitTransaction cost: 16 ms</Data>
</EventData>
</Event>

<Event xmlns="http://schemas.microsoft.com/win/2004/08/events/event"><System><Provider Name="Microsoft-Windows-AppXDeployment-Server" Guid="{3f471139-acb7-4a01-b7a7-ff5da4ba2d43}"></Provider>
<EventID Qualifiers="">633</EventID>
<Version>0</Version>
<Level>4</Level>
<Task>3</Task>
<Opcode>0</Opcode>
<Keywords>0x4000000000000001</Keywords>
<TimeCreated SystemTime="2020-10-23 09:21:32.374294"></TimeCreated>
<EventRecordID>50</EventRecordID>
<Correlation ActivityID="{c5ffa37c-a91d-0000-d7af-ffc51da9d601}" RelatedActivityID=""></Correlation>
<Execution ProcessID="1496" ThreadID="1152"></Execution>
<Channel>Microsoft-Windows-AppXDeploymentServer/Operational</Channel>
<Computer>WIN-PTFPHFCRDJ0</Computer>
<Security UserID="S-1-5-18"></Security>
</System>
<EventData><Data Name="PackageFullName">Microsoft.BioEnrollment_10.0.17763.1_neutral__cw5n1h2txyewy</Data>
<Data Name="IsInstalled">False</Data>
</EventData>
</Event>

<Event xmlns="http://schemas.microsoft.com/win/2004/08/events/event"><System><Provider Name="Microsoft-Windows-AppXDeployment-Server" Guid="{3f471139-acb7-4a01-b7a7-ff5da4ba2d43}"></Provider>
<EventID Qualifiers="">607</EventID>
<Version>0</Version>
<Level>4</Level>
<Task>0</Task>
<Opcode>0</Opcode>
<Keywords>0x4000000000000001</Keywords>
<TimeCreated SystemTime="2020-10-23 09:21:32.374817"></TimeCreated>
<EventRecordID>51</EventRecordID>
<Correlation ActivityID="{c5ffa37c-a91d-0000-d7af-ffc51da9d601}" RelatedActivityID=""></Correlation>
<Execution ProcessID="1496" ThreadID="2896"></Execution>
<Channel>Microsoft-Windows-AppXDeploymentServer/Operational</Channel>
<Computer>WIN-PTFPHFCRDJ0</Computer>
<Security UserID="S-1-5-18"></Security>
</System>
<EventData><Data Name="DeploymentOperation">12</Data>
<Data Name="PackageFullName">Microsoft.BioEnrollment_10.0.17763.1_neutral__cw5n1h2txyewy</Data>
<Data Name="UserSid">S-1-5-18</Data>
<Data Name="CallingProcess">NULL</Data>
</EventData>
</Event>

<Event xmlns="http://schemas.microsoft.com/win/2004/08/events/event"><System><Provider Name="Microsoft-Windows-AppXDeployment-Server" Guid="{3f471139-acb7-4a01-b7a7-ff5da4ba2d43}"></Provider>
<EventID Qualifiers="">854</EventID>
<Version>0</Version>
<Level>4</Level>
<Task>3</Task>
<Opcode>0</Opcode>
<Keywords>0x4000000000000001</Keywords>
<TimeCreated SystemTime="2020-10-23 09:21:32.393843"></TimeCreated>
<EventRecordID>52</EventRecordID>
<Correlation ActivityID="{c5ffa37c-a91d-0000-d7af-ffc51da9d601}" RelatedActivityID=""></Correlation>
<Execution ProcessID="1496" ThreadID="2896"></Execution>
<Channel>Microsoft-Windows-AppXDeploymentServer/Operational</Channel>
<Computer>WIN-PTFPHFCRDJ0</Computer>
<Security UserID="S-1-5-18"></Security>
</System>
<EventData><Data Name="Path"> C:\Windows\SystemApps\Microsoft.BioEnrollment_cw5n1h2txyewy\AppxManifest.xml</Data>
</EventData>
</Event>

<Event xmlns="http://schemas.microsoft.com/win/2004/08/events/event"><System><Provider Name="Microsoft-Windows-AppXDeployment-Server" Guid="{3f471139-acb7-4a01-b7a7-ff5da4ba2d43}"></Provider>
<EventID Qualifiers="">400</EventID>
<Version>0</Version>
<Level>4</Level>
<Task>3</Task>
<Opcode>2</Opcode>
<Keywords>0x4000000000000001</Keywords>
<TimeCreated SystemTime="2020-10-23 09:21:32.432251"></TimeCreated>
<EventRecordID>53</EventRecordID>
<Correlation ActivityID="{c5ffa37c-a91d-0000-d7af-ffc51da9d601}" RelatedActivityID=""></Correlation>
<Execution ProcessID="1496" ThreadID="2896"></Execution>
<Channel>Microsoft-Windows-AppXDeploymentServer/Operational</Channel>
<Computer>WIN-PTFPHFCRDJ0</Computer>
<Security UserID="S-1-5-18"></Security>
</System>
<EventData><Data Name="DeploymentOperation">12</Data>
<Data Name="PackageFullName">Microsoft.BioEnrollment_10.0.17763.1_neutral__cw5n1h2txyewy</Data>
<Data Name="Path"> </Data>
<Data Name="MountPoint">C:</Data>
<Data Name="TargetPlatform">0x00000000</Data>
<Data Name="SystemVolume">True</Data>
<Data Name="StorageId">\\?\Volume{962e1b8c-bf58-4dfe-adc8-abd1a164675b}</Data>
<Data Name="IsCentennial">False</Data>
<Data Name="PackageType">0x00000001</Data>
<Data Name="IsPackageEncrypted">False</Data>
<Data Name="DeploymentOptions">0x0000000030000020</Data>
<Data Name="IsStreamingPackage">False</Data>
<Data Name="IsInRelatedSet">False</Data>
<Data Name="IsPackageUsingBDC">False</Data>
<Data Name="MainPackageFamilyName">NULL</Data>
<Data Name="CallingProcess"></Data>
</EventData>
</Event>

<Event xmlns="http://schemas.microsoft.com/win/2004/08/events/event"><System><Provider Name="Microsoft-Windows-AppXDeployment-Server" Guid="{3f471139-acb7-4a01-b7a7-ff5da4ba2d43}"></Provider>
<EventID Qualifiers="">649</EventID>
<Version>0</Version>
<Level>4</Level>
<Task>3</Task>
<Opcode>0</Opcode>
<Keywords>0x4000000000000001</Keywords>
<TimeCreated SystemTime="2020-10-23 09:21:32.432829"></TimeCreated>
<EventRecordID>54</EventRecordID>
<Correlation ActivityID="{c5ffa37c-a91d-0000-d7af-ffc51da9d601}" RelatedActivityID=""></Correlation>
<Execution ProcessID="1496" ThreadID="2896"></Execution>
<Channel>Microsoft-Windows-AppXDeploymentServer/Operational</Channel>
<Computer>WIN-PTFPHFCRDJ0</Computer>
<Security UserID="S-1-5-18"></Security>
</System>
<EventData><Data Name="DeploymentOperation">12</Data>
<Data Name="PackageFullName">Microsoft.BioEnrollment_10.0.17763.1_neutral__cw5n1h2txyewy</Data>
<Data Name="Summary">PostDeploymentOperationCheck cost: 0 ms</Data>
</EventData>
</Event>

<Event xmlns="http://schemas.microsoft.com/win/2004/08/events/event"><System><Provider Name="Microsoft-Windows-AppXDeployment-Server" Guid="{3f471139-acb7-4a01-b7a7-ff5da4ba2d43}"></Provider>
<EventID Qualifiers="">649</EventID>
<Version>0</Version>
<Level>4</Level>
<Task>3</Task>
<Opcode>0</Opcode>
<Keywords>0x4000000000000001</Keywords>
<TimeCreated SystemTime="2020-10-23 09:21:32.445475"></TimeCreated>
<EventRecordID>55</EventRecordID>
<Correlation ActivityID="{c5ffa37c-a91d-0000-d7af-ffc51da9d601}" RelatedActivityID=""></Correlation>
<Execution ProcessID="1496" ThreadID="2896"></Execution>
<Channel>Microsoft-Windows-AppXDeploymentServer/Operational</Channel>
<Computer>WIN-PTFPHFCRDJ0</Computer>
<Security UserID="S-1-5-18"></Security>
</System>
<EventData><Data Name="DeploymentOperation">12</Data>
<Data Name="PackageFullName">Microsoft.BioEnrollment_10.0.17763.1_neutral__cw5n1h2txyewy</Data>
<Data Name="Summary">State repository CommitTransaction cost: 0 ms</Data>
</EventData>
</Event>

<Event xmlns="http://schemas.microsoft.com/win/2004/08/events/event"><System><Provider Name="Microsoft-Windows-AppXDeployment-Server" Guid="{3f471139-acb7-4a01-b7a7-ff5da4ba2d43}"></Provider>
<EventID Qualifiers="">633</EventID>
<Version>0</Version>
<Level>4</Level>
<Task>3</Task>
<Opcode>0</Opcode>
<Keywords>0x4000000000000001</Keywords>
<TimeCreated SystemTime="2020-10-23 09:21:32.471022"></TimeCreated>
<EventRecordID>56</EventRecordID>
<Correlation ActivityID="{c5ffa37c-a91d-0000-d7af-ffc51da9d601}" RelatedActivityID=""></Correlation>
<Execution ProcessID="1496" ThreadID="1152"></Execution>
<Channel>Microsoft-Windows-AppXDeploymentServer/Operational</Channel>
<Computer>WIN-PTFPHFCRDJ0</Computer>
<Security UserID="S-1-5-18"></Security>
</System>
<EventData><Data Name="PackageFullName">Microsoft.CredDialogHost_10.0.17763.1_neutral__cw5n1h2txyewy</Data>
<Data Name="IsInstalled">False</Data>
</EventData>
</Event>

<Event xmlns="http://schemas.microsoft.com/win/2004/08/events/event"><System><Provider Name="Microsoft-Windows-AppXDeployment-Server" Guid="{3f471139-acb7-4a01-b7a7-ff5da4ba2d43}"></Provider>
<EventID Qualifiers="">607</EventID>
<Version>0</Version>
<Level>4</Level>
<Task>0</Task>
<Opcode>0</Opcode>
<Keywords>0x4000000000000001</Keywords>
<TimeCreated SystemTime="2020-10-23 09:21:32.471560"></TimeCreated>
<EventRecordID>57</EventRecordID>
<Correlation ActivityID="{c5ffa37c-a91d-0000-d7af-ffc51da9d601}" RelatedActivityID=""></Correlation>
<Execution ProcessID="1496" ThreadID="2812"></Execution>
<Channel>Microsoft-Windows-AppXDeploymentServer/Operational</Channel>
<Computer>WIN-PTFPHFCRDJ0</Computer>
<Security UserID="S-1-5-18"></Security>
</System>
<EventData><Data Name="DeploymentOperation">12</Data>
<Data Name="PackageFullName">Microsoft.CredDialogHost_10.0.17763.1_neutral__cw5n1h2txyewy</Data>
<Data Name="UserSid">S-1-5-18</Data>
<Data Name="CallingProcess">NULL</Data>
</EventData>
</Event>

<Event xmlns="http://schemas.microsoft.com/win/2004/08/events/event"><System><Provider Name="Microsoft-Windows-AppXDeployment-Server" Guid="{3f471139-acb7-4a01-b7a7-ff5da4ba2d43}"></Provider>
<EventID Qualifiers="">854</EventID>
<Version>0</Version>
<Level>4</Level>
<Task>3</Task>
<Opcode>0</Opcode>
<Keywords>0x4000000000000001</Keywords>
<TimeCreated SystemTime="2020-10-23 09:21:32.491274"></TimeCreated>
<EventRecordID>58</EventRecordID>
<Correlation ActivityID="{c5ffa37c-a91d-0000-d7af-ffc51da9d601}" RelatedActivityID=""></Correlation>
<Execution ProcessID="1496" ThreadID="2812"></Execution>
<Channel>Microsoft-Windows-AppXDeploymentServer/Operational</Channel>
<Computer>WIN-PTFPHFCRDJ0</Computer>
<Security UserID="S-1-5-18"></Security>
</System>
<EventData><Data Name="Path"> C:\Windows\SystemApps\microsoft.creddialoghost_cw5n1h2txyewy\AppxManifest.xml</Data>
</EventData>
</Event>

<Event xmlns="http://schemas.microsoft.com/win/2004/08/events/event"><System><Provider Name="Microsoft-Windows-AppXDeployment-Server" Guid="{3f471139-acb7-4a01-b7a7-ff5da4ba2d43}"></Provider>
<EventID Qualifiers="">400</EventID>
<Version>0</Version>
<Level>4</Level>
<Task>3</Task>
<Opcode>2</Opcode>
<Keywords>0x4000000000000001</Keywords>
<TimeCreated SystemTime="2020-10-23 09:21:32.536472"></TimeCreated>
<EventRecordID>59</EventRecordID>
<Correlation ActivityID="{c5ffa37c-a91d-0000-d7af-ffc51da9d601}" RelatedActivityID=""></Correlation>
<Execution ProcessID="1496" ThreadID="2812"></Execution>
<Channel>Microsoft-Windows-AppXDeploymentServer/Operational</Channel>
<Computer>WIN-PTFPHFCRDJ0</Computer>
<Security UserID="S-1-5-18"></Security>
</System>
<EventData><Data Name="DeploymentOperation">12</Data>
<Data Name="PackageFullName">Microsoft.CredDialogHost_10.0.17763.1_neutral__cw5n1h2txyewy</Data>
<Data Name="Path"> </Data>
<Data Name="MountPoint">C:</Data>
<Data Name="TargetPlatform">0x00000000</Data>
<Data Name="SystemVolume">True</Data>
<Data Name="StorageId">\\?\Volume{962e1b8c-bf58-4dfe-adc8-abd1a164675b}</Data>
<Data Name="IsCentennial">False</Data>
<Data Name="PackageType">0x00000001</Data>
<Data Name="IsPackageEncrypted">False</Data>
<Data Name="DeploymentOptions">0x0000000030000020</Data>
<Data Name="IsStreamingPackage">False</Data>
<Data Name="IsInRelatedSet">False</Data>
<Data Name="IsPackageUsingBDC">False</Data>
<Data Name="MainPackageFamilyName">NULL</Data>
<Data Name="CallingProcess"></Data>
</EventData>
</Event>

<Event xmlns="http://schemas.microsoft.com/win/2004/08/events/event"><System><Provider Name="Microsoft-Windows-AppXDeployment-Server" Guid="{3f471139-acb7-4a01-b7a7-ff5da4ba2d43}"></Provider>
<EventID Qualifiers="">649</EventID>
<Version>0</Version>
<Level>4</Level>
<Task>3</Task>
<Opcode>0</Opcode>
<Keywords>0x4000000000000001</Keywords>
<TimeCreated SystemTime="2020-10-23 09:21:32.537060"></TimeCreated>
<EventRecordID>60</EventRecordID>
<Correlation ActivityID="{c5ffa37c-a91d-0000-d7af-ffc51da9d601}" RelatedActivityID=""></Correlation>
<Execution ProcessID="1496" ThreadID="2812"></Execution>
<Channel>Microsoft-Windows-AppXDeploymentServer/Operational</Channel>
<Computer>WIN-PTFPHFCRDJ0</Computer>
<Security UserID="S-1-5-18"></Security>
</System>
<EventData><Data Name="DeploymentOperation">12</Data>
<Data Name="PackageFullName">Microsoft.CredDialogHost_10.0.17763.1_neutral__cw5n1h2txyewy</Data>
<Data Name="Summary">PostDeploymentOperationCheck cost: 0 ms</Data>
</EventData>
</Event>

<Event xmlns="http://schemas.microsoft.com/win/2004/08/events/event"><System><Provider Name="Microsoft-Windows-AppXDeployment-Server" Guid="{3f471139-acb7-4a01-b7a7-ff5da4ba2d43}"></Provider>
<EventID Qualifiers="">649</EventID>
<Version>0</Version>
<Level>4</Level>
<Task>3</Task>
<Opcode>0</Opcode>
<Keywords>0x4000000000000001</Keywords>
<TimeCreated SystemTime="2020-10-23 09:21:32.549557"></TimeCreated>
<EventRecordID>61</EventRecordID>
<Correlation ActivityID="{c5ffa37c-a91d-0000-d7af-ffc51da9d601}" RelatedActivityID=""></Correlation>
<Execution ProcessID="1496" ThreadID="2812"></Execution>
<Channel>Microsoft-Windows-AppXDeploymentServer/Operational</Channel>
<Computer>WIN-PTFPHFCRDJ0</Computer>
<Security UserID="S-1-5-18"></Security>
</System>
<EventData><Data Name="DeploymentOperation">12</Data>
<Data Name="PackageFullName">Microsoft.CredDialogHost_10.0.17763.1_neutral__cw5n1h2txyewy</Data>
<Data Name="Summary">State repository CommitTransaction cost: 16 ms</Data>
</EventData>
</Event>

<Event xmlns="http://schemas.microsoft.com/win/2004/08/events/event"><System><Provider Name="Microsoft-Windows-AppXDeployment-Server" Guid="{3f471139-acb7-4a01-b7a7-ff5da4ba2d43}"></Provider>
<EventID Qualifiers="">633</EventID>
<Version>0</Version>
<Level>4</Level>
<Task>3</Task>
<Opcode>0</Opcode>
<Keywords>0x4000000000000001</Keywords>
<TimeCreated SystemTime="2020-10-23 09:21:32.574411"></TimeCreated>
<EventRecordID>62</EventRecordID>
<Correlation ActivityID="{c5ffa37c-a91d-0000-d7af-ffc51da9d601}" RelatedActivityID=""></Correlation>
<Execution ProcessID="1496" ThreadID="1152"></Execution>
<Channel>Microsoft-Windows-AppXDeploymentServer/Operational</Channel>
<Computer>WIN-PTFPHFCRDJ0</Computer>
<Security UserID="S-1-5-18"></Security>
</System>
<EventData><Data Name="PackageFullName">Microsoft.ECApp_10.0.17763.1_neutral__8wekyb3d8bbwe</Data>
<Data Name="IsInstalled">False</Data>
</EventData>
</Event>

<Event xmlns="http://schemas.microsoft.com/win/2004/08/events/event"><System><Provider Name="Microsoft-Windows-AppXDeployment-Server" Guid="{3f471139-acb7-4a01-b7a7-ff5da4ba2d43}"></Provider>
<EventID Qualifiers="">607</EventID>
<Version>0</Version>
<Level>4</Level>
<Task>0</Task>
<Opcode>0</Opcode>
<Keywords>0x4000000000000001</Keywords>
<TimeCreated SystemTime="2020-10-23 09:21:32.575171"></TimeCreated>
<EventRecordID>63</EventRecordID>
<Correlation ActivityID="{c5ffa37c-a91d-0000-d7af-ffc51da9d601}" RelatedActivityID=""></Correlation>
<Execution ProcessID="1496" ThreadID="2896"></Execution>
<Channel>Microsoft-Windows-AppXDeploymentServer/Operational</Channel>
<Computer>WIN-PTFPHFCRDJ0</Computer>
<Security UserID="S-1-5-18"></Security>
</System>
<EventData><Data Name="DeploymentOperation">12</Data>
<Data Name="PackageFullName">Microsoft.ECApp_10.0.17763.1_neutral__8wekyb3d8bbwe</Data>
<Data Name="UserSid">S-1-5-18</Data>
<Data Name="CallingProcess">NULL</Data>
</EventData>
</Event>

<Event xmlns="http://schemas.microsoft.com/win/2004/08/events/event"><System><Provider Name="Microsoft-Windows-AppXDeployment-Server" Guid="{3f471139-acb7-4a01-b7a7-ff5da4ba2d43}"></Provider>
<EventID Qualifiers="">854</EventID>
<Version>0</Version>
<Level>4</Level>
<Task>3</Task>
<Opcode>0</Opcode>
<Keywords>0x4000000000000001</Keywords>
<TimeCreated SystemTime="2020-10-23 09:21:32.594164"></TimeCreated>
<EventRecordID>64</EventRecordID>
<Correlation ActivityID="{c5ffa37c-a91d-0000-d7af-ffc51da9d601}" RelatedActivityID=""></Correlation>
<Execution ProcessID="1496" ThreadID="2896"></Execution>
<Channel>Microsoft-Windows-AppXDeploymentServer/Operational</Channel>
<Computer>WIN-PTFPHFCRDJ0</Computer>
<Security UserID="S-1-5-18"></Security>
</System>
<EventData><Data Name="Path"> C:\Windows\SystemApps\Microsoft.ECApp_8wekyb3d8bbwe\AppxManifest.xml</Data>
</EventData>
</Event>

<Event xmlns="http://schemas.microsoft.com/win/2004/08/events/event"><System><Provider Name="Microsoft-Windows-AppXDeployment-Server" Guid="{3f471139-acb7-4a01-b7a7-ff5da4ba2d43}"></Provider>
<EventID Qualifiers="">400</EventID>
<Version>0</Version>
<Level>4</Level>
<Task>3</Task>
<Opcode>2</Opcode>
<Keywords>0x4000000000000001</Keywords>
<TimeCreated SystemTime="2020-10-23 09:21:32.643269"></TimeCreated>
<EventRecordID>65</EventRecordID>
<Correlation ActivityID="{c5ffa37c-a91d-0000-d7af-ffc51da9d601}" RelatedActivityID=""></Correlation>
<Execution ProcessID="1496" ThreadID="2896"></Execution>
<Channel>Microsoft-Windows-AppXDeploymentServer/Operational</Channel>
<Computer>WIN-PTFPHFCRDJ0</Computer>
<Security UserID="S-1-5-18"></Security>
</System>
<EventData><Data Name="DeploymentOperation">12</Data>
<Data Name="PackageFullName">Microsoft.ECApp_10.0.17763.1_neutral__8wekyb3d8bbwe</Data>
<Data Name="Path"> </Data>
<Data Name="MountPoint">C:</Data>
<Data Name="TargetPlatform">0x00000000</Data>
<Data Name="SystemVolume">True</Data>
<Data Name="StorageId">\\?\Volume{962e1b8c-bf58-4dfe-adc8-abd1a164675b}</Data>
<Data Name="IsCentennial">False</Data>
<Data Name="PackageType">0x00000001</Data>
<Data Name="IsPackageEncrypted">False</Data>
<Data Name="DeploymentOptions">0x0000000030000020</Data>
<Data Name="IsStreamingPackage">False</Data>
<Data Name="IsInRelatedSet">False</Data>
<Data Name="IsPackageUsingBDC">False</Data>
<Data Name="MainPackageFamilyName">NULL</Data>
<Data Name="CallingProcess"></Data>
</EventData>
</Event>

<Event xmlns="http://schemas.microsoft.com/win/2004/08/events/event"><System><Provider Name="Microsoft-Windows-AppXDeployment-Server" Guid="{3f471139-acb7-4a01-b7a7-ff5da4ba2d43}"></Provider>
<EventID Qualifiers="">649</EventID>
<Version>0</Version>
<Level>4</Level>
<Task>3</Task>
<Opcode>0</Opcode>
<Keywords>0x4000000000000001</Keywords>
<TimeCreated SystemTime="2020-10-23 09:21:32.643852"></TimeCreated>
<EventRecordID>66</EventRecordID>
<Correlation ActivityID="{c5ffa37c-a91d-0000-d7af-ffc51da9d601}" RelatedActivityID=""></Correlation>
<Execution ProcessID="1496" ThreadID="2896"></Execution>
<Channel>Microsoft-Windows-AppXDeploymentServer/Operational</Channel>
<Computer>WIN-PTFPHFCRDJ0</Computer>
<Security UserID="S-1-5-18"></Security>
</System>
<EventData><Data Name="DeploymentOperation">12</Data>
<Data Name="PackageFullName">Microsoft.ECApp_10.0.17763.1_neutral__8wekyb3d8bbwe</Data>
<Data Name="Summary">PostDeploymentOperationCheck cost: 0 ms</Data>
</EventData>
</Event>

<Event xmlns="http://schemas.microsoft.com/win/2004/08/events/event"><System><Provider Name="Microsoft-Windows-AppXDeployment-Server" Guid="{3f471139-acb7-4a01-b7a7-ff5da4ba2d43}"></Provider>
<EventID Qualifiers="">649</EventID>
<Version>0</Version>
<Level>4</Level>
<Task>3</Task>
<Opcode>0</Opcode>
<Keywords>0x4000000000000001</Keywords>
<TimeCreated SystemTime="2020-10-23 09:21:32.657274"></TimeCreated>
<EventRecordID>67</EventRecordID>
<Correlation ActivityID="{c5ffa37c-a91d-0000-d7af-ffc51da9d601}" RelatedActivityID=""></Correlation>
<Execution ProcessID="1496" ThreadID="2896"></Execution>
<Channel>Microsoft-Windows-AppXDeploymentServer/Operational</Channel>
<Computer>WIN-PTFPHFCRDJ0</Computer>
<Security UserID="S-1-5-18"></Security>
</System>
<EventData><Data Name="DeploymentOperation">12</Data>
<Data Name="PackageFullName">Microsoft.ECApp_10.0.17763.1_neutral__8wekyb3d8bbwe</Data>
<Data Name="Summary">State repository CommitTransaction cost: 15 ms</Data>
</EventData>
</Event>

<Event xmlns="http://schemas.microsoft.com/win/2004/08/events/event"><System><Provider Name="Microsoft-Windows-AppXDeployment-Server" Guid="{3f471139-acb7-4a01-b7a7-ff5da4ba2d43}"></Provider>
<EventID Qualifiers="">633</EventID>
<Version>0</Version>
<Level>4</Level>
<Task>3</Task>
<Opcode>0</Opcode>
<Keywords>0x4000000000000001</Keywords>
<TimeCreated SystemTime="2020-10-23 09:21:32.734056"></TimeCreated>
<EventRecordID>68</EventRecordID>
<Correlation ActivityID="{c5ffa37c-a91d-0000-d7af-ffc51da9d601}" RelatedActivityID=""></Correlation>
<Execution ProcessID="1496" ThreadID="1152"></Execution>
<Channel>Microsoft-Windows-AppXDeploymentServer/Operational</Channel>
<Computer>WIN-PTFPHFCRDJ0</Computer>
<Security UserID="S-1-5-18"></Security>
</System>
<EventData><Data Name="PackageFullName">Microsoft.LockApp_10.0.17763.1_neutral__cw5n1h2txyewy</Data>
<Data Name="IsInstalled">False</Data>
</EventData>
</Event>

<Event xmlns="http://schemas.microsoft.com/win/2004/08/events/event"><System><Provider Name="Microsoft-Windows-AppXDeployment-Server" Guid="{3f471139-acb7-4a01-b7a7-ff5da4ba2d43}"></Provider>
<EventID Qualifiers="">607</EventID>
<Version>0</Version>
<Level>4</Level>
<Task>0</Task>
<Opcode>0</Opcode>
<Keywords>0x4000000000000001</Keywords>
<TimeCreated SystemTime="2020-10-23 09:21:32.736147"></TimeCreated>
<EventRecordID>69</EventRecordID>
<Correlation ActivityID="{c5ffa37c-a91d-0000-d7af-ffc51da9d601}" RelatedActivityID=""></Correlation>
<Execution ProcessID="1496" ThreadID="2896"></Execution>
<Channel>Microsoft-Windows-AppXDeploymentServer/Operational</Channel>
<Computer>WIN-PTFPHFCRDJ0</Computer>
<Security UserID="S-1-5-18"></Security>
</System>
<EventData><Data Name="DeploymentOperation">12</Data>
<Data Name="PackageFullName">Microsoft.LockApp_10.0.17763.1_neutral__cw5n1h2txyewy</Data>
<Data Name="UserSid">S-1-5-18</Data>
<Data Name="CallingProcess">NULL</Data>
</EventData>
</Event>

<Event xmlns="http://schemas.microsoft.com/win/2004/08/events/event"><System><Provider Name="Microsoft-Windows-AppXDeployment-Server" Guid="{3f471139-acb7-4a01-b7a7-ff5da4ba2d43}"></Provider>
<EventID Qualifiers="">854</EventID>
<Version>0</Version>
<Level>4</Level>
<Task>3</Task>
<Opcode>0</Opcode>
<Keywords>0x4000000000000001</Keywords>
<TimeCreated SystemTime="2020-10-23 09:21:32.755579"></TimeCreated>
<EventRecordID>70</EventRecordID>
<Correlation ActivityID="{c5ffa37c-a91d-0000-d7af-ffc51da9d601}" RelatedActivityID=""></Correlation>
<Execution ProcessID="1496" ThreadID="2896"></Execution>
<Channel>Microsoft-Windows-AppXDeploymentServer/Operational</Channel>
<Computer>WIN-PTFPHFCRDJ0</Computer>
<Security UserID="S-1-5-18"></Security>
</System>
<EventData><Data Name="Path"> C:\Windows\SystemApps\Microsoft.LockApp_cw5n1h2txyewy\AppxManifest.xml</Data>
</EventData>
</Event>

<Event xmlns="http://schemas.microsoft.com/win/2004/08/events/event"><System><Provider Name="Microsoft-Windows-AppXDeployment-Server" Guid="{3f471139-acb7-4a01-b7a7-ff5da4ba2d43}"></Provider>
<EventID Qualifiers="">400</EventID>
<Version>0</Version>
<Level>4</Level>
<Task>3</Task>
<Opcode>2</Opcode>
<Keywords>0x4000000000000001</Keywords>
<TimeCreated SystemTime="2020-10-23 09:21:32.795925"></TimeCreated>
<EventRecordID>71</EventRecordID>
<Correlation ActivityID="{c5ffa37c-a91d-0000-d7af-ffc51da9d601}" RelatedActivityID=""></Correlation>
<Execution ProcessID="1496" ThreadID="2896"></Execution>
<Channel>Microsoft-Windows-AppXDeploymentServer/Operational</Channel>
<Computer>WIN-PTFPHFCRDJ0</Computer>
<Security UserID="S-1-5-18"></Security>
</System>
<EventData><Data Name="DeploymentOperation">12</Data>
<Data Name="PackageFullName">Microsoft.LockApp_10.0.17763.1_neutral__cw5n1h2txyewy</Data>
<Data Name="Path"> </Data>
<Data Name="MountPoint">C:</Data>
<Data Name="TargetPlatform">0x00000000</Data>
<Data Name="SystemVolume">True</Data>
<Data Name="StorageId">\\?\Volume{962e1b8c-bf58-4dfe-adc8-abd1a164675b}</Data>
<Data Name="IsCentennial">False</Data>
<Data Name="PackageType">0x00000001</Data>
<Data Name="IsPackageEncrypted">False</Data>
<Data Name="DeploymentOptions">0x0000000030000020</Data>
<Data Name="IsStreamingPackage">False</Data>
<Data Name="IsInRelatedSet">False</Data>
<Data Name="IsPackageUsingBDC">False</Data>
<Data Name="MainPackageFamilyName">NULL</Data>
<Data Name="CallingProcess"></Data>
</EventData>
</Event>

<Event xmlns="http://schemas.microsoft.com/win/2004/08/events/event"><System><Provider Name="Microsoft-Windows-AppXDeployment-Server" Guid="{3f471139-acb7-4a01-b7a7-ff5da4ba2d43}"></Provider>
<EventID Qualifiers="">649</EventID>
<Version>0</Version>
<Level>4</Level>
<Task>3</Task>
<Opcode>0</Opcode>
<Keywords>0x4000000000000001</Keywords>
<TimeCreated SystemTime="2020-10-23 09:21:32.796629"></TimeCreated>
<EventRecordID>72</EventRecordID>
<Correlation ActivityID="{c5ffa37c-a91d-0000-d7af-ffc51da9d601}" RelatedActivityID=""></Correlation>
<Execution ProcessID="1496" ThreadID="2896"></Execution>
<Channel>Microsoft-Windows-AppXDeploymentServer/Operational</Channel>
<Computer>WIN-PTFPHFCRDJ0</Computer>
<Security UserID="S-1-5-18"></Security>
</System>
<EventData><Data Name="DeploymentOperation">12</Data>
<Data Name="PackageFullName">Microsoft.LockApp_10.0.17763.1_neutral__cw5n1h2txyewy</Data>
<Data Name="Summary">PostDeploymentOperationCheck cost: 0 ms</Data>
</EventData>
</Event>

<Event xmlns="http://schemas.microsoft.com/win/2004/08/events/event"><System><Provider Name="Microsoft-Windows-AppXDeployment-Server" Guid="{3f471139-acb7-4a01-b7a7-ff5da4ba2d43}"></Provider>
<EventID Qualifiers="">649</EventID>
<Version>0</Version>
<Level>4</Level>
<Task>3</Task>
<Opcode>0</Opcode>
<Keywords>0x4000000000000001</Keywords>
<TimeCreated SystemTime="2020-10-23 09:21:32.809610"></TimeCreated>
<EventRecordID>73</EventRecordID>
<Correlation ActivityID="{c5ffa37c-a91d-0000-d7af-ffc51da9d601}" RelatedActivityID=""></Correlation>
<Execution ProcessID="1496" ThreadID="2896"></Execution>
<Channel>Microsoft-Windows-AppXDeploymentServer/Operational</Channel>
<Computer>WIN-PTFPHFCRDJ0</Computer>
<Security UserID="S-1-5-18"></Security>
</System>
<EventData><Data Name="DeploymentOperation">12</Data>
<Data Name="PackageFullName">Microsoft.LockApp_10.0.17763.1_neutral__cw5n1h2txyewy</Data>
<Data Name="Summary">State repository CommitTransaction cost: 16 ms</Data>
</EventData>
</Event>

<Event xmlns="http://schemas.microsoft.com/win/2004/08/events/event"><System><Provider Name="Microsoft-Windows-AppXDeployment-Server" Guid="{3f471139-acb7-4a01-b7a7-ff5da4ba2d43}"></Provider>
<EventID Qualifiers="">633</EventID>
<Version>0</Version>
<Level>4</Level>
<Task>3</Task>
<Opcode>0</Opcode>
<Keywords>0x4000000000000001</Keywords>
<TimeCreated SystemTime="2020-10-23 09:21:32.837753"></TimeCreated>
<EventRecordID>74</EventRecordID>
<Correlation ActivityID="{c5ffa37c-a91d-0000-d7af-ffc51da9d601}" RelatedActivityID=""></Correlation>
<Execution ProcessID="1496" ThreadID="1152"></Execution>
<Channel>Microsoft-Windows-AppXDeploymentServer/Operational</Channel>
<Computer>WIN-PTFPHFCRDJ0</Computer>
<Security UserID="S-1-5-18"></Security>
</System>
<EventData><Data Name="PackageFullName">Microsoft.Win32WebViewHost_10.0.17763.1_neutral_neutral_cw5n1h2txyewy</Data>
<Data Name="IsInstalled">False</Data>
</EventData>
</Event>

<Event xmlns="http://schemas.microsoft.com/win/2004/08/events/event"><System><Provider Name="Microsoft-Windows-AppXDeployment-Server" Guid="{3f471139-acb7-4a01-b7a7-ff5da4ba2d43}"></Provider>
<EventID Qualifiers="">607</EventID>
<Version>0</Version>
<Level>4</Level>
<Task>0</Task>
<Opcode>0</Opcode>
<Keywords>0x4000000000000001</Keywords>
<TimeCreated SystemTime="2020-10-23 09:21:32.842312"></TimeCreated>
<EventRecordID>75</EventRecordID>
<Correlation ActivityID="{c5ffa37c-a91d-0000-d7af-ffc51da9d601}" RelatedActivityID=""></Correlation>
<Execution ProcessID="1496" ThreadID="2812"></Execution>
<Channel>Microsoft-Windows-AppXDeploymentServer/Operational</Channel>
<Computer>WIN-PTFPHFCRDJ0</Computer>
<Security UserID="S-1-5-18"></Security>
</System>
<EventData><Data Name="DeploymentOperation">12</Data>
<Data Name="PackageFullName">Microsoft.Win32WebViewHost_10.0.17763.1_neutral_neutral_cw5n1h2txyewy</Data>
<Data Name="UserSid">S-1-5-18</Data>
<Data Name="CallingProcess">NULL</Data>
</EventData>
</Event>

<Event xmlns="http://schemas.microsoft.com/win/2004/08/events/event"><System><Provider Name="Microsoft-Windows-AppXDeployment-Server" Guid="{3f471139-acb7-4a01-b7a7-ff5da4ba2d43}"></Provider>
<EventID Qualifiers="">854</EventID>
<Version>0</Version>
<Level>4</Level>
<Task>3</Task>
<Opcode>0</Opcode>
<Keywords>0x4000000000000001</Keywords>
<TimeCreated SystemTime="2020-10-23 09:21:32.861807"></TimeCreated>
<EventRecordID>76</EventRecordID>
<Correlation ActivityID="{c5ffa37c-a91d-0000-d7af-ffc51da9d601}" RelatedActivityID=""></Correlation>
<Execution ProcessID="1496" ThreadID="2812"></Execution>
<Channel>Microsoft-Windows-AppXDeploymentServer/Operational</Channel>
<Computer>WIN-PTFPHFCRDJ0</Computer>
<Security UserID="S-1-5-18"></Security>
</System>
<EventData><Data Name="Path"> C:\Windows\SystemApps\Microsoft.Win32WebViewHost_cw5n1h2txyewy\AppxManifest.xml</Data>
</EventData>
</Event>

<Event xmlns="http://schemas.microsoft.com/win/2004/08/events/event"><System><Provider Name="Microsoft-Windows-AppXDeployment-Server" Guid="{3f471139-acb7-4a01-b7a7-ff5da4ba2d43}"></Provider>
<EventID Qualifiers="">400</EventID>
<Version>0</Version>
<Level>4</Level>
<Task>3</Task>
<Opcode>2</Opcode>
<Keywords>0x4000000000000001</Keywords>
<TimeCreated SystemTime="2020-10-23 09:21:32.905090"></TimeCreated>
<EventRecordID>77</EventRecordID>
<Correlation ActivityID="{c5ffa37c-a91d-0000-d7af-ffc51da9d601}" RelatedActivityID=""></Correlation>
<Execution ProcessID="1496" ThreadID="2812"></Execution>
<Channel>Microsoft-Windows-AppXDeploymentServer/Operational</Channel>
<Computer>WIN-PTFPHFCRDJ0</Computer>
<Security UserID="S-1-5-18"></Security>
</System>
<EventData><Data Name="DeploymentOperation">12</Data>
<Data Name="PackageFullName">Microsoft.Win32WebViewHost_10.0.17763.1_neutral_neutral_cw5n1h2txyewy</Data>
<Data Name="Path"> </Data>
<Data Name="MountPoint">C:</Data>
<Data Name="TargetPlatform">0x00000000</Data>
<Data Name="SystemVolume">True</Data>
<Data Name="StorageId">\\?\Volume{962e1b8c-bf58-4dfe-adc8-abd1a164675b}</Data>
<Data Name="IsCentennial">False</Data>
<Data Name="PackageType">0x00000001</Data>
<Data Name="IsPackageEncrypted">False</Data>
<Data Name="DeploymentOptions">0x0000000030000020</Data>
<Data Name="IsStreamingPackage">False</Data>
<Data Name="IsInRelatedSet">False</Data>
<Data Name="IsPackageUsingBDC">False</Data>
<Data Name="MainPackageFamilyName">NULL</Data>
<Data Name="CallingProcess"></Data>
</EventData>
</Event>

<Event xmlns="http://schemas.microsoft.com/win/2004/08/events/event"><System><Provider Name="Microsoft-Windows-AppXDeployment-Server" Guid="{3f471139-acb7-4a01-b7a7-ff5da4ba2d43}"></Provider>
<EventID Qualifiers="">649</EventID>
<Version>0</Version>
<Level>4</Level>
<Task>3</Task>
<Opcode>0</Opcode>
<Keywords>0x4000000000000001</Keywords>
<TimeCreated SystemTime="2020-10-23 09:21:32.905743"></TimeCreated>
<EventRecordID>78</EventRecordID>
<Correlation ActivityID="{c5ffa37c-a91d-0000-d7af-ffc51da9d601}" RelatedActivityID=""></Correlation>
<Execution ProcessID="1496" ThreadID="2812"></Execution>
<Channel>Microsoft-Windows-AppXDeploymentServer/Operational</Channel>
<Computer>WIN-PTFPHFCRDJ0</Computer>
<Security UserID="S-1-5-18"></Security>
</System>
<EventData><Data Name="DeploymentOperation">12</Data>
<Data Name="PackageFullName">Microsoft.Win32WebViewHost_10.0.17763.1_neutral_neutral_cw5n1h2txyewy</Data>
<Data Name="Summary">PostDeploymentOperationCheck cost: 0 ms</Data>
</EventData>
</Event>

<Event xmlns="http://schemas.microsoft.com/win/2004/08/events/event"><System><Provider Name="Microsoft-Windows-AppXDeployment-Server" Guid="{3f471139-acb7-4a01-b7a7-ff5da4ba2d43}"></Provider>
<EventID Qualifiers="">649</EventID>
<Version>0</Version>
<Level>4</Level>
<Task>3</Task>
<Opcode>0</Opcode>
<Keywords>0x4000000000000001</Keywords>
<TimeCreated SystemTime="2020-10-23 09:21:32.920124"></TimeCreated>
<EventRecordID>79</EventRecordID>
<Correlation ActivityID="{c5ffa37c-a91d-0000-d7af-ffc51da9d601}" RelatedActivityID=""></Correlation>
<Execution ProcessID="1496" ThreadID="2812"></Execution>
<Channel>Microsoft-Windows-AppXDeploymentServer/Operational</Channel>
<Computer>WIN-PTFPHFCRDJ0</Computer>
<Security UserID="S-1-5-18"></Security>
</System>
<EventData><Data Name="DeploymentOperation">12</Data>
<Data Name="PackageFullName">Microsoft.Win32WebViewHost_10.0.17763.1_neutral_neutral_cw5n1h2txyewy</Data>
<Data Name="Summary">State repository CommitTransaction cost: 16 ms</Data>
</EventData>
</Event>

<Event xmlns="http://schemas.microsoft.com/win/2004/08/events/event"><System><Provider Name="Microsoft-Windows-AppXDeployment-Server" Guid="{3f471139-acb7-4a01-b7a7-ff5da4ba2d43}"></Provider>
<EventID Qualifiers="">633</EventID>
<Version>0</Version>
<Level>4</Level>
<Task>3</Task>
<Opcode>0</Opcode>
<Keywords>0x4000000000000001</Keywords>
<TimeCreated SystemTime="2020-10-23 09:21:32.944927"></TimeCreated>
<EventRecordID>80</EventRecordID>
<Correlation ActivityID="{c5ffa37c-a91d-0000-d7af-ffc51da9d601}" RelatedActivityID=""></Correlation>
<Execution ProcessID="1496" ThreadID="1152"></Execution>
<Channel>Microsoft-Windows-AppXDeploymentServer/Operational</Channel>
<Computer>WIN-PTFPHFCRDJ0</Computer>
<Security UserID="S-1-5-18"></Security>
</System>
<EventData><Data Name="PackageFullName">Microsoft.Windows.Apprep.ChxApp_1000.17763.1.0_neutral_neutral_cw5n1h2txyewy</Data>
<Data Name="IsInstalled">False</Data>
</EventData>
</Event>

<Event xmlns="http://schemas.microsoft.com/win/2004/08/events/event"><System><Provider Name="Microsoft-Windows-AppXDeployment-Server" Guid="{3f471139-acb7-4a01-b7a7-ff5da4ba2d43}"></Provider>
<EventID Qualifiers="">607</EventID>
<Version>0</Version>
<Level>4</Level>
<Task>0</Task>
<Opcode>0</Opcode>
<Keywords>0x4000000000000001</Keywords>
<TimeCreated SystemTime="2020-10-23 09:21:32.945217"></TimeCreated>
<EventRecordID>81</EventRecordID>
<Correlation ActivityID="{c5ffa37c-a91d-0000-d7af-ffc51da9d601}" RelatedActivityID=""></Correlation>
<Execution ProcessID="1496" ThreadID="2896"></Execution>
<Channel>Microsoft-Windows-AppXDeploymentServer/Operational</Channel>
<Computer>WIN-PTFPHFCRDJ0</Computer>
<Security UserID="S-1-5-18"></Security>
</System>
<EventData><Data Name="DeploymentOperation">12</Data>
<Data Name="PackageFullName">Microsoft.Windows.Apprep.ChxApp_1000.17763.1.0_neutral_neutral_cw5n1h2txyewy</Data>
<Data Name="UserSid">S-1-5-18</Data>
<Data Name="CallingProcess">NULL</Data>
</EventData>
</Event>

<Event xmlns="http://schemas.microsoft.com/win/2004/08/events/event"><System><Provider Name="Microsoft-Windows-AppXDeployment-Server" Guid="{3f471139-acb7-4a01-b7a7-ff5da4ba2d43}"></Provider>
<EventID Qualifiers="">854</EventID>
<Version>0</Version>
<Level>4</Level>
<Task>3</Task>
<Opcode>0</Opcode>
<Keywords>0x4000000000000001</Keywords>
<TimeCreated SystemTime="2020-10-23 09:21:32.965923"></TimeCreated>
<EventRecordID>82</EventRecordID>
<Correlation ActivityID="{c5ffa37c-a91d-0000-d7af-ffc51da9d601}" RelatedActivityID=""></Correlation>
<Execution ProcessID="1496" ThreadID="2896"></Execution>
<Channel>Microsoft-Windows-AppXDeploymentServer/Operational</Channel>
<Computer>WIN-PTFPHFCRDJ0</Computer>
<Security UserID="S-1-5-18"></Security>
</System>
<EventData><Data Name="Path"> C:\Windows\SystemApps\Microsoft.Windows.AppRep.ChxApp_cw5n1h2txyewy\AppxManifest.xml</Data>
</EventData>
</Event>

<Event xmlns="http://schemas.microsoft.com/win/2004/08/events/event"><System><Provider Name="Microsoft-Windows-AppXDeployment-Server" Guid="{3f471139-acb7-4a01-b7a7-ff5da4ba2d43}"></Provider>
<EventID Qualifiers="">400</EventID>
<Version>0</Version>
<Level>4</Level>
<Task>3</Task>
<Opcode>2</Opcode>
<Keywords>0x4000000000000001</Keywords>
<TimeCreated SystemTime="2020-10-23 09:21:33.012493"></TimeCreated>
<EventRecordID>83</EventRecordID>
<Correlation ActivityID="{c5ffa37c-a91d-0000-d7af-ffc51da9d601}" RelatedActivityID=""></Correlation>
<Execution ProcessID="1496" ThreadID="2896"></Execution>
<Channel>Microsoft-Windows-AppXDeploymentServer/Operational</Channel>
<Computer>WIN-PTFPHFCRDJ0</Computer>
<Security UserID="S-1-5-18"></Security>
</System>
<EventData><Data Name="DeploymentOperation">12</Data>
<Data Name="PackageFullName">Microsoft.Windows.Apprep.ChxApp_1000.17763.1.0_neutral_neutral_cw5n1h2txyewy</Data>
<Data Name="Path"> </Data>
<Data Name="MountPoint">C:</Data>
<Data Name="TargetPlatform">0x00000000</Data>
<Data Name="SystemVolume">True</Data>
<Data Name="StorageId">\\?\Volume{962e1b8c-bf58-4dfe-adc8-abd1a164675b}</Data>
<Data Name="IsCentennial">False</Data>
<Data Name="PackageType">0x00000001</Data>
<Data Name="IsPackageEncrypted">False</Data>
<Data Name="DeploymentOptions">0x0000000030000020</Data>
<Data Name="IsStreamingPackage">False</Data>
<Data Name="IsInRelatedSet">False</Data>
<Data Name="IsPackageUsingBDC">False</Data>
<Data Name="MainPackageFamilyName">NULL</Data>
<Data Name="CallingProcess"></Data>
</EventData>
</Event>

<Event xmlns="http://schemas.microsoft.com/win/2004/08/events/event"><System><Provider Name="Microsoft-Windows-AppXDeployment-Server" Guid="{3f471139-acb7-4a01-b7a7-ff5da4ba2d43}"></Provider>
<EventID Qualifiers="">649</EventID>
<Version>0</Version>
<Level>4</Level>
<Task>3</Task>
<Opcode>0</Opcode>
<Keywords>0x4000000000000001</Keywords>
<TimeCreated SystemTime="2020-10-23 09:21:33.013105"></TimeCreated>
<EventRecordID>84</EventRecordID>
<Correlation ActivityID="{c5ffa37c-a91d-0000-d7af-ffc51da9d601}" RelatedActivityID=""></Correlation>
<Execution ProcessID="1496" ThreadID="2896"></Execution>
<Channel>Microsoft-Windows-AppXDeploymentServer/Operational</Channel>
<Computer>WIN-PTFPHFCRDJ0</Computer>
<Security UserID="S-1-5-18"></Security>
</System>
<EventData><Data Name="DeploymentOperation">12</Data>
<Data Name="PackageFullName">Microsoft.Windows.Apprep.ChxApp_1000.17763.1.0_neutral_neutral_cw5n1h2txyewy</Data>
<Data Name="Summary">PostDeploymentOperationCheck cost: 0 ms</Data>
</EventData>
</Event>

<Event xmlns="http://schemas.microsoft.com/win/2004/08/events/event"><System><Provider Name="Microsoft-Windows-AppXDeployment-Server" Guid="{3f471139-acb7-4a01-b7a7-ff5da4ba2d43}"></Provider>
<EventID Qualifiers="">649</EventID>
<Version>0</Version>
<Level>4</Level>
<Task>3</Task>
<Opcode>0</Opcode>
<Keywords>0x4000000000000001</Keywords>
<TimeCreated SystemTime="2020-10-23 09:21:33.025404"></TimeCreated>
<EventRecordID>85</EventRecordID>
<Correlation ActivityID="{c5ffa37c-a91d-0000-d7af-ffc51da9d601}" RelatedActivityID=""></Correlation>
<Execution ProcessID="1496" ThreadID="2896"></Execution>
<Channel>Microsoft-Windows-AppXDeploymentServer/Operational</Channel>
<Computer>WIN-PTFPHFCRDJ0</Computer>
<Security UserID="S-1-5-18"></Security>
</System>
<EventData><Data Name="DeploymentOperation">12</Data>
<Data Name="PackageFullName">Microsoft.Windows.Apprep.ChxApp_1000.17763.1.0_neutral_neutral_cw5n1h2txyewy</Data>
<Data Name="Summary">State repository CommitTransaction cost: 0 ms</Data>
</EventData>
</Event>

<Event xmlns="http://schemas.microsoft.com/win/2004/08/events/event"><System><Provider Name="Microsoft-Windows-AppXDeployment-Server" Guid="{3f471139-acb7-4a01-b7a7-ff5da4ba2d43}"></Provider>
<EventID Qualifiers="">633</EventID>
<Version>0</Version>
<Level>4</Level>
<Task>3</Task>
<Opcode>0</Opcode>
<Keywords>0x4000000000000001</Keywords>
<TimeCreated SystemTime="2020-10-23 09:21:33.049879"></TimeCreated>
<EventRecordID>86</EventRecordID>
<Correlation ActivityID="{c5ffa37c-a91d-0000-d7af-ffc51da9d601}" RelatedActivityID=""></Correlation>
<Execution ProcessID="1496" ThreadID="1152"></Execution>
<Channel>Microsoft-Windows-AppXDeploymentServer/Operational</Channel>
<Computer>WIN-PTFPHFCRDJ0</Computer>
<Security UserID="S-1-5-18"></Security>
</System>
<EventData><Data Name="PackageFullName">Microsoft.Windows.CapturePicker_10.0.17763.1_neutral__cw5n1h2txyewy</Data>
<Data Name="IsInstalled">False</Data>
</EventData>
</Event>

<Event xmlns="http://schemas.microsoft.com/win/2004/08/events/event"><System><Provider Name="Microsoft-Windows-AppXDeployment-Server" Guid="{3f471139-acb7-4a01-b7a7-ff5da4ba2d43}"></Provider>
<EventID Qualifiers="">607</EventID>
<Version>0</Version>
<Level>4</Level>
<Task>0</Task>
<Opcode>0</Opcode>
<Keywords>0x4000000000000001</Keywords>
<TimeCreated SystemTime="2020-10-23 09:21:33.050119"></TimeCreated>
<EventRecordID>87</EventRecordID>
<Correlation ActivityID="{c5ffa37c-a91d-0000-d7af-ffc51da9d601}" RelatedActivityID=""></Correlation>
<Execution ProcessID="1496" ThreadID="2896"></Execution>
<Channel>Microsoft-Windows-AppXDeploymentServer/Operational</Channel>
<Computer>WIN-PTFPHFCRDJ0</Computer>
<Security UserID="S-1-5-18"></Security>
</System>
<EventData><Data Name="DeploymentOperation">12</Data>
<Data Name="PackageFullName">Microsoft.Windows.CapturePicker_10.0.17763.1_neutral__cw5n1h2txyewy</Data>
<Data Name="UserSid">S-1-5-18</Data>
<Data Name="CallingProcess">NULL</Data>
</EventData>
</Event>

<Event xmlns="http://schemas.microsoft.com/win/2004/08/events/event"><System><Provider Name="Microsoft-Windows-AppXDeployment-Server" Guid="{3f471139-acb7-4a01-b7a7-ff5da4ba2d43}"></Provider>
<EventID Qualifiers="">854</EventID>
<Version>0</Version>
<Level>4</Level>
<Task>3</Task>
<Opcode>0</Opcode>
<Keywords>0x4000000000000001</Keywords>
<TimeCreated SystemTime="2020-10-23 09:21:33.069452"></TimeCreated>
<EventRecordID>88</EventRecordID>
<Correlation ActivityID="{c5ffa37c-a91d-0000-d7af-ffc51da9d601}" RelatedActivityID=""></Correlation>
<Execution ProcessID="1496" ThreadID="2896"></Execution>
<Channel>Microsoft-Windows-AppXDeploymentServer/Operational</Channel>
<Computer>WIN-PTFPHFCRDJ0</Computer>
<Security UserID="S-1-5-18"></Security>
</System>
<EventData><Data Name="Path"> C:\Windows\SystemApps\Microsoft.Windows.CapturePicker_cw5n1h2txyewy\AppxManifest.xml</Data>
</EventData>
</Event>

<Event xmlns="http://schemas.microsoft.com/win/2004/08/events/event"><System><Provider Name="Microsoft-Windows-AppXDeployment-Server" Guid="{3f471139-acb7-4a01-b7a7-ff5da4ba2d43}"></Provider>
<EventID Qualifiers="">400</EventID>
<Version>0</Version>
<Level>4</Level>
<Task>3</Task>
<Opcode>2</Opcode>
<Keywords>0x4000000000000001</Keywords>
<TimeCreated SystemTime="2020-10-23 09:21:33.106508"></TimeCreated>
<EventRecordID>89</EventRecordID>
<Correlation ActivityID="{c5ffa37c-a91d-0000-d7af-ffc51da9d601}" RelatedActivityID=""></Correlation>
<Execution ProcessID="1496" ThreadID="2896"></Execution>
<Channel>Microsoft-Windows-AppXDeploymentServer/Operational</Channel>
<Computer>WIN-PTFPHFCRDJ0</Computer>
<Security UserID="S-1-5-18"></Security>
</System>
<EventData><Data Name="DeploymentOperation">12</Data>
<Data Name="PackageFullName">Microsoft.Windows.CapturePicker_10.0.17763.1_neutral__cw5n1h2txyewy</Data>
<Data Name="Path"> </Data>
<Data Name="MountPoint">C:</Data>
<Data Name="TargetPlatform">0x00000000</Data>
<Data Name="SystemVolume">True</Data>
<Data Name="StorageId">\\?\Volume{962e1b8c-bf58-4dfe-adc8-abd1a164675b}</Data>
<Data Name="IsCentennial">False</Data>
<Data Name="PackageType">0x00000001</Data>
<Data Name="IsPackageEncrypted">False</Data>
<Data Name="DeploymentOptions">0x0000000030000020</Data>
<Data Name="IsStreamingPackage">False</Data>
<Data Name="IsInRelatedSet">False</Data>
<Data Name="IsPackageUsingBDC">False</Data>
<Data Name="MainPackageFamilyName">NULL</Data>
<Data Name="CallingProcess"></Data>
</EventData>
</Event>

<Event xmlns="http://schemas.microsoft.com/win/2004/08/events/event"><System><Provider Name="Microsoft-Windows-AppXDeployment-Server" Guid="{3f471139-acb7-4a01-b7a7-ff5da4ba2d43}"></Provider>
<EventID Qualifiers="">649</EventID>
<Version>0</Version>
<Level>4</Level>
<Task>3</Task>
<Opcode>0</Opcode>
<Keywords>0x4000000000000001</Keywords>
<TimeCreated SystemTime="2020-10-23 09:21:33.107115"></TimeCreated>
<EventRecordID>90</EventRecordID>
<Correlation ActivityID="{c5ffa37c-a91d-0000-d7af-ffc51da9d601}" RelatedActivityID=""></Correlation>
<Execution ProcessID="1496" ThreadID="2896"></Execution>
<Channel>Microsoft-Windows-AppXDeploymentServer/Operational</Channel>
<Computer>WIN-PTFPHFCRDJ0</Computer>
<Security UserID="S-1-5-18"></Security>
</System>
<EventData><Data Name="DeploymentOperation">12</Data>
<Data Name="PackageFullName">Microsoft.Windows.CapturePicker_10.0.17763.1_neutral__cw5n1h2txyewy</Data>
<Data Name="Summary">PostDeploymentOperationCheck cost: 0 ms</Data>
</EventData>
</Event>

