<?xml version="1.1" encoding="utf-8" standalone="yes" ?>

<Events>
<Event xmlns="http://schemas.microsoft.com/win/2004/08/events/event"><System><Provider Name="Microsoft-Windows-Security-SPP-UX-Notifications" Guid="{c4efc9bb-2570-4821-8923-1bad317d2d4b}"></Provider>
<EventID Qualifiers="">100</EventID>
<Version>0</Version>
<Level>3</Level>
<Task>0</Task>
<Opcode>0</Opcode>
<Keywords>0x8000000000000000</Keywords>
<TimeCreated SystemTime="2020-10-22 20:53:02.901670"></TimeCreated>
<EventRecordID>1</EventRecordID>
<Correlation ActivityID="" RelatedActivityID=""></Correlation>
<Execution ProcessID="4344" ThreadID="4328"></Execution>
<Channel>Microsoft-Windows-Security-SPP-UX-Notifications/ActionCenter</Channel>
<Computer>WIN-PTFPHFCRDJ0</Computer>
<Security UserID="S-1-5-20"></Security>
</System>
<EventData><Data Name="hc_stateid">2</Data>
</EventData>
</Event>

<Event xmlns="http://schemas.microsoft.com/win/2004/08/events/event"><System><Provider Name="Microsoft-Windows-Security-SPP-UX-Notifications" Guid="{c4efc9bb-2570-4821-8923-1bad317d2d4b}"></Provider>
<EventID Qualifiers="">100</EventID>
<Version>0</Version>
<Level>3</Level>
<Task>0</Task>
<Opcode>0</Opcode>
<Keywords>0x8000000000000000</Keywords>
<TimeCreated SystemTime="2020-10-22 20:57:35.378191"></TimeCreated>
<EventRecordID>2</EventRecordID>
<Correlation ActivityID="" RelatedActivityID=""></Correlation>
<Execution ProcessID="3992" ThreadID="3996"></Execution>
<Channel>Microsoft-Windows-Security-SPP-UX-Notifications/ActionCenter</Channel>
<Computer>WIN-PTFPHFCRDJ0</Computer>
<Security UserID="S-1-5-20"></Security>
</System>
<EventData><Data Name="hc_stateid">2</Data>
</EventData>
</Event>

<Event xmlns="http://schemas.microsoft.com/win/2004/08/events/event"><System><Provider Name="Microsoft-Windows-Security-SPP-UX-Notifications" Guid="{c4efc9bb-2570-4821-8923-1bad317d2d4b}"></Provider>
<EventID Qualifiers="">100</EventID>
<Version>0</Version>
<Level>3</Level>
<Task>0</Task>
<Opcode>0</Opcode>
<Keywords>0x8000000000000000</Keywords>
<TimeCreated SystemTime="2020-10-23 14:00:16.531618"></TimeCreated>
<EventRecordID>3</EventRecordID>
<Correlation ActivityID="" RelatedActivityID=""></Correlation>
<Execution ProcessID="2976" ThreadID="2556"></Execution>
<Channel>Microsoft-Windows-Security-SPP-UX-Notifications/ActionCenter</Channel>
<Computer>WIN-PTFPHFCRDJ0</Computer>
<Security UserID="S-1-5-20"></Security>
</System>
<EventData><Data Name="hc_stateid">2</Data>
</EventData>
</Event>

<Event xmlns="http://schemas.microsoft.com/win/2004/08/events/event"><System><Provider Name="Microsoft-Windows-Security-SPP-UX-Notifications" Guid="{c4efc9bb-2570-4821-8923-1bad317d2d4b}"></Provider>
<EventID Qualifiers="">100</EventID>
<Version>0</Version>
<Level>3</Level>
<Task>0</Task>
<Opcode>0</Opcode>
<Keywords>0x8000000000000000</Keywords>
<TimeCreated SystemTime="2020-10-23 18:53:04.936140"></TimeCreated>
<EventRecordID>4</EventRecordID>
<Correlation ActivityID="" RelatedActivityID=""></Correlation>
<Execution ProcessID="3288" ThreadID="3276"></Execution>
<Channel>Microsoft-Windows-Security-SPP-UX-Notifications/ActionCenter</Channel>
<Computer>WIN-PTFPHFCRDJ0</Computer>
<Security UserID="S-1-5-20"></Security>
</System>
<EventData><Data Name="hc_stateid">2</Data>
</EventData>
</Event>

<Event xmlns="http://schemas.microsoft.com/win/2004/08/events/event"><System><Provider Name="Microsoft-Windows-Security-SPP-UX-Notifications" Guid="{c4efc9bb-2570-4821-8923-1bad317d2d4b}"></Provider>
<EventID Qualifiers="">100</EventID>
<Version>0</Version>
<Level>3</Level>
<Task>0</Task>
<Opcode>0</Opcode>
<Keywords>0x8000000000000000</Keywords>
<TimeCreated SystemTime="2020-10-24 21:55:48.926218"></TimeCreated>
<EventRecordID>5</EventRecordID>
<Correlation ActivityID="" RelatedActivityID=""></Correlation>
<Execution ProcessID="3216" ThreadID="1108"></Execution>
<Channel>Microsoft-Windows-Security-SPP-UX-Notifications/ActionCenter</Channel>
<Computer>WIN-PTFPHFCRDJ0</Computer>
<Security UserID="S-1-5-20"></Security>
</System>
<EventData><Data Name="hc_stateid">2</Data>
</EventData>
</Event>

<Event xmlns="http://schemas.microsoft.com/win/2004/08/events/event"><System><Provider Name="Microsoft-Windows-Security-SPP-UX-Notifications" Guid="{c4efc9bb-2570-4821-8923-1bad317d2d4b}"></Provider>
<EventID Qualifiers="">100</EventID>
<Version>0</Version>
<Level>3</Level>
<Task>0</Task>
<Opcode>0</Opcode>
<Keywords>0x8000000000000000</Keywords>
<TimeCreated SystemTime="2020-10-24 22:24:47.718702"></TimeCreated>
<EventRecordID>6</EventRecordID>
<Correlation ActivityID="" RelatedActivityID=""></Correlation>
<Execution ProcessID="1988" ThreadID="1964"></Execution>
<Channel>Microsoft-Windows-Security-SPP-UX-Notifications/ActionCenter</Channel>
<Computer>WIN-PTFPHFCRDJ0</Computer>
<Security UserID="S-1-5-20"></Security>
</System>
<EventData><Data Name="hc_stateid">2</Data>
</EventData>
</Event>

<Event xmlns="http://schemas.microsoft.com/win/2004/08/events/event"><System><Provider Name="Microsoft-Windows-Security-SPP-UX-Notifications" Guid="{c4efc9bb-2570-4821-8923-1bad317d2d4b}"></Provider>
<EventID Qualifiers="">100</EventID>
<Version>0</Version>
<Level>3</Level>
<Task>0</Task>
<Opcode>0</Opcode>
<Keywords>0x8000000000000000</Keywords>
<TimeCreated SystemTime="2020-10-26 12:10:57.681232"></TimeCreated>
<EventRecordID>7</EventRecordID>
<Correlation ActivityID="" RelatedActivityID=""></Correlation>
<Execution ProcessID="3396" ThreadID="1764"></Execution>
<Channel>Microsoft-Windows-Security-SPP-UX-Notifications/ActionCenter</Channel>
<Computer>WIN-PTFPHFCRDJ0</Computer>
<Security UserID="S-1-5-20"></Security>
</System>
<EventData><Data Name="hc_stateid">2</Data>
</EventData>
</Event>

<Event xmlns="http://schemas.microsoft.com/win/2004/08/events/event"><System><Provider Name="Microsoft-Windows-Security-SPP-UX-Notifications" Guid="{c4efc9bb-2570-4821-8923-1bad317d2d4b}"></Provider>
<EventID Qualifiers="">100</EventID>
<Version>0</Version>
<Level>3</Level>
<Task>0</Task>
<Opcode>0</Opcode>
<Keywords>0x8000000000000000</Keywords>
<TimeCreated SystemTime="2020-10-26 15:27:26.084558"></TimeCreated>
<EventRecordID>8</EventRecordID>
<Correlation ActivityID="" RelatedActivityID=""></Correlation>
<Execution ProcessID="3344" ThreadID="3876"></Execution>
<Channel>Microsoft-Windows-Security-SPP-UX-Notifications/ActionCenter</Channel>
<Computer>WIN-PTFPHFCRDJ0</Computer>
<Security UserID="S-1-5-20"></Security>
</System>
<EventData><Data Name="hc_stateid">2</Data>
</EventData>
</Event>

<Event xmlns="http://schemas.microsoft.com/win/2004/08/events/event"><System><Provider Name="Microsoft-Windows-Security-SPP-UX-Notifications" Guid="{c4efc9bb-2570-4821-8923-1bad317d2d4b}"></Provider>
<EventID Qualifiers="">100</EventID>
<Version>0</Version>
<Level>3</Level>
<Task>0</Task>
<Opcode>0</Opcode>
<Keywords>0x8000000000000000</Keywords>
<TimeCreated SystemTime="2020-10-27 02:08:44.785543"></TimeCreated>
<EventRecordID>9</EventRecordID>
<Correlation ActivityID="" RelatedActivityID=""></Correlation>
<Execution ProcessID="2712" ThreadID="3144"></Execution>
<Channel>Microsoft-Windows-Security-SPP-UX-Notifications/ActionCenter</Channel>
<Computer>WIN-PTFPHFCRDJ0</Computer>
<Security UserID="S-1-5-20"></Security>
</System>
<EventData><Data Name="hc_stateid">2</Data>
</EventData>
</Event>

</Events>
