<Event xmlns="http://schemas.microsoft.com/win/2004/08/events/event"><System><Provider Name="Microsoft-Windows-StateRepository" Guid="{89592015-d996-4636-8f61-066b5d4dd739}"></Provider>
<EventID Qualifiers="">105</EventID>
<Version>0</Version>
<Level>4</Level>
<Task>1</Task>
<Opcode>0</Opcode>
<Keywords>0x4000000000000001</Keywords>
<TimeCreated SystemTime="2020-10-23 13:54:54.126530"></TimeCreated>
<EventRecordID>59</EventRecordID>
<Correlation ActivityID="" RelatedActivityID=""></Correlation>
<Execution ProcessID="3724" ThreadID="3736"></Execution>
<Channel>Microsoft-Windows-StateRepository/Operational</Channel>
<Computer>WIN-PTFPHFCRDJ0</Computer>
<Security UserID="S-1-5-18"></Security>
</System>
<EventData><Data Name="ErrorCode">0x0000011b</Data>
<Data Name="SQL">recovered 1 frames from WAL file C:\ProgramData\Microsoft\Windows\AppRepository\StateRepository-Deployment.srd-wal</Data>
</EventData>
</Event>

<Event xmlns="http://schemas.microsoft.com/win/2004/08/events/event"><System><Provider Name="Microsoft-Windows-StateRepository" Guid="{89592015-d996-4636-8f61-066b5d4dd739}"></Provider>
<EventID Qualifiers="">221</EventID>
<Version>0</Version>
<Level>5</Level>
<Task>2</Task>
<Opcode>0</Opcode>
<Keywords>0x4000000000000001</Keywords>
<TimeCreated SystemTime="2020-10-23 13:54:59.304338"></TimeCreated>
<EventRecordID>60</EventRecordID>
<Correlation ActivityID="" RelatedActivityID=""></Correlation>
<Execution ProcessID="3724" ThreadID="3736"></Execution>
<Channel>Microsoft-Windows-StateRepository/Operational</Channel>
<Computer>WIN-PTFPHFCRDJ0</Computer>
<Security UserID="S-1-5-18"></Security>
</System>
<EventData><Data Name="Partition">2</Data>
<Data Name="ProcessId">3724</Data>
</EventData>
</Event>

<Event xmlns="http://schemas.microsoft.com/win/2004/08/events/event"><System><Provider Name="Microsoft-Windows-StateRepository" Guid="{89592015-d996-4636-8f61-066b5d4dd739}"></Provider>
<EventID Qualifiers="">245</EventID>
<Version>0</Version>
<Level>5</Level>
<Task>2</Task>
<Opcode>0</Opcode>
<Keywords>0x4000000000000001</Keywords>
<TimeCreated SystemTime="2020-10-23 13:54:59.313515"></TimeCreated>
<EventRecordID>61</EventRecordID>
<Correlation ActivityID="" RelatedActivityID=""></Correlation>
<Execution ProcessID="3724" ThreadID="3736"></Execution>
<Channel>Microsoft-Windows-StateRepository/Operational</Channel>
<Computer>WIN-PTFPHFCRDJ0</Computer>
<Security UserID="S-1-5-18"></Security>
</System>
<EventData><Data Name="ErrorCode">0x00000000</Data>
</EventData>
</Event>

<Event xmlns="http://schemas.microsoft.com/win/2004/08/events/event"><System><Provider Name="Microsoft-Windows-StateRepository" Guid="{89592015-d996-4636-8f61-066b5d4dd739}"></Provider>
<EventID Qualifiers="">216</EventID>
<Version>0</Version>
<Level>4</Level>
<Task>2</Task>
<Opcode>0</Opcode>
<Keywords>0x4000000000000001</Keywords>
<TimeCreated SystemTime="2020-10-23 13:54:59.605230"></TimeCreated>
<EventRecordID>62</EventRecordID>
<Correlation ActivityID="" RelatedActivityID=""></Correlation>
<Execution ProcessID="3724" ThreadID="3736"></Execution>
<Channel>Microsoft-Windows-StateRepository/Operational</Channel>
<Computer>WIN-PTFPHFCRDJ0</Computer>
<Security UserID="S-1-5-18"></Security>
</System>
<EventData><Data Name="ProcessId">3724</Data>
</EventData>
</Event>

<Event xmlns="http://schemas.microsoft.com/win/2004/08/events/event"><System><Provider Name="Microsoft-Windows-StateRepository" Guid="{89592015-d996-4636-8f61-066b5d4dd739}"></Provider>
<EventID Qualifiers="">231</EventID>
<Version>0</Version>
<Level>5</Level>
<Task>2</Task>
<Opcode>0</Opcode>
<Keywords>0x4000000000000001</Keywords>
<TimeCreated SystemTime="2020-10-23 14:11:15.386496"></TimeCreated>
<EventRecordID>63</EventRecordID>
<Correlation ActivityID="" RelatedActivityID=""></Correlation>
<Execution ProcessID="3724" ThreadID="4648"></Execution>
<Channel>Microsoft-Windows-StateRepository/Operational</Channel>
<Computer>WIN-PTFPHFCRDJ0</Computer>
<Security UserID="S-1-5-18"></Security>
</System>
<EventData><Data Name="Options">0x00000001</Data>
</EventData>
</Event>

<Event xmlns="http://schemas.microsoft.com/win/2004/08/events/event"><System><Provider Name="Microsoft-Windows-StateRepository" Guid="{89592015-d996-4636-8f61-066b5d4dd739}"></Provider>
<EventID Qualifiers="">242</EventID>
<Version>0</Version>
<Level>5</Level>
<Task>1</Task>
<Opcode>0</Opcode>
<Keywords>0x4000000000000001</Keywords>
<TimeCreated SystemTime="2020-10-23 14:14:41.132647"></TimeCreated>
<EventRecordID>64</EventRecordID>
<Correlation ActivityID="" RelatedActivityID=""></Correlation>
<Execution ProcessID="3724" ThreadID="5100"></Execution>
<Channel>Microsoft-Windows-StateRepository/Operational</Channel>
<Computer>WIN-PTFPHFCRDJ0</Computer>
<Security UserID="S-1-5-18"></Security>
</System>
<EventData><Data Name="TimeoutMSec">5000</Data>
<Data Name="ElapsedTimeMSec">0</Data>
</EventData>
</Event>

<Event xmlns="http://schemas.microsoft.com/win/2004/08/events/event"><System><Provider Name="Microsoft-Windows-StateRepository" Guid="{89592015-d996-4636-8f61-066b5d4dd739}"></Provider>
<EventID Qualifiers="">243</EventID>
<Version>0</Version>
<Level>5</Level>
<Task>1</Task>
<Opcode>0</Opcode>
<Keywords>0x4000000000000001</Keywords>
<TimeCreated SystemTime="2020-10-23 14:14:41.132647"></TimeCreated>
<EventRecordID>65</EventRecordID>
<Correlation ActivityID="" RelatedActivityID=""></Correlation>
<Execution ProcessID="3724" ThreadID="5100"></Execution>
<Channel>Microsoft-Windows-StateRepository/Operational</Channel>
<Computer>WIN-PTFPHFCRDJ0</Computer>
<Security UserID="S-1-5-18"></Security>
</System>
<EventData><Data Name="TimeoutMSec">5000</Data>
<Data Name="ElapsedTimeMSec">0</Data>
</EventData>
</Event>

<Event xmlns="http://schemas.microsoft.com/win/2004/08/events/event"><System><Provider Name="Microsoft-Windows-StateRepository" Guid="{89592015-d996-4636-8f61-066b5d4dd739}"></Provider>
<EventID Qualifiers="">223</EventID>
<Version>0</Version>
<Level>4</Level>
<Task>2</Task>
<Opcode>0</Opcode>
<Keywords>0x4000000000000001</Keywords>
<TimeCreated SystemTime="2020-10-23 18:50:05.260359"></TimeCreated>
<EventRecordID>66</EventRecordID>
<Correlation ActivityID="" RelatedActivityID=""></Correlation>
<Execution ProcessID="3784" ThreadID="3796"></Execution>
<Channel>Microsoft-Windows-StateRepository/Operational</Channel>
<Computer>WIN-PTFPHFCRDJ0</Computer>
<Security UserID="S-1-5-18"></Security>
</System>
<EventData><Data Name="Partition">1</Data>
<Data Name="SchemaVersion">13568</Data>
<Data Name="Filename">C:\ProgramData\Microsoft\Windows\AppRepository\StateRepository-Machine.srd</Data>
</EventData>
</Event>

<Event xmlns="http://schemas.microsoft.com/win/2004/08/events/event"><System><Provider Name="Microsoft-Windows-StateRepository" Guid="{89592015-d996-4636-8f61-066b5d4dd739}"></Provider>
<EventID Qualifiers="">223</EventID>
<Version>0</Version>
<Level>4</Level>
<Task>2</Task>
<Opcode>0</Opcode>
<Keywords>0x4000000000000001</Keywords>
<TimeCreated SystemTime="2020-10-23 18:50:05.461823"></TimeCreated>
<EventRecordID>67</EventRecordID>
<Correlation ActivityID="" RelatedActivityID=""></Correlation>
<Execution ProcessID="3784" ThreadID="3796"></Execution>
<Channel>Microsoft-Windows-StateRepository/Operational</Channel>
<Computer>WIN-PTFPHFCRDJ0</Computer>
<Security UserID="S-1-5-18"></Security>
</System>
<EventData><Data Name="Partition">2</Data>
<Data Name="SchemaVersion">13568</Data>
<Data Name="Filename">C:\ProgramData\Microsoft\Windows\AppRepository\StateRepository-Deployment.srd</Data>
</EventData>
</Event>

<Event xmlns="http://schemas.microsoft.com/win/2004/08/events/event"><System><Provider Name="Microsoft-Windows-StateRepository" Guid="{89592015-d996-4636-8f61-066b5d4dd739}"></Provider>
<EventID Qualifiers="">221</EventID>
<Version>0</Version>
<Level>5</Level>
<Task>2</Task>
<Opcode>0</Opcode>
<Keywords>0x4000000000000001</Keywords>
<TimeCreated SystemTime="2020-10-23 18:50:11.735476"></TimeCreated>
<EventRecordID>68</EventRecordID>
<Correlation ActivityID="" RelatedActivityID=""></Correlation>
<Execution ProcessID="3784" ThreadID="3796"></Execution>
<Channel>Microsoft-Windows-StateRepository/Operational</Channel>
<Computer>WIN-PTFPHFCRDJ0</Computer>
<Security UserID="S-1-5-18"></Security>
</System>
<EventData><Data Name="Partition">2</Data>
<Data Name="ProcessId">3784</Data>
</EventData>
</Event>

<Event xmlns="http://schemas.microsoft.com/win/2004/08/events/event"><System><Provider Name="Microsoft-Windows-StateRepository" Guid="{89592015-d996-4636-8f61-066b5d4dd739}"></Provider>
<EventID Qualifiers="">245</EventID>
<Version>0</Version>
<Level>5</Level>
<Task>2</Task>
<Opcode>0</Opcode>
<Keywords>0x4000000000000001</Keywords>
<TimeCreated SystemTime="2020-10-23 18:50:11.786940"></TimeCreated>
<EventRecordID>69</EventRecordID>
<Correlation ActivityID="" RelatedActivityID=""></Correlation>
<Execution ProcessID="3784" ThreadID="3796"></Execution>
<Channel>Microsoft-Windows-StateRepository/Operational</Channel>
<Computer>WIN-PTFPHFCRDJ0</Computer>
<Security UserID="S-1-5-18"></Security>
</System>
<EventData><Data Name="ErrorCode">0x00000000</Data>
</EventData>
</Event>

<Event xmlns="http://schemas.microsoft.com/win/2004/08/events/event"><System><Provider Name="Microsoft-Windows-StateRepository" Guid="{89592015-d996-4636-8f61-066b5d4dd739}"></Provider>
<EventID Qualifiers="">216</EventID>
<Version>0</Version>
<Level>4</Level>
<Task>2</Task>
<Opcode>0</Opcode>
<Keywords>0x4000000000000001</Keywords>
<TimeCreated SystemTime="2020-10-23 18:50:12.152702"></TimeCreated>
<EventRecordID>70</EventRecordID>
<Correlation ActivityID="" RelatedActivityID=""></Correlation>
<Execution ProcessID="3784" ThreadID="3796"></Execution>
<Channel>Microsoft-Windows-StateRepository/Operational</Channel>
<Computer>WIN-PTFPHFCRDJ0</Computer>
<Security UserID="S-1-5-18"></Security>
</System>
<EventData><Data Name="ProcessId">3784</Data>
</EventData>
</Event>

<Event xmlns="http://schemas.microsoft.com/win/2004/08/events/event"><System><Provider Name="Microsoft-Windows-StateRepository" Guid="{89592015-d996-4636-8f61-066b5d4dd739}"></Provider>
<EventID Qualifiers="">242</EventID>
<Version>0</Version>
<Level>5</Level>
<Task>1</Task>
<Opcode>0</Opcode>
<Keywords>0x4000000000000001</Keywords>
<TimeCreated SystemTime="2020-10-23 19:07:38.979050"></TimeCreated>
<EventRecordID>71</EventRecordID>
<Correlation ActivityID="" RelatedActivityID=""></Correlation>
<Execution ProcessID="3784" ThreadID="236"></Execution>
<Channel>Microsoft-Windows-StateRepository/Operational</Channel>
<Computer>WIN-PTFPHFCRDJ0</Computer>
<Security UserID="S-1-5-18"></Security>
</System>
<EventData><Data Name="TimeoutMSec">5000</Data>
<Data Name="ElapsedTimeMSec">0</Data>
</EventData>
</Event>

<Event xmlns="http://schemas.microsoft.com/win/2004/08/events/event"><System><Provider Name="Microsoft-Windows-StateRepository" Guid="{89592015-d996-4636-8f61-066b5d4dd739}"></Provider>
<EventID Qualifiers="">243</EventID>
<Version>0</Version>
<Level>5</Level>
<Task>1</Task>
<Opcode>0</Opcode>
<Keywords>0x4000000000000001</Keywords>
<TimeCreated SystemTime="2020-10-23 19:07:38.979050"></TimeCreated>
<EventRecordID>72</EventRecordID>
<Correlation ActivityID="" RelatedActivityID=""></Correlation>
<Execution ProcessID="3784" ThreadID="236"></Execution>
<Channel>Microsoft-Windows-StateRepository/Operational</Channel>
<Computer>WIN-PTFPHFCRDJ0</Computer>
<Security UserID="S-1-5-18"></Security>
</System>
<EventData><Data Name="TimeoutMSec">5000</Data>
<Data Name="ElapsedTimeMSec">0</Data>
</EventData>
</Event>

<Event xmlns="http://schemas.microsoft.com/win/2004/08/events/event"><System><Provider Name="Microsoft-Windows-StateRepository" Guid="{89592015-d996-4636-8f61-066b5d4dd739}"></Provider>
<EventID Qualifiers="">223</EventID>
<Version>0</Version>
<Level>4</Level>
<Task>2</Task>
<Opcode>0</Opcode>
<Keywords>0x4000000000000001</Keywords>
<TimeCreated SystemTime="2020-10-24 21:55:16.886028"></TimeCreated>
<EventRecordID>73</EventRecordID>
<Correlation ActivityID="" RelatedActivityID=""></Correlation>
<Execution ProcessID="3792" ThreadID="3804"></Execution>
<Channel>Microsoft-Windows-StateRepository/Operational</Channel>
<Computer>WIN-PTFPHFCRDJ0</Computer>
<Security UserID="S-1-5-18"></Security>
</System>
<EventData><Data Name="Partition">1</Data>
<Data Name="SchemaVersion">13568</Data>
<Data Name="Filename">C:\ProgramData\Microsoft\Windows\AppRepository\StateRepository-Machine.srd</Data>
</EventData>
</Event>

<Event xmlns="http://schemas.microsoft.com/win/2004/08/events/event"><System><Provider Name="Microsoft-Windows-StateRepository" Guid="{89592015-d996-4636-8f61-066b5d4dd739}"></Provider>
<EventID Qualifiers="">223</EventID>
<Version>0</Version>
<Level>4</Level>
<Task>2</Task>
<Opcode>0</Opcode>
<Keywords>0x4000000000000001</Keywords>
<TimeCreated SystemTime="2020-10-24 21:55:17.054676"></TimeCreated>
<EventRecordID>74</EventRecordID>
<Correlation ActivityID="" RelatedActivityID=""></Correlation>
<Execution ProcessID="3792" ThreadID="3804"></Execution>
<Channel>Microsoft-Windows-StateRepository/Operational</Channel>
<Computer>WIN-PTFPHFCRDJ0</Computer>
<Security UserID="S-1-5-18"></Security>
</System>
<EventData><Data Name="Partition">2</Data>
<Data Name="SchemaVersion">13568</Data>
<Data Name="Filename">C:\ProgramData\Microsoft\Windows\AppRepository\StateRepository-Deployment.srd</Data>
</EventData>
</Event>

<Event xmlns="http://schemas.microsoft.com/win/2004/08/events/event"><System><Provider Name="Microsoft-Windows-StateRepository" Guid="{89592015-d996-4636-8f61-066b5d4dd739}"></Provider>
<EventID Qualifiers="">265</EventID>
<Version>0</Version>
<Level>5</Level>
<Task>2</Task>
<Opcode>0</Opcode>
<Keywords>0x4000200000000001</Keywords>
<TimeCreated SystemTime="2020-10-24 21:55:17.608946"></TimeCreated>
<EventRecordID>75</EventRecordID>
<Correlation ActivityID="" RelatedActivityID=""></Correlation>
<Execution ProcessID="3792" ThreadID="3804"></Execution>
<Channel>Microsoft-Windows-StateRepository/Operational</Channel>
<Computer>WIN-PTFPHFCRDJ0</Computer>
<Security UserID="S-1-5-18"></Security>
</System>
<EventData><Data Name="ErrorCode">0x00000000</Data>
<Data Name="Options">0x00000000</Data>
<Data Name="MachineDatabase_Pages">0</Data>
<Data Name="MachineDatabase_PagesCheckpointed">0</Data>
<Data Name="DeploymentDatabase_Pages">0</Data>
<Data Name="DeploymentDatabase_PagesCheckpointed">0</Data>
</EventData>
</Event>

<Event xmlns="http://schemas.microsoft.com/win/2004/08/events/event"><System><Provider Name="Microsoft-Windows-StateRepository" Guid="{89592015-d996-4636-8f61-066b5d4dd739}"></Provider>
<EventID Qualifiers="">221</EventID>
<Version>0</Version>
<Level>5</Level>
<Task>2</Task>
<Opcode>0</Opcode>
<Keywords>0x4000000000000001</Keywords>
<TimeCreated SystemTime="2020-10-24 21:55:22.881407"></TimeCreated>
<EventRecordID>76</EventRecordID>
<Correlation ActivityID="" RelatedActivityID=""></Correlation>
<Execution ProcessID="3792" ThreadID="3804"></Execution>
<Channel>Microsoft-Windows-StateRepository/Operational</Channel>
<Computer>WIN-PTFPHFCRDJ0</Computer>
<Security UserID="S-1-5-18"></Security>
</System>
<EventData><Data Name="Partition">2</Data>
<Data Name="ProcessId">3792</Data>
</EventData>
</Event>

<Event xmlns="http://schemas.microsoft.com/win/2004/08/events/event"><System><Provider Name="Microsoft-Windows-StateRepository" Guid="{89592015-d996-4636-8f61-066b5d4dd739}"></Provider>
<EventID Qualifiers="">245</EventID>
<Version>0</Version>
<Level>5</Level>
<Task>2</Task>
<Opcode>0</Opcode>
<Keywords>0x4000000000000001</Keywords>
<TimeCreated SystemTime="2020-10-24 21:55:22.900517"></TimeCreated>
<EventRecordID>77</EventRecordID>
<Correlation ActivityID="" RelatedActivityID=""></Correlation>
<Execution ProcessID="3792" ThreadID="3804"></Execution>
<Channel>Microsoft-Windows-StateRepository/Operational</Channel>
<Computer>WIN-PTFPHFCRDJ0</Computer>
<Security UserID="S-1-5-18"></Security>
</System>
<EventData><Data Name="ErrorCode">0x00000000</Data>
</EventData>
</Event>

<Event xmlns="http://schemas.microsoft.com/win/2004/08/events/event"><System><Provider Name="Microsoft-Windows-StateRepository" Guid="{89592015-d996-4636-8f61-066b5d4dd739}"></Provider>
<EventID Qualifiers="">216</EventID>
<Version>0</Version>
<Level>4</Level>
<Task>2</Task>
<Opcode>0</Opcode>
<Keywords>0x4000000000000001</Keywords>
<TimeCreated SystemTime="2020-10-24 21:55:23.074991"></TimeCreated>
<EventRecordID>78</EventRecordID>
<Correlation ActivityID="" RelatedActivityID=""></Correlation>
<Execution ProcessID="3792" ThreadID="3804"></Execution>
<Channel>Microsoft-Windows-StateRepository/Operational</Channel>
<Computer>WIN-PTFPHFCRDJ0</Computer>
<Security UserID="S-1-5-18"></Security>
</System>
<EventData><Data Name="ProcessId">3792</Data>
</EventData>
</Event>

<Event xmlns="http://schemas.microsoft.com/win/2004/08/events/event"><System><Provider Name="Microsoft-Windows-StateRepository" Guid="{89592015-d996-4636-8f61-066b5d4dd739}"></Provider>
<EventID Qualifiers="">231</EventID>
<Version>0</Version>
<Level>5</Level>
<Task>2</Task>
<Opcode>0</Opcode>
<Keywords>0x4000000000000001</Keywords>
<TimeCreated SystemTime="2020-10-24 22:00:07.069761"></TimeCreated>
<EventRecordID>79</EventRecordID>
<Correlation ActivityID="" RelatedActivityID=""></Correlation>
<Execution ProcessID="3792" ThreadID="5068"></Execution>
<Channel>Microsoft-Windows-StateRepository/Operational</Channel>
<Computer>WIN-PTFPHFCRDJ0</Computer>
<Security UserID="S-1-5-18"></Security>
</System>
<EventData><Data Name="Options">0x00000001</Data>
</EventData>
</Event>

<Event xmlns="http://schemas.microsoft.com/win/2004/08/events/event"><System><Provider Name="Microsoft-Windows-StateRepository" Guid="{89592015-d996-4636-8f61-066b5d4dd739}"></Provider>
<EventID Qualifiers="">231</EventID>
<Version>0</Version>
<Level>5</Level>
<Task>2</Task>
<Opcode>0</Opcode>
<Keywords>0x4000000000000001</Keywords>
<TimeCreated SystemTime="2020-10-24 22:08:58.491879"></TimeCreated>
<EventRecordID>80</EventRecordID>
<Correlation ActivityID="" RelatedActivityID=""></Correlation>
<Execution ProcessID="3792" ThreadID="220"></Execution>
<Channel>Microsoft-Windows-StateRepository/Operational</Channel>
<Computer>WIN-PTFPHFCRDJ0</Computer>
<Security UserID="S-1-5-18"></Security>
</System>
<EventData><Data Name="Options">0x00000001</Data>
</EventData>
</Event>

<Event xmlns="http://schemas.microsoft.com/win/2004/08/events/event"><System><Provider Name="Microsoft-Windows-StateRepository" Guid="{89592015-d996-4636-8f61-066b5d4dd739}"></Provider>
<EventID Qualifiers="">223</EventID>
<Version>0</Version>
<Level>4</Level>
<Task>2</Task>
<Opcode>0</Opcode>
<Keywords>0x4000000000000001</Keywords>
<TimeCreated SystemTime="2020-10-24 22:20:54.155331"></TimeCreated>
<EventRecordID>81</EventRecordID>
<Correlation ActivityID="" RelatedActivityID=""></Correlation>
<Execution ProcessID="3744" ThreadID="3756"></Execution>
<Channel>Microsoft-Windows-StateRepository/Operational</Channel>
<Computer>WIN-PTFPHFCRDJ0</Computer>
<Security UserID="S-1-5-18"></Security>
</System>
<EventData><Data Name="Partition">1</Data>
<Data Name="SchemaVersion">13568</Data>
<Data Name="Filename">C:\ProgramData\Microsoft\Windows\AppRepository\StateRepository-Machine.srd</Data>
</EventData>
</Event>

<Event xmlns="http://schemas.microsoft.com/win/2004/08/events/event"><System><Provider Name="Microsoft-Windows-StateRepository" Guid="{89592015-d996-4636-8f61-066b5d4dd739}"></Provider>
<EventID Qualifiers="">105</EventID>
<Version>0</Version>
<Level>4</Level>
<Task>1</Task>
<Opcode>0</Opcode>
<Keywords>0x4000000000000001</Keywords>
<TimeCreated SystemTime="2020-10-24 22:20:54.378923"></TimeCreated>
<EventRecordID>82</EventRecordID>
<Correlation ActivityID="" RelatedActivityID=""></Correlation>
<Execution ProcessID="3744" ThreadID="3756"></Execution>
<Channel>Microsoft-Windows-StateRepository/Operational</Channel>
<Computer>WIN-PTFPHFCRDJ0</Computer>
<Security UserID="S-1-5-18"></Security>
</System>
<EventData><Data Name="ErrorCode">0x0000011b</Data>
<Data Name="SQL">recovered 1 frames from WAL file C:\ProgramData\Microsoft\Windows\AppRepository\StateRepository-Deployment.srd-wal</Data>
</EventData>
</Event>

<Event xmlns="http://schemas.microsoft.com/win/2004/08/events/event"><System><Provider Name="Microsoft-Windows-StateRepository" Guid="{89592015-d996-4636-8f61-066b5d4dd739}"></Provider>
<EventID Qualifiers="">223</EventID>
<Version>0</Version>
<Level>4</Level>
<Task>2</Task>
<Opcode>0</Opcode>
<Keywords>0x4000000000000001</Keywords>
<TimeCreated SystemTime="2020-10-24 22:20:54.380409"></TimeCreated>
<EventRecordID>83</EventRecordID>
<Correlation ActivityID="" RelatedActivityID=""></Correlation>
<Execution ProcessID="3744" ThreadID="3756"></Execution>
<Channel>Microsoft-Windows-StateRepository/Operational</Channel>
<Computer>WIN-PTFPHFCRDJ0</Computer>
<Security UserID="S-1-5-18"></Security>
</System>
<EventData><Data Name="Partition">2</Data>
<Data Name="SchemaVersion">13568</Data>
<Data Name="Filename">C:\ProgramData\Microsoft\Windows\AppRepository\StateRepository-Deployment.srd</Data>
</EventData>
</Event>

<Event xmlns="http://schemas.microsoft.com/win/2004/08/events/event"><System><Provider Name="Microsoft-Windows-StateRepository" Guid="{89592015-d996-4636-8f61-066b5d4dd739}"></Provider>
<EventID Qualifiers="">105</EventID>
<Version>0</Version>
<Level>4</Level>
<Task>1</Task>
<Opcode>0</Opcode>
<Keywords>0x4000000000000001</Keywords>
<TimeCreated SystemTime="2020-10-24 22:20:54.384026"></TimeCreated>
<EventRecordID>84</EventRecordID>
<Correlation ActivityID="" RelatedActivityID=""></Correlation>
<Execution ProcessID="3744" ThreadID="3756"></Execution>
<Channel>Microsoft-Windows-StateRepository/Operational</Channel>
<Computer>WIN-PTFPHFCRDJ0</Computer>
<Security UserID="S-1-5-18"></Security>
</System>
<EventData><Data Name="ErrorCode">0x0000011b</Data>
<Data Name="SQL">recovered 1 frames from WAL file C:\ProgramData\Microsoft\Windows\AppRepository\StateRepository-Deployment.srd-wal</Data>
</EventData>
</Event>

<Event xmlns="http://schemas.microsoft.com/win/2004/08/events/event"><System><Provider Name="Microsoft-Windows-StateRepository" Guid="{89592015-d996-4636-8f61-066b5d4dd739}"></Provider>
<EventID Qualifiers="">221</EventID>
<Version>0</Version>
<Level>5</Level>
<Task>2</Task>
<Opcode>0</Opcode>
<Keywords>0x4000000000000001</Keywords>
<TimeCreated SystemTime="2020-10-24 22:20:58.008482"></TimeCreated>
<EventRecordID>85</EventRecordID>
<Correlation ActivityID="" RelatedActivityID=""></Correlation>
<Execution ProcessID="3744" ThreadID="3756"></Execution>
<Channel>Microsoft-Windows-StateRepository/Operational</Channel>
<Computer>WIN-PTFPHFCRDJ0</Computer>
<Security UserID="S-1-5-18"></Security>
</System>
<EventData><Data Name="Partition">2</Data>
<Data Name="ProcessId">3744</Data>
</EventData>
</Event>

<Event xmlns="http://schemas.microsoft.com/win/2004/08/events/event"><System><Provider Name="Microsoft-Windows-StateRepository" Guid="{89592015-d996-4636-8f61-066b5d4dd739}"></Provider>
<EventID Qualifiers="">245</EventID>
<Version>0</Version>
<Level>5</Level>
<Task>2</Task>
<Opcode>0</Opcode>
<Keywords>0x4000000000000001</Keywords>
<TimeCreated SystemTime="2020-10-24 22:20:58.011406"></TimeCreated>
<EventRecordID>86</EventRecordID>
<Correlation ActivityID="" RelatedActivityID=""></Correlation>
<Execution ProcessID="3744" ThreadID="3756"></Execution>
<Channel>Microsoft-Windows-StateRepository/Operational</Channel>
<Computer>WIN-PTFPHFCRDJ0</Computer>
<Security UserID="S-1-5-18"></Security>
</System>
<EventData><Data Name="ErrorCode">0x00000000</Data>
</EventData>
</Event>

<Event xmlns="http://schemas.microsoft.com/win/2004/08/events/event"><System><Provider Name="Microsoft-Windows-StateRepository" Guid="{89592015-d996-4636-8f61-066b5d4dd739}"></Provider>
<EventID Qualifiers="">216</EventID>
<Version>0</Version>
<Level>4</Level>
<Task>2</Task>
<Opcode>0</Opcode>
<Keywords>0x4000000000000001</Keywords>
<TimeCreated SystemTime="2020-10-24 22:20:58.315813"></TimeCreated>
<EventRecordID>87</EventRecordID>
<Correlation ActivityID="" RelatedActivityID=""></Correlation>
<Execution ProcessID="3744" ThreadID="3756"></Execution>
<Channel>Microsoft-Windows-StateRepository/Operational</Channel>
<Computer>WIN-PTFPHFCRDJ0</Computer>
<Security UserID="S-1-5-18"></Security>
</System>
<EventData><Data Name="ProcessId">3744</Data>
</EventData>
</Event>

<Event xmlns="http://schemas.microsoft.com/win/2004/08/events/event"><System><Provider Name="Microsoft-Windows-StateRepository" Guid="{89592015-d996-4636-8f61-066b5d4dd739}"></Provider>
<EventID Qualifiers="">231</EventID>
<Version>0</Version>
<Level>5</Level>
<Task>2</Task>
<Opcode>0</Opcode>
<Keywords>0x4000000000000001</Keywords>
<TimeCreated SystemTime="2020-10-24 22:29:30.629351"></TimeCreated>
<EventRecordID>88</EventRecordID>
<Correlation ActivityID="" RelatedActivityID=""></Correlation>
<Execution ProcessID="3744" ThreadID="3192"></Execution>
<Channel>Microsoft-Windows-StateRepository/Operational</Channel>
<Computer>WIN-PTFPHFCRDJ0</Computer>
<Security UserID="S-1-5-18"></Security>
</System>
<EventData><Data Name="Options">0x00000001</Data>
</EventData>
</Event>

<Event xmlns="http://schemas.microsoft.com/win/2004/08/events/event"><System><Provider Name="Microsoft-Windows-StateRepository" Guid="{89592015-d996-4636-8f61-066b5d4dd739}"></Provider>
<EventID Qualifiers="">242</EventID>
<Version>0</Version>
<Level>5</Level>
<Task>1</Task>
<Opcode>0</Opcode>
<Keywords>0x4000000000000001</Keywords>
<TimeCreated SystemTime="2020-10-24 23:18:14.723145"></TimeCreated>
<EventRecordID>89</EventRecordID>
<Correlation ActivityID="" RelatedActivityID=""></Correlation>
<Execution ProcessID="3744" ThreadID="4540"></Execution>
<Channel>Microsoft-Windows-StateRepository/Operational</Channel>
<Computer>WIN-PTFPHFCRDJ0</Computer>
<Security UserID="S-1-5-18"></Security>
</System>
<EventData><Data Name="TimeoutMSec">5000</Data>
<Data Name="ElapsedTimeMSec">0</Data>
</EventData>
</Event>

<Event xmlns="http://schemas.microsoft.com/win/2004/08/events/event"><System><Provider Name="Microsoft-Windows-StateRepository" Guid="{89592015-d996-4636-8f61-066b5d4dd739}"></Provider>
<EventID Qualifiers="">243</EventID>
<Version>0</Version>
<Level>5</Level>
<Task>1</Task>
<Opcode>0</Opcode>
<Keywords>0x4000000000000001</Keywords>
<TimeCreated SystemTime="2020-10-24 23:18:14.723148"></TimeCreated>
<EventRecordID>90</EventRecordID>
<Correlation ActivityID="" RelatedActivityID=""></Correlation>
<Execution ProcessID="3744" ThreadID="4540"></Execution>
<Channel>Microsoft-Windows-StateRepository/Operational</Channel>
<Computer>WIN-PTFPHFCRDJ0</Computer>
<Security UserID="S-1-5-18"></Security>
</System>
<EventData><Data Name="TimeoutMSec">5000</Data>
<Data Name="ElapsedTimeMSec">0</Data>
</EventData>
</Event>

<Event xmlns="http://schemas.microsoft.com/win/2004/08/events/event"><System><Provider Name="Microsoft-Windows-StateRepository" Guid="{89592015-d996-4636-8f61-066b5d4dd739}"></Provider>
<EventID Qualifiers="">223</EventID>
<Version>0</Version>
<Level>4</Level>
<Task>2</Task>
<Opcode>0</Opcode>
<Keywords>0x4000000000000001</Keywords>
<TimeCreated SystemTime="2020-10-26 11:59:02.305281"></TimeCreated>
<EventRecordID>91</EventRecordID>
<Correlation ActivityID="" RelatedActivityID=""></Correlation>
<Execution ProcessID="4032" ThreadID="4044"></Execution>
<Channel>Microsoft-Windows-StateRepository/Operational</Channel>
<Computer>WIN-PTFPHFCRDJ0</Computer>
<Security UserID="S-1-5-18"></Security>
</System>
<EventData><Data Name="Partition">1</Data>
<Data Name="SchemaVersion">13568</Data>
<Data Name="Filename">C:\ProgramData\Microsoft\Windows\AppRepository\StateRepository-Machine.srd</Data>
</EventData>
</Event>

<Event xmlns="http://schemas.microsoft.com/win/2004/08/events/event"><System><Provider Name="Microsoft-Windows-StateRepository" Guid="{89592015-d996-4636-8f61-066b5d4dd739}"></Provider>
<EventID Qualifiers="">223</EventID>
<Version>0</Version>
<Level>4</Level>
<Task>2</Task>
<Opcode>0</Opcode>
<Keywords>0x4000000000000001</Keywords>
<TimeCreated SystemTime="2020-10-26 11:59:02.519518"></TimeCreated>
<EventRecordID>92</EventRecordID>
<Correlation ActivityID="" RelatedActivityID=""></Correlation>
<Execution ProcessID="4032" ThreadID="4044"></Execution>
<Channel>Microsoft-Windows-StateRepository/Operational</Channel>
<Computer>WIN-PTFPHFCRDJ0</Computer>
<Security UserID="S-1-5-18"></Security>
</System>
<EventData><Data Name="Partition">2</Data>
<Data Name="SchemaVersion">13568</Data>
<Data Name="Filename">C:\ProgramData\Microsoft\Windows\AppRepository\StateRepository-Deployment.srd</Data>
</EventData>
</Event>

<Event xmlns="http://schemas.microsoft.com/win/2004/08/events/event"><System><Provider Name="Microsoft-Windows-StateRepository" Guid="{89592015-d996-4636-8f61-066b5d4dd739}"></Provider>
<EventID Qualifiers="">265</EventID>
<Version>0</Version>
<Level>5</Level>
<Task>2</Task>
<Opcode>0</Opcode>
<Keywords>0x4000200000000001</Keywords>
<TimeCreated SystemTime="2020-10-26 11:59:03.642666"></TimeCreated>
<EventRecordID>93</EventRecordID>
<Correlation ActivityID="" RelatedActivityID=""></Correlation>
<Execution ProcessID="4032" ThreadID="4044"></Execution>
<Channel>Microsoft-Windows-StateRepository/Operational</Channel>
<Computer>WIN-PTFPHFCRDJ0</Computer>
<Security UserID="S-1-5-18"></Security>
</System>
<EventData><Data Name="ErrorCode">0x00000000</Data>
<Data Name="Options">0x00000000</Data>
<Data Name="MachineDatabase_Pages">0</Data>
<Data Name="MachineDatabase_PagesCheckpointed">0</Data>
<Data Name="DeploymentDatabase_Pages">0</Data>
<Data Name="DeploymentDatabase_PagesCheckpointed">0</Data>
</EventData>
</Event>

<Event xmlns="http://schemas.microsoft.com/win/2004/08/events/event"><System><Provider Name="Microsoft-Windows-StateRepository" Guid="{89592015-d996-4636-8f61-066b5d4dd739}"></Provider>
<EventID Qualifiers="">221</EventID>
<Version>0</Version>
<Level>5</Level>
<Task>2</Task>
<Opcode>0</Opcode>
<Keywords>0x4000000000000001</Keywords>
<TimeCreated SystemTime="2020-10-26 11:59:10.836946"></TimeCreated>
<EventRecordID>94</EventRecordID>
<Correlation ActivityID="" RelatedActivityID=""></Correlation>
<Execution ProcessID="4032" ThreadID="4044"></Execution>
<Channel>Microsoft-Windows-StateRepository/Operational</Channel>
<Computer>WIN-PTFPHFCRDJ0</Computer>
<Security UserID="S-1-5-18"></Security>
</System>
<EventData><Data Name="Partition">2</Data>
<Data Name="ProcessId">4032</Data>
</EventData>
</Event>

<Event xmlns="http://schemas.microsoft.com/win/2004/08/events/event"><System><Provider Name="Microsoft-Windows-StateRepository" Guid="{89592015-d996-4636-8f61-066b5d4dd739}"></Provider>
<EventID Qualifiers="">245</EventID>
<Version>0</Version>
<Level>5</Level>
<Task>2</Task>
<Opcode>0</Opcode>
<Keywords>0x4000000000000001</Keywords>
<TimeCreated SystemTime="2020-10-26 11:59:10.885605"></TimeCreated>
<EventRecordID>95</EventRecordID>
<Correlation ActivityID="" RelatedActivityID=""></Correlation>
<Execution ProcessID="4032" ThreadID="4044"></Execution>
<Channel>Microsoft-Windows-StateRepository/Operational</Channel>
<Computer>WIN-PTFPHFCRDJ0</Computer>
<Security UserID="S-1-5-18"></Security>
</System>
<EventData><Data Name="ErrorCode">0x00000000</Data>
</EventData>
</Event>

<Event xmlns="http://schemas.microsoft.com/win/2004/08/events/event"><System><Provider Name="Microsoft-Windows-StateRepository" Guid="{89592015-d996-4636-8f61-066b5d4dd739}"></Provider>
<EventID Qualifiers="">216</EventID>
<Version>0</Version>
<Level>4</Level>
<Task>2</Task>
<Opcode>0</Opcode>
<Keywords>0x4000000000000001</Keywords>
<TimeCreated SystemTime="2020-10-26 11:59:11.255863"></TimeCreated>
<EventRecordID>96</EventRecordID>
<Correlation ActivityID="" RelatedActivityID=""></Correlation>
<Execution ProcessID="4032" ThreadID="4044"></Execution>
<Channel>Microsoft-Windows-StateRepository/Operational</Channel>
<Computer>WIN-PTFPHFCRDJ0</Computer>
<Security UserID="S-1-5-18"></Security>
</System>
<EventData><Data Name="ProcessId">4032</Data>
</EventData>
</Event>

<Event xmlns="http://schemas.microsoft.com/win/2004/08/events/event"><System><Provider Name="Microsoft-Windows-StateRepository" Guid="{89592015-d996-4636-8f61-066b5d4dd739}"></Provider>
<EventID Qualifiers="">231</EventID>
<Version>0</Version>
<Level>5</Level>
<Task>2</Task>
<Opcode>0</Opcode>
<Keywords>0x4000000000000001</Keywords>
<TimeCreated SystemTime="2020-10-26 12:09:09.522467"></TimeCreated>
<EventRecordID>97</EventRecordID>
<Correlation ActivityID="" RelatedActivityID=""></Correlation>
<Execution ProcessID="4032" ThreadID="568"></Execution>
<Channel>Microsoft-Windows-StateRepository/Operational</Channel>
<Computer>WIN-PTFPHFCRDJ0</Computer>
<Security UserID="S-1-5-18"></Security>
</System>
<EventData><Data Name="Options">0x00000001</Data>
</EventData>
</Event>

<Event xmlns="http://schemas.microsoft.com/win/2004/08/events/event"><System><Provider Name="Microsoft-Windows-StateRepository" Guid="{89592015-d996-4636-8f61-066b5d4dd739}"></Provider>
<EventID Qualifiers="">242</EventID>
<Version>0</Version>
<Level>5</Level>
<Task>1</Task>
<Opcode>0</Opcode>
<Keywords>0x4000000000000001</Keywords>
<TimeCreated SystemTime="2020-10-26 12:10:09.594725"></TimeCreated>
<EventRecordID>98</EventRecordID>
<Correlation ActivityID="" RelatedActivityID=""></Correlation>
<Execution ProcessID="4032" ThreadID="1336"></Execution>
<Channel>Microsoft-Windows-StateRepository/Operational</Channel>
<Computer>WIN-PTFPHFCRDJ0</Computer>
<Security UserID="S-1-5-18"></Security>
</System>
<EventData><Data Name="TimeoutMSec">5000</Data>
<Data Name="ElapsedTimeMSec">0</Data>
</EventData>
</Event>

<Event xmlns="http://schemas.microsoft.com/win/2004/08/events/event"><System><Provider Name="Microsoft-Windows-StateRepository" Guid="{89592015-d996-4636-8f61-066b5d4dd739}"></Provider>
<EventID Qualifiers="">243</EventID>
<Version>0</Version>
<Level>5</Level>
<Task>1</Task>
<Opcode>0</Opcode>
<Keywords>0x4000000000000001</Keywords>
<TimeCreated SystemTime="2020-10-26 12:10:09.594727"></TimeCreated>
<EventRecordID>99</EventRecordID>
<Correlation ActivityID="" RelatedActivityID=""></Correlation>
<Execution ProcessID="4032" ThreadID="1336"></Execution>
<Channel>Microsoft-Windows-StateRepository/Operational</Channel>
<Computer>WIN-PTFPHFCRDJ0</Computer>
<Security UserID="S-1-5-18"></Security>
</System>
<EventData><Data Name="TimeoutMSec">5000</Data>
<Data Name="ElapsedTimeMSec">0</Data>
</EventData>
</Event>

<Event xmlns="http://schemas.microsoft.com/win/2004/08/events/event"><System><Provider Name="Microsoft-Windows-StateRepository" Guid="{89592015-d996-4636-8f61-066b5d4dd739}"></Provider>
<EventID Qualifiers="">223</EventID>
<Version>0</Version>
<Level>4</Level>
<Task>2</Task>
<Opcode>0</Opcode>
<Keywords>0x4000000000000001</Keywords>
<TimeCreated SystemTime="2020-10-26 12:10:34.833160"></TimeCreated>
<EventRecordID>100</EventRecordID>
<Correlation ActivityID="" RelatedActivityID=""></Correlation>
<Execution ProcessID="2332" ThreadID="3984"></Execution>
<Channel>Microsoft-Windows-StateRepository/Operational</Channel>
<Computer>WIN-PTFPHFCRDJ0</Computer>
<Security UserID="S-1-5-18"></Security>
</System>
<EventData><Data Name="Partition">1</Data>
<Data Name="SchemaVersion">13568</Data>
<Data Name="Filename">C:\ProgramData\Microsoft\Windows\AppRepository\StateRepository-Machine.srd</Data>
</EventData>
</Event>

<Event xmlns="http://schemas.microsoft.com/win/2004/08/events/event"><System><Provider Name="Microsoft-Windows-StateRepository" Guid="{89592015-d996-4636-8f61-066b5d4dd739}"></Provider>
<EventID Qualifiers="">223</EventID>
<Version>0</Version>
<Level>4</Level>
<Task>2</Task>
<Opcode>0</Opcode>
<Keywords>0x4000000000000001</Keywords>
<TimeCreated SystemTime="2020-10-26 12:10:34.834202"></TimeCreated>
<EventRecordID>101</EventRecordID>
<Correlation ActivityID="" RelatedActivityID=""></Correlation>
<Execution ProcessID="2332" ThreadID="3984"></Execution>
<Channel>Microsoft-Windows-StateRepository/Operational</Channel>
<Computer>WIN-PTFPHFCRDJ0</Computer>
<Security UserID="S-1-5-18"></Security>
</System>
<EventData><Data Name="Partition">2</Data>
<Data Name="SchemaVersion">13568</Data>
<Data Name="Filename">C:\ProgramData\Microsoft\Windows\AppRepository\StateRepository-Deployment.srd</Data>
</EventData>
</Event>

<Event xmlns="http://schemas.microsoft.com/win/2004/08/events/event"><System><Provider Name="Microsoft-Windows-StateRepository" Guid="{89592015-d996-4636-8f61-066b5d4dd739}"></Provider>
<EventID Qualifiers="">221</EventID>
<Version>0</Version>
<Level>5</Level>
<Task>2</Task>
<Opcode>0</Opcode>
<Keywords>0x4000000000000001</Keywords>
<TimeCreated SystemTime="2020-10-26 12:10:34.843122"></TimeCreated>
<EventRecordID>102</EventRecordID>
<Correlation ActivityID="" RelatedActivityID=""></Correlation>
<Execution ProcessID="2332" ThreadID="3984"></Execution>
<Channel>Microsoft-Windows-StateRepository/Operational</Channel>
<Computer>WIN-PTFPHFCRDJ0</Computer>
<Security UserID="S-1-5-18"></Security>
</System>
<EventData><Data Name="Partition">2</Data>
<Data Name="ProcessId">2332</Data>
</EventData>
</Event>

<Event xmlns="http://schemas.microsoft.com/win/2004/08/events/event"><System><Provider Name="Microsoft-Windows-StateRepository" Guid="{89592015-d996-4636-8f61-066b5d4dd739}"></Provider>
<EventID Qualifiers="">245</EventID>
<Version>0</Version>
<Level>5</Level>
<Task>2</Task>
<Opcode>0</Opcode>
<Keywords>0x4000000000000001</Keywords>
<TimeCreated SystemTime="2020-10-26 12:10:34.844389"></TimeCreated>
<EventRecordID>103</EventRecordID>
<Correlation ActivityID="" RelatedActivityID=""></Correlation>
<Execution ProcessID="2332" ThreadID="3984"></Execution>
<Channel>Microsoft-Windows-StateRepository/Operational</Channel>
<Computer>WIN-PTFPHFCRDJ0</Computer>
<Security UserID="S-1-5-18"></Security>
</System>
<EventData><Data Name="ErrorCode">0x00000000</Data>
</EventData>
</Event>

<Event xmlns="http://schemas.microsoft.com/win/2004/08/events/event"><System><Provider Name="Microsoft-Windows-StateRepository" Guid="{89592015-d996-4636-8f61-066b5d4dd739}"></Provider>
<EventID Qualifiers="">216</EventID>
<Version>0</Version>
<Level>4</Level>
<Task>2</Task>
<Opcode>0</Opcode>
<Keywords>0x4000000000000001</Keywords>
<TimeCreated SystemTime="2020-10-26 12:10:34.858358"></TimeCreated>
<EventRecordID>104</EventRecordID>
<Correlation ActivityID="" RelatedActivityID=""></Correlation>
<Execution ProcessID="2332" ThreadID="3984"></Execution>
<Channel>Microsoft-Windows-StateRepository/Operational</Channel>
<Computer>WIN-PTFPHFCRDJ0</Computer>
<Security UserID="S-1-5-18"></Security>
</System>
<EventData><Data Name="ProcessId">2332</Data>
</EventData>
</Event>

<Event xmlns="http://schemas.microsoft.com/win/2004/08/events/event"><System><Provider Name="Microsoft-Windows-StateRepository" Guid="{89592015-d996-4636-8f61-066b5d4dd739}"></Provider>
<EventID Qualifiers="">231</EventID>
<Version>0</Version>
<Level>5</Level>
<Task>2</Task>
<Opcode>0</Opcode>
<Keywords>0x4000000000000001</Keywords>
<TimeCreated SystemTime="2020-10-26 14:03:06.050846"></TimeCreated>
<EventRecordID>105</EventRecordID>
<Correlation ActivityID="" RelatedActivityID=""></Correlation>
<Execution ProcessID="2332" ThreadID="3444"></Execution>
<Channel>Microsoft-Windows-StateRepository/Operational</Channel>
<Computer>WIN-PTFPHFCRDJ0</Computer>
<Security UserID="S-1-5-18"></Security>
</System>
<EventData><Data Name="Options">0x00000001</Data>
</EventData>
</Event>

<Event xmlns="http://schemas.microsoft.com/win/2004/08/events/event"><System><Provider Name="Microsoft-Windows-StateRepository" Guid="{89592015-d996-4636-8f61-066b5d4dd739}"></Provider>
<EventID Qualifiers="">242</EventID>
<Version>0</Version>
<Level>5</Level>
<Task>1</Task>
<Opcode>0</Opcode>
<Keywords>0x4000000000000001</Keywords>
<TimeCreated SystemTime="2020-10-26 14:36:21.608408"></TimeCreated>
<EventRecordID>106</EventRecordID>
<Correlation ActivityID="" RelatedActivityID=""></Correlation>
<Execution ProcessID="2332" ThreadID="1796"></Execution>
<Channel>Microsoft-Windows-StateRepository/Operational</Channel>
<Computer>WIN-PTFPHFCRDJ0</Computer>
<Security UserID="S-1-5-18"></Security>
</System>
<EventData><Data Name="TimeoutMSec">5000</Data>
<Data Name="ElapsedTimeMSec">0</Data>
</EventData>
</Event>

<Event xmlns="http://schemas.microsoft.com/win/2004/08/events/event"><System><Provider Name="Microsoft-Windows-StateRepository" Guid="{89592015-d996-4636-8f61-066b5d4dd739}"></Provider>
<EventID Qualifiers="">243</EventID>
<Version>0</Version>
<Level>5</Level>
<Task>1</Task>
<Opcode>0</Opcode>
<Keywords>0x4000000000000001</Keywords>
<TimeCreated SystemTime="2020-10-26 14:36:21.608410"></TimeCreated>
<EventRecordID>107</EventRecordID>
<Correlation ActivityID="" RelatedActivityID=""></Correlation>
<Execution ProcessID="2332" ThreadID="1796"></Execution>
<Channel>Microsoft-Windows-StateRepository/Operational</Channel>
<Computer>WIN-PTFPHFCRDJ0</Computer>
<Security UserID="S-1-5-18"></Security>
</System>
<EventData><Data Name="TimeoutMSec">5000</Data>
<Data Name="ElapsedTimeMSec">0</Data>
</EventData>
</Event>

<Event xmlns="http://schemas.microsoft.com/win/2004/08/events/event"><System><Provider Name="Microsoft-Windows-StateRepository" Guid="{89592015-d996-4636-8f61-066b5d4dd739}"></Provider>
<EventID Qualifiers="">223</EventID>
<Version>0</Version>
<Level>4</Level>
<Task>2</Task>
<Opcode>0</Opcode>
<Keywords>0x4000000000000001</Keywords>
<TimeCreated SystemTime="2020-10-26 15:19:46.672861"></TimeCreated>
<EventRecordID>108</EventRecordID>
<Correlation ActivityID="" RelatedActivityID=""></Correlation>
<Execution ProcessID="2732" ThreadID="4056"></Execution>
<Channel>Microsoft-Windows-StateRepository/Operational</Channel>
<Computer>WIN-PTFPHFCRDJ0</Computer>
<Security UserID="S-1-5-18"></Security>
</System>
<EventData><Data Name="Partition">1</Data>
<Data Name="SchemaVersion">13568</Data>
<Data Name="Filename">C:\ProgramData\Microsoft\Windows\AppRepository\StateRepository-Machine.srd</Data>
</EventData>
</Event>

<Event xmlns="http://schemas.microsoft.com/win/2004/08/events/event"><System><Provider Name="Microsoft-Windows-StateRepository" Guid="{89592015-d996-4636-8f61-066b5d4dd739}"></Provider>
<EventID Qualifiers="">223</EventID>
<Version>0</Version>
<Level>4</Level>
<Task>2</Task>
<Opcode>0</Opcode>
<Keywords>0x4000000000000001</Keywords>
<TimeCreated SystemTime="2020-10-26 15:19:46.677048"></TimeCreated>
<EventRecordID>109</EventRecordID>
<Correlation ActivityID="" RelatedActivityID=""></Correlation>
<Execution ProcessID="2732" ThreadID="4056"></Execution>
<Channel>Microsoft-Windows-StateRepository/Operational</Channel>
<Computer>WIN-PTFPHFCRDJ0</Computer>
<Security UserID="S-1-5-18"></Security>
</System>
<EventData><Data Name="Partition">2</Data>
<Data Name="SchemaVersion">13568</Data>
<Data Name="Filename">C:\ProgramData\Microsoft\Windows\AppRepository\StateRepository-Deployment.srd</Data>
</EventData>
</Event>

<Event xmlns="http://schemas.microsoft.com/win/2004/08/events/event"><System><Provider Name="Microsoft-Windows-StateRepository" Guid="{89592015-d996-4636-8f61-066b5d4dd739}"></Provider>
<EventID Qualifiers="">221</EventID>
<Version>0</Version>
<Level>5</Level>
<Task>2</Task>
<Opcode>0</Opcode>
<Keywords>0x4000000000000001</Keywords>
<TimeCreated SystemTime="2020-10-26 15:19:47.067619"></TimeCreated>
<EventRecordID>110</EventRecordID>
<Correlation ActivityID="" RelatedActivityID=""></Correlation>
<Execution ProcessID="2732" ThreadID="4056"></Execution>
<Channel>Microsoft-Windows-StateRepository/Operational</Channel>
<Computer>WIN-PTFPHFCRDJ0</Computer>
<Security UserID="S-1-5-18"></Security>
</System>
<EventData><Data Name="Partition">2</Data>
<Data Name="ProcessId">2732</Data>
</EventData>
</Event>

<Event xmlns="http://schemas.microsoft.com/win/2004/08/events/event"><System><Provider Name="Microsoft-Windows-StateRepository" Guid="{89592015-d996-4636-8f61-066b5d4dd739}"></Provider>
<EventID Qualifiers="">245</EventID>
<Version>0</Version>
<Level>5</Level>
<Task>2</Task>
<Opcode>0</Opcode>
<Keywords>0x4000000000000001</Keywords>
<TimeCreated SystemTime="2020-10-26 15:19:47.085693"></TimeCreated>
<EventRecordID>111</EventRecordID>
<Correlation ActivityID="" RelatedActivityID=""></Correlation>
<Execution ProcessID="2732" ThreadID="4056"></Execution>
<Channel>Microsoft-Windows-StateRepository/Operational</Channel>
<Computer>WIN-PTFPHFCRDJ0</Computer>
<Security UserID="S-1-5-18"></Security>
</System>
<EventData><Data Name="ErrorCode">0x00000000</Data>
</EventData>
</Event>

<Event xmlns="http://schemas.microsoft.com/win/2004/08/events/event"><System><Provider Name="Microsoft-Windows-StateRepository" Guid="{89592015-d996-4636-8f61-066b5d4dd739}"></Provider>
<EventID Qualifiers="">216</EventID>
<Version>0</Version>
<Level>4</Level>
<Task>2</Task>
<Opcode>0</Opcode>
<Keywords>0x4000000000000001</Keywords>
<TimeCreated SystemTime="2020-10-26 15:19:47.247213"></TimeCreated>
<EventRecordID>112</EventRecordID>
<Correlation ActivityID="" RelatedActivityID=""></Correlation>
<Execution ProcessID="2732" ThreadID="4056"></Execution>
<Channel>Microsoft-Windows-StateRepository/Operational</Channel>
<Computer>WIN-PTFPHFCRDJ0</Computer>
<Security UserID="S-1-5-18"></Security>
</System>
<EventData><Data Name="ProcessId">2732</Data>
</EventData>
</Event>

<Event xmlns="http://schemas.microsoft.com/win/2004/08/events/event"><System><Provider Name="Microsoft-Windows-StateRepository" Guid="{89592015-d996-4636-8f61-066b5d4dd739}"></Provider>
<EventID Qualifiers="">231</EventID>
<Version>0</Version>
<Level>5</Level>
<Task>2</Task>
<Opcode>0</Opcode>
<Keywords>0x4000000000000001</Keywords>
<TimeCreated SystemTime="2020-10-26 15:54:40.771442"></TimeCreated>
<EventRecordID>113</EventRecordID>
<Correlation ActivityID="" RelatedActivityID=""></Correlation>
<Execution ProcessID="2732" ThreadID="3100"></Execution>
<Channel>Microsoft-Windows-StateRepository/Operational</Channel>
<Computer>WIN-PTFPHFCRDJ0</Computer>
<Security UserID="S-1-5-18"></Security>
</System>
<EventData><Data Name="Options">0x00000001</Data>
</EventData>
</Event>

<Event xmlns="http://schemas.microsoft.com/win/2004/08/events/event"><System><Provider Name="Microsoft-Windows-StateRepository" Guid="{89592015-d996-4636-8f61-066b5d4dd739}"></Provider>
<EventID Qualifiers="">242</EventID>
<Version>0</Version>
<Level>5</Level>
<Task>1</Task>
<Opcode>0</Opcode>
<Keywords>0x4000000000000001</Keywords>
<TimeCreated SystemTime="2020-10-26 18:32:51.976604"></TimeCreated>
<EventRecordID>114</EventRecordID>
<Correlation ActivityID="" RelatedActivityID=""></Correlation>
<Execution ProcessID="2732" ThreadID="4880"></Execution>
<Channel>Microsoft-Windows-StateRepository/Operational</Channel>
<Computer>WIN-PTFPHFCRDJ0</Computer>
<Security UserID="S-1-5-18"></Security>
</System>
<EventData><Data Name="TimeoutMSec">5000</Data>
<Data Name="ElapsedTimeMSec">0</Data>
</EventData>
</Event>

<Event xmlns="http://schemas.microsoft.com/win/2004/08/events/event"><System><Provider Name="Microsoft-Windows-StateRepository" Guid="{89592015-d996-4636-8f61-066b5d4dd739}"></Provider>
<EventID Qualifiers="">243</EventID>
<Version>0</Version>
<Level>5</Level>
<Task>1</Task>
<Opcode>0</Opcode>
<Keywords>0x4000000000000001</Keywords>
<TimeCreated SystemTime="2020-10-26 18:32:51.976606"></TimeCreated>
<EventRecordID>115</EventRecordID>
<Correlation ActivityID="" RelatedActivityID=""></Correlation>
<Execution ProcessID="2732" ThreadID="4880"></Execution>
<Channel>Microsoft-Windows-StateRepository/Operational</Channel>
<Computer>WIN-PTFPHFCRDJ0</Computer>
<Security UserID="S-1-5-18"></Security>
</System>
<EventData><Data Name="TimeoutMSec">5000</Data>
<Data Name="ElapsedTimeMSec">0</Data>
</EventData>
</Event>

<Event xmlns="http://schemas.microsoft.com/win/2004/08/events/event"><System><Provider Name="Microsoft-Windows-StateRepository" Guid="{89592015-d996-4636-8f61-066b5d4dd739}"></Provider>
<EventID Qualifiers="">223</EventID>
<Version>0</Version>
<Level>4</Level>
<Task>2</Task>
<Opcode>0</Opcode>
<Keywords>0x4000000000000001</Keywords>
<TimeCreated SystemTime="2020-10-27 02:08:12.411758"></TimeCreated>
<EventRecordID>116</EventRecordID>
<Correlation ActivityID="" RelatedActivityID=""></Correlation>
<Execution ProcessID="3180" ThreadID="1132"></Execution>
<Channel>Microsoft-Windows-StateRepository/Operational</Channel>
<Computer>WIN-PTFPHFCRDJ0</Computer>
<Security UserID="S-1-5-18"></Security>
</System>
<EventData><Data Name="Partition">1</Data>
<Data Name="SchemaVersion">13568</Data>
<Data Name="Filename">C:\ProgramData\Microsoft\Windows\AppRepository\StateRepository-Machine.srd</Data>
</EventData>
</Event>

<Event xmlns="http://schemas.microsoft.com/win/2004/08/events/event"><System><Provider Name="Microsoft-Windows-StateRepository" Guid="{89592015-d996-4636-8f61-066b5d4dd739}"></Provider>
<EventID Qualifiers="">223</EventID>
<Version>0</Version>
<Level>4</Level>
<Task>2</Task>
<Opcode>0</Opcode>
<Keywords>0x4000000000000001</Keywords>
<TimeCreated SystemTime="2020-10-27 02:08:12.416006"></TimeCreated>
<EventRecordID>117</EventRecordID>
<Correlation ActivityID="" RelatedActivityID=""></Correlation>
<Execution ProcessID="3180" ThreadID="1132"></Execution>
<Channel>Microsoft-Windows-StateRepository/Operational</Channel>
<Computer>WIN-PTFPHFCRDJ0</Computer>
<Security UserID="S-1-5-18"></Security>
</System>
<EventData><Data Name="Partition">2</Data>
<Data Name="SchemaVersion">13568</Data>
<Data Name="Filename">C:\ProgramData\Microsoft\Windows\AppRepository\StateRepository-Deployment.srd</Data>
</EventData>
</Event>

