<?xml version="1.1" encoding="utf-8" standalone="yes" ?>

<Events>
<Event xmlns="http://schemas.microsoft.com/win/2004/08/events/event"><System><Provider Name="Microsoft-Windows-MUI" Guid="{a8a1f2f6-a13a-45e9-b1fe-3419569e5ef2}"></Provider>
<EventID Qualifiers="">3000</EventID>
<Version>0</Version>
<Level>4</Level>
<Task>30</Task>
<Opcode>30</Opcode>
<Keywords>0x8000000000000000</Keywords>
<TimeCreated SystemTime="2020-10-22 20:52:04.840683"></TimeCreated>
<EventRecordID>1</EventRecordID>
<Correlation ActivityID="" RelatedActivityID=""></Correlation>
<Execution ProcessID="1148" ThreadID="1172"></Execution>
<Channel>Microsoft-Windows-MUI/Operational</Channel>
<Computer>WIN-PTFPHFCRDJ0</Computer>
<Security UserID="S-1-5-18"></Security>
</System>
<EventData><Data Name="Flags">264</Data>
<Data Name="NewLanguage">(null)</Data>
<Data Name="PrevLanguage">(null)</Data>
<Data Name="ExtendedFlag">0</Data>
</EventData>
</Event>

<Event xmlns="http://schemas.microsoft.com/win/2004/08/events/event"><System><Provider Name="Microsoft-Windows-MUI" Guid="{a8a1f2f6-a13a-45e9-b1fe-3419569e5ef2}"></Provider>
<EventID Qualifiers="">3002</EventID>
<Version>0</Version>
<Level>4</Level>
<Task>30</Task>
<Opcode>31</Opcode>
<Keywords>0x8000000000000000</Keywords>
<TimeCreated SystemTime="2020-10-22 20:52:12.627634"></TimeCreated>
<EventRecordID>2</EventRecordID>
<Correlation ActivityID="" RelatedActivityID=""></Correlation>
<Execution ProcessID="1148" ThreadID="1172"></Execution>
<Channel>Microsoft-Windows-MUI/Operational</Channel>
<Computer>WIN-PTFPHFCRDJ0</Computer>
<Security UserID="S-1-5-18"></Security>
</System>
<EventData><Data Name="FileName">c:\windows\system32\muifontsetup.dll</Data>
<Data Name="FunctionName">OnMachineUILanguageInit</Data>
<Data Name="ReturnValue">0</Data>
</EventData>
</Event>

<Event xmlns="http://schemas.microsoft.com/win/2004/08/events/event"><System><Provider Name="Microsoft-Windows-MUI" Guid="{a8a1f2f6-a13a-45e9-b1fe-3419569e5ef2}"></Provider>
<EventID Qualifiers="">3002</EventID>
<Version>0</Version>
<Level>4</Level>
<Task>30</Task>
<Opcode>31</Opcode>
<Keywords>0x8000000000000000</Keywords>
<TimeCreated SystemTime="2020-10-22 20:52:12.934160"></TimeCreated>
<EventRecordID>3</EventRecordID>
<Correlation ActivityID="" RelatedActivityID=""></Correlation>
<Execution ProcessID="1148" ThreadID="1172"></Execution>
<Channel>Microsoft-Windows-MUI/Operational</Channel>
<Computer>WIN-PTFPHFCRDJ0</Computer>
<Security UserID="S-1-5-18"></Security>
</System>
<EventData><Data Name="FileName">c:\windows\system32\muilanguagecleanup.dll</Data>
<Data Name="FunctionName">OnMachineUILanguageInit</Data>
<Data Name="ReturnValue">0</Data>
</EventData>
</Event>

<Event xmlns="http://schemas.microsoft.com/win/2004/08/events/event"><System><Provider Name="Microsoft-Windows-MUI" Guid="{a8a1f2f6-a13a-45e9-b1fe-3419569e5ef2}"></Provider>
<EventID Qualifiers="">3002</EventID>
<Version>0</Version>
<Level>4</Level>
<Task>30</Task>
<Opcode>31</Opcode>
<Keywords>0x8000000000000000</Keywords>
<TimeCreated SystemTime="2020-10-22 20:52:12.971422"></TimeCreated>
<EventRecordID>4</EventRecordID>
<Correlation ActivityID="" RelatedActivityID=""></Correlation>
<Execution ProcessID="1148" ThreadID="1172"></Execution>
<Channel>Microsoft-Windows-MUI/Operational</Channel>
<Computer>WIN-PTFPHFCRDJ0</Computer>
<Security UserID="S-1-5-18"></Security>
</System>
<EventData><Data Name="FileName">c:\windows\system32\netsetupapi.dll</Data>
<Data Name="FunctionName">OnMachineUILanguageInit</Data>
<Data Name="ReturnValue">0</Data>
</EventData>
</Event>

<Event xmlns="http://schemas.microsoft.com/win/2004/08/events/event"><System><Provider Name="Microsoft-Windows-MUI" Guid="{a8a1f2f6-a13a-45e9-b1fe-3419569e5ef2}"></Provider>
<EventID Qualifiers="">3002</EventID>
<Version>0</Version>
<Level>4</Level>
<Task>30</Task>
<Opcode>31</Opcode>
<Keywords>0x8000000000000000</Keywords>
<TimeCreated SystemTime="2020-10-22 20:52:13.034472"></TimeCreated>
<EventRecordID>5</EventRecordID>
<Correlation ActivityID="" RelatedActivityID=""></Correlation>
<Execution ProcessID="1148" ThreadID="1172"></Execution>
<Channel>Microsoft-Windows-MUI/Operational</Channel>
<Computer>WIN-PTFPHFCRDJ0</Computer>
<Security UserID="S-1-5-18"></Security>
</System>
<EventData><Data Name="FileName">c:\windows\system32\samlib.dll</Data>
<Data Name="FunctionName">OnMachineUILanguageInit</Data>
<Data Name="ReturnValue">0</Data>
</EventData>
</Event>

<Event xmlns="http://schemas.microsoft.com/win/2004/08/events/event"><System><Provider Name="Microsoft-Windows-MUI" Guid="{a8a1f2f6-a13a-45e9-b1fe-3419569e5ef2}"></Provider>
<EventID Qualifiers="">3000</EventID>
<Version>0</Version>
<Level>4</Level>
<Task>30</Task>
<Opcode>30</Opcode>
<Keywords>0x8000000000000000</Keywords>
<TimeCreated SystemTime="2020-10-22 20:52:13.034784"></TimeCreated>
<EventRecordID>6</EventRecordID>
<Correlation ActivityID="" RelatedActivityID=""></Correlation>
<Execution ProcessID="1148" ThreadID="1172"></Execution>
<Channel>Microsoft-Windows-MUI/Operational</Channel>
<Computer>WIN-PTFPHFCRDJ0</Computer>
<Security UserID="S-1-5-18"></Security>
</System>
<EventData><Data Name="Flags">1</Data>
<Data Name="NewLanguage">en-US</Data>
<Data Name="PrevLanguage">en-US</Data>
<Data Name="ExtendedFlag">0</Data>
</EventData>
</Event>

<Event xmlns="http://schemas.microsoft.com/win/2004/08/events/event"><System><Provider Name="Microsoft-Windows-MUI" Guid="{a8a1f2f6-a13a-45e9-b1fe-3419569e5ef2}"></Provider>
<EventID Qualifiers="">3002</EventID>
<Version>0</Version>
<Level>4</Level>
<Task>30</Task>
<Opcode>31</Opcode>
<Keywords>0x8000000000000000</Keywords>
<TimeCreated SystemTime="2020-10-22 20:52:13.055756"></TimeCreated>
<EventRecordID>7</EventRecordID>
<Correlation ActivityID="" RelatedActivityID=""></Correlation>
<Execution ProcessID="1148" ThreadID="1172"></Execution>
<Channel>Microsoft-Windows-MUI/Operational</Channel>
<Computer>WIN-PTFPHFCRDJ0</Computer>
<Security UserID="S-1-5-18"></Security>
</System>
<EventData><Data Name="FileName">c:\windows\system32\setbcdlocale.dll</Data>
<Data Name="FunctionName">OnMachineUILanguageSwitch</Data>
<Data Name="ReturnValue">0</Data>
</EventData>
</Event>

<Event xmlns="http://schemas.microsoft.com/win/2004/08/events/event"><System><Provider Name="Microsoft-Windows-MUI" Guid="{a8a1f2f6-a13a-45e9-b1fe-3419569e5ef2}"></Provider>
<EventID Qualifiers="">3002</EventID>
<Version>0</Version>
<Level>4</Level>
<Task>30</Task>
<Opcode>31</Opcode>
<Keywords>0x8000000000000000</Keywords>
<TimeCreated SystemTime="2020-10-22 20:52:13.084816"></TimeCreated>
<EventRecordID>8</EventRecordID>
<Correlation ActivityID="" RelatedActivityID=""></Correlation>
<Execution ProcessID="1148" ThreadID="1172"></Execution>
<Channel>Microsoft-Windows-MUI/Operational</Channel>
<Computer>WIN-PTFPHFCRDJ0</Computer>
<Security UserID="S-1-5-18"></Security>
</System>
<EventData><Data Name="FileName">c:\windows\system32\muifontsetup.dll</Data>
<Data Name="FunctionName">OnMachineUILanguageSwitch</Data>
<Data Name="ReturnValue">512</Data>
</EventData>
</Event>

<Event xmlns="http://schemas.microsoft.com/win/2004/08/events/event"><System><Provider Name="Microsoft-Windows-MUI" Guid="{a8a1f2f6-a13a-45e9-b1fe-3419569e5ef2}"></Provider>
<EventID Qualifiers="">3002</EventID>
<Version>0</Version>
<Level>4</Level>
<Task>30</Task>
<Opcode>31</Opcode>
<Keywords>0x8000000000000000</Keywords>
<TimeCreated SystemTime="2020-10-22 20:52:13.119194"></TimeCreated>
<EventRecordID>9</EventRecordID>
<Correlation ActivityID="" RelatedActivityID=""></Correlation>
<Execution ProcessID="1148" ThreadID="1172"></Execution>
<Channel>Microsoft-Windows-MUI/Operational</Channel>
<Computer>WIN-PTFPHFCRDJ0</Computer>
<Security UserID="S-1-5-18"></Security>
</System>
<EventData><Data Name="FileName">c:\windows\system32\muilanguagecleanup.dll</Data>
<Data Name="FunctionName">OnMachineUILanguageSwitch</Data>
<Data Name="ReturnValue">0</Data>
</EventData>
</Event>

<Event xmlns="http://schemas.microsoft.com/win/2004/08/events/event"><System><Provider Name="Microsoft-Windows-MUI" Guid="{a8a1f2f6-a13a-45e9-b1fe-3419569e5ef2}"></Provider>
<EventID Qualifiers="">3002</EventID>
<Version>0</Version>
<Level>4</Level>
<Task>30</Task>
<Opcode>31</Opcode>
<Keywords>0x8000000000000000</Keywords>
<TimeCreated SystemTime="2020-10-22 20:52:13.128531"></TimeCreated>
<EventRecordID>10</EventRecordID>
<Correlation ActivityID="" RelatedActivityID=""></Correlation>
<Execution ProcessID="1148" ThreadID="1172"></Execution>
<Channel>Microsoft-Windows-MUI/Operational</Channel>
<Computer>WIN-PTFPHFCRDJ0</Computer>
<Security UserID="S-1-5-18"></Security>
</System>
<EventData><Data Name="FileName">c:\windows\system32\netsetupapi.dll</Data>
<Data Name="FunctionName">OnMachineUILanguageSwitch</Data>
<Data Name="ReturnValue">0</Data>
</EventData>
</Event>

<Event xmlns="http://schemas.microsoft.com/win/2004/08/events/event"><System><Provider Name="Microsoft-Windows-MUI" Guid="{a8a1f2f6-a13a-45e9-b1fe-3419569e5ef2}"></Provider>
<EventID Qualifiers="">3002</EventID>
<Version>0</Version>
<Level>4</Level>
<Task>30</Task>
<Opcode>31</Opcode>
<Keywords>0x8000000000000000</Keywords>
<TimeCreated SystemTime="2020-10-22 20:52:13.237396"></TimeCreated>
<EventRecordID>11</EventRecordID>
<Correlation ActivityID="" RelatedActivityID=""></Correlation>
<Execution ProcessID="1148" ThreadID="1172"></Execution>
<Channel>Microsoft-Windows-MUI/Operational</Channel>
<Computer>WIN-PTFPHFCRDJ0</Computer>
<Security UserID="S-1-5-18"></Security>
</System>
<EventData><Data Name="FileName">c:\windows\system32\timedatemuicallback.dll</Data>
<Data Name="FunctionName">OnMachineUILanguageSwitch</Data>
<Data Name="ReturnValue">0</Data>
</EventData>
</Event>

<Event xmlns="http://schemas.microsoft.com/win/2004/08/events/event"><System><Provider Name="Microsoft-Windows-MUI" Guid="{a8a1f2f6-a13a-45e9-b1fe-3419569e5ef2}"></Provider>
<EventID Qualifiers="">3003</EventID>
<Version>0</Version>
<Level>4</Level>
<Task>31</Task>
<Opcode>30</Opcode>
<Keywords>0x8000000000000000</Keywords>
<TimeCreated SystemTime="2020-10-22 20:52:13.417574"></TimeCreated>
<EventRecordID>12</EventRecordID>
<Correlation ActivityID="" RelatedActivityID=""></Correlation>
<Execution ProcessID="2872" ThreadID="2876"></Execution>
<Channel>Microsoft-Windows-MUI/Operational</Channel>
<Computer>WIN-PTFPHFCRDJ0</Computer>
<Security UserID="S-1-5-18"></Security>
</System>
<EventData><Data Name="Parameter">-s </Data>
</EventData>
</Event>

</Events>
