<Event xmlns="http://schemas.microsoft.com/win/2004/08/events/event"><System><Provider Name="Microsoft-Windows-Shell-Core" Guid="{30336ed4-e327-447c-9de0-51b652c86108}"></Provider>
<EventID Qualifiers="">62170</EventID>
<Version>0</Version>
<Level>4</Level>
<Task>62170</Task>
<Opcode>1</Opcode>
<Keywords>0x2001000200000000</Keywords>
<TimeCreated SystemTime="2020-10-22 20:57:33.083735"></TimeCreated>
<EventRecordID>227</EventRecordID>
<Correlation ActivityID="" RelatedActivityID=""></Correlation>
<Execution ProcessID="3696" ThreadID="3740"></Execution>
<Channel>Microsoft-Windows-Shell-Core/Operational</Channel>
<Computer>WIN-PTFPHFCRDJ0</Computer>
<Security UserID="S-1-5-21-1152959844-3645458174-3779170896-1000"></Security>
</System>
<EventData><Data Name="LogonType">1032</Data>
<Data Name="TaskName">UpdatePCSettingsShellInit</Data>
</EventData>
</Event>

<Event xmlns="http://schemas.microsoft.com/win/2004/08/events/event"><System><Provider Name="Microsoft-Windows-Shell-Core" Guid="{30336ed4-e327-447c-9de0-51b652c86108}"></Provider>
<EventID Qualifiers="">62171</EventID>
<Version>0</Version>
<Level>4</Level>
<Task>62170</Task>
<Opcode>2</Opcode>
<Keywords>0x2001000200000000</Keywords>
<TimeCreated SystemTime="2020-10-22 20:57:33.083755"></TimeCreated>
<EventRecordID>228</EventRecordID>
<Correlation ActivityID="" RelatedActivityID=""></Correlation>
<Execution ProcessID="3696" ThreadID="3740"></Execution>
<Channel>Microsoft-Windows-Shell-Core/Operational</Channel>
<Computer>WIN-PTFPHFCRDJ0</Computer>
<Security UserID="S-1-5-21-1152959844-3645458174-3779170896-1000"></Security>
</System>
<EventData><Data Name="LogonType">1032</Data>
<Data Name="TaskName">UpdatePCSettingsShellInit</Data>
</EventData>
</Event>

<Event xmlns="http://schemas.microsoft.com/win/2004/08/events/event"><System><Provider Name="Microsoft-Windows-Shell-Core" Guid="{30336ed4-e327-447c-9de0-51b652c86108}"></Provider>
<EventID Qualifiers="">62171</EventID>
<Version>0</Version>
<Level>4</Level>
<Task>62170</Task>
<Opcode>2</Opcode>
<Keywords>0x2001000200000000</Keywords>
<TimeCreated SystemTime="2020-10-22 20:57:33.083780"></TimeCreated>
<EventRecordID>229</EventRecordID>
<Correlation ActivityID="" RelatedActivityID=""></Correlation>
<Execution ProcessID="3696" ThreadID="3740"></Execution>
<Channel>Microsoft-Windows-Shell-Core/Operational</Channel>
<Computer>WIN-PTFPHFCRDJ0</Computer>
<Security UserID="S-1-5-21-1152959844-3645458174-3779170896-1000"></Security>
</System>
<EventData><Data Name="LogonType">1032</Data>
<Data Name="TaskName">AppReadinessLogonGroup</Data>
</EventData>
</Event>

<Event xmlns="http://schemas.microsoft.com/win/2004/08/events/event"><System><Provider Name="Microsoft-Windows-Shell-Core" Guid="{30336ed4-e327-447c-9de0-51b652c86108}"></Provider>
<EventID Qualifiers="">62171</EventID>
<Version>0</Version>
<Level>4</Level>
<Task>62170</Task>
<Opcode>2</Opcode>
<Keywords>0x2001000200000000</Keywords>
<TimeCreated SystemTime="2020-10-22 20:57:33.083782"></TimeCreated>
<EventRecordID>230</EventRecordID>
<Correlation ActivityID="" RelatedActivityID=""></Correlation>
<Execution ProcessID="3696" ThreadID="3740"></Execution>
<Channel>Microsoft-Windows-Shell-Core/Operational</Channel>
<Computer>WIN-PTFPHFCRDJ0</Computer>
<Security UserID="S-1-5-21-1152959844-3645458174-3779170896-1000"></Security>
</System>
<EventData><Data Name="LogonType">1032</Data>
<Data Name="TaskName">ShellInitTasks</Data>
</EventData>
</Event>

<Event xmlns="http://schemas.microsoft.com/win/2004/08/events/event"><System><Provider Name="Microsoft-Windows-Shell-Core" Guid="{30336ed4-e327-447c-9de0-51b652c86108}"></Provider>
<EventID Qualifiers="">62170</EventID>
<Version>0</Version>
<Level>4</Level>
<Task>62170</Task>
<Opcode>1</Opcode>
<Keywords>0x2001000200000000</Keywords>
<TimeCreated SystemTime="2020-10-22 20:57:33.831377"></TimeCreated>
<EventRecordID>231</EventRecordID>
<Correlation ActivityID="" RelatedActivityID=""></Correlation>
<Execution ProcessID="3696" ThreadID="3740"></Execution>
<Channel>Microsoft-Windows-Shell-Core/Operational</Channel>
<Computer>WIN-PTFPHFCRDJ0</Computer>
<Security UserID="S-1-5-21-1152959844-3645458174-3779170896-1000"></Security>
</System>
<EventData><Data Name="LogonType">1032</Data>
<Data Name="TaskName">PreStartTasks</Data>
</EventData>
</Event>

<Event xmlns="http://schemas.microsoft.com/win/2004/08/events/event"><System><Provider Name="Microsoft-Windows-Shell-Core" Guid="{30336ed4-e327-447c-9de0-51b652c86108}"></Provider>
<EventID Qualifiers="">62170</EventID>
<Version>0</Version>
<Level>4</Level>
<Task>62170</Task>
<Opcode>1</Opcode>
<Keywords>0x2001000200000000</Keywords>
<TimeCreated SystemTime="2020-10-22 20:57:33.831461"></TimeCreated>
<EventRecordID>232</EventRecordID>
<Correlation ActivityID="" RelatedActivityID=""></Correlation>
<Execution ProcessID="3696" ThreadID="3740"></Execution>
<Channel>Microsoft-Windows-Shell-Core/Operational</Channel>
<Computer>WIN-PTFPHFCRDJ0</Computer>
<Security UserID="S-1-5-21-1152959844-3645458174-3779170896-1000"></Security>
</System>
<EventData><Data Name="LogonType">1032</Data>
<Data Name="TaskName">LaunchExperienceHost</Data>
</EventData>
</Event>

<Event xmlns="http://schemas.microsoft.com/win/2004/08/events/event"><System><Provider Name="Microsoft-Windows-Shell-Core" Guid="{30336ed4-e327-447c-9de0-51b652c86108}"></Provider>
<EventID Qualifiers="">28125</EventID>
<Version>0</Version>
<Level>4</Level>
<Task>28137</Task>
<Opcode>0</Opcode>
<Keywords>0x2000000000010000</Keywords>
<TimeCreated SystemTime="2020-10-22 20:57:33.831705"></TimeCreated>
<EventRecordID>233</EventRecordID>
<Correlation ActivityID="" RelatedActivityID=""></Correlation>
<Execution ProcessID="3696" ThreadID="3904"></Execution>
<Channel>Microsoft-Windows-Shell-Core/Operational</Channel>
<Computer>WIN-PTFPHFCRDJ0</Computer>
<Security UserID="S-1-5-21-1152959844-3645458174-3779170896-1000"></Security>
</System>
<EventData><Data Name="Scenario">1</Data>
<Data Name="Flags">2316</Data>
</EventData>
</Event>

<Event xmlns="http://schemas.microsoft.com/win/2004/08/events/event"><System><Provider Name="Microsoft-Windows-Shell-Core" Guid="{30336ed4-e327-447c-9de0-51b652c86108}"></Provider>
<EventID Qualifiers="">62170</EventID>
<Version>0</Version>
<Level>4</Level>
<Task>62170</Task>
<Opcode>1</Opcode>
<Keywords>0x2001000200000000</Keywords>
<TimeCreated SystemTime="2020-10-22 20:57:33.842106"></TimeCreated>
<EventRecordID>234</EventRecordID>
<Correlation ActivityID="" RelatedActivityID=""></Correlation>
<Execution ProcessID="3696" ThreadID="3740"></Execution>
<Channel>Microsoft-Windows-Shell-Core/Operational</Channel>
<Computer>WIN-PTFPHFCRDJ0</Computer>
<Security UserID="S-1-5-21-1152959844-3645458174-3779170896-1000"></Security>
</System>
<EventData><Data Name="LogonType">1032</Data>
<Data Name="TaskName">UpdatePCSettingsPreStart</Data>
</EventData>
</Event>

<Event xmlns="http://schemas.microsoft.com/win/2004/08/events/event"><System><Provider Name="Microsoft-Windows-Shell-Core" Guid="{30336ed4-e327-447c-9de0-51b652c86108}"></Provider>
<EventID Qualifiers="">62171</EventID>
<Version>0</Version>
<Level>4</Level>
<Task>62170</Task>
<Opcode>2</Opcode>
<Keywords>0x2001000200000000</Keywords>
<TimeCreated SystemTime="2020-10-22 20:57:33.842108"></TimeCreated>
<EventRecordID>235</EventRecordID>
<Correlation ActivityID="" RelatedActivityID=""></Correlation>
<Execution ProcessID="3696" ThreadID="3740"></Execution>
<Channel>Microsoft-Windows-Shell-Core/Operational</Channel>
<Computer>WIN-PTFPHFCRDJ0</Computer>
<Security UserID="S-1-5-21-1152959844-3645458174-3779170896-1000"></Security>
</System>
<EventData><Data Name="LogonType">1032</Data>
<Data Name="TaskName">UpdatePCSettingsPreStart</Data>
</EventData>
</Event>

<Event xmlns="http://schemas.microsoft.com/win/2004/08/events/event"><System><Provider Name="Microsoft-Windows-Shell-Core" Guid="{30336ed4-e327-447c-9de0-51b652c86108}"></Provider>
<EventID Qualifiers="">62170</EventID>
<Version>0</Version>
<Level>4</Level>
<Task>62170</Task>
<Opcode>1</Opcode>
<Keywords>0x2001000200000000</Keywords>
<TimeCreated SystemTime="2020-10-22 20:57:33.842108"></TimeCreated>
<EventRecordID>236</EventRecordID>
<Correlation ActivityID="" RelatedActivityID=""></Correlation>
<Execution ProcessID="3696" ThreadID="3740"></Execution>
<Channel>Microsoft-Windows-Shell-Core/Operational</Channel>
<Computer>WIN-PTFPHFCRDJ0</Computer>
<Security UserID="S-1-5-21-1152959844-3645458174-3779170896-1000"></Security>
</System>
<EventData><Data Name="LogonType">1032</Data>
<Data Name="TaskName">EnterpriseProvisioning</Data>
</EventData>
</Event>

<Event xmlns="http://schemas.microsoft.com/win/2004/08/events/event"><System><Provider Name="Microsoft-Windows-Shell-Core" Guid="{30336ed4-e327-447c-9de0-51b652c86108}"></Provider>
<EventID Qualifiers="">62171</EventID>
<Version>0</Version>
<Level>4</Level>
<Task>62170</Task>
<Opcode>2</Opcode>
<Keywords>0x2001000200000000</Keywords>
<TimeCreated SystemTime="2020-10-22 20:57:33.842108"></TimeCreated>
<EventRecordID>237</EventRecordID>
<Correlation ActivityID="" RelatedActivityID=""></Correlation>
<Execution ProcessID="3696" ThreadID="3740"></Execution>
<Channel>Microsoft-Windows-Shell-Core/Operational</Channel>
<Computer>WIN-PTFPHFCRDJ0</Computer>
<Security UserID="S-1-5-21-1152959844-3645458174-3779170896-1000"></Security>
</System>
<EventData><Data Name="LogonType">1032</Data>
<Data Name="TaskName">EnterpriseProvisioning</Data>
</EventData>
</Event>

<Event xmlns="http://schemas.microsoft.com/win/2004/08/events/event"><System><Provider Name="Microsoft-Windows-Shell-Core" Guid="{30336ed4-e327-447c-9de0-51b652c86108}"></Provider>
<EventID Qualifiers="">62170</EventID>
<Version>0</Version>
<Level>4</Level>
<Task>62170</Task>
<Opcode>1</Opcode>
<Keywords>0x2001000200000000</Keywords>
<TimeCreated SystemTime="2020-10-22 20:57:33.842110"></TimeCreated>
<EventRecordID>238</EventRecordID>
<Correlation ActivityID="" RelatedActivityID=""></Correlation>
<Execution ProcessID="3696" ThreadID="3740"></Execution>
<Channel>Microsoft-Windows-Shell-Core/Operational</Channel>
<Computer>WIN-PTFPHFCRDJ0</Computer>
<Security UserID="S-1-5-21-1152959844-3645458174-3779170896-1000"></Security>
</System>
<EventData><Data Name="LogonType">1032</Data>
<Data Name="TaskName">PerUserSetup</Data>
</EventData>
</Event>

<Event xmlns="http://schemas.microsoft.com/win/2004/08/events/event"><System><Provider Name="Microsoft-Windows-Shell-Core" Guid="{30336ed4-e327-447c-9de0-51b652c86108}"></Provider>
<EventID Qualifiers="">62171</EventID>
<Version>0</Version>
<Level>4</Level>
<Task>62170</Task>
<Opcode>2</Opcode>
<Keywords>0x2001000200000000</Keywords>
<TimeCreated SystemTime="2020-10-22 20:57:33.846176"></TimeCreated>
<EventRecordID>239</EventRecordID>
<Correlation ActivityID="" RelatedActivityID=""></Correlation>
<Execution ProcessID="3696" ThreadID="3740"></Execution>
<Channel>Microsoft-Windows-Shell-Core/Operational</Channel>
<Computer>WIN-PTFPHFCRDJ0</Computer>
<Security UserID="S-1-5-21-1152959844-3645458174-3779170896-1000"></Security>
</System>
<EventData><Data Name="LogonType">1032</Data>
<Data Name="TaskName">StartLayoutInit</Data>
</EventData>
</Event>

<Event xmlns="http://schemas.microsoft.com/win/2004/08/events/event"><System><Provider Name="Microsoft-Windows-Shell-Core" Guid="{30336ed4-e327-447c-9de0-51b652c86108}"></Provider>
<EventID Qualifiers="">62171</EventID>
<Version>0</Version>
<Level>4</Level>
<Task>62170</Task>
<Opcode>2</Opcode>
<Keywords>0x2001000200000000</Keywords>
<TimeCreated SystemTime="2020-10-22 20:57:35.003963"></TimeCreated>
<EventRecordID>240</EventRecordID>
<Correlation ActivityID="" RelatedActivityID=""></Correlation>
<Execution ProcessID="3696" ThreadID="3740"></Execution>
<Channel>Microsoft-Windows-Shell-Core/Operational</Channel>
<Computer>WIN-PTFPHFCRDJ0</Computer>
<Security UserID="S-1-5-21-1152959844-3645458174-3779170896-1000"></Security>
</System>
<EventData><Data Name="LogonType">1032</Data>
<Data Name="TaskName">LaunchExperienceHost</Data>
</EventData>
</Event>

<Event xmlns="http://schemas.microsoft.com/win/2004/08/events/event"><System><Provider Name="Microsoft-Windows-Shell-Core" Guid="{30336ed4-e327-447c-9de0-51b652c86108}"></Provider>
<EventID Qualifiers="">62171</EventID>
<Version>0</Version>
<Level>4</Level>
<Task>62170</Task>
<Opcode>2</Opcode>
<Keywords>0x2001000200000000</Keywords>
<TimeCreated SystemTime="2020-10-22 20:57:35.003967"></TimeCreated>
<EventRecordID>241</EventRecordID>
<Correlation ActivityID="" RelatedActivityID=""></Correlation>
<Execution ProcessID="3696" ThreadID="3740"></Execution>
<Channel>Microsoft-Windows-Shell-Core/Operational</Channel>
<Computer>WIN-PTFPHFCRDJ0</Computer>
<Security UserID="S-1-5-21-1152959844-3645458174-3779170896-1000"></Security>
</System>
<EventData><Data Name="LogonType">1032</Data>
<Data Name="TaskName">PerUserSetup</Data>
</EventData>
</Event>

<Event xmlns="http://schemas.microsoft.com/win/2004/08/events/event"><System><Provider Name="Microsoft-Windows-Shell-Core" Guid="{30336ed4-e327-447c-9de0-51b652c86108}"></Provider>
<EventID Qualifiers="">62171</EventID>
<Version>0</Version>
<Level>4</Level>
<Task>62170</Task>
<Opcode>2</Opcode>
<Keywords>0x2001000200000000</Keywords>
<TimeCreated SystemTime="2020-10-22 20:57:35.003969"></TimeCreated>
<EventRecordID>242</EventRecordID>
<Correlation ActivityID="" RelatedActivityID=""></Correlation>
<Execution ProcessID="3696" ThreadID="3740"></Execution>
<Channel>Microsoft-Windows-Shell-Core/Operational</Channel>
<Computer>WIN-PTFPHFCRDJ0</Computer>
<Security UserID="S-1-5-21-1152959844-3645458174-3779170896-1000"></Security>
</System>
<EventData><Data Name="LogonType">1032</Data>
<Data Name="TaskName">PreStartTasks</Data>
</EventData>
</Event>

<Event xmlns="http://schemas.microsoft.com/win/2004/08/events/event"><System><Provider Name="Microsoft-Windows-Shell-Core" Guid="{30336ed4-e327-447c-9de0-51b652c86108}"></Provider>
<EventID Qualifiers="">62171</EventID>
<Version>0</Version>
<Level>4</Level>
<Task>62170</Task>
<Opcode>2</Opcode>
<Keywords>0x2001000200000000</Keywords>
<TimeCreated SystemTime="2020-10-22 20:57:35.012453"></TimeCreated>
<EventRecordID>243</EventRecordID>
<Correlation ActivityID="" RelatedActivityID=""></Correlation>
<Execution ProcessID="3696" ThreadID="3740"></Execution>
<Channel>Microsoft-Windows-Shell-Core/Operational</Channel>
<Computer>WIN-PTFPHFCRDJ0</Computer>
<Security UserID="S-1-5-21-1152959844-3645458174-3779170896-1000"></Security>
</System>
<EventData><Data Name="LogonType">1032</Data>
<Data Name="TaskName">AllLogonTasks</Data>
</EventData>
</Event>

<Event xmlns="http://schemas.microsoft.com/win/2004/08/events/event"><System><Provider Name="Microsoft-Windows-Shell-Core" Guid="{30336ed4-e327-447c-9de0-51b652c86108}"></Provider>
<EventID Qualifiers="">62170</EventID>
<Version>0</Version>
<Level>4</Level>
<Task>62170</Task>
<Opcode>1</Opcode>
<Keywords>0x2001000200000000</Keywords>
<TimeCreated SystemTime="2020-10-22 20:57:35.012596"></TimeCreated>
<EventRecordID>244</EventRecordID>
<Correlation ActivityID="" RelatedActivityID=""></Correlation>
<Execution ProcessID="3696" ThreadID="3740"></Execution>
<Channel>Microsoft-Windows-Shell-Core/Operational</Channel>
<Computer>WIN-PTFPHFCRDJ0</Computer>
<Security UserID="S-1-5-21-1152959844-3645458174-3779170896-1000"></Security>
</System>
<EventData><Data Name="LogonType">1032</Data>
<Data Name="TaskName">PostStartTasks</Data>
</EventData>
</Event>

<Event xmlns="http://schemas.microsoft.com/win/2004/08/events/event"><System><Provider Name="Microsoft-Windows-Shell-Core" Guid="{30336ed4-e327-447c-9de0-51b652c86108}"></Provider>
<EventID Qualifiers="">62171</EventID>
<Version>0</Version>
<Level>4</Level>
<Task>62170</Task>
<Opcode>2</Opcode>
<Keywords>0x2001000200000000</Keywords>
<TimeCreated SystemTime="2020-10-22 20:57:35.012716"></TimeCreated>
<EventRecordID>245</EventRecordID>
<Correlation ActivityID="" RelatedActivityID=""></Correlation>
<Execution ProcessID="3696" ThreadID="3740"></Execution>
<Channel>Microsoft-Windows-Shell-Core/Operational</Channel>
<Computer>WIN-PTFPHFCRDJ0</Computer>
<Security UserID="S-1-5-21-1152959844-3645458174-3779170896-1000"></Security>
</System>
<EventData><Data Name="LogonType">1032</Data>
<Data Name="TaskName">PostStartTasks</Data>
</EventData>
</Event>

<Event xmlns="http://schemas.microsoft.com/win/2004/08/events/event"><System><Provider Name="Microsoft-Windows-Shell-Core" Guid="{30336ed4-e327-447c-9de0-51b652c86108}"></Provider>
<EventID Qualifiers="">62170</EventID>
<Version>0</Version>
<Level>4</Level>
<Task>62170</Task>
<Opcode>1</Opcode>
<Keywords>0x2001000200000000</Keywords>
<TimeCreated SystemTime="2020-10-22 20:57:35.012737"></TimeCreated>
<EventRecordID>246</EventRecordID>
<Correlation ActivityID="" RelatedActivityID=""></Correlation>
<Execution ProcessID="3696" ThreadID="3092"></Execution>
<Channel>Microsoft-Windows-Shell-Core/Operational</Channel>
<Computer>WIN-PTFPHFCRDJ0</Computer>
<Security UserID="S-1-5-21-1152959844-3645458174-3779170896-1000"></Security>
</System>
<EventData><Data Name="LogonType">1032</Data>
<Data Name="TaskName">NotifyTrayStartIsReady</Data>
</EventData>
</Event>

<Event xmlns="http://schemas.microsoft.com/win/2004/08/events/event"><System><Provider Name="Microsoft-Windows-Shell-Core" Guid="{30336ed4-e327-447c-9de0-51b652c86108}"></Provider>
<EventID Qualifiers="">62171</EventID>
<Version>0</Version>
<Level>4</Level>
<Task>62170</Task>
<Opcode>2</Opcode>
<Keywords>0x2001000200000000</Keywords>
<TimeCreated SystemTime="2020-10-22 20:57:35.013456"></TimeCreated>
<EventRecordID>247</EventRecordID>
<Correlation ActivityID="" RelatedActivityID=""></Correlation>
<Execution ProcessID="3696" ThreadID="3092"></Execution>
<Channel>Microsoft-Windows-Shell-Core/Operational</Channel>
<Computer>WIN-PTFPHFCRDJ0</Computer>
<Security UserID="S-1-5-21-1152959844-3645458174-3779170896-1000"></Security>
</System>
<EventData><Data Name="LogonType">1032</Data>
<Data Name="TaskName">NotifyTrayStartIsReady</Data>
</EventData>
</Event>

<Event xmlns="http://schemas.microsoft.com/win/2004/08/events/event"><System><Provider Name="Microsoft-Windows-Shell-Core" Guid="{30336ed4-e327-447c-9de0-51b652c86108}"></Provider>
<EventID Qualifiers="">62170</EventID>
<Version>0</Version>
<Level>4</Level>
<Task>62170</Task>
<Opcode>1</Opcode>
<Keywords>0x2001000200000000</Keywords>
<TimeCreated SystemTime="2020-10-22 20:57:35.013491"></TimeCreated>
<EventRecordID>248</EventRecordID>
<Correlation ActivityID="" RelatedActivityID=""></Correlation>
<Execution ProcessID="3696" ThreadID="3720"></Execution>
<Channel>Microsoft-Windows-Shell-Core/Operational</Channel>
<Computer>WIN-PTFPHFCRDJ0</Computer>
<Security UserID="S-1-5-21-1152959844-3645458174-3779170896-1000"></Security>
</System>
<EventData><Data Name="LogonType">1032</Data>
<Data Name="TaskName">PerUserSetupPostStart</Data>
</EventData>
</Event>

<Event xmlns="http://schemas.microsoft.com/win/2004/08/events/event"><System><Provider Name="Microsoft-Windows-Shell-Core" Guid="{30336ed4-e327-447c-9de0-51b652c86108}"></Provider>
<EventID Qualifiers="">62171</EventID>
<Version>0</Version>
<Level>4</Level>
<Task>62170</Task>
<Opcode>2</Opcode>
<Keywords>0x2001000200000000</Keywords>
<TimeCreated SystemTime="2020-10-22 20:57:35.013491"></TimeCreated>
<EventRecordID>249</EventRecordID>
<Correlation ActivityID="" RelatedActivityID=""></Correlation>
<Execution ProcessID="3696" ThreadID="3720"></Execution>
<Channel>Microsoft-Windows-Shell-Core/Operational</Channel>
<Computer>WIN-PTFPHFCRDJ0</Computer>
<Security UserID="S-1-5-21-1152959844-3645458174-3779170896-1000"></Security>
</System>
<EventData><Data Name="LogonType">1032</Data>
<Data Name="TaskName">PerUserSetupPostStart</Data>
</EventData>
</Event>

<Event xmlns="http://schemas.microsoft.com/win/2004/08/events/event"><System><Provider Name="Microsoft-Windows-Shell-Core" Guid="{30336ed4-e327-447c-9de0-51b652c86108}"></Provider>
<EventID Qualifiers="">62170</EventID>
<Version>0</Version>
<Level>4</Level>
<Task>62170</Task>
<Opcode>1</Opcode>
<Keywords>0x2001000200000000</Keywords>
<TimeCreated SystemTime="2020-10-22 20:57:35.013494"></TimeCreated>
<EventRecordID>250</EventRecordID>
<Correlation ActivityID="" RelatedActivityID=""></Correlation>
<Execution ProcessID="3696" ThreadID="3724"></Execution>
<Channel>Microsoft-Windows-Shell-Core/Operational</Channel>
<Computer>WIN-PTFPHFCRDJ0</Computer>
<Security UserID="S-1-5-21-1152959844-3645458174-3779170896-1000"></Security>
</System>
<EventData><Data Name="LogonType">1032</Data>
<Data Name="TaskName">LaunchExperienceHostPostStart</Data>
</EventData>
</Event>

<Event xmlns="http://schemas.microsoft.com/win/2004/08/events/event"><System><Provider Name="Microsoft-Windows-Shell-Core" Guid="{30336ed4-e327-447c-9de0-51b652c86108}"></Provider>
<EventID Qualifiers="">62171</EventID>
<Version>0</Version>
<Level>4</Level>
<Task>62170</Task>
<Opcode>2</Opcode>
<Keywords>0x2001000200000000</Keywords>
<TimeCreated SystemTime="2020-10-22 20:57:35.013494"></TimeCreated>
<EventRecordID>251</EventRecordID>
<Correlation ActivityID="" RelatedActivityID=""></Correlation>
<Execution ProcessID="3696" ThreadID="3724"></Execution>
<Channel>Microsoft-Windows-Shell-Core/Operational</Channel>
<Computer>WIN-PTFPHFCRDJ0</Computer>
<Security UserID="S-1-5-21-1152959844-3645458174-3779170896-1000"></Security>
</System>
<EventData><Data Name="LogonType">1032</Data>
<Data Name="TaskName">LaunchExperienceHostPostStart</Data>
</EventData>
</Event>

<Event xmlns="http://schemas.microsoft.com/win/2004/08/events/event"><System><Provider Name="Microsoft-Windows-Shell-Core" Guid="{30336ed4-e327-447c-9de0-51b652c86108}"></Provider>
<EventID Qualifiers="">62170</EventID>
<Version>0</Version>
<Level>4</Level>
<Task>62170</Task>
<Opcode>1</Opcode>
<Keywords>0x2001000200000000</Keywords>
<TimeCreated SystemTime="2020-10-22 20:57:35.013498"></TimeCreated>
<EventRecordID>252</EventRecordID>
<Correlation ActivityID="" RelatedActivityID=""></Correlation>
<Execution ProcessID="3696" ThreadID="3912"></Execution>
<Channel>Microsoft-Windows-Shell-Core/Operational</Channel>
<Computer>WIN-PTFPHFCRDJ0</Computer>
<Security UserID="S-1-5-21-1152959844-3645458174-3779170896-1000"></Security>
</System>
<EventData><Data Name="LogonType">1032</Data>
<Data Name="TaskName">LaunchPeopleExperiencePostStart</Data>
</EventData>
</Event>

<Event xmlns="http://schemas.microsoft.com/win/2004/08/events/event"><System><Provider Name="Microsoft-Windows-Shell-Core" Guid="{30336ed4-e327-447c-9de0-51b652c86108}"></Provider>
<EventID Qualifiers="">62171</EventID>
<Version>0</Version>
<Level>4</Level>
<Task>62170</Task>
<Opcode>2</Opcode>
<Keywords>0x2001000200000000</Keywords>
<TimeCreated SystemTime="2020-10-22 20:57:35.013506"></TimeCreated>
<EventRecordID>253</EventRecordID>
<Correlation ActivityID="" RelatedActivityID=""></Correlation>
<Execution ProcessID="3696" ThreadID="3912"></Execution>
<Channel>Microsoft-Windows-Shell-Core/Operational</Channel>
<Computer>WIN-PTFPHFCRDJ0</Computer>
<Security UserID="S-1-5-21-1152959844-3645458174-3779170896-1000"></Security>
</System>
<EventData><Data Name="LogonType">1032</Data>
<Data Name="TaskName">LaunchPeopleExperiencePostStart</Data>
</EventData>
</Event>

<Event xmlns="http://schemas.microsoft.com/win/2004/08/events/event"><System><Provider Name="Microsoft-Windows-Shell-Core" Guid="{30336ed4-e327-447c-9de0-51b652c86108}"></Provider>
<EventID Qualifiers="">62170</EventID>
<Version>0</Version>
<Level>4</Level>
<Task>62170</Task>
<Opcode>1</Opcode>
<Keywords>0x2001000200000000</Keywords>
<TimeCreated SystemTime="2020-10-22 20:57:35.013510"></TimeCreated>
<EventRecordID>254</EventRecordID>
<Correlation ActivityID="" RelatedActivityID=""></Correlation>
<Execution ProcessID="3696" ThreadID="3920"></Execution>
<Channel>Microsoft-Windows-Shell-Core/Operational</Channel>
<Computer>WIN-PTFPHFCRDJ0</Computer>
<Security UserID="S-1-5-21-1152959844-3645458174-3779170896-1000"></Security>
</System>
<EventData><Data Name="LogonType">1032</Data>
<Data Name="TaskName">LaunchLockAppHostPostStart</Data>
</EventData>
</Event>

<Event xmlns="http://schemas.microsoft.com/win/2004/08/events/event"><System><Provider Name="Microsoft-Windows-Shell-Core" Guid="{30336ed4-e327-447c-9de0-51b652c86108}"></Provider>
<EventID Qualifiers="">62171</EventID>
<Version>0</Version>
<Level>4</Level>
<Task>62170</Task>
<Opcode>2</Opcode>
<Keywords>0x2001000200000000</Keywords>
<TimeCreated SystemTime="2020-10-22 20:57:35.013514"></TimeCreated>
<EventRecordID>255</EventRecordID>
<Correlation ActivityID="" RelatedActivityID=""></Correlation>
<Execution ProcessID="3696" ThreadID="3920"></Execution>
<Channel>Microsoft-Windows-Shell-Core/Operational</Channel>
<Computer>WIN-PTFPHFCRDJ0</Computer>
<Security UserID="S-1-5-21-1152959844-3645458174-3779170896-1000"></Security>
</System>
<EventData><Data Name="LogonType">1032</Data>
<Data Name="TaskName">LaunchLockAppHostPostStart</Data>
</EventData>
</Event>

<Event xmlns="http://schemas.microsoft.com/win/2004/08/events/event"><System><Provider Name="Microsoft-Windows-Shell-Core" Guid="{30336ed4-e327-447c-9de0-51b652c86108}"></Provider>
<EventID Qualifiers="">62170</EventID>
<Version>0</Version>
<Level>4</Level>
<Task>62170</Task>
<Opcode>1</Opcode>
<Keywords>0x2001000200000000</Keywords>
<TimeCreated SystemTime="2020-10-22 20:57:35.013525"></TimeCreated>
<EventRecordID>256</EventRecordID>
<Correlation ActivityID="" RelatedActivityID=""></Correlation>
<Execution ProcessID="3696" ThreadID="3136"></Execution>
<Channel>Microsoft-Windows-Shell-Core/Operational</Channel>
<Computer>WIN-PTFPHFCRDJ0</Computer>
<Security UserID="S-1-5-21-1152959844-3645458174-3779170896-1000"></Security>
</System>
<EventData><Data Name="LogonType">1032</Data>
<Data Name="TaskName">LaunchInputDialListenerPostStart</Data>
</EventData>
</Event>

<Event xmlns="http://schemas.microsoft.com/win/2004/08/events/event"><System><Provider Name="Microsoft-Windows-Shell-Core" Guid="{30336ed4-e327-447c-9de0-51b652c86108}"></Provider>
<EventID Qualifiers="">62170</EventID>
<Version>0</Version>
<Level>4</Level>
<Task>62170</Task>
<Opcode>1</Opcode>
<Keywords>0x2001000200000000</Keywords>
<TimeCreated SystemTime="2020-10-22 20:57:35.014326"></TimeCreated>
<EventRecordID>257</EventRecordID>
<Correlation ActivityID="" RelatedActivityID=""></Correlation>
<Execution ProcessID="3696" ThreadID="3900"></Execution>
<Channel>Microsoft-Windows-Shell-Core/Operational</Channel>
<Computer>WIN-PTFPHFCRDJ0</Computer>
<Security UserID="S-1-5-21-1152959844-3645458174-3779170896-1000"></Security>
</System>
<EventData><Data Name="LogonType">1032</Data>
<Data Name="TaskName">RoamingPayload3</Data>
</EventData>
</Event>

<Event xmlns="http://schemas.microsoft.com/win/2004/08/events/event"><System><Provider Name="Microsoft-Windows-Shell-Core" Guid="{30336ed4-e327-447c-9de0-51b652c86108}"></Provider>
<EventID Qualifiers="">62171</EventID>
<Version>0</Version>
<Level>4</Level>
<Task>62170</Task>
<Opcode>2</Opcode>
<Keywords>0x2001000200000000</Keywords>
<TimeCreated SystemTime="2020-10-22 20:57:35.014341"></TimeCreated>
<EventRecordID>258</EventRecordID>
<Correlation ActivityID="" RelatedActivityID=""></Correlation>
<Execution ProcessID="3696" ThreadID="3900"></Execution>
<Channel>Microsoft-Windows-Shell-Core/Operational</Channel>
<Computer>WIN-PTFPHFCRDJ0</Computer>
<Security UserID="S-1-5-21-1152959844-3645458174-3779170896-1000"></Security>
</System>
<EventData><Data Name="LogonType">1032</Data>
<Data Name="TaskName">RoamingPayload3</Data>
</EventData>
</Event>

<Event xmlns="http://schemas.microsoft.com/win/2004/08/events/event"><System><Provider Name="Microsoft-Windows-Shell-Core" Guid="{30336ed4-e327-447c-9de0-51b652c86108}"></Provider>
<EventID Qualifiers="">62170</EventID>
<Version>0</Version>
<Level>4</Level>
<Task>62170</Task>
<Opcode>1</Opcode>
<Keywords>0x2001000200000000</Keywords>
<TimeCreated SystemTime="2020-10-22 20:57:35.014355"></TimeCreated>
<EventRecordID>259</EventRecordID>
<Correlation ActivityID="" RelatedActivityID=""></Correlation>
<Execution ProcessID="3696" ThreadID="592"></Execution>
<Channel>Microsoft-Windows-Shell-Core/Operational</Channel>
<Computer>WIN-PTFPHFCRDJ0</Computer>
<Security UserID="S-1-5-21-1152959844-3645458174-3779170896-1000"></Security>
</System>
<EventData><Data Name="LogonType">1032</Data>
<Data Name="TaskName">AppReadinessNotifyLogonComplete</Data>
</EventData>
</Event>

<Event xmlns="http://schemas.microsoft.com/win/2004/08/events/event"><System><Provider Name="Microsoft-Windows-Shell-Core" Guid="{30336ed4-e327-447c-9de0-51b652c86108}"></Provider>
<EventID Qualifiers="">62170</EventID>
<Version>0</Version>
<Level>4</Level>
<Task>62170</Task>
<Opcode>1</Opcode>
<Keywords>0x2001000200000000</Keywords>
<TimeCreated SystemTime="2020-10-22 20:57:35.027411"></TimeCreated>
<EventRecordID>260</EventRecordID>
<Correlation ActivityID="" RelatedActivityID=""></Correlation>
<Execution ProcessID="3696" ThreadID="4024"></Execution>
<Channel>Microsoft-Windows-Shell-Core/Operational</Channel>
<Computer>WIN-PTFPHFCRDJ0</Computer>
<Security UserID="S-1-5-21-1152959844-3645458174-3779170896-1000"></Security>
</System>
<EventData><Data Name="LogonType">1032</Data>
<Data Name="TaskName">ARSFirstRunTelemetry</Data>
</EventData>
</Event>

<Event xmlns="http://schemas.microsoft.com/win/2004/08/events/event"><System><Provider Name="Microsoft-Windows-Shell-Core" Guid="{30336ed4-e327-447c-9de0-51b652c86108}"></Provider>
<EventID Qualifiers="">62171</EventID>
<Version>0</Version>
<Level>4</Level>
<Task>62170</Task>
<Opcode>2</Opcode>
<Keywords>0x2001000200000000</Keywords>
<TimeCreated SystemTime="2020-10-22 20:57:35.070152"></TimeCreated>
<EventRecordID>261</EventRecordID>
<Correlation ActivityID="" RelatedActivityID=""></Correlation>
<Execution ProcessID="3696" ThreadID="3136"></Execution>
<Channel>Microsoft-Windows-Shell-Core/Operational</Channel>
<Computer>WIN-PTFPHFCRDJ0</Computer>
<Security UserID="S-1-5-21-1152959844-3645458174-3779170896-1000"></Security>
</System>
<EventData><Data Name="LogonType">1032</Data>
<Data Name="TaskName">LaunchInputDialListenerPostStart</Data>
</EventData>
</Event>

<Event xmlns="http://schemas.microsoft.com/win/2004/08/events/event"><System><Provider Name="Microsoft-Windows-Shell-Core" Guid="{30336ed4-e327-447c-9de0-51b652c86108}"></Provider>
<EventID Qualifiers="">62170</EventID>
<Version>0</Version>
<Level>4</Level>
<Task>62170</Task>
<Opcode>1</Opcode>
<Keywords>0x2001000200000000</Keywords>
<TimeCreated SystemTime="2020-10-22 20:57:35.078657"></TimeCreated>
<EventRecordID>262</EventRecordID>
<Correlation ActivityID="" RelatedActivityID=""></Correlation>
<Execution ProcessID="3696" ThreadID="4100"></Execution>
<Channel>Microsoft-Windows-Shell-Core/Operational</Channel>
<Computer>WIN-PTFPHFCRDJ0</Computer>
<Security UserID="S-1-5-21-1152959844-3645458174-3779170896-1000"></Security>
</System>
<EventData><Data Name="LogonType">1032</Data>
<Data Name="TaskName">OEMFirstRunTelemetry</Data>
</EventData>
</Event>

<Event xmlns="http://schemas.microsoft.com/win/2004/08/events/event"><System><Provider Name="Microsoft-Windows-Shell-Core" Guid="{30336ed4-e327-447c-9de0-51b652c86108}"></Provider>
<EventID Qualifiers="">62171</EventID>
<Version>0</Version>
<Level>4</Level>
<Task>62170</Task>
<Opcode>2</Opcode>
<Keywords>0x2001000200000000</Keywords>
<TimeCreated SystemTime="2020-10-22 20:57:35.078674"></TimeCreated>
<EventRecordID>263</EventRecordID>
<Correlation ActivityID="" RelatedActivityID=""></Correlation>
<Execution ProcessID="3696" ThreadID="4100"></Execution>
<Channel>Microsoft-Windows-Shell-Core/Operational</Channel>
<Computer>WIN-PTFPHFCRDJ0</Computer>
<Security UserID="S-1-5-21-1152959844-3645458174-3779170896-1000"></Security>
</System>
<EventData><Data Name="LogonType">1032</Data>
<Data Name="TaskName">OEMFirstRunTelemetry</Data>
</EventData>
</Event>

<Event xmlns="http://schemas.microsoft.com/win/2004/08/events/event"><System><Provider Name="Microsoft-Windows-Shell-Core" Guid="{30336ed4-e327-447c-9de0-51b652c86108}"></Provider>
<EventID Qualifiers="">62171</EventID>
<Version>0</Version>
<Level>4</Level>
<Task>62170</Task>
<Opcode>2</Opcode>
<Keywords>0x2001000200000000</Keywords>
<TimeCreated SystemTime="2020-10-22 20:57:35.210367"></TimeCreated>
<EventRecordID>264</EventRecordID>
<Correlation ActivityID="" RelatedActivityID=""></Correlation>
<Execution ProcessID="3696" ThreadID="4024"></Execution>
<Channel>Microsoft-Windows-Shell-Core/Operational</Channel>
<Computer>WIN-PTFPHFCRDJ0</Computer>
<Security UserID="S-1-5-21-1152959844-3645458174-3779170896-1000"></Security>
</System>
<EventData><Data Name="LogonType">1032</Data>
<Data Name="TaskName">ARSFirstRunTelemetry</Data>
</EventData>
</Event>

<Event xmlns="http://schemas.microsoft.com/win/2004/08/events/event"><System><Provider Name="Microsoft-Windows-Shell-Core" Guid="{30336ed4-e327-447c-9de0-51b652c86108}"></Provider>
<EventID Qualifiers="">28017</EventID>
<Version>0</Version>
<Level>4</Level>
<Task>28177</Task>
<Opcode>1</Opcode>
<Keywords>0x2000000000010000</Keywords>
<TimeCreated SystemTime="2020-10-22 20:57:43.678955"></TimeCreated>
<EventRecordID>265</EventRecordID>
<Correlation ActivityID="" RelatedActivityID=""></Correlation>
<Execution ProcessID="3696" ThreadID="3740"></Execution>
<Channel>Microsoft-Windows-Shell-Core/Operational</Channel>
<Computer>WIN-PTFPHFCRDJ0</Computer>
<Security UserID="S-1-5-21-1152959844-3645458174-3779170896-1000"></Security>
</System>
<EventData></EventData>
</Event>

<Event xmlns="http://schemas.microsoft.com/win/2004/08/events/event"><System><Provider Name="Microsoft-Windows-Shell-Core" Guid="{30336ed4-e327-447c-9de0-51b652c86108}"></Provider>
<EventID Qualifiers="">28018</EventID>
<Version>0</Version>
<Level>4</Level>
<Task>28177</Task>
<Opcode>2</Opcode>
<Keywords>0x2000000000010000</Keywords>
<TimeCreated SystemTime="2020-10-22 20:57:43.692730"></TimeCreated>
<EventRecordID>266</EventRecordID>
<Correlation ActivityID="" RelatedActivityID=""></Correlation>
<Execution ProcessID="3696" ThreadID="3740"></Execution>
<Channel>Microsoft-Windows-Shell-Core/Operational</Channel>
<Computer>WIN-PTFPHFCRDJ0</Computer>
<Security UserID="S-1-5-21-1152959844-3645458174-3779170896-1000"></Security>
</System>
<EventData></EventData>
</Event>

<Event xmlns="http://schemas.microsoft.com/win/2004/08/events/event"><System><Provider Name="Microsoft-Windows-Shell-Core" Guid="{30336ed4-e327-447c-9de0-51b652c86108}"></Provider>
<EventID Qualifiers="">28019</EventID>
<Version>0</Version>
<Level>4</Level>
<Task>28179</Task>
<Opcode>0</Opcode>
<Keywords>0x2000000000010000</Keywords>
<TimeCreated SystemTime="2020-10-22 20:57:43.694605"></TimeCreated>
<EventRecordID>267</EventRecordID>
<Correlation ActivityID="" RelatedActivityID=""></Correlation>
<Execution ProcessID="3696" ThreadID="3740"></Execution>
<Channel>Microsoft-Windows-Shell-Core/Operational</Channel>
<Computer>WIN-PTFPHFCRDJ0</Computer>
<Security UserID="S-1-5-21-1152959844-3645458174-3779170896-1000"></Security>
</System>
<EventData></EventData>
</Event>

<Event xmlns="http://schemas.microsoft.com/win/2004/08/events/event"><System><Provider Name="Microsoft-Windows-Shell-Core" Guid="{30336ed4-e327-447c-9de0-51b652c86108}"></Provider>
<EventID Qualifiers="">9705</EventID>
<Version>0</Version>
<Level>4</Level>
<Task>9705</Task>
<Opcode>1</Opcode>
<Keywords>0x2000000004010000</Keywords>
<TimeCreated SystemTime="2020-10-22 20:57:45.492546"></TimeCreated>
<EventRecordID>268</EventRecordID>
<Correlation ActivityID="" RelatedActivityID=""></Correlation>
<Execution ProcessID="3696" ThreadID="4260"></Execution>
<Channel>Microsoft-Windows-Shell-Core/Operational</Channel>
<Computer>WIN-PTFPHFCRDJ0</Computer>
<Security UserID="S-1-5-21-1152959844-3645458174-3779170896-1000"></Security>
</System>
<EventData><Data Name="KeyName">Software\Microsoft\Windows\CurrentVersion\Run</Data>
</EventData>
</Event>

<Event xmlns="http://schemas.microsoft.com/win/2004/08/events/event"><System><Provider Name="Microsoft-Windows-Shell-Core" Guid="{30336ed4-e327-447c-9de0-51b652c86108}"></Provider>
<EventID Qualifiers="">9707</EventID>
<Version>0</Version>
<Level>4</Level>
<Task>9707</Task>
<Opcode>1</Opcode>
<Keywords>0x2000000004010000</Keywords>
<TimeCreated SystemTime="2020-10-22 20:57:45.492624"></TimeCreated>
<EventRecordID>269</EventRecordID>
<Correlation ActivityID="" RelatedActivityID=""></Correlation>
<Execution ProcessID="3696" ThreadID="4260"></Execution>
<Channel>Microsoft-Windows-Shell-Core/Operational</Channel>
<Computer>WIN-PTFPHFCRDJ0</Computer>
<Security UserID="S-1-5-21-1152959844-3645458174-3779170896-1000"></Security>
</System>
<EventData><Data Name="Command">SecurityHealthSystray.exe</Data>
</EventData>
</Event>

<Event xmlns="http://schemas.microsoft.com/win/2004/08/events/event"><System><Provider Name="Microsoft-Windows-Shell-Core" Guid="{30336ed4-e327-447c-9de0-51b652c86108}"></Provider>
<EventID Qualifiers="">9708</EventID>
<Version>0</Version>
<Level>4</Level>
<Task>9707</Task>
<Opcode>2</Opcode>
<Keywords>0x2000000004010000</Keywords>
<TimeCreated SystemTime="2020-10-22 20:57:45.792336"></TimeCreated>
<EventRecordID>270</EventRecordID>
<Correlation ActivityID="" RelatedActivityID=""></Correlation>
<Execution ProcessID="3696" ThreadID="4260"></Execution>
<Channel>Microsoft-Windows-Shell-Core/Operational</Channel>
<Computer>WIN-PTFPHFCRDJ0</Computer>
<Security UserID="S-1-5-21-1152959844-3645458174-3779170896-1000"></Security>
</System>
<EventData><Data Name="PID">4896</Data>
<Data Name="Command">SecurityHealthSystray.exe</Data>
</EventData>
</Event>

<Event xmlns="http://schemas.microsoft.com/win/2004/08/events/event"><System><Provider Name="Microsoft-Windows-Shell-Core" Guid="{30336ed4-e327-447c-9de0-51b652c86108}"></Provider>
<EventID Qualifiers="">9707</EventID>
<Version>0</Version>
<Level>4</Level>
<Task>9707</Task>
<Opcode>1</Opcode>
<Keywords>0x2000000004010000</Keywords>
<TimeCreated SystemTime="2020-10-22 20:57:45.792374"></TimeCreated>
<EventRecordID>271</EventRecordID>
<Correlation ActivityID="" RelatedActivityID=""></Correlation>
<Execution ProcessID="3696" ThreadID="4260"></Execution>
<Channel>Microsoft-Windows-Shell-Core/Operational</Channel>
<Computer>WIN-PTFPHFCRDJ0</Computer>
<Security UserID="S-1-5-21-1152959844-3645458174-3779170896-1000"></Security>
</System>
<EventData><Data Name="Command">vm3dservice.exe" -u</Data>
</EventData>
</Event>

<Event xmlns="http://schemas.microsoft.com/win/2004/08/events/event"><System><Provider Name="Microsoft-Windows-Shell-Core" Guid="{30336ed4-e327-447c-9de0-51b652c86108}"></Provider>
<EventID Qualifiers="">9708</EventID>
<Version>0</Version>
<Level>4</Level>
<Task>9707</Task>
<Opcode>2</Opcode>
<Keywords>0x2000000004010000</Keywords>
<TimeCreated SystemTime="2020-10-22 20:57:46.289936"></TimeCreated>
<EventRecordID>272</EventRecordID>
<Correlation ActivityID="" RelatedActivityID=""></Correlation>
<Execution ProcessID="3696" ThreadID="4260"></Execution>
<Channel>Microsoft-Windows-Shell-Core/Operational</Channel>
<Computer>WIN-PTFPHFCRDJ0</Computer>
<Security UserID="S-1-5-21-1152959844-3645458174-3779170896-1000"></Security>
</System>
<EventData><Data Name="PID">4924</Data>
<Data Name="Command">vm3dservice.exe" -u</Data>
</EventData>
</Event>

<Event xmlns="http://schemas.microsoft.com/win/2004/08/events/event"><System><Provider Name="Microsoft-Windows-Shell-Core" Guid="{30336ed4-e327-447c-9de0-51b652c86108}"></Provider>
<EventID Qualifiers="">9707</EventID>
<Version>0</Version>
<Level>4</Level>
<Task>9707</Task>
<Opcode>1</Opcode>
<Keywords>0x2000000004010000</Keywords>
<TimeCreated SystemTime="2020-10-22 20:57:46.290035"></TimeCreated>
<EventRecordID>273</EventRecordID>
<Correlation ActivityID="" RelatedActivityID=""></Correlation>
<Execution ProcessID="3696" ThreadID="4260"></Execution>
<Channel>Microsoft-Windows-Shell-Core/Operational</Channel>
<Computer>WIN-PTFPHFCRDJ0</Computer>
<Security UserID="S-1-5-21-1152959844-3645458174-3779170896-1000"></Security>
</System>
<EventData><Data Name="Command">vmtoolsd.exe" -n vmusr</Data>
</EventData>
</Event>

<Event xmlns="http://schemas.microsoft.com/win/2004/08/events/event"><System><Provider Name="Microsoft-Windows-Shell-Core" Guid="{30336ed4-e327-447c-9de0-51b652c86108}"></Provider>
<EventID Qualifiers="">9708</EventID>
<Version>0</Version>
<Level>4</Level>
<Task>9707</Task>
<Opcode>2</Opcode>
<Keywords>0x2000000004010000</Keywords>
<TimeCreated SystemTime="2020-10-22 20:57:48.067028"></TimeCreated>
<EventRecordID>274</EventRecordID>
<Correlation ActivityID="" RelatedActivityID=""></Correlation>
<Execution ProcessID="3696" ThreadID="4260"></Execution>
<Channel>Microsoft-Windows-Shell-Core/Operational</Channel>
<Computer>WIN-PTFPHFCRDJ0</Computer>
<Security UserID="S-1-5-21-1152959844-3645458174-3779170896-1000"></Security>
</System>
<EventData><Data Name="PID">4944</Data>
<Data Name="Command">vmtoolsd.exe" -n vmusr</Data>
</EventData>
</Event>

<Event xmlns="http://schemas.microsoft.com/win/2004/08/events/event"><System><Provider Name="Microsoft-Windows-Shell-Core" Guid="{30336ed4-e327-447c-9de0-51b652c86108}"></Provider>
<EventID Qualifiers="">9706</EventID>
<Version>0</Version>
<Level>4</Level>
<Task>9705</Task>
<Opcode>2</Opcode>
<Keywords>0x2000000004010000</Keywords>
<TimeCreated SystemTime="2020-10-22 20:57:48.067055"></TimeCreated>
<EventRecordID>275</EventRecordID>
<Correlation ActivityID="" RelatedActivityID=""></Correlation>
<Execution ProcessID="3696" ThreadID="4260"></Execution>
<Channel>Microsoft-Windows-Shell-Core/Operational</Channel>
<Computer>WIN-PTFPHFCRDJ0</Computer>
<Security UserID="S-1-5-21-1152959844-3645458174-3779170896-1000"></Security>
</System>
<EventData><Data Name="KeyName">Software\Microsoft\Windows\CurrentVersion\Run</Data>
</EventData>
</Event>

<Event xmlns="http://schemas.microsoft.com/win/2004/08/events/event"><System><Provider Name="Microsoft-Windows-Shell-Core" Guid="{30336ed4-e327-447c-9de0-51b652c86108}"></Provider>
<EventID Qualifiers="">9705</EventID>
<Version>0</Version>
<Level>4</Level>
<Task>9705</Task>
<Opcode>1</Opcode>
<Keywords>0x2000000004010000</Keywords>
<TimeCreated SystemTime="2020-10-22 20:57:48.067101"></TimeCreated>
<EventRecordID>276</EventRecordID>
<Correlation ActivityID="" RelatedActivityID=""></Correlation>
<Execution ProcessID="3696" ThreadID="4260"></Execution>
<Channel>Microsoft-Windows-Shell-Core/Operational</Channel>
<Computer>WIN-PTFPHFCRDJ0</Computer>
<Security UserID="S-1-5-21-1152959844-3645458174-3779170896-1000"></Security>
</System>
<EventData><Data Name="KeyName">Software\Microsoft\Windows\CurrentVersion\Run</Data>
</EventData>
</Event>

<Event xmlns="http://schemas.microsoft.com/win/2004/08/events/event"><System><Provider Name="Microsoft-Windows-Shell-Core" Guid="{30336ed4-e327-447c-9de0-51b652c86108}"></Provider>
<EventID Qualifiers="">9706</EventID>
<Version>0</Version>
<Level>4</Level>
<Task>9705</Task>
<Opcode>2</Opcode>
<Keywords>0x2000000004010000</Keywords>
<TimeCreated SystemTime="2020-10-22 20:57:48.067104"></TimeCreated>
<EventRecordID>277</EventRecordID>
<Correlation ActivityID="" RelatedActivityID=""></Correlation>
<Execution ProcessID="3696" ThreadID="4260"></Execution>
<Channel>Microsoft-Windows-Shell-Core/Operational</Channel>
<Computer>WIN-PTFPHFCRDJ0</Computer>
<Security UserID="S-1-5-21-1152959844-3645458174-3779170896-1000"></Security>
</System>
<EventData><Data Name="KeyName">Software\Microsoft\Windows\CurrentVersion\Run</Data>
</EventData>
</Event>

<Event xmlns="http://schemas.microsoft.com/win/2004/08/events/event"><System><Provider Name="Microsoft-Windows-Shell-Core" Guid="{30336ed4-e327-447c-9de0-51b652c86108}"></Provider>
<EventID Qualifiers="">62144</EventID>
<Version>0</Version>
<Level>4</Level>
<Task>62132</Task>
<Opcode>0</Opcode>
<Keywords>0x2000000000010000</Keywords>
<TimeCreated SystemTime="2020-10-22 20:58:02.745918"></TimeCreated>
<EventRecordID>278</EventRecordID>
<Correlation ActivityID="" RelatedActivityID=""></Correlation>
<Execution ProcessID="3748" ThreadID="1096"></Execution>
<Channel>Microsoft-Windows-Shell-Core/Operational</Channel>
<Computer>WIN-PTFPHFCRDJ0</Computer>
<Security UserID="S-1-5-21-1152959844-3645458174-3779170896-1000"></Security>
</System>
<EventData><Data Name="PackageFamilyName">Windows.PrintDialog_cw5n1h2txyewy</Data>
<Data Name="InstallState">Installing</Data>
<Data Name="ErrorCode">0</Data>
</EventData>
</Event>

<Event xmlns="http://schemas.microsoft.com/win/2004/08/events/event"><System><Provider Name="Microsoft-Windows-Shell-Core" Guid="{30336ed4-e327-447c-9de0-51b652c86108}"></Provider>
<EventID Qualifiers="">62144</EventID>
<Version>0</Version>
<Level>4</Level>
<Task>62132</Task>
<Opcode>0</Opcode>
<Keywords>0x2000000000010000</Keywords>
<TimeCreated SystemTime="2020-10-22 20:58:12.467354"></TimeCreated>
<EventRecordID>279</EventRecordID>
<Correlation ActivityID="" RelatedActivityID=""></Correlation>
<Execution ProcessID="3748" ThreadID="1096"></Execution>
<Channel>Microsoft-Windows-Shell-Core/Operational</Channel>
<Computer>WIN-PTFPHFCRDJ0</Computer>
<Security UserID="S-1-5-21-1152959844-3645458174-3779170896-1000"></Security>
</System>
<EventData><Data Name="PackageFamilyName">Windows.PrintDialog_cw5n1h2txyewy</Data>
<Data Name="InstallState">Completed</Data>
<Data Name="ErrorCode">0</Data>
</EventData>
</Event>

<Event xmlns="http://schemas.microsoft.com/win/2004/08/events/event"><System><Provider Name="Microsoft-Windows-Shell-Core" Guid="{30336ed4-e327-447c-9de0-51b652c86108}"></Provider>
<EventID Qualifiers="">62144</EventID>
<Version>0</Version>
<Level>4</Level>
<Task>62132</Task>
<Opcode>0</Opcode>
<Keywords>0x2000000000010000</Keywords>
<TimeCreated SystemTime="2020-10-22 20:58:12.471842"></TimeCreated>
<EventRecordID>280</EventRecordID>
<Correlation ActivityID="" RelatedActivityID=""></Correlation>
<Execution ProcessID="3748" ThreadID="1096"></Execution>
<Channel>Microsoft-Windows-Shell-Core/Operational</Channel>
<Computer>WIN-PTFPHFCRDJ0</Computer>
<Security UserID="S-1-5-21-1152959844-3645458174-3779170896-1000"></Security>
</System>
<EventData><Data Name="PackageFamilyName">Windows.CBSPreview_cw5n1h2txyewy</Data>
<Data Name="InstallState">Installing</Data>
<Data Name="ErrorCode">0</Data>
</EventData>
</Event>

<Event xmlns="http://schemas.microsoft.com/win/2004/08/events/event"><System><Provider Name="Microsoft-Windows-Shell-Core" Guid="{30336ed4-e327-447c-9de0-51b652c86108}"></Provider>
<EventID Qualifiers="">62144</EventID>
<Version>0</Version>
<Level>4</Level>
<Task>62132</Task>
<Opcode>0</Opcode>
<Keywords>0x2000000000010000</Keywords>
<TimeCreated SystemTime="2020-10-22 20:58:12.881317"></TimeCreated>
<EventRecordID>281</EventRecordID>
<Correlation ActivityID="" RelatedActivityID=""></Correlation>
<Execution ProcessID="3748" ThreadID="1096"></Execution>
<Channel>Microsoft-Windows-Shell-Core/Operational</Channel>
<Computer>WIN-PTFPHFCRDJ0</Computer>
<Security UserID="S-1-5-21-1152959844-3645458174-3779170896-1000"></Security>
</System>
<EventData><Data Name="PackageFamilyName">Windows.CBSPreview_cw5n1h2txyewy</Data>
<Data Name="InstallState">Completed</Data>
<Data Name="ErrorCode">0</Data>
</EventData>
</Event>

<Event xmlns="http://schemas.microsoft.com/win/2004/08/events/event"><System><Provider Name="Microsoft-Windows-Shell-Core" Guid="{30336ed4-e327-447c-9de0-51b652c86108}"></Provider>
<EventID Qualifiers="">62144</EventID>
<Version>0</Version>
<Level>4</Level>
<Task>62132</Task>
<Opcode>0</Opcode>
<Keywords>0x2000000000010000</Keywords>
<TimeCreated SystemTime="2020-10-22 20:58:12.885437"></TimeCreated>
<EventRecordID>282</EventRecordID>
<Correlation ActivityID="" RelatedActivityID=""></Correlation>
<Execution ProcessID="3748" ThreadID="1096"></Execution>
<Channel>Microsoft-Windows-Shell-Core/Operational</Channel>
<Computer>WIN-PTFPHFCRDJ0</Computer>
<Security UserID="S-1-5-21-1152959844-3645458174-3779170896-1000"></Security>
</System>
<EventData><Data Name="PackageFamilyName">Microsoft.Windows.XGpuEjectDialog_cw5n1h2txyewy</Data>
<Data Name="InstallState">Installing</Data>
<Data Name="ErrorCode">0</Data>
</EventData>
</Event>

<Event xmlns="http://schemas.microsoft.com/win/2004/08/events/event"><System><Provider Name="Microsoft-Windows-Shell-Core" Guid="{30336ed4-e327-447c-9de0-51b652c86108}"></Provider>
<EventID Qualifiers="">62144</EventID>
<Version>0</Version>
<Level>4</Level>
<Task>62132</Task>
<Opcode>0</Opcode>
<Keywords>0x2000000000010000</Keywords>
<TimeCreated SystemTime="2020-10-22 20:58:13.365158"></TimeCreated>
<EventRecordID>283</EventRecordID>
<Correlation ActivityID="" RelatedActivityID=""></Correlation>
<Execution ProcessID="3748" ThreadID="1096"></Execution>
<Channel>Microsoft-Windows-Shell-Core/Operational</Channel>
<Computer>WIN-PTFPHFCRDJ0</Computer>
<Security UserID="S-1-5-21-1152959844-3645458174-3779170896-1000"></Security>
</System>
<EventData><Data Name="PackageFamilyName">Microsoft.Windows.XGpuEjectDialog_cw5n1h2txyewy</Data>
<Data Name="InstallState">Completed</Data>
<Data Name="ErrorCode">0</Data>
</EventData>
</Event>

