<Event xmlns="http://schemas.microsoft.com/win/2004/08/events/event"><System><Provider Name="Microsoft-Windows-Shell-Core" Guid="{30336ed4-e327-447c-9de0-51b652c86108}"></Provider>
<EventID Qualifiers="">62170</EventID>
<Version>0</Version>
<Level>4</Level>
<Task>62170</Task>
<Opcode>1</Opcode>
<Keywords>0x2001000200000000</Keywords>
<TimeCreated SystemTime="2020-10-23 18:52:52.630512"></TimeCreated>
<EventRecordID>455</EventRecordID>
<Correlation ActivityID="" RelatedActivityID=""></Correlation>
<Execution ProcessID="2776" ThreadID="904"></Execution>
<Channel>Microsoft-Windows-Shell-Core/Operational</Channel>
<Computer>WIN-PTFPHFCRDJ0</Computer>
<Security UserID="S-1-5-21-1152959844-3645458174-3779170896-1000"></Security>
</System>
<EventData><Data Name="LogonType">8</Data>
<Data Name="TaskName">UgradeTaskFlowPolicy</Data>
</EventData>
</Event>

<Event xmlns="http://schemas.microsoft.com/win/2004/08/events/event"><System><Provider Name="Microsoft-Windows-Shell-Core" Guid="{30336ed4-e327-447c-9de0-51b652c86108}"></Provider>
<EventID Qualifiers="">62171</EventID>
<Version>0</Version>
<Level>4</Level>
<Task>62170</Task>
<Opcode>2</Opcode>
<Keywords>0x2001000200000000</Keywords>
<TimeCreated SystemTime="2020-10-23 18:52:52.630846"></TimeCreated>
<EventRecordID>456</EventRecordID>
<Correlation ActivityID="" RelatedActivityID=""></Correlation>
<Execution ProcessID="2776" ThreadID="904"></Execution>
<Channel>Microsoft-Windows-Shell-Core/Operational</Channel>
<Computer>WIN-PTFPHFCRDJ0</Computer>
<Security UserID="S-1-5-21-1152959844-3645458174-3779170896-1000"></Security>
</System>
<EventData><Data Name="LogonType">8</Data>
<Data Name="TaskName">UgradeTaskFlowPolicy</Data>
</EventData>
</Event>

<Event xmlns="http://schemas.microsoft.com/win/2004/08/events/event"><System><Provider Name="Microsoft-Windows-Shell-Core" Guid="{30336ed4-e327-447c-9de0-51b652c86108}"></Provider>
<EventID Qualifiers="">62170</EventID>
<Version>0</Version>
<Level>4</Level>
<Task>62170</Task>
<Opcode>1</Opcode>
<Keywords>0x2001000200000000</Keywords>
<TimeCreated SystemTime="2020-10-23 18:52:52.631460"></TimeCreated>
<EventRecordID>457</EventRecordID>
<Correlation ActivityID="" RelatedActivityID=""></Correlation>
<Execution ProcessID="2776" ThreadID="540"></Execution>
<Channel>Microsoft-Windows-Shell-Core/Operational</Channel>
<Computer>WIN-PTFPHFCRDJ0</Computer>
<Security UserID="S-1-5-21-1152959844-3645458174-3779170896-1000"></Security>
</System>
<EventData><Data Name="LogonType">8</Data>
<Data Name="TaskName">ShellInitTasks</Data>
</EventData>
</Event>

<Event xmlns="http://schemas.microsoft.com/win/2004/08/events/event"><System><Provider Name="Microsoft-Windows-Shell-Core" Guid="{30336ed4-e327-447c-9de0-51b652c86108}"></Provider>
<EventID Qualifiers="">62170</EventID>
<Version>0</Version>
<Level>4</Level>
<Task>62170</Task>
<Opcode>1</Opcode>
<Keywords>0x2001000200000000</Keywords>
<TimeCreated SystemTime="2020-10-23 18:52:52.631496"></TimeCreated>
<EventRecordID>458</EventRecordID>
<Correlation ActivityID="" RelatedActivityID=""></Correlation>
<Execution ProcessID="2776" ThreadID="540"></Execution>
<Channel>Microsoft-Windows-Shell-Core/Operational</Channel>
<Computer>WIN-PTFPHFCRDJ0</Computer>
<Security UserID="S-1-5-21-1152959844-3645458174-3779170896-1000"></Security>
</System>
<EventData><Data Name="LogonType">8</Data>
<Data Name="TaskName">AppReadinessLogonGroup</Data>
</EventData>
</Event>

<Event xmlns="http://schemas.microsoft.com/win/2004/08/events/event"><System><Provider Name="Microsoft-Windows-Shell-Core" Guid="{30336ed4-e327-447c-9de0-51b652c86108}"></Provider>
<EventID Qualifiers="">62170</EventID>
<Version>0</Version>
<Level>4</Level>
<Task>62170</Task>
<Opcode>1</Opcode>
<Keywords>0x2001000200000000</Keywords>
<TimeCreated SystemTime="2020-10-23 18:52:52.631498"></TimeCreated>
<EventRecordID>459</EventRecordID>
<Correlation ActivityID="" RelatedActivityID=""></Correlation>
<Execution ProcessID="2776" ThreadID="540"></Execution>
<Channel>Microsoft-Windows-Shell-Core/Operational</Channel>
<Computer>WIN-PTFPHFCRDJ0</Computer>
<Security UserID="S-1-5-21-1152959844-3645458174-3779170896-1000"></Security>
</System>
<EventData><Data Name="LogonType">8</Data>
<Data Name="TaskName">UpdatePCSettingsShellInit</Data>
</EventData>
</Event>

<Event xmlns="http://schemas.microsoft.com/win/2004/08/events/event"><System><Provider Name="Microsoft-Windows-Shell-Core" Guid="{30336ed4-e327-447c-9de0-51b652c86108}"></Provider>
<EventID Qualifiers="">62171</EventID>
<Version>0</Version>
<Level>4</Level>
<Task>62170</Task>
<Opcode>2</Opcode>
<Keywords>0x2001000200000000</Keywords>
<TimeCreated SystemTime="2020-10-23 18:52:52.631804"></TimeCreated>
<EventRecordID>460</EventRecordID>
<Correlation ActivityID="" RelatedActivityID=""></Correlation>
<Execution ProcessID="2776" ThreadID="540"></Execution>
<Channel>Microsoft-Windows-Shell-Core/Operational</Channel>
<Computer>WIN-PTFPHFCRDJ0</Computer>
<Security UserID="S-1-5-21-1152959844-3645458174-3779170896-1000"></Security>
</System>
<EventData><Data Name="LogonType">8</Data>
<Data Name="TaskName">UpdatePCSettingsShellInit</Data>
</EventData>
</Event>

<Event xmlns="http://schemas.microsoft.com/win/2004/08/events/event"><System><Provider Name="Microsoft-Windows-Shell-Core" Guid="{30336ed4-e327-447c-9de0-51b652c86108}"></Provider>
<EventID Qualifiers="">62171</EventID>
<Version>0</Version>
<Level>4</Level>
<Task>62170</Task>
<Opcode>2</Opcode>
<Keywords>0x2001000200000000</Keywords>
<TimeCreated SystemTime="2020-10-23 18:52:52.631834"></TimeCreated>
<EventRecordID>461</EventRecordID>
<Correlation ActivityID="" RelatedActivityID=""></Correlation>
<Execution ProcessID="2776" ThreadID="540"></Execution>
<Channel>Microsoft-Windows-Shell-Core/Operational</Channel>
<Computer>WIN-PTFPHFCRDJ0</Computer>
<Security UserID="S-1-5-21-1152959844-3645458174-3779170896-1000"></Security>
</System>
<EventData><Data Name="LogonType">8</Data>
<Data Name="TaskName">AppReadinessLogonGroup</Data>
</EventData>
</Event>

<Event xmlns="http://schemas.microsoft.com/win/2004/08/events/event"><System><Provider Name="Microsoft-Windows-Shell-Core" Guid="{30336ed4-e327-447c-9de0-51b652c86108}"></Provider>
<EventID Qualifiers="">62171</EventID>
<Version>0</Version>
<Level>4</Level>
<Task>62170</Task>
<Opcode>2</Opcode>
<Keywords>0x2001000200000000</Keywords>
<TimeCreated SystemTime="2020-10-23 18:52:52.631836"></TimeCreated>
<EventRecordID>462</EventRecordID>
<Correlation ActivityID="" RelatedActivityID=""></Correlation>
<Execution ProcessID="2776" ThreadID="540"></Execution>
<Channel>Microsoft-Windows-Shell-Core/Operational</Channel>
<Computer>WIN-PTFPHFCRDJ0</Computer>
<Security UserID="S-1-5-21-1152959844-3645458174-3779170896-1000"></Security>
</System>
<EventData><Data Name="LogonType">8</Data>
<Data Name="TaskName">ShellInitTasks</Data>
</EventData>
</Event>

<Event xmlns="http://schemas.microsoft.com/win/2004/08/events/event"><System><Provider Name="Microsoft-Windows-Shell-Core" Guid="{30336ed4-e327-447c-9de0-51b652c86108}"></Provider>
<EventID Qualifiers="">28017</EventID>
<Version>0</Version>
<Level>4</Level>
<Task>28177</Task>
<Opcode>1</Opcode>
<Keywords>0x2000000000010000</Keywords>
<TimeCreated SystemTime="2020-10-23 18:53:02.536686"></TimeCreated>
<EventRecordID>463</EventRecordID>
<Correlation ActivityID="" RelatedActivityID=""></Correlation>
<Execution ProcessID="2776" ThreadID="1112"></Execution>
<Channel>Microsoft-Windows-Shell-Core/Operational</Channel>
<Computer>WIN-PTFPHFCRDJ0</Computer>
<Security UserID="S-1-5-21-1152959844-3645458174-3779170896-1000"></Security>
</System>
<EventData></EventData>
</Event>

<Event xmlns="http://schemas.microsoft.com/win/2004/08/events/event"><System><Provider Name="Microsoft-Windows-Shell-Core" Guid="{30336ed4-e327-447c-9de0-51b652c86108}"></Provider>
<EventID Qualifiers="">28018</EventID>
<Version>0</Version>
<Level>4</Level>
<Task>28177</Task>
<Opcode>2</Opcode>
<Keywords>0x2000000000010000</Keywords>
<TimeCreated SystemTime="2020-10-23 18:53:03.435766"></TimeCreated>
<EventRecordID>464</EventRecordID>
<Correlation ActivityID="" RelatedActivityID=""></Correlation>
<Execution ProcessID="2776" ThreadID="1112"></Execution>
<Channel>Microsoft-Windows-Shell-Core/Operational</Channel>
<Computer>WIN-PTFPHFCRDJ0</Computer>
<Security UserID="S-1-5-21-1152959844-3645458174-3779170896-1000"></Security>
</System>
<EventData></EventData>
</Event>

<Event xmlns="http://schemas.microsoft.com/win/2004/08/events/event"><System><Provider Name="Microsoft-Windows-Shell-Core" Guid="{30336ed4-e327-447c-9de0-51b652c86108}"></Provider>
<EventID Qualifiers="">28019</EventID>
<Version>0</Version>
<Level>4</Level>
<Task>28179</Task>
<Opcode>0</Opcode>
<Keywords>0x2000000000010000</Keywords>
<TimeCreated SystemTime="2020-10-23 18:53:03.438953"></TimeCreated>
<EventRecordID>465</EventRecordID>
<Correlation ActivityID="" RelatedActivityID=""></Correlation>
<Execution ProcessID="2776" ThreadID="1112"></Execution>
<Channel>Microsoft-Windows-Shell-Core/Operational</Channel>
<Computer>WIN-PTFPHFCRDJ0</Computer>
<Security UserID="S-1-5-21-1152959844-3645458174-3779170896-1000"></Security>
</System>
<EventData></EventData>
</Event>

<Event xmlns="http://schemas.microsoft.com/win/2004/08/events/event"><System><Provider Name="Microsoft-Windows-Shell-Core" Guid="{30336ed4-e327-447c-9de0-51b652c86108}"></Provider>
<EventID Qualifiers="">28125</EventID>
<Version>0</Version>
<Level>4</Level>
<Task>28137</Task>
<Opcode>0</Opcode>
<Keywords>0x2000000000010000</Keywords>
<TimeCreated SystemTime="2020-10-23 18:53:04.552500"></TimeCreated>
<EventRecordID>466</EventRecordID>
<Correlation ActivityID="" RelatedActivityID=""></Correlation>
<Execution ProcessID="2776" ThreadID="944"></Execution>
<Channel>Microsoft-Windows-Shell-Core/Operational</Channel>
<Computer>WIN-PTFPHFCRDJ0</Computer>
<Security UserID="S-1-5-21-1152959844-3645458174-3779170896-1000"></Security>
</System>
<EventData><Data Name="Scenario">1</Data>
<Data Name="Flags">2316</Data>
</EventData>
</Event>

<Event xmlns="http://schemas.microsoft.com/win/2004/08/events/event"><System><Provider Name="Microsoft-Windows-Shell-Core" Guid="{30336ed4-e327-447c-9de0-51b652c86108}"></Provider>
<EventID Qualifiers="">62170</EventID>
<Version>0</Version>
<Level>4</Level>
<Task>62170</Task>
<Opcode>1</Opcode>
<Keywords>0x2001000200000000</Keywords>
<TimeCreated SystemTime="2020-10-23 18:53:04.552599"></TimeCreated>
<EventRecordID>467</EventRecordID>
<Correlation ActivityID="" RelatedActivityID=""></Correlation>
<Execution ProcessID="2776" ThreadID="540"></Execution>
<Channel>Microsoft-Windows-Shell-Core/Operational</Channel>
<Computer>WIN-PTFPHFCRDJ0</Computer>
<Security UserID="S-1-5-21-1152959844-3645458174-3779170896-1000"></Security>
</System>
<EventData><Data Name="LogonType">8</Data>
<Data Name="TaskName">PreStartTasks</Data>
</EventData>
</Event>

<Event xmlns="http://schemas.microsoft.com/win/2004/08/events/event"><System><Provider Name="Microsoft-Windows-Shell-Core" Guid="{30336ed4-e327-447c-9de0-51b652c86108}"></Provider>
<EventID Qualifiers="">62170</EventID>
<Version>0</Version>
<Level>4</Level>
<Task>62170</Task>
<Opcode>1</Opcode>
<Keywords>0x2001000200000000</Keywords>
<TimeCreated SystemTime="2020-10-23 18:53:04.552637"></TimeCreated>
<EventRecordID>468</EventRecordID>
<Correlation ActivityID="" RelatedActivityID=""></Correlation>
<Execution ProcessID="2776" ThreadID="540"></Execution>
<Channel>Microsoft-Windows-Shell-Core/Operational</Channel>
<Computer>WIN-PTFPHFCRDJ0</Computer>
<Security UserID="S-1-5-21-1152959844-3645458174-3779170896-1000"></Security>
</System>
<EventData><Data Name="LogonType">8</Data>
<Data Name="TaskName">LaunchExperienceHost</Data>
</EventData>
</Event>

<Event xmlns="http://schemas.microsoft.com/win/2004/08/events/event"><System><Provider Name="Microsoft-Windows-Shell-Core" Guid="{30336ed4-e327-447c-9de0-51b652c86108}"></Provider>
<EventID Qualifiers="">62170</EventID>
<Version>0</Version>
<Level>4</Level>
<Task>62170</Task>
<Opcode>1</Opcode>
<Keywords>0x2001000200000000</Keywords>
<TimeCreated SystemTime="2020-10-23 18:53:04.555260"></TimeCreated>
<EventRecordID>469</EventRecordID>
<Correlation ActivityID="" RelatedActivityID=""></Correlation>
<Execution ProcessID="2776" ThreadID="540"></Execution>
<Channel>Microsoft-Windows-Shell-Core/Operational</Channel>
<Computer>WIN-PTFPHFCRDJ0</Computer>
<Security UserID="S-1-5-21-1152959844-3645458174-3779170896-1000"></Security>
</System>
<EventData><Data Name="LogonType">8</Data>
<Data Name="TaskName">UpdatePCSettingsPreStart</Data>
</EventData>
</Event>

<Event xmlns="http://schemas.microsoft.com/win/2004/08/events/event"><System><Provider Name="Microsoft-Windows-Shell-Core" Guid="{30336ed4-e327-447c-9de0-51b652c86108}"></Provider>
<EventID Qualifiers="">62171</EventID>
<Version>0</Version>
<Level>4</Level>
<Task>62170</Task>
<Opcode>2</Opcode>
<Keywords>0x2001000200000000</Keywords>
<TimeCreated SystemTime="2020-10-23 18:53:04.555262"></TimeCreated>
<EventRecordID>470</EventRecordID>
<Correlation ActivityID="" RelatedActivityID=""></Correlation>
<Execution ProcessID="2776" ThreadID="540"></Execution>
<Channel>Microsoft-Windows-Shell-Core/Operational</Channel>
<Computer>WIN-PTFPHFCRDJ0</Computer>
<Security UserID="S-1-5-21-1152959844-3645458174-3779170896-1000"></Security>
</System>
<EventData><Data Name="LogonType">8</Data>
<Data Name="TaskName">UpdatePCSettingsPreStart</Data>
</EventData>
</Event>

<Event xmlns="http://schemas.microsoft.com/win/2004/08/events/event"><System><Provider Name="Microsoft-Windows-Shell-Core" Guid="{30336ed4-e327-447c-9de0-51b652c86108}"></Provider>
<EventID Qualifiers="">62170</EventID>
<Version>0</Version>
<Level>4</Level>
<Task>62170</Task>
<Opcode>1</Opcode>
<Keywords>0x2001000200000000</Keywords>
<TimeCreated SystemTime="2020-10-23 18:53:04.555262"></TimeCreated>
<EventRecordID>471</EventRecordID>
<Correlation ActivityID="" RelatedActivityID=""></Correlation>
<Execution ProcessID="2776" ThreadID="540"></Execution>
<Channel>Microsoft-Windows-Shell-Core/Operational</Channel>
<Computer>WIN-PTFPHFCRDJ0</Computer>
<Security UserID="S-1-5-21-1152959844-3645458174-3779170896-1000"></Security>
</System>
<EventData><Data Name="LogonType">8</Data>
<Data Name="TaskName">EnterpriseProvisioning</Data>
</EventData>
</Event>

<Event xmlns="http://schemas.microsoft.com/win/2004/08/events/event"><System><Provider Name="Microsoft-Windows-Shell-Core" Guid="{30336ed4-e327-447c-9de0-51b652c86108}"></Provider>
<EventID Qualifiers="">62171</EventID>
<Version>0</Version>
<Level>4</Level>
<Task>62170</Task>
<Opcode>2</Opcode>
<Keywords>0x2001000200000000</Keywords>
<TimeCreated SystemTime="2020-10-23 18:53:04.555262"></TimeCreated>
<EventRecordID>472</EventRecordID>
<Correlation ActivityID="" RelatedActivityID=""></Correlation>
<Execution ProcessID="2776" ThreadID="540"></Execution>
<Channel>Microsoft-Windows-Shell-Core/Operational</Channel>
<Computer>WIN-PTFPHFCRDJ0</Computer>
<Security UserID="S-1-5-21-1152959844-3645458174-3779170896-1000"></Security>
</System>
<EventData><Data Name="LogonType">8</Data>
<Data Name="TaskName">EnterpriseProvisioning</Data>
</EventData>
</Event>

<Event xmlns="http://schemas.microsoft.com/win/2004/08/events/event"><System><Provider Name="Microsoft-Windows-Shell-Core" Guid="{30336ed4-e327-447c-9de0-51b652c86108}"></Provider>
<EventID Qualifiers="">62170</EventID>
<Version>0</Version>
<Level>4</Level>
<Task>62170</Task>
<Opcode>1</Opcode>
<Keywords>0x2001000200000000</Keywords>
<TimeCreated SystemTime="2020-10-23 18:53:04.555264"></TimeCreated>
<EventRecordID>473</EventRecordID>
<Correlation ActivityID="" RelatedActivityID=""></Correlation>
<Execution ProcessID="2776" ThreadID="540"></Execution>
<Channel>Microsoft-Windows-Shell-Core/Operational</Channel>
<Computer>WIN-PTFPHFCRDJ0</Computer>
<Security UserID="S-1-5-21-1152959844-3645458174-3779170896-1000"></Security>
</System>
<EventData><Data Name="LogonType">8</Data>
<Data Name="TaskName">PerUserSetup</Data>
</EventData>
</Event>

<Event xmlns="http://schemas.microsoft.com/win/2004/08/events/event"><System><Provider Name="Microsoft-Windows-Shell-Core" Guid="{30336ed4-e327-447c-9de0-51b652c86108}"></Provider>
<EventID Qualifiers="">62171</EventID>
<Version>0</Version>
<Level>4</Level>
<Task>62170</Task>
<Opcode>2</Opcode>
<Keywords>0x2001000200000000</Keywords>
<TimeCreated SystemTime="2020-10-23 18:53:04.879862"></TimeCreated>
<EventRecordID>474</EventRecordID>
<Correlation ActivityID="" RelatedActivityID=""></Correlation>
<Execution ProcessID="2776" ThreadID="540"></Execution>
<Channel>Microsoft-Windows-Shell-Core/Operational</Channel>
<Computer>WIN-PTFPHFCRDJ0</Computer>
<Security UserID="S-1-5-21-1152959844-3645458174-3779170896-1000"></Security>
</System>
<EventData><Data Name="LogonType">8</Data>
<Data Name="TaskName">StartLayoutInit</Data>
</EventData>
</Event>

<Event xmlns="http://schemas.microsoft.com/win/2004/08/events/event"><System><Provider Name="Microsoft-Windows-Shell-Core" Guid="{30336ed4-e327-447c-9de0-51b652c86108}"></Provider>
<EventID Qualifiers="">28017</EventID>
<Version>0</Version>
<Level>4</Level>
<Task>28177</Task>
<Opcode>1</Opcode>
<Keywords>0x2000000000010000</Keywords>
<TimeCreated SystemTime="2020-10-23 18:53:14.553543"></TimeCreated>
<EventRecordID>475</EventRecordID>
<Correlation ActivityID="" RelatedActivityID=""></Correlation>
<Execution ProcessID="2776" ThreadID="1112"></Execution>
<Channel>Microsoft-Windows-Shell-Core/Operational</Channel>
<Computer>WIN-PTFPHFCRDJ0</Computer>
<Security UserID="S-1-5-21-1152959844-3645458174-3779170896-1000"></Security>
</System>
<EventData></EventData>
</Event>

<Event xmlns="http://schemas.microsoft.com/win/2004/08/events/event"><System><Provider Name="Microsoft-Windows-Shell-Core" Guid="{30336ed4-e327-447c-9de0-51b652c86108}"></Provider>
<EventID Qualifiers="">28018</EventID>
<Version>0</Version>
<Level>4</Level>
<Task>28177</Task>
<Opcode>2</Opcode>
<Keywords>0x2000000000010000</Keywords>
<TimeCreated SystemTime="2020-10-23 18:53:14.560335"></TimeCreated>
<EventRecordID>476</EventRecordID>
<Correlation ActivityID="" RelatedActivityID=""></Correlation>
<Execution ProcessID="2776" ThreadID="1112"></Execution>
<Channel>Microsoft-Windows-Shell-Core/Operational</Channel>
<Computer>WIN-PTFPHFCRDJ0</Computer>
<Security UserID="S-1-5-21-1152959844-3645458174-3779170896-1000"></Security>
</System>
<EventData></EventData>
</Event>

<Event xmlns="http://schemas.microsoft.com/win/2004/08/events/event"><System><Provider Name="Microsoft-Windows-Shell-Core" Guid="{30336ed4-e327-447c-9de0-51b652c86108}"></Provider>
<EventID Qualifiers="">62171</EventID>
<Version>0</Version>
<Level>4</Level>
<Task>62170</Task>
<Opcode>2</Opcode>
<Keywords>0x2001000200000000</Keywords>
<TimeCreated SystemTime="2020-10-23 18:53:17.827560"></TimeCreated>
<EventRecordID>477</EventRecordID>
<Correlation ActivityID="" RelatedActivityID=""></Correlation>
<Execution ProcessID="2776" ThreadID="540"></Execution>
<Channel>Microsoft-Windows-Shell-Core/Operational</Channel>
<Computer>WIN-PTFPHFCRDJ0</Computer>
<Security UserID="S-1-5-21-1152959844-3645458174-3779170896-1000"></Security>
</System>
<EventData><Data Name="LogonType">8</Data>
<Data Name="TaskName">LaunchExperienceHost</Data>
</EventData>
</Event>

<Event xmlns="http://schemas.microsoft.com/win/2004/08/events/event"><System><Provider Name="Microsoft-Windows-Shell-Core" Guid="{30336ed4-e327-447c-9de0-51b652c86108}"></Provider>
<EventID Qualifiers="">62171</EventID>
<Version>0</Version>
<Level>4</Level>
<Task>62170</Task>
<Opcode>2</Opcode>
<Keywords>0x2001000200000000</Keywords>
<TimeCreated SystemTime="2020-10-23 18:53:17.827566"></TimeCreated>
<EventRecordID>478</EventRecordID>
<Correlation ActivityID="" RelatedActivityID=""></Correlation>
<Execution ProcessID="2776" ThreadID="540"></Execution>
<Channel>Microsoft-Windows-Shell-Core/Operational</Channel>
<Computer>WIN-PTFPHFCRDJ0</Computer>
<Security UserID="S-1-5-21-1152959844-3645458174-3779170896-1000"></Security>
</System>
<EventData><Data Name="LogonType">8</Data>
<Data Name="TaskName">PerUserSetup</Data>
</EventData>
</Event>

<Event xmlns="http://schemas.microsoft.com/win/2004/08/events/event"><System><Provider Name="Microsoft-Windows-Shell-Core" Guid="{30336ed4-e327-447c-9de0-51b652c86108}"></Provider>
<EventID Qualifiers="">62171</EventID>
<Version>0</Version>
<Level>4</Level>
<Task>62170</Task>
<Opcode>2</Opcode>
<Keywords>0x2001000200000000</Keywords>
<TimeCreated SystemTime="2020-10-23 18:53:17.827568"></TimeCreated>
<EventRecordID>479</EventRecordID>
<Correlation ActivityID="" RelatedActivityID=""></Correlation>
<Execution ProcessID="2776" ThreadID="540"></Execution>
<Channel>Microsoft-Windows-Shell-Core/Operational</Channel>
<Computer>WIN-PTFPHFCRDJ0</Computer>
<Security UserID="S-1-5-21-1152959844-3645458174-3779170896-1000"></Security>
</System>
<EventData><Data Name="LogonType">8</Data>
<Data Name="TaskName">PreStartTasks</Data>
</EventData>
</Event>

<Event xmlns="http://schemas.microsoft.com/win/2004/08/events/event"><System><Provider Name="Microsoft-Windows-Shell-Core" Guid="{30336ed4-e327-447c-9de0-51b652c86108}"></Provider>
<EventID Qualifiers="">62171</EventID>
<Version>0</Version>
<Level>4</Level>
<Task>62170</Task>
<Opcode>2</Opcode>
<Keywords>0x2001000200000000</Keywords>
<TimeCreated SystemTime="2020-10-23 18:53:17.834745"></TimeCreated>
<EventRecordID>480</EventRecordID>
<Correlation ActivityID="" RelatedActivityID=""></Correlation>
<Execution ProcessID="2776" ThreadID="540"></Execution>
<Channel>Microsoft-Windows-Shell-Core/Operational</Channel>
<Computer>WIN-PTFPHFCRDJ0</Computer>
<Security UserID="S-1-5-21-1152959844-3645458174-3779170896-1000"></Security>
</System>
<EventData><Data Name="LogonType">8</Data>
<Data Name="TaskName">AllLogonTasks</Data>
</EventData>
</Event>

<Event xmlns="http://schemas.microsoft.com/win/2004/08/events/event"><System><Provider Name="Microsoft-Windows-Shell-Core" Guid="{30336ed4-e327-447c-9de0-51b652c86108}"></Provider>
<EventID Qualifiers="">62170</EventID>
<Version>0</Version>
<Level>4</Level>
<Task>62170</Task>
<Opcode>1</Opcode>
<Keywords>0x2001000200000000</Keywords>
<TimeCreated SystemTime="2020-10-23 18:53:17.834938"></TimeCreated>
<EventRecordID>481</EventRecordID>
<Correlation ActivityID="" RelatedActivityID=""></Correlation>
<Execution ProcessID="2776" ThreadID="540"></Execution>
<Channel>Microsoft-Windows-Shell-Core/Operational</Channel>
<Computer>WIN-PTFPHFCRDJ0</Computer>
<Security UserID="S-1-5-21-1152959844-3645458174-3779170896-1000"></Security>
</System>
<EventData><Data Name="LogonType">8</Data>
<Data Name="TaskName">PostStartTasks</Data>
</EventData>
</Event>

<Event xmlns="http://schemas.microsoft.com/win/2004/08/events/event"><System><Provider Name="Microsoft-Windows-Shell-Core" Guid="{30336ed4-e327-447c-9de0-51b652c86108}"></Provider>
<EventID Qualifiers="">62170</EventID>
<Version>0</Version>
<Level>4</Level>
<Task>62170</Task>
<Opcode>1</Opcode>
<Keywords>0x2001000200000000</Keywords>
<TimeCreated SystemTime="2020-10-23 18:53:17.835020"></TimeCreated>
<EventRecordID>482</EventRecordID>
<Correlation ActivityID="" RelatedActivityID=""></Correlation>
<Execution ProcessID="2776" ThreadID="1112"></Execution>
<Channel>Microsoft-Windows-Shell-Core/Operational</Channel>
<Computer>WIN-PTFPHFCRDJ0</Computer>
<Security UserID="S-1-5-21-1152959844-3645458174-3779170896-1000"></Security>
</System>
<EventData><Data Name="LogonType">8</Data>
<Data Name="TaskName">PerUserSetupPostStart</Data>
</EventData>
</Event>

<Event xmlns="http://schemas.microsoft.com/win/2004/08/events/event"><System><Provider Name="Microsoft-Windows-Shell-Core" Guid="{30336ed4-e327-447c-9de0-51b652c86108}"></Provider>
<EventID Qualifiers="">62171</EventID>
<Version>0</Version>
<Level>4</Level>
<Task>62170</Task>
<Opcode>2</Opcode>
<Keywords>0x2001000200000000</Keywords>
<TimeCreated SystemTime="2020-10-23 18:53:17.835022"></TimeCreated>
<EventRecordID>483</EventRecordID>
<Correlation ActivityID="" RelatedActivityID=""></Correlation>
<Execution ProcessID="2776" ThreadID="1112"></Execution>
<Channel>Microsoft-Windows-Shell-Core/Operational</Channel>
<Computer>WIN-PTFPHFCRDJ0</Computer>
<Security UserID="S-1-5-21-1152959844-3645458174-3779170896-1000"></Security>
</System>
<EventData><Data Name="LogonType">8</Data>
<Data Name="TaskName">PerUserSetupPostStart</Data>
</EventData>
</Event>

<Event xmlns="http://schemas.microsoft.com/win/2004/08/events/event"><System><Provider Name="Microsoft-Windows-Shell-Core" Guid="{30336ed4-e327-447c-9de0-51b652c86108}"></Provider>
<EventID Qualifiers="">62170</EventID>
<Version>0</Version>
<Level>4</Level>
<Task>62170</Task>
<Opcode>1</Opcode>
<Keywords>0x2001000200000000</Keywords>
<TimeCreated SystemTime="2020-10-23 18:53:17.835081"></TimeCreated>
<EventRecordID>484</EventRecordID>
<Correlation ActivityID="" RelatedActivityID=""></Correlation>
<Execution ProcessID="2776" ThreadID="1112"></Execution>
<Channel>Microsoft-Windows-Shell-Core/Operational</Channel>
<Computer>WIN-PTFPHFCRDJ0</Computer>
<Security UserID="S-1-5-21-1152959844-3645458174-3779170896-1000"></Security>
</System>
<EventData><Data Name="LogonType">8</Data>
<Data Name="TaskName">LaunchExperienceHostPostStart</Data>
</EventData>
</Event>

<Event xmlns="http://schemas.microsoft.com/win/2004/08/events/event"><System><Provider Name="Microsoft-Windows-Shell-Core" Guid="{30336ed4-e327-447c-9de0-51b652c86108}"></Provider>
<EventID Qualifiers="">62171</EventID>
<Version>0</Version>
<Level>4</Level>
<Task>62170</Task>
<Opcode>2</Opcode>
<Keywords>0x2001000200000000</Keywords>
<TimeCreated SystemTime="2020-10-23 18:53:17.835083"></TimeCreated>
<EventRecordID>485</EventRecordID>
<Correlation ActivityID="" RelatedActivityID=""></Correlation>
<Execution ProcessID="2776" ThreadID="1112"></Execution>
<Channel>Microsoft-Windows-Shell-Core/Operational</Channel>
<Computer>WIN-PTFPHFCRDJ0</Computer>
<Security UserID="S-1-5-21-1152959844-3645458174-3779170896-1000"></Security>
</System>
<EventData><Data Name="LogonType">8</Data>
<Data Name="TaskName">LaunchExperienceHostPostStart</Data>
</EventData>
</Event>

<Event xmlns="http://schemas.microsoft.com/win/2004/08/events/event"><System><Provider Name="Microsoft-Windows-Shell-Core" Guid="{30336ed4-e327-447c-9de0-51b652c86108}"></Provider>
<EventID Qualifiers="">62170</EventID>
<Version>0</Version>
<Level>4</Level>
<Task>62170</Task>
<Opcode>1</Opcode>
<Keywords>0x2001000200000000</Keywords>
<TimeCreated SystemTime="2020-10-23 18:53:17.835094"></TimeCreated>
<EventRecordID>486</EventRecordID>
<Correlation ActivityID="" RelatedActivityID=""></Correlation>
<Execution ProcessID="2776" ThreadID="1112"></Execution>
<Channel>Microsoft-Windows-Shell-Core/Operational</Channel>
<Computer>WIN-PTFPHFCRDJ0</Computer>
<Security UserID="S-1-5-21-1152959844-3645458174-3779170896-1000"></Security>
</System>
<EventData><Data Name="LogonType">8</Data>
<Data Name="TaskName">LaunchPeopleExperiencePostStart</Data>
</EventData>
</Event>

<Event xmlns="http://schemas.microsoft.com/win/2004/08/events/event"><System><Provider Name="Microsoft-Windows-Shell-Core" Guid="{30336ed4-e327-447c-9de0-51b652c86108}"></Provider>
<EventID Qualifiers="">62171</EventID>
<Version>0</Version>
<Level>4</Level>
<Task>62170</Task>
<Opcode>2</Opcode>
<Keywords>0x2001000200000000</Keywords>
<TimeCreated SystemTime="2020-10-23 18:53:17.835167"></TimeCreated>
<EventRecordID>487</EventRecordID>
<Correlation ActivityID="" RelatedActivityID=""></Correlation>
<Execution ProcessID="2776" ThreadID="1112"></Execution>
<Channel>Microsoft-Windows-Shell-Core/Operational</Channel>
<Computer>WIN-PTFPHFCRDJ0</Computer>
<Security UserID="S-1-5-21-1152959844-3645458174-3779170896-1000"></Security>
</System>
<EventData><Data Name="LogonType">8</Data>
<Data Name="TaskName">LaunchPeopleExperiencePostStart</Data>
</EventData>
</Event>

<Event xmlns="http://schemas.microsoft.com/win/2004/08/events/event"><System><Provider Name="Microsoft-Windows-Shell-Core" Guid="{30336ed4-e327-447c-9de0-51b652c86108}"></Provider>
<EventID Qualifiers="">62170</EventID>
<Version>0</Version>
<Level>4</Level>
<Task>62170</Task>
<Opcode>1</Opcode>
<Keywords>0x2001000200000000</Keywords>
<TimeCreated SystemTime="2020-10-23 18:53:17.835188"></TimeCreated>
<EventRecordID>488</EventRecordID>
<Correlation ActivityID="" RelatedActivityID=""></Correlation>
<Execution ProcessID="2776" ThreadID="1112"></Execution>
<Channel>Microsoft-Windows-Shell-Core/Operational</Channel>
<Computer>WIN-PTFPHFCRDJ0</Computer>
<Security UserID="S-1-5-21-1152959844-3645458174-3779170896-1000"></Security>
</System>
<EventData><Data Name="LogonType">8</Data>
<Data Name="TaskName">LaunchLockAppHostPostStart</Data>
</EventData>
</Event>

<Event xmlns="http://schemas.microsoft.com/win/2004/08/events/event"><System><Provider Name="Microsoft-Windows-Shell-Core" Guid="{30336ed4-e327-447c-9de0-51b652c86108}"></Provider>
<EventID Qualifiers="">62171</EventID>
<Version>0</Version>
<Level>4</Level>
<Task>62170</Task>
<Opcode>2</Opcode>
<Keywords>0x2001000200000000</Keywords>
<TimeCreated SystemTime="2020-10-23 18:53:17.835194"></TimeCreated>
<EventRecordID>489</EventRecordID>
<Correlation ActivityID="" RelatedActivityID=""></Correlation>
<Execution ProcessID="2776" ThreadID="1112"></Execution>
<Channel>Microsoft-Windows-Shell-Core/Operational</Channel>
<Computer>WIN-PTFPHFCRDJ0</Computer>
<Security UserID="S-1-5-21-1152959844-3645458174-3779170896-1000"></Security>
</System>
<EventData><Data Name="LogonType">8</Data>
<Data Name="TaskName">LaunchLockAppHostPostStart</Data>
</EventData>
</Event>

<Event xmlns="http://schemas.microsoft.com/win/2004/08/events/event"><System><Provider Name="Microsoft-Windows-Shell-Core" Guid="{30336ed4-e327-447c-9de0-51b652c86108}"></Provider>
<EventID Qualifiers="">62170</EventID>
<Version>0</Version>
<Level>4</Level>
<Task>62170</Task>
<Opcode>1</Opcode>
<Keywords>0x2001000200000000</Keywords>
<TimeCreated SystemTime="2020-10-23 18:53:17.835205"></TimeCreated>
<EventRecordID>490</EventRecordID>
<Correlation ActivityID="" RelatedActivityID=""></Correlation>
<Execution ProcessID="2776" ThreadID="1112"></Execution>
<Channel>Microsoft-Windows-Shell-Core/Operational</Channel>
<Computer>WIN-PTFPHFCRDJ0</Computer>
<Security UserID="S-1-5-21-1152959844-3645458174-3779170896-1000"></Security>
</System>
<EventData><Data Name="LogonType">8</Data>
<Data Name="TaskName">LaunchInputDialListenerPostStart</Data>
</EventData>
</Event>

<Event xmlns="http://schemas.microsoft.com/win/2004/08/events/event"><System><Provider Name="Microsoft-Windows-Shell-Core" Guid="{30336ed4-e327-447c-9de0-51b652c86108}"></Provider>
<EventID Qualifiers="">62170</EventID>
<Version>0</Version>
<Level>4</Level>
<Task>62170</Task>
<Opcode>1</Opcode>
<Keywords>0x2001000200000000</Keywords>
<TimeCreated SystemTime="2020-10-23 18:53:17.838314"></TimeCreated>
<EventRecordID>491</EventRecordID>
<Correlation ActivityID="" RelatedActivityID=""></Correlation>
<Execution ProcessID="2776" ThreadID="904"></Execution>
<Channel>Microsoft-Windows-Shell-Core/Operational</Channel>
<Computer>WIN-PTFPHFCRDJ0</Computer>
<Security UserID="S-1-5-21-1152959844-3645458174-3779170896-1000"></Security>
</System>
<EventData><Data Name="LogonType">8</Data>
<Data Name="TaskName">NotifyTrayStartIsReady</Data>
</EventData>
</Event>

<Event xmlns="http://schemas.microsoft.com/win/2004/08/events/event"><System><Provider Name="Microsoft-Windows-Shell-Core" Guid="{30336ed4-e327-447c-9de0-51b652c86108}"></Provider>
<EventID Qualifiers="">62171</EventID>
<Version>0</Version>
<Level>4</Level>
<Task>62170</Task>
<Opcode>2</Opcode>
<Keywords>0x2001000200000000</Keywords>
<TimeCreated SystemTime="2020-10-23 18:53:17.838362"></TimeCreated>
<EventRecordID>492</EventRecordID>
<Correlation ActivityID="" RelatedActivityID=""></Correlation>
<Execution ProcessID="2776" ThreadID="904"></Execution>
<Channel>Microsoft-Windows-Shell-Core/Operational</Channel>
<Computer>WIN-PTFPHFCRDJ0</Computer>
<Security UserID="S-1-5-21-1152959844-3645458174-3779170896-1000"></Security>
</System>
<EventData><Data Name="LogonType">8</Data>
<Data Name="TaskName">NotifyTrayStartIsReady</Data>
</EventData>
</Event>

<Event xmlns="http://schemas.microsoft.com/win/2004/08/events/event"><System><Provider Name="Microsoft-Windows-Shell-Core" Guid="{30336ed4-e327-447c-9de0-51b652c86108}"></Provider>
<EventID Qualifiers="">62170</EventID>
<Version>0</Version>
<Level>4</Level>
<Task>62170</Task>
<Opcode>1</Opcode>
<Keywords>0x2001000200000000</Keywords>
<TimeCreated SystemTime="2020-10-23 18:53:17.838537"></TimeCreated>
<EventRecordID>493</EventRecordID>
<Correlation ActivityID="" RelatedActivityID=""></Correlation>
<Execution ProcessID="2776" ThreadID="904"></Execution>
<Channel>Microsoft-Windows-Shell-Core/Operational</Channel>
<Computer>WIN-PTFPHFCRDJ0</Computer>
<Security UserID="S-1-5-21-1152959844-3645458174-3779170896-1000"></Security>
</System>
<EventData><Data Name="LogonType">8</Data>
<Data Name="TaskName">RoamingPayload3</Data>
</EventData>
</Event>

<Event xmlns="http://schemas.microsoft.com/win/2004/08/events/event"><System><Provider Name="Microsoft-Windows-Shell-Core" Guid="{30336ed4-e327-447c-9de0-51b652c86108}"></Provider>
<EventID Qualifiers="">62171</EventID>
<Version>0</Version>
<Level>4</Level>
<Task>62170</Task>
<Opcode>2</Opcode>
<Keywords>0x2001000200000000</Keywords>
<TimeCreated SystemTime="2020-10-23 18:53:17.838581"></TimeCreated>
<EventRecordID>494</EventRecordID>
<Correlation ActivityID="" RelatedActivityID=""></Correlation>
<Execution ProcessID="2776" ThreadID="904"></Execution>
<Channel>Microsoft-Windows-Shell-Core/Operational</Channel>
<Computer>WIN-PTFPHFCRDJ0</Computer>
<Security UserID="S-1-5-21-1152959844-3645458174-3779170896-1000"></Security>
</System>
<EventData><Data Name="LogonType">8</Data>
<Data Name="TaskName">RoamingPayload3</Data>
</EventData>
</Event>

<Event xmlns="http://schemas.microsoft.com/win/2004/08/events/event"><System><Provider Name="Microsoft-Windows-Shell-Core" Guid="{30336ed4-e327-447c-9de0-51b652c86108}"></Provider>
<EventID Qualifiers="">62170</EventID>
<Version>0</Version>
<Level>4</Level>
<Task>62170</Task>
<Opcode>1</Opcode>
<Keywords>0x2001000200000000</Keywords>
<TimeCreated SystemTime="2020-10-23 18:53:17.838600"></TimeCreated>
<EventRecordID>495</EventRecordID>
<Correlation ActivityID="" RelatedActivityID=""></Correlation>
<Execution ProcessID="2776" ThreadID="904"></Execution>
<Channel>Microsoft-Windows-Shell-Core/Operational</Channel>
<Computer>WIN-PTFPHFCRDJ0</Computer>
<Security UserID="S-1-5-21-1152959844-3645458174-3779170896-1000"></Security>
</System>
<EventData><Data Name="LogonType">8</Data>
<Data Name="TaskName">AppReadinessNotifyLogonComplete</Data>
</EventData>
</Event>

<Event xmlns="http://schemas.microsoft.com/win/2004/08/events/event"><System><Provider Name="Microsoft-Windows-Shell-Core" Guid="{30336ed4-e327-447c-9de0-51b652c86108}"></Provider>
<EventID Qualifiers="">62171</EventID>
<Version>0</Version>
<Level>4</Level>
<Task>62170</Task>
<Opcode>2</Opcode>
<Keywords>0x2001000200000000</Keywords>
<TimeCreated SystemTime="2020-10-23 18:53:17.838623"></TimeCreated>
<EventRecordID>496</EventRecordID>
<Correlation ActivityID="" RelatedActivityID=""></Correlation>
<Execution ProcessID="2776" ThreadID="904"></Execution>
<Channel>Microsoft-Windows-Shell-Core/Operational</Channel>
<Computer>WIN-PTFPHFCRDJ0</Computer>
<Security UserID="S-1-5-21-1152959844-3645458174-3779170896-1000"></Security>
</System>
<EventData><Data Name="LogonType">8</Data>
<Data Name="TaskName">AppReadinessNotifyLogonComplete</Data>
</EventData>
</Event>

<Event xmlns="http://schemas.microsoft.com/win/2004/08/events/event"><System><Provider Name="Microsoft-Windows-Shell-Core" Guid="{30336ed4-e327-447c-9de0-51b652c86108}"></Provider>
<EventID Qualifiers="">62170</EventID>
<Version>0</Version>
<Level>4</Level>
<Task>62170</Task>
<Opcode>1</Opcode>
<Keywords>0x2001000200000000</Keywords>
<TimeCreated SystemTime="2020-10-23 18:53:17.838640"></TimeCreated>
<EventRecordID>497</EventRecordID>
<Correlation ActivityID="" RelatedActivityID=""></Correlation>
<Execution ProcessID="2776" ThreadID="904"></Execution>
<Channel>Microsoft-Windows-Shell-Core/Operational</Channel>
<Computer>WIN-PTFPHFCRDJ0</Computer>
<Security UserID="S-1-5-21-1152959844-3645458174-3779170896-1000"></Security>
</System>
<EventData><Data Name="LogonType">8</Data>
<Data Name="TaskName">ARSFirstRunTelemetry</Data>
</EventData>
</Event>

<Event xmlns="http://schemas.microsoft.com/win/2004/08/events/event"><System><Provider Name="Microsoft-Windows-Shell-Core" Guid="{30336ed4-e327-447c-9de0-51b652c86108}"></Provider>
<EventID Qualifiers="">62170</EventID>
<Version>0</Version>
<Level>4</Level>
<Task>62170</Task>
<Opcode>1</Opcode>
<Keywords>0x2001000200000000</Keywords>
<TimeCreated SystemTime="2020-10-23 18:53:17.839415"></TimeCreated>
<EventRecordID>498</EventRecordID>
<Correlation ActivityID="" RelatedActivityID=""></Correlation>
<Execution ProcessID="2776" ThreadID="3236"></Execution>
<Channel>Microsoft-Windows-Shell-Core/Operational</Channel>
<Computer>WIN-PTFPHFCRDJ0</Computer>
<Security UserID="S-1-5-21-1152959844-3645458174-3779170896-1000"></Security>
</System>
<EventData><Data Name="LogonType">8</Data>
<Data Name="TaskName">OEMFirstRunTelemetry</Data>
</EventData>
</Event>

<Event xmlns="http://schemas.microsoft.com/win/2004/08/events/event"><System><Provider Name="Microsoft-Windows-Shell-Core" Guid="{30336ed4-e327-447c-9de0-51b652c86108}"></Provider>
<EventID Qualifiers="">62171</EventID>
<Version>0</Version>
<Level>4</Level>
<Task>62170</Task>
<Opcode>2</Opcode>
<Keywords>0x2001000200000000</Keywords>
<TimeCreated SystemTime="2020-10-23 18:53:17.839443"></TimeCreated>
<EventRecordID>499</EventRecordID>
<Correlation ActivityID="" RelatedActivityID=""></Correlation>
<Execution ProcessID="2776" ThreadID="3236"></Execution>
<Channel>Microsoft-Windows-Shell-Core/Operational</Channel>
<Computer>WIN-PTFPHFCRDJ0</Computer>
<Security UserID="S-1-5-21-1152959844-3645458174-3779170896-1000"></Security>
</System>
<EventData><Data Name="LogonType">8</Data>
<Data Name="TaskName">OEMFirstRunTelemetry</Data>
</EventData>
</Event>

<Event xmlns="http://schemas.microsoft.com/win/2004/08/events/event"><System><Provider Name="Microsoft-Windows-Shell-Core" Guid="{30336ed4-e327-447c-9de0-51b652c86108}"></Provider>
<EventID Qualifiers="">62171</EventID>
<Version>0</Version>
<Level>4</Level>
<Task>62170</Task>
<Opcode>2</Opcode>
<Keywords>0x2001000200000000</Keywords>
<TimeCreated SystemTime="2020-10-23 18:53:17.839556"></TimeCreated>
<EventRecordID>500</EventRecordID>
<Correlation ActivityID="" RelatedActivityID=""></Correlation>
<Execution ProcessID="2776" ThreadID="540"></Execution>
<Channel>Microsoft-Windows-Shell-Core/Operational</Channel>
<Computer>WIN-PTFPHFCRDJ0</Computer>
<Security UserID="S-1-5-21-1152959844-3645458174-3779170896-1000"></Security>
</System>
<EventData><Data Name="LogonType">8</Data>
<Data Name="TaskName">PostStartTasks</Data>
</EventData>
</Event>

<Event xmlns="http://schemas.microsoft.com/win/2004/08/events/event"><System><Provider Name="Microsoft-Windows-Shell-Core" Guid="{30336ed4-e327-447c-9de0-51b652c86108}"></Provider>
<EventID Qualifiers="">62171</EventID>
<Version>0</Version>
<Level>4</Level>
<Task>62170</Task>
<Opcode>2</Opcode>
<Keywords>0x2001000200000000</Keywords>
<TimeCreated SystemTime="2020-10-23 18:53:17.850128"></TimeCreated>
<EventRecordID>501</EventRecordID>
<Correlation ActivityID="" RelatedActivityID=""></Correlation>
<Execution ProcessID="2776" ThreadID="1112"></Execution>
<Channel>Microsoft-Windows-Shell-Core/Operational</Channel>
<Computer>WIN-PTFPHFCRDJ0</Computer>
<Security UserID="S-1-5-21-1152959844-3645458174-3779170896-1000"></Security>
</System>
<EventData><Data Name="LogonType">8</Data>
<Data Name="TaskName">LaunchInputDialListenerPostStart</Data>
</EventData>
</Event>

<Event xmlns="http://schemas.microsoft.com/win/2004/08/events/event"><System><Provider Name="Microsoft-Windows-Shell-Core" Guid="{30336ed4-e327-447c-9de0-51b652c86108}"></Provider>
<EventID Qualifiers="">62171</EventID>
<Version>0</Version>
<Level>4</Level>
<Task>62170</Task>
<Opcode>2</Opcode>
<Keywords>0x2001000200000000</Keywords>
<TimeCreated SystemTime="2020-10-23 18:53:17.856743"></TimeCreated>
<EventRecordID>502</EventRecordID>
<Correlation ActivityID="" RelatedActivityID=""></Correlation>
<Execution ProcessID="2776" ThreadID="904"></Execution>
<Channel>Microsoft-Windows-Shell-Core/Operational</Channel>
<Computer>WIN-PTFPHFCRDJ0</Computer>
<Security UserID="S-1-5-21-1152959844-3645458174-3779170896-1000"></Security>
</System>
<EventData><Data Name="LogonType">8</Data>
<Data Name="TaskName">ARSFirstRunTelemetry</Data>
</EventData>
</Event>

<Event xmlns="http://schemas.microsoft.com/win/2004/08/events/event"><System><Provider Name="Microsoft-Windows-Shell-Core" Guid="{30336ed4-e327-447c-9de0-51b652c86108}"></Provider>
<EventID Qualifiers="">9705</EventID>
<Version>0</Version>
<Level>4</Level>
<Task>9705</Task>
<Opcode>1</Opcode>
<Keywords>0x2000000004010000</Keywords>
<TimeCreated SystemTime="2020-10-23 18:53:32.060791"></TimeCreated>
<EventRecordID>503</EventRecordID>
<Correlation ActivityID="" RelatedActivityID=""></Correlation>
<Execution ProcessID="2776" ThreadID="3416"></Execution>
<Channel>Microsoft-Windows-Shell-Core/Operational</Channel>
<Computer>WIN-PTFPHFCRDJ0</Computer>
<Security UserID="S-1-5-21-1152959844-3645458174-3779170896-1000"></Security>
</System>
<EventData><Data Name="KeyName">Software\Microsoft\Windows\CurrentVersion\Run</Data>
</EventData>
</Event>

<Event xmlns="http://schemas.microsoft.com/win/2004/08/events/event"><System><Provider Name="Microsoft-Windows-Shell-Core" Guid="{30336ed4-e327-447c-9de0-51b652c86108}"></Provider>
<EventID Qualifiers="">9707</EventID>
<Version>0</Version>
<Level>4</Level>
<Task>9707</Task>
<Opcode>1</Opcode>
<Keywords>0x2000000004010000</Keywords>
<TimeCreated SystemTime="2020-10-23 18:53:32.073307"></TimeCreated>
<EventRecordID>504</EventRecordID>
<Correlation ActivityID="" RelatedActivityID=""></Correlation>
<Execution ProcessID="2776" ThreadID="3416"></Execution>
<Channel>Microsoft-Windows-Shell-Core/Operational</Channel>
<Computer>WIN-PTFPHFCRDJ0</Computer>
<Security UserID="S-1-5-21-1152959844-3645458174-3779170896-1000"></Security>
</System>
<EventData><Data Name="Command">SecurityHealthSystray.exe</Data>
</EventData>
</Event>

<Event xmlns="http://schemas.microsoft.com/win/2004/08/events/event"><System><Provider Name="Microsoft-Windows-Shell-Core" Guid="{30336ed4-e327-447c-9de0-51b652c86108}"></Provider>
<EventID Qualifiers="">9708</EventID>
<Version>0</Version>
<Level>4</Level>
<Task>9707</Task>
<Opcode>2</Opcode>
<Keywords>0x2000000004010000</Keywords>
<TimeCreated SystemTime="2020-10-23 18:53:33.803244"></TimeCreated>
<EventRecordID>505</EventRecordID>
<Correlation ActivityID="" RelatedActivityID=""></Correlation>
<Execution ProcessID="2776" ThreadID="3416"></Execution>
<Channel>Microsoft-Windows-Shell-Core/Operational</Channel>
<Computer>WIN-PTFPHFCRDJ0</Computer>
<Security UserID="S-1-5-21-1152959844-3645458174-3779170896-1000"></Security>
</System>
<EventData><Data Name="PID">1036</Data>
<Data Name="Command">SecurityHealthSystray.exe</Data>
</EventData>
</Event>

<Event xmlns="http://schemas.microsoft.com/win/2004/08/events/event"><System><Provider Name="Microsoft-Windows-Shell-Core" Guid="{30336ed4-e327-447c-9de0-51b652c86108}"></Provider>
<EventID Qualifiers="">9707</EventID>
<Version>0</Version>
<Level>4</Level>
<Task>9707</Task>
<Opcode>1</Opcode>
<Keywords>0x2000000004010000</Keywords>
<TimeCreated SystemTime="2020-10-23 18:53:33.803413"></TimeCreated>
<EventRecordID>506</EventRecordID>
<Correlation ActivityID="" RelatedActivityID=""></Correlation>
<Execution ProcessID="2776" ThreadID="3416"></Execution>
<Channel>Microsoft-Windows-Shell-Core/Operational</Channel>
<Computer>WIN-PTFPHFCRDJ0</Computer>
<Security UserID="S-1-5-21-1152959844-3645458174-3779170896-1000"></Security>
</System>
<EventData><Data Name="Command">vm3dservice.exe" -u</Data>
</EventData>
</Event>

<Event xmlns="http://schemas.microsoft.com/win/2004/08/events/event"><System><Provider Name="Microsoft-Windows-Shell-Core" Guid="{30336ed4-e327-447c-9de0-51b652c86108}"></Provider>
<EventID Qualifiers="">9708</EventID>
<Version>0</Version>
<Level>4</Level>
<Task>9707</Task>
<Opcode>2</Opcode>
<Keywords>0x2000000004010000</Keywords>
<TimeCreated SystemTime="2020-10-23 18:53:38.185148"></TimeCreated>
<EventRecordID>507</EventRecordID>
<Correlation ActivityID="" RelatedActivityID=""></Correlation>
<Execution ProcessID="2776" ThreadID="3416"></Execution>
<Channel>Microsoft-Windows-Shell-Core/Operational</Channel>
<Computer>WIN-PTFPHFCRDJ0</Computer>
<Security UserID="S-1-5-21-1152959844-3645458174-3779170896-1000"></Security>
</System>
<EventData><Data Name="PID">3216</Data>
<Data Name="Command">vm3dservice.exe" -u</Data>
</EventData>
</Event>

<Event xmlns="http://schemas.microsoft.com/win/2004/08/events/event"><System><Provider Name="Microsoft-Windows-Shell-Core" Guid="{30336ed4-e327-447c-9de0-51b652c86108}"></Provider>
<EventID Qualifiers="">9707</EventID>
<Version>0</Version>
<Level>4</Level>
<Task>9707</Task>
<Opcode>1</Opcode>
<Keywords>0x2000000004010000</Keywords>
<TimeCreated SystemTime="2020-10-23 18:53:38.185259"></TimeCreated>
<EventRecordID>508</EventRecordID>
<Correlation ActivityID="" RelatedActivityID=""></Correlation>
<Execution ProcessID="2776" ThreadID="3416"></Execution>
<Channel>Microsoft-Windows-Shell-Core/Operational</Channel>
<Computer>WIN-PTFPHFCRDJ0</Computer>
<Security UserID="S-1-5-21-1152959844-3645458174-3779170896-1000"></Security>
</System>
<EventData><Data Name="Command">vmtoolsd.exe" -n vmusr</Data>
</EventData>
</Event>

<Event xmlns="http://schemas.microsoft.com/win/2004/08/events/event"><System><Provider Name="Microsoft-Windows-Shell-Core" Guid="{30336ed4-e327-447c-9de0-51b652c86108}"></Provider>
<EventID Qualifiers="">9708</EventID>
<Version>0</Version>
<Level>4</Level>
<Task>9707</Task>
<Opcode>2</Opcode>
<Keywords>0x2000000004010000</Keywords>
<TimeCreated SystemTime="2020-10-23 18:53:38.543581"></TimeCreated>
<EventRecordID>509</EventRecordID>
<Correlation ActivityID="" RelatedActivityID=""></Correlation>
<Execution ProcessID="2776" ThreadID="3416"></Execution>
<Channel>Microsoft-Windows-Shell-Core/Operational</Channel>
<Computer>WIN-PTFPHFCRDJ0</Computer>
<Security UserID="S-1-5-21-1152959844-3645458174-3779170896-1000"></Security>
</System>
<EventData><Data Name="PID">3956</Data>
<Data Name="Command">vmtoolsd.exe" -n vmusr</Data>
</EventData>
</Event>

<Event xmlns="http://schemas.microsoft.com/win/2004/08/events/event"><System><Provider Name="Microsoft-Windows-Shell-Core" Guid="{30336ed4-e327-447c-9de0-51b652c86108}"></Provider>
<EventID Qualifiers="">9706</EventID>
<Version>0</Version>
<Level>4</Level>
<Task>9705</Task>
<Opcode>2</Opcode>
<Keywords>0x2000000004010000</Keywords>
<TimeCreated SystemTime="2020-10-23 18:53:38.543879"></TimeCreated>
<EventRecordID>510</EventRecordID>
<Correlation ActivityID="" RelatedActivityID=""></Correlation>
<Execution ProcessID="2776" ThreadID="3416"></Execution>
<Channel>Microsoft-Windows-Shell-Core/Operational</Channel>
<Computer>WIN-PTFPHFCRDJ0</Computer>
<Security UserID="S-1-5-21-1152959844-3645458174-3779170896-1000"></Security>
</System>
<EventData><Data Name="KeyName">Software\Microsoft\Windows\CurrentVersion\Run</Data>
</EventData>
</Event>

<Event xmlns="http://schemas.microsoft.com/win/2004/08/events/event"><System><Provider Name="Microsoft-Windows-Shell-Core" Guid="{30336ed4-e327-447c-9de0-51b652c86108}"></Provider>
<EventID Qualifiers="">9705</EventID>
<Version>0</Version>
<Level>4</Level>
<Task>9705</Task>
<Opcode>1</Opcode>
<Keywords>0x2000000004010000</Keywords>
<TimeCreated SystemTime="2020-10-23 18:53:38.543905"></TimeCreated>
<EventRecordID>511</EventRecordID>
<Correlation ActivityID="" RelatedActivityID=""></Correlation>
<Execution ProcessID="2776" ThreadID="3416"></Execution>
<Channel>Microsoft-Windows-Shell-Core/Operational</Channel>
<Computer>WIN-PTFPHFCRDJ0</Computer>
<Security UserID="S-1-5-21-1152959844-3645458174-3779170896-1000"></Security>
</System>
<EventData><Data Name="KeyName">Software\Microsoft\Windows\CurrentVersion\Run</Data>
</EventData>
</Event>

<Event xmlns="http://schemas.microsoft.com/win/2004/08/events/event"><System><Provider Name="Microsoft-Windows-Shell-Core" Guid="{30336ed4-e327-447c-9de0-51b652c86108}"></Provider>
<EventID Qualifiers="">9706</EventID>
<Version>0</Version>
<Level>4</Level>
<Task>9705</Task>
<Opcode>2</Opcode>
<Keywords>0x2000000004010000</Keywords>
<TimeCreated SystemTime="2020-10-23 18:53:38.543909"></TimeCreated>
<EventRecordID>512</EventRecordID>
<Correlation ActivityID="" RelatedActivityID=""></Correlation>
<Execution ProcessID="2776" ThreadID="3416"></Execution>
<Channel>Microsoft-Windows-Shell-Core/Operational</Channel>
<Computer>WIN-PTFPHFCRDJ0</Computer>
<Security UserID="S-1-5-21-1152959844-3645458174-3779170896-1000"></Security>
</System>
<EventData><Data Name="KeyName">Software\Microsoft\Windows\CurrentVersion\Run</Data>
</EventData>
</Event>

