<Event xmlns="http://schemas.microsoft.com/win/2004/08/events/event"><System><Provider Name="Microsoft-Windows-LiveId" Guid="{05f02597-fe85-4e67-8542-69567ab8fd4f}"></Provider>
<EventID Qualifiers="">6115</EventID>
<Version>0</Version>
<Level>4</Level>
<Task>0</Task>
<Opcode>0</Opcode>
<Keywords>0x4000000000200800</Keywords>
<TimeCreated SystemTime="2020-10-24 22:13:19.410349"></TimeCreated>
<EventRecordID>67</EventRecordID>
<Correlation ActivityID="" RelatedActivityID=""></Correlation>
<Execution ProcessID="1320" ThreadID="1972"></Execution>
<Channel>Microsoft-Windows-LiveId/Operational</Channel>
<Computer>WIN-PTFPHFCRDJ0</Computer>
<Security UserID="S-1-5-20"></Security>
</System>
<EventData><Data Name="Value">&lt;s:Envelope&gt;&lt;s:Header&gt;&lt;wsa:Action s:mustUnderstand="1"&gt;*&lt;/wsa:Action&gt;&lt;wsa:To s:mustUnderstand="1"&gt;*&lt;/wsa:To&gt;&lt;wsa:MessageID&gt;*&lt;/wsa:MessageID&gt;&lt;ps:AuthInfo Id="PPAuthInfo"&gt;&lt;ps:HostingApp&gt;*&lt;/ps:HostingApp&gt;&lt;ps:BinaryVersion&gt;*&lt;/ps:BinaryVersion&gt;&lt;ps:UIVersion&gt;*&lt;/ps:UIVersion&gt;&lt;ps:InlineUX&gt;*&lt;/ps:InlineUX&gt;&lt;ps:Cookies&gt;&lt;/ps:Cookies&gt;&lt;ps:RequestParams&gt;*&lt;/ps:RequestParams&gt;&lt;ps:WindowsClientString&gt;*&lt;/ps:WindowsClientString&gt;&lt;ps:LicenseSignatureKeyVersion&gt;*&lt;/ps:LicenseSignatureKeyVersion&gt;&lt;ps:ClientCapabilities&gt;*&lt;/ps:ClientCapabilities&gt;&lt;/ps:AuthInfo&gt;&lt;wsse:Security&gt;&lt;EncryptedData xmlns="http://www.w3.org/2001/04/xmlenc#" Id="devicesoftware" Type="http://www.w3.org/2001/04/xmlenc#Element"&gt;&lt;EncryptionMethod Algorithm="http://www.w3.org/2001/04/xmlenc#tripledes-cbc"&gt;&lt;/EncryptionMethod&gt;&lt;ds:KeyInfo&gt;&lt;ds:KeyName&gt;*&lt;/ds:KeyName&gt;&lt;/ds:KeyInfo&gt;&lt;CipherData&gt;&lt;CipherValue&gt;*&lt;/CipherValue&gt;&lt;/CipherData&gt;&lt;/EncryptedData&gt;&lt;wssc:DerivedKeyToken wsu:Id="SignKey" Algorithm="urn:liveid:SP800108_CTR_HMAC_SHA256_DOUBLEDERIVED"&gt;&lt;wsse:RequestedTokenReference&gt;&lt;wsse:KeyIdentifier ValueType="http://docs.oasis-open.org/wss/2004/XX/oasis-2004XX-wss-saml-token-profile-1.0#SAMLAssertionID"/&gt;&lt;wsse:Reference URI=""/&gt;&lt;/wsse:RequestedTokenReference&gt;&lt;wssc:Nonce&gt;*&lt;/wssc:Nonce&gt;&lt;/wssc:DerivedKeyToken&gt;&lt;wsu:Timestamp wsu:Id="Timestamp"&gt;&lt;wsu:Created&gt;2020-10-24T22:13:18Z&lt;/wsu:Created&gt;&lt;wsu:Expires&gt;2020-10-24T22:18:18Z&lt;/wsu:Expires&gt;&lt;/wsu:Timestamp&gt;&lt;Signature xmlns="http://www.w3.org/2000/09/xmldsig#"&gt;&lt;SignedInfo&gt;&lt;CanonicalizationMethod Algorithm="http://www.w3.org/2001/10/xml-exc-c14n#"&gt;&lt;/CanonicalizationMethod&gt;&lt;SignatureMethod Algorithm="http://www.w3.org/2001/04/xmldsig-more#hmac-sha256"&gt;&lt;/SignatureMethod&gt;&lt;Reference URI="#RST0"&gt;&lt;Transforms&gt;&lt;Transform Algorithm="http://www.w3.org/2001/10/xml-exc-c14n#"&gt;&lt;/Transform&gt;&lt;/Transforms&gt;&lt;DigestMethod Algorithm="http://www.w3.org/2001/04/xmlenc#sha256"&gt;&lt;/DigestMethod&gt;&lt;DigestValue&gt;*&lt;/DigestValue&gt;&lt;/Reference&gt;&lt;Reference URI="#Timestamp"&gt;&lt;Transforms&gt;&lt;Transform Algorithm="http://www.w3.org/2001/10/xml-exc-c14n#"&gt;&lt;/Transform&gt;&lt;/Transforms&gt;&lt;DigestMethod Algorithm="http://www.w3.org/2001/04/xmlenc#sha256"&gt;&lt;/DigestMethod&gt;&lt;DigestValue&gt;*&lt;/DigestValue&gt;&lt;/Reference&gt;&lt;Reference URI="#PPAuthInfo"&gt;&lt;Transforms&gt;&lt;Transform Algorithm="http://www.w3.org/2001/10/xml-exc-c14n#"&gt;&lt;/Transform&gt;&lt;/Transforms&gt;&lt;DigestMethod Algorithm="http://www.w3.org/2001/04/xmlenc#sha256"&gt;&lt;/DigestMethod&gt;&lt;DigestValue&gt;*&lt;/DigestValue&gt;&lt;/Reference&gt;&lt;/SignedInfo&gt;&lt;SignatureValue&gt;*&lt;/SignatureValue&gt;&lt;KeyInfo&gt;&lt;wsse:SecurityTokenReference&gt;&lt;wsse:Reference URI="#SignKey"/&gt;&lt;/wsse:SecurityTokenReference&gt;&lt;/KeyInfo&gt;&lt;/Signature&gt;&lt;/wsse:Security&gt;&lt;/s:Header&gt;&lt;s:Body&gt;&lt;wst:RequestSecurityToken Id="RST0"&gt;&lt;wst:RequestType&gt;*&lt;/wst:RequestType&gt;&lt;wsp:AppliesTo&gt;&lt;wsa:EndpointReference&gt;&lt;wsa:Address&gt;474a-87ad-2f9a87615fa3-dc1-tip.cloudapp.net&lt;/wsa:Address&gt;&lt;/wsa:EndpointReference&gt;&lt;/wsp:AppliesTo&gt;&lt;wsp:PolicyReference URI="MBI_SSL"&gt;&lt;/wsp:PolicyReference&gt;&lt;/wst:RequestSecurityToken&gt;&lt;/s:Body&gt;&lt;/s:Envelope&gt;</Data>
</EventData>
</Event>

<Event xmlns="http://schemas.microsoft.com/win/2004/08/events/event"><System><Provider Name="Microsoft-Windows-LiveId" Guid="{05f02597-fe85-4e67-8542-69567ab8fd4f}"></Provider>
<EventID Qualifiers="">6116</EventID>
<Version>0</Version>
<Level>4</Level>
<Task>0</Task>
<Opcode>0</Opcode>
<Keywords>0x4000000000200800</Keywords>
<TimeCreated SystemTime="2020-10-24 22:13:20.804438"></TimeCreated>
<EventRecordID>68</EventRecordID>
<Correlation ActivityID="" RelatedActivityID=""></Correlation>
<Execution ProcessID="1320" ThreadID="1972"></Execution>
<Channel>Microsoft-Windows-LiveId/Operational</Channel>
<Computer>WIN-PTFPHFCRDJ0</Computer>
<Security UserID="S-1-5-20"></Security>
</System>
<EventData><Data Name="Value">&lt;S:Envelope&gt;&lt;S:Header&gt;&lt;wsa:Action wsu:Id="Action" S:mustUnderstand="1"&gt;*&lt;/wsa:Action&gt;&lt;wsa:To wsu:Id="To" S:mustUnderstand="1"&gt;*&lt;/wsa:To&gt;&lt;wsse:Security&gt;&lt;wsu:Timestamp wsu:Id="TS"&gt;&lt;wsu:Created&gt;2020-10-24T22:13:20Z&lt;/wsu:Created&gt;&lt;wsu:Expires&gt;2020-10-24T22:18:20Z&lt;/wsu:Expires&gt;&lt;/wsu:Timestamp&gt;&lt;wssc:DerivedKeyToken wsu:Id="SignKey" Algorithm="urn:liveid:SP800108_CTR_HMAC_SHA256_DOUBLEDERIVED"&gt;&lt;wsse:SecurityTokenReference&gt;&lt;wsse:Reference URI="M7OVe4pavn+UIgoxi9WxrNzAk5k="&gt;&lt;/wsse:Reference&gt;&lt;/wsse:SecurityTokenReference&gt;&lt;wssc:Nonce&gt;*&lt;/wssc:Nonce&gt;&lt;/wssc:DerivedKeyToken&gt;&lt;wssc:DerivedKeyToken wsu:Id="EncKey" Algorithm="urn:liveid:SP800108_CTR_HMAC_SHA256_DOUBLEDERIVED"&gt;&lt;wsse:SecurityTokenReference&gt;&lt;wsse:Reference URI="M7OVe4pavn+UIgoxi9WxrNzAk5k="&gt;&lt;/wsse:Reference&gt;&lt;/wsse:SecurityTokenReference&gt;&lt;wssc:Nonce&gt;*&lt;/wssc:Nonce&gt;&lt;/wssc:DerivedKeyToken&gt;&lt;Signature xmlns="http://www.w3.org/2000/09/xmldsig#"&gt;&lt;SignedInfo&gt;&lt;CanonicalizationMethod Algorithm="http://www.w3.org/2001/10/xml-exc-c14n#"&gt;&lt;/CanonicalizationMethod&gt;&lt;SignatureMethod Algorithm="http://www.w3.org/2001/04/xmldsig-more#hmac-sha256"&gt;&lt;/SignatureMethod&gt;&lt;Reference URI="#EncPsf"&gt;&lt;Transforms&gt;&lt;Transform Algorithm="http://www.w3.org/2001/10/xml-exc-c14n#"&gt;&lt;/Transform&gt;&lt;/Transforms&gt;&lt;DigestMethod Algorithm="http://www.w3.org/2001/04/xmlenc#sha256"&gt;&lt;/DigestMethod&gt;&lt;DigestValue&gt;*&lt;/DigestValue&gt;&lt;/Reference&gt;&lt;Reference URI="#Body"&gt;&lt;Transforms&gt;&lt;Transform Algorithm="http://www.w3.org/2001/10/xml-exc-c14n#"&gt;&lt;/Transform&gt;&lt;/Transforms&gt;&lt;DigestMethod Algorithm="http://www.w3.org/2001/04/xmlenc#sha256"&gt;&lt;/DigestMethod&gt;&lt;DigestValue&gt;*&lt;/DigestValue&gt;&lt;/Reference&gt;&lt;Reference URI="#To"&gt;&lt;Transforms&gt;&lt;Transform Algorithm="http://www.w3.org/2001/10/xml-exc-c14n#"&gt;&lt;/Transform&gt;&lt;/Transforms&gt;&lt;DigestMethod Algorithm="http://www.w3.org/2001/04/xmlenc#sha256"&gt;&lt;/DigestMethod&gt;&lt;DigestValue&gt;*&lt;/DigestValue&gt;&lt;/Reference&gt;&lt;Reference URI="#Action"&gt;&lt;Transforms&gt;&lt;Transform Algorithm="http://www.w3.org/2001/10/xml-exc-c14n#"&gt;&lt;/Transform&gt;&lt;/Transforms&gt;&lt;DigestMethod Algorithm="http://www.w3.org/2001/04/xmlenc#sha256"&gt;&lt;/DigestMethod&gt;&lt;DigestValue&gt;*&lt;/DigestValue&gt;&lt;/Reference&gt;&lt;Reference URI="#TS"&gt;&lt;Transforms&gt;&lt;Transform Algorithm="http://www.w3.org/2001/10/xml-exc-c14n#"&gt;&lt;/Transform&gt;&lt;/Transforms&gt;&lt;DigestMethod Algorithm="http://www.w3.org/2001/04/xmlenc#sha256"&gt;&lt;/DigestMethod&gt;&lt;DigestValue&gt;*&lt;/DigestValue&gt;&lt;/Reference&gt;&lt;/SignedInfo&gt;&lt;SignatureValue&gt;*&lt;/SignatureValue&gt;&lt;KeyInfo&gt;&lt;wsse:SecurityTokenReference&gt;&lt;wsse:Reference URI="#SignKey"&gt;&lt;/wsse:Reference&gt;&lt;/wsse:SecurityTokenReference&gt;&lt;/KeyInfo&gt;&lt;/Signature&gt;&lt;e:ReferenceList xmlns:e="http://www.w3.org/2001/04/xmlenc#"&gt;&lt;e:DataReference URI="#RSTR"/&gt;&lt;e:DataReference URI="#EncPsf"/&gt;&lt;/e:ReferenceList&gt;&lt;/wsse:Security&gt;&lt;psf:EncryptedPP&gt;&lt;EncryptedData xmlns="http://www.w3.org/2001/04/xmlenc#" Id="EncPsf" Type="http://www.w3.org/2001/04/xmlenc#Element"&gt;&lt;EncryptionMethod Algorithm="http://www.w3.org/2001/04/xmlenc#aes256-cbc"&gt;&lt;/EncryptionMethod&gt;&lt;KeyInfo xmlns="http://www.w3.org/2000/09/xmldsig#"&gt;&lt;wsse:SecurityTokenReference&gt;&lt;wsse:Reference URI="#EncKey"&gt;&lt;/wsse:Reference&gt;&lt;/wsse:SecurityTokenReference&gt;&lt;/KeyInfo&gt;&lt;CipherData&gt;&lt;CipherValue&gt;*&lt;/CipherValue&gt;&lt;/CipherData&gt;&lt;/EncryptedData&gt;&lt;/psf:EncryptedPP&gt;&lt;/S:Header&gt;&lt;S:Body wsu:Id="Body"&gt;&lt;EncryptedData xmlns="http://www.w3.org/2001/04/xmlenc#" Id="RSTR" Type="http://www.w3.org/2001/04/xmlenc#Element"&gt;&lt;EncryptionMethod Algorithm="http://www.w3.org/2001/04/xmlenc#aes256-cbc"&gt;&lt;/EncryptionMethod&gt;&lt;KeyInfo xmlns="http://www.w3.org/2000/09/xmldsig#"&gt;&lt;wsse:SecurityTokenReference&gt;&lt;wsse:Reference URI="#EncKey"&gt;&lt;/wsse:Reference&gt;&lt;/wsse:SecurityTokenReference&gt;&lt;/KeyInfo&gt;&lt;CipherData&gt;&lt;CipherValue&gt;*&lt;/CipherValue&gt;&lt;/CipherData&gt;&lt;/EncryptedData&gt;&lt;/S:Body&gt;&lt;/S:Envelope&gt;</Data>
</EventData>
</Event>

<Event xmlns="http://schemas.microsoft.com/win/2004/08/events/event"><System><Provider Name="Microsoft-Windows-LiveId" Guid="{05f02597-fe85-4e67-8542-69567ab8fd4f}"></Provider>
<EventID Qualifiers="">6117</EventID>
<Version>0</Version>
<Level>4</Level>
<Task>0</Task>
<Opcode>0</Opcode>
<Keywords>0x4000000000200800</Keywords>
<TimeCreated SystemTime="2020-10-24 22:13:21.009048"></TimeCreated>
<EventRecordID>69</EventRecordID>
<Correlation ActivityID="" RelatedActivityID=""></Correlation>
<Execution ProcessID="1320" ThreadID="1972"></Execution>
<Channel>Microsoft-Windows-LiveId/Operational</Channel>
<Computer>WIN-PTFPHFCRDJ0</Computer>
<Security UserID="S-1-5-20"></Security>
</System>
<EventData><Data Name="ResourceURI">474a-87ad-2f9a87615fa3-dc1-tip.cloudapp.net</Data>
<Data Name="Created">2020-10-25 03:43:20</Data>
<Data Name="Expires">2020-10-26 03:43:20</Data>
<Data Name="TokenType">urn:passport:compact</Data>
<Data Name="AuthRequired">0</Data>
<Data Name="RequestStatus">0</Data>
<Data Name="HasFlowUrl">False</Data>
<Data Name="HasAuthUrl">False</Data>
<Data Name="HasEndAuthUrl">False</Data>
</EventData>
</Event>

<Event xmlns="http://schemas.microsoft.com/win/2004/08/events/event"><System><Provider Name="Microsoft-Windows-LiveId" Guid="{05f02597-fe85-4e67-8542-69567ab8fd4f}"></Provider>
<EventID Qualifiers="">2024</EventID>
<Version>0</Version>
<Level>4</Level>
<Task>101</Task>
<Opcode>0</Opcode>
<Keywords>0x4000000000000010</Keywords>
<TimeCreated SystemTime="2020-10-26 11:58:52.316320"></TimeCreated>
<EventRecordID>70</EventRecordID>
<Correlation ActivityID="" RelatedActivityID=""></Correlation>
<Execution ProcessID="1348" ThreadID="1372"></Execution>
<Channel>Microsoft-Windows-LiveId/Operational</Channel>
<Computer>WIN-PTFPHFCRDJ0</Computer>
<Security UserID="S-1-5-18"></Security>
</System>
<EventData><Data Name="Operation">Service started</Data>
<Data Name="Details">The service will auto stop if no requests received for some period of time.</Data>
<Data Name="Status">0x00000000</Data>
</EventData>
</Event>

<Event xmlns="http://schemas.microsoft.com/win/2004/08/events/event"><System><Provider Name="Microsoft-Windows-LiveId" Guid="{05f02597-fe85-4e67-8542-69567ab8fd4f}"></Provider>
<EventID Qualifiers="">6115</EventID>
<Version>0</Version>
<Level>4</Level>
<Task>0</Task>
<Opcode>0</Opcode>
<Keywords>0x4000000000200800</Keywords>
<TimeCreated SystemTime="2020-10-26 11:58:56.232286"></TimeCreated>
<EventRecordID>71</EventRecordID>
<Correlation ActivityID="" RelatedActivityID=""></Correlation>
<Execution ProcessID="1348" ThreadID="2028"></Execution>
<Channel>Microsoft-Windows-LiveId/Operational</Channel>
<Computer>WIN-PTFPHFCRDJ0</Computer>
<Security UserID="S-1-5-19"></Security>
</System>
<EventData><Data Name="Value">&lt;s:Envelope&gt;&lt;s:Header&gt;&lt;wsa:Action s:mustUnderstand="1"&gt;*&lt;/wsa:Action&gt;&lt;wsa:To s:mustUnderstand="1"&gt;*&lt;/wsa:To&gt;&lt;wsa:MessageID&gt;*&lt;/wsa:MessageID&gt;&lt;ps:AuthInfo Id="PPAuthInfo"&gt;&lt;ps:HostingApp&gt;*&lt;/ps:HostingApp&gt;&lt;ps:BinaryVersion&gt;*&lt;/ps:BinaryVersion&gt;&lt;ps:UIVersion&gt;*&lt;/ps:UIVersion&gt;&lt;ps:InlineUX&gt;*&lt;/ps:InlineUX&gt;&lt;ps:Cookies&gt;&lt;/ps:Cookies&gt;&lt;ps:RequestParams&gt;*&lt;/ps:RequestParams&gt;&lt;ps:WindowsClientString&gt;*&lt;/ps:WindowsClientString&gt;&lt;ps:LicenseSignatureKeyVersion&gt;*&lt;/ps:LicenseSignatureKeyVersion&gt;&lt;ps:ClientCapabilities&gt;*&lt;/ps:ClientCapabilities&gt;&lt;/ps:AuthInfo&gt;&lt;wsse:Security&gt;&lt;EncryptedData xmlns="http://www.w3.org/2001/04/xmlenc#" Id="devicesoftware" Type="http://www.w3.org/2001/04/xmlenc#Element"&gt;&lt;EncryptionMethod Algorithm="http://www.w3.org/2001/04/xmlenc#tripledes-cbc"&gt;&lt;/EncryptionMethod&gt;&lt;ds:KeyInfo&gt;&lt;ds:KeyName&gt;*&lt;/ds:KeyName&gt;&lt;/ds:KeyInfo&gt;&lt;CipherData&gt;&lt;CipherValue&gt;*&lt;/CipherValue&gt;&lt;/CipherData&gt;&lt;/EncryptedData&gt;&lt;wssc:DerivedKeyToken wsu:Id="SignKey" Algorithm="urn:liveid:SP800108_CTR_HMAC_SHA256_DOUBLEDERIVED"&gt;&lt;wsse:RequestedTokenReference&gt;&lt;wsse:KeyIdentifier ValueType="http://docs.oasis-open.org/wss/2004/XX/oasis-2004XX-wss-saml-token-profile-1.0#SAMLAssertionID"/&gt;&lt;wsse:Reference URI=""/&gt;&lt;/wsse:RequestedTokenReference&gt;&lt;wssc:Nonce&gt;*&lt;/wssc:Nonce&gt;&lt;/wssc:DerivedKeyToken&gt;&lt;wsu:Timestamp wsu:Id="Timestamp"&gt;&lt;wsu:Created&gt;2020-10-26T11:58:53Z&lt;/wsu:Created&gt;&lt;wsu:Expires&gt;2020-10-26T12:03:53Z&lt;/wsu:Expires&gt;&lt;/wsu:Timestamp&gt;&lt;Signature xmlns="http://www.w3.org/2000/09/xmldsig#"&gt;&lt;SignedInfo&gt;&lt;CanonicalizationMethod Algorithm="http://www.w3.org/2001/10/xml-exc-c14n#"&gt;&lt;/CanonicalizationMethod&gt;&lt;SignatureMethod Algorithm="http://www.w3.org/2001/04/xmldsig-more#hmac-sha256"&gt;&lt;/SignatureMethod&gt;&lt;Reference URI="#RST0"&gt;&lt;Transforms&gt;&lt;Transform Algorithm="http://www.w3.org/2001/10/xml-exc-c14n#"&gt;&lt;/Transform&gt;&lt;/Transforms&gt;&lt;DigestMethod Algorithm="http://www.w3.org/2001/04/xmlenc#sha256"&gt;&lt;/DigestMethod&gt;&lt;DigestValue&gt;*&lt;/DigestValue&gt;&lt;/Reference&gt;&lt;Reference URI="#Timestamp"&gt;&lt;Transforms&gt;&lt;Transform Algorithm="http://www.w3.org/2001/10/xml-exc-c14n#"&gt;&lt;/Transform&gt;&lt;/Transforms&gt;&lt;DigestMethod Algorithm="http://www.w3.org/2001/04/xmlenc#sha256"&gt;&lt;/DigestMethod&gt;&lt;DigestValue&gt;*&lt;/DigestValue&gt;&lt;/Reference&gt;&lt;Reference URI="#PPAuthInfo"&gt;&lt;Transforms&gt;&lt;Transform Algorithm="http://www.w3.org/2001/10/xml-exc-c14n#"&gt;&lt;/Transform&gt;&lt;/Transforms&gt;&lt;DigestMethod Algorithm="http://www.w3.org/2001/04/xmlenc#sha256"&gt;&lt;/DigestMethod&gt;&lt;DigestValue&gt;*&lt;/DigestValue&gt;&lt;/Reference&gt;&lt;/SignedInfo&gt;&lt;SignatureValue&gt;*&lt;/SignatureValue&gt;&lt;KeyInfo&gt;&lt;wsse:SecurityTokenReference&gt;&lt;wsse:Reference URI="#SignKey"/&gt;&lt;/wsse:SecurityTokenReference&gt;&lt;/KeyInfo&gt;&lt;/Signature&gt;&lt;/wsse:Security&gt;&lt;/s:Header&gt;&lt;s:Body&gt;&lt;wst:RequestSecurityToken Id="RST0"&gt;&lt;wst:RequestType&gt;*&lt;/wst:RequestType&gt;&lt;wsp:AppliesTo&gt;&lt;wsa:EndpointReference&gt;&lt;wsa:Address&gt;www.microsoft.com&lt;/wsa:Address&gt;&lt;/wsa:EndpointReference&gt;&lt;/wsp:AppliesTo&gt;&lt;wsp:PolicyReference URI="mbi_ssl"&gt;&lt;/wsp:PolicyReference&gt;&lt;/wst:RequestSecurityToken&gt;&lt;/s:Body&gt;&lt;/s:Envelope&gt;</Data>
</EventData>
</Event>

<Event xmlns="http://schemas.microsoft.com/win/2004/08/events/event"><System><Provider Name="Microsoft-Windows-LiveId" Guid="{05f02597-fe85-4e67-8542-69567ab8fd4f}"></Provider>
<EventID Qualifiers="">6116</EventID>
<Version>0</Version>
<Level>4</Level>
<Task>0</Task>
<Opcode>0</Opcode>
<Keywords>0x4000000000200800</Keywords>
<TimeCreated SystemTime="2020-10-26 11:58:57.909906"></TimeCreated>
<EventRecordID>72</EventRecordID>
<Correlation ActivityID="" RelatedActivityID=""></Correlation>
<Execution ProcessID="1348" ThreadID="2028"></Execution>
<Channel>Microsoft-Windows-LiveId/Operational</Channel>
<Computer>WIN-PTFPHFCRDJ0</Computer>
<Security UserID="S-1-5-19"></Security>
</System>
<EventData><Data Name="Value">&lt;S:Envelope&gt;&lt;S:Header&gt;&lt;wsa:Action wsu:Id="Action" S:mustUnderstand="1"&gt;*&lt;/wsa:Action&gt;&lt;wsa:To wsu:Id="To" S:mustUnderstand="1"&gt;*&lt;/wsa:To&gt;&lt;wsse:Security&gt;&lt;wsu:Timestamp wsu:Id="TS"&gt;&lt;wsu:Created&gt;2020-10-26T11:58:57Z&lt;/wsu:Created&gt;&lt;wsu:Expires&gt;2020-10-26T12:03:57Z&lt;/wsu:Expires&gt;&lt;/wsu:Timestamp&gt;&lt;wssc:DerivedKeyToken wsu:Id="SignKey" Algorithm="urn:liveid:SP800108_CTR_HMAC_SHA256_DOUBLEDERIVED"&gt;&lt;wsse:SecurityTokenReference&gt;&lt;wsse:Reference URI="2w6flD6Z7uBJR+EXy+SSF5vtaCE="&gt;&lt;/wsse:Reference&gt;&lt;/wsse:SecurityTokenReference&gt;&lt;wssc:Nonce&gt;*&lt;/wssc:Nonce&gt;&lt;/wssc:DerivedKeyToken&gt;&lt;wssc:DerivedKeyToken wsu:Id="EncKey" Algorithm="urn:liveid:SP800108_CTR_HMAC_SHA256_DOUBLEDERIVED"&gt;&lt;wsse:SecurityTokenReference&gt;&lt;wsse:Reference URI="2w6flD6Z7uBJR+EXy+SSF5vtaCE="&gt;&lt;/wsse:Reference&gt;&lt;/wsse:SecurityTokenReference&gt;&lt;wssc:Nonce&gt;*&lt;/wssc:Nonce&gt;&lt;/wssc:DerivedKeyToken&gt;&lt;Signature xmlns="http://www.w3.org/2000/09/xmldsig#"&gt;&lt;SignedInfo&gt;&lt;CanonicalizationMethod Algorithm="http://www.w3.org/2001/10/xml-exc-c14n#"&gt;&lt;/CanonicalizationMethod&gt;&lt;SignatureMethod Algorithm="http://www.w3.org/2001/04/xmldsig-more#hmac-sha256"&gt;&lt;/SignatureMethod&gt;&lt;Reference URI="#EncPsf"&gt;&lt;Transforms&gt;&lt;Transform Algorithm="http://www.w3.org/2001/10/xml-exc-c14n#"&gt;&lt;/Transform&gt;&lt;/Transforms&gt;&lt;DigestMethod Algorithm="http://www.w3.org/2001/04/xmlenc#sha256"&gt;&lt;/DigestMethod&gt;&lt;DigestValue&gt;*&lt;/DigestValue&gt;&lt;/Reference&gt;&lt;Reference URI="#Body"&gt;&lt;Transforms&gt;&lt;Transform Algorithm="http://www.w3.org/2001/10/xml-exc-c14n#"&gt;&lt;/Transform&gt;&lt;/Transforms&gt;&lt;DigestMethod Algorithm="http://www.w3.org/2001/04/xmlenc#sha256"&gt;&lt;/DigestMethod&gt;&lt;DigestValue&gt;*&lt;/DigestValue&gt;&lt;/Reference&gt;&lt;Reference URI="#To"&gt;&lt;Transforms&gt;&lt;Transform Algorithm="http://www.w3.org/2001/10/xml-exc-c14n#"&gt;&lt;/Transform&gt;&lt;/Transforms&gt;&lt;DigestMethod Algorithm="http://www.w3.org/2001/04/xmlenc#sha256"&gt;&lt;/DigestMethod&gt;&lt;DigestValue&gt;*&lt;/DigestValue&gt;&lt;/Reference&gt;&lt;Reference URI="#Action"&gt;&lt;Transforms&gt;&lt;Transform Algorithm="http://www.w3.org/2001/10/xml-exc-c14n#"&gt;&lt;/Transform&gt;&lt;/Transforms&gt;&lt;DigestMethod Algorithm="http://www.w3.org/2001/04/xmlenc#sha256"&gt;&lt;/DigestMethod&gt;&lt;DigestValue&gt;*&lt;/DigestValue&gt;&lt;/Reference&gt;&lt;Reference URI="#TS"&gt;&lt;Transforms&gt;&lt;Transform Algorithm="http://www.w3.org/2001/10/xml-exc-c14n#"&gt;&lt;/Transform&gt;&lt;/Transforms&gt;&lt;DigestMethod Algorithm="http://www.w3.org/2001/04/xmlenc#sha256"&gt;&lt;/DigestMethod&gt;&lt;DigestValue&gt;*&lt;/DigestValue&gt;&lt;/Reference&gt;&lt;/SignedInfo&gt;&lt;SignatureValue&gt;*&lt;/SignatureValue&gt;&lt;KeyInfo&gt;&lt;wsse:SecurityTokenReference&gt;&lt;wsse:Reference URI="#SignKey"&gt;&lt;/wsse:Reference&gt;&lt;/wsse:SecurityTokenReference&gt;&lt;/KeyInfo&gt;&lt;/Signature&gt;&lt;e:ReferenceList xmlns:e="http://www.w3.org/2001/04/xmlenc#"&gt;&lt;e:DataReference URI="#RSTR"/&gt;&lt;e:DataReference URI="#EncPsf"/&gt;&lt;/e:ReferenceList&gt;&lt;/wsse:Security&gt;&lt;psf:EncryptedPP&gt;&lt;EncryptedData xmlns="http://www.w3.org/2001/04/xmlenc#" Id="EncPsf" Type="http://www.w3.org/2001/04/xmlenc#Element"&gt;&lt;EncryptionMethod Algorithm="http://www.w3.org/2001/04/xmlenc#aes256-cbc"&gt;&lt;/EncryptionMethod&gt;&lt;KeyInfo xmlns="http://www.w3.org/2000/09/xmldsig#"&gt;&lt;wsse:SecurityTokenReference&gt;&lt;wsse:Reference URI="#EncKey"&gt;&lt;/wsse:Reference&gt;&lt;/wsse:SecurityTokenReference&gt;&lt;/KeyInfo&gt;&lt;CipherData&gt;&lt;CipherValue&gt;*&lt;/CipherValue&gt;&lt;/CipherData&gt;&lt;/EncryptedData&gt;&lt;/psf:EncryptedPP&gt;&lt;/S:Header&gt;&lt;S:Body wsu:Id="Body"&gt;&lt;EncryptedData xmlns="http://www.w3.org/2001/04/xmlenc#" Id="RSTR" Type="http://www.w3.org/2001/04/xmlenc#Element"&gt;&lt;EncryptionMethod Algorithm="http://www.w3.org/2001/04/xmlenc#aes256-cbc"&gt;&lt;/EncryptionMethod&gt;&lt;KeyInfo xmlns="http://www.w3.org/2000/09/xmldsig#"&gt;&lt;wsse:SecurityTokenReference&gt;&lt;wsse:Reference URI="#EncKey"&gt;&lt;/wsse:Reference&gt;&lt;/wsse:SecurityTokenReference&gt;&lt;/KeyInfo&gt;&lt;CipherData&gt;&lt;CipherValue&gt;*&lt;/CipherValue&gt;&lt;/CipherData&gt;&lt;/EncryptedData&gt;&lt;/S:Body&gt;&lt;/S:Envelope&gt;</Data>
</EventData>
</Event>

<Event xmlns="http://schemas.microsoft.com/win/2004/08/events/event"><System><Provider Name="Microsoft-Windows-LiveId" Guid="{05f02597-fe85-4e67-8542-69567ab8fd4f}"></Provider>
<EventID Qualifiers="">6117</EventID>
<Version>0</Version>
<Level>4</Level>
<Task>0</Task>
<Opcode>0</Opcode>
<Keywords>0x4000000000200800</Keywords>
<TimeCreated SystemTime="2020-10-26 11:58:58.345882"></TimeCreated>
<EventRecordID>73</EventRecordID>
<Correlation ActivityID="" RelatedActivityID=""></Correlation>
<Execution ProcessID="1348" ThreadID="2028"></Execution>
<Channel>Microsoft-Windows-LiveId/Operational</Channel>
<Computer>WIN-PTFPHFCRDJ0</Computer>
<Security UserID="S-1-5-19"></Security>
</System>
<EventData><Data Name="ResourceURI">www.microsoft.com</Data>
<Data Name="Created">2020-10-26 17:28:57</Data>
<Data Name="Expires">2020-10-27 17:28:57</Data>
<Data Name="TokenType">urn:passport:compact</Data>
<Data Name="AuthRequired">0</Data>
<Data Name="RequestStatus">0</Data>
<Data Name="HasFlowUrl">False</Data>
<Data Name="HasAuthUrl">False</Data>
<Data Name="HasEndAuthUrl">False</Data>
</EventData>
</Event>

<Event xmlns="http://schemas.microsoft.com/win/2004/08/events/event"><System><Provider Name="Microsoft-Windows-LiveId" Guid="{05f02597-fe85-4e67-8542-69567ab8fd4f}"></Provider>
<EventID Qualifiers="">6115</EventID>
<Version>0</Version>
<Level>4</Level>
<Task>0</Task>
<Opcode>0</Opcode>
<Keywords>0x4000000000200800</Keywords>
<TimeCreated SystemTime="2020-10-26 11:59:11.916506"></TimeCreated>
<EventRecordID>74</EventRecordID>
<Correlation ActivityID="" RelatedActivityID=""></Correlation>
<Execution ProcessID="1348" ThreadID="3968"></Execution>
<Channel>Microsoft-Windows-LiveId/Operational</Channel>
<Computer>WIN-PTFPHFCRDJ0</Computer>
<Security UserID="S-1-5-20"></Security>
</System>
<EventData><Data Name="Value">&lt;s:Envelope&gt;&lt;s:Header&gt;&lt;wsa:Action s:mustUnderstand="1"&gt;*&lt;/wsa:Action&gt;&lt;wsa:To s:mustUnderstand="1"&gt;*&lt;/wsa:To&gt;&lt;wsa:MessageID&gt;*&lt;/wsa:MessageID&gt;&lt;ps:AuthInfo Id="PPAuthInfo"&gt;&lt;ps:HostingApp&gt;*&lt;/ps:HostingApp&gt;&lt;ps:BinaryVersion&gt;*&lt;/ps:BinaryVersion&gt;&lt;ps:UIVersion&gt;*&lt;/ps:UIVersion&gt;&lt;ps:InlineUX&gt;*&lt;/ps:InlineUX&gt;&lt;ps:Cookies&gt;&lt;/ps:Cookies&gt;&lt;ps:RequestParams&gt;*&lt;/ps:RequestParams&gt;&lt;ps:WindowsClientString&gt;*&lt;/ps:WindowsClientString&gt;&lt;ps:LicenseSignatureKeyVersion&gt;*&lt;/ps:LicenseSignatureKeyVersion&gt;&lt;ps:ClientCapabilities&gt;*&lt;/ps:ClientCapabilities&gt;&lt;/ps:AuthInfo&gt;&lt;wsse:Security&gt;&lt;EncryptedData xmlns="http://www.w3.org/2001/04/xmlenc#" Id="devicesoftware" Type="http://www.w3.org/2001/04/xmlenc#Element"&gt;&lt;EncryptionMethod Algorithm="http://www.w3.org/2001/04/xmlenc#tripledes-cbc"&gt;&lt;/EncryptionMethod&gt;&lt;ds:KeyInfo&gt;&lt;ds:KeyName&gt;*&lt;/ds:KeyName&gt;&lt;/ds:KeyInfo&gt;&lt;CipherData&gt;&lt;CipherValue&gt;*&lt;/CipherValue&gt;&lt;/CipherData&gt;&lt;/EncryptedData&gt;&lt;wssc:DerivedKeyToken wsu:Id="SignKey" Algorithm="urn:liveid:SP800108_CTR_HMAC_SHA256_DOUBLEDERIVED"&gt;&lt;wsse:RequestedTokenReference&gt;&lt;wsse:KeyIdentifier ValueType="http://docs.oasis-open.org/wss/2004/XX/oasis-2004XX-wss-saml-token-profile-1.0#SAMLAssertionID"/&gt;&lt;wsse:Reference URI=""/&gt;&lt;/wsse:RequestedTokenReference&gt;&lt;wssc:Nonce&gt;*&lt;/wssc:Nonce&gt;&lt;/wssc:DerivedKeyToken&gt;&lt;wsu:Timestamp wsu:Id="Timestamp"&gt;&lt;wsu:Created&gt;2020-10-26T11:59:10Z&lt;/wsu:Created&gt;&lt;wsu:Expires&gt;2020-10-26T12:04:10Z&lt;/wsu:Expires&gt;&lt;/wsu:Timestamp&gt;&lt;Signature xmlns="http://www.w3.org/2000/09/xmldsig#"&gt;&lt;SignedInfo&gt;&lt;CanonicalizationMethod Algorithm="http://www.w3.org/2001/10/xml-exc-c14n#"&gt;&lt;/CanonicalizationMethod&gt;&lt;SignatureMethod Algorithm="http://www.w3.org/2001/04/xmldsig-more#hmac-sha256"&gt;&lt;/SignatureMethod&gt;&lt;Reference URI="#RST0"&gt;&lt;Transforms&gt;&lt;Transform Algorithm="http://www.w3.org/2001/10/xml-exc-c14n#"&gt;&lt;/Transform&gt;&lt;/Transforms&gt;&lt;DigestMethod Algorithm="http://www.w3.org/2001/04/xmlenc#sha256"&gt;&lt;/DigestMethod&gt;&lt;DigestValue&gt;*&lt;/DigestValue&gt;&lt;/Reference&gt;&lt;Reference URI="#Timestamp"&gt;&lt;Transforms&gt;&lt;Transform Algorithm="http://www.w3.org/2001/10/xml-exc-c14n#"&gt;&lt;/Transform&gt;&lt;/Transforms&gt;&lt;DigestMethod Algorithm="http://www.w3.org/2001/04/xmlenc#sha256"&gt;&lt;/DigestMethod&gt;&lt;DigestValue&gt;*&lt;/DigestValue&gt;&lt;/Reference&gt;&lt;Reference URI="#PPAuthInfo"&gt;&lt;Transforms&gt;&lt;Transform Algorithm="http://www.w3.org/2001/10/xml-exc-c14n#"&gt;&lt;/Transform&gt;&lt;/Transforms&gt;&lt;DigestMethod Algorithm="http://www.w3.org/2001/04/xmlenc#sha256"&gt;&lt;/DigestMethod&gt;&lt;DigestValue&gt;*&lt;/DigestValue&gt;&lt;/Reference&gt;&lt;/SignedInfo&gt;&lt;SignatureValue&gt;*&lt;/SignatureValue&gt;&lt;KeyInfo&gt;&lt;wsse:SecurityTokenReference&gt;&lt;wsse:Reference URI="#SignKey"/&gt;&lt;/wsse:SecurityTokenReference&gt;&lt;/KeyInfo&gt;&lt;/Signature&gt;&lt;/wsse:Security&gt;&lt;/s:Header&gt;&lt;s:Body&gt;&lt;wst:RequestSecurityToken Id="RST0"&gt;&lt;wst:RequestType&gt;*&lt;/wst:RequestType&gt;&lt;wsp:AppliesTo&gt;&lt;wsa:EndpointReference&gt;&lt;wsa:Address&gt;474a-87ad-2f9a87615fa3-dc1-tip.cloudapp.net&lt;/wsa:Address&gt;&lt;/wsa:EndpointReference&gt;&lt;/wsp:AppliesTo&gt;&lt;wsp:PolicyReference URI="MBI_SSL"&gt;&lt;/wsp:PolicyReference&gt;&lt;/wst:RequestSecurityToken&gt;&lt;/s:Body&gt;&lt;/s:Envelope&gt;</Data>
</EventData>
</Event>

<Event xmlns="http://schemas.microsoft.com/win/2004/08/events/event"><System><Provider Name="Microsoft-Windows-LiveId" Guid="{05f02597-fe85-4e67-8542-69567ab8fd4f}"></Provider>
<EventID Qualifiers="">6116</EventID>
<Version>0</Version>
<Level>4</Level>
<Task>0</Task>
<Opcode>0</Opcode>
<Keywords>0x4000000000200800</Keywords>
<TimeCreated SystemTime="2020-10-26 11:59:13.194046"></TimeCreated>
<EventRecordID>75</EventRecordID>
<Correlation ActivityID="" RelatedActivityID=""></Correlation>
<Execution ProcessID="1348" ThreadID="3968"></Execution>
<Channel>Microsoft-Windows-LiveId/Operational</Channel>
<Computer>WIN-PTFPHFCRDJ0</Computer>
<Security UserID="S-1-5-20"></Security>
</System>
<EventData><Data Name="Value">&lt;S:Envelope&gt;&lt;S:Header&gt;&lt;wsa:Action wsu:Id="Action" S:mustUnderstand="1"&gt;*&lt;/wsa:Action&gt;&lt;wsa:To wsu:Id="To" S:mustUnderstand="1"&gt;*&lt;/wsa:To&gt;&lt;wsse:Security&gt;&lt;wsu:Timestamp wsu:Id="TS"&gt;&lt;wsu:Created&gt;2020-10-26T11:59:13Z&lt;/wsu:Created&gt;&lt;wsu:Expires&gt;2020-10-26T12:04:13Z&lt;/wsu:Expires&gt;&lt;/wsu:Timestamp&gt;&lt;wssc:DerivedKeyToken wsu:Id="SignKey" Algorithm="urn:liveid:SP800108_CTR_HMAC_SHA256_DOUBLEDERIVED"&gt;&lt;wsse:SecurityTokenReference&gt;&lt;wsse:Reference URI="M7OVe4pavn+UIgoxi9WxrNzAk5k="&gt;&lt;/wsse:Reference&gt;&lt;/wsse:SecurityTokenReference&gt;&lt;wssc:Nonce&gt;*&lt;/wssc:Nonce&gt;&lt;/wssc:DerivedKeyToken&gt;&lt;wssc:DerivedKeyToken wsu:Id="EncKey" Algorithm="urn:liveid:SP800108_CTR_HMAC_SHA256_DOUBLEDERIVED"&gt;&lt;wsse:SecurityTokenReference&gt;&lt;wsse:Reference URI="M7OVe4pavn+UIgoxi9WxrNzAk5k="&gt;&lt;/wsse:Reference&gt;&lt;/wsse:SecurityTokenReference&gt;&lt;wssc:Nonce&gt;*&lt;/wssc:Nonce&gt;&lt;/wssc:DerivedKeyToken&gt;&lt;Signature xmlns="http://www.w3.org/2000/09/xmldsig#"&gt;&lt;SignedInfo&gt;&lt;CanonicalizationMethod Algorithm="http://www.w3.org/2001/10/xml-exc-c14n#"&gt;&lt;/CanonicalizationMethod&gt;&lt;SignatureMethod Algorithm="http://www.w3.org/2001/04/xmldsig-more#hmac-sha256"&gt;&lt;/SignatureMethod&gt;&lt;Reference URI="#EncPsf"&gt;&lt;Transforms&gt;&lt;Transform Algorithm="http://www.w3.org/2001/10/xml-exc-c14n#"&gt;&lt;/Transform&gt;&lt;/Transforms&gt;&lt;DigestMethod Algorithm="http://www.w3.org/2001/04/xmlenc#sha256"&gt;&lt;/DigestMethod&gt;&lt;DigestValue&gt;*&lt;/DigestValue&gt;&lt;/Reference&gt;&lt;Reference URI="#Body"&gt;&lt;Transforms&gt;&lt;Transform Algorithm="http://www.w3.org/2001/10/xml-exc-c14n#"&gt;&lt;/Transform&gt;&lt;/Transforms&gt;&lt;DigestMethod Algorithm="http://www.w3.org/2001/04/xmlenc#sha256"&gt;&lt;/DigestMethod&gt;&lt;DigestValue&gt;*&lt;/DigestValue&gt;&lt;/Reference&gt;&lt;Reference URI="#To"&gt;&lt;Transforms&gt;&lt;Transform Algorithm="http://www.w3.org/2001/10/xml-exc-c14n#"&gt;&lt;/Transform&gt;&lt;/Transforms&gt;&lt;DigestMethod Algorithm="http://www.w3.org/2001/04/xmlenc#sha256"&gt;&lt;/DigestMethod&gt;&lt;DigestValue&gt;*&lt;/DigestValue&gt;&lt;/Reference&gt;&lt;Reference URI="#Action"&gt;&lt;Transforms&gt;&lt;Transform Algorithm="http://www.w3.org/2001/10/xml-exc-c14n#"&gt;&lt;/Transform&gt;&lt;/Transforms&gt;&lt;DigestMethod Algorithm="http://www.w3.org/2001/04/xmlenc#sha256"&gt;&lt;/DigestMethod&gt;&lt;DigestValue&gt;*&lt;/DigestValue&gt;&lt;/Reference&gt;&lt;Reference URI="#TS"&gt;&lt;Transforms&gt;&lt;Transform Algorithm="http://www.w3.org/2001/10/xml-exc-c14n#"&gt;&lt;/Transform&gt;&lt;/Transforms&gt;&lt;DigestMethod Algorithm="http://www.w3.org/2001/04/xmlenc#sha256"&gt;&lt;/DigestMethod&gt;&lt;DigestValue&gt;*&lt;/DigestValue&gt;&lt;/Reference&gt;&lt;/SignedInfo&gt;&lt;SignatureValue&gt;*&lt;/SignatureValue&gt;&lt;KeyInfo&gt;&lt;wsse:SecurityTokenReference&gt;&lt;wsse:Reference URI="#SignKey"&gt;&lt;/wsse:Reference&gt;&lt;/wsse:SecurityTokenReference&gt;&lt;/KeyInfo&gt;&lt;/Signature&gt;&lt;e:ReferenceList xmlns:e="http://www.w3.org/2001/04/xmlenc#"&gt;&lt;e:DataReference URI="#RSTR"/&gt;&lt;e:DataReference URI="#EncPsf"/&gt;&lt;/e:ReferenceList&gt;&lt;/wsse:Security&gt;&lt;psf:EncryptedPP&gt;&lt;EncryptedData xmlns="http://www.w3.org/2001/04/xmlenc#" Id="EncPsf" Type="http://www.w3.org/2001/04/xmlenc#Element"&gt;&lt;EncryptionMethod Algorithm="http://www.w3.org/2001/04/xmlenc#aes256-cbc"&gt;&lt;/EncryptionMethod&gt;&lt;KeyInfo xmlns="http://www.w3.org/2000/09/xmldsig#"&gt;&lt;wsse:SecurityTokenReference&gt;&lt;wsse:Reference URI="#EncKey"&gt;&lt;/wsse:Reference&gt;&lt;/wsse:SecurityTokenReference&gt;&lt;/KeyInfo&gt;&lt;CipherData&gt;&lt;CipherValue&gt;*&lt;/CipherValue&gt;&lt;/CipherData&gt;&lt;/EncryptedData&gt;&lt;/psf:EncryptedPP&gt;&lt;/S:Header&gt;&lt;S:Body wsu:Id="Body"&gt;&lt;EncryptedData xmlns="http://www.w3.org/2001/04/xmlenc#" Id="RSTR" Type="http://www.w3.org/2001/04/xmlenc#Element"&gt;&lt;EncryptionMethod Algorithm="http://www.w3.org/2001/04/xmlenc#aes256-cbc"&gt;&lt;/EncryptionMethod&gt;&lt;KeyInfo xmlns="http://www.w3.org/2000/09/xmldsig#"&gt;&lt;wsse:SecurityTokenReference&gt;&lt;wsse:Reference URI="#EncKey"&gt;&lt;/wsse:Reference&gt;&lt;/wsse:SecurityTokenReference&gt;&lt;/KeyInfo&gt;&lt;CipherData&gt;&lt;CipherValue&gt;*&lt;/CipherValue&gt;&lt;/CipherData&gt;&lt;/EncryptedData&gt;&lt;/S:Body&gt;&lt;/S:Envelope&gt;</Data>
</EventData>
</Event>

<Event xmlns="http://schemas.microsoft.com/win/2004/08/events/event"><System><Provider Name="Microsoft-Windows-LiveId" Guid="{05f02597-fe85-4e67-8542-69567ab8fd4f}"></Provider>
<EventID Qualifiers="">6117</EventID>
<Version>0</Version>
<Level>4</Level>
<Task>0</Task>
<Opcode>0</Opcode>
<Keywords>0x4000000000200800</Keywords>
<TimeCreated SystemTime="2020-10-26 11:59:13.195059"></TimeCreated>
<EventRecordID>76</EventRecordID>
<Correlation ActivityID="" RelatedActivityID=""></Correlation>
<Execution ProcessID="1348" ThreadID="3968"></Execution>
<Channel>Microsoft-Windows-LiveId/Operational</Channel>
<Computer>WIN-PTFPHFCRDJ0</Computer>
<Security UserID="S-1-5-20"></Security>
</System>
<EventData><Data Name="ResourceURI">474a-87ad-2f9a87615fa3-dc1-tip.cloudapp.net</Data>
<Data Name="Created">2020-10-26 17:29:13</Data>
<Data Name="Expires">2020-10-27 17:29:13</Data>
<Data Name="TokenType">urn:passport:compact</Data>
<Data Name="AuthRequired">0</Data>
<Data Name="RequestStatus">0</Data>
<Data Name="HasFlowUrl">False</Data>
<Data Name="HasAuthUrl">False</Data>
<Data Name="HasEndAuthUrl">False</Data>
</EventData>
</Event>

<Event xmlns="http://schemas.microsoft.com/win/2004/08/events/event"><System><Provider Name="Microsoft-Windows-LiveId" Guid="{05f02597-fe85-4e67-8542-69567ab8fd4f}"></Provider>
<EventID Qualifiers="">6115</EventID>
<Version>0</Version>
<Level>4</Level>
<Task>0</Task>
<Opcode>0</Opcode>
<Keywords>0x4000000000200800</Keywords>
<TimeCreated SystemTime="2020-10-26 11:59:15.546926"></TimeCreated>
<EventRecordID>77</EventRecordID>
<Correlation ActivityID="" RelatedActivityID=""></Correlation>
<Execution ProcessID="1348" ThreadID="3912"></Execution>
<Channel>Microsoft-Windows-LiveId/Operational</Channel>
<Computer>WIN-PTFPHFCRDJ0</Computer>
<Security UserID="S-1-5-18"></Security>
</System>
<EventData><Data Name="Value">&lt;s:Envelope&gt;&lt;s:Header&gt;&lt;wsa:Action s:mustUnderstand="1"&gt;*&lt;/wsa:Action&gt;&lt;wsa:To s:mustUnderstand="1"&gt;*&lt;/wsa:To&gt;&lt;wsa:MessageID&gt;*&lt;/wsa:MessageID&gt;&lt;ps:AuthInfo Id="PPAuthInfo"&gt;&lt;ps:HostingApp&gt;*&lt;/ps:HostingApp&gt;&lt;ps:BinaryVersion&gt;*&lt;/ps:BinaryVersion&gt;&lt;ps:UIVersion&gt;*&lt;/ps:UIVersion&gt;&lt;ps:InlineUX&gt;*&lt;/ps:InlineUX&gt;&lt;ps:IsAdmin&gt;*&lt;/ps:IsAdmin&gt;&lt;ps:Cookies&gt;&lt;/ps:Cookies&gt;&lt;ps:RequestParams&gt;*&lt;/ps:RequestParams&gt;&lt;ps:WindowsClientString&gt;*&lt;/ps:WindowsClientString&gt;&lt;ps:LicenseSignatureKeyVersion&gt;*&lt;/ps:LicenseSignatureKeyVersion&gt;&lt;ps:ClientCapabilities&gt;*&lt;/ps:ClientCapabilities&gt;&lt;/ps:AuthInfo&gt;&lt;wsse:Security&gt;&lt;EncryptedData xmlns="http://www.w3.org/2001/04/xmlenc#" Id="devicesoftware" Type="http://www.w3.org/2001/04/xmlenc#Element"&gt;&lt;EncryptionMethod Algorithm="http://www.w3.org/2001/04/xmlenc#tripledes-cbc"&gt;&lt;/EncryptionMethod&gt;&lt;ds:KeyInfo&gt;&lt;ds:KeyName&gt;*&lt;/ds:KeyName&gt;&lt;/ds:KeyInfo&gt;&lt;CipherData&gt;&lt;CipherValue&gt;*&lt;/CipherValue&gt;&lt;/CipherData&gt;&lt;/EncryptedData&gt;&lt;wssc:DerivedKeyToken wsu:Id="SignKey" Algorithm="urn:liveid:SP800108_CTR_HMAC_SHA256_DOUBLEDERIVED"&gt;&lt;wsse:RequestedTokenReference&gt;&lt;wsse:KeyIdentifier ValueType="http://docs.oasis-open.org/wss/2004/XX/oasis-2004XX-wss-saml-token-profile-1.0#SAMLAssertionID"/&gt;&lt;wsse:Reference URI=""/&gt;&lt;/wsse:RequestedTokenReference&gt;&lt;wssc:Nonce&gt;*&lt;/wssc:Nonce&gt;&lt;/wssc:DerivedKeyToken&gt;&lt;wsu:Timestamp wsu:Id="Timestamp"&gt;&lt;wsu:Created&gt;2020-10-26T11:59:14Z&lt;/wsu:Created&gt;&lt;wsu:Expires&gt;2020-10-26T12:04:14Z&lt;/wsu:Expires&gt;&lt;/wsu:Timestamp&gt;&lt;Signature xmlns="http://www.w3.org/2000/09/xmldsig#"&gt;&lt;SignedInfo&gt;&lt;CanonicalizationMethod Algorithm="http://www.w3.org/2001/10/xml-exc-c14n#"&gt;&lt;/CanonicalizationMethod&gt;&lt;SignatureMethod Algorithm="http://www.w3.org/2001/04/xmldsig-more#hmac-sha256"&gt;&lt;/SignatureMethod&gt;&lt;Reference URI="#RST0"&gt;&lt;Transforms&gt;&lt;Transform Algorithm="http://www.w3.org/2001/10/xml-exc-c14n#"&gt;&lt;/Transform&gt;&lt;/Transforms&gt;&lt;DigestMethod Algorithm="http://www.w3.org/2001/04/xmlenc#sha256"&gt;&lt;/DigestMethod&gt;&lt;DigestValue&gt;*&lt;/DigestValue&gt;&lt;/Reference&gt;&lt;Reference URI="#Timestamp"&gt;&lt;Transforms&gt;&lt;Transform Algorithm="http://www.w3.org/2001/10/xml-exc-c14n#"&gt;&lt;/Transform&gt;&lt;/Transforms&gt;&lt;DigestMethod Algorithm="http://www.w3.org/2001/04/xmlenc#sha256"&gt;&lt;/DigestMethod&gt;&lt;DigestValue&gt;*&lt;/DigestValue&gt;&lt;/Reference&gt;&lt;Reference URI="#PPAuthInfo"&gt;&lt;Transforms&gt;&lt;Transform Algorithm="http://www.w3.org/2001/10/xml-exc-c14n#"&gt;&lt;/Transform&gt;&lt;/Transforms&gt;&lt;DigestMethod Algorithm="http://www.w3.org/2001/04/xmlenc#sha256"&gt;&lt;/DigestMethod&gt;&lt;DigestValue&gt;*&lt;/DigestValue&gt;&lt;/Reference&gt;&lt;/SignedInfo&gt;&lt;SignatureValue&gt;*&lt;/SignatureValue&gt;&lt;KeyInfo&gt;&lt;wsse:SecurityTokenReference&gt;&lt;wsse:Reference URI="#SignKey"/&gt;&lt;/wsse:SecurityTokenReference&gt;&lt;/KeyInfo&gt;&lt;/Signature&gt;&lt;/wsse:Security&gt;&lt;/s:Header&gt;&lt;s:Body&gt;&lt;wst:RequestSecurityToken Id="RST0"&gt;&lt;wst:RequestType&gt;*&lt;/wst:RequestType&gt;&lt;wsp:AppliesTo&gt;&lt;wsa:EndpointReference&gt;&lt;wsa:Address&gt;https://settings-win.data.microsoft.com&lt;/wsa:Address&gt;&lt;/wsa:EndpointReference&gt;&lt;/wsp:AppliesTo&gt;&lt;wsp:PolicyReference URI="MBI_SSL"&gt;&lt;/wsp:PolicyReference&gt;&lt;/wst:RequestSecurityToken&gt;&lt;/s:Body&gt;&lt;/s:Envelope&gt;</Data>
</EventData>
</Event>

<Event xmlns="http://schemas.microsoft.com/win/2004/08/events/event"><System><Provider Name="Microsoft-Windows-LiveId" Guid="{05f02597-fe85-4e67-8542-69567ab8fd4f}"></Provider>
<EventID Qualifiers="">6116</EventID>
<Version>0</Version>
<Level>4</Level>
<Task>0</Task>
<Opcode>0</Opcode>
<Keywords>0x4000000000200800</Keywords>
<TimeCreated SystemTime="2020-10-26 11:59:16.811926"></TimeCreated>
<EventRecordID>78</EventRecordID>
<Correlation ActivityID="" RelatedActivityID=""></Correlation>
<Execution ProcessID="1348" ThreadID="3912"></Execution>
<Channel>Microsoft-Windows-LiveId/Operational</Channel>
<Computer>WIN-PTFPHFCRDJ0</Computer>
<Security UserID="S-1-5-18"></Security>
</System>
<EventData><Data Name="Value">&lt;S:Envelope&gt;&lt;S:Header&gt;&lt;wsa:Action wsu:Id="Action" S:mustUnderstand="1"&gt;*&lt;/wsa:Action&gt;&lt;wsa:To wsu:Id="To" S:mustUnderstand="1"&gt;*&lt;/wsa:To&gt;&lt;wsse:Security&gt;&lt;wsu:Timestamp wsu:Id="TS"&gt;&lt;wsu:Created&gt;2020-10-26T11:59:16Z&lt;/wsu:Created&gt;&lt;wsu:Expires&gt;2020-10-26T12:04:16Z&lt;/wsu:Expires&gt;&lt;/wsu:Timestamp&gt;&lt;wssc:DerivedKeyToken wsu:Id="SignKey" Algorithm="urn:liveid:SP800108_CTR_HMAC_SHA256_DOUBLEDERIVED"&gt;&lt;wsse:SecurityTokenReference&gt;&lt;wsse:Reference URI="JswCosHMrM54YJJigcQ9augYNHY="&gt;&lt;/wsse:Reference&gt;&lt;/wsse:SecurityTokenReference&gt;&lt;wssc:Nonce&gt;*&lt;/wssc:Nonce&gt;&lt;/wssc:DerivedKeyToken&gt;&lt;wssc:DerivedKeyToken wsu:Id="EncKey" Algorithm="urn:liveid:SP800108_CTR_HMAC_SHA256_DOUBLEDERIVED"&gt;&lt;wsse:SecurityTokenReference&gt;&lt;wsse:Reference URI="JswCosHMrM54YJJigcQ9augYNHY="&gt;&lt;/wsse:Reference&gt;&lt;/wsse:SecurityTokenReference&gt;&lt;wssc:Nonce&gt;*&lt;/wssc:Nonce&gt;&lt;/wssc:DerivedKeyToken&gt;&lt;Signature xmlns="http://www.w3.org/2000/09/xmldsig#"&gt;&lt;SignedInfo&gt;&lt;CanonicalizationMethod Algorithm="http://www.w3.org/2001/10/xml-exc-c14n#"&gt;&lt;/CanonicalizationMethod&gt;&lt;SignatureMethod Algorithm="http://www.w3.org/2001/04/xmldsig-more#hmac-sha256"&gt;&lt;/SignatureMethod&gt;&lt;Reference URI="#EncPsf"&gt;&lt;Transforms&gt;&lt;Transform Algorithm="http://www.w3.org/2001/10/xml-exc-c14n#"&gt;&lt;/Transform&gt;&lt;/Transforms&gt;&lt;DigestMethod Algorithm="http://www.w3.org/2001/04/xmlenc#sha256"&gt;&lt;/DigestMethod&gt;&lt;DigestValue&gt;*&lt;/DigestValue&gt;&lt;/Reference&gt;&lt;Reference URI="#Body"&gt;&lt;Transforms&gt;&lt;Transform Algorithm="http://www.w3.org/2001/10/xml-exc-c14n#"&gt;&lt;/Transform&gt;&lt;/Transforms&gt;&lt;DigestMethod Algorithm="http://www.w3.org/2001/04/xmlenc#sha256"&gt;&lt;/DigestMethod&gt;&lt;DigestValue&gt;*&lt;/DigestValue&gt;&lt;/Reference&gt;&lt;Reference URI="#To"&gt;&lt;Transforms&gt;&lt;Transform Algorithm="http://www.w3.org/2001/10/xml-exc-c14n#"&gt;&lt;/Transform&gt;&lt;/Transforms&gt;&lt;DigestMethod Algorithm="http://www.w3.org/2001/04/xmlenc#sha256"&gt;&lt;/DigestMethod&gt;&lt;DigestValue&gt;*&lt;/DigestValue&gt;&lt;/Reference&gt;&lt;Reference URI="#Action"&gt;&lt;Transforms&gt;&lt;Transform Algorithm="http://www.w3.org/2001/10/xml-exc-c14n#"&gt;&lt;/Transform&gt;&lt;/Transforms&gt;&lt;DigestMethod Algorithm="http://www.w3.org/2001/04/xmlenc#sha256"&gt;&lt;/DigestMethod&gt;&lt;DigestValue&gt;*&lt;/DigestValue&gt;&lt;/Reference&gt;&lt;Reference URI="#TS"&gt;&lt;Transforms&gt;&lt;Transform Algorithm="http://www.w3.org/2001/10/xml-exc-c14n#"&gt;&lt;/Transform&gt;&lt;/Transforms&gt;&lt;DigestMethod Algorithm="http://www.w3.org/2001/04/xmlenc#sha256"&gt;&lt;/DigestMethod&gt;&lt;DigestValue&gt;*&lt;/DigestValue&gt;&lt;/Reference&gt;&lt;/SignedInfo&gt;&lt;SignatureValue&gt;*&lt;/SignatureValue&gt;&lt;KeyInfo&gt;&lt;wsse:SecurityTokenReference&gt;&lt;wsse:Reference URI="#SignKey"&gt;&lt;/wsse:Reference&gt;&lt;/wsse:SecurityTokenReference&gt;&lt;/KeyInfo&gt;&lt;/Signature&gt;&lt;e:ReferenceList xmlns:e="http://www.w3.org/2001/04/xmlenc#"&gt;&lt;e:DataReference URI="#RSTR"/&gt;&lt;e:DataReference URI="#EncPsf"/&gt;&lt;/e:ReferenceList&gt;&lt;/wsse:Security&gt;&lt;psf:EncryptedPP&gt;&lt;EncryptedData xmlns="http://www.w3.org/2001/04/xmlenc#" Id="EncPsf" Type="http://www.w3.org/2001/04/xmlenc#Element"&gt;&lt;EncryptionMethod Algorithm="http://www.w3.org/2001/04/xmlenc#aes256-cbc"&gt;&lt;/EncryptionMethod&gt;&lt;KeyInfo xmlns="http://www.w3.org/2000/09/xmldsig#"&gt;&lt;wsse:SecurityTokenReference&gt;&lt;wsse:Reference URI="#EncKey"&gt;&lt;/wsse:Reference&gt;&lt;/wsse:SecurityTokenReference&gt;&lt;/KeyInfo&gt;&lt;CipherData&gt;&lt;CipherValue&gt;*&lt;/CipherValue&gt;&lt;/CipherData&gt;&lt;/EncryptedData&gt;&lt;/psf:EncryptedPP&gt;&lt;/S:Header&gt;&lt;S:Body wsu:Id="Body"&gt;&lt;EncryptedData xmlns="http://www.w3.org/2001/04/xmlenc#" Id="RSTR" Type="http://www.w3.org/2001/04/xmlenc#Element"&gt;&lt;EncryptionMethod Algorithm="http://www.w3.org/2001/04/xmlenc#aes256-cbc"&gt;&lt;/EncryptionMethod&gt;&lt;KeyInfo xmlns="http://www.w3.org/2000/09/xmldsig#"&gt;&lt;wsse:SecurityTokenReference&gt;&lt;wsse:Reference URI="#EncKey"&gt;&lt;/wsse:Reference&gt;&lt;/wsse:SecurityTokenReference&gt;&lt;/KeyInfo&gt;&lt;CipherData&gt;&lt;CipherValue&gt;*&lt;/CipherValue&gt;&lt;/CipherData&gt;&lt;/EncryptedData&gt;&lt;/S:Body&gt;&lt;/S:Envelope&gt;</Data>
</EventData>
</Event>

<Event xmlns="http://schemas.microsoft.com/win/2004/08/events/event"><System><Provider Name="Microsoft-Windows-LiveId" Guid="{05f02597-fe85-4e67-8542-69567ab8fd4f}"></Provider>
<EventID Qualifiers="">6117</EventID>
<Version>0</Version>
<Level>4</Level>
<Task>0</Task>
<Opcode>0</Opcode>
<Keywords>0x4000000000200800</Keywords>
<TimeCreated SystemTime="2020-10-26 11:59:16.812338"></TimeCreated>
<EventRecordID>79</EventRecordID>
<Correlation ActivityID="" RelatedActivityID=""></Correlation>
<Execution ProcessID="1348" ThreadID="3912"></Execution>
<Channel>Microsoft-Windows-LiveId/Operational</Channel>
<Computer>WIN-PTFPHFCRDJ0</Computer>
<Security UserID="S-1-5-18"></Security>
</System>
<EventData><Data Name="ResourceURI">https://settings-win.data.microsoft.com</Data>
<Data Name="Created">2020-10-26 17:29:16</Data>
<Data Name="Expires">2020-10-27 17:29:16</Data>
<Data Name="TokenType">urn:passport:compact</Data>
<Data Name="AuthRequired">0</Data>
<Data Name="RequestStatus">0</Data>
<Data Name="HasFlowUrl">False</Data>
<Data Name="HasAuthUrl">False</Data>
<Data Name="HasEndAuthUrl">False</Data>
</EventData>
</Event>

<Event xmlns="http://schemas.microsoft.com/win/2004/08/events/event"><System><Provider Name="Microsoft-Windows-LiveId" Guid="{05f02597-fe85-4e67-8542-69567ab8fd4f}"></Provider>
<EventID Qualifiers="">6115</EventID>
<Version>0</Version>
<Level>4</Level>
<Task>0</Task>
<Opcode>0</Opcode>
<Keywords>0x4000000000200800</Keywords>
<TimeCreated SystemTime="2020-10-26 11:59:48.877890"></TimeCreated>
<EventRecordID>80</EventRecordID>
<Correlation ActivityID="" RelatedActivityID=""></Correlation>
<Execution ProcessID="1348" ThreadID="1900"></Execution>
<Channel>Microsoft-Windows-LiveId/Operational</Channel>
<Computer>WIN-PTFPHFCRDJ0</Computer>
<Security UserID="S-1-5-18"></Security>
</System>
<EventData><Data Name="Value">&lt;s:Envelope&gt;&lt;s:Header&gt;&lt;wsa:Action s:mustUnderstand="1"&gt;*&lt;/wsa:Action&gt;&lt;wsa:To s:mustUnderstand="1"&gt;*&lt;/wsa:To&gt;&lt;wsa:MessageID&gt;*&lt;/wsa:MessageID&gt;&lt;ps:AuthInfo Id="PPAuthInfo"&gt;&lt;ps:HostingApp&gt;*&lt;/ps:HostingApp&gt;&lt;ps:BinaryVersion&gt;*&lt;/ps:BinaryVersion&gt;&lt;ps:UIVersion&gt;*&lt;/ps:UIVersion&gt;&lt;ps:InlineUX&gt;*&lt;/ps:InlineUX&gt;&lt;ps:IsAdmin&gt;*&lt;/ps:IsAdmin&gt;&lt;ps:Cookies&gt;&lt;/ps:Cookies&gt;&lt;ps:RequestParams&gt;*&lt;/ps:RequestParams&gt;&lt;ps:WindowsClientString&gt;*&lt;/ps:WindowsClientString&gt;&lt;ps:LicenseSignatureKeyVersion&gt;*&lt;/ps:LicenseSignatureKeyVersion&gt;&lt;ps:ClientCapabilities&gt;*&lt;/ps:ClientCapabilities&gt;&lt;/ps:AuthInfo&gt;&lt;wsse:Security&gt;&lt;EncryptedData xmlns="http://www.w3.org/2001/04/xmlenc#" Id="devicesoftware" Type="http://www.w3.org/2001/04/xmlenc#Element"&gt;&lt;EncryptionMethod Algorithm="http://www.w3.org/2001/04/xmlenc#tripledes-cbc"&gt;&lt;/EncryptionMethod&gt;&lt;ds:KeyInfo&gt;&lt;ds:KeyName&gt;*&lt;/ds:KeyName&gt;&lt;/ds:KeyInfo&gt;&lt;CipherData&gt;&lt;CipherValue&gt;*&lt;/CipherValue&gt;&lt;/CipherData&gt;&lt;/EncryptedData&gt;&lt;wssc:DerivedKeyToken wsu:Id="SignKey" Algorithm="urn:liveid:SP800108_CTR_HMAC_SHA256_DOUBLEDERIVED"&gt;&lt;wsse:RequestedTokenReference&gt;&lt;wsse:KeyIdentifier ValueType="http://docs.oasis-open.org/wss/2004/XX/oasis-2004XX-wss-saml-token-profile-1.0#SAMLAssertionID"/&gt;&lt;wsse:Reference URI=""/&gt;&lt;/wsse:RequestedTokenReference&gt;&lt;wssc:Nonce&gt;*&lt;/wssc:Nonce&gt;&lt;/wssc:DerivedKeyToken&gt;&lt;wsu:Timestamp wsu:Id="Timestamp"&gt;&lt;wsu:Created&gt;2020-10-26T11:59:47Z&lt;/wsu:Created&gt;&lt;wsu:Expires&gt;2020-10-26T12:04:47Z&lt;/wsu:Expires&gt;&lt;/wsu:Timestamp&gt;&lt;Signature xmlns="http://www.w3.org/2000/09/xmldsig#"&gt;&lt;SignedInfo&gt;&lt;CanonicalizationMethod Algorithm="http://www.w3.org/2001/10/xml-exc-c14n#"&gt;&lt;/CanonicalizationMethod&gt;&lt;SignatureMethod Algorithm="http://www.w3.org/2001/04/xmldsig-more#hmac-sha256"&gt;&lt;/SignatureMethod&gt;&lt;Reference URI="#RST0"&gt;&lt;Transforms&gt;&lt;Transform Algorithm="http://www.w3.org/2001/10/xml-exc-c14n#"&gt;&lt;/Transform&gt;&lt;/Transforms&gt;&lt;DigestMethod Algorithm="http://www.w3.org/2001/04/xmlenc#sha256"&gt;&lt;/DigestMethod&gt;&lt;DigestValue&gt;*&lt;/DigestValue&gt;&lt;/Reference&gt;&lt;Reference URI="#Timestamp"&gt;&lt;Transforms&gt;&lt;Transform Algorithm="http://www.w3.org/2001/10/xml-exc-c14n#"&gt;&lt;/Transform&gt;&lt;/Transforms&gt;&lt;DigestMethod Algorithm="http://www.w3.org/2001/04/xmlenc#sha256"&gt;&lt;/DigestMethod&gt;&lt;DigestValue&gt;*&lt;/DigestValue&gt;&lt;/Reference&gt;&lt;Reference URI="#PPAuthInfo"&gt;&lt;Transforms&gt;&lt;Transform Algorithm="http://www.w3.org/2001/10/xml-exc-c14n#"&gt;&lt;/Transform&gt;&lt;/Transforms&gt;&lt;DigestMethod Algorithm="http://www.w3.org/2001/04/xmlenc#sha256"&gt;&lt;/DigestMethod&gt;&lt;DigestValue&gt;*&lt;/DigestValue&gt;&lt;/Reference&gt;&lt;/SignedInfo&gt;&lt;SignatureValue&gt;*&lt;/SignatureValue&gt;&lt;KeyInfo&gt;&lt;wsse:SecurityTokenReference&gt;&lt;wsse:Reference URI="#SignKey"/&gt;&lt;/wsse:SecurityTokenReference&gt;&lt;/KeyInfo&gt;&lt;/Signature&gt;&lt;/wsse:Security&gt;&lt;/s:Header&gt;&lt;s:Body&gt;&lt;wst:RequestSecurityToken Id="RST0"&gt;&lt;wst:RequestType&gt;*&lt;/wst:RequestType&gt;&lt;wsp:AppliesTo&gt;&lt;wsa:EndpointReference&gt;&lt;wsa:Address&gt;dcat.update.microsoft.com&lt;/wsa:Address&gt;&lt;/wsa:EndpointReference&gt;&lt;/wsp:AppliesTo&gt;&lt;wsp:PolicyReference URI="MBI_SSL"&gt;&lt;/wsp:PolicyReference&gt;&lt;/wst:RequestSecurityToken&gt;&lt;/s:Body&gt;&lt;/s:Envelope&gt;</Data>
</EventData>
</Event>

