<Event xmlns="http://schemas.microsoft.com/win/2004/08/events/event"><System><Provider Name="Microsoft-Windows-Shell-Core" Guid="{30336ed4-e327-447c-9de0-51b652c86108}"></Provider>
<EventID Qualifiers="">62170</EventID>
<Version>0</Version>
<Level>4</Level>
<Task>62170</Task>
<Opcode>1</Opcode>
<Keywords>0x2001000200000000</Keywords>
<TimeCreated SystemTime="2020-10-24 22:25:08.576637"></TimeCreated>
<EventRecordID>688</EventRecordID>
<Correlation ActivityID="" RelatedActivityID=""></Correlation>
<Execution ProcessID="1320" ThreadID="2984"></Execution>
<Channel>Microsoft-Windows-Shell-Core/Operational</Channel>
<Computer>WIN-PTFPHFCRDJ0</Computer>
<Security UserID="S-1-5-21-1152959844-3645458174-3779170896-1000"></Security>
</System>
<EventData><Data Name="LogonType">8</Data>
<Data Name="TaskName">OEMFirstRunTelemetry</Data>
</EventData>
</Event>

<Event xmlns="http://schemas.microsoft.com/win/2004/08/events/event"><System><Provider Name="Microsoft-Windows-Shell-Core" Guid="{30336ed4-e327-447c-9de0-51b652c86108}"></Provider>
<EventID Qualifiers="">62171</EventID>
<Version>0</Version>
<Level>4</Level>
<Task>62170</Task>
<Opcode>2</Opcode>
<Keywords>0x2001000200000000</Keywords>
<TimeCreated SystemTime="2020-10-24 22:25:08.576672"></TimeCreated>
<EventRecordID>689</EventRecordID>
<Correlation ActivityID="" RelatedActivityID=""></Correlation>
<Execution ProcessID="1320" ThreadID="2984"></Execution>
<Channel>Microsoft-Windows-Shell-Core/Operational</Channel>
<Computer>WIN-PTFPHFCRDJ0</Computer>
<Security UserID="S-1-5-21-1152959844-3645458174-3779170896-1000"></Security>
</System>
<EventData><Data Name="LogonType">8</Data>
<Data Name="TaskName">OEMFirstRunTelemetry</Data>
</EventData>
</Event>

<Event xmlns="http://schemas.microsoft.com/win/2004/08/events/event"><System><Provider Name="Microsoft-Windows-Shell-Core" Guid="{30336ed4-e327-447c-9de0-51b652c86108}"></Provider>
<EventID Qualifiers="">62171</EventID>
<Version>0</Version>
<Level>4</Level>
<Task>62170</Task>
<Opcode>2</Opcode>
<Keywords>0x2001000200000000</Keywords>
<TimeCreated SystemTime="2020-10-24 22:25:08.593105"></TimeCreated>
<EventRecordID>690</EventRecordID>
<Correlation ActivityID="" RelatedActivityID=""></Correlation>
<Execution ProcessID="1320" ThreadID="3308"></Execution>
<Channel>Microsoft-Windows-Shell-Core/Operational</Channel>
<Computer>WIN-PTFPHFCRDJ0</Computer>
<Security UserID="S-1-5-21-1152959844-3645458174-3779170896-1000"></Security>
</System>
<EventData><Data Name="LogonType">8</Data>
<Data Name="TaskName">LaunchInputDialListenerPostStart</Data>
</EventData>
</Event>

<Event xmlns="http://schemas.microsoft.com/win/2004/08/events/event"><System><Provider Name="Microsoft-Windows-Shell-Core" Guid="{30336ed4-e327-447c-9de0-51b652c86108}"></Provider>
<EventID Qualifiers="">62171</EventID>
<Version>0</Version>
<Level>4</Level>
<Task>62170</Task>
<Opcode>2</Opcode>
<Keywords>0x2001000200000000</Keywords>
<TimeCreated SystemTime="2020-10-24 22:25:08.608746"></TimeCreated>
<EventRecordID>691</EventRecordID>
<Correlation ActivityID="" RelatedActivityID=""></Correlation>
<Execution ProcessID="1320" ThreadID="3136"></Execution>
<Channel>Microsoft-Windows-Shell-Core/Operational</Channel>
<Computer>WIN-PTFPHFCRDJ0</Computer>
<Security UserID="S-1-5-21-1152959844-3645458174-3779170896-1000"></Security>
</System>
<EventData><Data Name="LogonType">8</Data>
<Data Name="TaskName">ARSFirstRunTelemetry</Data>
</EventData>
</Event>

<Event xmlns="http://schemas.microsoft.com/win/2004/08/events/event"><System><Provider Name="Microsoft-Windows-Shell-Core" Guid="{30336ed4-e327-447c-9de0-51b652c86108}"></Provider>
<EventID Qualifiers="">9705</EventID>
<Version>0</Version>
<Level>4</Level>
<Task>9705</Task>
<Opcode>1</Opcode>
<Keywords>0x2000000004010000</Keywords>
<TimeCreated SystemTime="2020-10-24 22:25:22.155991"></TimeCreated>
<EventRecordID>692</EventRecordID>
<Correlation ActivityID="" RelatedActivityID=""></Correlation>
<Execution ProcessID="1320" ThreadID="3180"></Execution>
<Channel>Microsoft-Windows-Shell-Core/Operational</Channel>
<Computer>WIN-PTFPHFCRDJ0</Computer>
<Security UserID="S-1-5-21-1152959844-3645458174-3779170896-1000"></Security>
</System>
<EventData><Data Name="KeyName">Software\Microsoft\Windows\CurrentVersion\Run</Data>
</EventData>
</Event>

<Event xmlns="http://schemas.microsoft.com/win/2004/08/events/event"><System><Provider Name="Microsoft-Windows-Shell-Core" Guid="{30336ed4-e327-447c-9de0-51b652c86108}"></Provider>
<EventID Qualifiers="">9707</EventID>
<Version>0</Version>
<Level>4</Level>
<Task>9707</Task>
<Opcode>1</Opcode>
<Keywords>0x2000000004010000</Keywords>
<TimeCreated SystemTime="2020-10-24 22:25:22.172859"></TimeCreated>
<EventRecordID>693</EventRecordID>
<Correlation ActivityID="" RelatedActivityID=""></Correlation>
<Execution ProcessID="1320" ThreadID="3180"></Execution>
<Channel>Microsoft-Windows-Shell-Core/Operational</Channel>
<Computer>WIN-PTFPHFCRDJ0</Computer>
<Security UserID="S-1-5-21-1152959844-3645458174-3779170896-1000"></Security>
</System>
<EventData><Data Name="Command">SecurityHealthSystray.exe</Data>
</EventData>
</Event>

<Event xmlns="http://schemas.microsoft.com/win/2004/08/events/event"><System><Provider Name="Microsoft-Windows-Shell-Core" Guid="{30336ed4-e327-447c-9de0-51b652c86108}"></Provider>
<EventID Qualifiers="">9708</EventID>
<Version>0</Version>
<Level>4</Level>
<Task>9707</Task>
<Opcode>2</Opcode>
<Keywords>0x2000000004010000</Keywords>
<TimeCreated SystemTime="2020-10-24 22:25:23.861254"></TimeCreated>
<EventRecordID>694</EventRecordID>
<Correlation ActivityID="" RelatedActivityID=""></Correlation>
<Execution ProcessID="1320" ThreadID="3180"></Execution>
<Channel>Microsoft-Windows-Shell-Core/Operational</Channel>
<Computer>WIN-PTFPHFCRDJ0</Computer>
<Security UserID="S-1-5-21-1152959844-3645458174-3779170896-1000"></Security>
</System>
<EventData><Data Name="PID">2208</Data>
<Data Name="Command">SecurityHealthSystray.exe</Data>
</EventData>
</Event>

<Event xmlns="http://schemas.microsoft.com/win/2004/08/events/event"><System><Provider Name="Microsoft-Windows-Shell-Core" Guid="{30336ed4-e327-447c-9de0-51b652c86108}"></Provider>
<EventID Qualifiers="">9707</EventID>
<Version>0</Version>
<Level>4</Level>
<Task>9707</Task>
<Opcode>1</Opcode>
<Keywords>0x2000000004010000</Keywords>
<TimeCreated SystemTime="2020-10-24 22:25:23.861593"></TimeCreated>
<EventRecordID>695</EventRecordID>
<Correlation ActivityID="" RelatedActivityID=""></Correlation>
<Execution ProcessID="1320" ThreadID="3180"></Execution>
<Channel>Microsoft-Windows-Shell-Core/Operational</Channel>
<Computer>WIN-PTFPHFCRDJ0</Computer>
<Security UserID="S-1-5-21-1152959844-3645458174-3779170896-1000"></Security>
</System>
<EventData><Data Name="Command">vm3dservice.exe" -u</Data>
</EventData>
</Event>

<Event xmlns="http://schemas.microsoft.com/win/2004/08/events/event"><System><Provider Name="Microsoft-Windows-Shell-Core" Guid="{30336ed4-e327-447c-9de0-51b652c86108}"></Provider>
<EventID Qualifiers="">9708</EventID>
<Version>0</Version>
<Level>4</Level>
<Task>9707</Task>
<Opcode>2</Opcode>
<Keywords>0x2000000004010000</Keywords>
<TimeCreated SystemTime="2020-10-24 22:25:24.329712"></TimeCreated>
<EventRecordID>696</EventRecordID>
<Correlation ActivityID="" RelatedActivityID=""></Correlation>
<Execution ProcessID="1320" ThreadID="3180"></Execution>
<Channel>Microsoft-Windows-Shell-Core/Operational</Channel>
<Computer>WIN-PTFPHFCRDJ0</Computer>
<Security UserID="S-1-5-21-1152959844-3645458174-3779170896-1000"></Security>
</System>
<EventData><Data Name="PID">1312</Data>
<Data Name="Command">vm3dservice.exe" -u</Data>
</EventData>
</Event>

<Event xmlns="http://schemas.microsoft.com/win/2004/08/events/event"><System><Provider Name="Microsoft-Windows-Shell-Core" Guid="{30336ed4-e327-447c-9de0-51b652c86108}"></Provider>
<EventID Qualifiers="">9707</EventID>
<Version>0</Version>
<Level>4</Level>
<Task>9707</Task>
<Opcode>1</Opcode>
<Keywords>0x2000000004010000</Keywords>
<TimeCreated SystemTime="2020-10-24 22:25:24.330019"></TimeCreated>
<EventRecordID>697</EventRecordID>
<Correlation ActivityID="" RelatedActivityID=""></Correlation>
<Execution ProcessID="1320" ThreadID="3180"></Execution>
<Channel>Microsoft-Windows-Shell-Core/Operational</Channel>
<Computer>WIN-PTFPHFCRDJ0</Computer>
<Security UserID="S-1-5-21-1152959844-3645458174-3779170896-1000"></Security>
</System>
<EventData><Data Name="Command">vmtoolsd.exe" -n vmusr</Data>
</EventData>
</Event>

<Event xmlns="http://schemas.microsoft.com/win/2004/08/events/event"><System><Provider Name="Microsoft-Windows-Shell-Core" Guid="{30336ed4-e327-447c-9de0-51b652c86108}"></Provider>
<EventID Qualifiers="">9708</EventID>
<Version>0</Version>
<Level>4</Level>
<Task>9707</Task>
<Opcode>2</Opcode>
<Keywords>0x2000000004010000</Keywords>
<TimeCreated SystemTime="2020-10-24 22:25:25.624706"></TimeCreated>
<EventRecordID>698</EventRecordID>
<Correlation ActivityID="" RelatedActivityID=""></Correlation>
<Execution ProcessID="1320" ThreadID="3180"></Execution>
<Channel>Microsoft-Windows-Shell-Core/Operational</Channel>
<Computer>WIN-PTFPHFCRDJ0</Computer>
<Security UserID="S-1-5-21-1152959844-3645458174-3779170896-1000"></Security>
</System>
<EventData><Data Name="PID">1456</Data>
<Data Name="Command">vmtoolsd.exe" -n vmusr</Data>
</EventData>
</Event>

<Event xmlns="http://schemas.microsoft.com/win/2004/08/events/event"><System><Provider Name="Microsoft-Windows-Shell-Core" Guid="{30336ed4-e327-447c-9de0-51b652c86108}"></Provider>
<EventID Qualifiers="">9706</EventID>
<Version>0</Version>
<Level>4</Level>
<Task>9705</Task>
<Opcode>2</Opcode>
<Keywords>0x2000000004010000</Keywords>
<TimeCreated SystemTime="2020-10-24 22:25:25.625040"></TimeCreated>
<EventRecordID>699</EventRecordID>
<Correlation ActivityID="" RelatedActivityID=""></Correlation>
<Execution ProcessID="1320" ThreadID="3180"></Execution>
<Channel>Microsoft-Windows-Shell-Core/Operational</Channel>
<Computer>WIN-PTFPHFCRDJ0</Computer>
<Security UserID="S-1-5-21-1152959844-3645458174-3779170896-1000"></Security>
</System>
<EventData><Data Name="KeyName">Software\Microsoft\Windows\CurrentVersion\Run</Data>
</EventData>
</Event>

<Event xmlns="http://schemas.microsoft.com/win/2004/08/events/event"><System><Provider Name="Microsoft-Windows-Shell-Core" Guid="{30336ed4-e327-447c-9de0-51b652c86108}"></Provider>
<EventID Qualifiers="">9705</EventID>
<Version>0</Version>
<Level>4</Level>
<Task>9705</Task>
<Opcode>1</Opcode>
<Keywords>0x2000000004010000</Keywords>
<TimeCreated SystemTime="2020-10-24 22:25:25.625072"></TimeCreated>
<EventRecordID>700</EventRecordID>
<Correlation ActivityID="" RelatedActivityID=""></Correlation>
<Execution ProcessID="1320" ThreadID="3180"></Execution>
<Channel>Microsoft-Windows-Shell-Core/Operational</Channel>
<Computer>WIN-PTFPHFCRDJ0</Computer>
<Security UserID="S-1-5-21-1152959844-3645458174-3779170896-1000"></Security>
</System>
<EventData><Data Name="KeyName">Software\Microsoft\Windows\CurrentVersion\Run</Data>
</EventData>
</Event>

<Event xmlns="http://schemas.microsoft.com/win/2004/08/events/event"><System><Provider Name="Microsoft-Windows-Shell-Core" Guid="{30336ed4-e327-447c-9de0-51b652c86108}"></Provider>
<EventID Qualifiers="">9706</EventID>
<Version>0</Version>
<Level>4</Level>
<Task>9705</Task>
<Opcode>2</Opcode>
<Keywords>0x2000000004010000</Keywords>
<TimeCreated SystemTime="2020-10-24 22:25:25.625080"></TimeCreated>
<EventRecordID>701</EventRecordID>
<Correlation ActivityID="" RelatedActivityID=""></Correlation>
<Execution ProcessID="1320" ThreadID="3180"></Execution>
<Channel>Microsoft-Windows-Shell-Core/Operational</Channel>
<Computer>WIN-PTFPHFCRDJ0</Computer>
<Security UserID="S-1-5-21-1152959844-3645458174-3779170896-1000"></Security>
</System>
<EventData><Data Name="KeyName">Software\Microsoft\Windows\CurrentVersion\Run</Data>
</EventData>
</Event>

<Event xmlns="http://schemas.microsoft.com/win/2004/08/events/event"><System><Provider Name="Microsoft-Windows-Shell-Core" Guid="{30336ed4-e327-447c-9de0-51b652c86108}"></Provider>
<EventID Qualifiers="">62170</EventID>
<Version>0</Version>
<Level>4</Level>
<Task>62170</Task>
<Opcode>1</Opcode>
<Keywords>0x2001000200000000</Keywords>
<TimeCreated SystemTime="2020-10-26 12:10:46.946520"></TimeCreated>
<EventRecordID>702</EventRecordID>
<Correlation ActivityID="" RelatedActivityID=""></Correlation>
<Execution ProcessID="3404" ThreadID="544"></Execution>
<Channel>Microsoft-Windows-Shell-Core/Operational</Channel>
<Computer>WIN-PTFPHFCRDJ0</Computer>
<Security UserID="S-1-5-21-1152959844-3645458174-3779170896-1000"></Security>
</System>
<EventData><Data Name="LogonType">8</Data>
<Data Name="TaskName">AllLogonTasks</Data>
</EventData>
</Event>

<Event xmlns="http://schemas.microsoft.com/win/2004/08/events/event"><System><Provider Name="Microsoft-Windows-Shell-Core" Guid="{30336ed4-e327-447c-9de0-51b652c86108}"></Provider>
<EventID Qualifiers="">62170</EventID>
<Version>0</Version>
<Level>4</Level>
<Task>62170</Task>
<Opcode>1</Opcode>
<Keywords>0x2001000200000000</Keywords>
<TimeCreated SystemTime="2020-10-26 12:10:46.946522"></TimeCreated>
<EventRecordID>703</EventRecordID>
<Correlation ActivityID="" RelatedActivityID=""></Correlation>
<Execution ProcessID="3404" ThreadID="544"></Execution>
<Channel>Microsoft-Windows-Shell-Core/Operational</Channel>
<Computer>WIN-PTFPHFCRDJ0</Computer>
<Security UserID="S-1-5-21-1152959844-3645458174-3779170896-1000"></Security>
</System>
<EventData><Data Name="LogonType">8</Data>
<Data Name="TaskName">PreRoamingTasks</Data>
</EventData>
</Event>

<Event xmlns="http://schemas.microsoft.com/win/2004/08/events/event"><System><Provider Name="Microsoft-Windows-Shell-Core" Guid="{30336ed4-e327-447c-9de0-51b652c86108}"></Provider>
<EventID Qualifiers="">62170</EventID>
<Version>0</Version>
<Level>4</Level>
<Task>62170</Task>
<Opcode>1</Opcode>
<Keywords>0x2001000200000000</Keywords>
<TimeCreated SystemTime="2020-10-26 12:10:47.123331"></TimeCreated>
<EventRecordID>704</EventRecordID>
<Correlation ActivityID="" RelatedActivityID=""></Correlation>
<Execution ProcessID="3404" ThreadID="544"></Execution>
<Channel>Microsoft-Windows-Shell-Core/Operational</Channel>
<Computer>WIN-PTFPHFCRDJ0</Computer>
<Security UserID="S-1-5-21-1152959844-3645458174-3779170896-1000"></Security>
</System>
<EventData><Data Name="LogonType">8</Data>
<Data Name="TaskName">ShellPrep</Data>
</EventData>
</Event>

<Event xmlns="http://schemas.microsoft.com/win/2004/08/events/event"><System><Provider Name="Microsoft-Windows-Shell-Core" Guid="{30336ed4-e327-447c-9de0-51b652c86108}"></Provider>
<EventID Qualifiers="">62171</EventID>
<Version>0</Version>
<Level>4</Level>
<Task>62170</Task>
<Opcode>2</Opcode>
<Keywords>0x2001000200000000</Keywords>
<TimeCreated SystemTime="2020-10-26 12:10:47.123404"></TimeCreated>
<EventRecordID>705</EventRecordID>
<Correlation ActivityID="" RelatedActivityID=""></Correlation>
<Execution ProcessID="3404" ThreadID="544"></Execution>
<Channel>Microsoft-Windows-Shell-Core/Operational</Channel>
<Computer>WIN-PTFPHFCRDJ0</Computer>
<Security UserID="S-1-5-21-1152959844-3645458174-3779170896-1000"></Security>
</System>
<EventData><Data Name="LogonType">8</Data>
<Data Name="TaskName">ShellPrep</Data>
</EventData>
</Event>

<Event xmlns="http://schemas.microsoft.com/win/2004/08/events/event"><System><Provider Name="Microsoft-Windows-Shell-Core" Guid="{30336ed4-e327-447c-9de0-51b652c86108}"></Provider>
<EventID Qualifiers="">62170</EventID>
<Version>0</Version>
<Level>4</Level>
<Task>62170</Task>
<Opcode>1</Opcode>
<Keywords>0x2001000200000000</Keywords>
<TimeCreated SystemTime="2020-10-26 12:10:47.123562"></TimeCreated>
<EventRecordID>706</EventRecordID>
<Correlation ActivityID="" RelatedActivityID=""></Correlation>
<Execution ProcessID="3404" ThreadID="3508"></Execution>
<Channel>Microsoft-Windows-Shell-Core/Operational</Channel>
<Computer>WIN-PTFPHFCRDJ0</Computer>
<Security UserID="S-1-5-21-1152959844-3645458174-3779170896-1000"></Security>
</System>
<EventData><Data Name="LogonType">8</Data>
<Data Name="TaskName">DefaultAssociations</Data>
</EventData>
</Event>

<Event xmlns="http://schemas.microsoft.com/win/2004/08/events/event"><System><Provider Name="Microsoft-Windows-Shell-Core" Guid="{30336ed4-e327-447c-9de0-51b652c86108}"></Provider>
<EventID Qualifiers="">62171</EventID>
<Version>0</Version>
<Level>4</Level>
<Task>62170</Task>
<Opcode>2</Opcode>
<Keywords>0x2001000200000000</Keywords>
<TimeCreated SystemTime="2020-10-26 12:10:47.124872"></TimeCreated>
<EventRecordID>707</EventRecordID>
<Correlation ActivityID="" RelatedActivityID=""></Correlation>
<Execution ProcessID="3404" ThreadID="3508"></Execution>
<Channel>Microsoft-Windows-Shell-Core/Operational</Channel>
<Computer>WIN-PTFPHFCRDJ0</Computer>
<Security UserID="S-1-5-21-1152959844-3645458174-3779170896-1000"></Security>
</System>
<EventData><Data Name="LogonType">8</Data>
<Data Name="TaskName">DefaultAssociations</Data>
</EventData>
</Event>

<Event xmlns="http://schemas.microsoft.com/win/2004/08/events/event"><System><Provider Name="Microsoft-Windows-Shell-Core" Guid="{30336ed4-e327-447c-9de0-51b652c86108}"></Provider>
<EventID Qualifiers="">62170</EventID>
<Version>0</Version>
<Level>4</Level>
<Task>62170</Task>
<Opcode>1</Opcode>
<Keywords>0x2001000200000000</Keywords>
<TimeCreated SystemTime="2020-10-26 12:10:47.157219"></TimeCreated>
<EventRecordID>708</EventRecordID>
<Correlation ActivityID="" RelatedActivityID=""></Correlation>
<Execution ProcessID="3404" ThreadID="544"></Execution>
<Channel>Microsoft-Windows-Shell-Core/Operational</Channel>
<Computer>WIN-PTFPHFCRDJ0</Computer>
<Security UserID="S-1-5-21-1152959844-3645458174-3779170896-1000"></Security>
</System>
<EventData><Data Name="LogonType">8</Data>
<Data Name="TaskName">AppReadinessPreRoamingGroup</Data>
</EventData>
</Event>

<Event xmlns="http://schemas.microsoft.com/win/2004/08/events/event"><System><Provider Name="Microsoft-Windows-Shell-Core" Guid="{30336ed4-e327-447c-9de0-51b652c86108}"></Provider>
<EventID Qualifiers="">62170</EventID>
<Version>0</Version>
<Level>4</Level>
<Task>62170</Task>
<Opcode>1</Opcode>
<Keywords>0x2001000200000000</Keywords>
<TimeCreated SystemTime="2020-10-26 12:10:47.157221"></TimeCreated>
<EventRecordID>709</EventRecordID>
<Correlation ActivityID="" RelatedActivityID=""></Correlation>
<Execution ProcessID="3404" ThreadID="544"></Execution>
<Channel>Microsoft-Windows-Shell-Core/Operational</Channel>
<Computer>WIN-PTFPHFCRDJ0</Computer>
<Security UserID="S-1-5-21-1152959844-3645458174-3779170896-1000"></Security>
</System>
<EventData><Data Name="LogonType">8</Data>
<Data Name="TaskName">AppReadinessPreShellGroup</Data>
</EventData>
</Event>

<Event xmlns="http://schemas.microsoft.com/win/2004/08/events/event"><System><Provider Name="Microsoft-Windows-Shell-Core" Guid="{30336ed4-e327-447c-9de0-51b652c86108}"></Provider>
<EventID Qualifiers="">62170</EventID>
<Version>0</Version>
<Level>4</Level>
<Task>62170</Task>
<Opcode>1</Opcode>
<Keywords>0x2001000200000000</Keywords>
<TimeCreated SystemTime="2020-10-26 12:10:47.157223"></TimeCreated>
<EventRecordID>710</EventRecordID>
<Correlation ActivityID="" RelatedActivityID=""></Correlation>
<Execution ProcessID="3404" ThreadID="544"></Execution>
<Channel>Microsoft-Windows-Shell-Core/Operational</Channel>
<Computer>WIN-PTFPHFCRDJ0</Computer>
<Security UserID="S-1-5-21-1152959844-3645458174-3779170896-1000"></Security>
</System>
<EventData><Data Name="LogonType">8</Data>
<Data Name="TaskName">AppResolver</Data>
</EventData>
</Event>

<Event xmlns="http://schemas.microsoft.com/win/2004/08/events/event"><System><Provider Name="Microsoft-Windows-Shell-Core" Guid="{30336ed4-e327-447c-9de0-51b652c86108}"></Provider>
<EventID Qualifiers="">62170</EventID>
<Version>0</Version>
<Level>4</Level>
<Task>62170</Task>
<Opcode>1</Opcode>
<Keywords>0x2001000200000000</Keywords>
<TimeCreated SystemTime="2020-10-26 12:10:47.157400"></TimeCreated>
<EventRecordID>711</EventRecordID>
<Correlation ActivityID="" RelatedActivityID=""></Correlation>
<Execution ProcessID="3404" ThreadID="544"></Execution>
<Channel>Microsoft-Windows-Shell-Core/Operational</Channel>
<Computer>WIN-PTFPHFCRDJ0</Computer>
<Security UserID="S-1-5-21-1152959844-3645458174-3779170896-1000"></Security>
</System>
<EventData><Data Name="LogonType">8</Data>
<Data Name="TaskName">SkydrivePrep</Data>
</EventData>
</Event>

<Event xmlns="http://schemas.microsoft.com/win/2004/08/events/event"><System><Provider Name="Microsoft-Windows-Shell-Core" Guid="{30336ed4-e327-447c-9de0-51b652c86108}"></Provider>
<EventID Qualifiers="">62171</EventID>
<Version>0</Version>
<Level>4</Level>
<Task>62170</Task>
<Opcode>2</Opcode>
<Keywords>0x2001000200000000</Keywords>
<TimeCreated SystemTime="2020-10-26 12:10:47.157404"></TimeCreated>
<EventRecordID>712</EventRecordID>
<Correlation ActivityID="" RelatedActivityID=""></Correlation>
<Execution ProcessID="3404" ThreadID="544"></Execution>
<Channel>Microsoft-Windows-Shell-Core/Operational</Channel>
<Computer>WIN-PTFPHFCRDJ0</Computer>
<Security UserID="S-1-5-21-1152959844-3645458174-3779170896-1000"></Security>
</System>
<EventData><Data Name="LogonType">8</Data>
<Data Name="TaskName">SkydrivePrep</Data>
</EventData>
</Event>

<Event xmlns="http://schemas.microsoft.com/win/2004/08/events/event"><System><Provider Name="Microsoft-Windows-Shell-Core" Guid="{30336ed4-e327-447c-9de0-51b652c86108}"></Provider>
<EventID Qualifiers="">62170</EventID>
<Version>0</Version>
<Level>4</Level>
<Task>62170</Task>
<Opcode>1</Opcode>
<Keywords>0x2001000200000000</Keywords>
<TimeCreated SystemTime="2020-10-26 12:10:47.157406"></TimeCreated>
<EventRecordID>713</EventRecordID>
<Correlation ActivityID="" RelatedActivityID=""></Correlation>
<Execution ProcessID="3404" ThreadID="544"></Execution>
<Channel>Microsoft-Windows-Shell-Core/Operational</Channel>
<Computer>WIN-PTFPHFCRDJ0</Computer>
<Security UserID="S-1-5-21-1152959844-3645458174-3779170896-1000"></Security>
</System>
<EventData><Data Name="LogonType">8</Data>
<Data Name="TaskName">RunOnce</Data>
</EventData>
</Event>

<Event xmlns="http://schemas.microsoft.com/win/2004/08/events/event"><System><Provider Name="Microsoft-Windows-Shell-Core" Guid="{30336ed4-e327-447c-9de0-51b652c86108}"></Provider>
<EventID Qualifiers="">62171</EventID>
<Version>0</Version>
<Level>4</Level>
<Task>62170</Task>
<Opcode>2</Opcode>
<Keywords>0x2001000200000000</Keywords>
<TimeCreated SystemTime="2020-10-26 12:10:47.157509"></TimeCreated>
<EventRecordID>714</EventRecordID>
<Correlation ActivityID="" RelatedActivityID=""></Correlation>
<Execution ProcessID="3404" ThreadID="544"></Execution>
<Channel>Microsoft-Windows-Shell-Core/Operational</Channel>
<Computer>WIN-PTFPHFCRDJ0</Computer>
<Security UserID="S-1-5-21-1152959844-3645458174-3779170896-1000"></Security>
</System>
<EventData><Data Name="LogonType">8</Data>
<Data Name="TaskName">RunOnce</Data>
</EventData>
</Event>

<Event xmlns="http://schemas.microsoft.com/win/2004/08/events/event"><System><Provider Name="Microsoft-Windows-Shell-Core" Guid="{30336ed4-e327-447c-9de0-51b652c86108}"></Provider>
<EventID Qualifiers="">62170</EventID>
<Version>0</Version>
<Level>4</Level>
<Task>62170</Task>
<Opcode>1</Opcode>
<Keywords>0x2001000200000000</Keywords>
<TimeCreated SystemTime="2020-10-26 12:10:47.157511"></TimeCreated>
<EventRecordID>715</EventRecordID>
<Correlation ActivityID="" RelatedActivityID=""></Correlation>
<Execution ProcessID="3404" ThreadID="544"></Execution>
<Channel>Microsoft-Windows-Shell-Core/Operational</Channel>
<Computer>WIN-PTFPHFCRDJ0</Computer>
<Security UserID="S-1-5-21-1152959844-3645458174-3779170896-1000"></Security>
</System>
<EventData><Data Name="LogonType">8</Data>
<Data Name="TaskName">ActiveSetup</Data>
</EventData>
</Event>

<Event xmlns="http://schemas.microsoft.com/win/2004/08/events/event"><System><Provider Name="Microsoft-Windows-Shell-Core" Guid="{30336ed4-e327-447c-9de0-51b652c86108}"></Provider>
<EventID Qualifiers="">28125</EventID>
<Version>0</Version>
<Level>4</Level>
<Task>28137</Task>
<Opcode>0</Opcode>
<Keywords>0x2000000000010000</Keywords>
<TimeCreated SystemTime="2020-10-26 12:10:47.159044"></TimeCreated>
<EventRecordID>716</EventRecordID>
<Correlation ActivityID="" RelatedActivityID=""></Correlation>
<Execution ProcessID="3404" ThreadID="2956"></Execution>
<Channel>Microsoft-Windows-Shell-Core/Operational</Channel>
<Computer>WIN-PTFPHFCRDJ0</Computer>
<Security UserID="S-1-5-21-1152959844-3645458174-3779170896-1000"></Security>
</System>
<EventData><Data Name="Scenario">1</Data>
<Data Name="Flags">268</Data>
</EventData>
</Event>

<Event xmlns="http://schemas.microsoft.com/win/2004/08/events/event"><System><Provider Name="Microsoft-Windows-Shell-Core" Guid="{30336ed4-e327-447c-9de0-51b652c86108}"></Provider>
<EventID Qualifiers="">62171</EventID>
<Version>0</Version>
<Level>4</Level>
<Task>62170</Task>
<Opcode>2</Opcode>
<Keywords>0x2001000200000000</Keywords>
<TimeCreated SystemTime="2020-10-26 12:10:47.230003"></TimeCreated>
<EventRecordID>717</EventRecordID>
<Correlation ActivityID="" RelatedActivityID=""></Correlation>
<Execution ProcessID="3404" ThreadID="544"></Execution>
<Channel>Microsoft-Windows-Shell-Core/Operational</Channel>
<Computer>WIN-PTFPHFCRDJ0</Computer>
<Security UserID="S-1-5-21-1152959844-3645458174-3779170896-1000"></Security>
</System>
<EventData><Data Name="LogonType">8</Data>
<Data Name="TaskName">ActiveSetup</Data>
</EventData>
</Event>

<Event xmlns="http://schemas.microsoft.com/win/2004/08/events/event"><System><Provider Name="Microsoft-Windows-Shell-Core" Guid="{30336ed4-e327-447c-9de0-51b652c86108}"></Provider>
<EventID Qualifiers="">62170</EventID>
<Version>0</Version>
<Level>4</Level>
<Task>62170</Task>
<Opcode>1</Opcode>
<Keywords>0x2001000200000000</Keywords>
<TimeCreated SystemTime="2020-10-26 12:10:47.230003"></TimeCreated>
<EventRecordID>718</EventRecordID>
<Correlation ActivityID="" RelatedActivityID=""></Correlation>
<Execution ProcessID="3404" ThreadID="544"></Execution>
<Channel>Microsoft-Windows-Shell-Core/Operational</Channel>
<Computer>WIN-PTFPHFCRDJ0</Computer>
<Security UserID="S-1-5-21-1152959844-3645458174-3779170896-1000"></Security>
</System>
<EventData><Data Name="LogonType">8</Data>
<Data Name="TaskName">WaitForMSAConnected</Data>
</EventData>
</Event>

<Event xmlns="http://schemas.microsoft.com/win/2004/08/events/event"><System><Provider Name="Microsoft-Windows-Shell-Core" Guid="{30336ed4-e327-447c-9de0-51b652c86108}"></Provider>
<EventID Qualifiers="">62171</EventID>
<Version>0</Version>
<Level>4</Level>
<Task>62170</Task>
<Opcode>2</Opcode>
<Keywords>0x2001000200000000</Keywords>
<TimeCreated SystemTime="2020-10-26 12:10:47.230005"></TimeCreated>
<EventRecordID>719</EventRecordID>
<Correlation ActivityID="" RelatedActivityID=""></Correlation>
<Execution ProcessID="3404" ThreadID="544"></Execution>
<Channel>Microsoft-Windows-Shell-Core/Operational</Channel>
<Computer>WIN-PTFPHFCRDJ0</Computer>
<Security UserID="S-1-5-21-1152959844-3645458174-3779170896-1000"></Security>
</System>
<EventData><Data Name="LogonType">8</Data>
<Data Name="TaskName">WaitForMSAConnected</Data>
</EventData>
</Event>

<Event xmlns="http://schemas.microsoft.com/win/2004/08/events/event"><System><Provider Name="Microsoft-Windows-Shell-Core" Guid="{30336ed4-e327-447c-9de0-51b652c86108}"></Provider>
<EventID Qualifiers="">62171</EventID>
<Version>0</Version>
<Level>4</Level>
<Task>62170</Task>
<Opcode>2</Opcode>
<Keywords>0x2001000200000000</Keywords>
<TimeCreated SystemTime="2020-10-26 12:10:47.230043"></TimeCreated>
<EventRecordID>720</EventRecordID>
<Correlation ActivityID="" RelatedActivityID=""></Correlation>
<Execution ProcessID="3404" ThreadID="544"></Execution>
<Channel>Microsoft-Windows-Shell-Core/Operational</Channel>
<Computer>WIN-PTFPHFCRDJ0</Computer>
<Security UserID="S-1-5-21-1152959844-3645458174-3779170896-1000"></Security>
</System>
<EventData><Data Name="LogonType">8</Data>
<Data Name="TaskName">AppReadinessPreRoamingGroup</Data>
</EventData>
</Event>

<Event xmlns="http://schemas.microsoft.com/win/2004/08/events/event"><System><Provider Name="Microsoft-Windows-Shell-Core" Guid="{30336ed4-e327-447c-9de0-51b652c86108}"></Provider>
<EventID Qualifiers="">62171</EventID>
<Version>0</Version>
<Level>4</Level>
<Task>62170</Task>
<Opcode>2</Opcode>
<Keywords>0x2001000200000000</Keywords>
<TimeCreated SystemTime="2020-10-26 12:10:47.230045"></TimeCreated>
<EventRecordID>721</EventRecordID>
<Correlation ActivityID="" RelatedActivityID=""></Correlation>
<Execution ProcessID="3404" ThreadID="544"></Execution>
<Channel>Microsoft-Windows-Shell-Core/Operational</Channel>
<Computer>WIN-PTFPHFCRDJ0</Computer>
<Security UserID="S-1-5-21-1152959844-3645458174-3779170896-1000"></Security>
</System>
<EventData><Data Name="LogonType">8</Data>
<Data Name="TaskName">PreRoamingTasks</Data>
</EventData>
</Event>

<Event xmlns="http://schemas.microsoft.com/win/2004/08/events/event"><System><Provider Name="Microsoft-Windows-Shell-Core" Guid="{30336ed4-e327-447c-9de0-51b652c86108}"></Provider>
<EventID Qualifiers="">62170</EventID>
<Version>0</Version>
<Level>4</Level>
<Task>62170</Task>
<Opcode>1</Opcode>
<Keywords>0x2001000200000000</Keywords>
<TimeCreated SystemTime="2020-10-26 12:10:47.230045"></TimeCreated>
<EventRecordID>722</EventRecordID>
<Correlation ActivityID="" RelatedActivityID=""></Correlation>
<Execution ProcessID="3404" ThreadID="544"></Execution>
<Channel>Microsoft-Windows-Shell-Core/Operational</Channel>
<Computer>WIN-PTFPHFCRDJ0</Computer>
<Security UserID="S-1-5-21-1152959844-3645458174-3779170896-1000"></Security>
</System>
<EventData><Data Name="LogonType">8</Data>
<Data Name="TaskName">PreShellTasks</Data>
</EventData>
</Event>

<Event xmlns="http://schemas.microsoft.com/win/2004/08/events/event"><System><Provider Name="Microsoft-Windows-Shell-Core" Guid="{30336ed4-e327-447c-9de0-51b652c86108}"></Provider>
<EventID Qualifiers="">62170</EventID>
<Version>0</Version>
<Level>4</Level>
<Task>62170</Task>
<Opcode>1</Opcode>
<Keywords>0x2001000200000000</Keywords>
<TimeCreated SystemTime="2020-10-26 12:10:47.230070"></TimeCreated>
<EventRecordID>723</EventRecordID>
<Correlation ActivityID="" RelatedActivityID=""></Correlation>
<Execution ProcessID="3404" ThreadID="544"></Execution>
<Channel>Microsoft-Windows-Shell-Core/Operational</Channel>
<Computer>WIN-PTFPHFCRDJ0</Computer>
<Security UserID="S-1-5-21-1152959844-3645458174-3779170896-1000"></Security>
</System>
<EventData><Data Name="LogonType">8</Data>
<Data Name="TaskName">RoamingBootstrapAndPayloads</Data>
</EventData>
</Event>

<Event xmlns="http://schemas.microsoft.com/win/2004/08/events/event"><System><Provider Name="Microsoft-Windows-Shell-Core" Guid="{30336ed4-e327-447c-9de0-51b652c86108}"></Provider>
<EventID Qualifiers="">62171</EventID>
<Version>0</Version>
<Level>4</Level>
<Task>62170</Task>
<Opcode>2</Opcode>
<Keywords>0x2001000200000000</Keywords>
<TimeCreated SystemTime="2020-10-26 12:10:47.230148"></TimeCreated>
<EventRecordID>724</EventRecordID>
<Correlation ActivityID="" RelatedActivityID=""></Correlation>
<Execution ProcessID="3404" ThreadID="544"></Execution>
<Channel>Microsoft-Windows-Shell-Core/Operational</Channel>
<Computer>WIN-PTFPHFCRDJ0</Computer>
<Security UserID="S-1-5-21-1152959844-3645458174-3779170896-1000"></Security>
</System>
<EventData><Data Name="LogonType">8</Data>
<Data Name="TaskName">RoamingBootstrapAndPayloads</Data>
</EventData>
</Event>

<Event xmlns="http://schemas.microsoft.com/win/2004/08/events/event"><System><Provider Name="Microsoft-Windows-Shell-Core" Guid="{30336ed4-e327-447c-9de0-51b652c86108}"></Provider>
<EventID Qualifiers="">62170</EventID>
<Version>0</Version>
<Level>4</Level>
<Task>62170</Task>
<Opcode>1</Opcode>
<Keywords>0x2001000200000000</Keywords>
<TimeCreated SystemTime="2020-10-26 12:10:47.230148"></TimeCreated>
<EventRecordID>725</EventRecordID>
<Correlation ActivityID="" RelatedActivityID=""></Correlation>
<Execution ProcessID="3404" ThreadID="544"></Execution>
<Channel>Microsoft-Windows-Shell-Core/Operational</Channel>
<Computer>WIN-PTFPHFCRDJ0</Computer>
<Security UserID="S-1-5-21-1152959844-3645458174-3779170896-1000"></Security>
</System>
<EventData><Data Name="LogonType">8</Data>
<Data Name="TaskName">AppResolverUsageReconcilerInit</Data>
</EventData>
</Event>

<Event xmlns="http://schemas.microsoft.com/win/2004/08/events/event"><System><Provider Name="Microsoft-Windows-Shell-Core" Guid="{30336ed4-e327-447c-9de0-51b652c86108}"></Provider>
<EventID Qualifiers="">62171</EventID>
<Version>0</Version>
<Level>4</Level>
<Task>62170</Task>
<Opcode>2</Opcode>
<Keywords>0x2001000200000000</Keywords>
<TimeCreated SystemTime="2020-10-26 12:10:47.230156"></TimeCreated>
<EventRecordID>726</EventRecordID>
<Correlation ActivityID="" RelatedActivityID=""></Correlation>
<Execution ProcessID="3404" ThreadID="544"></Execution>
<Channel>Microsoft-Windows-Shell-Core/Operational</Channel>
<Computer>WIN-PTFPHFCRDJ0</Computer>
<Security UserID="S-1-5-21-1152959844-3645458174-3779170896-1000"></Security>
</System>
<EventData><Data Name="LogonType">8</Data>
<Data Name="TaskName">AppResolverUsageReconcilerInit</Data>
</EventData>
</Event>

<Event xmlns="http://schemas.microsoft.com/win/2004/08/events/event"><System><Provider Name="Microsoft-Windows-Shell-Core" Guid="{30336ed4-e327-447c-9de0-51b652c86108}"></Provider>
<EventID Qualifiers="">62170</EventID>
<Version>0</Version>
<Level>4</Level>
<Task>62170</Task>
<Opcode>1</Opcode>
<Keywords>0x2001000200000000</Keywords>
<TimeCreated SystemTime="2020-10-26 12:10:47.230156"></TimeCreated>
<EventRecordID>727</EventRecordID>
<Correlation ActivityID="" RelatedActivityID=""></Correlation>
<Execution ProcessID="3404" ThreadID="544"></Execution>
<Channel>Microsoft-Windows-Shell-Core/Operational</Channel>
<Computer>WIN-PTFPHFCRDJ0</Computer>
<Security UserID="S-1-5-21-1152959844-3645458174-3779170896-1000"></Security>
</System>
<EventData><Data Name="LogonType">8</Data>
<Data Name="TaskName">StartLayoutInit</Data>
</EventData>
</Event>

<Event xmlns="http://schemas.microsoft.com/win/2004/08/events/event"><System><Provider Name="Microsoft-Windows-Shell-Core" Guid="{30336ed4-e327-447c-9de0-51b652c86108}"></Provider>
<EventID Qualifiers="">62171</EventID>
<Version>0</Version>
<Level>4</Level>
<Task>62170</Task>
<Opcode>2</Opcode>
<Keywords>0x2001000200000000</Keywords>
<TimeCreated SystemTime="2020-10-26 12:10:47.230190"></TimeCreated>
<EventRecordID>728</EventRecordID>
<Correlation ActivityID="" RelatedActivityID=""></Correlation>
<Execution ProcessID="3404" ThreadID="544"></Execution>
<Channel>Microsoft-Windows-Shell-Core/Operational</Channel>
<Computer>WIN-PTFPHFCRDJ0</Computer>
<Security UserID="S-1-5-21-1152959844-3645458174-3779170896-1000"></Security>
</System>
<EventData><Data Name="LogonType">8</Data>
<Data Name="TaskName">AppReadinessPreShellGroup</Data>
</EventData>
</Event>

<Event xmlns="http://schemas.microsoft.com/win/2004/08/events/event"><System><Provider Name="Microsoft-Windows-Shell-Core" Guid="{30336ed4-e327-447c-9de0-51b652c86108}"></Provider>
<EventID Qualifiers="">62170</EventID>
<Version>0</Version>
<Level>4</Level>
<Task>62170</Task>
<Opcode>1</Opcode>
<Keywords>0x2001000200000000</Keywords>
<TimeCreated SystemTime="2020-10-26 12:10:47.230579"></TimeCreated>
<EventRecordID>729</EventRecordID>
<Correlation ActivityID="" RelatedActivityID=""></Correlation>
<Execution ProcessID="3404" ThreadID="2956"></Execution>
<Channel>Microsoft-Windows-Shell-Core/Operational</Channel>
<Computer>WIN-PTFPHFCRDJ0</Computer>
<Security UserID="S-1-5-21-1152959844-3645458174-3779170896-1000"></Security>
</System>
<EventData><Data Name="LogonType">8</Data>
<Data Name="TaskName">UgradeTaskFlowPolicy</Data>
</EventData>
</Event>

<Event xmlns="http://schemas.microsoft.com/win/2004/08/events/event"><System><Provider Name="Microsoft-Windows-Shell-Core" Guid="{30336ed4-e327-447c-9de0-51b652c86108}"></Provider>
<EventID Qualifiers="">62171</EventID>
<Version>0</Version>
<Level>4</Level>
<Task>62170</Task>
<Opcode>2</Opcode>
<Keywords>0x2001000200000000</Keywords>
<TimeCreated SystemTime="2020-10-26 12:10:47.230772"></TimeCreated>
<EventRecordID>730</EventRecordID>
<Correlation ActivityID="" RelatedActivityID=""></Correlation>
<Execution ProcessID="3404" ThreadID="2956"></Execution>
<Channel>Microsoft-Windows-Shell-Core/Operational</Channel>
<Computer>WIN-PTFPHFCRDJ0</Computer>
<Security UserID="S-1-5-21-1152959844-3645458174-3779170896-1000"></Security>
</System>
<EventData><Data Name="LogonType">8</Data>
<Data Name="TaskName">UgradeTaskFlowPolicy</Data>
</EventData>
</Event>

<Event xmlns="http://schemas.microsoft.com/win/2004/08/events/event"><System><Provider Name="Microsoft-Windows-Shell-Core" Guid="{30336ed4-e327-447c-9de0-51b652c86108}"></Provider>
<EventID Qualifiers="">62171</EventID>
<Version>0</Version>
<Level>4</Level>
<Task>62170</Task>
<Opcode>2</Opcode>
<Keywords>0x2001000200000000</Keywords>
<TimeCreated SystemTime="2020-10-26 12:10:47.234268"></TimeCreated>
<EventRecordID>731</EventRecordID>
<Correlation ActivityID="" RelatedActivityID=""></Correlation>
<Execution ProcessID="3404" ThreadID="544"></Execution>
<Channel>Microsoft-Windows-Shell-Core/Operational</Channel>
<Computer>WIN-PTFPHFCRDJ0</Computer>
<Security UserID="S-1-5-21-1152959844-3645458174-3779170896-1000"></Security>
</System>
<EventData><Data Name="LogonType">8</Data>
<Data Name="TaskName">AppResolver</Data>
</EventData>
</Event>

<Event xmlns="http://schemas.microsoft.com/win/2004/08/events/event"><System><Provider Name="Microsoft-Windows-Shell-Core" Guid="{30336ed4-e327-447c-9de0-51b652c86108}"></Provider>
<EventID Qualifiers="">62171</EventID>
<Version>0</Version>
<Level>4</Level>
<Task>62170</Task>
<Opcode>2</Opcode>
<Keywords>0x2001000200000000</Keywords>
<TimeCreated SystemTime="2020-10-26 12:10:47.234270"></TimeCreated>
<EventRecordID>732</EventRecordID>
<Correlation ActivityID="" RelatedActivityID=""></Correlation>
<Execution ProcessID="3404" ThreadID="544"></Execution>
<Channel>Microsoft-Windows-Shell-Core/Operational</Channel>
<Computer>WIN-PTFPHFCRDJ0</Computer>
<Security UserID="S-1-5-21-1152959844-3645458174-3779170896-1000"></Security>
</System>
<EventData><Data Name="LogonType">8</Data>
<Data Name="TaskName">PreShellTasks</Data>
</EventData>
</Event>

<Event xmlns="http://schemas.microsoft.com/win/2004/08/events/event"><System><Provider Name="Microsoft-Windows-Shell-Core" Guid="{30336ed4-e327-447c-9de0-51b652c86108}"></Provider>
<EventID Qualifiers="">62170</EventID>
<Version>0</Version>
<Level>4</Level>
<Task>62170</Task>
<Opcode>1</Opcode>
<Keywords>0x2001000200000000</Keywords>
<TimeCreated SystemTime="2020-10-26 12:10:47.234867"></TimeCreated>
<EventRecordID>733</EventRecordID>
<Correlation ActivityID="" RelatedActivityID=""></Correlation>
<Execution ProcessID="3404" ThreadID="2956"></Execution>
<Channel>Microsoft-Windows-Shell-Core/Operational</Channel>
<Computer>WIN-PTFPHFCRDJ0</Computer>
<Security UserID="S-1-5-21-1152959844-3645458174-3779170896-1000"></Security>
</System>
<EventData><Data Name="LogonType">8</Data>
<Data Name="TaskName">ShellInitTasks</Data>
</EventData>
</Event>

<Event xmlns="http://schemas.microsoft.com/win/2004/08/events/event"><System><Provider Name="Microsoft-Windows-Shell-Core" Guid="{30336ed4-e327-447c-9de0-51b652c86108}"></Provider>
<EventID Qualifiers="">62170</EventID>
<Version>0</Version>
<Level>4</Level>
<Task>62170</Task>
<Opcode>1</Opcode>
<Keywords>0x2001000200000000</Keywords>
<TimeCreated SystemTime="2020-10-26 12:10:47.234894"></TimeCreated>
<EventRecordID>734</EventRecordID>
<Correlation ActivityID="" RelatedActivityID=""></Correlation>
<Execution ProcessID="3404" ThreadID="2956"></Execution>
<Channel>Microsoft-Windows-Shell-Core/Operational</Channel>
<Computer>WIN-PTFPHFCRDJ0</Computer>
<Security UserID="S-1-5-21-1152959844-3645458174-3779170896-1000"></Security>
</System>
<EventData><Data Name="LogonType">8</Data>
<Data Name="TaskName">AppReadinessLogonGroup</Data>
</EventData>
</Event>

<Event xmlns="http://schemas.microsoft.com/win/2004/08/events/event"><System><Provider Name="Microsoft-Windows-Shell-Core" Guid="{30336ed4-e327-447c-9de0-51b652c86108}"></Provider>
<EventID Qualifiers="">62170</EventID>
<Version>0</Version>
<Level>4</Level>
<Task>62170</Task>
<Opcode>1</Opcode>
<Keywords>0x2001000200000000</Keywords>
<TimeCreated SystemTime="2020-10-26 12:10:47.234896"></TimeCreated>
<EventRecordID>735</EventRecordID>
<Correlation ActivityID="" RelatedActivityID=""></Correlation>
<Execution ProcessID="3404" ThreadID="2956"></Execution>
<Channel>Microsoft-Windows-Shell-Core/Operational</Channel>
<Computer>WIN-PTFPHFCRDJ0</Computer>
<Security UserID="S-1-5-21-1152959844-3645458174-3779170896-1000"></Security>
</System>
<EventData><Data Name="LogonType">8</Data>
<Data Name="TaskName">UpdatePCSettingsShellInit</Data>
</EventData>
</Event>

<Event xmlns="http://schemas.microsoft.com/win/2004/08/events/event"><System><Provider Name="Microsoft-Windows-Shell-Core" Guid="{30336ed4-e327-447c-9de0-51b652c86108}"></Provider>
<EventID Qualifiers="">62171</EventID>
<Version>0</Version>
<Level>4</Level>
<Task>62170</Task>
<Opcode>2</Opcode>
<Keywords>0x2001000200000000</Keywords>
<TimeCreated SystemTime="2020-10-26 12:10:47.234921"></TimeCreated>
<EventRecordID>736</EventRecordID>
<Correlation ActivityID="" RelatedActivityID=""></Correlation>
<Execution ProcessID="3404" ThreadID="2956"></Execution>
<Channel>Microsoft-Windows-Shell-Core/Operational</Channel>
<Computer>WIN-PTFPHFCRDJ0</Computer>
<Security UserID="S-1-5-21-1152959844-3645458174-3779170896-1000"></Security>
</System>
<EventData><Data Name="LogonType">8</Data>
<Data Name="TaskName">UpdatePCSettingsShellInit</Data>
</EventData>
</Event>

<Event xmlns="http://schemas.microsoft.com/win/2004/08/events/event"><System><Provider Name="Microsoft-Windows-Shell-Core" Guid="{30336ed4-e327-447c-9de0-51b652c86108}"></Provider>
<EventID Qualifiers="">62171</EventID>
<Version>0</Version>
<Level>4</Level>
<Task>62170</Task>
<Opcode>2</Opcode>
<Keywords>0x2001000200000000</Keywords>
<TimeCreated SystemTime="2020-10-26 12:10:47.234978"></TimeCreated>
<EventRecordID>737</EventRecordID>
<Correlation ActivityID="" RelatedActivityID=""></Correlation>
<Execution ProcessID="3404" ThreadID="2956"></Execution>
<Channel>Microsoft-Windows-Shell-Core/Operational</Channel>
<Computer>WIN-PTFPHFCRDJ0</Computer>
<Security UserID="S-1-5-21-1152959844-3645458174-3779170896-1000"></Security>
</System>
<EventData><Data Name="LogonType">8</Data>
<Data Name="TaskName">AppReadinessLogonGroup</Data>
</EventData>
</Event>

<Event xmlns="http://schemas.microsoft.com/win/2004/08/events/event"><System><Provider Name="Microsoft-Windows-Shell-Core" Guid="{30336ed4-e327-447c-9de0-51b652c86108}"></Provider>
<EventID Qualifiers="">62171</EventID>
<Version>0</Version>
<Level>4</Level>
<Task>62170</Task>
<Opcode>2</Opcode>
<Keywords>0x2001000200000000</Keywords>
<TimeCreated SystemTime="2020-10-26 12:10:47.234980"></TimeCreated>
<EventRecordID>738</EventRecordID>
<Correlation ActivityID="" RelatedActivityID=""></Correlation>
<Execution ProcessID="3404" ThreadID="2956"></Execution>
<Channel>Microsoft-Windows-Shell-Core/Operational</Channel>
<Computer>WIN-PTFPHFCRDJ0</Computer>
<Security UserID="S-1-5-21-1152959844-3645458174-3779170896-1000"></Security>
</System>
<EventData><Data Name="LogonType">8</Data>
<Data Name="TaskName">ShellInitTasks</Data>
</EventData>
</Event>

<Event xmlns="http://schemas.microsoft.com/win/2004/08/events/event"><System><Provider Name="Microsoft-Windows-Shell-Core" Guid="{30336ed4-e327-447c-9de0-51b652c86108}"></Provider>
<EventID Qualifiers="">28017</EventID>
<Version>0</Version>
<Level>4</Level>
<Task>28177</Task>
<Opcode>1</Opcode>
<Keywords>0x2000000000010000</Keywords>
<TimeCreated SystemTime="2020-10-26 12:10:57.226692"></TimeCreated>
<EventRecordID>739</EventRecordID>
<Correlation ActivityID="" RelatedActivityID=""></Correlation>
<Execution ProcessID="3404" ThreadID="3508"></Execution>
<Channel>Microsoft-Windows-Shell-Core/Operational</Channel>
<Computer>WIN-PTFPHFCRDJ0</Computer>
<Security UserID="S-1-5-21-1152959844-3645458174-3779170896-1000"></Security>
</System>
<EventData></EventData>
</Event>

<Event xmlns="http://schemas.microsoft.com/win/2004/08/events/event"><System><Provider Name="Microsoft-Windows-Shell-Core" Guid="{30336ed4-e327-447c-9de0-51b652c86108}"></Provider>
<EventID Qualifiers="">28018</EventID>
<Version>0</Version>
<Level>4</Level>
<Task>28177</Task>
<Opcode>2</Opcode>
<Keywords>0x2000000000010000</Keywords>
<TimeCreated SystemTime="2020-10-26 12:10:57.614504"></TimeCreated>
<EventRecordID>740</EventRecordID>
<Correlation ActivityID="" RelatedActivityID=""></Correlation>
<Execution ProcessID="3404" ThreadID="3508"></Execution>
<Channel>Microsoft-Windows-Shell-Core/Operational</Channel>
<Computer>WIN-PTFPHFCRDJ0</Computer>
<Security UserID="S-1-5-21-1152959844-3645458174-3779170896-1000"></Security>
</System>
<EventData></EventData>
</Event>

<Event xmlns="http://schemas.microsoft.com/win/2004/08/events/event"><System><Provider Name="Microsoft-Windows-Shell-Core" Guid="{30336ed4-e327-447c-9de0-51b652c86108}"></Provider>
<EventID Qualifiers="">28125</EventID>
<Version>0</Version>
<Level>4</Level>
<Task>28137</Task>
<Opcode>0</Opcode>
<Keywords>0x2000000000010000</Keywords>
<TimeCreated SystemTime="2020-10-26 12:10:59.245602"></TimeCreated>
<EventRecordID>741</EventRecordID>
<Correlation ActivityID="" RelatedActivityID=""></Correlation>
<Execution ProcessID="3404" ThreadID="3920"></Execution>
<Channel>Microsoft-Windows-Shell-Core/Operational</Channel>
<Computer>WIN-PTFPHFCRDJ0</Computer>
<Security UserID="S-1-5-21-1152959844-3645458174-3779170896-1000"></Security>
</System>
<EventData><Data Name="Scenario">1</Data>
<Data Name="Flags">2316</Data>
</EventData>
</Event>

<Event xmlns="http://schemas.microsoft.com/win/2004/08/events/event"><System><Provider Name="Microsoft-Windows-Shell-Core" Guid="{30336ed4-e327-447c-9de0-51b652c86108}"></Provider>
<EventID Qualifiers="">62170</EventID>
<Version>0</Version>
<Level>4</Level>
<Task>62170</Task>
<Opcode>1</Opcode>
<Keywords>0x2001000200000000</Keywords>
<TimeCreated SystemTime="2020-10-26 12:10:59.245922"></TimeCreated>
<EventRecordID>742</EventRecordID>
<Correlation ActivityID="" RelatedActivityID=""></Correlation>
<Execution ProcessID="3404" ThreadID="2956"></Execution>
<Channel>Microsoft-Windows-Shell-Core/Operational</Channel>
<Computer>WIN-PTFPHFCRDJ0</Computer>
<Security UserID="S-1-5-21-1152959844-3645458174-3779170896-1000"></Security>
</System>
<EventData><Data Name="LogonType">8</Data>
<Data Name="TaskName">PreStartTasks</Data>
</EventData>
</Event>

<Event xmlns="http://schemas.microsoft.com/win/2004/08/events/event"><System><Provider Name="Microsoft-Windows-Shell-Core" Guid="{30336ed4-e327-447c-9de0-51b652c86108}"></Provider>
<EventID Qualifiers="">62170</EventID>
<Version>0</Version>
<Level>4</Level>
<Task>62170</Task>
<Opcode>1</Opcode>
<Keywords>0x2001000200000000</Keywords>
<TimeCreated SystemTime="2020-10-26 12:10:59.246099"></TimeCreated>
<EventRecordID>743</EventRecordID>
<Correlation ActivityID="" RelatedActivityID=""></Correlation>
<Execution ProcessID="3404" ThreadID="2956"></Execution>
<Channel>Microsoft-Windows-Shell-Core/Operational</Channel>
<Computer>WIN-PTFPHFCRDJ0</Computer>
<Security UserID="S-1-5-21-1152959844-3645458174-3779170896-1000"></Security>
</System>
<EventData><Data Name="LogonType">8</Data>
<Data Name="TaskName">LaunchExperienceHost</Data>
</EventData>
</Event>

<Event xmlns="http://schemas.microsoft.com/win/2004/08/events/event"><System><Provider Name="Microsoft-Windows-Shell-Core" Guid="{30336ed4-e327-447c-9de0-51b652c86108}"></Provider>
<EventID Qualifiers="">62170</EventID>
<Version>0</Version>
<Level>4</Level>
<Task>62170</Task>
<Opcode>1</Opcode>
<Keywords>0x2001000200000000</Keywords>
<TimeCreated SystemTime="2020-10-26 12:10:59.254192"></TimeCreated>
<EventRecordID>744</EventRecordID>
<Correlation ActivityID="" RelatedActivityID=""></Correlation>
<Execution ProcessID="3404" ThreadID="2956"></Execution>
<Channel>Microsoft-Windows-Shell-Core/Operational</Channel>
<Computer>WIN-PTFPHFCRDJ0</Computer>
<Security UserID="S-1-5-21-1152959844-3645458174-3779170896-1000"></Security>
</System>
<EventData><Data Name="LogonType">8</Data>
<Data Name="TaskName">UpdatePCSettingsPreStart</Data>
</EventData>
</Event>

<Event xmlns="http://schemas.microsoft.com/win/2004/08/events/event"><System><Provider Name="Microsoft-Windows-Shell-Core" Guid="{30336ed4-e327-447c-9de0-51b652c86108}"></Provider>
<EventID Qualifiers="">62171</EventID>
<Version>0</Version>
<Level>4</Level>
<Task>62170</Task>
<Opcode>2</Opcode>
<Keywords>0x2001000200000000</Keywords>
<TimeCreated SystemTime="2020-10-26 12:10:59.254194"></TimeCreated>
<EventRecordID>745</EventRecordID>
<Correlation ActivityID="" RelatedActivityID=""></Correlation>
<Execution ProcessID="3404" ThreadID="2956"></Execution>
<Channel>Microsoft-Windows-Shell-Core/Operational</Channel>
<Computer>WIN-PTFPHFCRDJ0</Computer>
<Security UserID="S-1-5-21-1152959844-3645458174-3779170896-1000"></Security>
</System>
<EventData><Data Name="LogonType">8</Data>
<Data Name="TaskName">UpdatePCSettingsPreStart</Data>
</EventData>
</Event>

