<Event xmlns="http://schemas.microsoft.com/win/2004/08/events/event"><System><Provider Name="Microsoft-Windows-Kernel-PnP" Guid="{9c205a39-1250-487d-abd7-e831c6290539}"></Provider>
<EventID Qualifiers="">410</EventID>
<Version>0</Version>
<Level>4</Level>
<Task>0</Task>
<Opcode>0</Opcode>
<Keywords>0x4000000000000000</Keywords>
<TimeCreated SystemTime="2020-10-23 09:20:40.987396"></TimeCreated>
<EventRecordID>233</EventRecordID>
<Correlation ActivityID="" RelatedActivityID=""></Correlation>
<Execution ProcessID="4" ThreadID="8"></Execution>
<Channel>Microsoft-Windows-Kernel-PnP/Configuration</Channel>
<Computer>WIN-PTFPHFCRDJ0</Computer>
<Security UserID="S-1-5-18"></Security>
</System>
<EventData><Data Name="DeviceInstanceId">PCI\VEN_15AD&amp;DEV_07A0&amp;SUBSYS_07A015AD&amp;REV_01\3&amp;61aaa01&amp;0&amp;B4</Data>
<Data Name="DriverName">pci.inf</Data>
<Data Name="ClassGuid">{4d36e97d-e325-11ce-bfc1-08002be10318}</Data>
<Data Name="ServiceName">pci</Data>
<Data Name="LowerFilters"></Data>
<Data Name="UpperFilters"></Data>
<Data Name="Problem">0x00000000</Data>
<Data Name="Status">0x00000000</Data>
</EventData>
</Event>

<Event xmlns="http://schemas.microsoft.com/win/2004/08/events/event"><System><Provider Name="Microsoft-Windows-Kernel-PnP" Guid="{9c205a39-1250-487d-abd7-e831c6290539}"></Provider>
<EventID Qualifiers="">410</EventID>
<Version>0</Version>
<Level>4</Level>
<Task>0</Task>
<Opcode>0</Opcode>
<Keywords>0x4000000000000000</Keywords>
<TimeCreated SystemTime="2020-10-23 09:20:41.017944"></TimeCreated>
<EventRecordID>234</EventRecordID>
<Correlation ActivityID="" RelatedActivityID=""></Correlation>
<Execution ProcessID="4" ThreadID="8"></Execution>
<Channel>Microsoft-Windows-Kernel-PnP/Configuration</Channel>
<Computer>WIN-PTFPHFCRDJ0</Computer>
<Security UserID="S-1-5-18"></Security>
</System>
<EventData><Data Name="DeviceInstanceId">PCI\VEN_15AD&amp;DEV_07A0&amp;SUBSYS_07A015AD&amp;REV_01\3&amp;61aaa01&amp;0&amp;B5</Data>
<Data Name="DriverName">pci.inf</Data>
<Data Name="ClassGuid">{4d36e97d-e325-11ce-bfc1-08002be10318}</Data>
<Data Name="ServiceName">pci</Data>
<Data Name="LowerFilters"></Data>
<Data Name="UpperFilters"></Data>
<Data Name="Problem">0x00000000</Data>
<Data Name="Status">0x00000000</Data>
</EventData>
</Event>

<Event xmlns="http://schemas.microsoft.com/win/2004/08/events/event"><System><Provider Name="Microsoft-Windows-Kernel-PnP" Guid="{9c205a39-1250-487d-abd7-e831c6290539}"></Provider>
<EventID Qualifiers="">410</EventID>
<Version>0</Version>
<Level>4</Level>
<Task>0</Task>
<Opcode>0</Opcode>
<Keywords>0x4000000000000000</Keywords>
<TimeCreated SystemTime="2020-10-23 09:20:41.049154"></TimeCreated>
<EventRecordID>235</EventRecordID>
<Correlation ActivityID="" RelatedActivityID=""></Correlation>
<Execution ProcessID="4" ThreadID="8"></Execution>
<Channel>Microsoft-Windows-Kernel-PnP/Configuration</Channel>
<Computer>WIN-PTFPHFCRDJ0</Computer>
<Security UserID="S-1-5-18"></Security>
</System>
<EventData><Data Name="DeviceInstanceId">PCI\VEN_15AD&amp;DEV_07A0&amp;SUBSYS_07A015AD&amp;REV_01\3&amp;61aaa01&amp;0&amp;B6</Data>
<Data Name="DriverName">pci.inf</Data>
<Data Name="ClassGuid">{4d36e97d-e325-11ce-bfc1-08002be10318}</Data>
<Data Name="ServiceName">pci</Data>
<Data Name="LowerFilters"></Data>
<Data Name="UpperFilters"></Data>
<Data Name="Problem">0x00000000</Data>
<Data Name="Status">0x00000000</Data>
</EventData>
</Event>

<Event xmlns="http://schemas.microsoft.com/win/2004/08/events/event"><System><Provider Name="Microsoft-Windows-Kernel-PnP" Guid="{9c205a39-1250-487d-abd7-e831c6290539}"></Provider>
<EventID Qualifiers="">410</EventID>
<Version>0</Version>
<Level>4</Level>
<Task>0</Task>
<Opcode>0</Opcode>
<Keywords>0x4000000000000000</Keywords>
<TimeCreated SystemTime="2020-10-23 09:20:41.081100"></TimeCreated>
<EventRecordID>236</EventRecordID>
<Correlation ActivityID="" RelatedActivityID=""></Correlation>
<Execution ProcessID="4" ThreadID="8"></Execution>
<Channel>Microsoft-Windows-Kernel-PnP/Configuration</Channel>
<Computer>WIN-PTFPHFCRDJ0</Computer>
<Security UserID="S-1-5-18"></Security>
</System>
<EventData><Data Name="DeviceInstanceId">PCI\VEN_15AD&amp;DEV_07A0&amp;SUBSYS_07A015AD&amp;REV_01\3&amp;61aaa01&amp;0&amp;B7</Data>
<Data Name="DriverName">pci.inf</Data>
<Data Name="ClassGuid">{4d36e97d-e325-11ce-bfc1-08002be10318}</Data>
<Data Name="ServiceName">pci</Data>
<Data Name="LowerFilters"></Data>
<Data Name="UpperFilters"></Data>
<Data Name="Problem">0x00000000</Data>
<Data Name="Status">0x00000000</Data>
</EventData>
</Event>

<Event xmlns="http://schemas.microsoft.com/win/2004/08/events/event"><System><Provider Name="Microsoft-Windows-Kernel-PnP" Guid="{9c205a39-1250-487d-abd7-e831c6290539}"></Provider>
<EventID Qualifiers="">410</EventID>
<Version>0</Version>
<Level>4</Level>
<Task>0</Task>
<Opcode>0</Opcode>
<Keywords>0x4000000000000000</Keywords>
<TimeCreated SystemTime="2020-10-23 09:20:41.111876"></TimeCreated>
<EventRecordID>237</EventRecordID>
<Correlation ActivityID="" RelatedActivityID=""></Correlation>
<Execution ProcessID="4" ThreadID="8"></Execution>
<Channel>Microsoft-Windows-Kernel-PnP/Configuration</Channel>
<Computer>WIN-PTFPHFCRDJ0</Computer>
<Security UserID="S-1-5-18"></Security>
</System>
<EventData><Data Name="DeviceInstanceId">PCI\VEN_15AD&amp;DEV_07A0&amp;SUBSYS_07A015AD&amp;REV_01\3&amp;61aaa01&amp;0&amp;B8</Data>
<Data Name="DriverName">pci.inf</Data>
<Data Name="ClassGuid">{4d36e97d-e325-11ce-bfc1-08002be10318}</Data>
<Data Name="ServiceName">pci</Data>
<Data Name="LowerFilters"></Data>
<Data Name="UpperFilters"></Data>
<Data Name="Problem">0x00000000</Data>
<Data Name="Status">0x00000000</Data>
</EventData>
</Event>

<Event xmlns="http://schemas.microsoft.com/win/2004/08/events/event"><System><Provider Name="Microsoft-Windows-Kernel-PnP" Guid="{9c205a39-1250-487d-abd7-e831c6290539}"></Provider>
<EventID Qualifiers="">400</EventID>
<Version>0</Version>
<Level>4</Level>
<Task>0</Task>
<Opcode>0</Opcode>
<Keywords>0x4000000000000000</Keywords>
<TimeCreated SystemTime="2020-10-23 09:20:41.114910"></TimeCreated>
<EventRecordID>238</EventRecordID>
<Correlation ActivityID="" RelatedActivityID=""></Correlation>
<Execution ProcessID="4" ThreadID="8"></Execution>
<Channel>Microsoft-Windows-Kernel-PnP/Configuration</Channel>
<Computer>WIN-PTFPHFCRDJ0</Computer>
<Security UserID="S-1-5-18"></Security>
</System>
<EventData><Data Name="DeviceInstanceId">PCI\VEN_15AD&amp;DEV_07F0&amp;SUBSYS_07F015AD&amp;REV_00\4&amp;3b50545d&amp;0&amp;00B8</Data>
<Data Name="DriverName">stornvme.inf</Data>
<Data Name="ClassGuid">{4d36e97b-e325-11ce-bfc1-08002be10318}</Data>
<Data Name="DriverDate">06/21/2006</Data>
<Data Name="DriverVersion">10.0.17763.1</Data>
<Data Name="DriverProvider">Microsoft</Data>
<Data Name="DriverInbox">True</Data>
<Data Name="DriverSection">Stornvme_Inst</Data>
<Data Name="DriverRank">0x00ff2006</Data>
<Data Name="MatchingDeviceId">PCI\CC_010802</Data>
<Data Name="OutrankedDrivers"></Data>
<Data Name="DeviceUpdated">False</Data>
<Data Name="Status">0x00000000</Data>
<Data Name="ParentDeviceInstanceId">PCI\VEN_15AD&amp;DEV_07A0&amp;SUBSYS_07A015AD&amp;REV_01\3&amp;61aaa01&amp;0&amp;B8</Data>
</EventData>
</Event>

<Event xmlns="http://schemas.microsoft.com/win/2004/08/events/event"><System><Provider Name="Microsoft-Windows-Kernel-PnP" Guid="{9c205a39-1250-487d-abd7-e831c6290539}"></Provider>
<EventID Qualifiers="">410</EventID>
<Version>0</Version>
<Level>4</Level>
<Task>0</Task>
<Opcode>0</Opcode>
<Keywords>0x4000000000000000</Keywords>
<TimeCreated SystemTime="2020-10-23 09:20:41.158512"></TimeCreated>
<EventRecordID>239</EventRecordID>
<Correlation ActivityID="" RelatedActivityID=""></Correlation>
<Execution ProcessID="4" ThreadID="8"></Execution>
<Channel>Microsoft-Windows-Kernel-PnP/Configuration</Channel>
<Computer>WIN-PTFPHFCRDJ0</Computer>
<Security UserID="S-1-5-18"></Security>
</System>
<EventData><Data Name="DeviceInstanceId">PCI\VEN_15AD&amp;DEV_07A0&amp;SUBSYS_07A015AD&amp;REV_01\3&amp;61aaa01&amp;0&amp;B9</Data>
<Data Name="DriverName">pci.inf</Data>
<Data Name="ClassGuid">{4d36e97d-e325-11ce-bfc1-08002be10318}</Data>
<Data Name="ServiceName">pci</Data>
<Data Name="LowerFilters"></Data>
<Data Name="UpperFilters"></Data>
<Data Name="Problem">0x00000000</Data>
<Data Name="Status">0x00000000</Data>
</EventData>
</Event>

<Event xmlns="http://schemas.microsoft.com/win/2004/08/events/event"><System><Provider Name="Microsoft-Windows-Kernel-PnP" Guid="{9c205a39-1250-487d-abd7-e831c6290539}"></Provider>
<EventID Qualifiers="">410</EventID>
<Version>0</Version>
<Level>4</Level>
<Task>0</Task>
<Opcode>0</Opcode>
<Keywords>0x4000000000000000</Keywords>
<TimeCreated SystemTime="2020-10-23 09:20:41.189817"></TimeCreated>
<EventRecordID>240</EventRecordID>
<Correlation ActivityID="" RelatedActivityID=""></Correlation>
<Execution ProcessID="4" ThreadID="8"></Execution>
<Channel>Microsoft-Windows-Kernel-PnP/Configuration</Channel>
<Computer>WIN-PTFPHFCRDJ0</Computer>
<Security UserID="S-1-5-18"></Security>
</System>
<EventData><Data Name="DeviceInstanceId">PCI\VEN_15AD&amp;DEV_07A0&amp;SUBSYS_07A015AD&amp;REV_01\3&amp;61aaa01&amp;0&amp;BA</Data>
<Data Name="DriverName">pci.inf</Data>
<Data Name="ClassGuid">{4d36e97d-e325-11ce-bfc1-08002be10318}</Data>
<Data Name="ServiceName">pci</Data>
<Data Name="LowerFilters"></Data>
<Data Name="UpperFilters"></Data>
<Data Name="Problem">0x00000000</Data>
<Data Name="Status">0x00000000</Data>
</EventData>
</Event>

<Event xmlns="http://schemas.microsoft.com/win/2004/08/events/event"><System><Provider Name="Microsoft-Windows-Kernel-PnP" Guid="{9c205a39-1250-487d-abd7-e831c6290539}"></Provider>
<EventID Qualifiers="">410</EventID>
<Version>0</Version>
<Level>4</Level>
<Task>0</Task>
<Opcode>0</Opcode>
<Keywords>0x4000000000000000</Keywords>
<TimeCreated SystemTime="2020-10-23 09:20:41.221027"></TimeCreated>
<EventRecordID>241</EventRecordID>
<Correlation ActivityID="" RelatedActivityID=""></Correlation>
<Execution ProcessID="4" ThreadID="8"></Execution>
<Channel>Microsoft-Windows-Kernel-PnP/Configuration</Channel>
<Computer>WIN-PTFPHFCRDJ0</Computer>
<Security UserID="S-1-5-18"></Security>
</System>
<EventData><Data Name="DeviceInstanceId">PCI\VEN_15AD&amp;DEV_07A0&amp;SUBSYS_07A015AD&amp;REV_01\3&amp;61aaa01&amp;0&amp;BB</Data>
<Data Name="DriverName">pci.inf</Data>
<Data Name="ClassGuid">{4d36e97d-e325-11ce-bfc1-08002be10318}</Data>
<Data Name="ServiceName">pci</Data>
<Data Name="LowerFilters"></Data>
<Data Name="UpperFilters"></Data>
<Data Name="Problem">0x00000000</Data>
<Data Name="Status">0x00000000</Data>
</EventData>
</Event>

<Event xmlns="http://schemas.microsoft.com/win/2004/08/events/event"><System><Provider Name="Microsoft-Windows-Kernel-PnP" Guid="{9c205a39-1250-487d-abd7-e831c6290539}"></Provider>
<EventID Qualifiers="">410</EventID>
<Version>0</Version>
<Level>4</Level>
<Task>0</Task>
<Opcode>0</Opcode>
<Keywords>0x4000000000000000</Keywords>
<TimeCreated SystemTime="2020-10-23 09:20:41.252316"></TimeCreated>
<EventRecordID>242</EventRecordID>
<Correlation ActivityID="" RelatedActivityID=""></Correlation>
<Execution ProcessID="4" ThreadID="8"></Execution>
<Channel>Microsoft-Windows-Kernel-PnP/Configuration</Channel>
<Computer>WIN-PTFPHFCRDJ0</Computer>
<Security UserID="S-1-5-18"></Security>
</System>
<EventData><Data Name="DeviceInstanceId">PCI\VEN_15AD&amp;DEV_07A0&amp;SUBSYS_07A015AD&amp;REV_01\3&amp;61aaa01&amp;0&amp;BC</Data>
<Data Name="DriverName">pci.inf</Data>
<Data Name="ClassGuid">{4d36e97d-e325-11ce-bfc1-08002be10318}</Data>
<Data Name="ServiceName">pci</Data>
<Data Name="LowerFilters"></Data>
<Data Name="UpperFilters"></Data>
<Data Name="Problem">0x00000000</Data>
<Data Name="Status">0x00000000</Data>
</EventData>
</Event>

<Event xmlns="http://schemas.microsoft.com/win/2004/08/events/event"><System><Provider Name="Microsoft-Windows-Kernel-PnP" Guid="{9c205a39-1250-487d-abd7-e831c6290539}"></Provider>
<EventID Qualifiers="">410</EventID>
<Version>0</Version>
<Level>4</Level>
<Task>0</Task>
<Opcode>0</Opcode>
<Keywords>0x4000000000000000</Keywords>
<TimeCreated SystemTime="2020-10-23 09:20:41.283426"></TimeCreated>
<EventRecordID>243</EventRecordID>
<Correlation ActivityID="" RelatedActivityID=""></Correlation>
<Execution ProcessID="4" ThreadID="8"></Execution>
<Channel>Microsoft-Windows-Kernel-PnP/Configuration</Channel>
<Computer>WIN-PTFPHFCRDJ0</Computer>
<Security UserID="S-1-5-18"></Security>
</System>
<EventData><Data Name="DeviceInstanceId">PCI\VEN_15AD&amp;DEV_07A0&amp;SUBSYS_07A015AD&amp;REV_01\3&amp;61aaa01&amp;0&amp;BD</Data>
<Data Name="DriverName">pci.inf</Data>
<Data Name="ClassGuid">{4d36e97d-e325-11ce-bfc1-08002be10318}</Data>
<Data Name="ServiceName">pci</Data>
<Data Name="LowerFilters"></Data>
<Data Name="UpperFilters"></Data>
<Data Name="Problem">0x00000000</Data>
<Data Name="Status">0x00000000</Data>
</EventData>
</Event>

<Event xmlns="http://schemas.microsoft.com/win/2004/08/events/event"><System><Provider Name="Microsoft-Windows-Kernel-PnP" Guid="{9c205a39-1250-487d-abd7-e831c6290539}"></Provider>
<EventID Qualifiers="">410</EventID>
<Version>0</Version>
<Level>4</Level>
<Task>0</Task>
<Opcode>0</Opcode>
<Keywords>0x4000000000000000</Keywords>
<TimeCreated SystemTime="2020-10-23 09:20:41.314907"></TimeCreated>
<EventRecordID>244</EventRecordID>
<Correlation ActivityID="" RelatedActivityID=""></Correlation>
<Execution ProcessID="4" ThreadID="8"></Execution>
<Channel>Microsoft-Windows-Kernel-PnP/Configuration</Channel>
<Computer>WIN-PTFPHFCRDJ0</Computer>
<Security UserID="S-1-5-18"></Security>
</System>
<EventData><Data Name="DeviceInstanceId">PCI\VEN_15AD&amp;DEV_07A0&amp;SUBSYS_07A015AD&amp;REV_01\3&amp;61aaa01&amp;0&amp;BE</Data>
<Data Name="DriverName">pci.inf</Data>
<Data Name="ClassGuid">{4d36e97d-e325-11ce-bfc1-08002be10318}</Data>
<Data Name="ServiceName">pci</Data>
<Data Name="LowerFilters"></Data>
<Data Name="UpperFilters"></Data>
<Data Name="Problem">0x00000000</Data>
<Data Name="Status">0x00000000</Data>
</EventData>
</Event>

<Event xmlns="http://schemas.microsoft.com/win/2004/08/events/event"><System><Provider Name="Microsoft-Windows-Kernel-PnP" Guid="{9c205a39-1250-487d-abd7-e831c6290539}"></Provider>
<EventID Qualifiers="">410</EventID>
<Version>0</Version>
<Level>4</Level>
<Task>0</Task>
<Opcode>0</Opcode>
<Keywords>0x4000000000000000</Keywords>
<TimeCreated SystemTime="2020-10-23 09:20:41.345980"></TimeCreated>
<EventRecordID>245</EventRecordID>
<Correlation ActivityID="" RelatedActivityID=""></Correlation>
<Execution ProcessID="4" ThreadID="8"></Execution>
<Channel>Microsoft-Windows-Kernel-PnP/Configuration</Channel>
<Computer>WIN-PTFPHFCRDJ0</Computer>
<Security UserID="S-1-5-18"></Security>
</System>
<EventData><Data Name="DeviceInstanceId">PCI\VEN_15AD&amp;DEV_07A0&amp;SUBSYS_07A015AD&amp;REV_01\3&amp;61aaa01&amp;0&amp;BF</Data>
<Data Name="DriverName">pci.inf</Data>
<Data Name="ClassGuid">{4d36e97d-e325-11ce-bfc1-08002be10318}</Data>
<Data Name="ServiceName">pci</Data>
<Data Name="LowerFilters"></Data>
<Data Name="UpperFilters"></Data>
<Data Name="Problem">0x00000000</Data>
<Data Name="Status">0x00000000</Data>
</EventData>
</Event>

<Event xmlns="http://schemas.microsoft.com/win/2004/08/events/event"><System><Provider Name="Microsoft-Windows-Kernel-PnP" Guid="{9c205a39-1250-487d-abd7-e831c6290539}"></Provider>
<EventID Qualifiers="">410</EventID>
<Version>0</Version>
<Level>4</Level>
<Task>0</Task>
<Opcode>0</Opcode>
<Keywords>0x4000000000000000</Keywords>
<TimeCreated SystemTime="2020-10-23 09:20:41.377161"></TimeCreated>
<EventRecordID>246</EventRecordID>
<Correlation ActivityID="" RelatedActivityID=""></Correlation>
<Execution ProcessID="4" ThreadID="8"></Execution>
<Channel>Microsoft-Windows-Kernel-PnP/Configuration</Channel>
<Computer>WIN-PTFPHFCRDJ0</Computer>
<Security UserID="S-1-5-18"></Security>
</System>
<EventData><Data Name="DeviceInstanceId">PCI\VEN_15AD&amp;DEV_07A0&amp;SUBSYS_07A015AD&amp;REV_01\3&amp;61aaa01&amp;0&amp;C0</Data>
<Data Name="DriverName">pci.inf</Data>
<Data Name="ClassGuid">{4d36e97d-e325-11ce-bfc1-08002be10318}</Data>
<Data Name="ServiceName">pci</Data>
<Data Name="LowerFilters"></Data>
<Data Name="UpperFilters"></Data>
<Data Name="Problem">0x00000000</Data>
<Data Name="Status">0x00000000</Data>
</EventData>
</Event>

<Event xmlns="http://schemas.microsoft.com/win/2004/08/events/event"><System><Provider Name="Microsoft-Windows-Kernel-PnP" Guid="{9c205a39-1250-487d-abd7-e831c6290539}"></Provider>
<EventID Qualifiers="">410</EventID>
<Version>0</Version>
<Level>4</Level>
<Task>0</Task>
<Opcode>0</Opcode>
<Keywords>0x4000000000000000</Keywords>
<TimeCreated SystemTime="2020-10-23 09:20:41.408564"></TimeCreated>
<EventRecordID>247</EventRecordID>
<Correlation ActivityID="" RelatedActivityID=""></Correlation>
<Execution ProcessID="4" ThreadID="8"></Execution>
<Channel>Microsoft-Windows-Kernel-PnP/Configuration</Channel>
<Computer>WIN-PTFPHFCRDJ0</Computer>
<Security UserID="S-1-5-18"></Security>
</System>
<EventData><Data Name="DeviceInstanceId">PCI\VEN_15AD&amp;DEV_07A0&amp;SUBSYS_07A015AD&amp;REV_01\3&amp;61aaa01&amp;0&amp;C1</Data>
<Data Name="DriverName">pci.inf</Data>
<Data Name="ClassGuid">{4d36e97d-e325-11ce-bfc1-08002be10318}</Data>
<Data Name="ServiceName">pci</Data>
<Data Name="LowerFilters"></Data>
<Data Name="UpperFilters"></Data>
<Data Name="Problem">0x00000000</Data>
<Data Name="Status">0x00000000</Data>
</EventData>
</Event>

<Event xmlns="http://schemas.microsoft.com/win/2004/08/events/event"><System><Provider Name="Microsoft-Windows-Kernel-PnP" Guid="{9c205a39-1250-487d-abd7-e831c6290539}"></Provider>
<EventID Qualifiers="">410</EventID>
<Version>0</Version>
<Level>4</Level>
<Task>0</Task>
<Opcode>0</Opcode>
<Keywords>0x4000000000000000</Keywords>
<TimeCreated SystemTime="2020-10-23 09:20:41.439753"></TimeCreated>
<EventRecordID>248</EventRecordID>
<Correlation ActivityID="" RelatedActivityID=""></Correlation>
<Execution ProcessID="4" ThreadID="8"></Execution>
<Channel>Microsoft-Windows-Kernel-PnP/Configuration</Channel>
<Computer>WIN-PTFPHFCRDJ0</Computer>
<Security UserID="S-1-5-18"></Security>
</System>
<EventData><Data Name="DeviceInstanceId">PCI\VEN_15AD&amp;DEV_07A0&amp;SUBSYS_07A015AD&amp;REV_01\3&amp;61aaa01&amp;0&amp;C2</Data>
<Data Name="DriverName">pci.inf</Data>
<Data Name="ClassGuid">{4d36e97d-e325-11ce-bfc1-08002be10318}</Data>
<Data Name="ServiceName">pci</Data>
<Data Name="LowerFilters"></Data>
<Data Name="UpperFilters"></Data>
<Data Name="Problem">0x00000000</Data>
<Data Name="Status">0x00000000</Data>
</EventData>
</Event>

<Event xmlns="http://schemas.microsoft.com/win/2004/08/events/event"><System><Provider Name="Microsoft-Windows-Kernel-PnP" Guid="{9c205a39-1250-487d-abd7-e831c6290539}"></Provider>
<EventID Qualifiers="">410</EventID>
<Version>0</Version>
<Level>4</Level>
<Task>0</Task>
<Opcode>0</Opcode>
<Keywords>0x4000000000000000</Keywords>
<TimeCreated SystemTime="2020-10-23 09:20:41.470985"></TimeCreated>
<EventRecordID>249</EventRecordID>
<Correlation ActivityID="" RelatedActivityID=""></Correlation>
<Execution ProcessID="4" ThreadID="8"></Execution>
<Channel>Microsoft-Windows-Kernel-PnP/Configuration</Channel>
<Computer>WIN-PTFPHFCRDJ0</Computer>
<Security UserID="S-1-5-18"></Security>
</System>
<EventData><Data Name="DeviceInstanceId">PCI\VEN_15AD&amp;DEV_07A0&amp;SUBSYS_07A015AD&amp;REV_01\3&amp;61aaa01&amp;0&amp;C3</Data>
<Data Name="DriverName">pci.inf</Data>
<Data Name="ClassGuid">{4d36e97d-e325-11ce-bfc1-08002be10318}</Data>
<Data Name="ServiceName">pci</Data>
<Data Name="LowerFilters"></Data>
<Data Name="UpperFilters"></Data>
<Data Name="Problem">0x00000000</Data>
<Data Name="Status">0x00000000</Data>
</EventData>
</Event>

<Event xmlns="http://schemas.microsoft.com/win/2004/08/events/event"><System><Provider Name="Microsoft-Windows-Kernel-PnP" Guid="{9c205a39-1250-487d-abd7-e831c6290539}"></Provider>
<EventID Qualifiers="">410</EventID>
<Version>0</Version>
<Level>4</Level>
<Task>0</Task>
<Opcode>0</Opcode>
<Keywords>0x4000000000000000</Keywords>
<TimeCreated SystemTime="2020-10-23 09:20:41.502279"></TimeCreated>
<EventRecordID>250</EventRecordID>
<Correlation ActivityID="" RelatedActivityID=""></Correlation>
<Execution ProcessID="4" ThreadID="8"></Execution>
<Channel>Microsoft-Windows-Kernel-PnP/Configuration</Channel>
<Computer>WIN-PTFPHFCRDJ0</Computer>
<Security UserID="S-1-5-18"></Security>
</System>
<EventData><Data Name="DeviceInstanceId">PCI\VEN_15AD&amp;DEV_07A0&amp;SUBSYS_07A015AD&amp;REV_01\3&amp;61aaa01&amp;0&amp;C4</Data>
<Data Name="DriverName">pci.inf</Data>
<Data Name="ClassGuid">{4d36e97d-e325-11ce-bfc1-08002be10318}</Data>
<Data Name="ServiceName">pci</Data>
<Data Name="LowerFilters"></Data>
<Data Name="UpperFilters"></Data>
<Data Name="Problem">0x00000000</Data>
<Data Name="Status">0x00000000</Data>
</EventData>
</Event>

<Event xmlns="http://schemas.microsoft.com/win/2004/08/events/event"><System><Provider Name="Microsoft-Windows-Kernel-PnP" Guid="{9c205a39-1250-487d-abd7-e831c6290539}"></Provider>
<EventID Qualifiers="">410</EventID>
<Version>0</Version>
<Level>4</Level>
<Task>0</Task>
<Opcode>0</Opcode>
<Keywords>0x4000000000000000</Keywords>
<TimeCreated SystemTime="2020-10-23 09:20:41.533560"></TimeCreated>
<EventRecordID>251</EventRecordID>
<Correlation ActivityID="" RelatedActivityID=""></Correlation>
<Execution ProcessID="4" ThreadID="8"></Execution>
<Channel>Microsoft-Windows-Kernel-PnP/Configuration</Channel>
<Computer>WIN-PTFPHFCRDJ0</Computer>
<Security UserID="S-1-5-18"></Security>
</System>
<EventData><Data Name="DeviceInstanceId">PCI\VEN_15AD&amp;DEV_07A0&amp;SUBSYS_07A015AD&amp;REV_01\3&amp;61aaa01&amp;0&amp;C5</Data>
<Data Name="DriverName">pci.inf</Data>
<Data Name="ClassGuid">{4d36e97d-e325-11ce-bfc1-08002be10318}</Data>
<Data Name="ServiceName">pci</Data>
<Data Name="LowerFilters"></Data>
<Data Name="UpperFilters"></Data>
<Data Name="Problem">0x00000000</Data>
<Data Name="Status">0x00000000</Data>
</EventData>
</Event>

<Event xmlns="http://schemas.microsoft.com/win/2004/08/events/event"><System><Provider Name="Microsoft-Windows-Kernel-PnP" Guid="{9c205a39-1250-487d-abd7-e831c6290539}"></Provider>
<EventID Qualifiers="">410</EventID>
<Version>0</Version>
<Level>4</Level>
<Task>0</Task>
<Opcode>0</Opcode>
<Keywords>0x4000000000000000</Keywords>
<TimeCreated SystemTime="2020-10-23 09:20:41.564781"></TimeCreated>
<EventRecordID>252</EventRecordID>
<Correlation ActivityID="" RelatedActivityID=""></Correlation>
<Execution ProcessID="4" ThreadID="8"></Execution>
<Channel>Microsoft-Windows-Kernel-PnP/Configuration</Channel>
<Computer>WIN-PTFPHFCRDJ0</Computer>
<Security UserID="S-1-5-18"></Security>
</System>
<EventData><Data Name="DeviceInstanceId">PCI\VEN_15AD&amp;DEV_07A0&amp;SUBSYS_07A015AD&amp;REV_01\3&amp;61aaa01&amp;0&amp;C6</Data>
<Data Name="DriverName">pci.inf</Data>
<Data Name="ClassGuid">{4d36e97d-e325-11ce-bfc1-08002be10318}</Data>
<Data Name="ServiceName">pci</Data>
<Data Name="LowerFilters"></Data>
<Data Name="UpperFilters"></Data>
<Data Name="Problem">0x00000000</Data>
<Data Name="Status">0x00000000</Data>
</EventData>
</Event>

<Event xmlns="http://schemas.microsoft.com/win/2004/08/events/event"><System><Provider Name="Microsoft-Windows-Kernel-PnP" Guid="{9c205a39-1250-487d-abd7-e831c6290539}"></Provider>
<EventID Qualifiers="">410</EventID>
<Version>0</Version>
<Level>4</Level>
<Task>0</Task>
<Opcode>0</Opcode>
<Keywords>0x4000000000000000</Keywords>
<TimeCreated SystemTime="2020-10-23 09:20:41.596012"></TimeCreated>
<EventRecordID>253</EventRecordID>
<Correlation ActivityID="" RelatedActivityID=""></Correlation>
<Execution ProcessID="4" ThreadID="8"></Execution>
<Channel>Microsoft-Windows-Kernel-PnP/Configuration</Channel>
<Computer>WIN-PTFPHFCRDJ0</Computer>
<Security UserID="S-1-5-18"></Security>
</System>
<EventData><Data Name="DeviceInstanceId">PCI\VEN_15AD&amp;DEV_07A0&amp;SUBSYS_07A015AD&amp;REV_01\3&amp;61aaa01&amp;0&amp;C7</Data>
<Data Name="DriverName">pci.inf</Data>
<Data Name="ClassGuid">{4d36e97d-e325-11ce-bfc1-08002be10318}</Data>
<Data Name="ServiceName">pci</Data>
<Data Name="LowerFilters"></Data>
<Data Name="UpperFilters"></Data>
<Data Name="Problem">0x00000000</Data>
<Data Name="Status">0x00000000</Data>
</EventData>
</Event>

<Event xmlns="http://schemas.microsoft.com/win/2004/08/events/event"><System><Provider Name="Microsoft-Windows-Kernel-PnP" Guid="{9c205a39-1250-487d-abd7-e831c6290539}"></Provider>
<EventID Qualifiers="">410</EventID>
<Version>0</Version>
<Level>4</Level>
<Task>0</Task>
<Opcode>0</Opcode>
<Keywords>0x4000000000000000</Keywords>
<TimeCreated SystemTime="2020-10-23 09:20:41.596659"></TimeCreated>
<EventRecordID>254</EventRecordID>
<Correlation ActivityID="" RelatedActivityID=""></Correlation>
<Execution ProcessID="4" ThreadID="8"></Execution>
<Channel>Microsoft-Windows-Kernel-PnP/Configuration</Channel>
<Computer>WIN-PTFPHFCRDJ0</Computer>
<Security UserID="S-1-5-18"></Security>
</System>
<EventData><Data Name="DeviceInstanceId">ACPI\PNP0B00\4&amp;1bd7f811&amp;0</Data>
<Data Name="DriverName">machine.inf</Data>
<Data Name="ClassGuid">{4d36e97d-e325-11ce-bfc1-08002be10318}</Data>
<Data Name="ServiceName"></Data>
<Data Name="LowerFilters"></Data>
<Data Name="UpperFilters"></Data>
<Data Name="Problem">0x00000000</Data>
<Data Name="Status">0x00000000</Data>
</EventData>
</Event>

<Event xmlns="http://schemas.microsoft.com/win/2004/08/events/event"><System><Provider Name="Microsoft-Windows-Kernel-PnP" Guid="{9c205a39-1250-487d-abd7-e831c6290539}"></Provider>
<EventID Qualifiers="">410</EventID>
<Version>0</Version>
<Level>4</Level>
<Task>0</Task>
<Opcode>0</Opcode>
<Keywords>0x4000000000000000</Keywords>
<TimeCreated SystemTime="2020-10-23 09:20:41.597433"></TimeCreated>
<EventRecordID>255</EventRecordID>
<Correlation ActivityID="" RelatedActivityID=""></Correlation>
<Execution ProcessID="4" ThreadID="8"></Execution>
<Channel>Microsoft-Windows-Kernel-PnP/Configuration</Channel>
<Computer>WIN-PTFPHFCRDJ0</Computer>
<Security UserID="S-1-5-18"></Security>
</System>
<EventData><Data Name="DeviceInstanceId">PCI\VEN_8086&amp;DEV_7191&amp;SUBSYS_00000000&amp;REV_01\3&amp;61aaa01&amp;0&amp;08</Data>
<Data Name="DriverName">pci.inf</Data>
<Data Name="ClassGuid">{4d36e97d-e325-11ce-bfc1-08002be10318}</Data>
<Data Name="ServiceName">pci</Data>
<Data Name="LowerFilters"></Data>
<Data Name="UpperFilters"></Data>
<Data Name="Problem">0x00000000</Data>
<Data Name="Status">0x00000000</Data>
</EventData>
</Event>

<Event xmlns="http://schemas.microsoft.com/win/2004/08/events/event"><System><Provider Name="Microsoft-Windows-Kernel-PnP" Guid="{9c205a39-1250-487d-abd7-e831c6290539}"></Provider>
<EventID Qualifiers="">410</EventID>
<Version>0</Version>
<Level>4</Level>
<Task>0</Task>
<Opcode>0</Opcode>
<Keywords>0x4000000000000000</Keywords>
<TimeCreated SystemTime="2020-10-23 09:20:41.620502"></TimeCreated>
<EventRecordID>256</EventRecordID>
<Correlation ActivityID="" RelatedActivityID=""></Correlation>
<Execution ProcessID="4" ThreadID="8"></Execution>
<Channel>Microsoft-Windows-Kernel-PnP/Configuration</Channel>
<Computer>WIN-PTFPHFCRDJ0</Computer>
<Security UserID="S-1-5-18"></Security>
</System>
<EventData><Data Name="DeviceInstanceId">PCI\VEN_8086&amp;DEV_7111&amp;SUBSYS_197615AD&amp;REV_01\3&amp;61aaa01&amp;0&amp;39</Data>
<Data Name="DriverName">mshdc.inf</Data>
<Data Name="ClassGuid">{4d36e96a-e325-11ce-bfc1-08002be10318}</Data>
<Data Name="ServiceName">intelide</Data>
<Data Name="LowerFilters"></Data>
<Data Name="UpperFilters"></Data>
<Data Name="Problem">0x00000000</Data>
<Data Name="Status">0x00000000</Data>
</EventData>
</Event>

<Event xmlns="http://schemas.microsoft.com/win/2004/08/events/event"><System><Provider Name="Microsoft-Windows-Kernel-PnP" Guid="{9c205a39-1250-487d-abd7-e831c6290539}"></Provider>
<EventID Qualifiers="">400</EventID>
<Version>0</Version>
<Level>4</Level>
<Task>0</Task>
<Opcode>0</Opcode>
<Keywords>0x4000000000000000</Keywords>
<TimeCreated SystemTime="2020-10-23 09:20:41.621670"></TimeCreated>
<EventRecordID>257</EventRecordID>
<Correlation ActivityID="" RelatedActivityID=""></Correlation>
<Execution ProcessID="4" ThreadID="8"></Execution>
<Channel>Microsoft-Windows-Kernel-PnP/Configuration</Channel>
<Computer>WIN-PTFPHFCRDJ0</Computer>
<Security UserID="S-1-5-18"></Security>
</System>
<EventData><Data Name="DeviceInstanceId">PCIIDE\IDEChannel\4&amp;23686003&amp;0&amp;0</Data>
<Data Name="DriverName">mshdc.inf</Data>
<Data Name="ClassGuid">{4d36e96a-e325-11ce-bfc1-08002be10318}</Data>
<Data Name="DriverDate">06/21/2006</Data>
<Data Name="DriverVersion">10.0.17763.1</Data>
<Data Name="DriverProvider">Microsoft</Data>
<Data Name="DriverInbox">True</Data>
<Data Name="DriverSection">atapi_Inst_Server</Data>
<Data Name="DriverRank">0x00ff0001</Data>
<Data Name="MatchingDeviceId">Internal_IDE_Channel</Data>
<Data Name="OutrankedDrivers"></Data>
<Data Name="DeviceUpdated">False</Data>
<Data Name="Status">0x00000000</Data>
<Data Name="ParentDeviceInstanceId">PCI\VEN_8086&amp;DEV_7111&amp;SUBSYS_197615AD&amp;REV_01\3&amp;61aaa01&amp;0&amp;39</Data>
</EventData>
</Event>

<Event xmlns="http://schemas.microsoft.com/win/2004/08/events/event"><System><Provider Name="Microsoft-Windows-Kernel-PnP" Guid="{9c205a39-1250-487d-abd7-e831c6290539}"></Provider>
<EventID Qualifiers="">400</EventID>
<Version>0</Version>
<Level>4</Level>
<Task>0</Task>
<Opcode>0</Opcode>
<Keywords>0x4000000000000000</Keywords>
<TimeCreated SystemTime="2020-10-23 09:20:41.622879"></TimeCreated>
<EventRecordID>258</EventRecordID>
<Correlation ActivityID="" RelatedActivityID=""></Correlation>
<Execution ProcessID="4" ThreadID="8"></Execution>
<Channel>Microsoft-Windows-Kernel-PnP/Configuration</Channel>
<Computer>WIN-PTFPHFCRDJ0</Computer>
<Security UserID="S-1-5-18"></Security>
</System>
<EventData><Data Name="DeviceInstanceId">PCIIDE\IDEChannel\4&amp;23686003&amp;0&amp;1</Data>
<Data Name="DriverName">mshdc.inf</Data>
<Data Name="ClassGuid">{4d36e96a-e325-11ce-bfc1-08002be10318}</Data>
<Data Name="DriverDate">06/21/2006</Data>
<Data Name="DriverVersion">10.0.17763.1</Data>
<Data Name="DriverProvider">Microsoft</Data>
<Data Name="DriverInbox">True</Data>
<Data Name="DriverSection">atapi_Inst_Server</Data>
<Data Name="DriverRank">0x00ff0001</Data>
<Data Name="MatchingDeviceId">Internal_IDE_Channel</Data>
<Data Name="OutrankedDrivers"></Data>
<Data Name="DeviceUpdated">False</Data>
<Data Name="Status">0x00000000</Data>
<Data Name="ParentDeviceInstanceId">PCI\VEN_8086&amp;DEV_7111&amp;SUBSYS_197615AD&amp;REV_01\3&amp;61aaa01&amp;0&amp;39</Data>
</EventData>
</Event>

<Event xmlns="http://schemas.microsoft.com/win/2004/08/events/event"><System><Provider Name="Microsoft-Windows-Kernel-PnP" Guid="{9c205a39-1250-487d-abd7-e831c6290539}"></Provider>
<EventID Qualifiers="">400</EventID>
<Version>0</Version>
<Level>4</Level>
<Task>0</Task>
<Opcode>0</Opcode>
<Keywords>0x4000000000000000</Keywords>
<TimeCreated SystemTime="2020-10-23 09:20:41.624949"></TimeCreated>
<EventRecordID>259</EventRecordID>
<Correlation ActivityID="" RelatedActivityID=""></Correlation>
<Execution ProcessID="4" ThreadID="440"></Execution>
<Channel>Microsoft-Windows-Kernel-PnP/Configuration</Channel>
<Computer>WIN-PTFPHFCRDJ0</Computer>
<Security UserID="S-1-5-18"></Security>
</System>
<EventData><Data Name="DeviceInstanceId">ROOT\SPACEPORT\0000</Data>
<Data Name="DriverName">spaceport.inf</Data>
<Data Name="ClassGuid">{4d36e97b-e325-11ce-bfc1-08002be10318}</Data>
<Data Name="DriverDate">06/21/2006</Data>
<Data Name="DriverVersion">10.0.17763.1</Data>
<Data Name="DriverProvider">Microsoft</Data>
<Data Name="DriverInbox">True</Data>
<Data Name="DriverSection">Spaceport_Install</Data>
<Data Name="DriverRank">0x00ff0000</Data>
<Data Name="MatchingDeviceId">Root\Spaceport</Data>
<Data Name="OutrankedDrivers"></Data>
<Data Name="DeviceUpdated">False</Data>
<Data Name="Status">0x00000000</Data>
<Data Name="ParentDeviceInstanceId">HTREE\ROOT\0</Data>
</EventData>
</Event>

<Event xmlns="http://schemas.microsoft.com/win/2004/08/events/event"><System><Provider Name="Microsoft-Windows-Kernel-PnP" Guid="{9c205a39-1250-487d-abd7-e831c6290539}"></Provider>
<EventID Qualifiers="">410</EventID>
<Version>0</Version>
<Level>4</Level>
<Task>0</Task>
<Opcode>0</Opcode>
<Keywords>0x4000000000000000</Keywords>
<TimeCreated SystemTime="2020-10-23 09:20:41.625252"></TimeCreated>
<EventRecordID>260</EventRecordID>
<Correlation ActivityID="" RelatedActivityID=""></Correlation>
<Execution ProcessID="4" ThreadID="440"></Execution>
<Channel>Microsoft-Windows-Kernel-PnP/Configuration</Channel>
<Computer>WIN-PTFPHFCRDJ0</Computer>
<Security UserID="S-1-5-18"></Security>
</System>
<EventData><Data Name="DeviceInstanceId">ROOT\SPACEPORT\0000</Data>
<Data Name="DriverName">spaceport.inf</Data>
<Data Name="ClassGuid">{4d36e97b-e325-11ce-bfc1-08002be10318}</Data>
<Data Name="ServiceName">spaceport</Data>
<Data Name="LowerFilters"></Data>
<Data Name="UpperFilters"></Data>
<Data Name="Problem">0x00000000</Data>
<Data Name="Status">0x00000000</Data>
</EventData>
</Event>

<Event xmlns="http://schemas.microsoft.com/win/2004/08/events/event"><System><Provider Name="Microsoft-Windows-Kernel-PnP" Guid="{9c205a39-1250-487d-abd7-e831c6290539}"></Provider>
<EventID Qualifiers="">403</EventID>
<Version>0</Version>
<Level>3</Level>
<Task>0</Task>
<Opcode>0</Opcode>
<Keywords>0x4000000000000000</Keywords>
<TimeCreated SystemTime="2020-10-23 09:20:41.626587"></TimeCreated>
<EventRecordID>261</EventRecordID>
<Correlation ActivityID="" RelatedActivityID=""></Correlation>
<Execution ProcessID="4" ThreadID="440"></Execution>
<Channel>Microsoft-Windows-Kernel-PnP/Configuration</Channel>
<Computer>WIN-PTFPHFCRDJ0</Computer>
<Security UserID="S-1-5-18"></Security>
</System>
<EventData><Data Name="DeviceInstanceId">ROOT\VOLMGR\0000</Data>
<Data Name="DriverName">volmgr.inf</Data>
<Data Name="ClassGuid">{4d36e97d-e325-11ce-bfc1-08002be10318}</Data>
<Data Name="DriverDate">06/21/2006</Data>
<Data Name="DriverVersion">10.0.17763.1</Data>
<Data Name="DriverProvider">Microsoft</Data>
<Data Name="DriverInbox">True</Data>
<Data Name="DriverSection">Volmgr</Data>
<Data Name="DriverRank">0x00ff0000</Data>
<Data Name="MatchingDeviceId">ROOT\VOLMGR</Data>
<Data Name="OutrankedDrivers"></Data>
<Data Name="DeviceUpdated">False</Data>
<Data Name="Status">0x00000000</Data>
<Data Name="ParentDeviceInstanceId">HTREE\ROOT\0</Data>
</EventData>
</Event>

<Event xmlns="http://schemas.microsoft.com/win/2004/08/events/event"><System><Provider Name="Microsoft-Windows-Kernel-PnP" Guid="{9c205a39-1250-487d-abd7-e831c6290539}"></Provider>
<EventID Qualifiers="">410</EventID>
<Version>0</Version>
<Level>4</Level>
<Task>0</Task>
<Opcode>0</Opcode>
<Keywords>0x4000000000000000</Keywords>
<TimeCreated SystemTime="2020-10-23 09:20:41.626963"></TimeCreated>
<EventRecordID>262</EventRecordID>
<Correlation ActivityID="" RelatedActivityID=""></Correlation>
<Execution ProcessID="4" ThreadID="440"></Execution>
<Channel>Microsoft-Windows-Kernel-PnP/Configuration</Channel>
<Computer>WIN-PTFPHFCRDJ0</Computer>
<Security UserID="S-1-5-18"></Security>
</System>
<EventData><Data Name="DeviceInstanceId">ROOT\VOLMGR\0000</Data>
<Data Name="DriverName">volmgr.inf</Data>
<Data Name="ClassGuid">{4d36e97d-e325-11ce-bfc1-08002be10318}</Data>
<Data Name="ServiceName">volmgr</Data>
<Data Name="LowerFilters"></Data>
<Data Name="UpperFilters"></Data>
<Data Name="Problem">0x00000000</Data>
<Data Name="Status">0x00000000</Data>
</EventData>
</Event>

<Event xmlns="http://schemas.microsoft.com/win/2004/08/events/event"><System><Provider Name="Microsoft-Windows-Kernel-PnP" Guid="{9c205a39-1250-487d-abd7-e831c6290539}"></Provider>
<EventID Qualifiers="">410</EventID>
<Version>0</Version>
<Level>4</Level>
<Task>0</Task>
<Opcode>0</Opcode>
<Keywords>0x4000000000000000</Keywords>
<TimeCreated SystemTime="2020-10-23 09:20:41.643925"></TimeCreated>
<EventRecordID>263</EventRecordID>
<Correlation ActivityID="" RelatedActivityID=""></Correlation>
<Execution ProcessID="4" ThreadID="8"></Execution>
<Channel>Microsoft-Windows-Kernel-PnP/Configuration</Channel>
<Computer>WIN-PTFPHFCRDJ0</Computer>
<Security UserID="S-1-5-18"></Security>
</System>
<EventData><Data Name="DeviceInstanceId">PCIIDE\IDEChannel\4&amp;23686003&amp;0&amp;0</Data>
<Data Name="DriverName">mshdc.inf</Data>
<Data Name="ClassGuid">{4d36e96a-e325-11ce-bfc1-08002be10318}</Data>
<Data Name="ServiceName">atapi</Data>
<Data Name="LowerFilters"></Data>
<Data Name="UpperFilters"></Data>
<Data Name="Problem">0x00000000</Data>
<Data Name="Status">0x00000000</Data>
</EventData>
</Event>

<Event xmlns="http://schemas.microsoft.com/win/2004/08/events/event"><System><Provider Name="Microsoft-Windows-Kernel-PnP" Guid="{9c205a39-1250-487d-abd7-e831c6290539}"></Provider>
<EventID Qualifiers="">410</EventID>
<Version>0</Version>
<Level>4</Level>
<Task>0</Task>
<Opcode>0</Opcode>
<Keywords>0x4000000000000000</Keywords>
<TimeCreated SystemTime="2020-10-23 09:20:41.674677"></TimeCreated>
<EventRecordID>264</EventRecordID>
<Correlation ActivityID="" RelatedActivityID=""></Correlation>
<Execution ProcessID="4" ThreadID="8"></Execution>
<Channel>Microsoft-Windows-Kernel-PnP/Configuration</Channel>
<Computer>WIN-PTFPHFCRDJ0</Computer>
<Security UserID="S-1-5-18"></Security>
</System>
<EventData><Data Name="DeviceInstanceId">PCIIDE\IDEChannel\4&amp;23686003&amp;0&amp;1</Data>
<Data Name="DriverName">mshdc.inf</Data>
<Data Name="ClassGuid">{4d36e96a-e325-11ce-bfc1-08002be10318}</Data>
<Data Name="ServiceName">atapi</Data>
<Data Name="LowerFilters"></Data>
<Data Name="UpperFilters"></Data>
<Data Name="Problem">0x00000000</Data>
<Data Name="Status">0x00000000</Data>
</EventData>
</Event>

<Event xmlns="http://schemas.microsoft.com/win/2004/08/events/event"><System><Provider Name="Microsoft-Windows-Kernel-PnP" Guid="{9c205a39-1250-487d-abd7-e831c6290539}"></Provider>
<EventID Qualifiers="">410</EventID>
<Version>0</Version>
<Level>4</Level>
<Task>0</Task>
<Opcode>0</Opcode>
<Keywords>0x4000000000000000</Keywords>
<TimeCreated SystemTime="2020-10-23 09:20:41.742863"></TimeCreated>
<EventRecordID>265</EventRecordID>
<Correlation ActivityID="" RelatedActivityID=""></Correlation>
<Execution ProcessID="4" ThreadID="8"></Execution>
<Channel>Microsoft-Windows-Kernel-PnP/Configuration</Channel>
<Computer>WIN-PTFPHFCRDJ0</Computer>
<Security UserID="S-1-5-18"></Security>
</System>
<EventData><Data Name="DeviceInstanceId">PCI\VEN_15AD&amp;DEV_07E0&amp;SUBSYS_07E015AD&amp;REV_00\4&amp;bbf9765&amp;0&amp;2088</Data>
<Data Name="DriverName">mshdc.inf</Data>
<Data Name="ClassGuid">{4d36e96a-e325-11ce-bfc1-08002be10318}</Data>
<Data Name="ServiceName">storahci</Data>
<Data Name="LowerFilters"></Data>
<Data Name="UpperFilters"></Data>
<Data Name="Problem">0x00000000</Data>
<Data Name="Status">0x00000000</Data>
</EventData>
</Event>

<Event xmlns="http://schemas.microsoft.com/win/2004/08/events/event"><System><Provider Name="Microsoft-Windows-Kernel-PnP" Guid="{9c205a39-1250-487d-abd7-e831c6290539}"></Provider>
<EventID Qualifiers="">400</EventID>
<Version>0</Version>
<Level>4</Level>
<Task>0</Task>
<Opcode>0</Opcode>
<Keywords>0x4000000000000000</Keywords>
<TimeCreated SystemTime="2020-10-23 09:20:41.925095"></TimeCreated>
<EventRecordID>266</EventRecordID>
<Correlation ActivityID="" RelatedActivityID=""></Correlation>
<Execution ProcessID="4" ThreadID="8"></Execution>
<Channel>Microsoft-Windows-Kernel-PnP/Configuration</Channel>
<Computer>WIN-PTFPHFCRDJ0</Computer>
<Security UserID="S-1-5-18"></Security>
</System>
<EventData><Data Name="DeviceInstanceId">SCSI\CdRom&amp;Ven_NECVMWar&amp;Prod_VMware_SATA_CD01\5&amp;2edf08dd&amp;0&amp;010000</Data>
<Data Name="DriverName">cdrom.inf</Data>
<Data Name="ClassGuid">{4d36e965-e325-11ce-bfc1-08002be10318}</Data>
<Data Name="DriverDate">06/21/2006</Data>
<Data Name="DriverVersion">10.0.17763.1</Data>
<Data Name="DriverProvider">Microsoft</Data>
<Data Name="DriverInbox">True</Data>
<Data Name="DriverSection">cdrom_install</Data>
<Data Name="DriverRank">0x00ff0005</Data>
<Data Name="MatchingDeviceId">GenCdRom</Data>
<Data Name="OutrankedDrivers"></Data>
<Data Name="DeviceUpdated">False</Data>
<Data Name="Status">0x00000000</Data>
<Data Name="ParentDeviceInstanceId">PCI\VEN_15AD&amp;DEV_07E0&amp;SUBSYS_07E015AD&amp;REV_00\4&amp;bbf9765&amp;0&amp;2088</Data>
</EventData>
</Event>

<Event xmlns="http://schemas.microsoft.com/win/2004/08/events/event"><System><Provider Name="Microsoft-Windows-Kernel-PnP" Guid="{9c205a39-1250-487d-abd7-e831c6290539}"></Provider>
<EventID Qualifiers="">410</EventID>
<Version>0</Version>
<Level>4</Level>
<Task>0</Task>
<Opcode>0</Opcode>
<Keywords>0x4000000000000000</Keywords>
<TimeCreated SystemTime="2020-10-23 09:20:42.013893"></TimeCreated>
<EventRecordID>267</EventRecordID>
<Correlation ActivityID="" RelatedActivityID=""></Correlation>
<Execution ProcessID="4" ThreadID="8"></Execution>
<Channel>Microsoft-Windows-Kernel-PnP/Configuration</Channel>
<Computer>WIN-PTFPHFCRDJ0</Computer>
<Security UserID="S-1-5-18"></Security>
</System>
<EventData><Data Name="DeviceInstanceId">PCI\VEN_15AD&amp;DEV_07F0&amp;SUBSYS_07F015AD&amp;REV_00\4&amp;3b50545d&amp;0&amp;00B8</Data>
<Data Name="DriverName">stornvme.inf</Data>
<Data Name="ClassGuid">{4d36e97b-e325-11ce-bfc1-08002be10318}</Data>
<Data Name="ServiceName">stornvme</Data>
<Data Name="LowerFilters"></Data>
<Data Name="UpperFilters"></Data>
<Data Name="Problem">0x00000000</Data>
<Data Name="Status">0x00000000</Data>
</EventData>
</Event>

<Event xmlns="http://schemas.microsoft.com/win/2004/08/events/event"><System><Provider Name="Microsoft-Windows-Kernel-PnP" Guid="{9c205a39-1250-487d-abd7-e831c6290539}"></Provider>
<EventID Qualifiers="">400</EventID>
<Version>0</Version>
<Level>4</Level>
<Task>0</Task>
<Opcode>0</Opcode>
<Keywords>0x4000000000000000</Keywords>
<TimeCreated SystemTime="2020-10-23 09:20:42.015287"></TimeCreated>
<EventRecordID>268</EventRecordID>
<Correlation ActivityID="" RelatedActivityID=""></Correlation>
<Execution ProcessID="4" ThreadID="8"></Execution>
<Channel>Microsoft-Windows-Kernel-PnP/Configuration</Channel>
<Computer>WIN-PTFPHFCRDJ0</Computer>
<Security UserID="S-1-5-18"></Security>
</System>
<EventData><Data Name="DeviceInstanceId">SCSI\Disk&amp;Ven_NVMe&amp;Prod_VMware_Virtual_N\5&amp;25a13950&amp;0&amp;000000</Data>
<Data Name="DriverName">disk.inf</Data>
<Data Name="ClassGuid">{4d36e967-e325-11ce-bfc1-08002be10318}</Data>
<Data Name="DriverDate">06/21/2006</Data>
<Data Name="DriverVersion">10.0.17763.1</Data>
<Data Name="DriverProvider">Microsoft</Data>
<Data Name="DriverInbox">True</Data>
<Data Name="DriverSection">disk_install.NT</Data>
<Data Name="DriverRank">0x00ff0005</Data>
<Data Name="MatchingDeviceId">GenDisk</Data>
<Data Name="OutrankedDrivers"></Data>
<Data Name="DeviceUpdated">False</Data>
<Data Name="Status">0x00000000</Data>
<Data Name="ParentDeviceInstanceId">PCI\VEN_15AD&amp;DEV_07F0&amp;SUBSYS_07F015AD&amp;REV_00\4&amp;3b50545d&amp;0&amp;00B8</Data>
</EventData>
</Event>

<Event xmlns="http://schemas.microsoft.com/win/2004/08/events/event"><System><Provider Name="Microsoft-Windows-Kernel-PnP" Guid="{9c205a39-1250-487d-abd7-e831c6290539}"></Provider>
<EventID Qualifiers="">410</EventID>
<Version>0</Version>
<Level>4</Level>
<Task>0</Task>
<Opcode>0</Opcode>
<Keywords>0x4000000000000000</Keywords>
<TimeCreated SystemTime="2020-10-23 09:20:42.025270"></TimeCreated>
<EventRecordID>269</EventRecordID>
<Correlation ActivityID="" RelatedActivityID=""></Correlation>
<Execution ProcessID="4" ThreadID="8"></Execution>
<Channel>Microsoft-Windows-Kernel-PnP/Configuration</Channel>
<Computer>WIN-PTFPHFCRDJ0</Computer>
<Security UserID="S-1-5-18"></Security>
</System>
<EventData><Data Name="DeviceInstanceId">PCI\VEN_15AD&amp;DEV_0770&amp;SUBSYS_077015AD&amp;REV_00\4&amp;bbf9765&amp;0&amp;1088</Data>
<Data Name="DriverName">usbport.inf</Data>
<Data Name="ClassGuid">{36fc9e60-c465-11cf-8056-444553540000}</Data>
<Data Name="ServiceName">usbehci</Data>
<Data Name="LowerFilters"></Data>
<Data Name="UpperFilters"></Data>
<Data Name="Problem">0x00000000</Data>
<Data Name="Status">0x00000000</Data>
</EventData>
</Event>

<Event xmlns="http://schemas.microsoft.com/win/2004/08/events/event"><System><Provider Name="Microsoft-Windows-Kernel-PnP" Guid="{9c205a39-1250-487d-abd7-e831c6290539}"></Provider>
<EventID Qualifiers="">400</EventID>
<Version>0</Version>
<Level>4</Level>
<Task>0</Task>
<Opcode>0</Opcode>
<Keywords>0x4000000000000000</Keywords>
<TimeCreated SystemTime="2020-10-23 09:20:42.026186"></TimeCreated>
<EventRecordID>270</EventRecordID>
<Correlation ActivityID="" RelatedActivityID=""></Correlation>
<Execution ProcessID="4" ThreadID="8"></Execution>
<Channel>Microsoft-Windows-Kernel-PnP/Configuration</Channel>
<Computer>WIN-PTFPHFCRDJ0</Computer>
<Security UserID="S-1-5-18"></Security>
</System>
<EventData><Data Name="DeviceInstanceId">USB\ROOT_HUB20\5&amp;36a4b5d6&amp;0</Data>
<Data Name="DriverName">usbport.inf</Data>
<Data Name="ClassGuid">{36fc9e60-c465-11cf-8056-444553540000}</Data>
<Data Name="DriverDate">06/21/2006</Data>
<Data Name="DriverVersion">10.0.17763.1</Data>
<Data Name="DriverProvider">Microsoft</Data>
<Data Name="DriverInbox">True</Data>
<Data Name="DriverSection">ROOTHUB.Dev.NT</Data>
<Data Name="DriverRank">0x00ff0002</Data>
<Data Name="MatchingDeviceId">USB\ROOT_HUB20</Data>
<Data Name="OutrankedDrivers"></Data>
<Data Name="DeviceUpdated">False</Data>
<Data Name="Status">0x00000000</Data>
<Data Name="ParentDeviceInstanceId">PCI\VEN_15AD&amp;DEV_0770&amp;SUBSYS_077015AD&amp;REV_00\4&amp;bbf9765&amp;0&amp;1088</Data>
</EventData>
</Event>

<Event xmlns="http://schemas.microsoft.com/win/2004/08/events/event"><System><Provider Name="Microsoft-Windows-Kernel-PnP" Guid="{9c205a39-1250-487d-abd7-e831c6290539}"></Provider>
<EventID Qualifiers="">410</EventID>
<Version>0</Version>
<Level>4</Level>
<Task>0</Task>
<Opcode>0</Opcode>
<Keywords>0x4000000000000000</Keywords>
<TimeCreated SystemTime="2020-10-23 09:20:42.027395"></TimeCreated>
<EventRecordID>271</EventRecordID>
<Correlation ActivityID="" RelatedActivityID=""></Correlation>
<Execution ProcessID="4" ThreadID="8"></Execution>
<Channel>Microsoft-Windows-Kernel-PnP/Configuration</Channel>
<Computer>WIN-PTFPHFCRDJ0</Computer>
<Security UserID="S-1-5-18"></Security>
</System>
<EventData><Data Name="DeviceInstanceId">USB\ROOT_HUB20\5&amp;36a4b5d6&amp;0</Data>
<Data Name="DriverName">usbport.inf</Data>
<Data Name="ClassGuid">{36fc9e60-c465-11cf-8056-444553540000}</Data>
<Data Name="ServiceName">usbhub</Data>
<Data Name="LowerFilters"></Data>
<Data Name="UpperFilters"></Data>
<Data Name="Problem">0x00000000</Data>
<Data Name="Status">0x00000000</Data>
</EventData>
</Event>

<Event xmlns="http://schemas.microsoft.com/win/2004/08/events/event"><System><Provider Name="Microsoft-Windows-Kernel-PnP" Guid="{9c205a39-1250-487d-abd7-e831c6290539}"></Provider>
<EventID Qualifiers="">410</EventID>
<Version>0</Version>
<Level>4</Level>
<Task>0</Task>
<Opcode>0</Opcode>
<Keywords>0x4000000000000000</Keywords>
<TimeCreated SystemTime="2020-10-23 09:20:42.087221"></TimeCreated>
<EventRecordID>272</EventRecordID>
<Correlation ActivityID="" RelatedActivityID=""></Correlation>
<Execution ProcessID="4" ThreadID="436"></Execution>
<Channel>Microsoft-Windows-Kernel-PnP/Configuration</Channel>
<Computer>WIN-PTFPHFCRDJ0</Computer>
<Security UserID="S-1-5-18"></Security>
</System>
<EventData><Data Name="DeviceInstanceId">PCI\VEN_15AD&amp;DEV_0779&amp;SUBSYS_077915AD&amp;REV_00\4&amp;1ee266c4&amp;0&amp;00B0</Data>
<Data Name="DriverName">usbxhci.inf</Data>
<Data Name="ClassGuid">{36fc9e60-c465-11cf-8056-444553540000}</Data>
<Data Name="ServiceName">USBXHCI</Data>
<Data Name="LowerFilters"></Data>
<Data Name="UpperFilters"></Data>
<Data Name="Problem">0x00000000</Data>
<Data Name="Status">0x00000000</Data>
</EventData>
</Event>

<Event xmlns="http://schemas.microsoft.com/win/2004/08/events/event"><System><Provider Name="Microsoft-Windows-Kernel-PnP" Guid="{9c205a39-1250-487d-abd7-e831c6290539}"></Provider>
<EventID Qualifiers="">400</EventID>
<Version>0</Version>
<Level>4</Level>
<Task>0</Task>
<Opcode>0</Opcode>
<Keywords>0x4000000000000000</Keywords>
<TimeCreated SystemTime="2020-10-23 09:20:42.088097"></TimeCreated>
<EventRecordID>273</EventRecordID>
<Correlation ActivityID="" RelatedActivityID=""></Correlation>
<Execution ProcessID="4" ThreadID="436"></Execution>
<Channel>Microsoft-Windows-Kernel-PnP/Configuration</Channel>
<Computer>WIN-PTFPHFCRDJ0</Computer>
<Security UserID="S-1-5-18"></Security>
</System>
<EventData><Data Name="DeviceInstanceId">USB\ROOT_HUB30\5&amp;21ab4ffc&amp;0&amp;0</Data>
<Data Name="DriverName">usbhub3.inf</Data>
<Data Name="ClassGuid">{36fc9e60-c465-11cf-8056-444553540000}</Data>
<Data Name="DriverDate">09/14/2018</Data>
<Data Name="DriverVersion">10.0.17763.1</Data>
<Data Name="DriverProvider">Microsoft</Data>
<Data Name="DriverInbox">True</Data>
<Data Name="DriverSection">Generic.Install.NT</Data>
<Data Name="DriverRank">0x00800002</Data>
<Data Name="MatchingDeviceId">USB\ROOT_HUB30</Data>
<Data Name="OutrankedDrivers"></Data>
<Data Name="DeviceUpdated">False</Data>
<Data Name="Status">0x00000000</Data>
<Data Name="ParentDeviceInstanceId">PCI\VEN_15AD&amp;DEV_0779&amp;SUBSYS_077915AD&amp;REV_00\4&amp;1ee266c4&amp;0&amp;00B0</Data>
</EventData>
</Event>

