<Event xmlns="http://schemas.microsoft.com/win/2004/08/events/event"><System><Provider Name="Microsoft-Windows-ServerManager-ManagementProvider" Guid="{c2e6d0d9-5df8-4c77-a82b-c96c84579543}"></Provider>
<EventID Qualifiers="">70</EventID>
<Version>0</Version>
<Level>4</Level>
<Task>18</Task>
<Opcode>0</Opcode>
<Keywords>0x8000000000000000</Keywords>
<TimeCreated SystemTime="2020-10-26 12:12:12.284632"></TimeCreated>
<EventRecordID>111</EventRecordID>
<Correlation ActivityID="{9e0b48f9-4873-4750-855f-46a5400b82d4}" RelatedActivityID=""></Correlation>
<Execution ProcessID="3172" ThreadID="2916"></Execution>
<Channel>Microsoft-Windows-ServerManager-MgmtProvider/Operational</Channel>
<Computer>WIN-PTFPHFCRDJ0</Computer>
<Security UserID="S-1-5-21-1152959844-3645458174-3779170896-1000"></Security>
</System>
<EventData><Data Name="uValue">0</Data>
</EventData>
</Event>

<Event xmlns="http://schemas.microsoft.com/win/2004/08/events/event"><System><Provider Name="Microsoft-Windows-ServerManager-ManagementProvider" Guid="{c2e6d0d9-5df8-4c77-a82b-c96c84579543}"></Provider>
<EventID Qualifiers="">15</EventID>
<Version>0</Version>
<Level>4</Level>
<Task>6</Task>
<Opcode>2</Opcode>
<Keywords>0x8000000000000000</Keywords>
<TimeCreated SystemTime="2020-10-26 12:12:12.511179"></TimeCreated>
<EventRecordID>112</EventRecordID>
<Correlation ActivityID="{4fd9418c-f68f-4b36-ab78-29e92c06def5}" RelatedActivityID=""></Correlation>
<Execution ProcessID="3172" ThreadID="3884"></Execution>
<Channel>Microsoft-Windows-ServerManager-MgmtProvider/Operational</Channel>
<Computer>WIN-PTFPHFCRDJ0</Computer>
<Security UserID="S-1-5-21-1152959844-3645458174-3779170896-1000"></Security>
</System>
<EventData></EventData>
</Event>

<Event xmlns="http://schemas.microsoft.com/win/2004/08/events/event"><System><Provider Name="Microsoft-Windows-ServerManager-ManagementProvider" Guid="{c2e6d0d9-5df8-4c77-a82b-c96c84579543}"></Provider>
<EventID Qualifiers="">48</EventID>
<Version>0</Version>
<Level>4</Level>
<Task>14</Task>
<Opcode>0</Opcode>
<Keywords>0x8000000000000000</Keywords>
<TimeCreated SystemTime="2020-10-26 12:12:12.987288"></TimeCreated>
<EventRecordID>113</EventRecordID>
<Correlation ActivityID="{a07cde7c-175a-4a1f-ad60-b56c5e7c8d9f}" RelatedActivityID=""></Correlation>
<Execution ProcessID="3172" ThreadID="244"></Execution>
<Channel>Microsoft-Windows-ServerManager-MgmtProvider/Operational</Channel>
<Computer>WIN-PTFPHFCRDJ0</Computer>
<Security UserID="S-1-5-21-1152959844-3645458174-3779170896-1000"></Security>
</System>
<EventData><Data Name="uValue">13</Data>
</EventData>
</Event>

<Event xmlns="http://schemas.microsoft.com/win/2004/08/events/event"><System><Provider Name="Microsoft-Windows-ServerManager-ManagementProvider" Guid="{c2e6d0d9-5df8-4c77-a82b-c96c84579543}"></Provider>
<EventID Qualifiers="">52</EventID>
<Version>0</Version>
<Level>4</Level>
<Task>15</Task>
<Opcode>0</Opcode>
<Keywords>0x8000000000000000</Keywords>
<TimeCreated SystemTime="2020-10-26 12:12:13.344015"></TimeCreated>
<EventRecordID>114</EventRecordID>
<Correlation ActivityID="{7ac2a6db-82af-4463-9e32-44bf06257851}" RelatedActivityID=""></Correlation>
<Execution ProcessID="3172" ThreadID="244"></Execution>
<Channel>Microsoft-Windows-ServerManager-MgmtProvider/Operational</Channel>
<Computer>WIN-PTFPHFCRDJ0</Computer>
<Security UserID="S-1-5-21-1152959844-3645458174-3779170896-1000"></Security>
</System>
<EventData><Data Name="uValue">4</Data>
</EventData>
</Event>

<Event xmlns="http://schemas.microsoft.com/win/2004/08/events/event"><System><Provider Name="Microsoft-Windows-ServerManager-ManagementProvider" Guid="{c2e6d0d9-5df8-4c77-a82b-c96c84579543}"></Provider>
<EventID Qualifiers="">53</EventID>
<Version>0</Version>
<Level>4</Level>
<Task>15</Task>
<Opcode>0</Opcode>
<Keywords>0x8000000000000000</Keywords>
<TimeCreated SystemTime="2020-10-26 12:12:13.698645"></TimeCreated>
<EventRecordID>115</EventRecordID>
<Correlation ActivityID="{7ac2a6db-82af-4463-9e32-44bf06257851}" RelatedActivityID=""></Correlation>
<Execution ProcessID="3172" ThreadID="244"></Execution>
<Channel>Microsoft-Windows-ServerManager-MgmtProvider/Operational</Channel>
<Computer>WIN-PTFPHFCRDJ0</Computer>
<Security UserID="S-1-5-21-1152959844-3645458174-3779170896-1000"></Security>
</System>
<EventData><Data Name="uValue">4</Data>
</EventData>
</Event>

<Event xmlns="http://schemas.microsoft.com/win/2004/08/events/event"><System><Provider Name="Microsoft-Windows-ServerManager-ManagementProvider" Guid="{c2e6d0d9-5df8-4c77-a82b-c96c84579543}"></Provider>
<EventID Qualifiers="">62</EventID>
<Version>0</Version>
<Level>4</Level>
<Task>16</Task>
<Opcode>0</Opcode>
<Keywords>0x8000000000000000</Keywords>
<TimeCreated SystemTime="2020-10-26 12:12:13.967119"></TimeCreated>
<EventRecordID>116</EventRecordID>
<Correlation ActivityID="{be81f990-ec35-4cf9-8697-80c5f79d9c46}" RelatedActivityID=""></Correlation>
<Execution ProcessID="3172" ThreadID="244"></Execution>
<Channel>Microsoft-Windows-ServerManager-MgmtProvider/Operational</Channel>
<Computer>WIN-PTFPHFCRDJ0</Computer>
<Security UserID="S-1-5-21-1152959844-3645458174-3779170896-1000"></Security>
</System>
<EventData><Data Name="TotalXPaths">4</Data>
</EventData>
</Event>

<Event xmlns="http://schemas.microsoft.com/win/2004/08/events/event"><System><Provider Name="Microsoft-Windows-ServerManager-ManagementProvider" Guid="{c2e6d0d9-5df8-4c77-a82b-c96c84579543}"></Provider>
<EventID Qualifiers="">85</EventID>
<Version>0</Version>
<Level>3</Level>
<Task>16</Task>
<Opcode>0</Opcode>
<Keywords>0x8000000000000000</Keywords>
<TimeCreated SystemTime="2020-10-26 12:12:13.967344"></TimeCreated>
<EventRecordID>117</EventRecordID>
<Correlation ActivityID="{be81f990-ec35-4cf9-8697-80c5f79d9c46}" RelatedActivityID=""></Correlation>
<Execution ProcessID="3172" ThreadID="244"></Execution>
<Channel>Microsoft-Windows-ServerManager-MgmtProvider/Operational</Channel>
<Computer>WIN-PTFPHFCRDJ0</Computer>
<Security UserID="S-1-5-21-1152959844-3645458174-3779170896-1000"></Security>
</System>
<EventData><Data Name="XPath">Microsoft/Windows/FileServices:$reports$\$latestreport$\Discovery.xml:$creationtime$</Data>
<Data Name="Error">0x00000002</Data>
<Data Name="LastError">0x00000003</Data>
</EventData>
</Event>

<Event xmlns="http://schemas.microsoft.com/win/2004/08/events/event"><System><Provider Name="Microsoft-Windows-ServerManager-ManagementProvider" Guid="{c2e6d0d9-5df8-4c77-a82b-c96c84579543}"></Provider>
<EventID Qualifiers="">85</EventID>
<Version>0</Version>
<Level>3</Level>
<Task>16</Task>
<Opcode>0</Opcode>
<Keywords>0x8000000000000000</Keywords>
<TimeCreated SystemTime="2020-10-26 12:12:14.012835"></TimeCreated>
<EventRecordID>118</EventRecordID>
<Correlation ActivityID="{be81f990-ec35-4cf9-8697-80c5f79d9c46}" RelatedActivityID=""></Correlation>
<Execution ProcessID="3172" ThreadID="244"></Execution>
<Channel>Microsoft-Windows-ServerManager-MgmtProvider/Operational</Channel>
<Computer>WIN-PTFPHFCRDJ0</Computer>
<Security UserID="S-1-5-21-1152959844-3645458174-3779170896-1000"></Security>
</System>
<EventData><Data Name="XPath">Microsoft/Windows/FileServices:$reports$\*\Result.xml:/ResultDatabase/Result</Data>
<Data Name="Error">0x0000001f</Data>
<Data Name="LastError">0x00000003</Data>
</EventData>
</Event>

<Event xmlns="http://schemas.microsoft.com/win/2004/08/events/event"><System><Provider Name="Microsoft-Windows-ServerManager-ManagementProvider" Guid="{c2e6d0d9-5df8-4c77-a82b-c96c84579543}"></Provider>
<EventID Qualifiers="">63</EventID>
<Version>0</Version>
<Level>4</Level>
<Task>16</Task>
<Opcode>0</Opcode>
<Keywords>0x8000000000000000</Keywords>
<TimeCreated SystemTime="2020-10-26 12:12:14.044880"></TimeCreated>
<EventRecordID>119</EventRecordID>
<Correlation ActivityID="{be81f990-ec35-4cf9-8697-80c5f79d9c46}" RelatedActivityID=""></Correlation>
<Execution ProcessID="3172" ThreadID="244"></Execution>
<Channel>Microsoft-Windows-ServerManager-MgmtProvider/Operational</Channel>
<Computer>WIN-PTFPHFCRDJ0</Computer>
<Security UserID="S-1-5-21-1152959844-3645458174-3779170896-1000"></Security>
</System>
<EventData><Data Name="ResultsReturned">4</Data>
</EventData>
</Event>

<Event xmlns="http://schemas.microsoft.com/win/2004/08/events/event"><System><Provider Name="Microsoft-Windows-ServerManager-ManagementProvider" Guid="{c2e6d0d9-5df8-4c77-a82b-c96c84579543}"></Provider>
<EventID Qualifiers="">2</EventID>
<Version>0</Version>
<Level>4</Level>
<Task>1</Task>
<Opcode>2</Opcode>
<Keywords>0x8000000000000000</Keywords>
<TimeCreated SystemTime="2020-10-26 12:12:58.493841"></TimeCreated>
<EventRecordID>120</EventRecordID>
<Correlation ActivityID="" RelatedActivityID=""></Correlation>
<Execution ProcessID="3172" ThreadID="244"></Execution>
<Channel>Microsoft-Windows-ServerManager-MgmtProvider/Operational</Channel>
<Computer>WIN-PTFPHFCRDJ0</Computer>
<Security UserID="S-1-5-20"></Security>
</System>
<EventData></EventData>
</Event>

<Event xmlns="http://schemas.microsoft.com/win/2004/08/events/event"><System><Provider Name="Microsoft-Windows-ServerManager-ManagementProvider" Guid="{c2e6d0d9-5df8-4c77-a82b-c96c84579543}"></Provider>
<EventID Qualifiers="">1</EventID>
<Version>0</Version>
<Level>4</Level>
<Task>1</Task>
<Opcode>1</Opcode>
<Keywords>0x8000000000000000</Keywords>
<TimeCreated SystemTime="2020-10-26 15:28:17.969200"></TimeCreated>
<EventRecordID>121</EventRecordID>
<Correlation ActivityID="" RelatedActivityID=""></Correlation>
<Execution ProcessID="3152" ThreadID="140"></Execution>
<Channel>Microsoft-Windows-ServerManager-MgmtProvider/Operational</Channel>
<Computer>WIN-PTFPHFCRDJ0</Computer>
<Security UserID="S-1-5-20"></Security>
</System>
<EventData></EventData>
</Event>

<Event xmlns="http://schemas.microsoft.com/win/2004/08/events/event"><System><Provider Name="Microsoft-Windows-ServerManager-ManagementProvider" Guid="{c2e6d0d9-5df8-4c77-a82b-c96c84579543}"></Provider>
<EventID Qualifiers="">41</EventID>
<Version>0</Version>
<Level>4</Level>
<Task>13</Task>
<Opcode>0</Opcode>
<Keywords>0x8000000000000000</Keywords>
<TimeCreated SystemTime="2020-10-26 15:28:18.006891"></TimeCreated>
<EventRecordID>122</EventRecordID>
<Correlation ActivityID="{89d87adf-6388-4243-9a12-a3d33cb5a645}" RelatedActivityID=""></Correlation>
<Execution ProcessID="3152" ThreadID="140"></Execution>
<Channel>Microsoft-Windows-ServerManager-MgmtProvider/Operational</Channel>
<Computer>WIN-PTFPHFCRDJ0</Computer>
<Security UserID="S-1-5-21-1152959844-3645458174-3779170896-1000"></Security>
</System>
<EventData></EventData>
</Event>

<Event xmlns="http://schemas.microsoft.com/win/2004/08/events/event"><System><Provider Name="Microsoft-Windows-ServerManager-ManagementProvider" Guid="{c2e6d0d9-5df8-4c77-a82b-c96c84579543}"></Provider>
<EventID Qualifiers="">45</EventID>
<Version>0</Version>
<Level>3</Level>
<Task>13</Task>
<Opcode>0</Opcode>
<Keywords>0x8000000000000000</Keywords>
<TimeCreated SystemTime="2020-10-26 15:28:27.977304"></TimeCreated>
<EventRecordID>123</EventRecordID>
<Correlation ActivityID="{89d87adf-6388-4243-9a12-a3d33cb5a645}" RelatedActivityID=""></Correlation>
<Execution ProcessID="3152" ThreadID="140"></Execution>
<Channel>Microsoft-Windows-ServerManager-MgmtProvider/Operational</Channel>
<Computer>WIN-PTFPHFCRDJ0</Computer>
<Security UserID="S-1-5-21-1152959844-3645458174-3779170896-1000"></Security>
</System>
<EventData><Data Name="Name">Microsoft-Windows-SPB-HIDI2C/Analytic</Data>
<Data Name="hResult">0x8007065b</Data>
<Data Name="hLastError">0x80070002</Data>
</EventData>
</Event>

<Event xmlns="http://schemas.microsoft.com/win/2004/08/events/event"><System><Provider Name="Microsoft-Windows-ServerManager-ManagementProvider" Guid="{c2e6d0d9-5df8-4c77-a82b-c96c84579543}"></Provider>
<EventID Qualifiers="">45</EventID>
<Version>0</Version>
<Level>3</Level>
<Task>13</Task>
<Opcode>0</Opcode>
<Keywords>0x8000000000000000</Keywords>
<TimeCreated SystemTime="2020-10-26 15:28:28.298777"></TimeCreated>
<EventRecordID>124</EventRecordID>
<Correlation ActivityID="{89d87adf-6388-4243-9a12-a3d33cb5a645}" RelatedActivityID=""></Correlation>
<Execution ProcessID="3152" ThreadID="140"></Execution>
<Channel>Microsoft-Windows-ServerManager-MgmtProvider/Operational</Channel>
<Computer>WIN-PTFPHFCRDJ0</Computer>
<Security UserID="S-1-5-21-1152959844-3645458174-3779170896-1000"></Security>
</System>
<EventData><Data Name="Name">Microsoft-Windows-SystemSettingsThreshold/Debug</Data>
<Data Name="hResult">0x8007065b</Data>
<Data Name="hLastError">0x80070002</Data>
</EventData>
</Event>

<Event xmlns="http://schemas.microsoft.com/win/2004/08/events/event"><System><Provider Name="Microsoft-Windows-ServerManager-ManagementProvider" Guid="{c2e6d0d9-5df8-4c77-a82b-c96c84579543}"></Provider>
<EventID Qualifiers="">45</EventID>
<Version>0</Version>
<Level>3</Level>
<Task>13</Task>
<Opcode>0</Opcode>
<Keywords>0x8000000000000000</Keywords>
<TimeCreated SystemTime="2020-10-26 15:28:28.299377"></TimeCreated>
<EventRecordID>125</EventRecordID>
<Correlation ActivityID="{89d87adf-6388-4243-9a12-a3d33cb5a645}" RelatedActivityID=""></Correlation>
<Execution ProcessID="3152" ThreadID="140"></Execution>
<Channel>Microsoft-Windows-ServerManager-MgmtProvider/Operational</Channel>
<Computer>WIN-PTFPHFCRDJ0</Computer>
<Security UserID="S-1-5-21-1152959844-3645458174-3779170896-1000"></Security>
</System>
<EventData><Data Name="Name">Microsoft-Windows-SystemSettingsThreshold/Diagnostic</Data>
<Data Name="hResult">0x8007065b</Data>
<Data Name="hLastError">0x80070002</Data>
</EventData>
</Event>

<Event xmlns="http://schemas.microsoft.com/win/2004/08/events/event"><System><Provider Name="Microsoft-Windows-ServerManager-ManagementProvider" Guid="{c2e6d0d9-5df8-4c77-a82b-c96c84579543}"></Provider>
<EventID Qualifiers="">45</EventID>
<Version>0</Version>
<Level>3</Level>
<Task>13</Task>
<Opcode>0</Opcode>
<Keywords>0x8000000000000000</Keywords>
<TimeCreated SystemTime="2020-10-26 15:28:28.299974"></TimeCreated>
<EventRecordID>126</EventRecordID>
<Correlation ActivityID="{89d87adf-6388-4243-9a12-a3d33cb5a645}" RelatedActivityID=""></Correlation>
<Execution ProcessID="3152" ThreadID="140"></Execution>
<Channel>Microsoft-Windows-ServerManager-MgmtProvider/Operational</Channel>
<Computer>WIN-PTFPHFCRDJ0</Computer>
<Security UserID="S-1-5-21-1152959844-3645458174-3779170896-1000"></Security>
</System>
<EventData><Data Name="Name">Microsoft-Windows-SystemSettingsThreshold/Operational</Data>
<Data Name="hResult">0x8007065b</Data>
<Data Name="hLastError">0x80070002</Data>
</EventData>
</Event>

<Event xmlns="http://schemas.microsoft.com/win/2004/08/events/event"><System><Provider Name="Microsoft-Windows-ServerManager-ManagementProvider" Guid="{c2e6d0d9-5df8-4c77-a82b-c96c84579543}"></Provider>
<EventID Qualifiers="">45</EventID>
<Version>0</Version>
<Level>3</Level>
<Task>13</Task>
<Opcode>0</Opcode>
<Keywords>0x8000000000000000</Keywords>
<TimeCreated SystemTime="2020-10-26 15:28:29.638010"></TimeCreated>
<EventRecordID>127</EventRecordID>
<Correlation ActivityID="{89d87adf-6388-4243-9a12-a3d33cb5a645}" RelatedActivityID=""></Correlation>
<Execution ProcessID="3152" ThreadID="140"></Execution>
<Channel>Microsoft-Windows-ServerManager-MgmtProvider/Operational</Channel>
<Computer>WIN-PTFPHFCRDJ0</Computer>
<Security UserID="S-1-5-21-1152959844-3645458174-3779170896-1000"></Security>
</System>
<EventData><Data Name="Name">NIS-Driver-WFP/Diagnostic</Data>
<Data Name="hResult">0x8007065b</Data>
<Data Name="hLastError">0x80070715</Data>
</EventData>
</Event>

<Event xmlns="http://schemas.microsoft.com/win/2004/08/events/event"><System><Provider Name="Microsoft-Windows-ServerManager-ManagementProvider" Guid="{c2e6d0d9-5df8-4c77-a82b-c96c84579543}"></Provider>
<EventID Qualifiers="">42</EventID>
<Version>0</Version>
<Level>4</Level>
<Task>13</Task>
<Opcode>0</Opcode>
<Keywords>0x8000000000000000</Keywords>
<TimeCreated SystemTime="2020-10-26 15:28:30.023563"></TimeCreated>
<EventRecordID>128</EventRecordID>
<Correlation ActivityID="{89d87adf-6388-4243-9a12-a3d33cb5a645}" RelatedActivityID=""></Correlation>
<Execution ProcessID="3152" ThreadID="140"></Execution>
<Channel>Microsoft-Windows-ServerManager-MgmtProvider/Operational</Channel>
<Computer>WIN-PTFPHFCRDJ0</Computer>
<Security UserID="S-1-5-21-1152959844-3645458174-3779170896-1000"></Security>
</System>
<EventData></EventData>
</Event>

<Event xmlns="http://schemas.microsoft.com/win/2004/08/events/event"><System><Provider Name="Microsoft-Windows-ServerManager-ManagementProvider" Guid="{c2e6d0d9-5df8-4c77-a82b-c96c84579543}"></Provider>
<EventID Qualifiers="">47</EventID>
<Version>0</Version>
<Level>4</Level>
<Task>14</Task>
<Opcode>0</Opcode>
<Keywords>0x8000000000000000</Keywords>
<TimeCreated SystemTime="2020-10-26 15:28:30.054482"></TimeCreated>
<EventRecordID>129</EventRecordID>
<Correlation ActivityID="{1bb1225d-2d50-4502-b459-dea3eadb8567}" RelatedActivityID=""></Correlation>
<Execution ProcessID="3152" ThreadID="140"></Execution>
<Channel>Microsoft-Windows-ServerManager-MgmtProvider/Operational</Channel>
<Computer>WIN-PTFPHFCRDJ0</Computer>
<Security UserID="S-1-5-21-1152959844-3645458174-3779170896-1000"></Security>
</System>
<EventData><Data Name="uValue">2</Data>
</EventData>
</Event>

<Event xmlns="http://schemas.microsoft.com/win/2004/08/events/event"><System><Provider Name="Microsoft-Windows-ServerManager-ManagementProvider" Guid="{c2e6d0d9-5df8-4c77-a82b-c96c84579543}"></Provider>
<EventID Qualifiers="">69</EventID>
<Version>0</Version>
<Level>4</Level>
<Task>18</Task>
<Opcode>0</Opcode>
<Keywords>0x8000000000000000</Keywords>
<TimeCreated SystemTime="2020-10-26 15:28:30.056589"></TimeCreated>
<EventRecordID>130</EventRecordID>
<Correlation ActivityID="{ee9b5dfd-b5a5-49da-ad2b-6024029cce96}" RelatedActivityID=""></Correlation>
<Execution ProcessID="3152" ThreadID="3236"></Execution>
<Channel>Microsoft-Windows-ServerManager-MgmtProvider/Operational</Channel>
<Computer>WIN-PTFPHFCRDJ0</Computer>
<Security UserID="S-1-5-21-1152959844-3645458174-3779170896-1000"></Security>
</System>
<EventData><Data Name="uValue">0</Data>
</EventData>
</Event>

<Event xmlns="http://schemas.microsoft.com/win/2004/08/events/event"><System><Provider Name="Microsoft-Windows-ServerManager-ManagementProvider" Guid="{c2e6d0d9-5df8-4c77-a82b-c96c84579543}"></Provider>
<EventID Qualifiers="">14</EventID>
<Version>0</Version>
<Level>4</Level>
<Task>6</Task>
<Opcode>1</Opcode>
<Keywords>0x8000000000000000</Keywords>
<TimeCreated SystemTime="2020-10-26 15:28:30.121744"></TimeCreated>
<EventRecordID>131</EventRecordID>
<Correlation ActivityID="{7bd3290a-b720-401a-a395-699f47dcb269}" RelatedActivityID=""></Correlation>
<Execution ProcessID="3152" ThreadID="3948"></Execution>
<Channel>Microsoft-Windows-ServerManager-MgmtProvider/Operational</Channel>
<Computer>WIN-PTFPHFCRDJ0</Computer>
<Security UserID="S-1-5-21-1152959844-3645458174-3779170896-1000"></Security>
</System>
<EventData></EventData>
</Event>

<Event xmlns="http://schemas.microsoft.com/win/2004/08/events/event"><System><Provider Name="Microsoft-Windows-ServerManager-ManagementProvider" Guid="{c2e6d0d9-5df8-4c77-a82b-c96c84579543}"></Provider>
<EventID Qualifiers="">70</EventID>
<Version>0</Version>
<Level>4</Level>
<Task>18</Task>
<Opcode>0</Opcode>
<Keywords>0x8000000000000000</Keywords>
<TimeCreated SystemTime="2020-10-26 15:28:30.288250"></TimeCreated>
<EventRecordID>132</EventRecordID>
<Correlation ActivityID="{ee9b5dfd-b5a5-49da-ad2b-6024029cce96}" RelatedActivityID=""></Correlation>
<Execution ProcessID="3152" ThreadID="3236"></Execution>
<Channel>Microsoft-Windows-ServerManager-MgmtProvider/Operational</Channel>
<Computer>WIN-PTFPHFCRDJ0</Computer>
<Security UserID="S-1-5-21-1152959844-3645458174-3779170896-1000"></Security>
</System>
<EventData><Data Name="uValue">0</Data>
</EventData>
</Event>

<Event xmlns="http://schemas.microsoft.com/win/2004/08/events/event"><System><Provider Name="Microsoft-Windows-ServerManager-ManagementProvider" Guid="{c2e6d0d9-5df8-4c77-a82b-c96c84579543}"></Provider>
<EventID Qualifiers="">15</EventID>
<Version>0</Version>
<Level>4</Level>
<Task>6</Task>
<Opcode>2</Opcode>
<Keywords>0x8000000000000000</Keywords>
<TimeCreated SystemTime="2020-10-26 15:28:30.886473"></TimeCreated>
<EventRecordID>133</EventRecordID>
<Correlation ActivityID="{7bd3290a-b720-401a-a395-699f47dcb269}" RelatedActivityID=""></Correlation>
<Execution ProcessID="3152" ThreadID="3948"></Execution>
<Channel>Microsoft-Windows-ServerManager-MgmtProvider/Operational</Channel>
<Computer>WIN-PTFPHFCRDJ0</Computer>
<Security UserID="S-1-5-21-1152959844-3645458174-3779170896-1000"></Security>
</System>
<EventData></EventData>
</Event>

<Event xmlns="http://schemas.microsoft.com/win/2004/08/events/event"><System><Provider Name="Microsoft-Windows-ServerManager-ManagementProvider" Guid="{c2e6d0d9-5df8-4c77-a82b-c96c84579543}"></Provider>
<EventID Qualifiers="">48</EventID>
<Version>0</Version>
<Level>4</Level>
<Task>14</Task>
<Opcode>0</Opcode>
<Keywords>0x8000000000000000</Keywords>
<TimeCreated SystemTime="2020-10-26 15:28:32.741982"></TimeCreated>
<EventRecordID>134</EventRecordID>
<Correlation ActivityID="{1bb1225d-2d50-4502-b459-dea3eadb8567}" RelatedActivityID=""></Correlation>
<Execution ProcessID="3152" ThreadID="140"></Execution>
<Channel>Microsoft-Windows-ServerManager-MgmtProvider/Operational</Channel>
<Computer>WIN-PTFPHFCRDJ0</Computer>
<Security UserID="S-1-5-21-1152959844-3645458174-3779170896-1000"></Security>
</System>
<EventData><Data Name="uValue">13</Data>
</EventData>
</Event>

<Event xmlns="http://schemas.microsoft.com/win/2004/08/events/event"><System><Provider Name="Microsoft-Windows-ServerManager-ManagementProvider" Guid="{c2e6d0d9-5df8-4c77-a82b-c96c84579543}"></Provider>
<EventID Qualifiers="">52</EventID>
<Version>0</Version>
<Level>4</Level>
<Task>15</Task>
<Opcode>0</Opcode>
<Keywords>0x8000000000000000</Keywords>
<TimeCreated SystemTime="2020-10-26 15:28:32.988634"></TimeCreated>
<EventRecordID>135</EventRecordID>
<Correlation ActivityID="{2e303a64-739e-453f-a24c-7fd6b161de48}" RelatedActivityID=""></Correlation>
<Execution ProcessID="3152" ThreadID="140"></Execution>
<Channel>Microsoft-Windows-ServerManager-MgmtProvider/Operational</Channel>
<Computer>WIN-PTFPHFCRDJ0</Computer>
<Security UserID="S-1-5-21-1152959844-3645458174-3779170896-1000"></Security>
</System>
<EventData><Data Name="uValue">4</Data>
</EventData>
</Event>

<Event xmlns="http://schemas.microsoft.com/win/2004/08/events/event"><System><Provider Name="Microsoft-Windows-ServerManager-ManagementProvider" Guid="{c2e6d0d9-5df8-4c77-a82b-c96c84579543}"></Provider>
<EventID Qualifiers="">62</EventID>
<Version>0</Version>
<Level>4</Level>
<Task>16</Task>
<Opcode>0</Opcode>
<Keywords>0x8000000000000000</Keywords>
<TimeCreated SystemTime="2020-10-26 15:28:33.519436"></TimeCreated>
<EventRecordID>136</EventRecordID>
<Correlation ActivityID="{c0d1b962-2f4f-4b3c-be44-677bb2077c98}" RelatedActivityID=""></Correlation>
<Execution ProcessID="3152" ThreadID="3236"></Execution>
<Channel>Microsoft-Windows-ServerManager-MgmtProvider/Operational</Channel>
<Computer>WIN-PTFPHFCRDJ0</Computer>
<Security UserID="S-1-5-21-1152959844-3645458174-3779170896-1000"></Security>
</System>
<EventData><Data Name="TotalXPaths">4</Data>
</EventData>
</Event>

<Event xmlns="http://schemas.microsoft.com/win/2004/08/events/event"><System><Provider Name="Microsoft-Windows-ServerManager-ManagementProvider" Guid="{c2e6d0d9-5df8-4c77-a82b-c96c84579543}"></Provider>
<EventID Qualifiers="">53</EventID>
<Version>0</Version>
<Level>4</Level>
<Task>15</Task>
<Opcode>0</Opcode>
<Keywords>0x8000000000000000</Keywords>
<TimeCreated SystemTime="2020-10-26 15:28:33.550718"></TimeCreated>
<EventRecordID>137</EventRecordID>
<Correlation ActivityID="{2e303a64-739e-453f-a24c-7fd6b161de48}" RelatedActivityID=""></Correlation>
<Execution ProcessID="3152" ThreadID="140"></Execution>
<Channel>Microsoft-Windows-ServerManager-MgmtProvider/Operational</Channel>
<Computer>WIN-PTFPHFCRDJ0</Computer>
<Security UserID="S-1-5-21-1152959844-3645458174-3779170896-1000"></Security>
</System>
<EventData><Data Name="uValue">17</Data>
</EventData>
</Event>

<Event xmlns="http://schemas.microsoft.com/win/2004/08/events/event"><System><Provider Name="Microsoft-Windows-ServerManager-ManagementProvider" Guid="{c2e6d0d9-5df8-4c77-a82b-c96c84579543}"></Provider>
<EventID Qualifiers="">85</EventID>
<Version>0</Version>
<Level>3</Level>
<Task>16</Task>
<Opcode>0</Opcode>
<Keywords>0x8000000000000000</Keywords>
<TimeCreated SystemTime="2020-10-26 15:28:33.564642"></TimeCreated>
<EventRecordID>138</EventRecordID>
<Correlation ActivityID="{c0d1b962-2f4f-4b3c-be44-677bb2077c98}" RelatedActivityID=""></Correlation>
<Execution ProcessID="3152" ThreadID="3236"></Execution>
<Channel>Microsoft-Windows-ServerManager-MgmtProvider/Operational</Channel>
<Computer>WIN-PTFPHFCRDJ0</Computer>
<Security UserID="S-1-5-21-1152959844-3645458174-3779170896-1000"></Security>
</System>
<EventData><Data Name="XPath">Microsoft/Windows/FileServices:$reports$\$latestreport$\Discovery.xml:$creationtime$</Data>
<Data Name="Error">0x00000002</Data>
<Data Name="LastError">0x00000003</Data>
</EventData>
</Event>

<Event xmlns="http://schemas.microsoft.com/win/2004/08/events/event"><System><Provider Name="Microsoft-Windows-ServerManager-ManagementProvider" Guid="{c2e6d0d9-5df8-4c77-a82b-c96c84579543}"></Provider>
<EventID Qualifiers="">85</EventID>
<Version>0</Version>
<Level>3</Level>
<Task>16</Task>
<Opcode>0</Opcode>
<Keywords>0x8000000000000000</Keywords>
<TimeCreated SystemTime="2020-10-26 15:28:33.566494"></TimeCreated>
<EventRecordID>139</EventRecordID>
<Correlation ActivityID="{c0d1b962-2f4f-4b3c-be44-677bb2077c98}" RelatedActivityID=""></Correlation>
<Execution ProcessID="3152" ThreadID="3236"></Execution>
<Channel>Microsoft-Windows-ServerManager-MgmtProvider/Operational</Channel>
<Computer>WIN-PTFPHFCRDJ0</Computer>
<Security UserID="S-1-5-21-1152959844-3645458174-3779170896-1000"></Security>
</System>
<EventData><Data Name="XPath">Microsoft/Windows/FileServices:$reports$\*\Result.xml:/ResultDatabase/Result</Data>
<Data Name="Error">0x0000001f</Data>
<Data Name="LastError">0x00000003</Data>
</EventData>
</Event>

<Event xmlns="http://schemas.microsoft.com/win/2004/08/events/event"><System><Provider Name="Microsoft-Windows-ServerManager-ManagementProvider" Guid="{c2e6d0d9-5df8-4c77-a82b-c96c84579543}"></Provider>
<EventID Qualifiers="">63</EventID>
<Version>0</Version>
<Level>4</Level>
<Task>16</Task>
<Opcode>0</Opcode>
<Keywords>0x8000000000000000</Keywords>
<TimeCreated SystemTime="2020-10-26 15:28:33.568857"></TimeCreated>
<EventRecordID>140</EventRecordID>
<Correlation ActivityID="{c0d1b962-2f4f-4b3c-be44-677bb2077c98}" RelatedActivityID=""></Correlation>
<Execution ProcessID="3152" ThreadID="3236"></Execution>
<Channel>Microsoft-Windows-ServerManager-MgmtProvider/Operational</Channel>
<Computer>WIN-PTFPHFCRDJ0</Computer>
<Security UserID="S-1-5-21-1152959844-3645458174-3779170896-1000"></Security>
</System>
<EventData><Data Name="ResultsReturned">4</Data>
</EventData>
</Event>

<Event xmlns="http://schemas.microsoft.com/win/2004/08/events/event"><System><Provider Name="Microsoft-Windows-ServerManager-ManagementProvider" Guid="{c2e6d0d9-5df8-4c77-a82b-c96c84579543}"></Provider>
<EventID Qualifiers="">2</EventID>
<Version>0</Version>
<Level>4</Level>
<Task>1</Task>
<Opcode>2</Opcode>
<Keywords>0x8000000000000000</Keywords>
<TimeCreated SystemTime="2020-10-26 15:29:18.907415"></TimeCreated>
<EventRecordID>141</EventRecordID>
<Correlation ActivityID="" RelatedActivityID=""></Correlation>
<Execution ProcessID="3152" ThreadID="3236"></Execution>
<Channel>Microsoft-Windows-ServerManager-MgmtProvider/Operational</Channel>
<Computer>WIN-PTFPHFCRDJ0</Computer>
<Security UserID="S-1-5-20"></Security>
</System>
<EventData></EventData>
</Event>

<Event xmlns="http://schemas.microsoft.com/win/2004/08/events/event"><System><Provider Name="Microsoft-Windows-ServerManager-ManagementProvider" Guid="{c2e6d0d9-5df8-4c77-a82b-c96c84579543}"></Provider>
<EventID Qualifiers="">1</EventID>
<Version>0</Version>
<Level>4</Level>
<Task>1</Task>
<Opcode>1</Opcode>
<Keywords>0x8000000000000000</Keywords>
<TimeCreated SystemTime="2020-10-27 02:10:32.409416"></TimeCreated>
<EventRecordID>142</EventRecordID>
<Correlation ActivityID="" RelatedActivityID=""></Correlation>
<Execution ProcessID="3104" ThreadID="1948"></Execution>
<Channel>Microsoft-Windows-ServerManager-MgmtProvider/Operational</Channel>
<Computer>WIN-PTFPHFCRDJ0</Computer>
<Security UserID="S-1-5-20"></Security>
</System>
<EventData></EventData>
</Event>

<Event xmlns="http://schemas.microsoft.com/win/2004/08/events/event"><System><Provider Name="Microsoft-Windows-ServerManager-ManagementProvider" Guid="{c2e6d0d9-5df8-4c77-a82b-c96c84579543}"></Provider>
<EventID Qualifiers="">41</EventID>
<Version>0</Version>
<Level>4</Level>
<Task>13</Task>
<Opcode>0</Opcode>
<Keywords>0x8000000000000000</Keywords>
<TimeCreated SystemTime="2020-10-27 02:10:32.431297"></TimeCreated>
<EventRecordID>143</EventRecordID>
<Correlation ActivityID="{2e46a4bf-f441-42a9-9e6c-c0ab7d442b58}" RelatedActivityID=""></Correlation>
<Execution ProcessID="3104" ThreadID="1948"></Execution>
<Channel>Microsoft-Windows-ServerManager-MgmtProvider/Operational</Channel>
<Computer>WIN-PTFPHFCRDJ0</Computer>
<Security UserID="S-1-5-21-1152959844-3645458174-3779170896-1000"></Security>
</System>
<EventData></EventData>
</Event>

<Event xmlns="http://schemas.microsoft.com/win/2004/08/events/event"><System><Provider Name="Microsoft-Windows-ServerManager-ManagementProvider" Guid="{c2e6d0d9-5df8-4c77-a82b-c96c84579543}"></Provider>
<EventID Qualifiers="">45</EventID>
<Version>0</Version>
<Level>3</Level>
<Task>13</Task>
<Opcode>0</Opcode>
<Keywords>0x8000000000000000</Keywords>
<TimeCreated SystemTime="2020-10-27 02:10:52.989065"></TimeCreated>
<EventRecordID>144</EventRecordID>
<Correlation ActivityID="{2e46a4bf-f441-42a9-9e6c-c0ab7d442b58}" RelatedActivityID=""></Correlation>
<Execution ProcessID="3104" ThreadID="1948"></Execution>
<Channel>Microsoft-Windows-ServerManager-MgmtProvider/Operational</Channel>
<Computer>WIN-PTFPHFCRDJ0</Computer>
<Security UserID="S-1-5-21-1152959844-3645458174-3779170896-1000"></Security>
</System>
<EventData><Data Name="Name">Microsoft-Windows-SPB-HIDI2C/Analytic</Data>
<Data Name="hResult">0x8007065b</Data>
<Data Name="hLastError">0x80070002</Data>
</EventData>
</Event>

<Event xmlns="http://schemas.microsoft.com/win/2004/08/events/event"><System><Provider Name="Microsoft-Windows-ServerManager-ManagementProvider" Guid="{c2e6d0d9-5df8-4c77-a82b-c96c84579543}"></Provider>
<EventID Qualifiers="">45</EventID>
<Version>0</Version>
<Level>3</Level>
<Task>13</Task>
<Opcode>0</Opcode>
<Keywords>0x8000000000000000</Keywords>
<TimeCreated SystemTime="2020-10-27 02:10:53.508215"></TimeCreated>
<EventRecordID>145</EventRecordID>
<Correlation ActivityID="{2e46a4bf-f441-42a9-9e6c-c0ab7d442b58}" RelatedActivityID=""></Correlation>
<Execution ProcessID="3104" ThreadID="1948"></Execution>
<Channel>Microsoft-Windows-ServerManager-MgmtProvider/Operational</Channel>
<Computer>WIN-PTFPHFCRDJ0</Computer>
<Security UserID="S-1-5-21-1152959844-3645458174-3779170896-1000"></Security>
</System>
<EventData><Data Name="Name">Microsoft-Windows-SystemSettingsThreshold/Debug</Data>
<Data Name="hResult">0x8007065b</Data>
<Data Name="hLastError">0x80070002</Data>
</EventData>
</Event>

<Event xmlns="http://schemas.microsoft.com/win/2004/08/events/event"><System><Provider Name="Microsoft-Windows-ServerManager-ManagementProvider" Guid="{c2e6d0d9-5df8-4c77-a82b-c96c84579543}"></Provider>
<EventID Qualifiers="">45</EventID>
<Version>0</Version>
<Level>3</Level>
<Task>13</Task>
<Opcode>0</Opcode>
<Keywords>0x8000000000000000</Keywords>
<TimeCreated SystemTime="2020-10-27 02:10:53.510206"></TimeCreated>
<EventRecordID>146</EventRecordID>
<Correlation ActivityID="{2e46a4bf-f441-42a9-9e6c-c0ab7d442b58}" RelatedActivityID=""></Correlation>
<Execution ProcessID="3104" ThreadID="1948"></Execution>
<Channel>Microsoft-Windows-ServerManager-MgmtProvider/Operational</Channel>
<Computer>WIN-PTFPHFCRDJ0</Computer>
<Security UserID="S-1-5-21-1152959844-3645458174-3779170896-1000"></Security>
</System>
<EventData><Data Name="Name">Microsoft-Windows-SystemSettingsThreshold/Diagnostic</Data>
<Data Name="hResult">0x8007065b</Data>
<Data Name="hLastError">0x80070002</Data>
</EventData>
</Event>

<Event xmlns="http://schemas.microsoft.com/win/2004/08/events/event"><System><Provider Name="Microsoft-Windows-ServerManager-ManagementProvider" Guid="{c2e6d0d9-5df8-4c77-a82b-c96c84579543}"></Provider>
<EventID Qualifiers="">45</EventID>
<Version>0</Version>
<Level>3</Level>
<Task>13</Task>
<Opcode>0</Opcode>
<Keywords>0x8000000000000000</Keywords>
<TimeCreated SystemTime="2020-10-27 02:10:53.512167"></TimeCreated>
<EventRecordID>147</EventRecordID>
<Correlation ActivityID="{2e46a4bf-f441-42a9-9e6c-c0ab7d442b58}" RelatedActivityID=""></Correlation>
<Execution ProcessID="3104" ThreadID="1948"></Execution>
<Channel>Microsoft-Windows-ServerManager-MgmtProvider/Operational</Channel>
<Computer>WIN-PTFPHFCRDJ0</Computer>
<Security UserID="S-1-5-21-1152959844-3645458174-3779170896-1000"></Security>
</System>
<EventData><Data Name="Name">Microsoft-Windows-SystemSettingsThreshold/Operational</Data>
<Data Name="hResult">0x8007065b</Data>
<Data Name="hLastError">0x80070002</Data>
</EventData>
</Event>

<Event xmlns="http://schemas.microsoft.com/win/2004/08/events/event"><System><Provider Name="Microsoft-Windows-ServerManager-ManagementProvider" Guid="{c2e6d0d9-5df8-4c77-a82b-c96c84579543}"></Provider>
<EventID Qualifiers="">45</EventID>
<Version>0</Version>
<Level>3</Level>
<Task>13</Task>
<Opcode>0</Opcode>
<Keywords>0x8000000000000000</Keywords>
<TimeCreated SystemTime="2020-10-27 02:10:55.995449"></TimeCreated>
<EventRecordID>148</EventRecordID>
<Correlation ActivityID="{2e46a4bf-f441-42a9-9e6c-c0ab7d442b58}" RelatedActivityID=""></Correlation>
<Execution ProcessID="3104" ThreadID="1948"></Execution>
<Channel>Microsoft-Windows-ServerManager-MgmtProvider/Operational</Channel>
<Computer>WIN-PTFPHFCRDJ0</Computer>
<Security UserID="S-1-5-21-1152959844-3645458174-3779170896-1000"></Security>
</System>
<EventData><Data Name="Name">NIS-Driver-WFP/Diagnostic</Data>
<Data Name="hResult">0x8007065b</Data>
<Data Name="hLastError">0x80070715</Data>
</EventData>
</Event>

<Event xmlns="http://schemas.microsoft.com/win/2004/08/events/event"><System><Provider Name="Microsoft-Windows-ServerManager-ManagementProvider" Guid="{c2e6d0d9-5df8-4c77-a82b-c96c84579543}"></Provider>
<EventID Qualifiers="">42</EventID>
<Version>0</Version>
<Level>4</Level>
<Task>13</Task>
<Opcode>0</Opcode>
<Keywords>0x8000000000000000</Keywords>
<TimeCreated SystemTime="2020-10-27 02:10:56.585939"></TimeCreated>
<EventRecordID>149</EventRecordID>
<Correlation ActivityID="{2e46a4bf-f441-42a9-9e6c-c0ab7d442b58}" RelatedActivityID=""></Correlation>
<Execution ProcessID="3104" ThreadID="1948"></Execution>
<Channel>Microsoft-Windows-ServerManager-MgmtProvider/Operational</Channel>
<Computer>WIN-PTFPHFCRDJ0</Computer>
<Security UserID="S-1-5-21-1152959844-3645458174-3779170896-1000"></Security>
</System>
<EventData></EventData>
</Event>

<Event xmlns="http://schemas.microsoft.com/win/2004/08/events/event"><System><Provider Name="Microsoft-Windows-ServerManager-ManagementProvider" Guid="{c2e6d0d9-5df8-4c77-a82b-c96c84579543}"></Provider>
<EventID Qualifiers="">47</EventID>
<Version>0</Version>
<Level>4</Level>
<Task>14</Task>
<Opcode>0</Opcode>
<Keywords>0x8000000000000000</Keywords>
<TimeCreated SystemTime="2020-10-27 02:10:56.604498"></TimeCreated>
<EventRecordID>150</EventRecordID>
<Correlation ActivityID="{6b6668c5-a076-48b4-93c4-248a42ecf19f}" RelatedActivityID=""></Correlation>
<Execution ProcessID="3104" ThreadID="1948"></Execution>
<Channel>Microsoft-Windows-ServerManager-MgmtProvider/Operational</Channel>
<Computer>WIN-PTFPHFCRDJ0</Computer>
<Security UserID="S-1-5-21-1152959844-3645458174-3779170896-1000"></Security>
</System>
<EventData><Data Name="uValue">2</Data>
</EventData>
</Event>

<Event xmlns="http://schemas.microsoft.com/win/2004/08/events/event"><System><Provider Name="Microsoft-Windows-ServerManager-ManagementProvider" Guid="{c2e6d0d9-5df8-4c77-a82b-c96c84579543}"></Provider>
<EventID Qualifiers="">69</EventID>
<Version>0</Version>
<Level>4</Level>
<Task>18</Task>
<Opcode>0</Opcode>
<Keywords>0x8000000000000000</Keywords>
<TimeCreated SystemTime="2020-10-27 02:10:56.606800"></TimeCreated>
<EventRecordID>151</EventRecordID>
<Correlation ActivityID="{65cff84e-ade2-454e-8333-66fdad6b6d63}" RelatedActivityID=""></Correlation>
<Execution ProcessID="3104" ThreadID="3996"></Execution>
<Channel>Microsoft-Windows-ServerManager-MgmtProvider/Operational</Channel>
<Computer>WIN-PTFPHFCRDJ0</Computer>
<Security UserID="S-1-5-21-1152959844-3645458174-3779170896-1000"></Security>
</System>
<EventData><Data Name="uValue">0</Data>
</EventData>
</Event>

<Event xmlns="http://schemas.microsoft.com/win/2004/08/events/event"><System><Provider Name="Microsoft-Windows-ServerManager-ManagementProvider" Guid="{c2e6d0d9-5df8-4c77-a82b-c96c84579543}"></Provider>
<EventID Qualifiers="">14</EventID>
<Version>0</Version>
<Level>4</Level>
<Task>6</Task>
<Opcode>1</Opcode>
<Keywords>0x8000000000000000</Keywords>
<TimeCreated SystemTime="2020-10-27 02:10:56.667318"></TimeCreated>
<EventRecordID>152</EventRecordID>
<Correlation ActivityID="{d3826368-ad76-437c-b9ef-a02916f83bf6}" RelatedActivityID=""></Correlation>
<Execution ProcessID="3104" ThreadID="3136"></Execution>
<Channel>Microsoft-Windows-ServerManager-MgmtProvider/Operational</Channel>
<Computer>WIN-PTFPHFCRDJ0</Computer>
<Security UserID="S-1-5-21-1152959844-3645458174-3779170896-1000"></Security>
</System>
<EventData></EventData>
</Event>

<Event xmlns="http://schemas.microsoft.com/win/2004/08/events/event"><System><Provider Name="Microsoft-Windows-ServerManager-ManagementProvider" Guid="{c2e6d0d9-5df8-4c77-a82b-c96c84579543}"></Provider>
<EventID Qualifiers="">70</EventID>
<Version>0</Version>
<Level>4</Level>
<Task>18</Task>
<Opcode>0</Opcode>
<Keywords>0x8000000000000000</Keywords>
<TimeCreated SystemTime="2020-10-27 02:10:56.761364"></TimeCreated>
<EventRecordID>153</EventRecordID>
<Correlation ActivityID="{65cff84e-ade2-454e-8333-66fdad6b6d63}" RelatedActivityID=""></Correlation>
<Execution ProcessID="3104" ThreadID="3996"></Execution>
<Channel>Microsoft-Windows-ServerManager-MgmtProvider/Operational</Channel>
<Computer>WIN-PTFPHFCRDJ0</Computer>
<Security UserID="S-1-5-21-1152959844-3645458174-3779170896-1000"></Security>
</System>
<EventData><Data Name="uValue">0</Data>
</EventData>
</Event>

<Event xmlns="http://schemas.microsoft.com/win/2004/08/events/event"><System><Provider Name="Microsoft-Windows-ServerManager-ManagementProvider" Guid="{c2e6d0d9-5df8-4c77-a82b-c96c84579543}"></Provider>
<EventID Qualifiers="">48</EventID>
<Version>0</Version>
<Level>4</Level>
<Task>14</Task>
<Opcode>0</Opcode>
<Keywords>0x8000000000000000</Keywords>
<TimeCreated SystemTime="2020-10-27 02:10:57.129301"></TimeCreated>
<EventRecordID>154</EventRecordID>
<Correlation ActivityID="{6b6668c5-a076-48b4-93c4-248a42ecf19f}" RelatedActivityID=""></Correlation>
<Execution ProcessID="3104" ThreadID="1948"></Execution>
<Channel>Microsoft-Windows-ServerManager-MgmtProvider/Operational</Channel>
<Computer>WIN-PTFPHFCRDJ0</Computer>
<Security UserID="S-1-5-21-1152959844-3645458174-3779170896-1000"></Security>
</System>
<EventData><Data Name="uValue">13</Data>
</EventData>
</Event>

<Event xmlns="http://schemas.microsoft.com/win/2004/08/events/event"><System><Provider Name="Microsoft-Windows-ServerManager-ManagementProvider" Guid="{c2e6d0d9-5df8-4c77-a82b-c96c84579543}"></Provider>
<EventID Qualifiers="">15</EventID>
<Version>0</Version>
<Level>4</Level>
<Task>6</Task>
<Opcode>2</Opcode>
<Keywords>0x8000000000000000</Keywords>
<TimeCreated SystemTime="2020-10-27 02:10:57.200306"></TimeCreated>
<EventRecordID>155</EventRecordID>
<Correlation ActivityID="{d3826368-ad76-437c-b9ef-a02916f83bf6}" RelatedActivityID=""></Correlation>
<Execution ProcessID="3104" ThreadID="3136"></Execution>
<Channel>Microsoft-Windows-ServerManager-MgmtProvider/Operational</Channel>
<Computer>WIN-PTFPHFCRDJ0</Computer>
<Security UserID="S-1-5-21-1152959844-3645458174-3779170896-1000"></Security>
</System>
<EventData></EventData>
</Event>

<Event xmlns="http://schemas.microsoft.com/win/2004/08/events/event"><System><Provider Name="Microsoft-Windows-ServerManager-ManagementProvider" Guid="{c2e6d0d9-5df8-4c77-a82b-c96c84579543}"></Provider>
<EventID Qualifiers="">52</EventID>
<Version>0</Version>
<Level>4</Level>
<Task>15</Task>
<Opcode>0</Opcode>
<Keywords>0x8000000000000000</Keywords>
<TimeCreated SystemTime="2020-10-27 02:10:57.896420"></TimeCreated>
<EventRecordID>156</EventRecordID>
<Correlation ActivityID="{c1d773ab-8207-4ae1-abdc-3be9678fc985}" RelatedActivityID=""></Correlation>
<Execution ProcessID="3104" ThreadID="3136"></Execution>
<Channel>Microsoft-Windows-ServerManager-MgmtProvider/Operational</Channel>
<Computer>WIN-PTFPHFCRDJ0</Computer>
<Security UserID="S-1-5-21-1152959844-3645458174-3779170896-1000"></Security>
</System>
<EventData><Data Name="uValue">4</Data>
</EventData>
</Event>

<Event xmlns="http://schemas.microsoft.com/win/2004/08/events/event"><System><Provider Name="Microsoft-Windows-ServerManager-ManagementProvider" Guid="{c2e6d0d9-5df8-4c77-a82b-c96c84579543}"></Provider>
<EventID Qualifiers="">62</EventID>
<Version>0</Version>
<Level>4</Level>
<Task>16</Task>
<Opcode>0</Opcode>
<Keywords>0x8000000000000000</Keywords>
<TimeCreated SystemTime="2020-10-27 02:10:58.653696"></TimeCreated>
<EventRecordID>157</EventRecordID>
<Correlation ActivityID="{f5d19567-d87a-4f70-9c1d-916a6c79f46f}" RelatedActivityID=""></Correlation>
<Execution ProcessID="3104" ThreadID="1948"></Execution>
<Channel>Microsoft-Windows-ServerManager-MgmtProvider/Operational</Channel>
<Computer>WIN-PTFPHFCRDJ0</Computer>
<Security UserID="S-1-5-21-1152959844-3645458174-3779170896-1000"></Security>
</System>
<EventData><Data Name="TotalXPaths">4</Data>
</EventData>
</Event>

<Event xmlns="http://schemas.microsoft.com/win/2004/08/events/event"><System><Provider Name="Microsoft-Windows-ServerManager-ManagementProvider" Guid="{c2e6d0d9-5df8-4c77-a82b-c96c84579543}"></Provider>
<EventID Qualifiers="">85</EventID>
<Version>0</Version>
<Level>3</Level>
<Task>16</Task>
<Opcode>0</Opcode>
<Keywords>0x8000000000000000</Keywords>
<TimeCreated SystemTime="2020-10-27 02:10:58.706259"></TimeCreated>
<EventRecordID>158</EventRecordID>
<Correlation ActivityID="{f5d19567-d87a-4f70-9c1d-916a6c79f46f}" RelatedActivityID=""></Correlation>
<Execution ProcessID="3104" ThreadID="1948"></Execution>
<Channel>Microsoft-Windows-ServerManager-MgmtProvider/Operational</Channel>
<Computer>WIN-PTFPHFCRDJ0</Computer>
<Security UserID="S-1-5-21-1152959844-3645458174-3779170896-1000"></Security>
</System>
<EventData><Data Name="XPath">Microsoft/Windows/FileServices:$reports$\$latestreport$\Discovery.xml:$creationtime$</Data>
<Data Name="Error">0x00000002</Data>
<Data Name="LastError">0x00000003</Data>
</EventData>
</Event>

<Event xmlns="http://schemas.microsoft.com/win/2004/08/events/event"><System><Provider Name="Microsoft-Windows-ServerManager-ManagementProvider" Guid="{c2e6d0d9-5df8-4c77-a82b-c96c84579543}"></Provider>
<EventID Qualifiers="">53</EventID>
<Version>0</Version>
<Level>4</Level>
<Task>15</Task>
<Opcode>0</Opcode>
<Keywords>0x8000000000000000</Keywords>
<TimeCreated SystemTime="2020-10-27 02:10:58.752041"></TimeCreated>
<EventRecordID>159</EventRecordID>
<Correlation ActivityID="{c1d773ab-8207-4ae1-abdc-3be9678fc985}" RelatedActivityID=""></Correlation>
<Execution ProcessID="3104" ThreadID="3136"></Execution>
<Channel>Microsoft-Windows-ServerManager-MgmtProvider/Operational</Channel>
<Computer>WIN-PTFPHFCRDJ0</Computer>
<Security UserID="S-1-5-21-1152959844-3645458174-3779170896-1000"></Security>
</System>
<EventData><Data Name="uValue">31</Data>
</EventData>
</Event>

<Event xmlns="http://schemas.microsoft.com/win/2004/08/events/event"><System><Provider Name="Microsoft-Windows-ServerManager-ManagementProvider" Guid="{c2e6d0d9-5df8-4c77-a82b-c96c84579543}"></Provider>
<EventID Qualifiers="">85</EventID>
<Version>0</Version>
<Level>3</Level>
<Task>16</Task>
<Opcode>0</Opcode>
<Keywords>0x8000000000000000</Keywords>
<TimeCreated SystemTime="2020-10-27 02:10:58.765583"></TimeCreated>
<EventRecordID>160</EventRecordID>
<Correlation ActivityID="{f5d19567-d87a-4f70-9c1d-916a6c79f46f}" RelatedActivityID=""></Correlation>
<Execution ProcessID="3104" ThreadID="1948"></Execution>
<Channel>Microsoft-Windows-ServerManager-MgmtProvider/Operational</Channel>
<Computer>WIN-PTFPHFCRDJ0</Computer>
<Security UserID="S-1-5-21-1152959844-3645458174-3779170896-1000"></Security>
</System>
<EventData><Data Name="XPath">Microsoft/Windows/FileServices:$reports$\*\Result.xml:/ResultDatabase/Result</Data>
<Data Name="Error">0x0000001f</Data>
<Data Name="LastError">0x00000003</Data>
</EventData>
</Event>

<Event xmlns="http://schemas.microsoft.com/win/2004/08/events/event"><System><Provider Name="Microsoft-Windows-ServerManager-ManagementProvider" Guid="{c2e6d0d9-5df8-4c77-a82b-c96c84579543}"></Provider>
<EventID Qualifiers="">63</EventID>
<Version>0</Version>
<Level>4</Level>
<Task>16</Task>
<Opcode>0</Opcode>
<Keywords>0x8000000000000000</Keywords>
<TimeCreated SystemTime="2020-10-27 02:10:58.939634"></TimeCreated>
<EventRecordID>161</EventRecordID>
<Correlation ActivityID="{f5d19567-d87a-4f70-9c1d-916a6c79f46f}" RelatedActivityID=""></Correlation>
<Execution ProcessID="3104" ThreadID="1948"></Execution>
<Channel>Microsoft-Windows-ServerManager-MgmtProvider/Operational</Channel>
<Computer>WIN-PTFPHFCRDJ0</Computer>
<Security UserID="S-1-5-21-1152959844-3645458174-3779170896-1000"></Security>
</System>
<EventData><Data Name="ResultsReturned">4</Data>
</EventData>
</Event>

<Event xmlns="http://schemas.microsoft.com/win/2004/08/events/event"><System><Provider Name="Microsoft-Windows-ServerManager-ManagementProvider" Guid="{c2e6d0d9-5df8-4c77-a82b-c96c84579543}"></Provider>
<EventID Qualifiers="">2</EventID>
<Version>0</Version>
<Level>4</Level>
<Task>1</Task>
<Opcode>2</Opcode>
<Keywords>0x8000000000000000</Keywords>
<TimeCreated SystemTime="2020-10-27 02:11:32.858274"></TimeCreated>
<EventRecordID>162</EventRecordID>
<Correlation ActivityID="" RelatedActivityID=""></Correlation>
<Execution ProcessID="3104" ThreadID="1948"></Execution>
<Channel>Microsoft-Windows-ServerManager-MgmtProvider/Operational</Channel>
<Computer>WIN-PTFPHFCRDJ0</Computer>
<Security UserID="S-1-5-20"></Security>
</System>
<EventData></EventData>
</Event>

</Events>
