<?xml version="1.1" encoding="utf-8" standalone="yes" ?>

<Events>
<Event xmlns="http://schemas.microsoft.com/win/2004/08/events/event"><System><Provider Name="Microsoft-Windows-Store" Guid="{9c2a37f3-e5fd-5cae-bcd1-43dafeee1ff0}"></Provider>
<EventID Qualifiers="">8000</EventID>
<Version>0</Version>
<Level>4</Level>
<Task>8000</Task>
<Opcode>0</Opcode>
<Keywords>0x8000100000000000</Keywords>
<TimeCreated SystemTime="2020-10-22 20:52:14.235811"></TimeCreated>
<EventRecordID>1</EventRecordID>
<Correlation ActivityID="" RelatedActivityID=""></Correlation>
<Execution ProcessID="1292" ThreadID="3028"></Execution>
<Channel>Microsoft-Windows-Store/Operational</Channel>
<Computer>WIN-PTFPHFCRDJ0</Computer>
<Security UserID="S-1-5-19"></Security>
</System>
<EventData><Data Name="Process Name">C:\Windows\system32\svchost.exe</Data>
<Data Name="Module Name">c:\windows\system32\LicenseManager.dll</Data>
<Data Name="Build Name">17763.1.amd64fre.rs5_release.180914-1434</Data>
</EventData>
</Event>

<Event xmlns="http://schemas.microsoft.com/win/2004/08/events/event"><System><Provider Name="Microsoft-Windows-Store" Guid="{9c2a37f3-e5fd-5cae-bcd1-43dafeee1ff0}"></Provider>
<EventID Qualifiers="">8001</EventID>
<Version>0</Version>
<Level>4</Level>
<Task>8001</Task>
<Opcode>14</Opcode>
<Keywords>0x8000100000000000</Keywords>
<TimeCreated SystemTime="2020-10-22 20:52:14.235994"></TimeCreated>
<EventRecordID>2</EventRecordID>
<Correlation ActivityID="" RelatedActivityID=""></Correlation>
<Execution ProcessID="1292" ThreadID="3028"></Execution>
<Channel>Microsoft-Windows-Store/Operational</Channel>
<Computer>WIN-PTFPHFCRDJ0</Computer>
<Security UserID="S-1-5-19"></Security>
</System>
<EventData><Data Name="Message">License Manager starting...</Data>
<Data Name="Function">ServiceInitializeImpl</Data>
<Data Name="Source">onecoreuap\enduser\winstore\licensemanager\lib\service.cpp</Data>
<Data Name="Line Number">1891</Data>
</EventData>
</Event>

<Event xmlns="http://schemas.microsoft.com/win/2004/08/events/event"><System><Provider Name="Microsoft-Windows-Store" Guid="{9c2a37f3-e5fd-5cae-bcd1-43dafeee1ff0}"></Provider>
<EventID Qualifiers="">8001</EventID>
<Version>0</Version>
<Level>4</Level>
<Task>8001</Task>
<Opcode>14</Opcode>
<Keywords>0x8000100000000000</Keywords>
<TimeCreated SystemTime="2020-10-22 20:52:14.236120"></TimeCreated>
<EventRecordID>3</EventRecordID>
<Correlation ActivityID="" RelatedActivityID=""></Correlation>
<Execution ProcessID="1292" ThreadID="3028"></Execution>
<Channel>Microsoft-Windows-Store/Operational</Channel>
<Computer>WIN-PTFPHFCRDJ0</Computer>
<Security UserID="S-1-5-19"></Security>
</System>
<EventData><Data Name="Message">Creating LM</Data>
<Data Name="Function">CreateLicenseManager</Data>
<Data Name="Source">onecoreuap\enduser\winstore\licensemanager\lib\manager.cpp</Data>
<Data Name="Line Number">572</Data>
</EventData>
</Event>

<Event xmlns="http://schemas.microsoft.com/win/2004/08/events/event"><System><Provider Name="Microsoft-Windows-Store" Guid="{9c2a37f3-e5fd-5cae-bcd1-43dafeee1ff0}"></Provider>
<EventID Qualifiers="">8001</EventID>
<Version>0</Version>
<Level>4</Level>
<Task>8001</Task>
<Opcode>14</Opcode>
<Keywords>0x8000100000000000</Keywords>
<TimeCreated SystemTime="2020-10-22 20:52:14.236181"></TimeCreated>
<EventRecordID>4</EventRecordID>
<Correlation ActivityID="" RelatedActivityID=""></Correlation>
<Execution ProcessID="1292" ThreadID="3028"></Execution>
<Channel>Microsoft-Windows-Store/Operational</Channel>
<Computer>WIN-PTFPHFCRDJ0</Computer>
<Security UserID="S-1-5-19"></Security>
</System>
<EventData><Data Name="Message">000001A58E8FBA80: Root Machine</Data>
<Data Name="Function">RootMachine::RootMachine</Data>
<Data Name="Source">onecoreuap\enduser\winstore\licensemanager\lib\rootmachine.cpp</Data>
<Data Name="Line Number">63</Data>
</EventData>
</Event>

<Event xmlns="http://schemas.microsoft.com/win/2004/08/events/event"><System><Provider Name="Microsoft-Windows-Store" Guid="{9c2a37f3-e5fd-5cae-bcd1-43dafeee1ff0}"></Provider>
<EventID Qualifiers="">8001</EventID>
<Version>0</Version>
<Level>4</Level>
<Task>8001</Task>
<Opcode>14</Opcode>
<Keywords>0x8000100000000000</Keywords>
<TimeCreated SystemTime="2020-10-22 20:52:14.236206"></TimeCreated>
<EventRecordID>5</EventRecordID>
<Correlation ActivityID="" RelatedActivityID=""></Correlation>
<Execution ProcessID="1292" ThreadID="3028"></Execution>
<Channel>Microsoft-Windows-Store/Operational</Channel>
<Computer>WIN-PTFPHFCRDJ0</Computer>
<Security UserID="S-1-5-19"></Security>
</System>
<EventData><Data Name="Message">License Manager started</Data>
<Data Name="Function">ServiceInitializeImpl</Data>
<Data Name="Source">onecoreuap\enduser\winstore\licensemanager\lib\service.cpp</Data>
<Data Name="Line Number">1912</Data>
</EventData>
</Event>

<Event xmlns="http://schemas.microsoft.com/win/2004/08/events/event"><System><Provider Name="Microsoft-Windows-Store" Guid="{9c2a37f3-e5fd-5cae-bcd1-43dafeee1ff0}"></Provider>
<EventID Qualifiers="">8001</EventID>
<Version>0</Version>
<Level>4</Level>
<Task>8001</Task>
<Opcode>14</Opcode>
<Keywords>0x8000100000000000</Keywords>
<TimeCreated SystemTime="2020-10-22 20:52:14.237055"></TimeCreated>
<EventRecordID>6</EventRecordID>
<Correlation ActivityID="" RelatedActivityID=""></Correlation>
<Execution ProcessID="1292" ThreadID="1848"></Execution>
<Channel>Microsoft-Windows-Store/Operational</Channel>
<Computer>WIN-PTFPHFCRDJ0</Computer>
<Security UserID="S-1-5-19"></Security>
</System>
<EventData><Data Name="Message">Wnf for device id change received</Data>
<Data Name="Function">WnfEventHandlerForDeviceIdChangeImpl</Data>
<Data Name="Source">onecoreuap\enduser\winstore\licensemanager\lib\service.cpp</Data>
<Data Name="Line Number">2415</Data>
</EventData>
</Event>

<Event xmlns="http://schemas.microsoft.com/win/2004/08/events/event"><System><Provider Name="Microsoft-Windows-Store" Guid="{9c2a37f3-e5fd-5cae-bcd1-43dafeee1ff0}"></Provider>
<EventID Qualifiers="">8001</EventID>
<Version>0</Version>
<Level>4</Level>
<Task>8001</Task>
<Opcode>14</Opcode>
<Keywords>0x8000100000000000</Keywords>
<TimeCreated SystemTime="2020-10-22 20:52:14.237082"></TimeCreated>
<EventRecordID>7</EventRecordID>
<Correlation ActivityID="" RelatedActivityID=""></Correlation>
<Execution ProcessID="1292" ThreadID="1848"></Execution>
<Channel>Microsoft-Windows-Store/Operational</Channel>
<Computer>WIN-PTFPHFCRDJ0</Computer>
<Security UserID="S-1-5-19"></Security>
</System>
<EventData><Data Name="Message">Refreshing licenses with quality 2130706432</Data>
<Data Name="Function">OneStoreApplicationLicenseManager::GetInstalledLicensesWithMinQuality</Data>
<Data Name="Source">onecoreuap\enduser\winstore\licensemanager\lib\onestoreapplicensemanager.cpp</Data>
<Data Name="Line Number">691</Data>
</EventData>
</Event>

<Event xmlns="http://schemas.microsoft.com/win/2004/08/events/event"><System><Provider Name="Microsoft-Windows-Store" Guid="{9c2a37f3-e5fd-5cae-bcd1-43dafeee1ff0}"></Provider>
<EventID Qualifiers="">8001</EventID>
<Version>0</Version>
<Level>4</Level>
<Task>8001</Task>
<Opcode>14</Opcode>
<Keywords>0x8000100000000000</Keywords>
<TimeCreated SystemTime="2020-10-22 20:52:14.238728"></TimeCreated>
<EventRecordID>8</EventRecordID>
<Correlation ActivityID="" RelatedActivityID=""></Correlation>
<Execution ProcessID="1292" ThreadID="1848"></Execution>
<Channel>Microsoft-Windows-Store/Operational</Channel>
<Computer>WIN-PTFPHFCRDJ0</Computer>
<Security UserID="S-1-5-19"></Security>
</System>
<EventData><Data Name="Message">Network connectivity level initialized to 0x3</Data>
<Data Name="Function">NetworkStatusMonitor::Initialize</Data>
<Data Name="Source">onecoreuap\enduser\winstore\licensemanager\lib\networkstatusmonitor.cpp</Data>
<Data Name="Line Number">56</Data>
</EventData>
</Event>

<Event xmlns="http://schemas.microsoft.com/win/2004/08/events/event"><System><Provider Name="Microsoft-Windows-Store" Guid="{9c2a37f3-e5fd-5cae-bcd1-43dafeee1ff0}"></Provider>
<EventID Qualifiers="">8002</EventID>
<Version>0</Version>
<Level>3</Level>
<Task>8001</Task>
<Opcode>13</Opcode>
<Keywords>0x8000100000000000</Keywords>
<TimeCreated SystemTime="2020-10-22 20:52:14.238739"></TimeCreated>
<EventRecordID>9</EventRecordID>
<Correlation ActivityID="" RelatedActivityID=""></Correlation>
<Execution ProcessID="1292" ThreadID="1848"></Execution>
<Channel>Microsoft-Windows-Store/Operational</Channel>
<Computer>WIN-PTFPHFCRDJ0</Computer>
<Security UserID="S-1-5-19"></Security>
</System>
<EventData><Data Name="Message">Capturing identity for LocalService, this probably isn't intended</Data>
<Data Name="Function">StoredIdentity::StoredIdentity</Data>
<Data Name="Source">onecoreuap\enduser\winstore\licensemanager\lib\identity.cpp</Data>
<Data Name="Line Number">538</Data>
</EventData>
</Event>

<Event xmlns="http://schemas.microsoft.com/win/2004/08/events/event"><System><Provider Name="Microsoft-Windows-Store" Guid="{9c2a37f3-e5fd-5cae-bcd1-43dafeee1ff0}"></Provider>
<EventID Qualifiers="">8000</EventID>
<Version>0</Version>
<Level>4</Level>
<Task>8000</Task>
<Opcode>0</Opcode>
<Keywords>0x8000100000000000</Keywords>
<TimeCreated SystemTime="2020-10-22 20:52:39.343546"></TimeCreated>
<EventRecordID>10</EventRecordID>
<Correlation ActivityID="" RelatedActivityID=""></Correlation>
<Execution ProcessID="3412" ThreadID="3440"></Execution>
<Channel>Microsoft-Windows-Store/Operational</Channel>
<Computer>WIN-PTFPHFCRDJ0</Computer>
<Security UserID="S-1-5-21-1152959844-3645458174-3779170896-1000"></Security>
</System>
<EventData><Data Name="Process Name">C:\Windows\System32\sihost.exe</Data>
<Data Name="Module Name">C:\Windows\SYSTEM32\licensemanagerapi.dll</Data>
<Data Name="Build Name">17763.1.amd64fre.rs5_release.180914-1434</Data>
</EventData>
</Event>

<Event xmlns="http://schemas.microsoft.com/win/2004/08/events/event"><System><Provider Name="Microsoft-Windows-Store" Guid="{9c2a37f3-e5fd-5cae-bcd1-43dafeee1ff0}"></Provider>
<EventID Qualifiers="">8000</EventID>
<Version>0</Version>
<Level>4</Level>
<Task>8000</Task>
<Opcode>0</Opcode>
<Keywords>0x8000100000000000</Keywords>
<TimeCreated SystemTime="2020-10-22 20:52:39.412306"></TimeCreated>
<EventRecordID>11</EventRecordID>
<Correlation ActivityID="" RelatedActivityID=""></Correlation>
<Execution ProcessID="948" ThreadID="1524"></Execution>
<Channel>Microsoft-Windows-Store/Operational</Channel>
<Computer>WIN-PTFPHFCRDJ0</Computer>
<Security UserID="S-1-5-21-1152959844-3645458174-3779170896-1000"></Security>
</System>
<EventData><Data Name="Process Name">C:\Windows\system32\svchost.exe</Data>
<Data Name="Module Name">C:\Windows\SYSTEM32\licensemanagerapi.dll</Data>
<Data Name="Build Name">17763.1.amd64fre.rs5_release.180914-1434</Data>
</EventData>
</Event>

<Event xmlns="http://schemas.microsoft.com/win/2004/08/events/event"><System><Provider Name="Microsoft-Windows-Store" Guid="{9c2a37f3-e5fd-5cae-bcd1-43dafeee1ff0}"></Provider>
<EventID Qualifiers="">8001</EventID>
<Version>0</Version>
<Level>4</Level>
<Task>8001</Task>
<Opcode>14</Opcode>
<Keywords>0x8000100000000000</Keywords>
<TimeCreated SystemTime="2020-10-22 20:52:56.185314"></TimeCreated>
<EventRecordID>12</EventRecordID>
<Correlation ActivityID="" RelatedActivityID=""></Correlation>
<Execution ProcessID="1292" ThreadID="1516"></Execution>
<Channel>Microsoft-Windows-Store/Operational</Channel>
<Computer>WIN-PTFPHFCRDJ0</Computer>
<Security UserID="S-1-5-21-1152959844-3645458174-3779170896-1000"></Security>
</System>
<EventData><Data Name="Message">Licensing content ddc422e2-1615-e74d-228f-268b3376a5b5</Data>
<Data Name="Function">OneStoreApplicationLicenseManager::ActivateLicenseForContent</Data>
<Data Name="Source">onecoreuap\enduser\winstore\licensemanager\lib\onestoreapplicensemanager.cpp</Data>
<Data Name="Line Number">402</Data>
</EventData>
</Event>

<Event xmlns="http://schemas.microsoft.com/win/2004/08/events/event"><System><Provider Name="Microsoft-Windows-Store" Guid="{9c2a37f3-e5fd-5cae-bcd1-43dafeee1ff0}"></Provider>
<EventID Qualifiers="">8001</EventID>
<Version>0</Version>
<Level>4</Level>
<Task>8001</Task>
<Opcode>14</Opcode>
<Keywords>0x8000100000000000</Keywords>
<TimeCreated SystemTime="2020-10-22 20:52:56.185318"></TimeCreated>
<EventRecordID>13</EventRecordID>
<Correlation ActivityID="" RelatedActivityID=""></Correlation>
<Execution ProcessID="1292" ThreadID="1516"></Execution>
<Channel>Microsoft-Windows-Store/Operational</Channel>
<Computer>WIN-PTFPHFCRDJ0</Computer>
<Security UserID="S-1-5-21-1152959844-3645458174-3779170896-1000"></Security>
</System>
<EventData><Data Name="Message">Licensing ddc422e2-1615-e74d-228f-268b3376a5b5 (Active)</Data>
<Data Name="Function">LicenseManager::LicenseContentWithId</Data>
<Data Name="Source">onecoreuap\enduser\winstore\licensemanager\lib\manager.cpp</Data>
<Data Name="Line Number">81</Data>
</EventData>
</Event>

<Event xmlns="http://schemas.microsoft.com/win/2004/08/events/event"><System><Provider Name="Microsoft-Windows-Store" Guid="{9c2a37f3-e5fd-5cae-bcd1-43dafeee1ff0}"></Provider>
<EventID Qualifiers="">8011</EventID>
<Version>0</Version>
<Level>5</Level>
<Task>8002</Task>
<Opcode>16</Opcode>
<Keywords>0x8000200000000000</Keywords>
<TimeCreated SystemTime="2020-10-22 20:52:56.186155"></TimeCreated>
<EventRecordID>14</EventRecordID>
<Correlation ActivityID="" RelatedActivityID=""></Correlation>
<Execution ProcessID="1292" ThreadID="1848"></Execution>
<Channel>Microsoft-Windows-Store/Operational</Channel>
<Computer>WIN-PTFPHFCRDJ0</Computer>
<Security UserID="S-1-5-19"></Security>
</System>
<EventData><Data Name="State Machine">0x000001a58e8fba98</Data>
<Data Name="Thread ID">1848</Data>
<Data Name="State Machine Name">RootMachine</Data>
<Data Name="Event Name">Root:Connect</Data>
<Data Name="Current State">Root:Initial</Data>
</EventData>
</Event>

<Event xmlns="http://schemas.microsoft.com/win/2004/08/events/event"><System><Provider Name="Microsoft-Windows-Store" Guid="{9c2a37f3-e5fd-5cae-bcd1-43dafeee1ff0}"></Provider>
<EventID Qualifiers="">8001</EventID>
<Version>0</Version>
<Level>4</Level>
<Task>8001</Task>
<Opcode>14</Opcode>
<Keywords>0x8000100000000000</Keywords>
<TimeCreated SystemTime="2020-10-22 20:52:56.186440"></TimeCreated>
<EventRecordID>15</EventRecordID>
<Correlation ActivityID="" RelatedActivityID=""></Correlation>
<Execution ProcessID="1292" ThreadID="1516"></Execution>
<Channel>Microsoft-Windows-Store/Operational</Channel>
<Computer>WIN-PTFPHFCRDJ0</Computer>
<Security UserID="S-1-5-21-1152959844-3645458174-3779170896-1000"></Security>
</System>
<EventData><Data Name="Message">000001A58FE47010: Key Machine for content: ddc422e2-1615-e74d-228f-268b3376a5b5</Data>
<Data Name="Function">KeyMachine::KeyMachine</Data>
<Data Name="Source">onecoreuap\enduser\winstore\licensemanager\lib\keymachine.cpp</Data>
<Data Name="Line Number">95</Data>
</EventData>
</Event>

<Event xmlns="http://schemas.microsoft.com/win/2004/08/events/event"><System><Provider Name="Microsoft-Windows-Store" Guid="{9c2a37f3-e5fd-5cae-bcd1-43dafeee1ff0}"></Provider>
<EventID Qualifiers="">8001</EventID>
<Version>0</Version>
<Level>4</Level>
<Task>8001</Task>
<Opcode>14</Opcode>
<Keywords>0x8000100000000000</Keywords>
<TimeCreated SystemTime="2020-10-22 20:52:56.186462"></TimeCreated>
<EventRecordID>16</EventRecordID>
<Correlation ActivityID="" RelatedActivityID=""></Correlation>
<Execution ProcessID="1292" ThreadID="1848"></Execution>
<Channel>Microsoft-Windows-Store/Operational</Channel>
<Computer>WIN-PTFPHFCRDJ0</Computer>
<Security UserID="S-1-5-19"></Security>
</System>
<EventData><Data Name="Message">000001A58E8FBA80: BeginRootLicense</Data>
<Data Name="Function">RootMachine::DoBeginRootLicense</Data>
<Data Name="Source">onecoreuap\enduser\winstore\licensemanager\lib\rootmachine.cpp</Data>
<Data Name="Line Number">201</Data>
</EventData>
</Event>

<Event xmlns="http://schemas.microsoft.com/win/2004/08/events/event"><System><Provider Name="Microsoft-Windows-Store" Guid="{9c2a37f3-e5fd-5cae-bcd1-43dafeee1ff0}"></Provider>
<EventID Qualifiers="">8012</EventID>
<Version>0</Version>
<Level>5</Level>
<Task>8002</Task>
<Opcode>17</Opcode>
<Keywords>0x8000200000000000</Keywords>
<TimeCreated SystemTime="2020-10-22 20:52:56.186464"></TimeCreated>
<EventRecordID>17</EventRecordID>
<Correlation ActivityID="" RelatedActivityID=""></Correlation>
<Execution ProcessID="1292" ThreadID="1848"></Execution>
<Channel>Microsoft-Windows-Store/Operational</Channel>
<Computer>WIN-PTFPHFCRDJ0</Computer>
<Security UserID="S-1-5-19"></Security>
</System>
<EventData><Data Name="State Machine">0x000001a58e8fba98</Data>
<Data Name="Thread ID">1848</Data>
<Data Name="State Machine Name">Root:Initial</Data>
<Data Name="Current State">Root:Negotiating</Data>
<Data Name="New State">RootMachine</Data>
</EventData>
</Event>

<Event xmlns="http://schemas.microsoft.com/win/2004/08/events/event"><System><Provider Name="Microsoft-Windows-Store" Guid="{9c2a37f3-e5fd-5cae-bcd1-43dafeee1ff0}"></Provider>
<EventID Qualifiers="">8011</EventID>
<Version>0</Version>
<Level>5</Level>
<Task>8002</Task>
<Opcode>16</Opcode>
<Keywords>0x8000200000000000</Keywords>
<TimeCreated SystemTime="2020-10-22 20:52:56.186472"></TimeCreated>
<EventRecordID>18</EventRecordID>
<Correlation ActivityID="" RelatedActivityID=""></Correlation>
<Execution ProcessID="1292" ThreadID="1868"></Execution>
<Channel>Microsoft-Windows-Store/Operational</Channel>
<Computer>WIN-PTFPHFCRDJ0</Computer>
<Security UserID="S-1-5-19"></Security>
</System>
<EventData><Data Name="State Machine">0x000001a58fe47030</Data>
<Data Name="Thread ID">1868</Data>
<Data Name="State Machine Name">ddc422e2-1615-e74d-228f-268b3376a5b5</Data>
<Data Name="Event Name">Key:Activate</Data>
<Data Name="Current State">Key:Initial</Data>
</EventData>
</Event>

<Event xmlns="http://schemas.microsoft.com/win/2004/08/events/event"><System><Provider Name="Microsoft-Windows-Store" Guid="{9c2a37f3-e5fd-5cae-bcd1-43dafeee1ff0}"></Provider>
<EventID Qualifiers="">8001</EventID>
<Version>0</Version>
<Level>4</Level>
<Task>8001</Task>
<Opcode>14</Opcode>
<Keywords>0x8000100000000000</Keywords>
<TimeCreated SystemTime="2020-10-22 20:52:56.186474"></TimeCreated>
<EventRecordID>19</EventRecordID>
<Correlation ActivityID="" RelatedActivityID=""></Correlation>
<Execution ProcessID="1292" ThreadID="1868"></Execution>
<Channel>Microsoft-Windows-Store/Operational</Channel>
<Computer>WIN-PTFPHFCRDJ0</Computer>
<Security UserID="S-1-5-19"></Security>
</System>
<EventData><Data Name="Message">000001A58FE47010: BeginLicense: Operation 3, CachedLeaseOK true, RequireServiceValidation false</Data>
<Data Name="Function">KeyMachine::DoBeginLicense</Data>
<Data Name="Source">onecoreuap\enduser\winstore\licensemanager\lib\keymachine.cpp</Data>
<Data Name="Line Number">806</Data>
</EventData>
</Event>

<Event xmlns="http://schemas.microsoft.com/win/2004/08/events/event"><System><Provider Name="Microsoft-Windows-Store" Guid="{9c2a37f3-e5fd-5cae-bcd1-43dafeee1ff0}"></Provider>
<EventID Qualifiers="">8012</EventID>
<Version>0</Version>
<Level>5</Level>
<Task>8002</Task>
<Opcode>17</Opcode>
<Keywords>0x8000200000000000</Keywords>
<TimeCreated SystemTime="2020-10-22 20:52:56.186476"></TimeCreated>
<EventRecordID>20</EventRecordID>
<Correlation ActivityID="" RelatedActivityID=""></Correlation>
<Execution ProcessID="1292" ThreadID="1868"></Execution>
<Channel>Microsoft-Windows-Store/Operational</Channel>
<Computer>WIN-PTFPHFCRDJ0</Computer>
<Security UserID="S-1-5-19"></Security>
</System>
<EventData><Data Name="State Machine">0x000001a58fe47030</Data>
<Data Name="Thread ID">1868</Data>
<Data Name="State Machine Name">Key:Initial</Data>
<Data Name="Current State">Key:NegotiatingUnleased</Data>
<Data Name="New State">ddc422e2-1615-e74d-228f-268b3376a5b5</Data>
</EventData>
</Event>

<Event xmlns="http://schemas.microsoft.com/win/2004/08/events/event"><System><Provider Name="Microsoft-Windows-Store" Guid="{9c2a37f3-e5fd-5cae-bcd1-43dafeee1ff0}"></Provider>
<EventID Qualifiers="">8011</EventID>
<Version>0</Version>
<Level>5</Level>
<Task>8002</Task>
<Opcode>16</Opcode>
<Keywords>0x8000200000000000</Keywords>
<TimeCreated SystemTime="2020-10-22 20:52:56.186476"></TimeCreated>
<EventRecordID>21</EventRecordID>
<Correlation ActivityID="" RelatedActivityID=""></Correlation>
<Execution ProcessID="1292" ThreadID="1868"></Execution>
<Channel>Microsoft-Windows-Store/Operational</Channel>
<Computer>WIN-PTFPHFCRDJ0</Computer>
<Security UserID="S-1-5-19"></Security>
</System>
<EventData><Data Name="State Machine">0x000001a58fe47030</Data>
<Data Name="Thread ID">1868</Data>
<Data Name="State Machine Name">ddc422e2-1615-e74d-228f-268b3376a5b5</Data>
<Data Name="Event Name">Key:Activate</Data>
<Data Name="Current State">Key:NegotiatingUnleased</Data>
</EventData>
</Event>

<Event xmlns="http://schemas.microsoft.com/win/2004/08/events/event"><System><Provider Name="Microsoft-Windows-Store" Guid="{9c2a37f3-e5fd-5cae-bcd1-43dafeee1ff0}"></Provider>
<EventID Qualifiers="">8011</EventID>
<Version>0</Version>
<Level>5</Level>
<Task>8002</Task>
<Opcode>16</Opcode>
<Keywords>0x8000200000000000</Keywords>
<TimeCreated SystemTime="2020-10-22 20:52:56.186697"></TimeCreated>
<EventRecordID>22</EventRecordID>
<Correlation ActivityID="" RelatedActivityID=""></Correlation>
<Execution ProcessID="1292" ThreadID="1532"></Execution>
<Channel>Microsoft-Windows-Store/Operational</Channel>
<Computer>WIN-PTFPHFCRDJ0</Computer>
<Security UserID="S-1-5-19"></Security>
</System>
<EventData><Data Name="State Machine">0x000001a58e8fba98</Data>
<Data Name="Thread ID">1532</Data>
<Data Name="State Machine Name">RootMachine</Data>
<Data Name="Event Name">Root:@LicenseDone</Data>
<Data Name="Current State">Root:Negotiating</Data>
</EventData>
</Event>

<Event xmlns="http://schemas.microsoft.com/win/2004/08/events/event"><System><Provider Name="Microsoft-Windows-Store" Guid="{9c2a37f3-e5fd-5cae-bcd1-43dafeee1ff0}"></Provider>
<EventID Qualifiers="">8012</EventID>
<Version>0</Version>
<Level>5</Level>
<Task>8002</Task>
<Opcode>17</Opcode>
<Keywords>0x8000200000000000</Keywords>
<TimeCreated SystemTime="2020-10-22 20:52:56.186699"></TimeCreated>
<EventRecordID>23</EventRecordID>
<Correlation ActivityID="" RelatedActivityID=""></Correlation>
<Execution ProcessID="1292" ThreadID="1532"></Execution>
<Channel>Microsoft-Windows-Store/Operational</Channel>
<Computer>WIN-PTFPHFCRDJ0</Computer>
<Security UserID="S-1-5-19"></Security>
</System>
<EventData><Data Name="State Machine">0x000001a58e8fba98</Data>
<Data Name="Thread ID">1532</Data>
<Data Name="State Machine Name">Root:Negotiating</Data>
<Data Name="Current State">Root:Valid</Data>
<Data Name="New State">RootMachine</Data>
</EventData>
</Event>

<Event xmlns="http://schemas.microsoft.com/win/2004/08/events/event"><System><Provider Name="Microsoft-Windows-Store" Guid="{9c2a37f3-e5fd-5cae-bcd1-43dafeee1ff0}"></Provider>
<EventID Qualifiers="">8001</EventID>
<Version>0</Version>
<Level>4</Level>
<Task>8001</Task>
<Opcode>14</Opcode>
<Keywords>0x8000100000000000</Keywords>
<TimeCreated SystemTime="2020-10-22 20:52:56.188137"></TimeCreated>
<EventRecordID>24</EventRecordID>
<Correlation ActivityID="" RelatedActivityID=""></Correlation>
<Execution ProcessID="1292" ThreadID="1868"></Execution>
<Channel>Microsoft-Windows-Store/Operational</Channel>
<Computer>WIN-PTFPHFCRDJ0</Computer>
<Security UserID="S-1-5-21-1152959844-3645458174-3779170896-1000"></Security>
</System>
<EventData><Data Name="Message">No key document found for contentid ddc422e2-1615-e74d-228f-268b3376a5b5</Data>
<Data Name="Function">ClipStorage::GetKeyDocumentForContentWithIdAndMinQuality</Data>
<Data Name="Source">onecoreuap\enduser\winstore\licensemanager\lib\clipstorage.cpp</Data>
<Data Name="Line Number">269</Data>
</EventData>
</Event>

<Event xmlns="http://schemas.microsoft.com/win/2004/08/events/event"><System><Provider Name="Microsoft-Windows-Store" Guid="{9c2a37f3-e5fd-5cae-bcd1-43dafeee1ff0}"></Provider>
<EventID Qualifiers="">8001</EventID>
<Version>0</Version>
<Level>4</Level>
<Task>8001</Task>
<Opcode>14</Opcode>
<Keywords>0x8000100000000000</Keywords>
<TimeCreated SystemTime="2020-10-22 20:53:01.435175"></TimeCreated>
<EventRecordID>25</EventRecordID>
<Correlation ActivityID="" RelatedActivityID=""></Correlation>
<Execution ProcessID="1292" ThreadID="1644"></Execution>
<Channel>Microsoft-Windows-Store/Operational</Channel>
<Computer>WIN-PTFPHFCRDJ0</Computer>
<Security UserID="S-1-5-19"></Security>
</System>
<EventData><Data Name="Message">Getting user tickets for S-1-5-21-1152959844-3645458174-3779170896-1000</Data>
<Data Name="Function">SingleUserStoredIdentitySnapshot::CaptureIdentity</Data>
<Data Name="Source">onecoreuap\enduser\winstore\licensemanager\lib\identity.cpp</Data>
<Data Name="Line Number">350</Data>
</EventData>
</Event>

<Event xmlns="http://schemas.microsoft.com/win/2004/08/events/event"><System><Provider Name="Microsoft-Windows-Store" Guid="{9c2a37f3-e5fd-5cae-bcd1-43dafeee1ff0}"></Provider>
<EventID Qualifiers="">8001</EventID>
<Version>0</Version>
<Level>4</Level>
<Task>8001</Task>
<Opcode>14</Opcode>
<Keywords>0x8000100000000000</Keywords>
<TimeCreated SystemTime="2020-10-22 20:53:01.506998"></TimeCreated>
<EventRecordID>26</EventRecordID>
<Correlation ActivityID="" RelatedActivityID=""></Correlation>
<Execution ProcessID="1292" ThreadID="1644"></Execution>
<Channel>Microsoft-Windows-Store/Operational</Channel>
<Computer>WIN-PTFPHFCRDJ0</Computer>
<Security UserID="S-1-5-21-1152959844-3645458174-3779170896-1000"></Security>
</System>
<EventData><Data Name="Message">hr: 0x80070002</Data>
<Data Name="Function">WinStoreAuth::AuthenticationInternal::FetchStoreAccountIdFromRegistry</Data>
<Data Name="Source">\winstoreauth.cpp</Data>
<Data Name="Line Number">1163</Data>
</EventData>
</Event>

<Event xmlns="http://schemas.microsoft.com/win/2004/08/events/event"><System><Provider Name="Microsoft-Windows-Store" Guid="{9c2a37f3-e5fd-5cae-bcd1-43dafeee1ff0}"></Provider>
<EventID Qualifiers="">8002</EventID>
<Version>0</Version>
<Level>3</Level>
<Task>8001</Task>
<Opcode>13</Opcode>
<Keywords>0x8000100000000000</Keywords>
<TimeCreated SystemTime="2020-10-22 20:53:01.514881"></TimeCreated>
<EventRecordID>27</EventRecordID>
<Correlation ActivityID="" RelatedActivityID=""></Correlation>
<Execution ProcessID="1292" ThreadID="1644"></Execution>
<Channel>Microsoft-Windows-Store/Operational</Channel>
<Computer>WIN-PTFPHFCRDJ0</Computer>
<Security UserID="S-1-5-21-1152959844-3645458174-3779170896-1000"></Security>
</System>
<EventData><Data Name="Message">hr: 0x80070525</Data>
<Data Name="Function">WaitForOperation</Data>
<Data Name="Source">onecoreuap\enduser\winstore\licensemanager\inc\util.h</Data>
<Data Name="Line Number">294</Data>
</EventData>
</Event>

<Event xmlns="http://schemas.microsoft.com/win/2004/08/events/event"><System><Provider Name="Microsoft-Windows-Store" Guid="{9c2a37f3-e5fd-5cae-bcd1-43dafeee1ff0}"></Provider>
<EventID Qualifiers="">8002</EventID>
<Version>0</Version>
<Level>3</Level>
<Task>8001</Task>
<Opcode>13</Opcode>
<Keywords>0x8000100000000000</Keywords>
<TimeCreated SystemTime="2020-10-22 20:53:01.525763"></TimeCreated>
<EventRecordID>28</EventRecordID>
<Correlation ActivityID="" RelatedActivityID=""></Correlation>
<Execution ProcessID="1292" ThreadID="1644"></Execution>
<Channel>Microsoft-Windows-Store/Operational</Channel>
<Computer>WIN-PTFPHFCRDJ0</Computer>
<Security UserID="S-1-5-21-1152959844-3645458174-3779170896-1000"></Security>
</System>
<EventData><Data Name="Message">No authenticated user, no ticket. (0x80070525)</Data>
<Data Name="Function">CaptureLegacyMSATicket</Data>
<Data Name="Source">onecoreuap\enduser\winstore\licensemanager\lib\identity.cpp</Data>
<Data Name="Line Number">125</Data>
</EventData>
</Event>

<Event xmlns="http://schemas.microsoft.com/win/2004/08/events/event"><System><Provider Name="Microsoft-Windows-Store" Guid="{9c2a37f3-e5fd-5cae-bcd1-43dafeee1ff0}"></Provider>
<EventID Qualifiers="">8002</EventID>
<Version>0</Version>
<Level>3</Level>
<Task>8001</Task>
<Opcode>13</Opcode>
<Keywords>0x8000100000000000</Keywords>
<TimeCreated SystemTime="2020-10-22 20:53:01.525770"></TimeCreated>
<EventRecordID>29</EventRecordID>
<Correlation ActivityID="" RelatedActivityID=""></Correlation>
<Execution ProcessID="1292" ThreadID="1644"></Execution>
<Channel>Microsoft-Windows-Store/Operational</Channel>
<Computer>WIN-PTFPHFCRDJ0</Computer>
<Security UserID="S-1-5-19"></Security>
</System>
<EventData><Data Name="Message">No user tickets captured for S-1-5-21-1152959844-3645458174-3779170896-1000, so this might not end well.</Data>
<Data Name="Function">SingleUserStoredIdentitySnapshot::CaptureIdentity</Data>
<Data Name="Source">onecoreuap\enduser\winstore\licensemanager\lib\identity.cpp</Data>
<Data Name="Line Number">416</Data>
</EventData>
</Event>

<Event xmlns="http://schemas.microsoft.com/win/2004/08/events/event"><System><Provider Name="Microsoft-Windows-Store" Guid="{9c2a37f3-e5fd-5cae-bcd1-43dafeee1ff0}"></Provider>
<EventID Qualifiers="">8001</EventID>
<Version>0</Version>
<Level>4</Level>
<Task>8001</Task>
<Opcode>14</Opcode>
<Keywords>0x8000100000000000</Keywords>
<TimeCreated SystemTime="2020-10-22 20:53:01.536566"></TimeCreated>
<EventRecordID>30</EventRecordID>
<Correlation ActivityID="" RelatedActivityID=""></Correlation>
<Execution ProcessID="1292" ThreadID="1868"></Execution>
<Channel>Microsoft-Windows-Store/Operational</Channel>
<Computer>WIN-PTFPHFCRDJ0</Computer>
<Security UserID="S-1-5-19"></Security>
</System>
<EventData><Data Name="Message">Requesting license for ddc422e2-1615-e74d-228f-268b3376a5b5 at /v7.0/licenses/content (https://licensing.mp.microsoft.com) (Corr: /6EI7eMFvkW1GY3B.1)</Data>
<Data Name="Function">LicenseProxyService::DoRequestLicense</Data>
<Data Name="Source">onecoreuap\enduser\winstore\licensemanager\lib\proxy.cpp</Data>
<Data Name="Line Number">1960</Data>
</EventData>
</Event>

<Event xmlns="http://schemas.microsoft.com/win/2004/08/events/event"><System><Provider Name="Microsoft-Windows-Store" Guid="{9c2a37f3-e5fd-5cae-bcd1-43dafeee1ff0}"></Provider>
<EventID Qualifiers="">8003</EventID>
<Version>0</Version>
<Level>2</Level>
<Task>8001</Task>
<Opcode>12</Opcode>
<Keywords>0x8000100000000000</Keywords>
<TimeCreated SystemTime="2020-10-22 20:53:02.504477"></TimeCreated>
<EventRecordID>31</EventRecordID>
<Correlation ActivityID="" RelatedActivityID=""></Correlation>
<Execution ProcessID="1292" ThreadID="1868"></Execution>
<Channel>Microsoft-Windows-Store/Operational</Channel>
<Computer>WIN-PTFPHFCRDJ0</Computer>
<Security UserID="S-1-5-19"></Security>
</System>
<EventData><Data Name="Message">Service Fault: status: 400 code: ContentIdNotInCatalog: description: The requested content id could not be found in the catalog. data: ["ddc422e2-1615-e74d-228f-268b3376a5b5"] (Corr: /6EI7eMFvkW1GY3B.1, Svr: 14)</Data>
<Data Name="Function">LogServiceFault</Data>
<Data Name="Source">onecoreuap\enduser\winstore\licensemanager\lib\telemetry.cpp</Data>
<Data Name="Line Number">100</Data>
</EventData>
</Event>

<Event xmlns="http://schemas.microsoft.com/win/2004/08/events/event"><System><Provider Name="Microsoft-Windows-Store" Guid="{9c2a37f3-e5fd-5cae-bcd1-43dafeee1ff0}"></Provider>
<EventID Qualifiers="">8002</EventID>
<Version>0</Version>
<Level>3</Level>
<Task>8001</Task>
<Opcode>13</Opcode>
<Keywords>0x8000100000000000</Keywords>
<TimeCreated SystemTime="2020-10-22 20:53:02.504534"></TimeCreated>
<EventRecordID>32</EventRecordID>
<Correlation ActivityID="" RelatedActivityID=""></Correlation>
<Execution ProcessID="1292" ThreadID="1868"></Execution>
<Channel>Microsoft-Windows-Store/Operational</Channel>
<Computer>WIN-PTFPHFCRDJ0</Computer>
<Security UserID="S-1-5-19"></Security>
</System>
<EventData><Data Name="Message">hr: 0x87e10bc6</Data>
<Data Name="Function">LicenseProxyService::DoRequestLicense</Data>
<Data Name="Source">onecoreuap\enduser\winstore\licensemanager\lib\proxy.cpp</Data>
<Data Name="Line Number">1974</Data>
</EventData>
</Event>

<Event xmlns="http://schemas.microsoft.com/win/2004/08/events/event"><System><Provider Name="Microsoft-Windows-Store" Guid="{9c2a37f3-e5fd-5cae-bcd1-43dafeee1ff0}"></Provider>
<EventID Qualifiers="">8001</EventID>
<Version>0</Version>
<Level>4</Level>
<Task>8001</Task>
<Opcode>14</Opcode>
<Keywords>0x8000100000000000</Keywords>
<TimeCreated SystemTime="2020-10-22 20:53:02.505125"></TimeCreated>
<EventRecordID>33</EventRecordID>
<Correlation ActivityID="" RelatedActivityID=""></Correlation>
<Execution ProcessID="1292" ThreadID="1868"></Execution>
<Channel>Microsoft-Windows-Store/Operational</Channel>
<Computer>WIN-PTFPHFCRDJ0</Computer>
<Security UserID="S-1-5-19"></Security>
</System>
<EventData><Data Name="Message">onecoreuap\enduser\winstore\licensemanager\lib\proxy.cpp(1974)\LicenseManager.dll!00007FF91342B908: Exception(2) tid(74c) 87E10BC6     [LicenseProxyService::DoRequestLicense]
</Data>
<Data Name="Function">LicenseProxyService::RequestLicenseForContentWithId</Data>
<Data Name="Source">onecoreuap\enduser\winstore\licensemanager\lib\proxy.cpp</Data>
<Data Name="Line Number">343</Data>
</EventData>
</Event>

<Event xmlns="http://schemas.microsoft.com/win/2004/08/events/event"><System><Provider Name="Microsoft-Windows-Store" Guid="{9c2a37f3-e5fd-5cae-bcd1-43dafeee1ff0}"></Provider>
<EventID Qualifiers="">8002</EventID>
<Version>0</Version>
<Level>3</Level>
<Task>8001</Task>
<Opcode>13</Opcode>
<Keywords>0x8000100000000000</Keywords>
<TimeCreated SystemTime="2020-10-22 20:53:02.505133"></TimeCreated>
<EventRecordID>34</EventRecordID>
<Correlation ActivityID="" RelatedActivityID=""></Correlation>
<Execution ProcessID="1292" ThreadID="1868"></Execution>
<Channel>Microsoft-Windows-Store/Operational</Channel>
<Computer>WIN-PTFPHFCRDJ0</Computer>
<Security UserID="S-1-5-19"></Security>
</System>
<EventData><Data Name="Message">hr: 0x87e10bc6</Data>
<Data Name="Function">LicenseManagerCore::RequestLicenseForContentWithId</Data>
<Data Name="Source">onecoreuap\enduser\winstore\licensemanager\lib\managercore.cpp</Data>
<Data Name="Line Number">1863</Data>
</EventData>
</Event>

<Event xmlns="http://schemas.microsoft.com/win/2004/08/events/event"><System><Provider Name="Microsoft-Windows-Store" Guid="{9c2a37f3-e5fd-5cae-bcd1-43dafeee1ff0}"></Provider>
<EventID Qualifiers="">8001</EventID>
<Version>0</Version>
<Level>4</Level>
<Task>8001</Task>
<Opcode>14</Opcode>
<Keywords>0x8000100000000000</Keywords>
<TimeCreated SystemTime="2020-10-22 20:53:02.505377"></TimeCreated>
<EventRecordID>35</EventRecordID>
<Correlation ActivityID="" RelatedActivityID=""></Correlation>
<Execution ProcessID="1292" ThreadID="1868"></Execution>
<Channel>Microsoft-Windows-Store/Operational</Channel>
<Computer>WIN-PTFPHFCRDJ0</Computer>
<Security UserID="S-1-5-19"></Security>
</System>
<EventData><Data Name="Message">onecoreuap\enduser\winstore\licensemanager\lib\managercore.cpp(1863)\LicenseManager.dll!00007FF91342D6D3: Exception(3) tid(74c) 87E10BC6     [LicenseManagerCore::RequestLicenseForContentWithId]
</Data>
<Data Name="Function">KeyMachine::DoLicenseThreadProc</Data>
<Data Name="Source">onecoreuap\enduser\winstore\licensemanager\lib\keymachine.cpp</Data>
<Data Name="Line Number">967</Data>
</EventData>
</Event>

<Event xmlns="http://schemas.microsoft.com/win/2004/08/events/event"><System><Provider Name="Microsoft-Windows-Store" Guid="{9c2a37f3-e5fd-5cae-bcd1-43dafeee1ff0}"></Provider>
<EventID Qualifiers="">8011</EventID>
<Version>0</Version>
<Level>5</Level>
<Task>8002</Task>
<Opcode>16</Opcode>
<Keywords>0x8000200000000000</Keywords>
<TimeCreated SystemTime="2020-10-22 20:53:02.505415"></TimeCreated>
<EventRecordID>36</EventRecordID>
<Correlation ActivityID="" RelatedActivityID=""></Correlation>
<Execution ProcessID="1292" ThreadID="1868"></Execution>
<Channel>Microsoft-Windows-Store/Operational</Channel>
<Computer>WIN-PTFPHFCRDJ0</Computer>
<Security UserID="S-1-5-19"></Security>
</System>
<EventData><Data Name="State Machine">0x000001a58fe47030</Data>
<Data Name="Thread ID">1868</Data>
<Data Name="State Machine Name">ddc422e2-1615-e74d-228f-268b3376a5b5</Data>
<Data Name="Event Name">Key:@LicenseDone</Data>
<Data Name="Current State">Key:NegotiatingUnleased</Data>
</EventData>
</Event>

<Event xmlns="http://schemas.microsoft.com/win/2004/08/events/event"><System><Provider Name="Microsoft-Windows-Store" Guid="{9c2a37f3-e5fd-5cae-bcd1-43dafeee1ff0}"></Provider>
<EventID Qualifiers="">8012</EventID>
<Version>0</Version>
<Level>5</Level>
<Task>8002</Task>
<Opcode>17</Opcode>
<Keywords>0x8000200000000000</Keywords>
<TimeCreated SystemTime="2020-10-22 20:53:02.505493"></TimeCreated>
<EventRecordID>37</EventRecordID>
<Correlation ActivityID="" RelatedActivityID=""></Correlation>
<Execution ProcessID="1292" ThreadID="1868"></Execution>
<Channel>Microsoft-Windows-Store/Operational</Channel>
<Computer>WIN-PTFPHFCRDJ0</Computer>
<Security UserID="S-1-5-19"></Security>
</System>
<EventData><Data Name="State Machine">0x000001a58fe47030</Data>
<Data Name="Thread ID">1868</Data>
<Data Name="State Machine Name">Key:NegotiatingUnleased</Data>
<Data Name="Current State">Key:Initial</Data>
<Data Name="New State">ddc422e2-1615-e74d-228f-268b3376a5b5</Data>
</EventData>
</Event>

<Event xmlns="http://schemas.microsoft.com/win/2004/08/events/event"><System><Provider Name="Microsoft-Windows-Store" Guid="{9c2a37f3-e5fd-5cae-bcd1-43dafeee1ff0}"></Provider>
<EventID Qualifiers="">8002</EventID>
<Version>0</Version>
<Level>3</Level>
<Task>8001</Task>
<Opcode>13</Opcode>
<Keywords>0x8000100000000000</Keywords>
<TimeCreated SystemTime="2020-10-22 20:53:02.505600"></TimeCreated>
<EventRecordID>38</EventRecordID>
<Correlation ActivityID="" RelatedActivityID=""></Correlation>
<Execution ProcessID="1292" ThreadID="1516"></Execution>
<Channel>Microsoft-Windows-Store/Operational</Channel>
<Computer>WIN-PTFPHFCRDJ0</Computer>
<Security UserID="S-1-5-21-1152959844-3645458174-3779170896-1000"></Security>
</System>
<EventData><Data Name="Message">hr: 0x87e10bc6</Data>
<Data Name="Function">LicenseCallback::WaitForComplete</Data>
<Data Name="Source">onecoreuap\enduser\winstore\licensemanager\lib\managercore.cpp</Data>
<Data Name="Line Number">171</Data>
</EventData>
</Event>

<Event xmlns="http://schemas.microsoft.com/win/2004/08/events/event"><System><Provider Name="Microsoft-Windows-Store" Guid="{9c2a37f3-e5fd-5cae-bcd1-43dafeee1ff0}"></Provider>
<EventID Qualifiers="">8002</EventID>
<Version>0</Version>
<Level>3</Level>
<Task>8001</Task>
<Opcode>13</Opcode>
<Keywords>0x8000100000000000</Keywords>
<TimeCreated SystemTime="2020-10-22 20:53:02.505630"></TimeCreated>
<EventRecordID>39</EventRecordID>
<Correlation ActivityID="" RelatedActivityID=""></Correlation>
<Execution ProcessID="1292" ThreadID="1516"></Execution>
<Channel>Microsoft-Windows-Store/Operational</Channel>
<Computer>WIN-PTFPHFCRDJ0</Computer>
<Security UserID="S-1-5-21-1152959844-3645458174-3779170896-1000"></Security>
</System>
<EventData><Data Name="Message">hr: 0x87e10bc6</Data>
<Data Name="Function">ApplicationLicenseManager::ActivateLicenseForContent</Data>
<Data Name="Source">onecoreuap\enduser\winstore\licensemanager\lib\applicensemanager.cpp</Data>
<Data Name="Line Number">373</Data>
</EventData>
</Event>

<Event xmlns="http://schemas.microsoft.com/win/2004/08/events/event"><System><Provider Name="Microsoft-Windows-Store" Guid="{9c2a37f3-e5fd-5cae-bcd1-43dafeee1ff0}"></Provider>
<EventID Qualifiers="">8011</EventID>
<Version>0</Version>
<Level>5</Level>
<Task>8002</Task>
<Opcode>16</Opcode>
<Keywords>0x8000200000000000</Keywords>
<TimeCreated SystemTime="2020-10-22 20:53:02.505751"></TimeCreated>
<EventRecordID>40</EventRecordID>
<Correlation ActivityID="" RelatedActivityID=""></Correlation>
<Execution ProcessID="1292" ThreadID="1180"></Execution>
<Channel>Microsoft-Windows-Store/Operational</Channel>
<Computer>WIN-PTFPHFCRDJ0</Computer>
<Security UserID="S-1-5-19"></Security>
</System>
<EventData><Data Name="State Machine">0x000001a58fe47030</Data>
<Data Name="Thread ID">1180</Data>
<Data Name="State Machine Name">ddc422e2-1615-e74d-228f-268b3376a5b5</Data>
<Data Name="Event Name">Key:Unregistered</Data>
<Data Name="Current State">Key:Initial</Data>
</EventData>
</Event>

<Event xmlns="http://schemas.microsoft.com/win/2004/08/events/event"><System><Provider Name="Microsoft-Windows-Store" Guid="{9c2a37f3-e5fd-5cae-bcd1-43dafeee1ff0}"></Provider>
<EventID Qualifiers="">8012</EventID>
<Version>0</Version>
<Level>5</Level>
<Task>8002</Task>
<Opcode>17</Opcode>
<Keywords>0x8000200000000000</Keywords>
<TimeCreated SystemTime="2020-10-22 20:53:02.505751"></TimeCreated>
<EventRecordID>41</EventRecordID>
<Correlation ActivityID="" RelatedActivityID=""></Correlation>
<Execution ProcessID="1292" ThreadID="1180"></Execution>
<Channel>Microsoft-Windows-Store/Operational</Channel>
<Computer>WIN-PTFPHFCRDJ0</Computer>
<Security UserID="S-1-5-19"></Security>
</System>
<EventData><Data Name="State Machine">0x000001a58fe47030</Data>
<Data Name="Thread ID">1180</Data>
<Data Name="State Machine Name">Key:Initial</Data>
<Data Name="Current State">Key:Invalid</Data>
<Data Name="New State">ddc422e2-1615-e74d-228f-268b3376a5b5</Data>
</EventData>
</Event>

<Event xmlns="http://schemas.microsoft.com/win/2004/08/events/event"><System><Provider Name="Microsoft-Windows-Store" Guid="{9c2a37f3-e5fd-5cae-bcd1-43dafeee1ff0}"></Provider>
<EventID Qualifiers="">8001</EventID>
<Version>0</Version>
<Level>4</Level>
<Task>8001</Task>
<Opcode>14</Opcode>
<Keywords>0x8000100000000000</Keywords>
<TimeCreated SystemTime="2020-10-22 20:53:02.505869"></TimeCreated>
<EventRecordID>42</EventRecordID>
<Correlation ActivityID="" RelatedActivityID=""></Correlation>
<Execution ProcessID="1292" ThreadID="1516"></Execution>
<Channel>Microsoft-Windows-Store/Operational</Channel>
<Computer>WIN-PTFPHFCRDJ0</Computer>
<Security UserID="S-1-5-19"></Security>
</System>
<EventData><Data Name="Message">onecoreuap\enduser\winstore\licensemanager\lib\applicensemanager.cpp(373)\LicenseManager.dll!00007FF91346F1EF: Exception(5) tid(5ec) 87E10BC6     [ApplicationLicenseManager::ActivateLicenseForContent]
</Data>
<Data Name="Function">ApplicationLicenseManager::ActivateLicenseForContent</Data>
<Data Name="Source">onecoreuap\enduser\winstore\licensemanager\lib\applicensemanager.cpp</Data>
<Data Name="Line Number">376</Data>
</EventData>
</Event>

<Event xmlns="http://schemas.microsoft.com/win/2004/08/events/event"><System><Provider Name="Microsoft-Windows-Store" Guid="{9c2a37f3-e5fd-5cae-bcd1-43dafeee1ff0}"></Provider>
<EventID Qualifiers="">8000</EventID>
<Version>0</Version>
<Level>4</Level>
<Task>8000</Task>
<Opcode>0</Opcode>
<Keywords>0x8000100000000000</Keywords>
<TimeCreated SystemTime="2020-10-22 20:57:23.946234"></TimeCreated>
<EventRecordID>43</EventRecordID>
<Correlation ActivityID="" RelatedActivityID=""></Correlation>
<Execution ProcessID="1236" ThreadID="2940"></Execution>
<Channel>Microsoft-Windows-Store/Operational</Channel>
<Computer>WIN-PTFPHFCRDJ0</Computer>
<Security UserID="S-1-5-19"></Security>
</System>
<EventData><Data Name="Process Name">C:\Windows\system32\svchost.exe</Data>
<Data Name="Module Name">c:\windows\system32\LicenseManager.dll</Data>
<Data Name="Build Name">17763.1.amd64fre.rs5_release.180914-1434</Data>
</EventData>
</Event>

<Event xmlns="http://schemas.microsoft.com/win/2004/08/events/event"><System><Provider Name="Microsoft-Windows-Store" Guid="{9c2a37f3-e5fd-5cae-bcd1-43dafeee1ff0}"></Provider>
<EventID Qualifiers="">8001</EventID>
<Version>0</Version>
<Level>4</Level>
<Task>8001</Task>
<Opcode>14</Opcode>
<Keywords>0x8000100000000000</Keywords>
<TimeCreated SystemTime="2020-10-22 20:57:23.946554"></TimeCreated>
<EventRecordID>44</EventRecordID>
<Correlation ActivityID="" RelatedActivityID=""></Correlation>
<Execution ProcessID="1236" ThreadID="2940"></Execution>
<Channel>Microsoft-Windows-Store/Operational</Channel>
<Computer>WIN-PTFPHFCRDJ0</Computer>
<Security UserID="S-1-5-19"></Security>
</System>
<EventData><Data Name="Message">License Manager starting...</Data>
<Data Name="Function">ServiceInitializeImpl</Data>
<Data Name="Source">onecoreuap\enduser\winstore\licensemanager\lib\service.cpp</Data>
<Data Name="Line Number">1891</Data>
</EventData>
</Event>

<Event xmlns="http://schemas.microsoft.com/win/2004/08/events/event"><System><Provider Name="Microsoft-Windows-Store" Guid="{9c2a37f3-e5fd-5cae-bcd1-43dafeee1ff0}"></Provider>
<EventID Qualifiers="">8001</EventID>
<Version>0</Version>
<Level>4</Level>
<Task>8001</Task>
<Opcode>14</Opcode>
<Keywords>0x8000100000000000</Keywords>
<TimeCreated SystemTime="2020-10-22 20:57:23.946812"></TimeCreated>
<EventRecordID>45</EventRecordID>
<Correlation ActivityID="" RelatedActivityID=""></Correlation>
<Execution ProcessID="1236" ThreadID="2940"></Execution>
<Channel>Microsoft-Windows-Store/Operational</Channel>
<Computer>WIN-PTFPHFCRDJ0</Computer>
<Security UserID="S-1-5-19"></Security>
</System>
<EventData><Data Name="Message">Creating LM</Data>
<Data Name="Function">CreateLicenseManager</Data>
<Data Name="Source">onecoreuap\enduser\winstore\licensemanager\lib\manager.cpp</Data>
<Data Name="Line Number">572</Data>
</EventData>
</Event>

<Event xmlns="http://schemas.microsoft.com/win/2004/08/events/event"><System><Provider Name="Microsoft-Windows-Store" Guid="{9c2a37f3-e5fd-5cae-bcd1-43dafeee1ff0}"></Provider>
<EventID Qualifiers="">8001</EventID>
<Version>0</Version>
<Level>4</Level>
<Task>8001</Task>
<Opcode>14</Opcode>
<Keywords>0x8000100000000000</Keywords>
<TimeCreated SystemTime="2020-10-22 20:57:23.947338"></TimeCreated>
<EventRecordID>46</EventRecordID>
<Correlation ActivityID="" RelatedActivityID=""></Correlation>
<Execution ProcessID="1236" ThreadID="2940"></Execution>
<Channel>Microsoft-Windows-Store/Operational</Channel>
<Computer>WIN-PTFPHFCRDJ0</Computer>
<Security UserID="S-1-5-19"></Security>
</System>
<EventData><Data Name="Message">0000019E8DE05C30: Root Machine</Data>
<Data Name="Function">RootMachine::RootMachine</Data>
<Data Name="Source">onecoreuap\enduser\winstore\licensemanager\lib\rootmachine.cpp</Data>
<Data Name="Line Number">63</Data>
</EventData>
</Event>

<Event xmlns="http://schemas.microsoft.com/win/2004/08/events/event"><System><Provider Name="Microsoft-Windows-Store" Guid="{9c2a37f3-e5fd-5cae-bcd1-43dafeee1ff0}"></Provider>
<EventID Qualifiers="">8001</EventID>
<Version>0</Version>
<Level>4</Level>
<Task>8001</Task>
<Opcode>14</Opcode>
<Keywords>0x8000100000000000</Keywords>
<TimeCreated SystemTime="2020-10-22 20:57:23.947428"></TimeCreated>
<EventRecordID>47</EventRecordID>
<Correlation ActivityID="" RelatedActivityID=""></Correlation>
<Execution ProcessID="1236" ThreadID="2940"></Execution>
<Channel>Microsoft-Windows-Store/Operational</Channel>
<Computer>WIN-PTFPHFCRDJ0</Computer>
<Security UserID="S-1-5-19"></Security>
</System>
<EventData><Data Name="Message">License Manager started</Data>
<Data Name="Function">ServiceInitializeImpl</Data>
<Data Name="Source">onecoreuap\enduser\winstore\licensemanager\lib\service.cpp</Data>
<Data Name="Line Number">1912</Data>
</EventData>
</Event>

<Event xmlns="http://schemas.microsoft.com/win/2004/08/events/event"><System><Provider Name="Microsoft-Windows-Store" Guid="{9c2a37f3-e5fd-5cae-bcd1-43dafeee1ff0}"></Provider>
<EventID Qualifiers="">8001</EventID>
<Version>0</Version>
<Level>4</Level>
<Task>8001</Task>
<Opcode>14</Opcode>
<Keywords>0x8000100000000000</Keywords>
<TimeCreated SystemTime="2020-10-22 20:57:23.951506"></TimeCreated>
<EventRecordID>48</EventRecordID>
<Correlation ActivityID="" RelatedActivityID=""></Correlation>
<Execution ProcessID="1236" ThreadID="1740"></Execution>
<Channel>Microsoft-Windows-Store/Operational</Channel>
<Computer>WIN-PTFPHFCRDJ0</Computer>
<Security UserID="S-1-5-20"></Security>
</System>
<EventData><Data Name="Message">Licensing content ddc422e2-1615-e74d-228f-268b3376a5b5</Data>
<Data Name="Function">OneStoreApplicationLicenseManager::ActivateLicenseForContent</Data>
<Data Name="Source">onecoreuap\enduser\winstore\licensemanager\lib\onestoreapplicensemanager.cpp</Data>
<Data Name="Line Number">402</Data>
</EventData>
</Event>

<Event xmlns="http://schemas.microsoft.com/win/2004/08/events/event"><System><Provider Name="Microsoft-Windows-Store" Guid="{9c2a37f3-e5fd-5cae-bcd1-43dafeee1ff0}"></Provider>
<EventID Qualifiers="">8001</EventID>
<Version>0</Version>
<Level>4</Level>
<Task>8001</Task>
<Opcode>14</Opcode>
<Keywords>0x8000100000000000</Keywords>
<TimeCreated SystemTime="2020-10-22 20:57:23.951506"></TimeCreated>
<EventRecordID>49</EventRecordID>
<Correlation ActivityID="" RelatedActivityID=""></Correlation>
<Execution ProcessID="1236" ThreadID="1740"></Execution>
<Channel>Microsoft-Windows-Store/Operational</Channel>
<Computer>WIN-PTFPHFCRDJ0</Computer>
<Security UserID="S-1-5-20"></Security>
</System>
<EventData><Data Name="Message">Licensing ddc422e2-1615-e74d-228f-268b3376a5b5 (Active)</Data>
<Data Name="Function">LicenseManager::LicenseContentWithId</Data>
<Data Name="Source">onecoreuap\enduser\winstore\licensemanager\lib\manager.cpp</Data>
<Data Name="Line Number">81</Data>
</EventData>
</Event>

