<?xml version="1.1" encoding="utf-8" standalone="yes" ?>

<Events>
<Event xmlns="http://schemas.microsoft.com/win/2004/08/events/event"><System><Provider Name="Microsoft-Windows-TaskScheduler" Guid="{de7b24ea-73c8-4a09-985d-5bdadcfa9017}"></Provider>
<EventID Qualifiers="">808</EventID>
<Version>0</Version>
<Level>3</Level>
<Task>808</Task>
<Opcode>0</Opcode>
<Keywords>0x0800000000000000</Keywords>
<TimeCreated SystemTime="2020-10-23 09:21:23.913179"></TimeCreated>
<EventRecordID>1</EventRecordID>
<Correlation ActivityID="" RelatedActivityID=""></Correlation>
<Execution ProcessID="788" ThreadID="664"></Execution>
<Channel>Microsoft-Windows-TaskScheduler/Maintenance</Channel>
<Computer>WIN-PTFPHFCRDJ0</Computer>
<Security UserID="S-1-5-18"></Security>
</System>
<EventData Name="MaintenanceTaskWakeupRequested"><Data Name="Task">NT TASK\Microsoft\Windows\.NET Framework\.NET Framework NGEN v4.0.30319 Critical</Data>
</EventData>
</Event>

<Event xmlns="http://schemas.microsoft.com/win/2004/08/events/event"><System><Provider Name="Microsoft-Windows-TaskScheduler" Guid="{de7b24ea-73c8-4a09-985d-5bdadcfa9017}"></Provider>
<EventID Qualifiers="">808</EventID>
<Version>0</Version>
<Level>3</Level>
<Task>808</Task>
<Opcode>0</Opcode>
<Keywords>0x0800000000000000</Keywords>
<TimeCreated SystemTime="2020-10-23 09:21:24.340937"></TimeCreated>
<EventRecordID>2</EventRecordID>
<Correlation ActivityID="" RelatedActivityID=""></Correlation>
<Execution ProcessID="788" ThreadID="664"></Execution>
<Channel>Microsoft-Windows-TaskScheduler/Maintenance</Channel>
<Computer>WIN-PTFPHFCRDJ0</Computer>
<Security UserID="S-1-5-18"></Security>
</System>
<EventData Name="MaintenanceTaskWakeupRequested"><Data Name="Task">NT TASK\Microsoft\Windows\.NET Framework\.NET Framework NGEN v4.0.30319 Critical</Data>
</EventData>
</Event>

<Event xmlns="http://schemas.microsoft.com/win/2004/08/events/event"><System><Provider Name="Microsoft-Windows-TaskScheduler" Guid="{de7b24ea-73c8-4a09-985d-5bdadcfa9017}"></Provider>
<EventID Qualifiers="">808</EventID>
<Version>0</Version>
<Level>3</Level>
<Task>808</Task>
<Opcode>0</Opcode>
<Keywords>0x0800000000000000</Keywords>
<TimeCreated SystemTime="2020-10-22 20:52:09.331297"></TimeCreated>
<EventRecordID>3</EventRecordID>
<Correlation ActivityID="" RelatedActivityID=""></Correlation>
<Execution ProcessID="540" ThreadID="1676"></Execution>
<Channel>Microsoft-Windows-TaskScheduler/Maintenance</Channel>
<Computer>WIN-PTFPHFCRDJ0</Computer>
<Security UserID="S-1-5-18"></Security>
</System>
<EventData Name="MaintenanceTaskWakeupRequested"><Data Name="Task">NT TASK\Microsoft\Windows\.NET Framework\.NET Framework NGEN v4.0.30319 Critical</Data>
</EventData>
</Event>

<Event xmlns="http://schemas.microsoft.com/win/2004/08/events/event"><System><Provider Name="Microsoft-Windows-TaskScheduler" Guid="{de7b24ea-73c8-4a09-985d-5bdadcfa9017}"></Provider>
<EventID Qualifiers="">808</EventID>
<Version>0</Version>
<Level>3</Level>
<Task>808</Task>
<Opcode>0</Opcode>
<Keywords>0x0800000000000000</Keywords>
<TimeCreated SystemTime="2020-10-22 20:52:09.336256"></TimeCreated>
<EventRecordID>4</EventRecordID>
<Correlation ActivityID="" RelatedActivityID=""></Correlation>
<Execution ProcessID="540" ThreadID="1984"></Execution>
<Channel>Microsoft-Windows-TaskScheduler/Maintenance</Channel>
<Computer>WIN-PTFPHFCRDJ0</Computer>
<Security UserID="S-1-5-18"></Security>
</System>
<EventData Name="MaintenanceTaskWakeupRequested"><Data Name="Task">NT TASK\Microsoft\Windows\.NET Framework\.NET Framework NGEN v4.0.30319 Critical</Data>
</EventData>
</Event>

<Event xmlns="http://schemas.microsoft.com/win/2004/08/events/event"><System><Provider Name="Microsoft-Windows-TaskScheduler" Guid="{de7b24ea-73c8-4a09-985d-5bdadcfa9017}"></Provider>
<EventID Qualifiers="">808</EventID>
<Version>0</Version>
<Level>3</Level>
<Task>808</Task>
<Opcode>0</Opcode>
<Keywords>0x0800000000000000</Keywords>
<TimeCreated SystemTime="2020-10-22 20:52:09.336535"></TimeCreated>
<EventRecordID>5</EventRecordID>
<Correlation ActivityID="" RelatedActivityID=""></Correlation>
<Execution ProcessID="540" ThreadID="1840"></Execution>
<Channel>Microsoft-Windows-TaskScheduler/Maintenance</Channel>
<Computer>WIN-PTFPHFCRDJ0</Computer>
<Security UserID="S-1-5-18"></Security>
</System>
<EventData Name="MaintenanceTaskWakeupRequested"><Data Name="Task">NT TASK\Microsoft\Windows\.NET Framework\.NET Framework NGEN v4.0.30319 Critical</Data>
</EventData>
</Event>

<Event xmlns="http://schemas.microsoft.com/win/2004/08/events/event"><System><Provider Name="Microsoft-Windows-TaskScheduler" Guid="{de7b24ea-73c8-4a09-985d-5bdadcfa9017}"></Provider>
<EventID Qualifiers="">808</EventID>
<Version>0</Version>
<Level>3</Level>
<Task>808</Task>
<Opcode>0</Opcode>
<Keywords>0x0800000000000000</Keywords>
<TimeCreated SystemTime="2020-10-22 20:57:21.218130"></TimeCreated>
<EventRecordID>6</EventRecordID>
<Correlation ActivityID="" RelatedActivityID=""></Correlation>
<Execution ProcessID="1392" ThreadID="2060"></Execution>
<Channel>Microsoft-Windows-TaskScheduler/Maintenance</Channel>
<Computer>WIN-PTFPHFCRDJ0</Computer>
<Security UserID="S-1-5-18"></Security>
</System>
<EventData Name="MaintenanceTaskWakeupRequested"><Data Name="Task">NT TASK\Microsoft\Windows\.NET Framework\.NET Framework NGEN v4.0.30319 Critical</Data>
</EventData>
</Event>

<Event xmlns="http://schemas.microsoft.com/win/2004/08/events/event"><System><Provider Name="Microsoft-Windows-TaskScheduler" Guid="{de7b24ea-73c8-4a09-985d-5bdadcfa9017}"></Provider>
<EventID Qualifiers="">808</EventID>
<Version>0</Version>
<Level>3</Level>
<Task>808</Task>
<Opcode>0</Opcode>
<Keywords>0x0800000000000000</Keywords>
<TimeCreated SystemTime="2020-10-22 20:57:21.218315"></TimeCreated>
<EventRecordID>7</EventRecordID>
<Correlation ActivityID="" RelatedActivityID=""></Correlation>
<Execution ProcessID="1392" ThreadID="1696"></Execution>
<Channel>Microsoft-Windows-TaskScheduler/Maintenance</Channel>
<Computer>WIN-PTFPHFCRDJ0</Computer>
<Security UserID="S-1-5-18"></Security>
</System>
<EventData Name="MaintenanceTaskWakeupRequested"><Data Name="Task">NT TASK\Microsoft\Windows\.NET Framework\.NET Framework NGEN v4.0.30319 Critical</Data>
</EventData>
</Event>

<Event xmlns="http://schemas.microsoft.com/win/2004/08/events/event"><System><Provider Name="Microsoft-Windows-TaskScheduler" Guid="{de7b24ea-73c8-4a09-985d-5bdadcfa9017}"></Provider>
<EventID Qualifiers="">808</EventID>
<Version>0</Version>
<Level>3</Level>
<Task>808</Task>
<Opcode>0</Opcode>
<Keywords>0x0800000000000000</Keywords>
<TimeCreated SystemTime="2020-10-22 20:57:21.218609"></TimeCreated>
<EventRecordID>8</EventRecordID>
<Correlation ActivityID="" RelatedActivityID=""></Correlation>
<Execution ProcessID="1392" ThreadID="1596"></Execution>
<Channel>Microsoft-Windows-TaskScheduler/Maintenance</Channel>
<Computer>WIN-PTFPHFCRDJ0</Computer>
<Security UserID="S-1-5-18"></Security>
</System>
<EventData Name="MaintenanceTaskWakeupRequested"><Data Name="Task">NT TASK\Microsoft\Windows\.NET Framework\.NET Framework NGEN v4.0.30319 Critical</Data>
</EventData>
</Event>

<Event xmlns="http://schemas.microsoft.com/win/2004/08/events/event"><System><Provider Name="Microsoft-Windows-TaskScheduler" Guid="{de7b24ea-73c8-4a09-985d-5bdadcfa9017}"></Provider>
<EventID Qualifiers="">800</EventID>
<Version>0</Version>
<Level>4</Level>
<Task>800</Task>
<Opcode>0</Opcode>
<Keywords>0x0800000000000000</Keywords>
<TimeCreated SystemTime="2020-10-22 21:07:36.269375"></TimeCreated>
<EventRecordID>9</EventRecordID>
<Correlation ActivityID="" RelatedActivityID=""></Correlation>
<Execution ProcessID="1392" ThreadID="1668"></Execution>
<Channel>Microsoft-Windows-TaskScheduler/Maintenance</Channel>
<Computer>WIN-PTFPHFCRDJ0</Computer>
<Security UserID="S-1-5-18"></Security>
</System>
<EventData Name="MaintenanceStateChanged"><Data Name="hc_stateid">3</Data>
<Data Name="LastRunDateTime">&#8206;10/&#8206;23/&#8206;2020 2:37 AM</Data>
</EventData>
</Event>

<Event xmlns="http://schemas.microsoft.com/win/2004/08/events/event"><System><Provider Name="Microsoft-Windows-TaskScheduler" Guid="{de7b24ea-73c8-4a09-985d-5bdadcfa9017}"></Provider>
<EventID Qualifiers="">808</EventID>
<Version>0</Version>
<Level>3</Level>
<Task>808</Task>
<Opcode>0</Opcode>
<Keywords>0x0800000000000000</Keywords>
<TimeCreated SystemTime="2020-10-22 21:07:51.908178"></TimeCreated>
<EventRecordID>10</EventRecordID>
<Correlation ActivityID="" RelatedActivityID=""></Correlation>
<Execution ProcessID="1392" ThreadID="1848"></Execution>
<Channel>Microsoft-Windows-TaskScheduler/Maintenance</Channel>
<Computer>WIN-PTFPHFCRDJ0</Computer>
<Security UserID="S-1-5-18"></Security>
</System>
<EventData Name="MaintenanceTaskWakeupRequested"><Data Name="Task">NT TASK\Microsoft\Windows\.NET Framework\.NET Framework NGEN v4.0.30319 Critical</Data>
</EventData>
</Event>

<Event xmlns="http://schemas.microsoft.com/win/2004/08/events/event"><System><Provider Name="Microsoft-Windows-TaskScheduler" Guid="{de7b24ea-73c8-4a09-985d-5bdadcfa9017}"></Provider>
<EventID Qualifiers="">800</EventID>
<Version>0</Version>
<Level>4</Level>
<Task>800</Task>
<Opcode>0</Opcode>
<Keywords>0x0800000000000000</Keywords>
<TimeCreated SystemTime="2020-10-22 21:08:01.083483"></TimeCreated>
<EventRecordID>11</EventRecordID>
<Correlation ActivityID="" RelatedActivityID=""></Correlation>
<Execution ProcessID="1392" ThreadID="3404"></Execution>
<Channel>Microsoft-Windows-TaskScheduler/Maintenance</Channel>
<Computer>WIN-PTFPHFCRDJ0</Computer>
<Security UserID="S-1-5-18"></Security>
</System>
<EventData Name="MaintenanceStateChanged"><Data Name="hc_stateid">1</Data>
<Data Name="LastRunDateTime">&#8206;10/&#8206;23/&#8206;2020 2:38 AM</Data>
</EventData>
</Event>

<Event xmlns="http://schemas.microsoft.com/win/2004/08/events/event"><System><Provider Name="Microsoft-Windows-TaskScheduler" Guid="{de7b24ea-73c8-4a09-985d-5bdadcfa9017}"></Provider>
<EventID Qualifiers="">800</EventID>
<Version>0</Version>
<Level>4</Level>
<Task>800</Task>
<Opcode>0</Opcode>
<Keywords>0x0800000000000000</Keywords>
<TimeCreated SystemTime="2020-10-22 22:07:36.613125"></TimeCreated>
<EventRecordID>12</EventRecordID>
<Correlation ActivityID="" RelatedActivityID=""></Correlation>
<Execution ProcessID="1392" ThreadID="1676"></Execution>
<Channel>Microsoft-Windows-TaskScheduler/Maintenance</Channel>
<Computer>WIN-PTFPHFCRDJ0</Computer>
<Security UserID="S-1-5-18"></Security>
</System>
<EventData Name="MaintenanceStateChanged"><Data Name="hc_stateid">3</Data>
<Data Name="LastRunDateTime">&#8206;10/&#8206;23/&#8206;2020 3:37 AM</Data>
</EventData>
</Event>

<Event xmlns="http://schemas.microsoft.com/win/2004/08/events/event"><System><Provider Name="Microsoft-Windows-TaskScheduler" Guid="{de7b24ea-73c8-4a09-985d-5bdadcfa9017}"></Provider>
<EventID Qualifiers="">800</EventID>
<Version>0</Version>
<Level>4</Level>
<Task>800</Task>
<Opcode>0</Opcode>
<Keywords>0x0800000000000000</Keywords>
<TimeCreated SystemTime="2020-10-22 22:07:36.707468"></TimeCreated>
<EventRecordID>13</EventRecordID>
<Correlation ActivityID="" RelatedActivityID=""></Correlation>
<Execution ProcessID="1392" ThreadID="408"></Execution>
<Channel>Microsoft-Windows-TaskScheduler/Maintenance</Channel>
<Computer>WIN-PTFPHFCRDJ0</Computer>
<Security UserID="S-1-5-18"></Security>
</System>
<EventData Name="MaintenanceStateChanged"><Data Name="hc_stateid">1</Data>
<Data Name="LastRunDateTime">&#8206;10/&#8206;23/&#8206;2020 3:37 AM</Data>
</EventData>
</Event>

<Event xmlns="http://schemas.microsoft.com/win/2004/08/events/event"><System><Provider Name="Microsoft-Windows-TaskScheduler" Guid="{de7b24ea-73c8-4a09-985d-5bdadcfa9017}"></Provider>
<EventID Qualifiers="">800</EventID>
<Version>0</Version>
<Level>4</Level>
<Task>800</Task>
<Opcode>0</Opcode>
<Keywords>0x0800000000000000</Keywords>
<TimeCreated SystemTime="2020-10-24 21:52:49.973352"></TimeCreated>
<EventRecordID>14</EventRecordID>
<Correlation ActivityID="" RelatedActivityID=""></Correlation>
<Execution ProcessID="1320" ThreadID="2656"></Execution>
<Channel>Microsoft-Windows-TaskScheduler/Maintenance</Channel>
<Computer>WIN-PTFPHFCRDJ0</Computer>
<Security UserID="S-1-5-18"></Security>
</System>
<EventData Name="MaintenanceStateChanged"><Data Name="hc_stateid">3</Data>
<Data Name="LastRunDateTime">&#8206;10/&#8206;25/&#8206;2020 3:22 AM</Data>
</EventData>
</Event>

<Event xmlns="http://schemas.microsoft.com/win/2004/08/events/event"><System><Provider Name="Microsoft-Windows-TaskScheduler" Guid="{de7b24ea-73c8-4a09-985d-5bdadcfa9017}"></Provider>
<EventID Qualifiers="">800</EventID>
<Version>0</Version>
<Level>4</Level>
<Task>800</Task>
<Opcode>0</Opcode>
<Keywords>0x0800000000000000</Keywords>
<TimeCreated SystemTime="2020-10-24 21:54:06.049150"></TimeCreated>
<EventRecordID>15</EventRecordID>
<Correlation ActivityID="" RelatedActivityID=""></Correlation>
<Execution ProcessID="1320" ThreadID="1988"></Execution>
<Channel>Microsoft-Windows-TaskScheduler/Maintenance</Channel>
<Computer>WIN-PTFPHFCRDJ0</Computer>
<Security UserID="S-1-5-18"></Security>
</System>
<EventData Name="MaintenanceStateChanged"><Data Name="hc_stateid">1</Data>
<Data Name="LastRunDateTime">&#8206;10/&#8206;25/&#8206;2020 3:24 AM</Data>
</EventData>
</Event>

<Event xmlns="http://schemas.microsoft.com/win/2004/08/events/event"><System><Provider Name="Microsoft-Windows-TaskScheduler" Guid="{de7b24ea-73c8-4a09-985d-5bdadcfa9017}"></Provider>
<EventID Qualifiers="">800</EventID>
<Version>0</Version>
<Level>4</Level>
<Task>800</Task>
<Opcode>0</Opcode>
<Keywords>0x0800000000000000</Keywords>
<TimeCreated SystemTime="2020-10-24 22:02:33.275713"></TimeCreated>
<EventRecordID>16</EventRecordID>
<Correlation ActivityID="" RelatedActivityID=""></Correlation>
<Execution ProcessID="1320" ThreadID="4756"></Execution>
<Channel>Microsoft-Windows-TaskScheduler/Maintenance</Channel>
<Computer>WIN-PTFPHFCRDJ0</Computer>
<Security UserID="S-1-5-18"></Security>
</System>
<EventData Name="MaintenanceStateChanged"><Data Name="hc_stateid">3</Data>
<Data Name="LastRunDateTime">&#8206;10/&#8206;25/&#8206;2020 3:32 AM</Data>
</EventData>
</Event>

<Event xmlns="http://schemas.microsoft.com/win/2004/08/events/event"><System><Provider Name="Microsoft-Windows-TaskScheduler" Guid="{de7b24ea-73c8-4a09-985d-5bdadcfa9017}"></Provider>
<EventID Qualifiers="">800</EventID>
<Version>0</Version>
<Level>4</Level>
<Task>800</Task>
<Opcode>0</Opcode>
<Keywords>0x0800000000000000</Keywords>
<TimeCreated SystemTime="2020-10-24 22:29:22.592136"></TimeCreated>
<EventRecordID>17</EventRecordID>
<Correlation ActivityID="" RelatedActivityID=""></Correlation>
<Execution ProcessID="1344" ThreadID="4876"></Execution>
<Channel>Microsoft-Windows-TaskScheduler/Maintenance</Channel>
<Computer>WIN-PTFPHFCRDJ0</Computer>
<Security UserID="S-1-5-18"></Security>
</System>
<EventData Name="MaintenanceStateChanged"><Data Name="hc_stateid">3</Data>
<Data Name="LastRunDateTime">&#8206;10/&#8206;25/&#8206;2020 3:59 AM</Data>
</EventData>
</Event>

<Event xmlns="http://schemas.microsoft.com/win/2004/08/events/event"><System><Provider Name="Microsoft-Windows-TaskScheduler" Guid="{de7b24ea-73c8-4a09-985d-5bdadcfa9017}"></Provider>
<EventID Qualifiers="">800</EventID>
<Version>0</Version>
<Level>4</Level>
<Task>800</Task>
<Opcode>0</Opcode>
<Keywords>0x0800000000000000</Keywords>
<TimeCreated SystemTime="2020-10-24 22:30:36.084641"></TimeCreated>
<EventRecordID>18</EventRecordID>
<Correlation ActivityID="" RelatedActivityID=""></Correlation>
<Execution ProcessID="1344" ThreadID="2980"></Execution>
<Channel>Microsoft-Windows-TaskScheduler/Maintenance</Channel>
<Computer>WIN-PTFPHFCRDJ0</Computer>
<Security UserID="S-1-5-18"></Security>
</System>
<EventData Name="MaintenanceStateChanged"><Data Name="hc_stateid">1</Data>
<Data Name="LastRunDateTime">&#8206;10/&#8206;25/&#8206;2020 4:00 AM</Data>
</EventData>
</Event>

<Event xmlns="http://schemas.microsoft.com/win/2004/08/events/event"><System><Provider Name="Microsoft-Windows-TaskScheduler" Guid="{de7b24ea-73c8-4a09-985d-5bdadcfa9017}"></Provider>
<EventID Qualifiers="">800</EventID>
<Version>0</Version>
<Level>4</Level>
<Task>800</Task>
<Opcode>0</Opcode>
<Keywords>0x0800000000000000</Keywords>
<TimeCreated SystemTime="2020-10-24 22:30:37.093901"></TimeCreated>
<EventRecordID>19</EventRecordID>
<Correlation ActivityID="" RelatedActivityID=""></Correlation>
<Execution ProcessID="1344" ThreadID="2980"></Execution>
<Channel>Microsoft-Windows-TaskScheduler/Maintenance</Channel>
<Computer>WIN-PTFPHFCRDJ0</Computer>
<Security UserID="S-1-5-18"></Security>
</System>
<EventData Name="MaintenanceStateChanged"><Data Name="hc_stateid">3</Data>
<Data Name="LastRunDateTime">&#8206;10/&#8206;25/&#8206;2020 4:00 AM</Data>
</EventData>
</Event>

<Event xmlns="http://schemas.microsoft.com/win/2004/08/events/event"><System><Provider Name="Microsoft-Windows-TaskScheduler" Guid="{de7b24ea-73c8-4a09-985d-5bdadcfa9017}"></Provider>
<EventID Qualifiers="">800</EventID>
<Version>0</Version>
<Level>4</Level>
<Task>800</Task>
<Opcode>0</Opcode>
<Keywords>0x0800000000000000</Keywords>
<TimeCreated SystemTime="2020-10-24 22:31:40.091736"></TimeCreated>
<EventRecordID>20</EventRecordID>
<Correlation ActivityID="" RelatedActivityID=""></Correlation>
<Execution ProcessID="1344" ThreadID="3836"></Execution>
<Channel>Microsoft-Windows-TaskScheduler/Maintenance</Channel>
<Computer>WIN-PTFPHFCRDJ0</Computer>
<Security UserID="S-1-5-18"></Security>
</System>
<EventData Name="MaintenanceStateChanged"><Data Name="hc_stateid">1</Data>
<Data Name="LastRunDateTime">&#8206;10/&#8206;25/&#8206;2020 4:01 AM</Data>
</EventData>
</Event>

<Event xmlns="http://schemas.microsoft.com/win/2004/08/events/event"><System><Provider Name="Microsoft-Windows-TaskScheduler" Guid="{de7b24ea-73c8-4a09-985d-5bdadcfa9017}"></Provider>
<EventID Qualifiers="">800</EventID>
<Version>0</Version>
<Level>4</Level>
<Task>800</Task>
<Opcode>0</Opcode>
<Keywords>0x0800000000000000</Keywords>
<TimeCreated SystemTime="2020-10-26 11:58:00.766886"></TimeCreated>
<EventRecordID>21</EventRecordID>
<Correlation ActivityID="" RelatedActivityID=""></Correlation>
<Execution ProcessID="1348" ThreadID="1936"></Execution>
<Channel>Microsoft-Windows-TaskScheduler/Maintenance</Channel>
<Computer>WIN-PTFPHFCRDJ0</Computer>
<Security UserID="S-1-5-18"></Security>
</System>
<EventData Name="MaintenanceStateChanged"><Data Name="hc_stateid">3</Data>
<Data Name="LastRunDateTime">&#8206;10/&#8206;26/&#8206;2020 5:28 PM</Data>
</EventData>
</Event>

<Event xmlns="http://schemas.microsoft.com/win/2004/08/events/event"><System><Provider Name="Microsoft-Windows-TaskScheduler" Guid="{de7b24ea-73c8-4a09-985d-5bdadcfa9017}"></Provider>
<EventID Qualifiers="">800</EventID>
<Version>0</Version>
<Level>4</Level>
<Task>800</Task>
<Opcode>0</Opcode>
<Keywords>0x0800000000000000</Keywords>
<TimeCreated SystemTime="2020-10-26 12:00:00.389915"></TimeCreated>
<EventRecordID>22</EventRecordID>
<Correlation ActivityID="" RelatedActivityID=""></Correlation>
<Execution ProcessID="1348" ThreadID="1936"></Execution>
<Channel>Microsoft-Windows-TaskScheduler/Maintenance</Channel>
<Computer>WIN-PTFPHFCRDJ0</Computer>
<Security UserID="S-1-5-18"></Security>
</System>
<EventData Name="MaintenanceStateChanged"><Data Name="hc_stateid">1</Data>
<Data Name="LastRunDateTime">&#8206;10/&#8206;26/&#8206;2020 5:30 PM</Data>
</EventData>
</Event>

<Event xmlns="http://schemas.microsoft.com/win/2004/08/events/event"><System><Provider Name="Microsoft-Windows-TaskScheduler" Guid="{de7b24ea-73c8-4a09-985d-5bdadcfa9017}"></Provider>
<EventID Qualifiers="">800</EventID>
<Version>0</Version>
<Level>4</Level>
<Task>800</Task>
<Opcode>0</Opcode>
<Keywords>0x0800000000000000</Keywords>
<TimeCreated SystemTime="2020-10-26 12:08:05.904312"></TimeCreated>
<EventRecordID>23</EventRecordID>
<Correlation ActivityID="" RelatedActivityID=""></Correlation>
<Execution ProcessID="1348" ThreadID="1936"></Execution>
<Channel>Microsoft-Windows-TaskScheduler/Maintenance</Channel>
<Computer>WIN-PTFPHFCRDJ0</Computer>
<Security UserID="S-1-5-18"></Security>
</System>
<EventData Name="MaintenanceStateChanged"><Data Name="hc_stateid">3</Data>
<Data Name="LastRunDateTime">&#8206;10/&#8206;26/&#8206;2020 5:38 PM</Data>
</EventData>
</Event>

<Event xmlns="http://schemas.microsoft.com/win/2004/08/events/event"><System><Provider Name="Microsoft-Windows-TaskScheduler" Guid="{de7b24ea-73c8-4a09-985d-5bdadcfa9017}"></Provider>
<EventID Qualifiers="">800</EventID>
<Version>0</Version>
<Level>4</Level>
<Task>800</Task>
<Opcode>0</Opcode>
<Keywords>0x0800000000000000</Keywords>
<TimeCreated SystemTime="2020-10-26 12:09:37.671478"></TimeCreated>
<EventRecordID>24</EventRecordID>
<Correlation ActivityID="" RelatedActivityID=""></Correlation>
<Execution ProcessID="1348" ThreadID="1936"></Execution>
<Channel>Microsoft-Windows-TaskScheduler/Maintenance</Channel>
<Computer>WIN-PTFPHFCRDJ0</Computer>
<Security UserID="S-1-5-18"></Security>
</System>
<EventData Name="MaintenanceStateChanged"><Data Name="hc_stateid">1</Data>
<Data Name="LastRunDateTime">&#8206;10/&#8206;26/&#8206;2020 5:39 PM</Data>
</EventData>
</Event>

<Event xmlns="http://schemas.microsoft.com/win/2004/08/events/event"><System><Provider Name="Microsoft-Windows-TaskScheduler" Guid="{de7b24ea-73c8-4a09-985d-5bdadcfa9017}"></Provider>
<EventID Qualifiers="">800</EventID>
<Version>0</Version>
<Level>4</Level>
<Task>800</Task>
<Opcode>0</Opcode>
<Keywords>0x0800000000000000</Keywords>
<TimeCreated SystemTime="2020-10-26 12:09:38.679298"></TimeCreated>
<EventRecordID>25</EventRecordID>
<Correlation ActivityID="" RelatedActivityID=""></Correlation>
<Execution ProcessID="1348" ThreadID="1936"></Execution>
<Channel>Microsoft-Windows-TaskScheduler/Maintenance</Channel>
<Computer>WIN-PTFPHFCRDJ0</Computer>
<Security UserID="S-1-5-18"></Security>
</System>
<EventData Name="MaintenanceStateChanged"><Data Name="hc_stateid">3</Data>
<Data Name="LastRunDateTime">&#8206;10/&#8206;26/&#8206;2020 5:39 PM</Data>
</EventData>
</Event>

<Event xmlns="http://schemas.microsoft.com/win/2004/08/events/event"><System><Provider Name="Microsoft-Windows-TaskScheduler" Guid="{de7b24ea-73c8-4a09-985d-5bdadcfa9017}"></Provider>
<EventID Qualifiers="">800</EventID>
<Version>0</Version>
<Level>4</Level>
<Task>800</Task>
<Opcode>0</Opcode>
<Keywords>0x0800000000000000</Keywords>
<TimeCreated SystemTime="2020-10-26 12:10:54.263601"></TimeCreated>
<EventRecordID>26</EventRecordID>
<Correlation ActivityID="" RelatedActivityID=""></Correlation>
<Execution ProcessID="1348" ThreadID="820"></Execution>
<Channel>Microsoft-Windows-TaskScheduler/Maintenance</Channel>
<Computer>WIN-PTFPHFCRDJ0</Computer>
<Security UserID="S-1-5-18"></Security>
</System>
<EventData Name="MaintenanceStateChanged"><Data Name="hc_stateid">1</Data>
<Data Name="LastRunDateTime">&#8206;10/&#8206;26/&#8206;2020 5:40 PM</Data>
</EventData>
</Event>

<Event xmlns="http://schemas.microsoft.com/win/2004/08/events/event"><System><Provider Name="Microsoft-Windows-TaskScheduler" Guid="{de7b24ea-73c8-4a09-985d-5bdadcfa9017}"></Provider>
<EventID Qualifiers="">800</EventID>
<Version>0</Version>
<Level>4</Level>
<Task>800</Task>
<Opcode>0</Opcode>
<Keywords>0x0800000000000000</Keywords>
<TimeCreated SystemTime="2020-10-26 14:03:03.505404"></TimeCreated>
<EventRecordID>27</EventRecordID>
<Correlation ActivityID="" RelatedActivityID=""></Correlation>
<Execution ProcessID="1348" ThreadID="2584"></Execution>
<Channel>Microsoft-Windows-TaskScheduler/Maintenance</Channel>
<Computer>WIN-PTFPHFCRDJ0</Computer>
<Security UserID="S-1-5-18"></Security>
</System>
<EventData Name="MaintenanceStateChanged"><Data Name="hc_stateid">3</Data>
<Data Name="LastRunDateTime">&#8206;10/&#8206;26/&#8206;2020 7:33 PM</Data>
</EventData>
</Event>

<Event xmlns="http://schemas.microsoft.com/win/2004/08/events/event"><System><Provider Name="Microsoft-Windows-TaskScheduler" Guid="{de7b24ea-73c8-4a09-985d-5bdadcfa9017}"></Provider>
<EventID Qualifiers="">800</EventID>
<Version>0</Version>
<Level>4</Level>
<Task>800</Task>
<Opcode>0</Opcode>
<Keywords>0x0800000000000000</Keywords>
<TimeCreated SystemTime="2020-10-26 14:03:35.185619"></TimeCreated>
<EventRecordID>28</EventRecordID>
<Correlation ActivityID="" RelatedActivityID=""></Correlation>
<Execution ProcessID="1348" ThreadID="220"></Execution>
<Channel>Microsoft-Windows-TaskScheduler/Maintenance</Channel>
<Computer>WIN-PTFPHFCRDJ0</Computer>
<Security UserID="S-1-5-18"></Security>
</System>
<EventData Name="MaintenanceStateChanged"><Data Name="hc_stateid">1</Data>
<Data Name="LastRunDateTime">&#8206;10/&#8206;26/&#8206;2020 7:33 PM</Data>
</EventData>
</Event>

</Events>
