<?xml version="1.1" encoding="utf-8" standalone="yes" ?>

<Events>
<Event xmlns="http://schemas.microsoft.com/win/2004/08/events/event"><System><Provider Name="Microsoft-Windows-Biometrics" Guid="{a0e3d8ea-c34f-4419-a1db-90435b8b21d0}"></Provider>
<EventID Qualifiers="">1600</EventID>
<Version>0</Version>
<Level>4</Level>
<Task>1</Task>
<Opcode>0</Opcode>
<Keywords>0x8000000000000000</Keywords>
<TimeCreated SystemTime="2020-10-24 22:12:06.709747"></TimeCreated>
<EventRecordID>1</EventRecordID>
<Correlation ActivityID="" RelatedActivityID=""></Correlation>
<Execution ProcessID="4440" ThreadID="5224"></Execution>
<Channel>Microsoft-Windows-Biometrics/Operational</Channel>
<Computer>WIN-PTFPHFCRDJ0</Computer>
<Security UserID="S-1-5-18"></Security>
</System>
<EventData><Data Name="ErrorCode">0x80070032</Data>
</EventData>
</Event>

<Event xmlns="http://schemas.microsoft.com/win/2004/08/events/event"><System><Provider Name="Microsoft-Windows-Biometrics" Guid="{a0e3d8ea-c34f-4419-a1db-90435b8b21d0}"></Provider>
<EventID Qualifiers="">1108</EventID>
<Version>0</Version>
<Level>5</Level>
<Task>1</Task>
<Opcode>0</Opcode>
<Keywords>0x8000000000000000</Keywords>
<TimeCreated SystemTime="2020-10-24 22:12:06.840563"></TimeCreated>
<EventRecordID>2</EventRecordID>
<Correlation ActivityID="" RelatedActivityID=""></Correlation>
<Execution ProcessID="4440" ThreadID="5224"></Execution>
<Channel>Microsoft-Windows-Biometrics/Operational</Channel>
<Computer>WIN-PTFPHFCRDJ0</Computer>
<Security UserID="S-1-5-18"></Security>
</System>
<EventData><Data Name="BiometricSensor">Analog NUI Voice Virtual Sensor (\Voice\Virtual Sensors\{F25AB4A2-593A-4A89-B9FF-8144BEA81E15})</Data>
<Data Name="SensorAdapter">NUIVoiceWBSAdapters.dll</Data>
<Data Name="EngineAdapter">NUIVoiceWBSAdapters.dll</Data>
<Data Name="StorageAdapter">WinBioStorageAdapter.dll</Data>
<Data Name="DatabaseID">{51f39552-1075-4199-b513-0c10ea185db0}</Data>
<Data Name="SensorMode">1</Data>
<Data Name="SensorPool">1</Data>
<Data Name="IsolationLevel">0</Data>
<Data Name="IsolationSensorAdapter">-</Data>
<Data Name="IsolationEngineAdapter">-</Data>
<Data Name="IsolationStorageAdapter">-</Data>
</EventData>
</Event>

<Event xmlns="http://schemas.microsoft.com/win/2004/08/events/event"><System><Provider Name="Microsoft-Windows-Biometrics" Guid="{a0e3d8ea-c34f-4419-a1db-90435b8b21d0}"></Provider>
<EventID Qualifiers="">1600</EventID>
<Version>0</Version>
<Level>4</Level>
<Task>1</Task>
<Opcode>0</Opcode>
<Keywords>0x8000000000000000</Keywords>
<TimeCreated SystemTime="2020-10-24 22:29:46.323082"></TimeCreated>
<EventRecordID>3</EventRecordID>
<Correlation ActivityID="" RelatedActivityID=""></Correlation>
<Execution ProcessID="4496" ThreadID="4512"></Execution>
<Channel>Microsoft-Windows-Biometrics/Operational</Channel>
<Computer>WIN-PTFPHFCRDJ0</Computer>
<Security UserID="S-1-5-18"></Security>
</System>
<EventData><Data Name="ErrorCode">0x80070032</Data>
</EventData>
</Event>

<Event xmlns="http://schemas.microsoft.com/win/2004/08/events/event"><System><Provider Name="Microsoft-Windows-Biometrics" Guid="{a0e3d8ea-c34f-4419-a1db-90435b8b21d0}"></Provider>
<EventID Qualifiers="">1108</EventID>
<Version>0</Version>
<Level>5</Level>
<Task>1</Task>
<Opcode>0</Opcode>
<Keywords>0x8000000000000000</Keywords>
<TimeCreated SystemTime="2020-10-24 22:29:46.581383"></TimeCreated>
<EventRecordID>4</EventRecordID>
<Correlation ActivityID="" RelatedActivityID=""></Correlation>
<Execution ProcessID="4496" ThreadID="4512"></Execution>
<Channel>Microsoft-Windows-Biometrics/Operational</Channel>
<Computer>WIN-PTFPHFCRDJ0</Computer>
<Security UserID="S-1-5-18"></Security>
</System>
<EventData><Data Name="BiometricSensor">Analog NUI Voice Virtual Sensor (\Voice\Virtual Sensors\{F25AB4A2-593A-4A89-B9FF-8144BEA81E15})</Data>
<Data Name="SensorAdapter">NUIVoiceWBSAdapters.dll</Data>
<Data Name="EngineAdapter">NUIVoiceWBSAdapters.dll</Data>
<Data Name="StorageAdapter">WinBioStorageAdapter.dll</Data>
<Data Name="DatabaseID">{51f39552-1075-4199-b513-0c10ea185db0}</Data>
<Data Name="SensorMode">1</Data>
<Data Name="SensorPool">1</Data>
<Data Name="IsolationLevel">0</Data>
<Data Name="IsolationSensorAdapter">-</Data>
<Data Name="IsolationEngineAdapter">-</Data>
<Data Name="IsolationStorageAdapter">-</Data>
</EventData>
</Event>

</Events>
