<Event xmlns="http://schemas.microsoft.com/win/2004/08/events/event"><System><Provider Name="Microsoft-Windows-PushNotifications-Platform" Guid="{88cd9180-4491-4640-b571-e3bee2527943}"></Provider>
<EventID Qualifiers="">2415</EventID>
<Version>0</Version>
<Level>4</Level>
<Task>0</Task>
<Opcode>0</Opcode>
<Keywords>0x8000000000800200</Keywords>
<TimeCreated SystemTime="2020-10-23 18:55:23.133196"></TimeCreated>
<EventRecordID>215</EventRecordID>
<Correlation ActivityID="" RelatedActivityID=""></Correlation>
<Execution ProcessID="4016" ThreadID="3428"></Execution>
<Channel>Microsoft-Windows-PushNotification-Platform/Operational</Channel>
<Computer>WIN-PTFPHFCRDJ0</Computer>
<Security UserID="S-1-5-21-1152959844-3645458174-3779170896-1000"></Security>
</System>
<EventData><Data Name="AppUserModelId">Microsoft.Explorer.Notification.{7820AE78-23E3-4229-82C1-E41CB67D5B9C}</Data>
<Data Name="ErrorCode">0</Data>
</EventData>
</Event>

<Event xmlns="http://schemas.microsoft.com/win/2004/08/events/event"><System><Provider Name="Microsoft-Windows-PushNotifications-Platform" Guid="{88cd9180-4491-4640-b571-e3bee2527943}"></Provider>
<EventID Qualifiers="">42</EventID>
<Version>0</Version>
<Level>4</Level>
<Task>0</Task>
<Opcode>0</Opcode>
<Keywords>0x8000000002801000</Keywords>
<TimeCreated SystemTime="2020-10-23 18:55:27.072342"></TimeCreated>
<EventRecordID>216</EventRecordID>
<Correlation ActivityID="" RelatedActivityID=""></Correlation>
<Execution ProcessID="4016" ThreadID="1476"></Execution>
<Channel>Microsoft-Windows-PushNotification-Platform/Operational</Channel>
<Computer>WIN-PTFPHFCRDJ0</Computer>
<Security UserID="S-1-5-21-1152959844-3645458174-3779170896-1000"></Security>
</System>
<EventData><Data Name="GroupPolicyValue">True</Data>
<Data Name="MDMPolicyValue">True</Data>
</EventData>
</Event>

<Event xmlns="http://schemas.microsoft.com/win/2004/08/events/event"><System><Provider Name="Microsoft-Windows-PushNotifications-Platform" Guid="{88cd9180-4491-4640-b571-e3bee2527943}"></Provider>
<EventID Qualifiers="">2415</EventID>
<Version>0</Version>
<Level>4</Level>
<Task>0</Task>
<Opcode>0</Opcode>
<Keywords>0x8000000000800200</Keywords>
<TimeCreated SystemTime="2020-10-23 18:55:47.566673"></TimeCreated>
<EventRecordID>217</EventRecordID>
<Correlation ActivityID="" RelatedActivityID=""></Correlation>
<Execution ProcessID="4016" ThreadID="3428"></Execution>
<Channel>Microsoft-Windows-PushNotification-Platform/Operational</Channel>
<Computer>WIN-PTFPHFCRDJ0</Computer>
<Security UserID="S-1-5-21-1152959844-3645458174-3779170896-1000"></Security>
</System>
<EventData><Data Name="AppUserModelId">Microsoft.Explorer.Notification.{7820AE78-23E3-4229-82C1-E41CB67D5B9C}</Data>
<Data Name="ErrorCode">0</Data>
</EventData>
</Event>

<Event xmlns="http://schemas.microsoft.com/win/2004/08/events/event"><System><Provider Name="Microsoft-Windows-PushNotifications-Platform" Guid="{88cd9180-4491-4640-b571-e3bee2527943}"></Provider>
<EventID Qualifiers="">42</EventID>
<Version>0</Version>
<Level>4</Level>
<Task>0</Task>
<Opcode>0</Opcode>
<Keywords>0x8000000002801000</Keywords>
<TimeCreated SystemTime="2020-10-23 19:07:19.153780"></TimeCreated>
<EventRecordID>218</EventRecordID>
<Correlation ActivityID="" RelatedActivityID=""></Correlation>
<Execution ProcessID="4016" ThreadID="1476"></Execution>
<Channel>Microsoft-Windows-PushNotification-Platform/Operational</Channel>
<Computer>WIN-PTFPHFCRDJ0</Computer>
<Security UserID="S-1-5-21-1152959844-3645458174-3779170896-1000"></Security>
</System>
<EventData><Data Name="GroupPolicyValue">True</Data>
<Data Name="MDMPolicyValue">True</Data>
</EventData>
</Event>

<Event xmlns="http://schemas.microsoft.com/win/2004/08/events/event"><System><Provider Name="Microsoft-Windows-PushNotifications-Platform" Guid="{88cd9180-4491-4640-b571-e3bee2527943}"></Provider>
<EventID Qualifiers="">2415</EventID>
<Version>0</Version>
<Level>4</Level>
<Task>0</Task>
<Opcode>0</Opcode>
<Keywords>0x8000000000800200</Keywords>
<TimeCreated SystemTime="2020-10-23 19:07:36.356035"></TimeCreated>
<EventRecordID>219</EventRecordID>
<Correlation ActivityID="" RelatedActivityID=""></Correlation>
<Execution ProcessID="4016" ThreadID="4032"></Execution>
<Channel>Microsoft-Windows-PushNotification-Platform/Operational</Channel>
<Computer>WIN-PTFPHFCRDJ0</Computer>
<Security UserID="S-1-5-21-1152959844-3645458174-3779170896-1000"></Security>
</System>
<EventData><Data Name="AppUserModelId">Microsoft.Explorer.Notification.{024D806E-535A-2958-AD11-EEA1F1A5B8B6}</Data>
<Data Name="ErrorCode">0</Data>
</EventData>
</Event>

<Event xmlns="http://schemas.microsoft.com/win/2004/08/events/event"><System><Provider Name="Microsoft-Windows-PushNotifications-Platform" Guid="{88cd9180-4491-4640-b571-e3bee2527943}"></Provider>
<EventID Qualifiers="">3049</EventID>
<Version>0</Version>
<Level>4</Level>
<Task>0</Task>
<Opcode>0</Opcode>
<Keywords>0x8000000000000800</Keywords>
<TimeCreated SystemTime="2020-10-23 19:07:36.912680"></TimeCreated>
<EventRecordID>220</EventRecordID>
<Correlation ActivityID="" RelatedActivityID=""></Correlation>
<Execution ProcessID="4016" ThreadID="4032"></Execution>
<Channel>Microsoft-Windows-PushNotification-Platform/Operational</Channel>
<Computer>WIN-PTFPHFCRDJ0</Computer>
<Security UserID="S-1-5-21-1152959844-3645458174-3779170896-1000"></Security>
</System>
<EventData><Data Name="Object">0x0000025f01fefd58</Data>
</EventData>
</Event>

<Event xmlns="http://schemas.microsoft.com/win/2004/08/events/event"><System><Provider Name="Microsoft-Windows-PushNotifications-Platform" Guid="{88cd9180-4491-4640-b571-e3bee2527943}"></Provider>
<EventID Qualifiers="">3049</EventID>
<Version>0</Version>
<Level>4</Level>
<Task>0</Task>
<Opcode>0</Opcode>
<Keywords>0x8000000000000800</Keywords>
<TimeCreated SystemTime="2020-10-23 19:07:36.912888"></TimeCreated>
<EventRecordID>221</EventRecordID>
<Correlation ActivityID="" RelatedActivityID=""></Correlation>
<Execution ProcessID="4016" ThreadID="4032"></Execution>
<Channel>Microsoft-Windows-PushNotification-Platform/Operational</Channel>
<Computer>WIN-PTFPHFCRDJ0</Computer>
<Security UserID="S-1-5-21-1152959844-3645458174-3779170896-1000"></Security>
</System>
<EventData><Data Name="Object">0x0000025f01fef518</Data>
</EventData>
</Event>

<Event xmlns="http://schemas.microsoft.com/win/2004/08/events/event"><System><Provider Name="Microsoft-Windows-PushNotifications-Platform" Guid="{88cd9180-4491-4640-b571-e3bee2527943}"></Provider>
<EventID Qualifiers="">2415</EventID>
<Version>0</Version>
<Level>4</Level>
<Task>0</Task>
<Opcode>0</Opcode>
<Keywords>0x8000000000800200</Keywords>
<TimeCreated SystemTime="2020-10-23 19:07:37.171795"></TimeCreated>
<EventRecordID>222</EventRecordID>
<Correlation ActivityID="" RelatedActivityID=""></Correlation>
<Execution ProcessID="4016" ThreadID="4032"></Execution>
<Channel>Microsoft-Windows-PushNotification-Platform/Operational</Channel>
<Computer>WIN-PTFPHFCRDJ0</Computer>
<Security UserID="S-1-5-21-1152959844-3645458174-3779170896-1000"></Security>
</System>
<EventData><Data Name="AppUserModelId">Microsoft.Explorer.Notification.{7820AE78-23E3-4229-82C1-E41CB67D5B9C}</Data>
<Data Name="ErrorCode">0</Data>
</EventData>
</Event>

<Event xmlns="http://schemas.microsoft.com/win/2004/08/events/event"><System><Provider Name="Microsoft-Windows-PushNotifications-Platform" Guid="{88cd9180-4491-4640-b571-e3bee2527943}"></Provider>
<EventID Qualifiers="">2415</EventID>
<Version>0</Version>
<Level>4</Level>
<Task>0</Task>
<Opcode>0</Opcode>
<Keywords>0x8000000000800200</Keywords>
<TimeCreated SystemTime="2020-10-23 19:07:37.318865"></TimeCreated>
<EventRecordID>223</EventRecordID>
<Correlation ActivityID="" RelatedActivityID=""></Correlation>
<Execution ProcessID="4016" ThreadID="4032"></Execution>
<Channel>Microsoft-Windows-PushNotification-Platform/Operational</Channel>
<Computer>WIN-PTFPHFCRDJ0</Computer>
<Security UserID="S-1-5-21-1152959844-3645458174-3779170896-1000"></Security>
</System>
<EventData><Data Name="AppUserModelId">Microsoft.Explorer.Notification.{7820AE73-23E3-4229-82C1-E41CB67D5B9C}</Data>
<Data Name="ErrorCode">0</Data>
</EventData>
</Event>

<Event xmlns="http://schemas.microsoft.com/win/2004/08/events/event"><System><Provider Name="Microsoft-Windows-PushNotifications-Platform" Guid="{88cd9180-4491-4640-b571-e3bee2527943}"></Provider>
<EventID Qualifiers="">2415</EventID>
<Version>0</Version>
<Level>4</Level>
<Task>0</Task>
<Opcode>0</Opcode>
<Keywords>0x8000000000800200</Keywords>
<TimeCreated SystemTime="2020-10-23 19:07:37.627918"></TimeCreated>
<EventRecordID>224</EventRecordID>
<Correlation ActivityID="" RelatedActivityID=""></Correlation>
<Execution ProcessID="4016" ThreadID="4032"></Execution>
<Channel>Microsoft-Windows-PushNotification-Platform/Operational</Channel>
<Computer>WIN-PTFPHFCRDJ0</Computer>
<Security UserID="S-1-5-21-1152959844-3645458174-3779170896-1000"></Security>
</System>
<EventData><Data Name="AppUserModelId">Microsoft.Explorer.Notification.{7820AE74-23E3-4229-82C1-E41CB67D5B9C}</Data>
<Data Name="ErrorCode">0</Data>
</EventData>
</Event>

<Event xmlns="http://schemas.microsoft.com/win/2004/08/events/event"><System><Provider Name="Microsoft-Windows-PushNotifications-Platform" Guid="{88cd9180-4491-4640-b571-e3bee2527943}"></Provider>
<EventID Qualifiers="">3057</EventID>
<Version>0</Version>
<Level>4</Level>
<Task>3</Task>
<Opcode>1</Opcode>
<Keywords>0x8000000000000800</Keywords>
<TimeCreated SystemTime="2020-10-23 19:07:37.941080"></TimeCreated>
<EventRecordID>225</EventRecordID>
<Correlation ActivityID="" RelatedActivityID=""></Correlation>
<Execution ProcessID="4016" ThreadID="4032"></Execution>
<Channel>Microsoft-Windows-PushNotification-Platform/Operational</Channel>
<Computer>WIN-PTFPHFCRDJ0</Computer>
<Security UserID="S-1-5-21-1152959844-3645458174-3779170896-1000"></Security>
</System>
<EventData><Data Name="SessionId">3</Data>
</EventData>
</Event>

<Event xmlns="http://schemas.microsoft.com/win/2004/08/events/event"><System><Provider Name="Microsoft-Windows-PushNotifications-Platform" Guid="{88cd9180-4491-4640-b571-e3bee2527943}"></Provider>
<EventID Qualifiers="">3058</EventID>
<Version>0</Version>
<Level>4</Level>
<Task>3</Task>
<Opcode>2</Opcode>
<Keywords>0x8000000000000800</Keywords>
<TimeCreated SystemTime="2020-10-23 19:07:37.941191"></TimeCreated>
<EventRecordID>226</EventRecordID>
<Correlation ActivityID="" RelatedActivityID=""></Correlation>
<Execution ProcessID="4016" ThreadID="4032"></Execution>
<Channel>Microsoft-Windows-PushNotification-Platform/Operational</Channel>
<Computer>WIN-PTFPHFCRDJ0</Computer>
<Security UserID="S-1-5-21-1152959844-3645458174-3779170896-1000"></Security>
</System>
<EventData><Data Name="SessionId">3</Data>
</EventData>
</Event>

<Event xmlns="http://schemas.microsoft.com/win/2004/08/events/event"><System><Provider Name="Microsoft-Windows-PushNotifications-Platform" Guid="{88cd9180-4491-4640-b571-e3bee2527943}"></Provider>
<EventID Qualifiers="">3004</EventID>
<Version>0</Version>
<Level>4</Level>
<Task>3</Task>
<Opcode>1</Opcode>
<Keywords>0x8000000000000800</Keywords>
<TimeCreated SystemTime="2020-10-23 19:07:37.944988"></TimeCreated>
<EventRecordID>227</EventRecordID>
<Correlation ActivityID="" RelatedActivityID=""></Correlation>
<Execution ProcessID="4016" ThreadID="4032"></Execution>
<Channel>Microsoft-Windows-PushNotification-Platform/Operational</Channel>
<Computer>WIN-PTFPHFCRDJ0</Computer>
<Security UserID="S-1-5-21-1152959844-3645458174-3779170896-1000"></Security>
</System>
<EventData><Data Name="SessionId">3</Data>
</EventData>
</Event>

<Event xmlns="http://schemas.microsoft.com/win/2004/08/events/event"><System><Provider Name="Microsoft-Windows-PushNotifications-Platform" Guid="{88cd9180-4491-4640-b571-e3bee2527943}"></Provider>
<EventID Qualifiers="">3005</EventID>
<Version>0</Version>
<Level>4</Level>
<Task>3</Task>
<Opcode>2</Opcode>
<Keywords>0x8000000000000800</Keywords>
<TimeCreated SystemTime="2020-10-23 19:07:37.945063"></TimeCreated>
<EventRecordID>228</EventRecordID>
<Correlation ActivityID="" RelatedActivityID=""></Correlation>
<Execution ProcessID="4016" ThreadID="4032"></Execution>
<Channel>Microsoft-Windows-PushNotification-Platform/Operational</Channel>
<Computer>WIN-PTFPHFCRDJ0</Computer>
<Security UserID="S-1-5-21-1152959844-3645458174-3779170896-1000"></Security>
</System>
<EventData><Data Name="SessionId">3</Data>
<Data Name="Error">0</Data>
</EventData>
</Event>

<Event xmlns="http://schemas.microsoft.com/win/2004/08/events/event"><System><Provider Name="Microsoft-Windows-PushNotifications-Platform" Guid="{88cd9180-4491-4640-b571-e3bee2527943}"></Provider>
<EventID Qualifiers="">3049</EventID>
<Version>0</Version>
<Level>4</Level>
<Task>0</Task>
<Opcode>0</Opcode>
<Keywords>0x8000000000000800</Keywords>
<TimeCreated SystemTime="2020-10-23 19:07:37.998890"></TimeCreated>
<EventRecordID>229</EventRecordID>
<Correlation ActivityID="" RelatedActivityID=""></Correlation>
<Execution ProcessID="4016" ThreadID="4032"></Execution>
<Channel>Microsoft-Windows-PushNotification-Platform/Operational</Channel>
<Computer>WIN-PTFPHFCRDJ0</Computer>
<Security UserID="S-1-5-21-1152959844-3645458174-3779170896-1000"></Security>
</System>
<EventData><Data Name="Object">0x0000025f01fef7d8</Data>
</EventData>
</Event>

<Event xmlns="http://schemas.microsoft.com/win/2004/08/events/event"><System><Provider Name="Microsoft-Windows-PushNotifications-Platform" Guid="{88cd9180-4491-4640-b571-e3bee2527943}"></Provider>
<EventID Qualifiers="">3049</EventID>
<Version>0</Version>
<Level>4</Level>
<Task>0</Task>
<Opcode>0</Opcode>
<Keywords>0x8000000000000800</Keywords>
<TimeCreated SystemTime="2020-10-23 19:07:38.105280"></TimeCreated>
<EventRecordID>230</EventRecordID>
<Correlation ActivityID="" RelatedActivityID=""></Correlation>
<Execution ProcessID="4016" ThreadID="4392"></Execution>
<Channel>Microsoft-Windows-PushNotification-Platform/Operational</Channel>
<Computer>WIN-PTFPHFCRDJ0</Computer>
<Security UserID="S-1-5-21-1152959844-3645458174-3779170896-1000"></Security>
</System>
<EventData><Data Name="Object">0x0000025f7fedfb98</Data>
</EventData>
</Event>

<Event xmlns="http://schemas.microsoft.com/win/2004/08/events/event"><System><Provider Name="Microsoft-Windows-PushNotifications-Platform" Guid="{88cd9180-4491-4640-b571-e3bee2527943}"></Provider>
<EventID Qualifiers="">3008</EventID>
<Version>0</Version>
<Level>4</Level>
<Task>5</Task>
<Opcode>1</Opcode>
<Keywords>0x8000000000000800</Keywords>
<TimeCreated SystemTime="2020-10-23 19:07:38.105728"></TimeCreated>
<EventRecordID>231</EventRecordID>
<Correlation ActivityID="" RelatedActivityID=""></Correlation>
<Execution ProcessID="4016" ThreadID="4392"></Execution>
<Channel>Microsoft-Windows-PushNotification-Platform/Operational</Channel>
<Computer>WIN-PTFPHFCRDJ0</Computer>
<Security UserID="S-1-5-21-1152959844-3645458174-3779170896-1000"></Security>
</System>
<EventData><Data Name="SessionId">1</Data>
</EventData>
</Event>

<Event xmlns="http://schemas.microsoft.com/win/2004/08/events/event"><System><Provider Name="Microsoft-Windows-PushNotifications-Platform" Guid="{88cd9180-4491-4640-b571-e3bee2527943}"></Provider>
<EventID Qualifiers="">3009</EventID>
<Version>0</Version>
<Level>4</Level>
<Task>5</Task>
<Opcode>2</Opcode>
<Keywords>0x8000000000000800</Keywords>
<TimeCreated SystemTime="2020-10-23 19:07:38.118313"></TimeCreated>
<EventRecordID>232</EventRecordID>
<Correlation ActivityID="" RelatedActivityID=""></Correlation>
<Execution ProcessID="4016" ThreadID="4392"></Execution>
<Channel>Microsoft-Windows-PushNotification-Platform/Operational</Channel>
<Computer>WIN-PTFPHFCRDJ0</Computer>
<Security UserID="S-1-5-21-1152959844-3645458174-3779170896-1000"></Security>
</System>
<EventData><Data Name="SessionId">1</Data>
<Data Name="Error">0</Data>
</EventData>
</Event>

<Event xmlns="http://schemas.microsoft.com/win/2004/08/events/event"><System><Provider Name="Microsoft-Windows-PushNotifications-Platform" Guid="{88cd9180-4491-4640-b571-e3bee2527943}"></Provider>
<EventID Qualifiers="">42</EventID>
<Version>0</Version>
<Level>4</Level>
<Task>0</Task>
<Opcode>0</Opcode>
<Keywords>0x8000000002801000</Keywords>
<TimeCreated SystemTime="2020-10-24 21:55:40.221355"></TimeCreated>
<EventRecordID>233</EventRecordID>
<Correlation ActivityID="" RelatedActivityID=""></Correlation>
<Execution ProcessID="4052" ThreadID="3228"></Execution>
<Channel>Microsoft-Windows-PushNotification-Platform/Operational</Channel>
<Computer>WIN-PTFPHFCRDJ0</Computer>
<Security UserID="S-1-5-21-1152959844-3645458174-3779170896-1000"></Security>
</System>
<EventData><Data Name="GroupPolicyValue">True</Data>
<Data Name="MDMPolicyValue">True</Data>
</EventData>
</Event>

<Event xmlns="http://schemas.microsoft.com/win/2004/08/events/event"><System><Provider Name="Microsoft-Windows-PushNotifications-Platform" Guid="{88cd9180-4491-4640-b571-e3bee2527943}"></Provider>
<EventID Qualifiers="">1025</EventID>
<Version>0</Version>
<Level>4</Level>
<Task>0</Task>
<Opcode>0</Opcode>
<Keywords>0x8000000000000100</Keywords>
<TimeCreated SystemTime="2020-10-24 21:55:40.222662"></TimeCreated>
<EventRecordID>234</EventRecordID>
<Correlation ActivityID="" RelatedActivityID=""></Correlation>
<Execution ProcessID="4052" ThreadID="1292"></Execution>
<Channel>Microsoft-Windows-PushNotification-Platform/Operational</Channel>
<Computer>WIN-PTFPHFCRDJ0</Computer>
<Security UserID="S-1-5-21-1152959844-3645458174-3779170896-1000"></Security>
</System>
<EventData><Data Name="PowerEventType">BatterySaverStateChange</Data>
<Data Name="IsEnabled">False</Data>
</EventData>
</Event>

<Event xmlns="http://schemas.microsoft.com/win/2004/08/events/event"><System><Provider Name="Microsoft-Windows-PushNotifications-Platform" Guid="{88cd9180-4491-4640-b571-e3bee2527943}"></Provider>
<EventID Qualifiers="">1025</EventID>
<Version>0</Version>
<Level>4</Level>
<Task>0</Task>
<Opcode>0</Opcode>
<Keywords>0x8000000000000100</Keywords>
<TimeCreated SystemTime="2020-10-24 21:55:40.247650"></TimeCreated>
<EventRecordID>235</EventRecordID>
<Correlation ActivityID="" RelatedActivityID=""></Correlation>
<Execution ProcessID="4052" ThreadID="3692"></Execution>
<Channel>Microsoft-Windows-PushNotification-Platform/Operational</Channel>
<Computer>WIN-PTFPHFCRDJ0</Computer>
<Security UserID="S-1-5-21-1152959844-3645458174-3779170896-1000"></Security>
</System>
<EventData><Data Name="PowerEventType">ACPowerChange</Data>
<Data Name="IsEnabled">True</Data>
</EventData>
</Event>

<Event xmlns="http://schemas.microsoft.com/win/2004/08/events/event"><System><Provider Name="Microsoft-Windows-PushNotifications-Platform" Guid="{88cd9180-4491-4640-b571-e3bee2527943}"></Provider>
<EventID Qualifiers="">1025</EventID>
<Version>0</Version>
<Level>4</Level>
<Task>0</Task>
<Opcode>0</Opcode>
<Keywords>0x8000000000000100</Keywords>
<TimeCreated SystemTime="2020-10-24 21:55:40.248083"></TimeCreated>
<EventRecordID>236</EventRecordID>
<Correlation ActivityID="" RelatedActivityID=""></Correlation>
<Execution ProcessID="4052" ThreadID="3692"></Execution>
<Channel>Microsoft-Windows-PushNotification-Platform/Operational</Channel>
<Computer>WIN-PTFPHFCRDJ0</Computer>
<Security UserID="S-1-5-21-1152959844-3645458174-3779170896-1000"></Security>
</System>
<EventData><Data Name="PowerEventType">MonitorSettingChange</Data>
<Data Name="IsEnabled">True</Data>
</EventData>
</Event>

<Event xmlns="http://schemas.microsoft.com/win/2004/08/events/event"><System><Provider Name="Microsoft-Windows-PushNotifications-Platform" Guid="{88cd9180-4491-4640-b571-e3bee2527943}"></Provider>
<EventID Qualifiers="">3144</EventID>
<Version>0</Version>
<Level>4</Level>
<Task>0</Task>
<Opcode>0</Opcode>
<Keywords>0x8000000000000800</Keywords>
<TimeCreated SystemTime="2020-10-24 21:55:41.355560"></TimeCreated>
<EventRecordID>237</EventRecordID>
<Correlation ActivityID="" RelatedActivityID=""></Correlation>
<Execution ProcessID="4052" ThreadID="3692"></Execution>
<Channel>Microsoft-Windows-PushNotification-Platform/Operational</Channel>
<Computer>WIN-PTFPHFCRDJ0</Computer>
<Security UserID="S-1-5-21-1152959844-3645458174-3779170896-1000"></Security>
</System>
<EventData></EventData>
</Event>

<Event xmlns="http://schemas.microsoft.com/win/2004/08/events/event"><System><Provider Name="Microsoft-Windows-PushNotifications-Platform" Guid="{88cd9180-4491-4640-b571-e3bee2527943}"></Provider>
<EventID Qualifiers="">3006</EventID>
<Version>0</Version>
<Level>4</Level>
<Task>4</Task>
<Opcode>1</Opcode>
<Keywords>0x8000000000000800</Keywords>
<TimeCreated SystemTime="2020-10-24 21:55:41.936735"></TimeCreated>
<EventRecordID>238</EventRecordID>
<Correlation ActivityID="" RelatedActivityID=""></Correlation>
<Execution ProcessID="4052" ThreadID="3228"></Execution>
<Channel>Microsoft-Windows-PushNotification-Platform/Operational</Channel>
<Computer>WIN-PTFPHFCRDJ0</Computer>
<Security UserID="S-1-5-21-1152959844-3645458174-3779170896-1000"></Security>
</System>
<EventData><Data Name="Object">0x000001ad8b6f08d8</Data>
<Data Name="ProcessName"></Data>
</EventData>
</Event>

<Event xmlns="http://schemas.microsoft.com/win/2004/08/events/event"><System><Provider Name="Microsoft-Windows-PushNotifications-Platform" Guid="{88cd9180-4491-4640-b571-e3bee2527943}"></Provider>
<EventID Qualifiers="">3007</EventID>
<Version>0</Version>
<Level>4</Level>
<Task>4</Task>
<Opcode>2</Opcode>
<Keywords>0x8000000000000800</Keywords>
<TimeCreated SystemTime="2020-10-24 21:55:41.936741"></TimeCreated>
<EventRecordID>239</EventRecordID>
<Correlation ActivityID="" RelatedActivityID=""></Correlation>
<Execution ProcessID="4052" ThreadID="3228"></Execution>
<Channel>Microsoft-Windows-PushNotification-Platform/Operational</Channel>
<Computer>WIN-PTFPHFCRDJ0</Computer>
<Security UserID="S-1-5-21-1152959844-3645458174-3779170896-1000"></Security>
</System>
<EventData><Data Name="Endpoint">0x000001ad8b6f08d8</Data>
<Data Name="SessionId">1</Data>
<Data Name="Error">0</Data>
<Data Name="ProcessName"></Data>
</EventData>
</Event>

<Event xmlns="http://schemas.microsoft.com/win/2004/08/events/event"><System><Provider Name="Microsoft-Windows-PushNotifications-Platform" Guid="{88cd9180-4491-4640-b571-e3bee2527943}"></Provider>
<EventID Qualifiers="">3049</EventID>
<Version>0</Version>
<Level>4</Level>
<Task>0</Task>
<Opcode>0</Opcode>
<Keywords>0x8000000000000800</Keywords>
<TimeCreated SystemTime="2020-10-24 21:55:46.353468"></TimeCreated>
<EventRecordID>240</EventRecordID>
<Correlation ActivityID="{e04d3c69-aa4f-0000-c048-4de04faad601}" RelatedActivityID=""></Correlation>
<Execution ProcessID="4052" ThreadID="3728"></Execution>
<Channel>Microsoft-Windows-PushNotification-Platform/Operational</Channel>
<Computer>WIN-PTFPHFCRDJ0</Computer>
<Security UserID="S-1-5-21-1152959844-3645458174-3779170896-1000"></Security>
</System>
<EventData><Data Name="Object">0x000001ad8d55c448</Data>
</EventData>
</Event>

<Event xmlns="http://schemas.microsoft.com/win/2004/08/events/event"><System><Provider Name="Microsoft-Windows-PushNotifications-Platform" Guid="{88cd9180-4491-4640-b571-e3bee2527943}"></Provider>
<EventID Qualifiers="">2413</EventID>
<Version>0</Version>
<Level>4</Level>
<Task>0</Task>
<Opcode>0</Opcode>
<Keywords>0x8000000000800200</Keywords>
<TimeCreated SystemTime="2020-10-24 21:55:47.837637"></TimeCreated>
<EventRecordID>241</EventRecordID>
<Correlation ActivityID="" RelatedActivityID=""></Correlation>
<Execution ProcessID="4052" ThreadID="2984"></Execution>
<Channel>Microsoft-Windows-PushNotification-Platform/Operational</Channel>
<Computer>WIN-PTFPHFCRDJ0</Computer>
<Security UserID="S-1-5-21-1152959844-3645458174-3779170896-1000"></Security>
</System>
<EventData><Data Name="PackageFullName">windows.immersivecontrolpanel_cw5n1h2txyewy</Data>
<Data Name="AppUserModelId">windows.immersivecontrolpanel_cw5n1h2txyewy!microsoft.windows.immersivecontrolpanel</Data>
<Data Name="AppSettings">1536</Data>
<Data Name="AppType">268435456</Data>
<Data Name="ErrorCode">0</Data>
</EventData>
</Event>

<Event xmlns="http://schemas.microsoft.com/win/2004/08/events/event"><System><Provider Name="Microsoft-Windows-PushNotifications-Platform" Guid="{88cd9180-4491-4640-b571-e3bee2527943}"></Provider>
<EventID Qualifiers="">3000</EventID>
<Version>0</Version>
<Level>4</Level>
<Task>1</Task>
<Opcode>1</Opcode>
<Keywords>0x8000000000000800</Keywords>
<TimeCreated SystemTime="2020-10-24 21:56:13.152294"></TimeCreated>
<EventRecordID>242</EventRecordID>
<Correlation ActivityID="" RelatedActivityID=""></Correlation>
<Execution ProcessID="4052" ThreadID="3692"></Execution>
<Channel>Microsoft-Windows-PushNotification-Platform/Operational</Channel>
<Computer>WIN-PTFPHFCRDJ0</Computer>
<Security UserID="S-1-5-21-1152959844-3645458174-3779170896-1000"></Security>
</System>
<EventData><Data Name="Object">0x000001ad8d55b898</Data>
<Data Name="ProcessName">C:\Windows\SystemApps\ShellExperienceHost_cw5n1h2txyewy\ShellExperienceHost.exe</Data>
</EventData>
</Event>

<Event xmlns="http://schemas.microsoft.com/win/2004/08/events/event"><System><Provider Name="Microsoft-Windows-PushNotifications-Platform" Guid="{88cd9180-4491-4640-b571-e3bee2527943}"></Provider>
<EventID Qualifiers="">3001</EventID>
<Version>0</Version>
<Level>4</Level>
<Task>1</Task>
<Opcode>2</Opcode>
<Keywords>0x8000000000000800</Keywords>
<TimeCreated SystemTime="2020-10-24 21:56:13.152338"></TimeCreated>
<EventRecordID>243</EventRecordID>
<Correlation ActivityID="" RelatedActivityID=""></Correlation>
<Execution ProcessID="4052" ThreadID="3692"></Execution>
<Channel>Microsoft-Windows-PushNotification-Platform/Operational</Channel>
<Computer>WIN-PTFPHFCRDJ0</Computer>
<Security UserID="S-1-5-21-1152959844-3645458174-3779170896-1000"></Security>
</System>
<EventData><Data Name="Endpoint">0x000001ad8d55b898</Data>
<Data Name="SessionId">2</Data>
<Data Name="Error">0</Data>
<Data Name="ProcessName">C:\Windows\SystemApps\ShellExperienceHost_cw5n1h2txyewy\ShellExperienceHost.exe</Data>
<Data Name="QueuedTileCloses">0</Data>
<Data Name="QueuedTileCleanups">0</Data>
</EventData>
</Event>

<Event xmlns="http://schemas.microsoft.com/win/2004/08/events/event"><System><Provider Name="Microsoft-Windows-PushNotifications-Platform" Guid="{88cd9180-4491-4640-b571-e3bee2527943}"></Provider>
<EventID Qualifiers="">2413</EventID>
<Version>0</Version>
<Level>4</Level>
<Task>0</Task>
<Opcode>0</Opcode>
<Keywords>0x8000000000800200</Keywords>
<TimeCreated SystemTime="2020-10-24 21:56:13.665960"></TimeCreated>
<EventRecordID>244</EventRecordID>
<Correlation ActivityID="" RelatedActivityID=""></Correlation>
<Execution ProcessID="4052" ThreadID="3692"></Execution>
<Channel>Microsoft-Windows-PushNotification-Platform/Operational</Channel>
<Computer>WIN-PTFPHFCRDJ0</Computer>
<Security UserID="S-1-5-21-1152959844-3645458174-3779170896-1000"></Security>
</System>
<EventData><Data Name="PackageFullName">System</Data>
<Data Name="AppUserModelId">Windows.SystemToast.WindowsTip</Data>
<Data Name="AppSettings">9471</Data>
<Data Name="AppType">1073741824</Data>
<Data Name="ErrorCode">0</Data>
</EventData>
</Event>

<Event xmlns="http://schemas.microsoft.com/win/2004/08/events/event"><System><Provider Name="Microsoft-Windows-PushNotifications-Platform" Guid="{88cd9180-4491-4640-b571-e3bee2527943}"></Provider>
<EventID Qualifiers="">3000</EventID>
<Version>0</Version>
<Level>4</Level>
<Task>1</Task>
<Opcode>1</Opcode>
<Keywords>0x8000000000000800</Keywords>
<TimeCreated SystemTime="2020-10-24 21:56:18.701952"></TimeCreated>
<EventRecordID>245</EventRecordID>
<Correlation ActivityID="" RelatedActivityID=""></Correlation>
<Execution ProcessID="4052" ThreadID="3228"></Execution>
<Channel>Microsoft-Windows-PushNotification-Platform/Operational</Channel>
<Computer>WIN-PTFPHFCRDJ0</Computer>
<Security UserID="S-1-5-21-1152959844-3645458174-3779170896-1000"></Security>
</System>
<EventData><Data Name="Object">0x000001ad8d55baa8</Data>
<Data Name="ProcessName">C:\Windows\explorer.exe</Data>
</EventData>
</Event>

<Event xmlns="http://schemas.microsoft.com/win/2004/08/events/event"><System><Provider Name="Microsoft-Windows-PushNotifications-Platform" Guid="{88cd9180-4491-4640-b571-e3bee2527943}"></Provider>
<EventID Qualifiers="">3001</EventID>
<Version>0</Version>
<Level>4</Level>
<Task>1</Task>
<Opcode>2</Opcode>
<Keywords>0x8000000000000800</Keywords>
<TimeCreated SystemTime="2020-10-24 21:56:18.701967"></TimeCreated>
<EventRecordID>246</EventRecordID>
<Correlation ActivityID="" RelatedActivityID=""></Correlation>
<Execution ProcessID="4052" ThreadID="3228"></Execution>
<Channel>Microsoft-Windows-PushNotification-Platform/Operational</Channel>
<Computer>WIN-PTFPHFCRDJ0</Computer>
<Security UserID="S-1-5-21-1152959844-3645458174-3779170896-1000"></Security>
</System>
<EventData><Data Name="Endpoint">0x000001ad8d55baa8</Data>
<Data Name="SessionId">3</Data>
<Data Name="Error">0</Data>
<Data Name="ProcessName">C:\Windows\explorer.exe</Data>
<Data Name="QueuedTileCloses">0</Data>
<Data Name="QueuedTileCleanups">0</Data>
</EventData>
</Event>

<Event xmlns="http://schemas.microsoft.com/win/2004/08/events/event"><System><Provider Name="Microsoft-Windows-PushNotifications-Platform" Guid="{88cd9180-4491-4640-b571-e3bee2527943}"></Provider>
<EventID Qualifiers="">3055</EventID>
<Version>0</Version>
<Level>4</Level>
<Task>23</Task>
<Opcode>0</Opcode>
<Keywords>0x80000000a1878800</Keywords>
<TimeCreated SystemTime="2020-10-24 21:59:06.697754"></TimeCreated>
<EventRecordID>247</EventRecordID>
<Correlation ActivityID="" RelatedActivityID=""></Correlation>
<Execution ProcessID="4052" ThreadID="3972"></Execution>
<Channel>Microsoft-Windows-PushNotification-Platform/Operational</Channel>
<Computer>WIN-PTFPHFCRDJ0</Computer>
<Security UserID="S-1-5-21-1152959844-3645458174-3779170896-1000"></Security>
</System>
<EventData><Data Name="SessionId">1</Data>
</EventData>
</Event>

<Event xmlns="http://schemas.microsoft.com/win/2004/08/events/event"><System><Provider Name="Microsoft-Windows-PushNotifications-Platform" Guid="{88cd9180-4491-4640-b571-e3bee2527943}"></Provider>
<EventID Qualifiers="">3055</EventID>
<Version>0</Version>
<Level>4</Level>
<Task>23</Task>
<Opcode>0</Opcode>
<Keywords>0x80000000a1878800</Keywords>
<TimeCreated SystemTime="2020-10-24 21:59:06.697790"></TimeCreated>
<EventRecordID>248</EventRecordID>
<Correlation ActivityID="" RelatedActivityID=""></Correlation>
<Execution ProcessID="4052" ThreadID="4416"></Execution>
<Channel>Microsoft-Windows-PushNotification-Platform/Operational</Channel>
<Computer>WIN-PTFPHFCRDJ0</Computer>
<Security UserID="S-1-5-21-1152959844-3645458174-3779170896-1000"></Security>
</System>
<EventData><Data Name="SessionId">1</Data>
</EventData>
</Event>

<Event xmlns="http://schemas.microsoft.com/win/2004/08/events/event"><System><Provider Name="Microsoft-Windows-PushNotifications-Platform" Guid="{88cd9180-4491-4640-b571-e3bee2527943}"></Provider>
<EventID Qualifiers="">3055</EventID>
<Version>0</Version>
<Level>4</Level>
<Task>23</Task>
<Opcode>0</Opcode>
<Keywords>0x80000000a1878800</Keywords>
<TimeCreated SystemTime="2020-10-24 21:59:06.697861"></TimeCreated>
<EventRecordID>249</EventRecordID>
<Correlation ActivityID="" RelatedActivityID=""></Correlation>
<Execution ProcessID="4052" ThreadID="4072"></Execution>
<Channel>Microsoft-Windows-PushNotification-Platform/Operational</Channel>
<Computer>WIN-PTFPHFCRDJ0</Computer>
<Security UserID="S-1-5-21-1152959844-3645458174-3779170896-1000"></Security>
</System>
<EventData><Data Name="SessionId">1</Data>
</EventData>
</Event>

<Event xmlns="http://schemas.microsoft.com/win/2004/08/events/event"><System><Provider Name="Microsoft-Windows-PushNotifications-Platform" Guid="{88cd9180-4491-4640-b571-e3bee2527943}"></Provider>
<EventID Qualifiers="">3128</EventID>
<Version>0</Version>
<Level>4</Level>
<Task>33</Task>
<Opcode>1</Opcode>
<Keywords>0x8000000000000800</Keywords>
<TimeCreated SystemTime="2020-10-24 21:59:06.698381"></TimeCreated>
<EventRecordID>250</EventRecordID>
<Correlation ActivityID="" RelatedActivityID=""></Correlation>
<Execution ProcessID="4052" ThreadID="5020"></Execution>
<Channel>Microsoft-Windows-PushNotification-Platform/Operational</Channel>
<Computer>WIN-PTFPHFCRDJ0</Computer>
<Security UserID="S-1-5-21-1152959844-3645458174-3779170896-1000"></Security>
</System>
<EventData></EventData>
</Event>

<Event xmlns="http://schemas.microsoft.com/win/2004/08/events/event"><System><Provider Name="Microsoft-Windows-PushNotifications-Platform" Guid="{88cd9180-4491-4640-b571-e3bee2527943}"></Provider>
<EventID Qualifiers="">3128</EventID>
<Version>0</Version>
<Level>4</Level>
<Task>33</Task>
<Opcode>1</Opcode>
<Keywords>0x8000000000000800</Keywords>
<TimeCreated SystemTime="2020-10-24 21:59:06.698498"></TimeCreated>
<EventRecordID>251</EventRecordID>
<Correlation ActivityID="" RelatedActivityID=""></Correlation>
<Execution ProcessID="4052" ThreadID="4672"></Execution>
<Channel>Microsoft-Windows-PushNotification-Platform/Operational</Channel>
<Computer>WIN-PTFPHFCRDJ0</Computer>
<Security UserID="S-1-5-21-1152959844-3645458174-3779170896-1000"></Security>
</System>
<EventData></EventData>
</Event>

<Event xmlns="http://schemas.microsoft.com/win/2004/08/events/event"><System><Provider Name="Microsoft-Windows-PushNotifications-Platform" Guid="{88cd9180-4491-4640-b571-e3bee2527943}"></Provider>
<EventID Qualifiers="">3129</EventID>
<Version>0</Version>
<Level>4</Level>
<Task>33</Task>
<Opcode>2</Opcode>
<Keywords>0x8000000000000800</Keywords>
<TimeCreated SystemTime="2020-10-24 21:59:06.750973"></TimeCreated>
<EventRecordID>252</EventRecordID>
<Correlation ActivityID="" RelatedActivityID=""></Correlation>
<Execution ProcessID="4052" ThreadID="5020"></Execution>
<Channel>Microsoft-Windows-PushNotification-Platform/Operational</Channel>
<Computer>WIN-PTFPHFCRDJ0</Computer>
<Security UserID="S-1-5-21-1152959844-3645458174-3779170896-1000"></Security>
</System>
<EventData></EventData>
</Event>

<Event xmlns="http://schemas.microsoft.com/win/2004/08/events/event"><System><Provider Name="Microsoft-Windows-PushNotifications-Platform" Guid="{88cd9180-4491-4640-b571-e3bee2527943}"></Provider>
<EventID Qualifiers="">3128</EventID>
<Version>0</Version>
<Level>4</Level>
<Task>33</Task>
<Opcode>1</Opcode>
<Keywords>0x8000000000000800</Keywords>
<TimeCreated SystemTime="2020-10-24 21:59:06.751043"></TimeCreated>
<EventRecordID>253</EventRecordID>
<Correlation ActivityID="" RelatedActivityID=""></Correlation>
<Execution ProcessID="4052" ThreadID="4416"></Execution>
<Channel>Microsoft-Windows-PushNotification-Platform/Operational</Channel>
<Computer>WIN-PTFPHFCRDJ0</Computer>
<Security UserID="S-1-5-21-1152959844-3645458174-3779170896-1000"></Security>
</System>
<EventData></EventData>
</Event>

<Event xmlns="http://schemas.microsoft.com/win/2004/08/events/event"><System><Provider Name="Microsoft-Windows-PushNotifications-Platform" Guid="{88cd9180-4491-4640-b571-e3bee2527943}"></Provider>
<EventID Qualifiers="">3129</EventID>
<Version>0</Version>
<Level>4</Level>
<Task>33</Task>
<Opcode>2</Opcode>
<Keywords>0x8000000000000800</Keywords>
<TimeCreated SystemTime="2020-10-24 21:59:06.751074"></TimeCreated>
<EventRecordID>254</EventRecordID>
<Correlation ActivityID="" RelatedActivityID=""></Correlation>
<Execution ProcessID="4052" ThreadID="4416"></Execution>
<Channel>Microsoft-Windows-PushNotification-Platform/Operational</Channel>
<Computer>WIN-PTFPHFCRDJ0</Computer>
<Security UserID="S-1-5-21-1152959844-3645458174-3779170896-1000"></Security>
</System>
<EventData></EventData>
</Event>

<Event xmlns="http://schemas.microsoft.com/win/2004/08/events/event"><System><Provider Name="Microsoft-Windows-PushNotifications-Platform" Guid="{88cd9180-4491-4640-b571-e3bee2527943}"></Provider>
<EventID Qualifiers="">3129</EventID>
<Version>0</Version>
<Level>4</Level>
<Task>33</Task>
<Opcode>2</Opcode>
<Keywords>0x8000000000000800</Keywords>
<TimeCreated SystemTime="2020-10-24 21:59:06.751139"></TimeCreated>
<EventRecordID>255</EventRecordID>
<Correlation ActivityID="" RelatedActivityID=""></Correlation>
<Execution ProcessID="4052" ThreadID="4672"></Execution>
<Channel>Microsoft-Windows-PushNotification-Platform/Operational</Channel>
<Computer>WIN-PTFPHFCRDJ0</Computer>
<Security UserID="S-1-5-21-1152959844-3645458174-3779170896-1000"></Security>
</System>
<EventData></EventData>
</Event>

<Event xmlns="http://schemas.microsoft.com/win/2004/08/events/event"><System><Provider Name="Microsoft-Windows-PushNotifications-Platform" Guid="{88cd9180-4491-4640-b571-e3bee2527943}"></Provider>
<EventID Qualifiers="">42</EventID>
<Version>0</Version>
<Level>4</Level>
<Task>0</Task>
<Opcode>0</Opcode>
<Keywords>0x8000000002801000</Keywords>
<TimeCreated SystemTime="2020-10-24 22:24:32.543480"></TimeCreated>
<EventRecordID>256</EventRecordID>
<Correlation ActivityID="" RelatedActivityID=""></Correlation>
<Execution ProcessID="3692" ThreadID="2852"></Execution>
<Channel>Microsoft-Windows-PushNotification-Platform/Operational</Channel>
<Computer>WIN-PTFPHFCRDJ0</Computer>
<Security UserID="S-1-5-21-1152959844-3645458174-3779170896-1000"></Security>
</System>
<EventData><Data Name="GroupPolicyValue">True</Data>
<Data Name="MDMPolicyValue">True</Data>
</EventData>
</Event>

<Event xmlns="http://schemas.microsoft.com/win/2004/08/events/event"><System><Provider Name="Microsoft-Windows-PushNotifications-Platform" Guid="{88cd9180-4491-4640-b571-e3bee2527943}"></Provider>
<EventID Qualifiers="">1025</EventID>
<Version>0</Version>
<Level>4</Level>
<Task>0</Task>
<Opcode>0</Opcode>
<Keywords>0x8000000000000100</Keywords>
<TimeCreated SystemTime="2020-10-24 22:24:32.544926"></TimeCreated>
<EventRecordID>257</EventRecordID>
<Correlation ActivityID="" RelatedActivityID=""></Correlation>
<Execution ProcessID="3692" ThreadID="3896"></Execution>
<Channel>Microsoft-Windows-PushNotification-Platform/Operational</Channel>
<Computer>WIN-PTFPHFCRDJ0</Computer>
<Security UserID="S-1-5-21-1152959844-3645458174-3779170896-1000"></Security>
</System>
<EventData><Data Name="PowerEventType">BatterySaverStateChange</Data>
<Data Name="IsEnabled">False</Data>
</EventData>
</Event>

<Event xmlns="http://schemas.microsoft.com/win/2004/08/events/event"><System><Provider Name="Microsoft-Windows-PushNotifications-Platform" Guid="{88cd9180-4491-4640-b571-e3bee2527943}"></Provider>
<EventID Qualifiers="">1025</EventID>
<Version>0</Version>
<Level>4</Level>
<Task>0</Task>
<Opcode>0</Opcode>
<Keywords>0x8000000000000100</Keywords>
<TimeCreated SystemTime="2020-10-24 22:24:32.562130"></TimeCreated>
<EventRecordID>258</EventRecordID>
<Correlation ActivityID="" RelatedActivityID=""></Correlation>
<Execution ProcessID="3692" ThreadID="2444"></Execution>
<Channel>Microsoft-Windows-PushNotification-Platform/Operational</Channel>
<Computer>WIN-PTFPHFCRDJ0</Computer>
<Security UserID="S-1-5-21-1152959844-3645458174-3779170896-1000"></Security>
</System>
<EventData><Data Name="PowerEventType">ACPowerChange</Data>
<Data Name="IsEnabled">True</Data>
</EventData>
</Event>

<Event xmlns="http://schemas.microsoft.com/win/2004/08/events/event"><System><Provider Name="Microsoft-Windows-PushNotifications-Platform" Guid="{88cd9180-4491-4640-b571-e3bee2527943}"></Provider>
<EventID Qualifiers="">1025</EventID>
<Version>0</Version>
<Level>4</Level>
<Task>0</Task>
<Opcode>0</Opcode>
<Keywords>0x8000000000000100</Keywords>
<TimeCreated SystemTime="2020-10-24 22:24:32.562546"></TimeCreated>
<EventRecordID>259</EventRecordID>
<Correlation ActivityID="" RelatedActivityID=""></Correlation>
<Execution ProcessID="3692" ThreadID="2444"></Execution>
<Channel>Microsoft-Windows-PushNotification-Platform/Operational</Channel>
<Computer>WIN-PTFPHFCRDJ0</Computer>
<Security UserID="S-1-5-21-1152959844-3645458174-3779170896-1000"></Security>
</System>
<EventData><Data Name="PowerEventType">MonitorSettingChange</Data>
<Data Name="IsEnabled">True</Data>
</EventData>
</Event>

<Event xmlns="http://schemas.microsoft.com/win/2004/08/events/event"><System><Provider Name="Microsoft-Windows-PushNotifications-Platform" Guid="{88cd9180-4491-4640-b571-e3bee2527943}"></Provider>
<EventID Qualifiers="">3144</EventID>
<Version>0</Version>
<Level>4</Level>
<Task>0</Task>
<Opcode>0</Opcode>
<Keywords>0x8000000000000800</Keywords>
<TimeCreated SystemTime="2020-10-24 22:24:32.894053"></TimeCreated>
<EventRecordID>260</EventRecordID>
<Correlation ActivityID="" RelatedActivityID=""></Correlation>
<Execution ProcessID="3692" ThreadID="2552"></Execution>
<Channel>Microsoft-Windows-PushNotification-Platform/Operational</Channel>
<Computer>WIN-PTFPHFCRDJ0</Computer>
<Security UserID="S-1-5-21-1152959844-3645458174-3779170896-1000"></Security>
</System>
<EventData></EventData>
</Event>

<Event xmlns="http://schemas.microsoft.com/win/2004/08/events/event"><System><Provider Name="Microsoft-Windows-PushNotifications-Platform" Guid="{88cd9180-4491-4640-b571-e3bee2527943}"></Provider>
<EventID Qualifiers="">3006</EventID>
<Version>0</Version>
<Level>4</Level>
<Task>4</Task>
<Opcode>1</Opcode>
<Keywords>0x8000000000000800</Keywords>
<TimeCreated SystemTime="2020-10-24 22:24:34.734566"></TimeCreated>
<EventRecordID>261</EventRecordID>
<Correlation ActivityID="" RelatedActivityID=""></Correlation>
<Execution ProcessID="3692" ThreadID="2852"></Execution>
<Channel>Microsoft-Windows-PushNotification-Platform/Operational</Channel>
<Computer>WIN-PTFPHFCRDJ0</Computer>
<Security UserID="S-1-5-21-1152959844-3645458174-3779170896-1000"></Security>
</System>
<EventData><Data Name="Object">0x000002d8eac685b8</Data>
<Data Name="ProcessName"></Data>
</EventData>
</Event>

<Event xmlns="http://schemas.microsoft.com/win/2004/08/events/event"><System><Provider Name="Microsoft-Windows-PushNotifications-Platform" Guid="{88cd9180-4491-4640-b571-e3bee2527943}"></Provider>
<EventID Qualifiers="">3007</EventID>
<Version>0</Version>
<Level>4</Level>
<Task>4</Task>
<Opcode>2</Opcode>
<Keywords>0x8000000000000800</Keywords>
<TimeCreated SystemTime="2020-10-24 22:24:34.734573"></TimeCreated>
<EventRecordID>262</EventRecordID>
<Correlation ActivityID="" RelatedActivityID=""></Correlation>
<Execution ProcessID="3692" ThreadID="2852"></Execution>
<Channel>Microsoft-Windows-PushNotification-Platform/Operational</Channel>
<Computer>WIN-PTFPHFCRDJ0</Computer>
<Security UserID="S-1-5-21-1152959844-3645458174-3779170896-1000"></Security>
</System>
<EventData><Data Name="Endpoint">0x000002d8eac685b8</Data>
<Data Name="SessionId">1</Data>
<Data Name="Error">0</Data>
<Data Name="ProcessName"></Data>
</EventData>
</Event>

<Event xmlns="http://schemas.microsoft.com/win/2004/08/events/event"><System><Provider Name="Microsoft-Windows-PushNotifications-Platform" Guid="{88cd9180-4491-4640-b571-e3bee2527943}"></Provider>
<EventID Qualifiers="">2413</EventID>
<Version>0</Version>
<Level>4</Level>
<Task>0</Task>
<Opcode>0</Opcode>
<Keywords>0x8000000000800200</Keywords>
<TimeCreated SystemTime="2020-10-24 22:24:40.562250"></TimeCreated>
<EventRecordID>263</EventRecordID>
<Correlation ActivityID="" RelatedActivityID=""></Correlation>
<Execution ProcessID="3692" ThreadID="2660"></Execution>
<Channel>Microsoft-Windows-PushNotification-Platform/Operational</Channel>
<Computer>WIN-PTFPHFCRDJ0</Computer>
<Security UserID="S-1-5-21-1152959844-3645458174-3779170896-1000"></Security>
</System>
<EventData><Data Name="PackageFullName">windows.immersivecontrolpanel_cw5n1h2txyewy</Data>
<Data Name="AppUserModelId">windows.immersivecontrolpanel_cw5n1h2txyewy!microsoft.windows.immersivecontrolpanel</Data>
<Data Name="AppSettings">1536</Data>
<Data Name="AppType">268435456</Data>
<Data Name="ErrorCode">0</Data>
</EventData>
</Event>

<Event xmlns="http://schemas.microsoft.com/win/2004/08/events/event"><System><Provider Name="Microsoft-Windows-PushNotifications-Platform" Guid="{88cd9180-4491-4640-b571-e3bee2527943}"></Provider>
<EventID Qualifiers="">3000</EventID>
<Version>0</Version>
<Level>4</Level>
<Task>1</Task>
<Opcode>1</Opcode>
<Keywords>0x8000000000000800</Keywords>
<TimeCreated SystemTime="2020-10-24 22:25:07.744387"></TimeCreated>
<EventRecordID>264</EventRecordID>
<Correlation ActivityID="" RelatedActivityID=""></Correlation>
<Execution ProcessID="3692" ThreadID="2660"></Execution>
<Channel>Microsoft-Windows-PushNotification-Platform/Operational</Channel>
<Computer>WIN-PTFPHFCRDJ0</Computer>
<Security UserID="S-1-5-21-1152959844-3645458174-3779170896-1000"></Security>
</System>
<EventData><Data Name="Object">0x000002d8ecc4a548</Data>
<Data Name="ProcessName">C:\Windows\SystemApps\ShellExperienceHost_cw5n1h2txyewy\ShellExperienceHost.exe</Data>
</EventData>
</Event>

<Event xmlns="http://schemas.microsoft.com/win/2004/08/events/event"><System><Provider Name="Microsoft-Windows-PushNotifications-Platform" Guid="{88cd9180-4491-4640-b571-e3bee2527943}"></Provider>
<EventID Qualifiers="">3001</EventID>
<Version>0</Version>
<Level>4</Level>
<Task>1</Task>
<Opcode>2</Opcode>
<Keywords>0x8000000000000800</Keywords>
<TimeCreated SystemTime="2020-10-24 22:25:07.744425"></TimeCreated>
<EventRecordID>265</EventRecordID>
<Correlation ActivityID="" RelatedActivityID=""></Correlation>
<Execution ProcessID="3692" ThreadID="2660"></Execution>
<Channel>Microsoft-Windows-PushNotification-Platform/Operational</Channel>
<Computer>WIN-PTFPHFCRDJ0</Computer>
<Security UserID="S-1-5-21-1152959844-3645458174-3779170896-1000"></Security>
</System>
<EventData><Data Name="Endpoint">0x000002d8ecc4a548</Data>
<Data Name="SessionId">2</Data>
<Data Name="Error">0</Data>
<Data Name="ProcessName">C:\Windows\SystemApps\ShellExperienceHost_cw5n1h2txyewy\ShellExperienceHost.exe</Data>
<Data Name="QueuedTileCloses">0</Data>
<Data Name="QueuedTileCleanups">0</Data>
</EventData>
</Event>

<Event xmlns="http://schemas.microsoft.com/win/2004/08/events/event"><System><Provider Name="Microsoft-Windows-PushNotifications-Platform" Guid="{88cd9180-4491-4640-b571-e3bee2527943}"></Provider>
<EventID Qualifiers="">2413</EventID>
<Version>0</Version>
<Level>4</Level>
<Task>0</Task>
<Opcode>0</Opcode>
<Keywords>0x8000000000800200</Keywords>
<TimeCreated SystemTime="2020-10-24 22:25:08.594439"></TimeCreated>
<EventRecordID>266</EventRecordID>
<Correlation ActivityID="" RelatedActivityID=""></Correlation>
<Execution ProcessID="3692" ThreadID="2660"></Execution>
<Channel>Microsoft-Windows-PushNotification-Platform/Operational</Channel>
<Computer>WIN-PTFPHFCRDJ0</Computer>
<Security UserID="S-1-5-21-1152959844-3645458174-3779170896-1000"></Security>
</System>
<EventData><Data Name="PackageFullName">System</Data>
<Data Name="AppUserModelId">Windows.SystemToast.WindowsTip</Data>
<Data Name="AppSettings">9471</Data>
<Data Name="AppType">1073741824</Data>
<Data Name="ErrorCode">0</Data>
</EventData>
</Event>

<Event xmlns="http://schemas.microsoft.com/win/2004/08/events/event"><System><Provider Name="Microsoft-Windows-PushNotifications-Platform" Guid="{88cd9180-4491-4640-b571-e3bee2527943}"></Provider>
<EventID Qualifiers="">3000</EventID>
<Version>0</Version>
<Level>4</Level>
<Task>1</Task>
<Opcode>1</Opcode>
<Keywords>0x8000000000000800</Keywords>
<TimeCreated SystemTime="2020-10-24 22:25:10.268686"></TimeCreated>
<EventRecordID>267</EventRecordID>
<Correlation ActivityID="" RelatedActivityID=""></Correlation>
<Execution ProcessID="3692" ThreadID="2852"></Execution>
<Channel>Microsoft-Windows-PushNotification-Platform/Operational</Channel>
<Computer>WIN-PTFPHFCRDJ0</Computer>
<Security UserID="S-1-5-21-1152959844-3645458174-3779170896-1000"></Security>
</System>
<EventData><Data Name="Object">0x000002d8ecc48c88</Data>
<Data Name="ProcessName">C:\Windows\explorer.exe</Data>
</EventData>
</Event>

<Event xmlns="http://schemas.microsoft.com/win/2004/08/events/event"><System><Provider Name="Microsoft-Windows-PushNotifications-Platform" Guid="{88cd9180-4491-4640-b571-e3bee2527943}"></Provider>
<EventID Qualifiers="">3001</EventID>
<Version>0</Version>
<Level>4</Level>
<Task>1</Task>
<Opcode>2</Opcode>
<Keywords>0x8000000000000800</Keywords>
<TimeCreated SystemTime="2020-10-24 22:25:10.268728"></TimeCreated>
<EventRecordID>268</EventRecordID>
<Correlation ActivityID="" RelatedActivityID=""></Correlation>
<Execution ProcessID="3692" ThreadID="2852"></Execution>
<Channel>Microsoft-Windows-PushNotification-Platform/Operational</Channel>
<Computer>WIN-PTFPHFCRDJ0</Computer>
<Security UserID="S-1-5-21-1152959844-3645458174-3779170896-1000"></Security>
</System>
<EventData><Data Name="Endpoint">0x000002d8ecc48c88</Data>
<Data Name="SessionId">3</Data>
<Data Name="Error">0</Data>
<Data Name="ProcessName">C:\Windows\explorer.exe</Data>
<Data Name="QueuedTileCloses">0</Data>
<Data Name="QueuedTileCleanups">0</Data>
</EventData>
</Event>

<Event xmlns="http://schemas.microsoft.com/win/2004/08/events/event"><System><Provider Name="Microsoft-Windows-PushNotifications-Platform" Guid="{88cd9180-4491-4640-b571-e3bee2527943}"></Provider>
<EventID Qualifiers="">1025</EventID>
<Version>0</Version>
<Level>4</Level>
<Task>0</Task>
<Opcode>0</Opcode>
<Keywords>0x8000000000000100</Keywords>
<TimeCreated SystemTime="2020-10-24 22:52:34.206448"></TimeCreated>
<EventRecordID>269</EventRecordID>
<Correlation ActivityID="" RelatedActivityID=""></Correlation>
<Execution ProcessID="3692" ThreadID="3712"></Execution>
<Channel>Microsoft-Windows-PushNotification-Platform/Operational</Channel>
<Computer>WIN-PTFPHFCRDJ0</Computer>
<Security UserID="S-1-5-21-1152959844-3645458174-3779170896-1000"></Security>
</System>
<EventData><Data Name="PowerEventType">MonitorSettingChange</Data>
<Data Name="IsEnabled">False</Data>
</EventData>
</Event>

