<?xml version="1.1" encoding="utf-8" standalone="yes" ?>

<Events>
<Event xmlns="http://schemas.microsoft.com/win/2004/08/events/event"><System><Provider Name="Microsoft-Windows-SMBClient" Guid="{988c59c5-0a1c-45b6-a555-0c62276e327d}"></Provider>
<EventID Qualifiers="">30904</EventID>
<Version>2</Version>
<Level>4</Level>
<Task>0</Task>
<Opcode>0</Opcode>
<Keywords>0x2000000000000020</Keywords>
<TimeCreated SystemTime="2020-10-24 22:13:13.005589"></TimeCreated>
<EventRecordID>1</EventRecordID>
<Correlation ActivityID="" RelatedActivityID=""></Correlation>
<Execution ProcessID="4" ThreadID="408"></Execution>
<Channel>Microsoft-Windows-SMBClient/Operational</Channel>
<Computer>WIN-PTFPHFCRDJ0</Computer>
<Security UserID="S-1-5-18"></Security>
</System>
<EventData><Data Name="ServerNameLength">7</Data>
<Data Name="ServerName">\UBUNTU</Data>
</EventData>
</Event>

<Event xmlns="http://schemas.microsoft.com/win/2004/08/events/event"><System><Provider Name="Microsoft-Windows-SMBClient" Guid="{988c59c5-0a1c-45b6-a555-0c62276e327d}"></Provider>
<EventID Qualifiers="">30904</EventID>
<Version>2</Version>
<Level>4</Level>
<Task>0</Task>
<Opcode>0</Opcode>
<Keywords>0x2000000000000020</Keywords>
<TimeCreated SystemTime="2020-10-24 22:26:50.739399"></TimeCreated>
<EventRecordID>2</EventRecordID>
<Correlation ActivityID="" RelatedActivityID=""></Correlation>
<Execution ProcessID="4" ThreadID="420"></Execution>
<Channel>Microsoft-Windows-SMBClient/Operational</Channel>
<Computer>WIN-PTFPHFCRDJ0</Computer>
<Security UserID="S-1-5-18"></Security>
</System>
<EventData><Data Name="ServerNameLength">7</Data>
<Data Name="ServerName">\UBUNTU</Data>
</EventData>
</Event>

<Event xmlns="http://schemas.microsoft.com/win/2004/08/events/event"><System><Provider Name="Microsoft-Windows-SMBClient" Guid="{988c59c5-0a1c-45b6-a555-0c62276e327d}"></Provider>
<EventID Qualifiers="">30904</EventID>
<Version>2</Version>
<Level>4</Level>
<Task>0</Task>
<Opcode>0</Opcode>
<Keywords>0x2000000000000020</Keywords>
<TimeCreated SystemTime="2020-10-26 15:55:18.454908"></TimeCreated>
<EventRecordID>3</EventRecordID>
<Correlation ActivityID="" RelatedActivityID=""></Correlation>
<Execution ProcessID="4" ThreadID="404"></Execution>
<Channel>Microsoft-Windows-SMBClient/Operational</Channel>
<Computer>WIN-PTFPHFCRDJ0</Computer>
<Security UserID="S-1-5-18"></Security>
</System>
<EventData><Data Name="ServerNameLength">7</Data>
<Data Name="ServerName">\UBUNTU</Data>
</EventData>
</Event>

<Event xmlns="http://schemas.microsoft.com/win/2004/08/events/event"><System><Provider Name="Microsoft-Windows-SMBClient" Guid="{988c59c5-0a1c-45b6-a555-0c62276e327d}"></Provider>
<EventID Qualifiers="">30904</EventID>
<Version>2</Version>
<Level>4</Level>
<Task>0</Task>
<Opcode>0</Opcode>
<Keywords>0x2000000000000020</Keywords>
<TimeCreated SystemTime="2020-10-26 16:04:40.827311"></TimeCreated>
<EventRecordID>4</EventRecordID>
<Correlation ActivityID="" RelatedActivityID=""></Correlation>
<Execution ProcessID="4" ThreadID="88"></Execution>
<Channel>Microsoft-Windows-SMBClient/Operational</Channel>
<Computer>WIN-PTFPHFCRDJ0</Computer>
<Security UserID="S-1-5-18"></Security>
</System>
<EventData><Data Name="ServerNameLength">7</Data>
<Data Name="ServerName">\UBUNTU</Data>
</EventData>
</Event>

<Event xmlns="http://schemas.microsoft.com/win/2004/08/events/event"><System><Provider Name="Microsoft-Windows-SMBClient" Guid="{988c59c5-0a1c-45b6-a555-0c62276e327d}"></Provider>
<EventID Qualifiers="">30904</EventID>
<Version>2</Version>
<Level>4</Level>
<Task>0</Task>
<Opcode>0</Opcode>
<Keywords>0x2000000000000020</Keywords>
<TimeCreated SystemTime="2020-10-26 16:43:28.852108"></TimeCreated>
<EventRecordID>5</EventRecordID>
<Correlation ActivityID="" RelatedActivityID=""></Correlation>
<Execution ProcessID="4" ThreadID="396"></Execution>
<Channel>Microsoft-Windows-SMBClient/Operational</Channel>
<Computer>WIN-PTFPHFCRDJ0</Computer>
<Security UserID="S-1-5-18"></Security>
</System>
<EventData><Data Name="ServerNameLength">7</Data>
<Data Name="ServerName">\UBUNTU</Data>
</EventData>
</Event>

<Event xmlns="http://schemas.microsoft.com/win/2004/08/events/event"><System><Provider Name="Microsoft-Windows-SMBClient" Guid="{988c59c5-0a1c-45b6-a555-0c62276e327d}"></Provider>
<EventID Qualifiers="">30904</EventID>
<Version>2</Version>
<Level>4</Level>
<Task>0</Task>
<Opcode>0</Opcode>
<Keywords>0x2000000000000020</Keywords>
<TimeCreated SystemTime="2020-10-26 16:52:33.043203"></TimeCreated>
<EventRecordID>6</EventRecordID>
<Correlation ActivityID="" RelatedActivityID=""></Correlation>
<Execution ProcessID="4" ThreadID="1740"></Execution>
<Channel>Microsoft-Windows-SMBClient/Operational</Channel>
<Computer>WIN-PTFPHFCRDJ0</Computer>
<Security UserID="S-1-5-18"></Security>
</System>
<EventData><Data Name="ServerNameLength">7</Data>
<Data Name="ServerName">\UBUNTU</Data>
</EventData>
</Event>

<Event xmlns="http://schemas.microsoft.com/win/2004/08/events/event"><System><Provider Name="Microsoft-Windows-SMBClient" Guid="{988c59c5-0a1c-45b6-a555-0c62276e327d}"></Provider>
<EventID Qualifiers="">30904</EventID>
<Version>2</Version>
<Level>4</Level>
<Task>0</Task>
<Opcode>0</Opcode>
<Keywords>0x2000000000000020</Keywords>
<TimeCreated SystemTime="2020-10-26 16:59:00.981314"></TimeCreated>
<EventRecordID>7</EventRecordID>
<Correlation ActivityID="" RelatedActivityID=""></Correlation>
<Execution ProcessID="4" ThreadID="252"></Execution>
<Channel>Microsoft-Windows-SMBClient/Operational</Channel>
<Computer>WIN-PTFPHFCRDJ0</Computer>
<Security UserID="S-1-5-18"></Security>
</System>
<EventData><Data Name="ServerNameLength">7</Data>
<Data Name="ServerName">\UBUNTU</Data>
</EventData>
</Event>

<Event xmlns="http://schemas.microsoft.com/win/2004/08/events/event"><System><Provider Name="Microsoft-Windows-SMBClient" Guid="{988c59c5-0a1c-45b6-a555-0c62276e327d}"></Provider>
<EventID Qualifiers="">30904</EventID>
<Version>2</Version>
<Level>4</Level>
<Task>0</Task>
<Opcode>0</Opcode>
<Keywords>0x2000000000000020</Keywords>
<TimeCreated SystemTime="2020-10-26 17:04:00.335131"></TimeCreated>
<EventRecordID>8</EventRecordID>
<Correlation ActivityID="" RelatedActivityID=""></Correlation>
<Execution ProcessID="4" ThreadID="252"></Execution>
<Channel>Microsoft-Windows-SMBClient/Operational</Channel>
<Computer>WIN-PTFPHFCRDJ0</Computer>
<Security UserID="S-1-5-18"></Security>
</System>
<EventData><Data Name="ServerNameLength">7</Data>
<Data Name="ServerName">\UBUNTU</Data>
</EventData>
</Event>

<Event xmlns="http://schemas.microsoft.com/win/2004/08/events/event"><System><Provider Name="Microsoft-Windows-SMBClient" Guid="{988c59c5-0a1c-45b6-a555-0c62276e327d}"></Provider>
<EventID Qualifiers="">30904</EventID>
<Version>2</Version>
<Level>4</Level>
<Task>0</Task>
<Opcode>0</Opcode>
<Keywords>0x2000000000000020</Keywords>
<TimeCreated SystemTime="2020-10-26 18:08:37.052170"></TimeCreated>
<EventRecordID>9</EventRecordID>
<Correlation ActivityID="" RelatedActivityID=""></Correlation>
<Execution ProcessID="4" ThreadID="4656"></Execution>
<Channel>Microsoft-Windows-SMBClient/Operational</Channel>
<Computer>WIN-PTFPHFCRDJ0</Computer>
<Security UserID="S-1-5-18"></Security>
</System>
<EventData><Data Name="ServerNameLength">7</Data>
<Data Name="ServerName">\UBUNTU</Data>
</EventData>
</Event>

</Events>
