<?xml version="1.1" encoding="utf-8" standalone="yes" ?>

<Events>
<Event xmlns="http://schemas.microsoft.com/win/2004/08/events/event"><System><Provider Name="Microsoft-Windows-AppModel-Runtime" Guid="{f1ef270a-0d32-4352-ba52-dbab41e1d859}"></Provider>
<EventID Qualifiers="">39</EventID>
<Version>0</Version>
<Level>4</Level>
<Task>0</Task>
<Opcode>0</Opcode>
<Keywords>0x2000000000000002</Keywords>
<TimeCreated SystemTime="2020-10-23 09:20:53.453783"></TimeCreated>
<EventRecordID>1</EventRecordID>
<Correlation ActivityID="" RelatedActivityID=""></Correlation>
<Execution ProcessID="728" ThreadID="912"></Execution>
<Channel>Microsoft-Windows-AppModel-Runtime/Admin</Channel>
<Computer>WIN-PTFPHFCRDJ0</Computer>
<Security UserID="S-1-5-18"></Security>
</System>
<EventData><Data Name="AppContainerName">microsoft.windows.fontdrvhost</Data>
</EventData>
</Event>

<Event xmlns="http://schemas.microsoft.com/win/2004/08/events/event"><System><Provider Name="Microsoft-Windows-AppModel-Runtime" Guid="{f1ef270a-0d32-4352-ba52-dbab41e1d859}"></Provider>
<EventID Qualifiers="">36</EventID>
<Version>0</Version>
<Level>2</Level>
<Task>0</Task>
<Opcode>0</Opcode>
<Keywords>0x2000000000000002</Keywords>
<TimeCreated SystemTime="2020-10-23 09:20:53.540298"></TimeCreated>
<EventRecordID>2</EventRecordID>
<Correlation ActivityID="" RelatedActivityID=""></Correlation>
<Execution ProcessID="684" ThreadID="788"></Execution>
<Channel>Microsoft-Windows-AppModel-Runtime/Admin</Channel>
<Computer>WIN-PTFPHFCRDJ0</Computer>
<Security UserID="S-1-5-18"></Security>
</System>
<EventData><Data Name="ErrorCode">2147944122</Data>
</EventData>
</Event>

<Event xmlns="http://schemas.microsoft.com/win/2004/08/events/event"><System><Provider Name="Microsoft-Windows-AppModel-Runtime" Guid="{f1ef270a-0d32-4352-ba52-dbab41e1d859}"></Provider>
<EventID Qualifiers="">39</EventID>
<Version>0</Version>
<Level>4</Level>
<Task>0</Task>
<Opcode>0</Opcode>
<Keywords>0x2000000000000002</Keywords>
<TimeCreated SystemTime="2020-10-23 09:20:53.542370"></TimeCreated>
<EventRecordID>3</EventRecordID>
<Correlation ActivityID="" RelatedActivityID=""></Correlation>
<Execution ProcessID="684" ThreadID="788"></Execution>
<Channel>Microsoft-Windows-AppModel-Runtime/Admin</Channel>
<Computer>WIN-PTFPHFCRDJ0</Computer>
<Security UserID="S-1-5-18"></Security>
</System>
<EventData><Data Name="AppContainerName">microsoft.windows.fontdrvhost</Data>
</EventData>
</Event>

<Event xmlns="http://schemas.microsoft.com/win/2004/08/events/event"><System><Provider Name="Microsoft-Windows-AppModel-Runtime" Guid="{f1ef270a-0d32-4352-ba52-dbab41e1d859}"></Provider>
<EventID Qualifiers="">40</EventID>
<Version>0</Version>
<Level>4</Level>
<Task>0</Task>
<Opcode>0</Opcode>
<Keywords>0x2000000000000002</Keywords>
<TimeCreated SystemTime="2020-10-23 09:21:58.359123"></TimeCreated>
<EventRecordID>4</EventRecordID>
<Correlation ActivityID="" RelatedActivityID=""></Correlation>
<Execution ProcessID="720" ThreadID="780"></Execution>
<Channel>Microsoft-Windows-AppModel-Runtime/Admin</Channel>
<Computer>WIN-PTFPHFCRDJ0</Computer>
<Security UserID="S-1-5-18"></Security>
</System>
<EventData><Data Name="AppContainerName">onecore\ds\security\gina\profile\profext\appcontainer.cpp Line:1812 Usermode Font Driver Host microsoft.windows.fontdrvhost</Data>
</EventData>
</Event>

<Event xmlns="http://schemas.microsoft.com/win/2004/08/events/event"><System><Provider Name="Microsoft-Windows-AppModel-Runtime" Guid="{f1ef270a-0d32-4352-ba52-dbab41e1d859}"></Provider>
<EventID Qualifiers="">40</EventID>
<Version>0</Version>
<Level>4</Level>
<Task>0</Task>
<Opcode>0</Opcode>
<Keywords>0x2000000000000002</Keywords>
<TimeCreated SystemTime="2020-10-23 09:21:58.365385"></TimeCreated>
<EventRecordID>5</EventRecordID>
<Correlation ActivityID="" RelatedActivityID=""></Correlation>
<Execution ProcessID="664" ThreadID="756"></Execution>
<Channel>Microsoft-Windows-AppModel-Runtime/Admin</Channel>
<Computer>WIN-PTFPHFCRDJ0</Computer>
<Security UserID="S-1-5-18"></Security>
</System>
<EventData><Data Name="AppContainerName">onecore\ds\security\gina\profile\profext\appcontainer.cpp Line:1812 Usermode Font Driver Host microsoft.windows.fontdrvhost</Data>
</EventData>
</Event>

<Event xmlns="http://schemas.microsoft.com/win/2004/08/events/event"><System><Provider Name="Microsoft-Windows-AppModel-Runtime" Guid="{f1ef270a-0d32-4352-ba52-dbab41e1d859}"></Provider>
<EventID Qualifiers="">69</EventID>
<Version>0</Version>
<Level>2</Level>
<Task>0</Task>
<Opcode>0</Opcode>
<Keywords>0x2000000000000001</Keywords>
<TimeCreated SystemTime="2020-10-22 20:52:28.953283"></TimeCreated>
<EventRecordID>6</EventRecordID>
<Correlation ActivityID="{f2d9b0db-a91d-0000-d0c7-d9f21da9d601}" RelatedActivityID=""></Correlation>
<Execution ProcessID="1476" ThreadID="3980"></Execution>
<Channel>Microsoft-Windows-AppModel-Runtime/Admin</Channel>
<Computer>WIN-PTFPHFCRDJ0</Computer>
<Security UserID="S-1-5-18"></Security>
</System>
<EventData><Data Name="ErrorCode">1168</Data>
<Data Name="PackageFullName">Microsoft.AAD.BrokerPlugin_1000.17763.1.0_neutral_neutral_cw5n1h2txyewy</Data>
<Data Name="User">S-1-5-21-1152959844-3645458174-3779170896-1000</Data>
<Data Name="DesiredStatus">32</Data>
<Data Name="CurrentStatus">0</Data>
</EventData>
</Event>

<Event xmlns="http://schemas.microsoft.com/win/2004/08/events/event"><System><Provider Name="Microsoft-Windows-AppModel-Runtime" Guid="{f1ef270a-0d32-4352-ba52-dbab41e1d859}"></Provider>
<EventID Qualifiers="">39</EventID>
<Version>0</Version>
<Level>4</Level>
<Task>0</Task>
<Opcode>0</Opcode>
<Keywords>0x2000000000000002</Keywords>
<TimeCreated SystemTime="2020-10-22 20:52:29.469124"></TimeCreated>
<EventRecordID>7</EventRecordID>
<Correlation ActivityID="{f2d9b0db-a91d-0000-d0c7-d9f21da9d601}" RelatedActivityID=""></Correlation>
<Execution ProcessID="1476" ThreadID="3980"></Execution>
<Channel>Microsoft-Windows-AppModel-Runtime/Admin</Channel>
<Computer>WIN-PTFPHFCRDJ0</Computer>
<Security UserID="S-1-5-21-1152959844-3645458174-3779170896-1000"></Security>
</System>
<EventData><Data Name="AppContainerName">Microsoft.AAD.BrokerPlugin_cw5n1h2txyewy</Data>
</EventData>
</Event>

<Event xmlns="http://schemas.microsoft.com/win/2004/08/events/event"><System><Provider Name="Microsoft-Windows-AppModel-Runtime" Guid="{f1ef270a-0d32-4352-ba52-dbab41e1d859}"></Provider>
<EventID Qualifiers="">69</EventID>
<Version>0</Version>
<Level>2</Level>
<Task>0</Task>
<Opcode>0</Opcode>
<Keywords>0x2000000000000001</Keywords>
<TimeCreated SystemTime="2020-10-22 20:52:29.913563"></TimeCreated>
<EventRecordID>8</EventRecordID>
<Correlation ActivityID="{f2d9b0db-a91d-0000-d3c7-d9f21da9d601}" RelatedActivityID=""></Correlation>
<Execution ProcessID="1476" ThreadID="3980"></Execution>
<Channel>Microsoft-Windows-AppModel-Runtime/Admin</Channel>
<Computer>WIN-PTFPHFCRDJ0</Computer>
<Security UserID="S-1-5-18"></Security>
</System>
<EventData><Data Name="ErrorCode">1168</Data>
<Data Name="PackageFullName">Microsoft.Windows.CloudExperienceHost_10.0.17763.1_neutral_neutral_cw5n1h2txyewy</Data>
<Data Name="User">S-1-5-21-1152959844-3645458174-3779170896-1000</Data>
<Data Name="DesiredStatus">32</Data>
<Data Name="CurrentStatus">0</Data>
</EventData>
</Event>

<Event xmlns="http://schemas.microsoft.com/win/2004/08/events/event"><System><Provider Name="Microsoft-Windows-AppModel-Runtime" Guid="{f1ef270a-0d32-4352-ba52-dbab41e1d859}"></Provider>
<EventID Qualifiers="">39</EventID>
<Version>0</Version>
<Level>4</Level>
<Task>0</Task>
<Opcode>0</Opcode>
<Keywords>0x2000000000000002</Keywords>
<TimeCreated SystemTime="2020-10-22 20:52:29.960815"></TimeCreated>
<EventRecordID>9</EventRecordID>
<Correlation ActivityID="{f2d9b0db-a91d-0000-d3c7-d9f21da9d601}" RelatedActivityID=""></Correlation>
<Execution ProcessID="1476" ThreadID="3980"></Execution>
<Channel>Microsoft-Windows-AppModel-Runtime/Admin</Channel>
<Computer>WIN-PTFPHFCRDJ0</Computer>
<Security UserID="S-1-5-21-1152959844-3645458174-3779170896-1000"></Security>
</System>
<EventData><Data Name="AppContainerName">Microsoft.Windows.CloudExperienceHost_cw5n1h2txyewy</Data>
</EventData>
</Event>

<Event xmlns="http://schemas.microsoft.com/win/2004/08/events/event"><System><Provider Name="Microsoft-Windows-AppModel-Runtime" Guid="{f1ef270a-0d32-4352-ba52-dbab41e1d859}"></Provider>
<EventID Qualifiers="">69</EventID>
<Version>0</Version>
<Level>2</Level>
<Task>0</Task>
<Opcode>0</Opcode>
<Keywords>0x2000000000000001</Keywords>
<TimeCreated SystemTime="2020-10-22 20:52:30.447659"></TimeCreated>
<EventRecordID>10</EventRecordID>
<Correlation ActivityID="{f2d9b0db-a91d-0000-82c9-d9f21da9d601}" RelatedActivityID=""></Correlation>
<Execution ProcessID="1476" ThreadID="4064"></Execution>
<Channel>Microsoft-Windows-AppModel-Runtime/Admin</Channel>
<Computer>WIN-PTFPHFCRDJ0</Computer>
<Security UserID="S-1-5-18"></Security>
</System>
<EventData><Data Name="ErrorCode">1168</Data>
<Data Name="PackageFullName">Microsoft.Windows.ShellExperienceHost_10.0.17763.1_neutral_neutral_cw5n1h2txyewy</Data>
<Data Name="User">S-1-5-21-1152959844-3645458174-3779170896-1000</Data>
<Data Name="DesiredStatus">32</Data>
<Data Name="CurrentStatus">0</Data>
</EventData>
</Event>

<Event xmlns="http://schemas.microsoft.com/win/2004/08/events/event"><System><Provider Name="Microsoft-Windows-AppModel-Runtime" Guid="{f1ef270a-0d32-4352-ba52-dbab41e1d859}"></Provider>
<EventID Qualifiers="">39</EventID>
<Version>0</Version>
<Level>4</Level>
<Task>0</Task>
<Opcode>0</Opcode>
<Keywords>0x2000000000000002</Keywords>
<TimeCreated SystemTime="2020-10-22 20:52:30.530144"></TimeCreated>
<EventRecordID>11</EventRecordID>
<Correlation ActivityID="{f2d9b0db-a91d-0000-82c9-d9f21da9d601}" RelatedActivityID=""></Correlation>
<Execution ProcessID="1476" ThreadID="4064"></Execution>
<Channel>Microsoft-Windows-AppModel-Runtime/Admin</Channel>
<Computer>WIN-PTFPHFCRDJ0</Computer>
<Security UserID="S-1-5-21-1152959844-3645458174-3779170896-1000"></Security>
</System>
<EventData><Data Name="AppContainerName">Microsoft.Windows.ShellExperienceHost_cw5n1h2txyewy</Data>
</EventData>
</Event>

<Event xmlns="http://schemas.microsoft.com/win/2004/08/events/event"><System><Provider Name="Microsoft-Windows-AppModel-Runtime" Guid="{f1ef270a-0d32-4352-ba52-dbab41e1d859}"></Provider>
<EventID Qualifiers="">69</EventID>
<Version>0</Version>
<Level>2</Level>
<Task>0</Task>
<Opcode>0</Opcode>
<Keywords>0x2000000000000001</Keywords>
<TimeCreated SystemTime="2020-10-22 20:52:30.791048"></TimeCreated>
<EventRecordID>12</EventRecordID>
<Correlation ActivityID="{f2d9b0db-a91d-0000-65ca-d9f21da9d601}" RelatedActivityID=""></Correlation>
<Execution ProcessID="1476" ThreadID="3984"></Execution>
<Channel>Microsoft-Windows-AppModel-Runtime/Admin</Channel>
<Computer>WIN-PTFPHFCRDJ0</Computer>
<Security UserID="S-1-5-18"></Security>
</System>
<EventData><Data Name="ErrorCode">1168</Data>
<Data Name="PackageFullName">Microsoft.Windows.Cortana_1.11.5.17763_neutral_neutral_cw5n1h2txyewy</Data>
<Data Name="User">S-1-5-21-1152959844-3645458174-3779170896-1000</Data>
<Data Name="DesiredStatus">32</Data>
<Data Name="CurrentStatus">0</Data>
</EventData>
</Event>

<Event xmlns="http://schemas.microsoft.com/win/2004/08/events/event"><System><Provider Name="Microsoft-Windows-AppModel-Runtime" Guid="{f1ef270a-0d32-4352-ba52-dbab41e1d859}"></Provider>
<EventID Qualifiers="">39</EventID>
<Version>0</Version>
<Level>4</Level>
<Task>0</Task>
<Opcode>0</Opcode>
<Keywords>0x2000000000000002</Keywords>
<TimeCreated SystemTime="2020-10-22 20:52:30.864859"></TimeCreated>
<EventRecordID>13</EventRecordID>
<Correlation ActivityID="{f2d9b0db-a91d-0000-65ca-d9f21da9d601}" RelatedActivityID=""></Correlation>
<Execution ProcessID="1476" ThreadID="3984"></Execution>
<Channel>Microsoft-Windows-AppModel-Runtime/Admin</Channel>
<Computer>WIN-PTFPHFCRDJ0</Computer>
<Security UserID="S-1-5-21-1152959844-3645458174-3779170896-1000"></Security>
</System>
<EventData><Data Name="AppContainerName">Microsoft.Windows.Cortana_cw5n1h2txyewy</Data>
</EventData>
</Event>

<Event xmlns="http://schemas.microsoft.com/win/2004/08/events/event"><System><Provider Name="Microsoft-Windows-AppModel-Runtime" Guid="{f1ef270a-0d32-4352-ba52-dbab41e1d859}"></Provider>
<EventID Qualifiers="">70</EventID>
<Version>0</Version>
<Level>4</Level>
<Task>0</Task>
<Opcode>0</Opcode>
<Keywords>0x2000000000000001</Keywords>
<TimeCreated SystemTime="2020-10-22 20:52:34.313198"></TimeCreated>
<EventRecordID>14</EventRecordID>
<Correlation ActivityID="{f2d9b0db-a91d-0000-b6cd-d9f21da9d601}" RelatedActivityID=""></Correlation>
<Execution ProcessID="1476" ThreadID="3984"></Execution>
<Channel>Microsoft-Windows-AppModel-Runtime/Admin</Channel>
<Computer>WIN-PTFPHFCRDJ0</Computer>
<Security UserID="S-1-5-18"></Security>
</System>
<EventData><Data Name="PackageFullName">1527c705-839a-4832-9118-54d4Bd6a0c89_10.0.17763.1_neutral_neutral_cw5n1h2txyewy</Data>
<Data Name="User">S-1-5-21-1152959844-3645458174-3779170896-1000</Data>
<Data Name="DesiredStatus">2048</Data>
<Data Name="CurrentStatus">0</Data>
</EventData>
</Event>

<Event xmlns="http://schemas.microsoft.com/win/2004/08/events/event"><System><Provider Name="Microsoft-Windows-AppModel-Runtime" Guid="{f1ef270a-0d32-4352-ba52-dbab41e1d859}"></Provider>
<EventID Qualifiers="">70</EventID>
<Version>0</Version>
<Level>4</Level>
<Task>0</Task>
<Opcode>0</Opcode>
<Keywords>0x2000000000000001</Keywords>
<TimeCreated SystemTime="2020-10-22 20:52:34.314795"></TimeCreated>
<EventRecordID>15</EventRecordID>
<Correlation ActivityID="{f2d9b0db-a91d-0000-b6cd-d9f21da9d601}" RelatedActivityID=""></Correlation>
<Execution ProcessID="1476" ThreadID="3984"></Execution>
<Channel>Microsoft-Windows-AppModel-Runtime/Admin</Channel>
<Computer>WIN-PTFPHFCRDJ0</Computer>
<Security UserID="S-1-5-18"></Security>
</System>
<EventData><Data Name="PackageFullName">c5e2524a-ea46-4f67-841f-6a9465d9d515_10.0.17763.1_neutral_neutral_cw5n1h2txyewy</Data>
<Data Name="User">S-1-5-21-1152959844-3645458174-3779170896-1000</Data>
<Data Name="DesiredStatus">2048</Data>
<Data Name="CurrentStatus">0</Data>
</EventData>
</Event>

<Event xmlns="http://schemas.microsoft.com/win/2004/08/events/event"><System><Provider Name="Microsoft-Windows-AppModel-Runtime" Guid="{f1ef270a-0d32-4352-ba52-dbab41e1d859}"></Provider>
<EventID Qualifiers="">70</EventID>
<Version>0</Version>
<Level>4</Level>
<Task>0</Task>
<Opcode>0</Opcode>
<Keywords>0x2000000000000001</Keywords>
<TimeCreated SystemTime="2020-10-22 20:52:34.316242"></TimeCreated>
<EventRecordID>16</EventRecordID>
<Correlation ActivityID="{f2d9b0db-a91d-0000-b6cd-d9f21da9d601}" RelatedActivityID=""></Correlation>
<Execution ProcessID="1476" ThreadID="3984"></Execution>
<Channel>Microsoft-Windows-AppModel-Runtime/Admin</Channel>
<Computer>WIN-PTFPHFCRDJ0</Computer>
<Security UserID="S-1-5-18"></Security>
</System>
<EventData><Data Name="PackageFullName">E2A4F912-2574-4A75-9BB0-0D023378592B_10.0.17763.1_neutral_neutral_cw5n1h2txyewy</Data>
<Data Name="User">S-1-5-21-1152959844-3645458174-3779170896-1000</Data>
<Data Name="DesiredStatus">2048</Data>
<Data Name="CurrentStatus">0</Data>
</EventData>
</Event>

<Event xmlns="http://schemas.microsoft.com/win/2004/08/events/event"><System><Provider Name="Microsoft-Windows-AppModel-Runtime" Guid="{f1ef270a-0d32-4352-ba52-dbab41e1d859}"></Provider>
<EventID Qualifiers="">70</EventID>
<Version>0</Version>
<Level>4</Level>
<Task>0</Task>
<Opcode>0</Opcode>
<Keywords>0x2000000000000001</Keywords>
<TimeCreated SystemTime="2020-10-22 20:52:34.317684"></TimeCreated>
<EventRecordID>17</EventRecordID>
<Correlation ActivityID="{f2d9b0db-a91d-0000-b6cd-d9f21da9d601}" RelatedActivityID=""></Correlation>
<Execution ProcessID="1476" ThreadID="3984"></Execution>
<Channel>Microsoft-Windows-AppModel-Runtime/Admin</Channel>
<Computer>WIN-PTFPHFCRDJ0</Computer>
<Security UserID="S-1-5-18"></Security>
</System>
<EventData><Data Name="PackageFullName">F46D4000-FD22-4DB4-AC8E-4E1DDDE828FE_10.0.17763.1_neutral_neutral_cw5n1h2txyewy</Data>
<Data Name="User">S-1-5-21-1152959844-3645458174-3779170896-1000</Data>
<Data Name="DesiredStatus">2048</Data>
<Data Name="CurrentStatus">0</Data>
</EventData>
</Event>

<Event xmlns="http://schemas.microsoft.com/win/2004/08/events/event"><System><Provider Name="Microsoft-Windows-AppModel-Runtime" Guid="{f1ef270a-0d32-4352-ba52-dbab41e1d859}"></Provider>
<EventID Qualifiers="">70</EventID>
<Version>0</Version>
<Level>4</Level>
<Task>0</Task>
<Opcode>0</Opcode>
<Keywords>0x2000000000000001</Keywords>
<TimeCreated SystemTime="2020-10-22 20:52:34.319094"></TimeCreated>
<EventRecordID>18</EventRecordID>
<Correlation ActivityID="{f2d9b0db-a91d-0000-b6cd-d9f21da9d601}" RelatedActivityID=""></Correlation>
<Execution ProcessID="1476" ThreadID="3984"></Execution>
<Channel>Microsoft-Windows-AppModel-Runtime/Admin</Channel>
<Computer>WIN-PTFPHFCRDJ0</Computer>
<Security UserID="S-1-5-18"></Security>
</System>
<EventData><Data Name="PackageFullName">InputApp_1000.17763.1.0_neutral_neutral_cw5n1h2txyewy</Data>
<Data Name="User">S-1-5-21-1152959844-3645458174-3779170896-1000</Data>
<Data Name="DesiredStatus">2048</Data>
<Data Name="CurrentStatus">0</Data>
</EventData>
</Event>

<Event xmlns="http://schemas.microsoft.com/win/2004/08/events/event"><System><Provider Name="Microsoft-Windows-AppModel-Runtime" Guid="{f1ef270a-0d32-4352-ba52-dbab41e1d859}"></Provider>
<EventID Qualifiers="">70</EventID>
<Version>0</Version>
<Level>4</Level>
<Task>0</Task>
<Opcode>0</Opcode>
<Keywords>0x2000000000000001</Keywords>
<TimeCreated SystemTime="2020-10-22 20:52:34.320631"></TimeCreated>
<EventRecordID>19</EventRecordID>
<Correlation ActivityID="{f2d9b0db-a91d-0000-b6cd-d9f21da9d601}" RelatedActivityID=""></Correlation>
<Execution ProcessID="1476" ThreadID="3984"></Execution>
<Channel>Microsoft-Windows-AppModel-Runtime/Admin</Channel>
<Computer>WIN-PTFPHFCRDJ0</Computer>
<Security UserID="S-1-5-18"></Security>
</System>
<EventData><Data Name="PackageFullName">Microsoft.AccountsControl_10.0.17763.1_neutral__cw5n1h2txyewy</Data>
<Data Name="User">S-1-5-21-1152959844-3645458174-3779170896-1000</Data>
<Data Name="DesiredStatus">2048</Data>
<Data Name="CurrentStatus">0</Data>
</EventData>
</Event>

<Event xmlns="http://schemas.microsoft.com/win/2004/08/events/event"><System><Provider Name="Microsoft-Windows-AppModel-Runtime" Guid="{f1ef270a-0d32-4352-ba52-dbab41e1d859}"></Provider>
<EventID Qualifiers="">70</EventID>
<Version>0</Version>
<Level>4</Level>
<Task>0</Task>
<Opcode>0</Opcode>
<Keywords>0x2000000000000001</Keywords>
<TimeCreated SystemTime="2020-10-22 20:52:34.322031"></TimeCreated>
<EventRecordID>20</EventRecordID>
<Correlation ActivityID="{f2d9b0db-a91d-0000-b6cd-d9f21da9d601}" RelatedActivityID=""></Correlation>
<Execution ProcessID="1476" ThreadID="3984"></Execution>
<Channel>Microsoft-Windows-AppModel-Runtime/Admin</Channel>
<Computer>WIN-PTFPHFCRDJ0</Computer>
<Security UserID="S-1-5-18"></Security>
</System>
<EventData><Data Name="PackageFullName">Microsoft.AsyncTextService_10.0.17763.1_neutral__8wekyb3d8bbwe</Data>
<Data Name="User">S-1-5-21-1152959844-3645458174-3779170896-1000</Data>
<Data Name="DesiredStatus">2048</Data>
<Data Name="CurrentStatus">0</Data>
</EventData>
</Event>

<Event xmlns="http://schemas.microsoft.com/win/2004/08/events/event"><System><Provider Name="Microsoft-Windows-AppModel-Runtime" Guid="{f1ef270a-0d32-4352-ba52-dbab41e1d859}"></Provider>
<EventID Qualifiers="">70</EventID>
<Version>0</Version>
<Level>4</Level>
<Task>0</Task>
<Opcode>0</Opcode>
<Keywords>0x2000000000000001</Keywords>
<TimeCreated SystemTime="2020-10-22 20:52:34.323458"></TimeCreated>
<EventRecordID>21</EventRecordID>
<Correlation ActivityID="{f2d9b0db-a91d-0000-b6cd-d9f21da9d601}" RelatedActivityID=""></Correlation>
<Execution ProcessID="1476" ThreadID="3984"></Execution>
<Channel>Microsoft-Windows-AppModel-Runtime/Admin</Channel>
<Computer>WIN-PTFPHFCRDJ0</Computer>
<Security UserID="S-1-5-18"></Security>
</System>
<EventData><Data Name="PackageFullName">Microsoft.BioEnrollment_10.0.17763.1_neutral__cw5n1h2txyewy</Data>
<Data Name="User">S-1-5-21-1152959844-3645458174-3779170896-1000</Data>
<Data Name="DesiredStatus">2048</Data>
<Data Name="CurrentStatus">0</Data>
</EventData>
</Event>

<Event xmlns="http://schemas.microsoft.com/win/2004/08/events/event"><System><Provider Name="Microsoft-Windows-AppModel-Runtime" Guid="{f1ef270a-0d32-4352-ba52-dbab41e1d859}"></Provider>
<EventID Qualifiers="">70</EventID>
<Version>0</Version>
<Level>4</Level>
<Task>0</Task>
<Opcode>0</Opcode>
<Keywords>0x2000000000000001</Keywords>
<TimeCreated SystemTime="2020-10-22 20:52:34.325129"></TimeCreated>
<EventRecordID>22</EventRecordID>
<Correlation ActivityID="{f2d9b0db-a91d-0000-b6cd-d9f21da9d601}" RelatedActivityID=""></Correlation>
<Execution ProcessID="1476" ThreadID="3984"></Execution>
<Channel>Microsoft-Windows-AppModel-Runtime/Admin</Channel>
<Computer>WIN-PTFPHFCRDJ0</Computer>
<Security UserID="S-1-5-18"></Security>
</System>
<EventData><Data Name="PackageFullName">Microsoft.CredDialogHost_10.0.17763.1_neutral__cw5n1h2txyewy</Data>
<Data Name="User">S-1-5-21-1152959844-3645458174-3779170896-1000</Data>
<Data Name="DesiredStatus">2048</Data>
<Data Name="CurrentStatus">0</Data>
</EventData>
</Event>

<Event xmlns="http://schemas.microsoft.com/win/2004/08/events/event"><System><Provider Name="Microsoft-Windows-AppModel-Runtime" Guid="{f1ef270a-0d32-4352-ba52-dbab41e1d859}"></Provider>
<EventID Qualifiers="">70</EventID>
<Version>0</Version>
<Level>4</Level>
<Task>0</Task>
<Opcode>0</Opcode>
<Keywords>0x2000000000000001</Keywords>
<TimeCreated SystemTime="2020-10-22 20:52:34.326712"></TimeCreated>
<EventRecordID>23</EventRecordID>
<Correlation ActivityID="{f2d9b0db-a91d-0000-b6cd-d9f21da9d601}" RelatedActivityID=""></Correlation>
<Execution ProcessID="1476" ThreadID="3984"></Execution>
<Channel>Microsoft-Windows-AppModel-Runtime/Admin</Channel>
<Computer>WIN-PTFPHFCRDJ0</Computer>
<Security UserID="S-1-5-18"></Security>
</System>
<EventData><Data Name="PackageFullName">Microsoft.ECApp_10.0.17763.1_neutral__8wekyb3d8bbwe</Data>
<Data Name="User">S-1-5-21-1152959844-3645458174-3779170896-1000</Data>
<Data Name="DesiredStatus">2048</Data>
<Data Name="CurrentStatus">0</Data>
</EventData>
</Event>

<Event xmlns="http://schemas.microsoft.com/win/2004/08/events/event"><System><Provider Name="Microsoft-Windows-AppModel-Runtime" Guid="{f1ef270a-0d32-4352-ba52-dbab41e1d859}"></Provider>
<EventID Qualifiers="">70</EventID>
<Version>0</Version>
<Level>4</Level>
<Task>0</Task>
<Opcode>0</Opcode>
<Keywords>0x2000000000000001</Keywords>
<TimeCreated SystemTime="2020-10-22 20:52:34.328115"></TimeCreated>
<EventRecordID>24</EventRecordID>
<Correlation ActivityID="{f2d9b0db-a91d-0000-b6cd-d9f21da9d601}" RelatedActivityID=""></Correlation>
<Execution ProcessID="1476" ThreadID="3984"></Execution>
<Channel>Microsoft-Windows-AppModel-Runtime/Admin</Channel>
<Computer>WIN-PTFPHFCRDJ0</Computer>
<Security UserID="S-1-5-18"></Security>
</System>
<EventData><Data Name="PackageFullName">Microsoft.LockApp_10.0.17763.1_neutral__cw5n1h2txyewy</Data>
<Data Name="User">S-1-5-21-1152959844-3645458174-3779170896-1000</Data>
<Data Name="DesiredStatus">2048</Data>
<Data Name="CurrentStatus">0</Data>
</EventData>
</Event>

<Event xmlns="http://schemas.microsoft.com/win/2004/08/events/event"><System><Provider Name="Microsoft-Windows-AppModel-Runtime" Guid="{f1ef270a-0d32-4352-ba52-dbab41e1d859}"></Provider>
<EventID Qualifiers="">70</EventID>
<Version>0</Version>
<Level>4</Level>
<Task>0</Task>
<Opcode>0</Opcode>
<Keywords>0x2000000000000001</Keywords>
<TimeCreated SystemTime="2020-10-22 20:52:34.329592"></TimeCreated>
<EventRecordID>25</EventRecordID>
<Correlation ActivityID="{f2d9b0db-a91d-0000-b6cd-d9f21da9d601}" RelatedActivityID=""></Correlation>
<Execution ProcessID="1476" ThreadID="3984"></Execution>
<Channel>Microsoft-Windows-AppModel-Runtime/Admin</Channel>
<Computer>WIN-PTFPHFCRDJ0</Computer>
<Security UserID="S-1-5-18"></Security>
</System>
<EventData><Data Name="PackageFullName">Microsoft.Win32WebViewHost_10.0.17763.1_neutral_neutral_cw5n1h2txyewy</Data>
<Data Name="User">S-1-5-21-1152959844-3645458174-3779170896-1000</Data>
<Data Name="DesiredStatus">2048</Data>
<Data Name="CurrentStatus">0</Data>
</EventData>
</Event>

<Event xmlns="http://schemas.microsoft.com/win/2004/08/events/event"><System><Provider Name="Microsoft-Windows-AppModel-Runtime" Guid="{f1ef270a-0d32-4352-ba52-dbab41e1d859}"></Provider>
<EventID Qualifiers="">70</EventID>
<Version>0</Version>
<Level>4</Level>
<Task>0</Task>
<Opcode>0</Opcode>
<Keywords>0x2000000000000001</Keywords>
<TimeCreated SystemTime="2020-10-22 20:52:34.331118"></TimeCreated>
<EventRecordID>26</EventRecordID>
<Correlation ActivityID="{f2d9b0db-a91d-0000-b6cd-d9f21da9d601}" RelatedActivityID=""></Correlation>
<Execution ProcessID="1476" ThreadID="3984"></Execution>
<Channel>Microsoft-Windows-AppModel-Runtime/Admin</Channel>
<Computer>WIN-PTFPHFCRDJ0</Computer>
<Security UserID="S-1-5-18"></Security>
</System>
<EventData><Data Name="PackageFullName">Microsoft.Windows.Apprep.ChxApp_1000.17763.1.0_neutral_neutral_cw5n1h2txyewy</Data>
<Data Name="User">S-1-5-21-1152959844-3645458174-3779170896-1000</Data>
<Data Name="DesiredStatus">2048</Data>
<Data Name="CurrentStatus">0</Data>
</EventData>
</Event>

<Event xmlns="http://schemas.microsoft.com/win/2004/08/events/event"><System><Provider Name="Microsoft-Windows-AppModel-Runtime" Guid="{f1ef270a-0d32-4352-ba52-dbab41e1d859}"></Provider>
<EventID Qualifiers="">70</EventID>
<Version>0</Version>
<Level>4</Level>
<Task>0</Task>
<Opcode>0</Opcode>
<Keywords>0x2000000000000001</Keywords>
<TimeCreated SystemTime="2020-10-22 20:52:34.332743"></TimeCreated>
<EventRecordID>27</EventRecordID>
<Correlation ActivityID="{f2d9b0db-a91d-0000-b6cd-d9f21da9d601}" RelatedActivityID=""></Correlation>
<Execution ProcessID="1476" ThreadID="3984"></Execution>
<Channel>Microsoft-Windows-AppModel-Runtime/Admin</Channel>
<Computer>WIN-PTFPHFCRDJ0</Computer>
<Security UserID="S-1-5-18"></Security>
</System>
<EventData><Data Name="PackageFullName">Microsoft.Windows.CapturePicker_10.0.17763.1_neutral__cw5n1h2txyewy</Data>
<Data Name="User">S-1-5-21-1152959844-3645458174-3779170896-1000</Data>
<Data Name="DesiredStatus">2048</Data>
<Data Name="CurrentStatus">0</Data>
</EventData>
</Event>

<Event xmlns="http://schemas.microsoft.com/win/2004/08/events/event"><System><Provider Name="Microsoft-Windows-AppModel-Runtime" Guid="{f1ef270a-0d32-4352-ba52-dbab41e1d859}"></Provider>
<EventID Qualifiers="">70</EventID>
<Version>0</Version>
<Level>4</Level>
<Task>0</Task>
<Opcode>0</Opcode>
<Keywords>0x2000000000000001</Keywords>
<TimeCreated SystemTime="2020-10-22 20:52:34.334444"></TimeCreated>
<EventRecordID>28</EventRecordID>
<Correlation ActivityID="{f2d9b0db-a91d-0000-b6cd-d9f21da9d601}" RelatedActivityID=""></Correlation>
<Execution ProcessID="1476" ThreadID="3984"></Execution>
<Channel>Microsoft-Windows-AppModel-Runtime/Admin</Channel>
<Computer>WIN-PTFPHFCRDJ0</Computer>
<Security UserID="S-1-5-18"></Security>
</System>
<EventData><Data Name="PackageFullName">Microsoft.Windows.NarratorQuickStart_10.0.17763.1_neutral_neutral_8wekyb3d8bbwe</Data>
<Data Name="User">S-1-5-21-1152959844-3645458174-3779170896-1000</Data>
<Data Name="DesiredStatus">2048</Data>
<Data Name="CurrentStatus">0</Data>
</EventData>
</Event>

<Event xmlns="http://schemas.microsoft.com/win/2004/08/events/event"><System><Provider Name="Microsoft-Windows-AppModel-Runtime" Guid="{f1ef270a-0d32-4352-ba52-dbab41e1d859}"></Provider>
<EventID Qualifiers="">70</EventID>
<Version>0</Version>
<Level>4</Level>
<Task>0</Task>
<Opcode>0</Opcode>
<Keywords>0x2000000000000001</Keywords>
<TimeCreated SystemTime="2020-10-22 20:52:34.335949"></TimeCreated>
<EventRecordID>29</EventRecordID>
<Correlation ActivityID="{f2d9b0db-a91d-0000-b6cd-d9f21da9d601}" RelatedActivityID=""></Correlation>
<Execution ProcessID="1476" ThreadID="3984"></Execution>
<Channel>Microsoft-Windows-AppModel-Runtime/Admin</Channel>
<Computer>WIN-PTFPHFCRDJ0</Computer>
<Security UserID="S-1-5-18"></Security>
</System>
<EventData><Data Name="PackageFullName">Microsoft.Windows.OOBENetworkCaptivePortal_10.0.17763.1_neutral__cw5n1h2txyewy</Data>
<Data Name="User">S-1-5-21-1152959844-3645458174-3779170896-1000</Data>
<Data Name="DesiredStatus">2048</Data>
<Data Name="CurrentStatus">0</Data>
</EventData>
</Event>

<Event xmlns="http://schemas.microsoft.com/win/2004/08/events/event"><System><Provider Name="Microsoft-Windows-AppModel-Runtime" Guid="{f1ef270a-0d32-4352-ba52-dbab41e1d859}"></Provider>
<EventID Qualifiers="">70</EventID>
<Version>0</Version>
<Level>4</Level>
<Task>0</Task>
<Opcode>0</Opcode>
<Keywords>0x2000000000000001</Keywords>
<TimeCreated SystemTime="2020-10-22 20:52:34.337481"></TimeCreated>
<EventRecordID>30</EventRecordID>
<Correlation ActivityID="{f2d9b0db-a91d-0000-b6cd-d9f21da9d601}" RelatedActivityID=""></Correlation>
<Execution ProcessID="1476" ThreadID="3984"></Execution>
<Channel>Microsoft-Windows-AppModel-Runtime/Admin</Channel>
<Computer>WIN-PTFPHFCRDJ0</Computer>
<Security UserID="S-1-5-18"></Security>
</System>
<EventData><Data Name="PackageFullName">Microsoft.Windows.OOBENetworkConnectionFlow_10.0.17763.1_neutral__cw5n1h2txyewy</Data>
<Data Name="User">S-1-5-21-1152959844-3645458174-3779170896-1000</Data>
<Data Name="DesiredStatus">2048</Data>
<Data Name="CurrentStatus">0</Data>
</EventData>
</Event>

<Event xmlns="http://schemas.microsoft.com/win/2004/08/events/event"><System><Provider Name="Microsoft-Windows-AppModel-Runtime" Guid="{f1ef270a-0d32-4352-ba52-dbab41e1d859}"></Provider>
<EventID Qualifiers="">70</EventID>
<Version>0</Version>
<Level>4</Level>
<Task>0</Task>
<Opcode>0</Opcode>
<Keywords>0x2000000000000001</Keywords>
<TimeCreated SystemTime="2020-10-22 20:52:34.339283"></TimeCreated>
<EventRecordID>31</EventRecordID>
<Correlation ActivityID="{f2d9b0db-a91d-0000-b6cd-d9f21da9d601}" RelatedActivityID=""></Correlation>
<Execution ProcessID="1476" ThreadID="3984"></Execution>
<Channel>Microsoft-Windows-AppModel-Runtime/Admin</Channel>
<Computer>WIN-PTFPHFCRDJ0</Computer>
<Security UserID="S-1-5-18"></Security>
</System>
<EventData><Data Name="PackageFullName">Microsoft.Windows.PeopleExperienceHost_10.0.17763.1_neutral_neutral_cw5n1h2txyewy</Data>
<Data Name="User">S-1-5-21-1152959844-3645458174-3779170896-1000</Data>
<Data Name="DesiredStatus">2048</Data>
<Data Name="CurrentStatus">0</Data>
</EventData>
</Event>

<Event xmlns="http://schemas.microsoft.com/win/2004/08/events/event"><System><Provider Name="Microsoft-Windows-AppModel-Runtime" Guid="{f1ef270a-0d32-4352-ba52-dbab41e1d859}"></Provider>
<EventID Qualifiers="">70</EventID>
<Version>0</Version>
<Level>4</Level>
<Task>0</Task>
<Opcode>0</Opcode>
<Keywords>0x2000000000000001</Keywords>
<TimeCreated SystemTime="2020-10-22 20:52:34.342146"></TimeCreated>
<EventRecordID>32</EventRecordID>
<Correlation ActivityID="{f2d9b0db-a91d-0000-b6cd-d9f21da9d601}" RelatedActivityID=""></Correlation>
<Execution ProcessID="1476" ThreadID="3984"></Execution>
<Channel>Microsoft-Windows-AppModel-Runtime/Admin</Channel>
<Computer>WIN-PTFPHFCRDJ0</Computer>
<Security UserID="S-1-5-18"></Security>
</System>
<EventData><Data Name="PackageFullName">Microsoft.Windows.PinningConfirmationDialog_1000.17763.1.0_neutral__cw5n1h2txyewy</Data>
<Data Name="User">S-1-5-21-1152959844-3645458174-3779170896-1000</Data>
<Data Name="DesiredStatus">2048</Data>
<Data Name="CurrentStatus">0</Data>
</EventData>
</Event>

<Event xmlns="http://schemas.microsoft.com/win/2004/08/events/event"><System><Provider Name="Microsoft-Windows-AppModel-Runtime" Guid="{f1ef270a-0d32-4352-ba52-dbab41e1d859}"></Provider>
<EventID Qualifiers="">70</EventID>
<Version>0</Version>
<Level>4</Level>
<Task>0</Task>
<Opcode>0</Opcode>
<Keywords>0x2000000000000001</Keywords>
<TimeCreated SystemTime="2020-10-22 20:52:34.344460"></TimeCreated>
<EventRecordID>33</EventRecordID>
<Correlation ActivityID="{f2d9b0db-a91d-0000-b6cd-d9f21da9d601}" RelatedActivityID=""></Correlation>
<Execution ProcessID="1476" ThreadID="3984"></Execution>
<Channel>Microsoft-Windows-AppModel-Runtime/Admin</Channel>
<Computer>WIN-PTFPHFCRDJ0</Computer>
<Security UserID="S-1-5-18"></Security>
</System>
<EventData><Data Name="PackageFullName">Microsoft.Windows.SecHealthUI_10.0.17763.1_neutral__cw5n1h2txyewy</Data>
<Data Name="User">S-1-5-21-1152959844-3645458174-3779170896-1000</Data>
<Data Name="DesiredStatus">2048</Data>
<Data Name="CurrentStatus">0</Data>
</EventData>
</Event>

<Event xmlns="http://schemas.microsoft.com/win/2004/08/events/event"><System><Provider Name="Microsoft-Windows-AppModel-Runtime" Guid="{f1ef270a-0d32-4352-ba52-dbab41e1d859}"></Provider>
<EventID Qualifiers="">70</EventID>
<Version>0</Version>
<Level>4</Level>
<Task>0</Task>
<Opcode>0</Opcode>
<Keywords>0x2000000000000001</Keywords>
<TimeCreated SystemTime="2020-10-22 20:52:34.346176"></TimeCreated>
<EventRecordID>34</EventRecordID>
<Correlation ActivityID="{f2d9b0db-a91d-0000-b6cd-d9f21da9d601}" RelatedActivityID=""></Correlation>
<Execution ProcessID="1476" ThreadID="3984"></Execution>
<Channel>Microsoft-Windows-AppModel-Runtime/Admin</Channel>
<Computer>WIN-PTFPHFCRDJ0</Computer>
<Security UserID="S-1-5-18"></Security>
</System>
<EventData><Data Name="PackageFullName">Microsoft.Windows.XGpuEjectDialog_10.0.17763.1_neutral_neutral_cw5n1h2txyewy</Data>
<Data Name="User">S-1-5-21-1152959844-3645458174-3779170896-1000</Data>
<Data Name="DesiredStatus">2048</Data>
<Data Name="CurrentStatus">0</Data>
</EventData>
</Event>

<Event xmlns="http://schemas.microsoft.com/win/2004/08/events/event"><System><Provider Name="Microsoft-Windows-AppModel-Runtime" Guid="{f1ef270a-0d32-4352-ba52-dbab41e1d859}"></Provider>
<EventID Qualifiers="">70</EventID>
<Version>0</Version>
<Level>4</Level>
<Task>0</Task>
<Opcode>0</Opcode>
<Keywords>0x2000000000000001</Keywords>
<TimeCreated SystemTime="2020-10-22 20:52:34.347906"></TimeCreated>
<EventRecordID>35</EventRecordID>
<Correlation ActivityID="{f2d9b0db-a91d-0000-b6cd-d9f21da9d601}" RelatedActivityID=""></Correlation>
<Execution ProcessID="1476" ThreadID="3984"></Execution>
<Channel>Microsoft-Windows-AppModel-Runtime/Admin</Channel>
<Computer>WIN-PTFPHFCRDJ0</Computer>
<Security UserID="S-1-5-18"></Security>
</System>
<EventData><Data Name="PackageFullName">Windows.CBSPreview_10.0.17763.1_neutral_neutral_cw5n1h2txyewy</Data>
<Data Name="User">S-1-5-21-1152959844-3645458174-3779170896-1000</Data>
<Data Name="DesiredStatus">2048</Data>
<Data Name="CurrentStatus">0</Data>
</EventData>
</Event>

<Event xmlns="http://schemas.microsoft.com/win/2004/08/events/event"><System><Provider Name="Microsoft-Windows-AppModel-Runtime" Guid="{f1ef270a-0d32-4352-ba52-dbab41e1d859}"></Provider>
<EventID Qualifiers="">70</EventID>
<Version>0</Version>
<Level>4</Level>
<Task>0</Task>
<Opcode>0</Opcode>
<Keywords>0x2000000000000001</Keywords>
<TimeCreated SystemTime="2020-10-22 20:52:34.349464"></TimeCreated>
<EventRecordID>36</EventRecordID>
<Correlation ActivityID="{f2d9b0db-a91d-0000-b6cd-d9f21da9d601}" RelatedActivityID=""></Correlation>
<Execution ProcessID="1476" ThreadID="3984"></Execution>
<Channel>Microsoft-Windows-AppModel-Runtime/Admin</Channel>
<Computer>WIN-PTFPHFCRDJ0</Computer>
<Security UserID="S-1-5-18"></Security>
</System>
<EventData><Data Name="PackageFullName">Windows.PrintDialog_6.2.1.0_neutral_neutral_cw5n1h2txyewy</Data>
<Data Name="User">S-1-5-21-1152959844-3645458174-3779170896-1000</Data>
<Data Name="DesiredStatus">2048</Data>
<Data Name="CurrentStatus">0</Data>
</EventData>
</Event>

<Event xmlns="http://schemas.microsoft.com/win/2004/08/events/event"><System><Provider Name="Microsoft-Windows-AppModel-Runtime" Guid="{f1ef270a-0d32-4352-ba52-dbab41e1d859}"></Provider>
<EventID Qualifiers="">40</EventID>
<Version>0</Version>
<Level>4</Level>
<Task>0</Task>
<Opcode>0</Opcode>
<Keywords>0x2000000000000002</Keywords>
<TimeCreated SystemTime="2020-10-22 20:57:19.254215"></TimeCreated>
<EventRecordID>37</EventRecordID>
<Correlation ActivityID="" RelatedActivityID=""></Correlation>
<Execution ProcessID="752" ThreadID="812"></Execution>
<Channel>Microsoft-Windows-AppModel-Runtime/Admin</Channel>
<Computer>WIN-PTFPHFCRDJ0</Computer>
<Security UserID="S-1-5-18"></Security>
</System>
<EventData><Data Name="AppContainerName">onecore\ds\security\gina\profile\profext\appcontainer.cpp Line:1812 Usermode Font Driver Host microsoft.windows.fontdrvhost</Data>
</EventData>
</Event>

<Event xmlns="http://schemas.microsoft.com/win/2004/08/events/event"><System><Provider Name="Microsoft-Windows-AppModel-Runtime" Guid="{f1ef270a-0d32-4352-ba52-dbab41e1d859}"></Provider>
<EventID Qualifiers="">40</EventID>
<Version>0</Version>
<Level>4</Level>
<Task>0</Task>
<Opcode>0</Opcode>
<Keywords>0x2000000000000002</Keywords>
<TimeCreated SystemTime="2020-10-22 20:57:19.259445"></TimeCreated>
<EventRecordID>38</EventRecordID>
<Correlation ActivityID="" RelatedActivityID=""></Correlation>
<Execution ProcessID="704" ThreadID="788"></Execution>
<Channel>Microsoft-Windows-AppModel-Runtime/Admin</Channel>
<Computer>WIN-PTFPHFCRDJ0</Computer>
<Security UserID="S-1-5-18"></Security>
</System>
<EventData><Data Name="AppContainerName">onecore\ds\security\gina\profile\profext\appcontainer.cpp Line:1812 Usermode Font Driver Host microsoft.windows.fontdrvhost</Data>
</EventData>
</Event>

<Event xmlns="http://schemas.microsoft.com/win/2004/08/events/event"><System><Provider Name="Microsoft-Windows-AppModel-Runtime" Guid="{f1ef270a-0d32-4352-ba52-dbab41e1d859}"></Provider>
<EventID Qualifiers="">70</EventID>
<Version>0</Version>
<Level>4</Level>
<Task>0</Task>
<Opcode>0</Opcode>
<Keywords>0x2000000000000001</Keywords>
<TimeCreated SystemTime="2020-10-22 20:58:07.967834"></TimeCreated>
<EventRecordID>39</EventRecordID>
<Correlation ActivityID="{eae887f7-a8b5-0000-1aa8-e8eab5a8d601}" RelatedActivityID=""></Correlation>
<Execution ProcessID="2944" ThreadID="3804"></Execution>
<Channel>Microsoft-Windows-AppModel-Runtime/Admin</Channel>
<Computer>WIN-PTFPHFCRDJ0</Computer>
<Security UserID="S-1-5-18"></Security>
</System>
<EventData><Data Name="PackageFullName">Windows.PrintDialog_6.2.1.0_neutral_neutral_cw5n1h2txyewy</Data>
<Data Name="User">S-1-5-21-1152959844-3645458174-3779170896-1000</Data>
<Data Name="DesiredStatus">2080</Data>
<Data Name="CurrentStatus">2048</Data>
</EventData>
</Event>

<Event xmlns="http://schemas.microsoft.com/win/2004/08/events/event"><System><Provider Name="Microsoft-Windows-AppModel-Runtime" Guid="{f1ef270a-0d32-4352-ba52-dbab41e1d859}"></Provider>
<EventID Qualifiers="">39</EventID>
<Version>0</Version>
<Level>4</Level>
<Task>0</Task>
<Opcode>0</Opcode>
<Keywords>0x2000000000000002</Keywords>
<TimeCreated SystemTime="2020-10-22 20:58:12.293274"></TimeCreated>
<EventRecordID>40</EventRecordID>
<Correlation ActivityID="{eae887f7-a8b5-0000-1aa8-e8eab5a8d601}" RelatedActivityID=""></Correlation>
<Execution ProcessID="2944" ThreadID="3804"></Execution>
<Channel>Microsoft-Windows-AppModel-Runtime/Admin</Channel>
<Computer>WIN-PTFPHFCRDJ0</Computer>
<Security UserID="S-1-5-21-1152959844-3645458174-3779170896-1000"></Security>
</System>
<EventData><Data Name="AppContainerName">Windows.PrintDialog_cw5n1h2txyewy</Data>
</EventData>
</Event>

<Event xmlns="http://schemas.microsoft.com/win/2004/08/events/event"><System><Provider Name="Microsoft-Windows-AppModel-Runtime" Guid="{f1ef270a-0d32-4352-ba52-dbab41e1d859}"></Provider>
<EventID Qualifiers="">70</EventID>
<Version>0</Version>
<Level>4</Level>
<Task>0</Task>
<Opcode>0</Opcode>
<Keywords>0x2000000000000001</Keywords>
<TimeCreated SystemTime="2020-10-22 20:58:12.367128"></TimeCreated>
<EventRecordID>41</EventRecordID>
<Correlation ActivityID="{eae887f7-a8b5-0000-1aa8-e8eab5a8d601}" RelatedActivityID=""></Correlation>
<Execution ProcessID="2944" ThreadID="3804"></Execution>
<Channel>Microsoft-Windows-AppModel-Runtime/Admin</Channel>
<Computer>WIN-PTFPHFCRDJ0</Computer>
<Security UserID="S-1-5-18"></Security>
</System>
<EventData><Data Name="PackageFullName">Windows.PrintDialog_6.2.1.0_neutral_neutral_cw5n1h2txyewy</Data>
<Data Name="User">S-1-5-21-1152959844-3645458174-3779170896-1000</Data>
<Data Name="DesiredStatus">2048</Data>
<Data Name="CurrentStatus">2080</Data>
</EventData>
</Event>

<Event xmlns="http://schemas.microsoft.com/win/2004/08/events/event"><System><Provider Name="Microsoft-Windows-AppModel-Runtime" Guid="{f1ef270a-0d32-4352-ba52-dbab41e1d859}"></Provider>
<EventID Qualifiers="">70</EventID>
<Version>0</Version>
<Level>4</Level>
<Task>0</Task>
<Opcode>0</Opcode>
<Keywords>0x2000000000000001</Keywords>
<TimeCreated SystemTime="2020-10-22 20:58:12.369482"></TimeCreated>
<EventRecordID>42</EventRecordID>
<Correlation ActivityID="{eae887f7-a8b5-0000-1aa8-e8eab5a8d601}" RelatedActivityID=""></Correlation>
<Execution ProcessID="2944" ThreadID="3804"></Execution>
<Channel>Microsoft-Windows-AppModel-Runtime/Admin</Channel>
<Computer>WIN-PTFPHFCRDJ0</Computer>
<Security UserID="S-1-5-18"></Security>
</System>
<EventData><Data Name="PackageFullName">Windows.PrintDialog_6.2.1.0_neutral_neutral_cw5n1h2txyewy</Data>
<Data Name="User">S-1-5-21-1152959844-3645458174-3779170896-1000</Data>
<Data Name="DesiredStatus">0</Data>
<Data Name="CurrentStatus">2048</Data>
</EventData>
</Event>

<Event xmlns="http://schemas.microsoft.com/win/2004/08/events/event"><System><Provider Name="Microsoft-Windows-AppModel-Runtime" Guid="{f1ef270a-0d32-4352-ba52-dbab41e1d859}"></Provider>
<EventID Qualifiers="">70</EventID>
<Version>0</Version>
<Level>4</Level>
<Task>0</Task>
<Opcode>0</Opcode>
<Keywords>0x2000000000000001</Keywords>
<TimeCreated SystemTime="2020-10-22 20:58:12.651543"></TimeCreated>
<EventRecordID>43</EventRecordID>
<Correlation ActivityID="{eae887f7-a8b5-0000-f9a8-e8eab5a8d601}" RelatedActivityID=""></Correlation>
<Execution ProcessID="2944" ThreadID="3804"></Execution>
<Channel>Microsoft-Windows-AppModel-Runtime/Admin</Channel>
<Computer>WIN-PTFPHFCRDJ0</Computer>
<Security UserID="S-1-5-18"></Security>
</System>
<EventData><Data Name="PackageFullName">Windows.CBSPreview_10.0.17763.1_neutral_neutral_cw5n1h2txyewy</Data>
<Data Name="User">S-1-5-21-1152959844-3645458174-3779170896-1000</Data>
<Data Name="DesiredStatus">2080</Data>
<Data Name="CurrentStatus">2048</Data>
</EventData>
</Event>

<Event xmlns="http://schemas.microsoft.com/win/2004/08/events/event"><System><Provider Name="Microsoft-Windows-AppModel-Runtime" Guid="{f1ef270a-0d32-4352-ba52-dbab41e1d859}"></Provider>
<EventID Qualifiers="">39</EventID>
<Version>0</Version>
<Level>4</Level>
<Task>0</Task>
<Opcode>0</Opcode>
<Keywords>0x2000000000000002</Keywords>
<TimeCreated SystemTime="2020-10-22 20:58:12.701021"></TimeCreated>
<EventRecordID>44</EventRecordID>
<Correlation ActivityID="{eae887f7-a8b5-0000-f9a8-e8eab5a8d601}" RelatedActivityID=""></Correlation>
<Execution ProcessID="2944" ThreadID="3804"></Execution>
<Channel>Microsoft-Windows-AppModel-Runtime/Admin</Channel>
<Computer>WIN-PTFPHFCRDJ0</Computer>
<Security UserID="S-1-5-21-1152959844-3645458174-3779170896-1000"></Security>
</System>
<EventData><Data Name="AppContainerName">Windows.CBSPreview_cw5n1h2txyewy</Data>
</EventData>
</Event>

<Event xmlns="http://schemas.microsoft.com/win/2004/08/events/event"><System><Provider Name="Microsoft-Windows-AppModel-Runtime" Guid="{f1ef270a-0d32-4352-ba52-dbab41e1d859}"></Provider>
<EventID Qualifiers="">70</EventID>
<Version>0</Version>
<Level>4</Level>
<Task>0</Task>
<Opcode>0</Opcode>
<Keywords>0x2000000000000001</Keywords>
<TimeCreated SystemTime="2020-10-22 20:58:12.789480"></TimeCreated>
<EventRecordID>45</EventRecordID>
<Correlation ActivityID="{eae887f7-a8b5-0000-f9a8-e8eab5a8d601}" RelatedActivityID=""></Correlation>
<Execution ProcessID="2944" ThreadID="3804"></Execution>
<Channel>Microsoft-Windows-AppModel-Runtime/Admin</Channel>
<Computer>WIN-PTFPHFCRDJ0</Computer>
<Security UserID="S-1-5-18"></Security>
</System>
<EventData><Data Name="PackageFullName">Windows.CBSPreview_10.0.17763.1_neutral_neutral_cw5n1h2txyewy</Data>
<Data Name="User">S-1-5-21-1152959844-3645458174-3779170896-1000</Data>
<Data Name="DesiredStatus">2048</Data>
<Data Name="CurrentStatus">2080</Data>
</EventData>
</Event>

<Event xmlns="http://schemas.microsoft.com/win/2004/08/events/event"><System><Provider Name="Microsoft-Windows-AppModel-Runtime" Guid="{f1ef270a-0d32-4352-ba52-dbab41e1d859}"></Provider>
<EventID Qualifiers="">70</EventID>
<Version>0</Version>
<Level>4</Level>
<Task>0</Task>
<Opcode>0</Opcode>
<Keywords>0x2000000000000001</Keywords>
<TimeCreated SystemTime="2020-10-22 20:58:12.791574"></TimeCreated>
<EventRecordID>46</EventRecordID>
<Correlation ActivityID="{eae887f7-a8b5-0000-f9a8-e8eab5a8d601}" RelatedActivityID=""></Correlation>
<Execution ProcessID="2944" ThreadID="3804"></Execution>
<Channel>Microsoft-Windows-AppModel-Runtime/Admin</Channel>
<Computer>WIN-PTFPHFCRDJ0</Computer>
<Security UserID="S-1-5-18"></Security>
</System>
<EventData><Data Name="PackageFullName">Windows.CBSPreview_10.0.17763.1_neutral_neutral_cw5n1h2txyewy</Data>
<Data Name="User">S-1-5-21-1152959844-3645458174-3779170896-1000</Data>
<Data Name="DesiredStatus">0</Data>
<Data Name="CurrentStatus">2048</Data>
</EventData>
</Event>

<Event xmlns="http://schemas.microsoft.com/win/2004/08/events/event"><System><Provider Name="Microsoft-Windows-AppModel-Runtime" Guid="{f1ef270a-0d32-4352-ba52-dbab41e1d859}"></Provider>
<EventID Qualifiers="">70</EventID>
<Version>0</Version>
<Level>4</Level>
<Task>0</Task>
<Opcode>0</Opcode>
<Keywords>0x2000000000000001</Keywords>
<TimeCreated SystemTime="2020-10-22 20:58:12.992857"></TimeCreated>
<EventRecordID>47</EventRecordID>
<Correlation ActivityID="{eae887f7-a8b5-0000-67a9-e8eab5a8d601}" RelatedActivityID=""></Correlation>
<Execution ProcessID="2944" ThreadID="3804"></Execution>
<Channel>Microsoft-Windows-AppModel-Runtime/Admin</Channel>
<Computer>WIN-PTFPHFCRDJ0</Computer>
<Security UserID="S-1-5-18"></Security>
</System>
<EventData><Data Name="PackageFullName">Microsoft.Windows.XGpuEjectDialog_10.0.17763.1_neutral_neutral_cw5n1h2txyewy</Data>
<Data Name="User">S-1-5-21-1152959844-3645458174-3779170896-1000</Data>
<Data Name="DesiredStatus">2080</Data>
<Data Name="CurrentStatus">2048</Data>
</EventData>
</Event>

<Event xmlns="http://schemas.microsoft.com/win/2004/08/events/event"><System><Provider Name="Microsoft-Windows-AppModel-Runtime" Guid="{f1ef270a-0d32-4352-ba52-dbab41e1d859}"></Provider>
<EventID Qualifiers="">39</EventID>
<Version>0</Version>
<Level>4</Level>
<Task>0</Task>
<Opcode>0</Opcode>
<Keywords>0x2000000000000002</Keywords>
<TimeCreated SystemTime="2020-10-22 20:58:13.060209"></TimeCreated>
<EventRecordID>48</EventRecordID>
<Correlation ActivityID="{eae887f7-a8b5-0000-67a9-e8eab5a8d601}" RelatedActivityID=""></Correlation>
<Execution ProcessID="2944" ThreadID="3804"></Execution>
<Channel>Microsoft-Windows-AppModel-Runtime/Admin</Channel>
<Computer>WIN-PTFPHFCRDJ0</Computer>
<Security UserID="S-1-5-21-1152959844-3645458174-3779170896-1000"></Security>
</System>
<EventData><Data Name="AppContainerName">Microsoft.Windows.XGpuEjectDialog_cw5n1h2txyewy</Data>
</EventData>
</Event>

<Event xmlns="http://schemas.microsoft.com/win/2004/08/events/event"><System><Provider Name="Microsoft-Windows-AppModel-Runtime" Guid="{f1ef270a-0d32-4352-ba52-dbab41e1d859}"></Provider>
<EventID Qualifiers="">70</EventID>
<Version>0</Version>
<Level>4</Level>
<Task>0</Task>
<Opcode>0</Opcode>
<Keywords>0x2000000000000001</Keywords>
<TimeCreated SystemTime="2020-10-22 20:58:13.231907"></TimeCreated>
<EventRecordID>49</EventRecordID>
<Correlation ActivityID="{eae887f7-a8b5-0000-67a9-e8eab5a8d601}" RelatedActivityID=""></Correlation>
<Execution ProcessID="2944" ThreadID="3804"></Execution>
<Channel>Microsoft-Windows-AppModel-Runtime/Admin</Channel>
<Computer>WIN-PTFPHFCRDJ0</Computer>
<Security UserID="S-1-5-18"></Security>
</System>
<EventData><Data Name="PackageFullName">Microsoft.Windows.XGpuEjectDialog_10.0.17763.1_neutral_neutral_cw5n1h2txyewy</Data>
<Data Name="User">S-1-5-21-1152959844-3645458174-3779170896-1000</Data>
<Data Name="DesiredStatus">2048</Data>
<Data Name="CurrentStatus">2080</Data>
</EventData>
</Event>

<Event xmlns="http://schemas.microsoft.com/win/2004/08/events/event"><System><Provider Name="Microsoft-Windows-AppModel-Runtime" Guid="{f1ef270a-0d32-4352-ba52-dbab41e1d859}"></Provider>
<EventID Qualifiers="">70</EventID>
<Version>0</Version>
<Level>4</Level>
<Task>0</Task>
<Opcode>0</Opcode>
<Keywords>0x2000000000000001</Keywords>
<TimeCreated SystemTime="2020-10-22 20:58:13.269720"></TimeCreated>
<EventRecordID>50</EventRecordID>
<Correlation ActivityID="{eae887f7-a8b5-0000-67a9-e8eab5a8d601}" RelatedActivityID=""></Correlation>
<Execution ProcessID="2944" ThreadID="3804"></Execution>
<Channel>Microsoft-Windows-AppModel-Runtime/Admin</Channel>
<Computer>WIN-PTFPHFCRDJ0</Computer>
<Security UserID="S-1-5-18"></Security>
</System>
<EventData><Data Name="PackageFullName">Microsoft.Windows.XGpuEjectDialog_10.0.17763.1_neutral_neutral_cw5n1h2txyewy</Data>
<Data Name="User">S-1-5-21-1152959844-3645458174-3779170896-1000</Data>
<Data Name="DesiredStatus">0</Data>
<Data Name="CurrentStatus">2048</Data>
</EventData>
</Event>

