<Event xmlns="http://schemas.microsoft.com/win/2004/08/events/event"><System><Provider Name="Microsoft-Windows-PushNotifications-Platform" Guid="{88cd9180-4491-4640-b571-e3bee2527943}"></Provider>
<EventID Qualifiers="">3049</EventID>
<Version>0</Version>
<Level>4</Level>
<Task>0</Task>
<Opcode>0</Opcode>
<Keywords>0x8000000000000800</Keywords>
<TimeCreated SystemTime="2020-10-22 23:34:38.454596"></TimeCreated>
<EventRecordID>160</EventRecordID>
<Correlation ActivityID="" RelatedActivityID=""></Correlation>
<Execution ProcessID="3340" ThreadID="3096"></Execution>
<Channel>Microsoft-Windows-PushNotification-Platform/Operational</Channel>
<Computer>WIN-PTFPHFCRDJ0</Computer>
<Security UserID="S-1-5-21-1152959844-3645458174-3779170896-1000"></Security>
</System>
<EventData><Data Name="Object">0x0000021ba8639eb8</Data>
</EventData>
</Event>

<Event xmlns="http://schemas.microsoft.com/win/2004/08/events/event"><System><Provider Name="Microsoft-Windows-PushNotifications-Platform" Guid="{88cd9180-4491-4640-b571-e3bee2527943}"></Provider>
<EventID Qualifiers="">3049</EventID>
<Version>0</Version>
<Level>4</Level>
<Task>0</Task>
<Opcode>0</Opcode>
<Keywords>0x8000000000000800</Keywords>
<TimeCreated SystemTime="2020-10-22 23:34:38.454599"></TimeCreated>
<EventRecordID>161</EventRecordID>
<Correlation ActivityID="" RelatedActivityID=""></Correlation>
<Execution ProcessID="3340" ThreadID="3096"></Execution>
<Channel>Microsoft-Windows-PushNotification-Platform/Operational</Channel>
<Computer>WIN-PTFPHFCRDJ0</Computer>
<Security UserID="S-1-5-21-1152959844-3645458174-3779170896-1000"></Security>
</System>
<EventData><Data Name="Object">0x0000021ba8665748</Data>
</EventData>
</Event>

<Event xmlns="http://schemas.microsoft.com/win/2004/08/events/event"><System><Provider Name="Microsoft-Windows-PushNotifications-Platform" Guid="{88cd9180-4491-4640-b571-e3bee2527943}"></Provider>
<EventID Qualifiers="">3049</EventID>
<Version>0</Version>
<Level>4</Level>
<Task>0</Task>
<Opcode>0</Opcode>
<Keywords>0x8000000000000800</Keywords>
<TimeCreated SystemTime="2020-10-22 23:34:38.454611"></TimeCreated>
<EventRecordID>162</EventRecordID>
<Correlation ActivityID="" RelatedActivityID=""></Correlation>
<Execution ProcessID="3340" ThreadID="3096"></Execution>
<Channel>Microsoft-Windows-PushNotification-Platform/Operational</Channel>
<Computer>WIN-PTFPHFCRDJ0</Computer>
<Security UserID="S-1-5-21-1152959844-3645458174-3779170896-1000"></Security>
</System>
<EventData><Data Name="Object">0x0000021ba86674d8</Data>
</EventData>
</Event>

<Event xmlns="http://schemas.microsoft.com/win/2004/08/events/event"><System><Provider Name="Microsoft-Windows-PushNotifications-Platform" Guid="{88cd9180-4491-4640-b571-e3bee2527943}"></Provider>
<EventID Qualifiers="">42</EventID>
<Version>0</Version>
<Level>4</Level>
<Task>0</Task>
<Opcode>0</Opcode>
<Keywords>0x8000000002801000</Keywords>
<TimeCreated SystemTime="2020-10-23 14:00:06.174137"></TimeCreated>
<EventRecordID>163</EventRecordID>
<Correlation ActivityID="" RelatedActivityID=""></Correlation>
<Execution ProcessID="3524" ThreadID="2724"></Execution>
<Channel>Microsoft-Windows-PushNotification-Platform/Operational</Channel>
<Computer>WIN-PTFPHFCRDJ0</Computer>
<Security UserID="S-1-5-21-1152959844-3645458174-3779170896-1000"></Security>
</System>
<EventData><Data Name="GroupPolicyValue">True</Data>
<Data Name="MDMPolicyValue">True</Data>
</EventData>
</Event>

<Event xmlns="http://schemas.microsoft.com/win/2004/08/events/event"><System><Provider Name="Microsoft-Windows-PushNotifications-Platform" Guid="{88cd9180-4491-4640-b571-e3bee2527943}"></Provider>
<EventID Qualifiers="">1025</EventID>
<Version>0</Version>
<Level>4</Level>
<Task>0</Task>
<Opcode>0</Opcode>
<Keywords>0x8000000000000100</Keywords>
<TimeCreated SystemTime="2020-10-23 14:00:06.175383"></TimeCreated>
<EventRecordID>164</EventRecordID>
<Correlation ActivityID="" RelatedActivityID=""></Correlation>
<Execution ProcessID="3524" ThreadID="2232"></Execution>
<Channel>Microsoft-Windows-PushNotification-Platform/Operational</Channel>
<Computer>WIN-PTFPHFCRDJ0</Computer>
<Security UserID="S-1-5-21-1152959844-3645458174-3779170896-1000"></Security>
</System>
<EventData><Data Name="PowerEventType">BatterySaverStateChange</Data>
<Data Name="IsEnabled">False</Data>
</EventData>
</Event>

<Event xmlns="http://schemas.microsoft.com/win/2004/08/events/event"><System><Provider Name="Microsoft-Windows-PushNotifications-Platform" Guid="{88cd9180-4491-4640-b571-e3bee2527943}"></Provider>
<EventID Qualifiers="">1025</EventID>
<Version>0</Version>
<Level>4</Level>
<Task>0</Task>
<Opcode>0</Opcode>
<Keywords>0x8000000000000100</Keywords>
<TimeCreated SystemTime="2020-10-23 14:00:06.223492"></TimeCreated>
<EventRecordID>165</EventRecordID>
<Correlation ActivityID="" RelatedActivityID=""></Correlation>
<Execution ProcessID="3524" ThreadID="2196"></Execution>
<Channel>Microsoft-Windows-PushNotification-Platform/Operational</Channel>
<Computer>WIN-PTFPHFCRDJ0</Computer>
<Security UserID="S-1-5-21-1152959844-3645458174-3779170896-1000"></Security>
</System>
<EventData><Data Name="PowerEventType">ACPowerChange</Data>
<Data Name="IsEnabled">True</Data>
</EventData>
</Event>

<Event xmlns="http://schemas.microsoft.com/win/2004/08/events/event"><System><Provider Name="Microsoft-Windows-PushNotifications-Platform" Guid="{88cd9180-4491-4640-b571-e3bee2527943}"></Provider>
<EventID Qualifiers="">1025</EventID>
<Version>0</Version>
<Level>4</Level>
<Task>0</Task>
<Opcode>0</Opcode>
<Keywords>0x8000000000000100</Keywords>
<TimeCreated SystemTime="2020-10-23 14:00:06.224915"></TimeCreated>
<EventRecordID>166</EventRecordID>
<Correlation ActivityID="" RelatedActivityID=""></Correlation>
<Execution ProcessID="3524" ThreadID="2196"></Execution>
<Channel>Microsoft-Windows-PushNotification-Platform/Operational</Channel>
<Computer>WIN-PTFPHFCRDJ0</Computer>
<Security UserID="S-1-5-21-1152959844-3645458174-3779170896-1000"></Security>
</System>
<EventData><Data Name="PowerEventType">MonitorSettingChange</Data>
<Data Name="IsEnabled">True</Data>
</EventData>
</Event>

<Event xmlns="http://schemas.microsoft.com/win/2004/08/events/event"><System><Provider Name="Microsoft-Windows-PushNotifications-Platform" Guid="{88cd9180-4491-4640-b571-e3bee2527943}"></Provider>
<EventID Qualifiers="">3144</EventID>
<Version>0</Version>
<Level>4</Level>
<Task>0</Task>
<Opcode>0</Opcode>
<Keywords>0x8000000000000800</Keywords>
<TimeCreated SystemTime="2020-10-23 14:00:07.041454"></TimeCreated>
<EventRecordID>167</EventRecordID>
<Correlation ActivityID="" RelatedActivityID=""></Correlation>
<Execution ProcessID="3524" ThreadID="2196"></Execution>
<Channel>Microsoft-Windows-PushNotification-Platform/Operational</Channel>
<Computer>WIN-PTFPHFCRDJ0</Computer>
<Security UserID="S-1-5-21-1152959844-3645458174-3779170896-1000"></Security>
</System>
<EventData></EventData>
</Event>

<Event xmlns="http://schemas.microsoft.com/win/2004/08/events/event"><System><Provider Name="Microsoft-Windows-PushNotifications-Platform" Guid="{88cd9180-4491-4640-b571-e3bee2527943}"></Provider>
<EventID Qualifiers="">3006</EventID>
<Version>0</Version>
<Level>4</Level>
<Task>4</Task>
<Opcode>1</Opcode>
<Keywords>0x8000000000000800</Keywords>
<TimeCreated SystemTime="2020-10-23 14:00:09.627077"></TimeCreated>
<EventRecordID>168</EventRecordID>
<Correlation ActivityID="" RelatedActivityID=""></Correlation>
<Execution ProcessID="3524" ThreadID="2724"></Execution>
<Channel>Microsoft-Windows-PushNotification-Platform/Operational</Channel>
<Computer>WIN-PTFPHFCRDJ0</Computer>
<Security UserID="S-1-5-21-1152959844-3645458174-3779170896-1000"></Security>
</System>
<EventData><Data Name="Object">0x0000019330a321c8</Data>
<Data Name="ProcessName"></Data>
</EventData>
</Event>

<Event xmlns="http://schemas.microsoft.com/win/2004/08/events/event"><System><Provider Name="Microsoft-Windows-PushNotifications-Platform" Guid="{88cd9180-4491-4640-b571-e3bee2527943}"></Provider>
<EventID Qualifiers="">3007</EventID>
<Version>0</Version>
<Level>4</Level>
<Task>4</Task>
<Opcode>2</Opcode>
<Keywords>0x8000000000000800</Keywords>
<TimeCreated SystemTime="2020-10-23 14:00:09.627090"></TimeCreated>
<EventRecordID>169</EventRecordID>
<Correlation ActivityID="" RelatedActivityID=""></Correlation>
<Execution ProcessID="3524" ThreadID="2724"></Execution>
<Channel>Microsoft-Windows-PushNotification-Platform/Operational</Channel>
<Computer>WIN-PTFPHFCRDJ0</Computer>
<Security UserID="S-1-5-21-1152959844-3645458174-3779170896-1000"></Security>
</System>
<EventData><Data Name="Endpoint">0x0000019330a321c8</Data>
<Data Name="SessionId">1</Data>
<Data Name="Error">0</Data>
<Data Name="ProcessName"></Data>
</EventData>
</Event>

<Event xmlns="http://schemas.microsoft.com/win/2004/08/events/event"><System><Provider Name="Microsoft-Windows-PushNotifications-Platform" Guid="{88cd9180-4491-4640-b571-e3bee2527943}"></Provider>
<EventID Qualifiers="">2413</EventID>
<Version>0</Version>
<Level>4</Level>
<Task>0</Task>
<Opcode>0</Opcode>
<Keywords>0x8000000000800200</Keywords>
<TimeCreated SystemTime="2020-10-23 14:00:14.739361"></TimeCreated>
<EventRecordID>170</EventRecordID>
<Correlation ActivityID="" RelatedActivityID=""></Correlation>
<Execution ProcessID="3524" ThreadID="2704"></Execution>
<Channel>Microsoft-Windows-PushNotification-Platform/Operational</Channel>
<Computer>WIN-PTFPHFCRDJ0</Computer>
<Security UserID="S-1-5-21-1152959844-3645458174-3779170896-1000"></Security>
</System>
<EventData><Data Name="PackageFullName">windows.immersivecontrolpanel_cw5n1h2txyewy</Data>
<Data Name="AppUserModelId">windows.immersivecontrolpanel_cw5n1h2txyewy!microsoft.windows.immersivecontrolpanel</Data>
<Data Name="AppSettings">1536</Data>
<Data Name="AppType">268435456</Data>
<Data Name="ErrorCode">0</Data>
</EventData>
</Event>

<Event xmlns="http://schemas.microsoft.com/win/2004/08/events/event"><System><Provider Name="Microsoft-Windows-PushNotifications-Platform" Guid="{88cd9180-4491-4640-b571-e3bee2527943}"></Provider>
<EventID Qualifiers="">3000</EventID>
<Version>0</Version>
<Level>4</Level>
<Task>1</Task>
<Opcode>1</Opcode>
<Keywords>0x8000000000000800</Keywords>
<TimeCreated SystemTime="2020-10-23 14:00:39.675442"></TimeCreated>
<EventRecordID>171</EventRecordID>
<Correlation ActivityID="" RelatedActivityID=""></Correlation>
<Execution ProcessID="3524" ThreadID="2704"></Execution>
<Channel>Microsoft-Windows-PushNotification-Platform/Operational</Channel>
<Computer>WIN-PTFPHFCRDJ0</Computer>
<Security UserID="S-1-5-21-1152959844-3645458174-3779170896-1000"></Security>
</System>
<EventData><Data Name="Object">0x0000019330a204d8</Data>
<Data Name="ProcessName">C:\Windows\SystemApps\ShellExperienceHost_cw5n1h2txyewy\ShellExperienceHost.exe</Data>
</EventData>
</Event>

<Event xmlns="http://schemas.microsoft.com/win/2004/08/events/event"><System><Provider Name="Microsoft-Windows-PushNotifications-Platform" Guid="{88cd9180-4491-4640-b571-e3bee2527943}"></Provider>
<EventID Qualifiers="">3001</EventID>
<Version>0</Version>
<Level>4</Level>
<Task>1</Task>
<Opcode>2</Opcode>
<Keywords>0x8000000000000800</Keywords>
<TimeCreated SystemTime="2020-10-23 14:00:39.675543"></TimeCreated>
<EventRecordID>172</EventRecordID>
<Correlation ActivityID="" RelatedActivityID=""></Correlation>
<Execution ProcessID="3524" ThreadID="2704"></Execution>
<Channel>Microsoft-Windows-PushNotification-Platform/Operational</Channel>
<Computer>WIN-PTFPHFCRDJ0</Computer>
<Security UserID="S-1-5-21-1152959844-3645458174-3779170896-1000"></Security>
</System>
<EventData><Data Name="Endpoint">0x0000019330a204d8</Data>
<Data Name="SessionId">2</Data>
<Data Name="Error">0</Data>
<Data Name="ProcessName">C:\Windows\SystemApps\ShellExperienceHost_cw5n1h2txyewy\ShellExperienceHost.exe</Data>
<Data Name="QueuedTileCloses">0</Data>
<Data Name="QueuedTileCleanups">0</Data>
</EventData>
</Event>

<Event xmlns="http://schemas.microsoft.com/win/2004/08/events/event"><System><Provider Name="Microsoft-Windows-PushNotifications-Platform" Guid="{88cd9180-4491-4640-b571-e3bee2527943}"></Provider>
<EventID Qualifiers="">2413</EventID>
<Version>0</Version>
<Level>4</Level>
<Task>0</Task>
<Opcode>0</Opcode>
<Keywords>0x8000000000800200</Keywords>
<TimeCreated SystemTime="2020-10-23 14:00:40.803425"></TimeCreated>
<EventRecordID>173</EventRecordID>
<Correlation ActivityID="" RelatedActivityID=""></Correlation>
<Execution ProcessID="3524" ThreadID="1884"></Execution>
<Channel>Microsoft-Windows-PushNotification-Platform/Operational</Channel>
<Computer>WIN-PTFPHFCRDJ0</Computer>
<Security UserID="S-1-5-21-1152959844-3645458174-3779170896-1000"></Security>
</System>
<EventData><Data Name="PackageFullName">System</Data>
<Data Name="AppUserModelId">Windows.SystemToast.WindowsTip</Data>
<Data Name="AppSettings">9471</Data>
<Data Name="AppType">1073741824</Data>
<Data Name="ErrorCode">0</Data>
</EventData>
</Event>

<Event xmlns="http://schemas.microsoft.com/win/2004/08/events/event"><System><Provider Name="Microsoft-Windows-PushNotifications-Platform" Guid="{88cd9180-4491-4640-b571-e3bee2527943}"></Provider>
<EventID Qualifiers="">3000</EventID>
<Version>0</Version>
<Level>4</Level>
<Task>1</Task>
<Opcode>1</Opcode>
<Keywords>0x8000000000000800</Keywords>
<TimeCreated SystemTime="2020-10-23 14:00:42.435822"></TimeCreated>
<EventRecordID>174</EventRecordID>
<Correlation ActivityID="" RelatedActivityID=""></Correlation>
<Execution ProcessID="3524" ThreadID="2704"></Execution>
<Channel>Microsoft-Windows-PushNotification-Platform/Operational</Channel>
<Computer>WIN-PTFPHFCRDJ0</Computer>
<Security UserID="S-1-5-21-1152959844-3645458174-3779170896-1000"></Security>
</System>
<EventData><Data Name="Object">0x0000019330a20a58</Data>
<Data Name="ProcessName">C:\Windows\explorer.exe</Data>
</EventData>
</Event>

<Event xmlns="http://schemas.microsoft.com/win/2004/08/events/event"><System><Provider Name="Microsoft-Windows-PushNotifications-Platform" Guid="{88cd9180-4491-4640-b571-e3bee2527943}"></Provider>
<EventID Qualifiers="">3001</EventID>
<Version>0</Version>
<Level>4</Level>
<Task>1</Task>
<Opcode>2</Opcode>
<Keywords>0x8000000000000800</Keywords>
<TimeCreated SystemTime="2020-10-23 14:00:42.435837"></TimeCreated>
<EventRecordID>175</EventRecordID>
<Correlation ActivityID="" RelatedActivityID=""></Correlation>
<Execution ProcessID="3524" ThreadID="2704"></Execution>
<Channel>Microsoft-Windows-PushNotification-Platform/Operational</Channel>
<Computer>WIN-PTFPHFCRDJ0</Computer>
<Security UserID="S-1-5-21-1152959844-3645458174-3779170896-1000"></Security>
</System>
<EventData><Data Name="Endpoint">0x0000019330a20a58</Data>
<Data Name="SessionId">3</Data>
<Data Name="Error">0</Data>
<Data Name="ProcessName">C:\Windows\explorer.exe</Data>
<Data Name="QueuedTileCloses">0</Data>
<Data Name="QueuedTileCleanups">0</Data>
</EventData>
</Event>

<Event xmlns="http://schemas.microsoft.com/win/2004/08/events/event"><System><Provider Name="Microsoft-Windows-PushNotifications-Platform" Guid="{88cd9180-4491-4640-b571-e3bee2527943}"></Provider>
<EventID Qualifiers="">3052</EventID>
<Version>0</Version>
<Level>4</Level>
<Task>10</Task>
<Opcode>1</Opcode>
<Keywords>0x8000000080800803</Keywords>
<TimeCreated SystemTime="2020-10-23 14:10:45.744551"></TimeCreated>
<EventRecordID>176</EventRecordID>
<Correlation ActivityID="" RelatedActivityID=""></Correlation>
<Execution ProcessID="3524" ThreadID="4452"></Execution>
<Channel>Microsoft-Windows-PushNotification-Platform/Operational</Channel>
<Computer>WIN-PTFPHFCRDJ0</Computer>
<Security UserID="S-1-5-21-1152959844-3645458174-3779170896-1000"></Security>
</System>
<EventData><Data Name="TrackingId">12</Data>
<Data Name="AppUserModelId">Windows.Defender.SecurityCenter</Data>
<Data Name="SessionId">1</Data>
<Data Name="MessageId">{6d4ecf62-dfe4-4a6d-b503-92d9221ef18f}</Data>
</EventData>
</Event>

<Event xmlns="http://schemas.microsoft.com/win/2004/08/events/event"><System><Provider Name="Microsoft-Windows-PushNotifications-Platform" Guid="{88cd9180-4491-4640-b571-e3bee2527943}"></Provider>
<EventID Qualifiers="">3111</EventID>
<Version>0</Version>
<Level>4</Level>
<Task>28</Task>
<Opcode>1</Opcode>
<Keywords>0x8000000000000800</Keywords>
<TimeCreated SystemTime="2020-10-23 14:10:45.746307"></TimeCreated>
<EventRecordID>177</EventRecordID>
<Correlation ActivityID="" RelatedActivityID=""></Correlation>
<Execution ProcessID="3524" ThreadID="4452"></Execution>
<Channel>Microsoft-Windows-PushNotification-Platform/Operational</Channel>
<Computer>WIN-PTFPHFCRDJ0</Computer>
<Security UserID="S-1-5-21-1152959844-3645458174-3779170896-1000"></Security>
</System>
<EventData></EventData>
</Event>

<Event xmlns="http://schemas.microsoft.com/win/2004/08/events/event"><System><Provider Name="Microsoft-Windows-PushNotifications-Platform" Guid="{88cd9180-4491-4640-b571-e3bee2527943}"></Provider>
<EventID Qualifiers="">3112</EventID>
<Version>0</Version>
<Level>4</Level>
<Task>28</Task>
<Opcode>2</Opcode>
<Keywords>0x8000000000000800</Keywords>
<TimeCreated SystemTime="2020-10-23 14:10:45.751492"></TimeCreated>
<EventRecordID>178</EventRecordID>
<Correlation ActivityID="" RelatedActivityID=""></Correlation>
<Execution ProcessID="3524" ThreadID="4452"></Execution>
<Channel>Microsoft-Windows-PushNotification-Platform/Operational</Channel>
<Computer>WIN-PTFPHFCRDJ0</Computer>
<Security UserID="S-1-5-21-1152959844-3645458174-3779170896-1000"></Security>
</System>
<EventData></EventData>
</Event>

<Event xmlns="http://schemas.microsoft.com/win/2004/08/events/event"><System><Provider Name="Microsoft-Windows-PushNotifications-Platform" Guid="{88cd9180-4491-4640-b571-e3bee2527943}"></Provider>
<EventID Qualifiers="">3049</EventID>
<Version>0</Version>
<Level>4</Level>
<Task>0</Task>
<Opcode>0</Opcode>
<Keywords>0x8000000000000800</Keywords>
<TimeCreated SystemTime="2020-10-23 14:10:45.771790"></TimeCreated>
<EventRecordID>179</EventRecordID>
<Correlation ActivityID="" RelatedActivityID=""></Correlation>
<Execution ProcessID="3524" ThreadID="3028"></Execution>
<Channel>Microsoft-Windows-PushNotification-Platform/Operational</Channel>
<Computer>WIN-PTFPHFCRDJ0</Computer>
<Security UserID="S-1-5-21-1152959844-3645458174-3779170896-1000"></Security>
</System>
<EventData><Data Name="Object">0x0000019330a200b8</Data>
</EventData>
</Event>

<Event xmlns="http://schemas.microsoft.com/win/2004/08/events/event"><System><Provider Name="Microsoft-Windows-PushNotifications-Platform" Guid="{88cd9180-4491-4640-b571-e3bee2527943}"></Provider>
<EventID Qualifiers="">3052</EventID>
<Version>0</Version>
<Level>4</Level>
<Task>10</Task>
<Opcode>1</Opcode>
<Keywords>0x8000000080800803</Keywords>
<TimeCreated SystemTime="2020-10-23 14:11:30.276009"></TimeCreated>
<EventRecordID>180</EventRecordID>
<Correlation ActivityID="" RelatedActivityID=""></Correlation>
<Execution ProcessID="3524" ThreadID="1884"></Execution>
<Channel>Microsoft-Windows-PushNotification-Platform/Operational</Channel>
<Computer>WIN-PTFPHFCRDJ0</Computer>
<Security UserID="S-1-5-21-1152959844-3645458174-3779170896-1000"></Security>
</System>
<EventData><Data Name="TrackingId">13</Data>
<Data Name="AppUserModelId">Windows.Defender.SecurityCenter</Data>
<Data Name="SessionId">1</Data>
<Data Name="MessageId">{22749fdd-2817-4c3b-bce3-3fd7e01ce417}</Data>
</EventData>
</Event>

<Event xmlns="http://schemas.microsoft.com/win/2004/08/events/event"><System><Provider Name="Microsoft-Windows-PushNotifications-Platform" Guid="{88cd9180-4491-4640-b571-e3bee2527943}"></Provider>
<EventID Qualifiers="">3111</EventID>
<Version>0</Version>
<Level>4</Level>
<Task>28</Task>
<Opcode>1</Opcode>
<Keywords>0x8000000000000800</Keywords>
<TimeCreated SystemTime="2020-10-23 14:11:30.276688"></TimeCreated>
<EventRecordID>181</EventRecordID>
<Correlation ActivityID="" RelatedActivityID=""></Correlation>
<Execution ProcessID="3524" ThreadID="1884"></Execution>
<Channel>Microsoft-Windows-PushNotification-Platform/Operational</Channel>
<Computer>WIN-PTFPHFCRDJ0</Computer>
<Security UserID="S-1-5-21-1152959844-3645458174-3779170896-1000"></Security>
</System>
<EventData></EventData>
</Event>

<Event xmlns="http://schemas.microsoft.com/win/2004/08/events/event"><System><Provider Name="Microsoft-Windows-PushNotifications-Platform" Guid="{88cd9180-4491-4640-b571-e3bee2527943}"></Provider>
<EventID Qualifiers="">3112</EventID>
<Version>0</Version>
<Level>4</Level>
<Task>28</Task>
<Opcode>2</Opcode>
<Keywords>0x8000000000000800</Keywords>
<TimeCreated SystemTime="2020-10-23 14:11:30.276691"></TimeCreated>
<EventRecordID>182</EventRecordID>
<Correlation ActivityID="" RelatedActivityID=""></Correlation>
<Execution ProcessID="3524" ThreadID="1884"></Execution>
<Channel>Microsoft-Windows-PushNotification-Platform/Operational</Channel>
<Computer>WIN-PTFPHFCRDJ0</Computer>
<Security UserID="S-1-5-21-1152959844-3645458174-3779170896-1000"></Security>
</System>
<EventData></EventData>
</Event>

<Event xmlns="http://schemas.microsoft.com/win/2004/08/events/event"><System><Provider Name="Microsoft-Windows-PushNotifications-Platform" Guid="{88cd9180-4491-4640-b571-e3bee2527943}"></Provider>
<EventID Qualifiers="">3052</EventID>
<Version>0</Version>
<Level>4</Level>
<Task>10</Task>
<Opcode>1</Opcode>
<Keywords>0x8000000080800803</Keywords>
<TimeCreated SystemTime="2020-10-23 14:11:54.606766"></TimeCreated>
<EventRecordID>183</EventRecordID>
<Correlation ActivityID="" RelatedActivityID=""></Correlation>
<Execution ProcessID="3524" ThreadID="1884"></Execution>
<Channel>Microsoft-Windows-PushNotification-Platform/Operational</Channel>
<Computer>WIN-PTFPHFCRDJ0</Computer>
<Security UserID="S-1-5-21-1152959844-3645458174-3779170896-1000"></Security>
</System>
<EventData><Data Name="TrackingId">14</Data>
<Data Name="AppUserModelId">Windows.Defender.SecurityCenter</Data>
<Data Name="SessionId">1</Data>
<Data Name="MessageId">{df436f2a-4a9f-49b6-94e3-4cb6df8eac1d}</Data>
</EventData>
</Event>

<Event xmlns="http://schemas.microsoft.com/win/2004/08/events/event"><System><Provider Name="Microsoft-Windows-PushNotifications-Platform" Guid="{88cd9180-4491-4640-b571-e3bee2527943}"></Provider>
<EventID Qualifiers="">3111</EventID>
<Version>0</Version>
<Level>4</Level>
<Task>28</Task>
<Opcode>1</Opcode>
<Keywords>0x8000000000000800</Keywords>
<TimeCreated SystemTime="2020-10-23 14:11:54.607468"></TimeCreated>
<EventRecordID>184</EventRecordID>
<Correlation ActivityID="" RelatedActivityID=""></Correlation>
<Execution ProcessID="3524" ThreadID="1884"></Execution>
<Channel>Microsoft-Windows-PushNotification-Platform/Operational</Channel>
<Computer>WIN-PTFPHFCRDJ0</Computer>
<Security UserID="S-1-5-21-1152959844-3645458174-3779170896-1000"></Security>
</System>
<EventData></EventData>
</Event>

<Event xmlns="http://schemas.microsoft.com/win/2004/08/events/event"><System><Provider Name="Microsoft-Windows-PushNotifications-Platform" Guid="{88cd9180-4491-4640-b571-e3bee2527943}"></Provider>
<EventID Qualifiers="">3112</EventID>
<Version>0</Version>
<Level>4</Level>
<Task>28</Task>
<Opcode>2</Opcode>
<Keywords>0x8000000000000800</Keywords>
<TimeCreated SystemTime="2020-10-23 14:11:54.607471"></TimeCreated>
<EventRecordID>185</EventRecordID>
<Correlation ActivityID="" RelatedActivityID=""></Correlation>
<Execution ProcessID="3524" ThreadID="1884"></Execution>
<Channel>Microsoft-Windows-PushNotification-Platform/Operational</Channel>
<Computer>WIN-PTFPHFCRDJ0</Computer>
<Security UserID="S-1-5-21-1152959844-3645458174-3779170896-1000"></Security>
</System>
<EventData></EventData>
</Event>

<Event xmlns="http://schemas.microsoft.com/win/2004/08/events/event"><System><Provider Name="Microsoft-Windows-PushNotifications-Platform" Guid="{88cd9180-4491-4640-b571-e3bee2527943}"></Provider>
<EventID Qualifiers="">2415</EventID>
<Version>0</Version>
<Level>4</Level>
<Task>0</Task>
<Opcode>0</Opcode>
<Keywords>0x8000000000800200</Keywords>
<TimeCreated SystemTime="2020-10-23 14:14:37.375740"></TimeCreated>
<EventRecordID>186</EventRecordID>
<Correlation ActivityID="" RelatedActivityID=""></Correlation>
<Execution ProcessID="3524" ThreadID="1884"></Execution>
<Channel>Microsoft-Windows-PushNotification-Platform/Operational</Channel>
<Computer>WIN-PTFPHFCRDJ0</Computer>
<Security UserID="S-1-5-21-1152959844-3645458174-3779170896-1000"></Security>
</System>
<EventData><Data Name="AppUserModelId">Microsoft.Explorer.Notification.{024D806E-535A-2958-AD11-EEA1F1A5B8B6}</Data>
<Data Name="ErrorCode">0</Data>
</EventData>
</Event>

<Event xmlns="http://schemas.microsoft.com/win/2004/08/events/event"><System><Provider Name="Microsoft-Windows-PushNotifications-Platform" Guid="{88cd9180-4491-4640-b571-e3bee2527943}"></Provider>
<EventID Qualifiers="">3049</EventID>
<Version>0</Version>
<Level>4</Level>
<Task>0</Task>
<Opcode>0</Opcode>
<Keywords>0x8000000000000800</Keywords>
<TimeCreated SystemTime="2020-10-23 14:14:38.105679"></TimeCreated>
<EventRecordID>187</EventRecordID>
<Correlation ActivityID="" RelatedActivityID=""></Correlation>
<Execution ProcessID="3524" ThreadID="1884"></Execution>
<Channel>Microsoft-Windows-PushNotification-Platform/Operational</Channel>
<Computer>WIN-PTFPHFCRDJ0</Computer>
<Security UserID="S-1-5-21-1152959844-3645458174-3779170896-1000"></Security>
</System>
<EventData><Data Name="Object">0x0000019330a20848</Data>
</EventData>
</Event>

<Event xmlns="http://schemas.microsoft.com/win/2004/08/events/event"><System><Provider Name="Microsoft-Windows-PushNotifications-Platform" Guid="{88cd9180-4491-4640-b571-e3bee2527943}"></Provider>
<EventID Qualifiers="">3049</EventID>
<Version>0</Version>
<Level>4</Level>
<Task>0</Task>
<Opcode>0</Opcode>
<Keywords>0x8000000000000800</Keywords>
<TimeCreated SystemTime="2020-10-23 14:14:38.106062"></TimeCreated>
<EventRecordID>188</EventRecordID>
<Correlation ActivityID="" RelatedActivityID=""></Correlation>
<Execution ProcessID="3524" ThreadID="1884"></Execution>
<Channel>Microsoft-Windows-PushNotification-Platform/Operational</Channel>
<Computer>WIN-PTFPHFCRDJ0</Computer>
<Security UserID="S-1-5-21-1152959844-3645458174-3779170896-1000"></Security>
</System>
<EventData><Data Name="Object">0x0000019330a204d8</Data>
</EventData>
</Event>

<Event xmlns="http://schemas.microsoft.com/win/2004/08/events/event"><System><Provider Name="Microsoft-Windows-PushNotifications-Platform" Guid="{88cd9180-4491-4640-b571-e3bee2527943}"></Provider>
<EventID Qualifiers="">2415</EventID>
<Version>0</Version>
<Level>4</Level>
<Task>0</Task>
<Opcode>0</Opcode>
<Keywords>0x8000000000800200</Keywords>
<TimeCreated SystemTime="2020-10-23 14:14:38.245749"></TimeCreated>
<EventRecordID>189</EventRecordID>
<Correlation ActivityID="" RelatedActivityID=""></Correlation>
<Execution ProcessID="3524" ThreadID="4452"></Execution>
<Channel>Microsoft-Windows-PushNotification-Platform/Operational</Channel>
<Computer>WIN-PTFPHFCRDJ0</Computer>
<Security UserID="S-1-5-21-1152959844-3645458174-3779170896-1000"></Security>
</System>
<EventData><Data Name="AppUserModelId">Microsoft.Explorer.Notification.{7820AE78-23E3-4229-82C1-E41CB67D5B9C}</Data>
<Data Name="ErrorCode">0</Data>
</EventData>
</Event>

<Event xmlns="http://schemas.microsoft.com/win/2004/08/events/event"><System><Provider Name="Microsoft-Windows-PushNotifications-Platform" Guid="{88cd9180-4491-4640-b571-e3bee2527943}"></Provider>
<EventID Qualifiers="">2415</EventID>
<Version>0</Version>
<Level>4</Level>
<Task>0</Task>
<Opcode>0</Opcode>
<Keywords>0x8000000000800200</Keywords>
<TimeCreated SystemTime="2020-10-23 14:14:38.335026"></TimeCreated>
<EventRecordID>190</EventRecordID>
<Correlation ActivityID="" RelatedActivityID=""></Correlation>
<Execution ProcessID="3524" ThreadID="4452"></Execution>
<Channel>Microsoft-Windows-PushNotification-Platform/Operational</Channel>
<Computer>WIN-PTFPHFCRDJ0</Computer>
<Security UserID="S-1-5-21-1152959844-3645458174-3779170896-1000"></Security>
</System>
<EventData><Data Name="AppUserModelId">Microsoft.Explorer.Notification.{7820AE73-23E3-4229-82C1-E41CB67D5B9C}</Data>
<Data Name="ErrorCode">0</Data>
</EventData>
</Event>

<Event xmlns="http://schemas.microsoft.com/win/2004/08/events/event"><System><Provider Name="Microsoft-Windows-PushNotifications-Platform" Guid="{88cd9180-4491-4640-b571-e3bee2527943}"></Provider>
<EventID Qualifiers="">2415</EventID>
<Version>0</Version>
<Level>4</Level>
<Task>0</Task>
<Opcode>0</Opcode>
<Keywords>0x8000000000800200</Keywords>
<TimeCreated SystemTime="2020-10-23 14:14:38.537148"></TimeCreated>
<EventRecordID>191</EventRecordID>
<Correlation ActivityID="" RelatedActivityID=""></Correlation>
<Execution ProcessID="3524" ThreadID="4452"></Execution>
<Channel>Microsoft-Windows-PushNotification-Platform/Operational</Channel>
<Computer>WIN-PTFPHFCRDJ0</Computer>
<Security UserID="S-1-5-21-1152959844-3645458174-3779170896-1000"></Security>
</System>
<EventData><Data Name="AppUserModelId">Microsoft.Explorer.Notification.{7820AE74-23E3-4229-82C1-E41CB67D5B9C}</Data>
<Data Name="ErrorCode">0</Data>
</EventData>
</Event>

<Event xmlns="http://schemas.microsoft.com/win/2004/08/events/event"><System><Provider Name="Microsoft-Windows-PushNotifications-Platform" Guid="{88cd9180-4491-4640-b571-e3bee2527943}"></Provider>
<EventID Qualifiers="">3057</EventID>
<Version>0</Version>
<Level>4</Level>
<Task>3</Task>
<Opcode>1</Opcode>
<Keywords>0x8000000000000800</Keywords>
<TimeCreated SystemTime="2020-10-23 14:14:39.102509"></TimeCreated>
<EventRecordID>192</EventRecordID>
<Correlation ActivityID="" RelatedActivityID=""></Correlation>
<Execution ProcessID="3524" ThreadID="4452"></Execution>
<Channel>Microsoft-Windows-PushNotification-Platform/Operational</Channel>
<Computer>WIN-PTFPHFCRDJ0</Computer>
<Security UserID="S-1-5-21-1152959844-3645458174-3779170896-1000"></Security>
</System>
<EventData><Data Name="SessionId">3</Data>
</EventData>
</Event>

<Event xmlns="http://schemas.microsoft.com/win/2004/08/events/event"><System><Provider Name="Microsoft-Windows-PushNotifications-Platform" Guid="{88cd9180-4491-4640-b571-e3bee2527943}"></Provider>
<EventID Qualifiers="">3058</EventID>
<Version>0</Version>
<Level>4</Level>
<Task>3</Task>
<Opcode>2</Opcode>
<Keywords>0x8000000000000800</Keywords>
<TimeCreated SystemTime="2020-10-23 14:14:39.102518"></TimeCreated>
<EventRecordID>193</EventRecordID>
<Correlation ActivityID="" RelatedActivityID=""></Correlation>
<Execution ProcessID="3524" ThreadID="4452"></Execution>
<Channel>Microsoft-Windows-PushNotification-Platform/Operational</Channel>
<Computer>WIN-PTFPHFCRDJ0</Computer>
<Security UserID="S-1-5-21-1152959844-3645458174-3779170896-1000"></Security>
</System>
<EventData><Data Name="SessionId">3</Data>
</EventData>
</Event>

<Event xmlns="http://schemas.microsoft.com/win/2004/08/events/event"><System><Provider Name="Microsoft-Windows-PushNotifications-Platform" Guid="{88cd9180-4491-4640-b571-e3bee2527943}"></Provider>
<EventID Qualifiers="">3004</EventID>
<Version>0</Version>
<Level>4</Level>
<Task>3</Task>
<Opcode>1</Opcode>
<Keywords>0x8000000000000800</Keywords>
<TimeCreated SystemTime="2020-10-23 14:14:39.103849"></TimeCreated>
<EventRecordID>194</EventRecordID>
<Correlation ActivityID="" RelatedActivityID=""></Correlation>
<Execution ProcessID="3524" ThreadID="4452"></Execution>
<Channel>Microsoft-Windows-PushNotification-Platform/Operational</Channel>
<Computer>WIN-PTFPHFCRDJ0</Computer>
<Security UserID="S-1-5-21-1152959844-3645458174-3779170896-1000"></Security>
</System>
<EventData><Data Name="SessionId">3</Data>
</EventData>
</Event>

<Event xmlns="http://schemas.microsoft.com/win/2004/08/events/event"><System><Provider Name="Microsoft-Windows-PushNotifications-Platform" Guid="{88cd9180-4491-4640-b571-e3bee2527943}"></Provider>
<EventID Qualifiers="">3005</EventID>
<Version>0</Version>
<Level>4</Level>
<Task>3</Task>
<Opcode>2</Opcode>
<Keywords>0x8000000000000800</Keywords>
<TimeCreated SystemTime="2020-10-23 14:14:39.103855"></TimeCreated>
<EventRecordID>195</EventRecordID>
<Correlation ActivityID="" RelatedActivityID=""></Correlation>
<Execution ProcessID="3524" ThreadID="4452"></Execution>
<Channel>Microsoft-Windows-PushNotification-Platform/Operational</Channel>
<Computer>WIN-PTFPHFCRDJ0</Computer>
<Security UserID="S-1-5-21-1152959844-3645458174-3779170896-1000"></Security>
</System>
<EventData><Data Name="SessionId">3</Data>
<Data Name="Error">0</Data>
</EventData>
</Event>

<Event xmlns="http://schemas.microsoft.com/win/2004/08/events/event"><System><Provider Name="Microsoft-Windows-PushNotifications-Platform" Guid="{88cd9180-4491-4640-b571-e3bee2527943}"></Provider>
<EventID Qualifiers="">3049</EventID>
<Version>0</Version>
<Level>4</Level>
<Task>0</Task>
<Opcode>0</Opcode>
<Keywords>0x8000000000000800</Keywords>
<TimeCreated SystemTime="2020-10-23 14:14:39.206091"></TimeCreated>
<EventRecordID>196</EventRecordID>
<Correlation ActivityID="" RelatedActivityID=""></Correlation>
<Execution ProcessID="3524" ThreadID="4452"></Execution>
<Channel>Microsoft-Windows-PushNotification-Platform/Operational</Channel>
<Computer>WIN-PTFPHFCRDJ0</Computer>
<Security UserID="S-1-5-21-1152959844-3645458174-3779170896-1000"></Security>
</System>
<EventData><Data Name="Object">0x0000019330a20a58</Data>
</EventData>
</Event>

<Event xmlns="http://schemas.microsoft.com/win/2004/08/events/event"><System><Provider Name="Microsoft-Windows-PushNotifications-Platform" Guid="{88cd9180-4491-4640-b571-e3bee2527943}"></Provider>
<EventID Qualifiers="">3049</EventID>
<Version>0</Version>
<Level>4</Level>
<Task>0</Task>
<Opcode>0</Opcode>
<Keywords>0x8000000000000800</Keywords>
<TimeCreated SystemTime="2020-10-23 14:14:39.451567"></TimeCreated>
<EventRecordID>197</EventRecordID>
<Correlation ActivityID="" RelatedActivityID=""></Correlation>
<Execution ProcessID="3524" ThreadID="3048"></Execution>
<Channel>Microsoft-Windows-PushNotification-Platform/Operational</Channel>
<Computer>WIN-PTFPHFCRDJ0</Computer>
<Security UserID="S-1-5-21-1152959844-3645458174-3779170896-1000"></Security>
</System>
<EventData><Data Name="Object">0x0000019330a321c8</Data>
</EventData>
</Event>

<Event xmlns="http://schemas.microsoft.com/win/2004/08/events/event"><System><Provider Name="Microsoft-Windows-PushNotifications-Platform" Guid="{88cd9180-4491-4640-b571-e3bee2527943}"></Provider>
<EventID Qualifiers="">3008</EventID>
<Version>0</Version>
<Level>4</Level>
<Task>5</Task>
<Opcode>1</Opcode>
<Keywords>0x8000000000000800</Keywords>
<TimeCreated SystemTime="2020-10-23 14:14:39.453335"></TimeCreated>
<EventRecordID>198</EventRecordID>
<Correlation ActivityID="" RelatedActivityID=""></Correlation>
<Execution ProcessID="3524" ThreadID="3048"></Execution>
<Channel>Microsoft-Windows-PushNotification-Platform/Operational</Channel>
<Computer>WIN-PTFPHFCRDJ0</Computer>
<Security UserID="S-1-5-21-1152959844-3645458174-3779170896-1000"></Security>
</System>
<EventData><Data Name="SessionId">1</Data>
</EventData>
</Event>

<Event xmlns="http://schemas.microsoft.com/win/2004/08/events/event"><System><Provider Name="Microsoft-Windows-PushNotifications-Platform" Guid="{88cd9180-4491-4640-b571-e3bee2527943}"></Provider>
<EventID Qualifiers="">3049</EventID>
<Version>0</Version>
<Level>4</Level>
<Task>0</Task>
<Opcode>0</Opcode>
<Keywords>0x8000000000000800</Keywords>
<TimeCreated SystemTime="2020-10-23 14:14:39.453402"></TimeCreated>
<EventRecordID>199</EventRecordID>
<Correlation ActivityID="" RelatedActivityID=""></Correlation>
<Execution ProcessID="3524" ThreadID="3048"></Execution>
<Channel>Microsoft-Windows-PushNotification-Platform/Operational</Channel>
<Computer>WIN-PTFPHFCRDJ0</Computer>
<Security UserID="S-1-5-21-1152959844-3645458174-3779170896-1000"></Security>
</System>
<EventData><Data Name="Object">0x0000019330a32e28</Data>
</EventData>
</Event>

<Event xmlns="http://schemas.microsoft.com/win/2004/08/events/event"><System><Provider Name="Microsoft-Windows-PushNotifications-Platform" Guid="{88cd9180-4491-4640-b571-e3bee2527943}"></Provider>
<EventID Qualifiers="">3009</EventID>
<Version>0</Version>
<Level>4</Level>
<Task>5</Task>
<Opcode>2</Opcode>
<Keywords>0x8000000000000800</Keywords>
<TimeCreated SystemTime="2020-10-23 14:14:39.454714"></TimeCreated>
<EventRecordID>200</EventRecordID>
<Correlation ActivityID="" RelatedActivityID=""></Correlation>
<Execution ProcessID="3524" ThreadID="3048"></Execution>
<Channel>Microsoft-Windows-PushNotification-Platform/Operational</Channel>
<Computer>WIN-PTFPHFCRDJ0</Computer>
<Security UserID="S-1-5-21-1152959844-3645458174-3779170896-1000"></Security>
</System>
<EventData><Data Name="SessionId">1</Data>
<Data Name="Error">0</Data>
</EventData>
</Event>

<Event xmlns="http://schemas.microsoft.com/win/2004/08/events/event"><System><Provider Name="Microsoft-Windows-PushNotifications-Platform" Guid="{88cd9180-4491-4640-b571-e3bee2527943}"></Provider>
<EventID Qualifiers="">42</EventID>
<Version>0</Version>
<Level>4</Level>
<Task>0</Task>
<Opcode>0</Opcode>
<Keywords>0x8000000002801000</Keywords>
<TimeCreated SystemTime="2020-10-23 18:52:45.755234"></TimeCreated>
<EventRecordID>201</EventRecordID>
<Correlation ActivityID="" RelatedActivityID=""></Correlation>
<Execution ProcessID="4016" ThreadID="100"></Execution>
<Channel>Microsoft-Windows-PushNotification-Platform/Operational</Channel>
<Computer>WIN-PTFPHFCRDJ0</Computer>
<Security UserID="S-1-5-21-1152959844-3645458174-3779170896-1000"></Security>
</System>
<EventData><Data Name="GroupPolicyValue">True</Data>
<Data Name="MDMPolicyValue">True</Data>
</EventData>
</Event>

<Event xmlns="http://schemas.microsoft.com/win/2004/08/events/event"><System><Provider Name="Microsoft-Windows-PushNotifications-Platform" Guid="{88cd9180-4491-4640-b571-e3bee2527943}"></Provider>
<EventID Qualifiers="">1025</EventID>
<Version>0</Version>
<Level>4</Level>
<Task>0</Task>
<Opcode>0</Opcode>
<Keywords>0x8000000000000100</Keywords>
<TimeCreated SystemTime="2020-10-23 18:52:45.756607"></TimeCreated>
<EventRecordID>202</EventRecordID>
<Correlation ActivityID="" RelatedActivityID=""></Correlation>
<Execution ProcessID="4016" ThreadID="1476"></Execution>
<Channel>Microsoft-Windows-PushNotification-Platform/Operational</Channel>
<Computer>WIN-PTFPHFCRDJ0</Computer>
<Security UserID="S-1-5-21-1152959844-3645458174-3779170896-1000"></Security>
</System>
<EventData><Data Name="PowerEventType">BatterySaverStateChange</Data>
<Data Name="IsEnabled">False</Data>
</EventData>
</Event>

<Event xmlns="http://schemas.microsoft.com/win/2004/08/events/event"><System><Provider Name="Microsoft-Windows-PushNotifications-Platform" Guid="{88cd9180-4491-4640-b571-e3bee2527943}"></Provider>
<EventID Qualifiers="">1025</EventID>
<Version>0</Version>
<Level>4</Level>
<Task>0</Task>
<Opcode>0</Opcode>
<Keywords>0x8000000000000100</Keywords>
<TimeCreated SystemTime="2020-10-23 18:52:45.781004"></TimeCreated>
<EventRecordID>203</EventRecordID>
<Correlation ActivityID="" RelatedActivityID=""></Correlation>
<Execution ProcessID="4016" ThreadID="2656"></Execution>
<Channel>Microsoft-Windows-PushNotification-Platform/Operational</Channel>
<Computer>WIN-PTFPHFCRDJ0</Computer>
<Security UserID="S-1-5-21-1152959844-3645458174-3779170896-1000"></Security>
</System>
<EventData><Data Name="PowerEventType">ACPowerChange</Data>
<Data Name="IsEnabled">True</Data>
</EventData>
</Event>

<Event xmlns="http://schemas.microsoft.com/win/2004/08/events/event"><System><Provider Name="Microsoft-Windows-PushNotifications-Platform" Guid="{88cd9180-4491-4640-b571-e3bee2527943}"></Provider>
<EventID Qualifiers="">1025</EventID>
<Version>0</Version>
<Level>4</Level>
<Task>0</Task>
<Opcode>0</Opcode>
<Keywords>0x8000000000000100</Keywords>
<TimeCreated SystemTime="2020-10-23 18:52:45.782110"></TimeCreated>
<EventRecordID>204</EventRecordID>
<Correlation ActivityID="" RelatedActivityID=""></Correlation>
<Execution ProcessID="4016" ThreadID="2656"></Execution>
<Channel>Microsoft-Windows-PushNotification-Platform/Operational</Channel>
<Computer>WIN-PTFPHFCRDJ0</Computer>
<Security UserID="S-1-5-21-1152959844-3645458174-3779170896-1000"></Security>
</System>
<EventData><Data Name="PowerEventType">MonitorSettingChange</Data>
<Data Name="IsEnabled">True</Data>
</EventData>
</Event>

<Event xmlns="http://schemas.microsoft.com/win/2004/08/events/event"><System><Provider Name="Microsoft-Windows-PushNotifications-Platform" Guid="{88cd9180-4491-4640-b571-e3bee2527943}"></Provider>
<EventID Qualifiers="">3144</EventID>
<Version>0</Version>
<Level>4</Level>
<Task>0</Task>
<Opcode>0</Opcode>
<Keywords>0x8000000000000800</Keywords>
<TimeCreated SystemTime="2020-10-23 18:52:46.711388"></TimeCreated>
<EventRecordID>205</EventRecordID>
<Correlation ActivityID="" RelatedActivityID=""></Correlation>
<Execution ProcessID="4016" ThreadID="2656"></Execution>
<Channel>Microsoft-Windows-PushNotification-Platform/Operational</Channel>
<Computer>WIN-PTFPHFCRDJ0</Computer>
<Security UserID="S-1-5-21-1152959844-3645458174-3779170896-1000"></Security>
</System>
<EventData></EventData>
</Event>

<Event xmlns="http://schemas.microsoft.com/win/2004/08/events/event"><System><Provider Name="Microsoft-Windows-PushNotifications-Platform" Guid="{88cd9180-4491-4640-b571-e3bee2527943}"></Provider>
<EventID Qualifiers="">3006</EventID>
<Version>0</Version>
<Level>4</Level>
<Task>4</Task>
<Opcode>1</Opcode>
<Keywords>0x8000000000000800</Keywords>
<TimeCreated SystemTime="2020-10-23 18:52:46.939695"></TimeCreated>
<EventRecordID>206</EventRecordID>
<Correlation ActivityID="" RelatedActivityID=""></Correlation>
<Execution ProcessID="4016" ThreadID="100"></Execution>
<Channel>Microsoft-Windows-PushNotification-Platform/Operational</Channel>
<Computer>WIN-PTFPHFCRDJ0</Computer>
<Security UserID="S-1-5-21-1152959844-3645458174-3779170896-1000"></Security>
</System>
<EventData><Data Name="Object">0x0000025f7fedfb98</Data>
<Data Name="ProcessName"></Data>
</EventData>
</Event>

<Event xmlns="http://schemas.microsoft.com/win/2004/08/events/event"><System><Provider Name="Microsoft-Windows-PushNotifications-Platform" Guid="{88cd9180-4491-4640-b571-e3bee2527943}"></Provider>
<EventID Qualifiers="">3007</EventID>
<Version>0</Version>
<Level>4</Level>
<Task>4</Task>
<Opcode>2</Opcode>
<Keywords>0x8000000000000800</Keywords>
<TimeCreated SystemTime="2020-10-23 18:52:46.939714"></TimeCreated>
<EventRecordID>207</EventRecordID>
<Correlation ActivityID="" RelatedActivityID=""></Correlation>
<Execution ProcessID="4016" ThreadID="100"></Execution>
<Channel>Microsoft-Windows-PushNotification-Platform/Operational</Channel>
<Computer>WIN-PTFPHFCRDJ0</Computer>
<Security UserID="S-1-5-21-1152959844-3645458174-3779170896-1000"></Security>
</System>
<EventData><Data Name="Endpoint">0x0000025f7fedfb98</Data>
<Data Name="SessionId">1</Data>
<Data Name="Error">0</Data>
<Data Name="ProcessName"></Data>
</EventData>
</Event>

<Event xmlns="http://schemas.microsoft.com/win/2004/08/events/event"><System><Provider Name="Microsoft-Windows-PushNotifications-Platform" Guid="{88cd9180-4491-4640-b571-e3bee2527943}"></Provider>
<EventID Qualifiers="">3049</EventID>
<Version>0</Version>
<Level>4</Level>
<Task>0</Task>
<Opcode>0</Opcode>
<Keywords>0x8000000000000800</Keywords>
<TimeCreated SystemTime="2020-10-23 18:52:51.565777"></TimeCreated>
<EventRecordID>208</EventRecordID>
<Correlation ActivityID="{136949f4-a96d-0000-8055-69136da9d601}" RelatedActivityID=""></Correlation>
<Execution ProcessID="4016" ThreadID="2464"></Execution>
<Channel>Microsoft-Windows-PushNotification-Platform/Operational</Channel>
<Computer>WIN-PTFPHFCRDJ0</Computer>
<Security UserID="S-1-5-21-1152959844-3645458174-3779170896-1000"></Security>
</System>
<EventData><Data Name="Object">0x0000025f01fef1a8</Data>
</EventData>
</Event>

<Event xmlns="http://schemas.microsoft.com/win/2004/08/events/event"><System><Provider Name="Microsoft-Windows-PushNotifications-Platform" Guid="{88cd9180-4491-4640-b571-e3bee2527943}"></Provider>
<EventID Qualifiers="">2413</EventID>
<Version>0</Version>
<Level>4</Level>
<Task>0</Task>
<Opcode>0</Opcode>
<Keywords>0x8000000000800200</Keywords>
<TimeCreated SystemTime="2020-10-23 18:52:52.795805"></TimeCreated>
<EventRecordID>209</EventRecordID>
<Correlation ActivityID="" RelatedActivityID=""></Correlation>
<Execution ProcessID="4016" ThreadID="2920"></Execution>
<Channel>Microsoft-Windows-PushNotification-Platform/Operational</Channel>
<Computer>WIN-PTFPHFCRDJ0</Computer>
<Security UserID="S-1-5-21-1152959844-3645458174-3779170896-1000"></Security>
</System>
<EventData><Data Name="PackageFullName">windows.immersivecontrolpanel_cw5n1h2txyewy</Data>
<Data Name="AppUserModelId">windows.immersivecontrolpanel_cw5n1h2txyewy!microsoft.windows.immersivecontrolpanel</Data>
<Data Name="AppSettings">1536</Data>
<Data Name="AppType">268435456</Data>
<Data Name="ErrorCode">0</Data>
</EventData>
</Event>

<Event xmlns="http://schemas.microsoft.com/win/2004/08/events/event"><System><Provider Name="Microsoft-Windows-PushNotifications-Platform" Guid="{88cd9180-4491-4640-b571-e3bee2527943}"></Provider>
<EventID Qualifiers="">3000</EventID>
<Version>0</Version>
<Level>4</Level>
<Task>1</Task>
<Opcode>1</Opcode>
<Keywords>0x8000000000000800</Keywords>
<TimeCreated SystemTime="2020-10-23 18:53:17.342346"></TimeCreated>
<EventRecordID>210</EventRecordID>
<Correlation ActivityID="" RelatedActivityID=""></Correlation>
<Execution ProcessID="4016" ThreadID="3428"></Execution>
<Channel>Microsoft-Windows-PushNotification-Platform/Operational</Channel>
<Computer>WIN-PTFPHFCRDJ0</Computer>
<Security UserID="S-1-5-21-1152959844-3645458174-3779170896-1000"></Security>
</System>
<EventData><Data Name="Object">0x0000025f01fefd58</Data>
<Data Name="ProcessName">C:\Windows\SystemApps\ShellExperienceHost_cw5n1h2txyewy\ShellExperienceHost.exe</Data>
</EventData>
</Event>

<Event xmlns="http://schemas.microsoft.com/win/2004/08/events/event"><System><Provider Name="Microsoft-Windows-PushNotifications-Platform" Guid="{88cd9180-4491-4640-b571-e3bee2527943}"></Provider>
<EventID Qualifiers="">3001</EventID>
<Version>0</Version>
<Level>4</Level>
<Task>1</Task>
<Opcode>2</Opcode>
<Keywords>0x8000000000000800</Keywords>
<TimeCreated SystemTime="2020-10-23 18:53:17.342384"></TimeCreated>
<EventRecordID>211</EventRecordID>
<Correlation ActivityID="" RelatedActivityID=""></Correlation>
<Execution ProcessID="4016" ThreadID="3428"></Execution>
<Channel>Microsoft-Windows-PushNotification-Platform/Operational</Channel>
<Computer>WIN-PTFPHFCRDJ0</Computer>
<Security UserID="S-1-5-21-1152959844-3645458174-3779170896-1000"></Security>
</System>
<EventData><Data Name="Endpoint">0x0000025f01fefd58</Data>
<Data Name="SessionId">2</Data>
<Data Name="Error">0</Data>
<Data Name="ProcessName">C:\Windows\SystemApps\ShellExperienceHost_cw5n1h2txyewy\ShellExperienceHost.exe</Data>
<Data Name="QueuedTileCloses">0</Data>
<Data Name="QueuedTileCleanups">0</Data>
</EventData>
</Event>

<Event xmlns="http://schemas.microsoft.com/win/2004/08/events/event"><System><Provider Name="Microsoft-Windows-PushNotifications-Platform" Guid="{88cd9180-4491-4640-b571-e3bee2527943}"></Provider>
<EventID Qualifiers="">2413</EventID>
<Version>0</Version>
<Level>4</Level>
<Task>0</Task>
<Opcode>0</Opcode>
<Keywords>0x8000000000800200</Keywords>
<TimeCreated SystemTime="2020-10-23 18:53:17.837400"></TimeCreated>
<EventRecordID>212</EventRecordID>
<Correlation ActivityID="" RelatedActivityID=""></Correlation>
<Execution ProcessID="4016" ThreadID="2656"></Execution>
<Channel>Microsoft-Windows-PushNotification-Platform/Operational</Channel>
<Computer>WIN-PTFPHFCRDJ0</Computer>
<Security UserID="S-1-5-21-1152959844-3645458174-3779170896-1000"></Security>
</System>
<EventData><Data Name="PackageFullName">System</Data>
<Data Name="AppUserModelId">Windows.SystemToast.WindowsTip</Data>
<Data Name="AppSettings">9471</Data>
<Data Name="AppType">1073741824</Data>
<Data Name="ErrorCode">0</Data>
</EventData>
</Event>

<Event xmlns="http://schemas.microsoft.com/win/2004/08/events/event"><System><Provider Name="Microsoft-Windows-PushNotifications-Platform" Guid="{88cd9180-4491-4640-b571-e3bee2527943}"></Provider>
<EventID Qualifiers="">3000</EventID>
<Version>0</Version>
<Level>4</Level>
<Task>1</Task>
<Opcode>1</Opcode>
<Keywords>0x8000000000000800</Keywords>
<TimeCreated SystemTime="2020-10-23 18:53:21.832712"></TimeCreated>
<EventRecordID>213</EventRecordID>
<Correlation ActivityID="" RelatedActivityID=""></Correlation>
<Execution ProcessID="4016" ThreadID="2920"></Execution>
<Channel>Microsoft-Windows-PushNotification-Platform/Operational</Channel>
<Computer>WIN-PTFPHFCRDJ0</Computer>
<Security UserID="S-1-5-21-1152959844-3645458174-3779170896-1000"></Security>
</System>
<EventData><Data Name="Object">0x0000025f01fef7d8</Data>
<Data Name="ProcessName">C:\Windows\explorer.exe</Data>
</EventData>
</Event>

<Event xmlns="http://schemas.microsoft.com/win/2004/08/events/event"><System><Provider Name="Microsoft-Windows-PushNotifications-Platform" Guid="{88cd9180-4491-4640-b571-e3bee2527943}"></Provider>
<EventID Qualifiers="">3001</EventID>
<Version>0</Version>
<Level>4</Level>
<Task>1</Task>
<Opcode>2</Opcode>
<Keywords>0x8000000000000800</Keywords>
<TimeCreated SystemTime="2020-10-23 18:53:21.832756"></TimeCreated>
<EventRecordID>214</EventRecordID>
<Correlation ActivityID="" RelatedActivityID=""></Correlation>
<Execution ProcessID="4016" ThreadID="2920"></Execution>
<Channel>Microsoft-Windows-PushNotification-Platform/Operational</Channel>
<Computer>WIN-PTFPHFCRDJ0</Computer>
<Security UserID="S-1-5-21-1152959844-3645458174-3779170896-1000"></Security>
</System>
<EventData><Data Name="Endpoint">0x0000025f01fef7d8</Data>
<Data Name="SessionId">3</Data>
<Data Name="Error">0</Data>
<Data Name="ProcessName">C:\Windows\explorer.exe</Data>
<Data Name="QueuedTileCloses">0</Data>
<Data Name="QueuedTileCleanups">0</Data>
</EventData>
</Event>

