<Event xmlns="http://schemas.microsoft.com/win/2004/08/events/event"><System><Provider Name="Microsoft-Windows-Windows Firewall With Advanced Security" Guid="{d1bc9aff-2abf-4d71-9146-ecb2a986eb85}"></Provider>
<EventID Qualifiers="">2004</EventID>
<Version>0</Version>
<Level>4</Level>
<Task>0</Task>
<Opcode>0</Opcode>
<Keywords>0x8000020000000000</Keywords>
<TimeCreated SystemTime="2020-10-23 14:05:18.017624"></TimeCreated>
<EventRecordID>149</EventRecordID>
<Correlation ActivityID="" RelatedActivityID=""></Correlation>
<Execution ProcessID="1736" ThreadID="1952"></Execution>
<Channel>Microsoft-Windows-Windows Firewall With Advanced Security/Firewall</Channel>
<Computer>WIN-PTFPHFCRDJ0</Computer>
<Security UserID="S-1-5-19"></Security>
</System>
<EventData><Data Name="RuleId">{44B54F4E-ED02-4AD7-A051-501A9141A25F}</Data>
<Data Name="RuleName">WinDefend Outbound for TCP</Data>
<Data Name="Origin">1</Data>
<Data Name="ApplicationPath">C:\ProgramData\Microsoft\Windows Defender\platform\4.18.2009.7-0\MsMpEng.exe</Data>
<Data Name="ServiceName">WinDefend</Data>
<Data Name="Direction">2</Data>
<Data Name="Protocol">6</Data>
<Data Name="LocalPorts">*</Data>
<Data Name="RemotePorts">*</Data>
<Data Name="Action">3</Data>
<Data Name="Profiles">2147483647</Data>
<Data Name="LocalAddresses">*</Data>
<Data Name="RemoteAddresses">*</Data>
<Data Name="RemoteMachineAuthorizationList"></Data>
<Data Name="RemoteUserAuthorizationList"></Data>
<Data Name="EmbeddedContext"></Data>
<Data Name="Flags">1</Data>
<Data Name="Active">1</Data>
<Data Name="EdgeTraversal">0</Data>
<Data Name="LooseSourceMapped">0</Data>
<Data Name="SecurityOptions">0</Data>
<Data Name="ModifyingUser">S-1-5-18</Data>
<Data Name="ModifyingApplication">C:\Program Files\Windows Defender\MsMpEng.exe</Data>
<Data Name="SchemaVersion">541</Data>
<Data Name="RuleStatus">65536</Data>
<Data Name="LocalOnlyMapped">0</Data>
</EventData>
</Event>

<Event xmlns="http://schemas.microsoft.com/win/2004/08/events/event"><System><Provider Name="Microsoft-Windows-Windows Firewall With Advanced Security" Guid="{d1bc9aff-2abf-4d71-9146-ecb2a986eb85}"></Provider>
<EventID Qualifiers="">2010</EventID>
<Version>0</Version>
<Level>4</Level>
<Task>0</Task>
<Opcode>0</Opcode>
<Keywords>0x8000000000000000</Keywords>
<TimeCreated SystemTime="2020-10-23 18:49:16.239328"></TimeCreated>
<EventRecordID>150</EventRecordID>
<Correlation ActivityID="" RelatedActivityID=""></Correlation>
<Execution ProcessID="1896" ThreadID="2640"></Execution>
<Channel>Microsoft-Windows-Windows Firewall With Advanced Security/Firewall</Channel>
<Computer>WIN-PTFPHFCRDJ0</Computer>
<Security UserID="S-1-5-19"></Security>
</System>
<EventData><Data Name="InterfaceGuid">{2e722116-8b3b-472d-a7de-f7debe304e5a}</Data>
<Data Name="InterfaceName">ethernet_32769</Data>
<Data Name="OldProfile">2147483649</Data>
<Data Name="NewProfile">4</Data>
</EventData>
</Event>

<Event xmlns="http://schemas.microsoft.com/win/2004/08/events/event"><System><Provider Name="Microsoft-Windows-Windows Firewall With Advanced Security" Guid="{d1bc9aff-2abf-4d71-9146-ecb2a986eb85}"></Provider>
<EventID Qualifiers="">2006</EventID>
<Version>0</Version>
<Level>4</Level>
<Task>0</Task>
<Opcode>0</Opcode>
<Keywords>0x8000020000000000</Keywords>
<TimeCreated SystemTime="2020-10-23 18:55:22.901407"></TimeCreated>
<EventRecordID>151</EventRecordID>
<Correlation ActivityID="" RelatedActivityID=""></Correlation>
<Execution ProcessID="1896" ThreadID="2640"></Execution>
<Channel>Microsoft-Windows-Windows Firewall With Advanced Security/Firewall</Channel>
<Computer>WIN-PTFPHFCRDJ0</Computer>
<Security UserID="S-1-5-19"></Security>
</System>
<EventData><Data Name="RuleId">{0C4179DF-1107-4AE8-988C-F294A3BA2047}</Data>
<Data Name="RuleName">Usermode Font Driver Host</Data>
<Data Name="ModifyingUser">S-1-5-80-3088073201-1464728630-1879813800-1107566885-823218052</Data>
<Data Name="ModifyingApplication">C:\Windows\System32\svchost.exe</Data>
</EventData>
</Event>

<Event xmlns="http://schemas.microsoft.com/win/2004/08/events/event"><System><Provider Name="Microsoft-Windows-Windows Firewall With Advanced Security" Guid="{d1bc9aff-2abf-4d71-9146-ecb2a986eb85}"></Provider>
<EventID Qualifiers="">2006</EventID>
<Version>0</Version>
<Level>4</Level>
<Task>0</Task>
<Opcode>0</Opcode>
<Keywords>0x8000020000000000</Keywords>
<TimeCreated SystemTime="2020-10-23 18:55:22.901611"></TimeCreated>
<EventRecordID>152</EventRecordID>
<Correlation ActivityID="" RelatedActivityID=""></Correlation>
<Execution ProcessID="1896" ThreadID="2640"></Execution>
<Channel>Microsoft-Windows-Windows Firewall With Advanced Security/Firewall</Channel>
<Computer>WIN-PTFPHFCRDJ0</Computer>
<Security UserID="S-1-5-19"></Security>
</System>
<EventData><Data Name="RuleId">{B5D583A5-F490-4E13-89E6-48E87A6ED253}</Data>
<Data Name="RuleName">Usermode Font Driver Host</Data>
<Data Name="ModifyingUser">S-1-5-80-3088073201-1464728630-1879813800-1107566885-823218052</Data>
<Data Name="ModifyingApplication">C:\Windows\System32\svchost.exe</Data>
</EventData>
</Event>

<Event xmlns="http://schemas.microsoft.com/win/2004/08/events/event"><System><Provider Name="Microsoft-Windows-Windows Firewall With Advanced Security" Guid="{d1bc9aff-2abf-4d71-9146-ecb2a986eb85}"></Provider>
<EventID Qualifiers="">2004</EventID>
<Version>0</Version>
<Level>4</Level>
<Task>0</Task>
<Opcode>0</Opcode>
<Keywords>0x8000020000000000</Keywords>
<TimeCreated SystemTime="2020-10-23 18:55:22.907419"></TimeCreated>
<EventRecordID>153</EventRecordID>
<Correlation ActivityID="" RelatedActivityID=""></Correlation>
<Execution ProcessID="1896" ThreadID="2272"></Execution>
<Channel>Microsoft-Windows-Windows Firewall With Advanced Security/Firewall</Channel>
<Computer>WIN-PTFPHFCRDJ0</Computer>
<Security UserID="S-1-5-19"></Security>
</System>
<EventData><Data Name="RuleId">{3FEC7EBC-D8E7-44B2-B726-48542BCFBA10}</Data>
<Data Name="RuleName">Usermode Font Driver Host</Data>
<Data Name="Origin">1</Data>
<Data Name="ApplicationPath"></Data>
<Data Name="ServiceName"></Data>
<Data Name="Direction">1</Data>
<Data Name="Protocol">256</Data>
<Data Name="LocalPorts"></Data>
<Data Name="RemotePorts"></Data>
<Data Name="Action">2</Data>
<Data Name="Profiles">2147483647</Data>
<Data Name="LocalAddresses">*</Data>
<Data Name="RemoteAddresses">*</Data>
<Data Name="RemoteMachineAuthorizationList"></Data>
<Data Name="RemoteUserAuthorizationList"></Data>
<Data Name="EmbeddedContext">Usermode Font Driver Host</Data>
<Data Name="Flags">1</Data>
<Data Name="Active">1</Data>
<Data Name="EdgeTraversal">0</Data>
<Data Name="LooseSourceMapped">0</Data>
<Data Name="SecurityOptions">0</Data>
<Data Name="ModifyingUser">S-1-5-80-3088073201-1464728630-1879813800-1107566885-823218052</Data>
<Data Name="ModifyingApplication">C:\Windows\System32\svchost.exe</Data>
<Data Name="SchemaVersion">541</Data>
<Data Name="RuleStatus">65536</Data>
<Data Name="LocalOnlyMapped">0</Data>
</EventData>
</Event>

<Event xmlns="http://schemas.microsoft.com/win/2004/08/events/event"><System><Provider Name="Microsoft-Windows-Windows Firewall With Advanced Security" Guid="{d1bc9aff-2abf-4d71-9146-ecb2a986eb85}"></Provider>
<EventID Qualifiers="">2004</EventID>
<Version>0</Version>
<Level>4</Level>
<Task>0</Task>
<Opcode>0</Opcode>
<Keywords>0x8000020000000000</Keywords>
<TimeCreated SystemTime="2020-10-23 18:55:22.957108"></TimeCreated>
<EventRecordID>154</EventRecordID>
<Correlation ActivityID="" RelatedActivityID=""></Correlation>
<Execution ProcessID="1896" ThreadID="2272"></Execution>
<Channel>Microsoft-Windows-Windows Firewall With Advanced Security/Firewall</Channel>
<Computer>WIN-PTFPHFCRDJ0</Computer>
<Security UserID="S-1-5-19"></Security>
</System>
<EventData><Data Name="RuleId">{BA108A50-5DD1-4201-8712-F027DFA41E08}</Data>
<Data Name="RuleName">Usermode Font Driver Host</Data>
<Data Name="Origin">1</Data>
<Data Name="ApplicationPath"></Data>
<Data Name="ServiceName"></Data>
<Data Name="Direction">2</Data>
<Data Name="Protocol">256</Data>
<Data Name="LocalPorts"></Data>
<Data Name="RemotePorts"></Data>
<Data Name="Action">2</Data>
<Data Name="Profiles">2147483647</Data>
<Data Name="LocalAddresses">*</Data>
<Data Name="RemoteAddresses">*</Data>
<Data Name="RemoteMachineAuthorizationList"></Data>
<Data Name="RemoteUserAuthorizationList"></Data>
<Data Name="EmbeddedContext">Usermode Font Driver Host</Data>
<Data Name="Flags">1</Data>
<Data Name="Active">1</Data>
<Data Name="EdgeTraversal">0</Data>
<Data Name="LooseSourceMapped">0</Data>
<Data Name="SecurityOptions">0</Data>
<Data Name="ModifyingUser">S-1-5-80-3088073201-1464728630-1879813800-1107566885-823218052</Data>
<Data Name="ModifyingApplication">C:\Windows\System32\svchost.exe</Data>
<Data Name="SchemaVersion">541</Data>
<Data Name="RuleStatus">65536</Data>
<Data Name="LocalOnlyMapped">0</Data>
</EventData>
</Event>

<Event xmlns="http://schemas.microsoft.com/win/2004/08/events/event"><System><Provider Name="Microsoft-Windows-Windows Firewall With Advanced Security" Guid="{d1bc9aff-2abf-4d71-9146-ecb2a986eb85}"></Provider>
<EventID Qualifiers="">2010</EventID>
<Version>0</Version>
<Level>4</Level>
<Task>0</Task>
<Opcode>0</Opcode>
<Keywords>0x8000000000000000</Keywords>
<TimeCreated SystemTime="2020-10-24 21:52:46.014915"></TimeCreated>
<EventRecordID>155</EventRecordID>
<Correlation ActivityID="" RelatedActivityID=""></Correlation>
<Execution ProcessID="1792" ThreadID="1380"></Execution>
<Channel>Microsoft-Windows-Windows Firewall With Advanced Security/Firewall</Channel>
<Computer>WIN-PTFPHFCRDJ0</Computer>
<Security UserID="S-1-5-19"></Security>
</System>
<EventData><Data Name="InterfaceGuid">{2e722116-8b3b-472d-a7de-f7debe304e5a}</Data>
<Data Name="InterfaceName">ethernet_32769</Data>
<Data Name="OldProfile">2147483649</Data>
<Data Name="NewProfile">4</Data>
</EventData>
</Event>

<Event xmlns="http://schemas.microsoft.com/win/2004/08/events/event"><System><Provider Name="Microsoft-Windows-Windows Firewall With Advanced Security" Guid="{d1bc9aff-2abf-4d71-9146-ecb2a986eb85}"></Provider>
<EventID Qualifiers="">2004</EventID>
<Version>0</Version>
<Level>4</Level>
<Task>0</Task>
<Opcode>0</Opcode>
<Keywords>0x8000020000000000</Keywords>
<TimeCreated SystemTime="2020-10-24 21:59:57.204380"></TimeCreated>
<EventRecordID>156</EventRecordID>
<Correlation ActivityID="" RelatedActivityID=""></Correlation>
<Execution ProcessID="1792" ThreadID="1956"></Execution>
<Channel>Microsoft-Windows-Windows Firewall With Advanced Security/Firewall</Channel>
<Computer>WIN-PTFPHFCRDJ0</Computer>
<Security UserID="S-1-5-19"></Security>
</System>
<EventData><Data Name="RuleId">{6213DACF-98D8-4207-BAF8-4FDF5FB925BD}</Data>
<Data Name="RuleName">Firefox (C:\Program Files (x86)\Mozilla Firefox)</Data>
<Data Name="Origin">1</Data>
<Data Name="ApplicationPath">C:\Program Files (x86)\Mozilla Firefox\firefox.exe</Data>
<Data Name="ServiceName"></Data>
<Data Name="Direction">1</Data>
<Data Name="Protocol">6</Data>
<Data Name="LocalPorts">*</Data>
<Data Name="RemotePorts">*</Data>
<Data Name="Action">3</Data>
<Data Name="Profiles">2</Data>
<Data Name="LocalAddresses">*</Data>
<Data Name="RemoteAddresses">*</Data>
<Data Name="RemoteMachineAuthorizationList"></Data>
<Data Name="RemoteUserAuthorizationList"></Data>
<Data Name="EmbeddedContext"></Data>
<Data Name="Flags">1</Data>
<Data Name="Active">1</Data>
<Data Name="EdgeTraversal">0</Data>
<Data Name="LooseSourceMapped">0</Data>
<Data Name="SecurityOptions">0</Data>
<Data Name="ModifyingUser">S-1-5-21-1152959844-3645458174-3779170896-1000</Data>
<Data Name="ModifyingApplication">C:\Users\user\AppData\Local\Temp\7zS803A1D27\setup.exe</Data>
<Data Name="SchemaVersion">541</Data>
<Data Name="RuleStatus">65536</Data>
<Data Name="LocalOnlyMapped">0</Data>
</EventData>
</Event>

<Event xmlns="http://schemas.microsoft.com/win/2004/08/events/event"><System><Provider Name="Microsoft-Windows-Windows Firewall With Advanced Security" Guid="{d1bc9aff-2abf-4d71-9146-ecb2a986eb85}"></Provider>
<EventID Qualifiers="">2004</EventID>
<Version>0</Version>
<Level>4</Level>
<Task>0</Task>
<Opcode>0</Opcode>
<Keywords>0x8000020000000000</Keywords>
<TimeCreated SystemTime="2020-10-24 21:59:57.211456"></TimeCreated>
<EventRecordID>157</EventRecordID>
<Correlation ActivityID="" RelatedActivityID=""></Correlation>
<Execution ProcessID="1792" ThreadID="1956"></Execution>
<Channel>Microsoft-Windows-Windows Firewall With Advanced Security/Firewall</Channel>
<Computer>WIN-PTFPHFCRDJ0</Computer>
<Security UserID="S-1-5-19"></Security>
</System>
<EventData><Data Name="RuleId">{671E45C7-4CAB-4D5F-BC86-09138929A251}</Data>
<Data Name="RuleName">Firefox (C:\Program Files (x86)\Mozilla Firefox)</Data>
<Data Name="Origin">1</Data>
<Data Name="ApplicationPath">C:\Program Files (x86)\Mozilla Firefox\firefox.exe</Data>
<Data Name="ServiceName"></Data>
<Data Name="Direction">1</Data>
<Data Name="Protocol">17</Data>
<Data Name="LocalPorts">*</Data>
<Data Name="RemotePorts">*</Data>
<Data Name="Action">3</Data>
<Data Name="Profiles">2</Data>
<Data Name="LocalAddresses">*</Data>
<Data Name="RemoteAddresses">*</Data>
<Data Name="RemoteMachineAuthorizationList"></Data>
<Data Name="RemoteUserAuthorizationList"></Data>
<Data Name="EmbeddedContext"></Data>
<Data Name="Flags">1</Data>
<Data Name="Active">1</Data>
<Data Name="EdgeTraversal">0</Data>
<Data Name="LooseSourceMapped">0</Data>
<Data Name="SecurityOptions">0</Data>
<Data Name="ModifyingUser">S-1-5-21-1152959844-3645458174-3779170896-1000</Data>
<Data Name="ModifyingApplication">C:\Users\user\AppData\Local\Temp\7zS803A1D27\setup.exe</Data>
<Data Name="SchemaVersion">541</Data>
<Data Name="RuleStatus">65536</Data>
<Data Name="LocalOnlyMapped">0</Data>
</EventData>
</Event>

<Event xmlns="http://schemas.microsoft.com/win/2004/08/events/event"><System><Provider Name="Microsoft-Windows-Windows Firewall With Advanced Security" Guid="{d1bc9aff-2abf-4d71-9146-ecb2a986eb85}"></Provider>
<EventID Qualifiers="">2006</EventID>
<Version>0</Version>
<Level>4</Level>
<Task>0</Task>
<Opcode>0</Opcode>
<Keywords>0x8000020000000000</Keywords>
<TimeCreated SystemTime="2020-10-24 22:02:48.789639"></TimeCreated>
<EventRecordID>158</EventRecordID>
<Correlation ActivityID="" RelatedActivityID=""></Correlation>
<Execution ProcessID="1792" ThreadID="5256"></Execution>
<Channel>Microsoft-Windows-Windows Firewall With Advanced Security/Firewall</Channel>
<Computer>WIN-PTFPHFCRDJ0</Computer>
<Security UserID="S-1-5-19"></Security>
</System>
<EventData><Data Name="RuleId">411e3e8d-6d1d-427e-9025-1bc287484c8b</Data>
<Data Name="RuleName">Inbound service restriction rule for WinDefend</Data>
<Data Name="ModifyingUser">S-1-5-18</Data>
<Data Name="ModifyingApplication">C:\ProgramData\Microsoft\Windows Defender\Platform\4.18.2009.7-0\MsMpEng.exe</Data>
</EventData>
</Event>

<Event xmlns="http://schemas.microsoft.com/win/2004/08/events/event"><System><Provider Name="Microsoft-Windows-Windows Firewall With Advanced Security" Guid="{d1bc9aff-2abf-4d71-9146-ecb2a986eb85}"></Provider>
<EventID Qualifiers="">2006</EventID>
<Version>0</Version>
<Level>4</Level>
<Task>0</Task>
<Opcode>0</Opcode>
<Keywords>0x8000020000000000</Keywords>
<TimeCreated SystemTime="2020-10-24 22:02:48.942202"></TimeCreated>
<EventRecordID>159</EventRecordID>
<Correlation ActivityID="" RelatedActivityID=""></Correlation>
<Execution ProcessID="1792" ThreadID="5256"></Execution>
<Channel>Microsoft-Windows-Windows Firewall With Advanced Security/Firewall</Channel>
<Computer>WIN-PTFPHFCRDJ0</Computer>
<Security UserID="S-1-5-19"></Security>
</System>
<EventData><Data Name="RuleId">becf3f95-bd83-4c09-b108-dec07160b69d</Data>
<Data Name="RuleName">Outbound service restriction rule for WinDefend</Data>
<Data Name="ModifyingUser">S-1-5-18</Data>
<Data Name="ModifyingApplication">C:\ProgramData\Microsoft\Windows Defender\Platform\4.18.2009.7-0\MsMpEng.exe</Data>
</EventData>
</Event>

<Event xmlns="http://schemas.microsoft.com/win/2004/08/events/event"><System><Provider Name="Microsoft-Windows-Windows Firewall With Advanced Security" Guid="{d1bc9aff-2abf-4d71-9146-ecb2a986eb85}"></Provider>
<EventID Qualifiers="">2004</EventID>
<Version>0</Version>
<Level>4</Level>
<Task>0</Task>
<Opcode>0</Opcode>
<Keywords>0x8000020000000000</Keywords>
<TimeCreated SystemTime="2020-10-24 22:02:48.998779"></TimeCreated>
<EventRecordID>160</EventRecordID>
<Correlation ActivityID="" RelatedActivityID=""></Correlation>
<Execution ProcessID="1792" ThreadID="5256"></Execution>
<Channel>Microsoft-Windows-Windows Firewall With Advanced Security/Firewall</Channel>
<Computer>WIN-PTFPHFCRDJ0</Computer>
<Security UserID="S-1-5-19"></Security>
</System>
<EventData><Data Name="RuleId">c2890185-4fae-4305-9c65-34bf16a9f2c1</Data>
<Data Name="RuleName">Inbound service restriction rule for WinDefend</Data>
<Data Name="Origin">1</Data>
<Data Name="ApplicationPath">C:\ProgramData\Microsoft\Windows Defender\platform\4.18.2009.7-0\MsMpEng.exe</Data>
<Data Name="ServiceName">WinDefend</Data>
<Data Name="Direction">1</Data>
<Data Name="Protocol">256</Data>
<Data Name="LocalPorts"></Data>
<Data Name="RemotePorts"></Data>
<Data Name="Action">2</Data>
<Data Name="Profiles">2147483647</Data>
<Data Name="LocalAddresses">*</Data>
<Data Name="RemoteAddresses">*</Data>
<Data Name="RemoteMachineAuthorizationList"></Data>
<Data Name="RemoteUserAuthorizationList"></Data>
<Data Name="EmbeddedContext"></Data>
<Data Name="Flags">1</Data>
<Data Name="Active">1</Data>
<Data Name="EdgeTraversal">0</Data>
<Data Name="LooseSourceMapped">0</Data>
<Data Name="SecurityOptions">0</Data>
<Data Name="ModifyingUser">S-1-5-18</Data>
<Data Name="ModifyingApplication">C:\ProgramData\Microsoft\Windows Defender\Platform\4.18.2009.7-0\MsMpEng.exe</Data>
<Data Name="SchemaVersion">541</Data>
<Data Name="RuleStatus">65536</Data>
<Data Name="LocalOnlyMapped">0</Data>
</EventData>
</Event>

<Event xmlns="http://schemas.microsoft.com/win/2004/08/events/event"><System><Provider Name="Microsoft-Windows-Windows Firewall With Advanced Security" Guid="{d1bc9aff-2abf-4d71-9146-ecb2a986eb85}"></Provider>
<EventID Qualifiers="">2004</EventID>
<Version>0</Version>
<Level>4</Level>
<Task>0</Task>
<Opcode>0</Opcode>
<Keywords>0x8000020000000000</Keywords>
<TimeCreated SystemTime="2020-10-24 22:02:49.006674"></TimeCreated>
<EventRecordID>161</EventRecordID>
<Correlation ActivityID="" RelatedActivityID=""></Correlation>
<Execution ProcessID="1792" ThreadID="5256"></Execution>
<Channel>Microsoft-Windows-Windows Firewall With Advanced Security/Firewall</Channel>
<Computer>WIN-PTFPHFCRDJ0</Computer>
<Security UserID="S-1-5-19"></Security>
</System>
<EventData><Data Name="RuleId">4e033cf7-ecd7-48a8-ada9-ddc694738b81</Data>
<Data Name="RuleName">Outbound service restriction rule for WinDefend</Data>
<Data Name="Origin">1</Data>
<Data Name="ApplicationPath">C:\ProgramData\Microsoft\Windows Defender\platform\4.18.2009.7-0\MsMpEng.exe</Data>
<Data Name="ServiceName">WinDefend</Data>
<Data Name="Direction">2</Data>
<Data Name="Protocol">256</Data>
<Data Name="LocalPorts"></Data>
<Data Name="RemotePorts"></Data>
<Data Name="Action">2</Data>
<Data Name="Profiles">2147483647</Data>
<Data Name="LocalAddresses">*</Data>
<Data Name="RemoteAddresses">*</Data>
<Data Name="RemoteMachineAuthorizationList"></Data>
<Data Name="RemoteUserAuthorizationList"></Data>
<Data Name="EmbeddedContext"></Data>
<Data Name="Flags">1</Data>
<Data Name="Active">1</Data>
<Data Name="EdgeTraversal">0</Data>
<Data Name="LooseSourceMapped">0</Data>
<Data Name="SecurityOptions">0</Data>
<Data Name="ModifyingUser">S-1-5-18</Data>
<Data Name="ModifyingApplication">C:\ProgramData\Microsoft\Windows Defender\Platform\4.18.2009.7-0\MsMpEng.exe</Data>
<Data Name="SchemaVersion">541</Data>
<Data Name="RuleStatus">65536</Data>
<Data Name="LocalOnlyMapped">0</Data>
</EventData>
</Event>

<Event xmlns="http://schemas.microsoft.com/win/2004/08/events/event"><System><Provider Name="Microsoft-Windows-Windows Firewall With Advanced Security" Guid="{d1bc9aff-2abf-4d71-9146-ecb2a986eb85}"></Provider>
<EventID Qualifiers="">2006</EventID>
<Version>0</Version>
<Level>4</Level>
<Task>0</Task>
<Opcode>0</Opcode>
<Keywords>0x8000020000000000</Keywords>
<TimeCreated SystemTime="2020-10-24 22:02:49.007284"></TimeCreated>
<EventRecordID>162</EventRecordID>
<Correlation ActivityID="" RelatedActivityID=""></Correlation>
<Execution ProcessID="1792" ThreadID="5256"></Execution>
<Channel>Microsoft-Windows-Windows Firewall With Advanced Security/Firewall</Channel>
<Computer>WIN-PTFPHFCRDJ0</Computer>
<Security UserID="S-1-5-19"></Security>
</System>
<EventData><Data Name="RuleId">{44B54F4E-ED02-4AD7-A051-501A9141A25F}</Data>
<Data Name="RuleName">WinDefend Outbound for TCP</Data>
<Data Name="ModifyingUser">S-1-5-18</Data>
<Data Name="ModifyingApplication">C:\ProgramData\Microsoft\Windows Defender\Platform\4.18.2009.7-0\MsMpEng.exe</Data>
</EventData>
</Event>

<Event xmlns="http://schemas.microsoft.com/win/2004/08/events/event"><System><Provider Name="Microsoft-Windows-Windows Firewall With Advanced Security" Guid="{d1bc9aff-2abf-4d71-9146-ecb2a986eb85}"></Provider>
<EventID Qualifiers="">2004</EventID>
<Version>0</Version>
<Level>4</Level>
<Task>0</Task>
<Opcode>0</Opcode>
<Keywords>0x8000020000000000</Keywords>
<TimeCreated SystemTime="2020-10-24 22:02:49.012531"></TimeCreated>
<EventRecordID>163</EventRecordID>
<Correlation ActivityID="" RelatedActivityID=""></Correlation>
<Execution ProcessID="1792" ThreadID="5256"></Execution>
<Channel>Microsoft-Windows-Windows Firewall With Advanced Security/Firewall</Channel>
<Computer>WIN-PTFPHFCRDJ0</Computer>
<Security UserID="S-1-5-19"></Security>
</System>
<EventData><Data Name="RuleId">{A55D6E9A-39EB-47BE-AEAD-C1112D6796B8}</Data>
<Data Name="RuleName">WinDefend Outbound for TCP</Data>
<Data Name="Origin">1</Data>
<Data Name="ApplicationPath">C:\ProgramData\Microsoft\Windows Defender\platform\4.18.2009.7-0\MsMpEng.exe</Data>
<Data Name="ServiceName">WinDefend</Data>
<Data Name="Direction">2</Data>
<Data Name="Protocol">6</Data>
<Data Name="LocalPorts">*</Data>
<Data Name="RemotePorts">*</Data>
<Data Name="Action">3</Data>
<Data Name="Profiles">2147483647</Data>
<Data Name="LocalAddresses">*</Data>
<Data Name="RemoteAddresses">*</Data>
<Data Name="RemoteMachineAuthorizationList"></Data>
<Data Name="RemoteUserAuthorizationList"></Data>
<Data Name="EmbeddedContext"></Data>
<Data Name="Flags">1</Data>
<Data Name="Active">1</Data>
<Data Name="EdgeTraversal">0</Data>
<Data Name="LooseSourceMapped">0</Data>
<Data Name="SecurityOptions">0</Data>
<Data Name="ModifyingUser">S-1-5-18</Data>
<Data Name="ModifyingApplication">C:\ProgramData\Microsoft\Windows Defender\Platform\4.18.2009.7-0\MsMpEng.exe</Data>
<Data Name="SchemaVersion">541</Data>
<Data Name="RuleStatus">65536</Data>
<Data Name="LocalOnlyMapped">0</Data>
</EventData>
</Event>

<Event xmlns="http://schemas.microsoft.com/win/2004/08/events/event"><System><Provider Name="Microsoft-Windows-Windows Firewall With Advanced Security" Guid="{d1bc9aff-2abf-4d71-9146-ecb2a986eb85}"></Provider>
<EventID Qualifiers="">2010</EventID>
<Version>0</Version>
<Level>4</Level>
<Task>0</Task>
<Opcode>0</Opcode>
<Keywords>0x8000000000000000</Keywords>
<TimeCreated SystemTime="2020-10-24 22:19:39.353882"></TimeCreated>
<EventRecordID>164</EventRecordID>
<Correlation ActivityID="" RelatedActivityID=""></Correlation>
<Execution ProcessID="1784" ThreadID="1968"></Execution>
<Channel>Microsoft-Windows-Windows Firewall With Advanced Security/Firewall</Channel>
<Computer>WIN-PTFPHFCRDJ0</Computer>
<Security UserID="S-1-5-19"></Security>
</System>
<EventData><Data Name="InterfaceGuid">{2e722116-8b3b-472d-a7de-f7debe304e5a}</Data>
<Data Name="InterfaceName">ethernet_32769</Data>
<Data Name="OldProfile">2147483649</Data>
<Data Name="NewProfile">4</Data>
</EventData>
</Event>

<Event xmlns="http://schemas.microsoft.com/win/2004/08/events/event"><System><Provider Name="Microsoft-Windows-Windows Firewall With Advanced Security" Guid="{d1bc9aff-2abf-4d71-9146-ecb2a986eb85}"></Provider>
<EventID Qualifiers="">2010</EventID>
<Version>0</Version>
<Level>4</Level>
<Task>0</Task>
<Opcode>0</Opcode>
<Keywords>0x8000000000000000</Keywords>
<TimeCreated SystemTime="2020-10-26 11:58:04.752844"></TimeCreated>
<EventRecordID>165</EventRecordID>
<Correlation ActivityID="" RelatedActivityID=""></Correlation>
<Execution ProcessID="1712" ThreadID="560"></Execution>
<Channel>Microsoft-Windows-Windows Firewall With Advanced Security/Firewall</Channel>
<Computer>WIN-PTFPHFCRDJ0</Computer>
<Security UserID="S-1-5-19"></Security>
</System>
<EventData><Data Name="InterfaceGuid">{2e722116-8b3b-472d-a7de-f7debe304e5a}</Data>
<Data Name="InterfaceName">ethernet_32769</Data>
<Data Name="OldProfile">2147483649</Data>
<Data Name="NewProfile">4</Data>
</EventData>
</Event>

<Event xmlns="http://schemas.microsoft.com/win/2004/08/events/event"><System><Provider Name="Microsoft-Windows-Windows Firewall With Advanced Security" Guid="{d1bc9aff-2abf-4d71-9146-ecb2a986eb85}"></Provider>
<EventID Qualifiers="">2006</EventID>
<Version>0</Version>
<Level>4</Level>
<Task>0</Task>
<Opcode>0</Opcode>
<Keywords>0x8000020000000000</Keywords>
<TimeCreated SystemTime="2020-10-26 12:08:09.605162"></TimeCreated>
<EventRecordID>166</EventRecordID>
<Correlation ActivityID="" RelatedActivityID=""></Correlation>
<Execution ProcessID="1712" ThreadID="1984"></Execution>
<Channel>Microsoft-Windows-Windows Firewall With Advanced Security/Firewall</Channel>
<Computer>WIN-PTFPHFCRDJ0</Computer>
<Security UserID="S-1-5-19"></Security>
</System>
<EventData><Data Name="RuleId">c2890185-4fae-4305-9c65-34bf16a9f2c1</Data>
<Data Name="RuleName">Inbound service restriction rule for WinDefend</Data>
<Data Name="ModifyingUser">S-1-5-18</Data>
<Data Name="ModifyingApplication">C:\ProgramData\Microsoft\Windows Defender\Platform\4.18.2009.7-0\MsMpEng.exe</Data>
</EventData>
</Event>

<Event xmlns="http://schemas.microsoft.com/win/2004/08/events/event"><System><Provider Name="Microsoft-Windows-Windows Firewall With Advanced Security" Guid="{d1bc9aff-2abf-4d71-9146-ecb2a986eb85}"></Provider>
<EventID Qualifiers="">2006</EventID>
<Version>0</Version>
<Level>4</Level>
<Task>0</Task>
<Opcode>0</Opcode>
<Keywords>0x8000020000000000</Keywords>
<TimeCreated SystemTime="2020-10-26 12:08:09.609390"></TimeCreated>
<EventRecordID>167</EventRecordID>
<Correlation ActivityID="" RelatedActivityID=""></Correlation>
<Execution ProcessID="1712" ThreadID="1984"></Execution>
<Channel>Microsoft-Windows-Windows Firewall With Advanced Security/Firewall</Channel>
<Computer>WIN-PTFPHFCRDJ0</Computer>
<Security UserID="S-1-5-19"></Security>
</System>
<EventData><Data Name="RuleId">4e033cf7-ecd7-48a8-ada9-ddc694738b81</Data>
<Data Name="RuleName">Outbound service restriction rule for WinDefend</Data>
<Data Name="ModifyingUser">S-1-5-18</Data>
<Data Name="ModifyingApplication">C:\ProgramData\Microsoft\Windows Defender\Platform\4.18.2009.7-0\MsMpEng.exe</Data>
</EventData>
</Event>

<Event xmlns="http://schemas.microsoft.com/win/2004/08/events/event"><System><Provider Name="Microsoft-Windows-Windows Firewall With Advanced Security" Guid="{d1bc9aff-2abf-4d71-9146-ecb2a986eb85}"></Provider>
<EventID Qualifiers="">2004</EventID>
<Version>0</Version>
<Level>4</Level>
<Task>0</Task>
<Opcode>0</Opcode>
<Keywords>0x8000020000000000</Keywords>
<TimeCreated SystemTime="2020-10-26 12:08:09.682663"></TimeCreated>
<EventRecordID>168</EventRecordID>
<Correlation ActivityID="" RelatedActivityID=""></Correlation>
<Execution ProcessID="1712" ThreadID="1984"></Execution>
<Channel>Microsoft-Windows-Windows Firewall With Advanced Security/Firewall</Channel>
<Computer>WIN-PTFPHFCRDJ0</Computer>
<Security UserID="S-1-5-19"></Security>
</System>
<EventData><Data Name="RuleId">09ebb236-0ade-47a9-a9e2-1d86ef211006</Data>
<Data Name="RuleName">Inbound service restriction rule for WinDefend</Data>
<Data Name="Origin">1</Data>
<Data Name="ApplicationPath">C:\ProgramData\Microsoft\Windows Defender\platform\4.18.2009.7-0\MsMpEng.exe</Data>
<Data Name="ServiceName">WinDefend</Data>
<Data Name="Direction">1</Data>
<Data Name="Protocol">256</Data>
<Data Name="LocalPorts"></Data>
<Data Name="RemotePorts"></Data>
<Data Name="Action">2</Data>
<Data Name="Profiles">2147483647</Data>
<Data Name="LocalAddresses">*</Data>
<Data Name="RemoteAddresses">*</Data>
<Data Name="RemoteMachineAuthorizationList"></Data>
<Data Name="RemoteUserAuthorizationList"></Data>
<Data Name="EmbeddedContext"></Data>
<Data Name="Flags">1</Data>
<Data Name="Active">1</Data>
<Data Name="EdgeTraversal">0</Data>
<Data Name="LooseSourceMapped">0</Data>
<Data Name="SecurityOptions">0</Data>
<Data Name="ModifyingUser">S-1-5-18</Data>
<Data Name="ModifyingApplication">C:\ProgramData\Microsoft\Windows Defender\Platform\4.18.2009.7-0\MsMpEng.exe</Data>
<Data Name="SchemaVersion">541</Data>
<Data Name="RuleStatus">65536</Data>
<Data Name="LocalOnlyMapped">0</Data>
</EventData>
</Event>

<Event xmlns="http://schemas.microsoft.com/win/2004/08/events/event"><System><Provider Name="Microsoft-Windows-Windows Firewall With Advanced Security" Guid="{d1bc9aff-2abf-4d71-9146-ecb2a986eb85}"></Provider>
<EventID Qualifiers="">2004</EventID>
<Version>0</Version>
<Level>4</Level>
<Task>0</Task>
<Opcode>0</Opcode>
<Keywords>0x8000020000000000</Keywords>
<TimeCreated SystemTime="2020-10-26 12:08:09.693897"></TimeCreated>
<EventRecordID>169</EventRecordID>
<Correlation ActivityID="" RelatedActivityID=""></Correlation>
<Execution ProcessID="1712" ThreadID="1984"></Execution>
<Channel>Microsoft-Windows-Windows Firewall With Advanced Security/Firewall</Channel>
<Computer>WIN-PTFPHFCRDJ0</Computer>
<Security UserID="S-1-5-19"></Security>
</System>
<EventData><Data Name="RuleId">a780a7fc-aba8-4149-9af6-ba717b8a192d</Data>
<Data Name="RuleName">Outbound service restriction rule for WinDefend</Data>
<Data Name="Origin">1</Data>
<Data Name="ApplicationPath">C:\ProgramData\Microsoft\Windows Defender\platform\4.18.2009.7-0\MsMpEng.exe</Data>
<Data Name="ServiceName">WinDefend</Data>
<Data Name="Direction">2</Data>
<Data Name="Protocol">256</Data>
<Data Name="LocalPorts"></Data>
<Data Name="RemotePorts"></Data>
<Data Name="Action">2</Data>
<Data Name="Profiles">2147483647</Data>
<Data Name="LocalAddresses">*</Data>
<Data Name="RemoteAddresses">*</Data>
<Data Name="RemoteMachineAuthorizationList"></Data>
<Data Name="RemoteUserAuthorizationList"></Data>
<Data Name="EmbeddedContext"></Data>
<Data Name="Flags">1</Data>
<Data Name="Active">1</Data>
<Data Name="EdgeTraversal">0</Data>
<Data Name="LooseSourceMapped">0</Data>
<Data Name="SecurityOptions">0</Data>
<Data Name="ModifyingUser">S-1-5-18</Data>
<Data Name="ModifyingApplication">C:\ProgramData\Microsoft\Windows Defender\Platform\4.18.2009.7-0\MsMpEng.exe</Data>
<Data Name="SchemaVersion">541</Data>
<Data Name="RuleStatus">65536</Data>
<Data Name="LocalOnlyMapped">0</Data>
</EventData>
</Event>

<Event xmlns="http://schemas.microsoft.com/win/2004/08/events/event"><System><Provider Name="Microsoft-Windows-Windows Firewall With Advanced Security" Guid="{d1bc9aff-2abf-4d71-9146-ecb2a986eb85}"></Provider>
<EventID Qualifiers="">2006</EventID>
<Version>0</Version>
<Level>4</Level>
<Task>0</Task>
<Opcode>0</Opcode>
<Keywords>0x8000020000000000</Keywords>
<TimeCreated SystemTime="2020-10-26 12:08:09.694790"></TimeCreated>
<EventRecordID>170</EventRecordID>
<Correlation ActivityID="" RelatedActivityID=""></Correlation>
<Execution ProcessID="1712" ThreadID="1984"></Execution>
<Channel>Microsoft-Windows-Windows Firewall With Advanced Security/Firewall</Channel>
<Computer>WIN-PTFPHFCRDJ0</Computer>
<Security UserID="S-1-5-19"></Security>
</System>
<EventData><Data Name="RuleId">{A55D6E9A-39EB-47BE-AEAD-C1112D6796B8}</Data>
<Data Name="RuleName">WinDefend Outbound for TCP</Data>
<Data Name="ModifyingUser">S-1-5-18</Data>
<Data Name="ModifyingApplication">C:\ProgramData\Microsoft\Windows Defender\Platform\4.18.2009.7-0\MsMpEng.exe</Data>
</EventData>
</Event>

<Event xmlns="http://schemas.microsoft.com/win/2004/08/events/event"><System><Provider Name="Microsoft-Windows-Windows Firewall With Advanced Security" Guid="{d1bc9aff-2abf-4d71-9146-ecb2a986eb85}"></Provider>
<EventID Qualifiers="">2004</EventID>
<Version>0</Version>
<Level>4</Level>
<Task>0</Task>
<Opcode>0</Opcode>
<Keywords>0x8000020000000000</Keywords>
<TimeCreated SystemTime="2020-10-26 12:08:09.705997"></TimeCreated>
<EventRecordID>171</EventRecordID>
<Correlation ActivityID="" RelatedActivityID=""></Correlation>
<Execution ProcessID="1712" ThreadID="1984"></Execution>
<Channel>Microsoft-Windows-Windows Firewall With Advanced Security/Firewall</Channel>
<Computer>WIN-PTFPHFCRDJ0</Computer>
<Security UserID="S-1-5-19"></Security>
</System>
<EventData><Data Name="RuleId">{90B4D8FC-FEE2-46FE-800F-2D01CFFD2C94}</Data>
<Data Name="RuleName">WinDefend Outbound for TCP</Data>
<Data Name="Origin">1</Data>
<Data Name="ApplicationPath">C:\ProgramData\Microsoft\Windows Defender\platform\4.18.2009.7-0\MsMpEng.exe</Data>
<Data Name="ServiceName">WinDefend</Data>
<Data Name="Direction">2</Data>
<Data Name="Protocol">6</Data>
<Data Name="LocalPorts">*</Data>
<Data Name="RemotePorts">*</Data>
<Data Name="Action">3</Data>
<Data Name="Profiles">2147483647</Data>
<Data Name="LocalAddresses">*</Data>
<Data Name="RemoteAddresses">*</Data>
<Data Name="RemoteMachineAuthorizationList"></Data>
<Data Name="RemoteUserAuthorizationList"></Data>
<Data Name="EmbeddedContext"></Data>
<Data Name="Flags">1</Data>
<Data Name="Active">1</Data>
<Data Name="EdgeTraversal">0</Data>
<Data Name="LooseSourceMapped">0</Data>
<Data Name="SecurityOptions">0</Data>
<Data Name="ModifyingUser">S-1-5-18</Data>
<Data Name="ModifyingApplication">C:\ProgramData\Microsoft\Windows Defender\Platform\4.18.2009.7-0\MsMpEng.exe</Data>
<Data Name="SchemaVersion">541</Data>
<Data Name="RuleStatus">65536</Data>
<Data Name="LocalOnlyMapped">0</Data>
</EventData>
</Event>

<Event xmlns="http://schemas.microsoft.com/win/2004/08/events/event"><System><Provider Name="Microsoft-Windows-Windows Firewall With Advanced Security" Guid="{d1bc9aff-2abf-4d71-9146-ecb2a986eb85}"></Provider>
<EventID Qualifiers="">2010</EventID>
<Version>0</Version>
<Level>4</Level>
<Task>0</Task>
<Opcode>0</Opcode>
<Keywords>0x8000000000000000</Keywords>
<TimeCreated SystemTime="2020-10-26 15:12:50.115589"></TimeCreated>
<EventRecordID>172</EventRecordID>
<Correlation ActivityID="" RelatedActivityID=""></Correlation>
<Execution ProcessID="1668" ThreadID="2756"></Execution>
<Channel>Microsoft-Windows-Windows Firewall With Advanced Security/Firewall</Channel>
<Computer>WIN-PTFPHFCRDJ0</Computer>
<Security UserID="S-1-5-19"></Security>
</System>
<EventData><Data Name="InterfaceGuid">{2e722116-8b3b-472d-a7de-f7debe304e5a}</Data>
<Data Name="InterfaceName">ethernet_32769</Data>
<Data Name="OldProfile">2147483649</Data>
<Data Name="NewProfile">4</Data>
</EventData>
</Event>

<Event xmlns="http://schemas.microsoft.com/win/2004/08/events/event"><System><Provider Name="Microsoft-Windows-Windows Firewall With Advanced Security" Guid="{d1bc9aff-2abf-4d71-9146-ecb2a986eb85}"></Provider>
<EventID Qualifiers="">2010</EventID>
<Version>0</Version>
<Level>4</Level>
<Task>0</Task>
<Opcode>0</Opcode>
<Keywords>0x8000000000000000</Keywords>
<TimeCreated SystemTime="2020-10-27 01:58:23.483351"></TimeCreated>
<EventRecordID>173</EventRecordID>
<Correlation ActivityID="" RelatedActivityID=""></Correlation>
<Execution ProcessID="1780" ThreadID="1936"></Execution>
<Channel>Microsoft-Windows-Windows Firewall With Advanced Security/Firewall</Channel>
<Computer>WIN-PTFPHFCRDJ0</Computer>
<Security UserID="S-1-5-19"></Security>
</System>
<EventData><Data Name="InterfaceGuid">{2e722116-8b3b-472d-a7de-f7debe304e5a}</Data>
<Data Name="InterfaceName">ethernet_32769</Data>
<Data Name="OldProfile">2147483649</Data>
<Data Name="NewProfile">4</Data>
</EventData>
</Event>

</Events>
