<Event xmlns="http://schemas.microsoft.com/win/2004/08/events/event"><System><Provider Name="Microsoft-Windows-RemoteDesktopServices-RdpCoreTS" Guid="{1139c61b-b549-4251-8ed3-27250a1edec8}"></Provider>
<EventID Qualifiers="">229</EventID>
<Version>0</Version>
<Level>4</Level>
<Task>4</Task>
<Opcode>19</Opcode>
<Keywords>0x4000000000000000</Keywords>
<TimeCreated SystemTime="2020-10-23 18:49:00.755671"></TimeCreated>
<EventRecordID>222</EventRecordID>
<Correlation ActivityID="{f462e710-5254-408b-b3f7-04d7e5de0000}" RelatedActivityID=""></Correlation>
<Execution ProcessID="1060" ThreadID="1128"></Execution>
<Channel>Microsoft-Windows-RemoteDesktopServices-RdpCoreTS/Operational</Channel>
<Computer>WIN-PTFPHFCRDJ0</Computer>
<Security UserID="S-1-5-20"></Security>
</System>
<EventData><Data Name="Name">CUMRDPListenerBase</Data>
<Data Name="CustomLevel">'Windows 8 or later detected, setting transport default mode to UDP + TCP' in CUMRDPListenerBase::Initialize at 491 err=[0x0]</Data>
</EventData>
</Event>

<Event xmlns="http://schemas.microsoft.com/win/2004/08/events/event"><System><Provider Name="Microsoft-Windows-RemoteDesktopServices-RdpCoreTS" Guid="{1139c61b-b549-4251-8ed3-27250a1edec8}"></Provider>
<EventID Qualifiers="">70</EventID>
<Version>0</Version>
<Level>4</Level>
<Task>4</Task>
<Opcode>13</Opcode>
<Keywords>0x4000000000000000</Keywords>
<TimeCreated SystemTime="2020-10-23 18:49:00.755671"></TimeCreated>
<EventRecordID>223</EventRecordID>
<Correlation ActivityID="{f462e710-5254-408b-b3f7-04d7e5de0000}" RelatedActivityID=""></Correlation>
<Execution ProcessID="1060" ThreadID="1128"></Execution>
<Channel>Microsoft-Windows-RemoteDesktopServices-RdpCoreTS/Operational</Channel>
<Computer>WIN-PTFPHFCRDJ0</Computer>
<Security UserID="S-1-5-20"></Security>
</System>
<EventData><Data Name="DisplayDriverName">rdpudd.dll</Data>
</EventData>
</Event>

<Event xmlns="http://schemas.microsoft.com/win/2004/08/events/event"><System><Provider Name="Microsoft-Windows-RemoteDesktopServices-RdpCoreTS" Guid="{1139c61b-b549-4251-8ed3-27250a1edec8}"></Provider>
<EventID Qualifiers="">129</EventID>
<Version>0</Version>
<Level>4</Level>
<Task>4</Task>
<Opcode>18</Opcode>
<Keywords>0x4000000000000000</Keywords>
<TimeCreated SystemTime="2020-10-23 18:49:00.919222"></TimeCreated>
<EventRecordID>224</EventRecordID>
<Correlation ActivityID="{f462e710-5254-408b-b3f7-04d7e5de0000}" RelatedActivityID=""></Correlation>
<Execution ProcessID="1060" ThreadID="1128"></Execution>
<Channel>Microsoft-Windows-RemoteDesktopServices-RdpCoreTS/Operational</Channel>
<Computer>WIN-PTFPHFCRDJ0</Computer>
<Security UserID="S-1-5-20"></Security>
</System>
<EventData><Data Name="TransportProtocolName">TCP</Data>
<Data Name="Port">3389</Data>
</EventData>
</Event>

<Event xmlns="http://schemas.microsoft.com/win/2004/08/events/event"><System><Provider Name="Microsoft-Windows-RemoteDesktopServices-RdpCoreTS" Guid="{1139c61b-b549-4251-8ed3-27250a1edec8}"></Provider>
<EventID Qualifiers="">129</EventID>
<Version>0</Version>
<Level>4</Level>
<Task>4</Task>
<Opcode>18</Opcode>
<Keywords>0x4000000000000000</Keywords>
<TimeCreated SystemTime="2020-10-23 18:49:00.919296"></TimeCreated>
<EventRecordID>225</EventRecordID>
<Correlation ActivityID="{f462e710-5254-408b-b3f7-04d7e5de0000}" RelatedActivityID=""></Correlation>
<Execution ProcessID="1060" ThreadID="1128"></Execution>
<Channel>Microsoft-Windows-RemoteDesktopServices-RdpCoreTS/Operational</Channel>
<Computer>WIN-PTFPHFCRDJ0</Computer>
<Security UserID="S-1-5-20"></Security>
</System>
<EventData><Data Name="TransportProtocolName">TCP</Data>
<Data Name="Port">3389</Data>
</EventData>
</Event>

<Event xmlns="http://schemas.microsoft.com/win/2004/08/events/event"><System><Provider Name="Microsoft-Windows-RemoteDesktopServices-RdpCoreTS" Guid="{1139c61b-b549-4251-8ed3-27250a1edec8}"></Provider>
<EventID Qualifiers="">129</EventID>
<Version>0</Version>
<Level>4</Level>
<Task>4</Task>
<Opcode>18</Opcode>
<Keywords>0x4000000000000000</Keywords>
<TimeCreated SystemTime="2020-10-23 18:49:00.931023"></TimeCreated>
<EventRecordID>226</EventRecordID>
<Correlation ActivityID="{f462e710-5254-408b-b3f7-04d7e5de0000}" RelatedActivityID=""></Correlation>
<Execution ProcessID="1060" ThreadID="1128"></Execution>
<Channel>Microsoft-Windows-RemoteDesktopServices-RdpCoreTS/Operational</Channel>
<Computer>WIN-PTFPHFCRDJ0</Computer>
<Security UserID="S-1-5-20"></Security>
</System>
<EventData><Data Name="TransportProtocolName">UDP</Data>
<Data Name="Port">3389</Data>
</EventData>
</Event>

<Event xmlns="http://schemas.microsoft.com/win/2004/08/events/event"><System><Provider Name="Microsoft-Windows-RemoteDesktopServices-RdpCoreTS" Guid="{1139c61b-b549-4251-8ed3-27250a1edec8}"></Provider>
<EventID Qualifiers="">129</EventID>
<Version>0</Version>
<Level>4</Level>
<Task>4</Task>
<Opcode>18</Opcode>
<Keywords>0x4000000000000000</Keywords>
<TimeCreated SystemTime="2020-10-23 18:49:00.931601"></TimeCreated>
<EventRecordID>227</EventRecordID>
<Correlation ActivityID="{f462e710-5254-408b-b3f7-04d7e5de0000}" RelatedActivityID=""></Correlation>
<Execution ProcessID="1060" ThreadID="1128"></Execution>
<Channel>Microsoft-Windows-RemoteDesktopServices-RdpCoreTS/Operational</Channel>
<Computer>WIN-PTFPHFCRDJ0</Computer>
<Security UserID="S-1-5-20"></Security>
</System>
<EventData><Data Name="TransportProtocolName">UDP</Data>
<Data Name="Port">3389</Data>
</EventData>
</Event>

<Event xmlns="http://schemas.microsoft.com/win/2004/08/events/event"><System><Provider Name="Microsoft-Windows-RemoteDesktopServices-RdpCoreTS" Guid="{1139c61b-b549-4251-8ed3-27250a1edec8}"></Provider>
<EventID Qualifiers="">131</EventID>
<Version>0</Version>
<Level>4</Level>
<Task>4</Task>
<Opcode>15</Opcode>
<Keywords>0x4000000000000000</Keywords>
<TimeCreated SystemTime="2020-10-23 18:55:16.791674"></TimeCreated>
<EventRecordID>228</EventRecordID>
<Correlation ActivityID="{f420690b-3769-40dc-bae5-b95b62ab0000}" RelatedActivityID=""></Correlation>
<Execution ProcessID="1060" ThreadID="1548"></Execution>
<Channel>Microsoft-Windows-RemoteDesktopServices-RdpCoreTS/Operational</Channel>
<Computer>WIN-PTFPHFCRDJ0</Computer>
<Security UserID="S-1-5-20"></Security>
</System>
<EventData><Data Name="ConnType">TCP</Data>
<Data Name="ClientIP">22.22.22.136:49696</Data>
</EventData>
</Event>

<Event xmlns="http://schemas.microsoft.com/win/2004/08/events/event"><System><Provider Name="Microsoft-Windows-RemoteDesktopServices-RdpCoreTS" Guid="{1139c61b-b549-4251-8ed3-27250a1edec8}"></Provider>
<EventID Qualifiers="">65</EventID>
<Version>0</Version>
<Level>4</Level>
<Task>4</Task>
<Opcode>13</Opcode>
<Keywords>0x4000000000000000</Keywords>
<TimeCreated SystemTime="2020-10-23 18:55:16.929157"></TimeCreated>
<EventRecordID>229</EventRecordID>
<Correlation ActivityID="{f420690b-3769-40dc-bae5-b95b62ab0000}" RelatedActivityID=""></Correlation>
<Execution ProcessID="1060" ThreadID="1536"></Execution>
<Channel>Microsoft-Windows-RemoteDesktopServices-RdpCoreTS/Operational</Channel>
<Computer>WIN-PTFPHFCRDJ0</Computer>
<Security UserID="S-1-5-20"></Security>
</System>
<EventData><Data Name="ConnectionName">RDP-Tcp#0</Data>
</EventData>
</Event>

<Event xmlns="http://schemas.microsoft.com/win/2004/08/events/event"><System><Provider Name="Microsoft-Windows-RemoteDesktopServices-RdpCoreTS" Guid="{1139c61b-b549-4251-8ed3-27250a1edec8}"></Provider>
<EventID Qualifiers="">72</EventID>
<Version>0</Version>
<Level>4</Level>
<Task>4</Task>
<Opcode>13</Opcode>
<Keywords>0x4000000000000000</Keywords>
<TimeCreated SystemTime="2020-10-23 18:55:16.939850"></TimeCreated>
<EventRecordID>230</EventRecordID>
<Correlation ActivityID="{f420690b-3769-40dc-bae5-b95b62ab0000}" RelatedActivityID=""></Correlation>
<Execution ProcessID="1060" ThreadID="3540"></Execution>
<Channel>Microsoft-Windows-RemoteDesktopServices-RdpCoreTS/Operational</Channel>
<Computer>WIN-PTFPHFCRDJ0</Computer>
<Security UserID="S-1-5-20"></Security>
</System>
<EventData><Data Name="MethodName">PrepareForAccept</Data>
</EventData>
</Event>

<Event xmlns="http://schemas.microsoft.com/win/2004/08/events/event"><System><Provider Name="Microsoft-Windows-RemoteDesktopServices-RdpCoreTS" Guid="{1139c61b-b549-4251-8ed3-27250a1edec8}"></Provider>
<EventID Qualifiers="">72</EventID>
<Version>0</Version>
<Level>4</Level>
<Task>4</Task>
<Opcode>13</Opcode>
<Keywords>0x4000000000000000</Keywords>
<TimeCreated SystemTime="2020-10-23 18:55:16.939869"></TimeCreated>
<EventRecordID>231</EventRecordID>
<Correlation ActivityID="{f420690b-3769-40dc-bae5-b95b62ab0000}" RelatedActivityID=""></Correlation>
<Execution ProcessID="1060" ThreadID="3540"></Execution>
<Channel>Microsoft-Windows-RemoteDesktopServices-RdpCoreTS/Operational</Channel>
<Computer>WIN-PTFPHFCRDJ0</Computer>
<Security UserID="S-1-5-20"></Security>
</System>
<EventData><Data Name="MethodName">SendPolicyData</Data>
</EventData>
</Event>

<Event xmlns="http://schemas.microsoft.com/win/2004/08/events/event"><System><Provider Name="Microsoft-Windows-RemoteDesktopServices-RdpCoreTS" Guid="{1139c61b-b549-4251-8ed3-27250a1edec8}"></Provider>
<EventID Qualifiers="">141</EventID>
<Version>0</Version>
<Level>4</Level>
<Task>4</Task>
<Opcode>11</Opcode>
<Keywords>0x4000000000000000</Keywords>
<TimeCreated SystemTime="2020-10-23 18:55:16.974148"></TimeCreated>
<EventRecordID>232</EventRecordID>
<Correlation ActivityID="{f420690b-3769-40dc-bae5-b95b62ab0000}" RelatedActivityID=""></Correlation>
<Execution ProcessID="1060" ThreadID="3540"></Execution>
<Channel>Microsoft-Windows-RemoteDesktopServices-RdpCoreTS/Operational</Channel>
<Computer>WIN-PTFPHFCRDJ0</Computer>
<Security UserID="S-1-5-20"></Security>
</System>
<EventData><Data Name="InstanceID">0</Data>
</EventData>
</Event>

<Event xmlns="http://schemas.microsoft.com/win/2004/08/events/event"><System><Provider Name="Microsoft-Windows-RemoteDesktopServices-RdpCoreTS" Guid="{1139c61b-b549-4251-8ed3-27250a1edec8}"></Provider>
<EventID Qualifiers="">143</EventID>
<Version>0</Version>
<Level>3</Level>
<Task>4</Task>
<Opcode>15</Opcode>
<Keywords>0x4000000000000000</Keywords>
<TimeCreated SystemTime="2020-10-23 18:55:22.072815"></TimeCreated>
<EventRecordID>233</EventRecordID>
<Correlation ActivityID="{f420690b-3769-40dc-bae5-b95b62ab0000}" RelatedActivityID=""></Correlation>
<Execution ProcessID="1060" ThreadID="3752"></Execution>
<Channel>Microsoft-Windows-RemoteDesktopServices-RdpCoreTS/Operational</Channel>
<Computer>WIN-PTFPHFCRDJ0</Computer>
<Security UserID="S-1-5-20"></Security>
</System>
<EventData><Data Name="error">64</Data>
</EventData>
</Event>

<Event xmlns="http://schemas.microsoft.com/win/2004/08/events/event"><System><Provider Name="Microsoft-Windows-RemoteDesktopServices-RdpCoreTS" Guid="{1139c61b-b549-4251-8ed3-27250a1edec8}"></Provider>
<EventID Qualifiers="">226</EventID>
<Version>0</Version>
<Level>3</Level>
<Task>4</Task>
<Opcode>19</Opcode>
<Keywords>0x4000000000000000</Keywords>
<TimeCreated SystemTime="2020-10-23 18:55:22.072828"></TimeCreated>
<EventRecordID>234</EventRecordID>
<Correlation ActivityID="{f420690b-3769-40dc-bae5-b95b62ab0000}" RelatedActivityID=""></Correlation>
<Execution ProcessID="1060" ThreadID="3752"></Execution>
<Channel>Microsoft-Windows-RemoteDesktopServices-RdpCoreTS/Operational</Channel>
<Computer>WIN-PTFPHFCRDJ0</Computer>
<Security UserID="S-1-5-20"></Security>
</System>
<EventData><Data Name="StateTransition">RDP_TCP</Data>
<Data Name="PreviousState">23</Data>
<Data Name="PreviousStateName">StateUnknown</Data>
<Data Name="NewState">21</Data>
<Data Name="NewStateName">StateDisconnected</Data>
<Data Name="Event">43</Data>
<Data Name="EventName">Event_Disconnect</Data>
<Data Name="ErrorCode">0x80070040</Data>
</EventData>
</Event>

<Event xmlns="http://schemas.microsoft.com/win/2004/08/events/event"><System><Provider Name="Microsoft-Windows-RemoteDesktopServices-RdpCoreTS" Guid="{1139c61b-b549-4251-8ed3-27250a1edec8}"></Provider>
<EventID Qualifiers="">72</EventID>
<Version>0</Version>
<Level>4</Level>
<Task>4</Task>
<Opcode>13</Opcode>
<Keywords>0x4000000000000000</Keywords>
<TimeCreated SystemTime="2020-10-23 18:55:22.073315"></TimeCreated>
<EventRecordID>235</EventRecordID>
<Correlation ActivityID="{f420690b-3769-40dc-bae5-b95b62ab0000}" RelatedActivityID=""></Correlation>
<Execution ProcessID="1060" ThreadID="1532"></Execution>
<Channel>Microsoft-Windows-RemoteDesktopServices-RdpCoreTS/Operational</Channel>
<Computer>WIN-PTFPHFCRDJ0</Computer>
<Security UserID="S-1-5-20"></Security>
</System>
<EventData><Data Name="MethodName">OnDisconnected</Data>
</EventData>
</Event>

<Event xmlns="http://schemas.microsoft.com/win/2004/08/events/event"><System><Provider Name="Microsoft-Windows-RemoteDesktopServices-RdpCoreTS" Guid="{1139c61b-b549-4251-8ed3-27250a1edec8}"></Provider>
<EventID Qualifiers="">102</EventID>
<Version>0</Version>
<Level>4</Level>
<Task>4</Task>
<Opcode>17</Opcode>
<Keywords>0x4000000000000000</Keywords>
<TimeCreated SystemTime="2020-10-23 18:55:22.073328"></TimeCreated>
<EventRecordID>236</EventRecordID>
<Correlation ActivityID="{f420690b-3769-40dc-bae5-b95b62ab0000}" RelatedActivityID=""></Correlation>
<Execution ProcessID="1060" ThreadID="1532"></Execution>
<Channel>Microsoft-Windows-RemoteDesktopServices-RdpCoreTS/Operational</Channel>
<Computer>WIN-PTFPHFCRDJ0</Computer>
<Security UserID="S-1-5-20"></Security>
</System>
<EventData></EventData>
</Event>

<Event xmlns="http://schemas.microsoft.com/win/2004/08/events/event"><System><Provider Name="Microsoft-Windows-RemoteDesktopServices-RdpCoreTS" Guid="{1139c61b-b549-4251-8ed3-27250a1edec8}"></Provider>
<EventID Qualifiers="">145</EventID>
<Version>0</Version>
<Level>4</Level>
<Task>4</Task>
<Opcode>19</Opcode>
<Keywords>0x4000000000000000</Keywords>
<TimeCreated SystemTime="2020-10-23 18:55:22.073330"></TimeCreated>
<EventRecordID>237</EventRecordID>
<Correlation ActivityID="{f420690b-3769-40dc-bae5-b95b62ab0000}" RelatedActivityID=""></Correlation>
<Execution ProcessID="1060" ThreadID="1532"></Execution>
<Channel>Microsoft-Windows-RemoteDesktopServices-RdpCoreTS/Operational</Channel>
<Computer>WIN-PTFPHFCRDJ0</Computer>
<Security UserID="S-1-5-20"></Security>
</System>
<EventData><Data Name="IdleSeconds">0</Data>
<Data Name="IdleSeconds1">0</Data>
<Data Name="IdleSeconds2">0</Data>
</EventData>
</Event>

<Event xmlns="http://schemas.microsoft.com/win/2004/08/events/event"><System><Provider Name="Microsoft-Windows-RemoteDesktopServices-RdpCoreTS" Guid="{1139c61b-b549-4251-8ed3-27250a1edec8}"></Provider>
<EventID Qualifiers="">148</EventID>
<Version>0</Version>
<Level>4</Level>
<Task>4</Task>
<Opcode>17</Opcode>
<Keywords>0x4000000000000000</Keywords>
<TimeCreated SystemTime="2020-10-23 18:55:22.073338"></TimeCreated>
<EventRecordID>238</EventRecordID>
<Correlation ActivityID="{f420690b-3769-40dc-bae5-b95b62ab0000}" RelatedActivityID=""></Correlation>
<Execution ProcessID="1060" ThreadID="1532"></Execution>
<Channel>Microsoft-Windows-RemoteDesktopServices-RdpCoreTS/Operational</Channel>
<Computer>WIN-PTFPHFCRDJ0</Computer>
<Security UserID="S-1-5-20"></Security>
</System>
<EventData><Data Name="ChannelName">rdpinpt</Data>
<Data Name="TunnelID">0</Data>
</EventData>
</Event>

<Event xmlns="http://schemas.microsoft.com/win/2004/08/events/event"><System><Provider Name="Microsoft-Windows-RemoteDesktopServices-RdpCoreTS" Guid="{1139c61b-b549-4251-8ed3-27250a1edec8}"></Provider>
<EventID Qualifiers="">148</EventID>
<Version>0</Version>
<Level>4</Level>
<Task>4</Task>
<Opcode>17</Opcode>
<Keywords>0x4000000000000000</Keywords>
<TimeCreated SystemTime="2020-10-23 18:55:22.073339"></TimeCreated>
<EventRecordID>239</EventRecordID>
<Correlation ActivityID="{f420690b-3769-40dc-bae5-b95b62ab0000}" RelatedActivityID=""></Correlation>
<Execution ProcessID="1060" ThreadID="1532"></Execution>
<Channel>Microsoft-Windows-RemoteDesktopServices-RdpCoreTS/Operational</Channel>
<Computer>WIN-PTFPHFCRDJ0</Computer>
<Security UserID="S-1-5-20"></Security>
</System>
<EventData><Data Name="ChannelName">rdpcmd</Data>
<Data Name="TunnelID">0</Data>
</EventData>
</Event>

<Event xmlns="http://schemas.microsoft.com/win/2004/08/events/event"><System><Provider Name="Microsoft-Windows-RemoteDesktopServices-RdpCoreTS" Guid="{1139c61b-b549-4251-8ed3-27250a1edec8}"></Provider>
<EventID Qualifiers="">148</EventID>
<Version>0</Version>
<Level>4</Level>
<Task>4</Task>
<Opcode>17</Opcode>
<Keywords>0x4000000000000000</Keywords>
<TimeCreated SystemTime="2020-10-23 18:55:22.073341"></TimeCreated>
<EventRecordID>240</EventRecordID>
<Correlation ActivityID="{f420690b-3769-40dc-bae5-b95b62ab0000}" RelatedActivityID=""></Correlation>
<Execution ProcessID="1060" ThreadID="1532"></Execution>
<Channel>Microsoft-Windows-RemoteDesktopServices-RdpCoreTS/Operational</Channel>
<Computer>WIN-PTFPHFCRDJ0</Computer>
<Security UserID="S-1-5-20"></Security>
</System>
<EventData><Data Name="ChannelName">rdplic</Data>
<Data Name="TunnelID">0</Data>
</EventData>
</Event>

<Event xmlns="http://schemas.microsoft.com/win/2004/08/events/event"><System><Provider Name="Microsoft-Windows-RemoteDesktopServices-RdpCoreTS" Guid="{1139c61b-b549-4251-8ed3-27250a1edec8}"></Provider>
<EventID Qualifiers="">103</EventID>
<Version>0</Version>
<Level>4</Level>
<Task>4</Task>
<Opcode>17</Opcode>
<Keywords>0x4000000000000000</Keywords>
<TimeCreated SystemTime="2020-10-23 18:55:22.073488"></TimeCreated>
<EventRecordID>241</EventRecordID>
<Correlation ActivityID="{f420690b-3769-40dc-bae5-b95b62ab0000}" RelatedActivityID=""></Correlation>
<Execution ProcessID="1060" ThreadID="3540"></Execution>
<Channel>Microsoft-Windows-RemoteDesktopServices-RdpCoreTS/Operational</Channel>
<Computer>WIN-PTFPHFCRDJ0</Computer>
<Security UserID="S-1-5-20"></Security>
</System>
<EventData><Data Name="ReasonCode">14</Data>
</EventData>
</Event>

<Event xmlns="http://schemas.microsoft.com/win/2004/08/events/event"><System><Provider Name="Microsoft-Windows-RemoteDesktopServices-RdpCoreTS" Guid="{1139c61b-b549-4251-8ed3-27250a1edec8}"></Provider>
<EventID Qualifiers="">142</EventID>
<Version>0</Version>
<Level>3</Level>
<Task>4</Task>
<Opcode>15</Opcode>
<Keywords>0x4000000000000000</Keywords>
<TimeCreated SystemTime="2020-10-23 18:55:22.073662"></TimeCreated>
<EventRecordID>242</EventRecordID>
<Correlation ActivityID="{f420690b-3769-40dc-bae5-b95b62ab0000}" RelatedActivityID=""></Correlation>
<Execution ProcessID="1060" ThreadID="3808"></Execution>
<Channel>Microsoft-Windows-RemoteDesktopServices-RdpCoreTS/Operational</Channel>
<Computer>WIN-PTFPHFCRDJ0</Computer>
<Security UserID="S-1-5-20"></Security>
</System>
<EventData><Data Name="error">64</Data>
</EventData>
</Event>

<Event xmlns="http://schemas.microsoft.com/win/2004/08/events/event"><System><Provider Name="Microsoft-Windows-RemoteDesktopServices-RdpCoreTS" Guid="{1139c61b-b549-4251-8ed3-27250a1edec8}"></Provider>
<EventID Qualifiers="">131</EventID>
<Version>0</Version>
<Level>4</Level>
<Task>4</Task>
<Opcode>15</Opcode>
<Keywords>0x4000000000000000</Keywords>
<TimeCreated SystemTime="2020-10-23 18:55:22.089211"></TimeCreated>
<EventRecordID>243</EventRecordID>
<Correlation ActivityID="{f420a99b-7eb5-492c-ab49-df36a9ea0000}" RelatedActivityID=""></Correlation>
<Execution ProcessID="1060" ThreadID="1548"></Execution>
<Channel>Microsoft-Windows-RemoteDesktopServices-RdpCoreTS/Operational</Channel>
<Computer>WIN-PTFPHFCRDJ0</Computer>
<Security UserID="S-1-5-20"></Security>
</System>
<EventData><Data Name="ConnType">TCP</Data>
<Data Name="ClientIP">22.22.22.136:49697</Data>
</EventData>
</Event>

<Event xmlns="http://schemas.microsoft.com/win/2004/08/events/event"><System><Provider Name="Microsoft-Windows-RemoteDesktopServices-RdpCoreTS" Guid="{1139c61b-b549-4251-8ed3-27250a1edec8}"></Provider>
<EventID Qualifiers="">65</EventID>
<Version>0</Version>
<Level>4</Level>
<Task>4</Task>
<Opcode>13</Opcode>
<Keywords>0x4000000000000000</Keywords>
<TimeCreated SystemTime="2020-10-23 18:55:22.089924"></TimeCreated>
<EventRecordID>244</EventRecordID>
<Correlation ActivityID="{f420a99b-7eb5-492c-ab49-df36a9ea0000}" RelatedActivityID=""></Correlation>
<Execution ProcessID="1060" ThreadID="1536"></Execution>
<Channel>Microsoft-Windows-RemoteDesktopServices-RdpCoreTS/Operational</Channel>
<Computer>WIN-PTFPHFCRDJ0</Computer>
<Security UserID="S-1-5-20"></Security>
</System>
<EventData><Data Name="ConnectionName">RDP-Tcp#1</Data>
</EventData>
</Event>

<Event xmlns="http://schemas.microsoft.com/win/2004/08/events/event"><System><Provider Name="Microsoft-Windows-RemoteDesktopServices-RdpCoreTS" Guid="{1139c61b-b549-4251-8ed3-27250a1edec8}"></Provider>
<EventID Qualifiers="">72</EventID>
<Version>0</Version>
<Level>4</Level>
<Task>4</Task>
<Opcode>13</Opcode>
<Keywords>0x4000000000000000</Keywords>
<TimeCreated SystemTime="2020-10-23 18:55:22.090736"></TimeCreated>
<EventRecordID>245</EventRecordID>
<Correlation ActivityID="{f420a99b-7eb5-492c-ab49-df36a9ea0000}" RelatedActivityID=""></Correlation>
<Execution ProcessID="1060" ThreadID="2260"></Execution>
<Channel>Microsoft-Windows-RemoteDesktopServices-RdpCoreTS/Operational</Channel>
<Computer>WIN-PTFPHFCRDJ0</Computer>
<Security UserID="S-1-5-20"></Security>
</System>
<EventData><Data Name="MethodName">PrepareForAccept</Data>
</EventData>
</Event>

<Event xmlns="http://schemas.microsoft.com/win/2004/08/events/event"><System><Provider Name="Microsoft-Windows-RemoteDesktopServices-RdpCoreTS" Guid="{1139c61b-b549-4251-8ed3-27250a1edec8}"></Provider>
<EventID Qualifiers="">72</EventID>
<Version>0</Version>
<Level>4</Level>
<Task>4</Task>
<Opcode>13</Opcode>
<Keywords>0x4000000000000000</Keywords>
<TimeCreated SystemTime="2020-10-23 18:55:22.090742"></TimeCreated>
<EventRecordID>246</EventRecordID>
<Correlation ActivityID="{f420a99b-7eb5-492c-ab49-df36a9ea0000}" RelatedActivityID=""></Correlation>
<Execution ProcessID="1060" ThreadID="2260"></Execution>
<Channel>Microsoft-Windows-RemoteDesktopServices-RdpCoreTS/Operational</Channel>
<Computer>WIN-PTFPHFCRDJ0</Computer>
<Security UserID="S-1-5-20"></Security>
</System>
<EventData><Data Name="MethodName">SendPolicyData</Data>
</EventData>
</Event>

<Event xmlns="http://schemas.microsoft.com/win/2004/08/events/event"><System><Provider Name="Microsoft-Windows-RemoteDesktopServices-RdpCoreTS" Guid="{1139c61b-b549-4251-8ed3-27250a1edec8}"></Provider>
<EventID Qualifiers="">141</EventID>
<Version>0</Version>
<Level>4</Level>
<Task>4</Task>
<Opcode>11</Opcode>
<Keywords>0x4000000000000000</Keywords>
<TimeCreated SystemTime="2020-10-23 18:55:22.091143"></TimeCreated>
<EventRecordID>247</EventRecordID>
<Correlation ActivityID="{f420a99b-7eb5-492c-ab49-df36a9ea0000}" RelatedActivityID=""></Correlation>
<Execution ProcessID="1060" ThreadID="2260"></Execution>
<Channel>Microsoft-Windows-RemoteDesktopServices-RdpCoreTS/Operational</Channel>
<Computer>WIN-PTFPHFCRDJ0</Computer>
<Security UserID="S-1-5-20"></Security>
</System>
<EventData><Data Name="InstanceID">1</Data>
</EventData>
</Event>

<Event xmlns="http://schemas.microsoft.com/win/2004/08/events/event"><System><Provider Name="Microsoft-Windows-RemoteDesktopServices-RdpCoreTS" Guid="{1139c61b-b549-4251-8ed3-27250a1edec8}"></Provider>
<EventID Qualifiers="">101</EventID>
<Version>0</Version>
<Level>3</Level>
<Task>4</Task>
<Opcode>16</Opcode>
<Keywords>0x4000000000000000</Keywords>
<TimeCreated SystemTime="2020-10-23 18:55:22.319246"></TimeCreated>
<EventRecordID>248</EventRecordID>
<Correlation ActivityID="{f420a99b-7eb5-492c-ab49-df36a9ea0000}" RelatedActivityID=""></Correlation>
<Execution ProcessID="1060" ThreadID="2228"></Execution>
<Channel>Microsoft-Windows-RemoteDesktopServices-RdpCoreTS/Operational</Channel>
<Computer>WIN-PTFPHFCRDJ0</Computer>
<Security UserID="S-1-5-20"></Security>
</System>
<EventData><Data Name="ReasonString">Reason Code: 2(Server Configuration).</Data>
</EventData>
</Event>

<Event xmlns="http://schemas.microsoft.com/win/2004/08/events/event"><System><Provider Name="Microsoft-Windows-RemoteDesktopServices-RdpCoreTS" Guid="{1139c61b-b549-4251-8ed3-27250a1edec8}"></Provider>
<EventID Qualifiers="">132</EventID>
<Version>0</Version>
<Level>4</Level>
<Task>4</Task>
<Opcode>15</Opcode>
<Keywords>0x4000000000000000</Keywords>
<TimeCreated SystemTime="2020-10-23 18:55:22.319256"></TimeCreated>
<EventRecordID>249</EventRecordID>
<Correlation ActivityID="{f420a99b-7eb5-492c-ab49-df36a9ea0000}" RelatedActivityID=""></Correlation>
<Execution ProcessID="1060" ThreadID="2228"></Execution>
<Channel>Microsoft-Windows-RemoteDesktopServices-RdpCoreTS/Operational</Channel>
<Computer>WIN-PTFPHFCRDJ0</Computer>
<Security UserID="S-1-5-20"></Security>
</System>
<EventData><Data Name="ChannelName">rdplic</Data>
<Data Name="TunnelID">0</Data>
</EventData>
</Event>

<Event xmlns="http://schemas.microsoft.com/win/2004/08/events/event"><System><Provider Name="Microsoft-Windows-RemoteDesktopServices-RdpCoreTS" Guid="{1139c61b-b549-4251-8ed3-27250a1edec8}"></Provider>
<EventID Qualifiers="">132</EventID>
<Version>0</Version>
<Level>4</Level>
<Task>4</Task>
<Opcode>15</Opcode>
<Keywords>0x4000000000000000</Keywords>
<TimeCreated SystemTime="2020-10-23 18:55:22.319258"></TimeCreated>
<EventRecordID>250</EventRecordID>
<Correlation ActivityID="{f420a99b-7eb5-492c-ab49-df36a9ea0000}" RelatedActivityID=""></Correlation>
<Execution ProcessID="1060" ThreadID="2228"></Execution>
<Channel>Microsoft-Windows-RemoteDesktopServices-RdpCoreTS/Operational</Channel>
<Computer>WIN-PTFPHFCRDJ0</Computer>
<Security UserID="S-1-5-20"></Security>
</System>
<EventData><Data Name="ChannelName">rdpcmd</Data>
<Data Name="TunnelID">0</Data>
</EventData>
</Event>

<Event xmlns="http://schemas.microsoft.com/win/2004/08/events/event"><System><Provider Name="Microsoft-Windows-RemoteDesktopServices-RdpCoreTS" Guid="{1139c61b-b549-4251-8ed3-27250a1edec8}"></Provider>
<EventID Qualifiers="">72</EventID>
<Version>0</Version>
<Level>4</Level>
<Task>4</Task>
<Opcode>13</Opcode>
<Keywords>0x4000000000000000</Keywords>
<TimeCreated SystemTime="2020-10-23 18:55:22.319269"></TimeCreated>
<EventRecordID>251</EventRecordID>
<Correlation ActivityID="{f420a99b-7eb5-492c-ab49-df36a9ea0000}" RelatedActivityID=""></Correlation>
<Execution ProcessID="1060" ThreadID="2228"></Execution>
<Channel>Microsoft-Windows-RemoteDesktopServices-RdpCoreTS/Operational</Channel>
<Computer>WIN-PTFPHFCRDJ0</Computer>
<Security UserID="S-1-5-20"></Security>
</System>
<EventData><Data Name="MethodName">OnStartLicensing</Data>
</EventData>
</Event>

<Event xmlns="http://schemas.microsoft.com/win/2004/08/events/event"><System><Provider Name="Microsoft-Windows-RemoteDesktopServices-RdpCoreTS" Guid="{1139c61b-b549-4251-8ed3-27250a1edec8}"></Provider>
<EventID Qualifiers="">72</EventID>
<Version>0</Version>
<Level>4</Level>
<Task>4</Task>
<Opcode>13</Opcode>
<Keywords>0x4000000000000000</Keywords>
<TimeCreated SystemTime="2020-10-23 18:55:22.319290"></TimeCreated>
<EventRecordID>252</EventRecordID>
<Correlation ActivityID="{f420a99b-7eb5-492c-ab49-df36a9ea0000}" RelatedActivityID=""></Correlation>
<Execution ProcessID="1060" ThreadID="2260"></Execution>
<Channel>Microsoft-Windows-RemoteDesktopServices-RdpCoreTS/Operational</Channel>
<Computer>WIN-PTFPHFCRDJ0</Computer>
<Security UserID="S-1-5-20"></Security>
</System>
<EventData><Data Name="MethodName">AcceptConnection</Data>
</EventData>
</Event>

<Event xmlns="http://schemas.microsoft.com/win/2004/08/events/event"><System><Provider Name="Microsoft-Windows-RemoteDesktopServices-RdpCoreTS" Guid="{1139c61b-b549-4251-8ed3-27250a1edec8}"></Provider>
<EventID Qualifiers="">104</EventID>
<Version>0</Version>
<Level>4</Level>
<Task>4</Task>
<Opcode>15</Opcode>
<Keywords>0x4000000000000000</Keywords>
<TimeCreated SystemTime="2020-10-23 18:55:22.319384"></TimeCreated>
<EventRecordID>253</EventRecordID>
<Correlation ActivityID="{f420a99b-7eb5-492c-ab49-df36a9ea0000}" RelatedActivityID=""></Correlation>
<Execution ProcessID="1060" ThreadID="2260"></Execution>
<Channel>Microsoft-Windows-RemoteDesktopServices-RdpCoreTS/Operational</Channel>
<Computer>WIN-PTFPHFCRDJ0</Computer>
<Security UserID="S-1-5-20"></Security>
</System>
<EventData><Data Name="TimezoneBiasHour">[5]</Data>
</EventData>
</Event>

<Event xmlns="http://schemas.microsoft.com/win/2004/08/events/event"><System><Provider Name="Microsoft-Windows-RemoteDesktopServices-RdpCoreTS" Guid="{1139c61b-b549-4251-8ed3-27250a1edec8}"></Provider>
<EventID Qualifiers="">71</EventID>
<Version>0</Version>
<Level>4</Level>
<Task>4</Task>
<Opcode>13</Opcode>
<Keywords>0x4000000000000000</Keywords>
<TimeCreated SystemTime="2020-10-23 18:55:22.319387"></TimeCreated>
<EventRecordID>254</EventRecordID>
<Correlation ActivityID="{f420a99b-7eb5-492c-ab49-df36a9ea0000}" RelatedActivityID=""></Correlation>
<Execution ProcessID="1060" ThreadID="2260"></Execution>
<Channel>Microsoft-Windows-RemoteDesktopServices-RdpCoreTS/Operational</Channel>
<Computer>WIN-PTFPHFCRDJ0</Computer>
<Security UserID="S-1-5-20"></Security>
</System>
<EventData><Data Name="ConnectionName">RDP-Tcp#1</Data>
<Data Name="DisplayDriverName">RDPUDD</Data>
</EventData>
</Event>

<Event xmlns="http://schemas.microsoft.com/win/2004/08/events/event"><System><Provider Name="Microsoft-Windows-RemoteDesktopServices-RdpCoreTS" Guid="{1139c61b-b549-4251-8ed3-27250a1edec8}"></Provider>
<EventID Qualifiers="">72</EventID>
<Version>0</Version>
<Level>4</Level>
<Task>4</Task>
<Opcode>13</Opcode>
<Keywords>0x4000000000000000</Keywords>
<TimeCreated SystemTime="2020-10-23 18:55:22.330336"></TimeCreated>
<EventRecordID>255</EventRecordID>
<Correlation ActivityID="{f420a99b-7eb5-492c-ab49-df36a9ea0000}" RelatedActivityID=""></Correlation>
<Execution ProcessID="1060" ThreadID="2260"></Execution>
<Channel>Microsoft-Windows-RemoteDesktopServices-RdpCoreTS/Operational</Channel>
<Computer>WIN-PTFPHFCRDJ0</Computer>
<Security UserID="S-1-5-20"></Security>
</System>
<EventData><Data Name="MethodName">GetSecurityFilterCreds</Data>
</EventData>
</Event>

<Event xmlns="http://schemas.microsoft.com/win/2004/08/events/event"><System><Provider Name="Microsoft-Windows-RemoteDesktopServices-RdpCoreTS" Guid="{1139c61b-b549-4251-8ed3-27250a1edec8}"></Provider>
<EventID Qualifiers="">72</EventID>
<Version>0</Version>
<Level>4</Level>
<Task>4</Task>
<Opcode>13</Opcode>
<Keywords>0x4000000000000000</Keywords>
<TimeCreated SystemTime="2020-10-23 18:55:22.332247"></TimeCreated>
<EventRecordID>256</EventRecordID>
<Correlation ActivityID="{f420a99b-7eb5-492c-ab49-df36a9ea0000}" RelatedActivityID=""></Correlation>
<Execution ProcessID="1060" ThreadID="2260"></Execution>
<Channel>Microsoft-Windows-RemoteDesktopServices-RdpCoreTS/Operational</Channel>
<Computer>WIN-PTFPHFCRDJ0</Computer>
<Security UserID="S-1-5-20"></Security>
</System>
<EventData><Data Name="MethodName">SendClientLicense</Data>
</EventData>
</Event>

<Event xmlns="http://schemas.microsoft.com/win/2004/08/events/event"><System><Provider Name="Microsoft-Windows-RemoteDesktopServices-RdpCoreTS" Guid="{1139c61b-b549-4251-8ed3-27250a1edec8}"></Provider>
<EventID Qualifiers="">72</EventID>
<Version>0</Version>
<Level>4</Level>
<Task>4</Task>
<Opcode>13</Opcode>
<Keywords>0x4000000000000000</Keywords>
<TimeCreated SystemTime="2020-10-23 18:55:22.332441"></TimeCreated>
<EventRecordID>257</EventRecordID>
<Correlation ActivityID="{f420a99b-7eb5-492c-ab49-df36a9ea0000}" RelatedActivityID=""></Correlation>
<Execution ProcessID="1060" ThreadID="2260"></Execution>
<Channel>Microsoft-Windows-RemoteDesktopServices-RdpCoreTS/Operational</Channel>
<Computer>WIN-PTFPHFCRDJ0</Computer>
<Security UserID="S-1-5-20"></Security>
</System>
<EventData><Data Name="MethodName">ProtocolComplete</Data>
</EventData>
</Event>

<Event xmlns="http://schemas.microsoft.com/win/2004/08/events/event"><System><Provider Name="Microsoft-Windows-RemoteDesktopServices-RdpCoreTS" Guid="{1139c61b-b549-4251-8ed3-27250a1edec8}"></Provider>
<EventID Qualifiers="">98</EventID>
<Version>0</Version>
<Level>4</Level>
<Task>4</Task>
<Opcode>15</Opcode>
<Keywords>0x4000000000000000</Keywords>
<TimeCreated SystemTime="2020-10-23 18:55:22.332453"></TimeCreated>
<EventRecordID>258</EventRecordID>
<Correlation ActivityID="{f420a99b-7eb5-492c-ab49-df36a9ea0000}" RelatedActivityID=""></Correlation>
<Execution ProcessID="1060" ThreadID="1552"></Execution>
<Channel>Microsoft-Windows-RemoteDesktopServices-RdpCoreTS/Operational</Channel>
<Computer>WIN-PTFPHFCRDJ0</Computer>
<Security UserID="S-1-5-20"></Security>
</System>
<EventData></EventData>
</Event>

<Event xmlns="http://schemas.microsoft.com/win/2004/08/events/event"><System><Provider Name="Microsoft-Windows-RemoteDesktopServices-RdpCoreTS" Guid="{1139c61b-b549-4251-8ed3-27250a1edec8}"></Provider>
<EventID Qualifiers="">100</EventID>
<Version>0</Version>
<Level>4</Level>
<Task>4</Task>
<Opcode>15</Opcode>
<Keywords>0x4000000000000000</Keywords>
<TimeCreated SystemTime="2020-10-23 18:55:22.332455"></TimeCreated>
<EventRecordID>259</EventRecordID>
<Correlation ActivityID="{f420a99b-7eb5-492c-ab49-df36a9ea0000}" RelatedActivityID=""></Correlation>
<Execution ProcessID="1060" ThreadID="1552"></Execution>
<Channel>Microsoft-Windows-RemoteDesktopServices-RdpCoreTS/Operational</Channel>
<Computer>WIN-PTFPHFCRDJ0</Computer>
<Security UserID="S-1-5-20"></Security>
</System>
<EventData></EventData>
</Event>

<Event xmlns="http://schemas.microsoft.com/win/2004/08/events/event"><System><Provider Name="Microsoft-Windows-RemoteDesktopServices-RdpCoreTS" Guid="{1139c61b-b549-4251-8ed3-27250a1edec8}"></Provider>
<EventID Qualifiers="">135</EventID>
<Version>0</Version>
<Level>4</Level>
<Task>4</Task>
<Opcode>15</Opcode>
<Keywords>0x4000000000000000</Keywords>
<TimeCreated SystemTime="2020-10-23 18:55:22.332466"></TimeCreated>
<EventRecordID>260</EventRecordID>
<Correlation ActivityID="{f420a99b-7eb5-492c-ab49-df36a9ea0000}" RelatedActivityID=""></Correlation>
<Execution ProcessID="1060" ThreadID="1552"></Execution>
<Channel>Microsoft-Windows-RemoteDesktopServices-RdpCoreTS/Operational</Channel>
<Computer>WIN-PTFPHFCRDJ0</Computer>
<Security UserID="S-1-5-20"></Security>
</System>
<EventData><Data Name="TunnelID">3</Data>
<Data Name="TransportType">TCP: Reason Code: 2 (Forced by Server Configuration)</Data>
</EventData>
</Event>

<Event xmlns="http://schemas.microsoft.com/win/2004/08/events/event"><System><Provider Name="Microsoft-Windows-RemoteDesktopServices-RdpCoreTS" Guid="{1139c61b-b549-4251-8ed3-27250a1edec8}"></Provider>
<EventID Qualifiers="">130</EventID>
<Version>0</Version>
<Level>4</Level>
<Task>4</Task>
<Opcode>15</Opcode>
<Keywords>0x4000000000000000</Keywords>
<TimeCreated SystemTime="2020-10-23 18:55:22.332685"></TimeCreated>
<EventRecordID>261</EventRecordID>
<Correlation ActivityID="{f420a99b-7eb5-492c-ab49-df36a9ea0000}" RelatedActivityID=""></Correlation>
<Execution ProcessID="1060" ThreadID="1552"></Execution>
<Channel>Microsoft-Windows-RemoteDesktopServices-RdpCoreTS/Operational</Channel>
<Computer>WIN-PTFPHFCRDJ0</Computer>
<Security UserID="S-1-5-20"></Security>
</System>
<EventData><Data Name="TunnelID">1</Data>
</EventData>
</Event>

<Event xmlns="http://schemas.microsoft.com/win/2004/08/events/event"><System><Provider Name="Microsoft-Windows-RemoteDesktopServices-RdpCoreTS" Guid="{1139c61b-b549-4251-8ed3-27250a1edec8}"></Provider>
<EventID Qualifiers="">72</EventID>
<Version>0</Version>
<Level>4</Level>
<Task>4</Task>
<Opcode>13</Opcode>
<Keywords>0x4000000000000000</Keywords>
<TimeCreated SystemTime="2020-10-23 18:55:22.333385"></TimeCreated>
<EventRecordID>262</EventRecordID>
<Correlation ActivityID="{f420a99b-7eb5-492c-ab49-df36a9ea0000}" RelatedActivityID=""></Correlation>
<Execution ProcessID="1060" ThreadID="2260"></Execution>
<Channel>Microsoft-Windows-RemoteDesktopServices-RdpCoreTS/Operational</Channel>
<Computer>WIN-PTFPHFCRDJ0</Computer>
<Security UserID="S-1-5-20"></Security>
</System>
<EventData><Data Name="MethodName">AuthenticateClientToSession</Data>
</EventData>
</Event>

<Event xmlns="http://schemas.microsoft.com/win/2004/08/events/event"><System><Provider Name="Microsoft-Windows-RemoteDesktopServices-RdpCoreTS" Guid="{1139c61b-b549-4251-8ed3-27250a1edec8}"></Provider>
<EventID Qualifiers="">66</EventID>
<Version>0</Version>
<Level>4</Level>
<Task>4</Task>
<Opcode>13</Opcode>
<Keywords>0x4000000000000000</Keywords>
<TimeCreated SystemTime="2020-10-23 18:55:24.053846"></TimeCreated>
<EventRecordID>263</EventRecordID>
<Correlation ActivityID="{f420a99b-7eb5-492c-ab49-df36a9ea0000}" RelatedActivityID=""></Correlation>
<Execution ProcessID="1060" ThreadID="3196"></Execution>
<Channel>Microsoft-Windows-RemoteDesktopServices-RdpCoreTS/Operational</Channel>
<Computer>WIN-PTFPHFCRDJ0</Computer>
<Security UserID="S-1-5-20"></Security>
</System>
<EventData><Data Name="ConnectionName">RDP-Tcp#1</Data>
<Data Name="SessionID">1</Data>
</EventData>
</Event>

<Event xmlns="http://schemas.microsoft.com/win/2004/08/events/event"><System><Provider Name="Microsoft-Windows-RemoteDesktopServices-RdpCoreTS" Guid="{1139c61b-b549-4251-8ed3-27250a1edec8}"></Provider>
<EventID Qualifiers="">131</EventID>
<Version>0</Version>
<Level>4</Level>
<Task>4</Task>
<Opcode>15</Opcode>
<Keywords>0x4000000000000000</Keywords>
<TimeCreated SystemTime="2020-10-23 18:55:25.352255"></TimeCreated>
<EventRecordID>264</EventRecordID>
<Correlation ActivityID="{8703ce68-e31d-47e1-a466-d59519e10000}" RelatedActivityID=""></Correlation>
<Execution ProcessID="1060" ThreadID="1572"></Execution>
<Channel>Microsoft-Windows-RemoteDesktopServices-RdpCoreTS/Operational</Channel>
<Computer>WIN-PTFPHFCRDJ0</Computer>
<Security UserID="S-1-5-20"></Security>
</System>
<EventData><Data Name="ConnType">UDP</Data>
<Data Name="ClientIP">[22.22.22.136]:54513</Data>
</EventData>
</Event>

<Event xmlns="http://schemas.microsoft.com/win/2004/08/events/event"><System><Provider Name="Microsoft-Windows-RemoteDesktopServices-RdpCoreTS" Guid="{1139c61b-b549-4251-8ed3-27250a1edec8}"></Provider>
<EventID Qualifiers="">33</EventID>
<Version>0</Version>
<Level>4</Level>
<Task>4</Task>
<Opcode>11</Opcode>
<Keywords>0x4000000000000000</Keywords>
<TimeCreated SystemTime="2020-10-23 18:55:25.799967"></TimeCreated>
<EventRecordID>265</EventRecordID>
<Correlation ActivityID="{f420a99b-7eb5-492c-ab49-df36a9ea0000}" RelatedActivityID=""></Correlation>
<Execution ProcessID="1060" ThreadID="3196"></Execution>
<Channel>Microsoft-Windows-RemoteDesktopServices-RdpCoreTS/Operational</Channel>
<Computer>WIN-PTFPHFCRDJ0</Computer>
<Security UserID="S-1-5-20"></Security>
</System>
<EventData></EventData>
</Event>

<Event xmlns="http://schemas.microsoft.com/win/2004/08/events/event"><System><Provider Name="Microsoft-Windows-RemoteDesktopServices-RdpCoreTS" Guid="{1139c61b-b549-4251-8ed3-27250a1edec8}"></Provider>
<EventID Qualifiers="">132</EventID>
<Version>0</Version>
<Level>4</Level>
<Task>4</Task>
<Opcode>15</Opcode>
<Keywords>0x4000000000000000</Keywords>
<TimeCreated SystemTime="2020-10-23 18:55:25.838934"></TimeCreated>
<EventRecordID>266</EventRecordID>
<Correlation ActivityID="{f420a99b-7eb5-492c-ab49-df36a9ea0000}" RelatedActivityID=""></Correlation>
<Execution ProcessID="1060" ThreadID="4212"></Execution>
<Channel>Microsoft-Windows-RemoteDesktopServices-RdpCoreTS/Operational</Channel>
<Computer>WIN-PTFPHFCRDJ0</Computer>
<Security UserID="S-1-5-20"></Security>
</System>
<EventData><Data Name="ChannelName">rdpgrfx</Data>
<Data Name="TunnelID">0</Data>
</EventData>
</Event>

<Event xmlns="http://schemas.microsoft.com/win/2004/08/events/event"><System><Provider Name="Microsoft-Windows-RemoteDesktopServices-RdpCoreTS" Guid="{1139c61b-b549-4251-8ed3-27250a1edec8}"></Provider>
<EventID Qualifiers="">132</EventID>
<Version>0</Version>
<Level>4</Level>
<Task>4</Task>
<Opcode>15</Opcode>
<Keywords>0x4000000000000000</Keywords>
<TimeCreated SystemTime="2020-10-23 18:55:25.874651"></TimeCreated>
<EventRecordID>267</EventRecordID>
<Correlation ActivityID="{f420a99b-7eb5-492c-ab49-df36a9ea0000}" RelatedActivityID=""></Correlation>
<Execution ProcessID="1060" ThreadID="2228"></Execution>
<Channel>Microsoft-Windows-RemoteDesktopServices-RdpCoreTS/Operational</Channel>
<Computer>WIN-PTFPHFCRDJ0</Computer>
<Security UserID="S-1-5-20"></Security>
</System>
<EventData><Data Name="ChannelName">rdpinpt</Data>
<Data Name="TunnelID">0</Data>
</EventData>
</Event>

<Event xmlns="http://schemas.microsoft.com/win/2004/08/events/event"><System><Provider Name="Microsoft-Windows-RemoteDesktopServices-RdpCoreTS" Guid="{1139c61b-b549-4251-8ed3-27250a1edec8}"></Provider>
<EventID Qualifiers="">135</EventID>
<Version>0</Version>
<Level>4</Level>
<Task>4</Task>
<Opcode>15</Opcode>
<Keywords>0x4000000000000000</Keywords>
<TimeCreated SystemTime="2020-10-23 18:55:25.874741"></TimeCreated>
<EventRecordID>268</EventRecordID>
<Correlation ActivityID="{f420a99b-7eb5-492c-ab49-df36a9ea0000}" RelatedActivityID=""></Correlation>
<Execution ProcessID="1060" ThreadID="2228"></Execution>
<Channel>Microsoft-Windows-RemoteDesktopServices-RdpCoreTS/Operational</Channel>
<Computer>WIN-PTFPHFCRDJ0</Computer>
<Security UserID="S-1-5-20"></Security>
</System>
<EventData><Data Name="TunnelID">1</Data>
<Data Name="TransportType">UDP</Data>
</EventData>
</Event>

<Event xmlns="http://schemas.microsoft.com/win/2004/08/events/event"><System><Provider Name="Microsoft-Windows-RemoteDesktopServices-RdpCoreTS" Guid="{1139c61b-b549-4251-8ed3-27250a1edec8}"></Provider>
<EventID Qualifiers="">72</EventID>
<Version>0</Version>
<Level>4</Level>
<Task>4</Task>
<Opcode>13</Opcode>
<Keywords>0x4000000000000000</Keywords>
<TimeCreated SystemTime="2020-10-23 18:55:25.875002"></TimeCreated>
<EventRecordID>269</EventRecordID>
<Correlation ActivityID="{f420a99b-7eb5-492c-ab49-df36a9ea0000}" RelatedActivityID=""></Correlation>
<Execution ProcessID="1060" ThreadID="1532"></Execution>
<Channel>Microsoft-Windows-RemoteDesktopServices-RdpCoreTS/Operational</Channel>
<Computer>WIN-PTFPHFCRDJ0</Computer>
<Security UserID="S-1-5-20"></Security>
</System>
<EventData><Data Name="MethodName">OnConnected</Data>
</EventData>
</Event>

<Event xmlns="http://schemas.microsoft.com/win/2004/08/events/event"><System><Provider Name="Microsoft-Windows-RemoteDesktopServices-RdpCoreTS" Guid="{1139c61b-b549-4251-8ed3-27250a1edec8}"></Provider>
<EventID Qualifiers="">72</EventID>
<Version>0</Version>
<Level>4</Level>
<Task>4</Task>
<Opcode>13</Opcode>
<Keywords>0x4000000000000000</Keywords>
<TimeCreated SystemTime="2020-10-23 18:55:25.875002"></TimeCreated>
<EventRecordID>270</EventRecordID>
<Correlation ActivityID="{f420a99b-7eb5-492c-ab49-df36a9ea0000}" RelatedActivityID=""></Correlation>
<Execution ProcessID="1060" ThreadID="1532"></Execution>
<Channel>Microsoft-Windows-RemoteDesktopServices-RdpCoreTS/Operational</Channel>
<Computer>WIN-PTFPHFCRDJ0</Computer>
<Security UserID="S-1-5-20"></Security>
</System>
<EventData><Data Name="MethodName">OnReady</Data>
</EventData>
</Event>

<Event xmlns="http://schemas.microsoft.com/win/2004/08/events/event"><System><Provider Name="Microsoft-Windows-RemoteDesktopServices-RdpCoreTS" Guid="{1139c61b-b549-4251-8ed3-27250a1edec8}"></Provider>
<EventID Qualifiers="">135</EventID>
<Version>0</Version>
<Level>4</Level>
<Task>4</Task>
<Opcode>15</Opcode>
<Keywords>0x4000000000000000</Keywords>
<TimeCreated SystemTime="2020-10-23 18:55:25.875174"></TimeCreated>
<EventRecordID>271</EventRecordID>
<Correlation ActivityID="{f420a99b-7eb5-492c-ab49-df36a9ea0000}" RelatedActivityID=""></Correlation>
<Execution ProcessID="1060" ThreadID="2176"></Execution>
<Channel>Microsoft-Windows-RemoteDesktopServices-RdpCoreTS/Operational</Channel>
<Computer>WIN-PTFPHFCRDJ0</Computer>
<Security UserID="S-1-5-20"></Security>
</System>
<EventData><Data Name="TunnelID">1</Data>
<Data Name="TransportType">UDP</Data>
</EventData>
</Event>

<Event xmlns="http://schemas.microsoft.com/win/2004/08/events/event"><System><Provider Name="Microsoft-Windows-RemoteDesktopServices-RdpCoreTS" Guid="{1139c61b-b549-4251-8ed3-27250a1edec8}"></Provider>
<EventID Qualifiers="">132</EventID>
<Version>0</Version>
<Level>4</Level>
<Task>4</Task>
<Opcode>15</Opcode>
<Keywords>0x4000000000000000</Keywords>
<TimeCreated SystemTime="2020-10-23 18:55:25.875336"></TimeCreated>
<EventRecordID>272</EventRecordID>
<Correlation ActivityID="{f420a99b-7eb5-492c-ab49-df36a9ea0000}" RelatedActivityID=""></Correlation>
<Execution ProcessID="1060" ThreadID="1128"></Execution>
<Channel>Microsoft-Windows-RemoteDesktopServices-RdpCoreTS/Operational</Channel>
<Computer>WIN-PTFPHFCRDJ0</Computer>
<Security UserID="S-1-5-20"></Security>
</System>
<EventData><Data Name="ChannelName">Microsoft::Windows::RDS::Telemetry</Data>
<Data Name="TunnelID">1</Data>
</EventData>
</Event>

<Event xmlns="http://schemas.microsoft.com/win/2004/08/events/event"><System><Provider Name="Microsoft-Windows-RemoteDesktopServices-RdpCoreTS" Guid="{1139c61b-b549-4251-8ed3-27250a1edec8}"></Provider>
<EventID Qualifiers="">169</EventID>
<Version>0</Version>
<Level>4</Level>
<Task>4</Task>
<Opcode>19</Opcode>
<Keywords>0x4000000000000000</Keywords>
<TimeCreated SystemTime="2020-10-23 18:55:25.900644"></TimeCreated>
<EventRecordID>273</EventRecordID>
<Correlation ActivityID="{f420a99b-7eb5-492c-ab49-df36a9ea0000}" RelatedActivityID=""></Correlation>
<Execution ProcessID="1060" ThreadID="2228"></Execution>
<Channel>Microsoft-Windows-RemoteDesktopServices-RdpCoreTS/Operational</Channel>
<Computer>WIN-PTFPHFCRDJ0</Computer>
<Security UserID="S-1-5-20"></Security>
</System>
<EventData><Data Name="MajorType">1</Data>
<Data Name="MinorType">3</Data>
<Data Name="ServerName">WIN-PTFPHFCRDJ0</Data>
</EventData>
</Event>

<Event xmlns="http://schemas.microsoft.com/win/2004/08/events/event"><System><Provider Name="Microsoft-Windows-RemoteDesktopServices-RdpCoreTS" Guid="{1139c61b-b549-4251-8ed3-27250a1edec8}"></Provider>
<EventID Qualifiers="">132</EventID>
<Version>0</Version>
<Level>4</Level>
<Task>4</Task>
<Opcode>15</Opcode>
<Keywords>0x4000000000000000</Keywords>
<TimeCreated SystemTime="2020-10-23 18:55:25.949541"></TimeCreated>
<EventRecordID>274</EventRecordID>
<Correlation ActivityID="{f420a99b-7eb5-492c-ab49-df36a9ea0000}" RelatedActivityID=""></Correlation>
<Execution ProcessID="1060" ThreadID="3808"></Execution>
<Channel>Microsoft-Windows-RemoteDesktopServices-RdpCoreTS/Operational</Channel>
<Computer>WIN-PTFPHFCRDJ0</Computer>
<Security UserID="S-1-5-20"></Security>
</System>
<EventData><Data Name="ChannelName">Microsoft::Windows::RDS::Graphics</Data>
<Data Name="TunnelID">1</Data>
</EventData>
</Event>

<Event xmlns="http://schemas.microsoft.com/win/2004/08/events/event"><System><Provider Name="Microsoft-Windows-RemoteDesktopServices-RdpCoreTS" Guid="{1139c61b-b549-4251-8ed3-27250a1edec8}"></Provider>
<EventID Qualifiers="">162</EventID>
<Version>0</Version>
<Level>4</Level>
<Task>4</Task>
<Opcode>19</Opcode>
<Keywords>0x4000000000000000</Keywords>
<TimeCreated SystemTime="2020-10-23 18:55:26.181419"></TimeCreated>
<EventRecordID>275</EventRecordID>
<Correlation ActivityID="{8703ce68-e31d-47e1-a466-d59519e10000}" RelatedActivityID=""></Correlation>
<Execution ProcessID="1060" ThreadID="1128"></Execution>
<Channel>Microsoft-Windows-RemoteDesktopServices-RdpCoreTS/Operational</Channel>
<Computer>WIN-PTFPHFCRDJ0</Computer>
<Security UserID="S-1-5-20"></Security>
</System>
<EventData><Data Name="Version">0x000a0600</Data>
<Data Name="ClientMode">0</Data>
<Data Name="AvcEnabled">1</Data>
<Data Name="ProfileIdNum">2</Data>
<Data Name="ServerName">WIN-PTFPHFCRDJ0</Data>
</EventData>
</Event>

<Event xmlns="http://schemas.microsoft.com/win/2004/08/events/event"><System><Provider Name="Microsoft-Windows-RemoteDesktopServices-RdpCoreTS" Guid="{1139c61b-b549-4251-8ed3-27250a1edec8}"></Provider>
<EventID Qualifiers="">148</EventID>
<Version>0</Version>
<Level>4</Level>
<Task>4</Task>
<Opcode>17</Opcode>
<Keywords>0x4000000000000000</Keywords>
<TimeCreated SystemTime="2020-10-23 18:55:26.209019"></TimeCreated>
<EventRecordID>276</EventRecordID>
<Correlation ActivityID="{f420a99b-7eb5-492c-ab49-df36a9ea0000}" RelatedActivityID=""></Correlation>
<Execution ProcessID="1060" ThreadID="3196"></Execution>
<Channel>Microsoft-Windows-RemoteDesktopServices-RdpCoreTS/Operational</Channel>
<Computer>WIN-PTFPHFCRDJ0</Computer>
<Security UserID="S-1-5-20"></Security>
</System>
<EventData><Data Name="ChannelName">Microsoft::Windows::RDS::Video::Control::v08.01</Data>
<Data Name="TunnelID">1</Data>
</EventData>
</Event>

<Event xmlns="http://schemas.microsoft.com/win/2004/08/events/event"><System><Provider Name="Microsoft-Windows-RemoteDesktopServices-RdpCoreTS" Guid="{1139c61b-b549-4251-8ed3-27250a1edec8}"></Provider>
<EventID Qualifiers="">148</EventID>
<Version>0</Version>
<Level>4</Level>
<Task>4</Task>
<Opcode>17</Opcode>
<Keywords>0x4000000000000000</Keywords>
<TimeCreated SystemTime="2020-10-23 18:55:26.211035"></TimeCreated>
<EventRecordID>277</EventRecordID>
<Correlation ActivityID="{f420a99b-7eb5-492c-ab49-df36a9ea0000}" RelatedActivityID=""></Correlation>
<Execution ProcessID="1060" ThreadID="4324"></Execution>
<Channel>Microsoft-Windows-RemoteDesktopServices-RdpCoreTS/Operational</Channel>
<Computer>WIN-PTFPHFCRDJ0</Computer>
<Security UserID="S-1-5-20"></Security>
</System>
<EventData><Data Name="ChannelName">Microsoft::Windows::RDS::Video::Data::v08.01</Data>
<Data Name="TunnelID">1</Data>
</EventData>
</Event>

