<Event xmlns="http://schemas.microsoft.com/win/2004/08/events/event"><System><Provider Name="Microsoft-Windows-GroupPolicy" Guid="{aea1b4fa-97d1-45f2-a64c-4d69fffd92c9}"></Provider>
<EventID Qualifiers="">5313</EventID>
<Version>0</Version>
<Level>4</Level>
<Task>0</Task>
<Opcode>0</Opcode>
<Keywords>0x4000000000000000</Keywords>
<TimeCreated SystemTime="2020-10-26 15:13:15.327398"></TimeCreated>
<EventRecordID>404</EventRecordID>
<Correlation ActivityID="{dfb64897-dbc1-452e-b147-53a330eb13f9}" RelatedActivityID=""></Correlation>
<Execution ProcessID="1332" ThreadID="3308"></Execution>
<Channel>Microsoft-Windows-GroupPolicy/Operational</Channel>
<Computer>WIN-PTFPHFCRDJ0</Computer>
<Security UserID="S-1-5-18"></Security>
</System>
<EventData><Data Name="DescriptionString">Local Group Policy
	Not Applied (Empty)
</Data>
<Data Name="GPOInfoList">&lt;GPO ID="Local Group Policy"&gt;&lt;Name&gt;Local Group Policy&lt;/Name&gt;&lt;Version&gt;0&lt;/Version&gt;&lt;SOM&gt;Local&lt;/SOM&gt;&lt;FSPath&gt;C:\Windows\System32\GroupPolicy\Machine&lt;/FSPath&gt;&lt;Reason&gt;NOTAPPLIED-EMPTY&lt;/Reason&gt;&lt;/GPO&gt;</Data>
</EventData>
</Event>

<Event xmlns="http://schemas.microsoft.com/win/2004/08/events/event"><System><Provider Name="Microsoft-Windows-GroupPolicy" Guid="{aea1b4fa-97d1-45f2-a64c-4d69fffd92c9}"></Provider>
<EventID Qualifiers="">5320</EventID>
<Version>0</Version>
<Level>4</Level>
<Task>0</Task>
<Opcode>0</Opcode>
<Keywords>0x4000000000000000</Keywords>
<TimeCreated SystemTime="2020-10-26 15:13:15.384279"></TimeCreated>
<EventRecordID>405</EventRecordID>
<Correlation ActivityID="{dfb64897-dbc1-452e-b147-53a330eb13f9}" RelatedActivityID=""></Correlation>
<Execution ProcessID="1332" ThreadID="3308"></Execution>
<Channel>Microsoft-Windows-GroupPolicy/Operational</Channel>
<Computer>WIN-PTFPHFCRDJ0</Computer>
<Security UserID="S-1-5-18"></Security>
</System>
<EventData><Data Name="InfoDescription">%%4161</Data>
</EventData>
</Event>

<Event xmlns="http://schemas.microsoft.com/win/2004/08/events/event"><System><Provider Name="Microsoft-Windows-GroupPolicy" Guid="{aea1b4fa-97d1-45f2-a64c-4d69fffd92c9}"></Provider>
<EventID Qualifiers="">5320</EventID>
<Version>0</Version>
<Level>4</Level>
<Task>0</Task>
<Opcode>0</Opcode>
<Keywords>0x4000000000000000</Keywords>
<TimeCreated SystemTime="2020-10-26 15:13:15.384474"></TimeCreated>
<EventRecordID>406</EventRecordID>
<Correlation ActivityID="{dfb64897-dbc1-452e-b147-53a330eb13f9}" RelatedActivityID=""></Correlation>
<Execution ProcessID="1332" ThreadID="3308"></Execution>
<Channel>Microsoft-Windows-GroupPolicy/Operational</Channel>
<Computer>WIN-PTFPHFCRDJ0</Computer>
<Security UserID="S-1-5-18"></Security>
</System>
<EventData><Data Name="InfoDescription">%%4163</Data>
</EventData>
</Event>

<Event xmlns="http://schemas.microsoft.com/win/2004/08/events/event"><System><Provider Name="Microsoft-Windows-GroupPolicy" Guid="{aea1b4fa-97d1-45f2-a64c-4d69fffd92c9}"></Provider>
<EventID Qualifiers="">5320</EventID>
<Version>0</Version>
<Level>4</Level>
<Task>0</Task>
<Opcode>0</Opcode>
<Keywords>0x4000000000000000</Keywords>
<TimeCreated SystemTime="2020-10-26 15:13:15.384476"></TimeCreated>
<EventRecordID>407</EventRecordID>
<Correlation ActivityID="{dfb64897-dbc1-452e-b147-53a330eb13f9}" RelatedActivityID=""></Correlation>
<Execution ProcessID="1332" ThreadID="3308"></Execution>
<Channel>Microsoft-Windows-GroupPolicy/Operational</Channel>
<Computer>WIN-PTFPHFCRDJ0</Computer>
<Security UserID="S-1-5-18"></Security>
</System>
<EventData><Data Name="InfoDescription">%%4165</Data>
</EventData>
</Event>

<Event xmlns="http://schemas.microsoft.com/win/2004/08/events/event"><System><Provider Name="Microsoft-Windows-GroupPolicy" Guid="{aea1b4fa-97d1-45f2-a64c-4d69fffd92c9}"></Provider>
<EventID Qualifiers="">8000</EventID>
<Version>1</Version>
<Level>4</Level>
<Task>0</Task>
<Opcode>2</Opcode>
<Keywords>0x4000000000000000</Keywords>
<TimeCreated SystemTime="2020-10-26 15:13:15.479139"></TimeCreated>
<EventRecordID>408</EventRecordID>
<Correlation ActivityID="{dfb64897-dbc1-452e-b147-53a330eb13f9}" RelatedActivityID=""></Correlation>
<Execution ProcessID="1332" ThreadID="3308"></Execution>
<Channel>Microsoft-Windows-GroupPolicy/Operational</Channel>
<Computer>WIN-PTFPHFCRDJ0</Computer>
<Security UserID="S-1-5-18"></Security>
</System>
<EventData><Data Name="PolicyElaspedTimeInSeconds">0</Data>
<Data Name="ErrorCode">0</Data>
<Data Name="PrincipalSamName">WORKGROUP\WIN-PTFPHFCRDJ0$</Data>
<Data Name="IsMachine">1</Data>
<Data Name="IsConnectivityFailure">False</Data>
</EventData>
</Event>

<Event xmlns="http://schemas.microsoft.com/win/2004/08/events/event"><System><Provider Name="Microsoft-Windows-GroupPolicy" Guid="{aea1b4fa-97d1-45f2-a64c-4d69fffd92c9}"></Provider>
<EventID Qualifiers="">5117</EventID>
<Version>0</Version>
<Level>4</Level>
<Task>0</Task>
<Opcode>0</Opcode>
<Keywords>0x4000000000000000</Keywords>
<TimeCreated SystemTime="2020-10-26 15:13:15.479315"></TimeCreated>
<EventRecordID>409</EventRecordID>
<Correlation ActivityID="{dfb64897-dbc1-452e-b147-53a330eb13f9}" RelatedActivityID=""></Correlation>
<Execution ProcessID="1332" ThreadID="3308"></Execution>
<Channel>Microsoft-Windows-GroupPolicy/Operational</Channel>
<Computer>WIN-PTFPHFCRDJ0</Computer>
<Security UserID="S-1-5-18"></Security>
</System>
<EventData><Data Name="IsMachine">True</Data>
<Data Name="SessionTimeElapsedInMilliseconds">407</Data>
</EventData>
</Event>

<Event xmlns="http://schemas.microsoft.com/win/2004/08/events/event"><System><Provider Name="Microsoft-Windows-GroupPolicy" Guid="{aea1b4fa-97d1-45f2-a64c-4d69fffd92c9}"></Provider>
<EventID Qualifiers="">5324</EventID>
<Version>0</Version>
<Level>4</Level>
<Task>0</Task>
<Opcode>0</Opcode>
<Keywords>0x4000000000000000</Keywords>
<TimeCreated SystemTime="2020-10-26 15:26:53.953295"></TimeCreated>
<EventRecordID>410</EventRecordID>
<Correlation ActivityID="" RelatedActivityID=""></Correlation>
<Execution ProcessID="1332" ThreadID="2584"></Execution>
<Channel>Microsoft-Windows-GroupPolicy/Operational</Channel>
<Computer>WIN-PTFPHFCRDJ0</Computer>
<Security UserID="S-1-5-18"></Security>
</System>
<EventData><Data Name="NotificationType">1</Data>
<Data Name="SessionId">1</Data>
</EventData>
</Event>

<Event xmlns="http://schemas.microsoft.com/win/2004/08/events/event"><System><Provider Name="Microsoft-Windows-GroupPolicy" Guid="{aea1b4fa-97d1-45f2-a64c-4d69fffd92c9}"></Provider>
<EventID Qualifiers="">6338</EventID>
<Version>0</Version>
<Level>4</Level>
<Task>0</Task>
<Opcode>0</Opcode>
<Keywords>0x4000000000000000</Keywords>
<TimeCreated SystemTime="2020-10-26 15:26:53.954304"></TimeCreated>
<EventRecordID>411</EventRecordID>
<Correlation ActivityID="" RelatedActivityID=""></Correlation>
<Execution ProcessID="1332" ThreadID="2584"></Execution>
<Channel>Microsoft-Windows-GroupPolicy/Operational</Channel>
<Computer>WIN-PTFPHFCRDJ0</Computer>
<Security UserID="S-1-5-18"></Security>
</System>
<EventData></EventData>
</Event>

<Event xmlns="http://schemas.microsoft.com/win/2004/08/events/event"><System><Provider Name="Microsoft-Windows-GroupPolicy" Guid="{aea1b4fa-97d1-45f2-a64c-4d69fffd92c9}"></Provider>
<EventID Qualifiers="">5351</EventID>
<Version>0</Version>
<Level>4</Level>
<Task>0</Task>
<Opcode>0</Opcode>
<Keywords>0x4000000000000000</Keywords>
<TimeCreated SystemTime="2020-10-26 15:26:53.954306"></TimeCreated>
<EventRecordID>412</EventRecordID>
<Correlation ActivityID="" RelatedActivityID=""></Correlation>
<Execution ProcessID="1332" ThreadID="2584"></Execution>
<Channel>Microsoft-Windows-GroupPolicy/Operational</Channel>
<Computer>WIN-PTFPHFCRDJ0</Computer>
<Security UserID="S-1-5-18"></Security>
</System>
<EventData><Data Name="IsMachine">False</Data>
<Data Name="WinlogonReturnTimeElapsedInMilliseconds">0</Data>
</EventData>
</Event>

<Event xmlns="http://schemas.microsoft.com/win/2004/08/events/event"><System><Provider Name="Microsoft-Windows-GroupPolicy" Guid="{aea1b4fa-97d1-45f2-a64c-4d69fffd92c9}"></Provider>
<EventID Qualifiers="">5324</EventID>
<Version>0</Version>
<Level>4</Level>
<Task>0</Task>
<Opcode>0</Opcode>
<Keywords>0x4000000000000000</Keywords>
<TimeCreated SystemTime="2020-10-26 15:26:53.954632"></TimeCreated>
<EventRecordID>413</EventRecordID>
<Correlation ActivityID="" RelatedActivityID=""></Correlation>
<Execution ProcessID="1332" ThreadID="2584"></Execution>
<Channel>Microsoft-Windows-GroupPolicy/Operational</Channel>
<Computer>WIN-PTFPHFCRDJ0</Computer>
<Security UserID="S-1-5-18"></Security>
</System>
<EventData><Data Name="NotificationType">1</Data>
<Data Name="SessionId">1</Data>
</EventData>
</Event>

<Event xmlns="http://schemas.microsoft.com/win/2004/08/events/event"><System><Provider Name="Microsoft-Windows-GroupPolicy" Guid="{aea1b4fa-97d1-45f2-a64c-4d69fffd92c9}"></Provider>
<EventID Qualifiers="">4117</EventID>
<Version>0</Version>
<Level>4</Level>
<Task>0</Task>
<Opcode>0</Opcode>
<Keywords>0x4000000000000000</Keywords>
<TimeCreated SystemTime="2020-10-26 15:26:53.955011"></TimeCreated>
<EventRecordID>414</EventRecordID>
<Correlation ActivityID="" RelatedActivityID=""></Correlation>
<Execution ProcessID="1332" ThreadID="3628"></Execution>
<Channel>Microsoft-Windows-GroupPolicy/Operational</Channel>
<Computer>WIN-PTFPHFCRDJ0</Computer>
<Security UserID="S-1-5-18"></Security>
</System>
<EventData><Data Name="IsMachine">False</Data>
<Data Name="IsBackgroundProcessing">False</Data>
<Data Name="IsAsyncProcessing">False</Data>
</EventData>
</Event>

<Event xmlns="http://schemas.microsoft.com/win/2004/08/events/event"><System><Provider Name="Microsoft-Windows-GroupPolicy" Guid="{aea1b4fa-97d1-45f2-a64c-4d69fffd92c9}"></Provider>
<EventID Qualifiers="">4001</EventID>
<Version>1</Version>
<Level>4</Level>
<Task>0</Task>
<Opcode>1</Opcode>
<Keywords>0x4000000000000000</Keywords>
<TimeCreated SystemTime="2020-10-26 15:26:53.955669"></TimeCreated>
<EventRecordID>415</EventRecordID>
<Correlation ActivityID="{6ed06366-58a0-4bcb-8992-2d13296bac4f}" RelatedActivityID=""></Correlation>
<Execution ProcessID="1332" ThreadID="3628"></Execution>
<Channel>Microsoft-Windows-GroupPolicy/Operational</Channel>
<Computer>WIN-PTFPHFCRDJ0</Computer>
<Security UserID="S-1-5-18"></Security>
</System>
<EventData><Data Name="PolicyActivityId">{6ed06366-58a0-4bcb-8992-2d13296bac4f}</Data>
<Data Name="PrincipalSamName">WIN-PTFPHFCRDJ0\user</Data>
<Data Name="IsMachine">0</Data>
<Data Name="IsDomainJoined">False</Data>
<Data Name="IsBackgroundProcessing">False</Data>
<Data Name="IsAsyncProcessing">False</Data>
<Data Name="IsServiceRestart">False</Data>
<Data Name="ReasonForSyncProcessing">5</Data>
</EventData>
</Event>

<Event xmlns="http://schemas.microsoft.com/win/2004/08/events/event"><System><Provider Name="Microsoft-Windows-GroupPolicy" Guid="{aea1b4fa-97d1-45f2-a64c-4d69fffd92c9}"></Provider>
<EventID Qualifiers="">5340</EventID>
<Version>0</Version>
<Level>4</Level>
<Task>0</Task>
<Opcode>0</Opcode>
<Keywords>0x4000000000000000</Keywords>
<TimeCreated SystemTime="2020-10-26 15:26:53.956087"></TimeCreated>
<EventRecordID>416</EventRecordID>
<Correlation ActivityID="{6ed06366-58a0-4bcb-8992-2d13296bac4f}" RelatedActivityID=""></Correlation>
<Execution ProcessID="1332" ThreadID="3628"></Execution>
<Channel>Microsoft-Windows-GroupPolicy/Operational</Channel>
<Computer>WIN-PTFPHFCRDJ0</Computer>
<Security UserID="S-1-5-18"></Security>
</System>
<EventData><Data Name="PolicyApplicationMode">1</Data>
</EventData>
</Event>

<Event xmlns="http://schemas.microsoft.com/win/2004/08/events/event"><System><Provider Name="Microsoft-Windows-GroupPolicy" Guid="{aea1b4fa-97d1-45f2-a64c-4d69fffd92c9}"></Provider>
<EventID Qualifiers="">5311</EventID>
<Version>0</Version>
<Level>4</Level>
<Task>0</Task>
<Opcode>0</Opcode>
<Keywords>0x4000000000000000</Keywords>
<TimeCreated SystemTime="2020-10-26 15:26:53.958284"></TimeCreated>
<EventRecordID>417</EventRecordID>
<Correlation ActivityID="{6ed06366-58a0-4bcb-8992-2d13296bac4f}" RelatedActivityID=""></Correlation>
<Execution ProcessID="1332" ThreadID="3628"></Execution>
<Channel>Microsoft-Windows-GroupPolicy/Operational</Channel>
<Computer>WIN-PTFPHFCRDJ0</Computer>
<Security UserID="S-1-5-21-1152959844-3645458174-3779170896-1000"></Security>
</System>
<EventData><Data Name="PolicyProcessingMode">0</Data>
</EventData>
</Event>

<Event xmlns="http://schemas.microsoft.com/win/2004/08/events/event"><System><Provider Name="Microsoft-Windows-GroupPolicy" Guid="{aea1b4fa-97d1-45f2-a64c-4d69fffd92c9}"></Provider>
<EventID Qualifiers="">4126</EventID>
<Version>0</Version>
<Level>4</Level>
<Task>0</Task>
<Opcode>0</Opcode>
<Keywords>0x4000000000000000</Keywords>
<TimeCreated SystemTime="2020-10-26 15:26:53.958286"></TimeCreated>
<EventRecordID>418</EventRecordID>
<Correlation ActivityID="{6ed06366-58a0-4bcb-8992-2d13296bac4f}" RelatedActivityID=""></Correlation>
<Execution ProcessID="1332" ThreadID="3628"></Execution>
<Channel>Microsoft-Windows-GroupPolicy/Operational</Channel>
<Computer>WIN-PTFPHFCRDJ0</Computer>
<Security UserID="S-1-5-21-1152959844-3645458174-3779170896-1000"></Security>
</System>
<EventData><Data Name="IsMachine">False</Data>
</EventData>
</Event>

<Event xmlns="http://schemas.microsoft.com/win/2004/08/events/event"><System><Provider Name="Microsoft-Windows-GroupPolicy" Guid="{aea1b4fa-97d1-45f2-a64c-4d69fffd92c9}"></Provider>
<EventID Qualifiers="">5257</EventID>
<Version>0</Version>
<Level>4</Level>
<Task>0</Task>
<Opcode>0</Opcode>
<Keywords>0x4000000000000000</Keywords>
<TimeCreated SystemTime="2020-10-26 15:26:53.958294"></TimeCreated>
<EventRecordID>419</EventRecordID>
<Correlation ActivityID="{6ed06366-58a0-4bcb-8992-2d13296bac4f}" RelatedActivityID=""></Correlation>
<Execution ProcessID="1332" ThreadID="3628"></Execution>
<Channel>Microsoft-Windows-GroupPolicy/Operational</Channel>
<Computer>WIN-PTFPHFCRDJ0</Computer>
<Security UserID="S-1-5-21-1152959844-3645458174-3779170896-1000"></Security>
</System>
<EventData><Data Name="IsMachine">False</Data>
<Data Name="PolicyDownloadTimeElapsedInMilliseconds">889859</Data>
</EventData>
</Event>

<Event xmlns="http://schemas.microsoft.com/win/2004/08/events/event"><System><Provider Name="Microsoft-Windows-GroupPolicy" Guid="{aea1b4fa-97d1-45f2-a64c-4d69fffd92c9}"></Provider>
<EventID Qualifiers="">5126</EventID>
<Version>0</Version>
<Level>4</Level>
<Task>0</Task>
<Opcode>0</Opcode>
<Keywords>0x4000000000000000</Keywords>
<TimeCreated SystemTime="2020-10-26 15:26:53.958769"></TimeCreated>
<EventRecordID>420</EventRecordID>
<Correlation ActivityID="{6ed06366-58a0-4bcb-8992-2d13296bac4f}" RelatedActivityID=""></Correlation>
<Execution ProcessID="1332" ThreadID="3628"></Execution>
<Channel>Microsoft-Windows-GroupPolicy/Operational</Channel>
<Computer>WIN-PTFPHFCRDJ0</Computer>
<Security UserID="S-1-5-21-1152959844-3645458174-3779170896-1000"></Security>
</System>
<EventData><Data Name="IsMachine">True</Data>
<Data Name="IsBackgroundProcessing">False</Data>
<Data Name="IsAsyncProcessing">False</Data>
<Data Name="NumberOfGPOsDownloaded">0</Data>
<Data Name="NumberOfGPOsApplicable">0</Data>
<Data Name="GPODownloadTimeElapsedInMilliseconds">0</Data>
</EventData>
</Event>

<Event xmlns="http://schemas.microsoft.com/win/2004/08/events/event"><System><Provider Name="Microsoft-Windows-GroupPolicy" Guid="{aea1b4fa-97d1-45f2-a64c-4d69fffd92c9}"></Provider>
<EventID Qualifiers="">5312</EventID>
<Version>0</Version>
<Level>4</Level>
<Task>0</Task>
<Opcode>0</Opcode>
<Keywords>0x4000000000000000</Keywords>
<TimeCreated SystemTime="2020-10-26 15:26:53.958776"></TimeCreated>
<EventRecordID>421</EventRecordID>
<Correlation ActivityID="{6ed06366-58a0-4bcb-8992-2d13296bac4f}" RelatedActivityID=""></Correlation>
<Execution ProcessID="1332" ThreadID="3628"></Execution>
<Channel>Microsoft-Windows-GroupPolicy/Operational</Channel>
<Computer>WIN-PTFPHFCRDJ0</Computer>
<Security UserID="S-1-5-18"></Security>
</System>
<EventData><Data Name="DescriptionString">None</Data>
<Data Name="GPOInfoList"></Data>
</EventData>
</Event>

<Event xmlns="http://schemas.microsoft.com/win/2004/08/events/event"><System><Provider Name="Microsoft-Windows-GroupPolicy" Guid="{aea1b4fa-97d1-45f2-a64c-4d69fffd92c9}"></Provider>
<EventID Qualifiers="">5313</EventID>
<Version>0</Version>
<Level>4</Level>
<Task>0</Task>
<Opcode>0</Opcode>
<Keywords>0x4000000000000000</Keywords>
<TimeCreated SystemTime="2020-10-26 15:26:53.958784"></TimeCreated>
<EventRecordID>422</EventRecordID>
<Correlation ActivityID="{6ed06366-58a0-4bcb-8992-2d13296bac4f}" RelatedActivityID=""></Correlation>
<Execution ProcessID="1332" ThreadID="3628"></Execution>
<Channel>Microsoft-Windows-GroupPolicy/Operational</Channel>
<Computer>WIN-PTFPHFCRDJ0</Computer>
<Security UserID="S-1-5-18"></Security>
</System>
<EventData><Data Name="DescriptionString">Local Group Policy
	Not Applied (Empty)
</Data>
<Data Name="GPOInfoList">&lt;GPO ID="Local Group Policy"&gt;&lt;Name&gt;Local Group Policy&lt;/Name&gt;&lt;Version&gt;0&lt;/Version&gt;&lt;SOM&gt;Local&lt;/SOM&gt;&lt;FSPath&gt;C:\Windows\System32\GroupPolicy\User&lt;/FSPath&gt;&lt;Reason&gt;NOTAPPLIED-EMPTY&lt;/Reason&gt;&lt;/GPO&gt;</Data>
</EventData>
</Event>

<Event xmlns="http://schemas.microsoft.com/win/2004/08/events/event"><System><Provider Name="Microsoft-Windows-GroupPolicy" Guid="{aea1b4fa-97d1-45f2-a64c-4d69fffd92c9}"></Provider>
<EventID Qualifiers="">5320</EventID>
<Version>0</Version>
<Level>4</Level>
<Task>0</Task>
<Opcode>0</Opcode>
<Keywords>0x4000000000000000</Keywords>
<TimeCreated SystemTime="2020-10-26 15:26:53.959539"></TimeCreated>
<EventRecordID>423</EventRecordID>
<Correlation ActivityID="{6ed06366-58a0-4bcb-8992-2d13296bac4f}" RelatedActivityID=""></Correlation>
<Execution ProcessID="1332" ThreadID="3628"></Execution>
<Channel>Microsoft-Windows-GroupPolicy/Operational</Channel>
<Computer>WIN-PTFPHFCRDJ0</Computer>
<Security UserID="S-1-5-18"></Security>
</System>
<EventData><Data Name="InfoDescription">%%4161</Data>
</EventData>
</Event>

<Event xmlns="http://schemas.microsoft.com/win/2004/08/events/event"><System><Provider Name="Microsoft-Windows-GroupPolicy" Guid="{aea1b4fa-97d1-45f2-a64c-4d69fffd92c9}"></Provider>
<EventID Qualifiers="">5320</EventID>
<Version>0</Version>
<Level>4</Level>
<Task>0</Task>
<Opcode>0</Opcode>
<Keywords>0x4000000000000000</Keywords>
<TimeCreated SystemTime="2020-10-26 15:26:53.959623"></TimeCreated>
<EventRecordID>424</EventRecordID>
<Correlation ActivityID="{6ed06366-58a0-4bcb-8992-2d13296bac4f}" RelatedActivityID=""></Correlation>
<Execution ProcessID="1332" ThreadID="3628"></Execution>
<Channel>Microsoft-Windows-GroupPolicy/Operational</Channel>
<Computer>WIN-PTFPHFCRDJ0</Computer>
<Security UserID="S-1-5-18"></Security>
</System>
<EventData><Data Name="InfoDescription">%%4163</Data>
</EventData>
</Event>

<Event xmlns="http://schemas.microsoft.com/win/2004/08/events/event"><System><Provider Name="Microsoft-Windows-GroupPolicy" Guid="{aea1b4fa-97d1-45f2-a64c-4d69fffd92c9}"></Provider>
<EventID Qualifiers="">5320</EventID>
<Version>0</Version>
<Level>4</Level>
<Task>0</Task>
<Opcode>0</Opcode>
<Keywords>0x4000000000000000</Keywords>
<TimeCreated SystemTime="2020-10-26 15:26:53.959625"></TimeCreated>
<EventRecordID>425</EventRecordID>
<Correlation ActivityID="{6ed06366-58a0-4bcb-8992-2d13296bac4f}" RelatedActivityID=""></Correlation>
<Execution ProcessID="1332" ThreadID="3628"></Execution>
<Channel>Microsoft-Windows-GroupPolicy/Operational</Channel>
<Computer>WIN-PTFPHFCRDJ0</Computer>
<Security UserID="S-1-5-18"></Security>
</System>
<EventData><Data Name="InfoDescription">%%4165</Data>
</EventData>
</Event>

<Event xmlns="http://schemas.microsoft.com/win/2004/08/events/event"><System><Provider Name="Microsoft-Windows-GroupPolicy" Guid="{aea1b4fa-97d1-45f2-a64c-4d69fffd92c9}"></Provider>
<EventID Qualifiers="">8001</EventID>
<Version>1</Version>
<Level>4</Level>
<Task>0</Task>
<Opcode>2</Opcode>
<Keywords>0x4000000000000000</Keywords>
<TimeCreated SystemTime="2020-10-26 15:26:53.962091"></TimeCreated>
<EventRecordID>426</EventRecordID>
<Correlation ActivityID="{6ed06366-58a0-4bcb-8992-2d13296bac4f}" RelatedActivityID=""></Correlation>
<Execution ProcessID="1332" ThreadID="3628"></Execution>
<Channel>Microsoft-Windows-GroupPolicy/Operational</Channel>
<Computer>WIN-PTFPHFCRDJ0</Computer>
<Security UserID="S-1-5-18"></Security>
</System>
<EventData><Data Name="PolicyElaspedTimeInSeconds">0</Data>
<Data Name="ErrorCode">0</Data>
<Data Name="PrincipalSamName">WIN-PTFPHFCRDJ0\user</Data>
<Data Name="IsMachine">0</Data>
<Data Name="IsConnectivityFailure">False</Data>
</EventData>
</Event>

<Event xmlns="http://schemas.microsoft.com/win/2004/08/events/event"><System><Provider Name="Microsoft-Windows-GroupPolicy" Guid="{aea1b4fa-97d1-45f2-a64c-4d69fffd92c9}"></Provider>
<EventID Qualifiers="">6338</EventID>
<Version>0</Version>
<Level>4</Level>
<Task>0</Task>
<Opcode>0</Opcode>
<Keywords>0x4000000000000000</Keywords>
<TimeCreated SystemTime="2020-10-26 15:26:53.962126"></TimeCreated>
<EventRecordID>427</EventRecordID>
<Correlation ActivityID="" RelatedActivityID=""></Correlation>
<Execution ProcessID="1332" ThreadID="2584"></Execution>
<Channel>Microsoft-Windows-GroupPolicy/Operational</Channel>
<Computer>WIN-PTFPHFCRDJ0</Computer>
<Security UserID="S-1-5-18"></Security>
</System>
<EventData></EventData>
</Event>

<Event xmlns="http://schemas.microsoft.com/win/2004/08/events/event"><System><Provider Name="Microsoft-Windows-GroupPolicy" Guid="{aea1b4fa-97d1-45f2-a64c-4d69fffd92c9}"></Provider>
<EventID Qualifiers="">5351</EventID>
<Version>0</Version>
<Level>4</Level>
<Task>0</Task>
<Opcode>0</Opcode>
<Keywords>0x4000000000000000</Keywords>
<TimeCreated SystemTime="2020-10-26 15:26:53.962128"></TimeCreated>
<EventRecordID>428</EventRecordID>
<Correlation ActivityID="" RelatedActivityID=""></Correlation>
<Execution ProcessID="1332" ThreadID="2584"></Execution>
<Channel>Microsoft-Windows-GroupPolicy/Operational</Channel>
<Computer>WIN-PTFPHFCRDJ0</Computer>
<Security UserID="S-1-5-18"></Security>
</System>
<EventData><Data Name="IsMachine">False</Data>
<Data Name="WinlogonReturnTimeElapsedInMilliseconds">0</Data>
</EventData>
</Event>

<Event xmlns="http://schemas.microsoft.com/win/2004/08/events/event"><System><Provider Name="Microsoft-Windows-GroupPolicy" Guid="{aea1b4fa-97d1-45f2-a64c-4d69fffd92c9}"></Provider>
<EventID Qualifiers="">5117</EventID>
<Version>0</Version>
<Level>4</Level>
<Task>0</Task>
<Opcode>0</Opcode>
<Keywords>0x4000000000000000</Keywords>
<TimeCreated SystemTime="2020-10-26 15:26:53.963129"></TimeCreated>
<EventRecordID>429</EventRecordID>
<Correlation ActivityID="{6ed06366-58a0-4bcb-8992-2d13296bac4f}" RelatedActivityID=""></Correlation>
<Execution ProcessID="1332" ThreadID="3628"></Execution>
<Channel>Microsoft-Windows-GroupPolicy/Operational</Channel>
<Computer>WIN-PTFPHFCRDJ0</Computer>
<Security UserID="S-1-5-18"></Security>
</System>
<EventData><Data Name="IsMachine">False</Data>
<Data Name="SessionTimeElapsedInMilliseconds">16</Data>
</EventData>
</Event>

<Event xmlns="http://schemas.microsoft.com/win/2004/08/events/event"><System><Provider Name="Microsoft-Windows-GroupPolicy" Guid="{aea1b4fa-97d1-45f2-a64c-4d69fffd92c9}"></Provider>
<EventID Qualifiers="">5324</EventID>
<Version>0</Version>
<Level>4</Level>
<Task>0</Task>
<Opcode>0</Opcode>
<Keywords>0x4000000000000000</Keywords>
<TimeCreated SystemTime="2020-10-26 15:26:58.001690"></TimeCreated>
<EventRecordID>430</EventRecordID>
<Correlation ActivityID="" RelatedActivityID=""></Correlation>
<Execution ProcessID="1332" ThreadID="2436"></Execution>
<Channel>Microsoft-Windows-GroupPolicy/Operational</Channel>
<Computer>WIN-PTFPHFCRDJ0</Computer>
<Security UserID="S-1-5-18"></Security>
</System>
<EventData><Data Name="NotificationType">3</Data>
<Data Name="SessionId">1</Data>
</EventData>
</Event>

<Event xmlns="http://schemas.microsoft.com/win/2004/08/events/event"><System><Provider Name="Microsoft-Windows-GroupPolicy" Guid="{aea1b4fa-97d1-45f2-a64c-4d69fffd92c9}"></Provider>
<EventID Qualifiers="">6339</EventID>
<Version>0</Version>
<Level>4</Level>
<Task>0</Task>
<Opcode>0</Opcode>
<Keywords>0x4000000000000000</Keywords>
<TimeCreated SystemTime="2020-10-26 15:26:58.001806"></TimeCreated>
<EventRecordID>431</EventRecordID>
<Correlation ActivityID="" RelatedActivityID=""></Correlation>
<Execution ProcessID="1332" ThreadID="2436"></Execution>
<Channel>Microsoft-Windows-GroupPolicy/Operational</Channel>
<Computer>WIN-PTFPHFCRDJ0</Computer>
<Security UserID="S-1-5-18"></Security>
</System>
<EventData></EventData>
</Event>

<Event xmlns="http://schemas.microsoft.com/win/2004/08/events/event"><System><Provider Name="Microsoft-Windows-GroupPolicy" Guid="{aea1b4fa-97d1-45f2-a64c-4d69fffd92c9}"></Provider>
<EventID Qualifiers="">5324</EventID>
<Version>0</Version>
<Level>4</Level>
<Task>0</Task>
<Opcode>0</Opcode>
<Keywords>0x4000000000000000</Keywords>
<TimeCreated SystemTime="2020-10-26 18:32:46.139870"></TimeCreated>
<EventRecordID>432</EventRecordID>
<Correlation ActivityID="" RelatedActivityID=""></Correlation>
<Execution ProcessID="1332" ThreadID="84"></Execution>
<Channel>Microsoft-Windows-GroupPolicy/Operational</Channel>
<Computer>WIN-PTFPHFCRDJ0</Computer>
<Security UserID="S-1-5-18"></Security>
</System>
<EventData><Data Name="NotificationType">4</Data>
<Data Name="SessionId">1</Data>
</EventData>
</Event>

<Event xmlns="http://schemas.microsoft.com/win/2004/08/events/event"><System><Provider Name="Microsoft-Windows-GroupPolicy" Guid="{aea1b4fa-97d1-45f2-a64c-4d69fffd92c9}"></Provider>
<EventID Qualifiers="">5324</EventID>
<Version>0</Version>
<Level>4</Level>
<Task>0</Task>
<Opcode>0</Opcode>
<Keywords>0x4000000000000000</Keywords>
<TimeCreated SystemTime="2020-10-26 18:32:46.701202"></TimeCreated>
<EventRecordID>433</EventRecordID>
<Correlation ActivityID="" RelatedActivityID=""></Correlation>
<Execution ProcessID="1332" ThreadID="3428"></Execution>
<Channel>Microsoft-Windows-GroupPolicy/Operational</Channel>
<Computer>WIN-PTFPHFCRDJ0</Computer>
<Security UserID="S-1-5-18"></Security>
</System>
<EventData><Data Name="NotificationType">2</Data>
<Data Name="SessionId">1</Data>
</EventData>
</Event>

<Event xmlns="http://schemas.microsoft.com/win/2004/08/events/event"><System><Provider Name="Microsoft-Windows-GroupPolicy" Guid="{aea1b4fa-97d1-45f2-a64c-4d69fffd92c9}"></Provider>
<EventID Qualifiers="">5325</EventID>
<Version>0</Version>
<Level>4</Level>
<Task>0</Task>
<Opcode>0</Opcode>
<Keywords>0x4000000000000000</Keywords>
<TimeCreated SystemTime="2020-10-26 18:32:49.459854"></TimeCreated>
<EventRecordID>434</EventRecordID>
<Correlation ActivityID="" RelatedActivityID=""></Correlation>
<Execution ProcessID="1332" ThreadID="1336"></Execution>
<Channel>Microsoft-Windows-GroupPolicy/Operational</Channel>
<Computer>WIN-PTFPHFCRDJ0</Computer>
<Security UserID="S-1-5-18"></Security>
</System>
<EventData><Data Name="NotificationType">0</Data>
</EventData>
</Event>

<Event xmlns="http://schemas.microsoft.com/win/2004/08/events/event"><System><Provider Name="Microsoft-Windows-GroupPolicy" Guid="{aea1b4fa-97d1-45f2-a64c-4d69fffd92c9}"></Provider>
<EventID Qualifiers="">5115</EventID>
<Version>0</Version>
<Level>4</Level>
<Task>0</Task>
<Opcode>0</Opcode>
<Keywords>0x4000000000000000</Keywords>
<TimeCreated SystemTime="2020-10-26 18:32:49.460283"></TimeCreated>
<EventRecordID>435</EventRecordID>
<Correlation ActivityID="" RelatedActivityID=""></Correlation>
<Execution ProcessID="1332" ThreadID="4780"></Execution>
<Channel>Microsoft-Windows-GroupPolicy/Operational</Channel>
<Computer>WIN-PTFPHFCRDJ0</Computer>
<Security UserID="S-1-5-18"></Security>
</System>
<EventData><Data Name="IsServiceRestart">False</Data>
<Data Name="IsMachineBoot">True</Data>
<Data Name="GpsvcTimeElapsedInMilliseconds">12017157</Data>
</EventData>
</Event>

<Event xmlns="http://schemas.microsoft.com/win/2004/08/events/event"><System><Provider Name="Microsoft-Windows-GroupPolicy" Guid="{aea1b4fa-97d1-45f2-a64c-4d69fffd92c9}"></Provider>
<EventID Qualifiers="">4116</EventID>
<Version>0</Version>
<Level>4</Level>
<Task>0</Task>
<Opcode>0</Opcode>
<Keywords>0x4000000000000000</Keywords>
<TimeCreated SystemTime="2020-10-27 01:58:06.107880"></TimeCreated>
<EventRecordID>436</EventRecordID>
<Correlation ActivityID="" RelatedActivityID=""></Correlation>
<Execution ProcessID="1336" ThreadID="1348"></Execution>
<Channel>Microsoft-Windows-GroupPolicy/Operational</Channel>
<Computer>WIN-PTFPHFCRDJ0</Computer>
<Security UserID="S-1-5-18"></Security>
</System>
<EventData></EventData>
</Event>

<Event xmlns="http://schemas.microsoft.com/win/2004/08/events/event"><System><Provider Name="Microsoft-Windows-GroupPolicy" Guid="{aea1b4fa-97d1-45f2-a64c-4d69fffd92c9}"></Provider>
<EventID Qualifiers="">4115</EventID>
<Version>0</Version>
<Level>4</Level>
<Task>0</Task>
<Opcode>0</Opcode>
<Keywords>0x4000000000000000</Keywords>
<TimeCreated SystemTime="2020-10-27 01:58:06.268110"></TimeCreated>
<EventRecordID>437</EventRecordID>
<Correlation ActivityID="" RelatedActivityID=""></Correlation>
<Execution ProcessID="1336" ThreadID="1348"></Execution>
<Channel>Microsoft-Windows-GroupPolicy/Operational</Channel>
<Computer>WIN-PTFPHFCRDJ0</Computer>
<Security UserID="S-1-5-18"></Security>
</System>
<EventData><Data Name="IsServiceRestart">False</Data>
<Data Name="IsMachineBoot">True</Data>
</EventData>
</Event>

<Event xmlns="http://schemas.microsoft.com/win/2004/08/events/event"><System><Provider Name="Microsoft-Windows-GroupPolicy" Guid="{aea1b4fa-97d1-45f2-a64c-4d69fffd92c9}"></Provider>
<EventID Qualifiers="">5116</EventID>
<Version>0</Version>
<Level>4</Level>
<Task>0</Task>
<Opcode>0</Opcode>
<Keywords>0x4000000000000000</Keywords>
<TimeCreated SystemTime="2020-10-27 01:58:06.454849"></TimeCreated>
<EventRecordID>438</EventRecordID>
<Correlation ActivityID="" RelatedActivityID=""></Correlation>
<Execution ProcessID="1336" ThreadID="1424"></Execution>
<Channel>Microsoft-Windows-GroupPolicy/Operational</Channel>
<Computer>WIN-PTFPHFCRDJ0</Computer>
<Security UserID="S-1-5-18"></Security>
</System>
<EventData><Data Name="GpsvcInitTimeElapsedInMilliseconds">360</Data>
</EventData>
</Event>

<Event xmlns="http://schemas.microsoft.com/win/2004/08/events/event"><System><Provider Name="Microsoft-Windows-GroupPolicy" Guid="{aea1b4fa-97d1-45f2-a64c-4d69fffd92c9}"></Provider>
<EventID Qualifiers="">5320</EventID>
<Version>0</Version>
<Level>4</Level>
<Task>0</Task>
<Opcode>0</Opcode>
<Keywords>0x4000000000000000</Keywords>
<TimeCreated SystemTime="2020-10-27 01:58:07.650644"></TimeCreated>
<EventRecordID>439</EventRecordID>
<Correlation ActivityID="" RelatedActivityID=""></Correlation>
<Execution ProcessID="1336" ThreadID="1424"></Execution>
<Channel>Microsoft-Windows-GroupPolicy/Operational</Channel>
<Computer>WIN-PTFPHFCRDJ0</Computer>
<Security UserID="S-1-5-18"></Security>
</System>
<EventData><Data Name="InfoDescription">%%4168</Data>
</EventData>
</Event>

<Event xmlns="http://schemas.microsoft.com/win/2004/08/events/event"><System><Provider Name="Microsoft-Windows-GroupPolicy" Guid="{aea1b4fa-97d1-45f2-a64c-4d69fffd92c9}"></Provider>
<EventID Qualifiers="">5320</EventID>
<Version>0</Version>
<Level>4</Level>
<Task>0</Task>
<Opcode>0</Opcode>
<Keywords>0x4000000000000000</Keywords>
<TimeCreated SystemTime="2020-10-27 01:58:07.650658"></TimeCreated>
<EventRecordID>440</EventRecordID>
<Correlation ActivityID="" RelatedActivityID=""></Correlation>
<Execution ProcessID="1336" ThreadID="1424"></Execution>
<Channel>Microsoft-Windows-GroupPolicy/Operational</Channel>
<Computer>WIN-PTFPHFCRDJ0</Computer>
<Security UserID="S-1-5-18"></Security>
</System>
<EventData><Data Name="InfoDescription">%%4160</Data>
</EventData>
</Event>

<Event xmlns="http://schemas.microsoft.com/win/2004/08/events/event"><System><Provider Name="Microsoft-Windows-GroupPolicy" Guid="{aea1b4fa-97d1-45f2-a64c-4d69fffd92c9}"></Provider>
<EventID Qualifiers="">5320</EventID>
<Version>0</Version>
<Level>4</Level>
<Task>0</Task>
<Opcode>0</Opcode>
<Keywords>0x4000000000000000</Keywords>
<TimeCreated SystemTime="2020-10-27 01:58:07.650658"></TimeCreated>
<EventRecordID>441</EventRecordID>
<Correlation ActivityID="" RelatedActivityID=""></Correlation>
<Execution ProcessID="1336" ThreadID="1424"></Execution>
<Channel>Microsoft-Windows-GroupPolicy/Operational</Channel>
<Computer>WIN-PTFPHFCRDJ0</Computer>
<Security UserID="S-1-5-18"></Security>
</System>
<EventData><Data Name="InfoDescription">%%4166</Data>
</EventData>
</Event>

<Event xmlns="http://schemas.microsoft.com/win/2004/08/events/event"><System><Provider Name="Microsoft-Windows-GroupPolicy" Guid="{aea1b4fa-97d1-45f2-a64c-4d69fffd92c9}"></Provider>
<EventID Qualifiers="">5321</EventID>
<Version>0</Version>
<Level>4</Level>
<Task>0</Task>
<Opcode>0</Opcode>
<Keywords>0x4000000000000000</Keywords>
<TimeCreated SystemTime="2020-10-27 01:58:07.650757"></TimeCreated>
<EventRecordID>442</EventRecordID>
<Correlation ActivityID="" RelatedActivityID=""></Correlation>
<Execution ProcessID="1336" ThreadID="1424"></Execution>
<Channel>Microsoft-Windows-GroupPolicy/Operational</Channel>
<Computer>WIN-PTFPHFCRDJ0</Computer>
<Security UserID="S-1-5-18"></Security>
</System>
<EventData><Data Name="InfoDescription">%%4167</Data>
<Data Name="OperationParameter1">ec772cb7-ff77-40e1-bc0e-c6b609e44fdc</Data>
</EventData>
</Event>

<Event xmlns="http://schemas.microsoft.com/win/2004/08/events/event"><System><Provider Name="Microsoft-Windows-GroupPolicy" Guid="{aea1b4fa-97d1-45f2-a64c-4d69fffd92c9}"></Provider>
<EventID Qualifiers="">5324</EventID>
<Version>0</Version>
<Level>4</Level>
<Task>0</Task>
<Opcode>0</Opcode>
<Keywords>0x4000000000000000</Keywords>
<TimeCreated SystemTime="2020-10-27 01:58:54.057268"></TimeCreated>
<EventRecordID>443</EventRecordID>
<Correlation ActivityID="" RelatedActivityID=""></Correlation>
<Execution ProcessID="1336" ThreadID="2764"></Execution>
<Channel>Microsoft-Windows-GroupPolicy/Operational</Channel>
<Computer>WIN-PTFPHFCRDJ0</Computer>
<Security UserID="S-1-5-18"></Security>
</System>
<EventData><Data Name="NotificationType">0</Data>
<Data Name="SessionId">1</Data>
</EventData>
</Event>

<Event xmlns="http://schemas.microsoft.com/win/2004/08/events/event"><System><Provider Name="Microsoft-Windows-GroupPolicy" Guid="{aea1b4fa-97d1-45f2-a64c-4d69fffd92c9}"></Provider>
<EventID Qualifiers="">4117</EventID>
<Version>0</Version>
<Level>4</Level>
<Task>0</Task>
<Opcode>0</Opcode>
<Keywords>0x4000000000000000</Keywords>
<TimeCreated SystemTime="2020-10-27 01:58:54.072500"></TimeCreated>
<EventRecordID>444</EventRecordID>
<Correlation ActivityID="" RelatedActivityID=""></Correlation>
<Execution ProcessID="1336" ThreadID="3260"></Execution>
<Channel>Microsoft-Windows-GroupPolicy/Operational</Channel>
<Computer>WIN-PTFPHFCRDJ0</Computer>
<Security UserID="S-1-5-18"></Security>
</System>
<EventData><Data Name="IsMachine">True</Data>
<Data Name="IsBackgroundProcessing">False</Data>
<Data Name="IsAsyncProcessing">False</Data>
</EventData>
</Event>

<Event xmlns="http://schemas.microsoft.com/win/2004/08/events/event"><System><Provider Name="Microsoft-Windows-GroupPolicy" Guid="{aea1b4fa-97d1-45f2-a64c-4d69fffd92c9}"></Provider>
<EventID Qualifiers="">4000</EventID>
<Version>1</Version>
<Level>4</Level>
<Task>0</Task>
<Opcode>1</Opcode>
<Keywords>0x4000000000000000</Keywords>
<TimeCreated SystemTime="2020-10-27 01:58:54.217007"></TimeCreated>
<EventRecordID>445</EventRecordID>
<Correlation ActivityID="{d79a6053-fcef-4129-b3cc-fa0c942a281d}" RelatedActivityID=""></Correlation>
<Execution ProcessID="1336" ThreadID="3260"></Execution>
<Channel>Microsoft-Windows-GroupPolicy/Operational</Channel>
<Computer>WIN-PTFPHFCRDJ0</Computer>
<Security UserID="S-1-5-18"></Security>
</System>
<EventData><Data Name="PolicyActivityId">{d79a6053-fcef-4129-b3cc-fa0c942a281d}</Data>
<Data Name="PrincipalSamName">WORKGROUP\WIN-PTFPHFCRDJ0$</Data>
<Data Name="IsMachine">1</Data>
<Data Name="IsDomainJoined">False</Data>
<Data Name="IsBackgroundProcessing">False</Data>
<Data Name="IsAsyncProcessing">False</Data>
<Data Name="IsServiceRestart">False</Data>
<Data Name="ReasonForSyncProcessing">5</Data>
</EventData>
</Event>

<Event xmlns="http://schemas.microsoft.com/win/2004/08/events/event"><System><Provider Name="Microsoft-Windows-GroupPolicy" Guid="{aea1b4fa-97d1-45f2-a64c-4d69fffd92c9}"></Provider>
<EventID Qualifiers="">5340</EventID>
<Version>0</Version>
<Level>4</Level>
<Task>0</Task>
<Opcode>0</Opcode>
<Keywords>0x4000000000000000</Keywords>
<TimeCreated SystemTime="2020-10-27 01:58:54.269997"></TimeCreated>
<EventRecordID>446</EventRecordID>
<Correlation ActivityID="{d79a6053-fcef-4129-b3cc-fa0c942a281d}" RelatedActivityID=""></Correlation>
<Execution ProcessID="1336" ThreadID="3260"></Execution>
<Channel>Microsoft-Windows-GroupPolicy/Operational</Channel>
<Computer>WIN-PTFPHFCRDJ0</Computer>
<Security UserID="S-1-5-18"></Security>
</System>
<EventData><Data Name="PolicyApplicationMode">1</Data>
</EventData>
</Event>

<Event xmlns="http://schemas.microsoft.com/win/2004/08/events/event"><System><Provider Name="Microsoft-Windows-GroupPolicy" Guid="{aea1b4fa-97d1-45f2-a64c-4d69fffd92c9}"></Provider>
<EventID Qualifiers="">5311</EventID>
<Version>0</Version>
<Level>4</Level>
<Task>0</Task>
<Opcode>0</Opcode>
<Keywords>0x4000000000000000</Keywords>
<TimeCreated SystemTime="2020-10-27 01:58:54.375202"></TimeCreated>
<EventRecordID>447</EventRecordID>
<Correlation ActivityID="{d79a6053-fcef-4129-b3cc-fa0c942a281d}" RelatedActivityID=""></Correlation>
<Execution ProcessID="1336" ThreadID="3260"></Execution>
<Channel>Microsoft-Windows-GroupPolicy/Operational</Channel>
<Computer>WIN-PTFPHFCRDJ0</Computer>
<Security UserID="S-1-5-18"></Security>
</System>
<EventData><Data Name="PolicyProcessingMode">0</Data>
</EventData>
</Event>

<Event xmlns="http://schemas.microsoft.com/win/2004/08/events/event"><System><Provider Name="Microsoft-Windows-GroupPolicy" Guid="{aea1b4fa-97d1-45f2-a64c-4d69fffd92c9}"></Provider>
<EventID Qualifiers="">4126</EventID>
<Version>0</Version>
<Level>4</Level>
<Task>0</Task>
<Opcode>0</Opcode>
<Keywords>0x4000000000000000</Keywords>
<TimeCreated SystemTime="2020-10-27 01:58:54.375204"></TimeCreated>
<EventRecordID>448</EventRecordID>
<Correlation ActivityID="{d79a6053-fcef-4129-b3cc-fa0c942a281d}" RelatedActivityID=""></Correlation>
<Execution ProcessID="1336" ThreadID="3260"></Execution>
<Channel>Microsoft-Windows-GroupPolicy/Operational</Channel>
<Computer>WIN-PTFPHFCRDJ0</Computer>
<Security UserID="S-1-5-18"></Security>
</System>
<EventData><Data Name="IsMachine">True</Data>
</EventData>
</Event>

<Event xmlns="http://schemas.microsoft.com/win/2004/08/events/event"><System><Provider Name="Microsoft-Windows-GroupPolicy" Guid="{aea1b4fa-97d1-45f2-a64c-4d69fffd92c9}"></Provider>
<EventID Qualifiers="">5257</EventID>
<Version>0</Version>
<Level>4</Level>
<Task>0</Task>
<Opcode>0</Opcode>
<Keywords>0x4000000000000000</Keywords>
<TimeCreated SystemTime="2020-10-27 01:58:54.375217"></TimeCreated>
<EventRecordID>449</EventRecordID>
<Correlation ActivityID="{d79a6053-fcef-4129-b3cc-fa0c942a281d}" RelatedActivityID=""></Correlation>
<Execution ProcessID="1336" ThreadID="3260"></Execution>
<Channel>Microsoft-Windows-GroupPolicy/Operational</Channel>
<Computer>WIN-PTFPHFCRDJ0</Computer>
<Security UserID="S-1-5-18"></Security>
</System>
<EventData><Data Name="IsMachine">True</Data>
<Data Name="PolicyDownloadTimeElapsedInMilliseconds">79312</Data>
</EventData>
</Event>

<Event xmlns="http://schemas.microsoft.com/win/2004/08/events/event"><System><Provider Name="Microsoft-Windows-GroupPolicy" Guid="{aea1b4fa-97d1-45f2-a64c-4d69fffd92c9}"></Provider>
<EventID Qualifiers="">6338</EventID>
<Version>0</Version>
<Level>4</Level>
<Task>0</Task>
<Opcode>0</Opcode>
<Keywords>0x4000000000000000</Keywords>
<TimeCreated SystemTime="2020-10-27 01:58:54.375347"></TimeCreated>
<EventRecordID>450</EventRecordID>
<Correlation ActivityID="" RelatedActivityID=""></Correlation>
<Execution ProcessID="1336" ThreadID="2764"></Execution>
<Channel>Microsoft-Windows-GroupPolicy/Operational</Channel>
<Computer>WIN-PTFPHFCRDJ0</Computer>
<Security UserID="S-1-5-18"></Security>
</System>
<EventData></EventData>
</Event>

<Event xmlns="http://schemas.microsoft.com/win/2004/08/events/event"><System><Provider Name="Microsoft-Windows-GroupPolicy" Guid="{aea1b4fa-97d1-45f2-a64c-4d69fffd92c9}"></Provider>
<EventID Qualifiers="">5351</EventID>
<Version>0</Version>
<Level>4</Level>
<Task>0</Task>
<Opcode>0</Opcode>
<Keywords>0x4000000000000000</Keywords>
<TimeCreated SystemTime="2020-10-27 01:58:54.375362"></TimeCreated>
<EventRecordID>451</EventRecordID>
<Correlation ActivityID="" RelatedActivityID=""></Correlation>
<Execution ProcessID="1336" ThreadID="2764"></Execution>
<Channel>Microsoft-Windows-GroupPolicy/Operational</Channel>
<Computer>WIN-PTFPHFCRDJ0</Computer>
<Security UserID="S-1-5-18"></Security>
</System>
<EventData><Data Name="IsMachine">True</Data>
<Data Name="WinlogonReturnTimeElapsedInMilliseconds">328</Data>
</EventData>
</Event>

<Event xmlns="http://schemas.microsoft.com/win/2004/08/events/event"><System><Provider Name="Microsoft-Windows-GroupPolicy" Guid="{aea1b4fa-97d1-45f2-a64c-4d69fffd92c9}"></Provider>
<EventID Qualifiers="">5126</EventID>
<Version>0</Version>
<Level>4</Level>
<Task>0</Task>
<Opcode>0</Opcode>
<Keywords>0x4000000000000000</Keywords>
<TimeCreated SystemTime="2020-10-27 01:58:54.412386"></TimeCreated>
<EventRecordID>452</EventRecordID>
<Correlation ActivityID="{d79a6053-fcef-4129-b3cc-fa0c942a281d}" RelatedActivityID=""></Correlation>
<Execution ProcessID="1336" ThreadID="3260"></Execution>
<Channel>Microsoft-Windows-GroupPolicy/Operational</Channel>
<Computer>WIN-PTFPHFCRDJ0</Computer>
<Security UserID="S-1-5-18"></Security>
</System>
<EventData><Data Name="IsMachine">True</Data>
<Data Name="IsBackgroundProcessing">False</Data>
<Data Name="IsAsyncProcessing">False</Data>
<Data Name="NumberOfGPOsDownloaded">0</Data>
<Data Name="NumberOfGPOsApplicable">0</Data>
<Data Name="GPODownloadTimeElapsedInMilliseconds">31</Data>
</EventData>
</Event>

<Event xmlns="http://schemas.microsoft.com/win/2004/08/events/event"><System><Provider Name="Microsoft-Windows-GroupPolicy" Guid="{aea1b4fa-97d1-45f2-a64c-4d69fffd92c9}"></Provider>
<EventID Qualifiers="">5312</EventID>
<Version>0</Version>
<Level>4</Level>
<Task>0</Task>
<Opcode>0</Opcode>
<Keywords>0x4000000000000000</Keywords>
<TimeCreated SystemTime="2020-10-27 01:58:54.412399"></TimeCreated>
<EventRecordID>453</EventRecordID>
<Correlation ActivityID="{d79a6053-fcef-4129-b3cc-fa0c942a281d}" RelatedActivityID=""></Correlation>
<Execution ProcessID="1336" ThreadID="3260"></Execution>
<Channel>Microsoft-Windows-GroupPolicy/Operational</Channel>
<Computer>WIN-PTFPHFCRDJ0</Computer>
<Security UserID="S-1-5-18"></Security>
</System>
<EventData><Data Name="DescriptionString">None</Data>
<Data Name="GPOInfoList"></Data>
</EventData>
</Event>

<Event xmlns="http://schemas.microsoft.com/win/2004/08/events/event"><System><Provider Name="Microsoft-Windows-GroupPolicy" Guid="{aea1b4fa-97d1-45f2-a64c-4d69fffd92c9}"></Provider>
<EventID Qualifiers="">5313</EventID>
<Version>0</Version>
<Level>4</Level>
<Task>0</Task>
<Opcode>0</Opcode>
<Keywords>0x4000000000000000</Keywords>
<TimeCreated SystemTime="2020-10-27 01:58:54.412407"></TimeCreated>
<EventRecordID>454</EventRecordID>
<Correlation ActivityID="{d79a6053-fcef-4129-b3cc-fa0c942a281d}" RelatedActivityID=""></Correlation>
<Execution ProcessID="1336" ThreadID="3260"></Execution>
<Channel>Microsoft-Windows-GroupPolicy/Operational</Channel>
<Computer>WIN-PTFPHFCRDJ0</Computer>
<Security UserID="S-1-5-18"></Security>
</System>
<EventData><Data Name="DescriptionString">Local Group Policy
	Not Applied (Empty)
</Data>
<Data Name="GPOInfoList">&lt;GPO ID="Local Group Policy"&gt;&lt;Name&gt;Local Group Policy&lt;/Name&gt;&lt;Version&gt;0&lt;/Version&gt;&lt;SOM&gt;Local&lt;/SOM&gt;&lt;FSPath&gt;C:\Windows\System32\GroupPolicy\Machine&lt;/FSPath&gt;&lt;Reason&gt;NOTAPPLIED-EMPTY&lt;/Reason&gt;&lt;/GPO&gt;</Data>
</EventData>
</Event>

<Event xmlns="http://schemas.microsoft.com/win/2004/08/events/event"><System><Provider Name="Microsoft-Windows-GroupPolicy" Guid="{aea1b4fa-97d1-45f2-a64c-4d69fffd92c9}"></Provider>
<EventID Qualifiers="">5320</EventID>
<Version>0</Version>
<Level>4</Level>
<Task>0</Task>
<Opcode>0</Opcode>
<Keywords>0x4000000000000000</Keywords>
<TimeCreated SystemTime="2020-10-27 01:58:54.440788"></TimeCreated>
<EventRecordID>455</EventRecordID>
<Correlation ActivityID="{d79a6053-fcef-4129-b3cc-fa0c942a281d}" RelatedActivityID=""></Correlation>
<Execution ProcessID="1336" ThreadID="3260"></Execution>
<Channel>Microsoft-Windows-GroupPolicy/Operational</Channel>
<Computer>WIN-PTFPHFCRDJ0</Computer>
<Security UserID="S-1-5-18"></Security>
</System>
<EventData><Data Name="InfoDescription">%%4161</Data>
</EventData>
</Event>

<Event xmlns="http://schemas.microsoft.com/win/2004/08/events/event"><System><Provider Name="Microsoft-Windows-GroupPolicy" Guid="{aea1b4fa-97d1-45f2-a64c-4d69fffd92c9}"></Provider>
<EventID Qualifiers="">5320</EventID>
<Version>0</Version>
<Level>4</Level>
<Task>0</Task>
<Opcode>0</Opcode>
<Keywords>0x4000000000000000</Keywords>
<TimeCreated SystemTime="2020-10-27 01:58:54.441061"></TimeCreated>
<EventRecordID>456</EventRecordID>
<Correlation ActivityID="{d79a6053-fcef-4129-b3cc-fa0c942a281d}" RelatedActivityID=""></Correlation>
<Execution ProcessID="1336" ThreadID="3260"></Execution>
<Channel>Microsoft-Windows-GroupPolicy/Operational</Channel>
<Computer>WIN-PTFPHFCRDJ0</Computer>
<Security UserID="S-1-5-18"></Security>
</System>
<EventData><Data Name="InfoDescription">%%4163</Data>
</EventData>
</Event>

<Event xmlns="http://schemas.microsoft.com/win/2004/08/events/event"><System><Provider Name="Microsoft-Windows-GroupPolicy" Guid="{aea1b4fa-97d1-45f2-a64c-4d69fffd92c9}"></Provider>
<EventID Qualifiers="">5320</EventID>
<Version>0</Version>
<Level>4</Level>
<Task>0</Task>
<Opcode>0</Opcode>
<Keywords>0x4000000000000000</Keywords>
<TimeCreated SystemTime="2020-10-27 01:58:54.441061"></TimeCreated>
<EventRecordID>457</EventRecordID>
<Correlation ActivityID="{d79a6053-fcef-4129-b3cc-fa0c942a281d}" RelatedActivityID=""></Correlation>
<Execution ProcessID="1336" ThreadID="3260"></Execution>
<Channel>Microsoft-Windows-GroupPolicy/Operational</Channel>
<Computer>WIN-PTFPHFCRDJ0</Computer>
<Security UserID="S-1-5-18"></Security>
</System>
<EventData><Data Name="InfoDescription">%%4165</Data>
</EventData>
</Event>

<Event xmlns="http://schemas.microsoft.com/win/2004/08/events/event"><System><Provider Name="Microsoft-Windows-GroupPolicy" Guid="{aea1b4fa-97d1-45f2-a64c-4d69fffd92c9}"></Provider>
<EventID Qualifiers="">8000</EventID>
<Version>1</Version>
<Level>4</Level>
<Task>0</Task>
<Opcode>2</Opcode>
<Keywords>0x4000000000000000</Keywords>
<TimeCreated SystemTime="2020-10-27 01:58:54.717617"></TimeCreated>
<EventRecordID>458</EventRecordID>
<Correlation ActivityID="{d79a6053-fcef-4129-b3cc-fa0c942a281d}" RelatedActivityID=""></Correlation>
<Execution ProcessID="1336" ThreadID="3260"></Execution>
<Channel>Microsoft-Windows-GroupPolicy/Operational</Channel>
<Computer>WIN-PTFPHFCRDJ0</Computer>
<Security UserID="S-1-5-18"></Security>
</System>
<EventData><Data Name="PolicyElaspedTimeInSeconds">0</Data>
<Data Name="ErrorCode">0</Data>
<Data Name="PrincipalSamName">WORKGROUP\WIN-PTFPHFCRDJ0$</Data>
<Data Name="IsMachine">1</Data>
<Data Name="IsConnectivityFailure">False</Data>
</EventData>
</Event>

<Event xmlns="http://schemas.microsoft.com/win/2004/08/events/event"><System><Provider Name="Microsoft-Windows-GroupPolicy" Guid="{aea1b4fa-97d1-45f2-a64c-4d69fffd92c9}"></Provider>
<EventID Qualifiers="">5117</EventID>
<Version>0</Version>
<Level>4</Level>
<Task>0</Task>
<Opcode>0</Opcode>
<Keywords>0x4000000000000000</Keywords>
<TimeCreated SystemTime="2020-10-27 01:58:54.717770"></TimeCreated>
<EventRecordID>459</EventRecordID>
<Correlation ActivityID="{d79a6053-fcef-4129-b3cc-fa0c942a281d}" RelatedActivityID=""></Correlation>
<Execution ProcessID="1336" ThreadID="3260"></Execution>
<Channel>Microsoft-Windows-GroupPolicy/Operational</Channel>
<Computer>WIN-PTFPHFCRDJ0</Computer>
<Security UserID="S-1-5-18"></Security>
</System>
<EventData><Data Name="IsMachine">True</Data>
<Data Name="SessionTimeElapsedInMilliseconds">656</Data>
</EventData>
</Event>

<Event xmlns="http://schemas.microsoft.com/win/2004/08/events/event"><System><Provider Name="Microsoft-Windows-GroupPolicy" Guid="{aea1b4fa-97d1-45f2-a64c-4d69fffd92c9}"></Provider>
<EventID Qualifiers="">5324</EventID>
<Version>0</Version>
<Level>4</Level>
<Task>0</Task>
<Opcode>0</Opcode>
<Keywords>0x4000000000000000</Keywords>
<TimeCreated SystemTime="2020-10-27 02:08:10.112635"></TimeCreated>
<EventRecordID>460</EventRecordID>
<Correlation ActivityID="" RelatedActivityID=""></Correlation>
<Execution ProcessID="1336" ThreadID="2752"></Execution>
<Channel>Microsoft-Windows-GroupPolicy/Operational</Channel>
<Computer>WIN-PTFPHFCRDJ0</Computer>
<Security UserID="S-1-5-18"></Security>
</System>
<EventData><Data Name="NotificationType">1</Data>
<Data Name="SessionId">1</Data>
</EventData>
</Event>

