<Event xmlns="http://schemas.microsoft.com/win/2004/08/events/event"><System><Provider Name="Microsoft-Windows-Winlogon" Guid="{dbe9b383-7cf3-4331-91cc-a3cb16a3b538}"></Provider>
<EventID Qualifiers="">811</EventID>
<Version>0</Version>
<Level>4</Level>
<Task>811</Task>
<Opcode>1</Opcode>
<Keywords>0x4000000000010000</Keywords>
<TimeCreated SystemTime="2020-10-27 02:08:10.132309"></TimeCreated>
<EventRecordID>477</EventRecordID>
<Correlation ActivityID="{86432a0b-3c7d-4ddf-a89c-172faa90485d}" RelatedActivityID=""></Correlation>
<Execution ProcessID="752" ThreadID="604"></Execution>
<Channel>Microsoft-Windows-Winlogon/Operational</Channel>
<Computer>WIN-PTFPHFCRDJ0</Computer>
<Security UserID="S-1-5-21-1152959844-3645458174-3779170896-1000"></Security>
</System>
<EventData><Data Name="Event">2</Data>
<Data Name="SubscriberName">TermSrv</Data>
</EventData>
</Event>

<Event xmlns="http://schemas.microsoft.com/win/2004/08/events/event"><System><Provider Name="Microsoft-Windows-Winlogon" Guid="{dbe9b383-7cf3-4331-91cc-a3cb16a3b538}"></Provider>
<EventID Qualifiers="">812</EventID>
<Version>0</Version>
<Level>4</Level>
<Task>811</Task>
<Opcode>2</Opcode>
<Keywords>0x4000000000010000</Keywords>
<TimeCreated SystemTime="2020-10-27 02:08:13.038153"></TimeCreated>
<EventRecordID>478</EventRecordID>
<Correlation ActivityID="{86432a0b-3c7d-4ddf-a89c-172faa90485d}" RelatedActivityID=""></Correlation>
<Execution ProcessID="752" ThreadID="604"></Execution>
<Channel>Microsoft-Windows-Winlogon/Operational</Channel>
<Computer>WIN-PTFPHFCRDJ0</Computer>
<Security UserID="S-1-5-21-1152959844-3645458174-3779170896-1000"></Security>
</System>
<EventData><Data Name="Event">2</Data>
<Data Name="SubscriberName">TermSrv</Data>
</EventData>
</Event>

<Event xmlns="http://schemas.microsoft.com/win/2004/08/events/event"><System><Provider Name="Microsoft-Windows-Winlogon" Guid="{dbe9b383-7cf3-4331-91cc-a3cb16a3b538}"></Provider>
<EventID Qualifiers="">811</EventID>
<Version>0</Version>
<Level>4</Level>
<Task>811</Task>
<Opcode>1</Opcode>
<Keywords>0x4000000000010000</Keywords>
<TimeCreated SystemTime="2020-10-27 02:08:13.041428"></TimeCreated>
<EventRecordID>479</EventRecordID>
<Correlation ActivityID="{86432a0b-3c7d-4ddf-a89c-172faa90485d}" RelatedActivityID=""></Correlation>
<Execution ProcessID="752" ThreadID="604"></Execution>
<Channel>Microsoft-Windows-Winlogon/Operational</Channel>
<Computer>WIN-PTFPHFCRDJ0</Computer>
<Security UserID="S-1-5-21-1152959844-3645458174-3779170896-1000"></Security>
</System>
<EventData><Data Name="Event">2</Data>
<Data Name="SubscriberName">Sens</Data>
</EventData>
</Event>

<Event xmlns="http://schemas.microsoft.com/win/2004/08/events/event"><System><Provider Name="Microsoft-Windows-Winlogon" Guid="{dbe9b383-7cf3-4331-91cc-a3cb16a3b538}"></Provider>
<EventID Qualifiers="">812</EventID>
<Version>0</Version>
<Level>4</Level>
<Task>811</Task>
<Opcode>2</Opcode>
<Keywords>0x4000000000010000</Keywords>
<TimeCreated SystemTime="2020-10-27 02:08:13.043032"></TimeCreated>
<EventRecordID>480</EventRecordID>
<Correlation ActivityID="{86432a0b-3c7d-4ddf-a89c-172faa90485d}" RelatedActivityID=""></Correlation>
<Execution ProcessID="752" ThreadID="604"></Execution>
<Channel>Microsoft-Windows-Winlogon/Operational</Channel>
<Computer>WIN-PTFPHFCRDJ0</Computer>
<Security UserID="S-1-5-21-1152959844-3645458174-3779170896-1000"></Security>
</System>
<EventData><Data Name="Event">2</Data>
<Data Name="SubscriberName">Sens</Data>
</EventData>
</Event>

<Event xmlns="http://schemas.microsoft.com/win/2004/08/events/event"><System><Provider Name="Microsoft-Windows-Winlogon" Guid="{dbe9b383-7cf3-4331-91cc-a3cb16a3b538}"></Provider>
<EventID Qualifiers="">811</EventID>
<Version>0</Version>
<Level>4</Level>
<Task>811</Task>
<Opcode>1</Opcode>
<Keywords>0x4000000000010000</Keywords>
<TimeCreated SystemTime="2020-10-27 02:08:18.346395"></TimeCreated>
<EventRecordID>481</EventRecordID>
<Correlation ActivityID="" RelatedActivityID=""></Correlation>
<Execution ProcessID="752" ThreadID="604"></Execution>
<Channel>Microsoft-Windows-Winlogon/Operational</Channel>
<Computer>WIN-PTFPHFCRDJ0</Computer>
<Security UserID="S-1-5-21-1152959844-3645458174-3779170896-1000"></Security>
</System>
<EventData><Data Name="Event">12</Data>
<Data Name="SubscriberName">SessionEnv</Data>
</EventData>
</Event>

<Event xmlns="http://schemas.microsoft.com/win/2004/08/events/event"><System><Provider Name="Microsoft-Windows-Winlogon" Guid="{dbe9b383-7cf3-4331-91cc-a3cb16a3b538}"></Provider>
<EventID Qualifiers="">812</EventID>
<Version>0</Version>
<Level>4</Level>
<Task>811</Task>
<Opcode>2</Opcode>
<Keywords>0x4000000000010000</Keywords>
<TimeCreated SystemTime="2020-10-27 02:08:18.772341"></TimeCreated>
<EventRecordID>482</EventRecordID>
<Correlation ActivityID="" RelatedActivityID=""></Correlation>
<Execution ProcessID="752" ThreadID="604"></Execution>
<Channel>Microsoft-Windows-Winlogon/Operational</Channel>
<Computer>WIN-PTFPHFCRDJ0</Computer>
<Security UserID="S-1-5-21-1152959844-3645458174-3779170896-1000"></Security>
</System>
<EventData><Data Name="Event">12</Data>
<Data Name="SubscriberName">SessionEnv</Data>
</EventData>
</Event>

<Event xmlns="http://schemas.microsoft.com/win/2004/08/events/event"><System><Provider Name="Microsoft-Windows-Winlogon" Guid="{dbe9b383-7cf3-4331-91cc-a3cb16a3b538}"></Provider>
<EventID Qualifiers="">811</EventID>
<Version>0</Version>
<Level>4</Level>
<Task>811</Task>
<Opcode>1</Opcode>
<Keywords>0x4000000000010000</Keywords>
<TimeCreated SystemTime="2020-10-27 02:08:18.772669"></TimeCreated>
<EventRecordID>483</EventRecordID>
<Correlation ActivityID="" RelatedActivityID=""></Correlation>
<Execution ProcessID="752" ThreadID="604"></Execution>
<Channel>Microsoft-Windows-Winlogon/Operational</Channel>
<Computer>WIN-PTFPHFCRDJ0</Computer>
<Security UserID="S-1-5-21-1152959844-3645458174-3779170896-1000"></Security>
</System>
<EventData><Data Name="Event">12</Data>
<Data Name="SubscriberName">GPClient</Data>
</EventData>
</Event>

<Event xmlns="http://schemas.microsoft.com/win/2004/08/events/event"><System><Provider Name="Microsoft-Windows-Winlogon" Guid="{dbe9b383-7cf3-4331-91cc-a3cb16a3b538}"></Provider>
<EventID Qualifiers="">812</EventID>
<Version>0</Version>
<Level>4</Level>
<Task>811</Task>
<Opcode>2</Opcode>
<Keywords>0x4000000000010000</Keywords>
<TimeCreated SystemTime="2020-10-27 02:08:18.772970"></TimeCreated>
<EventRecordID>484</EventRecordID>
<Correlation ActivityID="" RelatedActivityID=""></Correlation>
<Execution ProcessID="752" ThreadID="604"></Execution>
<Channel>Microsoft-Windows-Winlogon/Operational</Channel>
<Computer>WIN-PTFPHFCRDJ0</Computer>
<Security UserID="S-1-5-21-1152959844-3645458174-3779170896-1000"></Security>
</System>
<EventData><Data Name="Event">12</Data>
<Data Name="SubscriberName">GPClient</Data>
</EventData>
</Event>

<Event xmlns="http://schemas.microsoft.com/win/2004/08/events/event"><System><Provider Name="Microsoft-Windows-Winlogon" Guid="{dbe9b383-7cf3-4331-91cc-a3cb16a3b538}"></Provider>
<EventID Qualifiers="">811</EventID>
<Version>0</Version>
<Level>4</Level>
<Task>811</Task>
<Opcode>1</Opcode>
<Keywords>0x4000000000010000</Keywords>
<TimeCreated SystemTime="2020-10-27 02:08:18.772978"></TimeCreated>
<EventRecordID>485</EventRecordID>
<Correlation ActivityID="" RelatedActivityID=""></Correlation>
<Execution ProcessID="752" ThreadID="604"></Execution>
<Channel>Microsoft-Windows-Winlogon/Operational</Channel>
<Computer>WIN-PTFPHFCRDJ0</Computer>
<Security UserID="S-1-5-21-1152959844-3645458174-3779170896-1000"></Security>
</System>
<EventData><Data Name="Event">12</Data>
<Data Name="SubscriberName">Sens</Data>
</EventData>
</Event>

<Event xmlns="http://schemas.microsoft.com/win/2004/08/events/event"><System><Provider Name="Microsoft-Windows-Winlogon" Guid="{dbe9b383-7cf3-4331-91cc-a3cb16a3b538}"></Provider>
<EventID Qualifiers="">812</EventID>
<Version>0</Version>
<Level>4</Level>
<Task>811</Task>
<Opcode>2</Opcode>
<Keywords>0x4000000000010000</Keywords>
<TimeCreated SystemTime="2020-10-27 02:08:18.774134"></TimeCreated>
<EventRecordID>486</EventRecordID>
<Correlation ActivityID="" RelatedActivityID=""></Correlation>
<Execution ProcessID="752" ThreadID="604"></Execution>
<Channel>Microsoft-Windows-Winlogon/Operational</Channel>
<Computer>WIN-PTFPHFCRDJ0</Computer>
<Security UserID="S-1-5-21-1152959844-3645458174-3779170896-1000"></Security>
</System>
<EventData><Data Name="Event">12</Data>
<Data Name="SubscriberName">Sens</Data>
</EventData>
</Event>

<Event xmlns="http://schemas.microsoft.com/win/2004/08/events/event"><System><Provider Name="Microsoft-Windows-Winlogon" Guid="{dbe9b383-7cf3-4331-91cc-a3cb16a3b538}"></Provider>
<EventID Qualifiers="">811</EventID>
<Version>0</Version>
<Level>4</Level>
<Task>811</Task>
<Opcode>1</Opcode>
<Keywords>0x4000000000010000</Keywords>
<TimeCreated SystemTime="2020-10-27 02:08:18.774141"></TimeCreated>
<EventRecordID>487</EventRecordID>
<Correlation ActivityID="" RelatedActivityID=""></Correlation>
<Execution ProcessID="752" ThreadID="604"></Execution>
<Channel>Microsoft-Windows-Winlogon/Operational</Channel>
<Computer>WIN-PTFPHFCRDJ0</Computer>
<Security UserID="S-1-5-21-1152959844-3645458174-3779170896-1000"></Security>
</System>
<EventData><Data Name="Event">12</Data>
<Data Name="SubscriberName">TermSrv</Data>
</EventData>
</Event>

<Event xmlns="http://schemas.microsoft.com/win/2004/08/events/event"><System><Provider Name="Microsoft-Windows-Winlogon" Guid="{dbe9b383-7cf3-4331-91cc-a3cb16a3b538}"></Provider>
<EventID Qualifiers="">812</EventID>
<Version>0</Version>
<Level>4</Level>
<Task>811</Task>
<Opcode>2</Opcode>
<Keywords>0x4000000000010000</Keywords>
<TimeCreated SystemTime="2020-10-27 02:08:18.775106"></TimeCreated>
<EventRecordID>488</EventRecordID>
<Correlation ActivityID="" RelatedActivityID=""></Correlation>
<Execution ProcessID="752" ThreadID="604"></Execution>
<Channel>Microsoft-Windows-Winlogon/Operational</Channel>
<Computer>WIN-PTFPHFCRDJ0</Computer>
<Security UserID="S-1-5-21-1152959844-3645458174-3779170896-1000"></Security>
</System>
<EventData><Data Name="Event">12</Data>
<Data Name="SubscriberName">TermSrv</Data>
</EventData>
</Event>

</Events>
