<?xml version="1.1" encoding="utf-8" standalone="yes" ?>

<Events>
<Event xmlns="http://schemas.microsoft.com/win/2004/08/events/event"><System><Provider Name="Microsoft-Windows-ServerManager-ManagementProvider" Guid="{c2e6d0d9-5df8-4c77-a82b-c96c84579543}"></Provider>
<EventID Qualifiers="">1</EventID>
<Version>0</Version>
<Level>4</Level>
<Task>1</Task>
<Opcode>1</Opcode>
<Keywords>0x8000000000000000</Keywords>
<TimeCreated SystemTime="2020-10-22 20:54:25.271915"></TimeCreated>
<EventRecordID>1</EventRecordID>
<Correlation ActivityID="" RelatedActivityID=""></Correlation>
<Execution ProcessID="3268" ThreadID="3300"></Execution>
<Channel>Microsoft-Windows-ServerManager-MgmtProvider/Operational</Channel>
<Computer>WIN-PTFPHFCRDJ0</Computer>
<Security UserID="S-1-5-20"></Security>
</System>
<EventData></EventData>
</Event>

<Event xmlns="http://schemas.microsoft.com/win/2004/08/events/event"><System><Provider Name="Microsoft-Windows-ServerManager-ManagementProvider" Guid="{c2e6d0d9-5df8-4c77-a82b-c96c84579543}"></Provider>
<EventID Qualifiers="">41</EventID>
<Version>0</Version>
<Level>4</Level>
<Task>13</Task>
<Opcode>0</Opcode>
<Keywords>0x8000000000000000</Keywords>
<TimeCreated SystemTime="2020-10-22 20:54:25.285774"></TimeCreated>
<EventRecordID>2</EventRecordID>
<Correlation ActivityID="{25a26793-e172-4d9b-8abb-91a2f9c09ac2}" RelatedActivityID=""></Correlation>
<Execution ProcessID="3268" ThreadID="3300"></Execution>
<Channel>Microsoft-Windows-ServerManager-MgmtProvider/Operational</Channel>
<Computer>WIN-PTFPHFCRDJ0</Computer>
<Security UserID="S-1-5-21-1152959844-3645458174-3779170896-1000"></Security>
</System>
<EventData></EventData>
</Event>

<Event xmlns="http://schemas.microsoft.com/win/2004/08/events/event"><System><Provider Name="Microsoft-Windows-ServerManager-ManagementProvider" Guid="{c2e6d0d9-5df8-4c77-a82b-c96c84579543}"></Provider>
<EventID Qualifiers="">45</EventID>
<Version>0</Version>
<Level>3</Level>
<Task>13</Task>
<Opcode>0</Opcode>
<Keywords>0x8000000000000000</Keywords>
<TimeCreated SystemTime="2020-10-22 20:54:35.348886"></TimeCreated>
<EventRecordID>3</EventRecordID>
<Correlation ActivityID="{25a26793-e172-4d9b-8abb-91a2f9c09ac2}" RelatedActivityID=""></Correlation>
<Execution ProcessID="3268" ThreadID="3300"></Execution>
<Channel>Microsoft-Windows-ServerManager-MgmtProvider/Operational</Channel>
<Computer>WIN-PTFPHFCRDJ0</Computer>
<Security UserID="S-1-5-21-1152959844-3645458174-3779170896-1000"></Security>
</System>
<EventData><Data Name="Name">Microsoft-Windows-SPB-HIDI2C/Analytic</Data>
<Data Name="hResult">0x8007065b</Data>
<Data Name="hLastError">0x80070002</Data>
</EventData>
</Event>

<Event xmlns="http://schemas.microsoft.com/win/2004/08/events/event"><System><Provider Name="Microsoft-Windows-ServerManager-ManagementProvider" Guid="{c2e6d0d9-5df8-4c77-a82b-c96c84579543}"></Provider>
<EventID Qualifiers="">45</EventID>
<Version>0</Version>
<Level>3</Level>
<Task>13</Task>
<Opcode>0</Opcode>
<Keywords>0x8000000000000000</Keywords>
<TimeCreated SystemTime="2020-10-22 20:54:35.522154"></TimeCreated>
<EventRecordID>4</EventRecordID>
<Correlation ActivityID="{25a26793-e172-4d9b-8abb-91a2f9c09ac2}" RelatedActivityID=""></Correlation>
<Execution ProcessID="3268" ThreadID="3300"></Execution>
<Channel>Microsoft-Windows-ServerManager-MgmtProvider/Operational</Channel>
<Computer>WIN-PTFPHFCRDJ0</Computer>
<Security UserID="S-1-5-21-1152959844-3645458174-3779170896-1000"></Security>
</System>
<EventData><Data Name="Name">Microsoft-Windows-SystemSettingsThreshold/Debug</Data>
<Data Name="hResult">0x8007065b</Data>
<Data Name="hLastError">0x80070002</Data>
</EventData>
</Event>

<Event xmlns="http://schemas.microsoft.com/win/2004/08/events/event"><System><Provider Name="Microsoft-Windows-ServerManager-ManagementProvider" Guid="{c2e6d0d9-5df8-4c77-a82b-c96c84579543}"></Provider>
<EventID Qualifiers="">45</EventID>
<Version>0</Version>
<Level>3</Level>
<Task>13</Task>
<Opcode>0</Opcode>
<Keywords>0x8000000000000000</Keywords>
<TimeCreated SystemTime="2020-10-22 20:54:35.522657"></TimeCreated>
<EventRecordID>5</EventRecordID>
<Correlation ActivityID="{25a26793-e172-4d9b-8abb-91a2f9c09ac2}" RelatedActivityID=""></Correlation>
<Execution ProcessID="3268" ThreadID="3300"></Execution>
<Channel>Microsoft-Windows-ServerManager-MgmtProvider/Operational</Channel>
<Computer>WIN-PTFPHFCRDJ0</Computer>
<Security UserID="S-1-5-21-1152959844-3645458174-3779170896-1000"></Security>
</System>
<EventData><Data Name="Name">Microsoft-Windows-SystemSettingsThreshold/Diagnostic</Data>
<Data Name="hResult">0x8007065b</Data>
<Data Name="hLastError">0x80070002</Data>
</EventData>
</Event>

<Event xmlns="http://schemas.microsoft.com/win/2004/08/events/event"><System><Provider Name="Microsoft-Windows-ServerManager-ManagementProvider" Guid="{c2e6d0d9-5df8-4c77-a82b-c96c84579543}"></Provider>
<EventID Qualifiers="">45</EventID>
<Version>0</Version>
<Level>3</Level>
<Task>13</Task>
<Opcode>0</Opcode>
<Keywords>0x8000000000000000</Keywords>
<TimeCreated SystemTime="2020-10-22 20:54:35.523069"></TimeCreated>
<EventRecordID>6</EventRecordID>
<Correlation ActivityID="{25a26793-e172-4d9b-8abb-91a2f9c09ac2}" RelatedActivityID=""></Correlation>
<Execution ProcessID="3268" ThreadID="3300"></Execution>
<Channel>Microsoft-Windows-ServerManager-MgmtProvider/Operational</Channel>
<Computer>WIN-PTFPHFCRDJ0</Computer>
<Security UserID="S-1-5-21-1152959844-3645458174-3779170896-1000"></Security>
</System>
<EventData><Data Name="Name">Microsoft-Windows-SystemSettingsThreshold/Operational</Data>
<Data Name="hResult">0x8007065b</Data>
<Data Name="hLastError">0x80070002</Data>
</EventData>
</Event>

<Event xmlns="http://schemas.microsoft.com/win/2004/08/events/event"><System><Provider Name="Microsoft-Windows-ServerManager-ManagementProvider" Guid="{c2e6d0d9-5df8-4c77-a82b-c96c84579543}"></Provider>
<EventID Qualifiers="">45</EventID>
<Version>0</Version>
<Level>3</Level>
<Task>13</Task>
<Opcode>0</Opcode>
<Keywords>0x8000000000000000</Keywords>
<TimeCreated SystemTime="2020-10-22 20:54:36.094982"></TimeCreated>
<EventRecordID>7</EventRecordID>
<Correlation ActivityID="{25a26793-e172-4d9b-8abb-91a2f9c09ac2}" RelatedActivityID=""></Correlation>
<Execution ProcessID="3268" ThreadID="3300"></Execution>
<Channel>Microsoft-Windows-ServerManager-MgmtProvider/Operational</Channel>
<Computer>WIN-PTFPHFCRDJ0</Computer>
<Security UserID="S-1-5-21-1152959844-3645458174-3779170896-1000"></Security>
</System>
<EventData><Data Name="Name">NIS-Driver-WFP/Diagnostic</Data>
<Data Name="hResult">0x8007065b</Data>
<Data Name="hLastError">0x80070715</Data>
</EventData>
</Event>

<Event xmlns="http://schemas.microsoft.com/win/2004/08/events/event"><System><Provider Name="Microsoft-Windows-ServerManager-ManagementProvider" Guid="{c2e6d0d9-5df8-4c77-a82b-c96c84579543}"></Provider>
<EventID Qualifiers="">42</EventID>
<Version>0</Version>
<Level>4</Level>
<Task>13</Task>
<Opcode>0</Opcode>
<Keywords>0x8000000000000000</Keywords>
<TimeCreated SystemTime="2020-10-22 20:54:36.605904"></TimeCreated>
<EventRecordID>8</EventRecordID>
<Correlation ActivityID="{25a26793-e172-4d9b-8abb-91a2f9c09ac2}" RelatedActivityID=""></Correlation>
<Execution ProcessID="3268" ThreadID="3300"></Execution>
<Channel>Microsoft-Windows-ServerManager-MgmtProvider/Operational</Channel>
<Computer>WIN-PTFPHFCRDJ0</Computer>
<Security UserID="S-1-5-21-1152959844-3645458174-3779170896-1000"></Security>
</System>
<EventData></EventData>
</Event>

<Event xmlns="http://schemas.microsoft.com/win/2004/08/events/event"><System><Provider Name="Microsoft-Windows-ServerManager-ManagementProvider" Guid="{c2e6d0d9-5df8-4c77-a82b-c96c84579543}"></Provider>
<EventID Qualifiers="">69</EventID>
<Version>0</Version>
<Level>4</Level>
<Task>18</Task>
<Opcode>0</Opcode>
<Keywords>0x8000000000000000</Keywords>
<TimeCreated SystemTime="2020-10-22 20:54:36.746059"></TimeCreated>
<EventRecordID>9</EventRecordID>
<Correlation ActivityID="{ecbc925e-8741-4e0e-b8c2-6eba82b3072e}" RelatedActivityID=""></Correlation>
<Execution ProcessID="3268" ThreadID="3300"></Execution>
<Channel>Microsoft-Windows-ServerManager-MgmtProvider/Operational</Channel>
<Computer>WIN-PTFPHFCRDJ0</Computer>
<Security UserID="S-1-5-21-1152959844-3645458174-3779170896-1000"></Security>
</System>
<EventData><Data Name="uValue">0</Data>
</EventData>
</Event>

<Event xmlns="http://schemas.microsoft.com/win/2004/08/events/event"><System><Provider Name="Microsoft-Windows-ServerManager-ManagementProvider" Guid="{c2e6d0d9-5df8-4c77-a82b-c96c84579543}"></Provider>
<EventID Qualifiers="">47</EventID>
<Version>0</Version>
<Level>4</Level>
<Task>14</Task>
<Opcode>0</Opcode>
<Keywords>0x8000000000000000</Keywords>
<TimeCreated SystemTime="2020-10-22 20:54:36.753674"></TimeCreated>
<EventRecordID>10</EventRecordID>
<Correlation ActivityID="{bd09d741-ca58-4cfd-af27-9f53af9f8d6a}" RelatedActivityID=""></Correlation>
<Execution ProcessID="3268" ThreadID="6220"></Execution>
<Channel>Microsoft-Windows-ServerManager-MgmtProvider/Operational</Channel>
<Computer>WIN-PTFPHFCRDJ0</Computer>
<Security UserID="S-1-5-21-1152959844-3645458174-3779170896-1000"></Security>
</System>
<EventData><Data Name="uValue">2</Data>
</EventData>
</Event>

<Event xmlns="http://schemas.microsoft.com/win/2004/08/events/event"><System><Provider Name="Microsoft-Windows-ServerManager-ManagementProvider" Guid="{c2e6d0d9-5df8-4c77-a82b-c96c84579543}"></Provider>
<EventID Qualifiers="">14</EventID>
<Version>0</Version>
<Level>4</Level>
<Task>6</Task>
<Opcode>1</Opcode>
<Keywords>0x8000000000000000</Keywords>
<TimeCreated SystemTime="2020-10-22 20:54:36.756502"></TimeCreated>
<EventRecordID>11</EventRecordID>
<Correlation ActivityID="{e6c7d12b-cb75-4e13-b60c-84dd69ef4c21}" RelatedActivityID=""></Correlation>
<Execution ProcessID="3268" ThreadID="3304"></Execution>
<Channel>Microsoft-Windows-ServerManager-MgmtProvider/Operational</Channel>
<Computer>WIN-PTFPHFCRDJ0</Computer>
<Security UserID="S-1-5-21-1152959844-3645458174-3779170896-1000"></Security>
</System>
<EventData></EventData>
</Event>

<Event xmlns="http://schemas.microsoft.com/win/2004/08/events/event"><System><Provider Name="Microsoft-Windows-ServerManager-ManagementProvider" Guid="{c2e6d0d9-5df8-4c77-a82b-c96c84579543}"></Provider>
<EventID Qualifiers="">15</EventID>
<Version>0</Version>
<Level>4</Level>
<Task>6</Task>
<Opcode>2</Opcode>
<Keywords>0x8000000000000000</Keywords>
<TimeCreated SystemTime="2020-10-22 20:54:36.981262"></TimeCreated>
<EventRecordID>12</EventRecordID>
<Correlation ActivityID="{e6c7d12b-cb75-4e13-b60c-84dd69ef4c21}" RelatedActivityID=""></Correlation>
<Execution ProcessID="3268" ThreadID="3304"></Execution>
<Channel>Microsoft-Windows-ServerManager-MgmtProvider/Operational</Channel>
<Computer>WIN-PTFPHFCRDJ0</Computer>
<Security UserID="S-1-5-21-1152959844-3645458174-3779170896-1000"></Security>
</System>
<EventData></EventData>
</Event>

<Event xmlns="http://schemas.microsoft.com/win/2004/08/events/event"><System><Provider Name="Microsoft-Windows-ServerManager-ManagementProvider" Guid="{c2e6d0d9-5df8-4c77-a82b-c96c84579543}"></Provider>
<EventID Qualifiers="">70</EventID>
<Version>0</Version>
<Level>4</Level>
<Task>18</Task>
<Opcode>0</Opcode>
<Keywords>0x8000000000000000</Keywords>
<TimeCreated SystemTime="2020-10-22 20:54:37.010080"></TimeCreated>
<EventRecordID>13</EventRecordID>
<Correlation ActivityID="{ecbc925e-8741-4e0e-b8c2-6eba82b3072e}" RelatedActivityID=""></Correlation>
<Execution ProcessID="3268" ThreadID="3300"></Execution>
<Channel>Microsoft-Windows-ServerManager-MgmtProvider/Operational</Channel>
<Computer>WIN-PTFPHFCRDJ0</Computer>
<Security UserID="S-1-5-21-1152959844-3645458174-3779170896-1000"></Security>
</System>
<EventData><Data Name="uValue">0</Data>
</EventData>
</Event>

<Event xmlns="http://schemas.microsoft.com/win/2004/08/events/event"><System><Provider Name="Microsoft-Windows-ServerManager-ManagementProvider" Guid="{c2e6d0d9-5df8-4c77-a82b-c96c84579543}"></Provider>
<EventID Qualifiers="">48</EventID>
<Version>0</Version>
<Level>4</Level>
<Task>14</Task>
<Opcode>0</Opcode>
<Keywords>0x8000000000000000</Keywords>
<TimeCreated SystemTime="2020-10-22 20:54:38.057692"></TimeCreated>
<EventRecordID>14</EventRecordID>
<Correlation ActivityID="{bd09d741-ca58-4cfd-af27-9f53af9f8d6a}" RelatedActivityID=""></Correlation>
<Execution ProcessID="3268" ThreadID="6220"></Execution>
<Channel>Microsoft-Windows-ServerManager-MgmtProvider/Operational</Channel>
<Computer>WIN-PTFPHFCRDJ0</Computer>
<Security UserID="S-1-5-21-1152959844-3645458174-3779170896-1000"></Security>
</System>
<EventData><Data Name="uValue">13</Data>
</EventData>
</Event>

<Event xmlns="http://schemas.microsoft.com/win/2004/08/events/event"><System><Provider Name="Microsoft-Windows-ServerManager-ManagementProvider" Guid="{c2e6d0d9-5df8-4c77-a82b-c96c84579543}"></Provider>
<EventID Qualifiers="">52</EventID>
<Version>0</Version>
<Level>4</Level>
<Task>15</Task>
<Opcode>0</Opcode>
<Keywords>0x8000000000000000</Keywords>
<TimeCreated SystemTime="2020-10-22 20:54:38.653507"></TimeCreated>
<EventRecordID>15</EventRecordID>
<Correlation ActivityID="{d473aad2-2bc4-42dd-aee6-c4a965c0cddf}" RelatedActivityID=""></Correlation>
<Execution ProcessID="3268" ThreadID="6220"></Execution>
<Channel>Microsoft-Windows-ServerManager-MgmtProvider/Operational</Channel>
<Computer>WIN-PTFPHFCRDJ0</Computer>
<Security UserID="S-1-5-21-1152959844-3645458174-3779170896-1000"></Security>
</System>
<EventData><Data Name="uValue">4</Data>
</EventData>
</Event>

<Event xmlns="http://schemas.microsoft.com/win/2004/08/events/event"><System><Provider Name="Microsoft-Windows-ServerManager-ManagementProvider" Guid="{c2e6d0d9-5df8-4c77-a82b-c96c84579543}"></Provider>
<EventID Qualifiers="">53</EventID>
<Version>0</Version>
<Level>4</Level>
<Task>15</Task>
<Opcode>0</Opcode>
<Keywords>0x8000000000000000</Keywords>
<TimeCreated SystemTime="2020-10-22 20:54:38.854940"></TimeCreated>
<EventRecordID>16</EventRecordID>
<Correlation ActivityID="{d473aad2-2bc4-42dd-aee6-c4a965c0cddf}" RelatedActivityID=""></Correlation>
<Execution ProcessID="3268" ThreadID="6220"></Execution>
<Channel>Microsoft-Windows-ServerManager-MgmtProvider/Operational</Channel>
<Computer>WIN-PTFPHFCRDJ0</Computer>
<Security UserID="S-1-5-21-1152959844-3645458174-3779170896-1000"></Security>
</System>
<EventData><Data Name="uValue">10</Data>
</EventData>
</Event>

<Event xmlns="http://schemas.microsoft.com/win/2004/08/events/event"><System><Provider Name="Microsoft-Windows-ServerManager-ManagementProvider" Guid="{c2e6d0d9-5df8-4c77-a82b-c96c84579543}"></Provider>
<EventID Qualifiers="">62</EventID>
<Version>0</Version>
<Level>4</Level>
<Task>16</Task>
<Opcode>0</Opcode>
<Keywords>0x8000000000000000</Keywords>
<TimeCreated SystemTime="2020-10-22 20:54:39.730837"></TimeCreated>
<EventRecordID>17</EventRecordID>
<Correlation ActivityID="{8385fac4-8227-4549-80c6-3f2c43ab8d27}" RelatedActivityID=""></Correlation>
<Execution ProcessID="3268" ThreadID="6220"></Execution>
<Channel>Microsoft-Windows-ServerManager-MgmtProvider/Operational</Channel>
<Computer>WIN-PTFPHFCRDJ0</Computer>
<Security UserID="S-1-5-21-1152959844-3645458174-3779170896-1000"></Security>
</System>
<EventData><Data Name="TotalXPaths">4</Data>
</EventData>
</Event>

<Event xmlns="http://schemas.microsoft.com/win/2004/08/events/event"><System><Provider Name="Microsoft-Windows-ServerManager-ManagementProvider" Guid="{c2e6d0d9-5df8-4c77-a82b-c96c84579543}"></Provider>
<EventID Qualifiers="">85</EventID>
<Version>0</Version>
<Level>3</Level>
<Task>16</Task>
<Opcode>0</Opcode>
<Keywords>0x8000000000000000</Keywords>
<TimeCreated SystemTime="2020-10-22 20:54:39.731428"></TimeCreated>
<EventRecordID>18</EventRecordID>
<Correlation ActivityID="{8385fac4-8227-4549-80c6-3f2c43ab8d27}" RelatedActivityID=""></Correlation>
<Execution ProcessID="3268" ThreadID="6220"></Execution>
<Channel>Microsoft-Windows-ServerManager-MgmtProvider/Operational</Channel>
<Computer>WIN-PTFPHFCRDJ0</Computer>
<Security UserID="S-1-5-21-1152959844-3645458174-3779170896-1000"></Security>
</System>
<EventData><Data Name="XPath">Microsoft/Windows/FileServices:$reports$\$latestreport$\Discovery.xml:$creationtime$</Data>
<Data Name="Error">0x00000002</Data>
<Data Name="LastError">0x00000003</Data>
</EventData>
</Event>

<Event xmlns="http://schemas.microsoft.com/win/2004/08/events/event"><System><Provider Name="Microsoft-Windows-ServerManager-ManagementProvider" Guid="{c2e6d0d9-5df8-4c77-a82b-c96c84579543}"></Provider>
<EventID Qualifiers="">85</EventID>
<Version>0</Version>
<Level>3</Level>
<Task>16</Task>
<Opcode>0</Opcode>
<Keywords>0x8000000000000000</Keywords>
<TimeCreated SystemTime="2020-10-22 20:54:39.766159"></TimeCreated>
<EventRecordID>19</EventRecordID>
<Correlation ActivityID="{8385fac4-8227-4549-80c6-3f2c43ab8d27}" RelatedActivityID=""></Correlation>
<Execution ProcessID="3268" ThreadID="6220"></Execution>
<Channel>Microsoft-Windows-ServerManager-MgmtProvider/Operational</Channel>
<Computer>WIN-PTFPHFCRDJ0</Computer>
<Security UserID="S-1-5-21-1152959844-3645458174-3779170896-1000"></Security>
</System>
<EventData><Data Name="XPath">Microsoft/Windows/FileServices:$reports$\*\Result.xml:/ResultDatabase/Result</Data>
<Data Name="Error">0x0000001f</Data>
<Data Name="LastError">0x00000003</Data>
</EventData>
</Event>

<Event xmlns="http://schemas.microsoft.com/win/2004/08/events/event"><System><Provider Name="Microsoft-Windows-ServerManager-ManagementProvider" Guid="{c2e6d0d9-5df8-4c77-a82b-c96c84579543}"></Provider>
<EventID Qualifiers="">63</EventID>
<Version>0</Version>
<Level>4</Level>
<Task>16</Task>
<Opcode>0</Opcode>
<Keywords>0x8000000000000000</Keywords>
<TimeCreated SystemTime="2020-10-22 20:54:39.796392"></TimeCreated>
<EventRecordID>20</EventRecordID>
<Correlation ActivityID="{8385fac4-8227-4549-80c6-3f2c43ab8d27}" RelatedActivityID=""></Correlation>
<Execution ProcessID="3268" ThreadID="6220"></Execution>
<Channel>Microsoft-Windows-ServerManager-MgmtProvider/Operational</Channel>
<Computer>WIN-PTFPHFCRDJ0</Computer>
<Security UserID="S-1-5-21-1152959844-3645458174-3779170896-1000"></Security>
</System>
<EventData><Data Name="ResultsReturned">4</Data>
</EventData>
</Event>

<Event xmlns="http://schemas.microsoft.com/win/2004/08/events/event"><System><Provider Name="Microsoft-Windows-ServerManager-ManagementProvider" Guid="{c2e6d0d9-5df8-4c77-a82b-c96c84579543}"></Provider>
<EventID Qualifiers="">2</EventID>
<Version>0</Version>
<Level>4</Level>
<Task>1</Task>
<Opcode>2</Opcode>
<Keywords>0x8000000000000000</Keywords>
<TimeCreated SystemTime="2020-10-22 20:56:38.948797"></TimeCreated>
<EventRecordID>21</EventRecordID>
<Correlation ActivityID="" RelatedActivityID=""></Correlation>
<Execution ProcessID="3268" ThreadID="6220"></Execution>
<Channel>Microsoft-Windows-ServerManager-MgmtProvider/Operational</Channel>
<Computer>WIN-PTFPHFCRDJ0</Computer>
<Security UserID="S-1-5-20"></Security>
</System>
<EventData></EventData>
</Event>

<Event xmlns="http://schemas.microsoft.com/win/2004/08/events/event"><System><Provider Name="Microsoft-Windows-ServerManager-ManagementProvider" Guid="{c2e6d0d9-5df8-4c77-a82b-c96c84579543}"></Provider>
<EventID Qualifiers="">1</EventID>
<Version>0</Version>
<Level>4</Level>
<Task>1</Task>
<Opcode>1</Opcode>
<Keywords>0x8000000000000000</Keywords>
<TimeCreated SystemTime="2020-10-22 20:57:45.126610"></TimeCreated>
<EventRecordID>22</EventRecordID>
<Correlation ActivityID="{eae887f7-a8b5-0000-119c-e8eab5a8d601}" RelatedActivityID=""></Correlation>
<Execution ProcessID="2856" ThreadID="2896"></Execution>
<Channel>Microsoft-Windows-ServerManager-MgmtProvider/Operational</Channel>
<Computer>WIN-PTFPHFCRDJ0</Computer>
<Security UserID="S-1-5-20"></Security>
</System>
<EventData></EventData>
</Event>

<Event xmlns="http://schemas.microsoft.com/win/2004/08/events/event"><System><Provider Name="Microsoft-Windows-ServerManager-ManagementProvider" Guid="{c2e6d0d9-5df8-4c77-a82b-c96c84579543}"></Provider>
<EventID Qualifiers="">41</EventID>
<Version>0</Version>
<Level>4</Level>
<Task>13</Task>
<Opcode>0</Opcode>
<Keywords>0x8000000000000000</Keywords>
<TimeCreated SystemTime="2020-10-22 20:57:45.139191"></TimeCreated>
<EventRecordID>23</EventRecordID>
<Correlation ActivityID="{eae887f7-a8b5-0000-119c-e8eab5a8d601}" RelatedActivityID=""></Correlation>
<Execution ProcessID="2856" ThreadID="2896"></Execution>
<Channel>Microsoft-Windows-ServerManager-MgmtProvider/Operational</Channel>
<Computer>WIN-PTFPHFCRDJ0</Computer>
<Security UserID="S-1-5-21-1152959844-3645458174-3779170896-1000"></Security>
</System>
<EventData></EventData>
</Event>

<Event xmlns="http://schemas.microsoft.com/win/2004/08/events/event"><System><Provider Name="Microsoft-Windows-ServerManager-ManagementProvider" Guid="{c2e6d0d9-5df8-4c77-a82b-c96c84579543}"></Provider>
<EventID Qualifiers="">45</EventID>
<Version>0</Version>
<Level>3</Level>
<Task>13</Task>
<Opcode>0</Opcode>
<Keywords>0x8000000000000000</Keywords>
<TimeCreated SystemTime="2020-10-22 20:57:48.173529"></TimeCreated>
<EventRecordID>24</EventRecordID>
<Correlation ActivityID="{eae887f7-a8b5-0000-119c-e8eab5a8d601}" RelatedActivityID=""></Correlation>
<Execution ProcessID="2856" ThreadID="2896"></Execution>
<Channel>Microsoft-Windows-ServerManager-MgmtProvider/Operational</Channel>
<Computer>WIN-PTFPHFCRDJ0</Computer>
<Security UserID="S-1-5-21-1152959844-3645458174-3779170896-1000"></Security>
</System>
<EventData><Data Name="Name">Microsoft-Windows-SPB-HIDI2C/Analytic</Data>
<Data Name="hResult">0x8007065b</Data>
<Data Name="hLastError">0x80070002</Data>
</EventData>
</Event>

<Event xmlns="http://schemas.microsoft.com/win/2004/08/events/event"><System><Provider Name="Microsoft-Windows-ServerManager-ManagementProvider" Guid="{c2e6d0d9-5df8-4c77-a82b-c96c84579543}"></Provider>
<EventID Qualifiers="">45</EventID>
<Version>0</Version>
<Level>3</Level>
<Task>13</Task>
<Opcode>0</Opcode>
<Keywords>0x8000000000000000</Keywords>
<TimeCreated SystemTime="2020-10-22 20:57:48.206879"></TimeCreated>
<EventRecordID>25</EventRecordID>
<Correlation ActivityID="{eae887f7-a8b5-0000-119c-e8eab5a8d601}" RelatedActivityID=""></Correlation>
<Execution ProcessID="2856" ThreadID="2896"></Execution>
<Channel>Microsoft-Windows-ServerManager-MgmtProvider/Operational</Channel>
<Computer>WIN-PTFPHFCRDJ0</Computer>
<Security UserID="S-1-5-21-1152959844-3645458174-3779170896-1000"></Security>
</System>
<EventData><Data Name="Name">Microsoft-Windows-SystemSettingsThreshold/Debug</Data>
<Data Name="hResult">0x8007065b</Data>
<Data Name="hLastError">0x80070002</Data>
</EventData>
</Event>

<Event xmlns="http://schemas.microsoft.com/win/2004/08/events/event"><System><Provider Name="Microsoft-Windows-ServerManager-ManagementProvider" Guid="{c2e6d0d9-5df8-4c77-a82b-c96c84579543}"></Provider>
<EventID Qualifiers="">45</EventID>
<Version>0</Version>
<Level>3</Level>
<Task>13</Task>
<Opcode>0</Opcode>
<Keywords>0x8000000000000000</Keywords>
<TimeCreated SystemTime="2020-10-22 20:57:48.207268"></TimeCreated>
<EventRecordID>26</EventRecordID>
<Correlation ActivityID="{eae887f7-a8b5-0000-119c-e8eab5a8d601}" RelatedActivityID=""></Correlation>
<Execution ProcessID="2856" ThreadID="2896"></Execution>
<Channel>Microsoft-Windows-ServerManager-MgmtProvider/Operational</Channel>
<Computer>WIN-PTFPHFCRDJ0</Computer>
<Security UserID="S-1-5-21-1152959844-3645458174-3779170896-1000"></Security>
</System>
<EventData><Data Name="Name">Microsoft-Windows-SystemSettingsThreshold/Diagnostic</Data>
<Data Name="hResult">0x8007065b</Data>
<Data Name="hLastError">0x80070002</Data>
</EventData>
</Event>

<Event xmlns="http://schemas.microsoft.com/win/2004/08/events/event"><System><Provider Name="Microsoft-Windows-ServerManager-ManagementProvider" Guid="{c2e6d0d9-5df8-4c77-a82b-c96c84579543}"></Provider>
<EventID Qualifiers="">45</EventID>
<Version>0</Version>
<Level>3</Level>
<Task>13</Task>
<Opcode>0</Opcode>
<Keywords>0x8000000000000000</Keywords>
<TimeCreated SystemTime="2020-10-22 20:57:48.207659"></TimeCreated>
<EventRecordID>27</EventRecordID>
<Correlation ActivityID="{eae887f7-a8b5-0000-119c-e8eab5a8d601}" RelatedActivityID=""></Correlation>
<Execution ProcessID="2856" ThreadID="2896"></Execution>
<Channel>Microsoft-Windows-ServerManager-MgmtProvider/Operational</Channel>
<Computer>WIN-PTFPHFCRDJ0</Computer>
<Security UserID="S-1-5-21-1152959844-3645458174-3779170896-1000"></Security>
</System>
<EventData><Data Name="Name">Microsoft-Windows-SystemSettingsThreshold/Operational</Data>
<Data Name="hResult">0x8007065b</Data>
<Data Name="hLastError">0x80070002</Data>
</EventData>
</Event>

<Event xmlns="http://schemas.microsoft.com/win/2004/08/events/event"><System><Provider Name="Microsoft-Windows-ServerManager-ManagementProvider" Guid="{c2e6d0d9-5df8-4c77-a82b-c96c84579543}"></Provider>
<EventID Qualifiers="">45</EventID>
<Version>0</Version>
<Level>3</Level>
<Task>13</Task>
<Opcode>0</Opcode>
<Keywords>0x8000000000000000</Keywords>
<TimeCreated SystemTime="2020-10-22 20:57:48.364962"></TimeCreated>
<EventRecordID>28</EventRecordID>
<Correlation ActivityID="{eae887f7-a8b5-0000-119c-e8eab5a8d601}" RelatedActivityID=""></Correlation>
<Execution ProcessID="2856" ThreadID="2896"></Execution>
<Channel>Microsoft-Windows-ServerManager-MgmtProvider/Operational</Channel>
<Computer>WIN-PTFPHFCRDJ0</Computer>
<Security UserID="S-1-5-21-1152959844-3645458174-3779170896-1000"></Security>
</System>
<EventData><Data Name="Name">NIS-Driver-WFP/Diagnostic</Data>
<Data Name="hResult">0x8007065b</Data>
<Data Name="hLastError">0x80070715</Data>
</EventData>
</Event>

<Event xmlns="http://schemas.microsoft.com/win/2004/08/events/event"><System><Provider Name="Microsoft-Windows-ServerManager-ManagementProvider" Guid="{c2e6d0d9-5df8-4c77-a82b-c96c84579543}"></Provider>
<EventID Qualifiers="">43</EventID>
<Version>0</Version>
<Level>2</Level>
<Task>13</Task>
<Opcode>0</Opcode>
<Keywords>0x8000000000000000</Keywords>
<TimeCreated SystemTime="2020-10-22 20:57:48.463451"></TimeCreated>
<EventRecordID>29</EventRecordID>
<Correlation ActivityID="{eae887f7-a8b5-0000-119c-e8eab5a8d601}" RelatedActivityID=""></Correlation>
<Execution ProcessID="2856" ThreadID="2896"></Execution>
<Channel>Microsoft-Windows-ServerManager-MgmtProvider/Operational</Channel>
<Computer>WIN-PTFPHFCRDJ0</Computer>
<Security UserID="S-1-5-21-1152959844-3645458174-3779170896-1000"></Security>
</System>
<EventData></EventData>
</Event>

<Event xmlns="http://schemas.microsoft.com/win/2004/08/events/event"><System><Provider Name="Microsoft-Windows-ServerManager-ManagementProvider" Guid="{c2e6d0d9-5df8-4c77-a82b-c96c84579543}"></Provider>
<EventID Qualifiers="">42</EventID>
<Version>0</Version>
<Level>4</Level>
<Task>13</Task>
<Opcode>0</Opcode>
<Keywords>0x8000000000000000</Keywords>
<TimeCreated SystemTime="2020-10-22 20:57:48.463451"></TimeCreated>
<EventRecordID>30</EventRecordID>
<Correlation ActivityID="{eae887f7-a8b5-0000-119c-e8eab5a8d601}" RelatedActivityID=""></Correlation>
<Execution ProcessID="2856" ThreadID="2896"></Execution>
<Channel>Microsoft-Windows-ServerManager-MgmtProvider/Operational</Channel>
<Computer>WIN-PTFPHFCRDJ0</Computer>
<Security UserID="S-1-5-21-1152959844-3645458174-3779170896-1000"></Security>
</System>
<EventData></EventData>
</Event>

<Event xmlns="http://schemas.microsoft.com/win/2004/08/events/event"><System><Provider Name="Microsoft-Windows-ServerManager-ManagementProvider" Guid="{c2e6d0d9-5df8-4c77-a82b-c96c84579543}"></Provider>
<EventID Qualifiers="">2</EventID>
<Version>0</Version>
<Level>4</Level>
<Task>1</Task>
<Opcode>2</Opcode>
<Keywords>0x8000000000000000</Keywords>
<TimeCreated SystemTime="2020-10-22 20:58:44.880219"></TimeCreated>
<EventRecordID>31</EventRecordID>
<Correlation ActivityID="" RelatedActivityID=""></Correlation>
<Execution ProcessID="2856" ThreadID="2896"></Execution>
<Channel>Microsoft-Windows-ServerManager-MgmtProvider/Operational</Channel>
<Computer>WIN-PTFPHFCRDJ0</Computer>
<Security UserID="S-1-5-20"></Security>
</System>
<EventData></EventData>
</Event>

<Event xmlns="http://schemas.microsoft.com/win/2004/08/events/event"><System><Provider Name="Microsoft-Windows-ServerManager-ManagementProvider" Guid="{c2e6d0d9-5df8-4c77-a82b-c96c84579543}"></Provider>
<EventID Qualifiers="">1</EventID>
<Version>0</Version>
<Level>4</Level>
<Task>1</Task>
<Opcode>1</Opcode>
<Keywords>0x8000000000000000</Keywords>
<TimeCreated SystemTime="2020-10-23 14:01:55.509859"></TimeCreated>
<EventRecordID>32</EventRecordID>
<Correlation ActivityID="" RelatedActivityID=""></Correlation>
<Execution ProcessID="3508" ThreadID="3552"></Execution>
<Channel>Microsoft-Windows-ServerManager-MgmtProvider/Operational</Channel>
<Computer>WIN-PTFPHFCRDJ0</Computer>
<Security UserID="S-1-5-20"></Security>
</System>
<EventData></EventData>
</Event>

<Event xmlns="http://schemas.microsoft.com/win/2004/08/events/event"><System><Provider Name="Microsoft-Windows-ServerManager-ManagementProvider" Guid="{c2e6d0d9-5df8-4c77-a82b-c96c84579543}"></Provider>
<EventID Qualifiers="">41</EventID>
<Version>0</Version>
<Level>4</Level>
<Task>13</Task>
<Opcode>0</Opcode>
<Keywords>0x8000000000000000</Keywords>
<TimeCreated SystemTime="2020-10-23 14:01:55.562260"></TimeCreated>
<EventRecordID>33</EventRecordID>
<Correlation ActivityID="{10c5b326-a672-4b97-b91c-5834e889affd}" RelatedActivityID=""></Correlation>
<Execution ProcessID="3508" ThreadID="3552"></Execution>
<Channel>Microsoft-Windows-ServerManager-MgmtProvider/Operational</Channel>
<Computer>WIN-PTFPHFCRDJ0</Computer>
<Security UserID="S-1-5-21-1152959844-3645458174-3779170896-1000"></Security>
</System>
<EventData></EventData>
</Event>

<Event xmlns="http://schemas.microsoft.com/win/2004/08/events/event"><System><Provider Name="Microsoft-Windows-ServerManager-ManagementProvider" Guid="{c2e6d0d9-5df8-4c77-a82b-c96c84579543}"></Provider>
<EventID Qualifiers="">45</EventID>
<Version>0</Version>
<Level>3</Level>
<Task>13</Task>
<Opcode>0</Opcode>
<Keywords>0x8000000000000000</Keywords>
<TimeCreated SystemTime="2020-10-23 14:02:10.123573"></TimeCreated>
<EventRecordID>34</EventRecordID>
<Correlation ActivityID="{10c5b326-a672-4b97-b91c-5834e889affd}" RelatedActivityID=""></Correlation>
<Execution ProcessID="3508" ThreadID="3552"></Execution>
<Channel>Microsoft-Windows-ServerManager-MgmtProvider/Operational</Channel>
<Computer>WIN-PTFPHFCRDJ0</Computer>
<Security UserID="S-1-5-21-1152959844-3645458174-3779170896-1000"></Security>
</System>
<EventData><Data Name="Name">Microsoft-Windows-SPB-HIDI2C/Analytic</Data>
<Data Name="hResult">0x8007065b</Data>
<Data Name="hLastError">0x80070002</Data>
</EventData>
</Event>

<Event xmlns="http://schemas.microsoft.com/win/2004/08/events/event"><System><Provider Name="Microsoft-Windows-ServerManager-ManagementProvider" Guid="{c2e6d0d9-5df8-4c77-a82b-c96c84579543}"></Provider>
<EventID Qualifiers="">45</EventID>
<Version>0</Version>
<Level>3</Level>
<Task>13</Task>
<Opcode>0</Opcode>
<Keywords>0x8000000000000000</Keywords>
<TimeCreated SystemTime="2020-10-23 14:02:10.631779"></TimeCreated>
<EventRecordID>35</EventRecordID>
<Correlation ActivityID="{10c5b326-a672-4b97-b91c-5834e889affd}" RelatedActivityID=""></Correlation>
<Execution ProcessID="3508" ThreadID="3552"></Execution>
<Channel>Microsoft-Windows-ServerManager-MgmtProvider/Operational</Channel>
<Computer>WIN-PTFPHFCRDJ0</Computer>
<Security UserID="S-1-5-21-1152959844-3645458174-3779170896-1000"></Security>
</System>
<EventData><Data Name="Name">Microsoft-Windows-SystemSettingsThreshold/Debug</Data>
<Data Name="hResult">0x8007065b</Data>
<Data Name="hLastError">0x80070002</Data>
</EventData>
</Event>

<Event xmlns="http://schemas.microsoft.com/win/2004/08/events/event"><System><Provider Name="Microsoft-Windows-ServerManager-ManagementProvider" Guid="{c2e6d0d9-5df8-4c77-a82b-c96c84579543}"></Provider>
<EventID Qualifiers="">45</EventID>
<Version>0</Version>
<Level>3</Level>
<Task>13</Task>
<Opcode>0</Opcode>
<Keywords>0x8000000000000000</Keywords>
<TimeCreated SystemTime="2020-10-23 14:02:10.633799"></TimeCreated>
<EventRecordID>36</EventRecordID>
<Correlation ActivityID="{10c5b326-a672-4b97-b91c-5834e889affd}" RelatedActivityID=""></Correlation>
<Execution ProcessID="3508" ThreadID="3552"></Execution>
<Channel>Microsoft-Windows-ServerManager-MgmtProvider/Operational</Channel>
<Computer>WIN-PTFPHFCRDJ0</Computer>
<Security UserID="S-1-5-21-1152959844-3645458174-3779170896-1000"></Security>
</System>
<EventData><Data Name="Name">Microsoft-Windows-SystemSettingsThreshold/Diagnostic</Data>
<Data Name="hResult">0x8007065b</Data>
<Data Name="hLastError">0x80070002</Data>
</EventData>
</Event>

<Event xmlns="http://schemas.microsoft.com/win/2004/08/events/event"><System><Provider Name="Microsoft-Windows-ServerManager-ManagementProvider" Guid="{c2e6d0d9-5df8-4c77-a82b-c96c84579543}"></Provider>
<EventID Qualifiers="">45</EventID>
<Version>0</Version>
<Level>3</Level>
<Task>13</Task>
<Opcode>0</Opcode>
<Keywords>0x8000000000000000</Keywords>
<TimeCreated SystemTime="2020-10-23 14:02:10.635902"></TimeCreated>
<EventRecordID>37</EventRecordID>
<Correlation ActivityID="{10c5b326-a672-4b97-b91c-5834e889affd}" RelatedActivityID=""></Correlation>
<Execution ProcessID="3508" ThreadID="3552"></Execution>
<Channel>Microsoft-Windows-ServerManager-MgmtProvider/Operational</Channel>
<Computer>WIN-PTFPHFCRDJ0</Computer>
<Security UserID="S-1-5-21-1152959844-3645458174-3779170896-1000"></Security>
</System>
<EventData><Data Name="Name">Microsoft-Windows-SystemSettingsThreshold/Operational</Data>
<Data Name="hResult">0x8007065b</Data>
<Data Name="hLastError">0x80070002</Data>
</EventData>
</Event>

<Event xmlns="http://schemas.microsoft.com/win/2004/08/events/event"><System><Provider Name="Microsoft-Windows-ServerManager-ManagementProvider" Guid="{c2e6d0d9-5df8-4c77-a82b-c96c84579543}"></Provider>
<EventID Qualifiers="">45</EventID>
<Version>0</Version>
<Level>3</Level>
<Task>13</Task>
<Opcode>0</Opcode>
<Keywords>0x8000000000000000</Keywords>
<TimeCreated SystemTime="2020-10-23 14:02:12.977545"></TimeCreated>
<EventRecordID>38</EventRecordID>
<Correlation ActivityID="{10c5b326-a672-4b97-b91c-5834e889affd}" RelatedActivityID=""></Correlation>
<Execution ProcessID="3508" ThreadID="3552"></Execution>
<Channel>Microsoft-Windows-ServerManager-MgmtProvider/Operational</Channel>
<Computer>WIN-PTFPHFCRDJ0</Computer>
<Security UserID="S-1-5-21-1152959844-3645458174-3779170896-1000"></Security>
</System>
<EventData><Data Name="Name">NIS-Driver-WFP/Diagnostic</Data>
<Data Name="hResult">0x8007065b</Data>
<Data Name="hLastError">0x80070715</Data>
</EventData>
</Event>

<Event xmlns="http://schemas.microsoft.com/win/2004/08/events/event"><System><Provider Name="Microsoft-Windows-ServerManager-ManagementProvider" Guid="{c2e6d0d9-5df8-4c77-a82b-c96c84579543}"></Provider>
<EventID Qualifiers="">42</EventID>
<Version>0</Version>
<Level>4</Level>
<Task>13</Task>
<Opcode>0</Opcode>
<Keywords>0x8000000000000000</Keywords>
<TimeCreated SystemTime="2020-10-23 14:02:13.599949"></TimeCreated>
<EventRecordID>39</EventRecordID>
<Correlation ActivityID="{10c5b326-a672-4b97-b91c-5834e889affd}" RelatedActivityID=""></Correlation>
<Execution ProcessID="3508" ThreadID="3552"></Execution>
<Channel>Microsoft-Windows-ServerManager-MgmtProvider/Operational</Channel>
<Computer>WIN-PTFPHFCRDJ0</Computer>
<Security UserID="S-1-5-21-1152959844-3645458174-3779170896-1000"></Security>
</System>
<EventData></EventData>
</Event>

<Event xmlns="http://schemas.microsoft.com/win/2004/08/events/event"><System><Provider Name="Microsoft-Windows-ServerManager-ManagementProvider" Guid="{c2e6d0d9-5df8-4c77-a82b-c96c84579543}"></Provider>
<EventID Qualifiers="">47</EventID>
<Version>0</Version>
<Level>4</Level>
<Task>14</Task>
<Opcode>0</Opcode>
<Keywords>0x8000000000000000</Keywords>
<TimeCreated SystemTime="2020-10-23 14:02:13.649075"></TimeCreated>
<EventRecordID>40</EventRecordID>
<Correlation ActivityID="{d36e1228-6e57-4b36-8e71-9bae2af1b358}" RelatedActivityID=""></Correlation>
<Execution ProcessID="3508" ThreadID="3552"></Execution>
<Channel>Microsoft-Windows-ServerManager-MgmtProvider/Operational</Channel>
<Computer>WIN-PTFPHFCRDJ0</Computer>
<Security UserID="S-1-5-21-1152959844-3645458174-3779170896-1000"></Security>
</System>
<EventData><Data Name="uValue">2</Data>
</EventData>
</Event>

<Event xmlns="http://schemas.microsoft.com/win/2004/08/events/event"><System><Provider Name="Microsoft-Windows-ServerManager-ManagementProvider" Guid="{c2e6d0d9-5df8-4c77-a82b-c96c84579543}"></Provider>
<EventID Qualifiers="">69</EventID>
<Version>0</Version>
<Level>4</Level>
<Task>18</Task>
<Opcode>0</Opcode>
<Keywords>0x8000000000000000</Keywords>
<TimeCreated SystemTime="2020-10-23 14:02:13.651077"></TimeCreated>
<EventRecordID>41</EventRecordID>
<Correlation ActivityID="{f3310e8d-23af-4154-9ec0-fb98bd673dd4}" RelatedActivityID=""></Correlation>
<Execution ProcessID="3508" ThreadID="2648"></Execution>
<Channel>Microsoft-Windows-ServerManager-MgmtProvider/Operational</Channel>
<Computer>WIN-PTFPHFCRDJ0</Computer>
<Security UserID="S-1-5-21-1152959844-3645458174-3779170896-1000"></Security>
</System>
<EventData><Data Name="uValue">0</Data>
</EventData>
</Event>

<Event xmlns="http://schemas.microsoft.com/win/2004/08/events/event"><System><Provider Name="Microsoft-Windows-ServerManager-ManagementProvider" Guid="{c2e6d0d9-5df8-4c77-a82b-c96c84579543}"></Provider>
<EventID Qualifiers="">14</EventID>
<Version>0</Version>
<Level>4</Level>
<Task>6</Task>
<Opcode>1</Opcode>
<Keywords>0x8000000000000000</Keywords>
<TimeCreated SystemTime="2020-10-23 14:02:13.652639"></TimeCreated>
<EventRecordID>42</EventRecordID>
<Correlation ActivityID="{5bfaaa34-bff9-4ecb-b699-667dfc7de6a7}" RelatedActivityID=""></Correlation>
<Execution ProcessID="3508" ThreadID="1040"></Execution>
<Channel>Microsoft-Windows-ServerManager-MgmtProvider/Operational</Channel>
<Computer>WIN-PTFPHFCRDJ0</Computer>
<Security UserID="S-1-5-21-1152959844-3645458174-3779170896-1000"></Security>
</System>
<EventData></EventData>
</Event>

<Event xmlns="http://schemas.microsoft.com/win/2004/08/events/event"><System><Provider Name="Microsoft-Windows-ServerManager-ManagementProvider" Guid="{c2e6d0d9-5df8-4c77-a82b-c96c84579543}"></Provider>
<EventID Qualifiers="">15</EventID>
<Version>0</Version>
<Level>4</Level>
<Task>6</Task>
<Opcode>2</Opcode>
<Keywords>0x8000000000000000</Keywords>
<TimeCreated SystemTime="2020-10-23 14:02:14.864256"></TimeCreated>
<EventRecordID>43</EventRecordID>
<Correlation ActivityID="{5bfaaa34-bff9-4ecb-b699-667dfc7de6a7}" RelatedActivityID=""></Correlation>
<Execution ProcessID="3508" ThreadID="1040"></Execution>
<Channel>Microsoft-Windows-ServerManager-MgmtProvider/Operational</Channel>
<Computer>WIN-PTFPHFCRDJ0</Computer>
<Security UserID="S-1-5-21-1152959844-3645458174-3779170896-1000"></Security>
</System>
<EventData></EventData>
</Event>

<Event xmlns="http://schemas.microsoft.com/win/2004/08/events/event"><System><Provider Name="Microsoft-Windows-ServerManager-ManagementProvider" Guid="{c2e6d0d9-5df8-4c77-a82b-c96c84579543}"></Provider>
<EventID Qualifiers="">48</EventID>
<Version>0</Version>
<Level>4</Level>
<Task>14</Task>
<Opcode>0</Opcode>
<Keywords>0x8000000000000000</Keywords>
<TimeCreated SystemTime="2020-10-23 14:02:15.484097"></TimeCreated>
<EventRecordID>44</EventRecordID>
<Correlation ActivityID="{d36e1228-6e57-4b36-8e71-9bae2af1b358}" RelatedActivityID=""></Correlation>
<Execution ProcessID="3508" ThreadID="3552"></Execution>
<Channel>Microsoft-Windows-ServerManager-MgmtProvider/Operational</Channel>
<Computer>WIN-PTFPHFCRDJ0</Computer>
<Security UserID="S-1-5-21-1152959844-3645458174-3779170896-1000"></Security>
</System>
<EventData><Data Name="uValue">13</Data>
</EventData>
</Event>

<Event xmlns="http://schemas.microsoft.com/win/2004/08/events/event"><System><Provider Name="Microsoft-Windows-ServerManager-ManagementProvider" Guid="{c2e6d0d9-5df8-4c77-a82b-c96c84579543}"></Provider>
<EventID Qualifiers="">70</EventID>
<Version>0</Version>
<Level>4</Level>
<Task>18</Task>
<Opcode>0</Opcode>
<Keywords>0x8000000000000000</Keywords>
<TimeCreated SystemTime="2020-10-23 14:02:15.902185"></TimeCreated>
<EventRecordID>45</EventRecordID>
<Correlation ActivityID="{f3310e8d-23af-4154-9ec0-fb98bd673dd4}" RelatedActivityID=""></Correlation>
<Execution ProcessID="3508" ThreadID="2648"></Execution>
<Channel>Microsoft-Windows-ServerManager-MgmtProvider/Operational</Channel>
<Computer>WIN-PTFPHFCRDJ0</Computer>
<Security UserID="S-1-5-21-1152959844-3645458174-3779170896-1000"></Security>
</System>
<EventData><Data Name="uValue">0</Data>
</EventData>
</Event>

<Event xmlns="http://schemas.microsoft.com/win/2004/08/events/event"><System><Provider Name="Microsoft-Windows-ServerManager-ManagementProvider" Guid="{c2e6d0d9-5df8-4c77-a82b-c96c84579543}"></Provider>
<EventID Qualifiers="">52</EventID>
<Version>0</Version>
<Level>4</Level>
<Task>15</Task>
<Opcode>0</Opcode>
<Keywords>0x8000000000000000</Keywords>
<TimeCreated SystemTime="2020-10-23 14:02:16.034605"></TimeCreated>
<EventRecordID>46</EventRecordID>
<Correlation ActivityID="{8d02d06f-0dd1-40db-931e-7e359b47ea96}" RelatedActivityID=""></Correlation>
<Execution ProcessID="3508" ThreadID="2648"></Execution>
<Channel>Microsoft-Windows-ServerManager-MgmtProvider/Operational</Channel>
<Computer>WIN-PTFPHFCRDJ0</Computer>
<Security UserID="S-1-5-21-1152959844-3645458174-3779170896-1000"></Security>
</System>
<EventData><Data Name="uValue">4</Data>
</EventData>
</Event>

<Event xmlns="http://schemas.microsoft.com/win/2004/08/events/event"><System><Provider Name="Microsoft-Windows-ServerManager-ManagementProvider" Guid="{c2e6d0d9-5df8-4c77-a82b-c96c84579543}"></Provider>
<EventID Qualifiers="">53</EventID>
<Version>0</Version>
<Level>4</Level>
<Task>15</Task>
<Opcode>0</Opcode>
<Keywords>0x8000000000000000</Keywords>
<TimeCreated SystemTime="2020-10-23 14:02:16.707613"></TimeCreated>
<EventRecordID>47</EventRecordID>
<Correlation ActivityID="{8d02d06f-0dd1-40db-931e-7e359b47ea96}" RelatedActivityID=""></Correlation>
<Execution ProcessID="3508" ThreadID="2648"></Execution>
<Channel>Microsoft-Windows-ServerManager-MgmtProvider/Operational</Channel>
<Computer>WIN-PTFPHFCRDJ0</Computer>
<Security UserID="S-1-5-21-1152959844-3645458174-3779170896-1000"></Security>
</System>
<EventData><Data Name="uValue">33</Data>
</EventData>
</Event>

<Event xmlns="http://schemas.microsoft.com/win/2004/08/events/event"><System><Provider Name="Microsoft-Windows-ServerManager-ManagementProvider" Guid="{c2e6d0d9-5df8-4c77-a82b-c96c84579543}"></Provider>
<EventID Qualifiers="">62</EventID>
<Version>0</Version>
<Level>4</Level>
<Task>16</Task>
<Opcode>0</Opcode>
<Keywords>0x8000000000000000</Keywords>
<TimeCreated SystemTime="2020-10-23 14:02:16.944662"></TimeCreated>
<EventRecordID>48</EventRecordID>
<Correlation ActivityID="{0aa70f61-0481-41fe-a6bb-ae42fee3a4c0}" RelatedActivityID=""></Correlation>
<Execution ProcessID="3508" ThreadID="2648"></Execution>
<Channel>Microsoft-Windows-ServerManager-MgmtProvider/Operational</Channel>
<Computer>WIN-PTFPHFCRDJ0</Computer>
<Security UserID="S-1-5-21-1152959844-3645458174-3779170896-1000"></Security>
</System>
<EventData><Data Name="TotalXPaths">4</Data>
</EventData>
</Event>

<Event xmlns="http://schemas.microsoft.com/win/2004/08/events/event"><System><Provider Name="Microsoft-Windows-ServerManager-ManagementProvider" Guid="{c2e6d0d9-5df8-4c77-a82b-c96c84579543}"></Provider>
<EventID Qualifiers="">85</EventID>
<Version>0</Version>
<Level>3</Level>
<Task>16</Task>
<Opcode>0</Opcode>
<Keywords>0x8000000000000000</Keywords>
<TimeCreated SystemTime="2020-10-23 14:02:17.036030"></TimeCreated>
<EventRecordID>49</EventRecordID>
<Correlation ActivityID="{0aa70f61-0481-41fe-a6bb-ae42fee3a4c0}" RelatedActivityID=""></Correlation>
<Execution ProcessID="3508" ThreadID="2648"></Execution>
<Channel>Microsoft-Windows-ServerManager-MgmtProvider/Operational</Channel>
<Computer>WIN-PTFPHFCRDJ0</Computer>
<Security UserID="S-1-5-21-1152959844-3645458174-3779170896-1000"></Security>
</System>
<EventData><Data Name="XPath">Microsoft/Windows/FileServices:$reports$\$latestreport$\Discovery.xml:$creationtime$</Data>
<Data Name="Error">0x00000002</Data>
<Data Name="LastError">0x00000003</Data>
</EventData>
</Event>

<Event xmlns="http://schemas.microsoft.com/win/2004/08/events/event"><System><Provider Name="Microsoft-Windows-ServerManager-ManagementProvider" Guid="{c2e6d0d9-5df8-4c77-a82b-c96c84579543}"></Provider>
<EventID Qualifiers="">85</EventID>
<Version>0</Version>
<Level>3</Level>
<Task>16</Task>
<Opcode>0</Opcode>
<Keywords>0x8000000000000000</Keywords>
<TimeCreated SystemTime="2020-10-23 14:02:17.086775"></TimeCreated>
<EventRecordID>50</EventRecordID>
<Correlation ActivityID="{0aa70f61-0481-41fe-a6bb-ae42fee3a4c0}" RelatedActivityID=""></Correlation>
<Execution ProcessID="3508" ThreadID="2648"></Execution>
<Channel>Microsoft-Windows-ServerManager-MgmtProvider/Operational</Channel>
<Computer>WIN-PTFPHFCRDJ0</Computer>
<Security UserID="S-1-5-21-1152959844-3645458174-3779170896-1000"></Security>
</System>
<EventData><Data Name="XPath">Microsoft/Windows/FileServices:$reports$\*\Result.xml:/ResultDatabase/Result</Data>
<Data Name="Error">0x0000001f</Data>
<Data Name="LastError">0x00000003</Data>
</EventData>
</Event>

<Event xmlns="http://schemas.microsoft.com/win/2004/08/events/event"><System><Provider Name="Microsoft-Windows-ServerManager-ManagementProvider" Guid="{c2e6d0d9-5df8-4c77-a82b-c96c84579543}"></Provider>
<EventID Qualifiers="">63</EventID>
<Version>0</Version>
<Level>4</Level>
<Task>16</Task>
<Opcode>0</Opcode>
<Keywords>0x8000000000000000</Keywords>
<TimeCreated SystemTime="2020-10-23 14:02:17.099998"></TimeCreated>
<EventRecordID>51</EventRecordID>
<Correlation ActivityID="{0aa70f61-0481-41fe-a6bb-ae42fee3a4c0}" RelatedActivityID=""></Correlation>
<Execution ProcessID="3508" ThreadID="2648"></Execution>
<Channel>Microsoft-Windows-ServerManager-MgmtProvider/Operational</Channel>
<Computer>WIN-PTFPHFCRDJ0</Computer>
<Security UserID="S-1-5-21-1152959844-3645458174-3779170896-1000"></Security>
</System>
<EventData><Data Name="ResultsReturned">4</Data>
</EventData>
</Event>

<Event xmlns="http://schemas.microsoft.com/win/2004/08/events/event"><System><Provider Name="Microsoft-Windows-ServerManager-ManagementProvider" Guid="{c2e6d0d9-5df8-4c77-a82b-c96c84579543}"></Provider>
<EventID Qualifiers="">2</EventID>
<Version>0</Version>
<Level>4</Level>
<Task>1</Task>
<Opcode>2</Opcode>
<Keywords>0x8000000000000000</Keywords>
<TimeCreated SystemTime="2020-10-23 14:02:56.088554"></TimeCreated>
<EventRecordID>52</EventRecordID>
<Correlation ActivityID="" RelatedActivityID=""></Correlation>
<Execution ProcessID="3508" ThreadID="2648"></Execution>
<Channel>Microsoft-Windows-ServerManager-MgmtProvider/Operational</Channel>
<Computer>WIN-PTFPHFCRDJ0</Computer>
<Security UserID="S-1-5-20"></Security>
</System>
<EventData></EventData>
</Event>

<Event xmlns="http://schemas.microsoft.com/win/2004/08/events/event"><System><Provider Name="Microsoft-Windows-ServerManager-ManagementProvider" Guid="{c2e6d0d9-5df8-4c77-a82b-c96c84579543}"></Provider>
<EventID Qualifiers="">1</EventID>
<Version>0</Version>
<Level>4</Level>
<Task>1</Task>
<Opcode>1</Opcode>
<Keywords>0x8000000000000000</Keywords>
<TimeCreated SystemTime="2020-10-23 18:54:36.192167"></TimeCreated>
<EventRecordID>53</EventRecordID>
<Correlation ActivityID="" RelatedActivityID=""></Correlation>
<Execution ProcessID="3260" ThreadID="1196"></Execution>
<Channel>Microsoft-Windows-ServerManager-MgmtProvider/Operational</Channel>
<Computer>WIN-PTFPHFCRDJ0</Computer>
<Security UserID="S-1-5-20"></Security>
</System>
<EventData></EventData>
</Event>

<Event xmlns="http://schemas.microsoft.com/win/2004/08/events/event"><System><Provider Name="Microsoft-Windows-ServerManager-ManagementProvider" Guid="{c2e6d0d9-5df8-4c77-a82b-c96c84579543}"></Provider>
<EventID Qualifiers="">41</EventID>
<Version>0</Version>
<Level>4</Level>
<Task>13</Task>
<Opcode>0</Opcode>
<Keywords>0x8000000000000000</Keywords>
<TimeCreated SystemTime="2020-10-23 18:54:36.210199"></TimeCreated>
<EventRecordID>54</EventRecordID>
<Correlation ActivityID="{f891f426-4d62-4678-abbe-f394527f0294}" RelatedActivityID=""></Correlation>
<Execution ProcessID="3260" ThreadID="1196"></Execution>
<Channel>Microsoft-Windows-ServerManager-MgmtProvider/Operational</Channel>
<Computer>WIN-PTFPHFCRDJ0</Computer>
<Security UserID="S-1-5-21-1152959844-3645458174-3779170896-1000"></Security>
</System>
<EventData></EventData>
</Event>

<Event xmlns="http://schemas.microsoft.com/win/2004/08/events/event"><System><Provider Name="Microsoft-Windows-ServerManager-ManagementProvider" Guid="{c2e6d0d9-5df8-4c77-a82b-c96c84579543}"></Provider>
<EventID Qualifiers="">43</EventID>
<Version>0</Version>
<Level>2</Level>
<Task>13</Task>
<Opcode>0</Opcode>
<Keywords>0x8000000000000000</Keywords>
<TimeCreated SystemTime="2020-10-23 18:54:39.186337"></TimeCreated>
<EventRecordID>55</EventRecordID>
<Correlation ActivityID="{f891f426-4d62-4678-abbe-f394527f0294}" RelatedActivityID=""></Correlation>
<Execution ProcessID="3260" ThreadID="1196"></Execution>
<Channel>Microsoft-Windows-ServerManager-MgmtProvider/Operational</Channel>
<Computer>WIN-PTFPHFCRDJ0</Computer>
<Security UserID="S-1-5-21-1152959844-3645458174-3779170896-1000"></Security>
</System>
<EventData></EventData>
</Event>

