<Event xmlns="http://schemas.microsoft.com/win/2004/08/events/event"><System><Provider Name="Microsoft-Windows-Time-Service" Guid="{06edcfeb-0fd0-4e53-acca-a6f8bbf81bcb}"></Provider>
<EventID Qualifiers="">262</EventID>
<Version>0</Version>
<Level>4</Level>
<Task>0</Task>
<Opcode>0</Opcode>
<Keywords>0x4000000000000000</Keywords>
<TimeCreated SystemTime="2020-10-22 20:57:38.413811"></TimeCreated>
<EventRecordID>48</EventRecordID>
<Correlation ActivityID="" RelatedActivityID=""></Correlation>
<Execution ProcessID="2200" ThreadID="2388"></Execution>
<Channel>Microsoft-Windows-Time-Service/Operational</Channel>
<Computer>WIN-PTFPHFCRDJ0</Computer>
<Security UserID="S-1-5-19"></Security>
</System>
<EventData Name="TMP_OPS_SET_TIME_ADJUSTMENT"><Data Name="AdjustmentPPM">-32682.09766</Data>
<Data Name="NewClockRate">161356</Data>
<Data Name="OldClockRate">156250</Data>
<Data Name="TickCount">25062</Data>
<Data Name="MinReportedAdjustmentPPM">800.00000</Data>
</EventData>
</Event>

<Event xmlns="http://schemas.microsoft.com/win/2004/08/events/event"><System><Provider Name="Microsoft-Windows-Time-Service" Guid="{06edcfeb-0fd0-4e53-acca-a6f8bbf81bcb}"></Provider>
<EventID Qualifiers="">262</EventID>
<Version>0</Version>
<Level>4</Level>
<Task>0</Task>
<Opcode>0</Opcode>
<Keywords>0x4000000000000000</Keywords>
<TimeCreated SystemTime="2020-10-22 20:57:39.384394"></TimeCreated>
<EventRecordID>49</EventRecordID>
<Correlation ActivityID="" RelatedActivityID=""></Correlation>
<Execution ProcessID="2200" ThreadID="2388"></Execution>
<Channel>Microsoft-Windows-Time-Service/Operational</Channel>
<Computer>WIN-PTFPHFCRDJ0</Computer>
<Security UserID="S-1-5-19"></Security>
</System>
<EventData Name="TMP_OPS_SET_TIME_ADJUSTMENT"><Data Name="AdjustmentPPM">-30639.40039</Data>
<Data Name="NewClockRate">161037</Data>
<Data Name="OldClockRate">161356</Data>
<Data Name="TickCount">26062</Data>
<Data Name="MinReportedAdjustmentPPM">800.00000</Data>
</EventData>
</Event>

<Event xmlns="http://schemas.microsoft.com/win/2004/08/events/event"><System><Provider Name="Microsoft-Windows-Time-Service" Guid="{06edcfeb-0fd0-4e53-acca-a6f8bbf81bcb}"></Provider>
<EventID Qualifiers="">262</EventID>
<Version>0</Version>
<Level>4</Level>
<Task>0</Task>
<Opcode>0</Opcode>
<Keywords>0x4000000000000000</Keywords>
<TimeCreated SystemTime="2020-10-22 20:57:40.369213"></TimeCreated>
<EventRecordID>50</EventRecordID>
<Correlation ActivityID="" RelatedActivityID=""></Correlation>
<Execution ProcessID="2200" ThreadID="2388"></Execution>
<Channel>Microsoft-Windows-Time-Service/Operational</Channel>
<Computer>WIN-PTFPHFCRDJ0</Computer>
<Security UserID="S-1-5-19"></Security>
</System>
<EventData Name="TMP_OPS_SET_TIME_ADJUSTMENT"><Data Name="AdjustmentPPM">-28724.50000</Data>
<Data Name="NewClockRate">160738</Data>
<Data Name="OldClockRate">161037</Data>
<Data Name="TickCount">27078</Data>
<Data Name="MinReportedAdjustmentPPM">800.00000</Data>
</EventData>
</Event>

<Event xmlns="http://schemas.microsoft.com/win/2004/08/events/event"><System><Provider Name="Microsoft-Windows-Time-Service" Guid="{06edcfeb-0fd0-4e53-acca-a6f8bbf81bcb}"></Provider>
<EventID Qualifiers="">262</EventID>
<Version>0</Version>
<Level>4</Level>
<Task>0</Task>
<Opcode>0</Opcode>
<Keywords>0x4000000000000000</Keywords>
<TimeCreated SystemTime="2020-10-22 20:57:41.354704"></TimeCreated>
<EventRecordID>51</EventRecordID>
<Correlation ActivityID="" RelatedActivityID=""></Correlation>
<Execution ProcessID="2200" ThreadID="2388"></Execution>
<Channel>Microsoft-Windows-Time-Service/Operational</Channel>
<Computer>WIN-PTFPHFCRDJ0</Computer>
<Security UserID="S-1-5-19"></Security>
</System>
<EventData Name="TMP_OPS_SET_TIME_ADJUSTMENT"><Data Name="AdjustmentPPM">-26929.19922</Data>
<Data Name="NewClockRate">160457</Data>
<Data Name="OldClockRate">160738</Data>
<Data Name="TickCount">28093</Data>
<Data Name="MinReportedAdjustmentPPM">800.00000</Data>
</EventData>
</Event>

<Event xmlns="http://schemas.microsoft.com/win/2004/08/events/event"><System><Provider Name="Microsoft-Windows-Time-Service" Guid="{06edcfeb-0fd0-4e53-acca-a6f8bbf81bcb}"></Provider>
<EventID Qualifiers="">262</EventID>
<Version>0</Version>
<Level>4</Level>
<Task>0</Task>
<Opcode>0</Opcode>
<Keywords>0x4000000000000000</Keywords>
<TimeCreated SystemTime="2020-10-22 20:57:42.358952"></TimeCreated>
<EventRecordID>52</EventRecordID>
<Correlation ActivityID="" RelatedActivityID=""></Correlation>
<Execution ProcessID="2200" ThreadID="2388"></Execution>
<Channel>Microsoft-Windows-Time-Service/Operational</Channel>
<Computer>WIN-PTFPHFCRDJ0</Computer>
<Security UserID="S-1-5-19"></Security>
</System>
<EventData Name="TMP_OPS_SET_TIME_ADJUSTMENT"><Data Name="AdjustmentPPM">-25246.09961</Data>
<Data Name="NewClockRate">160194</Data>
<Data Name="OldClockRate">160457</Data>
<Data Name="TickCount">29125</Data>
<Data Name="MinReportedAdjustmentPPM">800.00000</Data>
</EventData>
</Event>

<Event xmlns="http://schemas.microsoft.com/win/2004/08/events/event"><System><Provider Name="Microsoft-Windows-Time-Service" Guid="{06edcfeb-0fd0-4e53-acca-a6f8bbf81bcb}"></Provider>
<EventID Qualifiers="">262</EventID>
<Version>0</Version>
<Level>4</Level>
<Task>0</Task>
<Opcode>0</Opcode>
<Keywords>0x4000000000000000</Keywords>
<TimeCreated SystemTime="2020-10-22 20:57:43.349461"></TimeCreated>
<EventRecordID>53</EventRecordID>
<Correlation ActivityID="" RelatedActivityID=""></Correlation>
<Execution ProcessID="2200" ThreadID="2388"></Execution>
<Channel>Microsoft-Windows-Time-Service/Operational</Channel>
<Computer>WIN-PTFPHFCRDJ0</Computer>
<Security UserID="S-1-5-19"></Security>
</System>
<EventData Name="TMP_OPS_SET_TIME_ADJUSTMENT"><Data Name="AdjustmentPPM">-23668.19922</Data>
<Data Name="NewClockRate">159948</Data>
<Data Name="OldClockRate">160194</Data>
<Data Name="TickCount">30140</Data>
<Data Name="MinReportedAdjustmentPPM">800.00000</Data>
</EventData>
</Event>

<Event xmlns="http://schemas.microsoft.com/win/2004/08/events/event"><System><Provider Name="Microsoft-Windows-Time-Service" Guid="{06edcfeb-0fd0-4e53-acca-a6f8bbf81bcb}"></Provider>
<EventID Qualifiers="">262</EventID>
<Version>0</Version>
<Level>4</Level>
<Task>0</Task>
<Opcode>0</Opcode>
<Keywords>0x4000000000000000</Keywords>
<TimeCreated SystemTime="2020-10-22 20:57:44.326384"></TimeCreated>
<EventRecordID>54</EventRecordID>
<Correlation ActivityID="" RelatedActivityID=""></Correlation>
<Execution ProcessID="2200" ThreadID="2388"></Execution>
<Channel>Microsoft-Windows-Time-Service/Operational</Channel>
<Computer>WIN-PTFPHFCRDJ0</Computer>
<Security UserID="S-1-5-19"></Security>
</System>
<EventData Name="TMP_OPS_SET_TIME_ADJUSTMENT"><Data Name="AdjustmentPPM">-22189.00000</Data>
<Data Name="NewClockRate">159717</Data>
<Data Name="OldClockRate">159948</Data>
<Data Name="TickCount">31140</Data>
<Data Name="MinReportedAdjustmentPPM">800.00000</Data>
</EventData>
</Event>

<Event xmlns="http://schemas.microsoft.com/win/2004/08/events/event"><System><Provider Name="Microsoft-Windows-Time-Service" Guid="{06edcfeb-0fd0-4e53-acca-a6f8bbf81bcb}"></Provider>
<EventID Qualifiers="">262</EventID>
<Version>0</Version>
<Level>4</Level>
<Task>0</Task>
<Opcode>0</Opcode>
<Keywords>0x4000000000000000</Keywords>
<TimeCreated SystemTime="2020-10-22 20:57:45.305227"></TimeCreated>
<EventRecordID>55</EventRecordID>
<Correlation ActivityID="" RelatedActivityID=""></Correlation>
<Execution ProcessID="2200" ThreadID="2388"></Execution>
<Channel>Microsoft-Windows-Time-Service/Operational</Channel>
<Computer>WIN-PTFPHFCRDJ0</Computer>
<Security UserID="S-1-5-19"></Security>
</System>
<EventData Name="TMP_OPS_SET_TIME_ADJUSTMENT"><Data Name="AdjustmentPPM">-20802.19922</Data>
<Data Name="NewClockRate">159500</Data>
<Data Name="OldClockRate">159717</Data>
<Data Name="TickCount">32140</Data>
<Data Name="MinReportedAdjustmentPPM">800.00000</Data>
</EventData>
</Event>

<Event xmlns="http://schemas.microsoft.com/win/2004/08/events/event"><System><Provider Name="Microsoft-Windows-Time-Service" Guid="{06edcfeb-0fd0-4e53-acca-a6f8bbf81bcb}"></Provider>
<EventID Qualifiers="">262</EventID>
<Version>0</Version>
<Level>4</Level>
<Task>0</Task>
<Opcode>0</Opcode>
<Keywords>0x4000000000000000</Keywords>
<TimeCreated SystemTime="2020-10-22 20:57:46.285355"></TimeCreated>
<EventRecordID>56</EventRecordID>
<Correlation ActivityID="" RelatedActivityID=""></Correlation>
<Execution ProcessID="2200" ThreadID="2388"></Execution>
<Channel>Microsoft-Windows-Time-Service/Operational</Channel>
<Computer>WIN-PTFPHFCRDJ0</Computer>
<Security UserID="S-1-5-19"></Security>
</System>
<EventData Name="TMP_OPS_SET_TIME_ADJUSTMENT"><Data Name="AdjustmentPPM">-19502.00000</Data>
<Data Name="NewClockRate">159297</Data>
<Data Name="OldClockRate">159500</Data>
<Data Name="TickCount">33140</Data>
<Data Name="MinReportedAdjustmentPPM">800.00000</Data>
</EventData>
</Event>

<Event xmlns="http://schemas.microsoft.com/win/2004/08/events/event"><System><Provider Name="Microsoft-Windows-Time-Service" Guid="{06edcfeb-0fd0-4e53-acca-a6f8bbf81bcb}"></Provider>
<EventID Qualifiers="">262</EventID>
<Version>0</Version>
<Level>4</Level>
<Task>0</Task>
<Opcode>0</Opcode>
<Keywords>0x4000000000000000</Keywords>
<TimeCreated SystemTime="2020-10-22 20:57:47.267328"></TimeCreated>
<EventRecordID>57</EventRecordID>
<Correlation ActivityID="" RelatedActivityID=""></Correlation>
<Execution ProcessID="2200" ThreadID="2388"></Execution>
<Channel>Microsoft-Windows-Time-Service/Operational</Channel>
<Computer>WIN-PTFPHFCRDJ0</Computer>
<Security UserID="S-1-5-19"></Security>
</System>
<EventData Name="TMP_OPS_SET_TIME_ADJUSTMENT"><Data Name="AdjustmentPPM">-18283.10156</Data>
<Data Name="NewClockRate">159106</Data>
<Data Name="OldClockRate">159297</Data>
<Data Name="TickCount">34140</Data>
<Data Name="MinReportedAdjustmentPPM">800.00000</Data>
</EventData>
</Event>

<Event xmlns="http://schemas.microsoft.com/win/2004/08/events/event"><System><Provider Name="Microsoft-Windows-Time-Service" Guid="{06edcfeb-0fd0-4e53-acca-a6f8bbf81bcb}"></Provider>
<EventID Qualifiers="">262</EventID>
<Version>0</Version>
<Level>4</Level>
<Task>0</Task>
<Opcode>0</Opcode>
<Keywords>0x4000000000000000</Keywords>
<TimeCreated SystemTime="2020-10-22 20:57:48.251537"></TimeCreated>
<EventRecordID>58</EventRecordID>
<Correlation ActivityID="" RelatedActivityID=""></Correlation>
<Execution ProcessID="2200" ThreadID="2388"></Execution>
<Channel>Microsoft-Windows-Time-Service/Operational</Channel>
<Computer>WIN-PTFPHFCRDJ0</Computer>
<Security UserID="S-1-5-19"></Security>
</System>
<EventData Name="TMP_OPS_SET_TIME_ADJUSTMENT"><Data Name="AdjustmentPPM">-17140.50000</Data>
<Data Name="NewClockRate">158928</Data>
<Data Name="OldClockRate">159106</Data>
<Data Name="TickCount">35156</Data>
<Data Name="MinReportedAdjustmentPPM">800.00000</Data>
</EventData>
</Event>

<Event xmlns="http://schemas.microsoft.com/win/2004/08/events/event"><System><Provider Name="Microsoft-Windows-Time-Service" Guid="{06edcfeb-0fd0-4e53-acca-a6f8bbf81bcb}"></Provider>
<EventID Qualifiers="">262</EventID>
<Version>0</Version>
<Level>4</Level>
<Task>0</Task>
<Opcode>0</Opcode>
<Keywords>0x4000000000000000</Keywords>
<TimeCreated SystemTime="2020-10-22 20:57:49.250538"></TimeCreated>
<EventRecordID>59</EventRecordID>
<Correlation ActivityID="" RelatedActivityID=""></Correlation>
<Execution ProcessID="2200" ThreadID="2388"></Execution>
<Channel>Microsoft-Windows-Time-Service/Operational</Channel>
<Computer>WIN-PTFPHFCRDJ0</Computer>
<Security UserID="S-1-5-19"></Security>
</System>
<EventData Name="TMP_OPS_SET_TIME_ADJUSTMENT"><Data Name="AdjustmentPPM">-16069.20020</Data>
<Data Name="NewClockRate">158760</Data>
<Data Name="OldClockRate">158928</Data>
<Data Name="TickCount">36171</Data>
<Data Name="MinReportedAdjustmentPPM">800.00000</Data>
</EventData>
</Event>

<Event xmlns="http://schemas.microsoft.com/win/2004/08/events/event"><System><Provider Name="Microsoft-Windows-Time-Service" Guid="{06edcfeb-0fd0-4e53-acca-a6f8bbf81bcb}"></Provider>
<EventID Qualifiers="">262</EventID>
<Version>0</Version>
<Level>4</Level>
<Task>0</Task>
<Opcode>0</Opcode>
<Keywords>0x4000000000000000</Keywords>
<TimeCreated SystemTime="2020-10-22 20:57:50.249514"></TimeCreated>
<EventRecordID>60</EventRecordID>
<Correlation ActivityID="" RelatedActivityID=""></Correlation>
<Execution ProcessID="2200" ThreadID="2388"></Execution>
<Channel>Microsoft-Windows-Time-Service/Operational</Channel>
<Computer>WIN-PTFPHFCRDJ0</Computer>
<Security UserID="S-1-5-19"></Security>
</System>
<EventData Name="TMP_OPS_SET_TIME_ADJUSTMENT"><Data Name="AdjustmentPPM">-15064.79980</Data>
<Data Name="NewClockRate">158603</Data>
<Data Name="OldClockRate">158760</Data>
<Data Name="TickCount">37171</Data>
<Data Name="MinReportedAdjustmentPPM">800.00000</Data>
</EventData>
</Event>

<Event xmlns="http://schemas.microsoft.com/win/2004/08/events/event"><System><Provider Name="Microsoft-Windows-Time-Service" Guid="{06edcfeb-0fd0-4e53-acca-a6f8bbf81bcb}"></Provider>
<EventID Qualifiers="">262</EventID>
<Version>0</Version>
<Level>4</Level>
<Task>0</Task>
<Opcode>0</Opcode>
<Keywords>0x4000000000000000</Keywords>
<TimeCreated SystemTime="2020-10-22 20:57:51.250328"></TimeCreated>
<EventRecordID>61</EventRecordID>
<Correlation ActivityID="" RelatedActivityID=""></Correlation>
<Execution ProcessID="2200" ThreadID="2388"></Execution>
<Channel>Microsoft-Windows-Time-Service/Operational</Channel>
<Computer>WIN-PTFPHFCRDJ0</Computer>
<Security UserID="S-1-5-19"></Security>
</System>
<EventData Name="TMP_OPS_SET_TIME_ADJUSTMENT"><Data Name="AdjustmentPPM">-14123.29980</Data>
<Data Name="NewClockRate">158456</Data>
<Data Name="OldClockRate">158603</Data>
<Data Name="TickCount">38203</Data>
<Data Name="MinReportedAdjustmentPPM">800.00000</Data>
</EventData>
</Event>

<Event xmlns="http://schemas.microsoft.com/win/2004/08/events/event"><System><Provider Name="Microsoft-Windows-Time-Service" Guid="{06edcfeb-0fd0-4e53-acca-a6f8bbf81bcb}"></Provider>
<EventID Qualifiers="">262</EventID>
<Version>0</Version>
<Level>4</Level>
<Task>0</Task>
<Opcode>0</Opcode>
<Keywords>0x4000000000000000</Keywords>
<TimeCreated SystemTime="2020-10-22 20:57:52.251442"></TimeCreated>
<EventRecordID>62</EventRecordID>
<Correlation ActivityID="" RelatedActivityID=""></Correlation>
<Execution ProcessID="2200" ThreadID="2388"></Execution>
<Channel>Microsoft-Windows-Time-Service/Operational</Channel>
<Computer>WIN-PTFPHFCRDJ0</Computer>
<Security UserID="S-1-5-19"></Security>
</System>
<EventData Name="TMP_OPS_SET_TIME_ADJUSTMENT"><Data Name="AdjustmentPPM">-13240.59961</Data>
<Data Name="NewClockRate">158318</Data>
<Data Name="OldClockRate">158456</Data>
<Data Name="TickCount">39218</Data>
<Data Name="MinReportedAdjustmentPPM">800.00000</Data>
</EventData>
</Event>

<Event xmlns="http://schemas.microsoft.com/win/2004/08/events/event"><System><Provider Name="Microsoft-Windows-Time-Service" Guid="{06edcfeb-0fd0-4e53-acca-a6f8bbf81bcb}"></Provider>
<EventID Qualifiers="">262</EventID>
<Version>0</Version>
<Level>4</Level>
<Task>0</Task>
<Opcode>0</Opcode>
<Keywords>0x4000000000000000</Keywords>
<TimeCreated SystemTime="2020-10-22 20:57:53.238377"></TimeCreated>
<EventRecordID>63</EventRecordID>
<Correlation ActivityID="" RelatedActivityID=""></Correlation>
<Execution ProcessID="2200" ThreadID="2388"></Execution>
<Channel>Microsoft-Windows-Time-Service/Operational</Channel>
<Computer>WIN-PTFPHFCRDJ0</Computer>
<Security UserID="S-1-5-19"></Security>
</System>
<EventData Name="TMP_OPS_SET_TIME_ADJUSTMENT"><Data Name="AdjustmentPPM">-12413.10059</Data>
<Data Name="NewClockRate">158189</Data>
<Data Name="OldClockRate">158318</Data>
<Data Name="TickCount">40218</Data>
<Data Name="MinReportedAdjustmentPPM">800.00000</Data>
</EventData>
</Event>

<Event xmlns="http://schemas.microsoft.com/win/2004/08/events/event"><System><Provider Name="Microsoft-Windows-Time-Service" Guid="{06edcfeb-0fd0-4e53-acca-a6f8bbf81bcb}"></Provider>
<EventID Qualifiers="">262</EventID>
<Version>0</Version>
<Level>4</Level>
<Task>0</Task>
<Opcode>0</Opcode>
<Keywords>0x4000000000000000</Keywords>
<TimeCreated SystemTime="2020-10-22 20:57:54.241928"></TimeCreated>
<EventRecordID>64</EventRecordID>
<Correlation ActivityID="" RelatedActivityID=""></Correlation>
<Execution ProcessID="2200" ThreadID="2388"></Execution>
<Channel>Microsoft-Windows-Time-Service/Operational</Channel>
<Computer>WIN-PTFPHFCRDJ0</Computer>
<Security UserID="S-1-5-19"></Security>
</System>
<EventData Name="TMP_OPS_SET_TIME_ADJUSTMENT"><Data Name="AdjustmentPPM">-11637.19922</Data>
<Data Name="NewClockRate">158068</Data>
<Data Name="OldClockRate">158189</Data>
<Data Name="TickCount">41234</Data>
<Data Name="MinReportedAdjustmentPPM">800.00000</Data>
</EventData>
</Event>

<Event xmlns="http://schemas.microsoft.com/win/2004/08/events/event"><System><Provider Name="Microsoft-Windows-Time-Service" Guid="{06edcfeb-0fd0-4e53-acca-a6f8bbf81bcb}"></Provider>
<EventID Qualifiers="">262</EventID>
<Version>0</Version>
<Level>4</Level>
<Task>0</Task>
<Opcode>0</Opcode>
<Keywords>0x4000000000000000</Keywords>
<TimeCreated SystemTime="2020-10-22 20:57:55.245552"></TimeCreated>
<EventRecordID>65</EventRecordID>
<Correlation ActivityID="" RelatedActivityID=""></Correlation>
<Execution ProcessID="2200" ThreadID="2388"></Execution>
<Channel>Microsoft-Windows-Time-Service/Operational</Channel>
<Computer>WIN-PTFPHFCRDJ0</Computer>
<Security UserID="S-1-5-19"></Security>
</System>
<EventData Name="TMP_OPS_SET_TIME_ADJUSTMENT"><Data Name="AdjustmentPPM">-10909.90039</Data>
<Data Name="NewClockRate">157954</Data>
<Data Name="OldClockRate">158068</Data>
<Data Name="TickCount">42250</Data>
<Data Name="MinReportedAdjustmentPPM">800.00000</Data>
</EventData>
</Event>

<Event xmlns="http://schemas.microsoft.com/win/2004/08/events/event"><System><Provider Name="Microsoft-Windows-Time-Service" Guid="{06edcfeb-0fd0-4e53-acca-a6f8bbf81bcb}"></Provider>
<EventID Qualifiers="">262</EventID>
<Version>0</Version>
<Level>4</Level>
<Task>0</Task>
<Opcode>0</Opcode>
<Keywords>0x4000000000000000</Keywords>
<TimeCreated SystemTime="2020-10-22 20:57:56.244238"></TimeCreated>
<EventRecordID>66</EventRecordID>
<Correlation ActivityID="" RelatedActivityID=""></Correlation>
<Execution ProcessID="2200" ThreadID="2388"></Execution>
<Channel>Microsoft-Windows-Time-Service/Operational</Channel>
<Computer>WIN-PTFPHFCRDJ0</Computer>
<Security UserID="S-1-5-19"></Security>
</System>
<EventData Name="TMP_OPS_SET_TIME_ADJUSTMENT"><Data Name="AdjustmentPPM">-10228.00000</Data>
<Data Name="NewClockRate">157848</Data>
<Data Name="OldClockRate">157954</Data>
<Data Name="TickCount">43250</Data>
<Data Name="MinReportedAdjustmentPPM">800.00000</Data>
</EventData>
</Event>

<Event xmlns="http://schemas.microsoft.com/win/2004/08/events/event"><System><Provider Name="Microsoft-Windows-Time-Service" Guid="{06edcfeb-0fd0-4e53-acca-a6f8bbf81bcb}"></Provider>
<EventID Qualifiers="">262</EventID>
<Version>0</Version>
<Level>4</Level>
<Task>0</Task>
<Opcode>0</Opcode>
<Keywords>0x4000000000000000</Keywords>
<TimeCreated SystemTime="2020-10-22 20:57:57.237148"></TimeCreated>
<EventRecordID>67</EventRecordID>
<Correlation ActivityID="" RelatedActivityID=""></Correlation>
<Execution ProcessID="2200" ThreadID="2388"></Execution>
<Channel>Microsoft-Windows-Time-Service/Operational</Channel>
<Computer>WIN-PTFPHFCRDJ0</Computer>
<Security UserID="S-1-5-19"></Security>
</System>
<EventData Name="TMP_OPS_SET_TIME_ADJUSTMENT"><Data Name="AdjustmentPPM">-9588.80078</Data>
<Data Name="NewClockRate">157748</Data>
<Data Name="OldClockRate">157848</Data>
<Data Name="TickCount">44250</Data>
<Data Name="MinReportedAdjustmentPPM">800.00000</Data>
</EventData>
</Event>

<Event xmlns="http://schemas.microsoft.com/win/2004/08/events/event"><System><Provider Name="Microsoft-Windows-Time-Service" Guid="{06edcfeb-0fd0-4e53-acca-a6f8bbf81bcb}"></Provider>
<EventID Qualifiers="">262</EventID>
<Version>0</Version>
<Level>4</Level>
<Task>0</Task>
<Opcode>0</Opcode>
<Keywords>0x4000000000000000</Keywords>
<TimeCreated SystemTime="2020-10-22 20:57:58.228273"></TimeCreated>
<EventRecordID>68</EventRecordID>
<Correlation ActivityID="" RelatedActivityID=""></Correlation>
<Execution ProcessID="2200" ThreadID="2388"></Execution>
<Channel>Microsoft-Windows-Time-Service/Operational</Channel>
<Computer>WIN-PTFPHFCRDJ0</Computer>
<Security UserID="S-1-5-19"></Security>
</System>
<EventData Name="TMP_OPS_SET_TIME_ADJUSTMENT"><Data Name="AdjustmentPPM">-8989.50000</Data>
<Data Name="NewClockRate">157654</Data>
<Data Name="OldClockRate">157748</Data>
<Data Name="TickCount">45250</Data>
<Data Name="MinReportedAdjustmentPPM">800.00000</Data>
</EventData>
</Event>

<Event xmlns="http://schemas.microsoft.com/win/2004/08/events/event"><System><Provider Name="Microsoft-Windows-Time-Service" Guid="{06edcfeb-0fd0-4e53-acca-a6f8bbf81bcb}"></Provider>
<EventID Qualifiers="">262</EventID>
<Version>0</Version>
<Level>4</Level>
<Task>0</Task>
<Opcode>0</Opcode>
<Keywords>0x4000000000000000</Keywords>
<TimeCreated SystemTime="2020-10-22 20:57:59.237869"></TimeCreated>
<EventRecordID>69</EventRecordID>
<Correlation ActivityID="" RelatedActivityID=""></Correlation>
<Execution ProcessID="2200" ThreadID="2388"></Execution>
<Channel>Microsoft-Windows-Time-Service/Operational</Channel>
<Computer>WIN-PTFPHFCRDJ0</Computer>
<Security UserID="S-1-5-19"></Security>
</System>
<EventData Name="TMP_OPS_SET_TIME_ADJUSTMENT"><Data Name="AdjustmentPPM">-8427.60059</Data>
<Data Name="NewClockRate">157566</Data>
<Data Name="OldClockRate">157654</Data>
<Data Name="TickCount">46281</Data>
<Data Name="MinReportedAdjustmentPPM">800.00000</Data>
</EventData>
</Event>

<Event xmlns="http://schemas.microsoft.com/win/2004/08/events/event"><System><Provider Name="Microsoft-Windows-Time-Service" Guid="{06edcfeb-0fd0-4e53-acca-a6f8bbf81bcb}"></Provider>
<EventID Qualifiers="">262</EventID>
<Version>0</Version>
<Level>4</Level>
<Task>0</Task>
<Opcode>0</Opcode>
<Keywords>0x4000000000000000</Keywords>
<TimeCreated SystemTime="2020-10-22 20:58:00.244640"></TimeCreated>
<EventRecordID>70</EventRecordID>
<Correlation ActivityID="" RelatedActivityID=""></Correlation>
<Execution ProcessID="2200" ThreadID="2388"></Execution>
<Channel>Microsoft-Windows-Time-Service/Operational</Channel>
<Computer>WIN-PTFPHFCRDJ0</Computer>
<Security UserID="S-1-5-19"></Security>
</System>
<EventData Name="TMP_OPS_SET_TIME_ADJUSTMENT"><Data Name="AdjustmentPPM">-7900.90039</Data>
<Data Name="NewClockRate">157484</Data>
<Data Name="OldClockRate">157566</Data>
<Data Name="TickCount">47296</Data>
<Data Name="MinReportedAdjustmentPPM">800.00000</Data>
</EventData>
</Event>

<Event xmlns="http://schemas.microsoft.com/win/2004/08/events/event"><System><Provider Name="Microsoft-Windows-Time-Service" Guid="{06edcfeb-0fd0-4e53-acca-a6f8bbf81bcb}"></Provider>
<EventID Qualifiers="">262</EventID>
<Version>0</Version>
<Level>4</Level>
<Task>0</Task>
<Opcode>0</Opcode>
<Keywords>0x4000000000000000</Keywords>
<TimeCreated SystemTime="2020-10-22 20:58:01.260122"></TimeCreated>
<EventRecordID>71</EventRecordID>
<Correlation ActivityID="" RelatedActivityID=""></Correlation>
<Execution ProcessID="2200" ThreadID="2388"></Execution>
<Channel>Microsoft-Windows-Time-Service/Operational</Channel>
<Computer>WIN-PTFPHFCRDJ0</Computer>
<Security UserID="S-1-5-19"></Security>
</System>
<EventData Name="TMP_OPS_SET_TIME_ADJUSTMENT"><Data Name="AdjustmentPPM">-7407.10010</Data>
<Data Name="NewClockRate">157407</Data>
<Data Name="OldClockRate">157484</Data>
<Data Name="TickCount">48296</Data>
<Data Name="MinReportedAdjustmentPPM">800.00000</Data>
</EventData>
</Event>

<Event xmlns="http://schemas.microsoft.com/win/2004/08/events/event"><System><Provider Name="Microsoft-Windows-Time-Service" Guid="{06edcfeb-0fd0-4e53-acca-a6f8bbf81bcb}"></Provider>
<EventID Qualifiers="">262</EventID>
<Version>0</Version>
<Level>4</Level>
<Task>0</Task>
<Opcode>0</Opcode>
<Keywords>0x4000000000000000</Keywords>
<TimeCreated SystemTime="2020-10-22 20:58:02.242361"></TimeCreated>
<EventRecordID>72</EventRecordID>
<Correlation ActivityID="" RelatedActivityID=""></Correlation>
<Execution ProcessID="2200" ThreadID="2388"></Execution>
<Channel>Microsoft-Windows-Time-Service/Operational</Channel>
<Computer>WIN-PTFPHFCRDJ0</Computer>
<Security UserID="S-1-5-19"></Security>
</System>
<EventData Name="TMP_OPS_SET_TIME_ADJUSTMENT"><Data Name="AdjustmentPPM">-6944.20020</Data>
<Data Name="NewClockRate">157335</Data>
<Data Name="OldClockRate">157407</Data>
<Data Name="TickCount">49296</Data>
<Data Name="MinReportedAdjustmentPPM">800.00000</Data>
</EventData>
</Event>

<Event xmlns="http://schemas.microsoft.com/win/2004/08/events/event"><System><Provider Name="Microsoft-Windows-Time-Service" Guid="{06edcfeb-0fd0-4e53-acca-a6f8bbf81bcb}"></Provider>
<EventID Qualifiers="">262</EventID>
<Version>0</Version>
<Level>4</Level>
<Task>0</Task>
<Opcode>0</Opcode>
<Keywords>0x4000000000000000</Keywords>
<TimeCreated SystemTime="2020-10-22 20:58:03.251032"></TimeCreated>
<EventRecordID>73</EventRecordID>
<Correlation ActivityID="" RelatedActivityID=""></Correlation>
<Execution ProcessID="2200" ThreadID="2388"></Execution>
<Channel>Microsoft-Windows-Time-Service/Operational</Channel>
<Computer>WIN-PTFPHFCRDJ0</Computer>
<Security UserID="S-1-5-19"></Security>
</System>
<EventData Name="TMP_OPS_SET_TIME_ADJUSTMENT"><Data Name="AdjustmentPPM">-6510.20020</Data>
<Data Name="NewClockRate">157267</Data>
<Data Name="OldClockRate">157335</Data>
<Data Name="TickCount">50312</Data>
<Data Name="MinReportedAdjustmentPPM">800.00000</Data>
</EventData>
</Event>

<Event xmlns="http://schemas.microsoft.com/win/2004/08/events/event"><System><Provider Name="Microsoft-Windows-Time-Service" Guid="{06edcfeb-0fd0-4e53-acca-a6f8bbf81bcb}"></Provider>
<EventID Qualifiers="">262</EventID>
<Version>0</Version>
<Level>4</Level>
<Task>0</Task>
<Opcode>0</Opcode>
<Keywords>0x4000000000000000</Keywords>
<TimeCreated SystemTime="2020-10-22 20:58:04.247011"></TimeCreated>
<EventRecordID>74</EventRecordID>
<Correlation ActivityID="" RelatedActivityID=""></Correlation>
<Execution ProcessID="2200" ThreadID="2388"></Execution>
<Channel>Microsoft-Windows-Time-Service/Operational</Channel>
<Computer>WIN-PTFPHFCRDJ0</Computer>
<Security UserID="S-1-5-19"></Security>
</System>
<EventData Name="TMP_OPS_SET_TIME_ADJUSTMENT"><Data Name="AdjustmentPPM">-6103.29980</Data>
<Data Name="NewClockRate">157203</Data>
<Data Name="OldClockRate">157267</Data>
<Data Name="TickCount">51328</Data>
<Data Name="MinReportedAdjustmentPPM">800.00000</Data>
</EventData>
</Event>

<Event xmlns="http://schemas.microsoft.com/win/2004/08/events/event"><System><Provider Name="Microsoft-Windows-Time-Service" Guid="{06edcfeb-0fd0-4e53-acca-a6f8bbf81bcb}"></Provider>
<EventID Qualifiers="">262</EventID>
<Version>0</Version>
<Level>4</Level>
<Task>0</Task>
<Opcode>0</Opcode>
<Keywords>0x4000000000000000</Keywords>
<TimeCreated SystemTime="2020-10-22 20:58:05.253740"></TimeCreated>
<EventRecordID>75</EventRecordID>
<Correlation ActivityID="" RelatedActivityID=""></Correlation>
<Execution ProcessID="2200" ThreadID="2388"></Execution>
<Channel>Microsoft-Windows-Time-Service/Operational</Channel>
<Computer>WIN-PTFPHFCRDJ0</Computer>
<Security UserID="S-1-5-19"></Security>
</System>
<EventData Name="TMP_OPS_SET_TIME_ADJUSTMENT"><Data Name="AdjustmentPPM">-5721.79980</Data>
<Data Name="NewClockRate">157144</Data>
<Data Name="OldClockRate">157203</Data>
<Data Name="TickCount">52328</Data>
<Data Name="MinReportedAdjustmentPPM">800.00000</Data>
</EventData>
</Event>

<Event xmlns="http://schemas.microsoft.com/win/2004/08/events/event"><System><Provider Name="Microsoft-Windows-Time-Service" Guid="{06edcfeb-0fd0-4e53-acca-a6f8bbf81bcb}"></Provider>
<EventID Qualifiers="">262</EventID>
<Version>0</Version>
<Level>4</Level>
<Task>0</Task>
<Opcode>0</Opcode>
<Keywords>0x4000000000000000</Keywords>
<TimeCreated SystemTime="2020-10-22 20:58:06.249403"></TimeCreated>
<EventRecordID>76</EventRecordID>
<Correlation ActivityID="" RelatedActivityID=""></Correlation>
<Execution ProcessID="2200" ThreadID="2388"></Execution>
<Channel>Microsoft-Windows-Time-Service/Operational</Channel>
<Computer>WIN-PTFPHFCRDJ0</Computer>
<Security UserID="S-1-5-19"></Security>
</System>
<EventData Name="TMP_OPS_SET_TIME_ADJUSTMENT"><Data Name="AdjustmentPPM">-5364.20020</Data>
<Data Name="NewClockRate">157088</Data>
<Data Name="OldClockRate">157144</Data>
<Data Name="TickCount">53328</Data>
<Data Name="MinReportedAdjustmentPPM">800.00000</Data>
</EventData>
</Event>

<Event xmlns="http://schemas.microsoft.com/win/2004/08/events/event"><System><Provider Name="Microsoft-Windows-Time-Service" Guid="{06edcfeb-0fd0-4e53-acca-a6f8bbf81bcb}"></Provider>
<EventID Qualifiers="">262</EventID>
<Version>0</Version>
<Level>4</Level>
<Task>0</Task>
<Opcode>0</Opcode>
<Keywords>0x4000000000000000</Keywords>
<TimeCreated SystemTime="2020-10-22 20:58:07.257784"></TimeCreated>
<EventRecordID>77</EventRecordID>
<Correlation ActivityID="" RelatedActivityID=""></Correlation>
<Execution ProcessID="2200" ThreadID="2388"></Execution>
<Channel>Microsoft-Windows-Time-Service/Operational</Channel>
<Computer>WIN-PTFPHFCRDJ0</Computer>
<Security UserID="S-1-5-19"></Security>
</System>
<EventData Name="TMP_OPS_SET_TIME_ADJUSTMENT"><Data Name="AdjustmentPPM">-5028.90039</Data>
<Data Name="NewClockRate">157035</Data>
<Data Name="OldClockRate">157088</Data>
<Data Name="TickCount">54343</Data>
<Data Name="MinReportedAdjustmentPPM">800.00000</Data>
</EventData>
</Event>

<Event xmlns="http://schemas.microsoft.com/win/2004/08/events/event"><System><Provider Name="Microsoft-Windows-Time-Service" Guid="{06edcfeb-0fd0-4e53-acca-a6f8bbf81bcb}"></Provider>
<EventID Qualifiers="">262</EventID>
<Version>0</Version>
<Level>4</Level>
<Task>0</Task>
<Opcode>0</Opcode>
<Keywords>0x4000000000000000</Keywords>
<TimeCreated SystemTime="2020-10-22 20:58:08.271469"></TimeCreated>
<EventRecordID>78</EventRecordID>
<Correlation ActivityID="" RelatedActivityID=""></Correlation>
<Execution ProcessID="2200" ThreadID="2388"></Execution>
<Channel>Microsoft-Windows-Time-Service/Operational</Channel>
<Computer>WIN-PTFPHFCRDJ0</Computer>
<Security UserID="S-1-5-19"></Security>
</System>
<EventData Name="TMP_OPS_SET_TIME_ADJUSTMENT"><Data Name="AdjustmentPPM">-4714.59961</Data>
<Data Name="NewClockRate">156986</Data>
<Data Name="OldClockRate">157035</Data>
<Data Name="TickCount">55375</Data>
<Data Name="MinReportedAdjustmentPPM">800.00000</Data>
</EventData>
</Event>

<Event xmlns="http://schemas.microsoft.com/win/2004/08/events/event"><System><Provider Name="Microsoft-Windows-Time-Service" Guid="{06edcfeb-0fd0-4e53-acca-a6f8bbf81bcb}"></Provider>
<EventID Qualifiers="">262</EventID>
<Version>0</Version>
<Level>4</Level>
<Task>0</Task>
<Opcode>0</Opcode>
<Keywords>0x4000000000000000</Keywords>
<TimeCreated SystemTime="2020-10-22 20:58:09.279778"></TimeCreated>
<EventRecordID>79</EventRecordID>
<Correlation ActivityID="" RelatedActivityID=""></Correlation>
<Execution ProcessID="2200" ThreadID="2388"></Execution>
<Channel>Microsoft-Windows-Time-Service/Operational</Channel>
<Computer>WIN-PTFPHFCRDJ0</Computer>
<Security UserID="S-1-5-19"></Security>
</System>
<EventData Name="TMP_OPS_SET_TIME_ADJUSTMENT"><Data Name="AdjustmentPPM">-4420.00000</Data>
<Data Name="NewClockRate">156940</Data>
<Data Name="OldClockRate">156986</Data>
<Data Name="TickCount">56375</Data>
<Data Name="MinReportedAdjustmentPPM">800.00000</Data>
</EventData>
</Event>

<Event xmlns="http://schemas.microsoft.com/win/2004/08/events/event"><System><Provider Name="Microsoft-Windows-Time-Service" Guid="{06edcfeb-0fd0-4e53-acca-a6f8bbf81bcb}"></Provider>
<EventID Qualifiers="">262</EventID>
<Version>0</Version>
<Level>4</Level>
<Task>0</Task>
<Opcode>0</Opcode>
<Keywords>0x4000000000000000</Keywords>
<TimeCreated SystemTime="2020-10-22 20:58:10.291052"></TimeCreated>
<EventRecordID>80</EventRecordID>
<Correlation ActivityID="" RelatedActivityID=""></Correlation>
<Execution ProcessID="2200" ThreadID="2388"></Execution>
<Channel>Microsoft-Windows-Time-Service/Operational</Channel>
<Computer>WIN-PTFPHFCRDJ0</Computer>
<Security UserID="S-1-5-19"></Security>
</System>
<EventData Name="TMP_OPS_SET_TIME_ADJUSTMENT"><Data Name="AdjustmentPPM">-4143.70020</Data>
<Data Name="NewClockRate">156897</Data>
<Data Name="OldClockRate">156940</Data>
<Data Name="TickCount">57390</Data>
<Data Name="MinReportedAdjustmentPPM">800.00000</Data>
</EventData>
</Event>

<Event xmlns="http://schemas.microsoft.com/win/2004/08/events/event"><System><Provider Name="Microsoft-Windows-Time-Service" Guid="{06edcfeb-0fd0-4e53-acca-a6f8bbf81bcb}"></Provider>
<EventID Qualifiers="">262</EventID>
<Version>0</Version>
<Level>4</Level>
<Task>0</Task>
<Opcode>0</Opcode>
<Keywords>0x4000000000000000</Keywords>
<TimeCreated SystemTime="2020-10-22 20:58:11.302071"></TimeCreated>
<EventRecordID>81</EventRecordID>
<Correlation ActivityID="" RelatedActivityID=""></Correlation>
<Execution ProcessID="2200" ThreadID="2388"></Execution>
<Channel>Microsoft-Windows-Time-Service/Operational</Channel>
<Computer>WIN-PTFPHFCRDJ0</Computer>
<Security UserID="S-1-5-19"></Security>
</System>
<EventData Name="TMP_OPS_SET_TIME_ADJUSTMENT"><Data Name="AdjustmentPPM">-3884.69995</Data>
<Data Name="NewClockRate">156856</Data>
<Data Name="OldClockRate">156897</Data>
<Data Name="TickCount">58406</Data>
<Data Name="MinReportedAdjustmentPPM">800.00000</Data>
</EventData>
</Event>

<Event xmlns="http://schemas.microsoft.com/win/2004/08/events/event"><System><Provider Name="Microsoft-Windows-Time-Service" Guid="{06edcfeb-0fd0-4e53-acca-a6f8bbf81bcb}"></Provider>
<EventID Qualifiers="">262</EventID>
<Version>0</Version>
<Level>4</Level>
<Task>0</Task>
<Opcode>0</Opcode>
<Keywords>0x4000000000000000</Keywords>
<TimeCreated SystemTime="2020-10-22 20:58:12.299345"></TimeCreated>
<EventRecordID>82</EventRecordID>
<Correlation ActivityID="" RelatedActivityID=""></Correlation>
<Execution ProcessID="2200" ThreadID="2388"></Execution>
<Channel>Microsoft-Windows-Time-Service/Operational</Channel>
<Computer>WIN-PTFPHFCRDJ0</Computer>
<Security UserID="S-1-5-19"></Security>
</System>
<EventData Name="TMP_OPS_SET_TIME_ADJUSTMENT"><Data Name="AdjustmentPPM">-3641.89990</Data>
<Data Name="NewClockRate">156819</Data>
<Data Name="OldClockRate">156856</Data>
<Data Name="TickCount">59406</Data>
<Data Name="MinReportedAdjustmentPPM">800.00000</Data>
</EventData>
</Event>

<Event xmlns="http://schemas.microsoft.com/win/2004/08/events/event"><System><Provider Name="Microsoft-Windows-Time-Service" Guid="{06edcfeb-0fd0-4e53-acca-a6f8bbf81bcb}"></Provider>
<EventID Qualifiers="">262</EventID>
<Version>0</Version>
<Level>4</Level>
<Task>0</Task>
<Opcode>0</Opcode>
<Keywords>0x4000000000000000</Keywords>
<TimeCreated SystemTime="2020-10-22 20:58:13.310083"></TimeCreated>
<EventRecordID>83</EventRecordID>
<Correlation ActivityID="" RelatedActivityID=""></Correlation>
<Execution ProcessID="2200" ThreadID="2388"></Execution>
<Channel>Microsoft-Windows-Time-Service/Operational</Channel>
<Computer>WIN-PTFPHFCRDJ0</Computer>
<Security UserID="S-1-5-19"></Security>
</System>
<EventData Name="TMP_OPS_SET_TIME_ADJUSTMENT"><Data Name="AdjustmentPPM">-3414.30005</Data>
<Data Name="NewClockRate">156783</Data>
<Data Name="OldClockRate">156819</Data>
<Data Name="TickCount">60421</Data>
<Data Name="MinReportedAdjustmentPPM">800.00000</Data>
</EventData>
</Event>

<Event xmlns="http://schemas.microsoft.com/win/2004/08/events/event"><System><Provider Name="Microsoft-Windows-Time-Service" Guid="{06edcfeb-0fd0-4e53-acca-a6f8bbf81bcb}"></Provider>
<EventID Qualifiers="">262</EventID>
<Version>0</Version>
<Level>4</Level>
<Task>0</Task>
<Opcode>0</Opcode>
<Keywords>0x4000000000000000</Keywords>
<TimeCreated SystemTime="2020-10-22 20:58:14.306875"></TimeCreated>
<EventRecordID>84</EventRecordID>
<Correlation ActivityID="" RelatedActivityID=""></Correlation>
<Execution ProcessID="2200" ThreadID="2388"></Execution>
<Channel>Microsoft-Windows-Time-Service/Operational</Channel>
<Computer>WIN-PTFPHFCRDJ0</Computer>
<Security UserID="S-1-5-19"></Security>
</System>
<EventData Name="TMP_OPS_SET_TIME_ADJUSTMENT"><Data Name="AdjustmentPPM">-3200.90015</Data>
<Data Name="NewClockRate">156750</Data>
<Data Name="OldClockRate">156783</Data>
<Data Name="TickCount">61421</Data>
<Data Name="MinReportedAdjustmentPPM">800.00000</Data>
</EventData>
</Event>

<Event xmlns="http://schemas.microsoft.com/win/2004/08/events/event"><System><Provider Name="Microsoft-Windows-Time-Service" Guid="{06edcfeb-0fd0-4e53-acca-a6f8bbf81bcb}"></Provider>
<EventID Qualifiers="">262</EventID>
<Version>0</Version>
<Level>4</Level>
<Task>0</Task>
<Opcode>0</Opcode>
<Keywords>0x4000000000000000</Keywords>
<TimeCreated SystemTime="2020-10-22 20:58:15.319174"></TimeCreated>
<EventRecordID>85</EventRecordID>
<Correlation ActivityID="" RelatedActivityID=""></Correlation>
<Execution ProcessID="2200" ThreadID="2388"></Execution>
<Channel>Microsoft-Windows-Time-Service/Operational</Channel>
<Computer>WIN-PTFPHFCRDJ0</Computer>
<Security UserID="S-1-5-19"></Security>
</System>
<EventData Name="TMP_OPS_SET_TIME_ADJUSTMENT"><Data Name="AdjustmentPPM">-3000.89990</Data>
<Data Name="NewClockRate">156718</Data>
<Data Name="OldClockRate">156750</Data>
<Data Name="TickCount">62437</Data>
<Data Name="MinReportedAdjustmentPPM">800.00000</Data>
</EventData>
</Event>

<Event xmlns="http://schemas.microsoft.com/win/2004/08/events/event"><System><Provider Name="Microsoft-Windows-Time-Service" Guid="{06edcfeb-0fd0-4e53-acca-a6f8bbf81bcb}"></Provider>
<EventID Qualifiers="">262</EventID>
<Version>0</Version>
<Level>4</Level>
<Task>0</Task>
<Opcode>0</Opcode>
<Keywords>0x4000000000000000</Keywords>
<TimeCreated SystemTime="2020-10-22 20:58:16.316610"></TimeCreated>
<EventRecordID>86</EventRecordID>
<Correlation ActivityID="" RelatedActivityID=""></Correlation>
<Execution ProcessID="2200" ThreadID="2388"></Execution>
<Channel>Microsoft-Windows-Time-Service/Operational</Channel>
<Computer>WIN-PTFPHFCRDJ0</Computer>
<Security UserID="S-1-5-19"></Security>
</System>
<EventData Name="TMP_OPS_SET_TIME_ADJUSTMENT"><Data Name="AdjustmentPPM">-2813.29980</Data>
<Data Name="NewClockRate">156689</Data>
<Data Name="OldClockRate">156718</Data>
<Data Name="TickCount">63437</Data>
<Data Name="MinReportedAdjustmentPPM">800.00000</Data>
</EventData>
</Event>

<Event xmlns="http://schemas.microsoft.com/win/2004/08/events/event"><System><Provider Name="Microsoft-Windows-Time-Service" Guid="{06edcfeb-0fd0-4e53-acca-a6f8bbf81bcb}"></Provider>
<EventID Qualifiers="">262</EventID>
<Version>0</Version>
<Level>4</Level>
<Task>0</Task>
<Opcode>0</Opcode>
<Keywords>0x4000000000000000</Keywords>
<TimeCreated SystemTime="2020-10-22 20:58:17.329535"></TimeCreated>
<EventRecordID>87</EventRecordID>
<Correlation ActivityID="" RelatedActivityID=""></Correlation>
<Execution ProcessID="2200" ThreadID="2388"></Execution>
<Channel>Microsoft-Windows-Time-Service/Operational</Channel>
<Computer>WIN-PTFPHFCRDJ0</Computer>
<Security UserID="S-1-5-19"></Security>
</System>
<EventData Name="TMP_OPS_SET_TIME_ADJUSTMENT"><Data Name="AdjustmentPPM">-2637.50000</Data>
<Data Name="NewClockRate">156662</Data>
<Data Name="OldClockRate">156689</Data>
<Data Name="TickCount">64453</Data>
<Data Name="MinReportedAdjustmentPPM">800.00000</Data>
</EventData>
</Event>

<Event xmlns="http://schemas.microsoft.com/win/2004/08/events/event"><System><Provider Name="Microsoft-Windows-Time-Service" Guid="{06edcfeb-0fd0-4e53-acca-a6f8bbf81bcb}"></Provider>
<EventID Qualifiers="">262</EventID>
<Version>0</Version>
<Level>4</Level>
<Task>0</Task>
<Opcode>0</Opcode>
<Keywords>0x4000000000000000</Keywords>
<TimeCreated SystemTime="2020-10-22 20:58:18.328705"></TimeCreated>
<EventRecordID>88</EventRecordID>
<Correlation ActivityID="" RelatedActivityID=""></Correlation>
<Execution ProcessID="2200" ThreadID="2388"></Execution>
<Channel>Microsoft-Windows-Time-Service/Operational</Channel>
<Computer>WIN-PTFPHFCRDJ0</Computer>
<Security UserID="S-1-5-19"></Security>
</System>
<EventData Name="TMP_OPS_SET_TIME_ADJUSTMENT"><Data Name="AdjustmentPPM">-2472.59985</Data>
<Data Name="NewClockRate">156636</Data>
<Data Name="OldClockRate">156662</Data>
<Data Name="TickCount">65453</Data>
<Data Name="MinReportedAdjustmentPPM">800.00000</Data>
</EventData>
</Event>

<Event xmlns="http://schemas.microsoft.com/win/2004/08/events/event"><System><Provider Name="Microsoft-Windows-Time-Service" Guid="{06edcfeb-0fd0-4e53-acca-a6f8bbf81bcb}"></Provider>
<EventID Qualifiers="">262</EventID>
<Version>0</Version>
<Level>4</Level>
<Task>0</Task>
<Opcode>0</Opcode>
<Keywords>0x4000000000000000</Keywords>
<TimeCreated SystemTime="2020-10-22 20:58:19.339670"></TimeCreated>
<EventRecordID>89</EventRecordID>
<Correlation ActivityID="" RelatedActivityID=""></Correlation>
<Execution ProcessID="2200" ThreadID="2388"></Execution>
<Channel>Microsoft-Windows-Time-Service/Operational</Channel>
<Computer>WIN-PTFPHFCRDJ0</Computer>
<Security UserID="S-1-5-19"></Security>
</System>
<EventData Name="TMP_OPS_SET_TIME_ADJUSTMENT"><Data Name="AdjustmentPPM">-2318.10010</Data>
<Data Name="NewClockRate">156612</Data>
<Data Name="OldClockRate">156636</Data>
<Data Name="TickCount">66468</Data>
<Data Name="MinReportedAdjustmentPPM">800.00000</Data>
</EventData>
</Event>

<Event xmlns="http://schemas.microsoft.com/win/2004/08/events/event"><System><Provider Name="Microsoft-Windows-Time-Service" Guid="{06edcfeb-0fd0-4e53-acca-a6f8bbf81bcb}"></Provider>
<EventID Qualifiers="">262</EventID>
<Version>0</Version>
<Level>4</Level>
<Task>0</Task>
<Opcode>0</Opcode>
<Keywords>0x4000000000000000</Keywords>
<TimeCreated SystemTime="2020-10-22 20:58:20.353214"></TimeCreated>
<EventRecordID>90</EventRecordID>
<Correlation ActivityID="" RelatedActivityID=""></Correlation>
<Execution ProcessID="2200" ThreadID="2388"></Execution>
<Channel>Microsoft-Windows-Time-Service/Operational</Channel>
<Computer>WIN-PTFPHFCRDJ0</Computer>
<Security UserID="S-1-5-19"></Security>
</System>
<EventData Name="TMP_OPS_SET_TIME_ADJUSTMENT"><Data Name="AdjustmentPPM">-2173.19995</Data>
<Data Name="NewClockRate">156589</Data>
<Data Name="OldClockRate">156612</Data>
<Data Name="TickCount">67484</Data>
<Data Name="MinReportedAdjustmentPPM">800.00000</Data>
</EventData>
</Event>

<Event xmlns="http://schemas.microsoft.com/win/2004/08/events/event"><System><Provider Name="Microsoft-Windows-Time-Service" Guid="{06edcfeb-0fd0-4e53-acca-a6f8bbf81bcb}"></Provider>
<EventID Qualifiers="">262</EventID>
<Version>0</Version>
<Level>4</Level>
<Task>0</Task>
<Opcode>0</Opcode>
<Keywords>0x4000000000000000</Keywords>
<TimeCreated SystemTime="2020-10-22 20:58:21.352524"></TimeCreated>
<EventRecordID>91</EventRecordID>
<Correlation ActivityID="" RelatedActivityID=""></Correlation>
<Execution ProcessID="2200" ThreadID="2388"></Execution>
<Channel>Microsoft-Windows-Time-Service/Operational</Channel>
<Computer>WIN-PTFPHFCRDJ0</Computer>
<Security UserID="S-1-5-19"></Security>
</System>
<EventData Name="TMP_OPS_SET_TIME_ADJUSTMENT"><Data Name="AdjustmentPPM">-2037.39990</Data>
<Data Name="NewClockRate">156568</Data>
<Data Name="OldClockRate">156589</Data>
<Data Name="TickCount">68484</Data>
<Data Name="MinReportedAdjustmentPPM">800.00000</Data>
</EventData>
</Event>

<Event xmlns="http://schemas.microsoft.com/win/2004/08/events/event"><System><Provider Name="Microsoft-Windows-Time-Service" Guid="{06edcfeb-0fd0-4e53-acca-a6f8bbf81bcb}"></Provider>
<EventID Qualifiers="">262</EventID>
<Version>0</Version>
<Level>4</Level>
<Task>0</Task>
<Opcode>0</Opcode>
<Keywords>0x4000000000000000</Keywords>
<TimeCreated SystemTime="2020-10-22 20:58:22.364292"></TimeCreated>
<EventRecordID>92</EventRecordID>
<Correlation ActivityID="" RelatedActivityID=""></Correlation>
<Execution ProcessID="2200" ThreadID="2388"></Execution>
<Channel>Microsoft-Windows-Time-Service/Operational</Channel>
<Computer>WIN-PTFPHFCRDJ0</Computer>
<Security UserID="S-1-5-19"></Security>
</System>
<EventData Name="TMP_OPS_SET_TIME_ADJUSTMENT"><Data Name="AdjustmentPPM">-1910.09998</Data>
<Data Name="NewClockRate">156548</Data>
<Data Name="OldClockRate">156568</Data>
<Data Name="TickCount">69500</Data>
<Data Name="MinReportedAdjustmentPPM">800.00000</Data>
</EventData>
</Event>

<Event xmlns="http://schemas.microsoft.com/win/2004/08/events/event"><System><Provider Name="Microsoft-Windows-Time-Service" Guid="{06edcfeb-0fd0-4e53-acca-a6f8bbf81bcb}"></Provider>
<EventID Qualifiers="">262</EventID>
<Version>0</Version>
<Level>4</Level>
<Task>0</Task>
<Opcode>0</Opcode>
<Keywords>0x4000000000000000</Keywords>
<TimeCreated SystemTime="2020-10-22 20:58:23.377722"></TimeCreated>
<EventRecordID>93</EventRecordID>
<Correlation ActivityID="" RelatedActivityID=""></Correlation>
<Execution ProcessID="2200" ThreadID="2388"></Execution>
<Channel>Microsoft-Windows-Time-Service/Operational</Channel>
<Computer>WIN-PTFPHFCRDJ0</Computer>
<Security UserID="S-1-5-19"></Security>
</System>
<EventData Name="TMP_OPS_SET_TIME_ADJUSTMENT"><Data Name="AdjustmentPPM">-1790.70007</Data>
<Data Name="NewClockRate">156529</Data>
<Data Name="OldClockRate">156548</Data>
<Data Name="TickCount">70515</Data>
<Data Name="MinReportedAdjustmentPPM">800.00000</Data>
</EventData>
</Event>

<Event xmlns="http://schemas.microsoft.com/win/2004/08/events/event"><System><Provider Name="Microsoft-Windows-Time-Service" Guid="{06edcfeb-0fd0-4e53-acca-a6f8bbf81bcb}"></Provider>
<EventID Qualifiers="">262</EventID>
<Version>0</Version>
<Level>4</Level>
<Task>0</Task>
<Opcode>0</Opcode>
<Keywords>0x4000000000000000</Keywords>
<TimeCreated SystemTime="2020-10-22 20:58:24.391273"></TimeCreated>
<EventRecordID>94</EventRecordID>
<Correlation ActivityID="" RelatedActivityID=""></Correlation>
<Execution ProcessID="2200" ThreadID="2388"></Execution>
<Channel>Microsoft-Windows-Time-Service/Operational</Channel>
<Computer>WIN-PTFPHFCRDJ0</Computer>
<Security UserID="S-1-5-19"></Security>
</System>
<EventData Name="TMP_OPS_SET_TIME_ADJUSTMENT"><Data Name="AdjustmentPPM">-1678.79993</Data>
<Data Name="NewClockRate">156512</Data>
<Data Name="OldClockRate">156529</Data>
<Data Name="TickCount">71531</Data>
<Data Name="MinReportedAdjustmentPPM">800.00000</Data>
</EventData>
</Event>

<Event xmlns="http://schemas.microsoft.com/win/2004/08/events/event"><System><Provider Name="Microsoft-Windows-Time-Service" Guid="{06edcfeb-0fd0-4e53-acca-a6f8bbf81bcb}"></Provider>
<EventID Qualifiers="">262</EventID>
<Version>0</Version>
<Level>4</Level>
<Task>0</Task>
<Opcode>0</Opcode>
<Keywords>0x4000000000000000</Keywords>
<TimeCreated SystemTime="2020-10-22 20:58:25.390501"></TimeCreated>
<EventRecordID>95</EventRecordID>
<Correlation ActivityID="" RelatedActivityID=""></Correlation>
<Execution ProcessID="2200" ThreadID="2388"></Execution>
<Channel>Microsoft-Windows-Time-Service/Operational</Channel>
<Computer>WIN-PTFPHFCRDJ0</Computer>
<Security UserID="S-1-5-19"></Security>
</System>
<EventData Name="TMP_OPS_SET_TIME_ADJUSTMENT"><Data Name="AdjustmentPPM">-1573.80005</Data>
<Data Name="NewClockRate">156495</Data>
<Data Name="OldClockRate">156512</Data>
<Data Name="TickCount">72531</Data>
<Data Name="MinReportedAdjustmentPPM">800.00000</Data>
</EventData>
</Event>

<Event xmlns="http://schemas.microsoft.com/win/2004/08/events/event"><System><Provider Name="Microsoft-Windows-Time-Service" Guid="{06edcfeb-0fd0-4e53-acca-a6f8bbf81bcb}"></Provider>
<EventID Qualifiers="">262</EventID>
<Version>0</Version>
<Level>4</Level>
<Task>0</Task>
<Opcode>0</Opcode>
<Keywords>0x4000000000000000</Keywords>
<TimeCreated SystemTime="2020-10-22 20:58:26.389246"></TimeCreated>
<EventRecordID>96</EventRecordID>
<Correlation ActivityID="" RelatedActivityID=""></Correlation>
<Execution ProcessID="2200" ThreadID="2388"></Execution>
<Channel>Microsoft-Windows-Time-Service/Operational</Channel>
<Computer>WIN-PTFPHFCRDJ0</Computer>
<Security UserID="S-1-5-19"></Security>
</System>
<EventData Name="TMP_OPS_SET_TIME_ADJUSTMENT"><Data Name="AdjustmentPPM">-1475.50000</Data>
<Data Name="NewClockRate">156480</Data>
<Data Name="OldClockRate">156495</Data>
<Data Name="TickCount">73531</Data>
<Data Name="MinReportedAdjustmentPPM">800.00000</Data>
</EventData>
</Event>

<Event xmlns="http://schemas.microsoft.com/win/2004/08/events/event"><System><Provider Name="Microsoft-Windows-Time-Service" Guid="{06edcfeb-0fd0-4e53-acca-a6f8bbf81bcb}"></Provider>
<EventID Qualifiers="">262</EventID>
<Version>0</Version>
<Level>4</Level>
<Task>0</Task>
<Opcode>0</Opcode>
<Keywords>0x4000000000000000</Keywords>
<TimeCreated SystemTime="2020-10-22 20:58:27.403011"></TimeCreated>
<EventRecordID>97</EventRecordID>
<Correlation ActivityID="" RelatedActivityID=""></Correlation>
<Execution ProcessID="2200" ThreadID="2388"></Execution>
<Channel>Microsoft-Windows-Time-Service/Operational</Channel>
<Computer>WIN-PTFPHFCRDJ0</Computer>
<Security UserID="S-1-5-19"></Security>
</System>
<EventData Name="TMP_OPS_SET_TIME_ADJUSTMENT"><Data Name="AdjustmentPPM">-1383.30005</Data>
<Data Name="NewClockRate">156466</Data>
<Data Name="OldClockRate">156480</Data>
<Data Name="TickCount">74546</Data>
<Data Name="MinReportedAdjustmentPPM">800.00000</Data>
</EventData>
</Event>

