<Event xmlns="http://schemas.microsoft.com/win/2004/08/events/event"><System><Provider Name="Microsoft-Windows-RemoteDesktopServices-RdpCoreTS" Guid="{1139c61b-b549-4251-8ed3-27250a1edec8}"></Provider>
<EventID Qualifiers="">129</EventID>
<Version>0</Version>
<Level>4</Level>
<Task>4</Task>
<Opcode>18</Opcode>
<Keywords>0x4000000000000000</Keywords>
<TimeCreated SystemTime="2020-10-24 21:52:31.419994"></TimeCreated>
<EventRecordID>332</EventRecordID>
<Correlation ActivityID="{f462591a-140b-45e2-af03-566a976a0000}" RelatedActivityID=""></Correlation>
<Execution ProcessID="1080" ThreadID="1128"></Execution>
<Channel>Microsoft-Windows-RemoteDesktopServices-RdpCoreTS/Operational</Channel>
<Computer>WIN-PTFPHFCRDJ0</Computer>
<Security UserID="S-1-5-20"></Security>
</System>
<EventData><Data Name="TransportProtocolName">UDP</Data>
<Data Name="Port">3389</Data>
</EventData>
</Event>

<Event xmlns="http://schemas.microsoft.com/win/2004/08/events/event"><System><Provider Name="Microsoft-Windows-RemoteDesktopServices-RdpCoreTS" Guid="{1139c61b-b549-4251-8ed3-27250a1edec8}"></Provider>
<EventID Qualifiers="">129</EventID>
<Version>0</Version>
<Level>4</Level>
<Task>4</Task>
<Opcode>18</Opcode>
<Keywords>0x4000000000000000</Keywords>
<TimeCreated SystemTime="2020-10-24 21:52:31.420771"></TimeCreated>
<EventRecordID>333</EventRecordID>
<Correlation ActivityID="{f462591a-140b-45e2-af03-566a976a0000}" RelatedActivityID=""></Correlation>
<Execution ProcessID="1080" ThreadID="1128"></Execution>
<Channel>Microsoft-Windows-RemoteDesktopServices-RdpCoreTS/Operational</Channel>
<Computer>WIN-PTFPHFCRDJ0</Computer>
<Security UserID="S-1-5-20"></Security>
</System>
<EventData><Data Name="TransportProtocolName">UDP</Data>
<Data Name="Port">3389</Data>
</EventData>
</Event>

<Event xmlns="http://schemas.microsoft.com/win/2004/08/events/event"><System><Provider Name="Microsoft-Windows-RemoteDesktopServices-RdpCoreTS" Guid="{1139c61b-b549-4251-8ed3-27250a1edec8}"></Provider>
<EventID Qualifiers="">229</EventID>
<Version>0</Version>
<Level>4</Level>
<Task>4</Task>
<Opcode>19</Opcode>
<Keywords>0x4000000000000000</Keywords>
<TimeCreated SystemTime="2020-10-24 22:19:21.530922"></TimeCreated>
<EventRecordID>334</EventRecordID>
<Correlation ActivityID="{f4624bfa-4b23-420e-b597-81a17e7f0000}" RelatedActivityID=""></Correlation>
<Execution ProcessID="1084" ThreadID="1120"></Execution>
<Channel>Microsoft-Windows-RemoteDesktopServices-RdpCoreTS/Operational</Channel>
<Computer>WIN-PTFPHFCRDJ0</Computer>
<Security UserID="S-1-5-20"></Security>
</System>
<EventData><Data Name="Name">CUMRDPProtocolManager</Data>
<Data Name="CustomLevel">'CUMRDPProtocolManager::CreateListener(RDP-Tcp) DEBUG/VM/ReverseTCP/ReverseUDP/INET' in CUMRDPProtocolManager::CreateListener at 4134 err=[0x0]</Data>
</EventData>
</Event>

<Event xmlns="http://schemas.microsoft.com/win/2004/08/events/event"><System><Provider Name="Microsoft-Windows-RemoteDesktopServices-RdpCoreTS" Guid="{1139c61b-b549-4251-8ed3-27250a1edec8}"></Provider>
<EventID Qualifiers="">227</EventID>
<Version>0</Version>
<Level>2</Level>
<Task>4</Task>
<Opcode>19</Opcode>
<Keywords>0x4000000000000000</Keywords>
<TimeCreated SystemTime="2020-10-24 22:19:21.530958"></TimeCreated>
<EventRecordID>335</EventRecordID>
<Correlation ActivityID="{f4624bfa-4b23-420e-b597-81a17e7f0000}" RelatedActivityID=""></Correlation>
<Execution ProcessID="1084" ThreadID="1120"></Execution>
<Channel>Microsoft-Windows-RemoteDesktopServices-RdpCoreTS/Operational</Channel>
<Computer>WIN-PTFPHFCRDJ0</Computer>
<Security UserID="S-1-5-20"></Security>
</System>
<EventData><Data Name="Name">CUMRDPProtocolManager</Data>
<Data Name="Value">2</Data>
<Data Name="CustomLevel">'Reverse Connection Listener Name not found.  Default Listener Name will be used.' in CUMRDPProtocolManager::CreateListener at 4151 err=[0x2]</Data>
</EventData>
</Event>

<Event xmlns="http://schemas.microsoft.com/win/2004/08/events/event"><System><Provider Name="Microsoft-Windows-RemoteDesktopServices-RdpCoreTS" Guid="{1139c61b-b549-4251-8ed3-27250a1edec8}"></Provider>
<EventID Qualifiers="">229</EventID>
<Version>0</Version>
<Level>4</Level>
<Task>4</Task>
<Opcode>19</Opcode>
<Keywords>0x4000000000000000</Keywords>
<TimeCreated SystemTime="2020-10-24 22:19:21.530966"></TimeCreated>
<EventRecordID>336</EventRecordID>
<Correlation ActivityID="{f4624bfa-4b23-420e-b597-81a17e7f0000}" RelatedActivityID=""></Correlation>
<Execution ProcessID="1084" ThreadID="1120"></Execution>
<Channel>Microsoft-Windows-RemoteDesktopServices-RdpCoreTS/Operational</Channel>
<Computer>WIN-PTFPHFCRDJ0</Computer>
<Security UserID="S-1-5-20"></Security>
</System>
<EventData><Data Name="Name">CUMRDPProtocolManager</Data>
<Data Name="CustomLevel">'Creating standard listener:RDP-Tcp' in CUMRDPProtocolManager::CreateListener at 4212 err=[0x0]</Data>
</EventData>
</Event>

<Event xmlns="http://schemas.microsoft.com/win/2004/08/events/event"><System><Provider Name="Microsoft-Windows-RemoteDesktopServices-RdpCoreTS" Guid="{1139c61b-b549-4251-8ed3-27250a1edec8}"></Provider>
<EventID Qualifiers="">229</EventID>
<Version>0</Version>
<Level>4</Level>
<Task>4</Task>
<Opcode>19</Opcode>
<Keywords>0x4000000000000000</Keywords>
<TimeCreated SystemTime="2020-10-24 22:19:22.183964"></TimeCreated>
<EventRecordID>337</EventRecordID>
<Correlation ActivityID="{f4624bfa-4b23-420e-b597-81a17e7f0000}" RelatedActivityID=""></Correlation>
<Execution ProcessID="1084" ThreadID="1120"></Execution>
<Channel>Microsoft-Windows-RemoteDesktopServices-RdpCoreTS/Operational</Channel>
<Computer>WIN-PTFPHFCRDJ0</Computer>
<Security UserID="S-1-5-20"></Security>
</System>
<EventData><Data Name="Name">CUMRDPListenerBase</Data>
<Data Name="CustomLevel">'Windows 8 or later detected, setting transport default mode to UDP + TCP' in CUMRDPListenerBase::Initialize at 491 err=[0x0]</Data>
</EventData>
</Event>

<Event xmlns="http://schemas.microsoft.com/win/2004/08/events/event"><System><Provider Name="Microsoft-Windows-RemoteDesktopServices-RdpCoreTS" Guid="{1139c61b-b549-4251-8ed3-27250a1edec8}"></Provider>
<EventID Qualifiers="">70</EventID>
<Version>0</Version>
<Level>4</Level>
<Task>4</Task>
<Opcode>13</Opcode>
<Keywords>0x4000000000000000</Keywords>
<TimeCreated SystemTime="2020-10-24 22:19:22.183969"></TimeCreated>
<EventRecordID>338</EventRecordID>
<Correlation ActivityID="{f4624bfa-4b23-420e-b597-81a17e7f0000}" RelatedActivityID=""></Correlation>
<Execution ProcessID="1084" ThreadID="1120"></Execution>
<Channel>Microsoft-Windows-RemoteDesktopServices-RdpCoreTS/Operational</Channel>
<Computer>WIN-PTFPHFCRDJ0</Computer>
<Security UserID="S-1-5-20"></Security>
</System>
<EventData><Data Name="DisplayDriverName">rdpudd.dll</Data>
</EventData>
</Event>

<Event xmlns="http://schemas.microsoft.com/win/2004/08/events/event"><System><Provider Name="Microsoft-Windows-RemoteDesktopServices-RdpCoreTS" Guid="{1139c61b-b549-4251-8ed3-27250a1edec8}"></Provider>
<EventID Qualifiers="">129</EventID>
<Version>0</Version>
<Level>4</Level>
<Task>4</Task>
<Opcode>18</Opcode>
<Keywords>0x4000000000000000</Keywords>
<TimeCreated SystemTime="2020-10-24 22:19:22.455181"></TimeCreated>
<EventRecordID>339</EventRecordID>
<Correlation ActivityID="{f4624bfa-4b23-420e-b597-81a17e7f0000}" RelatedActivityID=""></Correlation>
<Execution ProcessID="1084" ThreadID="1120"></Execution>
<Channel>Microsoft-Windows-RemoteDesktopServices-RdpCoreTS/Operational</Channel>
<Computer>WIN-PTFPHFCRDJ0</Computer>
<Security UserID="S-1-5-20"></Security>
</System>
<EventData><Data Name="TransportProtocolName">TCP</Data>
<Data Name="Port">3389</Data>
</EventData>
</Event>

<Event xmlns="http://schemas.microsoft.com/win/2004/08/events/event"><System><Provider Name="Microsoft-Windows-RemoteDesktopServices-RdpCoreTS" Guid="{1139c61b-b549-4251-8ed3-27250a1edec8}"></Provider>
<EventID Qualifiers="">129</EventID>
<Version>0</Version>
<Level>4</Level>
<Task>4</Task>
<Opcode>18</Opcode>
<Keywords>0x4000000000000000</Keywords>
<TimeCreated SystemTime="2020-10-24 22:19:22.455412"></TimeCreated>
<EventRecordID>340</EventRecordID>
<Correlation ActivityID="{f4624bfa-4b23-420e-b597-81a17e7f0000}" RelatedActivityID=""></Correlation>
<Execution ProcessID="1084" ThreadID="1120"></Execution>
<Channel>Microsoft-Windows-RemoteDesktopServices-RdpCoreTS/Operational</Channel>
<Computer>WIN-PTFPHFCRDJ0</Computer>
<Security UserID="S-1-5-20"></Security>
</System>
<EventData><Data Name="TransportProtocolName">TCP</Data>
<Data Name="Port">3389</Data>
</EventData>
</Event>

<Event xmlns="http://schemas.microsoft.com/win/2004/08/events/event"><System><Provider Name="Microsoft-Windows-RemoteDesktopServices-RdpCoreTS" Guid="{1139c61b-b549-4251-8ed3-27250a1edec8}"></Provider>
<EventID Qualifiers="">129</EventID>
<Version>0</Version>
<Level>4</Level>
<Task>4</Task>
<Opcode>18</Opcode>
<Keywords>0x4000000000000000</Keywords>
<TimeCreated SystemTime="2020-10-24 22:19:22.727121"></TimeCreated>
<EventRecordID>341</EventRecordID>
<Correlation ActivityID="{f4624bfa-4b23-420e-b597-81a17e7f0000}" RelatedActivityID=""></Correlation>
<Execution ProcessID="1084" ThreadID="1120"></Execution>
<Channel>Microsoft-Windows-RemoteDesktopServices-RdpCoreTS/Operational</Channel>
<Computer>WIN-PTFPHFCRDJ0</Computer>
<Security UserID="S-1-5-20"></Security>
</System>
<EventData><Data Name="TransportProtocolName">UDP</Data>
<Data Name="Port">3389</Data>
</EventData>
</Event>

<Event xmlns="http://schemas.microsoft.com/win/2004/08/events/event"><System><Provider Name="Microsoft-Windows-RemoteDesktopServices-RdpCoreTS" Guid="{1139c61b-b549-4251-8ed3-27250a1edec8}"></Provider>
<EventID Qualifiers="">129</EventID>
<Version>0</Version>
<Level>4</Level>
<Task>4</Task>
<Opcode>18</Opcode>
<Keywords>0x4000000000000000</Keywords>
<TimeCreated SystemTime="2020-10-24 22:19:22.728872"></TimeCreated>
<EventRecordID>342</EventRecordID>
<Correlation ActivityID="{f4624bfa-4b23-420e-b597-81a17e7f0000}" RelatedActivityID=""></Correlation>
<Execution ProcessID="1084" ThreadID="1120"></Execution>
<Channel>Microsoft-Windows-RemoteDesktopServices-RdpCoreTS/Operational</Channel>
<Computer>WIN-PTFPHFCRDJ0</Computer>
<Security UserID="S-1-5-20"></Security>
</System>
<EventData><Data Name="TransportProtocolName">UDP</Data>
<Data Name="Port">3389</Data>
</EventData>
</Event>

<Event xmlns="http://schemas.microsoft.com/win/2004/08/events/event"><System><Provider Name="Microsoft-Windows-RemoteDesktopServices-RdpCoreTS" Guid="{1139c61b-b549-4251-8ed3-27250a1edec8}"></Provider>
<EventID Qualifiers="">229</EventID>
<Version>0</Version>
<Level>4</Level>
<Task>4</Task>
<Opcode>19</Opcode>
<Keywords>0x4000000000000000</Keywords>
<TimeCreated SystemTime="2020-10-26 11:57:50.566454"></TimeCreated>
<EventRecordID>343</EventRecordID>
<Correlation ActivityID="{f462eb0b-832f-4265-b49d-b84cd0f00000}" RelatedActivityID=""></Correlation>
<Execution ProcessID="1072" ThreadID="1216"></Execution>
<Channel>Microsoft-Windows-RemoteDesktopServices-RdpCoreTS/Operational</Channel>
<Computer>WIN-PTFPHFCRDJ0</Computer>
<Security UserID="S-1-5-20"></Security>
</System>
<EventData><Data Name="Name">CUMRDPProtocolManager</Data>
<Data Name="CustomLevel">'CUMRDPProtocolManager::CreateListener(RDP-Tcp) DEBUG/VM/ReverseTCP/ReverseUDP/INET' in CUMRDPProtocolManager::CreateListener at 4134 err=[0x0]</Data>
</EventData>
</Event>

<Event xmlns="http://schemas.microsoft.com/win/2004/08/events/event"><System><Provider Name="Microsoft-Windows-RemoteDesktopServices-RdpCoreTS" Guid="{1139c61b-b549-4251-8ed3-27250a1edec8}"></Provider>
<EventID Qualifiers="">227</EventID>
<Version>0</Version>
<Level>2</Level>
<Task>4</Task>
<Opcode>19</Opcode>
<Keywords>0x4000000000000000</Keywords>
<TimeCreated SystemTime="2020-10-26 11:57:50.566521"></TimeCreated>
<EventRecordID>344</EventRecordID>
<Correlation ActivityID="{f462eb0b-832f-4265-b49d-b84cd0f00000}" RelatedActivityID=""></Correlation>
<Execution ProcessID="1072" ThreadID="1216"></Execution>
<Channel>Microsoft-Windows-RemoteDesktopServices-RdpCoreTS/Operational</Channel>
<Computer>WIN-PTFPHFCRDJ0</Computer>
<Security UserID="S-1-5-20"></Security>
</System>
<EventData><Data Name="Name">CUMRDPProtocolManager</Data>
<Data Name="Value">2</Data>
<Data Name="CustomLevel">'Reverse Connection Listener Name not found.  Default Listener Name will be used.' in CUMRDPProtocolManager::CreateListener at 4151 err=[0x2]</Data>
</EventData>
</Event>

<Event xmlns="http://schemas.microsoft.com/win/2004/08/events/event"><System><Provider Name="Microsoft-Windows-RemoteDesktopServices-RdpCoreTS" Guid="{1139c61b-b549-4251-8ed3-27250a1edec8}"></Provider>
<EventID Qualifiers="">229</EventID>
<Version>0</Version>
<Level>4</Level>
<Task>4</Task>
<Opcode>19</Opcode>
<Keywords>0x4000000000000000</Keywords>
<TimeCreated SystemTime="2020-10-26 11:57:50.566538"></TimeCreated>
<EventRecordID>345</EventRecordID>
<Correlation ActivityID="{f462eb0b-832f-4265-b49d-b84cd0f00000}" RelatedActivityID=""></Correlation>
<Execution ProcessID="1072" ThreadID="1216"></Execution>
<Channel>Microsoft-Windows-RemoteDesktopServices-RdpCoreTS/Operational</Channel>
<Computer>WIN-PTFPHFCRDJ0</Computer>
<Security UserID="S-1-5-20"></Security>
</System>
<EventData><Data Name="Name">CUMRDPProtocolManager</Data>
<Data Name="CustomLevel">'Creating standard listener:RDP-Tcp' in CUMRDPProtocolManager::CreateListener at 4212 err=[0x0]</Data>
</EventData>
</Event>

<Event xmlns="http://schemas.microsoft.com/win/2004/08/events/event"><System><Provider Name="Microsoft-Windows-RemoteDesktopServices-RdpCoreTS" Guid="{1139c61b-b549-4251-8ed3-27250a1edec8}"></Provider>
<EventID Qualifiers="">229</EventID>
<Version>0</Version>
<Level>4</Level>
<Task>4</Task>
<Opcode>19</Opcode>
<Keywords>0x4000000000000000</Keywords>
<TimeCreated SystemTime="2020-10-26 11:57:51.877766"></TimeCreated>
<EventRecordID>346</EventRecordID>
<Correlation ActivityID="{f462eb0b-832f-4265-b49d-b84cd0f00000}" RelatedActivityID=""></Correlation>
<Execution ProcessID="1072" ThreadID="1216"></Execution>
<Channel>Microsoft-Windows-RemoteDesktopServices-RdpCoreTS/Operational</Channel>
<Computer>WIN-PTFPHFCRDJ0</Computer>
<Security UserID="S-1-5-20"></Security>
</System>
<EventData><Data Name="Name">CUMRDPListenerBase</Data>
<Data Name="CustomLevel">'Windows 8 or later detected, setting transport default mode to UDP + TCP' in CUMRDPListenerBase::Initialize at 491 err=[0x0]</Data>
</EventData>
</Event>

<Event xmlns="http://schemas.microsoft.com/win/2004/08/events/event"><System><Provider Name="Microsoft-Windows-RemoteDesktopServices-RdpCoreTS" Guid="{1139c61b-b549-4251-8ed3-27250a1edec8}"></Provider>
<EventID Qualifiers="">70</EventID>
<Version>0</Version>
<Level>4</Level>
<Task>4</Task>
<Opcode>13</Opcode>
<Keywords>0x4000000000000000</Keywords>
<TimeCreated SystemTime="2020-10-26 11:57:51.877768"></TimeCreated>
<EventRecordID>347</EventRecordID>
<Correlation ActivityID="{f462eb0b-832f-4265-b49d-b84cd0f00000}" RelatedActivityID=""></Correlation>
<Execution ProcessID="1072" ThreadID="1216"></Execution>
<Channel>Microsoft-Windows-RemoteDesktopServices-RdpCoreTS/Operational</Channel>
<Computer>WIN-PTFPHFCRDJ0</Computer>
<Security UserID="S-1-5-20"></Security>
</System>
<EventData><Data Name="DisplayDriverName">rdpudd.dll</Data>
</EventData>
</Event>

<Event xmlns="http://schemas.microsoft.com/win/2004/08/events/event"><System><Provider Name="Microsoft-Windows-RemoteDesktopServices-RdpCoreTS" Guid="{1139c61b-b549-4251-8ed3-27250a1edec8}"></Provider>
<EventID Qualifiers="">129</EventID>
<Version>0</Version>
<Level>4</Level>
<Task>4</Task>
<Opcode>18</Opcode>
<Keywords>0x4000000000000000</Keywords>
<TimeCreated SystemTime="2020-10-26 11:57:52.064087"></TimeCreated>
<EventRecordID>348</EventRecordID>
<Correlation ActivityID="{f462eb0b-832f-4265-b49d-b84cd0f00000}" RelatedActivityID=""></Correlation>
<Execution ProcessID="1072" ThreadID="1216"></Execution>
<Channel>Microsoft-Windows-RemoteDesktopServices-RdpCoreTS/Operational</Channel>
<Computer>WIN-PTFPHFCRDJ0</Computer>
<Security UserID="S-1-5-20"></Security>
</System>
<EventData><Data Name="TransportProtocolName">TCP</Data>
<Data Name="Port">3389</Data>
</EventData>
</Event>

<Event xmlns="http://schemas.microsoft.com/win/2004/08/events/event"><System><Provider Name="Microsoft-Windows-RemoteDesktopServices-RdpCoreTS" Guid="{1139c61b-b549-4251-8ed3-27250a1edec8}"></Provider>
<EventID Qualifiers="">129</EventID>
<Version>0</Version>
<Level>4</Level>
<Task>4</Task>
<Opcode>18</Opcode>
<Keywords>0x4000000000000000</Keywords>
<TimeCreated SystemTime="2020-10-26 11:57:52.064219"></TimeCreated>
<EventRecordID>349</EventRecordID>
<Correlation ActivityID="{f462eb0b-832f-4265-b49d-b84cd0f00000}" RelatedActivityID=""></Correlation>
<Execution ProcessID="1072" ThreadID="1216"></Execution>
<Channel>Microsoft-Windows-RemoteDesktopServices-RdpCoreTS/Operational</Channel>
<Computer>WIN-PTFPHFCRDJ0</Computer>
<Security UserID="S-1-5-20"></Security>
</System>
<EventData><Data Name="TransportProtocolName">TCP</Data>
<Data Name="Port">3389</Data>
</EventData>
</Event>

<Event xmlns="http://schemas.microsoft.com/win/2004/08/events/event"><System><Provider Name="Microsoft-Windows-RemoteDesktopServices-RdpCoreTS" Guid="{1139c61b-b549-4251-8ed3-27250a1edec8}"></Provider>
<EventID Qualifiers="">129</EventID>
<Version>0</Version>
<Level>4</Level>
<Task>4</Task>
<Opcode>18</Opcode>
<Keywords>0x4000000000000000</Keywords>
<TimeCreated SystemTime="2020-10-26 11:57:52.112499"></TimeCreated>
<EventRecordID>350</EventRecordID>
<Correlation ActivityID="{f462eb0b-832f-4265-b49d-b84cd0f00000}" RelatedActivityID=""></Correlation>
<Execution ProcessID="1072" ThreadID="1216"></Execution>
<Channel>Microsoft-Windows-RemoteDesktopServices-RdpCoreTS/Operational</Channel>
<Computer>WIN-PTFPHFCRDJ0</Computer>
<Security UserID="S-1-5-20"></Security>
</System>
<EventData><Data Name="TransportProtocolName">UDP</Data>
<Data Name="Port">3389</Data>
</EventData>
</Event>

<Event xmlns="http://schemas.microsoft.com/win/2004/08/events/event"><System><Provider Name="Microsoft-Windows-RemoteDesktopServices-RdpCoreTS" Guid="{1139c61b-b549-4251-8ed3-27250a1edec8}"></Provider>
<EventID Qualifiers="">129</EventID>
<Version>0</Version>
<Level>4</Level>
<Task>4</Task>
<Opcode>18</Opcode>
<Keywords>0x4000000000000000</Keywords>
<TimeCreated SystemTime="2020-10-26 11:57:52.114115"></TimeCreated>
<EventRecordID>351</EventRecordID>
<Correlation ActivityID="{f462eb0b-832f-4265-b49d-b84cd0f00000}" RelatedActivityID=""></Correlation>
<Execution ProcessID="1072" ThreadID="1216"></Execution>
<Channel>Microsoft-Windows-RemoteDesktopServices-RdpCoreTS/Operational</Channel>
<Computer>WIN-PTFPHFCRDJ0</Computer>
<Security UserID="S-1-5-20"></Security>
</System>
<EventData><Data Name="TransportProtocolName">UDP</Data>
<Data Name="Port">3389</Data>
</EventData>
</Event>

<Event xmlns="http://schemas.microsoft.com/win/2004/08/events/event"><System><Provider Name="Microsoft-Windows-RemoteDesktopServices-RdpCoreTS" Guid="{1139c61b-b549-4251-8ed3-27250a1edec8}"></Provider>
<EventID Qualifiers="">229</EventID>
<Version>0</Version>
<Level>4</Level>
<Task>4</Task>
<Opcode>19</Opcode>
<Keywords>0x4000000000000000</Keywords>
<TimeCreated SystemTime="2020-10-26 15:12:33.486506"></TimeCreated>
<EventRecordID>352</EventRecordID>
<Correlation ActivityID="{f4626631-ac09-4f74-9441-c7b782780000}" RelatedActivityID=""></Correlation>
<Execution ProcessID="1064" ThreadID="1136"></Execution>
<Channel>Microsoft-Windows-RemoteDesktopServices-RdpCoreTS/Operational</Channel>
<Computer>WIN-PTFPHFCRDJ0</Computer>
<Security UserID="S-1-5-20"></Security>
</System>
<EventData><Data Name="Name">CUMRDPProtocolManager</Data>
<Data Name="CustomLevel">'CUMRDPProtocolManager::CreateListener(RDP-Tcp) DEBUG/VM/ReverseTCP/ReverseUDP/INET' in CUMRDPProtocolManager::CreateListener at 4134 err=[0x0]</Data>
</EventData>
</Event>

<Event xmlns="http://schemas.microsoft.com/win/2004/08/events/event"><System><Provider Name="Microsoft-Windows-RemoteDesktopServices-RdpCoreTS" Guid="{1139c61b-b549-4251-8ed3-27250a1edec8}"></Provider>
<EventID Qualifiers="">227</EventID>
<Version>0</Version>
<Level>2</Level>
<Task>4</Task>
<Opcode>19</Opcode>
<Keywords>0x4000000000000000</Keywords>
<TimeCreated SystemTime="2020-10-26 15:12:33.486542"></TimeCreated>
<EventRecordID>353</EventRecordID>
<Correlation ActivityID="{f4626631-ac09-4f74-9441-c7b782780000}" RelatedActivityID=""></Correlation>
<Execution ProcessID="1064" ThreadID="1136"></Execution>
<Channel>Microsoft-Windows-RemoteDesktopServices-RdpCoreTS/Operational</Channel>
<Computer>WIN-PTFPHFCRDJ0</Computer>
<Security UserID="S-1-5-20"></Security>
</System>
<EventData><Data Name="Name">CUMRDPProtocolManager</Data>
<Data Name="Value">2</Data>
<Data Name="CustomLevel">'Reverse Connection Listener Name not found.  Default Listener Name will be used.' in CUMRDPProtocolManager::CreateListener at 4151 err=[0x2]</Data>
</EventData>
</Event>

<Event xmlns="http://schemas.microsoft.com/win/2004/08/events/event"><System><Provider Name="Microsoft-Windows-RemoteDesktopServices-RdpCoreTS" Guid="{1139c61b-b549-4251-8ed3-27250a1edec8}"></Provider>
<EventID Qualifiers="">229</EventID>
<Version>0</Version>
<Level>4</Level>
<Task>4</Task>
<Opcode>19</Opcode>
<Keywords>0x4000000000000000</Keywords>
<TimeCreated SystemTime="2020-10-26 15:12:33.486553"></TimeCreated>
<EventRecordID>354</EventRecordID>
<Correlation ActivityID="{f4626631-ac09-4f74-9441-c7b782780000}" RelatedActivityID=""></Correlation>
<Execution ProcessID="1064" ThreadID="1136"></Execution>
<Channel>Microsoft-Windows-RemoteDesktopServices-RdpCoreTS/Operational</Channel>
<Computer>WIN-PTFPHFCRDJ0</Computer>
<Security UserID="S-1-5-20"></Security>
</System>
<EventData><Data Name="Name">CUMRDPProtocolManager</Data>
<Data Name="CustomLevel">'Creating standard listener:RDP-Tcp' in CUMRDPProtocolManager::CreateListener at 4212 err=[0x0]</Data>
</EventData>
</Event>

<Event xmlns="http://schemas.microsoft.com/win/2004/08/events/event"><System><Provider Name="Microsoft-Windows-RemoteDesktopServices-RdpCoreTS" Guid="{1139c61b-b549-4251-8ed3-27250a1edec8}"></Provider>
<EventID Qualifiers="">229</EventID>
<Version>0</Version>
<Level>4</Level>
<Task>4</Task>
<Opcode>19</Opcode>
<Keywords>0x4000000000000000</Keywords>
<TimeCreated SystemTime="2020-10-26 15:12:34.137367"></TimeCreated>
<EventRecordID>355</EventRecordID>
<Correlation ActivityID="{f4626631-ac09-4f74-9441-c7b782780000}" RelatedActivityID=""></Correlation>
<Execution ProcessID="1064" ThreadID="1136"></Execution>
<Channel>Microsoft-Windows-RemoteDesktopServices-RdpCoreTS/Operational</Channel>
<Computer>WIN-PTFPHFCRDJ0</Computer>
<Security UserID="S-1-5-20"></Security>
</System>
<EventData><Data Name="Name">CUMRDPListenerBase</Data>
<Data Name="CustomLevel">'Windows 8 or later detected, setting transport default mode to UDP + TCP' in CUMRDPListenerBase::Initialize at 491 err=[0x0]</Data>
</EventData>
</Event>

<Event xmlns="http://schemas.microsoft.com/win/2004/08/events/event"><System><Provider Name="Microsoft-Windows-RemoteDesktopServices-RdpCoreTS" Guid="{1139c61b-b549-4251-8ed3-27250a1edec8}"></Provider>
<EventID Qualifiers="">70</EventID>
<Version>0</Version>
<Level>4</Level>
<Task>4</Task>
<Opcode>13</Opcode>
<Keywords>0x4000000000000000</Keywords>
<TimeCreated SystemTime="2020-10-26 15:12:34.137369"></TimeCreated>
<EventRecordID>356</EventRecordID>
<Correlation ActivityID="{f4626631-ac09-4f74-9441-c7b782780000}" RelatedActivityID=""></Correlation>
<Execution ProcessID="1064" ThreadID="1136"></Execution>
<Channel>Microsoft-Windows-RemoteDesktopServices-RdpCoreTS/Operational</Channel>
<Computer>WIN-PTFPHFCRDJ0</Computer>
<Security UserID="S-1-5-20"></Security>
</System>
<EventData><Data Name="DisplayDriverName">rdpudd.dll</Data>
</EventData>
</Event>

<Event xmlns="http://schemas.microsoft.com/win/2004/08/events/event"><System><Provider Name="Microsoft-Windows-RemoteDesktopServices-RdpCoreTS" Guid="{1139c61b-b549-4251-8ed3-27250a1edec8}"></Provider>
<EventID Qualifiers="">129</EventID>
<Version>0</Version>
<Level>4</Level>
<Task>4</Task>
<Opcode>18</Opcode>
<Keywords>0x4000000000000000</Keywords>
<TimeCreated SystemTime="2020-10-26 15:12:34.297960"></TimeCreated>
<EventRecordID>357</EventRecordID>
<Correlation ActivityID="{f4626631-ac09-4f74-9441-c7b782780000}" RelatedActivityID=""></Correlation>
<Execution ProcessID="1064" ThreadID="1136"></Execution>
<Channel>Microsoft-Windows-RemoteDesktopServices-RdpCoreTS/Operational</Channel>
<Computer>WIN-PTFPHFCRDJ0</Computer>
<Security UserID="S-1-5-20"></Security>
</System>
<EventData><Data Name="TransportProtocolName">TCP</Data>
<Data Name="Port">3389</Data>
</EventData>
</Event>

<Event xmlns="http://schemas.microsoft.com/win/2004/08/events/event"><System><Provider Name="Microsoft-Windows-RemoteDesktopServices-RdpCoreTS" Guid="{1139c61b-b549-4251-8ed3-27250a1edec8}"></Provider>
<EventID Qualifiers="">129</EventID>
<Version>0</Version>
<Level>4</Level>
<Task>4</Task>
<Opcode>18</Opcode>
<Keywords>0x4000000000000000</Keywords>
<TimeCreated SystemTime="2020-10-26 15:12:34.298059"></TimeCreated>
<EventRecordID>358</EventRecordID>
<Correlation ActivityID="{f4626631-ac09-4f74-9441-c7b782780000}" RelatedActivityID=""></Correlation>
<Execution ProcessID="1064" ThreadID="1136"></Execution>
<Channel>Microsoft-Windows-RemoteDesktopServices-RdpCoreTS/Operational</Channel>
<Computer>WIN-PTFPHFCRDJ0</Computer>
<Security UserID="S-1-5-20"></Security>
</System>
<EventData><Data Name="TransportProtocolName">TCP</Data>
<Data Name="Port">3389</Data>
</EventData>
</Event>

<Event xmlns="http://schemas.microsoft.com/win/2004/08/events/event"><System><Provider Name="Microsoft-Windows-RemoteDesktopServices-RdpCoreTS" Guid="{1139c61b-b549-4251-8ed3-27250a1edec8}"></Provider>
<EventID Qualifiers="">129</EventID>
<Version>0</Version>
<Level>4</Level>
<Task>4</Task>
<Opcode>18</Opcode>
<Keywords>0x4000000000000000</Keywords>
<TimeCreated SystemTime="2020-10-26 15:12:34.303179"></TimeCreated>
<EventRecordID>359</EventRecordID>
<Correlation ActivityID="{f4626631-ac09-4f74-9441-c7b782780000}" RelatedActivityID=""></Correlation>
<Execution ProcessID="1064" ThreadID="1136"></Execution>
<Channel>Microsoft-Windows-RemoteDesktopServices-RdpCoreTS/Operational</Channel>
<Computer>WIN-PTFPHFCRDJ0</Computer>
<Security UserID="S-1-5-20"></Security>
</System>
<EventData><Data Name="TransportProtocolName">UDP</Data>
<Data Name="Port">3389</Data>
</EventData>
</Event>

<Event xmlns="http://schemas.microsoft.com/win/2004/08/events/event"><System><Provider Name="Microsoft-Windows-RemoteDesktopServices-RdpCoreTS" Guid="{1139c61b-b549-4251-8ed3-27250a1edec8}"></Provider>
<EventID Qualifiers="">129</EventID>
<Version>0</Version>
<Level>4</Level>
<Task>4</Task>
<Opcode>18</Opcode>
<Keywords>0x4000000000000000</Keywords>
<TimeCreated SystemTime="2020-10-26 15:12:34.303778"></TimeCreated>
<EventRecordID>360</EventRecordID>
<Correlation ActivityID="{f4626631-ac09-4f74-9441-c7b782780000}" RelatedActivityID=""></Correlation>
<Execution ProcessID="1064" ThreadID="1136"></Execution>
<Channel>Microsoft-Windows-RemoteDesktopServices-RdpCoreTS/Operational</Channel>
<Computer>WIN-PTFPHFCRDJ0</Computer>
<Security UserID="S-1-5-20"></Security>
</System>
<EventData><Data Name="TransportProtocolName">UDP</Data>
<Data Name="Port">3389</Data>
</EventData>
</Event>

<Event xmlns="http://schemas.microsoft.com/win/2004/08/events/event"><System><Provider Name="Microsoft-Windows-RemoteDesktopServices-RdpCoreTS" Guid="{1139c61b-b549-4251-8ed3-27250a1edec8}"></Provider>
<EventID Qualifiers="">229</EventID>
<Version>0</Version>
<Level>4</Level>
<Task>4</Task>
<Opcode>19</Opcode>
<Keywords>0x4000000000000000</Keywords>
<TimeCreated SystemTime="2020-10-27 01:58:08.484320"></TimeCreated>
<EventRecordID>361</EventRecordID>
<Correlation ActivityID="{f462655d-97bf-4930-8af9-8f284a610000}" RelatedActivityID=""></Correlation>
<Execution ProcessID="1080" ThreadID="1148"></Execution>
<Channel>Microsoft-Windows-RemoteDesktopServices-RdpCoreTS/Operational</Channel>
<Computer>WIN-PTFPHFCRDJ0</Computer>
<Security UserID="S-1-5-20"></Security>
</System>
<EventData><Data Name="Name">CUMRDPProtocolManager</Data>
<Data Name="CustomLevel">'CUMRDPProtocolManager::CreateListener(RDP-Tcp) DEBUG/VM/ReverseTCP/ReverseUDP/INET' in CUMRDPProtocolManager::CreateListener at 4134 err=[0x0]</Data>
</EventData>
</Event>

<Event xmlns="http://schemas.microsoft.com/win/2004/08/events/event"><System><Provider Name="Microsoft-Windows-RemoteDesktopServices-RdpCoreTS" Guid="{1139c61b-b549-4251-8ed3-27250a1edec8}"></Provider>
<EventID Qualifiers="">227</EventID>
<Version>0</Version>
<Level>2</Level>
<Task>4</Task>
<Opcode>19</Opcode>
<Keywords>0x4000000000000000</Keywords>
<TimeCreated SystemTime="2020-10-27 01:58:08.484383"></TimeCreated>
<EventRecordID>362</EventRecordID>
<Correlation ActivityID="{f462655d-97bf-4930-8af9-8f284a610000}" RelatedActivityID=""></Correlation>
<Execution ProcessID="1080" ThreadID="1148"></Execution>
<Channel>Microsoft-Windows-RemoteDesktopServices-RdpCoreTS/Operational</Channel>
<Computer>WIN-PTFPHFCRDJ0</Computer>
<Security UserID="S-1-5-20"></Security>
</System>
<EventData><Data Name="Name">CUMRDPProtocolManager</Data>
<Data Name="Value">2</Data>
<Data Name="CustomLevel">'Reverse Connection Listener Name not found.  Default Listener Name will be used.' in CUMRDPProtocolManager::CreateListener at 4151 err=[0x2]</Data>
</EventData>
</Event>

<Event xmlns="http://schemas.microsoft.com/win/2004/08/events/event"><System><Provider Name="Microsoft-Windows-RemoteDesktopServices-RdpCoreTS" Guid="{1139c61b-b549-4251-8ed3-27250a1edec8}"></Provider>
<EventID Qualifiers="">229</EventID>
<Version>0</Version>
<Level>4</Level>
<Task>4</Task>
<Opcode>19</Opcode>
<Keywords>0x4000000000000000</Keywords>
<TimeCreated SystemTime="2020-10-27 01:58:08.484400"></TimeCreated>
<EventRecordID>363</EventRecordID>
<Correlation ActivityID="{f462655d-97bf-4930-8af9-8f284a610000}" RelatedActivityID=""></Correlation>
<Execution ProcessID="1080" ThreadID="1148"></Execution>
<Channel>Microsoft-Windows-RemoteDesktopServices-RdpCoreTS/Operational</Channel>
<Computer>WIN-PTFPHFCRDJ0</Computer>
<Security UserID="S-1-5-20"></Security>
</System>
<EventData><Data Name="Name">CUMRDPProtocolManager</Data>
<Data Name="CustomLevel">'Creating standard listener:RDP-Tcp' in CUMRDPProtocolManager::CreateListener at 4212 err=[0x0]</Data>
</EventData>
</Event>

<Event xmlns="http://schemas.microsoft.com/win/2004/08/events/event"><System><Provider Name="Microsoft-Windows-RemoteDesktopServices-RdpCoreTS" Guid="{1139c61b-b549-4251-8ed3-27250a1edec8}"></Provider>
<EventID Qualifiers="">229</EventID>
<Version>0</Version>
<Level>4</Level>
<Task>4</Task>
<Opcode>19</Opcode>
<Keywords>0x4000000000000000</Keywords>
<TimeCreated SystemTime="2020-10-27 01:58:08.951441"></TimeCreated>
<EventRecordID>364</EventRecordID>
<Correlation ActivityID="{f462655d-97bf-4930-8af9-8f284a610000}" RelatedActivityID=""></Correlation>
<Execution ProcessID="1080" ThreadID="1148"></Execution>
<Channel>Microsoft-Windows-RemoteDesktopServices-RdpCoreTS/Operational</Channel>
<Computer>WIN-PTFPHFCRDJ0</Computer>
<Security UserID="S-1-5-20"></Security>
</System>
<EventData><Data Name="Name">CUMRDPListenerBase</Data>
<Data Name="CustomLevel">'Windows 8 or later detected, setting transport default mode to UDP + TCP' in CUMRDPListenerBase::Initialize at 491 err=[0x0]</Data>
</EventData>
</Event>

<Event xmlns="http://schemas.microsoft.com/win/2004/08/events/event"><System><Provider Name="Microsoft-Windows-RemoteDesktopServices-RdpCoreTS" Guid="{1139c61b-b549-4251-8ed3-27250a1edec8}"></Provider>
<EventID Qualifiers="">70</EventID>
<Version>0</Version>
<Level>4</Level>
<Task>4</Task>
<Opcode>13</Opcode>
<Keywords>0x4000000000000000</Keywords>
<TimeCreated SystemTime="2020-10-27 01:58:08.951447"></TimeCreated>
<EventRecordID>365</EventRecordID>
<Correlation ActivityID="{f462655d-97bf-4930-8af9-8f284a610000}" RelatedActivityID=""></Correlation>
<Execution ProcessID="1080" ThreadID="1148"></Execution>
<Channel>Microsoft-Windows-RemoteDesktopServices-RdpCoreTS/Operational</Channel>
<Computer>WIN-PTFPHFCRDJ0</Computer>
<Security UserID="S-1-5-20"></Security>
</System>
<EventData><Data Name="DisplayDriverName">rdpudd.dll</Data>
</EventData>
</Event>

<Event xmlns="http://schemas.microsoft.com/win/2004/08/events/event"><System><Provider Name="Microsoft-Windows-RemoteDesktopServices-RdpCoreTS" Guid="{1139c61b-b549-4251-8ed3-27250a1edec8}"></Provider>
<EventID Qualifiers="">129</EventID>
<Version>0</Version>
<Level>4</Level>
<Task>4</Task>
<Opcode>18</Opcode>
<Keywords>0x4000000000000000</Keywords>
<TimeCreated SystemTime="2020-10-27 01:58:09.152016"></TimeCreated>
<EventRecordID>366</EventRecordID>
<Correlation ActivityID="{f462655d-97bf-4930-8af9-8f284a610000}" RelatedActivityID=""></Correlation>
<Execution ProcessID="1080" ThreadID="1148"></Execution>
<Channel>Microsoft-Windows-RemoteDesktopServices-RdpCoreTS/Operational</Channel>
<Computer>WIN-PTFPHFCRDJ0</Computer>
<Security UserID="S-1-5-20"></Security>
</System>
<EventData><Data Name="TransportProtocolName">TCP</Data>
<Data Name="Port">3389</Data>
</EventData>
</Event>

<Event xmlns="http://schemas.microsoft.com/win/2004/08/events/event"><System><Provider Name="Microsoft-Windows-RemoteDesktopServices-RdpCoreTS" Guid="{1139c61b-b549-4251-8ed3-27250a1edec8}"></Provider>
<EventID Qualifiers="">129</EventID>
<Version>0</Version>
<Level>4</Level>
<Task>4</Task>
<Opcode>18</Opcode>
<Keywords>0x4000000000000000</Keywords>
<TimeCreated SystemTime="2020-10-27 01:58:09.152332"></TimeCreated>
<EventRecordID>367</EventRecordID>
<Correlation ActivityID="{f462655d-97bf-4930-8af9-8f284a610000}" RelatedActivityID=""></Correlation>
<Execution ProcessID="1080" ThreadID="1148"></Execution>
<Channel>Microsoft-Windows-RemoteDesktopServices-RdpCoreTS/Operational</Channel>
<Computer>WIN-PTFPHFCRDJ0</Computer>
<Security UserID="S-1-5-20"></Security>
</System>
<EventData><Data Name="TransportProtocolName">TCP</Data>
<Data Name="Port">3389</Data>
</EventData>
</Event>

<Event xmlns="http://schemas.microsoft.com/win/2004/08/events/event"><System><Provider Name="Microsoft-Windows-RemoteDesktopServices-RdpCoreTS" Guid="{1139c61b-b549-4251-8ed3-27250a1edec8}"></Provider>
<EventID Qualifiers="">129</EventID>
<Version>0</Version>
<Level>4</Level>
<Task>4</Task>
<Opcode>18</Opcode>
<Keywords>0x4000000000000000</Keywords>
<TimeCreated SystemTime="2020-10-27 01:58:09.213133"></TimeCreated>
<EventRecordID>368</EventRecordID>
<Correlation ActivityID="{f462655d-97bf-4930-8af9-8f284a610000}" RelatedActivityID=""></Correlation>
<Execution ProcessID="1080" ThreadID="1148"></Execution>
<Channel>Microsoft-Windows-RemoteDesktopServices-RdpCoreTS/Operational</Channel>
<Computer>WIN-PTFPHFCRDJ0</Computer>
<Security UserID="S-1-5-20"></Security>
</System>
<EventData><Data Name="TransportProtocolName">UDP</Data>
<Data Name="Port">3389</Data>
</EventData>
</Event>

<Event xmlns="http://schemas.microsoft.com/win/2004/08/events/event"><System><Provider Name="Microsoft-Windows-RemoteDesktopServices-RdpCoreTS" Guid="{1139c61b-b549-4251-8ed3-27250a1edec8}"></Provider>
<EventID Qualifiers="">129</EventID>
<Version>0</Version>
<Level>4</Level>
<Task>4</Task>
<Opcode>18</Opcode>
<Keywords>0x4000000000000000</Keywords>
<TimeCreated SystemTime="2020-10-27 01:58:09.214939"></TimeCreated>
<EventRecordID>369</EventRecordID>
<Correlation ActivityID="{f462655d-97bf-4930-8af9-8f284a610000}" RelatedActivityID=""></Correlation>
<Execution ProcessID="1080" ThreadID="1148"></Execution>
<Channel>Microsoft-Windows-RemoteDesktopServices-RdpCoreTS/Operational</Channel>
<Computer>WIN-PTFPHFCRDJ0</Computer>
<Security UserID="S-1-5-20"></Security>
</System>
<EventData><Data Name="TransportProtocolName">UDP</Data>
<Data Name="Port">3389</Data>
</EventData>
</Event>

</Events>
