<Event xmlns="http://schemas.microsoft.com/win/2004/08/events/event"><System><Provider Name="Microsoft-Windows-Windows Firewall With Advanced Security" Guid="{d1bc9aff-2abf-4d71-9146-ecb2a986eb85}"></Provider>
<EventID Qualifiers="">2004</EventID>
<Version>0</Version>
<Level>4</Level>
<Task>0</Task>
<Opcode>0</Opcode>
<Keywords>0x8000020000000000</Keywords>
<TimeCreated SystemTime="2020-10-22 20:58:18.793867"></TimeCreated>
<EventRecordID>96</EventRecordID>
<Correlation ActivityID="" RelatedActivityID=""></Correlation>
<Execution ProcessID="1600" ThreadID="1828"></Execution>
<Channel>Microsoft-Windows-Windows Firewall With Advanced Security/Firewall</Channel>
<Computer>WIN-PTFPHFCRDJ0</Computer>
<Security UserID="S-1-5-19"></Security>
</System>
<EventData><Data Name="RuleId">Microsoft.Win32WebViewHost_cw5n1h2txyewy_S-1-5-21-1152959844-3645458174-3779170896-1000_In_notRemoteName_All</Data>
<Data Name="RuleName">Microsoft.Win32WebViewHost_cw5n1h2txyewy_S-1-5-21-1152959844-3645458174-3779170896-1000_In_notRemoteName_All</Data>
<Data Name="Origin">1</Data>
<Data Name="ApplicationPath"></Data>
<Data Name="ServiceName"></Data>
<Data Name="Direction">1</Data>
<Data Name="Protocol">256</Data>
<Data Name="LocalPorts"></Data>
<Data Name="RemotePorts"></Data>
<Data Name="Action">2</Data>
<Data Name="Profiles">2147483647</Data>
<Data Name="LocalAddresses">*</Data>
<Data Name="RemoteAddresses">*</Data>
<Data Name="RemoteMachineAuthorizationList"></Data>
<Data Name="RemoteUserAuthorizationList"></Data>
<Data Name="EmbeddedContext">9F780EE3-C5A4-47AE-AC46-99B55513C014_CellularDataAccess</Data>
<Data Name="Flags">0</Data>
<Data Name="Active">0</Data>
<Data Name="EdgeTraversal">0</Data>
<Data Name="LooseSourceMapped">0</Data>
<Data Name="SecurityOptions">0</Data>
<Data Name="ModifyingUser">S-1-5-18</Data>
<Data Name="ModifyingApplication">C:\Windows\System32\svchost.exe</Data>
<Data Name="SchemaVersion">541</Data>
<Data Name="RuleStatus">65536</Data>
<Data Name="LocalOnlyMapped">0</Data>
</EventData>
</Event>

<Event xmlns="http://schemas.microsoft.com/win/2004/08/events/event"><System><Provider Name="Microsoft-Windows-Windows Firewall With Advanced Security" Guid="{d1bc9aff-2abf-4d71-9146-ecb2a986eb85}"></Provider>
<EventID Qualifiers="">2004</EventID>
<Version>0</Version>
<Level>4</Level>
<Task>0</Task>
<Opcode>0</Opcode>
<Keywords>0x8000020000000000</Keywords>
<TimeCreated SystemTime="2020-10-22 20:58:18.804476"></TimeCreated>
<EventRecordID>97</EventRecordID>
<Correlation ActivityID="" RelatedActivityID=""></Correlation>
<Execution ProcessID="1600" ThreadID="1828"></Execution>
<Channel>Microsoft-Windows-Windows Firewall With Advanced Security/Firewall</Channel>
<Computer>WIN-PTFPHFCRDJ0</Computer>
<Security UserID="S-1-5-19"></Security>
</System>
<EventData><Data Name="RuleId">Microsoft.Win32WebViewHost_cw5n1h2txyewy_S-1-5-21-1152959844-3645458174-3779170896-1000_Out_emptyRemoteName_All</Data>
<Data Name="RuleName">Microsoft.Win32WebViewHost_cw5n1h2txyewy_S-1-5-21-1152959844-3645458174-3779170896-1000_Out_emptyRemoteName_All</Data>
<Data Name="Origin">1</Data>
<Data Name="ApplicationPath"></Data>
<Data Name="ServiceName"></Data>
<Data Name="Direction">2</Data>
<Data Name="Protocol">256</Data>
<Data Name="LocalPorts"></Data>
<Data Name="RemotePorts"></Data>
<Data Name="Action">2</Data>
<Data Name="Profiles">2147483647</Data>
<Data Name="LocalAddresses">*</Data>
<Data Name="RemoteAddresses">*</Data>
<Data Name="RemoteMachineAuthorizationList"></Data>
<Data Name="RemoteUserAuthorizationList"></Data>
<Data Name="EmbeddedContext">9F780EE3-C5A4-47AE-AC46-99B55513C014_CellularDataAccess</Data>
<Data Name="Flags">0</Data>
<Data Name="Active">0</Data>
<Data Name="EdgeTraversal">0</Data>
<Data Name="LooseSourceMapped">0</Data>
<Data Name="SecurityOptions">0</Data>
<Data Name="ModifyingUser">S-1-5-18</Data>
<Data Name="ModifyingApplication">C:\Windows\System32\svchost.exe</Data>
<Data Name="SchemaVersion">541</Data>
<Data Name="RuleStatus">65536</Data>
<Data Name="LocalOnlyMapped">0</Data>
</EventData>
</Event>

<Event xmlns="http://schemas.microsoft.com/win/2004/08/events/event"><System><Provider Name="Microsoft-Windows-Windows Firewall With Advanced Security" Guid="{d1bc9aff-2abf-4d71-9146-ecb2a986eb85}"></Provider>
<EventID Qualifiers="">2004</EventID>
<Version>0</Version>
<Level>4</Level>
<Task>0</Task>
<Opcode>0</Opcode>
<Keywords>0x8000020000000000</Keywords>
<TimeCreated SystemTime="2020-10-22 20:58:18.811890"></TimeCreated>
<EventRecordID>98</EventRecordID>
<Correlation ActivityID="" RelatedActivityID=""></Correlation>
<Execution ProcessID="1600" ThreadID="1828"></Execution>
<Channel>Microsoft-Windows-Windows Firewall With Advanced Security/Firewall</Channel>
<Computer>WIN-PTFPHFCRDJ0</Computer>
<Security UserID="S-1-5-19"></Security>
</System>
<EventData><Data Name="RuleId">Microsoft.Win32WebViewHost_cw5n1h2txyewy_S-1-5-21-1152959844-3645458174-3779170896-1000_Out_notRemoteName_All</Data>
<Data Name="RuleName">Microsoft.Win32WebViewHost_cw5n1h2txyewy_S-1-5-21-1152959844-3645458174-3779170896-1000_Out_notRemoteName_All</Data>
<Data Name="Origin">1</Data>
<Data Name="ApplicationPath"></Data>
<Data Name="ServiceName"></Data>
<Data Name="Direction">2</Data>
<Data Name="Protocol">256</Data>
<Data Name="LocalPorts"></Data>
<Data Name="RemotePorts"></Data>
<Data Name="Action">2</Data>
<Data Name="Profiles">2147483647</Data>
<Data Name="LocalAddresses">*</Data>
<Data Name="RemoteAddresses">*</Data>
<Data Name="RemoteMachineAuthorizationList"></Data>
<Data Name="RemoteUserAuthorizationList"></Data>
<Data Name="EmbeddedContext">9F780EE3-C5A4-47AE-AC46-99B55513C014_CellularDataAccess</Data>
<Data Name="Flags">0</Data>
<Data Name="Active">0</Data>
<Data Name="EdgeTraversal">0</Data>
<Data Name="LooseSourceMapped">0</Data>
<Data Name="SecurityOptions">0</Data>
<Data Name="ModifyingUser">S-1-5-18</Data>
<Data Name="ModifyingApplication">C:\Windows\System32\svchost.exe</Data>
<Data Name="SchemaVersion">541</Data>
<Data Name="RuleStatus">65536</Data>
<Data Name="LocalOnlyMapped">0</Data>
</EventData>
</Event>

<Event xmlns="http://schemas.microsoft.com/win/2004/08/events/event"><System><Provider Name="Microsoft-Windows-Windows Firewall With Advanced Security" Guid="{d1bc9aff-2abf-4d71-9146-ecb2a986eb85}"></Provider>
<EventID Qualifiers="">2004</EventID>
<Version>0</Version>
<Level>4</Level>
<Task>0</Task>
<Opcode>0</Opcode>
<Keywords>0x8000020000000000</Keywords>
<TimeCreated SystemTime="2020-10-22 20:58:18.820877"></TimeCreated>
<EventRecordID>99</EventRecordID>
<Correlation ActivityID="" RelatedActivityID=""></Correlation>
<Execution ProcessID="1600" ThreadID="1828"></Execution>
<Channel>Microsoft-Windows-Windows Firewall With Advanced Security/Firewall</Channel>
<Computer>WIN-PTFPHFCRDJ0</Computer>
<Security UserID="S-1-5-19"></Security>
</System>
<EventData><Data Name="RuleId">Microsoft.Win32WebViewHost_cw5n1h2txyewy_S-1-5-21-1152959844-3645458174-3779170896-1000_In_emptyRemoteName_RAS</Data>
<Data Name="RuleName">Microsoft.Win32WebViewHost_cw5n1h2txyewy_S-1-5-21-1152959844-3645458174-3779170896-1000_In_emptyRemoteName_RAS</Data>
<Data Name="Origin">1</Data>
<Data Name="ApplicationPath"></Data>
<Data Name="ServiceName"></Data>
<Data Name="Direction">1</Data>
<Data Name="Protocol">256</Data>
<Data Name="LocalPorts"></Data>
<Data Name="RemotePorts"></Data>
<Data Name="Action">2</Data>
<Data Name="Profiles">2147483647</Data>
<Data Name="LocalAddresses">*</Data>
<Data Name="RemoteAddresses">*</Data>
<Data Name="RemoteMachineAuthorizationList"></Data>
<Data Name="RemoteUserAuthorizationList"></Data>
<Data Name="EmbeddedContext">9F780EE3-C5A4-47AE-AC46-99B55513C014_CellularDataAccess</Data>
<Data Name="Flags">0</Data>
<Data Name="Active">0</Data>
<Data Name="EdgeTraversal">0</Data>
<Data Name="LooseSourceMapped">0</Data>
<Data Name="SecurityOptions">0</Data>
<Data Name="ModifyingUser">S-1-5-18</Data>
<Data Name="ModifyingApplication">C:\Windows\System32\svchost.exe</Data>
<Data Name="SchemaVersion">541</Data>
<Data Name="RuleStatus">65536</Data>
<Data Name="LocalOnlyMapped">0</Data>
</EventData>
</Event>

<Event xmlns="http://schemas.microsoft.com/win/2004/08/events/event"><System><Provider Name="Microsoft-Windows-Windows Firewall With Advanced Security" Guid="{d1bc9aff-2abf-4d71-9146-ecb2a986eb85}"></Provider>
<EventID Qualifiers="">2004</EventID>
<Version>0</Version>
<Level>4</Level>
<Task>0</Task>
<Opcode>0</Opcode>
<Keywords>0x8000020000000000</Keywords>
<TimeCreated SystemTime="2020-10-22 20:58:18.829157"></TimeCreated>
<EventRecordID>100</EventRecordID>
<Correlation ActivityID="" RelatedActivityID=""></Correlation>
<Execution ProcessID="1600" ThreadID="1828"></Execution>
<Channel>Microsoft-Windows-Windows Firewall With Advanced Security/Firewall</Channel>
<Computer>WIN-PTFPHFCRDJ0</Computer>
<Security UserID="S-1-5-19"></Security>
</System>
<EventData><Data Name="RuleId">Microsoft.Win32WebViewHost_cw5n1h2txyewy_S-1-5-21-1152959844-3645458174-3779170896-1000_In_notRemoteName_RAS</Data>
<Data Name="RuleName">Microsoft.Win32WebViewHost_cw5n1h2txyewy_S-1-5-21-1152959844-3645458174-3779170896-1000_In_notRemoteName_RAS</Data>
<Data Name="Origin">1</Data>
<Data Name="ApplicationPath"></Data>
<Data Name="ServiceName"></Data>
<Data Name="Direction">1</Data>
<Data Name="Protocol">256</Data>
<Data Name="LocalPorts"></Data>
<Data Name="RemotePorts"></Data>
<Data Name="Action">2</Data>
<Data Name="Profiles">2147483647</Data>
<Data Name="LocalAddresses">*</Data>
<Data Name="RemoteAddresses">*</Data>
<Data Name="RemoteMachineAuthorizationList"></Data>
<Data Name="RemoteUserAuthorizationList"></Data>
<Data Name="EmbeddedContext">9F780EE3-C5A4-47AE-AC46-99B55513C014_CellularDataAccess</Data>
<Data Name="Flags">0</Data>
<Data Name="Active">0</Data>
<Data Name="EdgeTraversal">0</Data>
<Data Name="LooseSourceMapped">0</Data>
<Data Name="SecurityOptions">0</Data>
<Data Name="ModifyingUser">S-1-5-18</Data>
<Data Name="ModifyingApplication">C:\Windows\System32\svchost.exe</Data>
<Data Name="SchemaVersion">541</Data>
<Data Name="RuleStatus">65536</Data>
<Data Name="LocalOnlyMapped">0</Data>
</EventData>
</Event>

<Event xmlns="http://schemas.microsoft.com/win/2004/08/events/event"><System><Provider Name="Microsoft-Windows-Windows Firewall With Advanced Security" Guid="{d1bc9aff-2abf-4d71-9146-ecb2a986eb85}"></Provider>
<EventID Qualifiers="">2004</EventID>
<Version>0</Version>
<Level>4</Level>
<Task>0</Task>
<Opcode>0</Opcode>
<Keywords>0x8000020000000000</Keywords>
<TimeCreated SystemTime="2020-10-22 20:58:18.838551"></TimeCreated>
<EventRecordID>101</EventRecordID>
<Correlation ActivityID="" RelatedActivityID=""></Correlation>
<Execution ProcessID="1600" ThreadID="1828"></Execution>
<Channel>Microsoft-Windows-Windows Firewall With Advanced Security/Firewall</Channel>
<Computer>WIN-PTFPHFCRDJ0</Computer>
<Security UserID="S-1-5-19"></Security>
</System>
<EventData><Data Name="RuleId">Microsoft.Win32WebViewHost_cw5n1h2txyewy_S-1-5-21-1152959844-3645458174-3779170896-1000_Out_emptyRemoteName_RAS</Data>
<Data Name="RuleName">Microsoft.Win32WebViewHost_cw5n1h2txyewy_S-1-5-21-1152959844-3645458174-3779170896-1000_Out_emptyRemoteName_RAS</Data>
<Data Name="Origin">1</Data>
<Data Name="ApplicationPath"></Data>
<Data Name="ServiceName"></Data>
<Data Name="Direction">2</Data>
<Data Name="Protocol">256</Data>
<Data Name="LocalPorts"></Data>
<Data Name="RemotePorts"></Data>
<Data Name="Action">2</Data>
<Data Name="Profiles">2147483647</Data>
<Data Name="LocalAddresses">*</Data>
<Data Name="RemoteAddresses">*</Data>
<Data Name="RemoteMachineAuthorizationList"></Data>
<Data Name="RemoteUserAuthorizationList"></Data>
<Data Name="EmbeddedContext">9F780EE3-C5A4-47AE-AC46-99B55513C014_CellularDataAccess</Data>
<Data Name="Flags">0</Data>
<Data Name="Active">0</Data>
<Data Name="EdgeTraversal">0</Data>
<Data Name="LooseSourceMapped">0</Data>
<Data Name="SecurityOptions">0</Data>
<Data Name="ModifyingUser">S-1-5-18</Data>
<Data Name="ModifyingApplication">C:\Windows\System32\svchost.exe</Data>
<Data Name="SchemaVersion">541</Data>
<Data Name="RuleStatus">65536</Data>
<Data Name="LocalOnlyMapped">0</Data>
</EventData>
</Event>

<Event xmlns="http://schemas.microsoft.com/win/2004/08/events/event"><System><Provider Name="Microsoft-Windows-Windows Firewall With Advanced Security" Guid="{d1bc9aff-2abf-4d71-9146-ecb2a986eb85}"></Provider>
<EventID Qualifiers="">2004</EventID>
<Version>0</Version>
<Level>4</Level>
<Task>0</Task>
<Opcode>0</Opcode>
<Keywords>0x8000020000000000</Keywords>
<TimeCreated SystemTime="2020-10-22 20:58:18.847904"></TimeCreated>
<EventRecordID>102</EventRecordID>
<Correlation ActivityID="" RelatedActivityID=""></Correlation>
<Execution ProcessID="1600" ThreadID="1828"></Execution>
<Channel>Microsoft-Windows-Windows Firewall With Advanced Security/Firewall</Channel>
<Computer>WIN-PTFPHFCRDJ0</Computer>
<Security UserID="S-1-5-19"></Security>
</System>
<EventData><Data Name="RuleId">Microsoft.Win32WebViewHost_cw5n1h2txyewy_S-1-5-21-1152959844-3645458174-3779170896-1000_Out_notRemoteName_RAS</Data>
<Data Name="RuleName">Microsoft.Win32WebViewHost_cw5n1h2txyewy_S-1-5-21-1152959844-3645458174-3779170896-1000_Out_notRemoteName_RAS</Data>
<Data Name="Origin">1</Data>
<Data Name="ApplicationPath"></Data>
<Data Name="ServiceName"></Data>
<Data Name="Direction">2</Data>
<Data Name="Protocol">256</Data>
<Data Name="LocalPorts"></Data>
<Data Name="RemotePorts"></Data>
<Data Name="Action">2</Data>
<Data Name="Profiles">2147483647</Data>
<Data Name="LocalAddresses">*</Data>
<Data Name="RemoteAddresses">*</Data>
<Data Name="RemoteMachineAuthorizationList"></Data>
<Data Name="RemoteUserAuthorizationList"></Data>
<Data Name="EmbeddedContext">9F780EE3-C5A4-47AE-AC46-99B55513C014_CellularDataAccess</Data>
<Data Name="Flags">0</Data>
<Data Name="Active">0</Data>
<Data Name="EdgeTraversal">0</Data>
<Data Name="LooseSourceMapped">0</Data>
<Data Name="SecurityOptions">0</Data>
<Data Name="ModifyingUser">S-1-5-18</Data>
<Data Name="ModifyingApplication">C:\Windows\System32\svchost.exe</Data>
<Data Name="SchemaVersion">541</Data>
<Data Name="RuleStatus">65536</Data>
<Data Name="LocalOnlyMapped">0</Data>
</EventData>
</Event>

<Event xmlns="http://schemas.microsoft.com/win/2004/08/events/event"><System><Provider Name="Microsoft-Windows-Windows Firewall With Advanced Security" Guid="{d1bc9aff-2abf-4d71-9146-ecb2a986eb85}"></Provider>
<EventID Qualifiers="">2004</EventID>
<Version>0</Version>
<Level>4</Level>
<Task>0</Task>
<Opcode>0</Opcode>
<Keywords>0x8000020000000000</Keywords>
<TimeCreated SystemTime="2020-10-22 20:58:19.529320"></TimeCreated>
<EventRecordID>103</EventRecordID>
<Correlation ActivityID="" RelatedActivityID=""></Correlation>
<Execution ProcessID="1600" ThreadID="1828"></Execution>
<Channel>Microsoft-Windows-Windows Firewall With Advanced Security/Firewall</Channel>
<Computer>WIN-PTFPHFCRDJ0</Computer>
<Security UserID="S-1-5-19"></Security>
</System>
<EventData><Data Name="RuleId">{B62EF5EC-D958-43C6-BC23-66F198EA3CB1}</Data>
<Data Name="RuleName">@{Microsoft.LockApp_10.0.17763.1_neutral__cw5n1h2txyewy?ms-resource://Microsoft.LockApp/resources/AppDisplayName}</Data>
<Data Name="Origin">1</Data>
<Data Name="ApplicationPath"></Data>
<Data Name="ServiceName"></Data>
<Data Name="Direction">1</Data>
<Data Name="Protocol">256</Data>
<Data Name="LocalPorts"></Data>
<Data Name="RemotePorts"></Data>
<Data Name="Action">2</Data>
<Data Name="Profiles">2147483647</Data>
<Data Name="LocalAddresses">*</Data>
<Data Name="RemoteAddresses">*</Data>
<Data Name="RemoteMachineAuthorizationList"></Data>
<Data Name="RemoteUserAuthorizationList"></Data>
<Data Name="EmbeddedContext">@{Microsoft.LockApp_10.0.17763.1_neutral__cw5n1h2txyewy?ms-resource://Microsoft.LockApp/resources/AppDisplayName}</Data>
<Data Name="Flags">1</Data>
<Data Name="Active">1</Data>
<Data Name="EdgeTraversal">0</Data>
<Data Name="LooseSourceMapped">0</Data>
<Data Name="SecurityOptions">0</Data>
<Data Name="ModifyingUser">S-1-5-80-3088073201-1464728630-1879813800-1107566885-823218052</Data>
<Data Name="ModifyingApplication">C:\Windows\System32\svchost.exe</Data>
<Data Name="SchemaVersion">541</Data>
<Data Name="RuleStatus">65536</Data>
<Data Name="LocalOnlyMapped">0</Data>
</EventData>
</Event>

<Event xmlns="http://schemas.microsoft.com/win/2004/08/events/event"><System><Provider Name="Microsoft-Windows-Windows Firewall With Advanced Security" Guid="{d1bc9aff-2abf-4d71-9146-ecb2a986eb85}"></Provider>
<EventID Qualifiers="">2004</EventID>
<Version>0</Version>
<Level>4</Level>
<Task>0</Task>
<Opcode>0</Opcode>
<Keywords>0x8000020000000000</Keywords>
<TimeCreated SystemTime="2020-10-22 20:58:19.530228"></TimeCreated>
<EventRecordID>104</EventRecordID>
<Correlation ActivityID="" RelatedActivityID=""></Correlation>
<Execution ProcessID="1600" ThreadID="1828"></Execution>
<Channel>Microsoft-Windows-Windows Firewall With Advanced Security/Firewall</Channel>
<Computer>WIN-PTFPHFCRDJ0</Computer>
<Security UserID="S-1-5-19"></Security>
</System>
<EventData><Data Name="RuleId">{24A94ACE-22B4-4938-8089-97667EF832D8}</Data>
<Data Name="RuleName">@{Microsoft.LockApp_10.0.17763.1_neutral__cw5n1h2txyewy?ms-resource://Microsoft.LockApp/resources/AppDisplayName}</Data>
<Data Name="Origin">1</Data>
<Data Name="ApplicationPath"></Data>
<Data Name="ServiceName"></Data>
<Data Name="Direction">2</Data>
<Data Name="Protocol">256</Data>
<Data Name="LocalPorts"></Data>
<Data Name="RemotePorts"></Data>
<Data Name="Action">2</Data>
<Data Name="Profiles">2147483647</Data>
<Data Name="LocalAddresses">*</Data>
<Data Name="RemoteAddresses">*</Data>
<Data Name="RemoteMachineAuthorizationList"></Data>
<Data Name="RemoteUserAuthorizationList"></Data>
<Data Name="EmbeddedContext">@{Microsoft.LockApp_10.0.17763.1_neutral__cw5n1h2txyewy?ms-resource://Microsoft.LockApp/resources/AppDisplayName}</Data>
<Data Name="Flags">1</Data>
<Data Name="Active">1</Data>
<Data Name="EdgeTraversal">0</Data>
<Data Name="LooseSourceMapped">0</Data>
<Data Name="SecurityOptions">0</Data>
<Data Name="ModifyingUser">S-1-5-80-3088073201-1464728630-1879813800-1107566885-823218052</Data>
<Data Name="ModifyingApplication">C:\Windows\System32\svchost.exe</Data>
<Data Name="SchemaVersion">541</Data>
<Data Name="RuleStatus">65536</Data>
<Data Name="LocalOnlyMapped">0</Data>
</EventData>
</Event>

<Event xmlns="http://schemas.microsoft.com/win/2004/08/events/event"><System><Provider Name="Microsoft-Windows-Windows Firewall With Advanced Security" Guid="{d1bc9aff-2abf-4d71-9146-ecb2a986eb85}"></Provider>
<EventID Qualifiers="">2004</EventID>
<Version>0</Version>
<Level>4</Level>
<Task>0</Task>
<Opcode>0</Opcode>
<Keywords>0x8000020000000000</Keywords>
<TimeCreated SystemTime="2020-10-22 20:58:19.531132"></TimeCreated>
<EventRecordID>105</EventRecordID>
<Correlation ActivityID="" RelatedActivityID=""></Correlation>
<Execution ProcessID="1600" ThreadID="1828"></Execution>
<Channel>Microsoft-Windows-Windows Firewall With Advanced Security/Firewall</Channel>
<Computer>WIN-PTFPHFCRDJ0</Computer>
<Security UserID="S-1-5-19"></Security>
</System>
<EventData><Data Name="RuleId">{4AF1667F-4221-4D67-9DD8-F01CBE1CA5CF}</Data>
<Data Name="RuleName">@{Microsoft.LockApp_10.0.17763.1_neutral__cw5n1h2txyewy?ms-resource://Microsoft.LockApp/resources/AppDisplayName}</Data>
<Data Name="Origin">1</Data>
<Data Name="ApplicationPath"></Data>
<Data Name="ServiceName"></Data>
<Data Name="Direction">2</Data>
<Data Name="Protocol">256</Data>
<Data Name="LocalPorts"></Data>
<Data Name="RemotePorts"></Data>
<Data Name="Action">3</Data>
<Data Name="Profiles">7</Data>
<Data Name="LocalAddresses">*</Data>
<Data Name="RemoteAddresses">*</Data>
<Data Name="RemoteMachineAuthorizationList"></Data>
<Data Name="RemoteUserAuthorizationList"></Data>
<Data Name="EmbeddedContext">@{Microsoft.LockApp_10.0.17763.1_neutral__cw5n1h2txyewy?ms-resource://Microsoft.LockApp/resources/AppDisplayName}</Data>
<Data Name="Flags">1</Data>
<Data Name="Active">1</Data>
<Data Name="EdgeTraversal">0</Data>
<Data Name="LooseSourceMapped">0</Data>
<Data Name="SecurityOptions">0</Data>
<Data Name="ModifyingUser">S-1-5-80-3088073201-1464728630-1879813800-1107566885-823218052</Data>
<Data Name="ModifyingApplication">C:\Windows\System32\svchost.exe</Data>
<Data Name="SchemaVersion">541</Data>
<Data Name="RuleStatus">65536</Data>
<Data Name="LocalOnlyMapped">0</Data>
</EventData>
</Event>

<Event xmlns="http://schemas.microsoft.com/win/2004/08/events/event"><System><Provider Name="Microsoft-Windows-Windows Firewall With Advanced Security" Guid="{d1bc9aff-2abf-4d71-9146-ecb2a986eb85}"></Provider>
<EventID Qualifiers="">2004</EventID>
<Version>0</Version>
<Level>4</Level>
<Task>0</Task>
<Opcode>0</Opcode>
<Keywords>0x8000020000000000</Keywords>
<TimeCreated SystemTime="2020-10-22 20:58:19.532116"></TimeCreated>
<EventRecordID>106</EventRecordID>
<Correlation ActivityID="" RelatedActivityID=""></Correlation>
<Execution ProcessID="1600" ThreadID="1828"></Execution>
<Channel>Microsoft-Windows-Windows Firewall With Advanced Security/Firewall</Channel>
<Computer>WIN-PTFPHFCRDJ0</Computer>
<Security UserID="S-1-5-19"></Security>
</System>
<EventData><Data Name="RuleId">{52151308-4A45-4E4E-85C0-49C984D88B5A}</Data>
<Data Name="RuleName">@{Microsoft.LockApp_10.0.17763.1_neutral__cw5n1h2txyewy?ms-resource://Microsoft.LockApp/resources/AppDisplayName}</Data>
<Data Name="Origin">1</Data>
<Data Name="ApplicationPath"></Data>
<Data Name="ServiceName"></Data>
<Data Name="Direction">2</Data>
<Data Name="Protocol">256</Data>
<Data Name="LocalPorts"></Data>
<Data Name="RemotePorts"></Data>
<Data Name="Action">3</Data>
<Data Name="Profiles">7</Data>
<Data Name="LocalAddresses">*</Data>
<Data Name="RemoteAddresses">*</Data>
<Data Name="RemoteMachineAuthorizationList"></Data>
<Data Name="RemoteUserAuthorizationList"></Data>
<Data Name="EmbeddedContext">@{Microsoft.LockApp_10.0.17763.1_neutral__cw5n1h2txyewy?ms-resource://Microsoft.LockApp/resources/AppDisplayName}</Data>
<Data Name="Flags">1</Data>
<Data Name="Active">1</Data>
<Data Name="EdgeTraversal">0</Data>
<Data Name="LooseSourceMapped">0</Data>
<Data Name="SecurityOptions">0</Data>
<Data Name="ModifyingUser">S-1-5-80-3088073201-1464728630-1879813800-1107566885-823218052</Data>
<Data Name="ModifyingApplication">C:\Windows\System32\svchost.exe</Data>
<Data Name="SchemaVersion">541</Data>
<Data Name="RuleStatus">65536</Data>
<Data Name="LocalOnlyMapped">0</Data>
</EventData>
</Event>

<Event xmlns="http://schemas.microsoft.com/win/2004/08/events/event"><System><Provider Name="Microsoft-Windows-Windows Firewall With Advanced Security" Guid="{d1bc9aff-2abf-4d71-9146-ecb2a986eb85}"></Provider>
<EventID Qualifiers="">2004</EventID>
<Version>0</Version>
<Level>4</Level>
<Task>0</Task>
<Opcode>0</Opcode>
<Keywords>0x8000020000000000</Keywords>
<TimeCreated SystemTime="2020-10-22 20:58:19.968763"></TimeCreated>
<EventRecordID>107</EventRecordID>
<Correlation ActivityID="" RelatedActivityID=""></Correlation>
<Execution ProcessID="1600" ThreadID="1828"></Execution>
<Channel>Microsoft-Windows-Windows Firewall With Advanced Security/Firewall</Channel>
<Computer>WIN-PTFPHFCRDJ0</Computer>
<Security UserID="S-1-5-19"></Security>
</System>
<EventData><Data Name="RuleId">{96494757-B2ED-4078-9E46-269993D4DCC3}</Data>
<Data Name="RuleName">@{Microsoft.ECApp_10.0.17763.1_neutral__8wekyb3d8bbwe?ms-resource://Microsoft.ECApp/Resources/AppDisplayName}</Data>
<Data Name="Origin">1</Data>
<Data Name="ApplicationPath"></Data>
<Data Name="ServiceName"></Data>
<Data Name="Direction">1</Data>
<Data Name="Protocol">256</Data>
<Data Name="LocalPorts"></Data>
<Data Name="RemotePorts"></Data>
<Data Name="Action">2</Data>
<Data Name="Profiles">2147483647</Data>
<Data Name="LocalAddresses">*</Data>
<Data Name="RemoteAddresses">*</Data>
<Data Name="RemoteMachineAuthorizationList"></Data>
<Data Name="RemoteUserAuthorizationList"></Data>
<Data Name="EmbeddedContext">@{Microsoft.ECApp_10.0.17763.1_neutral__8wekyb3d8bbwe?ms-resource://Microsoft.ECApp/Resources/AppDisplayName}</Data>
<Data Name="Flags">1</Data>
<Data Name="Active">1</Data>
<Data Name="EdgeTraversal">0</Data>
<Data Name="LooseSourceMapped">0</Data>
<Data Name="SecurityOptions">0</Data>
<Data Name="ModifyingUser">S-1-5-80-3088073201-1464728630-1879813800-1107566885-823218052</Data>
<Data Name="ModifyingApplication">C:\Windows\System32\svchost.exe</Data>
<Data Name="SchemaVersion">541</Data>
<Data Name="RuleStatus">65536</Data>
<Data Name="LocalOnlyMapped">0</Data>
</EventData>
</Event>

<Event xmlns="http://schemas.microsoft.com/win/2004/08/events/event"><System><Provider Name="Microsoft-Windows-Windows Firewall With Advanced Security" Guid="{d1bc9aff-2abf-4d71-9146-ecb2a986eb85}"></Provider>
<EventID Qualifiers="">2004</EventID>
<Version>0</Version>
<Level>4</Level>
<Task>0</Task>
<Opcode>0</Opcode>
<Keywords>0x8000020000000000</Keywords>
<TimeCreated SystemTime="2020-10-22 20:58:19.969618"></TimeCreated>
<EventRecordID>108</EventRecordID>
<Correlation ActivityID="" RelatedActivityID=""></Correlation>
<Execution ProcessID="1600" ThreadID="1828"></Execution>
<Channel>Microsoft-Windows-Windows Firewall With Advanced Security/Firewall</Channel>
<Computer>WIN-PTFPHFCRDJ0</Computer>
<Security UserID="S-1-5-19"></Security>
</System>
<EventData><Data Name="RuleId">{2F84DC45-38A5-4EB4-A3B6-A06493EF2E3B}</Data>
<Data Name="RuleName">@{Microsoft.ECApp_10.0.17763.1_neutral__8wekyb3d8bbwe?ms-resource://Microsoft.ECApp/Resources/AppDisplayName}</Data>
<Data Name="Origin">1</Data>
<Data Name="ApplicationPath"></Data>
<Data Name="ServiceName"></Data>
<Data Name="Direction">2</Data>
<Data Name="Protocol">256</Data>
<Data Name="LocalPorts"></Data>
<Data Name="RemotePorts"></Data>
<Data Name="Action">2</Data>
<Data Name="Profiles">2147483647</Data>
<Data Name="LocalAddresses">*</Data>
<Data Name="RemoteAddresses">*</Data>
<Data Name="RemoteMachineAuthorizationList"></Data>
<Data Name="RemoteUserAuthorizationList"></Data>
<Data Name="EmbeddedContext">@{Microsoft.ECApp_10.0.17763.1_neutral__8wekyb3d8bbwe?ms-resource://Microsoft.ECApp/Resources/AppDisplayName}</Data>
<Data Name="Flags">1</Data>
<Data Name="Active">1</Data>
<Data Name="EdgeTraversal">0</Data>
<Data Name="LooseSourceMapped">0</Data>
<Data Name="SecurityOptions">0</Data>
<Data Name="ModifyingUser">S-1-5-80-3088073201-1464728630-1879813800-1107566885-823218052</Data>
<Data Name="ModifyingApplication">C:\Windows\System32\svchost.exe</Data>
<Data Name="SchemaVersion">541</Data>
<Data Name="RuleStatus">65536</Data>
<Data Name="LocalOnlyMapped">0</Data>
</EventData>
</Event>

<Event xmlns="http://schemas.microsoft.com/win/2004/08/events/event"><System><Provider Name="Microsoft-Windows-Windows Firewall With Advanced Security" Guid="{d1bc9aff-2abf-4d71-9146-ecb2a986eb85}"></Provider>
<EventID Qualifiers="">2004</EventID>
<Version>0</Version>
<Level>4</Level>
<Task>0</Task>
<Opcode>0</Opcode>
<Keywords>0x8000020000000000</Keywords>
<TimeCreated SystemTime="2020-10-22 20:58:20.302111"></TimeCreated>
<EventRecordID>109</EventRecordID>
<Correlation ActivityID="" RelatedActivityID=""></Correlation>
<Execution ProcessID="1600" ThreadID="1828"></Execution>
<Channel>Microsoft-Windows-Windows Firewall With Advanced Security/Firewall</Channel>
<Computer>WIN-PTFPHFCRDJ0</Computer>
<Security UserID="S-1-5-19"></Security>
</System>
<EventData><Data Name="RuleId">{5C6E6CAF-46D3-43A4-8801-041568BACAD1}</Data>
<Data Name="RuleName">@{Microsoft.CredDialogHost_10.0.17763.1_neutral__cw5n1h2txyewy?ms-resource://Microsoft.CredDialogHost/Resources/AppDisplayName}</Data>
<Data Name="Origin">1</Data>
<Data Name="ApplicationPath"></Data>
<Data Name="ServiceName"></Data>
<Data Name="Direction">1</Data>
<Data Name="Protocol">256</Data>
<Data Name="LocalPorts"></Data>
<Data Name="RemotePorts"></Data>
<Data Name="Action">2</Data>
<Data Name="Profiles">2147483647</Data>
<Data Name="LocalAddresses">*</Data>
<Data Name="RemoteAddresses">*</Data>
<Data Name="RemoteMachineAuthorizationList"></Data>
<Data Name="RemoteUserAuthorizationList"></Data>
<Data Name="EmbeddedContext">@{Microsoft.CredDialogHost_10.0.17763.1_neutral__cw5n1h2txyewy?ms-resource://Microsoft.CredDialogHost/Resources/AppDisplayName}</Data>
<Data Name="Flags">1</Data>
<Data Name="Active">1</Data>
<Data Name="EdgeTraversal">0</Data>
<Data Name="LooseSourceMapped">0</Data>
<Data Name="SecurityOptions">0</Data>
<Data Name="ModifyingUser">S-1-5-80-3088073201-1464728630-1879813800-1107566885-823218052</Data>
<Data Name="ModifyingApplication">C:\Windows\System32\svchost.exe</Data>
<Data Name="SchemaVersion">541</Data>
<Data Name="RuleStatus">65536</Data>
<Data Name="LocalOnlyMapped">0</Data>
</EventData>
</Event>

<Event xmlns="http://schemas.microsoft.com/win/2004/08/events/event"><System><Provider Name="Microsoft-Windows-Windows Firewall With Advanced Security" Guid="{d1bc9aff-2abf-4d71-9146-ecb2a986eb85}"></Provider>
<EventID Qualifiers="">2004</EventID>
<Version>0</Version>
<Level>4</Level>
<Task>0</Task>
<Opcode>0</Opcode>
<Keywords>0x8000020000000000</Keywords>
<TimeCreated SystemTime="2020-10-22 20:58:20.302984"></TimeCreated>
<EventRecordID>110</EventRecordID>
<Correlation ActivityID="" RelatedActivityID=""></Correlation>
<Execution ProcessID="1600" ThreadID="1828"></Execution>
<Channel>Microsoft-Windows-Windows Firewall With Advanced Security/Firewall</Channel>
<Computer>WIN-PTFPHFCRDJ0</Computer>
<Security UserID="S-1-5-19"></Security>
</System>
<EventData><Data Name="RuleId">{396FC5C7-88F1-4B3F-AC83-872E838A5ABD}</Data>
<Data Name="RuleName">@{Microsoft.CredDialogHost_10.0.17763.1_neutral__cw5n1h2txyewy?ms-resource://Microsoft.CredDialogHost/Resources/AppDisplayName}</Data>
<Data Name="Origin">1</Data>
<Data Name="ApplicationPath"></Data>
<Data Name="ServiceName"></Data>
<Data Name="Direction">2</Data>
<Data Name="Protocol">256</Data>
<Data Name="LocalPorts"></Data>
<Data Name="RemotePorts"></Data>
<Data Name="Action">2</Data>
<Data Name="Profiles">2147483647</Data>
<Data Name="LocalAddresses">*</Data>
<Data Name="RemoteAddresses">*</Data>
<Data Name="RemoteMachineAuthorizationList"></Data>
<Data Name="RemoteUserAuthorizationList"></Data>
<Data Name="EmbeddedContext">@{Microsoft.CredDialogHost_10.0.17763.1_neutral__cw5n1h2txyewy?ms-resource://Microsoft.CredDialogHost/Resources/AppDisplayName}</Data>
<Data Name="Flags">1</Data>
<Data Name="Active">1</Data>
<Data Name="EdgeTraversal">0</Data>
<Data Name="LooseSourceMapped">0</Data>
<Data Name="SecurityOptions">0</Data>
<Data Name="ModifyingUser">S-1-5-80-3088073201-1464728630-1879813800-1107566885-823218052</Data>
<Data Name="ModifyingApplication">C:\Windows\System32\svchost.exe</Data>
<Data Name="SchemaVersion">541</Data>
<Data Name="RuleStatus">65536</Data>
<Data Name="LocalOnlyMapped">0</Data>
</EventData>
</Event>

<Event xmlns="http://schemas.microsoft.com/win/2004/08/events/event"><System><Provider Name="Microsoft-Windows-Windows Firewall With Advanced Security" Guid="{d1bc9aff-2abf-4d71-9146-ecb2a986eb85}"></Provider>
<EventID Qualifiers="">2004</EventID>
<Version>0</Version>
<Level>4</Level>
<Task>0</Task>
<Opcode>0</Opcode>
<Keywords>0x8000020000000000</Keywords>
<TimeCreated SystemTime="2020-10-22 20:58:20.639761"></TimeCreated>
<EventRecordID>111</EventRecordID>
<Correlation ActivityID="" RelatedActivityID=""></Correlation>
<Execution ProcessID="1600" ThreadID="1828"></Execution>
<Channel>Microsoft-Windows-Windows Firewall With Advanced Security/Firewall</Channel>
<Computer>WIN-PTFPHFCRDJ0</Computer>
<Security UserID="S-1-5-19"></Security>
</System>
<EventData><Data Name="RuleId">{141BF465-EA2E-4393-9E4D-F231D2E7CA71}</Data>
<Data Name="RuleName">@{Microsoft.BioEnrollment_10.0.17763.1_neutral__cw5n1h2txyewy?ms-resource://Microsoft.BioEnrollment/Resources/AppDisplayName}</Data>
<Data Name="Origin">1</Data>
<Data Name="ApplicationPath"></Data>
<Data Name="ServiceName"></Data>
<Data Name="Direction">1</Data>
<Data Name="Protocol">256</Data>
<Data Name="LocalPorts"></Data>
<Data Name="RemotePorts"></Data>
<Data Name="Action">2</Data>
<Data Name="Profiles">2147483647</Data>
<Data Name="LocalAddresses">*</Data>
<Data Name="RemoteAddresses">*</Data>
<Data Name="RemoteMachineAuthorizationList"></Data>
<Data Name="RemoteUserAuthorizationList"></Data>
<Data Name="EmbeddedContext">@{Microsoft.BioEnrollment_10.0.17763.1_neutral__cw5n1h2txyewy?ms-resource://Microsoft.BioEnrollment/Resources/AppDisplayName}</Data>
<Data Name="Flags">1</Data>
<Data Name="Active">1</Data>
<Data Name="EdgeTraversal">0</Data>
<Data Name="LooseSourceMapped">0</Data>
<Data Name="SecurityOptions">0</Data>
<Data Name="ModifyingUser">S-1-5-80-3088073201-1464728630-1879813800-1107566885-823218052</Data>
<Data Name="ModifyingApplication">C:\Windows\System32\svchost.exe</Data>
<Data Name="SchemaVersion">541</Data>
<Data Name="RuleStatus">65536</Data>
<Data Name="LocalOnlyMapped">0</Data>
</EventData>
</Event>

<Event xmlns="http://schemas.microsoft.com/win/2004/08/events/event"><System><Provider Name="Microsoft-Windows-Windows Firewall With Advanced Security" Guid="{d1bc9aff-2abf-4d71-9146-ecb2a986eb85}"></Provider>
<EventID Qualifiers="">2004</EventID>
<Version>0</Version>
<Level>4</Level>
<Task>0</Task>
<Opcode>0</Opcode>
<Keywords>0x8000020000000000</Keywords>
<TimeCreated SystemTime="2020-10-22 20:58:20.640640"></TimeCreated>
<EventRecordID>112</EventRecordID>
<Correlation ActivityID="" RelatedActivityID=""></Correlation>
<Execution ProcessID="1600" ThreadID="1828"></Execution>
<Channel>Microsoft-Windows-Windows Firewall With Advanced Security/Firewall</Channel>
<Computer>WIN-PTFPHFCRDJ0</Computer>
<Security UserID="S-1-5-19"></Security>
</System>
<EventData><Data Name="RuleId">{3E39E1A3-E81E-48BF-A3AE-41A535B0BBFF}</Data>
<Data Name="RuleName">@{Microsoft.BioEnrollment_10.0.17763.1_neutral__cw5n1h2txyewy?ms-resource://Microsoft.BioEnrollment/Resources/AppDisplayName}</Data>
<Data Name="Origin">1</Data>
<Data Name="ApplicationPath"></Data>
<Data Name="ServiceName"></Data>
<Data Name="Direction">2</Data>
<Data Name="Protocol">256</Data>
<Data Name="LocalPorts"></Data>
<Data Name="RemotePorts"></Data>
<Data Name="Action">2</Data>
<Data Name="Profiles">2147483647</Data>
<Data Name="LocalAddresses">*</Data>
<Data Name="RemoteAddresses">*</Data>
<Data Name="RemoteMachineAuthorizationList"></Data>
<Data Name="RemoteUserAuthorizationList"></Data>
<Data Name="EmbeddedContext">@{Microsoft.BioEnrollment_10.0.17763.1_neutral__cw5n1h2txyewy?ms-resource://Microsoft.BioEnrollment/Resources/AppDisplayName}</Data>
<Data Name="Flags">1</Data>
<Data Name="Active">1</Data>
<Data Name="EdgeTraversal">0</Data>
<Data Name="LooseSourceMapped">0</Data>
<Data Name="SecurityOptions">0</Data>
<Data Name="ModifyingUser">S-1-5-80-3088073201-1464728630-1879813800-1107566885-823218052</Data>
<Data Name="ModifyingApplication">C:\Windows\System32\svchost.exe</Data>
<Data Name="SchemaVersion">541</Data>
<Data Name="RuleStatus">65536</Data>
<Data Name="LocalOnlyMapped">0</Data>
</EventData>
</Event>

<Event xmlns="http://schemas.microsoft.com/win/2004/08/events/event"><System><Provider Name="Microsoft-Windows-Windows Firewall With Advanced Security" Guid="{d1bc9aff-2abf-4d71-9146-ecb2a986eb85}"></Provider>
<EventID Qualifiers="">2004</EventID>
<Version>0</Version>
<Level>4</Level>
<Task>0</Task>
<Opcode>0</Opcode>
<Keywords>0x8000020000000000</Keywords>
<TimeCreated SystemTime="2020-10-22 20:58:21.247091"></TimeCreated>
<EventRecordID>113</EventRecordID>
<Correlation ActivityID="" RelatedActivityID=""></Correlation>
<Execution ProcessID="1600" ThreadID="1828"></Execution>
<Channel>Microsoft-Windows-Windows Firewall With Advanced Security/Firewall</Channel>
<Computer>WIN-PTFPHFCRDJ0</Computer>
<Security UserID="S-1-5-19"></Security>
</System>
<EventData><Data Name="RuleId">{545D9186-B2F2-4C61-9A2D-770B6A5A30A5}</Data>
<Data Name="RuleName">@{Microsoft.AsyncTextService_10.0.17763.1_neutral__8wekyb3d8bbwe?ms-resource://Microsoft.AsyncTextService/Resources/AppDisplayName}</Data>
<Data Name="Origin">1</Data>
<Data Name="ApplicationPath"></Data>
<Data Name="ServiceName"></Data>
<Data Name="Direction">1</Data>
<Data Name="Protocol">256</Data>
<Data Name="LocalPorts"></Data>
<Data Name="RemotePorts"></Data>
<Data Name="Action">2</Data>
<Data Name="Profiles">2147483647</Data>
<Data Name="LocalAddresses">*</Data>
<Data Name="RemoteAddresses">*</Data>
<Data Name="RemoteMachineAuthorizationList"></Data>
<Data Name="RemoteUserAuthorizationList"></Data>
<Data Name="EmbeddedContext">@{Microsoft.AsyncTextService_10.0.17763.1_neutral__8wekyb3d8bbwe?ms-resource://Microsoft.AsyncTextService/Resources/AppDisplayName}</Data>
<Data Name="Flags">1</Data>
<Data Name="Active">1</Data>
<Data Name="EdgeTraversal">0</Data>
<Data Name="LooseSourceMapped">0</Data>
<Data Name="SecurityOptions">0</Data>
<Data Name="ModifyingUser">S-1-5-80-3088073201-1464728630-1879813800-1107566885-823218052</Data>
<Data Name="ModifyingApplication">C:\Windows\System32\svchost.exe</Data>
<Data Name="SchemaVersion">541</Data>
<Data Name="RuleStatus">65536</Data>
<Data Name="LocalOnlyMapped">0</Data>
</EventData>
</Event>

<Event xmlns="http://schemas.microsoft.com/win/2004/08/events/event"><System><Provider Name="Microsoft-Windows-Windows Firewall With Advanced Security" Guid="{d1bc9aff-2abf-4d71-9146-ecb2a986eb85}"></Provider>
<EventID Qualifiers="">2004</EventID>
<Version>0</Version>
<Level>4</Level>
<Task>0</Task>
<Opcode>0</Opcode>
<Keywords>0x8000020000000000</Keywords>
<TimeCreated SystemTime="2020-10-22 20:58:21.247948"></TimeCreated>
<EventRecordID>114</EventRecordID>
<Correlation ActivityID="" RelatedActivityID=""></Correlation>
<Execution ProcessID="1600" ThreadID="1828"></Execution>
<Channel>Microsoft-Windows-Windows Firewall With Advanced Security/Firewall</Channel>
<Computer>WIN-PTFPHFCRDJ0</Computer>
<Security UserID="S-1-5-19"></Security>
</System>
<EventData><Data Name="RuleId">{9CE8A31B-05DC-4A36-A916-EAA4DA8C1897}</Data>
<Data Name="RuleName">@{Microsoft.AsyncTextService_10.0.17763.1_neutral__8wekyb3d8bbwe?ms-resource://Microsoft.AsyncTextService/Resources/AppDisplayName}</Data>
<Data Name="Origin">1</Data>
<Data Name="ApplicationPath"></Data>
<Data Name="ServiceName"></Data>
<Data Name="Direction">2</Data>
<Data Name="Protocol">256</Data>
<Data Name="LocalPorts"></Data>
<Data Name="RemotePorts"></Data>
<Data Name="Action">2</Data>
<Data Name="Profiles">2147483647</Data>
<Data Name="LocalAddresses">*</Data>
<Data Name="RemoteAddresses">*</Data>
<Data Name="RemoteMachineAuthorizationList"></Data>
<Data Name="RemoteUserAuthorizationList"></Data>
<Data Name="EmbeddedContext">@{Microsoft.AsyncTextService_10.0.17763.1_neutral__8wekyb3d8bbwe?ms-resource://Microsoft.AsyncTextService/Resources/AppDisplayName}</Data>
<Data Name="Flags">1</Data>
<Data Name="Active">1</Data>
<Data Name="EdgeTraversal">0</Data>
<Data Name="LooseSourceMapped">0</Data>
<Data Name="SecurityOptions">0</Data>
<Data Name="ModifyingUser">S-1-5-80-3088073201-1464728630-1879813800-1107566885-823218052</Data>
<Data Name="ModifyingApplication">C:\Windows\System32\svchost.exe</Data>
<Data Name="SchemaVersion">541</Data>
<Data Name="RuleStatus">65536</Data>
<Data Name="LocalOnlyMapped">0</Data>
</EventData>
</Event>

<Event xmlns="http://schemas.microsoft.com/win/2004/08/events/event"><System><Provider Name="Microsoft-Windows-Windows Firewall With Advanced Security" Guid="{d1bc9aff-2abf-4d71-9146-ecb2a986eb85}"></Provider>
<EventID Qualifiers="">2004</EventID>
<Version>0</Version>
<Level>4</Level>
<Task>0</Task>
<Opcode>0</Opcode>
<Keywords>0x8000020000000000</Keywords>
<TimeCreated SystemTime="2020-10-22 20:58:21.692959"></TimeCreated>
<EventRecordID>115</EventRecordID>
<Correlation ActivityID="" RelatedActivityID=""></Correlation>
<Execution ProcessID="1600" ThreadID="1828"></Execution>
<Channel>Microsoft-Windows-Windows Firewall With Advanced Security/Firewall</Channel>
<Computer>WIN-PTFPHFCRDJ0</Computer>
<Security UserID="S-1-5-19"></Security>
</System>
<EventData><Data Name="RuleId">{6FAE0EEE-B0BD-4361-9A01-1091266E506B}</Data>
<Data Name="RuleName">@{Microsoft.AccountsControl_10.0.17763.1_neutral__cw5n1h2txyewy?ms-resource://Microsoft.AccountsControl/Resources/DisplayName}</Data>
<Data Name="Origin">1</Data>
<Data Name="ApplicationPath"></Data>
<Data Name="ServiceName"></Data>
<Data Name="Direction">1</Data>
<Data Name="Protocol">256</Data>
<Data Name="LocalPorts"></Data>
<Data Name="RemotePorts"></Data>
<Data Name="Action">2</Data>
<Data Name="Profiles">2147483647</Data>
<Data Name="LocalAddresses">*</Data>
<Data Name="RemoteAddresses">*</Data>
<Data Name="RemoteMachineAuthorizationList"></Data>
<Data Name="RemoteUserAuthorizationList"></Data>
<Data Name="EmbeddedContext">@{Microsoft.AccountsControl_10.0.17763.1_neutral__cw5n1h2txyewy?ms-resource://Microsoft.AccountsControl/Resources/DisplayName}</Data>
<Data Name="Flags">1</Data>
<Data Name="Active">1</Data>
<Data Name="EdgeTraversal">0</Data>
<Data Name="LooseSourceMapped">0</Data>
<Data Name="SecurityOptions">0</Data>
<Data Name="ModifyingUser">S-1-5-80-3088073201-1464728630-1879813800-1107566885-823218052</Data>
<Data Name="ModifyingApplication">C:\Windows\System32\svchost.exe</Data>
<Data Name="SchemaVersion">541</Data>
<Data Name="RuleStatus">65536</Data>
<Data Name="LocalOnlyMapped">0</Data>
</EventData>
</Event>

<Event xmlns="http://schemas.microsoft.com/win/2004/08/events/event"><System><Provider Name="Microsoft-Windows-Windows Firewall With Advanced Security" Guid="{d1bc9aff-2abf-4d71-9146-ecb2a986eb85}"></Provider>
<EventID Qualifiers="">2004</EventID>
<Version>0</Version>
<Level>4</Level>
<Task>0</Task>
<Opcode>0</Opcode>
<Keywords>0x8000020000000000</Keywords>
<TimeCreated SystemTime="2020-10-22 20:58:21.693832"></TimeCreated>
<EventRecordID>116</EventRecordID>
<Correlation ActivityID="" RelatedActivityID=""></Correlation>
<Execution ProcessID="1600" ThreadID="1828"></Execution>
<Channel>Microsoft-Windows-Windows Firewall With Advanced Security/Firewall</Channel>
<Computer>WIN-PTFPHFCRDJ0</Computer>
<Security UserID="S-1-5-19"></Security>
</System>
<EventData><Data Name="RuleId">{6BEE81E8-99B8-433F-BDCE-E54D58E18C1D}</Data>
<Data Name="RuleName">@{Microsoft.AccountsControl_10.0.17763.1_neutral__cw5n1h2txyewy?ms-resource://Microsoft.AccountsControl/Resources/DisplayName}</Data>
<Data Name="Origin">1</Data>
<Data Name="ApplicationPath"></Data>
<Data Name="ServiceName"></Data>
<Data Name="Direction">2</Data>
<Data Name="Protocol">256</Data>
<Data Name="LocalPorts"></Data>
<Data Name="RemotePorts"></Data>
<Data Name="Action">2</Data>
<Data Name="Profiles">2147483647</Data>
<Data Name="LocalAddresses">*</Data>
<Data Name="RemoteAddresses">*</Data>
<Data Name="RemoteMachineAuthorizationList"></Data>
<Data Name="RemoteUserAuthorizationList"></Data>
<Data Name="EmbeddedContext">@{Microsoft.AccountsControl_10.0.17763.1_neutral__cw5n1h2txyewy?ms-resource://Microsoft.AccountsControl/Resources/DisplayName}</Data>
<Data Name="Flags">1</Data>
<Data Name="Active">1</Data>
<Data Name="EdgeTraversal">0</Data>
<Data Name="LooseSourceMapped">0</Data>
<Data Name="SecurityOptions">0</Data>
<Data Name="ModifyingUser">S-1-5-80-3088073201-1464728630-1879813800-1107566885-823218052</Data>
<Data Name="ModifyingApplication">C:\Windows\System32\svchost.exe</Data>
<Data Name="SchemaVersion">541</Data>
<Data Name="RuleStatus">65536</Data>
<Data Name="LocalOnlyMapped">0</Data>
</EventData>
</Event>

<Event xmlns="http://schemas.microsoft.com/win/2004/08/events/event"><System><Provider Name="Microsoft-Windows-Windows Firewall With Advanced Security" Guid="{d1bc9aff-2abf-4d71-9146-ecb2a986eb85}"></Provider>
<EventID Qualifiers="">2004</EventID>
<Version>0</Version>
<Level>4</Level>
<Task>0</Task>
<Opcode>0</Opcode>
<Keywords>0x8000020000000000</Keywords>
<TimeCreated SystemTime="2020-10-22 20:58:21.694693"></TimeCreated>
<EventRecordID>117</EventRecordID>
<Correlation ActivityID="" RelatedActivityID=""></Correlation>
<Execution ProcessID="1600" ThreadID="1828"></Execution>
<Channel>Microsoft-Windows-Windows Firewall With Advanced Security/Firewall</Channel>
<Computer>WIN-PTFPHFCRDJ0</Computer>
<Security UserID="S-1-5-19"></Security>
</System>
<EventData><Data Name="RuleId">{1D8A1C69-0747-40EE-B02A-56A1DA21F6F9}</Data>
<Data Name="RuleName">@{Microsoft.AccountsControl_10.0.17763.1_neutral__cw5n1h2txyewy?ms-resource://Microsoft.AccountsControl/Resources/DisplayName}</Data>
<Data Name="Origin">1</Data>
<Data Name="ApplicationPath"></Data>
<Data Name="ServiceName"></Data>
<Data Name="Direction">2</Data>
<Data Name="Protocol">256</Data>
<Data Name="LocalPorts"></Data>
<Data Name="RemotePorts"></Data>
<Data Name="Action">3</Data>
<Data Name="Profiles">7</Data>
<Data Name="LocalAddresses">*</Data>
<Data Name="RemoteAddresses">*</Data>
<Data Name="RemoteMachineAuthorizationList"></Data>
<Data Name="RemoteUserAuthorizationList"></Data>
<Data Name="EmbeddedContext">@{Microsoft.AccountsControl_10.0.17763.1_neutral__cw5n1h2txyewy?ms-resource://Microsoft.AccountsControl/Resources/DisplayName}</Data>
<Data Name="Flags">1</Data>
<Data Name="Active">1</Data>
<Data Name="EdgeTraversal">0</Data>
<Data Name="LooseSourceMapped">0</Data>
<Data Name="SecurityOptions">0</Data>
<Data Name="ModifyingUser">S-1-5-80-3088073201-1464728630-1879813800-1107566885-823218052</Data>
<Data Name="ModifyingApplication">C:\Windows\System32\svchost.exe</Data>
<Data Name="SchemaVersion">541</Data>
<Data Name="RuleStatus">65536</Data>
<Data Name="LocalOnlyMapped">0</Data>
</EventData>
</Event>

<Event xmlns="http://schemas.microsoft.com/win/2004/08/events/event"><System><Provider Name="Microsoft-Windows-Windows Firewall With Advanced Security" Guid="{d1bc9aff-2abf-4d71-9146-ecb2a986eb85}"></Provider>
<EventID Qualifiers="">2004</EventID>
<Version>0</Version>
<Level>4</Level>
<Task>0</Task>
<Opcode>0</Opcode>
<Keywords>0x8000020000000000</Keywords>
<TimeCreated SystemTime="2020-10-22 20:58:21.695944"></TimeCreated>
<EventRecordID>118</EventRecordID>
<Correlation ActivityID="" RelatedActivityID=""></Correlation>
<Execution ProcessID="1600" ThreadID="1828"></Execution>
<Channel>Microsoft-Windows-Windows Firewall With Advanced Security/Firewall</Channel>
<Computer>WIN-PTFPHFCRDJ0</Computer>
<Security UserID="S-1-5-19"></Security>
</System>
<EventData><Data Name="RuleId">{87C827CE-A151-4050-8BDF-A3B70D198974}</Data>
<Data Name="RuleName">@{Microsoft.AccountsControl_10.0.17763.1_neutral__cw5n1h2txyewy?ms-resource://Microsoft.AccountsControl/Resources/DisplayName}</Data>
<Data Name="Origin">1</Data>
<Data Name="ApplicationPath"></Data>
<Data Name="ServiceName"></Data>
<Data Name="Direction">2</Data>
<Data Name="Protocol">256</Data>
<Data Name="LocalPorts"></Data>
<Data Name="RemotePorts"></Data>
<Data Name="Action">3</Data>
<Data Name="Profiles">7</Data>
<Data Name="LocalAddresses">*</Data>
<Data Name="RemoteAddresses">*</Data>
<Data Name="RemoteMachineAuthorizationList"></Data>
<Data Name="RemoteUserAuthorizationList"></Data>
<Data Name="EmbeddedContext">@{Microsoft.AccountsControl_10.0.17763.1_neutral__cw5n1h2txyewy?ms-resource://Microsoft.AccountsControl/Resources/DisplayName}</Data>
<Data Name="Flags">1</Data>
<Data Name="Active">1</Data>
<Data Name="EdgeTraversal">0</Data>
<Data Name="LooseSourceMapped">0</Data>
<Data Name="SecurityOptions">0</Data>
<Data Name="ModifyingUser">S-1-5-80-3088073201-1464728630-1879813800-1107566885-823218052</Data>
<Data Name="ModifyingApplication">C:\Windows\System32\svchost.exe</Data>
<Data Name="SchemaVersion">541</Data>
<Data Name="RuleStatus">65536</Data>
<Data Name="LocalOnlyMapped">0</Data>
</EventData>
</Event>

<Event xmlns="http://schemas.microsoft.com/win/2004/08/events/event"><System><Provider Name="Microsoft-Windows-Windows Firewall With Advanced Security" Guid="{d1bc9aff-2abf-4d71-9146-ecb2a986eb85}"></Provider>
<EventID Qualifiers="">2004</EventID>
<Version>0</Version>
<Level>4</Level>
<Task>0</Task>
<Opcode>0</Opcode>
<Keywords>0x8000020000000000</Keywords>
<TimeCreated SystemTime="2020-10-22 20:58:22.162828"></TimeCreated>
<EventRecordID>119</EventRecordID>
<Correlation ActivityID="" RelatedActivityID=""></Correlation>
<Execution ProcessID="1600" ThreadID="1828"></Execution>
<Channel>Microsoft-Windows-Windows Firewall With Advanced Security/Firewall</Channel>
<Computer>WIN-PTFPHFCRDJ0</Computer>
<Security UserID="S-1-5-19"></Security>
</System>
<EventData><Data Name="RuleId">{24C9CDE5-75CF-4F3B-B4DE-F1B01306EC73}</Data>
<Data Name="RuleName">Shell Input Application</Data>
<Data Name="Origin">1</Data>
<Data Name="ApplicationPath"></Data>
<Data Name="ServiceName"></Data>
<Data Name="Direction">1</Data>
<Data Name="Protocol">256</Data>
<Data Name="LocalPorts"></Data>
<Data Name="RemotePorts"></Data>
<Data Name="Action">2</Data>
<Data Name="Profiles">2147483647</Data>
<Data Name="LocalAddresses">*</Data>
<Data Name="RemoteAddresses">*</Data>
<Data Name="RemoteMachineAuthorizationList"></Data>
<Data Name="RemoteUserAuthorizationList"></Data>
<Data Name="EmbeddedContext">Shell Input Application</Data>
<Data Name="Flags">1</Data>
<Data Name="Active">1</Data>
<Data Name="EdgeTraversal">0</Data>
<Data Name="LooseSourceMapped">0</Data>
<Data Name="SecurityOptions">0</Data>
<Data Name="ModifyingUser">S-1-5-80-3088073201-1464728630-1879813800-1107566885-823218052</Data>
<Data Name="ModifyingApplication">C:\Windows\System32\svchost.exe</Data>
<Data Name="SchemaVersion">541</Data>
<Data Name="RuleStatus">65536</Data>
<Data Name="LocalOnlyMapped">0</Data>
</EventData>
</Event>

