<Event xmlns="http://schemas.microsoft.com/win/2004/08/events/event"><System><Provider Name="Microsoft-Windows-AppXDeployment-Server" Guid="{3f471139-acb7-4a01-b7a7-ff5da4ba2d43}"></Provider>
<EventID Qualifiers="">10000</EventID>
<Version>0</Version>
<Level>5</Level>
<Task>4</Task>
<Opcode>0</Opcode>
<Keywords>0x4000000000000001</Keywords>
<TimeCreated SystemTime="2020-10-22 20:58:19.927166"></TimeCreated>
<EventRecordID>547</EventRecordID>
<Correlation ActivityID="{eae887f7-a8b5-0000-beb0-e8eab5a8d601}" RelatedActivityID=""></Correlation>
<Execution ProcessID="2944" ThreadID="3804"></Execution>
<Channel>Microsoft-Windows-AppXDeploymentServer/Operational</Channel>
<Computer>WIN-PTFPHFCRDJ0</Computer>
<Security UserID="S-1-5-18"></Security>
</System>
<EventData><Data Name="PackageFullName">Microsoft.ECApp_10.0.17763.1_neutral__8wekyb3d8bbwe</Data>
<Data Name="ErrorCode">0x00000000</Data>
</EventData>
</Event>

<Event xmlns="http://schemas.microsoft.com/win/2004/08/events/event"><System><Provider Name="Microsoft-Windows-AppXDeployment-Server" Guid="{3f471139-acb7-4a01-b7a7-ff5da4ba2d43}"></Provider>
<EventID Qualifiers="">540</EventID>
<Version>0</Version>
<Level>5</Level>
<Task>3</Task>
<Opcode>0</Opcode>
<Keywords>0x4000000000000001</Keywords>
<TimeCreated SystemTime="2020-10-22 20:58:20.030430"></TimeCreated>
<EventRecordID>548</EventRecordID>
<Correlation ActivityID="{eae887f7-a8b5-0000-beb0-e8eab5a8d601}" RelatedActivityID=""></Correlation>
<Execution ProcessID="2944" ThreadID="3804"></Execution>
<Channel>Microsoft-Windows-AppXDeploymentServer/Operational</Channel>
<Computer>WIN-PTFPHFCRDJ0</Computer>
<Security UserID="S-1-5-18"></Security>
</System>
<EventData><Data Name="PackageFullName">Microsoft.ECApp_10.0.17763.1_neutral__8wekyb3d8bbwe</Data>
<Data Name="Architecture">64</Data>
</EventData>
</Event>

<Event xmlns="http://schemas.microsoft.com/win/2004/08/events/event"><System><Provider Name="Microsoft-Windows-AppXDeployment-Server" Guid="{3f471139-acb7-4a01-b7a7-ff5da4ba2d43}"></Provider>
<EventID Qualifiers="">541</EventID>
<Version>0</Version>
<Level>5</Level>
<Task>3</Task>
<Opcode>0</Opcode>
<Keywords>0x4000000000000001</Keywords>
<TimeCreated SystemTime="2020-10-22 20:58:20.032127"></TimeCreated>
<EventRecordID>549</EventRecordID>
<Correlation ActivityID="{eae887f7-a8b5-0000-beb0-e8eab5a8d601}" RelatedActivityID=""></Correlation>
<Execution ProcessID="2944" ThreadID="3804"></Execution>
<Channel>Microsoft-Windows-AppXDeploymentServer/Operational</Channel>
<Computer>WIN-PTFPHFCRDJ0</Computer>
<Security UserID="S-1-5-18"></Security>
</System>
<EventData><Data Name="PackageFullName">Microsoft.ECApp_10.0.17763.1_neutral__8wekyb3d8bbwe</Data>
<Data Name="Architecture">64</Data>
</EventData>
</Event>

<Event xmlns="http://schemas.microsoft.com/win/2004/08/events/event"><System><Provider Name="Microsoft-Windows-AppXDeployment-Server" Guid="{3f471139-acb7-4a01-b7a7-ff5da4ba2d43}"></Provider>
<EventID Qualifiers="">10001</EventID>
<Version>0</Version>
<Level>5</Level>
<Task>4</Task>
<Opcode>0</Opcode>
<Keywords>0x4000000000000001</Keywords>
<TimeCreated SystemTime="2020-10-22 20:58:20.049704"></TimeCreated>
<EventRecordID>550</EventRecordID>
<Correlation ActivityID="{eae887f7-a8b5-0000-beb0-e8eab5a8d601}" RelatedActivityID=""></Correlation>
<Execution ProcessID="2944" ThreadID="3804"></Execution>
<Channel>Microsoft-Windows-AppXDeploymentServer/Operational</Channel>
<Computer>WIN-PTFPHFCRDJ0</Computer>
<Security UserID="S-1-5-21-1152959844-3645458174-3779170896-1000"></Security>
</System>
<EventData><Data Name="PackageFullName">Microsoft.ECApp_10.0.17763.1_neutral__8wekyb3d8bbwe</Data>
<Data Name="ErrorCode">0x00000000</Data>
</EventData>
</Event>

<Event xmlns="http://schemas.microsoft.com/win/2004/08/events/event"><System><Provider Name="Microsoft-Windows-AppXDeployment-Server" Guid="{3f471139-acb7-4a01-b7a7-ff5da4ba2d43}"></Provider>
<EventID Qualifiers="">10001</EventID>
<Version>0</Version>
<Level>5</Level>
<Task>4</Task>
<Opcode>0</Opcode>
<Keywords>0x4000000000000001</Keywords>
<TimeCreated SystemTime="2020-10-22 20:58:20.049767"></TimeCreated>
<EventRecordID>551</EventRecordID>
<Correlation ActivityID="{eae887f7-a8b5-0000-beb0-e8eab5a8d601}" RelatedActivityID=""></Correlation>
<Execution ProcessID="2944" ThreadID="3804"></Execution>
<Channel>Microsoft-Windows-AppXDeploymentServer/Operational</Channel>
<Computer>WIN-PTFPHFCRDJ0</Computer>
<Security UserID="S-1-5-21-1152959844-3645458174-3779170896-1000"></Security>
</System>
<EventData><Data Name="PackageFullName">Microsoft.ECApp_10.0.17763.1_neutral__8wekyb3d8bbwe</Data>
<Data Name="ErrorCode">0x00000000</Data>
</EventData>
</Event>

<Event xmlns="http://schemas.microsoft.com/win/2004/08/events/event"><System><Provider Name="Microsoft-Windows-AppXDeployment-Server" Guid="{3f471139-acb7-4a01-b7a7-ff5da4ba2d43}"></Provider>
<EventID Qualifiers="">617</EventID>
<Version>0</Version>
<Level>5</Level>
<Task>3</Task>
<Opcode>0</Opcode>
<Keywords>0x4000000000000001</Keywords>
<TimeCreated SystemTime="2020-10-22 20:58:20.053205"></TimeCreated>
<EventRecordID>552</EventRecordID>
<Correlation ActivityID="{eae887f7-a8b5-0000-beb0-e8eab5a8d601}" RelatedActivityID=""></Correlation>
<Execution ProcessID="2944" ThreadID="3804"></Execution>
<Channel>Microsoft-Windows-AppXDeploymentServer/Operational</Channel>
<Computer>WIN-PTFPHFCRDJ0</Computer>
<Security UserID="S-1-5-18"></Security>
</System>
<EventData><Data Name="PackageFullName">Microsoft.ECApp_10.0.17763.1_neutral__8wekyb3d8bbwe</Data>
<Data Name="StatusToClear">0x00000c00</Data>
<Data Name="StatusToSet">0x00000000</Data>
<Data Name="CallOrigin">0</Data>
</EventData>
</Event>

<Event xmlns="http://schemas.microsoft.com/win/2004/08/events/event"><System><Provider Name="Microsoft-Windows-AppXDeployment-Server" Guid="{3f471139-acb7-4a01-b7a7-ff5da4ba2d43}"></Provider>
<EventID Qualifiers="">400</EventID>
<Version>0</Version>
<Level>4</Level>
<Task>3</Task>
<Opcode>2</Opcode>
<Keywords>0x4000000000000001</Keywords>
<TimeCreated SystemTime="2020-10-22 20:58:20.092394"></TimeCreated>
<EventRecordID>553</EventRecordID>
<Correlation ActivityID="{eae887f7-a8b5-0000-beb0-e8eab5a8d601}" RelatedActivityID=""></Correlation>
<Execution ProcessID="2944" ThreadID="3804"></Execution>
<Channel>Microsoft-Windows-AppXDeploymentServer/Operational</Channel>
<Computer>WIN-PTFPHFCRDJ0</Computer>
<Security UserID="S-1-5-21-1152959844-3645458174-3779170896-1000"></Security>
</System>
<EventData><Data Name="DeploymentOperation">6</Data>
<Data Name="PackageFullName">Microsoft.ECApp_10.0.17763.1_neutral__8wekyb3d8bbwe</Data>
<Data Name="Path"> (AppxManifest.xml) </Data>
<Data Name="MountPoint">C:</Data>
<Data Name="TargetPlatform">0x00000000</Data>
<Data Name="SystemVolume">True</Data>
<Data Name="StorageId">\\?\Volume{962e1b8c-bf58-4dfe-adc8-abd1a164675b}</Data>
<Data Name="IsCentennial">False</Data>
<Data Name="PackageType">0x00000001</Data>
<Data Name="IsPackageEncrypted">False</Data>
<Data Name="DeploymentOptions">0x0000000004040240</Data>
<Data Name="IsStreamingPackage">False</Data>
<Data Name="IsInRelatedSet">False</Data>
<Data Name="IsPackageUsingBDC">False</Data>
<Data Name="MainPackageFamilyName">NULL</Data>
<Data Name="CallingProcess">svchost.exe,AppReadiness</Data>
</EventData>
</Event>

<Event xmlns="http://schemas.microsoft.com/win/2004/08/events/event"><System><Provider Name="Microsoft-Windows-AppXDeployment-Server" Guid="{3f471139-acb7-4a01-b7a7-ff5da4ba2d43}"></Provider>
<EventID Qualifiers="">649</EventID>
<Version>0</Version>
<Level>4</Level>
<Task>3</Task>
<Opcode>0</Opcode>
<Keywords>0x4000000000000001</Keywords>
<TimeCreated SystemTime="2020-10-22 20:58:20.093271"></TimeCreated>
<EventRecordID>554</EventRecordID>
<Correlation ActivityID="{eae887f7-a8b5-0000-beb0-e8eab5a8d601}" RelatedActivityID=""></Correlation>
<Execution ProcessID="2944" ThreadID="3804"></Execution>
<Channel>Microsoft-Windows-AppXDeploymentServer/Operational</Channel>
<Computer>WIN-PTFPHFCRDJ0</Computer>
<Security UserID="S-1-5-21-1152959844-3645458174-3779170896-1000"></Security>
</System>
<EventData><Data Name="DeploymentOperation">6</Data>
<Data Name="PackageFullName">Microsoft.ECApp_10.0.17763.1_neutral__8wekyb3d8bbwe</Data>
<Data Name="Summary">PostDeploymentOperationCheck cost: 0 ms</Data>
</EventData>
</Event>

<Event xmlns="http://schemas.microsoft.com/win/2004/08/events/event"><System><Provider Name="Microsoft-Windows-AppXDeployment-Server" Guid="{3f471139-acb7-4a01-b7a7-ff5da4ba2d43}"></Provider>
<EventID Qualifiers="">649</EventID>
<Version>0</Version>
<Level>4</Level>
<Task>3</Task>
<Opcode>0</Opcode>
<Keywords>0x4000000000000001</Keywords>
<TimeCreated SystemTime="2020-10-22 20:58:20.109053"></TimeCreated>
<EventRecordID>555</EventRecordID>
<Correlation ActivityID="{eae887f7-a8b5-0000-beb0-e8eab5a8d601}" RelatedActivityID=""></Correlation>
<Execution ProcessID="2944" ThreadID="3804"></Execution>
<Channel>Microsoft-Windows-AppXDeploymentServer/Operational</Channel>
<Computer>WIN-PTFPHFCRDJ0</Computer>
<Security UserID="S-1-5-18"></Security>
</System>
<EventData><Data Name="DeploymentOperation">6</Data>
<Data Name="PackageFullName">Microsoft.ECApp_10.0.17763.1_neutral__8wekyb3d8bbwe</Data>
<Data Name="Summary">State repository CommitTransaction cost: 16 ms</Data>
</EventData>
</Event>

<Event xmlns="http://schemas.microsoft.com/win/2004/08/events/event"><System><Provider Name="Microsoft-Windows-AppXDeployment-Server" Guid="{3f471139-acb7-4a01-b7a7-ff5da4ba2d43}"></Provider>
<EventID Qualifiers="">613</EventID>
<Version>0</Version>
<Level>4</Level>
<Task>3</Task>
<Opcode>0</Opcode>
<Keywords>0x4000000000000001</Keywords>
<TimeCreated SystemTime="2020-10-22 20:58:20.142244"></TimeCreated>
<EventRecordID>556</EventRecordID>
<Correlation ActivityID="{eae887f7-a8b5-0000-beb0-e8eab5a8d601}" RelatedActivityID=""></Correlation>
<Execution ProcessID="2944" ThreadID="3804"></Execution>
<Channel>Microsoft-Windows-AppXDeploymentServer/Operational</Channel>
<Computer>WIN-PTFPHFCRDJ0</Computer>
<Security UserID="S-1-5-21-1152959844-3645458174-3779170896-1000"></Security>
</System>
<EventData><Data Name="DeploymentOperation">6</Data>
<Data Name="PackageFullName">Microsoft.ECApp_10.0.17763.1_neutral__8wekyb3d8bbwe</Data>
<Data Name="Summary">
Overall time: 312 ms
Enqueue cost: 62 ms
Dequeue delay: 0 ms
Bundle processing cost: 0 ms
Indexing cost: 16 ms
Resolve dependency cost: 0 ms
Check approval cost: 0 ms
Evaluation cost: 0 ms
Hardlinking evaluation cost: 0 ms
Stage required cost: 0 ms
Flushing and closing files cost: 0 ms
Gap: 15 ms
Machine register cost: 0 ms
Stage user data cost: 0 ms
Registration cost: 125 ms
Gap: 47 ms
Data flush cost: 0 ms
Remaining cost: 47 ms
</Data>
</EventData>
</Event>

<Event xmlns="http://schemas.microsoft.com/win/2004/08/events/event"><System><Provider Name="Microsoft-Windows-AppXDeployment-Server" Guid="{3f471139-acb7-4a01-b7a7-ff5da4ba2d43}"></Provider>
<EventID Qualifiers="">821</EventID>
<Version>0</Version>
<Level>5</Level>
<Task>6</Task>
<Opcode>0</Opcode>
<Keywords>0x4000000000000001</Keywords>
<TimeCreated SystemTime="2020-10-22 20:58:20.143629"></TimeCreated>
<EventRecordID>557</EventRecordID>
<Correlation ActivityID="{eae887f7-a8b5-0000-3fb1-e8eab5a8d601}" RelatedActivityID=""></Correlation>
<Execution ProcessID="3748" ThreadID="1112"></Execution>
<Channel>Microsoft-Windows-AppXDeploymentServer/Operational</Channel>
<Computer>WIN-PTFPHFCRDJ0</Computer>
<Security UserID="S-1-5-18"></Security>
</System>
<EventData><Data Name="UserSid">S-1-5-21-1152959844-3645458174-3779170896-1000</Data>
<Data Name="MainPackageFullName">Microsoft.ECApp_10.0.17763.1_neutral_neutral_8wekyb3d8bbwe</Data>
<Data Name="ErrorCode">0x00000000</Data>
</EventData>
</Event>

<Event xmlns="http://schemas.microsoft.com/win/2004/08/events/event"><System><Provider Name="Microsoft-Windows-AppXDeployment-Server" Guid="{3f471139-acb7-4a01-b7a7-ff5da4ba2d43}"></Provider>
<EventID Qualifiers="">822</EventID>
<Version>0</Version>
<Level>5</Level>
<Task>6</Task>
<Opcode>0</Opcode>
<Keywords>0x4000000000000001</Keywords>
<TimeCreated SystemTime="2020-10-22 20:58:20.143827"></TimeCreated>
<EventRecordID>558</EventRecordID>
<Correlation ActivityID="{eae887f7-a8b5-0000-3fb1-e8eab5a8d601}" RelatedActivityID=""></Correlation>
<Execution ProcessID="3748" ThreadID="1112"></Execution>
<Channel>Microsoft-Windows-AppXDeploymentServer/Operational</Channel>
<Computer>WIN-PTFPHFCRDJ0</Computer>
<Security UserID="S-1-5-18"></Security>
</System>
<EventData><Data Name="Error">0x00000000</Data>
<Data Name="PackageMoniker">Microsoft.ECApp_10.0.17763.1_neutral_neutral_8wekyb3d8bbwe</Data>
</EventData>
</Event>

<Event xmlns="http://schemas.microsoft.com/win/2004/08/events/event"><System><Provider Name="Microsoft-Windows-AppXDeployment-Server" Guid="{3f471139-acb7-4a01-b7a7-ff5da4ba2d43}"></Provider>
<EventID Qualifiers="">603</EventID>
<Version>0</Version>
<Level>4</Level>
<Task>3</Task>
<Opcode>0</Opcode>
<Keywords>0x4000000000000001</Keywords>
<TimeCreated SystemTime="2020-10-22 20:58:20.148438"></TimeCreated>
<EventRecordID>559</EventRecordID>
<Correlation ActivityID="{eae887f7-a8b5-0000-41b1-e8eab5a8d601}" RelatedActivityID=""></Correlation>
<Execution ProcessID="2944" ThreadID="1692"></Execution>
<Channel>Microsoft-Windows-AppXDeploymentServer/Operational</Channel>
<Computer>WIN-PTFPHFCRDJ0</Computer>
<Security UserID="S-1-5-21-1152959844-3645458174-3779170896-1000"></Security>
</System>
<EventData><Data Name="DeploymentOperation">20</Data>
<Data Name="Path">Microsoft.CredDialogHost_cw5n1h2txyewy</Data>
<Data Name="Flags">67109440</Data>
<Data Name="FlagsHigh">0</Data>
<Data Name="CallingProcess">svchost.exe,AppReadiness</Data>
</EventData>
</Event>

<Event xmlns="http://schemas.microsoft.com/win/2004/08/events/event"><System><Provider Name="Microsoft-Windows-AppXDeployment-Server" Guid="{3f471139-acb7-4a01-b7a7-ff5da4ba2d43}"></Provider>
<EventID Qualifiers="">10002</EventID>
<Version>0</Version>
<Level>5</Level>
<Task>3</Task>
<Opcode>0</Opcode>
<Keywords>0x4000000000000001</Keywords>
<TimeCreated SystemTime="2020-10-22 20:58:20.221846"></TimeCreated>
<EventRecordID>560</EventRecordID>
<Correlation ActivityID="{eae887f7-a8b5-0000-41b1-e8eab5a8d601}" RelatedActivityID=""></Correlation>
<Execution ProcessID="2944" ThreadID="3888"></Execution>
<Channel>Microsoft-Windows-AppXDeploymentServer/Operational</Channel>
<Computer>WIN-PTFPHFCRDJ0</Computer>
<Security UserID="S-1-5-18"></Security>
</System>
<EventData><Data Name="DeploymentOperation">6</Data>
<Data Name="MainPackageMoniker">Microsoft.CredDialogHost_10.0.17763.1_neutral__cw5n1h2txyewy</Data>
<Data Name="ResiliencyFilePath">C:\ProgramData\Microsoft\Windows\AppRepository\fda2e33d-bbb0-4e5c-9eec-675cf039356e_S-1-5-21-1152959844-3645458174-3779170896-1000_16.rslc</Data>
</EventData>
</Event>

<Event xmlns="http://schemas.microsoft.com/win/2004/08/events/event"><System><Provider Name="Microsoft-Windows-AppXDeployment-Server" Guid="{3f471139-acb7-4a01-b7a7-ff5da4ba2d43}"></Provider>
<EventID Qualifiers="">607</EventID>
<Version>0</Version>
<Level>4</Level>
<Task>0</Task>
<Opcode>0</Opcode>
<Keywords>0x4000000000000001</Keywords>
<TimeCreated SystemTime="2020-10-22 20:58:20.222130"></TimeCreated>
<EventRecordID>561</EventRecordID>
<Correlation ActivityID="{eae887f7-a8b5-0000-41b1-e8eab5a8d601}" RelatedActivityID=""></Correlation>
<Execution ProcessID="2944" ThreadID="3888"></Execution>
<Channel>Microsoft-Windows-AppXDeploymentServer/Operational</Channel>
<Computer>WIN-PTFPHFCRDJ0</Computer>
<Security UserID="S-1-5-21-1152959844-3645458174-3779170896-1000"></Security>
</System>
<EventData><Data Name="DeploymentOperation">6</Data>
<Data Name="PackageFullName">Microsoft.CredDialogHost_10.0.17763.1_neutral__cw5n1h2txyewy</Data>
<Data Name="UserSid">S-1-5-21-1152959844-3645458174-3779170896-1000</Data>
<Data Name="CallingProcess">svchost.exe,AppReadiness</Data>
</EventData>
</Event>

<Event xmlns="http://schemas.microsoft.com/win/2004/08/events/event"><System><Provider Name="Microsoft-Windows-AppXDeployment-Server" Guid="{3f471139-acb7-4a01-b7a7-ff5da4ba2d43}"></Provider>
<EventID Qualifiers="">854</EventID>
<Version>0</Version>
<Level>4</Level>
<Task>3</Task>
<Opcode>0</Opcode>
<Keywords>0x4000000000000001</Keywords>
<TimeCreated SystemTime="2020-10-22 20:58:20.222450"></TimeCreated>
<EventRecordID>562</EventRecordID>
<Correlation ActivityID="{eae887f7-a8b5-0000-41b1-e8eab5a8d601}" RelatedActivityID=""></Correlation>
<Execution ProcessID="2944" ThreadID="3888"></Execution>
<Channel>Microsoft-Windows-AppXDeploymentServer/Operational</Channel>
<Computer>WIN-PTFPHFCRDJ0</Computer>
<Security UserID="S-1-5-21-1152959844-3645458174-3779170896-1000"></Security>
</System>
<EventData><Data Name="Path"> C:\Windows\SystemApps\microsoft.creddialoghost_cw5n1h2txyewy\AppxManifest.xml</Data>
</EventData>
</Event>

<Event xmlns="http://schemas.microsoft.com/win/2004/08/events/event"><System><Provider Name="Microsoft-Windows-AppXDeployment-Server" Guid="{3f471139-acb7-4a01-b7a7-ff5da4ba2d43}"></Provider>
<EventID Qualifiers="">855</EventID>
<Version>0</Version>
<Level>4</Level>
<Task>4</Task>
<Opcode>0</Opcode>
<Keywords>0x4000000000000001</Keywords>
<TimeCreated SystemTime="2020-10-22 20:58:20.235796"></TimeCreated>
<EventRecordID>563</EventRecordID>
<Correlation ActivityID="{eae887f7-a8b5-0000-41b1-e8eab5a8d601}" RelatedActivityID=""></Correlation>
<Execution ProcessID="2944" ThreadID="3888"></Execution>
<Channel>Microsoft-Windows-AppXDeploymentServer/Operational</Channel>
<Computer>WIN-PTFPHFCRDJ0</Computer>
<Security UserID="S-1-5-21-1152959844-3645458174-3779170896-1000"></Security>
</System>
<EventData><Data Name="PackageMoniker"> addPackageList: Microsoft.CredDialogHost_10.0.17763.1_neutral__cw5n1h2txyewy</Data>
</EventData>
</Event>

<Event xmlns="http://schemas.microsoft.com/win/2004/08/events/event"><System><Provider Name="Microsoft-Windows-AppXDeployment-Server" Guid="{3f471139-acb7-4a01-b7a7-ff5da4ba2d43}"></Provider>
<EventID Qualifiers="">573</EventID>
<Version>0</Version>
<Level>4</Level>
<Task>47</Task>
<Opcode>0</Opcode>
<Keywords>0x4000000000000001</Keywords>
<TimeCreated SystemTime="2020-10-22 20:58:20.256681"></TimeCreated>
<EventRecordID>564</EventRecordID>
<Correlation ActivityID="{eae887f7-a8b5-0000-41b1-e8eab5a8d601}" RelatedActivityID=""></Correlation>
<Execution ProcessID="2944" ThreadID="3888"></Execution>
<Channel>Microsoft-Windows-AppXDeploymentServer/Operational</Channel>
<Computer>WIN-PTFPHFCRDJ0</Computer>
<Security UserID="S-1-5-21-1152959844-3645458174-3779170896-1000"></Security>
</System>
<EventData><Data Name="PackageFamilyName">Microsoft.CredDialogHost_cw5n1h2txyewy</Data>
<Data Name="SettingSyncEnabled">False</Data>
</EventData>
</Event>

<Event xmlns="http://schemas.microsoft.com/win/2004/08/events/event"><System><Provider Name="Microsoft-Windows-AppXDeployment-Server" Guid="{3f471139-acb7-4a01-b7a7-ff5da4ba2d43}"></Provider>
<EventID Qualifiers="">10000</EventID>
<Version>0</Version>
<Level>5</Level>
<Task>4</Task>
<Opcode>0</Opcode>
<Keywords>0x4000000000000001</Keywords>
<TimeCreated SystemTime="2020-10-22 20:58:20.260706"></TimeCreated>
<EventRecordID>565</EventRecordID>
<Correlation ActivityID="{eae887f7-a8b5-0000-41b1-e8eab5a8d601}" RelatedActivityID=""></Correlation>
<Execution ProcessID="2944" ThreadID="3888"></Execution>
<Channel>Microsoft-Windows-AppXDeploymentServer/Operational</Channel>
<Computer>WIN-PTFPHFCRDJ0</Computer>
<Security UserID="S-1-5-18"></Security>
</System>
<EventData><Data Name="PackageFullName">Microsoft.CredDialogHost_10.0.17763.1_neutral__cw5n1h2txyewy</Data>
<Data Name="ErrorCode">0x00000000</Data>
</EventData>
</Event>

<Event xmlns="http://schemas.microsoft.com/win/2004/08/events/event"><System><Provider Name="Microsoft-Windows-AppXDeployment-Server" Guid="{3f471139-acb7-4a01-b7a7-ff5da4ba2d43}"></Provider>
<EventID Qualifiers="">540</EventID>
<Version>0</Version>
<Level>5</Level>
<Task>3</Task>
<Opcode>0</Opcode>
<Keywords>0x4000000000000001</Keywords>
<TimeCreated SystemTime="2020-10-22 20:58:20.366323"></TimeCreated>
<EventRecordID>566</EventRecordID>
<Correlation ActivityID="{eae887f7-a8b5-0000-41b1-e8eab5a8d601}" RelatedActivityID=""></Correlation>
<Execution ProcessID="2944" ThreadID="3888"></Execution>
<Channel>Microsoft-Windows-AppXDeploymentServer/Operational</Channel>
<Computer>WIN-PTFPHFCRDJ0</Computer>
<Security UserID="S-1-5-18"></Security>
</System>
<EventData><Data Name="PackageFullName">Microsoft.CredDialogHost_10.0.17763.1_neutral__cw5n1h2txyewy</Data>
<Data Name="Architecture">64</Data>
</EventData>
</Event>

<Event xmlns="http://schemas.microsoft.com/win/2004/08/events/event"><System><Provider Name="Microsoft-Windows-AppXDeployment-Server" Guid="{3f471139-acb7-4a01-b7a7-ff5da4ba2d43}"></Provider>
<EventID Qualifiers="">541</EventID>
<Version>0</Version>
<Level>5</Level>
<Task>3</Task>
<Opcode>0</Opcode>
<Keywords>0x4000000000000001</Keywords>
<TimeCreated SystemTime="2020-10-22 20:58:20.367613"></TimeCreated>
<EventRecordID>567</EventRecordID>
<Correlation ActivityID="{eae887f7-a8b5-0000-41b1-e8eab5a8d601}" RelatedActivityID=""></Correlation>
<Execution ProcessID="2944" ThreadID="3888"></Execution>
<Channel>Microsoft-Windows-AppXDeploymentServer/Operational</Channel>
<Computer>WIN-PTFPHFCRDJ0</Computer>
<Security UserID="S-1-5-18"></Security>
</System>
<EventData><Data Name="PackageFullName">Microsoft.CredDialogHost_10.0.17763.1_neutral__cw5n1h2txyewy</Data>
<Data Name="Architecture">64</Data>
</EventData>
</Event>

<Event xmlns="http://schemas.microsoft.com/win/2004/08/events/event"><System><Provider Name="Microsoft-Windows-AppXDeployment-Server" Guid="{3f471139-acb7-4a01-b7a7-ff5da4ba2d43}"></Provider>
<EventID Qualifiers="">10001</EventID>
<Version>0</Version>
<Level>5</Level>
<Task>4</Task>
<Opcode>0</Opcode>
<Keywords>0x4000000000000001</Keywords>
<TimeCreated SystemTime="2020-10-22 20:58:20.388739"></TimeCreated>
<EventRecordID>568</EventRecordID>
<Correlation ActivityID="{eae887f7-a8b5-0000-41b1-e8eab5a8d601}" RelatedActivityID=""></Correlation>
<Execution ProcessID="2944" ThreadID="3888"></Execution>
<Channel>Microsoft-Windows-AppXDeploymentServer/Operational</Channel>
<Computer>WIN-PTFPHFCRDJ0</Computer>
<Security UserID="S-1-5-21-1152959844-3645458174-3779170896-1000"></Security>
</System>
<EventData><Data Name="PackageFullName">Microsoft.CredDialogHost_10.0.17763.1_neutral__cw5n1h2txyewy</Data>
<Data Name="ErrorCode">0x00000000</Data>
</EventData>
</Event>

<Event xmlns="http://schemas.microsoft.com/win/2004/08/events/event"><System><Provider Name="Microsoft-Windows-AppXDeployment-Server" Guid="{3f471139-acb7-4a01-b7a7-ff5da4ba2d43}"></Provider>
<EventID Qualifiers="">10001</EventID>
<Version>0</Version>
<Level>5</Level>
<Task>4</Task>
<Opcode>0</Opcode>
<Keywords>0x4000000000000001</Keywords>
<TimeCreated SystemTime="2020-10-22 20:58:20.388798"></TimeCreated>
<EventRecordID>569</EventRecordID>
<Correlation ActivityID="{eae887f7-a8b5-0000-41b1-e8eab5a8d601}" RelatedActivityID=""></Correlation>
<Execution ProcessID="2944" ThreadID="3888"></Execution>
<Channel>Microsoft-Windows-AppXDeploymentServer/Operational</Channel>
<Computer>WIN-PTFPHFCRDJ0</Computer>
<Security UserID="S-1-5-21-1152959844-3645458174-3779170896-1000"></Security>
</System>
<EventData><Data Name="PackageFullName">Microsoft.CredDialogHost_10.0.17763.1_neutral__cw5n1h2txyewy</Data>
<Data Name="ErrorCode">0x00000000</Data>
</EventData>
</Event>

<Event xmlns="http://schemas.microsoft.com/win/2004/08/events/event"><System><Provider Name="Microsoft-Windows-AppXDeployment-Server" Guid="{3f471139-acb7-4a01-b7a7-ff5da4ba2d43}"></Provider>
<EventID Qualifiers="">617</EventID>
<Version>0</Version>
<Level>5</Level>
<Task>3</Task>
<Opcode>0</Opcode>
<Keywords>0x4000000000000001</Keywords>
<TimeCreated SystemTime="2020-10-22 20:58:20.390945"></TimeCreated>
<EventRecordID>570</EventRecordID>
<Correlation ActivityID="{eae887f7-a8b5-0000-41b1-e8eab5a8d601}" RelatedActivityID=""></Correlation>
<Execution ProcessID="2944" ThreadID="3888"></Execution>
<Channel>Microsoft-Windows-AppXDeploymentServer/Operational</Channel>
<Computer>WIN-PTFPHFCRDJ0</Computer>
<Security UserID="S-1-5-18"></Security>
</System>
<EventData><Data Name="PackageFullName">Microsoft.CredDialogHost_10.0.17763.1_neutral__cw5n1h2txyewy</Data>
<Data Name="StatusToClear">0x00000c00</Data>
<Data Name="StatusToSet">0x00000000</Data>
<Data Name="CallOrigin">0</Data>
</EventData>
</Event>

<Event xmlns="http://schemas.microsoft.com/win/2004/08/events/event"><System><Provider Name="Microsoft-Windows-AppXDeployment-Server" Guid="{3f471139-acb7-4a01-b7a7-ff5da4ba2d43}"></Provider>
<EventID Qualifiers="">400</EventID>
<Version>0</Version>
<Level>4</Level>
<Task>3</Task>
<Opcode>2</Opcode>
<Keywords>0x4000000000000001</Keywords>
<TimeCreated SystemTime="2020-10-22 20:58:20.427275"></TimeCreated>
<EventRecordID>571</EventRecordID>
<Correlation ActivityID="{eae887f7-a8b5-0000-41b1-e8eab5a8d601}" RelatedActivityID=""></Correlation>
<Execution ProcessID="2944" ThreadID="3888"></Execution>
<Channel>Microsoft-Windows-AppXDeploymentServer/Operational</Channel>
<Computer>WIN-PTFPHFCRDJ0</Computer>
<Security UserID="S-1-5-21-1152959844-3645458174-3779170896-1000"></Security>
</System>
<EventData><Data Name="DeploymentOperation">6</Data>
<Data Name="PackageFullName">Microsoft.CredDialogHost_10.0.17763.1_neutral__cw5n1h2txyewy</Data>
<Data Name="Path"> (AppxManifest.xml) </Data>
<Data Name="MountPoint">C:</Data>
<Data Name="TargetPlatform">0x00000000</Data>
<Data Name="SystemVolume">True</Data>
<Data Name="StorageId">\\?\Volume{962e1b8c-bf58-4dfe-adc8-abd1a164675b}</Data>
<Data Name="IsCentennial">False</Data>
<Data Name="PackageType">0x00000001</Data>
<Data Name="IsPackageEncrypted">False</Data>
<Data Name="DeploymentOptions">0x0000000004040240</Data>
<Data Name="IsStreamingPackage">False</Data>
<Data Name="IsInRelatedSet">False</Data>
<Data Name="IsPackageUsingBDC">False</Data>
<Data Name="MainPackageFamilyName">NULL</Data>
<Data Name="CallingProcess">svchost.exe,AppReadiness</Data>
</EventData>
</Event>

<Event xmlns="http://schemas.microsoft.com/win/2004/08/events/event"><System><Provider Name="Microsoft-Windows-AppXDeployment-Server" Guid="{3f471139-acb7-4a01-b7a7-ff5da4ba2d43}"></Provider>
<EventID Qualifiers="">649</EventID>
<Version>0</Version>
<Level>4</Level>
<Task>3</Task>
<Opcode>0</Opcode>
<Keywords>0x4000000000000001</Keywords>
<TimeCreated SystemTime="2020-10-22 20:58:20.427906"></TimeCreated>
<EventRecordID>572</EventRecordID>
<Correlation ActivityID="{eae887f7-a8b5-0000-41b1-e8eab5a8d601}" RelatedActivityID=""></Correlation>
<Execution ProcessID="2944" ThreadID="3888"></Execution>
<Channel>Microsoft-Windows-AppXDeploymentServer/Operational</Channel>
<Computer>WIN-PTFPHFCRDJ0</Computer>
<Security UserID="S-1-5-21-1152959844-3645458174-3779170896-1000"></Security>
</System>
<EventData><Data Name="DeploymentOperation">6</Data>
<Data Name="PackageFullName">Microsoft.CredDialogHost_10.0.17763.1_neutral__cw5n1h2txyewy</Data>
<Data Name="Summary">PostDeploymentOperationCheck cost: 0 ms</Data>
</EventData>
</Event>

<Event xmlns="http://schemas.microsoft.com/win/2004/08/events/event"><System><Provider Name="Microsoft-Windows-AppXDeployment-Server" Guid="{3f471139-acb7-4a01-b7a7-ff5da4ba2d43}"></Provider>
<EventID Qualifiers="">649</EventID>
<Version>0</Version>
<Level>4</Level>
<Task>3</Task>
<Opcode>0</Opcode>
<Keywords>0x4000000000000001</Keywords>
<TimeCreated SystemTime="2020-10-22 20:58:20.443375"></TimeCreated>
<EventRecordID>573</EventRecordID>
<Correlation ActivityID="{eae887f7-a8b5-0000-41b1-e8eab5a8d601}" RelatedActivityID=""></Correlation>
<Execution ProcessID="2944" ThreadID="3888"></Execution>
<Channel>Microsoft-Windows-AppXDeploymentServer/Operational</Channel>
<Computer>WIN-PTFPHFCRDJ0</Computer>
<Security UserID="S-1-5-18"></Security>
</System>
<EventData><Data Name="DeploymentOperation">6</Data>
<Data Name="PackageFullName">Microsoft.CredDialogHost_10.0.17763.1_neutral__cw5n1h2txyewy</Data>
<Data Name="Summary">State repository CommitTransaction cost: 16 ms</Data>
</EventData>
</Event>

<Event xmlns="http://schemas.microsoft.com/win/2004/08/events/event"><System><Provider Name="Microsoft-Windows-AppXDeployment-Server" Guid="{3f471139-acb7-4a01-b7a7-ff5da4ba2d43}"></Provider>
<EventID Qualifiers="">613</EventID>
<Version>0</Version>
<Level>4</Level>
<Task>3</Task>
<Opcode>0</Opcode>
<Keywords>0x4000000000000001</Keywords>
<TimeCreated SystemTime="2020-10-22 20:58:20.477291"></TimeCreated>
<EventRecordID>574</EventRecordID>
<Correlation ActivityID="{eae887f7-a8b5-0000-41b1-e8eab5a8d601}" RelatedActivityID=""></Correlation>
<Execution ProcessID="2944" ThreadID="3888"></Execution>
<Channel>Microsoft-Windows-AppXDeploymentServer/Operational</Channel>
<Computer>WIN-PTFPHFCRDJ0</Computer>
<Security UserID="S-1-5-21-1152959844-3645458174-3779170896-1000"></Security>
</System>
<EventData><Data Name="DeploymentOperation">6</Data>
<Data Name="PackageFullName">Microsoft.CredDialogHost_10.0.17763.1_neutral__cw5n1h2txyewy</Data>
<Data Name="Summary">
Overall time: 328 ms
Enqueue cost: 78 ms
Dequeue delay: 0 ms
Bundle processing cost: 0 ms
Indexing cost: 16 ms
Resolve dependency cost: 0 ms
Check approval cost: 0 ms
Evaluation cost: 16 ms
Hardlinking evaluation cost: 0 ms
Stage required cost: 0 ms
Flushing and closing files cost: 0 ms
Machine register cost: 0 ms
Stage user data cost: 0 ms
Gap: 15 ms
Registration cost: 125 ms
Gap: 31 ms
Data flush cost: 0 ms
Remaining cost: 47 ms
</Data>
</EventData>
</Event>

<Event xmlns="http://schemas.microsoft.com/win/2004/08/events/event"><System><Provider Name="Microsoft-Windows-AppXDeployment-Server" Guid="{3f471139-acb7-4a01-b7a7-ff5da4ba2d43}"></Provider>
<EventID Qualifiers="">821</EventID>
<Version>0</Version>
<Level>5</Level>
<Task>6</Task>
<Opcode>0</Opcode>
<Keywords>0x4000000000000001</Keywords>
<TimeCreated SystemTime="2020-10-22 20:58:20.478975"></TimeCreated>
<EventRecordID>575</EventRecordID>
<Correlation ActivityID="{eae887f7-a8b5-0000-cdb1-e8eab5a8d601}" RelatedActivityID=""></Correlation>
<Execution ProcessID="3748" ThreadID="1112"></Execution>
<Channel>Microsoft-Windows-AppXDeploymentServer/Operational</Channel>
<Computer>WIN-PTFPHFCRDJ0</Computer>
<Security UserID="S-1-5-18"></Security>
</System>
<EventData><Data Name="UserSid">S-1-5-21-1152959844-3645458174-3779170896-1000</Data>
<Data Name="MainPackageFullName">Microsoft.CredDialogHost_10.0.17763.1_neutral_neutral_cw5n1h2txyewy</Data>
<Data Name="ErrorCode">0x00000000</Data>
</EventData>
</Event>

<Event xmlns="http://schemas.microsoft.com/win/2004/08/events/event"><System><Provider Name="Microsoft-Windows-AppXDeployment-Server" Guid="{3f471139-acb7-4a01-b7a7-ff5da4ba2d43}"></Provider>
<EventID Qualifiers="">822</EventID>
<Version>0</Version>
<Level>5</Level>
<Task>6</Task>
<Opcode>0</Opcode>
<Keywords>0x4000000000000001</Keywords>
<TimeCreated SystemTime="2020-10-22 20:58:20.479162"></TimeCreated>
<EventRecordID>576</EventRecordID>
<Correlation ActivityID="{eae887f7-a8b5-0000-cdb1-e8eab5a8d601}" RelatedActivityID=""></Correlation>
<Execution ProcessID="3748" ThreadID="1112"></Execution>
<Channel>Microsoft-Windows-AppXDeploymentServer/Operational</Channel>
<Computer>WIN-PTFPHFCRDJ0</Computer>
<Security UserID="S-1-5-18"></Security>
</System>
<EventData><Data Name="Error">0x00000000</Data>
<Data Name="PackageMoniker">Microsoft.CredDialogHost_10.0.17763.1_neutral_neutral_cw5n1h2txyewy</Data>
</EventData>
</Event>

<Event xmlns="http://schemas.microsoft.com/win/2004/08/events/event"><System><Provider Name="Microsoft-Windows-AppXDeployment-Server" Guid="{3f471139-acb7-4a01-b7a7-ff5da4ba2d43}"></Provider>
<EventID Qualifiers="">603</EventID>
<Version>0</Version>
<Level>4</Level>
<Task>3</Task>
<Opcode>0</Opcode>
<Keywords>0x4000000000000001</Keywords>
<TimeCreated SystemTime="2020-10-22 20:58:20.483688"></TimeCreated>
<EventRecordID>577</EventRecordID>
<Correlation ActivityID="{eae887f7-a8b5-0000-cfb1-e8eab5a8d601}" RelatedActivityID=""></Correlation>
<Execution ProcessID="2944" ThreadID="5044"></Execution>
<Channel>Microsoft-Windows-AppXDeploymentServer/Operational</Channel>
<Computer>WIN-PTFPHFCRDJ0</Computer>
<Security UserID="S-1-5-21-1152959844-3645458174-3779170896-1000"></Security>
</System>
<EventData><Data Name="DeploymentOperation">20</Data>
<Data Name="Path">Microsoft.BioEnrollment_cw5n1h2txyewy</Data>
<Data Name="Flags">67109440</Data>
<Data Name="FlagsHigh">0</Data>
<Data Name="CallingProcess">svchost.exe,AppReadiness</Data>
</EventData>
</Event>

<Event xmlns="http://schemas.microsoft.com/win/2004/08/events/event"><System><Provider Name="Microsoft-Windows-AppXDeployment-Server" Guid="{3f471139-acb7-4a01-b7a7-ff5da4ba2d43}"></Provider>
<EventID Qualifiers="">10002</EventID>
<Version>0</Version>
<Level>5</Level>
<Task>3</Task>
<Opcode>0</Opcode>
<Keywords>0x4000000000000001</Keywords>
<TimeCreated SystemTime="2020-10-22 20:58:20.560068"></TimeCreated>
<EventRecordID>578</EventRecordID>
<Correlation ActivityID="{eae887f7-a8b5-0000-cfb1-e8eab5a8d601}" RelatedActivityID=""></Correlation>
<Execution ProcessID="2944" ThreadID="3888"></Execution>
<Channel>Microsoft-Windows-AppXDeploymentServer/Operational</Channel>
<Computer>WIN-PTFPHFCRDJ0</Computer>
<Security UserID="S-1-5-18"></Security>
</System>
<EventData><Data Name="DeploymentOperation">6</Data>
<Data Name="MainPackageMoniker">Microsoft.BioEnrollment_10.0.17763.1_neutral__cw5n1h2txyewy</Data>
<Data Name="ResiliencyFilePath">C:\ProgramData\Microsoft\Windows\AppRepository\fda2e33d-bbb0-4e5c-9eec-675cf039356e_S-1-5-21-1152959844-3645458174-3779170896-1000_17.rslc</Data>
</EventData>
</Event>

<Event xmlns="http://schemas.microsoft.com/win/2004/08/events/event"><System><Provider Name="Microsoft-Windows-AppXDeployment-Server" Guid="{3f471139-acb7-4a01-b7a7-ff5da4ba2d43}"></Provider>
<EventID Qualifiers="">607</EventID>
<Version>0</Version>
<Level>4</Level>
<Task>0</Task>
<Opcode>0</Opcode>
<Keywords>0x4000000000000001</Keywords>
<TimeCreated SystemTime="2020-10-22 20:58:20.560408"></TimeCreated>
<EventRecordID>579</EventRecordID>
<Correlation ActivityID="{eae887f7-a8b5-0000-cfb1-e8eab5a8d601}" RelatedActivityID=""></Correlation>
<Execution ProcessID="2944" ThreadID="3888"></Execution>
<Channel>Microsoft-Windows-AppXDeploymentServer/Operational</Channel>
<Computer>WIN-PTFPHFCRDJ0</Computer>
<Security UserID="S-1-5-21-1152959844-3645458174-3779170896-1000"></Security>
</System>
<EventData><Data Name="DeploymentOperation">6</Data>
<Data Name="PackageFullName">Microsoft.BioEnrollment_10.0.17763.1_neutral__cw5n1h2txyewy</Data>
<Data Name="UserSid">S-1-5-21-1152959844-3645458174-3779170896-1000</Data>
<Data Name="CallingProcess">svchost.exe,AppReadiness</Data>
</EventData>
</Event>

<Event xmlns="http://schemas.microsoft.com/win/2004/08/events/event"><System><Provider Name="Microsoft-Windows-AppXDeployment-Server" Guid="{3f471139-acb7-4a01-b7a7-ff5da4ba2d43}"></Provider>
<EventID Qualifiers="">854</EventID>
<Version>0</Version>
<Level>4</Level>
<Task>3</Task>
<Opcode>0</Opcode>
<Keywords>0x4000000000000001</Keywords>
<TimeCreated SystemTime="2020-10-22 20:58:20.560778"></TimeCreated>
<EventRecordID>580</EventRecordID>
<Correlation ActivityID="{eae887f7-a8b5-0000-cfb1-e8eab5a8d601}" RelatedActivityID=""></Correlation>
<Execution ProcessID="2944" ThreadID="3888"></Execution>
<Channel>Microsoft-Windows-AppXDeploymentServer/Operational</Channel>
<Computer>WIN-PTFPHFCRDJ0</Computer>
<Security UserID="S-1-5-21-1152959844-3645458174-3779170896-1000"></Security>
</System>
<EventData><Data Name="Path"> C:\Windows\SystemApps\Microsoft.BioEnrollment_cw5n1h2txyewy\AppxManifest.xml</Data>
</EventData>
</Event>

<Event xmlns="http://schemas.microsoft.com/win/2004/08/events/event"><System><Provider Name="Microsoft-Windows-AppXDeployment-Server" Guid="{3f471139-acb7-4a01-b7a7-ff5da4ba2d43}"></Provider>
<EventID Qualifiers="">855</EventID>
<Version>0</Version>
<Level>4</Level>
<Task>4</Task>
<Opcode>0</Opcode>
<Keywords>0x4000000000000001</Keywords>
<TimeCreated SystemTime="2020-10-22 20:58:20.567497"></TimeCreated>
<EventRecordID>581</EventRecordID>
<Correlation ActivityID="{eae887f7-a8b5-0000-cfb1-e8eab5a8d601}" RelatedActivityID=""></Correlation>
<Execution ProcessID="2944" ThreadID="3888"></Execution>
<Channel>Microsoft-Windows-AppXDeploymentServer/Operational</Channel>
<Computer>WIN-PTFPHFCRDJ0</Computer>
<Security UserID="S-1-5-21-1152959844-3645458174-3779170896-1000"></Security>
</System>
<EventData><Data Name="PackageMoniker"> addPackageList: Microsoft.BioEnrollment_10.0.17763.1_neutral__cw5n1h2txyewy</Data>
</EventData>
</Event>

<Event xmlns="http://schemas.microsoft.com/win/2004/08/events/event"><System><Provider Name="Microsoft-Windows-AppXDeployment-Server" Guid="{3f471139-acb7-4a01-b7a7-ff5da4ba2d43}"></Provider>
<EventID Qualifiers="">573</EventID>
<Version>0</Version>
<Level>4</Level>
<Task>47</Task>
<Opcode>0</Opcode>
<Keywords>0x4000000000000001</Keywords>
<TimeCreated SystemTime="2020-10-22 20:58:20.593557"></TimeCreated>
<EventRecordID>582</EventRecordID>
<Correlation ActivityID="{eae887f7-a8b5-0000-cfb1-e8eab5a8d601}" RelatedActivityID=""></Correlation>
<Execution ProcessID="2944" ThreadID="3888"></Execution>
<Channel>Microsoft-Windows-AppXDeploymentServer/Operational</Channel>
<Computer>WIN-PTFPHFCRDJ0</Computer>
<Security UserID="S-1-5-21-1152959844-3645458174-3779170896-1000"></Security>
</System>
<EventData><Data Name="PackageFamilyName">Microsoft.BioEnrollment_cw5n1h2txyewy</Data>
<Data Name="SettingSyncEnabled">False</Data>
</EventData>
</Event>

<Event xmlns="http://schemas.microsoft.com/win/2004/08/events/event"><System><Provider Name="Microsoft-Windows-AppXDeployment-Server" Guid="{3f471139-acb7-4a01-b7a7-ff5da4ba2d43}"></Provider>
<EventID Qualifiers="">10000</EventID>
<Version>0</Version>
<Level>5</Level>
<Task>4</Task>
<Opcode>0</Opcode>
<Keywords>0x4000000000000001</Keywords>
<TimeCreated SystemTime="2020-10-22 20:58:20.596931"></TimeCreated>
<EventRecordID>583</EventRecordID>
<Correlation ActivityID="{eae887f7-a8b5-0000-cfb1-e8eab5a8d601}" RelatedActivityID=""></Correlation>
<Execution ProcessID="2944" ThreadID="3888"></Execution>
<Channel>Microsoft-Windows-AppXDeploymentServer/Operational</Channel>
<Computer>WIN-PTFPHFCRDJ0</Computer>
<Security UserID="S-1-5-18"></Security>
</System>
<EventData><Data Name="PackageFullName">Microsoft.BioEnrollment_10.0.17763.1_neutral__cw5n1h2txyewy</Data>
<Data Name="ErrorCode">0x00000000</Data>
</EventData>
</Event>

<Event xmlns="http://schemas.microsoft.com/win/2004/08/events/event"><System><Provider Name="Microsoft-Windows-AppXDeployment-Server" Guid="{3f471139-acb7-4a01-b7a7-ff5da4ba2d43}"></Provider>
<EventID Qualifiers="">540</EventID>
<Version>0</Version>
<Level>5</Level>
<Task>3</Task>
<Opcode>0</Opcode>
<Keywords>0x4000000000000001</Keywords>
<TimeCreated SystemTime="2020-10-22 20:58:20.703012"></TimeCreated>
<EventRecordID>584</EventRecordID>
<Correlation ActivityID="{eae887f7-a8b5-0000-cfb1-e8eab5a8d601}" RelatedActivityID=""></Correlation>
<Execution ProcessID="2944" ThreadID="3888"></Execution>
<Channel>Microsoft-Windows-AppXDeploymentServer/Operational</Channel>
<Computer>WIN-PTFPHFCRDJ0</Computer>
<Security UserID="S-1-5-18"></Security>
</System>
<EventData><Data Name="PackageFullName">Microsoft.BioEnrollment_10.0.17763.1_neutral__cw5n1h2txyewy</Data>
<Data Name="Architecture">64</Data>
</EventData>
</Event>

<Event xmlns="http://schemas.microsoft.com/win/2004/08/events/event"><System><Provider Name="Microsoft-Windows-AppXDeployment-Server" Guid="{3f471139-acb7-4a01-b7a7-ff5da4ba2d43}"></Provider>
<EventID Qualifiers="">541</EventID>
<Version>0</Version>
<Level>5</Level>
<Task>3</Task>
<Opcode>0</Opcode>
<Keywords>0x4000000000000001</Keywords>
<TimeCreated SystemTime="2020-10-22 20:58:20.704397"></TimeCreated>
<EventRecordID>585</EventRecordID>
<Correlation ActivityID="{eae887f7-a8b5-0000-cfb1-e8eab5a8d601}" RelatedActivityID=""></Correlation>
<Execution ProcessID="2944" ThreadID="3888"></Execution>
<Channel>Microsoft-Windows-AppXDeploymentServer/Operational</Channel>
<Computer>WIN-PTFPHFCRDJ0</Computer>
<Security UserID="S-1-5-18"></Security>
</System>
<EventData><Data Name="PackageFullName">Microsoft.BioEnrollment_10.0.17763.1_neutral__cw5n1h2txyewy</Data>
<Data Name="Architecture">64</Data>
</EventData>
</Event>

<Event xmlns="http://schemas.microsoft.com/win/2004/08/events/event"><System><Provider Name="Microsoft-Windows-AppXDeployment-Server" Guid="{3f471139-acb7-4a01-b7a7-ff5da4ba2d43}"></Provider>
<EventID Qualifiers="">10001</EventID>
<Version>0</Version>
<Level>5</Level>
<Task>4</Task>
<Opcode>0</Opcode>
<Keywords>0x4000000000000001</Keywords>
<TimeCreated SystemTime="2020-10-22 20:58:20.817083"></TimeCreated>
<EventRecordID>586</EventRecordID>
<Correlation ActivityID="{eae887f7-a8b5-0000-cfb1-e8eab5a8d601}" RelatedActivityID=""></Correlation>
<Execution ProcessID="2944" ThreadID="3888"></Execution>
<Channel>Microsoft-Windows-AppXDeploymentServer/Operational</Channel>
<Computer>WIN-PTFPHFCRDJ0</Computer>
<Security UserID="S-1-5-21-1152959844-3645458174-3779170896-1000"></Security>
</System>
<EventData><Data Name="PackageFullName">Microsoft.BioEnrollment_10.0.17763.1_neutral__cw5n1h2txyewy</Data>
<Data Name="ErrorCode">0x00000000</Data>
</EventData>
</Event>

<Event xmlns="http://schemas.microsoft.com/win/2004/08/events/event"><System><Provider Name="Microsoft-Windows-AppXDeployment-Server" Guid="{3f471139-acb7-4a01-b7a7-ff5da4ba2d43}"></Provider>
<EventID Qualifiers="">10001</EventID>
<Version>0</Version>
<Level>5</Level>
<Task>4</Task>
<Opcode>0</Opcode>
<Keywords>0x4000000000000001</Keywords>
<TimeCreated SystemTime="2020-10-22 20:58:20.817165"></TimeCreated>
<EventRecordID>587</EventRecordID>
<Correlation ActivityID="{eae887f7-a8b5-0000-cfb1-e8eab5a8d601}" RelatedActivityID=""></Correlation>
<Execution ProcessID="2944" ThreadID="3888"></Execution>
<Channel>Microsoft-Windows-AppXDeploymentServer/Operational</Channel>
<Computer>WIN-PTFPHFCRDJ0</Computer>
<Security UserID="S-1-5-21-1152959844-3645458174-3779170896-1000"></Security>
</System>
<EventData><Data Name="PackageFullName">Microsoft.BioEnrollment_10.0.17763.1_neutral__cw5n1h2txyewy</Data>
<Data Name="ErrorCode">0x00000000</Data>
</EventData>
</Event>

<Event xmlns="http://schemas.microsoft.com/win/2004/08/events/event"><System><Provider Name="Microsoft-Windows-AppXDeployment-Server" Guid="{3f471139-acb7-4a01-b7a7-ff5da4ba2d43}"></Provider>
<EventID Qualifiers="">617</EventID>
<Version>0</Version>
<Level>5</Level>
<Task>3</Task>
<Opcode>0</Opcode>
<Keywords>0x4000000000000001</Keywords>
<TimeCreated SystemTime="2020-10-22 20:58:20.819696"></TimeCreated>
<EventRecordID>588</EventRecordID>
<Correlation ActivityID="{eae887f7-a8b5-0000-cfb1-e8eab5a8d601}" RelatedActivityID=""></Correlation>
<Execution ProcessID="2944" ThreadID="3888"></Execution>
<Channel>Microsoft-Windows-AppXDeploymentServer/Operational</Channel>
<Computer>WIN-PTFPHFCRDJ0</Computer>
<Security UserID="S-1-5-18"></Security>
</System>
<EventData><Data Name="PackageFullName">Microsoft.BioEnrollment_10.0.17763.1_neutral__cw5n1h2txyewy</Data>
<Data Name="StatusToClear">0x00000c00</Data>
<Data Name="StatusToSet">0x00000000</Data>
<Data Name="CallOrigin">0</Data>
</EventData>
</Event>

<Event xmlns="http://schemas.microsoft.com/win/2004/08/events/event"><System><Provider Name="Microsoft-Windows-AppXDeployment-Server" Guid="{3f471139-acb7-4a01-b7a7-ff5da4ba2d43}"></Provider>
<EventID Qualifiers="">400</EventID>
<Version>0</Version>
<Level>4</Level>
<Task>3</Task>
<Opcode>2</Opcode>
<Keywords>0x4000000000000001</Keywords>
<TimeCreated SystemTime="2020-10-22 20:58:20.865599"></TimeCreated>
<EventRecordID>589</EventRecordID>
<Correlation ActivityID="{eae887f7-a8b5-0000-cfb1-e8eab5a8d601}" RelatedActivityID=""></Correlation>
<Execution ProcessID="2944" ThreadID="3888"></Execution>
<Channel>Microsoft-Windows-AppXDeploymentServer/Operational</Channel>
<Computer>WIN-PTFPHFCRDJ0</Computer>
<Security UserID="S-1-5-21-1152959844-3645458174-3779170896-1000"></Security>
</System>
<EventData><Data Name="DeploymentOperation">6</Data>
<Data Name="PackageFullName">Microsoft.BioEnrollment_10.0.17763.1_neutral__cw5n1h2txyewy</Data>
<Data Name="Path"> (AppxManifest.xml) </Data>
<Data Name="MountPoint">C:</Data>
<Data Name="TargetPlatform">0x00000000</Data>
<Data Name="SystemVolume">True</Data>
<Data Name="StorageId">\\?\Volume{962e1b8c-bf58-4dfe-adc8-abd1a164675b}</Data>
<Data Name="IsCentennial">False</Data>
<Data Name="PackageType">0x00000001</Data>
<Data Name="IsPackageEncrypted">False</Data>
<Data Name="DeploymentOptions">0x0000000004040240</Data>
<Data Name="IsStreamingPackage">False</Data>
<Data Name="IsInRelatedSet">False</Data>
<Data Name="IsPackageUsingBDC">False</Data>
<Data Name="MainPackageFamilyName">NULL</Data>
<Data Name="CallingProcess">svchost.exe,AppReadiness</Data>
</EventData>
</Event>

<Event xmlns="http://schemas.microsoft.com/win/2004/08/events/event"><System><Provider Name="Microsoft-Windows-AppXDeployment-Server" Guid="{3f471139-acb7-4a01-b7a7-ff5da4ba2d43}"></Provider>
<EventID Qualifiers="">649</EventID>
<Version>0</Version>
<Level>4</Level>
<Task>3</Task>
<Opcode>0</Opcode>
<Keywords>0x4000000000000001</Keywords>
<TimeCreated SystemTime="2020-10-22 20:58:20.866282"></TimeCreated>
<EventRecordID>590</EventRecordID>
<Correlation ActivityID="{eae887f7-a8b5-0000-cfb1-e8eab5a8d601}" RelatedActivityID=""></Correlation>
<Execution ProcessID="2944" ThreadID="3888"></Execution>
<Channel>Microsoft-Windows-AppXDeploymentServer/Operational</Channel>
<Computer>WIN-PTFPHFCRDJ0</Computer>
<Security UserID="S-1-5-21-1152959844-3645458174-3779170896-1000"></Security>
</System>
<EventData><Data Name="DeploymentOperation">6</Data>
<Data Name="PackageFullName">Microsoft.BioEnrollment_10.0.17763.1_neutral__cw5n1h2txyewy</Data>
<Data Name="Summary">PostDeploymentOperationCheck cost: 0 ms</Data>
</EventData>
</Event>

<Event xmlns="http://schemas.microsoft.com/win/2004/08/events/event"><System><Provider Name="Microsoft-Windows-AppXDeployment-Server" Guid="{3f471139-acb7-4a01-b7a7-ff5da4ba2d43}"></Provider>
<EventID Qualifiers="">649</EventID>
<Version>0</Version>
<Level>4</Level>
<Task>3</Task>
<Opcode>0</Opcode>
<Keywords>0x4000000000000001</Keywords>
<TimeCreated SystemTime="2020-10-22 20:58:20.896816"></TimeCreated>
<EventRecordID>591</EventRecordID>
<Correlation ActivityID="{eae887f7-a8b5-0000-cfb1-e8eab5a8d601}" RelatedActivityID=""></Correlation>
<Execution ProcessID="2944" ThreadID="3888"></Execution>
<Channel>Microsoft-Windows-AppXDeploymentServer/Operational</Channel>
<Computer>WIN-PTFPHFCRDJ0</Computer>
<Security UserID="S-1-5-18"></Security>
</System>
<EventData><Data Name="DeploymentOperation">6</Data>
<Data Name="PackageFullName">Microsoft.BioEnrollment_10.0.17763.1_neutral__cw5n1h2txyewy</Data>
<Data Name="Summary">State repository CommitTransaction cost: 31 ms</Data>
</EventData>
</Event>

<Event xmlns="http://schemas.microsoft.com/win/2004/08/events/event"><System><Provider Name="Microsoft-Windows-AppXDeployment-Server" Guid="{3f471139-acb7-4a01-b7a7-ff5da4ba2d43}"></Provider>
<EventID Qualifiers="">613</EventID>
<Version>0</Version>
<Level>4</Level>
<Task>3</Task>
<Opcode>0</Opcode>
<Keywords>0x4000000000000001</Keywords>
<TimeCreated SystemTime="2020-10-22 20:58:20.939476"></TimeCreated>
<EventRecordID>592</EventRecordID>
<Correlation ActivityID="{eae887f7-a8b5-0000-cfb1-e8eab5a8d601}" RelatedActivityID=""></Correlation>
<Execution ProcessID="2944" ThreadID="3888"></Execution>
<Channel>Microsoft-Windows-AppXDeploymentServer/Operational</Channel>
<Computer>WIN-PTFPHFCRDJ0</Computer>
<Security UserID="S-1-5-21-1152959844-3645458174-3779170896-1000"></Security>
</System>
<EventData><Data Name="DeploymentOperation">6</Data>
<Data Name="PackageFullName">Microsoft.BioEnrollment_10.0.17763.1_neutral__cw5n1h2txyewy</Data>
<Data Name="Summary">
Overall time: 453 ms
Enqueue cost: 78 ms
Dequeue delay: 0 ms
Bundle processing cost: 0 ms
Indexing cost: 0 ms
Resolve dependency cost: 0 ms
Gap: 16 ms
Check approval cost: 0 ms
Evaluation cost: 0 ms
Hardlinking evaluation cost: 0 ms
Stage required cost: 0 ms
Flushing and closing files cost: 0 ms
Machine register cost: 0 ms
Stage user data cost: 15 ms
Registration cost: 219 ms
Gap: 47 ms
Data flush cost: 0 ms
Remaining cost: 78 ms
</Data>
</EventData>
</Event>

<Event xmlns="http://schemas.microsoft.com/win/2004/08/events/event"><System><Provider Name="Microsoft-Windows-AppXDeployment-Server" Guid="{3f471139-acb7-4a01-b7a7-ff5da4ba2d43}"></Provider>
<EventID Qualifiers="">821</EventID>
<Version>0</Version>
<Level>5</Level>
<Task>6</Task>
<Opcode>0</Opcode>
<Keywords>0x4000000000000001</Keywords>
<TimeCreated SystemTime="2020-10-22 20:58:20.941013"></TimeCreated>
<EventRecordID>593</EventRecordID>
<Correlation ActivityID="{eae887f7-a8b5-0000-72b2-e8eab5a8d601}" RelatedActivityID=""></Correlation>
<Execution ProcessID="3748" ThreadID="1112"></Execution>
<Channel>Microsoft-Windows-AppXDeploymentServer/Operational</Channel>
<Computer>WIN-PTFPHFCRDJ0</Computer>
<Security UserID="S-1-5-18"></Security>
</System>
<EventData><Data Name="UserSid">S-1-5-21-1152959844-3645458174-3779170896-1000</Data>
<Data Name="MainPackageFullName">Microsoft.BioEnrollment_10.0.17763.1_neutral_neutral_cw5n1h2txyewy</Data>
<Data Name="ErrorCode">0x00000000</Data>
</EventData>
</Event>

