<Event xmlns="http://schemas.microsoft.com/win/2004/08/events/event"><System><Provider Name="Microsoft-Windows-AppXDeployment-Server" Guid="{3f471139-acb7-4a01-b7a7-ff5da4ba2d43}"></Provider>
<EventID Qualifiers="">400</EventID>
<Version>0</Version>
<Level>4</Level>
<Task>3</Task>
<Opcode>2</Opcode>
<Keywords>0x4000000000000001</Keywords>
<TimeCreated SystemTime="2020-10-23 09:21:34.216913"></TimeCreated>
<EventRecordID>137</EventRecordID>
<Correlation ActivityID="{c5ffa37c-a91d-0000-d7af-ffc51da9d601}" RelatedActivityID=""></Correlation>
<Execution ProcessID="1496" ThreadID="2896"></Execution>
<Channel>Microsoft-Windows-AppXDeploymentServer/Operational</Channel>
<Computer>WIN-PTFPHFCRDJ0</Computer>
<Security UserID="S-1-5-18"></Security>
</System>
<EventData><Data Name="DeploymentOperation">12</Data>
<Data Name="PackageFullName">Microsoft.Windows.SecHealthUI_10.0.17763.1_neutral__cw5n1h2txyewy</Data>
<Data Name="Path"> </Data>
<Data Name="MountPoint">C:</Data>
<Data Name="TargetPlatform">0x00000000</Data>
<Data Name="SystemVolume">True</Data>
<Data Name="StorageId">\\?\Volume{962e1b8c-bf58-4dfe-adc8-abd1a164675b}</Data>
<Data Name="IsCentennial">False</Data>
<Data Name="PackageType">0x00000001</Data>
<Data Name="IsPackageEncrypted">False</Data>
<Data Name="DeploymentOptions">0x0000000030000020</Data>
<Data Name="IsStreamingPackage">False</Data>
<Data Name="IsInRelatedSet">False</Data>
<Data Name="IsPackageUsingBDC">False</Data>
<Data Name="MainPackageFamilyName">NULL</Data>
<Data Name="CallingProcess"></Data>
</EventData>
</Event>

<Event xmlns="http://schemas.microsoft.com/win/2004/08/events/event"><System><Provider Name="Microsoft-Windows-AppXDeployment-Server" Guid="{3f471139-acb7-4a01-b7a7-ff5da4ba2d43}"></Provider>
<EventID Qualifiers="">649</EventID>
<Version>0</Version>
<Level>4</Level>
<Task>3</Task>
<Opcode>0</Opcode>
<Keywords>0x4000000000000001</Keywords>
<TimeCreated SystemTime="2020-10-23 09:21:34.217772"></TimeCreated>
<EventRecordID>138</EventRecordID>
<Correlation ActivityID="{c5ffa37c-a91d-0000-d7af-ffc51da9d601}" RelatedActivityID=""></Correlation>
<Execution ProcessID="1496" ThreadID="2896"></Execution>
<Channel>Microsoft-Windows-AppXDeploymentServer/Operational</Channel>
<Computer>WIN-PTFPHFCRDJ0</Computer>
<Security UserID="S-1-5-18"></Security>
</System>
<EventData><Data Name="DeploymentOperation">12</Data>
<Data Name="PackageFullName">Microsoft.Windows.SecHealthUI_10.0.17763.1_neutral__cw5n1h2txyewy</Data>
<Data Name="Summary">PostDeploymentOperationCheck cost: 0 ms</Data>
</EventData>
</Event>

<Event xmlns="http://schemas.microsoft.com/win/2004/08/events/event"><System><Provider Name="Microsoft-Windows-AppXDeployment-Server" Guid="{3f471139-acb7-4a01-b7a7-ff5da4ba2d43}"></Provider>
<EventID Qualifiers="">649</EventID>
<Version>0</Version>
<Level>4</Level>
<Task>3</Task>
<Opcode>0</Opcode>
<Keywords>0x4000000000000001</Keywords>
<TimeCreated SystemTime="2020-10-23 09:21:34.231750"></TimeCreated>
<EventRecordID>139</EventRecordID>
<Correlation ActivityID="{c5ffa37c-a91d-0000-d7af-ffc51da9d601}" RelatedActivityID=""></Correlation>
<Execution ProcessID="1496" ThreadID="2896"></Execution>
<Channel>Microsoft-Windows-AppXDeploymentServer/Operational</Channel>
<Computer>WIN-PTFPHFCRDJ0</Computer>
<Security UserID="S-1-5-18"></Security>
</System>
<EventData><Data Name="DeploymentOperation">12</Data>
<Data Name="PackageFullName">Microsoft.Windows.SecHealthUI_10.0.17763.1_neutral__cw5n1h2txyewy</Data>
<Data Name="Summary">State repository CommitTransaction cost: 16 ms</Data>
</EventData>
</Event>

<Event xmlns="http://schemas.microsoft.com/win/2004/08/events/event"><System><Provider Name="Microsoft-Windows-AppXDeployment-Server" Guid="{3f471139-acb7-4a01-b7a7-ff5da4ba2d43}"></Provider>
<EventID Qualifiers="">633</EventID>
<Version>0</Version>
<Level>4</Level>
<Task>3</Task>
<Opcode>0</Opcode>
<Keywords>0x4000000000000001</Keywords>
<TimeCreated SystemTime="2020-10-23 09:21:34.265678"></TimeCreated>
<EventRecordID>140</EventRecordID>
<Correlation ActivityID="{c5ffa37c-a91d-0000-d7af-ffc51da9d601}" RelatedActivityID=""></Correlation>
<Execution ProcessID="1496" ThreadID="1152"></Execution>
<Channel>Microsoft-Windows-AppXDeploymentServer/Operational</Channel>
<Computer>WIN-PTFPHFCRDJ0</Computer>
<Security UserID="S-1-5-18"></Security>
</System>
<EventData><Data Name="PackageFullName">Microsoft.Windows.ShellExperienceHost_10.0.17763.1_neutral_neutral_cw5n1h2txyewy</Data>
<Data Name="IsInstalled">False</Data>
</EventData>
</Event>

<Event xmlns="http://schemas.microsoft.com/win/2004/08/events/event"><System><Provider Name="Microsoft-Windows-AppXDeployment-Server" Guid="{3f471139-acb7-4a01-b7a7-ff5da4ba2d43}"></Provider>
<EventID Qualifiers="">607</EventID>
<Version>0</Version>
<Level>4</Level>
<Task>0</Task>
<Opcode>0</Opcode>
<Keywords>0x4000000000000001</Keywords>
<TimeCreated SystemTime="2020-10-23 09:21:34.265997"></TimeCreated>
<EventRecordID>141</EventRecordID>
<Correlation ActivityID="{c5ffa37c-a91d-0000-d7af-ffc51da9d601}" RelatedActivityID=""></Correlation>
<Execution ProcessID="1496" ThreadID="2812"></Execution>
<Channel>Microsoft-Windows-AppXDeploymentServer/Operational</Channel>
<Computer>WIN-PTFPHFCRDJ0</Computer>
<Security UserID="S-1-5-18"></Security>
</System>
<EventData><Data Name="DeploymentOperation">12</Data>
<Data Name="PackageFullName">Microsoft.Windows.ShellExperienceHost_10.0.17763.1_neutral_neutral_cw5n1h2txyewy</Data>
<Data Name="UserSid">S-1-5-18</Data>
<Data Name="CallingProcess">NULL</Data>
</EventData>
</Event>

<Event xmlns="http://schemas.microsoft.com/win/2004/08/events/event"><System><Provider Name="Microsoft-Windows-AppXDeployment-Server" Guid="{3f471139-acb7-4a01-b7a7-ff5da4ba2d43}"></Provider>
<EventID Qualifiers="">854</EventID>
<Version>0</Version>
<Level>4</Level>
<Task>3</Task>
<Opcode>0</Opcode>
<Keywords>0x4000000000000001</Keywords>
<TimeCreated SystemTime="2020-10-23 09:21:34.291685"></TimeCreated>
<EventRecordID>142</EventRecordID>
<Correlation ActivityID="{c5ffa37c-a91d-0000-d7af-ffc51da9d601}" RelatedActivityID=""></Correlation>
<Execution ProcessID="1496" ThreadID="2812"></Execution>
<Channel>Microsoft-Windows-AppXDeploymentServer/Operational</Channel>
<Computer>WIN-PTFPHFCRDJ0</Computer>
<Security UserID="S-1-5-18"></Security>
</System>
<EventData><Data Name="Path"> C:\Windows\SystemApps\ShellExperienceHost_cw5n1h2txyewy\AppxManifest.xml</Data>
</EventData>
</Event>

<Event xmlns="http://schemas.microsoft.com/win/2004/08/events/event"><System><Provider Name="Microsoft-Windows-AppXDeployment-Server" Guid="{3f471139-acb7-4a01-b7a7-ff5da4ba2d43}"></Provider>
<EventID Qualifiers="">400</EventID>
<Version>0</Version>
<Level>4</Level>
<Task>3</Task>
<Opcode>2</Opcode>
<Keywords>0x4000000000000001</Keywords>
<TimeCreated SystemTime="2020-10-23 09:21:34.349859"></TimeCreated>
<EventRecordID>143</EventRecordID>
<Correlation ActivityID="{c5ffa37c-a91d-0000-d7af-ffc51da9d601}" RelatedActivityID=""></Correlation>
<Execution ProcessID="1496" ThreadID="2812"></Execution>
<Channel>Microsoft-Windows-AppXDeploymentServer/Operational</Channel>
<Computer>WIN-PTFPHFCRDJ0</Computer>
<Security UserID="S-1-5-18"></Security>
</System>
<EventData><Data Name="DeploymentOperation">12</Data>
<Data Name="PackageFullName">Microsoft.Windows.ShellExperienceHost_10.0.17763.1_neutral_neutral_cw5n1h2txyewy</Data>
<Data Name="Path"> </Data>
<Data Name="MountPoint">C:</Data>
<Data Name="TargetPlatform">0x00000000</Data>
<Data Name="SystemVolume">True</Data>
<Data Name="StorageId">\\?\Volume{962e1b8c-bf58-4dfe-adc8-abd1a164675b}</Data>
<Data Name="IsCentennial">False</Data>
<Data Name="PackageType">0x00000001</Data>
<Data Name="IsPackageEncrypted">False</Data>
<Data Name="DeploymentOptions">0x0000000030000020</Data>
<Data Name="IsStreamingPackage">False</Data>
<Data Name="IsInRelatedSet">False</Data>
<Data Name="IsPackageUsingBDC">False</Data>
<Data Name="MainPackageFamilyName">NULL</Data>
<Data Name="CallingProcess"></Data>
</EventData>
</Event>

<Event xmlns="http://schemas.microsoft.com/win/2004/08/events/event"><System><Provider Name="Microsoft-Windows-AppXDeployment-Server" Guid="{3f471139-acb7-4a01-b7a7-ff5da4ba2d43}"></Provider>
<EventID Qualifiers="">649</EventID>
<Version>0</Version>
<Level>4</Level>
<Task>3</Task>
<Opcode>0</Opcode>
<Keywords>0x4000000000000001</Keywords>
<TimeCreated SystemTime="2020-10-23 09:21:34.350481"></TimeCreated>
<EventRecordID>144</EventRecordID>
<Correlation ActivityID="{c5ffa37c-a91d-0000-d7af-ffc51da9d601}" RelatedActivityID=""></Correlation>
<Execution ProcessID="1496" ThreadID="2812"></Execution>
<Channel>Microsoft-Windows-AppXDeploymentServer/Operational</Channel>
<Computer>WIN-PTFPHFCRDJ0</Computer>
<Security UserID="S-1-5-18"></Security>
</System>
<EventData><Data Name="DeploymentOperation">12</Data>
<Data Name="PackageFullName">Microsoft.Windows.ShellExperienceHost_10.0.17763.1_neutral_neutral_cw5n1h2txyewy</Data>
<Data Name="Summary">PostDeploymentOperationCheck cost: 0 ms</Data>
</EventData>
</Event>

<Event xmlns="http://schemas.microsoft.com/win/2004/08/events/event"><System><Provider Name="Microsoft-Windows-AppXDeployment-Server" Guid="{3f471139-acb7-4a01-b7a7-ff5da4ba2d43}"></Provider>
<EventID Qualifiers="">649</EventID>
<Version>0</Version>
<Level>4</Level>
<Task>3</Task>
<Opcode>0</Opcode>
<Keywords>0x4000000000000001</Keywords>
<TimeCreated SystemTime="2020-10-23 09:21:34.363920"></TimeCreated>
<EventRecordID>145</EventRecordID>
<Correlation ActivityID="{c5ffa37c-a91d-0000-d7af-ffc51da9d601}" RelatedActivityID=""></Correlation>
<Execution ProcessID="1496" ThreadID="2812"></Execution>
<Channel>Microsoft-Windows-AppXDeploymentServer/Operational</Channel>
<Computer>WIN-PTFPHFCRDJ0</Computer>
<Security UserID="S-1-5-18"></Security>
</System>
<EventData><Data Name="DeploymentOperation">12</Data>
<Data Name="PackageFullName">Microsoft.Windows.ShellExperienceHost_10.0.17763.1_neutral_neutral_cw5n1h2txyewy</Data>
<Data Name="Summary">State repository CommitTransaction cost: 16 ms</Data>
</EventData>
</Event>

<Event xmlns="http://schemas.microsoft.com/win/2004/08/events/event"><System><Provider Name="Microsoft-Windows-AppXDeployment-Server" Guid="{3f471139-acb7-4a01-b7a7-ff5da4ba2d43}"></Provider>
<EventID Qualifiers="">633</EventID>
<Version>0</Version>
<Level>4</Level>
<Task>3</Task>
<Opcode>0</Opcode>
<Keywords>0x4000000000000001</Keywords>
<TimeCreated SystemTime="2020-10-23 09:21:34.389837"></TimeCreated>
<EventRecordID>146</EventRecordID>
<Correlation ActivityID="{c5ffa37c-a91d-0000-d7af-ffc51da9d601}" RelatedActivityID=""></Correlation>
<Execution ProcessID="1496" ThreadID="1152"></Execution>
<Channel>Microsoft-Windows-AppXDeploymentServer/Operational</Channel>
<Computer>WIN-PTFPHFCRDJ0</Computer>
<Security UserID="S-1-5-18"></Security>
</System>
<EventData><Data Name="PackageFullName">Microsoft.Windows.XGpuEjectDialog_10.0.17763.1_neutral_neutral_cw5n1h2txyewy</Data>
<Data Name="IsInstalled">False</Data>
</EventData>
</Event>

<Event xmlns="http://schemas.microsoft.com/win/2004/08/events/event"><System><Provider Name="Microsoft-Windows-AppXDeployment-Server" Guid="{3f471139-acb7-4a01-b7a7-ff5da4ba2d43}"></Provider>
<EventID Qualifiers="">607</EventID>
<Version>0</Version>
<Level>4</Level>
<Task>0</Task>
<Opcode>0</Opcode>
<Keywords>0x4000000000000001</Keywords>
<TimeCreated SystemTime="2020-10-23 09:21:34.390467"></TimeCreated>
<EventRecordID>147</EventRecordID>
<Correlation ActivityID="{c5ffa37c-a91d-0000-d7af-ffc51da9d601}" RelatedActivityID=""></Correlation>
<Execution ProcessID="1496" ThreadID="2896"></Execution>
<Channel>Microsoft-Windows-AppXDeploymentServer/Operational</Channel>
<Computer>WIN-PTFPHFCRDJ0</Computer>
<Security UserID="S-1-5-18"></Security>
</System>
<EventData><Data Name="DeploymentOperation">12</Data>
<Data Name="PackageFullName">Microsoft.Windows.XGpuEjectDialog_10.0.17763.1_neutral_neutral_cw5n1h2txyewy</Data>
<Data Name="UserSid">S-1-5-18</Data>
<Data Name="CallingProcess">NULL</Data>
</EventData>
</Event>

<Event xmlns="http://schemas.microsoft.com/win/2004/08/events/event"><System><Provider Name="Microsoft-Windows-AppXDeployment-Server" Guid="{3f471139-acb7-4a01-b7a7-ff5da4ba2d43}"></Provider>
<EventID Qualifiers="">854</EventID>
<Version>0</Version>
<Level>4</Level>
<Task>3</Task>
<Opcode>0</Opcode>
<Keywords>0x4000000000000001</Keywords>
<TimeCreated SystemTime="2020-10-23 09:21:34.409782"></TimeCreated>
<EventRecordID>148</EventRecordID>
<Correlation ActivityID="{c5ffa37c-a91d-0000-d7af-ffc51da9d601}" RelatedActivityID=""></Correlation>
<Execution ProcessID="1496" ThreadID="2896"></Execution>
<Channel>Microsoft-Windows-AppXDeploymentServer/Operational</Channel>
<Computer>WIN-PTFPHFCRDJ0</Computer>
<Security UserID="S-1-5-18"></Security>
</System>
<EventData><Data Name="Path"> C:\Windows\SystemApps\Microsoft.Windows.XGpuEjectDialog_cw5n1h2txyewy\AppxManifest.xml</Data>
</EventData>
</Event>

<Event xmlns="http://schemas.microsoft.com/win/2004/08/events/event"><System><Provider Name="Microsoft-Windows-AppXDeployment-Server" Guid="{3f471139-acb7-4a01-b7a7-ff5da4ba2d43}"></Provider>
<EventID Qualifiers="">400</EventID>
<Version>0</Version>
<Level>4</Level>
<Task>3</Task>
<Opcode>2</Opcode>
<Keywords>0x4000000000000001</Keywords>
<TimeCreated SystemTime="2020-10-23 09:21:34.452602"></TimeCreated>
<EventRecordID>149</EventRecordID>
<Correlation ActivityID="{c5ffa37c-a91d-0000-d7af-ffc51da9d601}" RelatedActivityID=""></Correlation>
<Execution ProcessID="1496" ThreadID="2896"></Execution>
<Channel>Microsoft-Windows-AppXDeploymentServer/Operational</Channel>
<Computer>WIN-PTFPHFCRDJ0</Computer>
<Security UserID="S-1-5-18"></Security>
</System>
<EventData><Data Name="DeploymentOperation">12</Data>
<Data Name="PackageFullName">Microsoft.Windows.XGpuEjectDialog_10.0.17763.1_neutral_neutral_cw5n1h2txyewy</Data>
<Data Name="Path"> </Data>
<Data Name="MountPoint">C:</Data>
<Data Name="TargetPlatform">0x00000000</Data>
<Data Name="SystemVolume">True</Data>
<Data Name="StorageId">\\?\Volume{962e1b8c-bf58-4dfe-adc8-abd1a164675b}</Data>
<Data Name="IsCentennial">False</Data>
<Data Name="PackageType">0x00000001</Data>
<Data Name="IsPackageEncrypted">False</Data>
<Data Name="DeploymentOptions">0x0000000030000020</Data>
<Data Name="IsStreamingPackage">False</Data>
<Data Name="IsInRelatedSet">False</Data>
<Data Name="IsPackageUsingBDC">False</Data>
<Data Name="MainPackageFamilyName">NULL</Data>
<Data Name="CallingProcess"></Data>
</EventData>
</Event>

<Event xmlns="http://schemas.microsoft.com/win/2004/08/events/event"><System><Provider Name="Microsoft-Windows-AppXDeployment-Server" Guid="{3f471139-acb7-4a01-b7a7-ff5da4ba2d43}"></Provider>
<EventID Qualifiers="">649</EventID>
<Version>0</Version>
<Level>4</Level>
<Task>3</Task>
<Opcode>0</Opcode>
<Keywords>0x4000000000000001</Keywords>
<TimeCreated SystemTime="2020-10-23 09:21:34.453215"></TimeCreated>
<EventRecordID>150</EventRecordID>
<Correlation ActivityID="{c5ffa37c-a91d-0000-d7af-ffc51da9d601}" RelatedActivityID=""></Correlation>
<Execution ProcessID="1496" ThreadID="2896"></Execution>
<Channel>Microsoft-Windows-AppXDeploymentServer/Operational</Channel>
<Computer>WIN-PTFPHFCRDJ0</Computer>
<Security UserID="S-1-5-18"></Security>
</System>
<EventData><Data Name="DeploymentOperation">12</Data>
<Data Name="PackageFullName">Microsoft.Windows.XGpuEjectDialog_10.0.17763.1_neutral_neutral_cw5n1h2txyewy</Data>
<Data Name="Summary">PostDeploymentOperationCheck cost: 0 ms</Data>
</EventData>
</Event>

<Event xmlns="http://schemas.microsoft.com/win/2004/08/events/event"><System><Provider Name="Microsoft-Windows-AppXDeployment-Server" Guid="{3f471139-acb7-4a01-b7a7-ff5da4ba2d43}"></Provider>
<EventID Qualifiers="">649</EventID>
<Version>0</Version>
<Level>4</Level>
<Task>3</Task>
<Opcode>0</Opcode>
<Keywords>0x4000000000000001</Keywords>
<TimeCreated SystemTime="2020-10-23 09:21:34.466108"></TimeCreated>
<EventRecordID>151</EventRecordID>
<Correlation ActivityID="{c5ffa37c-a91d-0000-d7af-ffc51da9d601}" RelatedActivityID=""></Correlation>
<Execution ProcessID="1496" ThreadID="2896"></Execution>
<Channel>Microsoft-Windows-AppXDeploymentServer/Operational</Channel>
<Computer>WIN-PTFPHFCRDJ0</Computer>
<Security UserID="S-1-5-18"></Security>
</System>
<EventData><Data Name="DeploymentOperation">12</Data>
<Data Name="PackageFullName">Microsoft.Windows.XGpuEjectDialog_10.0.17763.1_neutral_neutral_cw5n1h2txyewy</Data>
<Data Name="Summary">State repository CommitTransaction cost: 16 ms</Data>
</EventData>
</Event>

<Event xmlns="http://schemas.microsoft.com/win/2004/08/events/event"><System><Provider Name="Microsoft-Windows-AppXDeployment-Server" Guid="{3f471139-acb7-4a01-b7a7-ff5da4ba2d43}"></Provider>
<EventID Qualifiers="">633</EventID>
<Version>0</Version>
<Level>4</Level>
<Task>3</Task>
<Opcode>0</Opcode>
<Keywords>0x4000000000000001</Keywords>
<TimeCreated SystemTime="2020-10-23 09:21:34.491571"></TimeCreated>
<EventRecordID>152</EventRecordID>
<Correlation ActivityID="{c5ffa37c-a91d-0000-d7af-ffc51da9d601}" RelatedActivityID=""></Correlation>
<Execution ProcessID="1496" ThreadID="1152"></Execution>
<Channel>Microsoft-Windows-AppXDeploymentServer/Operational</Channel>
<Computer>WIN-PTFPHFCRDJ0</Computer>
<Security UserID="S-1-5-18"></Security>
</System>
<EventData><Data Name="PackageFullName">Windows.CBSPreview_10.0.17763.1_neutral_neutral_cw5n1h2txyewy</Data>
<Data Name="IsInstalled">False</Data>
</EventData>
</Event>

<Event xmlns="http://schemas.microsoft.com/win/2004/08/events/event"><System><Provider Name="Microsoft-Windows-AppXDeployment-Server" Guid="{3f471139-acb7-4a01-b7a7-ff5da4ba2d43}"></Provider>
<EventID Qualifiers="">607</EventID>
<Version>0</Version>
<Level>4</Level>
<Task>0</Task>
<Opcode>0</Opcode>
<Keywords>0x4000000000000001</Keywords>
<TimeCreated SystemTime="2020-10-23 09:21:34.492073"></TimeCreated>
<EventRecordID>153</EventRecordID>
<Correlation ActivityID="{c5ffa37c-a91d-0000-d7af-ffc51da9d601}" RelatedActivityID=""></Correlation>
<Execution ProcessID="1496" ThreadID="2896"></Execution>
<Channel>Microsoft-Windows-AppXDeploymentServer/Operational</Channel>
<Computer>WIN-PTFPHFCRDJ0</Computer>
<Security UserID="S-1-5-18"></Security>
</System>
<EventData><Data Name="DeploymentOperation">12</Data>
<Data Name="PackageFullName">Windows.CBSPreview_10.0.17763.1_neutral_neutral_cw5n1h2txyewy</Data>
<Data Name="UserSid">S-1-5-18</Data>
<Data Name="CallingProcess">NULL</Data>
</EventData>
</Event>

<Event xmlns="http://schemas.microsoft.com/win/2004/08/events/event"><System><Provider Name="Microsoft-Windows-AppXDeployment-Server" Guid="{3f471139-acb7-4a01-b7a7-ff5da4ba2d43}"></Provider>
<EventID Qualifiers="">854</EventID>
<Version>0</Version>
<Level>4</Level>
<Task>3</Task>
<Opcode>0</Opcode>
<Keywords>0x4000000000000001</Keywords>
<TimeCreated SystemTime="2020-10-23 09:21:34.511320"></TimeCreated>
<EventRecordID>154</EventRecordID>
<Correlation ActivityID="{c5ffa37c-a91d-0000-d7af-ffc51da9d601}" RelatedActivityID=""></Correlation>
<Execution ProcessID="1496" ThreadID="2896"></Execution>
<Channel>Microsoft-Windows-AppXDeploymentServer/Operational</Channel>
<Computer>WIN-PTFPHFCRDJ0</Computer>
<Security UserID="S-1-5-18"></Security>
</System>
<EventData><Data Name="Path"> C:\Windows\SystemApps\Windows.CBSPreview_cw5n1h2txyewy\appxmanifest.xml</Data>
</EventData>
</Event>

<Event xmlns="http://schemas.microsoft.com/win/2004/08/events/event"><System><Provider Name="Microsoft-Windows-AppXDeployment-Server" Guid="{3f471139-acb7-4a01-b7a7-ff5da4ba2d43}"></Provider>
<EventID Qualifiers="">400</EventID>
<Version>0</Version>
<Level>4</Level>
<Task>3</Task>
<Opcode>2</Opcode>
<Keywords>0x4000000000000001</Keywords>
<TimeCreated SystemTime="2020-10-23 09:21:34.552986"></TimeCreated>
<EventRecordID>155</EventRecordID>
<Correlation ActivityID="{c5ffa37c-a91d-0000-d7af-ffc51da9d601}" RelatedActivityID=""></Correlation>
<Execution ProcessID="1496" ThreadID="2896"></Execution>
<Channel>Microsoft-Windows-AppXDeploymentServer/Operational</Channel>
<Computer>WIN-PTFPHFCRDJ0</Computer>
<Security UserID="S-1-5-18"></Security>
</System>
<EventData><Data Name="DeploymentOperation">12</Data>
<Data Name="PackageFullName">Windows.CBSPreview_10.0.17763.1_neutral_neutral_cw5n1h2txyewy</Data>
<Data Name="Path"> </Data>
<Data Name="MountPoint">C:</Data>
<Data Name="TargetPlatform">0x00000000</Data>
<Data Name="SystemVolume">True</Data>
<Data Name="StorageId">\\?\Volume{962e1b8c-bf58-4dfe-adc8-abd1a164675b}</Data>
<Data Name="IsCentennial">False</Data>
<Data Name="PackageType">0x00000001</Data>
<Data Name="IsPackageEncrypted">False</Data>
<Data Name="DeploymentOptions">0x0000000030000020</Data>
<Data Name="IsStreamingPackage">False</Data>
<Data Name="IsInRelatedSet">False</Data>
<Data Name="IsPackageUsingBDC">False</Data>
<Data Name="MainPackageFamilyName">NULL</Data>
<Data Name="CallingProcess"></Data>
</EventData>
</Event>

<Event xmlns="http://schemas.microsoft.com/win/2004/08/events/event"><System><Provider Name="Microsoft-Windows-AppXDeployment-Server" Guid="{3f471139-acb7-4a01-b7a7-ff5da4ba2d43}"></Provider>
<EventID Qualifiers="">649</EventID>
<Version>0</Version>
<Level>4</Level>
<Task>3</Task>
<Opcode>0</Opcode>
<Keywords>0x4000000000000001</Keywords>
<TimeCreated SystemTime="2020-10-23 09:21:34.553638"></TimeCreated>
<EventRecordID>156</EventRecordID>
<Correlation ActivityID="{c5ffa37c-a91d-0000-d7af-ffc51da9d601}" RelatedActivityID=""></Correlation>
<Execution ProcessID="1496" ThreadID="2896"></Execution>
<Channel>Microsoft-Windows-AppXDeploymentServer/Operational</Channel>
<Computer>WIN-PTFPHFCRDJ0</Computer>
<Security UserID="S-1-5-18"></Security>
</System>
<EventData><Data Name="DeploymentOperation">12</Data>
<Data Name="PackageFullName">Windows.CBSPreview_10.0.17763.1_neutral_neutral_cw5n1h2txyewy</Data>
<Data Name="Summary">PostDeploymentOperationCheck cost: 0 ms</Data>
</EventData>
</Event>

<Event xmlns="http://schemas.microsoft.com/win/2004/08/events/event"><System><Provider Name="Microsoft-Windows-AppXDeployment-Server" Guid="{3f471139-acb7-4a01-b7a7-ff5da4ba2d43}"></Provider>
<EventID Qualifiers="">649</EventID>
<Version>0</Version>
<Level>4</Level>
<Task>3</Task>
<Opcode>0</Opcode>
<Keywords>0x4000000000000001</Keywords>
<TimeCreated SystemTime="2020-10-23 09:21:34.566916"></TimeCreated>
<EventRecordID>157</EventRecordID>
<Correlation ActivityID="{c5ffa37c-a91d-0000-d7af-ffc51da9d601}" RelatedActivityID=""></Correlation>
<Execution ProcessID="1496" ThreadID="2896"></Execution>
<Channel>Microsoft-Windows-AppXDeploymentServer/Operational</Channel>
<Computer>WIN-PTFPHFCRDJ0</Computer>
<Security UserID="S-1-5-18"></Security>
</System>
<EventData><Data Name="DeploymentOperation">12</Data>
<Data Name="PackageFullName">Windows.CBSPreview_10.0.17763.1_neutral_neutral_cw5n1h2txyewy</Data>
<Data Name="Summary">State repository CommitTransaction cost: 16 ms</Data>
</EventData>
</Event>

<Event xmlns="http://schemas.microsoft.com/win/2004/08/events/event"><System><Provider Name="Microsoft-Windows-AppXDeployment-Server" Guid="{3f471139-acb7-4a01-b7a7-ff5da4ba2d43}"></Provider>
<EventID Qualifiers="">633</EventID>
<Version>0</Version>
<Level>4</Level>
<Task>3</Task>
<Opcode>0</Opcode>
<Keywords>0x4000000000000001</Keywords>
<TimeCreated SystemTime="2020-10-23 09:21:34.592373"></TimeCreated>
<EventRecordID>158</EventRecordID>
<Correlation ActivityID="{c5ffa37c-a91d-0000-d7af-ffc51da9d601}" RelatedActivityID=""></Correlation>
<Execution ProcessID="1496" ThreadID="1152"></Execution>
<Channel>Microsoft-Windows-AppXDeploymentServer/Operational</Channel>
<Computer>WIN-PTFPHFCRDJ0</Computer>
<Security UserID="S-1-5-18"></Security>
</System>
<EventData><Data Name="PackageFullName">windows.immersivecontrolpanel_10.0.2.1000_neutral_neutral_cw5n1h2txyewy</Data>
<Data Name="IsInstalled">False</Data>
</EventData>
</Event>

<Event xmlns="http://schemas.microsoft.com/win/2004/08/events/event"><System><Provider Name="Microsoft-Windows-AppXDeployment-Server" Guid="{3f471139-acb7-4a01-b7a7-ff5da4ba2d43}"></Provider>
<EventID Qualifiers="">607</EventID>
<Version>0</Version>
<Level>4</Level>
<Task>0</Task>
<Opcode>0</Opcode>
<Keywords>0x4000000000000001</Keywords>
<TimeCreated SystemTime="2020-10-23 09:21:34.592850"></TimeCreated>
<EventRecordID>159</EventRecordID>
<Correlation ActivityID="{c5ffa37c-a91d-0000-d7af-ffc51da9d601}" RelatedActivityID=""></Correlation>
<Execution ProcessID="1496" ThreadID="2896"></Execution>
<Channel>Microsoft-Windows-AppXDeploymentServer/Operational</Channel>
<Computer>WIN-PTFPHFCRDJ0</Computer>
<Security UserID="S-1-5-18"></Security>
</System>
<EventData><Data Name="DeploymentOperation">12</Data>
<Data Name="PackageFullName">windows.immersivecontrolpanel_10.0.2.1000_neutral_neutral_cw5n1h2txyewy</Data>
<Data Name="UserSid">S-1-5-18</Data>
<Data Name="CallingProcess">NULL</Data>
</EventData>
</Event>

<Event xmlns="http://schemas.microsoft.com/win/2004/08/events/event"><System><Provider Name="Microsoft-Windows-AppXDeployment-Server" Guid="{3f471139-acb7-4a01-b7a7-ff5da4ba2d43}"></Provider>
<EventID Qualifiers="">854</EventID>
<Version>0</Version>
<Level>4</Level>
<Task>3</Task>
<Opcode>0</Opcode>
<Keywords>0x4000000000000001</Keywords>
<TimeCreated SystemTime="2020-10-23 09:21:34.611502"></TimeCreated>
<EventRecordID>160</EventRecordID>
<Correlation ActivityID="{c5ffa37c-a91d-0000-d7af-ffc51da9d601}" RelatedActivityID=""></Correlation>
<Execution ProcessID="1496" ThreadID="2896"></Execution>
<Channel>Microsoft-Windows-AppXDeploymentServer/Operational</Channel>
<Computer>WIN-PTFPHFCRDJ0</Computer>
<Security UserID="S-1-5-18"></Security>
</System>
<EventData><Data Name="Path"> C:\Windows\ImmersiveControlPanel\appxmanifest.xml</Data>
</EventData>
</Event>

<Event xmlns="http://schemas.microsoft.com/win/2004/08/events/event"><System><Provider Name="Microsoft-Windows-AppXDeployment-Server" Guid="{3f471139-acb7-4a01-b7a7-ff5da4ba2d43}"></Provider>
<EventID Qualifiers="">400</EventID>
<Version>0</Version>
<Level>4</Level>
<Task>3</Task>
<Opcode>2</Opcode>
<Keywords>0x4000000000000001</Keywords>
<TimeCreated SystemTime="2020-10-23 09:21:34.648722"></TimeCreated>
<EventRecordID>161</EventRecordID>
<Correlation ActivityID="{c5ffa37c-a91d-0000-d7af-ffc51da9d601}" RelatedActivityID=""></Correlation>
<Execution ProcessID="1496" ThreadID="2896"></Execution>
<Channel>Microsoft-Windows-AppXDeploymentServer/Operational</Channel>
<Computer>WIN-PTFPHFCRDJ0</Computer>
<Security UserID="S-1-5-18"></Security>
</System>
<EventData><Data Name="DeploymentOperation">12</Data>
<Data Name="PackageFullName">windows.immersivecontrolpanel_10.0.2.1000_neutral_neutral_cw5n1h2txyewy</Data>
<Data Name="Path"> </Data>
<Data Name="MountPoint">C:</Data>
<Data Name="TargetPlatform">0x00000000</Data>
<Data Name="SystemVolume">True</Data>
<Data Name="StorageId">\\?\Volume{962e1b8c-bf58-4dfe-adc8-abd1a164675b}</Data>
<Data Name="IsCentennial">False</Data>
<Data Name="PackageType">0x00000001</Data>
<Data Name="IsPackageEncrypted">False</Data>
<Data Name="DeploymentOptions">0x0000000030000020</Data>
<Data Name="IsStreamingPackage">False</Data>
<Data Name="IsInRelatedSet">False</Data>
<Data Name="IsPackageUsingBDC">False</Data>
<Data Name="MainPackageFamilyName">NULL</Data>
<Data Name="CallingProcess"></Data>
</EventData>
</Event>

<Event xmlns="http://schemas.microsoft.com/win/2004/08/events/event"><System><Provider Name="Microsoft-Windows-AppXDeployment-Server" Guid="{3f471139-acb7-4a01-b7a7-ff5da4ba2d43}"></Provider>
<EventID Qualifiers="">649</EventID>
<Version>0</Version>
<Level>4</Level>
<Task>3</Task>
<Opcode>0</Opcode>
<Keywords>0x4000000000000001</Keywords>
<TimeCreated SystemTime="2020-10-23 09:21:34.649328"></TimeCreated>
<EventRecordID>162</EventRecordID>
<Correlation ActivityID="{c5ffa37c-a91d-0000-d7af-ffc51da9d601}" RelatedActivityID=""></Correlation>
<Execution ProcessID="1496" ThreadID="2896"></Execution>
<Channel>Microsoft-Windows-AppXDeploymentServer/Operational</Channel>
<Computer>WIN-PTFPHFCRDJ0</Computer>
<Security UserID="S-1-5-18"></Security>
</System>
<EventData><Data Name="DeploymentOperation">12</Data>
<Data Name="PackageFullName">windows.immersivecontrolpanel_10.0.2.1000_neutral_neutral_cw5n1h2txyewy</Data>
<Data Name="Summary">PostDeploymentOperationCheck cost: 0 ms</Data>
</EventData>
</Event>

<Event xmlns="http://schemas.microsoft.com/win/2004/08/events/event"><System><Provider Name="Microsoft-Windows-AppXDeployment-Server" Guid="{3f471139-acb7-4a01-b7a7-ff5da4ba2d43}"></Provider>
<EventID Qualifiers="">649</EventID>
<Version>0</Version>
<Level>4</Level>
<Task>3</Task>
<Opcode>0</Opcode>
<Keywords>0x4000000000000001</Keywords>
<TimeCreated SystemTime="2020-10-23 09:21:34.662361"></TimeCreated>
<EventRecordID>163</EventRecordID>
<Correlation ActivityID="{c5ffa37c-a91d-0000-d7af-ffc51da9d601}" RelatedActivityID=""></Correlation>
<Execution ProcessID="1496" ThreadID="2896"></Execution>
<Channel>Microsoft-Windows-AppXDeploymentServer/Operational</Channel>
<Computer>WIN-PTFPHFCRDJ0</Computer>
<Security UserID="S-1-5-18"></Security>
</System>
<EventData><Data Name="DeploymentOperation">12</Data>
<Data Name="PackageFullName">windows.immersivecontrolpanel_10.0.2.1000_neutral_neutral_cw5n1h2txyewy</Data>
<Data Name="Summary">State repository CommitTransaction cost: 15 ms</Data>
</EventData>
</Event>

<Event xmlns="http://schemas.microsoft.com/win/2004/08/events/event"><System><Provider Name="Microsoft-Windows-AppXDeployment-Server" Guid="{3f471139-acb7-4a01-b7a7-ff5da4ba2d43}"></Provider>
<EventID Qualifiers="">633</EventID>
<Version>0</Version>
<Level>4</Level>
<Task>3</Task>
<Opcode>0</Opcode>
<Keywords>0x4000000000000001</Keywords>
<TimeCreated SystemTime="2020-10-23 09:21:34.687500"></TimeCreated>
<EventRecordID>164</EventRecordID>
<Correlation ActivityID="{c5ffa37c-a91d-0000-d7af-ffc51da9d601}" RelatedActivityID=""></Correlation>
<Execution ProcessID="1496" ThreadID="1152"></Execution>
<Channel>Microsoft-Windows-AppXDeploymentServer/Operational</Channel>
<Computer>WIN-PTFPHFCRDJ0</Computer>
<Security UserID="S-1-5-18"></Security>
</System>
<EventData><Data Name="PackageFullName">Windows.PrintDialog_6.2.1.0_neutral_neutral_cw5n1h2txyewy</Data>
<Data Name="IsInstalled">False</Data>
</EventData>
</Event>

<Event xmlns="http://schemas.microsoft.com/win/2004/08/events/event"><System><Provider Name="Microsoft-Windows-AppXDeployment-Server" Guid="{3f471139-acb7-4a01-b7a7-ff5da4ba2d43}"></Provider>
<EventID Qualifiers="">607</EventID>
<Version>0</Version>
<Level>4</Level>
<Task>0</Task>
<Opcode>0</Opcode>
<Keywords>0x4000000000000001</Keywords>
<TimeCreated SystemTime="2020-10-23 09:21:34.688032"></TimeCreated>
<EventRecordID>165</EventRecordID>
<Correlation ActivityID="{c5ffa37c-a91d-0000-d7af-ffc51da9d601}" RelatedActivityID=""></Correlation>
<Execution ProcessID="1496" ThreadID="2896"></Execution>
<Channel>Microsoft-Windows-AppXDeploymentServer/Operational</Channel>
<Computer>WIN-PTFPHFCRDJ0</Computer>
<Security UserID="S-1-5-18"></Security>
</System>
<EventData><Data Name="DeploymentOperation">12</Data>
<Data Name="PackageFullName">Windows.PrintDialog_6.2.1.0_neutral_neutral_cw5n1h2txyewy</Data>
<Data Name="UserSid">S-1-5-18</Data>
<Data Name="CallingProcess">NULL</Data>
</EventData>
</Event>

<Event xmlns="http://schemas.microsoft.com/win/2004/08/events/event"><System><Provider Name="Microsoft-Windows-AppXDeployment-Server" Guid="{3f471139-acb7-4a01-b7a7-ff5da4ba2d43}"></Provider>
<EventID Qualifiers="">854</EventID>
<Version>0</Version>
<Level>4</Level>
<Task>3</Task>
<Opcode>0</Opcode>
<Keywords>0x4000000000000001</Keywords>
<TimeCreated SystemTime="2020-10-23 09:21:34.706324"></TimeCreated>
<EventRecordID>166</EventRecordID>
<Correlation ActivityID="{c5ffa37c-a91d-0000-d7af-ffc51da9d601}" RelatedActivityID=""></Correlation>
<Execution ProcessID="1496" ThreadID="2896"></Execution>
<Channel>Microsoft-Windows-AppXDeploymentServer/Operational</Channel>
<Computer>WIN-PTFPHFCRDJ0</Computer>
<Security UserID="S-1-5-18"></Security>
</System>
<EventData><Data Name="Path"> C:\Windows\PrintDialog\appxmanifest.xml</Data>
</EventData>
</Event>

<Event xmlns="http://schemas.microsoft.com/win/2004/08/events/event"><System><Provider Name="Microsoft-Windows-AppXDeployment-Server" Guid="{3f471139-acb7-4a01-b7a7-ff5da4ba2d43}"></Provider>
<EventID Qualifiers="">400</EventID>
<Version>0</Version>
<Level>4</Level>
<Task>3</Task>
<Opcode>2</Opcode>
<Keywords>0x4000000000000001</Keywords>
<TimeCreated SystemTime="2020-10-23 09:21:34.744663"></TimeCreated>
<EventRecordID>167</EventRecordID>
<Correlation ActivityID="{c5ffa37c-a91d-0000-d7af-ffc51da9d601}" RelatedActivityID=""></Correlation>
<Execution ProcessID="1496" ThreadID="2896"></Execution>
<Channel>Microsoft-Windows-AppXDeploymentServer/Operational</Channel>
<Computer>WIN-PTFPHFCRDJ0</Computer>
<Security UserID="S-1-5-18"></Security>
</System>
<EventData><Data Name="DeploymentOperation">12</Data>
<Data Name="PackageFullName">Windows.PrintDialog_6.2.1.0_neutral_neutral_cw5n1h2txyewy</Data>
<Data Name="Path"> </Data>
<Data Name="MountPoint">C:</Data>
<Data Name="TargetPlatform">0x00000000</Data>
<Data Name="SystemVolume">True</Data>
<Data Name="StorageId">\\?\Volume{962e1b8c-bf58-4dfe-adc8-abd1a164675b}</Data>
<Data Name="IsCentennial">False</Data>
<Data Name="PackageType">0x00000001</Data>
<Data Name="IsPackageEncrypted">False</Data>
<Data Name="DeploymentOptions">0x0000000030000020</Data>
<Data Name="IsStreamingPackage">False</Data>
<Data Name="IsInRelatedSet">False</Data>
<Data Name="IsPackageUsingBDC">False</Data>
<Data Name="MainPackageFamilyName">NULL</Data>
<Data Name="CallingProcess"></Data>
</EventData>
</Event>

<Event xmlns="http://schemas.microsoft.com/win/2004/08/events/event"><System><Provider Name="Microsoft-Windows-AppXDeployment-Server" Guid="{3f471139-acb7-4a01-b7a7-ff5da4ba2d43}"></Provider>
<EventID Qualifiers="">649</EventID>
<Version>0</Version>
<Level>4</Level>
<Task>3</Task>
<Opcode>0</Opcode>
<Keywords>0x4000000000000001</Keywords>
<TimeCreated SystemTime="2020-10-23 09:21:34.745285"></TimeCreated>
<EventRecordID>168</EventRecordID>
<Correlation ActivityID="{c5ffa37c-a91d-0000-d7af-ffc51da9d601}" RelatedActivityID=""></Correlation>
<Execution ProcessID="1496" ThreadID="2896"></Execution>
<Channel>Microsoft-Windows-AppXDeploymentServer/Operational</Channel>
<Computer>WIN-PTFPHFCRDJ0</Computer>
<Security UserID="S-1-5-18"></Security>
</System>
<EventData><Data Name="DeploymentOperation">12</Data>
<Data Name="PackageFullName">Windows.PrintDialog_6.2.1.0_neutral_neutral_cw5n1h2txyewy</Data>
<Data Name="Summary">PostDeploymentOperationCheck cost: 0 ms</Data>
</EventData>
</Event>

<Event xmlns="http://schemas.microsoft.com/win/2004/08/events/event"><System><Provider Name="Microsoft-Windows-AppXDeployment-Server" Guid="{3f471139-acb7-4a01-b7a7-ff5da4ba2d43}"></Provider>
<EventID Qualifiers="">649</EventID>
<Version>0</Version>
<Level>4</Level>
<Task>3</Task>
<Opcode>0</Opcode>
<Keywords>0x4000000000000001</Keywords>
<TimeCreated SystemTime="2020-10-23 09:21:34.758034"></TimeCreated>
<EventRecordID>169</EventRecordID>
<Correlation ActivityID="{c5ffa37c-a91d-0000-d7af-ffc51da9d601}" RelatedActivityID=""></Correlation>
<Execution ProcessID="1496" ThreadID="2896"></Execution>
<Channel>Microsoft-Windows-AppXDeploymentServer/Operational</Channel>
<Computer>WIN-PTFPHFCRDJ0</Computer>
<Security UserID="S-1-5-18"></Security>
</System>
<EventData><Data Name="DeploymentOperation">12</Data>
<Data Name="PackageFullName">Windows.PrintDialog_6.2.1.0_neutral_neutral_cw5n1h2txyewy</Data>
<Data Name="Summary">State repository CommitTransaction cost: 0 ms</Data>
</EventData>
</Event>

<Event xmlns="http://schemas.microsoft.com/win/2004/08/events/event"><System><Provider Name="Microsoft-Windows-AppXDeployment-Server" Guid="{3f471139-acb7-4a01-b7a7-ff5da4ba2d43}"></Provider>
<EventID Qualifiers="">636</EventID>
<Version>0</Version>
<Level>4</Level>
<Task>3</Task>
<Opcode>0</Opcode>
<Keywords>0x4000000000000001</Keywords>
<TimeCreated SystemTime="2020-10-23 09:21:34.762306"></TimeCreated>
<EventRecordID>170</EventRecordID>
<Correlation ActivityID="{c5ffa37c-a91d-0000-d7af-ffc51da9d601}" RelatedActivityID=""></Correlation>
<Execution ProcessID="1496" ThreadID="1152"></Execution>
<Channel>Microsoft-Windows-AppXDeploymentServer/Operational</Channel>
<Computer>WIN-PTFPHFCRDJ0</Computer>
<Security UserID="S-1-5-18"></Security>
</System>
<EventData><Data Name="HResult">0x00000000</Data>
</EventData>
</Event>

<Event xmlns="http://schemas.microsoft.com/win/2004/08/events/event"><System><Provider Name="Microsoft-Windows-AppXDeployment-Server" Guid="{3f471139-acb7-4a01-b7a7-ff5da4ba2d43}"></Provider>
<EventID Qualifiers="">818</EventID>
<Version>0</Version>
<Level>5</Level>
<Task>6</Task>
<Opcode>0</Opcode>
<Keywords>0x4000000000000001</Keywords>
<TimeCreated SystemTime="2020-10-23 09:21:34.762918"></TimeCreated>
<EventRecordID>171</EventRecordID>
<Correlation ActivityID="{c5ffa37c-a91d-0000-4fb4-ffc51da9d601}" RelatedActivityID=""></Correlation>
<Execution ProcessID="1136" ThreadID="1140"></Execution>
<Channel>Microsoft-Windows-AppXDeploymentServer/Operational</Channel>
<Computer>WIN-PTFPHFCRDJ0</Computer>
<Security UserID="S-1-5-18"></Security>
</System>
<EventData><Data Name="UserSid">Null</Data>
</EventData>
</Event>

<Event xmlns="http://schemas.microsoft.com/win/2004/08/events/event"><System><Provider Name="Microsoft-Windows-AppXDeployment-Server" Guid="{3f471139-acb7-4a01-b7a7-ff5da4ba2d43}"></Provider>
<EventID Qualifiers="">819</EventID>
<Version>0</Version>
<Level>5</Level>
<Task>6</Task>
<Opcode>0</Opcode>
<Keywords>0x4000000000000001</Keywords>
<TimeCreated SystemTime="2020-10-23 09:21:34.762957"></TimeCreated>
<EventRecordID>172</EventRecordID>
<Correlation ActivityID="{c5ffa37c-a91d-0000-4fb4-ffc51da9d601}" RelatedActivityID=""></Correlation>
<Execution ProcessID="1136" ThreadID="1140"></Execution>
<Channel>Microsoft-Windows-AppXDeploymentServer/Operational</Channel>
<Computer>WIN-PTFPHFCRDJ0</Computer>
<Security UserID="S-1-5-18"></Security>
</System>
<EventData><Data Name="InstallPackageList"></Data>
<Data Name="EndOfLifePackageList"></Data>
</EventData>
</Event>

<Event xmlns="http://schemas.microsoft.com/win/2004/08/events/event"><System><Provider Name="Microsoft-Windows-AppXDeployment-Server" Guid="{3f471139-acb7-4a01-b7a7-ff5da4ba2d43}"></Provider>
<EventID Qualifiers="">818</EventID>
<Version>0</Version>
<Level>5</Level>
<Task>6</Task>
<Opcode>0</Opcode>
<Keywords>0x4000000000000001</Keywords>
<TimeCreated SystemTime="2020-10-22 20:52:08.362883"></TimeCreated>
<EventRecordID>173</EventRecordID>
<Correlation ActivityID="{f2d9b0db-a91d-0000-9cb7-d9f21da9d601}" RelatedActivityID=""></Correlation>
<Execution ProcessID="1444" ThreadID="1652"></Execution>
<Channel>Microsoft-Windows-AppXDeploymentServer/Operational</Channel>
<Computer>WIN-PTFPHFCRDJ0</Computer>
<Security UserID="S-1-5-18"></Security>
</System>
<EventData><Data Name="UserSid">Null</Data>
</EventData>
</Event>

<Event xmlns="http://schemas.microsoft.com/win/2004/08/events/event"><System><Provider Name="Microsoft-Windows-AppXDeployment-Server" Guid="{3f471139-acb7-4a01-b7a7-ff5da4ba2d43}"></Provider>
<EventID Qualifiers="">819</EventID>
<Version>0</Version>
<Level>5</Level>
<Task>6</Task>
<Opcode>0</Opcode>
<Keywords>0x4000000000000001</Keywords>
<TimeCreated SystemTime="2020-10-22 20:52:08.366980"></TimeCreated>
<EventRecordID>174</EventRecordID>
<Correlation ActivityID="{f2d9b0db-a91d-0000-9cb7-d9f21da9d601}" RelatedActivityID=""></Correlation>
<Execution ProcessID="1444" ThreadID="1652"></Execution>
<Channel>Microsoft-Windows-AppXDeploymentServer/Operational</Channel>
<Computer>WIN-PTFPHFCRDJ0</Computer>
<Security UserID="S-1-5-18"></Security>
</System>
<EventData><Data Name="InstallPackageList"></Data>
<Data Name="EndOfLifePackageList"></Data>
</EventData>
</Event>

<Event xmlns="http://schemas.microsoft.com/win/2004/08/events/event"><System><Provider Name="Microsoft-Windows-AppXDeployment-Server" Guid="{3f471139-acb7-4a01-b7a7-ff5da4ba2d43}"></Provider>
<EventID Qualifiers="">818</EventID>
<Version>0</Version>
<Level>5</Level>
<Task>6</Task>
<Opcode>0</Opcode>
<Keywords>0x4000000000000001</Keywords>
<TimeCreated SystemTime="2020-10-22 20:52:27.709549"></TimeCreated>
<EventRecordID>175</EventRecordID>
<Correlation ActivityID="{f2d9b0db-a91d-0000-17c7-d9f21da9d601}" RelatedActivityID=""></Correlation>
<Execution ProcessID="1444" ThreadID="1584"></Execution>
<Channel>Microsoft-Windows-AppXDeploymentServer/Operational</Channel>
<Computer>WIN-PTFPHFCRDJ0</Computer>
<Security UserID="S-1-5-18"></Security>
</System>
<EventData><Data Name="UserSid">S-1-5-21-1152959844-3645458174-3779170896-1000</Data>
</EventData>
</Event>

<Event xmlns="http://schemas.microsoft.com/win/2004/08/events/event"><System><Provider Name="Microsoft-Windows-AppXDeployment-Server" Guid="{3f471139-acb7-4a01-b7a7-ff5da4ba2d43}"></Provider>
<EventID Qualifiers="">819</EventID>
<Version>0</Version>
<Level>5</Level>
<Task>6</Task>
<Opcode>0</Opcode>
<Keywords>0x4000000000000001</Keywords>
<TimeCreated SystemTime="2020-10-22 20:52:27.713078"></TimeCreated>
<EventRecordID>176</EventRecordID>
<Correlation ActivityID="{f2d9b0db-a91d-0000-17c7-d9f21da9d601}" RelatedActivityID=""></Correlation>
<Execution ProcessID="1444" ThreadID="1584"></Execution>
<Channel>Microsoft-Windows-AppXDeploymentServer/Operational</Channel>
<Computer>WIN-PTFPHFCRDJ0</Computer>
<Security UserID="S-1-5-18"></Security>
</System>
<EventData><Data Name="InstallPackageList">Microsoft.Windows.ShellExperienceHost_10.0.17763.1_neutral_neutral_cw5n1h2txyewy windows.immersivecontrolpanel_10.0.2.1000_neutral_neutral_cw5n1h2txyewy Microsoft.Windows.Cortana_10.0.17763.1_neutral_neutral_cw5n1h2txyewy 1527c705-839a-4832-9118-54d4Bd6a0c89_10.0.17763.1_neutral_neutral_cw5n1h2txyewy c5e2524a-ea46-4f67-841f-6a9465d9d515_10.0.17763.1_neutral_neutral_cw5n1h2txyewy E2A4F912-2574-4A75-9BB0-0D023378592B_10.0.17763.1_neutral_neutral_cw5n1h2txyewy F46D4000-FD22-4DB4-AC8E-4E1DDDE828FE_10.0.17763.1_neutral_neutral_cw5n1h2txyewy InputApp_10.0.17763.1_neutral_neutral_cw5n1h2txyewy Microsoft.AAD.BrokerPlugin_10.0.17763.1_neutral_neutral_cw5n1h2txyewy Microsoft.AccountsControl_10.0.17763.1_neutral_neutral_cw5n1h2txyewy Microsoft.AsyncTextService_10.0.17763.1_neutral_neutral_8wekyb3d8bbwe Microsoft.BioEnrollment_10.0.17763.1_neutral_neutral_cw5n1h2txyewy Microsoft.CredDialogHost_10.0.17763.1_neutral_neutral_cw5n1h2txyewy Microsoft.ECApp_10.0.17763.1_neutral_neutral_8wekyb3d8bbwe Microsoft.LockApp_10.0.17763.1_neutral_neutral_cw5n1h2txyewy Microsoft.Win32WebViewHost_10.0.17763.1_neutral_neutral_cw5n1h2txyewy Microsoft.Windows.AppRep.ChxApp_10.0.17763.1_neutral_neutral_cw5n1h2txyewy Microsoft.Windows.CapturePicker_10.0.17763.1_neutral_neutral_cw5n1h2txyewy Microsoft.Windows.CloudExperienceHost_10.0.17763.1_neutral_neutral_cw5n1h2txyewy Microsoft.Windows.NarratorQuickStart_10.0.17763.1_neutral_neutral_8wekyb3d8bbwe Microsoft.Windows.OOBENetworkCaptivePortal_10.0.17763.1_neutral_neutral_cw5n1h2txyewy Microsoft.Windows.OOBENetworkConnectionFlow_10.0.17763.1_neutral_neutral_cw5n1h2txyewy Microsoft.Windows.PeopleExperienceHost_10.0.17763.1_neutral_neutral_cw5n1h2txyewy Microsoft.Windows.PinningConfirmationDialog_10.0.17763.1_neutral_neutral_cw5n1h2txyewy Microsoft.Windows.SecHealthUI_10.0.17763.1_neutral__cw5n1h2txyewy Microsoft.Windows.XGpuEjectDialog_10.0.17763.1_neutral_neutral_cw5n1h2txyewy Windows.CBSPreview_10.0.17763.1_neutral_neutral_cw5n1h2txyewy Windows.PrintDialog_6.2.1.0_neutral_neutral_cw5n1h2txyewy </Data>
<Data Name="EndOfLifePackageList">NULL</Data>
</EventData>
</Event>

<Event xmlns="http://schemas.microsoft.com/win/2004/08/events/event"><System><Provider Name="Microsoft-Windows-AppXDeployment-Server" Guid="{3f471139-acb7-4a01-b7a7-ff5da4ba2d43}"></Provider>
<EventID Qualifiers="">603</EventID>
<Version>0</Version>
<Level>4</Level>
<Task>3</Task>
<Opcode>0</Opcode>
<Keywords>0x4000000000000001</Keywords>
<TimeCreated SystemTime="2020-10-22 20:52:28.356398"></TimeCreated>
<EventRecordID>177</EventRecordID>
<Correlation ActivityID="{f2d9b0db-a91d-0000-d0c7-d9f21da9d601}" RelatedActivityID=""></Correlation>
<Execution ProcessID="1476" ThreadID="1548"></Execution>
<Channel>Microsoft-Windows-AppXDeploymentServer/Operational</Channel>
<Computer>WIN-PTFPHFCRDJ0</Computer>
<Security UserID="S-1-5-21-1152959844-3645458174-3779170896-1000"></Security>
</System>
<EventData><Data Name="DeploymentOperation">6</Data>
<Data Name="Path">AppxManifest.xml</Data>
<Data Name="Flags">2449474112</Data>
<Data Name="FlagsHigh">0</Data>
<Data Name="CallingProcess">svchost.exe,AppReadiness</Data>
</EventData>
</Event>

<Event xmlns="http://schemas.microsoft.com/win/2004/08/events/event"><System><Provider Name="Microsoft-Windows-AppXDeployment-Server" Guid="{3f471139-acb7-4a01-b7a7-ff5da4ba2d43}"></Provider>
<EventID Qualifiers="">603</EventID>
<Version>0</Version>
<Level>4</Level>
<Task>3</Task>
<Opcode>0</Opcode>
<Keywords>0x4000000000000001</Keywords>
<TimeCreated SystemTime="2020-10-22 20:52:28.401642"></TimeCreated>
<EventRecordID>178</EventRecordID>
<Correlation ActivityID="{f2d9b0db-a91d-0000-d3c7-d9f21da9d601}" RelatedActivityID=""></Correlation>
<Execution ProcessID="1476" ThreadID="1556"></Execution>
<Channel>Microsoft-Windows-AppXDeploymentServer/Operational</Channel>
<Computer>WIN-PTFPHFCRDJ0</Computer>
<Security UserID="S-1-5-21-1152959844-3645458174-3779170896-1000"></Security>
</System>
<EventData><Data Name="DeploymentOperation">6</Data>
<Data Name="Path">AppxManifest.xml</Data>
<Data Name="Flags">2449474112</Data>
<Data Name="FlagsHigh">0</Data>
<Data Name="CallingProcess">svchost.exe,AppReadiness</Data>
</EventData>
</Event>

<Event xmlns="http://schemas.microsoft.com/win/2004/08/events/event"><System><Provider Name="Microsoft-Windows-AppXDeployment-Server" Guid="{3f471139-acb7-4a01-b7a7-ff5da4ba2d43}"></Provider>
<EventID Qualifiers="">10002</EventID>
<Version>0</Version>
<Level>5</Level>
<Task>3</Task>
<Opcode>0</Opcode>
<Keywords>0x4000000000000001</Keywords>
<TimeCreated SystemTime="2020-10-22 20:52:28.555243"></TimeCreated>
<EventRecordID>179</EventRecordID>
<Correlation ActivityID="{f2d9b0db-a91d-0000-d0c7-d9f21da9d601}" RelatedActivityID=""></Correlation>
<Execution ProcessID="1476" ThreadID="3980"></Execution>
<Channel>Microsoft-Windows-AppXDeploymentServer/Operational</Channel>
<Computer>WIN-PTFPHFCRDJ0</Computer>
<Security UserID="S-1-5-18"></Security>
</System>
<EventData><Data Name="DeploymentOperation">6</Data>
<Data Name="MainPackageMoniker">Microsoft.AAD.BrokerPlugin_1000.17763.1.0_neutral_neutral_cw5n1h2txyewy</Data>
<Data Name="ResiliencyFilePath">C:\ProgramData\Microsoft\Windows\AppRepository\14c950e0-4f62-4553-8380-04806fb0f348_S-1-5-21-1152959844-3645458174-3779170896-1000_1.rslc</Data>
</EventData>
</Event>

<Event xmlns="http://schemas.microsoft.com/win/2004/08/events/event"><System><Provider Name="Microsoft-Windows-AppXDeployment-Server" Guid="{3f471139-acb7-4a01-b7a7-ff5da4ba2d43}"></Provider>
<EventID Qualifiers="">607</EventID>
<Version>0</Version>
<Level>4</Level>
<Task>0</Task>
<Opcode>0</Opcode>
<Keywords>0x4000000000000001</Keywords>
<TimeCreated SystemTime="2020-10-22 20:52:28.555723"></TimeCreated>
<EventRecordID>180</EventRecordID>
<Correlation ActivityID="{f2d9b0db-a91d-0000-d0c7-d9f21da9d601}" RelatedActivityID=""></Correlation>
<Execution ProcessID="1476" ThreadID="3980"></Execution>
<Channel>Microsoft-Windows-AppXDeploymentServer/Operational</Channel>
<Computer>WIN-PTFPHFCRDJ0</Computer>
<Security UserID="S-1-5-21-1152959844-3645458174-3779170896-1000"></Security>
</System>
<EventData><Data Name="DeploymentOperation">6</Data>
<Data Name="PackageFullName">Microsoft.AAD.BrokerPlugin_1000.17763.1.0_neutral_neutral_cw5n1h2txyewy</Data>
<Data Name="UserSid">S-1-5-21-1152959844-3645458174-3779170896-1000</Data>
<Data Name="CallingProcess">svchost.exe,AppReadiness</Data>
</EventData>
</Event>

<Event xmlns="http://schemas.microsoft.com/win/2004/08/events/event"><System><Provider Name="Microsoft-Windows-AppXDeployment-Server" Guid="{3f471139-acb7-4a01-b7a7-ff5da4ba2d43}"></Provider>
<EventID Qualifiers="">854</EventID>
<Version>0</Version>
<Level>4</Level>
<Task>3</Task>
<Opcode>0</Opcode>
<Keywords>0x4000000000000001</Keywords>
<TimeCreated SystemTime="2020-10-22 20:52:28.557211"></TimeCreated>
<EventRecordID>181</EventRecordID>
<Correlation ActivityID="{f2d9b0db-a91d-0000-d0c7-d9f21da9d601}" RelatedActivityID=""></Correlation>
<Execution ProcessID="1476" ThreadID="3980"></Execution>
<Channel>Microsoft-Windows-AppXDeploymentServer/Operational</Channel>
<Computer>WIN-PTFPHFCRDJ0</Computer>
<Security UserID="S-1-5-21-1152959844-3645458174-3779170896-1000"></Security>
</System>
<EventData><Data Name="Path"> C:\Windows\SystemApps\Microsoft.AAD.BrokerPlugin_cw5n1h2txyewy\AppxManifest.xml</Data>
</EventData>
</Event>

<Event xmlns="http://schemas.microsoft.com/win/2004/08/events/event"><System><Provider Name="Microsoft-Windows-AppXDeployment-Server" Guid="{3f471139-acb7-4a01-b7a7-ff5da4ba2d43}"></Provider>
<EventID Qualifiers="">855</EventID>
<Version>0</Version>
<Level>4</Level>
<Task>4</Task>
<Opcode>0</Opcode>
<Keywords>0x4000000000000001</Keywords>
<TimeCreated SystemTime="2020-10-22 20:52:28.568504"></TimeCreated>
<EventRecordID>182</EventRecordID>
<Correlation ActivityID="{f2d9b0db-a91d-0000-d0c7-d9f21da9d601}" RelatedActivityID=""></Correlation>
<Execution ProcessID="1476" ThreadID="3980"></Execution>
<Channel>Microsoft-Windows-AppXDeploymentServer/Operational</Channel>
<Computer>WIN-PTFPHFCRDJ0</Computer>
<Security UserID="S-1-5-21-1152959844-3645458174-3779170896-1000"></Security>
</System>
<EventData><Data Name="PackageMoniker"> addPackageList: Microsoft.AAD.BrokerPlugin_1000.17763.1.0_neutral_neutral_cw5n1h2txyewy</Data>
</EventData>
</Event>

