<Event xmlns="http://schemas.microsoft.com/win/2004/08/events/event"><System><Provider Name="Microsoft-Windows-StorDiag" Guid="{f5d05b38-80a6-4653-825d-c414e4ab3c68}"></Provider>
<EventID Qualifiers="">504</EventID>
<Version>1</Version>
<Level>2</Level>
<Task>200</Task>
<Opcode>101</Opcode>
<Keywords>0x0800000040000000</Keywords>
<TimeCreated SystemTime="2020-10-27 02:39:05.357286"></TimeCreated>
<EventRecordID>181</EventRecordID>
<Correlation ActivityID="" RelatedActivityID=""></Correlation>
<Execution ProcessID="1336" ThreadID="4380"></Execution>
<Channel>Microsoft-Windows-Storage-ClassPnP/Operational</Channel>
<Computer>WIN-PTFPHFCRDJ0</Computer>
<Security UserID="S-1-5-18"></Security>
</System>
<EventData><Data Name="DeviceGUID">{7b6f1752-bd95-6e22-e3a5-6ee8419ecad7}</Data>
<Data Name="DeviceNumber">0</Data>
<Data Name="Vendor">NULL</Data>
<Data Name="Model">VMware Virtual NVMe Disk</Data>
<Data Name="FirmwareVersion">1.0</Data>
<Data Name="SerialNumber">VMWare NVME_0000</Data>
<Data Name="IrpStatus">0xc0000185</Data>
<Data Name="IoctlControlCode">0x00074080</Data>
</EventData>
</Event>

<Event xmlns="http://schemas.microsoft.com/win/2004/08/events/event"><System><Provider Name="Microsoft-Windows-StorDiag" Guid="{f5d05b38-80a6-4653-825d-c414e4ab3c68}"></Provider>
<EventID Qualifiers="">504</EventID>
<Version>1</Version>
<Level>2</Level>
<Task>200</Task>
<Opcode>101</Opcode>
<Keywords>0x0800000040000000</Keywords>
<TimeCreated SystemTime="2020-10-27 02:39:05.357985"></TimeCreated>
<EventRecordID>182</EventRecordID>
<Correlation ActivityID="" RelatedActivityID=""></Correlation>
<Execution ProcessID="1336" ThreadID="4380"></Execution>
<Channel>Microsoft-Windows-Storage-ClassPnP/Operational</Channel>
<Computer>WIN-PTFPHFCRDJ0</Computer>
<Security UserID="S-1-5-18"></Security>
</System>
<EventData><Data Name="DeviceGUID">{7b6f1752-bd95-6e22-e3a5-6ee8419ecad7}</Data>
<Data Name="DeviceNumber">0</Data>
<Data Name="Vendor">NULL</Data>
<Data Name="Model">VMware Virtual NVMe Disk</Data>
<Data Name="FirmwareVersion">1.0</Data>
<Data Name="SerialNumber">VMWare NVME_0000</Data>
<Data Name="IrpStatus">0xc0000185</Data>
<Data Name="IoctlControlCode">0x00074080</Data>
</EventData>
</Event>

<Event xmlns="http://schemas.microsoft.com/win/2004/08/events/event"><System><Provider Name="Microsoft-Windows-StorDiag" Guid="{f5d05b38-80a6-4653-825d-c414e4ab3c68}"></Provider>
<EventID Qualifiers="">504</EventID>
<Version>1</Version>
<Level>2</Level>
<Task>200</Task>
<Opcode>101</Opcode>
<Keywords>0x0800000040000000</Keywords>
<TimeCreated SystemTime="2020-10-27 02:39:05.358854"></TimeCreated>
<EventRecordID>183</EventRecordID>
<Correlation ActivityID="" RelatedActivityID=""></Correlation>
<Execution ProcessID="1336" ThreadID="4380"></Execution>
<Channel>Microsoft-Windows-Storage-ClassPnP/Operational</Channel>
<Computer>WIN-PTFPHFCRDJ0</Computer>
<Security UserID="S-1-5-18"></Security>
</System>
<EventData><Data Name="DeviceGUID">{7b6f1752-bd95-6e22-e3a5-6ee8419ecad7}</Data>
<Data Name="DeviceNumber">0</Data>
<Data Name="Vendor">NULL</Data>
<Data Name="Model">VMware Virtual NVMe Disk</Data>
<Data Name="FirmwareVersion">1.0</Data>
<Data Name="SerialNumber">VMWare NVME_0000</Data>
<Data Name="IrpStatus">0xc0000185</Data>
<Data Name="IoctlControlCode">0x00074080</Data>
</EventData>
</Event>

<Event xmlns="http://schemas.microsoft.com/win/2004/08/events/event"><System><Provider Name="Microsoft-Windows-StorDiag" Guid="{f5d05b38-80a6-4653-825d-c414e4ab3c68}"></Provider>
<EventID Qualifiers="">504</EventID>
<Version>1</Version>
<Level>2</Level>
<Task>200</Task>
<Opcode>101</Opcode>
<Keywords>0x0800000040000000</Keywords>
<TimeCreated SystemTime="2020-10-27 02:39:05.359516"></TimeCreated>
<EventRecordID>184</EventRecordID>
<Correlation ActivityID="" RelatedActivityID=""></Correlation>
<Execution ProcessID="1336" ThreadID="4380"></Execution>
<Channel>Microsoft-Windows-Storage-ClassPnP/Operational</Channel>
<Computer>WIN-PTFPHFCRDJ0</Computer>
<Security UserID="S-1-5-18"></Security>
</System>
<EventData><Data Name="DeviceGUID">{7b6f1752-bd95-6e22-e3a5-6ee8419ecad7}</Data>
<Data Name="DeviceNumber">0</Data>
<Data Name="Vendor">NULL</Data>
<Data Name="Model">VMware Virtual NVMe Disk</Data>
<Data Name="FirmwareVersion">1.0</Data>
<Data Name="SerialNumber">VMWare NVME_0000</Data>
<Data Name="IrpStatus">0xc0000185</Data>
<Data Name="IoctlControlCode">0x00074080</Data>
</EventData>
</Event>

</Events>
