<Event xmlns="http://schemas.microsoft.com/win/2004/08/events/event"><System><Provider Name="Microsoft-Windows-AppXDeployment" Guid="{8127f6d4-59f9-4abf-8952-3e3a02073d5f}"></Provider>
<EventID Qualifiers="">325</EventID>
<Version>0</Version>
<Level>4</Level>
<Task>0</Task>
<Opcode>0</Opcode>
<Keywords>0x4000000000010000</Keywords>
<TimeCreated SystemTime="2020-10-22 22:15:06.739452"></TimeCreated>
<EventRecordID>51</EventRecordID>
<Correlation ActivityID="{eae887f7-a8b5-0000-0383-e9eab5a8d601}" RelatedActivityID=""></Correlation>
<Execution ProcessID="3316" ThreadID="612"></Execution>
<Channel>Microsoft-Windows-AppXDeployment/Operational</Channel>
<Computer>WIN-PTFPHFCRDJ0</Computer>
<Security UserID="S-1-5-21-1152959844-3645458174-3779170896-1000"></Security>
</System>
<EventData><Data Name="PackageFamilyName">Microsoft.Windows.Cortana_cw5n1h2txyewy</Data>
</EventData>
</Event>

<Event xmlns="http://schemas.microsoft.com/win/2004/08/events/event"><System><Provider Name="Microsoft-Windows-AppXDeployment" Guid="{8127f6d4-59f9-4abf-8952-3e3a02073d5f}"></Provider>
<EventID Qualifiers="">325</EventID>
<Version>0</Version>
<Level>4</Level>
<Task>0</Task>
<Opcode>0</Opcode>
<Keywords>0x4000000000010000</Keywords>
<TimeCreated SystemTime="2020-10-22 22:15:15.429068"></TimeCreated>
<EventRecordID>52</EventRecordID>
<Correlation ActivityID="{eae887f7-a8b5-0000-ec85-e9eab5a8d601}" RelatedActivityID=""></Correlation>
<Execution ProcessID="3316" ThreadID="612"></Execution>
<Channel>Microsoft-Windows-AppXDeployment/Operational</Channel>
<Computer>WIN-PTFPHFCRDJ0</Computer>
<Security UserID="S-1-5-21-1152959844-3645458174-3779170896-1000"></Security>
</System>
<EventData><Data Name="PackageFamilyName">Microsoft.Windows.Cortana_cw5n1h2txyewy</Data>
</EventData>
</Event>

<Event xmlns="http://schemas.microsoft.com/win/2004/08/events/event"><System><Provider Name="Microsoft-Windows-AppXDeployment" Guid="{8127f6d4-59f9-4abf-8952-3e3a02073d5f}"></Provider>
<EventID Qualifiers="">325</EventID>
<Version>0</Version>
<Level>4</Level>
<Task>0</Task>
<Opcode>0</Opcode>
<Keywords>0x4000000000010000</Keywords>
<TimeCreated SystemTime="2020-10-22 22:15:15.433018"></TimeCreated>
<EventRecordID>53</EventRecordID>
<Correlation ActivityID="{eae887f7-a8b5-0000-f085-e9eab5a8d601}" RelatedActivityID=""></Correlation>
<Execution ProcessID="3316" ThreadID="612"></Execution>
<Channel>Microsoft-Windows-AppXDeployment/Operational</Channel>
<Computer>WIN-PTFPHFCRDJ0</Computer>
<Security UserID="S-1-5-21-1152959844-3645458174-3779170896-1000"></Security>
</System>
<EventData><Data Name="PackageFamilyName">Microsoft.Windows.Cortana_cw5n1h2txyewy</Data>
</EventData>
</Event>

<Event xmlns="http://schemas.microsoft.com/win/2004/08/events/event"><System><Provider Name="Microsoft-Windows-AppXDeployment" Guid="{8127f6d4-59f9-4abf-8952-3e3a02073d5f}"></Provider>
<EventID Qualifiers="">325</EventID>
<Version>0</Version>
<Level>4</Level>
<Task>0</Task>
<Opcode>0</Opcode>
<Keywords>0x4000000000010000</Keywords>
<TimeCreated SystemTime="2020-10-22 22:30:56.848738"></TimeCreated>
<EventRecordID>54</EventRecordID>
<Correlation ActivityID="{eae887f7-a8b5-0000-2c98-e9eab5a8d601}" RelatedActivityID=""></Correlation>
<Execution ProcessID="3316" ThreadID="4668"></Execution>
<Channel>Microsoft-Windows-AppXDeployment/Operational</Channel>
<Computer>WIN-PTFPHFCRDJ0</Computer>
<Security UserID="S-1-5-21-1152959844-3645458174-3779170896-1000"></Security>
</System>
<EventData><Data Name="PackageFamilyName">Microsoft.Windows.Cortana_cw5n1h2txyewy</Data>
</EventData>
</Event>

<Event xmlns="http://schemas.microsoft.com/win/2004/08/events/event"><System><Provider Name="Microsoft-Windows-AppXDeployment" Guid="{8127f6d4-59f9-4abf-8952-3e3a02073d5f}"></Provider>
<EventID Qualifiers="">325</EventID>
<Version>0</Version>
<Level>4</Level>
<Task>0</Task>
<Opcode>0</Opcode>
<Keywords>0x4000000000010000</Keywords>
<TimeCreated SystemTime="2020-10-22 22:30:56.960146"></TimeCreated>
<EventRecordID>55</EventRecordID>
<Correlation ActivityID="{eae887f7-a8b5-0000-3d98-e9eab5a8d601}" RelatedActivityID=""></Correlation>
<Execution ProcessID="3316" ThreadID="172"></Execution>
<Channel>Microsoft-Windows-AppXDeployment/Operational</Channel>
<Computer>WIN-PTFPHFCRDJ0</Computer>
<Security UserID="S-1-5-21-1152959844-3645458174-3779170896-1000"></Security>
</System>
<EventData><Data Name="PackageFamilyName">Microsoft.Windows.Cortana_cw5n1h2txyewy</Data>
</EventData>
</Event>

<Event xmlns="http://schemas.microsoft.com/win/2004/08/events/event"><System><Provider Name="Microsoft-Windows-AppXDeployment" Guid="{8127f6d4-59f9-4abf-8952-3e3a02073d5f}"></Provider>
<EventID Qualifiers="">325</EventID>
<Version>0</Version>
<Level>4</Level>
<Task>0</Task>
<Opcode>0</Opcode>
<Keywords>0x4000000000010000</Keywords>
<TimeCreated SystemTime="2020-10-22 22:33:57.045208"></TimeCreated>
<EventRecordID>56</EventRecordID>
<Correlation ActivityID="{eae887f7-a8b5-0000-b4a0-e9eab5a8d601}" RelatedActivityID=""></Correlation>
<Execution ProcessID="3316" ThreadID="3092"></Execution>
<Channel>Microsoft-Windows-AppXDeployment/Operational</Channel>
<Computer>WIN-PTFPHFCRDJ0</Computer>
<Security UserID="S-1-5-21-1152959844-3645458174-3779170896-1000"></Security>
</System>
<EventData><Data Name="PackageFamilyName">Microsoft.Windows.Cortana_cw5n1h2txyewy</Data>
</EventData>
</Event>

<Event xmlns="http://schemas.microsoft.com/win/2004/08/events/event"><System><Provider Name="Microsoft-Windows-AppXDeployment" Guid="{8127f6d4-59f9-4abf-8952-3e3a02073d5f}"></Provider>
<EventID Qualifiers="">325</EventID>
<Version>0</Version>
<Level>4</Level>
<Task>0</Task>
<Opcode>0</Opcode>
<Keywords>0x4000000000010000</Keywords>
<TimeCreated SystemTime="2020-10-22 22:33:57.057884"></TimeCreated>
<EventRecordID>57</EventRecordID>
<Correlation ActivityID="{eae887f7-a8b5-0000-bba0-e9eab5a8d601}" RelatedActivityID=""></Correlation>
<Execution ProcessID="3316" ThreadID="3092"></Execution>
<Channel>Microsoft-Windows-AppXDeployment/Operational</Channel>
<Computer>WIN-PTFPHFCRDJ0</Computer>
<Security UserID="S-1-5-21-1152959844-3645458174-3779170896-1000"></Security>
</System>
<EventData><Data Name="PackageFamilyName">Microsoft.Windows.Cortana_cw5n1h2txyewy</Data>
</EventData>
</Event>

<Event xmlns="http://schemas.microsoft.com/win/2004/08/events/event"><System><Provider Name="Microsoft-Windows-AppXDeployment" Guid="{8127f6d4-59f9-4abf-8952-3e3a02073d5f}"></Provider>
<EventID Qualifiers="">325</EventID>
<Version>0</Version>
<Level>4</Level>
<Task>0</Task>
<Opcode>0</Opcode>
<Keywords>0x4000000000010000</Keywords>
<TimeCreated SystemTime="2020-10-22 22:38:59.091648"></TimeCreated>
<EventRecordID>58</EventRecordID>
<Correlation ActivityID="{eae887f7-a8b5-0000-53ac-e9eab5a8d601}" RelatedActivityID=""></Correlation>
<Execution ProcessID="3316" ThreadID="3732"></Execution>
<Channel>Microsoft-Windows-AppXDeployment/Operational</Channel>
<Computer>WIN-PTFPHFCRDJ0</Computer>
<Security UserID="S-1-5-21-1152959844-3645458174-3779170896-1000"></Security>
</System>
<EventData><Data Name="PackageFamilyName">Microsoft.Windows.Cortana_cw5n1h2txyewy</Data>
</EventData>
</Event>

<Event xmlns="http://schemas.microsoft.com/win/2004/08/events/event"><System><Provider Name="Microsoft-Windows-AppXDeployment" Guid="{8127f6d4-59f9-4abf-8952-3e3a02073d5f}"></Provider>
<EventID Qualifiers="">325</EventID>
<Version>0</Version>
<Level>4</Level>
<Task>0</Task>
<Opcode>0</Opcode>
<Keywords>0x4000000000010000</Keywords>
<TimeCreated SystemTime="2020-10-22 22:38:59.098181"></TimeCreated>
<EventRecordID>59</EventRecordID>
<Correlation ActivityID="{eae887f7-a8b5-0000-5cac-e9eab5a8d601}" RelatedActivityID=""></Correlation>
<Execution ProcessID="3316" ThreadID="3732"></Execution>
<Channel>Microsoft-Windows-AppXDeployment/Operational</Channel>
<Computer>WIN-PTFPHFCRDJ0</Computer>
<Security UserID="S-1-5-21-1152959844-3645458174-3779170896-1000"></Security>
</System>
<EventData><Data Name="PackageFamilyName">Microsoft.Windows.Cortana_cw5n1h2txyewy</Data>
</EventData>
</Event>

<Event xmlns="http://schemas.microsoft.com/win/2004/08/events/event"><System><Provider Name="Microsoft-Windows-AppXDeployment" Guid="{8127f6d4-59f9-4abf-8952-3e3a02073d5f}"></Provider>
<EventID Qualifiers="">325</EventID>
<Version>0</Version>
<Level>4</Level>
<Task>0</Task>
<Opcode>0</Opcode>
<Keywords>0x4000000000010000</Keywords>
<TimeCreated SystemTime="2020-10-22 22:39:30.946777"></TimeCreated>
<EventRecordID>60</EventRecordID>
<Correlation ActivityID="{eae887f7-a8b5-0000-c0ae-e9eab5a8d601}" RelatedActivityID=""></Correlation>
<Execution ProcessID="3316" ThreadID="4736"></Execution>
<Channel>Microsoft-Windows-AppXDeployment/Operational</Channel>
<Computer>WIN-PTFPHFCRDJ0</Computer>
<Security UserID="S-1-5-21-1152959844-3645458174-3779170896-1000"></Security>
</System>
<EventData><Data Name="PackageFamilyName">Microsoft.Windows.Cortana_cw5n1h2txyewy</Data>
</EventData>
</Event>

<Event xmlns="http://schemas.microsoft.com/win/2004/08/events/event"><System><Provider Name="Microsoft-Windows-AppXDeployment" Guid="{8127f6d4-59f9-4abf-8952-3e3a02073d5f}"></Provider>
<EventID Qualifiers="">325</EventID>
<Version>0</Version>
<Level>4</Level>
<Task>0</Task>
<Opcode>0</Opcode>
<Keywords>0x4000000000010000</Keywords>
<TimeCreated SystemTime="2020-10-22 22:39:30.952139"></TimeCreated>
<EventRecordID>61</EventRecordID>
<Correlation ActivityID="{eae887f7-a8b5-0000-c4ae-e9eab5a8d601}" RelatedActivityID=""></Correlation>
<Execution ProcessID="3316" ThreadID="3732"></Execution>
<Channel>Microsoft-Windows-AppXDeployment/Operational</Channel>
<Computer>WIN-PTFPHFCRDJ0</Computer>
<Security UserID="S-1-5-21-1152959844-3645458174-3779170896-1000"></Security>
</System>
<EventData><Data Name="PackageFamilyName">Microsoft.Windows.Cortana_cw5n1h2txyewy</Data>
</EventData>
</Event>

<Event xmlns="http://schemas.microsoft.com/win/2004/08/events/event"><System><Provider Name="Microsoft-Windows-AppXDeployment" Guid="{8127f6d4-59f9-4abf-8952-3e3a02073d5f}"></Provider>
<EventID Qualifiers="">325</EventID>
<Version>0</Version>
<Level>4</Level>
<Task>0</Task>
<Opcode>0</Opcode>
<Keywords>0x4000000000010000</Keywords>
<TimeCreated SystemTime="2020-10-22 22:52:19.076040"></TimeCreated>
<EventRecordID>62</EventRecordID>
<Correlation ActivityID="{eae887f7-a8b5-0000-d4b8-e9eab5a8d601}" RelatedActivityID=""></Correlation>
<Execution ProcessID="3316" ThreadID="3860"></Execution>
<Channel>Microsoft-Windows-AppXDeployment/Operational</Channel>
<Computer>WIN-PTFPHFCRDJ0</Computer>
<Security UserID="S-1-5-21-1152959844-3645458174-3779170896-1000"></Security>
</System>
<EventData><Data Name="PackageFamilyName">Microsoft.Windows.Cortana_cw5n1h2txyewy</Data>
</EventData>
</Event>

<Event xmlns="http://schemas.microsoft.com/win/2004/08/events/event"><System><Provider Name="Microsoft-Windows-AppXDeployment" Guid="{8127f6d4-59f9-4abf-8952-3e3a02073d5f}"></Provider>
<EventID Qualifiers="">325</EventID>
<Version>0</Version>
<Level>4</Level>
<Task>0</Task>
<Opcode>0</Opcode>
<Keywords>0x4000000000010000</Keywords>
<TimeCreated SystemTime="2020-10-22 22:52:19.078552"></TimeCreated>
<EventRecordID>63</EventRecordID>
<Correlation ActivityID="{eae887f7-a8b5-0000-d8b8-e9eab5a8d601}" RelatedActivityID=""></Correlation>
<Execution ProcessID="3316" ThreadID="3860"></Execution>
<Channel>Microsoft-Windows-AppXDeployment/Operational</Channel>
<Computer>WIN-PTFPHFCRDJ0</Computer>
<Security UserID="S-1-5-21-1152959844-3645458174-3779170896-1000"></Security>
</System>
<EventData><Data Name="PackageFamilyName">Microsoft.Windows.Cortana_cw5n1h2txyewy</Data>
</EventData>
</Event>

<Event xmlns="http://schemas.microsoft.com/win/2004/08/events/event"><System><Provider Name="Microsoft-Windows-AppXDeployment" Guid="{8127f6d4-59f9-4abf-8952-3e3a02073d5f}"></Provider>
<EventID Qualifiers="">325</EventID>
<Version>0</Version>
<Level>4</Level>
<Task>0</Task>
<Opcode>0</Opcode>
<Keywords>0x4000000000010000</Keywords>
<TimeCreated SystemTime="2020-10-22 23:27:48.988619"></TimeCreated>
<EventRecordID>64</EventRecordID>
<Correlation ActivityID="{eae887f7-a8b5-0000-03c0-e9eab5a8d601}" RelatedActivityID=""></Correlation>
<Execution ProcessID="3340" ThreadID="3416"></Execution>
<Channel>Microsoft-Windows-AppXDeployment/Operational</Channel>
<Computer>WIN-PTFPHFCRDJ0</Computer>
<Security UserID="S-1-5-21-1152959844-3645458174-3779170896-1000"></Security>
</System>
<EventData><Data Name="PackageFamilyName">windows.immersivecontrolpanel_cw5n1h2txyewy</Data>
</EventData>
</Event>

<Event xmlns="http://schemas.microsoft.com/win/2004/08/events/event"><System><Provider Name="Microsoft-Windows-AppXDeployment" Guid="{8127f6d4-59f9-4abf-8952-3e3a02073d5f}"></Provider>
<EventID Qualifiers="">326</EventID>
<Version>0</Version>
<Level>5</Level>
<Task>0</Task>
<Opcode>0</Opcode>
<Keywords>0x4000000000010000</Keywords>
<TimeCreated SystemTime="2020-10-23 14:00:00.354208"></TimeCreated>
<EventRecordID>65</EventRecordID>
<Correlation ActivityID="{61a55000-55e5-1017-0000-000000000000}" RelatedActivityID=""></Correlation>
<Execution ProcessID="940" ThreadID="696"></Execution>
<Channel>Microsoft-Windows-AppXDeployment/Operational</Channel>
<Computer>WIN-PTFPHFCRDJ0</Computer>
<Security UserID="S-1-5-18"></Security>
</System>
<EventData><Data Name="UserSid">S-1-5-21-1152959844-3645458174-3779170896-1000</Data>
<Data Name="IsSpecialUserProfile">False</Data>
</EventData>
</Event>

<Event xmlns="http://schemas.microsoft.com/win/2004/08/events/event"><System><Provider Name="Microsoft-Windows-AppXDeployment" Guid="{8127f6d4-59f9-4abf-8952-3e3a02073d5f}"></Provider>
<EventID Qualifiers="">327</EventID>
<Version>0</Version>
<Level>5</Level>
<Task>0</Task>
<Opcode>0</Opcode>
<Keywords>0x4000000000010000</Keywords>
<TimeCreated SystemTime="2020-10-23 14:00:01.760090"></TimeCreated>
<EventRecordID>66</EventRecordID>
<Correlation ActivityID="{61a55000-55e5-1017-0000-000000000000}" RelatedActivityID=""></Correlation>
<Execution ProcessID="940" ThreadID="696"></Execution>
<Channel>Microsoft-Windows-AppXDeployment/Operational</Channel>
<Computer>WIN-PTFPHFCRDJ0</Computer>
<Security UserID="S-1-5-18"></Security>
</System>
<EventData><Data Name="InstallPackageList">NULL</Data>
<Data Name="RemovePackageList">NULL</Data>
</EventData>
</Event>

<Event xmlns="http://schemas.microsoft.com/win/2004/08/events/event"><System><Provider Name="Microsoft-Windows-AppXDeployment" Guid="{8127f6d4-59f9-4abf-8952-3e3a02073d5f}"></Provider>
<EventID Qualifiers="">325</EventID>
<Version>0</Version>
<Level>4</Level>
<Task>0</Task>
<Opcode>0</Opcode>
<Keywords>0x4000000000010000</Keywords>
<TimeCreated SystemTime="2020-10-23 14:00:40.860695"></TimeCreated>
<EventRecordID>67</EventRecordID>
<Correlation ActivityID="{dc304448-a943-0000-a654-30dc43a9d601}" RelatedActivityID=""></Correlation>
<Execution ProcessID="956" ThreadID="1444"></Execution>
<Channel>Microsoft-Windows-AppXDeployment/Operational</Channel>
<Computer>WIN-PTFPHFCRDJ0</Computer>
<Security UserID="S-1-5-21-1152959844-3645458174-3779170896-1000"></Security>
</System>
<EventData><Data Name="PackageFamilyName">Microsoft.Windows.Cortana_cw5n1h2txyewy</Data>
</EventData>
</Event>

<Event xmlns="http://schemas.microsoft.com/win/2004/08/events/event"><System><Provider Name="Microsoft-Windows-AppXDeployment" Guid="{8127f6d4-59f9-4abf-8952-3e3a02073d5f}"></Provider>
<EventID Qualifiers="">325</EventID>
<Version>0</Version>
<Level>4</Level>
<Task>0</Task>
<Opcode>0</Opcode>
<Keywords>0x4000000000010000</Keywords>
<TimeCreated SystemTime="2020-10-23 14:00:40.908302"></TimeCreated>
<EventRecordID>68</EventRecordID>
<Correlation ActivityID="{dc304448-a943-0000-b154-30dc43a9d601}" RelatedActivityID=""></Correlation>
<Execution ProcessID="956" ThreadID="1944"></Execution>
<Channel>Microsoft-Windows-AppXDeployment/Operational</Channel>
<Computer>WIN-PTFPHFCRDJ0</Computer>
<Security UserID="S-1-5-21-1152959844-3645458174-3779170896-1000"></Security>
</System>
<EventData><Data Name="PackageFamilyName">Microsoft.Windows.Cortana_cw5n1h2txyewy</Data>
</EventData>
</Event>

<Event xmlns="http://schemas.microsoft.com/win/2004/08/events/event"><System><Provider Name="Microsoft-Windows-AppXDeployment" Guid="{8127f6d4-59f9-4abf-8952-3e3a02073d5f}"></Provider>
<EventID Qualifiers="">325</EventID>
<Version>0</Version>
<Level>4</Level>
<Task>0</Task>
<Opcode>0</Opcode>
<Keywords>0x4000000000010000</Keywords>
<TimeCreated SystemTime="2020-10-23 14:00:46.388809"></TimeCreated>
<EventRecordID>69</EventRecordID>
<Correlation ActivityID="{dc304448-a943-0000-cd55-30dc43a9d601}" RelatedActivityID=""></Correlation>
<Execution ProcessID="956" ThreadID="1944"></Execution>
<Channel>Microsoft-Windows-AppXDeployment/Operational</Channel>
<Computer>WIN-PTFPHFCRDJ0</Computer>
<Security UserID="S-1-5-21-1152959844-3645458174-3779170896-1000"></Security>
</System>
<EventData><Data Name="PackageFamilyName">Microsoft.Windows.Cortana_cw5n1h2txyewy</Data>
</EventData>
</Event>

<Event xmlns="http://schemas.microsoft.com/win/2004/08/events/event"><System><Provider Name="Microsoft-Windows-AppXDeployment" Guid="{8127f6d4-59f9-4abf-8952-3e3a02073d5f}"></Provider>
<EventID Qualifiers="">325</EventID>
<Version>0</Version>
<Level>4</Level>
<Task>0</Task>
<Opcode>0</Opcode>
<Keywords>0x4000000000010000</Keywords>
<TimeCreated SystemTime="2020-10-23 14:00:46.409952"></TimeCreated>
<EventRecordID>70</EventRecordID>
<Correlation ActivityID="{dc304448-a943-0000-1156-30dc43a9d601}" RelatedActivityID=""></Correlation>
<Execution ProcessID="956" ThreadID="1944"></Execution>
<Channel>Microsoft-Windows-AppXDeployment/Operational</Channel>
<Computer>WIN-PTFPHFCRDJ0</Computer>
<Security UserID="S-1-5-21-1152959844-3645458174-3779170896-1000"></Security>
</System>
<EventData><Data Name="PackageFamilyName">Microsoft.Windows.Cortana_cw5n1h2txyewy</Data>
</EventData>
</Event>

<Event xmlns="http://schemas.microsoft.com/win/2004/08/events/event"><System><Provider Name="Microsoft-Windows-AppXDeployment" Guid="{8127f6d4-59f9-4abf-8952-3e3a02073d5f}"></Provider>
<EventID Qualifiers="">325</EventID>
<Version>0</Version>
<Level>4</Level>
<Task>0</Task>
<Opcode>0</Opcode>
<Keywords>0x4000000000010000</Keywords>
<TimeCreated SystemTime="2020-10-23 14:03:28.660557"></TimeCreated>
<EventRecordID>71</EventRecordID>
<Correlation ActivityID="{dc304448-a943-0000-955a-30dc43a9d601}" RelatedActivityID=""></Correlation>
<Execution ProcessID="956" ThreadID="1944"></Execution>
<Channel>Microsoft-Windows-AppXDeployment/Operational</Channel>
<Computer>WIN-PTFPHFCRDJ0</Computer>
<Security UserID="S-1-5-21-1152959844-3645458174-3779170896-1000"></Security>
</System>
<EventData><Data Name="PackageFamilyName">Microsoft.Windows.Cortana_cw5n1h2txyewy</Data>
</EventData>
</Event>

<Event xmlns="http://schemas.microsoft.com/win/2004/08/events/event"><System><Provider Name="Microsoft-Windows-AppXDeployment" Guid="{8127f6d4-59f9-4abf-8952-3e3a02073d5f}"></Provider>
<EventID Qualifiers="">325</EventID>
<Version>0</Version>
<Level>4</Level>
<Task>0</Task>
<Opcode>0</Opcode>
<Keywords>0x4000000000010000</Keywords>
<TimeCreated SystemTime="2020-10-23 14:03:28.675272"></TimeCreated>
<EventRecordID>72</EventRecordID>
<Correlation ActivityID="{dc304448-a943-0000-995a-30dc43a9d601}" RelatedActivityID=""></Correlation>
<Execution ProcessID="956" ThreadID="1944"></Execution>
<Channel>Microsoft-Windows-AppXDeployment/Operational</Channel>
<Computer>WIN-PTFPHFCRDJ0</Computer>
<Security UserID="S-1-5-21-1152959844-3645458174-3779170896-1000"></Security>
</System>
<EventData><Data Name="PackageFamilyName">Microsoft.Windows.Cortana_cw5n1h2txyewy</Data>
</EventData>
</Event>

<Event xmlns="http://schemas.microsoft.com/win/2004/08/events/event"><System><Provider Name="Microsoft-Windows-AppXDeployment" Guid="{8127f6d4-59f9-4abf-8952-3e3a02073d5f}"></Provider>
<EventID Qualifiers="">325</EventID>
<Version>0</Version>
<Level>4</Level>
<Task>0</Task>
<Opcode>0</Opcode>
<Keywords>0x4000000000010000</Keywords>
<TimeCreated SystemTime="2020-10-23 14:13:20.527044"></TimeCreated>
<EventRecordID>73</EventRecordID>
<Correlation ActivityID="{dc304448-a943-0000-3c6c-30dc43a9d601}" RelatedActivityID=""></Correlation>
<Execution ProcessID="956" ThreadID="1288"></Execution>
<Channel>Microsoft-Windows-AppXDeployment/Operational</Channel>
<Computer>WIN-PTFPHFCRDJ0</Computer>
<Security UserID="S-1-5-21-1152959844-3645458174-3779170896-1000"></Security>
</System>
<EventData><Data Name="PackageFamilyName">Microsoft.Windows.Cortana_cw5n1h2txyewy</Data>
</EventData>
</Event>

<Event xmlns="http://schemas.microsoft.com/win/2004/08/events/event"><System><Provider Name="Microsoft-Windows-AppXDeployment" Guid="{8127f6d4-59f9-4abf-8952-3e3a02073d5f}"></Provider>
<EventID Qualifiers="">325</EventID>
<Version>0</Version>
<Level>4</Level>
<Task>0</Task>
<Opcode>0</Opcode>
<Keywords>0x4000000000010000</Keywords>
<TimeCreated SystemTime="2020-10-23 14:13:20.530865"></TimeCreated>
<EventRecordID>74</EventRecordID>
<Correlation ActivityID="{dc304448-a943-0000-406c-30dc43a9d601}" RelatedActivityID=""></Correlation>
<Execution ProcessID="956" ThreadID="900"></Execution>
<Channel>Microsoft-Windows-AppXDeployment/Operational</Channel>
<Computer>WIN-PTFPHFCRDJ0</Computer>
<Security UserID="S-1-5-21-1152959844-3645458174-3779170896-1000"></Security>
</System>
<EventData><Data Name="PackageFamilyName">Microsoft.Windows.Cortana_cw5n1h2txyewy</Data>
</EventData>
</Event>

<Event xmlns="http://schemas.microsoft.com/win/2004/08/events/event"><System><Provider Name="Microsoft-Windows-AppXDeployment" Guid="{8127f6d4-59f9-4abf-8952-3e3a02073d5f}"></Provider>
<EventID Qualifiers="">326</EventID>
<Version>0</Version>
<Level>5</Level>
<Task>0</Task>
<Opcode>0</Opcode>
<Keywords>0x4000000000010000</Keywords>
<TimeCreated SystemTime="2020-10-23 18:52:39.022478"></TimeCreated>
<EventRecordID>75</EventRecordID>
<Correlation ActivityID="{61a55000-55e5-1017-0000-000000000000}" RelatedActivityID=""></Correlation>
<Execution ProcessID="936" ThreadID="696"></Execution>
<Channel>Microsoft-Windows-AppXDeployment/Operational</Channel>
<Computer>WIN-PTFPHFCRDJ0</Computer>
<Security UserID="S-1-5-18"></Security>
</System>
<EventData><Data Name="UserSid">S-1-5-21-1152959844-3645458174-3779170896-1000</Data>
<Data Name="IsSpecialUserProfile">False</Data>
</EventData>
</Event>

<Event xmlns="http://schemas.microsoft.com/win/2004/08/events/event"><System><Provider Name="Microsoft-Windows-AppXDeployment" Guid="{8127f6d4-59f9-4abf-8952-3e3a02073d5f}"></Provider>
<EventID Qualifiers="">327</EventID>
<Version>0</Version>
<Level>5</Level>
<Task>0</Task>
<Opcode>0</Opcode>
<Keywords>0x4000000000010000</Keywords>
<TimeCreated SystemTime="2020-10-23 18:52:40.443069"></TimeCreated>
<EventRecordID>76</EventRecordID>
<Correlation ActivityID="{61a55000-55e5-1017-0000-000000000000}" RelatedActivityID=""></Correlation>
<Execution ProcessID="936" ThreadID="696"></Execution>
<Channel>Microsoft-Windows-AppXDeployment/Operational</Channel>
<Computer>WIN-PTFPHFCRDJ0</Computer>
<Security UserID="S-1-5-18"></Security>
</System>
<EventData><Data Name="InstallPackageList">NULL</Data>
<Data Name="RemovePackageList">NULL</Data>
</EventData>
</Event>

<Event xmlns="http://schemas.microsoft.com/win/2004/08/events/event"><System><Provider Name="Microsoft-Windows-AppXDeployment" Guid="{8127f6d4-59f9-4abf-8952-3e3a02073d5f}"></Provider>
<EventID Qualifiers="">325</EventID>
<Version>0</Version>
<Level>4</Level>
<Task>0</Task>
<Opcode>0</Opcode>
<Keywords>0x4000000000010000</Keywords>
<TimeCreated SystemTime="2020-10-23 18:53:17.895704"></TimeCreated>
<EventRecordID>77</EventRecordID>
<Correlation ActivityID="{136949f4-a96d-0000-9c59-69136da9d601}" RelatedActivityID=""></Correlation>
<Execution ProcessID="3112" ThreadID="3404"></Execution>
<Channel>Microsoft-Windows-AppXDeployment/Operational</Channel>
<Computer>WIN-PTFPHFCRDJ0</Computer>
<Security UserID="S-1-5-21-1152959844-3645458174-3779170896-1000"></Security>
</System>
<EventData><Data Name="PackageFamilyName">Microsoft.Windows.Cortana_cw5n1h2txyewy</Data>
</EventData>
</Event>

<Event xmlns="http://schemas.microsoft.com/win/2004/08/events/event"><System><Provider Name="Microsoft-Windows-AppXDeployment" Guid="{8127f6d4-59f9-4abf-8952-3e3a02073d5f}"></Provider>
<EventID Qualifiers="">325</EventID>
<Version>0</Version>
<Level>4</Level>
<Task>0</Task>
<Opcode>0</Opcode>
<Keywords>0x4000000000010000</Keywords>
<TimeCreated SystemTime="2020-10-23 18:53:17.954010"></TimeCreated>
<EventRecordID>78</EventRecordID>
<Correlation ActivityID="{136949f4-a96d-0000-a859-69136da9d601}" RelatedActivityID=""></Correlation>
<Execution ProcessID="3112" ThreadID="3392"></Execution>
<Channel>Microsoft-Windows-AppXDeployment/Operational</Channel>
<Computer>WIN-PTFPHFCRDJ0</Computer>
<Security UserID="S-1-5-21-1152959844-3645458174-3779170896-1000"></Security>
</System>
<EventData><Data Name="PackageFamilyName">Microsoft.Windows.Cortana_cw5n1h2txyewy</Data>
</EventData>
</Event>

<Event xmlns="http://schemas.microsoft.com/win/2004/08/events/event"><System><Provider Name="Microsoft-Windows-AppXDeployment" Guid="{8127f6d4-59f9-4abf-8952-3e3a02073d5f}"></Provider>
<EventID Qualifiers="">325</EventID>
<Version>0</Version>
<Level>4</Level>
<Task>0</Task>
<Opcode>0</Opcode>
<Keywords>0x4000000000010000</Keywords>
<TimeCreated SystemTime="2020-10-23 18:53:23.474287"></TimeCreated>
<EventRecordID>79</EventRecordID>
<Correlation ActivityID="{136949f4-a96d-0000-f85a-69136da9d601}" RelatedActivityID=""></Correlation>
<Execution ProcessID="3112" ThreadID="3392"></Execution>
<Channel>Microsoft-Windows-AppXDeployment/Operational</Channel>
<Computer>WIN-PTFPHFCRDJ0</Computer>
<Security UserID="S-1-5-21-1152959844-3645458174-3779170896-1000"></Security>
</System>
<EventData><Data Name="PackageFamilyName">Microsoft.Windows.Cortana_cw5n1h2txyewy</Data>
</EventData>
</Event>

<Event xmlns="http://schemas.microsoft.com/win/2004/08/events/event"><System><Provider Name="Microsoft-Windows-AppXDeployment" Guid="{8127f6d4-59f9-4abf-8952-3e3a02073d5f}"></Provider>
<EventID Qualifiers="">325</EventID>
<Version>0</Version>
<Level>4</Level>
<Task>0</Task>
<Opcode>0</Opcode>
<Keywords>0x4000000000010000</Keywords>
<TimeCreated SystemTime="2020-10-23 18:53:23.500412"></TimeCreated>
<EventRecordID>80</EventRecordID>
<Correlation ActivityID="{136949f4-a96d-0000-fc5a-69136da9d601}" RelatedActivityID=""></Correlation>
<Execution ProcessID="3112" ThreadID="3392"></Execution>
<Channel>Microsoft-Windows-AppXDeployment/Operational</Channel>
<Computer>WIN-PTFPHFCRDJ0</Computer>
<Security UserID="S-1-5-21-1152959844-3645458174-3779170896-1000"></Security>
</System>
<EventData><Data Name="PackageFamilyName">Microsoft.Windows.Cortana_cw5n1h2txyewy</Data>
</EventData>
</Event>

<Event xmlns="http://schemas.microsoft.com/win/2004/08/events/event"><System><Provider Name="Microsoft-Windows-AppXDeployment" Guid="{8127f6d4-59f9-4abf-8952-3e3a02073d5f}"></Provider>
<EventID Qualifiers="">325</EventID>
<Version>0</Version>
<Level>4</Level>
<Task>0</Task>
<Opcode>0</Opcode>
<Keywords>0x4000000000010000</Keywords>
<TimeCreated SystemTime="2020-10-23 18:54:47.200871"></TimeCreated>
<EventRecordID>81</EventRecordID>
<Correlation ActivityID="{136949f4-a96d-0000-315e-69136da9d601}" RelatedActivityID=""></Correlation>
<Execution ProcessID="3112" ThreadID="1940"></Execution>
<Channel>Microsoft-Windows-AppXDeployment/Operational</Channel>
<Computer>WIN-PTFPHFCRDJ0</Computer>
<Security UserID="S-1-5-21-1152959844-3645458174-3779170896-1000"></Security>
</System>
<EventData><Data Name="PackageFamilyName">Microsoft.Windows.Cortana_cw5n1h2txyewy</Data>
</EventData>
</Event>

<Event xmlns="http://schemas.microsoft.com/win/2004/08/events/event"><System><Provider Name="Microsoft-Windows-AppXDeployment" Guid="{8127f6d4-59f9-4abf-8952-3e3a02073d5f}"></Provider>
<EventID Qualifiers="">325</EventID>
<Version>0</Version>
<Level>4</Level>
<Task>0</Task>
<Opcode>0</Opcode>
<Keywords>0x4000000000010000</Keywords>
<TimeCreated SystemTime="2020-10-23 18:54:47.206450"></TimeCreated>
<EventRecordID>82</EventRecordID>
<Correlation ActivityID="{136949f4-a96d-0000-355e-69136da9d601}" RelatedActivityID=""></Correlation>
<Execution ProcessID="3112" ThreadID="3404"></Execution>
<Channel>Microsoft-Windows-AppXDeployment/Operational</Channel>
<Computer>WIN-PTFPHFCRDJ0</Computer>
<Security UserID="S-1-5-21-1152959844-3645458174-3779170896-1000"></Security>
</System>
<EventData><Data Name="PackageFamilyName">Microsoft.Windows.Cortana_cw5n1h2txyewy</Data>
</EventData>
</Event>

<Event xmlns="http://schemas.microsoft.com/win/2004/08/events/event"><System><Provider Name="Microsoft-Windows-AppXDeployment" Guid="{8127f6d4-59f9-4abf-8952-3e3a02073d5f}"></Provider>
<EventID Qualifiers="">326</EventID>
<Version>0</Version>
<Level>5</Level>
<Task>0</Task>
<Opcode>0</Opcode>
<Keywords>0x4000000000010000</Keywords>
<TimeCreated SystemTime="2020-10-24 21:55:33.084030"></TimeCreated>
<EventRecordID>83</EventRecordID>
<Correlation ActivityID="{61a55000-55e5-1017-0000-000000000000}" RelatedActivityID=""></Correlation>
<Execution ProcessID="944" ThreadID="100"></Execution>
<Channel>Microsoft-Windows-AppXDeployment/Operational</Channel>
<Computer>WIN-PTFPHFCRDJ0</Computer>
<Security UserID="S-1-5-18"></Security>
</System>
<EventData><Data Name="UserSid">S-1-5-21-1152959844-3645458174-3779170896-1000</Data>
<Data Name="IsSpecialUserProfile">False</Data>
</EventData>
</Event>

<Event xmlns="http://schemas.microsoft.com/win/2004/08/events/event"><System><Provider Name="Microsoft-Windows-AppXDeployment" Guid="{8127f6d4-59f9-4abf-8952-3e3a02073d5f}"></Provider>
<EventID Qualifiers="">327</EventID>
<Version>0</Version>
<Level>5</Level>
<Task>0</Task>
<Opcode>0</Opcode>
<Keywords>0x4000000000010000</Keywords>
<TimeCreated SystemTime="2020-10-24 21:55:35.067167"></TimeCreated>
<EventRecordID>84</EventRecordID>
<Correlation ActivityID="{61a55000-55e5-1017-0000-000000000000}" RelatedActivityID=""></Correlation>
<Execution ProcessID="944" ThreadID="100"></Execution>
<Channel>Microsoft-Windows-AppXDeployment/Operational</Channel>
<Computer>WIN-PTFPHFCRDJ0</Computer>
<Security UserID="S-1-5-18"></Security>
</System>
<EventData><Data Name="InstallPackageList">NULL</Data>
<Data Name="RemovePackageList">NULL</Data>
</EventData>
</Event>

<Event xmlns="http://schemas.microsoft.com/win/2004/08/events/event"><System><Provider Name="Microsoft-Windows-AppXDeployment" Guid="{8127f6d4-59f9-4abf-8952-3e3a02073d5f}"></Provider>
<EventID Qualifiers="">325</EventID>
<Version>0</Version>
<Level>4</Level>
<Task>0</Task>
<Opcode>0</Opcode>
<Keywords>0x4000000000010000</Keywords>
<TimeCreated SystemTime="2020-10-24 21:56:13.723534"></TimeCreated>
<EventRecordID>85</EventRecordID>
<Correlation ActivityID="{e04d3c69-aa4f-0000-704c-4de04faad601}" RelatedActivityID=""></Correlation>
<Execution ProcessID="4044" ThreadID="4300"></Execution>
<Channel>Microsoft-Windows-AppXDeployment/Operational</Channel>
<Computer>WIN-PTFPHFCRDJ0</Computer>
<Security UserID="S-1-5-21-1152959844-3645458174-3779170896-1000"></Security>
</System>
<EventData><Data Name="PackageFamilyName">Microsoft.Windows.Cortana_cw5n1h2txyewy</Data>
</EventData>
</Event>

<Event xmlns="http://schemas.microsoft.com/win/2004/08/events/event"><System><Provider Name="Microsoft-Windows-AppXDeployment" Guid="{8127f6d4-59f9-4abf-8952-3e3a02073d5f}"></Provider>
<EventID Qualifiers="">325</EventID>
<Version>0</Version>
<Level>4</Level>
<Task>0</Task>
<Opcode>0</Opcode>
<Keywords>0x4000000000010000</Keywords>
<TimeCreated SystemTime="2020-10-24 21:56:13.781790"></TimeCreated>
<EventRecordID>86</EventRecordID>
<Correlation ActivityID="{e04d3c69-aa4f-0000-7a4c-4de04faad601}" RelatedActivityID=""></Correlation>
<Execution ProcessID="4044" ThreadID="2916"></Execution>
<Channel>Microsoft-Windows-AppXDeployment/Operational</Channel>
<Computer>WIN-PTFPHFCRDJ0</Computer>
<Security UserID="S-1-5-21-1152959844-3645458174-3779170896-1000"></Security>
</System>
<EventData><Data Name="PackageFamilyName">Microsoft.Windows.Cortana_cw5n1h2txyewy</Data>
</EventData>
</Event>

<Event xmlns="http://schemas.microsoft.com/win/2004/08/events/event"><System><Provider Name="Microsoft-Windows-AppXDeployment" Guid="{8127f6d4-59f9-4abf-8952-3e3a02073d5f}"></Provider>
<EventID Qualifiers="">325</EventID>
<Version>0</Version>
<Level>4</Level>
<Task>0</Task>
<Opcode>0</Opcode>
<Keywords>0x4000000000010000</Keywords>
<TimeCreated SystemTime="2020-10-24 21:56:19.315382"></TimeCreated>
<EventRecordID>87</EventRecordID>
<Correlation ActivityID="{e04d3c69-aa4f-0000-c54d-4de04faad601}" RelatedActivityID=""></Correlation>
<Execution ProcessID="4044" ThreadID="2916"></Execution>
<Channel>Microsoft-Windows-AppXDeployment/Operational</Channel>
<Computer>WIN-PTFPHFCRDJ0</Computer>
<Security UserID="S-1-5-21-1152959844-3645458174-3779170896-1000"></Security>
</System>
<EventData><Data Name="PackageFamilyName">Microsoft.Windows.Cortana_cw5n1h2txyewy</Data>
</EventData>
</Event>

<Event xmlns="http://schemas.microsoft.com/win/2004/08/events/event"><System><Provider Name="Microsoft-Windows-AppXDeployment" Guid="{8127f6d4-59f9-4abf-8952-3e3a02073d5f}"></Provider>
<EventID Qualifiers="">325</EventID>
<Version>0</Version>
<Level>4</Level>
<Task>0</Task>
<Opcode>0</Opcode>
<Keywords>0x4000000000010000</Keywords>
<TimeCreated SystemTime="2020-10-24 21:56:19.319025"></TimeCreated>
<EventRecordID>88</EventRecordID>
<Correlation ActivityID="{e04d3c69-aa4f-0000-ca4d-4de04faad601}" RelatedActivityID=""></Correlation>
<Execution ProcessID="4044" ThreadID="2916"></Execution>
<Channel>Microsoft-Windows-AppXDeployment/Operational</Channel>
<Computer>WIN-PTFPHFCRDJ0</Computer>
<Security UserID="S-1-5-21-1152959844-3645458174-3779170896-1000"></Security>
</System>
<EventData><Data Name="PackageFamilyName">Microsoft.Windows.Cortana_cw5n1h2txyewy</Data>
</EventData>
</Event>

<Event xmlns="http://schemas.microsoft.com/win/2004/08/events/event"><System><Provider Name="Microsoft-Windows-AppXDeployment" Guid="{8127f6d4-59f9-4abf-8952-3e3a02073d5f}"></Provider>
<EventID Qualifiers="">325</EventID>
<Version>0</Version>
<Level>4</Level>
<Task>0</Task>
<Opcode>0</Opcode>
<Keywords>0x4000000000010000</Keywords>
<TimeCreated SystemTime="2020-10-24 21:56:19.362408"></TimeCreated>
<EventRecordID>89</EventRecordID>
<Correlation ActivityID="{e04d3c69-aa4f-0000-ce4d-4de04faad601}" RelatedActivityID=""></Correlation>
<Execution ProcessID="4044" ThreadID="2916"></Execution>
<Channel>Microsoft-Windows-AppXDeployment/Operational</Channel>
<Computer>WIN-PTFPHFCRDJ0</Computer>
<Security UserID="S-1-5-21-1152959844-3645458174-3779170896-1000"></Security>
</System>
<EventData><Data Name="PackageFamilyName">Microsoft.Windows.Cortana_cw5n1h2txyewy</Data>
</EventData>
</Event>

<Event xmlns="http://schemas.microsoft.com/win/2004/08/events/event"><System><Provider Name="Microsoft-Windows-AppXDeployment" Guid="{8127f6d4-59f9-4abf-8952-3e3a02073d5f}"></Provider>
<EventID Qualifiers="">325</EventID>
<Version>0</Version>
<Level>4</Level>
<Task>0</Task>
<Opcode>0</Opcode>
<Keywords>0x4000000000010000</Keywords>
<TimeCreated SystemTime="2020-10-24 21:56:19.380569"></TimeCreated>
<EventRecordID>90</EventRecordID>
<Correlation ActivityID="{e04d3c69-aa4f-0000-d14d-4de04faad601}" RelatedActivityID=""></Correlation>
<Execution ProcessID="4044" ThreadID="4180"></Execution>
<Channel>Microsoft-Windows-AppXDeployment/Operational</Channel>
<Computer>WIN-PTFPHFCRDJ0</Computer>
<Security UserID="S-1-5-21-1152959844-3645458174-3779170896-1000"></Security>
</System>
<EventData><Data Name="PackageFamilyName">Microsoft.Windows.Cortana_cw5n1h2txyewy</Data>
</EventData>
</Event>

<Event xmlns="http://schemas.microsoft.com/win/2004/08/events/event"><System><Provider Name="Microsoft-Windows-AppXDeployment" Guid="{8127f6d4-59f9-4abf-8952-3e3a02073d5f}"></Provider>
<EventID Qualifiers="">325</EventID>
<Version>0</Version>
<Level>4</Level>
<Task>0</Task>
<Opcode>0</Opcode>
<Keywords>0x4000000000010000</Keywords>
<TimeCreated SystemTime="2020-10-24 21:59:56.884153"></TimeCreated>
<EventRecordID>91</EventRecordID>
<Correlation ActivityID="{e04d3c69-aa4f-0000-785b-4de04faad601}" RelatedActivityID=""></Correlation>
<Execution ProcessID="4044" ThreadID="3308"></Execution>
<Channel>Microsoft-Windows-AppXDeployment/Operational</Channel>
<Computer>WIN-PTFPHFCRDJ0</Computer>
<Security UserID="S-1-5-21-1152959844-3645458174-3779170896-1000"></Security>
</System>
<EventData><Data Name="PackageFamilyName">Microsoft.Windows.Cortana_cw5n1h2txyewy</Data>
</EventData>
</Event>

<Event xmlns="http://schemas.microsoft.com/win/2004/08/events/event"><System><Provider Name="Microsoft-Windows-AppXDeployment" Guid="{8127f6d4-59f9-4abf-8952-3e3a02073d5f}"></Provider>
<EventID Qualifiers="">325</EventID>
<Version>0</Version>
<Level>4</Level>
<Task>0</Task>
<Opcode>0</Opcode>
<Keywords>0x4000000000010000</Keywords>
<TimeCreated SystemTime="2020-10-24 21:59:56.889946"></TimeCreated>
<EventRecordID>92</EventRecordID>
<Correlation ActivityID="{e04d3c69-aa4f-0000-7c5b-4de04faad601}" RelatedActivityID=""></Correlation>
<Execution ProcessID="4044" ThreadID="2436"></Execution>
<Channel>Microsoft-Windows-AppXDeployment/Operational</Channel>
<Computer>WIN-PTFPHFCRDJ0</Computer>
<Security UserID="S-1-5-21-1152959844-3645458174-3779170896-1000"></Security>
</System>
<EventData><Data Name="PackageFamilyName">Microsoft.Windows.Cortana_cw5n1h2txyewy</Data>
</EventData>
</Event>

<Event xmlns="http://schemas.microsoft.com/win/2004/08/events/event"><System><Provider Name="Microsoft-Windows-AppXDeployment" Guid="{8127f6d4-59f9-4abf-8952-3e3a02073d5f}"></Provider>
<EventID Qualifiers="">325</EventID>
<Version>0</Version>
<Level>4</Level>
<Task>0</Task>
<Opcode>0</Opcode>
<Keywords>0x4000000000010000</Keywords>
<TimeCreated SystemTime="2020-10-24 22:00:26.660196"></TimeCreated>
<EventRecordID>93</EventRecordID>
<Correlation ActivityID="{e04d3c69-aa4f-0000-585e-4de04faad601}" RelatedActivityID=""></Correlation>
<Execution ProcessID="4044" ThreadID="3308"></Execution>
<Channel>Microsoft-Windows-AppXDeployment/Operational</Channel>
<Computer>WIN-PTFPHFCRDJ0</Computer>
<Security UserID="S-1-5-21-1152959844-3645458174-3779170896-1000"></Security>
</System>
<EventData><Data Name="PackageFamilyName">Microsoft.Windows.Cortana_cw5n1h2txyewy</Data>
</EventData>
</Event>

<Event xmlns="http://schemas.microsoft.com/win/2004/08/events/event"><System><Provider Name="Microsoft-Windows-AppXDeployment" Guid="{8127f6d4-59f9-4abf-8952-3e3a02073d5f}"></Provider>
<EventID Qualifiers="">325</EventID>
<Version>0</Version>
<Level>4</Level>
<Task>0</Task>
<Opcode>0</Opcode>
<Keywords>0x4000000000010000</Keywords>
<TimeCreated SystemTime="2020-10-24 22:00:26.663496"></TimeCreated>
<EventRecordID>94</EventRecordID>
<Correlation ActivityID="{e04d3c69-aa4f-0000-5c5e-4de04faad601}" RelatedActivityID=""></Correlation>
<Execution ProcessID="4044" ThreadID="3308"></Execution>
<Channel>Microsoft-Windows-AppXDeployment/Operational</Channel>
<Computer>WIN-PTFPHFCRDJ0</Computer>
<Security UserID="S-1-5-21-1152959844-3645458174-3779170896-1000"></Security>
</System>
<EventData><Data Name="PackageFamilyName">Microsoft.Windows.Cortana_cw5n1h2txyewy</Data>
</EventData>
</Event>

<Event xmlns="http://schemas.microsoft.com/win/2004/08/events/event"><System><Provider Name="Microsoft-Windows-AppXDeployment" Guid="{8127f6d4-59f9-4abf-8952-3e3a02073d5f}"></Provider>
<EventID Qualifiers="">325</EventID>
<Version>0</Version>
<Level>4</Level>
<Task>0</Task>
<Opcode>0</Opcode>
<Keywords>0x4000000000010000</Keywords>
<TimeCreated SystemTime="2020-10-24 22:02:11.997869"></TimeCreated>
<EventRecordID>95</EventRecordID>
<Correlation ActivityID="{e04d3c69-aa4f-0000-4060-4de04faad601}" RelatedActivityID=""></Correlation>
<Execution ProcessID="4044" ThreadID="4956"></Execution>
<Channel>Microsoft-Windows-AppXDeployment/Operational</Channel>
<Computer>WIN-PTFPHFCRDJ0</Computer>
<Security UserID="S-1-5-21-1152959844-3645458174-3779170896-1000"></Security>
</System>
<EventData><Data Name="PackageFamilyName">Microsoft.Windows.Cortana_cw5n1h2txyewy</Data>
</EventData>
</Event>

<Event xmlns="http://schemas.microsoft.com/win/2004/08/events/event"><System><Provider Name="Microsoft-Windows-AppXDeployment" Guid="{8127f6d4-59f9-4abf-8952-3e3a02073d5f}"></Provider>
<EventID Qualifiers="">325</EventID>
<Version>0</Version>
<Level>4</Level>
<Task>0</Task>
<Opcode>0</Opcode>
<Keywords>0x4000000000010000</Keywords>
<TimeCreated SystemTime="2020-10-24 22:02:12.001978"></TimeCreated>
<EventRecordID>96</EventRecordID>
<Correlation ActivityID="{e04d3c69-aa4f-0000-4460-4de04faad601}" RelatedActivityID=""></Correlation>
<Execution ProcessID="4044" ThreadID="4956"></Execution>
<Channel>Microsoft-Windows-AppXDeployment/Operational</Channel>
<Computer>WIN-PTFPHFCRDJ0</Computer>
<Security UserID="S-1-5-21-1152959844-3645458174-3779170896-1000"></Security>
</System>
<EventData><Data Name="PackageFamilyName">Microsoft.Windows.Cortana_cw5n1h2txyewy</Data>
</EventData>
</Event>

<Event xmlns="http://schemas.microsoft.com/win/2004/08/events/event"><System><Provider Name="Microsoft-Windows-AppXDeployment" Guid="{8127f6d4-59f9-4abf-8952-3e3a02073d5f}"></Provider>
<EventID Qualifiers="">326</EventID>
<Version>0</Version>
<Level>5</Level>
<Task>0</Task>
<Opcode>0</Opcode>
<Keywords>0x4000000000010000</Keywords>
<TimeCreated SystemTime="2020-10-24 22:24:27.068554"></TimeCreated>
<EventRecordID>97</EventRecordID>
<Correlation ActivityID="{61a55000-55e5-1017-0000-000000000000}" RelatedActivityID=""></Correlation>
<Execution ProcessID="948" ThreadID="608"></Execution>
<Channel>Microsoft-Windows-AppXDeployment/Operational</Channel>
<Computer>WIN-PTFPHFCRDJ0</Computer>
<Security UserID="S-1-5-18"></Security>
</System>
<EventData><Data Name="UserSid">S-1-5-21-1152959844-3645458174-3779170896-1000</Data>
<Data Name="IsSpecialUserProfile">False</Data>
</EventData>
</Event>

<Event xmlns="http://schemas.microsoft.com/win/2004/08/events/event"><System><Provider Name="Microsoft-Windows-AppXDeployment" Guid="{8127f6d4-59f9-4abf-8952-3e3a02073d5f}"></Provider>
<EventID Qualifiers="">327</EventID>
<Version>0</Version>
<Level>5</Level>
<Task>0</Task>
<Opcode>0</Opcode>
<Keywords>0x4000000000010000</Keywords>
<TimeCreated SystemTime="2020-10-24 22:24:27.339783"></TimeCreated>
<EventRecordID>98</EventRecordID>
<Correlation ActivityID="{61a55000-55e5-1017-0000-000000000000}" RelatedActivityID=""></Correlation>
<Execution ProcessID="948" ThreadID="608"></Execution>
<Channel>Microsoft-Windows-AppXDeployment/Operational</Channel>
<Computer>WIN-PTFPHFCRDJ0</Computer>
<Security UserID="S-1-5-18"></Security>
</System>
<EventData><Data Name="InstallPackageList">NULL</Data>
<Data Name="RemovePackageList">NULL</Data>
</EventData>
</Event>

<Event xmlns="http://schemas.microsoft.com/win/2004/08/events/event"><System><Provider Name="Microsoft-Windows-AppXDeployment" Guid="{8127f6d4-59f9-4abf-8952-3e3a02073d5f}"></Provider>
<EventID Qualifiers="">325</EventID>
<Version>0</Version>
<Level>4</Level>
<Task>0</Task>
<Opcode>0</Opcode>
<Keywords>0x4000000000010000</Keywords>
<TimeCreated SystemTime="2020-10-24 22:25:08.636038"></TimeCreated>
<EventRecordID>99</EventRecordID>
<Correlation ActivityID="{a11d3189-aa53-0000-4441-1da153aad601}" RelatedActivityID=""></Correlation>
<Execution ProcessID="1276" ThreadID="3328"></Execution>
<Channel>Microsoft-Windows-AppXDeployment/Operational</Channel>
<Computer>WIN-PTFPHFCRDJ0</Computer>
<Security UserID="S-1-5-21-1152959844-3645458174-3779170896-1000"></Security>
</System>
<EventData><Data Name="PackageFamilyName">Microsoft.Windows.Cortana_cw5n1h2txyewy</Data>
</EventData>
</Event>

<Event xmlns="http://schemas.microsoft.com/win/2004/08/events/event"><System><Provider Name="Microsoft-Windows-AppXDeployment" Guid="{8127f6d4-59f9-4abf-8952-3e3a02073d5f}"></Provider>
<EventID Qualifiers="">325</EventID>
<Version>0</Version>
<Level>4</Level>
<Task>0</Task>
<Opcode>0</Opcode>
<Keywords>0x4000000000010000</Keywords>
<TimeCreated SystemTime="2020-10-24 22:25:08.672047"></TimeCreated>
<EventRecordID>100</EventRecordID>
<Correlation ActivityID="{a11d3189-aa53-0000-4941-1da153aad601}" RelatedActivityID=""></Correlation>
<Execution ProcessID="1276" ThreadID="3328"></Execution>
<Channel>Microsoft-Windows-AppXDeployment/Operational</Channel>
<Computer>WIN-PTFPHFCRDJ0</Computer>
<Security UserID="S-1-5-21-1152959844-3645458174-3779170896-1000"></Security>
</System>
<EventData><Data Name="PackageFamilyName">Microsoft.Windows.Cortana_cw5n1h2txyewy</Data>
</EventData>
</Event>

<Event xmlns="http://schemas.microsoft.com/win/2004/08/events/event"><System><Provider Name="Microsoft-Windows-AppXDeployment" Guid="{8127f6d4-59f9-4abf-8952-3e3a02073d5f}"></Provider>
<EventID Qualifiers="">325</EventID>
<Version>0</Version>
<Level>4</Level>
<Task>0</Task>
<Opcode>0</Opcode>
<Keywords>0x4000000000010000</Keywords>
<TimeCreated SystemTime="2020-10-24 22:25:14.397821"></TimeCreated>
<EventRecordID>101</EventRecordID>
<Correlation ActivityID="{a11d3189-aa53-0000-b042-1da153aad601}" RelatedActivityID=""></Correlation>
<Execution ProcessID="1276" ThreadID="2664"></Execution>
<Channel>Microsoft-Windows-AppXDeployment/Operational</Channel>
<Computer>WIN-PTFPHFCRDJ0</Computer>
<Security UserID="S-1-5-21-1152959844-3645458174-3779170896-1000"></Security>
</System>
<EventData><Data Name="PackageFamilyName">Microsoft.Windows.Cortana_cw5n1h2txyewy</Data>
</EventData>
</Event>

<Event xmlns="http://schemas.microsoft.com/win/2004/08/events/event"><System><Provider Name="Microsoft-Windows-AppXDeployment" Guid="{8127f6d4-59f9-4abf-8952-3e3a02073d5f}"></Provider>
<EventID Qualifiers="">325</EventID>
<Version>0</Version>
<Level>4</Level>
<Task>0</Task>
<Opcode>0</Opcode>
<Keywords>0x4000000000010000</Keywords>
<TimeCreated SystemTime="2020-10-24 22:25:14.402431"></TimeCreated>
<EventRecordID>102</EventRecordID>
<Correlation ActivityID="{a11d3189-aa53-0000-b542-1da153aad601}" RelatedActivityID=""></Correlation>
<Execution ProcessID="1276" ThreadID="2664"></Execution>
<Channel>Microsoft-Windows-AppXDeployment/Operational</Channel>
<Computer>WIN-PTFPHFCRDJ0</Computer>
<Security UserID="S-1-5-21-1152959844-3645458174-3779170896-1000"></Security>
</System>
<EventData><Data Name="PackageFamilyName">Microsoft.Windows.Cortana_cw5n1h2txyewy</Data>
</EventData>
</Event>

<Event xmlns="http://schemas.microsoft.com/win/2004/08/events/event"><System><Provider Name="Microsoft-Windows-AppXDeployment" Guid="{8127f6d4-59f9-4abf-8952-3e3a02073d5f}"></Provider>
<EventID Qualifiers="">325</EventID>
<Version>0</Version>
<Level>4</Level>
<Task>0</Task>
<Opcode>0</Opcode>
<Keywords>0x4000000000010000</Keywords>
<TimeCreated SystemTime="2020-10-24 22:25:14.440359"></TimeCreated>
<EventRecordID>103</EventRecordID>
<Correlation ActivityID="{a11d3189-aa53-0000-b942-1da153aad601}" RelatedActivityID=""></Correlation>
<Execution ProcessID="1276" ThreadID="2664"></Execution>
<Channel>Microsoft-Windows-AppXDeployment/Operational</Channel>
<Computer>WIN-PTFPHFCRDJ0</Computer>
<Security UserID="S-1-5-21-1152959844-3645458174-3779170896-1000"></Security>
</System>
<EventData><Data Name="PackageFamilyName">Microsoft.Windows.Cortana_cw5n1h2txyewy</Data>
</EventData>
</Event>

<Event xmlns="http://schemas.microsoft.com/win/2004/08/events/event"><System><Provider Name="Microsoft-Windows-AppXDeployment" Guid="{8127f6d4-59f9-4abf-8952-3e3a02073d5f}"></Provider>
<EventID Qualifiers="">325</EventID>
<Version>0</Version>
<Level>4</Level>
<Task>0</Task>
<Opcode>0</Opcode>
<Keywords>0x4000000000010000</Keywords>
<TimeCreated SystemTime="2020-10-24 22:25:14.449163"></TimeCreated>
<EventRecordID>104</EventRecordID>
<Correlation ActivityID="{a11d3189-aa53-0000-bc42-1da153aad601}" RelatedActivityID=""></Correlation>
<Execution ProcessID="1276" ThreadID="1980"></Execution>
<Channel>Microsoft-Windows-AppXDeployment/Operational</Channel>
<Computer>WIN-PTFPHFCRDJ0</Computer>
<Security UserID="S-1-5-21-1152959844-3645458174-3779170896-1000"></Security>
</System>
<EventData><Data Name="PackageFamilyName">Microsoft.Windows.Cortana_cw5n1h2txyewy</Data>
</EventData>
</Event>

<Event xmlns="http://schemas.microsoft.com/win/2004/08/events/event"><System><Provider Name="Microsoft-Windows-AppXDeployment" Guid="{8127f6d4-59f9-4abf-8952-3e3a02073d5f}"></Provider>
<EventID Qualifiers="">326</EventID>
<Version>0</Version>
<Level>5</Level>
<Task>0</Task>
<Opcode>0</Opcode>
<Keywords>0x4000000000010000</Keywords>
<TimeCreated SystemTime="2020-10-26 12:10:34.746399"></TimeCreated>
<EventRecordID>105</EventRecordID>
<Correlation ActivityID="{61a55000-55e5-1017-0000-000000000000}" RelatedActivityID=""></Correlation>
<Execution ProcessID="944" ThreadID="1124"></Execution>
<Channel>Microsoft-Windows-AppXDeployment/Operational</Channel>
<Computer>WIN-PTFPHFCRDJ0</Computer>
<Security UserID="S-1-5-18"></Security>
</System>
<EventData><Data Name="UserSid">S-1-5-21-1152959844-3645458174-3779170896-1000</Data>
<Data Name="IsSpecialUserProfile">False</Data>
</EventData>
</Event>

<Event xmlns="http://schemas.microsoft.com/win/2004/08/events/event"><System><Provider Name="Microsoft-Windows-AppXDeployment" Guid="{8127f6d4-59f9-4abf-8952-3e3a02073d5f}"></Provider>
<EventID Qualifiers="">327</EventID>
<Version>0</Version>
<Level>5</Level>
<Task>0</Task>
<Opcode>0</Opcode>
<Keywords>0x4000000000010000</Keywords>
<TimeCreated SystemTime="2020-10-26 12:10:35.122866"></TimeCreated>
<EventRecordID>106</EventRecordID>
<Correlation ActivityID="{61a55000-55e5-1017-0000-000000000000}" RelatedActivityID=""></Correlation>
<Execution ProcessID="944" ThreadID="1124"></Execution>
<Channel>Microsoft-Windows-AppXDeployment/Operational</Channel>
<Computer>WIN-PTFPHFCRDJ0</Computer>
<Security UserID="S-1-5-18"></Security>
</System>
<EventData><Data Name="InstallPackageList">NULL</Data>
<Data Name="RemovePackageList">NULL</Data>
</EventData>
</Event>

