<Event xmlns="http://schemas.microsoft.com/win/2004/08/events/event"><System><Provider Name="Microsoft-Windows-ServerManager-MultiMachine" Guid="{d8d37081-10bd-4a89-a971-1cda6899bdb3}"></Provider>
<EventID Qualifiers="">215</EventID>
<Version>0</Version>
<Level>4</Level>
<Task>17</Task>
<Opcode>0</Opcode>
<Keywords>0x2000000000000000</Keywords>
<TimeCreated SystemTime="2020-10-27 02:10:56.765850"></TimeCreated>
<EventRecordID>354</EventRecordID>
<Correlation ActivityID="{65cff84e-ade2-454e-8333-66fdad6b6d63}" RelatedActivityID=""></Correlation>
<Execution ProcessID="3388" ThreadID="4556"></Execution>
<Channel>Microsoft-Windows-ServerManager-MultiMachine/Operational</Channel>
<Computer>WIN-PTFPHFCRDJ0</Computer>
<Security UserID="S-1-5-21-1152959844-3645458174-3779170896-1000"></Security>
</System>
<EventData><Data Name="serverName">localhost</Data>
<Data Name="namespaceName">root\microsoft\windows\servermanager</Data>
<Data Name="wmiClassName">MSFT_ServerManagerTasks</Data>
<Data Name="methodName">GetServerServiceDetail</Data>
<Data Name="protocol">DCOM</Data>
</EventData>
</Event>

<Event xmlns="http://schemas.microsoft.com/win/2004/08/events/event"><System><Provider Name="Microsoft-Windows-ServerManager-MultiMachine" Guid="{d8d37081-10bd-4a89-a971-1cda6899bdb3}"></Provider>
<EventID Qualifiers="">217</EventID>
<Version>0</Version>
<Level>4</Level>
<Task>17</Task>
<Opcode>0</Opcode>
<Keywords>0x2000000000000000</Keywords>
<TimeCreated SystemTime="2020-10-27 02:10:57.128868"></TimeCreated>
<EventRecordID>355</EventRecordID>
<Correlation ActivityID="{6b6668c5-a076-48b4-93c4-248a42ecf19f}" RelatedActivityID=""></Correlation>
<Execution ProcessID="3388" ThreadID="4556"></Execution>
<Channel>Microsoft-Windows-ServerManager-MultiMachine/Operational</Channel>
<Computer>WIN-PTFPHFCRDJ0</Computer>
<Security UserID="S-1-5-21-1152959844-3645458174-3779170896-1000"></Security>
</System>
<EventData><Data Name="serverName">localhost</Data>
<Data Name="namespaceName">root\microsoft\windows\servermanager</Data>
<Data Name="wmiClassName">MSFT_ServerManagerTasks</Data>
<Data Name="methodName">GetServerFeature</Data>
<Data Name="protocol">DCOM</Data>
</EventData>
</Event>

<Event xmlns="http://schemas.microsoft.com/win/2004/08/events/event"><System><Provider Name="Microsoft-Windows-ServerManager-MultiMachine" Guid="{d8d37081-10bd-4a89-a971-1cda6899bdb3}"></Provider>
<EventID Qualifiers="">217</EventID>
<Version>0</Version>
<Level>4</Level>
<Task>17</Task>
<Opcode>0</Opcode>
<Keywords>0x2000000000000000</Keywords>
<TimeCreated SystemTime="2020-10-27 02:10:57.129530"></TimeCreated>
<EventRecordID>356</EventRecordID>
<Correlation ActivityID="{6b6668c5-a076-48b4-93c4-248a42ecf19f}" RelatedActivityID=""></Correlation>
<Execution ProcessID="3388" ThreadID="4556"></Execution>
<Channel>Microsoft-Windows-ServerManager-MultiMachine/Operational</Channel>
<Computer>WIN-PTFPHFCRDJ0</Computer>
<Security UserID="S-1-5-21-1152959844-3645458174-3779170896-1000"></Security>
</System>
<EventData><Data Name="serverName">localhost</Data>
<Data Name="namespaceName">root\microsoft\windows\servermanager</Data>
<Data Name="wmiClassName">MSFT_ServerManagerTasks</Data>
<Data Name="methodName">GetServerFeature</Data>
<Data Name="protocol">DCOM</Data>
</EventData>
</Event>

<Event xmlns="http://schemas.microsoft.com/win/2004/08/events/event"><System><Provider Name="Microsoft-Windows-ServerManager-MultiMachine" Guid="{d8d37081-10bd-4a89-a971-1cda6899bdb3}"></Provider>
<EventID Qualifiers="">215</EventID>
<Version>0</Version>
<Level>4</Level>
<Task>17</Task>
<Opcode>0</Opcode>
<Keywords>0x2000000000000000</Keywords>
<TimeCreated SystemTime="2020-10-27 02:10:57.129557"></TimeCreated>
<EventRecordID>357</EventRecordID>
<Correlation ActivityID="{6b6668c5-a076-48b4-93c4-248a42ecf19f}" RelatedActivityID=""></Correlation>
<Execution ProcessID="3388" ThreadID="4556"></Execution>
<Channel>Microsoft-Windows-ServerManager-MultiMachine/Operational</Channel>
<Computer>WIN-PTFPHFCRDJ0</Computer>
<Security UserID="S-1-5-21-1152959844-3645458174-3779170896-1000"></Security>
</System>
<EventData><Data Name="serverName">localhost</Data>
<Data Name="namespaceName">root\microsoft\windows\servermanager</Data>
<Data Name="wmiClassName">MSFT_ServerManagerTasks</Data>
<Data Name="methodName">GetServerFeature</Data>
<Data Name="protocol">DCOM</Data>
</EventData>
</Event>

<Event xmlns="http://schemas.microsoft.com/win/2004/08/events/event"><System><Provider Name="Microsoft-Windows-ServerManager-MultiMachine" Guid="{d8d37081-10bd-4a89-a971-1cda6899bdb3}"></Provider>
<EventID Qualifiers="">31</EventID>
<Version>0</Version>
<Level>4</Level>
<Task>1</Task>
<Opcode>1</Opcode>
<Keywords>0x2000000000000000</Keywords>
<TimeCreated SystemTime="2020-10-27 02:10:57.130199"></TimeCreated>
<EventRecordID>358</EventRecordID>
<Correlation ActivityID="{6b6668c5-a076-48b4-93c4-248a42ecf19f}" RelatedActivityID=""></Correlation>
<Execution ProcessID="3388" ThreadID="4556"></Execution>
<Channel>Microsoft-Windows-ServerManager-MultiMachine/Operational</Channel>
<Computer>WIN-PTFPHFCRDJ0</Computer>
<Security UserID="S-1-5-21-1152959844-3645458174-3779170896-1000"></Security>
</System>
<EventData><Data Name="roleId">481</Data>
</EventData>
</Event>

<Event xmlns="http://schemas.microsoft.com/win/2004/08/events/event"><System><Provider Name="Microsoft-Windows-ServerManager-MultiMachine" Guid="{d8d37081-10bd-4a89-a971-1cda6899bdb3}"></Provider>
<EventID Qualifiers="">217</EventID>
<Version>0</Version>
<Level>4</Level>
<Task>17</Task>
<Opcode>0</Opcode>
<Keywords>0x2000000000000000</Keywords>
<TimeCreated SystemTime="2020-10-27 02:10:57.201338"></TimeCreated>
<EventRecordID>359</EventRecordID>
<Correlation ActivityID="{d3826368-ad76-437c-b9ef-a02916f83bf6}" RelatedActivityID=""></Correlation>
<Execution ProcessID="3388" ThreadID="4464"></Execution>
<Channel>Microsoft-Windows-ServerManager-MultiMachine/Operational</Channel>
<Computer>WIN-PTFPHFCRDJ0</Computer>
<Security UserID="S-1-5-21-1152959844-3645458174-3779170896-1000"></Security>
</System>
<EventData><Data Name="serverName">localhost</Data>
<Data Name="namespaceName">root\microsoft\windows\servermanager</Data>
<Data Name="wmiClassName">MSFT_ServerManagerTasks</Data>
<Data Name="methodName">GetPerformanceCollectorState</Data>
<Data Name="protocol">DCOM</Data>
</EventData>
</Event>

<Event xmlns="http://schemas.microsoft.com/win/2004/08/events/event"><System><Provider Name="Microsoft-Windows-ServerManager-MultiMachine" Guid="{d8d37081-10bd-4a89-a971-1cda6899bdb3}"></Provider>
<EventID Qualifiers="">215</EventID>
<Version>0</Version>
<Level>4</Level>
<Task>17</Task>
<Opcode>0</Opcode>
<Keywords>0x2000000000000000</Keywords>
<TimeCreated SystemTime="2020-10-27 02:10:57.201559"></TimeCreated>
<EventRecordID>360</EventRecordID>
<Correlation ActivityID="{d3826368-ad76-437c-b9ef-a02916f83bf6}" RelatedActivityID=""></Correlation>
<Execution ProcessID="3388" ThreadID="4464"></Execution>
<Channel>Microsoft-Windows-ServerManager-MultiMachine/Operational</Channel>
<Computer>WIN-PTFPHFCRDJ0</Computer>
<Security UserID="S-1-5-21-1152959844-3645458174-3779170896-1000"></Security>
</System>
<EventData><Data Name="serverName">localhost</Data>
<Data Name="namespaceName">root\microsoft\windows\servermanager</Data>
<Data Name="wmiClassName">MSFT_ServerManagerTasks</Data>
<Data Name="methodName">GetPerformanceCollectorState</Data>
<Data Name="protocol">DCOM</Data>
</EventData>
</Event>

<Event xmlns="http://schemas.microsoft.com/win/2004/08/events/event"><System><Provider Name="Microsoft-Windows-ServerManager-MultiMachine" Guid="{d8d37081-10bd-4a89-a971-1cda6899bdb3}"></Provider>
<EventID Qualifiers="">214</EventID>
<Version>0</Version>
<Level>4</Level>
<Task>17</Task>
<Opcode>0</Opcode>
<Keywords>0x2000000000000000</Keywords>
<TimeCreated SystemTime="2020-10-27 02:10:57.893147"></TimeCreated>
<EventRecordID>361</EventRecordID>
<Correlation ActivityID="{6b6668c5-a076-48b4-93c4-248a42ecf19f}" RelatedActivityID=""></Correlation>
<Execution ProcessID="3388" ThreadID="4556"></Execution>
<Channel>Microsoft-Windows-ServerManager-MultiMachine/Operational</Channel>
<Computer>WIN-PTFPHFCRDJ0</Computer>
<Security UserID="S-1-5-21-1152959844-3645458174-3779170896-1000"></Security>
</System>
<EventData><Data Name="serverName">localhost</Data>
<Data Name="namespaceName">root\microsoft\windows\servermanager</Data>
<Data Name="wmiClassName">MSFT_ServerManagerTasks</Data>
<Data Name="methodName">GetServerEventDetail</Data>
<Data Name="protocol">DCOM</Data>
</EventData>
</Event>

<Event xmlns="http://schemas.microsoft.com/win/2004/08/events/event"><System><Provider Name="Microsoft-Windows-ServerManager-MultiMachine" Guid="{d8d37081-10bd-4a89-a971-1cda6899bdb3}"></Provider>
<EventID Qualifiers="">209</EventID>
<Version>0</Version>
<Level>4</Level>
<Task>17</Task>
<Opcode>0</Opcode>
<Keywords>0x2000000000000000</Keywords>
<TimeCreated SystemTime="2020-10-27 02:10:57.893150"></TimeCreated>
<EventRecordID>362</EventRecordID>
<Correlation ActivityID="{6b6668c5-a076-48b4-93c4-248a42ecf19f}" RelatedActivityID=""></Correlation>
<Execution ProcessID="3388" ThreadID="4556"></Execution>
<Channel>Microsoft-Windows-ServerManager-MultiMachine/Operational</Channel>
<Computer>WIN-PTFPHFCRDJ0</Computer>
<Security UserID="S-1-5-21-1152959844-3645458174-3779170896-1000"></Security>
</System>
<EventData><Data Name="serverName">localhost</Data>
<Data Name="protocol">DCOM</Data>
<Data Name="userName">null</Data>
</EventData>
</Event>

<Event xmlns="http://schemas.microsoft.com/win/2004/08/events/event"><System><Provider Name="Microsoft-Windows-ServerManager-MultiMachine" Guid="{d8d37081-10bd-4a89-a971-1cda6899bdb3}"></Provider>
<EventID Qualifiers="">217</EventID>
<Version>0</Version>
<Level>4</Level>
<Task>17</Task>
<Opcode>0</Opcode>
<Keywords>0x2000000000000000</Keywords>
<TimeCreated SystemTime="2020-10-27 02:10:58.532610"></TimeCreated>
<EventRecordID>363</EventRecordID>
<Correlation ActivityID="{c1d773ab-8207-4ae1-abdc-3be9678fc985}" RelatedActivityID=""></Correlation>
<Execution ProcessID="3388" ThreadID="4464"></Execution>
<Channel>Microsoft-Windows-ServerManager-MultiMachine/Operational</Channel>
<Computer>WIN-PTFPHFCRDJ0</Computer>
<Security UserID="S-1-5-21-1152959844-3645458174-3779170896-1000"></Security>
</System>
<EventData><Data Name="serverName">localhost</Data>
<Data Name="namespaceName">root\microsoft\windows\servermanager</Data>
<Data Name="wmiClassName">MSFT_ServerManagerTasks</Data>
<Data Name="methodName">GetServerEventDetail</Data>
<Data Name="protocol">DCOM</Data>
</EventData>
</Event>

<Event xmlns="http://schemas.microsoft.com/win/2004/08/events/event"><System><Provider Name="Microsoft-Windows-ServerManager-MultiMachine" Guid="{d8d37081-10bd-4a89-a971-1cda6899bdb3}"></Provider>
<EventID Qualifiers="">214</EventID>
<Version>0</Version>
<Level>4</Level>
<Task>17</Task>
<Opcode>0</Opcode>
<Keywords>0x2000000000000000</Keywords>
<TimeCreated SystemTime="2020-10-27 02:10:58.637972"></TimeCreated>
<EventRecordID>364</EventRecordID>
<Correlation ActivityID="{6b6668c5-a076-48b4-93c4-248a42ecf19f}" RelatedActivityID=""></Correlation>
<Execution ProcessID="3388" ThreadID="4556"></Execution>
<Channel>Microsoft-Windows-ServerManager-MultiMachine/Operational</Channel>
<Computer>WIN-PTFPHFCRDJ0</Computer>
<Security UserID="S-1-5-21-1152959844-3645458174-3779170896-1000"></Security>
</System>
<EventData><Data Name="serverName">localhost</Data>
<Data Name="namespaceName">root\microsoft\windows\servermanager</Data>
<Data Name="wmiClassName">MSFT_ServerManagerTasks</Data>
<Data Name="methodName">GetServerBpaResult</Data>
<Data Name="protocol">DCOM</Data>
</EventData>
</Event>

<Event xmlns="http://schemas.microsoft.com/win/2004/08/events/event"><System><Provider Name="Microsoft-Windows-ServerManager-MultiMachine" Guid="{d8d37081-10bd-4a89-a971-1cda6899bdb3}"></Provider>
<EventID Qualifiers="">209</EventID>
<Version>0</Version>
<Level>4</Level>
<Task>17</Task>
<Opcode>0</Opcode>
<Keywords>0x2000000000000000</Keywords>
<TimeCreated SystemTime="2020-10-27 02:10:58.637981"></TimeCreated>
<EventRecordID>365</EventRecordID>
<Correlation ActivityID="{6b6668c5-a076-48b4-93c4-248a42ecf19f}" RelatedActivityID=""></Correlation>
<Execution ProcessID="3388" ThreadID="4556"></Execution>
<Channel>Microsoft-Windows-ServerManager-MultiMachine/Operational</Channel>
<Computer>WIN-PTFPHFCRDJ0</Computer>
<Security UserID="S-1-5-21-1152959844-3645458174-3779170896-1000"></Security>
</System>
<EventData><Data Name="serverName">localhost</Data>
<Data Name="protocol">DCOM</Data>
<Data Name="userName">null</Data>
</EventData>
</Event>

<Event xmlns="http://schemas.microsoft.com/win/2004/08/events/event"><System><Provider Name="Microsoft-Windows-ServerManager-MultiMachine" Guid="{d8d37081-10bd-4a89-a971-1cda6899bdb3}"></Provider>
<EventID Qualifiers="">217</EventID>
<Version>0</Version>
<Level>4</Level>
<Task>17</Task>
<Opcode>0</Opcode>
<Keywords>0x2000000000000000</Keywords>
<TimeCreated SystemTime="2020-10-27 02:10:58.649725"></TimeCreated>
<EventRecordID>366</EventRecordID>
<Correlation ActivityID="{c1d773ab-8207-4ae1-abdc-3be9678fc985}" RelatedActivityID=""></Correlation>
<Execution ProcessID="3388" ThreadID="4740"></Execution>
<Channel>Microsoft-Windows-ServerManager-MultiMachine/Operational</Channel>
<Computer>WIN-PTFPHFCRDJ0</Computer>
<Security UserID="S-1-5-21-1152959844-3645458174-3779170896-1000"></Security>
</System>
<EventData><Data Name="serverName">localhost</Data>
<Data Name="namespaceName">root\microsoft\windows\servermanager</Data>
<Data Name="wmiClassName">MSFT_ServerManagerTasks</Data>
<Data Name="methodName">GetServerEventDetail</Data>
<Data Name="protocol">DCOM</Data>
</EventData>
</Event>

<Event xmlns="http://schemas.microsoft.com/win/2004/08/events/event"><System><Provider Name="Microsoft-Windows-ServerManager-MultiMachine" Guid="{d8d37081-10bd-4a89-a971-1cda6899bdb3}"></Provider>
<EventID Qualifiers="">217</EventID>
<Version>0</Version>
<Level>4</Level>
<Task>17</Task>
<Opcode>0</Opcode>
<Keywords>0x2000000000000000</Keywords>
<TimeCreated SystemTime="2020-10-27 02:10:58.751436"></TimeCreated>
<EventRecordID>367</EventRecordID>
<Correlation ActivityID="{c1d773ab-8207-4ae1-abdc-3be9678fc985}" RelatedActivityID=""></Correlation>
<Execution ProcessID="3388" ThreadID="4740"></Execution>
<Channel>Microsoft-Windows-ServerManager-MultiMachine/Operational</Channel>
<Computer>WIN-PTFPHFCRDJ0</Computer>
<Security UserID="S-1-5-21-1152959844-3645458174-3779170896-1000"></Security>
</System>
<EventData><Data Name="serverName">localhost</Data>
<Data Name="namespaceName">root\microsoft\windows\servermanager</Data>
<Data Name="wmiClassName">MSFT_ServerManagerTasks</Data>
<Data Name="methodName">GetServerEventDetail</Data>
<Data Name="protocol">DCOM</Data>
</EventData>
</Event>

<Event xmlns="http://schemas.microsoft.com/win/2004/08/events/event"><System><Provider Name="Microsoft-Windows-ServerManager-MultiMachine" Guid="{d8d37081-10bd-4a89-a971-1cda6899bdb3}"></Provider>
<EventID Qualifiers="">215</EventID>
<Version>0</Version>
<Level>4</Level>
<Task>17</Task>
<Opcode>0</Opcode>
<Keywords>0x2000000000000000</Keywords>
<TimeCreated SystemTime="2020-10-27 02:10:58.751503"></TimeCreated>
<EventRecordID>368</EventRecordID>
<Correlation ActivityID="{c1d773ab-8207-4ae1-abdc-3be9678fc985}" RelatedActivityID=""></Correlation>
<Execution ProcessID="3388" ThreadID="4740"></Execution>
<Channel>Microsoft-Windows-ServerManager-MultiMachine/Operational</Channel>
<Computer>WIN-PTFPHFCRDJ0</Computer>
<Security UserID="S-1-5-21-1152959844-3645458174-3779170896-1000"></Security>
</System>
<EventData><Data Name="serverName">localhost</Data>
<Data Name="namespaceName">root\microsoft\windows\servermanager</Data>
<Data Name="wmiClassName">MSFT_ServerManagerTasks</Data>
<Data Name="methodName">GetServerEventDetail</Data>
<Data Name="protocol">DCOM</Data>
</EventData>
</Event>

<Event xmlns="http://schemas.microsoft.com/win/2004/08/events/event"><System><Provider Name="Microsoft-Windows-ServerManager-MultiMachine" Guid="{d8d37081-10bd-4a89-a971-1cda6899bdb3}"></Provider>
<EventID Qualifiers="">217</EventID>
<Version>0</Version>
<Level>4</Level>
<Task>17</Task>
<Opcode>0</Opcode>
<Keywords>0x2000000000000000</Keywords>
<TimeCreated SystemTime="2020-10-27 02:10:58.771881"></TimeCreated>
<EventRecordID>369</EventRecordID>
<Correlation ActivityID="{f5d19567-d87a-4f70-9c1d-916a6c79f46f}" RelatedActivityID=""></Correlation>
<Execution ProcessID="3388" ThreadID="4556"></Execution>
<Channel>Microsoft-Windows-ServerManager-MultiMachine/Operational</Channel>
<Computer>WIN-PTFPHFCRDJ0</Computer>
<Security UserID="S-1-5-21-1152959844-3645458174-3779170896-1000"></Security>
</System>
<EventData><Data Name="serverName">localhost</Data>
<Data Name="namespaceName">root\microsoft\windows\servermanager</Data>
<Data Name="wmiClassName">MSFT_ServerManagerTasks</Data>
<Data Name="methodName">GetServerBpaResult</Data>
<Data Name="protocol">DCOM</Data>
</EventData>
</Event>

<Event xmlns="http://schemas.microsoft.com/win/2004/08/events/event"><System><Provider Name="Microsoft-Windows-ServerManager-MultiMachine" Guid="{d8d37081-10bd-4a89-a971-1cda6899bdb3}"></Provider>
<EventID Qualifiers="">217</EventID>
<Version>0</Version>
<Level>4</Level>
<Task>17</Task>
<Opcode>0</Opcode>
<Keywords>0x2000000000000000</Keywords>
<TimeCreated SystemTime="2020-10-27 02:10:58.940037"></TimeCreated>
<EventRecordID>370</EventRecordID>
<Correlation ActivityID="{f5d19567-d87a-4f70-9c1d-916a6c79f46f}" RelatedActivityID=""></Correlation>
<Execution ProcessID="3388" ThreadID="4556"></Execution>
<Channel>Microsoft-Windows-ServerManager-MultiMachine/Operational</Channel>
<Computer>WIN-PTFPHFCRDJ0</Computer>
<Security UserID="S-1-5-21-1152959844-3645458174-3779170896-1000"></Security>
</System>
<EventData><Data Name="serverName">localhost</Data>
<Data Name="namespaceName">root\microsoft\windows\servermanager</Data>
<Data Name="wmiClassName">MSFT_ServerManagerTasks</Data>
<Data Name="methodName">GetServerBpaResult</Data>
<Data Name="protocol">DCOM</Data>
</EventData>
</Event>

<Event xmlns="http://schemas.microsoft.com/win/2004/08/events/event"><System><Provider Name="Microsoft-Windows-ServerManager-MultiMachine" Guid="{d8d37081-10bd-4a89-a971-1cda6899bdb3}"></Provider>
<EventID Qualifiers="">215</EventID>
<Version>0</Version>
<Level>4</Level>
<Task>17</Task>
<Opcode>0</Opcode>
<Keywords>0x2000000000000000</Keywords>
<TimeCreated SystemTime="2020-10-27 02:10:58.940088"></TimeCreated>
<EventRecordID>371</EventRecordID>
<Correlation ActivityID="{f5d19567-d87a-4f70-9c1d-916a6c79f46f}" RelatedActivityID=""></Correlation>
<Execution ProcessID="3388" ThreadID="4556"></Execution>
<Channel>Microsoft-Windows-ServerManager-MultiMachine/Operational</Channel>
<Computer>WIN-PTFPHFCRDJ0</Computer>
<Security UserID="S-1-5-21-1152959844-3645458174-3779170896-1000"></Security>
</System>
<EventData><Data Name="serverName">localhost</Data>
<Data Name="namespaceName">root\microsoft\windows\servermanager</Data>
<Data Name="wmiClassName">MSFT_ServerManagerTasks</Data>
<Data Name="methodName">GetServerBpaResult</Data>
<Data Name="protocol">DCOM</Data>
</EventData>
</Event>

<Event xmlns="http://schemas.microsoft.com/win/2004/08/events/event"><System><Provider Name="Microsoft-Windows-ServerManager-MultiMachine" Guid="{d8d37081-10bd-4a89-a971-1cda6899bdb3}"></Provider>
<EventID Qualifiers="">192</EventID>
<Version>0</Version>
<Level>4</Level>
<Task>10</Task>
<Opcode>0</Opcode>
<Keywords>0x2000000000000000</Keywords>
<TimeCreated SystemTime="2020-10-27 02:10:59.195337"></TimeCreated>
<EventRecordID>372</EventRecordID>
<Correlation ActivityID="{c1d773ab-8207-4ae1-abdc-3be9678fc985}" RelatedActivityID=""></Correlation>
<Execution ProcessID="3388" ThreadID="4740"></Execution>
<Channel>Microsoft-Windows-ServerManager-MultiMachine/Operational</Channel>
<Computer>WIN-PTFPHFCRDJ0</Computer>
<Security UserID="S-1-5-21-1152959844-3645458174-3779170896-1000"></Security>
</System>
<EventData><Data Name="MachineName">WIN-PTFPHFCRDJ0</Data>
<Data Name="Count">1</Data>
</EventData>
</Event>

<Event xmlns="http://schemas.microsoft.com/win/2004/08/events/event"><System><Provider Name="Microsoft-Windows-ServerManager-MultiMachine" Guid="{d8d37081-10bd-4a89-a971-1cda6899bdb3}"></Provider>
<EventID Qualifiers="">172</EventID>
<Version>0</Version>
<Level>4</Level>
<Task>10</Task>
<Opcode>0</Opcode>
<Keywords>0x2000000000000000</Keywords>
<TimeCreated SystemTime="2020-10-27 02:10:59.195770"></TimeCreated>
<EventRecordID>373</EventRecordID>
<Correlation ActivityID="{c1d773ab-8207-4ae1-abdc-3be9678fc985}" RelatedActivityID=""></Correlation>
<Execution ProcessID="3388" ThreadID="4740"></Execution>
<Channel>Microsoft-Windows-ServerManager-MultiMachine/Operational</Channel>
<Computer>WIN-PTFPHFCRDJ0</Computer>
<Security UserID="S-1-5-21-1152959844-3645458174-3779170896-1000"></Security>
</System>
<EventData><Data Name="ID">{ce95f9b0-afc6-46b5-ad15-7d1cfaa0c90a}</Data>
</EventData>
</Event>

<Event xmlns="http://schemas.microsoft.com/win/2004/08/events/event"><System><Provider Name="Microsoft-Windows-ServerManager-MultiMachine" Guid="{d8d37081-10bd-4a89-a971-1cda6899bdb3}"></Provider>
<EventID Qualifiers="">32</EventID>
<Version>0</Version>
<Level>4</Level>
<Task>1</Task>
<Opcode>2</Opcode>
<Keywords>0x2000000000000000</Keywords>
<TimeCreated SystemTime="2020-10-27 02:11:02.366690"></TimeCreated>
<EventRecordID>374</EventRecordID>
<Correlation ActivityID="" RelatedActivityID=""></Correlation>
<Execution ProcessID="3388" ThreadID="4840"></Execution>
<Channel>Microsoft-Windows-ServerManager-MultiMachine/Operational</Channel>
<Computer>WIN-PTFPHFCRDJ0</Computer>
<Security UserID="S-1-5-21-1152959844-3645458174-3779170896-1000"></Security>
</System>
<EventData><Data Name="roleId">481</Data>
</EventData>
</Event>

<Event xmlns="http://schemas.microsoft.com/win/2004/08/events/event"><System><Provider Name="Microsoft-Windows-ServerManager-MultiMachine" Guid="{d8d37081-10bd-4a89-a971-1cda6899bdb3}"></Provider>
<EventID Qualifiers="">58</EventID>
<Version>0</Version>
<Level>4</Level>
<Task>9</Task>
<Opcode>0</Opcode>
<Keywords>0x2000000000000000</Keywords>
<TimeCreated SystemTime="2020-10-27 02:17:50.417889"></TimeCreated>
<EventRecordID>375</EventRecordID>
<Correlation ActivityID="" RelatedActivityID=""></Correlation>
<Execution ProcessID="3388" ThreadID="4168"></Execution>
<Channel>Microsoft-Windows-ServerManager-MultiMachine/Operational</Channel>
<Computer>WIN-PTFPHFCRDJ0</Computer>
<Security UserID="S-1-5-21-1152959844-3645458174-3779170896-1000"></Security>
</System>
<EventData></EventData>
</Event>

<Event xmlns="http://schemas.microsoft.com/win/2004/08/events/event"><System><Provider Name="Microsoft-Windows-ServerManager-MultiMachine" Guid="{d8d37081-10bd-4a89-a971-1cda6899bdb3}"></Provider>
<EventID Qualifiers="">98</EventID>
<Version>0</Version>
<Level>4</Level>
<Task>7</Task>
<Opcode>1</Opcode>
<Keywords>0x2000000000000000</Keywords>
<TimeCreated SystemTime="2020-10-27 02:17:50.423527"></TimeCreated>
<EventRecordID>376</EventRecordID>
<Correlation ActivityID="" RelatedActivityID=""></Correlation>
<Execution ProcessID="3388" ThreadID="4160"></Execution>
<Channel>Microsoft-Windows-ServerManager-MultiMachine/Operational</Channel>
<Computer>WIN-PTFPHFCRDJ0</Computer>
<Security UserID="S-1-5-21-1152959844-3645458174-3779170896-1000"></Security>
</System>
<EventData></EventData>
</Event>

<Event xmlns="http://schemas.microsoft.com/win/2004/08/events/event"><System><Provider Name="Microsoft-Windows-ServerManager-MultiMachine" Guid="{d8d37081-10bd-4a89-a971-1cda6899bdb3}"></Provider>
<EventID Qualifiers="">99</EventID>
<Version>0</Version>
<Level>4</Level>
<Task>7</Task>
<Opcode>2</Opcode>
<Keywords>0x2000000000000000</Keywords>
<TimeCreated SystemTime="2020-10-27 02:17:50.443201"></TimeCreated>
<EventRecordID>377</EventRecordID>
<Correlation ActivityID="" RelatedActivityID=""></Correlation>
<Execution ProcessID="3388" ThreadID="4160"></Execution>
<Channel>Microsoft-Windows-ServerManager-MultiMachine/Operational</Channel>
<Computer>WIN-PTFPHFCRDJ0</Computer>
<Security UserID="S-1-5-21-1152959844-3645458174-3779170896-1000"></Security>
</System>
<EventData></EventData>
</Event>

<Event xmlns="http://schemas.microsoft.com/win/2004/08/events/event"><System><Provider Name="Microsoft-Windows-ServerManager-MultiMachine" Guid="{d8d37081-10bd-4a89-a971-1cda6899bdb3}"></Provider>
<EventID Qualifiers="">34</EventID>
<Version>0</Version>
<Level>4</Level>
<Task>2</Task>
<Opcode>1</Opcode>
<Keywords>0x2000000000000000</Keywords>
<TimeCreated SystemTime="2020-10-27 02:17:50.476503"></TimeCreated>
<EventRecordID>378</EventRecordID>
<Correlation ActivityID="" RelatedActivityID=""></Correlation>
<Execution ProcessID="3388" ThreadID="4160"></Execution>
<Channel>Microsoft-Windows-ServerManager-MultiMachine/Operational</Channel>
<Computer>WIN-PTFPHFCRDJ0</Computer>
<Security UserID="S-1-5-21-1152959844-3645458174-3779170896-1000"></Security>
</System>
<EventData><Data Name="roleId">481</Data>
</EventData>
</Event>

<Event xmlns="http://schemas.microsoft.com/win/2004/08/events/event"><System><Provider Name="Microsoft-Windows-ServerManager-MultiMachine" Guid="{d8d37081-10bd-4a89-a971-1cda6899bdb3}"></Provider>
<EventID Qualifiers="">97</EventID>
<Version>0</Version>
<Level>4</Level>
<Task>9</Task>
<Opcode>0</Opcode>
<Keywords>0x2000000000000000</Keywords>
<TimeCreated SystemTime="2020-10-27 02:17:50.567911"></TimeCreated>
<EventRecordID>379</EventRecordID>
<Correlation ActivityID="" RelatedActivityID=""></Correlation>
<Execution ProcessID="3388" ThreadID="4168"></Execution>
<Channel>Microsoft-Windows-ServerManager-MultiMachine/Operational</Channel>
<Computer>WIN-PTFPHFCRDJ0</Computer>
<Security UserID="S-1-5-21-1152959844-3645458174-3779170896-1000"></Security>
</System>
<EventData></EventData>
</Event>

</Events>
