<?xml version="1.1" encoding="utf-8" standalone="yes" ?>

<Events>
<Event xmlns="http://schemas.microsoft.com/win/2004/08/events/event"><System><Provider Name="Microsoft-Windows-Crypto-DPAPI" Guid="{89fe8f40-cdce-464e-8217-15ef97d4c7c3}"></Provider>
<EventID Qualifiers="">1</EventID>
<Version>0</Version>
<Level>4</Level>
<Task>2</Task>
<Opcode>0</Opcode>
<Keywords>0x8000000000000002</Keywords>
<TimeCreated SystemTime="2020-10-23 09:20:53.182812"></TimeCreated>
<EventRecordID>1</EventRecordID>
<Correlation ActivityID="" RelatedActivityID=""></Correlation>
<Execution ProcessID="808" ThreadID="868"></Execution>
<Channel>Microsoft-Windows-Crypto-DPAPI/Operational</Channel>
<Computer>WIN-PTFPHFCRDJ0</Computer>
<Security UserID="S-1-5-18"></Security>
</System>
<EventData><Data Name="MasterKeyGUID">{eb0ca474-ac1a-45c6-907b-ea9812e2d1e2}</Data>
<Data Name="UserStorage">C:\Windows\system32\Microsoft\Protect\S-1-5-18\User\</Data>
</EventData>
</Event>

<Event xmlns="http://schemas.microsoft.com/win/2004/08/events/event"><System><Provider Name="Microsoft-Windows-Crypto-DPAPI" Guid="{89fe8f40-cdce-464e-8217-15ef97d4c7c3}"></Provider>
<EventID Qualifiers="">1</EventID>
<Version>0</Version>
<Level>4</Level>
<Task>2</Task>
<Opcode>0</Opcode>
<Keywords>0x8000000000000002</Keywords>
<TimeCreated SystemTime="2020-10-23 09:20:57.923365"></TimeCreated>
<EventRecordID>2</EventRecordID>
<Correlation ActivityID="{c5ffa37c-a91d-0000-a7a7-ffc51da9d601}" RelatedActivityID=""></Correlation>
<Execution ProcessID="808" ThreadID="864"></Execution>
<Channel>Microsoft-Windows-Crypto-DPAPI/Operational</Channel>
<Computer>WIN-PTFPHFCRDJ0</Computer>
<Security UserID="S-1-5-18"></Security>
</System>
<EventData><Data Name="MasterKeyGUID">{86c98974-11ff-4697-937e-eb39b64ca272}</Data>
<Data Name="UserStorage">C:\Windows\system32\Microsoft\Protect\S-1-5-18\</Data>
</EventData>
</Event>

<Event xmlns="http://schemas.microsoft.com/win/2004/08/events/event"><System><Provider Name="Microsoft-Windows-Crypto-DPAPI" Guid="{89fe8f40-cdce-464e-8217-15ef97d4c7c3}"></Provider>
<EventID Qualifiers="">1</EventID>
<Version>0</Version>
<Level>4</Level>
<Task>2</Task>
<Opcode>0</Opcode>
<Keywords>0x8000000000000002</Keywords>
<TimeCreated SystemTime="2020-10-23 09:21:35.065325"></TimeCreated>
<EventRecordID>3</EventRecordID>
<Correlation ActivityID="{c5ffa37c-a91d-0000-a7a7-ffc51da9d601}" RelatedActivityID=""></Correlation>
<Execution ProcessID="808" ThreadID="864"></Execution>
<Channel>Microsoft-Windows-Crypto-DPAPI/Operational</Channel>
<Computer>WIN-PTFPHFCRDJ0</Computer>
<Security UserID="S-1-5-18"></Security>
</System>
<EventData><Data Name="MasterKeyGUID">{66d6ca25-7ea4-4df7-9274-16baa84dc301}</Data>
<Data Name="UserStorage">C:\Windows\system32\Microsoft\Protect\S-1-5-18\</Data>
</EventData>
</Event>

<Event xmlns="http://schemas.microsoft.com/win/2004/08/events/event"><System><Provider Name="Microsoft-Windows-Crypto-DPAPI" Guid="{89fe8f40-cdce-464e-8217-15ef97d4c7c3}"></Provider>
<EventID Qualifiers="">1</EventID>
<Version>0</Version>
<Level>4</Level>
<Task>2</Task>
<Opcode>0</Opcode>
<Keywords>0x8000000000000002</Keywords>
<TimeCreated SystemTime="2020-10-23 09:21:35.079336"></TimeCreated>
<EventRecordID>4</EventRecordID>
<Correlation ActivityID="{c5ffa37c-a91d-0000-a7a7-ffc51da9d601}" RelatedActivityID=""></Correlation>
<Execution ProcessID="808" ThreadID="864"></Execution>
<Channel>Microsoft-Windows-Crypto-DPAPI/Operational</Channel>
<Computer>WIN-PTFPHFCRDJ0</Computer>
<Security UserID="S-1-5-18"></Security>
</System>
<EventData><Data Name="MasterKeyGUID">{725ec6e1-732e-4b30-a5cf-00b4c6b3b32a}</Data>
<Data Name="UserStorage">C:\Windows\system32\Microsoft\Protect\S-1-5-18\User\</Data>
</EventData>
</Event>

<Event xmlns="http://schemas.microsoft.com/win/2004/08/events/event"><System><Provider Name="Microsoft-Windows-Crypto-DPAPI" Guid="{89fe8f40-cdce-464e-8217-15ef97d4c7c3}"></Provider>
<EventID Qualifiers="">12289</EventID>
<Version>0</Version>
<Level>4</Level>
<Task>8</Task>
<Opcode>0</Opcode>
<Keywords>0x8000000000000008</Keywords>
<TimeCreated SystemTime="2020-10-22 20:52:24.547907"></TimeCreated>
<EventRecordID>5</EventRecordID>
<Correlation ActivityID="{f2d9b0db-a91d-0000-c9c1-d9f21da9d601}" RelatedActivityID=""></Correlation>
<Execution ProcessID="792" ThreadID="1384"></Execution>
<Channel>Microsoft-Windows-Crypto-DPAPI/Operational</Channel>
<Computer>WIN-PTFPHFCRDJ0</Computer>
<Security UserID="S-1-5-18"></Security>
</System>
<EventData><Data Name="CredKeyIdentifier">gxaEdquYfKCHVduhEgWFRDHnnUtVaNyRMGJNYeeBSV8=</Data>
<Data Name="UserName">user</Data>
<Data Name="UserSid">S-1-5-21-1152959844-3645458174-3779170896-1000</Data>
</EventData>
</Event>

<Event xmlns="http://schemas.microsoft.com/win/2004/08/events/event"><System><Provider Name="Microsoft-Windows-Crypto-DPAPI" Guid="{89fe8f40-cdce-464e-8217-15ef97d4c7c3}"></Provider>
<EventID Qualifiers="">12289</EventID>
<Version>0</Version>
<Level>4</Level>
<Task>8</Task>
<Opcode>0</Opcode>
<Keywords>0x8000000000000008</Keywords>
<TimeCreated SystemTime="2020-10-22 20:52:24.550999"></TimeCreated>
<EventRecordID>6</EventRecordID>
<Correlation ActivityID="{f2d9b0db-a91d-0000-46b4-d9f21da9d601}" RelatedActivityID=""></Correlation>
<Execution ProcessID="792" ThreadID="1384"></Execution>
<Channel>Microsoft-Windows-Crypto-DPAPI/Operational</Channel>
<Computer>WIN-PTFPHFCRDJ0</Computer>
<Security UserID="S-1-5-18"></Security>
</System>
<EventData><Data Name="CredKeyIdentifier">gxaEdquYfKCHVduhEgWFRDHnnUtVaNyRMGJNYeeBSV8=</Data>
<Data Name="UserName">user</Data>
<Data Name="UserSid">S-1-5-21-1152959844-3645458174-3779170896-1000</Data>
</EventData>
</Event>

<Event xmlns="http://schemas.microsoft.com/win/2004/08/events/event"><System><Provider Name="Microsoft-Windows-Crypto-DPAPI" Guid="{89fe8f40-cdce-464e-8217-15ef97d4c7c3}"></Provider>
<EventID Qualifiers="">12289</EventID>
<Version>0</Version>
<Level>4</Level>
<Task>8</Task>
<Opcode>0</Opcode>
<Keywords>0x8000000000000008</Keywords>
<TimeCreated SystemTime="2020-10-22 20:52:24.551041"></TimeCreated>
<EventRecordID>7</EventRecordID>
<Correlation ActivityID="{f2d9b0db-a91d-0000-46b4-d9f21da9d601}" RelatedActivityID=""></Correlation>
<Execution ProcessID="792" ThreadID="1384"></Execution>
<Channel>Microsoft-Windows-Crypto-DPAPI/Operational</Channel>
<Computer>WIN-PTFPHFCRDJ0</Computer>
<Security UserID="S-1-5-18"></Security>
</System>
<EventData><Data Name="CredKeyIdentifier">gxaEdquYfKCHVduhEgWFRDHnnUtVaNyRMGJNYeeBSV8=</Data>
<Data Name="UserName">user</Data>
<Data Name="UserSid">S-1-5-21-1152959844-3645458174-3779170896-1000</Data>
</EventData>
</Event>

<Event xmlns="http://schemas.microsoft.com/win/2004/08/events/event"><System><Provider Name="Microsoft-Windows-Crypto-DPAPI" Guid="{89fe8f40-cdce-464e-8217-15ef97d4c7c3}"></Provider>
<EventID Qualifiers="">1</EventID>
<Version>0</Version>
<Level>4</Level>
<Task>2</Task>
<Opcode>0</Opcode>
<Keywords>0x8000000000000002</Keywords>
<TimeCreated SystemTime="2020-10-22 20:52:25.824751"></TimeCreated>
<EventRecordID>8</EventRecordID>
<Correlation ActivityID="" RelatedActivityID=""></Correlation>
<Execution ProcessID="792" ThreadID="832"></Execution>
<Channel>Microsoft-Windows-Crypto-DPAPI/Operational</Channel>
<Computer>WIN-PTFPHFCRDJ0</Computer>
<Security UserID="S-1-5-18"></Security>
</System>
<EventData><Data Name="MasterKeyGUID">{ada42ef0-02d6-4251-ae47-d5e26f7cda56}</Data>
<Data Name="UserStorage">C:\Users\user\AppData\Roaming\Microsoft\Protect\S-1-5-21-1152959844-3645458174-3779170896-1000\</Data>
</EventData>
</Event>

<Event xmlns="http://schemas.microsoft.com/win/2004/08/events/event"><System><Provider Name="Microsoft-Windows-Crypto-DPAPI" Guid="{89fe8f40-cdce-464e-8217-15ef97d4c7c3}"></Provider>
<EventID Qualifiers="">12289</EventID>
<Version>0</Version>
<Level>4</Level>
<Task>8</Task>
<Opcode>0</Opcode>
<Keywords>0x8000000000000008</Keywords>
<TimeCreated SystemTime="2020-10-22 20:57:31.907162"></TimeCreated>
<EventRecordID>9</EventRecordID>
<Correlation ActivityID="{eae887f7-a8b5-0000-6e92-e8eab5a8d601}" RelatedActivityID=""></Correlation>
<Execution ProcessID="824" ThreadID="860"></Execution>
<Channel>Microsoft-Windows-Crypto-DPAPI/Operational</Channel>
<Computer>WIN-PTFPHFCRDJ0</Computer>
<Security UserID="S-1-5-18"></Security>
</System>
<EventData><Data Name="CredKeyIdentifier">gxaEdquYfKCHVduhEgWFRDHnnUtVaNyRMGJNYeeBSV8=</Data>
<Data Name="UserName">user</Data>
<Data Name="UserSid">S-1-5-21-1152959844-3645458174-3779170896-1000</Data>
</EventData>
</Event>

<Event xmlns="http://schemas.microsoft.com/win/2004/08/events/event"><System><Provider Name="Microsoft-Windows-Crypto-DPAPI" Guid="{89fe8f40-cdce-464e-8217-15ef97d4c7c3}"></Provider>
<EventID Qualifiers="">12289</EventID>
<Version>0</Version>
<Level>4</Level>
<Task>8</Task>
<Opcode>0</Opcode>
<Keywords>0x8000000000000008</Keywords>
<TimeCreated SystemTime="2020-10-22 20:57:31.909908"></TimeCreated>
<EventRecordID>10</EventRecordID>
<Correlation ActivityID="{eae887f7-a8b5-0000-7c8b-e8eab5a8d601}" RelatedActivityID=""></Correlation>
<Execution ProcessID="824" ThreadID="860"></Execution>
<Channel>Microsoft-Windows-Crypto-DPAPI/Operational</Channel>
<Computer>WIN-PTFPHFCRDJ0</Computer>
<Security UserID="S-1-5-18"></Security>
</System>
<EventData><Data Name="CredKeyIdentifier">gxaEdquYfKCHVduhEgWFRDHnnUtVaNyRMGJNYeeBSV8=</Data>
<Data Name="UserName">user</Data>
<Data Name="UserSid">S-1-5-21-1152959844-3645458174-3779170896-1000</Data>
</EventData>
</Event>

<Event xmlns="http://schemas.microsoft.com/win/2004/08/events/event"><System><Provider Name="Microsoft-Windows-Crypto-DPAPI" Guid="{89fe8f40-cdce-464e-8217-15ef97d4c7c3}"></Provider>
<EventID Qualifiers="">12289</EventID>
<Version>0</Version>
<Level>4</Level>
<Task>8</Task>
<Opcode>0</Opcode>
<Keywords>0x8000000000000008</Keywords>
<TimeCreated SystemTime="2020-10-22 20:57:31.909952"></TimeCreated>
<EventRecordID>11</EventRecordID>
<Correlation ActivityID="{eae887f7-a8b5-0000-7c8b-e8eab5a8d601}" RelatedActivityID=""></Correlation>
<Execution ProcessID="824" ThreadID="860"></Execution>
<Channel>Microsoft-Windows-Crypto-DPAPI/Operational</Channel>
<Computer>WIN-PTFPHFCRDJ0</Computer>
<Security UserID="S-1-5-18"></Security>
</System>
<EventData><Data Name="CredKeyIdentifier">gxaEdquYfKCHVduhEgWFRDHnnUtVaNyRMGJNYeeBSV8=</Data>
<Data Name="UserName">user</Data>
<Data Name="UserSid">S-1-5-21-1152959844-3645458174-3779170896-1000</Data>
</EventData>
</Event>

<Event xmlns="http://schemas.microsoft.com/win/2004/08/events/event"><System><Provider Name="Microsoft-Windows-Crypto-DPAPI" Guid="{89fe8f40-cdce-464e-8217-15ef97d4c7c3}"></Provider>
<EventID Qualifiers="">12289</EventID>
<Version>0</Version>
<Level>4</Level>
<Task>8</Task>
<Opcode>0</Opcode>
<Keywords>0x8000000000000008</Keywords>
<TimeCreated SystemTime="2020-10-22 22:30:57.986547"></TimeCreated>
<EventRecordID>12</EventRecordID>
<Correlation ActivityID="{eae887f7-a8b5-0000-a098-e9eab5a8d601}" RelatedActivityID=""></Correlation>
<Execution ProcessID="824" ThreadID="876"></Execution>
<Channel>Microsoft-Windows-Crypto-DPAPI/Operational</Channel>
<Computer>WIN-PTFPHFCRDJ0</Computer>
<Security UserID="S-1-5-18"></Security>
</System>
<EventData><Data Name="CredKeyIdentifier">gxaEdquYfKCHVduhEgWFRDHnnUtVaNyRMGJNYeeBSV8=</Data>
<Data Name="UserName">user</Data>
<Data Name="UserSid">S-1-5-21-1152959844-3645458174-3779170896-1000</Data>
</EventData>
</Event>

<Event xmlns="http://schemas.microsoft.com/win/2004/08/events/event"><System><Provider Name="Microsoft-Windows-Crypto-DPAPI" Guid="{89fe8f40-cdce-464e-8217-15ef97d4c7c3}"></Provider>
<EventID Qualifiers="">12289</EventID>
<Version>0</Version>
<Level>4</Level>
<Task>8</Task>
<Opcode>0</Opcode>
<Keywords>0x8000000000000008</Keywords>
<TimeCreated SystemTime="2020-10-22 22:30:58.173483"></TimeCreated>
<EventRecordID>13</EventRecordID>
<Correlation ActivityID="{eae887f7-a8b5-0000-7c8b-e8eab5a8d601}" RelatedActivityID=""></Correlation>
<Execution ProcessID="824" ThreadID="876"></Execution>
<Channel>Microsoft-Windows-Crypto-DPAPI/Operational</Channel>
<Computer>WIN-PTFPHFCRDJ0</Computer>
<Security UserID="S-1-5-18"></Security>
</System>
<EventData><Data Name="CredKeyIdentifier">gxaEdquYfKCHVduhEgWFRDHnnUtVaNyRMGJNYeeBSV8=</Data>
<Data Name="UserName">user</Data>
<Data Name="UserSid">S-1-5-21-1152959844-3645458174-3779170896-1000</Data>
</EventData>
</Event>

<Event xmlns="http://schemas.microsoft.com/win/2004/08/events/event"><System><Provider Name="Microsoft-Windows-Crypto-DPAPI" Guid="{89fe8f40-cdce-464e-8217-15ef97d4c7c3}"></Provider>
<EventID Qualifiers="">12289</EventID>
<Version>0</Version>
<Level>4</Level>
<Task>8</Task>
<Opcode>0</Opcode>
<Keywords>0x8000000000000008</Keywords>
<TimeCreated SystemTime="2020-10-22 22:30:58.173553"></TimeCreated>
<EventRecordID>14</EventRecordID>
<Correlation ActivityID="{eae887f7-a8b5-0000-7c8b-e8eab5a8d601}" RelatedActivityID=""></Correlation>
<Execution ProcessID="824" ThreadID="876"></Execution>
<Channel>Microsoft-Windows-Crypto-DPAPI/Operational</Channel>
<Computer>WIN-PTFPHFCRDJ0</Computer>
<Security UserID="S-1-5-18"></Security>
</System>
<EventData><Data Name="CredKeyIdentifier">gxaEdquYfKCHVduhEgWFRDHnnUtVaNyRMGJNYeeBSV8=</Data>
<Data Name="UserName">user</Data>
<Data Name="UserSid">S-1-5-21-1152959844-3645458174-3779170896-1000</Data>
</EventData>
</Event>

<Event xmlns="http://schemas.microsoft.com/win/2004/08/events/event"><System><Provider Name="Microsoft-Windows-Crypto-DPAPI" Guid="{89fe8f40-cdce-464e-8217-15ef97d4c7c3}"></Provider>
<EventID Qualifiers="">12289</EventID>
<Version>0</Version>
<Level>4</Level>
<Task>8</Task>
<Opcode>0</Opcode>
<Keywords>0x8000000000000008</Keywords>
<TimeCreated SystemTime="2020-10-22 22:30:58.173645"></TimeCreated>
<EventRecordID>15</EventRecordID>
<Correlation ActivityID="{eae887f7-a8b5-0000-7c8b-e8eab5a8d601}" RelatedActivityID=""></Correlation>
<Execution ProcessID="824" ThreadID="876"></Execution>
<Channel>Microsoft-Windows-Crypto-DPAPI/Operational</Channel>
<Computer>WIN-PTFPHFCRDJ0</Computer>
<Security UserID="S-1-5-18"></Security>
</System>
<EventData><Data Name="CredKeyIdentifier">gxaEdquYfKCHVduhEgWFRDHnnUtVaNyRMGJNYeeBSV8=</Data>
<Data Name="UserName">user</Data>
<Data Name="UserSid">S-1-5-21-1152959844-3645458174-3779170896-1000</Data>
</EventData>
</Event>

<Event xmlns="http://schemas.microsoft.com/win/2004/08/events/event"><System><Provider Name="Microsoft-Windows-Crypto-DPAPI" Guid="{89fe8f40-cdce-464e-8217-15ef97d4c7c3}"></Provider>
<EventID Qualifiers="">12289</EventID>
<Version>0</Version>
<Level>4</Level>
<Task>8</Task>
<Opcode>0</Opcode>
<Keywords>0x8000000000000008</Keywords>
<TimeCreated SystemTime="2020-10-22 22:30:58.173731"></TimeCreated>
<EventRecordID>16</EventRecordID>
<Correlation ActivityID="{eae887f7-a8b5-0000-7c8b-e8eab5a8d601}" RelatedActivityID=""></Correlation>
<Execution ProcessID="824" ThreadID="876"></Execution>
<Channel>Microsoft-Windows-Crypto-DPAPI/Operational</Channel>
<Computer>WIN-PTFPHFCRDJ0</Computer>
<Security UserID="S-1-5-18"></Security>
</System>
<EventData><Data Name="CredKeyIdentifier">gxaEdquYfKCHVduhEgWFRDHnnUtVaNyRMGJNYeeBSV8=</Data>
<Data Name="UserName">user</Data>
<Data Name="UserSid">S-1-5-21-1152959844-3645458174-3779170896-1000</Data>
</EventData>
</Event>

<Event xmlns="http://schemas.microsoft.com/win/2004/08/events/event"><System><Provider Name="Microsoft-Windows-Crypto-DPAPI" Guid="{89fe8f40-cdce-464e-8217-15ef97d4c7c3}"></Provider>
<EventID Qualifiers="">12289</EventID>
<Version>0</Version>
<Level>4</Level>
<Task>8</Task>
<Opcode>0</Opcode>
<Keywords>0x8000000000000008</Keywords>
<TimeCreated SystemTime="2020-10-22 22:37:43.302292"></TimeCreated>
<EventRecordID>17</EventRecordID>
<Correlation ActivityID="{eae887f7-a8b5-0000-dda1-e9eab5a8d601}" RelatedActivityID=""></Correlation>
<Execution ProcessID="824" ThreadID="2372"></Execution>
<Channel>Microsoft-Windows-Crypto-DPAPI/Operational</Channel>
<Computer>WIN-PTFPHFCRDJ0</Computer>
<Security UserID="S-1-5-18"></Security>
</System>
<EventData><Data Name="CredKeyIdentifier">gxaEdquYfKCHVduhEgWFRDHnnUtVaNyRMGJNYeeBSV8=</Data>
<Data Name="UserName">user</Data>
<Data Name="UserSid">S-1-5-21-1152959844-3645458174-3779170896-1000</Data>
</EventData>
</Event>

<Event xmlns="http://schemas.microsoft.com/win/2004/08/events/event"><System><Provider Name="Microsoft-Windows-Crypto-DPAPI" Guid="{89fe8f40-cdce-464e-8217-15ef97d4c7c3}"></Provider>
<EventID Qualifiers="">12289</EventID>
<Version>0</Version>
<Level>4</Level>
<Task>8</Task>
<Opcode>0</Opcode>
<Keywords>0x8000000000000008</Keywords>
<TimeCreated SystemTime="2020-10-22 22:37:43.305201"></TimeCreated>
<EventRecordID>18</EventRecordID>
<Correlation ActivityID="{eae887f7-a8b5-0000-7c8b-e8eab5a8d601}" RelatedActivityID=""></Correlation>
<Execution ProcessID="824" ThreadID="2372"></Execution>
<Channel>Microsoft-Windows-Crypto-DPAPI/Operational</Channel>
<Computer>WIN-PTFPHFCRDJ0</Computer>
<Security UserID="S-1-5-18"></Security>
</System>
<EventData><Data Name="CredKeyIdentifier">gxaEdquYfKCHVduhEgWFRDHnnUtVaNyRMGJNYeeBSV8=</Data>
<Data Name="UserName">user</Data>
<Data Name="UserSid">S-1-5-21-1152959844-3645458174-3779170896-1000</Data>
</EventData>
</Event>

<Event xmlns="http://schemas.microsoft.com/win/2004/08/events/event"><System><Provider Name="Microsoft-Windows-Crypto-DPAPI" Guid="{89fe8f40-cdce-464e-8217-15ef97d4c7c3}"></Provider>
<EventID Qualifiers="">12289</EventID>
<Version>0</Version>
<Level>4</Level>
<Task>8</Task>
<Opcode>0</Opcode>
<Keywords>0x8000000000000008</Keywords>
<TimeCreated SystemTime="2020-10-22 22:37:43.305248"></TimeCreated>
<EventRecordID>19</EventRecordID>
<Correlation ActivityID="{eae887f7-a8b5-0000-7c8b-e8eab5a8d601}" RelatedActivityID=""></Correlation>
<Execution ProcessID="824" ThreadID="2372"></Execution>
<Channel>Microsoft-Windows-Crypto-DPAPI/Operational</Channel>
<Computer>WIN-PTFPHFCRDJ0</Computer>
<Security UserID="S-1-5-18"></Security>
</System>
<EventData><Data Name="CredKeyIdentifier">gxaEdquYfKCHVduhEgWFRDHnnUtVaNyRMGJNYeeBSV8=</Data>
<Data Name="UserName">user</Data>
<Data Name="UserSid">S-1-5-21-1152959844-3645458174-3779170896-1000</Data>
</EventData>
</Event>

<Event xmlns="http://schemas.microsoft.com/win/2004/08/events/event"><System><Provider Name="Microsoft-Windows-Crypto-DPAPI" Guid="{89fe8f40-cdce-464e-8217-15ef97d4c7c3}"></Provider>
<EventID Qualifiers="">12289</EventID>
<Version>0</Version>
<Level>4</Level>
<Task>8</Task>
<Opcode>0</Opcode>
<Keywords>0x8000000000000008</Keywords>
<TimeCreated SystemTime="2020-10-22 22:38:59.136189"></TimeCreated>
<EventRecordID>20</EventRecordID>
<Correlation ActivityID="{eae887f7-a8b5-0000-7eac-e9eab5a8d601}" RelatedActivityID=""></Correlation>
<Execution ProcessID="824" ThreadID="2372"></Execution>
<Channel>Microsoft-Windows-Crypto-DPAPI/Operational</Channel>
<Computer>WIN-PTFPHFCRDJ0</Computer>
<Security UserID="S-1-5-18"></Security>
</System>
<EventData><Data Name="CredKeyIdentifier">gxaEdquYfKCHVduhEgWFRDHnnUtVaNyRMGJNYeeBSV8=</Data>
<Data Name="UserName">user</Data>
<Data Name="UserSid">S-1-5-21-1152959844-3645458174-3779170896-1000</Data>
</EventData>
</Event>

<Event xmlns="http://schemas.microsoft.com/win/2004/08/events/event"><System><Provider Name="Microsoft-Windows-Crypto-DPAPI" Guid="{89fe8f40-cdce-464e-8217-15ef97d4c7c3}"></Provider>
<EventID Qualifiers="">12289</EventID>
<Version>0</Version>
<Level>4</Level>
<Task>8</Task>
<Opcode>0</Opcode>
<Keywords>0x8000000000000008</Keywords>
<TimeCreated SystemTime="2020-10-22 22:38:59.181971"></TimeCreated>
<EventRecordID>21</EventRecordID>
<Correlation ActivityID="{eae887f7-a8b5-0000-7c8b-e8eab5a8d601}" RelatedActivityID=""></Correlation>
<Execution ProcessID="824" ThreadID="2372"></Execution>
<Channel>Microsoft-Windows-Crypto-DPAPI/Operational</Channel>
<Computer>WIN-PTFPHFCRDJ0</Computer>
<Security UserID="S-1-5-18"></Security>
</System>
<EventData><Data Name="CredKeyIdentifier">gxaEdquYfKCHVduhEgWFRDHnnUtVaNyRMGJNYeeBSV8=</Data>
<Data Name="UserName">user</Data>
<Data Name="UserSid">S-1-5-21-1152959844-3645458174-3779170896-1000</Data>
</EventData>
</Event>

<Event xmlns="http://schemas.microsoft.com/win/2004/08/events/event"><System><Provider Name="Microsoft-Windows-Crypto-DPAPI" Guid="{89fe8f40-cdce-464e-8217-15ef97d4c7c3}"></Provider>
<EventID Qualifiers="">12289</EventID>
<Version>0</Version>
<Level>4</Level>
<Task>8</Task>
<Opcode>0</Opcode>
<Keywords>0x8000000000000008</Keywords>
<TimeCreated SystemTime="2020-10-22 22:38:59.182014"></TimeCreated>
<EventRecordID>22</EventRecordID>
<Correlation ActivityID="{eae887f7-a8b5-0000-7c8b-e8eab5a8d601}" RelatedActivityID=""></Correlation>
<Execution ProcessID="824" ThreadID="2372"></Execution>
<Channel>Microsoft-Windows-Crypto-DPAPI/Operational</Channel>
<Computer>WIN-PTFPHFCRDJ0</Computer>
<Security UserID="S-1-5-18"></Security>
</System>
<EventData><Data Name="CredKeyIdentifier">gxaEdquYfKCHVduhEgWFRDHnnUtVaNyRMGJNYeeBSV8=</Data>
<Data Name="UserName">user</Data>
<Data Name="UserSid">S-1-5-21-1152959844-3645458174-3779170896-1000</Data>
</EventData>
</Event>

<Event xmlns="http://schemas.microsoft.com/win/2004/08/events/event"><System><Provider Name="Microsoft-Windows-Crypto-DPAPI" Guid="{89fe8f40-cdce-464e-8217-15ef97d4c7c3}"></Provider>
<EventID Qualifiers="">12289</EventID>
<Version>0</Version>
<Level>4</Level>
<Task>8</Task>
<Opcode>0</Opcode>
<Keywords>0x8000000000000008</Keywords>
<TimeCreated SystemTime="2020-10-22 22:38:59.182068"></TimeCreated>
<EventRecordID>23</EventRecordID>
<Correlation ActivityID="{eae887f7-a8b5-0000-7c8b-e8eab5a8d601}" RelatedActivityID=""></Correlation>
<Execution ProcessID="824" ThreadID="2372"></Execution>
<Channel>Microsoft-Windows-Crypto-DPAPI/Operational</Channel>
<Computer>WIN-PTFPHFCRDJ0</Computer>
<Security UserID="S-1-5-18"></Security>
</System>
<EventData><Data Name="CredKeyIdentifier">gxaEdquYfKCHVduhEgWFRDHnnUtVaNyRMGJNYeeBSV8=</Data>
<Data Name="UserName">user</Data>
<Data Name="UserSid">S-1-5-21-1152959844-3645458174-3779170896-1000</Data>
</EventData>
</Event>

<Event xmlns="http://schemas.microsoft.com/win/2004/08/events/event"><System><Provider Name="Microsoft-Windows-Crypto-DPAPI" Guid="{89fe8f40-cdce-464e-8217-15ef97d4c7c3}"></Provider>
<EventID Qualifiers="">12289</EventID>
<Version>0</Version>
<Level>4</Level>
<Task>8</Task>
<Opcode>0</Opcode>
<Keywords>0x8000000000000008</Keywords>
<TimeCreated SystemTime="2020-10-22 22:38:59.182125"></TimeCreated>
<EventRecordID>24</EventRecordID>
<Correlation ActivityID="{eae887f7-a8b5-0000-7c8b-e8eab5a8d601}" RelatedActivityID=""></Correlation>
<Execution ProcessID="824" ThreadID="2372"></Execution>
<Channel>Microsoft-Windows-Crypto-DPAPI/Operational</Channel>
<Computer>WIN-PTFPHFCRDJ0</Computer>
<Security UserID="S-1-5-18"></Security>
</System>
<EventData><Data Name="CredKeyIdentifier">gxaEdquYfKCHVduhEgWFRDHnnUtVaNyRMGJNYeeBSV8=</Data>
<Data Name="UserName">user</Data>
<Data Name="UserSid">S-1-5-21-1152959844-3645458174-3779170896-1000</Data>
</EventData>
</Event>

<Event xmlns="http://schemas.microsoft.com/win/2004/08/events/event"><System><Provider Name="Microsoft-Windows-Crypto-DPAPI" Guid="{89fe8f40-cdce-464e-8217-15ef97d4c7c3}"></Provider>
<EventID Qualifiers="">12289</EventID>
<Version>0</Version>
<Level>4</Level>
<Task>8</Task>
<Opcode>0</Opcode>
<Keywords>0x8000000000000008</Keywords>
<TimeCreated SystemTime="2020-10-22 22:41:27.546539"></TimeCreated>
<EventRecordID>25</EventRecordID>
<Correlation ActivityID="{eae887f7-a8b5-0000-f3af-e9eab5a8d601}" RelatedActivityID=""></Correlation>
<Execution ProcessID="824" ThreadID="1460"></Execution>
<Channel>Microsoft-Windows-Crypto-DPAPI/Operational</Channel>
<Computer>WIN-PTFPHFCRDJ0</Computer>
<Security UserID="S-1-5-18"></Security>
</System>
<EventData><Data Name="CredKeyIdentifier">gxaEdquYfKCHVduhEgWFRDHnnUtVaNyRMGJNYeeBSV8=</Data>
<Data Name="UserName">user</Data>
<Data Name="UserSid">S-1-5-21-1152959844-3645458174-3779170896-1000</Data>
</EventData>
</Event>

<Event xmlns="http://schemas.microsoft.com/win/2004/08/events/event"><System><Provider Name="Microsoft-Windows-Crypto-DPAPI" Guid="{89fe8f40-cdce-464e-8217-15ef97d4c7c3}"></Provider>
<EventID Qualifiers="">12289</EventID>
<Version>0</Version>
<Level>4</Level>
<Task>8</Task>
<Opcode>0</Opcode>
<Keywords>0x8000000000000008</Keywords>
<TimeCreated SystemTime="2020-10-22 22:41:27.549618"></TimeCreated>
<EventRecordID>26</EventRecordID>
<Correlation ActivityID="{eae887f7-a8b5-0000-7c8b-e8eab5a8d601}" RelatedActivityID=""></Correlation>
<Execution ProcessID="824" ThreadID="1460"></Execution>
<Channel>Microsoft-Windows-Crypto-DPAPI/Operational</Channel>
<Computer>WIN-PTFPHFCRDJ0</Computer>
<Security UserID="S-1-5-18"></Security>
</System>
<EventData><Data Name="CredKeyIdentifier">gxaEdquYfKCHVduhEgWFRDHnnUtVaNyRMGJNYeeBSV8=</Data>
<Data Name="UserName">user</Data>
<Data Name="UserSid">S-1-5-21-1152959844-3645458174-3779170896-1000</Data>
</EventData>
</Event>

<Event xmlns="http://schemas.microsoft.com/win/2004/08/events/event"><System><Provider Name="Microsoft-Windows-Crypto-DPAPI" Guid="{89fe8f40-cdce-464e-8217-15ef97d4c7c3}"></Provider>
<EventID Qualifiers="">12289</EventID>
<Version>0</Version>
<Level>4</Level>
<Task>8</Task>
<Opcode>0</Opcode>
<Keywords>0x8000000000000008</Keywords>
<TimeCreated SystemTime="2020-10-22 22:41:27.549667"></TimeCreated>
<EventRecordID>27</EventRecordID>
<Correlation ActivityID="{eae887f7-a8b5-0000-7c8b-e8eab5a8d601}" RelatedActivityID=""></Correlation>
<Execution ProcessID="824" ThreadID="1460"></Execution>
<Channel>Microsoft-Windows-Crypto-DPAPI/Operational</Channel>
<Computer>WIN-PTFPHFCRDJ0</Computer>
<Security UserID="S-1-5-18"></Security>
</System>
<EventData><Data Name="CredKeyIdentifier">gxaEdquYfKCHVduhEgWFRDHnnUtVaNyRMGJNYeeBSV8=</Data>
<Data Name="UserName">user</Data>
<Data Name="UserSid">S-1-5-21-1152959844-3645458174-3779170896-1000</Data>
</EventData>
</Event>

<Event xmlns="http://schemas.microsoft.com/win/2004/08/events/event"><System><Provider Name="Microsoft-Windows-Crypto-DPAPI" Guid="{89fe8f40-cdce-464e-8217-15ef97d4c7c3}"></Provider>
<EventID Qualifiers="">12289</EventID>
<Version>0</Version>
<Level>4</Level>
<Task>8</Task>
<Opcode>0</Opcode>
<Keywords>0x8000000000000008</Keywords>
<TimeCreated SystemTime="2020-10-23 13:59:59.437904"></TimeCreated>
<EventRecordID>28</EventRecordID>
<Correlation ActivityID="{dc304448-a943-0000-4e4e-30dc43a9d601}" RelatedActivityID=""></Correlation>
<Execution ProcessID="836" ThreadID="876"></Execution>
<Channel>Microsoft-Windows-Crypto-DPAPI/Operational</Channel>
<Computer>WIN-PTFPHFCRDJ0</Computer>
<Security UserID="S-1-5-18"></Security>
</System>
<EventData><Data Name="CredKeyIdentifier">gxaEdquYfKCHVduhEgWFRDHnnUtVaNyRMGJNYeeBSV8=</Data>
<Data Name="UserName">user</Data>
<Data Name="UserSid">S-1-5-21-1152959844-3645458174-3779170896-1000</Data>
</EventData>
</Event>

<Event xmlns="http://schemas.microsoft.com/win/2004/08/events/event"><System><Provider Name="Microsoft-Windows-Crypto-DPAPI" Guid="{89fe8f40-cdce-464e-8217-15ef97d4c7c3}"></Provider>
<EventID Qualifiers="">12289</EventID>
<Version>0</Version>
<Level>4</Level>
<Task>8</Task>
<Opcode>0</Opcode>
<Keywords>0x8000000000000008</Keywords>
<TimeCreated SystemTime="2020-10-23 13:59:59.449223"></TimeCreated>
<EventRecordID>29</EventRecordID>
<Correlation ActivityID="{dc304448-a943-0000-3f47-30dc43a9d601}" RelatedActivityID=""></Correlation>
<Execution ProcessID="836" ThreadID="876"></Execution>
<Channel>Microsoft-Windows-Crypto-DPAPI/Operational</Channel>
<Computer>WIN-PTFPHFCRDJ0</Computer>
<Security UserID="S-1-5-18"></Security>
</System>
<EventData><Data Name="CredKeyIdentifier">gxaEdquYfKCHVduhEgWFRDHnnUtVaNyRMGJNYeeBSV8=</Data>
<Data Name="UserName">user</Data>
<Data Name="UserSid">S-1-5-21-1152959844-3645458174-3779170896-1000</Data>
</EventData>
</Event>

<Event xmlns="http://schemas.microsoft.com/win/2004/08/events/event"><System><Provider Name="Microsoft-Windows-Crypto-DPAPI" Guid="{89fe8f40-cdce-464e-8217-15ef97d4c7c3}"></Provider>
<EventID Qualifiers="">12289</EventID>
<Version>0</Version>
<Level>4</Level>
<Task>8</Task>
<Opcode>0</Opcode>
<Keywords>0x8000000000000008</Keywords>
<TimeCreated SystemTime="2020-10-23 13:59:59.449398"></TimeCreated>
<EventRecordID>30</EventRecordID>
<Correlation ActivityID="{dc304448-a943-0000-3f47-30dc43a9d601}" RelatedActivityID=""></Correlation>
<Execution ProcessID="836" ThreadID="876"></Execution>
<Channel>Microsoft-Windows-Crypto-DPAPI/Operational</Channel>
<Computer>WIN-PTFPHFCRDJ0</Computer>
<Security UserID="S-1-5-18"></Security>
</System>
<EventData><Data Name="CredKeyIdentifier">gxaEdquYfKCHVduhEgWFRDHnnUtVaNyRMGJNYeeBSV8=</Data>
<Data Name="UserName">user</Data>
<Data Name="UserSid">S-1-5-21-1152959844-3645458174-3779170896-1000</Data>
</EventData>
</Event>

<Event xmlns="http://schemas.microsoft.com/win/2004/08/events/event"><System><Provider Name="Microsoft-Windows-Crypto-DPAPI" Guid="{89fe8f40-cdce-464e-8217-15ef97d4c7c3}"></Provider>
<EventID Qualifiers="">12289</EventID>
<Version>0</Version>
<Level>4</Level>
<Task>8</Task>
<Opcode>0</Opcode>
<Keywords>0x8000000000000008</Keywords>
<TimeCreated SystemTime="2020-10-23 18:52:38.100159"></TimeCreated>
<EventRecordID>31</EventRecordID>
<Correlation ActivityID="{136949f4-a96d-0000-0354-69136da9d601}" RelatedActivityID=""></Correlation>
<Execution ProcessID="836" ThreadID="888"></Execution>
<Channel>Microsoft-Windows-Crypto-DPAPI/Operational</Channel>
<Computer>WIN-PTFPHFCRDJ0</Computer>
<Security UserID="S-1-5-18"></Security>
</System>
<EventData><Data Name="CredKeyIdentifier">gxaEdquYfKCHVduhEgWFRDHnnUtVaNyRMGJNYeeBSV8=</Data>
<Data Name="UserName">user</Data>
<Data Name="UserSid">S-1-5-21-1152959844-3645458174-3779170896-1000</Data>
</EventData>
</Event>

<Event xmlns="http://schemas.microsoft.com/win/2004/08/events/event"><System><Provider Name="Microsoft-Windows-Crypto-DPAPI" Guid="{89fe8f40-cdce-464e-8217-15ef97d4c7c3}"></Provider>
<EventID Qualifiers="">12289</EventID>
<Version>0</Version>
<Level>4</Level>
<Task>8</Task>
<Opcode>0</Opcode>
<Keywords>0x8000000000000008</Keywords>
<TimeCreated SystemTime="2020-10-23 18:52:38.104300"></TimeCreated>
<EventRecordID>32</EventRecordID>
<Correlation ActivityID="{136949f4-a96d-0000-fd4c-69136da9d601}" RelatedActivityID=""></Correlation>
<Execution ProcessID="836" ThreadID="888"></Execution>
<Channel>Microsoft-Windows-Crypto-DPAPI/Operational</Channel>
<Computer>WIN-PTFPHFCRDJ0</Computer>
<Security UserID="S-1-5-18"></Security>
</System>
<EventData><Data Name="CredKeyIdentifier">gxaEdquYfKCHVduhEgWFRDHnnUtVaNyRMGJNYeeBSV8=</Data>
<Data Name="UserName">user</Data>
<Data Name="UserSid">S-1-5-21-1152959844-3645458174-3779170896-1000</Data>
</EventData>
</Event>

<Event xmlns="http://schemas.microsoft.com/win/2004/08/events/event"><System><Provider Name="Microsoft-Windows-Crypto-DPAPI" Guid="{89fe8f40-cdce-464e-8217-15ef97d4c7c3}"></Provider>
<EventID Qualifiers="">12289</EventID>
<Version>0</Version>
<Level>4</Level>
<Task>8</Task>
<Opcode>0</Opcode>
<Keywords>0x8000000000000008</Keywords>
<TimeCreated SystemTime="2020-10-23 18:52:38.104362"></TimeCreated>
<EventRecordID>33</EventRecordID>
<Correlation ActivityID="{136949f4-a96d-0000-fd4c-69136da9d601}" RelatedActivityID=""></Correlation>
<Execution ProcessID="836" ThreadID="888"></Execution>
<Channel>Microsoft-Windows-Crypto-DPAPI/Operational</Channel>
<Computer>WIN-PTFPHFCRDJ0</Computer>
<Security UserID="S-1-5-18"></Security>
</System>
<EventData><Data Name="CredKeyIdentifier">gxaEdquYfKCHVduhEgWFRDHnnUtVaNyRMGJNYeeBSV8=</Data>
<Data Name="UserName">user</Data>
<Data Name="UserSid">S-1-5-21-1152959844-3645458174-3779170896-1000</Data>
</EventData>
</Event>

<Event xmlns="http://schemas.microsoft.com/win/2004/08/events/event"><System><Provider Name="Microsoft-Windows-Crypto-DPAPI" Guid="{89fe8f40-cdce-464e-8217-15ef97d4c7c3}"></Provider>
<EventID Qualifiers="">12289</EventID>
<Version>0</Version>
<Level>4</Level>
<Task>8</Task>
<Opcode>0</Opcode>
<Keywords>0x8000000000000008</Keywords>
<TimeCreated SystemTime="2020-10-23 18:55:28.794970"></TimeCreated>
<EventRecordID>34</EventRecordID>
<Correlation ActivityID="{136949f4-a96d-0000-4065-69136da9d601}" RelatedActivityID=""></Correlation>
<Execution ProcessID="836" ThreadID="884"></Execution>
<Channel>Microsoft-Windows-Crypto-DPAPI/Operational</Channel>
<Computer>WIN-PTFPHFCRDJ0</Computer>
<Security UserID="S-1-5-18"></Security>
</System>
<EventData><Data Name="CredKeyIdentifier">gxaEdquYfKCHVduhEgWFRDHnnUtVaNyRMGJNYeeBSV8=</Data>
<Data Name="UserName">user</Data>
<Data Name="UserSid">S-1-5-21-1152959844-3645458174-3779170896-1000</Data>
</EventData>
</Event>

<Event xmlns="http://schemas.microsoft.com/win/2004/08/events/event"><System><Provider Name="Microsoft-Windows-Crypto-DPAPI" Guid="{89fe8f40-cdce-464e-8217-15ef97d4c7c3}"></Provider>
<EventID Qualifiers="">12289</EventID>
<Version>0</Version>
<Level>4</Level>
<Task>8</Task>
<Opcode>0</Opcode>
<Keywords>0x8000000000000008</Keywords>
<TimeCreated SystemTime="2020-10-23 18:55:28.848028"></TimeCreated>
<EventRecordID>35</EventRecordID>
<Correlation ActivityID="{136949f4-a96d-0000-fd4c-69136da9d601}" RelatedActivityID=""></Correlation>
<Execution ProcessID="836" ThreadID="884"></Execution>
<Channel>Microsoft-Windows-Crypto-DPAPI/Operational</Channel>
<Computer>WIN-PTFPHFCRDJ0</Computer>
<Security UserID="S-1-5-18"></Security>
</System>
<EventData><Data Name="CredKeyIdentifier">gxaEdquYfKCHVduhEgWFRDHnnUtVaNyRMGJNYeeBSV8=</Data>
<Data Name="UserName">user</Data>
<Data Name="UserSid">S-1-5-21-1152959844-3645458174-3779170896-1000</Data>
</EventData>
</Event>

<Event xmlns="http://schemas.microsoft.com/win/2004/08/events/event"><System><Provider Name="Microsoft-Windows-Crypto-DPAPI" Guid="{89fe8f40-cdce-464e-8217-15ef97d4c7c3}"></Provider>
<EventID Qualifiers="">12289</EventID>
<Version>0</Version>
<Level>4</Level>
<Task>8</Task>
<Opcode>0</Opcode>
<Keywords>0x8000000000000008</Keywords>
<TimeCreated SystemTime="2020-10-23 18:55:28.848072"></TimeCreated>
<EventRecordID>36</EventRecordID>
<Correlation ActivityID="{136949f4-a96d-0000-fd4c-69136da9d601}" RelatedActivityID=""></Correlation>
<Execution ProcessID="836" ThreadID="884"></Execution>
<Channel>Microsoft-Windows-Crypto-DPAPI/Operational</Channel>
<Computer>WIN-PTFPHFCRDJ0</Computer>
<Security UserID="S-1-5-18"></Security>
</System>
<EventData><Data Name="CredKeyIdentifier">gxaEdquYfKCHVduhEgWFRDHnnUtVaNyRMGJNYeeBSV8=</Data>
<Data Name="UserName">user</Data>
<Data Name="UserSid">S-1-5-21-1152959844-3645458174-3779170896-1000</Data>
</EventData>
</Event>

<Event xmlns="http://schemas.microsoft.com/win/2004/08/events/event"><System><Provider Name="Microsoft-Windows-Crypto-DPAPI" Guid="{89fe8f40-cdce-464e-8217-15ef97d4c7c3}"></Provider>
<EventID Qualifiers="">12289</EventID>
<Version>0</Version>
<Level>4</Level>
<Task>8</Task>
<Opcode>0</Opcode>
<Keywords>0x8000000000000008</Keywords>
<TimeCreated SystemTime="2020-10-23 18:55:28.848127"></TimeCreated>
<EventRecordID>37</EventRecordID>
<Correlation ActivityID="{136949f4-a96d-0000-fd4c-69136da9d601}" RelatedActivityID=""></Correlation>
<Execution ProcessID="836" ThreadID="884"></Execution>
<Channel>Microsoft-Windows-Crypto-DPAPI/Operational</Channel>
<Computer>WIN-PTFPHFCRDJ0</Computer>
<Security UserID="S-1-5-18"></Security>
</System>
<EventData><Data Name="CredKeyIdentifier">gxaEdquYfKCHVduhEgWFRDHnnUtVaNyRMGJNYeeBSV8=</Data>
<Data Name="UserName">user</Data>
<Data Name="UserSid">S-1-5-21-1152959844-3645458174-3779170896-1000</Data>
</EventData>
</Event>

<Event xmlns="http://schemas.microsoft.com/win/2004/08/events/event"><System><Provider Name="Microsoft-Windows-Crypto-DPAPI" Guid="{89fe8f40-cdce-464e-8217-15ef97d4c7c3}"></Provider>
<EventID Qualifiers="">12289</EventID>
<Version>0</Version>
<Level>4</Level>
<Task>8</Task>
<Opcode>0</Opcode>
<Keywords>0x8000000000000008</Keywords>
<TimeCreated SystemTime="2020-10-23 18:55:28.848198"></TimeCreated>
<EventRecordID>38</EventRecordID>
<Correlation ActivityID="{136949f4-a96d-0000-fd4c-69136da9d601}" RelatedActivityID=""></Correlation>
<Execution ProcessID="836" ThreadID="884"></Execution>
<Channel>Microsoft-Windows-Crypto-DPAPI/Operational</Channel>
<Computer>WIN-PTFPHFCRDJ0</Computer>
<Security UserID="S-1-5-18"></Security>
</System>
<EventData><Data Name="CredKeyIdentifier">gxaEdquYfKCHVduhEgWFRDHnnUtVaNyRMGJNYeeBSV8=</Data>
<Data Name="UserName">user</Data>
<Data Name="UserSid">S-1-5-21-1152959844-3645458174-3779170896-1000</Data>
</EventData>
</Event>

<Event xmlns="http://schemas.microsoft.com/win/2004/08/events/event"><System><Provider Name="Microsoft-Windows-Crypto-DPAPI" Guid="{89fe8f40-cdce-464e-8217-15ef97d4c7c3}"></Provider>
<EventID Qualifiers="">12289</EventID>
<Version>0</Version>
<Level>4</Level>
<Task>8</Task>
<Opcode>0</Opcode>
<Keywords>0x8000000000000008</Keywords>
<TimeCreated SystemTime="2020-10-23 19:07:18.893106"></TimeCreated>
<EventRecordID>39</EventRecordID>
<Correlation ActivityID="{136949f4-a96d-0000-0b6a-69136da9d601}" RelatedActivityID=""></Correlation>
<Execution ProcessID="836" ThreadID="876"></Execution>
<Channel>Microsoft-Windows-Crypto-DPAPI/Operational</Channel>
<Computer>WIN-PTFPHFCRDJ0</Computer>
<Security UserID="S-1-5-18"></Security>
</System>
<EventData><Data Name="CredKeyIdentifier">gxaEdquYfKCHVduhEgWFRDHnnUtVaNyRMGJNYeeBSV8=</Data>
<Data Name="UserName">user</Data>
<Data Name="UserSid">S-1-5-21-1152959844-3645458174-3779170896-1000</Data>
</EventData>
</Event>

<Event xmlns="http://schemas.microsoft.com/win/2004/08/events/event"><System><Provider Name="Microsoft-Windows-Crypto-DPAPI" Guid="{89fe8f40-cdce-464e-8217-15ef97d4c7c3}"></Provider>
<EventID Qualifiers="">12289</EventID>
<Version>0</Version>
<Level>4</Level>
<Task>8</Task>
<Opcode>0</Opcode>
<Keywords>0x8000000000000008</Keywords>
<TimeCreated SystemTime="2020-10-23 19:07:18.896349"></TimeCreated>
<EventRecordID>40</EventRecordID>
<Correlation ActivityID="{136949f4-a96d-0000-fd4c-69136da9d601}" RelatedActivityID=""></Correlation>
<Execution ProcessID="836" ThreadID="876"></Execution>
<Channel>Microsoft-Windows-Crypto-DPAPI/Operational</Channel>
<Computer>WIN-PTFPHFCRDJ0</Computer>
<Security UserID="S-1-5-18"></Security>
</System>
<EventData><Data Name="CredKeyIdentifier">gxaEdquYfKCHVduhEgWFRDHnnUtVaNyRMGJNYeeBSV8=</Data>
<Data Name="UserName">user</Data>
<Data Name="UserSid">S-1-5-21-1152959844-3645458174-3779170896-1000</Data>
</EventData>
</Event>

<Event xmlns="http://schemas.microsoft.com/win/2004/08/events/event"><System><Provider Name="Microsoft-Windows-Crypto-DPAPI" Guid="{89fe8f40-cdce-464e-8217-15ef97d4c7c3}"></Provider>
<EventID Qualifiers="">12289</EventID>
<Version>0</Version>
<Level>4</Level>
<Task>8</Task>
<Opcode>0</Opcode>
<Keywords>0x8000000000000008</Keywords>
<TimeCreated SystemTime="2020-10-23 19:07:18.896393"></TimeCreated>
<EventRecordID>41</EventRecordID>
<Correlation ActivityID="{136949f4-a96d-0000-fd4c-69136da9d601}" RelatedActivityID=""></Correlation>
<Execution ProcessID="836" ThreadID="876"></Execution>
<Channel>Microsoft-Windows-Crypto-DPAPI/Operational</Channel>
<Computer>WIN-PTFPHFCRDJ0</Computer>
<Security UserID="S-1-5-18"></Security>
</System>
<EventData><Data Name="CredKeyIdentifier">gxaEdquYfKCHVduhEgWFRDHnnUtVaNyRMGJNYeeBSV8=</Data>
<Data Name="UserName">user</Data>
<Data Name="UserSid">S-1-5-21-1152959844-3645458174-3779170896-1000</Data>
</EventData>
</Event>

<Event xmlns="http://schemas.microsoft.com/win/2004/08/events/event"><System><Provider Name="Microsoft-Windows-Crypto-DPAPI" Guid="{89fe8f40-cdce-464e-8217-15ef97d4c7c3}"></Provider>
<EventID Qualifiers="">12289</EventID>
<Version>0</Version>
<Level>4</Level>
<Task>8</Task>
<Opcode>0</Opcode>
<Keywords>0x8000000000000008</Keywords>
<TimeCreated SystemTime="2020-10-24 21:55:32.113781"></TimeCreated>
<EventRecordID>42</EventRecordID>
<Correlation ActivityID="{e04d3c69-aa4f-0000-0d47-4de04faad601}" RelatedActivityID=""></Correlation>
<Execution ProcessID="848" ThreadID="896"></Execution>
<Channel>Microsoft-Windows-Crypto-DPAPI/Operational</Channel>
<Computer>WIN-PTFPHFCRDJ0</Computer>
<Security UserID="S-1-5-18"></Security>
</System>
<EventData><Data Name="CredKeyIdentifier">gxaEdquYfKCHVduhEgWFRDHnnUtVaNyRMGJNYeeBSV8=</Data>
<Data Name="UserName">user</Data>
<Data Name="UserSid">S-1-5-21-1152959844-3645458174-3779170896-1000</Data>
</EventData>
</Event>

<Event xmlns="http://schemas.microsoft.com/win/2004/08/events/event"><System><Provider Name="Microsoft-Windows-Crypto-DPAPI" Guid="{89fe8f40-cdce-464e-8217-15ef97d4c7c3}"></Provider>
<EventID Qualifiers="">12289</EventID>
<Version>0</Version>
<Level>4</Level>
<Task>8</Task>
<Opcode>0</Opcode>
<Keywords>0x8000000000000008</Keywords>
<TimeCreated SystemTime="2020-10-24 21:55:32.116636"></TimeCreated>
<EventRecordID>43</EventRecordID>
<Correlation ActivityID="{e04d3c69-aa4f-0000-733f-4de04faad601}" RelatedActivityID=""></Correlation>
<Execution ProcessID="848" ThreadID="896"></Execution>
<Channel>Microsoft-Windows-Crypto-DPAPI/Operational</Channel>
<Computer>WIN-PTFPHFCRDJ0</Computer>
<Security UserID="S-1-5-18"></Security>
</System>
<EventData><Data Name="CredKeyIdentifier">gxaEdquYfKCHVduhEgWFRDHnnUtVaNyRMGJNYeeBSV8=</Data>
<Data Name="UserName">user</Data>
<Data Name="UserSid">S-1-5-21-1152959844-3645458174-3779170896-1000</Data>
</EventData>
</Event>

<Event xmlns="http://schemas.microsoft.com/win/2004/08/events/event"><System><Provider Name="Microsoft-Windows-Crypto-DPAPI" Guid="{89fe8f40-cdce-464e-8217-15ef97d4c7c3}"></Provider>
<EventID Qualifiers="">12289</EventID>
<Version>0</Version>
<Level>4</Level>
<Task>8</Task>
<Opcode>0</Opcode>
<Keywords>0x8000000000000008</Keywords>
<TimeCreated SystemTime="2020-10-24 21:55:32.116680"></TimeCreated>
<EventRecordID>44</EventRecordID>
<Correlation ActivityID="{e04d3c69-aa4f-0000-733f-4de04faad601}" RelatedActivityID=""></Correlation>
<Execution ProcessID="848" ThreadID="896"></Execution>
<Channel>Microsoft-Windows-Crypto-DPAPI/Operational</Channel>
<Computer>WIN-PTFPHFCRDJ0</Computer>
<Security UserID="S-1-5-18"></Security>
</System>
<EventData><Data Name="CredKeyIdentifier">gxaEdquYfKCHVduhEgWFRDHnnUtVaNyRMGJNYeeBSV8=</Data>
<Data Name="UserName">user</Data>
<Data Name="UserSid">S-1-5-21-1152959844-3645458174-3779170896-1000</Data>
</EventData>
</Event>

<Event xmlns="http://schemas.microsoft.com/win/2004/08/events/event"><System><Provider Name="Microsoft-Windows-Crypto-DPAPI" Guid="{89fe8f40-cdce-464e-8217-15ef97d4c7c3}"></Provider>
<EventID Qualifiers="">12289</EventID>
<Version>0</Version>
<Level>4</Level>
<Task>8</Task>
<Opcode>0</Opcode>
<Keywords>0x8000000000000008</Keywords>
<TimeCreated SystemTime="2020-10-24 22:24:25.629686"></TimeCreated>
<EventRecordID>45</EventRecordID>
<Correlation ActivityID="{a11d3189-aa53-0000-8c3b-1da153aad601}" RelatedActivityID=""></Correlation>
<Execution ProcessID="844" ThreadID="896"></Execution>
<Channel>Microsoft-Windows-Crypto-DPAPI/Operational</Channel>
<Computer>WIN-PTFPHFCRDJ0</Computer>
<Security UserID="S-1-5-18"></Security>
</System>
<EventData><Data Name="CredKeyIdentifier">gxaEdquYfKCHVduhEgWFRDHnnUtVaNyRMGJNYeeBSV8=</Data>
<Data Name="UserName">user</Data>
<Data Name="UserSid">S-1-5-21-1152959844-3645458174-3779170896-1000</Data>
</EventData>
</Event>

<Event xmlns="http://schemas.microsoft.com/win/2004/08/events/event"><System><Provider Name="Microsoft-Windows-Crypto-DPAPI" Guid="{89fe8f40-cdce-464e-8217-15ef97d4c7c3}"></Provider>
<EventID Qualifiers="">12289</EventID>
<Version>0</Version>
<Level>4</Level>
<Task>8</Task>
<Opcode>0</Opcode>
<Keywords>0x8000000000000008</Keywords>
<TimeCreated SystemTime="2020-10-24 22:24:25.632952"></TimeCreated>
<EventRecordID>46</EventRecordID>
<Correlation ActivityID="{a11d3189-aa53-0000-8d34-1da153aad601}" RelatedActivityID=""></Correlation>
<Execution ProcessID="844" ThreadID="896"></Execution>
<Channel>Microsoft-Windows-Crypto-DPAPI/Operational</Channel>
<Computer>WIN-PTFPHFCRDJ0</Computer>
<Security UserID="S-1-5-18"></Security>
</System>
<EventData><Data Name="CredKeyIdentifier">gxaEdquYfKCHVduhEgWFRDHnnUtVaNyRMGJNYeeBSV8=</Data>
<Data Name="UserName">user</Data>
<Data Name="UserSid">S-1-5-21-1152959844-3645458174-3779170896-1000</Data>
</EventData>
</Event>

<Event xmlns="http://schemas.microsoft.com/win/2004/08/events/event"><System><Provider Name="Microsoft-Windows-Crypto-DPAPI" Guid="{89fe8f40-cdce-464e-8217-15ef97d4c7c3}"></Provider>
<EventID Qualifiers="">12289</EventID>
<Version>0</Version>
<Level>4</Level>
<Task>8</Task>
<Opcode>0</Opcode>
<Keywords>0x8000000000000008</Keywords>
<TimeCreated SystemTime="2020-10-24 22:24:25.633005"></TimeCreated>
<EventRecordID>47</EventRecordID>
<Correlation ActivityID="{a11d3189-aa53-0000-8d34-1da153aad601}" RelatedActivityID=""></Correlation>
<Execution ProcessID="844" ThreadID="896"></Execution>
<Channel>Microsoft-Windows-Crypto-DPAPI/Operational</Channel>
<Computer>WIN-PTFPHFCRDJ0</Computer>
<Security UserID="S-1-5-18"></Security>
</System>
<EventData><Data Name="CredKeyIdentifier">gxaEdquYfKCHVduhEgWFRDHnnUtVaNyRMGJNYeeBSV8=</Data>
<Data Name="UserName">user</Data>
<Data Name="UserSid">S-1-5-21-1152959844-3645458174-3779170896-1000</Data>
</EventData>
</Event>

<Event xmlns="http://schemas.microsoft.com/win/2004/08/events/event"><System><Provider Name="Microsoft-Windows-Crypto-DPAPI" Guid="{89fe8f40-cdce-464e-8217-15ef97d4c7c3}"></Provider>
<EventID Qualifiers="">12289</EventID>
<Version>0</Version>
<Level>4</Level>
<Task>8</Task>
<Opcode>0</Opcode>
<Keywords>0x8000000000000008</Keywords>
<TimeCreated SystemTime="2020-10-26 12:10:33.918692"></TimeCreated>
<EventRecordID>48</EventRecordID>
<Correlation ActivityID="{278a84f7-ab8f-0000-b394-8a278fabd601}" RelatedActivityID=""></Correlation>
<Execution ProcessID="840" ThreadID="3424"></Execution>
<Channel>Microsoft-Windows-Crypto-DPAPI/Operational</Channel>
<Computer>WIN-PTFPHFCRDJ0</Computer>
<Security UserID="S-1-5-18"></Security>
</System>
<EventData><Data Name="CredKeyIdentifier">gxaEdquYfKCHVduhEgWFRDHnnUtVaNyRMGJNYeeBSV8=</Data>
<Data Name="UserName">user</Data>
<Data Name="UserSid">S-1-5-21-1152959844-3645458174-3779170896-1000</Data>
</EventData>
</Event>

<Event xmlns="http://schemas.microsoft.com/win/2004/08/events/event"><System><Provider Name="Microsoft-Windows-Crypto-DPAPI" Guid="{89fe8f40-cdce-464e-8217-15ef97d4c7c3}"></Provider>
<EventID Qualifiers="">12289</EventID>
<Version>0</Version>
<Level>4</Level>
<Task>8</Task>
<Opcode>0</Opcode>
<Keywords>0x8000000000000008</Keywords>
<TimeCreated SystemTime="2020-10-26 12:10:33.921740"></TimeCreated>
<EventRecordID>49</EventRecordID>
<Correlation ActivityID="{278a84f7-ab8f-0000-ee87-8a278fabd601}" RelatedActivityID=""></Correlation>
<Execution ProcessID="840" ThreadID="3424"></Execution>
<Channel>Microsoft-Windows-Crypto-DPAPI/Operational</Channel>
<Computer>WIN-PTFPHFCRDJ0</Computer>
<Security UserID="S-1-5-18"></Security>
</System>
<EventData><Data Name="CredKeyIdentifier">gxaEdquYfKCHVduhEgWFRDHnnUtVaNyRMGJNYeeBSV8=</Data>
<Data Name="UserName">user</Data>
<Data Name="UserSid">S-1-5-21-1152959844-3645458174-3779170896-1000</Data>
</EventData>
</Event>

<Event xmlns="http://schemas.microsoft.com/win/2004/08/events/event"><System><Provider Name="Microsoft-Windows-Crypto-DPAPI" Guid="{89fe8f40-cdce-464e-8217-15ef97d4c7c3}"></Provider>
<EventID Qualifiers="">12289</EventID>
<Version>0</Version>
<Level>4</Level>
<Task>8</Task>
<Opcode>0</Opcode>
<Keywords>0x8000000000000008</Keywords>
<TimeCreated SystemTime="2020-10-26 12:10:33.921787"></TimeCreated>
<EventRecordID>50</EventRecordID>
<Correlation ActivityID="{278a84f7-ab8f-0000-ee87-8a278fabd601}" RelatedActivityID=""></Correlation>
<Execution ProcessID="840" ThreadID="3424"></Execution>
<Channel>Microsoft-Windows-Crypto-DPAPI/Operational</Channel>
<Computer>WIN-PTFPHFCRDJ0</Computer>
<Security UserID="S-1-5-18"></Security>
</System>
<EventData><Data Name="CredKeyIdentifier">gxaEdquYfKCHVduhEgWFRDHnnUtVaNyRMGJNYeeBSV8=</Data>
<Data Name="UserName">user</Data>
<Data Name="UserSid">S-1-5-21-1152959844-3645458174-3779170896-1000</Data>
</EventData>
</Event>

<Event xmlns="http://schemas.microsoft.com/win/2004/08/events/event"><System><Provider Name="Microsoft-Windows-Crypto-DPAPI" Guid="{89fe8f40-cdce-464e-8217-15ef97d4c7c3}"></Provider>
<EventID Qualifiers="">12289</EventID>
<Version>0</Version>
<Level>4</Level>
<Task>8</Task>
<Opcode>0</Opcode>
<Keywords>0x8000000000000008</Keywords>
<TimeCreated SystemTime="2020-10-26 15:26:53.147715"></TimeCreated>
<EventRecordID>51</EventRecordID>
<Correlation ActivityID="{5cf0896d-abaa-0000-0f96-f05caaabd601}" RelatedActivityID=""></Correlation>
<Execution ProcessID="832" ThreadID="3128"></Execution>
<Channel>Microsoft-Windows-Crypto-DPAPI/Operational</Channel>
<Computer>WIN-PTFPHFCRDJ0</Computer>
<Security UserID="S-1-5-18"></Security>
</System>
<EventData><Data Name="CredKeyIdentifier">gxaEdquYfKCHVduhEgWFRDHnnUtVaNyRMGJNYeeBSV8=</Data>
<Data Name="UserName">user</Data>
<Data Name="UserSid">S-1-5-21-1152959844-3645458174-3779170896-1000</Data>
</EventData>
</Event>

