<Event xmlns="http://schemas.microsoft.com/win/2004/08/events/event"><System><Provider Name="Microsoft-Windows-Store" Guid="{9c2a37f3-e5fd-5cae-bcd1-43dafeee1ff0}"></Provider>
<EventID Qualifiers="">8002</EventID>
<Version>0</Version>
<Level>3</Level>
<Task>8001</Task>
<Opcode>13</Opcode>
<Keywords>0x8000100000000000</Keywords>
<TimeCreated SystemTime="2020-10-26 14:03:03.711554"></TimeCreated>
<EventRecordID>1057</EventRecordID>
<Correlation ActivityID="" RelatedActivityID=""></Correlation>
<Execution ProcessID="1328" ThreadID="3480"></Execution>
<Channel>Microsoft-Windows-Store/Operational</Channel>
<Computer>WIN-PTFPHFCRDJ0</Computer>
<Security UserID="S-1-5-21-1152959844-3645458174-3779170896-1000"></Security>
</System>
<EventData><Data Name="Message">No authenticated user, no ticket. (0x80070525)</Data>
<Data Name="Function">CaptureLegacyMSATicket</Data>
<Data Name="Source">onecoreuap\enduser\winstore\licensemanager\lib\identity.cpp</Data>
<Data Name="Line Number">125</Data>
</EventData>
</Event>

<Event xmlns="http://schemas.microsoft.com/win/2004/08/events/event"><System><Provider Name="Microsoft-Windows-Store" Guid="{9c2a37f3-e5fd-5cae-bcd1-43dafeee1ff0}"></Provider>
<EventID Qualifiers="">8002</EventID>
<Version>0</Version>
<Level>3</Level>
<Task>8001</Task>
<Opcode>13</Opcode>
<Keywords>0x8000100000000000</Keywords>
<TimeCreated SystemTime="2020-10-26 14:03:03.711559"></TimeCreated>
<EventRecordID>1058</EventRecordID>
<Correlation ActivityID="" RelatedActivityID=""></Correlation>
<Execution ProcessID="1328" ThreadID="3480"></Execution>
<Channel>Microsoft-Windows-Store/Operational</Channel>
<Computer>WIN-PTFPHFCRDJ0</Computer>
<Security UserID="S-1-5-19"></Security>
</System>
<EventData><Data Name="Message">No user tickets captured for S-1-5-21-1152959844-3645458174-3779170896-1000, so this might not end well.</Data>
<Data Name="Function">SingleUserStoredIdentitySnapshot::CaptureIdentity</Data>
<Data Name="Source">onecoreuap\enduser\winstore\licensemanager\lib\identity.cpp</Data>
<Data Name="Line Number">416</Data>
</EventData>
</Event>

<Event xmlns="http://schemas.microsoft.com/win/2004/08/events/event"><System><Provider Name="Microsoft-Windows-Store" Guid="{9c2a37f3-e5fd-5cae-bcd1-43dafeee1ff0}"></Provider>
<EventID Qualifiers="">8001</EventID>
<Version>0</Version>
<Level>4</Level>
<Task>8001</Task>
<Opcode>14</Opcode>
<Keywords>0x8000100000000000</Keywords>
<TimeCreated SystemTime="2020-10-26 14:03:04.114170"></TimeCreated>
<EventRecordID>1059</EventRecordID>
<Correlation ActivityID="" RelatedActivityID=""></Correlation>
<Execution ProcessID="1328" ThreadID="696"></Execution>
<Channel>Microsoft-Windows-Store/Operational</Channel>
<Computer>WIN-PTFPHFCRDJ0</Computer>
<Security UserID="S-1-5-21-1152959844-3645458174-3779170896-1000"></Security>
</System>
<EventData><Data Name="Message">304 - no changes for killbit</Data>
<Data Name="Function">OneStoreApplicationLicenseManager::RefreshBannedLicenses</Data>
<Data Name="Source">onecoreuap\enduser\winstore\licensemanager\lib\onestoreapplicensemanager.cpp</Data>
<Data Name="Line Number">853</Data>
</EventData>
</Event>

<Event xmlns="http://schemas.microsoft.com/win/2004/08/events/event"><System><Provider Name="Microsoft-Windows-Store" Guid="{9c2a37f3-e5fd-5cae-bcd1-43dafeee1ff0}"></Provider>
<EventID Qualifiers="">8000</EventID>
<Version>0</Version>
<Level>4</Level>
<Task>8000</Task>
<Opcode>0</Opcode>
<Keywords>0x8000100000000000</Keywords>
<TimeCreated SystemTime="2020-10-26 15:27:16.115932"></TimeCreated>
<EventRecordID>1060</EventRecordID>
<Correlation ActivityID="" RelatedActivityID=""></Correlation>
<Execution ProcessID="356" ThreadID="220"></Execution>
<Channel>Microsoft-Windows-Store/Operational</Channel>
<Computer>WIN-PTFPHFCRDJ0</Computer>
<Security UserID="S-1-5-21-1152959844-3645458174-3779170896-1000"></Security>
</System>
<EventData><Data Name="Process Name">C:\Windows\system32\sihost.exe</Data>
<Data Name="Module Name">C:\Windows\SYSTEM32\licensemanagerapi.dll</Data>
<Data Name="Build Name">17763.1.amd64fre.rs5_release.180914-1434</Data>
</EventData>
</Event>

<Event xmlns="http://schemas.microsoft.com/win/2004/08/events/event"><System><Provider Name="Microsoft-Windows-Store" Guid="{9c2a37f3-e5fd-5cae-bcd1-43dafeee1ff0}"></Provider>
<EventID Qualifiers="">8000</EventID>
<Version>0</Version>
<Level>4</Level>
<Task>8000</Task>
<Opcode>0</Opcode>
<Keywords>0x8000100000000000</Keywords>
<TimeCreated SystemTime="2020-10-26 15:27:16.467541"></TimeCreated>
<EventRecordID>1061</EventRecordID>
<Correlation ActivityID="" RelatedActivityID=""></Correlation>
<Execution ProcessID="932" ThreadID="3316"></Execution>
<Channel>Microsoft-Windows-Store/Operational</Channel>
<Computer>WIN-PTFPHFCRDJ0</Computer>
<Security UserID="S-1-5-21-1152959844-3645458174-3779170896-1000"></Security>
</System>
<EventData><Data Name="Process Name">C:\Windows\system32\svchost.exe</Data>
<Data Name="Module Name">C:\Windows\SYSTEM32\licensemanagerapi.dll</Data>
<Data Name="Build Name">17763.1.amd64fre.rs5_release.180914-1434</Data>
</EventData>
</Event>

<Event xmlns="http://schemas.microsoft.com/win/2004/08/events/event"><System><Provider Name="Microsoft-Windows-Store" Guid="{9c2a37f3-e5fd-5cae-bcd1-43dafeee1ff0}"></Provider>
<EventID Qualifiers="">8000</EventID>
<Version>0</Version>
<Level>4</Level>
<Task>8000</Task>
<Opcode>0</Opcode>
<Keywords>0x8000100000000000</Keywords>
<TimeCreated SystemTime="2020-10-26 15:27:20.510300"></TimeCreated>
<EventRecordID>1062</EventRecordID>
<Correlation ActivityID="" RelatedActivityID=""></Correlation>
<Execution ProcessID="1312" ThreadID="2736"></Execution>
<Channel>Microsoft-Windows-Store/Operational</Channel>
<Computer>WIN-PTFPHFCRDJ0</Computer>
<Security UserID="S-1-5-19"></Security>
</System>
<EventData><Data Name="Process Name">C:\Windows\system32\svchost.exe</Data>
<Data Name="Module Name">c:\windows\system32\LicenseManager.dll</Data>
<Data Name="Build Name">17763.1.amd64fre.rs5_release.180914-1434</Data>
</EventData>
</Event>

<Event xmlns="http://schemas.microsoft.com/win/2004/08/events/event"><System><Provider Name="Microsoft-Windows-Store" Guid="{9c2a37f3-e5fd-5cae-bcd1-43dafeee1ff0}"></Provider>
<EventID Qualifiers="">8001</EventID>
<Version>0</Version>
<Level>4</Level>
<Task>8001</Task>
<Opcode>14</Opcode>
<Keywords>0x8000100000000000</Keywords>
<TimeCreated SystemTime="2020-10-26 15:27:20.551661"></TimeCreated>
<EventRecordID>1063</EventRecordID>
<Correlation ActivityID="" RelatedActivityID=""></Correlation>
<Execution ProcessID="1312" ThreadID="2736"></Execution>
<Channel>Microsoft-Windows-Store/Operational</Channel>
<Computer>WIN-PTFPHFCRDJ0</Computer>
<Security UserID="S-1-5-19"></Security>
</System>
<EventData><Data Name="Message">License Manager starting...</Data>
<Data Name="Function">ServiceInitializeImpl</Data>
<Data Name="Source">onecoreuap\enduser\winstore\licensemanager\lib\service.cpp</Data>
<Data Name="Line Number">1891</Data>
</EventData>
</Event>

<Event xmlns="http://schemas.microsoft.com/win/2004/08/events/event"><System><Provider Name="Microsoft-Windows-Store" Guid="{9c2a37f3-e5fd-5cae-bcd1-43dafeee1ff0}"></Provider>
<EventID Qualifiers="">8001</EventID>
<Version>0</Version>
<Level>4</Level>
<Task>8001</Task>
<Opcode>14</Opcode>
<Keywords>0x8000100000000000</Keywords>
<TimeCreated SystemTime="2020-10-26 15:27:20.809826"></TimeCreated>
<EventRecordID>1064</EventRecordID>
<Correlation ActivityID="" RelatedActivityID=""></Correlation>
<Execution ProcessID="1312" ThreadID="2736"></Execution>
<Channel>Microsoft-Windows-Store/Operational</Channel>
<Computer>WIN-PTFPHFCRDJ0</Computer>
<Security UserID="S-1-5-19"></Security>
</System>
<EventData><Data Name="Message">Creating LM</Data>
<Data Name="Function">CreateLicenseManager</Data>
<Data Name="Source">onecoreuap\enduser\winstore\licensemanager\lib\manager.cpp</Data>
<Data Name="Line Number">572</Data>
</EventData>
</Event>

<Event xmlns="http://schemas.microsoft.com/win/2004/08/events/event"><System><Provider Name="Microsoft-Windows-Store" Guid="{9c2a37f3-e5fd-5cae-bcd1-43dafeee1ff0}"></Provider>
<EventID Qualifiers="">8001</EventID>
<Version>0</Version>
<Level>4</Level>
<Task>8001</Task>
<Opcode>14</Opcode>
<Keywords>0x8000100000000000</Keywords>
<TimeCreated SystemTime="2020-10-26 15:27:21.129326"></TimeCreated>
<EventRecordID>1065</EventRecordID>
<Correlation ActivityID="" RelatedActivityID=""></Correlation>
<Execution ProcessID="1312" ThreadID="2736"></Execution>
<Channel>Microsoft-Windows-Store/Operational</Channel>
<Computer>WIN-PTFPHFCRDJ0</Computer>
<Security UserID="S-1-5-19"></Security>
</System>
<EventData><Data Name="Message">0000025F6C4FEDF0: Root Machine</Data>
<Data Name="Function">RootMachine::RootMachine</Data>
<Data Name="Source">onecoreuap\enduser\winstore\licensemanager\lib\rootmachine.cpp</Data>
<Data Name="Line Number">63</Data>
</EventData>
</Event>

<Event xmlns="http://schemas.microsoft.com/win/2004/08/events/event"><System><Provider Name="Microsoft-Windows-Store" Guid="{9c2a37f3-e5fd-5cae-bcd1-43dafeee1ff0}"></Provider>
<EventID Qualifiers="">8001</EventID>
<Version>0</Version>
<Level>4</Level>
<Task>8001</Task>
<Opcode>14</Opcode>
<Keywords>0x8000100000000000</Keywords>
<TimeCreated SystemTime="2020-10-26 15:27:21.182016"></TimeCreated>
<EventRecordID>1066</EventRecordID>
<Correlation ActivityID="" RelatedActivityID=""></Correlation>
<Execution ProcessID="1312" ThreadID="2736"></Execution>
<Channel>Microsoft-Windows-Store/Operational</Channel>
<Computer>WIN-PTFPHFCRDJ0</Computer>
<Security UserID="S-1-5-19"></Security>
</System>
<EventData><Data Name="Message">License Manager started</Data>
<Data Name="Function">ServiceInitializeImpl</Data>
<Data Name="Source">onecoreuap\enduser\winstore\licensemanager\lib\service.cpp</Data>
<Data Name="Line Number">1912</Data>
</EventData>
</Event>

<Event xmlns="http://schemas.microsoft.com/win/2004/08/events/event"><System><Provider Name="Microsoft-Windows-Store" Guid="{9c2a37f3-e5fd-5cae-bcd1-43dafeee1ff0}"></Provider>
<EventID Qualifiers="">8001</EventID>
<Version>0</Version>
<Level>4</Level>
<Task>8001</Task>
<Opcode>14</Opcode>
<Keywords>0x8000100000000000</Keywords>
<TimeCreated SystemTime="2020-10-26 15:27:21.335218"></TimeCreated>
<EventRecordID>1067</EventRecordID>
<Correlation ActivityID="" RelatedActivityID=""></Correlation>
<Execution ProcessID="1312" ThreadID="2888"></Execution>
<Channel>Microsoft-Windows-Store/Operational</Channel>
<Computer>WIN-PTFPHFCRDJ0</Computer>
<Security UserID="S-1-5-21-1152959844-3645458174-3779170896-1000"></Security>
</System>
<EventData><Data Name="Message">Licensing content ddc422e2-1615-e74d-228f-268b3376a5b5</Data>
<Data Name="Function">OneStoreApplicationLicenseManager::ActivateLicenseForContent</Data>
<Data Name="Source">onecoreuap\enduser\winstore\licensemanager\lib\onestoreapplicensemanager.cpp</Data>
<Data Name="Line Number">402</Data>
</EventData>
</Event>

<Event xmlns="http://schemas.microsoft.com/win/2004/08/events/event"><System><Provider Name="Microsoft-Windows-Store" Guid="{9c2a37f3-e5fd-5cae-bcd1-43dafeee1ff0}"></Provider>
<EventID Qualifiers="">8001</EventID>
<Version>0</Version>
<Level>4</Level>
<Task>8001</Task>
<Opcode>14</Opcode>
<Keywords>0x8000100000000000</Keywords>
<TimeCreated SystemTime="2020-10-26 15:27:21.335224"></TimeCreated>
<EventRecordID>1068</EventRecordID>
<Correlation ActivityID="" RelatedActivityID=""></Correlation>
<Execution ProcessID="1312" ThreadID="2888"></Execution>
<Channel>Microsoft-Windows-Store/Operational</Channel>
<Computer>WIN-PTFPHFCRDJ0</Computer>
<Security UserID="S-1-5-21-1152959844-3645458174-3779170896-1000"></Security>
</System>
<EventData><Data Name="Message">Licensing ddc422e2-1615-e74d-228f-268b3376a5b5 (Active)</Data>
<Data Name="Function">LicenseManager::LicenseContentWithId</Data>
<Data Name="Source">onecoreuap\enduser\winstore\licensemanager\lib\manager.cpp</Data>
<Data Name="Line Number">81</Data>
</EventData>
</Event>

<Event xmlns="http://schemas.microsoft.com/win/2004/08/events/event"><System><Provider Name="Microsoft-Windows-Store" Guid="{9c2a37f3-e5fd-5cae-bcd1-43dafeee1ff0}"></Provider>
<EventID Qualifiers="">8001</EventID>
<Version>0</Version>
<Level>4</Level>
<Task>8001</Task>
<Opcode>14</Opcode>
<Keywords>0x8000100000000000</Keywords>
<TimeCreated SystemTime="2020-10-26 15:27:21.627398"></TimeCreated>
<EventRecordID>1069</EventRecordID>
<Correlation ActivityID="" RelatedActivityID=""></Correlation>
<Execution ProcessID="1312" ThreadID="2888"></Execution>
<Channel>Microsoft-Windows-Store/Operational</Channel>
<Computer>WIN-PTFPHFCRDJ0</Computer>
<Security UserID="S-1-5-21-1152959844-3645458174-3779170896-1000"></Security>
</System>
<EventData><Data Name="Message">Network connectivity level initialized to 0x3</Data>
<Data Name="Function">NetworkStatusMonitor::Initialize</Data>
<Data Name="Source">onecoreuap\enduser\winstore\licensemanager\lib\networkstatusmonitor.cpp</Data>
<Data Name="Line Number">56</Data>
</EventData>
</Event>

<Event xmlns="http://schemas.microsoft.com/win/2004/08/events/event"><System><Provider Name="Microsoft-Windows-Store" Guid="{9c2a37f3-e5fd-5cae-bcd1-43dafeee1ff0}"></Provider>
<EventID Qualifiers="">8001</EventID>
<Version>0</Version>
<Level>4</Level>
<Task>8001</Task>
<Opcode>14</Opcode>
<Keywords>0x8000100000000000</Keywords>
<TimeCreated SystemTime="2020-10-26 15:27:21.627485"></TimeCreated>
<EventRecordID>1070</EventRecordID>
<Correlation ActivityID="" RelatedActivityID=""></Correlation>
<Execution ProcessID="1312" ThreadID="2888"></Execution>
<Channel>Microsoft-Windows-Store/Operational</Channel>
<Computer>WIN-PTFPHFCRDJ0</Computer>
<Security UserID="S-1-5-21-1152959844-3645458174-3779170896-1000"></Security>
</System>
<EventData><Data Name="Message">0000025F6A6C1920: Key Machine for content: ddc422e2-1615-e74d-228f-268b3376a5b5</Data>
<Data Name="Function">KeyMachine::KeyMachine</Data>
<Data Name="Source">onecoreuap\enduser\winstore\licensemanager\lib\keymachine.cpp</Data>
<Data Name="Line Number">95</Data>
</EventData>
</Event>

<Event xmlns="http://schemas.microsoft.com/win/2004/08/events/event"><System><Provider Name="Microsoft-Windows-Store" Guid="{9c2a37f3-e5fd-5cae-bcd1-43dafeee1ff0}"></Provider>
<EventID Qualifiers="">8011</EventID>
<Version>0</Version>
<Level>5</Level>
<Task>8002</Task>
<Opcode>16</Opcode>
<Keywords>0x8000200000000000</Keywords>
<TimeCreated SystemTime="2020-10-26 15:27:21.627516"></TimeCreated>
<EventRecordID>1071</EventRecordID>
<Correlation ActivityID="" RelatedActivityID=""></Correlation>
<Execution ProcessID="1312" ThreadID="2164"></Execution>
<Channel>Microsoft-Windows-Store/Operational</Channel>
<Computer>WIN-PTFPHFCRDJ0</Computer>
<Security UserID="S-1-5-19"></Security>
</System>
<EventData><Data Name="State Machine">0x0000025f6c4fee08</Data>
<Data Name="Thread ID">2164</Data>
<Data Name="State Machine Name">RootMachine</Data>
<Data Name="Event Name">Root:Connect</Data>
<Data Name="Current State">Root:Initial</Data>
</EventData>
</Event>

<Event xmlns="http://schemas.microsoft.com/win/2004/08/events/event"><System><Provider Name="Microsoft-Windows-Store" Guid="{9c2a37f3-e5fd-5cae-bcd1-43dafeee1ff0}"></Provider>
<EventID Qualifiers="">8001</EventID>
<Version>0</Version>
<Level>4</Level>
<Task>8001</Task>
<Opcode>14</Opcode>
<Keywords>0x8000100000000000</Keywords>
<TimeCreated SystemTime="2020-10-26 15:27:21.627529"></TimeCreated>
<EventRecordID>1072</EventRecordID>
<Correlation ActivityID="" RelatedActivityID=""></Correlation>
<Execution ProcessID="1312" ThreadID="2164"></Execution>
<Channel>Microsoft-Windows-Store/Operational</Channel>
<Computer>WIN-PTFPHFCRDJ0</Computer>
<Security UserID="S-1-5-19"></Security>
</System>
<EventData><Data Name="Message">0000025F6C4FEDF0: BeginRootLicense</Data>
<Data Name="Function">RootMachine::DoBeginRootLicense</Data>
<Data Name="Source">onecoreuap\enduser\winstore\licensemanager\lib\rootmachine.cpp</Data>
<Data Name="Line Number">201</Data>
</EventData>
</Event>

<Event xmlns="http://schemas.microsoft.com/win/2004/08/events/event"><System><Provider Name="Microsoft-Windows-Store" Guid="{9c2a37f3-e5fd-5cae-bcd1-43dafeee1ff0}"></Provider>
<EventID Qualifiers="">8012</EventID>
<Version>0</Version>
<Level>5</Level>
<Task>8002</Task>
<Opcode>17</Opcode>
<Keywords>0x8000200000000000</Keywords>
<TimeCreated SystemTime="2020-10-26 15:27:21.627533"></TimeCreated>
<EventRecordID>1073</EventRecordID>
<Correlation ActivityID="" RelatedActivityID=""></Correlation>
<Execution ProcessID="1312" ThreadID="2164"></Execution>
<Channel>Microsoft-Windows-Store/Operational</Channel>
<Computer>WIN-PTFPHFCRDJ0</Computer>
<Security UserID="S-1-5-19"></Security>
</System>
<EventData><Data Name="State Machine">0x0000025f6c4fee08</Data>
<Data Name="Thread ID">2164</Data>
<Data Name="State Machine Name">Root:Initial</Data>
<Data Name="Current State">Root:Negotiating</Data>
<Data Name="New State">RootMachine</Data>
</EventData>
</Event>

<Event xmlns="http://schemas.microsoft.com/win/2004/08/events/event"><System><Provider Name="Microsoft-Windows-Store" Guid="{9c2a37f3-e5fd-5cae-bcd1-43dafeee1ff0}"></Provider>
<EventID Qualifiers="">8011</EventID>
<Version>0</Version>
<Level>5</Level>
<Task>8002</Task>
<Opcode>16</Opcode>
<Keywords>0x8000200000000000</Keywords>
<TimeCreated SystemTime="2020-10-26 15:27:21.627537"></TimeCreated>
<EventRecordID>1074</EventRecordID>
<Correlation ActivityID="" RelatedActivityID=""></Correlation>
<Execution ProcessID="1312" ThreadID="2164"></Execution>
<Channel>Microsoft-Windows-Store/Operational</Channel>
<Computer>WIN-PTFPHFCRDJ0</Computer>
<Security UserID="S-1-5-19"></Security>
</System>
<EventData><Data Name="State Machine">0x0000025f6a6c1940</Data>
<Data Name="Thread ID">2164</Data>
<Data Name="State Machine Name">ddc422e2-1615-e74d-228f-268b3376a5b5</Data>
<Data Name="Event Name">Key:Activate</Data>
<Data Name="Current State">Key:Initial</Data>
</EventData>
</Event>

<Event xmlns="http://schemas.microsoft.com/win/2004/08/events/event"><System><Provider Name="Microsoft-Windows-Store" Guid="{9c2a37f3-e5fd-5cae-bcd1-43dafeee1ff0}"></Provider>
<EventID Qualifiers="">8001</EventID>
<Version>0</Version>
<Level>4</Level>
<Task>8001</Task>
<Opcode>14</Opcode>
<Keywords>0x8000100000000000</Keywords>
<TimeCreated SystemTime="2020-10-26 15:27:21.627542"></TimeCreated>
<EventRecordID>1075</EventRecordID>
<Correlation ActivityID="" RelatedActivityID=""></Correlation>
<Execution ProcessID="1312" ThreadID="2164"></Execution>
<Channel>Microsoft-Windows-Store/Operational</Channel>
<Computer>WIN-PTFPHFCRDJ0</Computer>
<Security UserID="S-1-5-19"></Security>
</System>
<EventData><Data Name="Message">0000025F6A6C1920: BeginLicense: Operation 3, CachedLeaseOK true, RequireServiceValidation false</Data>
<Data Name="Function">KeyMachine::DoBeginLicense</Data>
<Data Name="Source">onecoreuap\enduser\winstore\licensemanager\lib\keymachine.cpp</Data>
<Data Name="Line Number">806</Data>
</EventData>
</Event>

<Event xmlns="http://schemas.microsoft.com/win/2004/08/events/event"><System><Provider Name="Microsoft-Windows-Store" Guid="{9c2a37f3-e5fd-5cae-bcd1-43dafeee1ff0}"></Provider>
<EventID Qualifiers="">8012</EventID>
<Version>0</Version>
<Level>5</Level>
<Task>8002</Task>
<Opcode>17</Opcode>
<Keywords>0x8000200000000000</Keywords>
<TimeCreated SystemTime="2020-10-26 15:27:21.627542"></TimeCreated>
<EventRecordID>1076</EventRecordID>
<Correlation ActivityID="" RelatedActivityID=""></Correlation>
<Execution ProcessID="1312" ThreadID="2164"></Execution>
<Channel>Microsoft-Windows-Store/Operational</Channel>
<Computer>WIN-PTFPHFCRDJ0</Computer>
<Security UserID="S-1-5-19"></Security>
</System>
<EventData><Data Name="State Machine">0x0000025f6a6c1940</Data>
<Data Name="Thread ID">2164</Data>
<Data Name="State Machine Name">Key:Initial</Data>
<Data Name="Current State">Key:NegotiatingUnleased</Data>
<Data Name="New State">ddc422e2-1615-e74d-228f-268b3376a5b5</Data>
</EventData>
</Event>

<Event xmlns="http://schemas.microsoft.com/win/2004/08/events/event"><System><Provider Name="Microsoft-Windows-Store" Guid="{9c2a37f3-e5fd-5cae-bcd1-43dafeee1ff0}"></Provider>
<EventID Qualifiers="">8011</EventID>
<Version>0</Version>
<Level>5</Level>
<Task>8002</Task>
<Opcode>16</Opcode>
<Keywords>0x8000200000000000</Keywords>
<TimeCreated SystemTime="2020-10-26 15:27:21.627544"></TimeCreated>
<EventRecordID>1077</EventRecordID>
<Correlation ActivityID="" RelatedActivityID=""></Correlation>
<Execution ProcessID="1312" ThreadID="2164"></Execution>
<Channel>Microsoft-Windows-Store/Operational</Channel>
<Computer>WIN-PTFPHFCRDJ0</Computer>
<Security UserID="S-1-5-19"></Security>
</System>
<EventData><Data Name="State Machine">0x0000025f6a6c1940</Data>
<Data Name="Thread ID">2164</Data>
<Data Name="State Machine Name">ddc422e2-1615-e74d-228f-268b3376a5b5</Data>
<Data Name="Event Name">Key:Activate</Data>
<Data Name="Current State">Key:NegotiatingUnleased</Data>
</EventData>
</Event>

<Event xmlns="http://schemas.microsoft.com/win/2004/08/events/event"><System><Provider Name="Microsoft-Windows-Store" Guid="{9c2a37f3-e5fd-5cae-bcd1-43dafeee1ff0}"></Provider>
<EventID Qualifiers="">8011</EventID>
<Version>0</Version>
<Level>5</Level>
<Task>8002</Task>
<Opcode>16</Opcode>
<Keywords>0x8000200000000000</Keywords>
<TimeCreated SystemTime="2020-10-26 15:27:21.627930"></TimeCreated>
<EventRecordID>1078</EventRecordID>
<Correlation ActivityID="" RelatedActivityID=""></Correlation>
<Execution ProcessID="1312" ThreadID="2944"></Execution>
<Channel>Microsoft-Windows-Store/Operational</Channel>
<Computer>WIN-PTFPHFCRDJ0</Computer>
<Security UserID="S-1-5-19"></Security>
</System>
<EventData><Data Name="State Machine">0x0000025f6c4fee08</Data>
<Data Name="Thread ID">2944</Data>
<Data Name="State Machine Name">RootMachine</Data>
<Data Name="Event Name">Root:@LicenseDone</Data>
<Data Name="Current State">Root:Negotiating</Data>
</EventData>
</Event>

<Event xmlns="http://schemas.microsoft.com/win/2004/08/events/event"><System><Provider Name="Microsoft-Windows-Store" Guid="{9c2a37f3-e5fd-5cae-bcd1-43dafeee1ff0}"></Provider>
<EventID Qualifiers="">8012</EventID>
<Version>0</Version>
<Level>5</Level>
<Task>8002</Task>
<Opcode>17</Opcode>
<Keywords>0x8000200000000000</Keywords>
<TimeCreated SystemTime="2020-10-26 15:27:21.627930"></TimeCreated>
<EventRecordID>1079</EventRecordID>
<Correlation ActivityID="" RelatedActivityID=""></Correlation>
<Execution ProcessID="1312" ThreadID="2944"></Execution>
<Channel>Microsoft-Windows-Store/Operational</Channel>
<Computer>WIN-PTFPHFCRDJ0</Computer>
<Security UserID="S-1-5-19"></Security>
</System>
<EventData><Data Name="State Machine">0x0000025f6c4fee08</Data>
<Data Name="Thread ID">2944</Data>
<Data Name="State Machine Name">Root:Negotiating</Data>
<Data Name="Current State">Root:Valid</Data>
<Data Name="New State">RootMachine</Data>
</EventData>
</Event>

<Event xmlns="http://schemas.microsoft.com/win/2004/08/events/event"><System><Provider Name="Microsoft-Windows-Store" Guid="{9c2a37f3-e5fd-5cae-bcd1-43dafeee1ff0}"></Provider>
<EventID Qualifiers="">8001</EventID>
<Version>0</Version>
<Level>4</Level>
<Task>8001</Task>
<Opcode>14</Opcode>
<Keywords>0x8000100000000000</Keywords>
<TimeCreated SystemTime="2020-10-26 15:27:21.699894"></TimeCreated>
<EventRecordID>1080</EventRecordID>
<Correlation ActivityID="" RelatedActivityID=""></Correlation>
<Execution ProcessID="1312" ThreadID="2164"></Execution>
<Channel>Microsoft-Windows-Store/Operational</Channel>
<Computer>WIN-PTFPHFCRDJ0</Computer>
<Security UserID="S-1-5-21-1152959844-3645458174-3779170896-1000"></Security>
</System>
<EventData><Data Name="Message">No key document found for contentid ddc422e2-1615-e74d-228f-268b3376a5b5</Data>
<Data Name="Function">ClipStorage::GetKeyDocumentForContentWithIdAndMinQuality</Data>
<Data Name="Source">onecoreuap\enduser\winstore\licensemanager\lib\clipstorage.cpp</Data>
<Data Name="Line Number">269</Data>
</EventData>
</Event>

<Event xmlns="http://schemas.microsoft.com/win/2004/08/events/event"><System><Provider Name="Microsoft-Windows-Store" Guid="{9c2a37f3-e5fd-5cae-bcd1-43dafeee1ff0}"></Provider>
<EventID Qualifiers="">8001</EventID>
<Version>0</Version>
<Level>4</Level>
<Task>8001</Task>
<Opcode>14</Opcode>
<Keywords>0x8000100000000000</Keywords>
<TimeCreated SystemTime="2020-10-26 15:27:24.311584"></TimeCreated>
<EventRecordID>1081</EventRecordID>
<Correlation ActivityID="" RelatedActivityID=""></Correlation>
<Execution ProcessID="1312" ThreadID="2944"></Execution>
<Channel>Microsoft-Windows-Store/Operational</Channel>
<Computer>WIN-PTFPHFCRDJ0</Computer>
<Security UserID="S-1-5-19"></Security>
</System>
<EventData><Data Name="Message">Getting user tickets for S-1-5-21-1152959844-3645458174-3779170896-1000</Data>
<Data Name="Function">SingleUserStoredIdentitySnapshot::CaptureIdentity</Data>
<Data Name="Source">onecoreuap\enduser\winstore\licensemanager\lib\identity.cpp</Data>
<Data Name="Line Number">350</Data>
</EventData>
</Event>

<Event xmlns="http://schemas.microsoft.com/win/2004/08/events/event"><System><Provider Name="Microsoft-Windows-Store" Guid="{9c2a37f3-e5fd-5cae-bcd1-43dafeee1ff0}"></Provider>
<EventID Qualifiers="">8001</EventID>
<Version>0</Version>
<Level>4</Level>
<Task>8001</Task>
<Opcode>14</Opcode>
<Keywords>0x8000100000000000</Keywords>
<TimeCreated SystemTime="2020-10-26 15:27:24.316965"></TimeCreated>
<EventRecordID>1082</EventRecordID>
<Correlation ActivityID="" RelatedActivityID=""></Correlation>
<Execution ProcessID="1312" ThreadID="2944"></Execution>
<Channel>Microsoft-Windows-Store/Operational</Channel>
<Computer>WIN-PTFPHFCRDJ0</Computer>
<Security UserID="S-1-5-21-1152959844-3645458174-3779170896-1000"></Security>
</System>
<EventData><Data Name="Message">hr: 0x80070002</Data>
<Data Name="Function">WinStoreAuth::AuthenticationInternal::FetchStoreAccountIdFromRegistry</Data>
<Data Name="Source">\winstoreauth.cpp</Data>
<Data Name="Line Number">1163</Data>
</EventData>
</Event>

<Event xmlns="http://schemas.microsoft.com/win/2004/08/events/event"><System><Provider Name="Microsoft-Windows-Store" Guid="{9c2a37f3-e5fd-5cae-bcd1-43dafeee1ff0}"></Provider>
<EventID Qualifiers="">8002</EventID>
<Version>0</Version>
<Level>3</Level>
<Task>8001</Task>
<Opcode>13</Opcode>
<Keywords>0x8000100000000000</Keywords>
<TimeCreated SystemTime="2020-10-26 15:27:24.613886"></TimeCreated>
<EventRecordID>1083</EventRecordID>
<Correlation ActivityID="" RelatedActivityID=""></Correlation>
<Execution ProcessID="1312" ThreadID="2944"></Execution>
<Channel>Microsoft-Windows-Store/Operational</Channel>
<Computer>WIN-PTFPHFCRDJ0</Computer>
<Security UserID="S-1-5-21-1152959844-3645458174-3779170896-1000"></Security>
</System>
<EventData><Data Name="Message">hr: 0x80070525</Data>
<Data Name="Function">WaitForOperation</Data>
<Data Name="Source">onecoreuap\enduser\winstore\licensemanager\inc\util.h</Data>
<Data Name="Line Number">294</Data>
</EventData>
</Event>

<Event xmlns="http://schemas.microsoft.com/win/2004/08/events/event"><System><Provider Name="Microsoft-Windows-Store" Guid="{9c2a37f3-e5fd-5cae-bcd1-43dafeee1ff0}"></Provider>
<EventID Qualifiers="">8002</EventID>
<Version>0</Version>
<Level>3</Level>
<Task>8001</Task>
<Opcode>13</Opcode>
<Keywords>0x8000100000000000</Keywords>
<TimeCreated SystemTime="2020-10-26 15:27:24.751226"></TimeCreated>
<EventRecordID>1084</EventRecordID>
<Correlation ActivityID="" RelatedActivityID=""></Correlation>
<Execution ProcessID="1312" ThreadID="2944"></Execution>
<Channel>Microsoft-Windows-Store/Operational</Channel>
<Computer>WIN-PTFPHFCRDJ0</Computer>
<Security UserID="S-1-5-21-1152959844-3645458174-3779170896-1000"></Security>
</System>
<EventData><Data Name="Message">No authenticated user, no ticket. (0x80070525)</Data>
<Data Name="Function">CaptureLegacyMSATicket</Data>
<Data Name="Source">onecoreuap\enduser\winstore\licensemanager\lib\identity.cpp</Data>
<Data Name="Line Number">125</Data>
</EventData>
</Event>

<Event xmlns="http://schemas.microsoft.com/win/2004/08/events/event"><System><Provider Name="Microsoft-Windows-Store" Guid="{9c2a37f3-e5fd-5cae-bcd1-43dafeee1ff0}"></Provider>
<EventID Qualifiers="">8002</EventID>
<Version>0</Version>
<Level>3</Level>
<Task>8001</Task>
<Opcode>13</Opcode>
<Keywords>0x8000100000000000</Keywords>
<TimeCreated SystemTime="2020-10-26 15:27:24.751240"></TimeCreated>
<EventRecordID>1085</EventRecordID>
<Correlation ActivityID="" RelatedActivityID=""></Correlation>
<Execution ProcessID="1312" ThreadID="2944"></Execution>
<Channel>Microsoft-Windows-Store/Operational</Channel>
<Computer>WIN-PTFPHFCRDJ0</Computer>
<Security UserID="S-1-5-19"></Security>
</System>
<EventData><Data Name="Message">No user tickets captured for S-1-5-21-1152959844-3645458174-3779170896-1000, so this might not end well.</Data>
<Data Name="Function">SingleUserStoredIdentitySnapshot::CaptureIdentity</Data>
<Data Name="Source">onecoreuap\enduser\winstore\licensemanager\lib\identity.cpp</Data>
<Data Name="Line Number">416</Data>
</EventData>
</Event>

<Event xmlns="http://schemas.microsoft.com/win/2004/08/events/event"><System><Provider Name="Microsoft-Windows-Store" Guid="{9c2a37f3-e5fd-5cae-bcd1-43dafeee1ff0}"></Provider>
<EventID Qualifiers="">8001</EventID>
<Version>0</Version>
<Level>4</Level>
<Task>8001</Task>
<Opcode>14</Opcode>
<Keywords>0x8000100000000000</Keywords>
<TimeCreated SystemTime="2020-10-26 15:27:24.752899"></TimeCreated>
<EventRecordID>1086</EventRecordID>
<Correlation ActivityID="" RelatedActivityID=""></Correlation>
<Execution ProcessID="1312" ThreadID="2164"></Execution>
<Channel>Microsoft-Windows-Store/Operational</Channel>
<Computer>WIN-PTFPHFCRDJ0</Computer>
<Security UserID="S-1-5-19"></Security>
</System>
<EventData><Data Name="Message">Requesting license for ddc422e2-1615-e74d-228f-268b3376a5b5 at /v7.0/licenses/content (https://licensing.mp.microsoft.com) (Corr: 1FbKif3pf06PwiDc.1)</Data>
<Data Name="Function">LicenseProxyService::DoRequestLicense</Data>
<Data Name="Source">onecoreuap\enduser\winstore\licensemanager\lib\proxy.cpp</Data>
<Data Name="Line Number">1960</Data>
</EventData>
</Event>

<Event xmlns="http://schemas.microsoft.com/win/2004/08/events/event"><System><Provider Name="Microsoft-Windows-Store" Guid="{9c2a37f3-e5fd-5cae-bcd1-43dafeee1ff0}"></Provider>
<EventID Qualifiers="">8003</EventID>
<Version>0</Version>
<Level>2</Level>
<Task>8001</Task>
<Opcode>12</Opcode>
<Keywords>0x8000100000000000</Keywords>
<TimeCreated SystemTime="2020-10-26 15:27:25.532396"></TimeCreated>
<EventRecordID>1087</EventRecordID>
<Correlation ActivityID="" RelatedActivityID=""></Correlation>
<Execution ProcessID="1312" ThreadID="2164"></Execution>
<Channel>Microsoft-Windows-Store/Operational</Channel>
<Computer>WIN-PTFPHFCRDJ0</Computer>
<Security UserID="S-1-5-19"></Security>
</System>
<EventData><Data Name="Message">Service Fault: status: 400 code: ContentIdNotInCatalog: description: The requested content id could not be found in the catalog. data: ["ddc422e2-1615-e74d-228f-268b3376a5b5"] (Corr: 1FbKif3pf06PwiDc.1, Svr: 9)</Data>
<Data Name="Function">LogServiceFault</Data>
<Data Name="Source">onecoreuap\enduser\winstore\licensemanager\lib\telemetry.cpp</Data>
<Data Name="Line Number">100</Data>
</EventData>
</Event>

<Event xmlns="http://schemas.microsoft.com/win/2004/08/events/event"><System><Provider Name="Microsoft-Windows-Store" Guid="{9c2a37f3-e5fd-5cae-bcd1-43dafeee1ff0}"></Provider>
<EventID Qualifiers="">8002</EventID>
<Version>0</Version>
<Level>3</Level>
<Task>8001</Task>
<Opcode>13</Opcode>
<Keywords>0x8000100000000000</Keywords>
<TimeCreated SystemTime="2020-10-26 15:27:25.532553"></TimeCreated>
<EventRecordID>1088</EventRecordID>
<Correlation ActivityID="" RelatedActivityID=""></Correlation>
<Execution ProcessID="1312" ThreadID="2164"></Execution>
<Channel>Microsoft-Windows-Store/Operational</Channel>
<Computer>WIN-PTFPHFCRDJ0</Computer>
<Security UserID="S-1-5-19"></Security>
</System>
<EventData><Data Name="Message">hr: 0x87e10bc6</Data>
<Data Name="Function">LicenseProxyService::DoRequestLicense</Data>
<Data Name="Source">onecoreuap\enduser\winstore\licensemanager\lib\proxy.cpp</Data>
<Data Name="Line Number">1974</Data>
</EventData>
</Event>

<Event xmlns="http://schemas.microsoft.com/win/2004/08/events/event"><System><Provider Name="Microsoft-Windows-Store" Guid="{9c2a37f3-e5fd-5cae-bcd1-43dafeee1ff0}"></Provider>
<EventID Qualifiers="">8001</EventID>
<Version>0</Version>
<Level>4</Level>
<Task>8001</Task>
<Opcode>14</Opcode>
<Keywords>0x8000100000000000</Keywords>
<TimeCreated SystemTime="2020-10-26 15:27:25.607426"></TimeCreated>
<EventRecordID>1089</EventRecordID>
<Correlation ActivityID="" RelatedActivityID=""></Correlation>
<Execution ProcessID="1312" ThreadID="2164"></Execution>
<Channel>Microsoft-Windows-Store/Operational</Channel>
<Computer>WIN-PTFPHFCRDJ0</Computer>
<Security UserID="S-1-5-19"></Security>
</System>
<EventData><Data Name="Message">onecoreuap\enduser\winstore\licensemanager\lib\proxy.cpp(1974)\LicenseManager.dll!00007FFBF6AFB908: Exception(2) tid(874) 87E10BC6     [LicenseProxyService::DoRequestLicense]
</Data>
<Data Name="Function">LicenseProxyService::RequestLicenseForContentWithId</Data>
<Data Name="Source">onecoreuap\enduser\winstore\licensemanager\lib\proxy.cpp</Data>
<Data Name="Line Number">343</Data>
</EventData>
</Event>

<Event xmlns="http://schemas.microsoft.com/win/2004/08/events/event"><System><Provider Name="Microsoft-Windows-Store" Guid="{9c2a37f3-e5fd-5cae-bcd1-43dafeee1ff0}"></Provider>
<EventID Qualifiers="">8002</EventID>
<Version>0</Version>
<Level>3</Level>
<Task>8001</Task>
<Opcode>13</Opcode>
<Keywords>0x8000100000000000</Keywords>
<TimeCreated SystemTime="2020-10-26 15:27:25.607447"></TimeCreated>
<EventRecordID>1090</EventRecordID>
<Correlation ActivityID="" RelatedActivityID=""></Correlation>
<Execution ProcessID="1312" ThreadID="2164"></Execution>
<Channel>Microsoft-Windows-Store/Operational</Channel>
<Computer>WIN-PTFPHFCRDJ0</Computer>
<Security UserID="S-1-5-19"></Security>
</System>
<EventData><Data Name="Message">hr: 0x87e10bc6</Data>
<Data Name="Function">LicenseManagerCore::RequestLicenseForContentWithId</Data>
<Data Name="Source">onecoreuap\enduser\winstore\licensemanager\lib\managercore.cpp</Data>
<Data Name="Line Number">1863</Data>
</EventData>
</Event>

<Event xmlns="http://schemas.microsoft.com/win/2004/08/events/event"><System><Provider Name="Microsoft-Windows-Store" Guid="{9c2a37f3-e5fd-5cae-bcd1-43dafeee1ff0}"></Provider>
<EventID Qualifiers="">8001</EventID>
<Version>0</Version>
<Level>4</Level>
<Task>8001</Task>
<Opcode>14</Opcode>
<Keywords>0x8000100000000000</Keywords>
<TimeCreated SystemTime="2020-10-26 15:27:25.702421"></TimeCreated>
<EventRecordID>1091</EventRecordID>
<Correlation ActivityID="" RelatedActivityID=""></Correlation>
<Execution ProcessID="1312" ThreadID="2164"></Execution>
<Channel>Microsoft-Windows-Store/Operational</Channel>
<Computer>WIN-PTFPHFCRDJ0</Computer>
<Security UserID="S-1-5-19"></Security>
</System>
<EventData><Data Name="Message">onecoreuap\enduser\winstore\licensemanager\lib\managercore.cpp(1863)\LicenseManager.dll!00007FFBF6AFD6D3: Exception(3) tid(874) 87E10BC6     [LicenseManagerCore::RequestLicenseForContentWithId]
</Data>
<Data Name="Function">KeyMachine::DoLicenseThreadProc</Data>
<Data Name="Source">onecoreuap\enduser\winstore\licensemanager\lib\keymachine.cpp</Data>
<Data Name="Line Number">967</Data>
</EventData>
</Event>

<Event xmlns="http://schemas.microsoft.com/win/2004/08/events/event"><System><Provider Name="Microsoft-Windows-Store" Guid="{9c2a37f3-e5fd-5cae-bcd1-43dafeee1ff0}"></Provider>
<EventID Qualifiers="">8011</EventID>
<Version>0</Version>
<Level>5</Level>
<Task>8002</Task>
<Opcode>16</Opcode>
<Keywords>0x8000200000000000</Keywords>
<TimeCreated SystemTime="2020-10-26 15:27:25.702467"></TimeCreated>
<EventRecordID>1092</EventRecordID>
<Correlation ActivityID="" RelatedActivityID=""></Correlation>
<Execution ProcessID="1312" ThreadID="3592"></Execution>
<Channel>Microsoft-Windows-Store/Operational</Channel>
<Computer>WIN-PTFPHFCRDJ0</Computer>
<Security UserID="S-1-5-19"></Security>
</System>
<EventData><Data Name="State Machine">0x0000025f6a6c1940</Data>
<Data Name="Thread ID">3592</Data>
<Data Name="State Machine Name">ddc422e2-1615-e74d-228f-268b3376a5b5</Data>
<Data Name="Event Name">Key:@LicenseDone</Data>
<Data Name="Current State">Key:NegotiatingUnleased</Data>
</EventData>
</Event>

<Event xmlns="http://schemas.microsoft.com/win/2004/08/events/event"><System><Provider Name="Microsoft-Windows-Store" Guid="{9c2a37f3-e5fd-5cae-bcd1-43dafeee1ff0}"></Provider>
<EventID Qualifiers="">8002</EventID>
<Version>0</Version>
<Level>3</Level>
<Task>8001</Task>
<Opcode>13</Opcode>
<Keywords>0x8000100000000000</Keywords>
<TimeCreated SystemTime="2020-10-26 15:27:25.702869"></TimeCreated>
<EventRecordID>1093</EventRecordID>
<Correlation ActivityID="" RelatedActivityID=""></Correlation>
<Execution ProcessID="1312" ThreadID="2888"></Execution>
<Channel>Microsoft-Windows-Store/Operational</Channel>
<Computer>WIN-PTFPHFCRDJ0</Computer>
<Security UserID="S-1-5-21-1152959844-3645458174-3779170896-1000"></Security>
</System>
<EventData><Data Name="Message">hr: 0x87e10bc6</Data>
<Data Name="Function">LicenseCallback::WaitForComplete</Data>
<Data Name="Source">onecoreuap\enduser\winstore\licensemanager\lib\managercore.cpp</Data>
<Data Name="Line Number">171</Data>
</EventData>
</Event>

<Event xmlns="http://schemas.microsoft.com/win/2004/08/events/event"><System><Provider Name="Microsoft-Windows-Store" Guid="{9c2a37f3-e5fd-5cae-bcd1-43dafeee1ff0}"></Provider>
<EventID Qualifiers="">8002</EventID>
<Version>0</Version>
<Level>3</Level>
<Task>8001</Task>
<Opcode>13</Opcode>
<Keywords>0x8000100000000000</Keywords>
<TimeCreated SystemTime="2020-10-26 15:27:25.702969"></TimeCreated>
<EventRecordID>1094</EventRecordID>
<Correlation ActivityID="" RelatedActivityID=""></Correlation>
<Execution ProcessID="1312" ThreadID="2888"></Execution>
<Channel>Microsoft-Windows-Store/Operational</Channel>
<Computer>WIN-PTFPHFCRDJ0</Computer>
<Security UserID="S-1-5-21-1152959844-3645458174-3779170896-1000"></Security>
</System>
<EventData><Data Name="Message">hr: 0x87e10bc6</Data>
<Data Name="Function">ApplicationLicenseManager::ActivateLicenseForContent</Data>
<Data Name="Source">onecoreuap\enduser\winstore\licensemanager\lib\applicensemanager.cpp</Data>
<Data Name="Line Number">373</Data>
</EventData>
</Event>

<Event xmlns="http://schemas.microsoft.com/win/2004/08/events/event"><System><Provider Name="Microsoft-Windows-Store" Guid="{9c2a37f3-e5fd-5cae-bcd1-43dafeee1ff0}"></Provider>
<EventID Qualifiers="">8012</EventID>
<Version>0</Version>
<Level>5</Level>
<Task>8002</Task>
<Opcode>17</Opcode>
<Keywords>0x8000200000000000</Keywords>
<TimeCreated SystemTime="2020-10-26 15:27:25.703138"></TimeCreated>
<EventRecordID>1095</EventRecordID>
<Correlation ActivityID="" RelatedActivityID=""></Correlation>
<Execution ProcessID="1312" ThreadID="3592"></Execution>
<Channel>Microsoft-Windows-Store/Operational</Channel>
<Computer>WIN-PTFPHFCRDJ0</Computer>
<Security UserID="S-1-5-19"></Security>
</System>
<EventData><Data Name="State Machine">0x0000025f6a6c1940</Data>
<Data Name="Thread ID">3592</Data>
<Data Name="State Machine Name">Key:NegotiatingUnleased</Data>
<Data Name="Current State">Key:Initial</Data>
<Data Name="New State">ddc422e2-1615-e74d-228f-268b3376a5b5</Data>
</EventData>
</Event>

<Event xmlns="http://schemas.microsoft.com/win/2004/08/events/event"><System><Provider Name="Microsoft-Windows-Store" Guid="{9c2a37f3-e5fd-5cae-bcd1-43dafeee1ff0}"></Provider>
<EventID Qualifiers="">8011</EventID>
<Version>0</Version>
<Level>5</Level>
<Task>8002</Task>
<Opcode>16</Opcode>
<Keywords>0x8000200000000000</Keywords>
<TimeCreated SystemTime="2020-10-26 15:27:25.703144"></TimeCreated>
<EventRecordID>1096</EventRecordID>
<Correlation ActivityID="" RelatedActivityID=""></Correlation>
<Execution ProcessID="1312" ThreadID="3592"></Execution>
<Channel>Microsoft-Windows-Store/Operational</Channel>
<Computer>WIN-PTFPHFCRDJ0</Computer>
<Security UserID="S-1-5-19"></Security>
</System>
<EventData><Data Name="State Machine">0x0000025f6a6c1940</Data>
<Data Name="Thread ID">3592</Data>
<Data Name="State Machine Name">ddc422e2-1615-e74d-228f-268b3376a5b5</Data>
<Data Name="Event Name">Key:Unregistered</Data>
<Data Name="Current State">Key:Initial</Data>
</EventData>
</Event>

<Event xmlns="http://schemas.microsoft.com/win/2004/08/events/event"><System><Provider Name="Microsoft-Windows-Store" Guid="{9c2a37f3-e5fd-5cae-bcd1-43dafeee1ff0}"></Provider>
<EventID Qualifiers="">8012</EventID>
<Version>0</Version>
<Level>5</Level>
<Task>8002</Task>
<Opcode>17</Opcode>
<Keywords>0x8000200000000000</Keywords>
<TimeCreated SystemTime="2020-10-26 15:27:25.703144"></TimeCreated>
<EventRecordID>1097</EventRecordID>
<Correlation ActivityID="" RelatedActivityID=""></Correlation>
<Execution ProcessID="1312" ThreadID="3592"></Execution>
<Channel>Microsoft-Windows-Store/Operational</Channel>
<Computer>WIN-PTFPHFCRDJ0</Computer>
<Security UserID="S-1-5-19"></Security>
</System>
<EventData><Data Name="State Machine">0x0000025f6a6c1940</Data>
<Data Name="Thread ID">3592</Data>
<Data Name="State Machine Name">Key:Initial</Data>
<Data Name="Current State">Key:Invalid</Data>
<Data Name="New State">ddc422e2-1615-e74d-228f-268b3376a5b5</Data>
</EventData>
</Event>

<Event xmlns="http://schemas.microsoft.com/win/2004/08/events/event"><System><Provider Name="Microsoft-Windows-Store" Guid="{9c2a37f3-e5fd-5cae-bcd1-43dafeee1ff0}"></Provider>
<EventID Qualifiers="">8001</EventID>
<Version>0</Version>
<Level>4</Level>
<Task>8001</Task>
<Opcode>14</Opcode>
<Keywords>0x8000100000000000</Keywords>
<TimeCreated SystemTime="2020-10-26 15:27:25.769814"></TimeCreated>
<EventRecordID>1098</EventRecordID>
<Correlation ActivityID="" RelatedActivityID=""></Correlation>
<Execution ProcessID="1312" ThreadID="2888"></Execution>
<Channel>Microsoft-Windows-Store/Operational</Channel>
<Computer>WIN-PTFPHFCRDJ0</Computer>
<Security UserID="S-1-5-19"></Security>
</System>
<EventData><Data Name="Message">onecoreuap\enduser\winstore\licensemanager\lib\applicensemanager.cpp(373)\LicenseManager.dll!00007FFBF6B3F1EF: Exception(5) tid(b48) 87E10BC6     [ApplicationLicenseManager::ActivateLicenseForContent]
</Data>
<Data Name="Function">ApplicationLicenseManager::ActivateLicenseForContent</Data>
<Data Name="Source">onecoreuap\enduser\winstore\licensemanager\lib\applicensemanager.cpp</Data>
<Data Name="Line Number">376</Data>
</EventData>
</Event>

<Event xmlns="http://schemas.microsoft.com/win/2004/08/events/event"><System><Provider Name="Microsoft-Windows-Store" Guid="{9c2a37f3-e5fd-5cae-bcd1-43dafeee1ff0}"></Provider>
<EventID Qualifiers="">8000</EventID>
<Version>0</Version>
<Level>4</Level>
<Task>8000</Task>
<Opcode>0</Opcode>
<Keywords>0x8000100000000000</Keywords>
<TimeCreated SystemTime="2020-10-27 02:08:40.672255"></TimeCreated>
<EventRecordID>1099</EventRecordID>
<Correlation ActivityID="" RelatedActivityID=""></Correlation>
<Execution ProcessID="1316" ThreadID="3640"></Execution>
<Channel>Microsoft-Windows-Store/Operational</Channel>
<Computer>WIN-PTFPHFCRDJ0</Computer>
<Security UserID="S-1-5-19"></Security>
</System>
<EventData><Data Name="Process Name">C:\Windows\system32\svchost.exe</Data>
<Data Name="Module Name">c:\windows\system32\LicenseManager.dll</Data>
<Data Name="Build Name">17763.1.amd64fre.rs5_release.180914-1434</Data>
</EventData>
</Event>

<Event xmlns="http://schemas.microsoft.com/win/2004/08/events/event"><System><Provider Name="Microsoft-Windows-Store" Guid="{9c2a37f3-e5fd-5cae-bcd1-43dafeee1ff0}"></Provider>
<EventID Qualifiers="">8001</EventID>
<Version>0</Version>
<Level>4</Level>
<Task>8001</Task>
<Opcode>14</Opcode>
<Keywords>0x8000100000000000</Keywords>
<TimeCreated SystemTime="2020-10-27 02:08:40.707645"></TimeCreated>
<EventRecordID>1100</EventRecordID>
<Correlation ActivityID="" RelatedActivityID=""></Correlation>
<Execution ProcessID="1316" ThreadID="3640"></Execution>
<Channel>Microsoft-Windows-Store/Operational</Channel>
<Computer>WIN-PTFPHFCRDJ0</Computer>
<Security UserID="S-1-5-19"></Security>
</System>
<EventData><Data Name="Message">License Manager starting...</Data>
<Data Name="Function">ServiceInitializeImpl</Data>
<Data Name="Source">onecoreuap\enduser\winstore\licensemanager\lib\service.cpp</Data>
<Data Name="Line Number">1891</Data>
</EventData>
</Event>

<Event xmlns="http://schemas.microsoft.com/win/2004/08/events/event"><System><Provider Name="Microsoft-Windows-Store" Guid="{9c2a37f3-e5fd-5cae-bcd1-43dafeee1ff0}"></Provider>
<EventID Qualifiers="">8001</EventID>
<Version>0</Version>
<Level>4</Level>
<Task>8001</Task>
<Opcode>14</Opcode>
<Keywords>0x8000100000000000</Keywords>
<TimeCreated SystemTime="2020-10-27 02:08:40.709379"></TimeCreated>
<EventRecordID>1101</EventRecordID>
<Correlation ActivityID="" RelatedActivityID=""></Correlation>
<Execution ProcessID="1316" ThreadID="3640"></Execution>
<Channel>Microsoft-Windows-Store/Operational</Channel>
<Computer>WIN-PTFPHFCRDJ0</Computer>
<Security UserID="S-1-5-19"></Security>
</System>
<EventData><Data Name="Message">Creating LM</Data>
<Data Name="Function">CreateLicenseManager</Data>
<Data Name="Source">onecoreuap\enduser\winstore\licensemanager\lib\manager.cpp</Data>
<Data Name="Line Number">572</Data>
</EventData>
</Event>

<Event xmlns="http://schemas.microsoft.com/win/2004/08/events/event"><System><Provider Name="Microsoft-Windows-Store" Guid="{9c2a37f3-e5fd-5cae-bcd1-43dafeee1ff0}"></Provider>
<EventID Qualifiers="">8001</EventID>
<Version>0</Version>
<Level>4</Level>
<Task>8001</Task>
<Opcode>14</Opcode>
<Keywords>0x8000100000000000</Keywords>
<TimeCreated SystemTime="2020-10-27 02:08:40.711884"></TimeCreated>
<EventRecordID>1102</EventRecordID>
<Correlation ActivityID="" RelatedActivityID=""></Correlation>
<Execution ProcessID="1316" ThreadID="3640"></Execution>
<Channel>Microsoft-Windows-Store/Operational</Channel>
<Computer>WIN-PTFPHFCRDJ0</Computer>
<Security UserID="S-1-5-19"></Security>
</System>
<EventData><Data Name="Message">00000224F12D8050: Root Machine</Data>
<Data Name="Function">RootMachine::RootMachine</Data>
<Data Name="Source">onecoreuap\enduser\winstore\licensemanager\lib\rootmachine.cpp</Data>
<Data Name="Line Number">63</Data>
</EventData>
</Event>

<Event xmlns="http://schemas.microsoft.com/win/2004/08/events/event"><System><Provider Name="Microsoft-Windows-Store" Guid="{9c2a37f3-e5fd-5cae-bcd1-43dafeee1ff0}"></Provider>
<EventID Qualifiers="">8001</EventID>
<Version>0</Version>
<Level>4</Level>
<Task>8001</Task>
<Opcode>14</Opcode>
<Keywords>0x8000100000000000</Keywords>
<TimeCreated SystemTime="2020-10-27 02:08:40.712240"></TimeCreated>
<EventRecordID>1103</EventRecordID>
<Correlation ActivityID="" RelatedActivityID=""></Correlation>
<Execution ProcessID="1316" ThreadID="3640"></Execution>
<Channel>Microsoft-Windows-Store/Operational</Channel>
<Computer>WIN-PTFPHFCRDJ0</Computer>
<Security UserID="S-1-5-19"></Security>
</System>
<EventData><Data Name="Message">License Manager started</Data>
<Data Name="Function">ServiceInitializeImpl</Data>
<Data Name="Source">onecoreuap\enduser\winstore\licensemanager\lib\service.cpp</Data>
<Data Name="Line Number">1912</Data>
</EventData>
</Event>

<Event xmlns="http://schemas.microsoft.com/win/2004/08/events/event"><System><Provider Name="Microsoft-Windows-Store" Guid="{9c2a37f3-e5fd-5cae-bcd1-43dafeee1ff0}"></Provider>
<EventID Qualifiers="">8001</EventID>
<Version>0</Version>
<Level>4</Level>
<Task>8001</Task>
<Opcode>14</Opcode>
<Keywords>0x8000100000000000</Keywords>
<TimeCreated SystemTime="2020-10-27 02:08:40.816883"></TimeCreated>
<EventRecordID>1104</EventRecordID>
<Correlation ActivityID="" RelatedActivityID=""></Correlation>
<Execution ProcessID="1316" ThreadID="2320"></Execution>
<Channel>Microsoft-Windows-Store/Operational</Channel>
<Computer>WIN-PTFPHFCRDJ0</Computer>
<Security UserID="S-1-5-21-1152959844-3645458174-3779170896-1000"></Security>
</System>
<EventData><Data Name="Message">Licensing content ddc422e2-1615-e74d-228f-268b3376a5b5</Data>
<Data Name="Function">OneStoreApplicationLicenseManager::ActivateLicenseForContent</Data>
<Data Name="Source">onecoreuap\enduser\winstore\licensemanager\lib\onestoreapplicensemanager.cpp</Data>
<Data Name="Line Number">402</Data>
</EventData>
</Event>

<Event xmlns="http://schemas.microsoft.com/win/2004/08/events/event"><System><Provider Name="Microsoft-Windows-Store" Guid="{9c2a37f3-e5fd-5cae-bcd1-43dafeee1ff0}"></Provider>
<EventID Qualifiers="">8001</EventID>
<Version>0</Version>
<Level>4</Level>
<Task>8001</Task>
<Opcode>14</Opcode>
<Keywords>0x8000100000000000</Keywords>
<TimeCreated SystemTime="2020-10-27 02:08:40.816887"></TimeCreated>
<EventRecordID>1105</EventRecordID>
<Correlation ActivityID="" RelatedActivityID=""></Correlation>
<Execution ProcessID="1316" ThreadID="2320"></Execution>
<Channel>Microsoft-Windows-Store/Operational</Channel>
<Computer>WIN-PTFPHFCRDJ0</Computer>
<Security UserID="S-1-5-21-1152959844-3645458174-3779170896-1000"></Security>
</System>
<EventData><Data Name="Message">Licensing ddc422e2-1615-e74d-228f-268b3376a5b5 (Active)</Data>
<Data Name="Function">LicenseManager::LicenseContentWithId</Data>
<Data Name="Source">onecoreuap\enduser\winstore\licensemanager\lib\manager.cpp</Data>
<Data Name="Line Number">81</Data>
</EventData>
</Event>

