<Event xmlns="http://schemas.microsoft.com/win/2004/08/events/event"><System><Provider Name="Microsoft-Windows-StorPort" Guid="{c4636a1e-7986-4646-bf10-7bc3b4a76e8e}"></Provider>
<EventID Qualifiers="">505</EventID>
<Version>3</Version>
<Level>4</Level>
<Task>201</Task>
<Opcode>0</Opcode>
<Keywords>0x0800000000600000</Keywords>
<TimeCreated SystemTime="2020-10-26 16:28:05.243210"></TimeCreated>
<EventRecordID>35</EventRecordID>
<Correlation ActivityID="" RelatedActivityID=""></Correlation>
<Execution ProcessID="0" ThreadID="0"></Execution>
<Channel>Microsoft-Windows-Storage-Storport/Operational</Channel>
<Computer>WIN-PTFPHFCRDJ0</Computer>
<Security UserID=""></Security>
</System>
<EventData><Data Name="PortNumber">3</Data>
<Data Name="PathID">0</Data>
<Data Name="TargetID">0</Data>
<Data Name="LUN">0</Data>
<Data Name="ClassDeviceGuid">{7b6f1752-bd95-6e22-e3a5-6ee8419ecad7}</Data>
<Data Name="AdapterGuid">{660680d3-1519-11eb-bd99-806e6f6e6963}</Data>
<Data Name="MiniportName">stornvme</Data>
<Data Name="VendorId">NVMe    </Data>
<Data Name="ProductId">VMware Virtual N</Data>
<Data Name="SystemUptime_s">4561</Data>
<Data Name="Version">10</Data>
<Data Name="TotalIoCount">43360</Data>
<Data Name="MaxDeviceQueueCount">6</Data>
<Data Name="MaxOutstandingCount">5</Data>
<Data Name="MaxReadWriteLatency_100ns">5599898</Data>
<Data Name="MaxFlushLatency_100ns">0</Data>
<Data Name="MaxUnmapLatency_100ns">0</Data>
<Data Name="IoLatencyBuckets">256us, 1ms, 4ms, 16ms, 64ms, 128ms, 256ms, 2000ms, 6000ms, 10000ms, 20000ms, 20000+ms</Data>
<Data Name="BucketIoSuccess1">12214</Data>
<Data Name="BucketIoSuccess2">14885</Data>
<Data Name="BucketIoSuccess3">2022</Data>
<Data Name="BucketIoSuccess4">6532</Data>
<Data Name="BucketIoSuccess5">7220</Data>
<Data Name="BucketIoSuccess6">403</Data>
<Data Name="BucketIoSuccess7">62</Data>
<Data Name="BucketIoSuccess8">22</Data>
<Data Name="BucketIoSuccess9">0</Data>
<Data Name="BucketIoSuccess10">0</Data>
<Data Name="BucketIoSuccess11">0</Data>
<Data Name="BucketIoSuccess12">0</Data>
<Data Name="BucketIoFailed1">0</Data>
<Data Name="BucketIoFailed2">0</Data>
<Data Name="BucketIoFailed3">0</Data>
<Data Name="BucketIoFailed4">0</Data>
<Data Name="BucketIoFailed5">0</Data>
<Data Name="BucketIoFailed6">0</Data>
<Data Name="BucketIoFailed7">0</Data>
<Data Name="BucketIoFailed8">0</Data>
<Data Name="BucketIoFailed9">0</Data>
<Data Name="BucketIoFailed10">0</Data>
<Data Name="BucketIoFailed11">0</Data>
<Data Name="BucketIoFailed12">0</Data>
<Data Name="BucketIoLatency1_100ns">20928320</Data>
<Data Name="BucketIoLatency2_100ns">74613043</Data>
<Data Name="BucketIoLatency3_100ns">45310897</Data>
<Data Name="BucketIoLatency4_100ns">646453696</Data>
<Data Name="BucketIoLatency5_100ns">2273062966</Data>
<Data Name="BucketIoLatency6_100ns">328394318</Data>
<Data Name="BucketIoLatency7_100ns">109342718</Data>
<Data Name="BucketIoLatency8_100ns">77270002</Data>
<Data Name="BucketIoLatency9_100ns">0</Data>
<Data Name="BucketIoLatency10_100ns">0</Data>
<Data Name="BucketIoLatency11_100ns">0</Data>
<Data Name="BucketIoLatency12_100ns">0</Data>
<Data Name="TotalReadBytes">918910976</Data>
<Data Name="TotalWriteBytes">973960704</Data>
</EventData>
</Event>

<Event xmlns="http://schemas.microsoft.com/win/2004/08/events/event"><System><Provider Name="Microsoft-Windows-StorPort" Guid="{c4636a1e-7986-4646-bf10-7bc3b4a76e8e}"></Provider>
<EventID Qualifiers="">504</EventID>
<Version>2</Version>
<Level>4</Level>
<Task>201</Task>
<Opcode>0</Opcode>
<Keywords>0x0800000000600000</Keywords>
<TimeCreated SystemTime="2020-10-26 16:28:05.243219"></TimeCreated>
<EventRecordID>36</EventRecordID>
<Correlation ActivityID="" RelatedActivityID=""></Correlation>
<Execution ProcessID="0" ThreadID="0"></Execution>
<Channel>Microsoft-Windows-Storage-Storport/Operational</Channel>
<Computer>WIN-PTFPHFCRDJ0</Computer>
<Security UserID=""></Security>
</System>
<EventData><Data Name="PortNumber">2</Data>
<Data Name="PathID">1</Data>
<Data Name="TargetID">0</Data>
<Data Name="LUN">0</Data>
<Data Name="ClassDeviceGuid">{00000000-0000-0000-0000-000000000000}</Data>
<Data Name="AdapterGuid">{660680d2-1519-11eb-bd99-806e6f6e6963}</Data>
<Data Name="MiniportName">storahci</Data>
<Data Name="VendorId">NECVMWar</Data>
<Data Name="ProductId">VMware SATA CD01</Data>
<Data Name="SystemUptime_s">4561</Data>
<Data Name="Version">3</Data>
<Data Name="TotalErrors">65</Data>
<Data Name="TotalReadWriteErrors">0</Data>
<Data Name="TotalImpendingDeviceFailureErrors">0</Data>
<Data Name="TotalDeviceFailureErrors">0</Data>
<Data Name="TimeoutsInMiniport">0</Data>
<Data Name="LastError_RequestDuration_ms">0</Data>
<Data Name="LastError_WaitDuration_ms">0</Data>
<Data Name="LastError_Command">0</Data>
<Data Name="LastError_SrbStatus">4</Data>
<Data Name="LastError_ScsiStatus">2</Data>
<Data Name="LastError_SenseKey">2</Data>
<Data Name="LastError_AddSense">58</Data>
<Data Name="LastError_AddSenseQ">0</Data>
<Data Name="LastError_IoSize">0</Data>
<Data Name="LastError_QueueDepth">0</Data>
<Data Name="LastError_LBA">0x0000000000000000</Data>
<Data Name="SampledErrorLogArrayLength">400</Data>
<Data Name="SampledErrorLogArray">BAICOgAAAAAAAAAAAQAAAAAAAAAAAAAAAAAAAAAAAAAAAAAAAAAAAAQCAjoAAAAAAAAAAAEAAAAAAAAAAAAAAAAAAAAAAAAAIgAAAAAAAAAEAgI6AAAAAAAAAAABAAAAAAAAAAAAAAAAAAAAAAAAAAIAAAAAAAAABAICOgAAAAAAAAAAAQAAAAAAAAAAAAAAAAAAAAAAAAADAAAAAAAAAAQCAjoAAAAAAAAAAAEAAAAAAAAAAAAAAAAAAAAAAAAADAAAAAAAAAAEAgI6AAAAAAAAAAABAAAAAAAAAAAAAAAAAAAAAAAAABEAAAAAAAAABAICOgAAAAAAAAAAAQAAAAAAAAAAAAAAAAAAAAAAAAA+AAAAAAAAAAQCAjoAAAAAAAAAAAEAAAAAAAAAAAAAAAAAAAAAAAAADQAAAAAAAAAEAgI6AAAAAAAAAAABAAAAAAAAAAAAAAAAAAAAAAAAACYAAAAAAAAABAICOgAAAAAAAAAAAQAAAAAAAAAAAAAAAAAAAAAAAAAXAAAAAAAAAA==</Data>
<Data Name="UniqueErrorLogArrayLength">40</Data>
<Data Name="UniqueErrorLogArray">BAICOgAAAAAAAAAAAQAAAAAAAAAAAAAAAAAAAAAAAABBAAAAAAAAAA==</Data>
</EventData>
</Event>

<Event xmlns="http://schemas.microsoft.com/win/2004/08/events/event"><System><Provider Name="Microsoft-Windows-StorPort" Guid="{c4636a1e-7986-4646-bf10-7bc3b4a76e8e}"></Provider>
<EventID Qualifiers="">505</EventID>
<Version>3</Version>
<Level>4</Level>
<Task>201</Task>
<Opcode>0</Opcode>
<Keywords>0x0800000000600000</Keywords>
<TimeCreated SystemTime="2020-10-26 17:33:04.566917"></TimeCreated>
<EventRecordID>37</EventRecordID>
<Correlation ActivityID="" RelatedActivityID=""></Correlation>
<Execution ProcessID="0" ThreadID="0"></Execution>
<Channel>Microsoft-Windows-Storage-Storport/Operational</Channel>
<Computer>WIN-PTFPHFCRDJ0</Computer>
<Security UserID=""></Security>
</System>
<EventData><Data Name="PortNumber">3</Data>
<Data Name="PathID">0</Data>
<Data Name="TargetID">0</Data>
<Data Name="LUN">0</Data>
<Data Name="ClassDeviceGuid">{7b6f1752-bd95-6e22-e3a5-6ee8419ecad7}</Data>
<Data Name="AdapterGuid">{660680d3-1519-11eb-bd99-806e6f6e6963}</Data>
<Data Name="MiniportName">stornvme</Data>
<Data Name="VendorId">NVMe    </Data>
<Data Name="ProductId">VMware Virtual N</Data>
<Data Name="SystemUptime_s">8460</Data>
<Data Name="Version">10</Data>
<Data Name="TotalIoCount">37608</Data>
<Data Name="MaxDeviceQueueCount">21827</Data>
<Data Name="MaxOutstandingCount">256</Data>
<Data Name="MaxReadWriteLatency_100ns">4920223</Data>
<Data Name="MaxFlushLatency_100ns">0</Data>
<Data Name="MaxUnmapLatency_100ns">0</Data>
<Data Name="IoLatencyBuckets">256us, 1ms, 4ms, 16ms, 64ms, 128ms, 256ms, 2000ms, 6000ms, 10000ms, 20000ms, 20000+ms</Data>
<Data Name="BucketIoSuccess1">3388</Data>
<Data Name="BucketIoSuccess2">4084</Data>
<Data Name="BucketIoSuccess3">1356</Data>
<Data Name="BucketIoSuccess4">7966</Data>
<Data Name="BucketIoSuccess5">20385</Data>
<Data Name="BucketIoSuccess6">412</Data>
<Data Name="BucketIoSuccess7">11</Data>
<Data Name="BucketIoSuccess8">5</Data>
<Data Name="BucketIoSuccess9">0</Data>
<Data Name="BucketIoSuccess10">0</Data>
<Data Name="BucketIoSuccess11">0</Data>
<Data Name="BucketIoSuccess12">0</Data>
<Data Name="BucketIoFailed1">0</Data>
<Data Name="BucketIoFailed2">1</Data>
<Data Name="BucketIoFailed3">0</Data>
<Data Name="BucketIoFailed4">0</Data>
<Data Name="BucketIoFailed5">0</Data>
<Data Name="BucketIoFailed6">0</Data>
<Data Name="BucketIoFailed7">0</Data>
<Data Name="BucketIoFailed8">0</Data>
<Data Name="BucketIoFailed9">0</Data>
<Data Name="BucketIoFailed10">0</Data>
<Data Name="BucketIoFailed11">0</Data>
<Data Name="BucketIoFailed12">0</Data>
<Data Name="BucketIoLatency1_100ns">5972791</Data>
<Data Name="BucketIoLatency2_100ns">20189865</Data>
<Data Name="BucketIoLatency3_100ns">28297625</Data>
<Data Name="BucketIoLatency4_100ns">1009845113</Data>
<Data Name="BucketIoLatency5_100ns">5152809588</Data>
<Data Name="BucketIoLatency6_100ns">291215137</Data>
<Data Name="BucketIoLatency7_100ns">19500842</Data>
<Data Name="BucketIoLatency8_100ns">18360333</Data>
<Data Name="BucketIoLatency9_100ns">0</Data>
<Data Name="BucketIoLatency10_100ns">0</Data>
<Data Name="BucketIoLatency11_100ns">0</Data>
<Data Name="BucketIoLatency12_100ns">0</Data>
<Data Name="TotalReadBytes">342401024</Data>
<Data Name="TotalWriteBytes">244513280</Data>
</EventData>
</Event>

<Event xmlns="http://schemas.microsoft.com/win/2004/08/events/event"><System><Provider Name="Microsoft-Windows-StorPort" Guid="{c4636a1e-7986-4646-bf10-7bc3b4a76e8e}"></Provider>
<EventID Qualifiers="">504</EventID>
<Version>2</Version>
<Level>4</Level>
<Task>201</Task>
<Opcode>0</Opcode>
<Keywords>0x0800000000600000</Keywords>
<TimeCreated SystemTime="2020-10-26 17:33:04.566935"></TimeCreated>
<EventRecordID>38</EventRecordID>
<Correlation ActivityID="" RelatedActivityID=""></Correlation>
<Execution ProcessID="0" ThreadID="0"></Execution>
<Channel>Microsoft-Windows-Storage-Storport/Operational</Channel>
<Computer>WIN-PTFPHFCRDJ0</Computer>
<Security UserID=""></Security>
</System>
<EventData><Data Name="PortNumber">3</Data>
<Data Name="PathID">0</Data>
<Data Name="TargetID">0</Data>
<Data Name="LUN">0</Data>
<Data Name="ClassDeviceGuid">{7b6f1752-bd95-6e22-e3a5-6ee8419ecad7}</Data>
<Data Name="AdapterGuid">{660680d3-1519-11eb-bd99-806e6f6e6963}</Data>
<Data Name="MiniportName">stornvme</Data>
<Data Name="VendorId">NVMe    </Data>
<Data Name="ProductId">VMware Virtual N</Data>
<Data Name="SystemUptime_s">8460</Data>
<Data Name="Version">3</Data>
<Data Name="TotalErrors">1</Data>
<Data Name="TotalReadWriteErrors">1</Data>
<Data Name="TotalImpendingDeviceFailureErrors">0</Data>
<Data Name="TotalDeviceFailureErrors">0</Data>
<Data Name="TimeoutsInMiniport">0</Data>
<Data Name="LastError_RequestDuration_ms">0</Data>
<Data Name="LastError_WaitDuration_ms">0</Data>
<Data Name="LastError_Command">40</Data>
<Data Name="LastError_SrbStatus">5</Data>
<Data Name="LastError_ScsiStatus">0</Data>
<Data Name="LastError_SenseKey">0</Data>
<Data Name="LastError_AddSense">0</Data>
<Data Name="LastError_AddSenseQ">0</Data>
<Data Name="LastError_IoSize">4096</Data>
<Data Name="LastError_QueueDepth">72</Data>
<Data Name="LastError_LBA">0x0000000001642018</Data>
<Data Name="SampledErrorLogArrayLength">0</Data>
<Data Name="SampledErrorLogArray"></Data>
<Data Name="UniqueErrorLogArrayLength">40</Data>
<Data Name="UniqueErrorLogArray">BQAAAAAoAAAAEAAAAQAAAAAAAABIAAAAGCBkAQAAAAABAAAAAAAAAA==</Data>
</EventData>
</Event>

<Event xmlns="http://schemas.microsoft.com/win/2004/08/events/event"><System><Provider Name="Microsoft-Windows-StorPort" Guid="{c4636a1e-7986-4646-bf10-7bc3b4a76e8e}"></Provider>
<EventID Qualifiers="">504</EventID>
<Version>2</Version>
<Level>4</Level>
<Task>201</Task>
<Opcode>0</Opcode>
<Keywords>0x0800000000600000</Keywords>
<TimeCreated SystemTime="2020-10-26 17:33:04.566992"></TimeCreated>
<EventRecordID>39</EventRecordID>
<Correlation ActivityID="" RelatedActivityID=""></Correlation>
<Execution ProcessID="0" ThreadID="0"></Execution>
<Channel>Microsoft-Windows-Storage-Storport/Operational</Channel>
<Computer>WIN-PTFPHFCRDJ0</Computer>
<Security UserID=""></Security>
</System>
<EventData><Data Name="PortNumber">2</Data>
<Data Name="PathID">1</Data>
<Data Name="TargetID">0</Data>
<Data Name="LUN">0</Data>
<Data Name="ClassDeviceGuid">{00000000-0000-0000-0000-000000000000}</Data>
<Data Name="AdapterGuid">{660680d2-1519-11eb-bd99-806e6f6e6963}</Data>
<Data Name="MiniportName">storahci</Data>
<Data Name="VendorId">NECVMWar</Data>
<Data Name="ProductId">VMware SATA CD01</Data>
<Data Name="SystemUptime_s">8460</Data>
<Data Name="Version">3</Data>
<Data Name="TotalErrors">67</Data>
<Data Name="TotalReadWriteErrors">0</Data>
<Data Name="TotalImpendingDeviceFailureErrors">0</Data>
<Data Name="TotalDeviceFailureErrors">0</Data>
<Data Name="TimeoutsInMiniport">0</Data>
<Data Name="LastError_RequestDuration_ms">0</Data>
<Data Name="LastError_WaitDuration_ms">0</Data>
<Data Name="LastError_Command">0</Data>
<Data Name="LastError_SrbStatus">4</Data>
<Data Name="LastError_ScsiStatus">2</Data>
<Data Name="LastError_SenseKey">2</Data>
<Data Name="LastError_AddSense">58</Data>
<Data Name="LastError_AddSenseQ">0</Data>
<Data Name="LastError_IoSize">0</Data>
<Data Name="LastError_QueueDepth">0</Data>
<Data Name="LastError_LBA">0x0000000000000000</Data>
<Data Name="SampledErrorLogArrayLength">400</Data>
<Data Name="SampledErrorLogArray">BAICOgAAAAAAAAAAAQAAAAAAAAAAAAAAAAAAAAAAAAAMAAAAAAAAAAQCAjoAAAAAAAAAAAEAAAAAAAAAAAAAAAAAAAAAAAAAHgAAAAAAAAAEAgI6AAAAAAAAAAABAAAAAAAAAAAAAAAAAAAAAAAAACwAAAAAAAAABAICOgAAAAAAAAAAAQAAAAAAAAAAAAAAAAAAAAAAAAA/AAAAAAAAAAQCAjoAAAAAAAAAAAEAAAAAAAAAAAAAAAAAAAAAAAAAPgAAAAAAAAAEAgI6AAAAAAAAAAABAAAAAAAAAAAAAAAAAAAAAAAAABwAAAAAAAAABAICOgAAAAAAAAAAAQAAAAAAAAAAAAAAAAAAAAAAAAAGAAAAAAAAAAQCAjoAAAAAAAAAAAEAAAAAAAAAAAAAAAAAAAAAAAAANAAAAAAAAAAEAgI6AAAAAAAAAAABAAAAAAAAAAAAAAAAAAAAAAAAACEAAAAAAAAABAICOgAAAAAAAAAAAQAAAAAAAAAAAAAAAAAAAAAAAAARAAAAAAAAAA==</Data>
<Data Name="UniqueErrorLogArrayLength">40</Data>
<Data Name="UniqueErrorLogArray">BAICOgAAAAAAAAAAAQAAAAAAAAAAAAAAAAAAAAAAAABDAAAAAAAAAA==</Data>
</EventData>
</Event>

<Event xmlns="http://schemas.microsoft.com/win/2004/08/events/event"><System><Provider Name="Microsoft-Windows-StorPort" Guid="{c4636a1e-7986-4646-bf10-7bc3b4a76e8e}"></Provider>
<EventID Qualifiers="">505</EventID>
<Version>3</Version>
<Level>4</Level>
<Task>201</Task>
<Opcode>0</Opcode>
<Keywords>0x0800000000600000</Keywords>
<TimeCreated SystemTime="2020-10-27 02:08:36.705093"></TimeCreated>
<EventRecordID>40</EventRecordID>
<Correlation ActivityID="" RelatedActivityID=""></Correlation>
<Execution ProcessID="0" ThreadID="0"></Execution>
<Channel>Microsoft-Windows-Storage-Storport/Operational</Channel>
<Computer>WIN-PTFPHFCRDJ0</Computer>
<Security UserID=""></Security>
</System>
<EventData><Data Name="PortNumber">3</Data>
<Data Name="PathID">0</Data>
<Data Name="TargetID">0</Data>
<Data Name="LUN">0</Data>
<Data Name="ClassDeviceGuid">{7b6f1752-bd95-6e22-e3a5-6ee8419ecad7}</Data>
<Data Name="AdapterGuid">{660680d3-1519-11eb-bd99-806e6f6e6963}</Data>
<Data Name="MiniportName">stornvme</Data>
<Data Name="VendorId">NVMe    </Data>
<Data Name="ProductId">VMware Virtual N</Data>
<Data Name="SystemUptime_s">661</Data>
<Data Name="Version">10</Data>
<Data Name="TotalIoCount">23177</Data>
<Data Name="MaxDeviceQueueCount">0</Data>
<Data Name="MaxOutstandingCount">0</Data>
<Data Name="MaxReadWriteLatency_100ns">7714053</Data>
<Data Name="MaxFlushLatency_100ns">0</Data>
<Data Name="MaxUnmapLatency_100ns">0</Data>
<Data Name="IoLatencyBuckets">256us, 1ms, 4ms, 16ms, 64ms, 128ms, 256ms, 2000ms, 6000ms, 10000ms, 20000ms, 20000+ms</Data>
<Data Name="BucketIoSuccess1">2209</Data>
<Data Name="BucketIoSuccess2">7976</Data>
<Data Name="BucketIoSuccess3">998</Data>
<Data Name="BucketIoSuccess4">2485</Data>
<Data Name="BucketIoSuccess5">7321</Data>
<Data Name="BucketIoSuccess6">1268</Data>
<Data Name="BucketIoSuccess7">614</Data>
<Data Name="BucketIoSuccess8">306</Data>
<Data Name="BucketIoSuccess9">0</Data>
<Data Name="BucketIoSuccess10">0</Data>
<Data Name="BucketIoSuccess11">0</Data>
<Data Name="BucketIoSuccess12">0</Data>
<Data Name="BucketIoFailed1">0</Data>
<Data Name="BucketIoFailed2">0</Data>
<Data Name="BucketIoFailed3">0</Data>
<Data Name="BucketIoFailed4">0</Data>
<Data Name="BucketIoFailed5">0</Data>
<Data Name="BucketIoFailed6">0</Data>
<Data Name="BucketIoFailed7">0</Data>
<Data Name="BucketIoFailed8">0</Data>
<Data Name="BucketIoFailed9">0</Data>
<Data Name="BucketIoFailed10">0</Data>
<Data Name="BucketIoFailed11">0</Data>
<Data Name="BucketIoFailed12">0</Data>
<Data Name="BucketIoLatency1_100ns">3720403</Data>
<Data Name="BucketIoLatency2_100ns">46414397</Data>
<Data Name="BucketIoLatency3_100ns">18316689</Data>
<Data Name="BucketIoLatency4_100ns">257162098</Data>
<Data Name="BucketIoLatency5_100ns">2544430588</Data>
<Data Name="BucketIoLatency6_100ns">1101661017</Data>
<Data Name="BucketIoLatency7_100ns">1081587180</Data>
<Data Name="BucketIoLatency8_100ns">1262063162</Data>
<Data Name="BucketIoLatency9_100ns">0</Data>
<Data Name="BucketIoLatency10_100ns">0</Data>
<Data Name="BucketIoLatency11_100ns">0</Data>
<Data Name="BucketIoLatency12_100ns">0</Data>
<Data Name="TotalReadBytes">527708160</Data>
<Data Name="TotalWriteBytes">23905280</Data>
</EventData>
</Event>

<Event xmlns="http://schemas.microsoft.com/win/2004/08/events/event"><System><Provider Name="Microsoft-Windows-StorPort" Guid="{c4636a1e-7986-4646-bf10-7bc3b4a76e8e}"></Provider>
<EventID Qualifiers="">504</EventID>
<Version>2</Version>
<Level>4</Level>
<Task>201</Task>
<Opcode>0</Opcode>
<Keywords>0x0800000000600000</Keywords>
<TimeCreated SystemTime="2020-10-27 02:08:36.705105"></TimeCreated>
<EventRecordID>41</EventRecordID>
<Correlation ActivityID="" RelatedActivityID=""></Correlation>
<Execution ProcessID="0" ThreadID="0"></Execution>
<Channel>Microsoft-Windows-Storage-Storport/Operational</Channel>
<Computer>WIN-PTFPHFCRDJ0</Computer>
<Security UserID=""></Security>
</System>
<EventData><Data Name="PortNumber">3</Data>
<Data Name="PathID">0</Data>
<Data Name="TargetID">0</Data>
<Data Name="LUN">0</Data>
<Data Name="ClassDeviceGuid">{7b6f1752-bd95-6e22-e3a5-6ee8419ecad7}</Data>
<Data Name="AdapterGuid">{660680d3-1519-11eb-bd99-806e6f6e6963}</Data>
<Data Name="MiniportName">stornvme</Data>
<Data Name="VendorId">NVMe    </Data>
<Data Name="ProductId">VMware Virtual N</Data>
<Data Name="SystemUptime_s">661</Data>
<Data Name="Version">3</Data>
<Data Name="TotalErrors">1</Data>
<Data Name="TotalReadWriteErrors">0</Data>
<Data Name="TotalImpendingDeviceFailureErrors">0</Data>
<Data Name="TotalDeviceFailureErrors">0</Data>
<Data Name="TimeoutsInMiniport">0</Data>
<Data Name="LastError_RequestDuration_ms">0</Data>
<Data Name="LastError_WaitDuration_ms">0</Data>
<Data Name="LastError_Command">26</Data>
<Data Name="LastError_SrbStatus">6</Data>
<Data Name="LastError_ScsiStatus">2</Data>
<Data Name="LastError_SenseKey">5</Data>
<Data Name="LastError_AddSense">36</Data>
<Data Name="LastError_AddSenseQ">0</Data>
<Data Name="LastError_IoSize">0</Data>
<Data Name="LastError_QueueDepth">0</Data>
<Data Name="LastError_LBA">0x0000000000000000</Data>
<Data Name="SampledErrorLogArrayLength">0</Data>
<Data Name="SampledErrorLogArray"></Data>
<Data Name="UniqueErrorLogArrayLength">40</Data>
<Data Name="UniqueErrorLogArray">BgIFJAAaAAAAAAAAAQAAAAAAAAAAAAAAAAAAAAAAAAABAAAAAAAAAA==</Data>
</EventData>
</Event>

<Event xmlns="http://schemas.microsoft.com/win/2004/08/events/event"><System><Provider Name="Microsoft-Windows-StorPort" Guid="{c4636a1e-7986-4646-bf10-7bc3b4a76e8e}"></Provider>
<EventID Qualifiers="">504</EventID>
<Version>2</Version>
<Level>4</Level>
<Task>201</Task>
<Opcode>0</Opcode>
<Keywords>0x0800000000600000</Keywords>
<TimeCreated SystemTime="2020-10-27 02:08:36.705120"></TimeCreated>
<EventRecordID>42</EventRecordID>
<Correlation ActivityID="" RelatedActivityID=""></Correlation>
<Execution ProcessID="0" ThreadID="0"></Execution>
<Channel>Microsoft-Windows-Storage-Storport/Operational</Channel>
<Computer>WIN-PTFPHFCRDJ0</Computer>
<Security UserID=""></Security>
</System>
<EventData><Data Name="PortNumber">2</Data>
<Data Name="PathID">1</Data>
<Data Name="TargetID">0</Data>
<Data Name="LUN">0</Data>
<Data Name="ClassDeviceGuid">{00000000-0000-0000-0000-000000000000}</Data>
<Data Name="AdapterGuid">{660680d2-1519-11eb-bd99-806e6f6e6963}</Data>
<Data Name="MiniportName">storahci</Data>
<Data Name="VendorId">NECVMWar</Data>
<Data Name="ProductId">VMware SATA CD01</Data>
<Data Name="SystemUptime_s">661</Data>
<Data Name="Version">3</Data>
<Data Name="TotalErrors">13</Data>
<Data Name="TotalReadWriteErrors">0</Data>
<Data Name="TotalImpendingDeviceFailureErrors">0</Data>
<Data Name="TotalDeviceFailureErrors">0</Data>
<Data Name="TimeoutsInMiniport">0</Data>
<Data Name="LastError_RequestDuration_ms">0</Data>
<Data Name="LastError_WaitDuration_ms">0</Data>
<Data Name="LastError_Command">0</Data>
<Data Name="LastError_SrbStatus">4</Data>
<Data Name="LastError_ScsiStatus">2</Data>
<Data Name="LastError_SenseKey">2</Data>
<Data Name="LastError_AddSense">58</Data>
<Data Name="LastError_AddSenseQ">0</Data>
<Data Name="LastError_IoSize">0</Data>
<Data Name="LastError_QueueDepth">0</Data>
<Data Name="LastError_LBA">0x0000000000000000</Data>
<Data Name="SampledErrorLogArrayLength">400</Data>
<Data Name="SampledErrorLogArray">BAICOgAlAAAAAAAAAQAAAAAAAAAAAAAAAAAAAAAAAAAAAAAAAAAAAAQCBSAApAAAAAAAAAEAAAAAAAAAAAAAAAAAAAAAAAAAAQAAAAAAAAAEAgI6AAAAAAAAAAABAAAAAAAAAAAAAAAAAAAAAAAAAAIAAAAAAAAABAICOgAAAAAAAAAAAQAAAAAAAAAAAAAAAAAAAAAAAAADAAAAAAAAAAQCAjoAAAAAAAAAAAEAAAAAAAAAAAAAAAAAAAAAAAAABAAAAAAAAAAEAgI6AAAAAAAAAAABAAAAAAAAAAAAAAAAAAAAAAAAAAUAAAAAAAAABAICOgAAAAAAAAAAAQAAAAAAAAAAAAAAAAAAAAAAAAAGAAAAAAAAAAQCAjoAAAAAAAAAAAEAAAAAAAAAAAAAAAAAAAAAAAAABwAAAAAAAAAEAgI6AAAAAAAAAAABAAAAAAAAAAAAAAAAAAAAAAAAAAoAAAAAAAAABAICOgAAAAAAAAAAAQAAAAAAAAAAAAAAAAAAAAAAAAAJAAAAAAAAAA==</Data>
<Data Name="UniqueErrorLogArrayLength">80</Data>
<Data Name="UniqueErrorLogArray">BAICOgAlAAAAAAAAAQAAAAAAAAAAAAAAAAAAAAAAAAAMAAAAAAAAAAQCBSAApAAAAAAAAAEAAAAAAAAAAAAAAAAAAAAAAAAAAQAAAAAAAAA=</Data>
</EventData>
</Event>

</Events>
