<Event xmlns="http://schemas.microsoft.com/win/2004/08/events/event"><System><Provider Name="Microsoft-Windows-WMI-Activity" Guid="{1418ef04-b0b4-4623-bf7e-d74ab47bbdaa}"></Provider>
<EventID Qualifiers="">5857</EventID>
<Version>0</Version>
<Level>0</Level>
<Task>0</Task>
<Opcode>0</Opcode>
<Keywords>0x4000000000000000</Keywords>
<TimeCreated SystemTime="2020-10-24 22:26:11.071533"></TimeCreated>
<EventRecordID>289</EventRecordID>
<Correlation ActivityID="" RelatedActivityID=""></Correlation>
<Execution ProcessID="3596" ThreadID="3684"></Execution>
<Channel>Microsoft-Windows-WMI-Activity/Operational</Channel>
<Computer>WIN-PTFPHFCRDJ0</Computer>
<Security UserID="S-1-5-20"></Security>
</System>
<UserData><Operation_StartedOperational xmlns="http://manifests.microsoft.com/win/2006/windows/WMI"><ProviderName>mgmtprovider</ProviderName>
<Code>0x00000000</Code>
<HostProcess>wmiprvse.exe</HostProcess>
<ProcessID>3596</ProcessID>
<ProviderPath>%systemroot%\system32\wbem\mgmtprovider.dll</ProviderPath>
</Operation_StartedOperational>
</UserData>
</Event>

<Event xmlns="http://schemas.microsoft.com/win/2004/08/events/event"><System><Provider Name="Microsoft-Windows-WMI-Activity" Guid="{1418ef04-b0b4-4623-bf7e-d74ab47bbdaa}"></Provider>
<EventID Qualifiers="">5857</EventID>
<Version>0</Version>
<Level>0</Level>
<Task>0</Task>
<Opcode>0</Opcode>
<Keywords>0x4000000000000000</Keywords>
<TimeCreated SystemTime="2020-10-24 22:26:11.569174"></TimeCreated>
<EventRecordID>290</EventRecordID>
<Correlation ActivityID="" RelatedActivityID=""></Correlation>
<Execution ProcessID="1900" ThreadID="3920"></Execution>
<Channel>Microsoft-Windows-WMI-Activity/Operational</Channel>
<Computer>WIN-PTFPHFCRDJ0</Computer>
<Security UserID="S-1-5-19"></Security>
</System>
<UserData><Operation_StartedOperational xmlns="http://manifests.microsoft.com/win/2006/windows/WMI"><ProviderName>NetAdapterCim</ProviderName>
<Code>0x00000000</Code>
<HostProcess>wmiprvse.exe</HostProcess>
<ProcessID>1900</ProcessID>
<ProviderPath>%systemroot%\system32\wbem\NetAdapterCim.dll</ProviderPath>
</Operation_StartedOperational>
</UserData>
</Event>

<Event xmlns="http://schemas.microsoft.com/win/2004/08/events/event"><System><Provider Name="Microsoft-Windows-WMI-Activity" Guid="{1418ef04-b0b4-4623-bf7e-d74ab47bbdaa}"></Provider>
<EventID Qualifiers="">5857</EventID>
<Version>0</Version>
<Level>0</Level>
<Task>0</Task>
<Opcode>0</Opcode>
<Keywords>0x4000000000000000</Keywords>
<TimeCreated SystemTime="2020-10-24 22:26:12.063316"></TimeCreated>
<EventRecordID>291</EventRecordID>
<Correlation ActivityID="" RelatedActivityID=""></Correlation>
<Execution ProcessID="3596" ThreadID="3680"></Execution>
<Channel>Microsoft-Windows-WMI-Activity/Operational</Channel>
<Computer>WIN-PTFPHFCRDJ0</Computer>
<Security UserID="S-1-5-20"></Security>
</System>
<UserData><Operation_StartedOperational xmlns="http://manifests.microsoft.com/win/2006/windows/WMI"><ProviderName>nettcpip</ProviderName>
<Code>0x00000000</Code>
<HostProcess>wmiprvse.exe</HostProcess>
<ProcessID>3596</ProcessID>
<ProviderPath>%systemroot%\system32\wbem\NetTCPIP.dll</ProviderPath>
</Operation_StartedOperational>
</UserData>
</Event>

<Event xmlns="http://schemas.microsoft.com/win/2004/08/events/event"><System><Provider Name="Microsoft-Windows-WMI-Activity" Guid="{1418ef04-b0b4-4623-bf7e-d74ab47bbdaa}"></Provider>
<EventID Qualifiers="">5857</EventID>
<Version>0</Version>
<Level>0</Level>
<Task>0</Task>
<Opcode>0</Opcode>
<Keywords>0x4000000000000000</Keywords>
<TimeCreated SystemTime="2020-10-24 22:26:28.076206"></TimeCreated>
<EventRecordID>292</EventRecordID>
<Correlation ActivityID="" RelatedActivityID=""></Correlation>
<Execution ProcessID="3340" ThreadID="912"></Execution>
<Channel>Microsoft-Windows-WMI-Activity/Operational</Channel>
<Computer>WIN-PTFPHFCRDJ0</Computer>
<Security UserID="S-1-5-18"></Security>
</System>
<UserData><Operation_StartedOperational xmlns="http://manifests.microsoft.com/win/2006/windows/WMI"><ProviderName>deploymentprovider</ProviderName>
<Code>0x00000000</Code>
<HostProcess>wmiprvse.exe</HostProcess>
<ProcessID>3340</ProcessID>
<ProviderPath>%systemroot%\system32\wbem\ServerManager.DeploymentProvider.dll</ProviderPath>
</Operation_StartedOperational>
</UserData>
</Event>

<Event xmlns="http://schemas.microsoft.com/win/2004/08/events/event"><System><Provider Name="Microsoft-Windows-WMI-Activity" Guid="{1418ef04-b0b4-4623-bf7e-d74ab47bbdaa}"></Provider>
<EventID Qualifiers="">5857</EventID>
<Version>0</Version>
<Level>0</Level>
<Task>0</Task>
<Opcode>0</Opcode>
<Keywords>0x4000000000000000</Keywords>
<TimeCreated SystemTime="2020-10-24 22:29:32.853674"></TimeCreated>
<EventRecordID>293</EventRecordID>
<Correlation ActivityID="" RelatedActivityID=""></Correlation>
<Execution ProcessID="3596" ThreadID="3684"></Execution>
<Channel>Microsoft-Windows-WMI-Activity/Operational</Channel>
<Computer>WIN-PTFPHFCRDJ0</Computer>
<Security UserID="S-1-5-20"></Security>
</System>
<UserData><Operation_StartedOperational xmlns="http://manifests.microsoft.com/win/2006/windows/WMI"><ProviderName>MSVDS__PROVIDER</ProviderName>
<Code>0x00000000</Code>
<HostProcess>wmiprvse.exe</HostProcess>
<ProcessID>3596</ProcessID>
<ProviderPath>%systemroot%\system32\wbem\vdswmi.dll</ProviderPath>
</Operation_StartedOperational>
</UserData>
</Event>

<Event xmlns="http://schemas.microsoft.com/win/2004/08/events/event"><System><Provider Name="Microsoft-Windows-WMI-Activity" Guid="{1418ef04-b0b4-4623-bf7e-d74ab47bbdaa}"></Provider>
<EventID Qualifiers="">5857</EventID>
<Version>0</Version>
<Level>0</Level>
<Task>0</Task>
<Opcode>0</Opcode>
<Keywords>0x4000000000000000</Keywords>
<TimeCreated SystemTime="2020-10-24 22:29:33.435749"></TimeCreated>
<EventRecordID>294</EventRecordID>
<Correlation ActivityID="" RelatedActivityID=""></Correlation>
<Execution ProcessID="3596" ThreadID="3684"></Execution>
<Channel>Microsoft-Windows-WMI-Activity/Operational</Channel>
<Computer>WIN-PTFPHFCRDJ0</Computer>
<Security UserID="S-1-5-20"></Security>
</System>
<UserData><Operation_StartedOperational xmlns="http://manifests.microsoft.com/win/2006/windows/WMI"><ProviderName>StorageWMI</ProviderName>
<Code>0x00000000</Code>
<HostProcess>wmiprvse.exe</HostProcess>
<ProcessID>3596</ProcessID>
<ProviderPath>%SystemRoot%\System32\storagewmi.dll</ProviderPath>
</Operation_StartedOperational>
</UserData>
</Event>

<Event xmlns="http://schemas.microsoft.com/win/2004/08/events/event"><System><Provider Name="Microsoft-Windows-WMI-Activity" Guid="{1418ef04-b0b4-4623-bf7e-d74ab47bbdaa}"></Provider>
<EventID Qualifiers="">5858</EventID>
<Version>0</Version>
<Level>2</Level>
<Task>0</Task>
<Opcode>0</Opcode>
<Keywords>0x4000000000000000</Keywords>
<TimeCreated SystemTime="2020-10-24 22:29:35.051563"></TimeCreated>
<EventRecordID>295</EventRecordID>
<Correlation ActivityID="" RelatedActivityID=""></Correlation>
<Execution ProcessID="1344" ThreadID="3836"></Execution>
<Channel>Microsoft-Windows-WMI-Activity/Operational</Channel>
<Computer>WIN-PTFPHFCRDJ0</Computer>
<Security UserID="S-1-5-18"></Security>
</System>
<UserData><Operation_ClientFailure xmlns="http://manifests.microsoft.com/win/2006/windows/WMI"><Id>{00000000-0000-0000-0000-000000000000}</Id>
<ClientMachine>WIN-PTFPHFCRDJ0</ClientMachine>
<User>NT AUTHORITY\SYSTEM</User>
<ClientProcessId>940</ClientProcessId>
<Component>Unknown</Component>
<Operation>Start IWbemServices::ExecQuery - ROOT\MICROSOFT\WINDOWS\STORAGE : SELECT MediaType, BusType FROM MSFT_PhysicalDisk WHERE SerialNumber = 'VMWare NVME_0000'</Operation>
<ResultCode>0x80041032</ResultCode>
<PossibleCause>Unknown</PossibleCause>
</Operation_ClientFailure>
</UserData>
</Event>

<Event xmlns="http://schemas.microsoft.com/win/2004/08/events/event"><System><Provider Name="Microsoft-Windows-WMI-Activity" Guid="{1418ef04-b0b4-4623-bf7e-d74ab47bbdaa}"></Provider>
<EventID Qualifiers="">5857</EventID>
<Version>0</Version>
<Level>0</Level>
<Task>0</Task>
<Opcode>0</Opcode>
<Keywords>0x4000000000000000</Keywords>
<TimeCreated SystemTime="2020-10-24 22:29:35.110712"></TimeCreated>
<EventRecordID>296</EventRecordID>
<Correlation ActivityID="" RelatedActivityID=""></Correlation>
<Execution ProcessID="4252" ThreadID="4412"></Execution>
<Channel>Microsoft-Windows-WMI-Activity/Operational</Channel>
<Computer>WIN-PTFPHFCRDJ0</Computer>
<Security UserID="S-1-5-18"></Security>
</System>
<UserData><Operation_StartedOperational xmlns="http://manifests.microsoft.com/win/2006/windows/WMI"><ProviderName>PowerWmiProvider</ProviderName>
<Code>0x00000000</Code>
<HostProcess>wmiprvse.exe</HostProcess>
<ProcessID>4252</ProcessID>
<ProviderPath>%systemroot%\system32\umpowmi.dll</ProviderPath>
</Operation_StartedOperational>
</UserData>
</Event>

<Event xmlns="http://schemas.microsoft.com/win/2004/08/events/event"><System><Provider Name="Microsoft-Windows-WMI-Activity" Guid="{1418ef04-b0b4-4623-bf7e-d74ab47bbdaa}"></Provider>
<EventID Qualifiers="">5858</EventID>
<Version>0</Version>
<Level>2</Level>
<Task>0</Task>
<Opcode>0</Opcode>
<Keywords>0x4000000000000000</Keywords>
<TimeCreated SystemTime="2020-10-24 22:29:35.122087"></TimeCreated>
<EventRecordID>297</EventRecordID>
<Correlation ActivityID="" RelatedActivityID=""></Correlation>
<Execution ProcessID="1344" ThreadID="4148"></Execution>
<Channel>Microsoft-Windows-WMI-Activity/Operational</Channel>
<Computer>WIN-PTFPHFCRDJ0</Computer>
<Security UserID="S-1-5-18"></Security>
</System>
<UserData><Operation_ClientFailure xmlns="http://manifests.microsoft.com/win/2006/windows/WMI"><Id>{00000000-0000-0000-0000-000000000000}</Id>
<ClientMachine>WIN-PTFPHFCRDJ0</ClientMachine>
<User>NT AUTHORITY\SYSTEM</User>
<ClientProcessId>940</ClientProcessId>
<Component>Unknown</Component>
<Operation>Start IWbemServices::ExecQuery - ROOT\WMI : SELECT * FROM BatteryFullChargedCapacity</Operation>
<ResultCode>0x80041010</ResultCode>
<PossibleCause>Unknown</PossibleCause>
</Operation_ClientFailure>
</UserData>
</Event>

<Event xmlns="http://schemas.microsoft.com/win/2004/08/events/event"><System><Provider Name="Microsoft-Windows-WMI-Activity" Guid="{1418ef04-b0b4-4623-bf7e-d74ab47bbdaa}"></Provider>
<EventID Qualifiers="">5858</EventID>
<Version>0</Version>
<Level>2</Level>
<Task>0</Task>
<Opcode>0</Opcode>
<Keywords>0x4000000000000000</Keywords>
<TimeCreated SystemTime="2020-10-24 22:29:35.170704"></TimeCreated>
<EventRecordID>298</EventRecordID>
<Correlation ActivityID="" RelatedActivityID=""></Correlation>
<Execution ProcessID="1344" ThreadID="4148"></Execution>
<Channel>Microsoft-Windows-WMI-Activity/Operational</Channel>
<Computer>WIN-PTFPHFCRDJ0</Computer>
<Security UserID="S-1-5-18"></Security>
</System>
<UserData><Operation_ClientFailure xmlns="http://manifests.microsoft.com/win/2006/windows/WMI"><Id>{00000000-0000-0000-0000-000000000000}</Id>
<ClientMachine>WIN-PTFPHFCRDJ0</ClientMachine>
<User>NT AUTHORITY\SYSTEM</User>
<ClientProcessId>940</ClientProcessId>
<Component>Unknown</Component>
<Operation>Start IWbemServices::ExecQuery - ROOT\WMI : SELECT * FROM BatteryStaticData</Operation>
<ResultCode>0x80041010</ResultCode>
<PossibleCause>Unknown</PossibleCause>
</Operation_ClientFailure>
</UserData>
</Event>

<Event xmlns="http://schemas.microsoft.com/win/2004/08/events/event"><System><Provider Name="Microsoft-Windows-WMI-Activity" Guid="{1418ef04-b0b4-4623-bf7e-d74ab47bbdaa}"></Provider>
<EventID Qualifiers="">5857</EventID>
<Version>0</Version>
<Level>0</Level>
<Task>0</Task>
<Opcode>0</Opcode>
<Keywords>0x4000000000000000</Keywords>
<TimeCreated SystemTime="2020-10-24 22:29:35.360115"></TimeCreated>
<EventRecordID>299</EventRecordID>
<Correlation ActivityID="" RelatedActivityID=""></Correlation>
<Execution ProcessID="3596" ThreadID="1888"></Execution>
<Channel>Microsoft-Windows-WMI-Activity/Operational</Channel>
<Computer>WIN-PTFPHFCRDJ0</Computer>
<Security UserID="S-1-5-20"></Security>
</System>
<UserData><Operation_StartedOperational xmlns="http://manifests.microsoft.com/win/2006/windows/WMI"><ProviderName>Win32_WIN32_TERMINALSERVICE_Prov</ProviderName>
<Code>0x00000000</Code>
<HostProcess>wmiprvse.exe</HostProcess>
<ProcessID>3596</ProcessID>
<ProviderPath>%SystemRoot%\system32\tscfgwmi.dll</ProviderPath>
</Operation_StartedOperational>
</UserData>
</Event>

<Event xmlns="http://schemas.microsoft.com/win/2004/08/events/event"><System><Provider Name="Microsoft-Windows-WMI-Activity" Guid="{1418ef04-b0b4-4623-bf7e-d74ab47bbdaa}"></Provider>
<EventID Qualifiers="">5857</EventID>
<Version>0</Version>
<Level>0</Level>
<Task>0</Task>
<Opcode>0</Opcode>
<Keywords>0x4000000000000000</Keywords>
<TimeCreated SystemTime="2020-10-26 11:58:28.356804"></TimeCreated>
<EventRecordID>300</EventRecordID>
<Correlation ActivityID="" RelatedActivityID=""></Correlation>
<Execution ProcessID="3172" ThreadID="3212"></Execution>
<Channel>Microsoft-Windows-WMI-Activity/Operational</Channel>
<Computer>WIN-PTFPHFCRDJ0</Computer>
<Security UserID="S-1-5-20"></Security>
</System>
<UserData><Operation_StartedOperational xmlns="http://manifests.microsoft.com/win/2006/windows/WMI"><ProviderName>CIMWin32</ProviderName>
<Code>0x00000000</Code>
<HostProcess>wmiprvse.exe</HostProcess>
<ProcessID>3172</ProcessID>
<ProviderPath>%systemroot%\system32\wbem\cimwin32.dll</ProviderPath>
</Operation_StartedOperational>
</UserData>
</Event>

<Event xmlns="http://schemas.microsoft.com/win/2004/08/events/event"><System><Provider Name="Microsoft-Windows-WMI-Activity" Guid="{1418ef04-b0b4-4623-bf7e-d74ab47bbdaa}"></Provider>
<EventID Qualifiers="">5857</EventID>
<Version>0</Version>
<Level>0</Level>
<Task>0</Task>
<Opcode>0</Opcode>
<Keywords>0x4000000000000000</Keywords>
<TimeCreated SystemTime="2020-10-26 11:58:37.522730"></TimeCreated>
<EventRecordID>301</EventRecordID>
<Correlation ActivityID="{278a84f7-ab8f-0000-bd8c-8a278fabd601}" RelatedActivityID=""></Correlation>
<Execution ProcessID="3524" ThreadID="3544"></Execution>
<Channel>Microsoft-Windows-WMI-Activity/Operational</Channel>
<Computer>WIN-PTFPHFCRDJ0</Computer>
<Security UserID="S-1-5-18"></Security>
</System>
<UserData><Operation_StartedOperational xmlns="http://manifests.microsoft.com/win/2006/windows/WMI"><ProviderName>WmiPerfClass</ProviderName>
<Code>0x00000000</Code>
<HostProcess>wmiprvse.exe</HostProcess>
<ProcessID>3524</ProcessID>
<ProviderPath>C:\Windows\System32\wbem\WmiPerfClass.dll</ProviderPath>
</Operation_StartedOperational>
</UserData>
</Event>

<Event xmlns="http://schemas.microsoft.com/win/2004/08/events/event"><System><Provider Name="Microsoft-Windows-WMI-Activity" Guid="{1418ef04-b0b4-4623-bf7e-d74ab47bbdaa}"></Provider>
<EventID Qualifiers="">5857</EventID>
<Version>0</Version>
<Level>0</Level>
<Task>0</Task>
<Opcode>0</Opcode>
<Keywords>0x4000000000000000</Keywords>
<TimeCreated SystemTime="2020-10-26 11:58:45.483776"></TimeCreated>
<EventRecordID>302</EventRecordID>
<Correlation ActivityID="" RelatedActivityID=""></Correlation>
<Execution ProcessID="3172" ThreadID="3200"></Execution>
<Channel>Microsoft-Windows-WMI-Activity/Operational</Channel>
<Computer>WIN-PTFPHFCRDJ0</Computer>
<Security UserID="S-1-5-20"></Security>
</System>
<UserData><Operation_StartedOperational xmlns="http://manifests.microsoft.com/win/2006/windows/WMI"><ProviderName>CIMWin32a</ProviderName>
<Code>0x00000000</Code>
<HostProcess>wmiprvse.exe</HostProcess>
<ProcessID>3172</ProcessID>
<ProviderPath>%systemroot%\system32\wbem\wmipcima.dll</ProviderPath>
</Operation_StartedOperational>
</UserData>
</Event>

<Event xmlns="http://schemas.microsoft.com/win/2004/08/events/event"><System><Provider Name="Microsoft-Windows-WMI-Activity" Guid="{1418ef04-b0b4-4623-bf7e-d74ab47bbdaa}"></Provider>
<EventID Qualifiers="">5861</EventID>
<Version>0</Version>
<Level>0</Level>
<Task>0</Task>
<Opcode>0</Opcode>
<Keywords>0x4000000000000000</Keywords>
<TimeCreated SystemTime="2020-10-26 11:58:54.814602"></TimeCreated>
<EventRecordID>303</EventRecordID>
<Correlation ActivityID="" RelatedActivityID=""></Correlation>
<Execution ProcessID="1348" ThreadID="3852"></Execution>
<Channel>Microsoft-Windows-WMI-Activity/Operational</Channel>
<Computer>WIN-PTFPHFCRDJ0</Computer>
<Security UserID="S-1-5-18"></Security>
</System>
<UserData><Operation_ESStoConsumerBinding xmlns="http://manifests.microsoft.com/win/2006/windows/WMI"><Namespace>//./root/subscription</Namespace>
<ESS>SCM Event Log Filter</ESS>
<CONSUMER>NTEventLogEventConsumer="SCM Event Log Consumer"</CONSUMER>
<PossibleCause>Binding EventFilter: 
instance of __EventFilter
{
	CreatorSID = {1, 2, 0, 0, 0, 0, 0, 5, 32, 0, 0, 0, 32, 2, 0, 0};
	EventNamespace = "root\\cimv2";
	Name = "SCM Event Log Filter";
	Query = "select * from MSFT_SCMEventLogEvent";
	QueryLanguage = "WQL";
};
Perm. Consumer: 
instance of NTEventLogEventConsumer
{
	Category = 0;
	CreatorSID = {1, 2, 0, 0, 0, 0, 0, 5, 32, 0, 0, 0, 32, 2, 0, 0};
	EventType = 1;
	Name = "SCM Event Log Consumer";
	NameOfUserSIDProperty = "sid";
	SourceName = "Service Control Manager";
};
</PossibleCause>
</Operation_ESStoConsumerBinding>
</UserData>
</Event>

<Event xmlns="http://schemas.microsoft.com/win/2004/08/events/event"><System><Provider Name="Microsoft-Windows-WMI-Activity" Guid="{1418ef04-b0b4-4623-bf7e-d74ab47bbdaa}"></Provider>
<EventID Qualifiers="">5859</EventID>
<Version>0</Version>
<Level>0</Level>
<Task>0</Task>
<Opcode>0</Opcode>
<Keywords>0x4000000000000000</Keywords>
<TimeCreated SystemTime="2020-10-26 11:58:57.501400"></TimeCreated>
<EventRecordID>304</EventRecordID>
<Correlation ActivityID="{278a84f7-ab8f-0000-9b8d-8a278fabd601}" RelatedActivityID=""></Correlation>
<Execution ProcessID="1348" ThreadID="3852"></Execution>
<Channel>Microsoft-Windows-WMI-Activity/Operational</Channel>
<Computer>WIN-PTFPHFCRDJ0</Computer>
<Security UserID="S-1-5-18"></Security>
</System>
<UserData><Operation_EssStarted xmlns="http://manifests.microsoft.com/win/2006/windows/WMI"><NamespaceName>//./root/CIMV2</NamespaceName>
<Query>select * from MSFT_SCMEventLogEvent</Query>
<User>S-1-5-32-544</User>
<Processid>1348</Processid>
<Provider>SCM Event Provider</Provider>
<queryid>0</queryid>
<PossibleCause>Permanent</PossibleCause>
</Operation_EssStarted>
</UserData>
</Event>

<Event xmlns="http://schemas.microsoft.com/win/2004/08/events/event"><System><Provider Name="Microsoft-Windows-WMI-Activity" Guid="{1418ef04-b0b4-4623-bf7e-d74ab47bbdaa}"></Provider>
<EventID Qualifiers="">5857</EventID>
<Version>0</Version>
<Level>0</Level>
<Task>0</Task>
<Opcode>0</Opcode>
<Keywords>0x4000000000000000</Keywords>
<TimeCreated SystemTime="2020-10-26 11:58:57.586912"></TimeCreated>
<EventRecordID>305</EventRecordID>
<Correlation ActivityID="" RelatedActivityID=""></Correlation>
<Execution ProcessID="1348" ThreadID="3136"></Execution>
<Channel>Microsoft-Windows-WMI-Activity/Operational</Channel>
<Computer>WIN-PTFPHFCRDJ0</Computer>
<Security UserID="S-1-5-18"></Security>
</System>
<UserData><Operation_StartedOperational xmlns="http://manifests.microsoft.com/win/2006/windows/WMI"><ProviderName>WMI Kernel Trace Event Provider</ProviderName>
<Code>0x00000000</Code>
<HostProcess>wmiprvse.exe</HostProcess>
<ProcessID>1348</ProcessID>
<ProviderPath>C:\Windows\System32\wbem\krnlprov.dll</ProviderPath>
</Operation_StartedOperational>
</UserData>
</Event>

<Event xmlns="http://schemas.microsoft.com/win/2004/08/events/event"><System><Provider Name="Microsoft-Windows-WMI-Activity" Guid="{1418ef04-b0b4-4623-bf7e-d74ab47bbdaa}"></Provider>
<EventID Qualifiers="">5860</EventID>
<Version>0</Version>
<Level>0</Level>
<Task>0</Task>
<Opcode>0</Opcode>
<Keywords>0x4000000000000000</Keywords>
<TimeCreated SystemTime="2020-10-26 11:58:57.592794"></TimeCreated>
<EventRecordID>306</EventRecordID>
<Correlation ActivityID="{278a84f7-ab8f-0000-9f8d-8a278fabd601}" RelatedActivityID=""></Correlation>
<Execution ProcessID="1348" ThreadID="3136"></Execution>
<Channel>Microsoft-Windows-WMI-Activity/Operational</Channel>
<Computer>WIN-PTFPHFCRDJ0</Computer>
<Security UserID="S-1-5-18"></Security>
</System>
<UserData><Operation_TemporaryEssStarted xmlns="http://manifests.microsoft.com/win/2006/windows/WMI"><NamespaceName>ROOT\CIMV2</NamespaceName>
<Query>SELECT * FROM Win32_ProcessStartTrace WHERE ProcessName = 'wsmprovhost.exe'</Query>
<User></User>
<Processid>1348</Processid>
<ClientMachine>WIN-PTFPHFCRDJ0</ClientMachine>
<PossibleCause>Temporary</PossibleCause>
</Operation_TemporaryEssStarted>
</UserData>
</Event>

<Event xmlns="http://schemas.microsoft.com/win/2004/08/events/event"><System><Provider Name="Microsoft-Windows-WMI-Activity" Guid="{1418ef04-b0b4-4623-bf7e-d74ab47bbdaa}"></Provider>
<EventID Qualifiers="">5858</EventID>
<Version>0</Version>
<Level>2</Level>
<Task>0</Task>
<Opcode>0</Opcode>
<Keywords>0x4000000000000000</Keywords>
<TimeCreated SystemTime="2020-10-26 11:59:11.837259"></TimeCreated>
<EventRecordID>307</EventRecordID>
<Correlation ActivityID="{278a84f7-ab8f-0000-3d8e-8a278fabd601}" RelatedActivityID=""></Correlation>
<Execution ProcessID="1348" ThreadID="3832"></Execution>
<Channel>Microsoft-Windows-WMI-Activity/Operational</Channel>
<Computer>WIN-PTFPHFCRDJ0</Computer>
<Security UserID="S-1-5-18"></Security>
</System>
<UserData><Operation_ClientFailure xmlns="http://manifests.microsoft.com/win/2006/windows/WMI"><Id>{00000000-0000-0000-0000-000000000000}</Id>
<ClientMachine>WIN-PTFPHFCRDJ0</ClientMachine>
<User>NT AUTHORITY\SYSTEM</User>
<ClientProcessId>3524</ClientProcessId>
<Component>Unknown</Component>
<Operation>Start IWbemServices::ExecQuery - root\wmi : select * from WDMClassesOfDriver where Driver = "C:\\Windows\\system32\\drivers\\en-US\\ndis.sys.mui[MofResourceName]" and (HighDateTime != 0 or LowDateTime != 0)</Operation>
<ResultCode>0x80041032</ResultCode>
<PossibleCause>Unknown</PossibleCause>
</Operation_ClientFailure>
</UserData>
</Event>

<Event xmlns="http://schemas.microsoft.com/win/2004/08/events/event"><System><Provider Name="Microsoft-Windows-WMI-Activity" Guid="{1418ef04-b0b4-4623-bf7e-d74ab47bbdaa}"></Provider>
<EventID Qualifiers="">5858</EventID>
<Version>0</Version>
<Level>2</Level>
<Task>0</Task>
<Opcode>0</Opcode>
<Keywords>0x4000000000000000</Keywords>
<TimeCreated SystemTime="2020-10-26 11:59:18.416348"></TimeCreated>
<EventRecordID>308</EventRecordID>
<Correlation ActivityID="{278a84f7-ab8f-0000-3d8e-8a278fabd601}" RelatedActivityID=""></Correlation>
<Execution ProcessID="1348" ThreadID="3968"></Execution>
<Channel>Microsoft-Windows-WMI-Activity/Operational</Channel>
<Computer>WIN-PTFPHFCRDJ0</Computer>
<Security UserID="S-1-5-18"></Security>
</System>
<UserData><Operation_ClientFailure xmlns="http://manifests.microsoft.com/win/2006/windows/WMI"><Id>{00000000-0000-0000-0000-000000000000}</Id>
<ClientMachine>WIN-PTFPHFCRDJ0</ClientMachine>
<User>NT AUTHORITY\SYSTEM</User>
<ClientProcessId>3524</ClientProcessId>
<Component>Unknown</Component>
<Operation>Start IWbemServices::ExecQuery - root\wmi : select * from WMIBinaryMofResource where Name = "C:\\Windows\\system32\\en-US\\kernelbase.dll.mui[MofResourceName]"</Operation>
<ResultCode>0x80041032</ResultCode>
<PossibleCause>Unknown</PossibleCause>
</Operation_ClientFailure>
</UserData>
</Event>

<Event xmlns="http://schemas.microsoft.com/win/2004/08/events/event"><System><Provider Name="Microsoft-Windows-WMI-Activity" Guid="{1418ef04-b0b4-4623-bf7e-d74ab47bbdaa}"></Provider>
<EventID Qualifiers="">5858</EventID>
<Version>0</Version>
<Level>2</Level>
<Task>0</Task>
<Opcode>0</Opcode>
<Keywords>0x4000000000000000</Keywords>
<TimeCreated SystemTime="2020-10-26 11:59:18.818380"></TimeCreated>
<EventRecordID>309</EventRecordID>
<Correlation ActivityID="{278a84f7-ab8f-0000-3d8e-8a278fabd601}" RelatedActivityID=""></Correlation>
<Execution ProcessID="1348" ThreadID="3912"></Execution>
<Channel>Microsoft-Windows-WMI-Activity/Operational</Channel>
<Computer>WIN-PTFPHFCRDJ0</Computer>
<Security UserID="S-1-5-18"></Security>
</System>
<UserData><Operation_ClientFailure xmlns="http://manifests.microsoft.com/win/2006/windows/WMI"><Id>{00000000-0000-0000-0000-000000000000}</Id>
<ClientMachine>WIN-PTFPHFCRDJ0</ClientMachine>
<User>NT AUTHORITY\SYSTEM</User>
<ClientProcessId>3524</ClientProcessId>
<Component>Unknown</Component>
<Operation>Start IWbemServices::ExecQuery - root\wmi : select * from WDMClassesOfDriver where ClassName = "ProcessorAcpiTsd"</Operation>
<ResultCode>0x80041032</ResultCode>
<PossibleCause>Unknown</PossibleCause>
</Operation_ClientFailure>
</UserData>
</Event>

<Event xmlns="http://schemas.microsoft.com/win/2004/08/events/event"><System><Provider Name="Microsoft-Windows-WMI-Activity" Guid="{1418ef04-b0b4-4623-bf7e-d74ab47bbdaa}"></Provider>
<EventID Qualifiers="">5857</EventID>
<Version>0</Version>
<Level>0</Level>
<Task>0</Task>
<Opcode>0</Opcode>
<Keywords>0x4000000000000000</Keywords>
<TimeCreated SystemTime="2020-10-26 11:59:20.173546"></TimeCreated>
<EventRecordID>310</EventRecordID>
<Correlation ActivityID="" RelatedActivityID=""></Correlation>
<Execution ProcessID="3172" ThreadID="3196"></Execution>
<Channel>Microsoft-Windows-WMI-Activity/Operational</Channel>
<Computer>WIN-PTFPHFCRDJ0</Computer>
<Security UserID="S-1-5-20"></Security>
</System>
<UserData><Operation_StartedOperational xmlns="http://manifests.microsoft.com/win/2006/windows/WMI"><ProviderName>MS_NT_EVENTLOG_PROVIDER</ProviderName>
<Code>0x00000000</Code>
<HostProcess>wmiprvse.exe</HostProcess>
<ProcessID>3172</ProcessID>
<ProviderPath>%systemroot%\system32\wbem\ntevt.dll</ProviderPath>
</Operation_StartedOperational>
</UserData>
</Event>

<Event xmlns="http://schemas.microsoft.com/win/2004/08/events/event"><System><Provider Name="Microsoft-Windows-WMI-Activity" Guid="{1418ef04-b0b4-4623-bf7e-d74ab47bbdaa}"></Provider>
<EventID Qualifiers="">5858</EventID>
<Version>0</Version>
<Level>2</Level>
<Task>0</Task>
<Opcode>0</Opcode>
<Keywords>0x4000000000000000</Keywords>
<TimeCreated SystemTime="2020-10-26 11:59:20.754675"></TimeCreated>
<EventRecordID>311</EventRecordID>
<Correlation ActivityID="{278a84f7-ab8f-0000-3d8e-8a278fabd601}" RelatedActivityID=""></Correlation>
<Execution ProcessID="1348" ThreadID="3832"></Execution>
<Channel>Microsoft-Windows-WMI-Activity/Operational</Channel>
<Computer>WIN-PTFPHFCRDJ0</Computer>
<Security UserID="S-1-5-18"></Security>
</System>
<UserData><Operation_ClientFailure xmlns="http://manifests.microsoft.com/win/2006/windows/WMI"><Id>{00000000-0000-0000-0000-000000000000}</Id>
<ClientMachine>WIN-PTFPHFCRDJ0</ClientMachine>
<User>NT AUTHORITY\SYSTEM</User>
<ClientProcessId>3524</ClientProcessId>
<Component>Unknown</Component>
<Operation>Start IWbemServices::ExecQuery - root\wmi : select * from WMIBinaryMofResource where Name = "C:\\Windows\\system32\\kernelbase.dll[MofResourceName]"</Operation>
<ResultCode>0x80041032</ResultCode>
<PossibleCause>Unknown</PossibleCause>
</Operation_ClientFailure>
</UserData>
</Event>

<Event xmlns="http://schemas.microsoft.com/win/2004/08/events/event"><System><Provider Name="Microsoft-Windows-WMI-Activity" Guid="{1418ef04-b0b4-4623-bf7e-d74ab47bbdaa}"></Provider>
<EventID Qualifiers="">5858</EventID>
<Version>0</Version>
<Level>2</Level>
<Task>0</Task>
<Opcode>0</Opcode>
<Keywords>0x4000000000000000</Keywords>
<TimeCreated SystemTime="2020-10-26 11:59:20.758619"></TimeCreated>
<EventRecordID>312</EventRecordID>
<Correlation ActivityID="{278a84f7-ab8f-0000-3d8e-8a278fabd601}" RelatedActivityID=""></Correlation>
<Execution ProcessID="1348" ThreadID="3832"></Execution>
<Channel>Microsoft-Windows-WMI-Activity/Operational</Channel>
<Computer>WIN-PTFPHFCRDJ0</Computer>
<Security UserID="S-1-5-18"></Security>
</System>
<UserData><Operation_ClientFailure xmlns="http://manifests.microsoft.com/win/2006/windows/WMI"><Id>{00000000-0000-0000-0000-000000000000}</Id>
<ClientMachine>WIN-PTFPHFCRDJ0</ClientMachine>
<User>NT AUTHORITY\SYSTEM</User>
<ClientProcessId>3524</ClientProcessId>
<Component>Unknown</Component>
<Operation>Start IWbemServices::ExecQuery - root\wmi : select * from WMIBinaryMofResource where Name = "C:\\Windows\\system32\\kernelbase.dll[MofResourceName]"</Operation>
<ResultCode>0x80041032</ResultCode>
<PossibleCause>Unknown</PossibleCause>
</Operation_ClientFailure>
</UserData>
</Event>

<Event xmlns="http://schemas.microsoft.com/win/2004/08/events/event"><System><Provider Name="Microsoft-Windows-WMI-Activity" Guid="{1418ef04-b0b4-4623-bf7e-d74ab47bbdaa}"></Provider>
<EventID Qualifiers="">5858</EventID>
<Version>0</Version>
<Level>2</Level>
<Task>0</Task>
<Opcode>0</Opcode>
<Keywords>0x4000000000000000</Keywords>
<TimeCreated SystemTime="2020-10-26 11:59:22.961487"></TimeCreated>
<EventRecordID>313</EventRecordID>
<Correlation ActivityID="{278a84f7-ab8f-0000-3d8e-8a278fabd601}" RelatedActivityID=""></Correlation>
<Execution ProcessID="1348" ThreadID="3832"></Execution>
<Channel>Microsoft-Windows-WMI-Activity/Operational</Channel>
<Computer>WIN-PTFPHFCRDJ0</Computer>
<Security UserID="S-1-5-18"></Security>
</System>
<UserData><Operation_ClientFailure xmlns="http://manifests.microsoft.com/win/2006/windows/WMI"><Id>{00000000-0000-0000-0000-000000000000}</Id>
<ClientMachine>WIN-PTFPHFCRDJ0</ClientMachine>
<User>NT AUTHORITY\SYSTEM</User>
<ClientProcessId>3524</ClientProcessId>
<Component>Unknown</Component>
<Operation>Start IWbemServices::ExecQuery - root\wmi : select * from WMIBinaryMofResource where Name = "C:\\Windows\\system32\\en-US\\kernelbase.dll.mui[MofResourceName]"</Operation>
<ResultCode>0x80041032</ResultCode>
<PossibleCause>Unknown</PossibleCause>
</Operation_ClientFailure>
</UserData>
</Event>

<Event xmlns="http://schemas.microsoft.com/win/2004/08/events/event"><System><Provider Name="Microsoft-Windows-WMI-Activity" Guid="{1418ef04-b0b4-4623-bf7e-d74ab47bbdaa}"></Provider>
<EventID Qualifiers="">5858</EventID>
<Version>0</Version>
<Level>2</Level>
<Task>0</Task>
<Opcode>0</Opcode>
<Keywords>0x4000000000000000</Keywords>
<TimeCreated SystemTime="2020-10-26 11:59:22.970842"></TimeCreated>
<EventRecordID>314</EventRecordID>
<Correlation ActivityID="{278a84f7-ab8f-0000-3d8e-8a278fabd601}" RelatedActivityID=""></Correlation>
<Execution ProcessID="1348" ThreadID="3832"></Execution>
<Channel>Microsoft-Windows-WMI-Activity/Operational</Channel>
<Computer>WIN-PTFPHFCRDJ0</Computer>
<Security UserID="S-1-5-18"></Security>
</System>
<UserData><Operation_ClientFailure xmlns="http://manifests.microsoft.com/win/2006/windows/WMI"><Id>{00000000-0000-0000-0000-000000000000}</Id>
<ClientMachine>WIN-PTFPHFCRDJ0</ClientMachine>
<User>NT AUTHORITY\SYSTEM</User>
<ClientProcessId>3524</ClientProcessId>
<Component>Unknown</Component>
<Operation>Start IWbemServices::ExecQuery - root\wmi : select * from WMIBinaryMofResource where Name = "C:\\Windows\\system32\\en-US\\kernelbase.dll.mui[MofResourceName]"</Operation>
<ResultCode>0x80041032</ResultCode>
<PossibleCause>Unknown</PossibleCause>
</Operation_ClientFailure>
</UserData>
</Event>

<Event xmlns="http://schemas.microsoft.com/win/2004/08/events/event"><System><Provider Name="Microsoft-Windows-WMI-Activity" Guid="{1418ef04-b0b4-4623-bf7e-d74ab47bbdaa}"></Provider>
<EventID Qualifiers="">5857</EventID>
<Version>0</Version>
<Level>0</Level>
<Task>0</Task>
<Opcode>0</Opcode>
<Keywords>0x4000000000000000</Keywords>
<TimeCreated SystemTime="2020-10-26 11:59:24.287519"></TimeCreated>
<EventRecordID>315</EventRecordID>
<Correlation ActivityID="{278a84f7-ab8f-0000-3d8e-8a278fabd601}" RelatedActivityID=""></Correlation>
<Execution ProcessID="3524" ThreadID="3540"></Execution>
<Channel>Microsoft-Windows-WMI-Activity/Operational</Channel>
<Computer>WIN-PTFPHFCRDJ0</Computer>
<Security UserID="S-1-5-18"></Security>
</System>
<UserData><Operation_StartedOperational xmlns="http://manifests.microsoft.com/win/2006/windows/WMI"><ProviderName>WMIProv</ProviderName>
<Code>0x00000000</Code>
<HostProcess>wmiprvse.exe</HostProcess>
<ProcessID>3524</ProcessID>
<ProviderPath>%systemroot%\system32\wbem\wmiprov.dll</ProviderPath>
</Operation_StartedOperational>
</UserData>
</Event>

<Event xmlns="http://schemas.microsoft.com/win/2004/08/events/event"><System><Provider Name="Microsoft-Windows-WMI-Activity" Guid="{1418ef04-b0b4-4623-bf7e-d74ab47bbdaa}"></Provider>
<EventID Qualifiers="">5858</EventID>
<Version>0</Version>
<Level>2</Level>
<Task>0</Task>
<Opcode>0</Opcode>
<Keywords>0x4000000000000000</Keywords>
<TimeCreated SystemTime="2020-10-26 12:00:16.165583"></TimeCreated>
<EventRecordID>316</EventRecordID>
<Correlation ActivityID="" RelatedActivityID=""></Correlation>
<Execution ProcessID="1348" ThreadID="820"></Execution>
<Channel>Microsoft-Windows-WMI-Activity/Operational</Channel>
<Computer>WIN-PTFPHFCRDJ0</Computer>
<Security UserID="S-1-5-18"></Security>
</System>
<UserData><Operation_ClientFailure xmlns="http://manifests.microsoft.com/win/2006/windows/WMI"><Id>{00000000-0000-0000-0000-000000000000}</Id>
<ClientMachine>WIN-PTFPHFCRDJ0</ClientMachine>
<User>NT AUTHORITY\SYSTEM</User>
<ClientProcessId>1108</ClientProcessId>
<Component>Unknown</Component>
<Operation>Start IWbemServices::ExecQuery - root\cimv2 : SELECT * FROM Win32_ComputerSystemProduct</Operation>
<ResultCode>0x80041032</ResultCode>
<PossibleCause>Unknown</PossibleCause>
</Operation_ClientFailure>
</UserData>
</Event>

<Event xmlns="http://schemas.microsoft.com/win/2004/08/events/event"><System><Provider Name="Microsoft-Windows-WMI-Activity" Guid="{1418ef04-b0b4-4623-bf7e-d74ab47bbdaa}"></Provider>
<EventID Qualifiers="">5858</EventID>
<Version>0</Version>
<Level>2</Level>
<Task>0</Task>
<Opcode>0</Opcode>
<Keywords>0x4000000000000000</Keywords>
<TimeCreated SystemTime="2020-10-26 12:00:16.174545"></TimeCreated>
<EventRecordID>317</EventRecordID>
<Correlation ActivityID="" RelatedActivityID=""></Correlation>
<Execution ProcessID="1348" ThreadID="3892"></Execution>
<Channel>Microsoft-Windows-WMI-Activity/Operational</Channel>
<Computer>WIN-PTFPHFCRDJ0</Computer>
<Security UserID="S-1-5-18"></Security>
</System>
<UserData><Operation_ClientFailure xmlns="http://manifests.microsoft.com/win/2006/windows/WMI"><Id>{00000000-0000-0000-0000-000000000000}</Id>
<ClientMachine>WIN-PTFPHFCRDJ0</ClientMachine>
<User>NT AUTHORITY\SYSTEM</User>
<ClientProcessId>1108</ClientProcessId>
<Component>Unknown</Component>
<Operation>Start IWbemServices::ExecQuery - root\cimv2 : SELECT * FROM Win32_ComputerSystemProduct</Operation>
<ResultCode>0x80041032</ResultCode>
<PossibleCause>Unknown</PossibleCause>
</Operation_ClientFailure>
</UserData>
</Event>

<Event xmlns="http://schemas.microsoft.com/win/2004/08/events/event"><System><Provider Name="Microsoft-Windows-WMI-Activity" Guid="{1418ef04-b0b4-4623-bf7e-d74ab47bbdaa}"></Provider>
<EventID Qualifiers="">5858</EventID>
<Version>0</Version>
<Level>2</Level>
<Task>0</Task>
<Opcode>0</Opcode>
<Keywords>0x4000000000000000</Keywords>
<TimeCreated SystemTime="2020-10-26 12:00:16.178932"></TimeCreated>
<EventRecordID>318</EventRecordID>
<Correlation ActivityID="" RelatedActivityID=""></Correlation>
<Execution ProcessID="1348" ThreadID="3892"></Execution>
<Channel>Microsoft-Windows-WMI-Activity/Operational</Channel>
<Computer>WIN-PTFPHFCRDJ0</Computer>
<Security UserID="S-1-5-18"></Security>
</System>
<UserData><Operation_ClientFailure xmlns="http://manifests.microsoft.com/win/2006/windows/WMI"><Id>{00000000-0000-0000-0000-000000000000}</Id>
<ClientMachine>WIN-PTFPHFCRDJ0</ClientMachine>
<User>NT AUTHORITY\SYSTEM</User>
<ClientProcessId>1108</ClientProcessId>
<Component>Unknown</Component>
<Operation>Start IWbemServices::ExecQuery - root\cimv2 : SELECT * FROM Win32_ComputerSystemProduct</Operation>
<ResultCode>0x80041032</ResultCode>
<PossibleCause>Unknown</PossibleCause>
</Operation_ClientFailure>
</UserData>
</Event>

<Event xmlns="http://schemas.microsoft.com/win/2004/08/events/event"><System><Provider Name="Microsoft-Windows-WMI-Activity" Guid="{1418ef04-b0b4-4623-bf7e-d74ab47bbdaa}"></Provider>
<EventID Qualifiers="">5858</EventID>
<Version>0</Version>
<Level>2</Level>
<Task>0</Task>
<Opcode>0</Opcode>
<Keywords>0x4000000000000000</Keywords>
<TimeCreated SystemTime="2020-10-26 12:00:16.184134"></TimeCreated>
<EventRecordID>319</EventRecordID>
<Correlation ActivityID="" RelatedActivityID=""></Correlation>
<Execution ProcessID="1348" ThreadID="3892"></Execution>
<Channel>Microsoft-Windows-WMI-Activity/Operational</Channel>
<Computer>WIN-PTFPHFCRDJ0</Computer>
<Security UserID="S-1-5-18"></Security>
</System>
<UserData><Operation_ClientFailure xmlns="http://manifests.microsoft.com/win/2006/windows/WMI"><Id>{00000000-0000-0000-0000-000000000000}</Id>
<ClientMachine>WIN-PTFPHFCRDJ0</ClientMachine>
<User>NT AUTHORITY\SYSTEM</User>
<ClientProcessId>1108</ClientProcessId>
<Component>Unknown</Component>
<Operation>Start IWbemServices::ExecQuery - root\cimv2 : SELECT * FROM Win32_ComputerSystemProduct</Operation>
<ResultCode>0x80041032</ResultCode>
<PossibleCause>Unknown</PossibleCause>
</Operation_ClientFailure>
</UserData>
</Event>

<Event xmlns="http://schemas.microsoft.com/win/2004/08/events/event"><System><Provider Name="Microsoft-Windows-WMI-Activity" Guid="{1418ef04-b0b4-4623-bf7e-d74ab47bbdaa}"></Provider>
<EventID Qualifiers="">5858</EventID>
<Version>0</Version>
<Level>2</Level>
<Task>0</Task>
<Opcode>0</Opcode>
<Keywords>0x4000000000000000</Keywords>
<TimeCreated SystemTime="2020-10-26 12:00:16.264912"></TimeCreated>
<EventRecordID>320</EventRecordID>
<Correlation ActivityID="" RelatedActivityID=""></Correlation>
<Execution ProcessID="1348" ThreadID="2808"></Execution>
<Channel>Microsoft-Windows-WMI-Activity/Operational</Channel>
<Computer>WIN-PTFPHFCRDJ0</Computer>
<Security UserID="S-1-5-18"></Security>
</System>
<UserData><Operation_ClientFailure xmlns="http://manifests.microsoft.com/win/2006/windows/WMI"><Id>{00000000-0000-0000-0000-000000000000}</Id>
<ClientMachine>WIN-PTFPHFCRDJ0</ClientMachine>
<User>NT AUTHORITY\SYSTEM</User>
<ClientProcessId>1108</ClientProcessId>
<Component>Unknown</Component>
<Operation>Start IWbemServices::ExecQuery - root\cimv2 : SELECT * FROM Win32_OperatingSystem</Operation>
<ResultCode>0x80041032</ResultCode>
<PossibleCause>Unknown</PossibleCause>
</Operation_ClientFailure>
</UserData>
</Event>

<Event xmlns="http://schemas.microsoft.com/win/2004/08/events/event"><System><Provider Name="Microsoft-Windows-WMI-Activity" Guid="{1418ef04-b0b4-4623-bf7e-d74ab47bbdaa}"></Provider>
<EventID Qualifiers="">5858</EventID>
<Version>0</Version>
<Level>2</Level>
<Task>0</Task>
<Opcode>0</Opcode>
<Keywords>0x4000000000000000</Keywords>
<TimeCreated SystemTime="2020-10-26 12:00:16.288162"></TimeCreated>
<EventRecordID>321</EventRecordID>
<Correlation ActivityID="" RelatedActivityID=""></Correlation>
<Execution ProcessID="1348" ThreadID="1900"></Execution>
<Channel>Microsoft-Windows-WMI-Activity/Operational</Channel>
<Computer>WIN-PTFPHFCRDJ0</Computer>
<Security UserID="S-1-5-18"></Security>
</System>
<UserData><Operation_ClientFailure xmlns="http://manifests.microsoft.com/win/2006/windows/WMI"><Id>{00000000-0000-0000-0000-000000000000}</Id>
<ClientMachine>WIN-PTFPHFCRDJ0</ClientMachine>
<User>NT AUTHORITY\SYSTEM</User>
<ClientProcessId>1108</ClientProcessId>
<Component>Unknown</Component>
<Operation>Start IWbemServices::ExecQuery - root\cimv2 : SELECT * FROM Win32_ComputerSystem</Operation>
<ResultCode>0x80041032</ResultCode>
<PossibleCause>Unknown</PossibleCause>
</Operation_ClientFailure>
</UserData>
</Event>

<Event xmlns="http://schemas.microsoft.com/win/2004/08/events/event"><System><Provider Name="Microsoft-Windows-WMI-Activity" Guid="{1418ef04-b0b4-4623-bf7e-d74ab47bbdaa}"></Provider>
<EventID Qualifiers="">5858</EventID>
<Version>0</Version>
<Level>2</Level>
<Task>0</Task>
<Opcode>0</Opcode>
<Keywords>0x4000000000000000</Keywords>
<TimeCreated SystemTime="2020-10-26 12:00:17.589409"></TimeCreated>
<EventRecordID>322</EventRecordID>
<Correlation ActivityID="" RelatedActivityID=""></Correlation>
<Execution ProcessID="1348" ThreadID="1900"></Execution>
<Channel>Microsoft-Windows-WMI-Activity/Operational</Channel>
<Computer>WIN-PTFPHFCRDJ0</Computer>
<Security UserID="S-1-5-18"></Security>
</System>
<UserData><Operation_ClientFailure xmlns="http://manifests.microsoft.com/win/2006/windows/WMI"><Id>{00000000-0000-0000-0000-000000000000}</Id>
<ClientMachine>WIN-PTFPHFCRDJ0</ClientMachine>
<User>NT AUTHORITY\SYSTEM</User>
<ClientProcessId>1108</ClientProcessId>
<Component>Unknown</Component>
<Operation>Start IWbemServices::ExecQuery - root\cimv2 : SELECT * FROM Win32_Processor</Operation>
<ResultCode>0x80041032</ResultCode>
<PossibleCause>Unknown</PossibleCause>
</Operation_ClientFailure>
</UserData>
</Event>

<Event xmlns="http://schemas.microsoft.com/win/2004/08/events/event"><System><Provider Name="Microsoft-Windows-WMI-Activity" Guid="{1418ef04-b0b4-4623-bf7e-d74ab47bbdaa}"></Provider>
<EventID Qualifiers="">5858</EventID>
<Version>0</Version>
<Level>2</Level>
<Task>0</Task>
<Opcode>0</Opcode>
<Keywords>0x4000000000000000</Keywords>
<TimeCreated SystemTime="2020-10-26 12:00:17.595856"></TimeCreated>
<EventRecordID>323</EventRecordID>
<Correlation ActivityID="" RelatedActivityID=""></Correlation>
<Execution ProcessID="1348" ThreadID="1900"></Execution>
<Channel>Microsoft-Windows-WMI-Activity/Operational</Channel>
<Computer>WIN-PTFPHFCRDJ0</Computer>
<Security UserID="S-1-5-18"></Security>
</System>
<UserData><Operation_ClientFailure xmlns="http://manifests.microsoft.com/win/2006/windows/WMI"><Id>{00000000-0000-0000-0000-000000000000}</Id>
<ClientMachine>WIN-PTFPHFCRDJ0</ClientMachine>
<User>NT AUTHORITY\SYSTEM</User>
<ClientProcessId>1108</ClientProcessId>
<Component>Unknown</Component>
<Operation>Start IWbemServices::ExecQuery - root\cimv2 : SELECT * FROM Win32_ComputerSystem</Operation>
<ResultCode>0x80041032</ResultCode>
<PossibleCause>Unknown</PossibleCause>
</Operation_ClientFailure>
</UserData>
</Event>

<Event xmlns="http://schemas.microsoft.com/win/2004/08/events/event"><System><Provider Name="Microsoft-Windows-WMI-Activity" Guid="{1418ef04-b0b4-4623-bf7e-d74ab47bbdaa}"></Provider>
<EventID Qualifiers="">5857</EventID>
<Version>0</Version>
<Level>0</Level>
<Task>0</Task>
<Opcode>0</Opcode>
<Keywords>0x4000000000000000</Keywords>
<TimeCreated SystemTime="2020-10-26 12:00:56.407187"></TimeCreated>
<EventRecordID>324</EventRecordID>
<Correlation ActivityID="" RelatedActivityID=""></Correlation>
<Execution ProcessID="3172" ThreadID="3212"></Execution>
<Channel>Microsoft-Windows-WMI-Activity/Operational</Channel>
<Computer>WIN-PTFPHFCRDJ0</Computer>
<Security UserID="S-1-5-20"></Security>
</System>
<UserData><Operation_StartedOperational xmlns="http://manifests.microsoft.com/win/2006/windows/WMI"><ProviderName>ServerFeatureProvider</ProviderName>
<Code>0x00000000</Code>
<HostProcess>wmiprvse.exe</HostProcess>
<ProcessID>3172</ProcessID>
<ProviderPath>%windir%\system32\wbem\servercompprov.dll</ProviderPath>
</Operation_StartedOperational>
</UserData>
</Event>

<Event xmlns="http://schemas.microsoft.com/win/2004/08/events/event"><System><Provider Name="Microsoft-Windows-WMI-Activity" Guid="{1418ef04-b0b4-4623-bf7e-d74ab47bbdaa}"></Provider>
<EventID Qualifiers="">5857</EventID>
<Version>0</Version>
<Level>0</Level>
<Task>0</Task>
<Opcode>0</Opcode>
<Keywords>0x4000000000000000</Keywords>
<TimeCreated SystemTime="2020-10-26 12:00:56.720631"></TimeCreated>
<EventRecordID>325</EventRecordID>
<Correlation ActivityID="" RelatedActivityID=""></Correlation>
<Execution ProcessID="2608" ThreadID="1176"></Execution>
<Channel>Microsoft-Windows-WMI-Activity/Operational</Channel>
<Computer>WIN-PTFPHFCRDJ0</Computer>
<Security UserID="S-1-5-18"></Security>
</System>
<UserData><Operation_StartedOperational xmlns="http://manifests.microsoft.com/win/2006/windows/WMI"><ProviderName>deploymentprovider</ProviderName>
<Code>0x00000000</Code>
<HostProcess>wmiprvse.exe</HostProcess>
<ProcessID>2608</ProcessID>
<ProviderPath>%systemroot%\system32\wbem\ServerManager.DeploymentProvider.dll</ProviderPath>
</Operation_StartedOperational>
</UserData>
</Event>

<Event xmlns="http://schemas.microsoft.com/win/2004/08/events/event"><System><Provider Name="Microsoft-Windows-WMI-Activity" Guid="{1418ef04-b0b4-4623-bf7e-d74ab47bbdaa}"></Provider>
<EventID Qualifiers="">5858</EventID>
<Version>0</Version>
<Level>2</Level>
<Task>0</Task>
<Opcode>0</Opcode>
<Keywords>0x4000000000000000</Keywords>
<TimeCreated SystemTime="2020-10-26 12:00:57.776192"></TimeCreated>
<EventRecordID>326</EventRecordID>
<Correlation ActivityID="" RelatedActivityID=""></Correlation>
<Execution ProcessID="1348" ThreadID="2804"></Execution>
<Channel>Microsoft-Windows-WMI-Activity/Operational</Channel>
<Computer>WIN-PTFPHFCRDJ0</Computer>
<Security UserID="S-1-5-18"></Security>
</System>
<UserData><Operation_ClientFailure xmlns="http://manifests.microsoft.com/win/2006/windows/WMI"><Id>{00000000-0000-0000-0000-000000000000}</Id>
<ClientMachine>WIN-PTFPHFCRDJ0</ClientMachine>
<User>NT AUTHORITY\SYSTEM</User>
<ClientProcessId>2932</ClientProcessId>
<Component>Unknown</Component>
<Operation>Start IWbemServices::ExecQuery - root\CIMV2 : SELECT SMBIOSAssetTag FROM Win32_SystemEnclosure </Operation>
<ResultCode>0x80041032</ResultCode>
<PossibleCause>Unknown</PossibleCause>
</Operation_ClientFailure>
</UserData>
</Event>

<Event xmlns="http://schemas.microsoft.com/win/2004/08/events/event"><System><Provider Name="Microsoft-Windows-WMI-Activity" Guid="{1418ef04-b0b4-4623-bf7e-d74ab47bbdaa}"></Provider>
<EventID Qualifiers="">5857</EventID>
<Version>0</Version>
<Level>0</Level>
<Task>0</Task>
<Opcode>0</Opcode>
<Keywords>0x4000000000000000</Keywords>
<TimeCreated SystemTime="2020-10-26 12:00:57.956314"></TimeCreated>
<EventRecordID>327</EventRecordID>
<Correlation ActivityID="" RelatedActivityID=""></Correlation>
<Execution ProcessID="3172" ThreadID="3212"></Execution>
<Channel>Microsoft-Windows-WMI-Activity/Operational</Channel>
<Computer>WIN-PTFPHFCRDJ0</Computer>
<Security UserID="S-1-5-20"></Security>
</System>
<UserData><Operation_StartedOperational xmlns="http://manifests.microsoft.com/win/2006/windows/WMI"><ProviderName>Win32_TpmProvider</ProviderName>
<Code>0x00000000</Code>
<HostProcess>wmiprvse.exe</HostProcess>
<ProcessID>3172</ProcessID>
<ProviderPath>C:\Windows\System32\wbem\Win32_TPM.dll</ProviderPath>
</Operation_StartedOperational>
</UserData>
</Event>

<Event xmlns="http://schemas.microsoft.com/win/2004/08/events/event"><System><Provider Name="Microsoft-Windows-WMI-Activity" Guid="{1418ef04-b0b4-4623-bf7e-d74ab47bbdaa}"></Provider>
<EventID Qualifiers="">5857</EventID>
<Version>0</Version>
<Level>0</Level>
<Task>0</Task>
<Opcode>0</Opcode>
<Keywords>0x4000000000000000</Keywords>
<TimeCreated SystemTime="2020-10-26 12:00:59.619123"></TimeCreated>
<EventRecordID>328</EventRecordID>
<Correlation ActivityID="" RelatedActivityID=""></Correlation>
<Execution ProcessID="3172" ThreadID="3212"></Execution>
<Channel>Microsoft-Windows-WMI-Activity/Operational</Channel>
<Computer>WIN-PTFPHFCRDJ0</Computer>
<Security UserID="S-1-5-20"></Security>
</System>
<UserData><Operation_StartedOperational xmlns="http://manifests.microsoft.com/win/2006/windows/WMI"><ProviderName>Win32_DeviceGuard</ProviderName>
<Code>0x00000000</Code>
<HostProcess>wmiprvse.exe</HostProcess>
<ProcessID>3172</ProcessID>
<ProviderPath>%SystemRoot%\System32\Win32_DeviceGuard.dll</ProviderPath>
</Operation_StartedOperational>
</UserData>
</Event>

<Event xmlns="http://schemas.microsoft.com/win/2004/08/events/event"><System><Provider Name="Microsoft-Windows-WMI-Activity" Guid="{1418ef04-b0b4-4623-bf7e-d74ab47bbdaa}"></Provider>
<EventID Qualifiers="">5858</EventID>
<Version>0</Version>
<Level>2</Level>
<Task>0</Task>
<Opcode>0</Opcode>
<Keywords>0x4000000000000000</Keywords>
<TimeCreated SystemTime="2020-10-26 12:00:59.639305"></TimeCreated>
<EventRecordID>329</EventRecordID>
<Correlation ActivityID="" RelatedActivityID=""></Correlation>
<Execution ProcessID="1348" ThreadID="2808"></Execution>
<Channel>Microsoft-Windows-WMI-Activity/Operational</Channel>
<Computer>WIN-PTFPHFCRDJ0</Computer>
<Security UserID="S-1-5-18"></Security>
</System>
<UserData><Operation_ClientFailure xmlns="http://manifests.microsoft.com/win/2006/windows/WMI"><Id>{00000000-0000-0000-0000-000000000000}</Id>
<ClientMachine>WIN-PTFPHFCRDJ0</ClientMachine>
<User>NT AUTHORITY\SYSTEM</User>
<ClientProcessId>2932</ClientProcessId>
<Component>Unknown</Component>
<Operation>Start IWbemServices::ExecQuery - root\Microsoft\Windows\DeviceGuard : SELECT RequiredSecurityProperties FROM Win32_DeviceGuard </Operation>
<ResultCode>0x80041032</ResultCode>
<PossibleCause>Unknown</PossibleCause>
</Operation_ClientFailure>
</UserData>
</Event>

<Event xmlns="http://schemas.microsoft.com/win/2004/08/events/event"><System><Provider Name="Microsoft-Windows-WMI-Activity" Guid="{1418ef04-b0b4-4623-bf7e-d74ab47bbdaa}"></Provider>
<EventID Qualifiers="">5858</EventID>
<Version>0</Version>
<Level>2</Level>
<Task>0</Task>
<Opcode>0</Opcode>
<Keywords>0x4000000000000000</Keywords>
<TimeCreated SystemTime="2020-10-26 12:00:59.645071"></TimeCreated>
<EventRecordID>330</EventRecordID>
<Correlation ActivityID="" RelatedActivityID=""></Correlation>
<Execution ProcessID="1348" ThreadID="2808"></Execution>
<Channel>Microsoft-Windows-WMI-Activity/Operational</Channel>
<Computer>WIN-PTFPHFCRDJ0</Computer>
<Security UserID="S-1-5-18"></Security>
</System>
<UserData><Operation_ClientFailure xmlns="http://manifests.microsoft.com/win/2006/windows/WMI"><Id>{00000000-0000-0000-0000-000000000000}</Id>
<ClientMachine>WIN-PTFPHFCRDJ0</ClientMachine>
<User>NT AUTHORITY\SYSTEM</User>
<ClientProcessId>2932</ClientProcessId>
<Component>Unknown</Component>
<Operation>Start IWbemServices::ExecQuery - root\Microsoft\Windows\DeviceGuard : SELECT AvailableSecurityProperties FROM Win32_DeviceGuard </Operation>
<ResultCode>0x80041032</ResultCode>
<PossibleCause>Unknown</PossibleCause>
</Operation_ClientFailure>
</UserData>
</Event>

