<Event xmlns="http://schemas.microsoft.com/win/2004/08/events/event"><System><Provider Name="Microsoft-Windows-WinRM" Guid="{a7975c8f-ac13-49f1-87da-5a984a4ab417}"></Provider>
<EventID Qualifiers="">145</EventID>
<Version>0</Version>
<Level>4</Level>
<Task>5</Task>
<Opcode>1</Opcode>
<Keywords>0x4000000000000002</Keywords>
<TimeCreated SystemTime="2020-10-26 11:58:53.589851"></TimeCreated>
<EventRecordID>63</EventRecordID>
<Correlation ActivityID="{278a84f7-ab8f-0000-548d-8a278fabd601}" RelatedActivityID=""></Correlation>
<Execution ProcessID="1348" ThreadID="3724"></Execution>
<Channel>Microsoft-Windows-WinRM/Operational</Channel>
<Computer>WIN-PTFPHFCRDJ0</Computer>
<Security UserID="S-1-5-18"></Security>
</System>
<EventData><Data Name="operationName">Enumeration</Data>
<Data Name="resourceUri">http://schemas.microsoft.com/wbem/wsman/1/config/listener</Data>
</EventData>
</Event>

<Event xmlns="http://schemas.microsoft.com/win/2004/08/events/event"><System><Provider Name="Microsoft-Windows-WinRM" Guid="{a7975c8f-ac13-49f1-87da-5a984a4ab417}"></Provider>
<EventID Qualifiers="">132</EventID>
<Version>0</Version>
<Level>4</Level>
<Task>10</Task>
<Opcode>2</Opcode>
<Keywords>0x4000000000000002</Keywords>
<TimeCreated SystemTime="2020-10-26 11:58:53.913757"></TimeCreated>
<EventRecordID>64</EventRecordID>
<Correlation ActivityID="{278a84f7-ab8f-0000-548d-8a278fabd601}" RelatedActivityID=""></Correlation>
<Execution ProcessID="1348" ThreadID="2804"></Execution>
<Channel>Microsoft-Windows-WinRM/Operational</Channel>
<Computer>WIN-PTFPHFCRDJ0</Computer>
<Security UserID="S-1-5-18"></Security>
</System>
<EventData><Data Name="operationName">Enumeration</Data>
</EventData>
</Event>

<Event xmlns="http://schemas.microsoft.com/win/2004/08/events/event"><System><Provider Name="Microsoft-Windows-WinRM" Guid="{a7975c8f-ac13-49f1-87da-5a984a4ab417}"></Provider>
<EventID Qualifiers="">145</EventID>
<Version>0</Version>
<Level>4</Level>
<Task>5</Task>
<Opcode>1</Opcode>
<Keywords>0x4000000000000002</Keywords>
<TimeCreated SystemTime="2020-10-26 11:58:57.640110"></TimeCreated>
<EventRecordID>65</EventRecordID>
<Correlation ActivityID="{278a84f7-ab8f-0000-548d-8a278fabd601}" RelatedActivityID=""></Correlation>
<Execution ProcessID="1348" ThreadID="3724"></Execution>
<Channel>Microsoft-Windows-WinRM/Operational</Channel>
<Computer>WIN-PTFPHFCRDJ0</Computer>
<Security UserID="S-1-5-18"></Security>
</System>
<EventData><Data Name="operationName">Enumeration</Data>
<Data Name="resourceUri">http://schemas.microsoft.com/wbem/wsman/1/windows/shell</Data>
</EventData>
</Event>

<Event xmlns="http://schemas.microsoft.com/win/2004/08/events/event"><System><Provider Name="Microsoft-Windows-WinRM" Guid="{a7975c8f-ac13-49f1-87da-5a984a4ab417}"></Provider>
<EventID Qualifiers="">132</EventID>
<Version>0</Version>
<Level>4</Level>
<Task>10</Task>
<Opcode>2</Opcode>
<Keywords>0x4000000000000002</Keywords>
<TimeCreated SystemTime="2020-10-26 11:58:57.661776"></TimeCreated>
<EventRecordID>66</EventRecordID>
<Correlation ActivityID="{278a84f7-ab8f-0000-548d-8a278fabd601}" RelatedActivityID=""></Correlation>
<Execution ProcessID="1348" ThreadID="3912"></Execution>
<Channel>Microsoft-Windows-WinRM/Operational</Channel>
<Computer>WIN-PTFPHFCRDJ0</Computer>
<Security UserID="S-1-5-18"></Security>
</System>
<EventData><Data Name="operationName">Enumeration</Data>
</EventData>
</Event>

<Event xmlns="http://schemas.microsoft.com/win/2004/08/events/event"><System><Provider Name="Microsoft-Windows-WinRM" Guid="{a7975c8f-ac13-49f1-87da-5a984a4ab417}"></Provider>
<EventID Qualifiers="">211</EventID>
<Version>0</Version>
<Level>4</Level>
<Task>11</Task>
<Opcode>0</Opcode>
<Keywords>0x4000000000000004</Keywords>
<TimeCreated SystemTime="2020-10-26 14:36:21.112677"></TimeCreated>
<EventRecordID>67</EventRecordID>
<Correlation ActivityID="{278a84f7-ab8f-0000-6c8a-8a278fabd601}" RelatedActivityID=""></Correlation>
<Execution ProcessID="1480" ThreadID="720"></Execution>
<Channel>Microsoft-Windows-WinRM/Operational</Channel>
<Computer>WIN-PTFPHFCRDJ0</Computer>
<Security UserID="S-1-5-20"></Security>
</System>
<EventData></EventData>
</Event>

<Event xmlns="http://schemas.microsoft.com/win/2004/08/events/event"><System><Provider Name="Microsoft-Windows-WinRM" Guid="{a7975c8f-ac13-49f1-87da-5a984a4ab417}"></Provider>
<EventID Qualifiers="">212</EventID>
<Version>0</Version>
<Level>4</Level>
<Task>11</Task>
<Opcode>2</Opcode>
<Keywords>0x4000000000000004</Keywords>
<TimeCreated SystemTime="2020-10-26 14:36:21.498245"></TimeCreated>
<EventRecordID>68</EventRecordID>
<Correlation ActivityID="{278a84f7-ab8f-0000-6c8a-8a278fabd601}" RelatedActivityID=""></Correlation>
<Execution ProcessID="1480" ThreadID="720"></Execution>
<Channel>Microsoft-Windows-WinRM/Operational</Channel>
<Computer>WIN-PTFPHFCRDJ0</Computer>
<Security UserID="S-1-5-20"></Security>
</System>
<EventData></EventData>
</Event>

<Event xmlns="http://schemas.microsoft.com/win/2004/08/events/event"><System><Provider Name="Microsoft-Windows-WinRM" Guid="{a7975c8f-ac13-49f1-87da-5a984a4ab417}"></Provider>
<EventID Qualifiers="">208</EventID>
<Version>0</Version>
<Level>4</Level>
<Task>11</Task>
<Opcode>1</Opcode>
<Keywords>0x4000000000000004</Keywords>
<TimeCreated SystemTime="2020-10-26 15:12:42.245659"></TimeCreated>
<EventRecordID>69</EventRecordID>
<Correlation ActivityID="" RelatedActivityID=""></Correlation>
<Execution ProcessID="1432" ThreadID="2216"></Execution>
<Channel>Microsoft-Windows-WinRM/Operational</Channel>
<Computer>WIN-PTFPHFCRDJ0</Computer>
<Security UserID="S-1-5-20"></Security>
</System>
<EventData></EventData>
</Event>

<Event xmlns="http://schemas.microsoft.com/win/2004/08/events/event"><System><Provider Name="Microsoft-Windows-WinRM" Guid="{a7975c8f-ac13-49f1-87da-5a984a4ab417}"></Provider>
<EventID Qualifiers="">209</EventID>
<Version>0</Version>
<Level>4</Level>
<Task>11</Task>
<Opcode>0</Opcode>
<Keywords>0x4000000000000004</Keywords>
<TimeCreated SystemTime="2020-10-26 15:12:45.662563"></TimeCreated>
<EventRecordID>70</EventRecordID>
<Correlation ActivityID="{5cf0896d-abaa-0000-c38e-f05caaabd601}" RelatedActivityID=""></Correlation>
<Execution ProcessID="1432" ThreadID="2216"></Execution>
<Channel>Microsoft-Windows-WinRM/Operational</Channel>
<Computer>WIN-PTFPHFCRDJ0</Computer>
<Security UserID="S-1-5-20"></Security>
</System>
<EventData></EventData>
</Event>

<Event xmlns="http://schemas.microsoft.com/win/2004/08/events/event"><System><Provider Name="Microsoft-Windows-WinRM" Guid="{a7975c8f-ac13-49f1-87da-5a984a4ab417}"></Provider>
<EventID Qualifiers="">145</EventID>
<Version>0</Version>
<Level>4</Level>
<Task>5</Task>
<Opcode>1</Opcode>
<Keywords>0x4000000000000002</Keywords>
<TimeCreated SystemTime="2020-10-26 15:13:26.611671"></TimeCreated>
<EventRecordID>71</EventRecordID>
<Correlation ActivityID="{5cf0896d-abaa-0000-2991-f05caaabd601}" RelatedActivityID=""></Correlation>
<Execution ProcessID="1332" ThreadID="3440"></Execution>
<Channel>Microsoft-Windows-WinRM/Operational</Channel>
<Computer>WIN-PTFPHFCRDJ0</Computer>
<Security UserID="S-1-5-18"></Security>
</System>
<EventData><Data Name="operationName">Enumeration</Data>
<Data Name="resourceUri">http://schemas.microsoft.com/wbem/wsman/1/config/listener</Data>
</EventData>
</Event>

<Event xmlns="http://schemas.microsoft.com/win/2004/08/events/event"><System><Provider Name="Microsoft-Windows-WinRM" Guid="{a7975c8f-ac13-49f1-87da-5a984a4ab417}"></Provider>
<EventID Qualifiers="">132</EventID>
<Version>0</Version>
<Level>4</Level>
<Task>10</Task>
<Opcode>2</Opcode>
<Keywords>0x4000000000000002</Keywords>
<TimeCreated SystemTime="2020-10-26 15:13:27.446630"></TimeCreated>
<EventRecordID>72</EventRecordID>
<Correlation ActivityID="{5cf0896d-abaa-0000-2991-f05caaabd601}" RelatedActivityID=""></Correlation>
<Execution ProcessID="1332" ThreadID="2768"></Execution>
<Channel>Microsoft-Windows-WinRM/Operational</Channel>
<Computer>WIN-PTFPHFCRDJ0</Computer>
<Security UserID="S-1-5-18"></Security>
</System>
<EventData><Data Name="operationName">Enumeration</Data>
</EventData>
</Event>

<Event xmlns="http://schemas.microsoft.com/win/2004/08/events/event"><System><Provider Name="Microsoft-Windows-WinRM" Guid="{a7975c8f-ac13-49f1-87da-5a984a4ab417}"></Provider>
<EventID Qualifiers="">145</EventID>
<Version>0</Version>
<Level>4</Level>
<Task>5</Task>
<Opcode>1</Opcode>
<Keywords>0x4000000000000002</Keywords>
<TimeCreated SystemTime="2020-10-26 15:13:29.591747"></TimeCreated>
<EventRecordID>73</EventRecordID>
<Correlation ActivityID="{5cf0896d-abaa-0000-2991-f05caaabd601}" RelatedActivityID=""></Correlation>
<Execution ProcessID="1332" ThreadID="3440"></Execution>
<Channel>Microsoft-Windows-WinRM/Operational</Channel>
<Computer>WIN-PTFPHFCRDJ0</Computer>
<Security UserID="S-1-5-18"></Security>
</System>
<EventData><Data Name="operationName">Enumeration</Data>
<Data Name="resourceUri">http://schemas.microsoft.com/wbem/wsman/1/windows/shell</Data>
</EventData>
</Event>

<Event xmlns="http://schemas.microsoft.com/win/2004/08/events/event"><System><Provider Name="Microsoft-Windows-WinRM" Guid="{a7975c8f-ac13-49f1-87da-5a984a4ab417}"></Provider>
<EventID Qualifiers="">132</EventID>
<Version>0</Version>
<Level>4</Level>
<Task>10</Task>
<Opcode>2</Opcode>
<Keywords>0x4000000000000002</Keywords>
<TimeCreated SystemTime="2020-10-26 15:13:29.632118"></TimeCreated>
<EventRecordID>74</EventRecordID>
<Correlation ActivityID="{5cf0896d-abaa-0000-2991-f05caaabd601}" RelatedActivityID=""></Correlation>
<Execution ProcessID="1332" ThreadID="2740"></Execution>
<Channel>Microsoft-Windows-WinRM/Operational</Channel>
<Computer>WIN-PTFPHFCRDJ0</Computer>
<Security UserID="S-1-5-18"></Security>
</System>
<EventData><Data Name="operationName">Enumeration</Data>
</EventData>
</Event>

<Event xmlns="http://schemas.microsoft.com/win/2004/08/events/event"><System><Provider Name="Microsoft-Windows-WinRM" Guid="{a7975c8f-ac13-49f1-87da-5a984a4ab417}"></Provider>
<EventID Qualifiers="">145</EventID>
<Version>0</Version>
<Level>4</Level>
<Task>5</Task>
<Opcode>1</Opcode>
<Keywords>0x4000000000000002</Keywords>
<TimeCreated SystemTime="2020-10-26 15:54:40.419405"></TimeCreated>
<EventRecordID>75</EventRecordID>
<Correlation ActivityID="{5cf0896d-abaa-0000-d8a8-f05caaabd601}" RelatedActivityID=""></Correlation>
<Execution ProcessID="1332" ThreadID="3044"></Execution>
<Channel>Microsoft-Windows-WinRM/Operational</Channel>
<Computer>WIN-PTFPHFCRDJ0</Computer>
<Security UserID="S-1-5-18"></Security>
</System>
<EventData><Data Name="operationName">Enumeration</Data>
<Data Name="resourceUri">http://schemas.microsoft.com/wbem/wsman/1/config/listener</Data>
</EventData>
</Event>

<Event xmlns="http://schemas.microsoft.com/win/2004/08/events/event"><System><Provider Name="Microsoft-Windows-WinRM" Guid="{a7975c8f-ac13-49f1-87da-5a984a4ab417}"></Provider>
<EventID Qualifiers="">132</EventID>
<Version>0</Version>
<Level>4</Level>
<Task>10</Task>
<Opcode>2</Opcode>
<Keywords>0x4000000000000002</Keywords>
<TimeCreated SystemTime="2020-10-26 15:54:40.447847"></TimeCreated>
<EventRecordID>76</EventRecordID>
<Correlation ActivityID="{5cf0896d-abaa-0000-d8a8-f05caaabd601}" RelatedActivityID=""></Correlation>
<Execution ProcessID="1332" ThreadID="300"></Execution>
<Channel>Microsoft-Windows-WinRM/Operational</Channel>
<Computer>WIN-PTFPHFCRDJ0</Computer>
<Security UserID="S-1-5-18"></Security>
</System>
<EventData><Data Name="operationName">Enumeration</Data>
</EventData>
</Event>

<Event xmlns="http://schemas.microsoft.com/win/2004/08/events/event"><System><Provider Name="Microsoft-Windows-WinRM" Guid="{a7975c8f-ac13-49f1-87da-5a984a4ab417}"></Provider>
<EventID Qualifiers="">145</EventID>
<Version>0</Version>
<Level>4</Level>
<Task>5</Task>
<Opcode>1</Opcode>
<Keywords>0x4000000000000002</Keywords>
<TimeCreated SystemTime="2020-10-26 15:54:40.469788"></TimeCreated>
<EventRecordID>77</EventRecordID>
<Correlation ActivityID="{5cf0896d-abaa-0000-d8a8-f05caaabd601}" RelatedActivityID=""></Correlation>
<Execution ProcessID="1332" ThreadID="3044"></Execution>
<Channel>Microsoft-Windows-WinRM/Operational</Channel>
<Computer>WIN-PTFPHFCRDJ0</Computer>
<Security UserID="S-1-5-18"></Security>
</System>
<EventData><Data Name="operationName">Enumeration</Data>
<Data Name="resourceUri">http://schemas.microsoft.com/wbem/wsman/1/windows/shell</Data>
</EventData>
</Event>

<Event xmlns="http://schemas.microsoft.com/win/2004/08/events/event"><System><Provider Name="Microsoft-Windows-WinRM" Guid="{a7975c8f-ac13-49f1-87da-5a984a4ab417}"></Provider>
<EventID Qualifiers="">132</EventID>
<Version>0</Version>
<Level>4</Level>
<Task>10</Task>
<Opcode>2</Opcode>
<Keywords>0x4000000000000002</Keywords>
<TimeCreated SystemTime="2020-10-26 15:54:40.473890"></TimeCreated>
<EventRecordID>78</EventRecordID>
<Correlation ActivityID="{5cf0896d-abaa-0000-d8a8-f05caaabd601}" RelatedActivityID=""></Correlation>
<Execution ProcessID="1332" ThreadID="4068"></Execution>
<Channel>Microsoft-Windows-WinRM/Operational</Channel>
<Computer>WIN-PTFPHFCRDJ0</Computer>
<Security UserID="S-1-5-18"></Security>
</System>
<EventData><Data Name="operationName">Enumeration</Data>
</EventData>
</Event>

<Event xmlns="http://schemas.microsoft.com/win/2004/08/events/event"><System><Provider Name="Microsoft-Windows-WinRM" Guid="{a7975c8f-ac13-49f1-87da-5a984a4ab417}"></Provider>
<EventID Qualifiers="">145</EventID>
<Version>0</Version>
<Level>4</Level>
<Task>5</Task>
<Opcode>1</Opcode>
<Keywords>0x4000000000000002</Keywords>
<TimeCreated SystemTime="2020-10-26 15:58:40.014467"></TimeCreated>
<EventRecordID>79</EventRecordID>
<Correlation ActivityID="{5cf0896d-abaa-0000-50b0-f05caaabd601}" RelatedActivityID=""></Correlation>
<Execution ProcessID="1332" ThreadID="876"></Execution>
<Channel>Microsoft-Windows-WinRM/Operational</Channel>
<Computer>WIN-PTFPHFCRDJ0</Computer>
<Security UserID="S-1-5-18"></Security>
</System>
<EventData><Data Name="operationName">Enumeration</Data>
<Data Name="resourceUri">http://schemas.microsoft.com/wbem/wsman/1/config/listener</Data>
</EventData>
</Event>

<Event xmlns="http://schemas.microsoft.com/win/2004/08/events/event"><System><Provider Name="Microsoft-Windows-WinRM" Guid="{a7975c8f-ac13-49f1-87da-5a984a4ab417}"></Provider>
<EventID Qualifiers="">132</EventID>
<Version>0</Version>
<Level>4</Level>
<Task>10</Task>
<Opcode>2</Opcode>
<Keywords>0x4000000000000002</Keywords>
<TimeCreated SystemTime="2020-10-26 15:58:40.021244"></TimeCreated>
<EventRecordID>80</EventRecordID>
<Correlation ActivityID="{5cf0896d-abaa-0000-50b0-f05caaabd601}" RelatedActivityID=""></Correlation>
<Execution ProcessID="1332" ThreadID="3960"></Execution>
<Channel>Microsoft-Windows-WinRM/Operational</Channel>
<Computer>WIN-PTFPHFCRDJ0</Computer>
<Security UserID="S-1-5-18"></Security>
</System>
<EventData><Data Name="operationName">Enumeration</Data>
</EventData>
</Event>

<Event xmlns="http://schemas.microsoft.com/win/2004/08/events/event"><System><Provider Name="Microsoft-Windows-WinRM" Guid="{a7975c8f-ac13-49f1-87da-5a984a4ab417}"></Provider>
<EventID Qualifiers="">145</EventID>
<Version>0</Version>
<Level>4</Level>
<Task>5</Task>
<Opcode>1</Opcode>
<Keywords>0x4000000000000002</Keywords>
<TimeCreated SystemTime="2020-10-26 15:58:40.103865"></TimeCreated>
<EventRecordID>81</EventRecordID>
<Correlation ActivityID="{5cf0896d-abaa-0000-50b0-f05caaabd601}" RelatedActivityID=""></Correlation>
<Execution ProcessID="1332" ThreadID="876"></Execution>
<Channel>Microsoft-Windows-WinRM/Operational</Channel>
<Computer>WIN-PTFPHFCRDJ0</Computer>
<Security UserID="S-1-5-18"></Security>
</System>
<EventData><Data Name="operationName">Enumeration</Data>
<Data Name="resourceUri">http://schemas.microsoft.com/wbem/wsman/1/windows/shell</Data>
</EventData>
</Event>

<Event xmlns="http://schemas.microsoft.com/win/2004/08/events/event"><System><Provider Name="Microsoft-Windows-WinRM" Guid="{a7975c8f-ac13-49f1-87da-5a984a4ab417}"></Provider>
<EventID Qualifiers="">132</EventID>
<Version>0</Version>
<Level>4</Level>
<Task>10</Task>
<Opcode>2</Opcode>
<Keywords>0x4000000000000002</Keywords>
<TimeCreated SystemTime="2020-10-26 15:58:40.114725"></TimeCreated>
<EventRecordID>82</EventRecordID>
<Correlation ActivityID="{5cf0896d-abaa-0000-50b0-f05caaabd601}" RelatedActivityID=""></Correlation>
<Execution ProcessID="1332" ThreadID="300"></Execution>
<Channel>Microsoft-Windows-WinRM/Operational</Channel>
<Computer>WIN-PTFPHFCRDJ0</Computer>
<Security UserID="S-1-5-18"></Security>
</System>
<EventData><Data Name="operationName">Enumeration</Data>
</EventData>
</Event>

<Event xmlns="http://schemas.microsoft.com/win/2004/08/events/event"><System><Provider Name="Microsoft-Windows-WinRM" Guid="{a7975c8f-ac13-49f1-87da-5a984a4ab417}"></Provider>
<EventID Qualifiers="">211</EventID>
<Version>0</Version>
<Level>4</Level>
<Task>11</Task>
<Opcode>0</Opcode>
<Keywords>0x4000000000000004</Keywords>
<TimeCreated SystemTime="2020-10-26 18:32:51.346704"></TimeCreated>
<EventRecordID>83</EventRecordID>
<Correlation ActivityID="{5cf0896d-abaa-0000-c38e-f05caaabd601}" RelatedActivityID=""></Correlation>
<Execution ProcessID="1432" ThreadID="1720"></Execution>
<Channel>Microsoft-Windows-WinRM/Operational</Channel>
<Computer>WIN-PTFPHFCRDJ0</Computer>
<Security UserID="S-1-5-20"></Security>
</System>
<EventData></EventData>
</Event>

<Event xmlns="http://schemas.microsoft.com/win/2004/08/events/event"><System><Provider Name="Microsoft-Windows-WinRM" Guid="{a7975c8f-ac13-49f1-87da-5a984a4ab417}"></Provider>
<EventID Qualifiers="">212</EventID>
<Version>0</Version>
<Level>4</Level>
<Task>11</Task>
<Opcode>2</Opcode>
<Keywords>0x4000000000000004</Keywords>
<TimeCreated SystemTime="2020-10-26 18:32:53.463686"></TimeCreated>
<EventRecordID>84</EventRecordID>
<Correlation ActivityID="{5cf0896d-abaa-0000-c38e-f05caaabd601}" RelatedActivityID=""></Correlation>
<Execution ProcessID="1432" ThreadID="1720"></Execution>
<Channel>Microsoft-Windows-WinRM/Operational</Channel>
<Computer>WIN-PTFPHFCRDJ0</Computer>
<Security UserID="S-1-5-20"></Security>
</System>
<EventData></EventData>
</Event>

<Event xmlns="http://schemas.microsoft.com/win/2004/08/events/event"><System><Provider Name="Microsoft-Windows-WinRM" Guid="{a7975c8f-ac13-49f1-87da-5a984a4ab417}"></Provider>
<EventID Qualifiers="">208</EventID>
<Version>0</Version>
<Level>4</Level>
<Task>11</Task>
<Opcode>1</Opcode>
<Keywords>0x4000000000000004</Keywords>
<TimeCreated SystemTime="2020-10-27 01:58:17.121487"></TimeCreated>
<EventRecordID>85</EventRecordID>
<Correlation ActivityID="" RelatedActivityID=""></Correlation>
<Execution ProcessID="1396" ThreadID="2320"></Execution>
<Channel>Microsoft-Windows-WinRM/Operational</Channel>
<Computer>WIN-PTFPHFCRDJ0</Computer>
<Security UserID="S-1-5-20"></Security>
</System>
<EventData></EventData>
</Event>

<Event xmlns="http://schemas.microsoft.com/win/2004/08/events/event"><System><Provider Name="Microsoft-Windows-WinRM" Guid="{a7975c8f-ac13-49f1-87da-5a984a4ab417}"></Provider>
<EventID Qualifiers="">209</EventID>
<Version>0</Version>
<Level>4</Level>
<Task>11</Task>
<Opcode>0</Opcode>
<Keywords>0x4000000000000004</Keywords>
<TimeCreated SystemTime="2020-10-27 01:58:19.408691"></TimeCreated>
<EventRecordID>86</EventRecordID>
<Correlation ActivityID="{8a6a3ffd-ac04-0000-6745-6a8a04acd601}" RelatedActivityID=""></Correlation>
<Execution ProcessID="1396" ThreadID="2320"></Execution>
<Channel>Microsoft-Windows-WinRM/Operational</Channel>
<Computer>WIN-PTFPHFCRDJ0</Computer>
<Security UserID="S-1-5-20"></Security>
</System>
<EventData></EventData>
</Event>

<Event xmlns="http://schemas.microsoft.com/win/2004/08/events/event"><System><Provider Name="Microsoft-Windows-WinRM" Guid="{a7975c8f-ac13-49f1-87da-5a984a4ab417}"></Provider>
<EventID Qualifiers="">145</EventID>
<Version>0</Version>
<Level>4</Level>
<Task>5</Task>
<Opcode>1</Opcode>
<Keywords>0x4000000000000002</Keywords>
<TimeCreated SystemTime="2020-10-27 01:59:07.830976"></TimeCreated>
<EventRecordID>87</EventRecordID>
<Correlation ActivityID="{8a6a3ffd-ac04-0000-ac47-6a8a04acd601}" RelatedActivityID=""></Correlation>
<Execution ProcessID="1336" ThreadID="3384"></Execution>
<Channel>Microsoft-Windows-WinRM/Operational</Channel>
<Computer>WIN-PTFPHFCRDJ0</Computer>
<Security UserID="S-1-5-18"></Security>
</System>
<EventData><Data Name="operationName">Enumeration</Data>
<Data Name="resourceUri">http://schemas.microsoft.com/wbem/wsman/1/config/listener</Data>
</EventData>
</Event>

<Event xmlns="http://schemas.microsoft.com/win/2004/08/events/event"><System><Provider Name="Microsoft-Windows-WinRM" Guid="{a7975c8f-ac13-49f1-87da-5a984a4ab417}"></Provider>
<EventID Qualifiers="">132</EventID>
<Version>0</Version>
<Level>4</Level>
<Task>10</Task>
<Opcode>2</Opcode>
<Keywords>0x4000000000000002</Keywords>
<TimeCreated SystemTime="2020-10-27 01:59:08.163954"></TimeCreated>
<EventRecordID>88</EventRecordID>
<Correlation ActivityID="{8a6a3ffd-ac04-0000-ac47-6a8a04acd601}" RelatedActivityID=""></Correlation>
<Execution ProcessID="1336" ThreadID="2764"></Execution>
<Channel>Microsoft-Windows-WinRM/Operational</Channel>
<Computer>WIN-PTFPHFCRDJ0</Computer>
<Security UserID="S-1-5-18"></Security>
</System>
<EventData><Data Name="operationName">Enumeration</Data>
</EventData>
</Event>

<Event xmlns="http://schemas.microsoft.com/win/2004/08/events/event"><System><Provider Name="Microsoft-Windows-WinRM" Guid="{a7975c8f-ac13-49f1-87da-5a984a4ab417}"></Provider>
<EventID Qualifiers="">145</EventID>
<Version>0</Version>
<Level>4</Level>
<Task>5</Task>
<Opcode>1</Opcode>
<Keywords>0x4000000000000002</Keywords>
<TimeCreated SystemTime="2020-10-27 01:59:09.654749"></TimeCreated>
<EventRecordID>89</EventRecordID>
<Correlation ActivityID="{8a6a3ffd-ac04-0000-ac47-6a8a04acd601}" RelatedActivityID=""></Correlation>
<Execution ProcessID="1336" ThreadID="3384"></Execution>
<Channel>Microsoft-Windows-WinRM/Operational</Channel>
<Computer>WIN-PTFPHFCRDJ0</Computer>
<Security UserID="S-1-5-18"></Security>
</System>
<EventData><Data Name="operationName">Enumeration</Data>
<Data Name="resourceUri">http://schemas.microsoft.com/wbem/wsman/1/windows/shell</Data>
</EventData>
</Event>

<Event xmlns="http://schemas.microsoft.com/win/2004/08/events/event"><System><Provider Name="Microsoft-Windows-WinRM" Guid="{a7975c8f-ac13-49f1-87da-5a984a4ab417}"></Provider>
<EventID Qualifiers="">132</EventID>
<Version>0</Version>
<Level>4</Level>
<Task>10</Task>
<Opcode>2</Opcode>
<Keywords>0x4000000000000002</Keywords>
<TimeCreated SystemTime="2020-10-27 01:59:09.691042"></TimeCreated>
<EventRecordID>90</EventRecordID>
<Correlation ActivityID="{8a6a3ffd-ac04-0000-ac47-6a8a04acd601}" RelatedActivityID=""></Correlation>
<Execution ProcessID="1336" ThreadID="3528"></Execution>
<Channel>Microsoft-Windows-WinRM/Operational</Channel>
<Computer>WIN-PTFPHFCRDJ0</Computer>
<Security UserID="S-1-5-18"></Security>
</System>
<EventData><Data Name="operationName">Enumeration</Data>
</EventData>
</Event>

<Event xmlns="http://schemas.microsoft.com/win/2004/08/events/event"><System><Provider Name="Microsoft-Windows-WinRM" Guid="{a7975c8f-ac13-49f1-87da-5a984a4ab417}"></Provider>
<EventID Qualifiers="">145</EventID>
<Version>0</Version>
<Level>4</Level>
<Task>5</Task>
<Opcode>1</Opcode>
<Keywords>0x4000000000000002</Keywords>
<TimeCreated SystemTime="2020-10-27 02:39:05.380083"></TimeCreated>
<EventRecordID>91</EventRecordID>
<Correlation ActivityID="{8a6a3ffd-ac04-0000-946c-6a8a04acd601}" RelatedActivityID=""></Correlation>
<Execution ProcessID="1336" ThreadID="4380"></Execution>
<Channel>Microsoft-Windows-WinRM/Operational</Channel>
<Computer>WIN-PTFPHFCRDJ0</Computer>
<Security UserID="S-1-5-18"></Security>
</System>
<EventData><Data Name="operationName">Enumeration</Data>
<Data Name="resourceUri">http://schemas.microsoft.com/wbem/wsman/1/config/listener</Data>
</EventData>
</Event>

<Event xmlns="http://schemas.microsoft.com/win/2004/08/events/event"><System><Provider Name="Microsoft-Windows-WinRM" Guid="{a7975c8f-ac13-49f1-87da-5a984a4ab417}"></Provider>
<EventID Qualifiers="">132</EventID>
<Version>0</Version>
<Level>4</Level>
<Task>10</Task>
<Opcode>2</Opcode>
<Keywords>0x4000000000000002</Keywords>
<TimeCreated SystemTime="2020-10-27 02:39:05.397770"></TimeCreated>
<EventRecordID>92</EventRecordID>
<Correlation ActivityID="{8a6a3ffd-ac04-0000-946c-6a8a04acd601}" RelatedActivityID=""></Correlation>
<Execution ProcessID="1336" ThreadID="3572"></Execution>
<Channel>Microsoft-Windows-WinRM/Operational</Channel>
<Computer>WIN-PTFPHFCRDJ0</Computer>
<Security UserID="S-1-5-18"></Security>
</System>
<EventData><Data Name="operationName">Enumeration</Data>
</EventData>
</Event>

<Event xmlns="http://schemas.microsoft.com/win/2004/08/events/event"><System><Provider Name="Microsoft-Windows-WinRM" Guid="{a7975c8f-ac13-49f1-87da-5a984a4ab417}"></Provider>
<EventID Qualifiers="">145</EventID>
<Version>0</Version>
<Level>4</Level>
<Task>5</Task>
<Opcode>1</Opcode>
<Keywords>0x4000000000000002</Keywords>
<TimeCreated SystemTime="2020-10-27 02:39:05.511711"></TimeCreated>
<EventRecordID>93</EventRecordID>
<Correlation ActivityID="{8a6a3ffd-ac04-0000-946c-6a8a04acd601}" RelatedActivityID=""></Correlation>
<Execution ProcessID="1336" ThreadID="4380"></Execution>
<Channel>Microsoft-Windows-WinRM/Operational</Channel>
<Computer>WIN-PTFPHFCRDJ0</Computer>
<Security UserID="S-1-5-18"></Security>
</System>
<EventData><Data Name="operationName">Enumeration</Data>
<Data Name="resourceUri">http://schemas.microsoft.com/wbem/wsman/1/windows/shell</Data>
</EventData>
</Event>

<Event xmlns="http://schemas.microsoft.com/win/2004/08/events/event"><System><Provider Name="Microsoft-Windows-WinRM" Guid="{a7975c8f-ac13-49f1-87da-5a984a4ab417}"></Provider>
<EventID Qualifiers="">132</EventID>
<Version>0</Version>
<Level>4</Level>
<Task>10</Task>
<Opcode>2</Opcode>
<Keywords>0x4000000000000002</Keywords>
<TimeCreated SystemTime="2020-10-27 02:39:05.516733"></TimeCreated>
<EventRecordID>94</EventRecordID>
<Correlation ActivityID="{8a6a3ffd-ac04-0000-946c-6a8a04acd601}" RelatedActivityID=""></Correlation>
<Execution ProcessID="1336" ThreadID="2752"></Execution>
<Channel>Microsoft-Windows-WinRM/Operational</Channel>
<Computer>WIN-PTFPHFCRDJ0</Computer>
<Security UserID="S-1-5-18"></Security>
</System>
<EventData><Data Name="operationName">Enumeration</Data>
</EventData>
</Event>

</Events>
