<Event xmlns="http://schemas.microsoft.com/win/2004/08/events/event"><System><Provider Name="Microsoft-Windows-AppModel-Runtime" Guid="{f1ef270a-0d32-4352-ba52-dbab41e1d859}"></Provider>
<EventID Qualifiers="">70</EventID>
<Version>0</Version>
<Level>4</Level>
<Task>0</Task>
<Opcode>0</Opcode>
<Keywords>0x2000000000000001</Keywords>
<TimeCreated SystemTime="2020-10-22 20:58:20.817076"></TimeCreated>
<EventRecordID>101</EventRecordID>
<Correlation ActivityID="{eae887f7-a8b5-0000-cfb1-e8eab5a8d601}" RelatedActivityID=""></Correlation>
<Execution ProcessID="2944" ThreadID="3888"></Execution>
<Channel>Microsoft-Windows-AppModel-Runtime/Admin</Channel>
<Computer>WIN-PTFPHFCRDJ0</Computer>
<Security UserID="S-1-5-18"></Security>
</System>
<EventData><Data Name="PackageFullName">Microsoft.BioEnrollment_10.0.17763.1_neutral__cw5n1h2txyewy</Data>
<Data Name="User">S-1-5-21-1152959844-3645458174-3779170896-1000</Data>
<Data Name="DesiredStatus">2048</Data>
<Data Name="CurrentStatus">2080</Data>
</EventData>
</Event>

<Event xmlns="http://schemas.microsoft.com/win/2004/08/events/event"><System><Provider Name="Microsoft-Windows-AppModel-Runtime" Guid="{f1ef270a-0d32-4352-ba52-dbab41e1d859}"></Provider>
<EventID Qualifiers="">70</EventID>
<Version>0</Version>
<Level>4</Level>
<Task>0</Task>
<Opcode>0</Opcode>
<Keywords>0x2000000000000001</Keywords>
<TimeCreated SystemTime="2020-10-22 20:58:20.819695"></TimeCreated>
<EventRecordID>102</EventRecordID>
<Correlation ActivityID="{eae887f7-a8b5-0000-cfb1-e8eab5a8d601}" RelatedActivityID=""></Correlation>
<Execution ProcessID="2944" ThreadID="3888"></Execution>
<Channel>Microsoft-Windows-AppModel-Runtime/Admin</Channel>
<Computer>WIN-PTFPHFCRDJ0</Computer>
<Security UserID="S-1-5-18"></Security>
</System>
<EventData><Data Name="PackageFullName">Microsoft.BioEnrollment_10.0.17763.1_neutral__cw5n1h2txyewy</Data>
<Data Name="User">S-1-5-21-1152959844-3645458174-3779170896-1000</Data>
<Data Name="DesiredStatus">0</Data>
<Data Name="CurrentStatus">2048</Data>
</EventData>
</Event>

<Event xmlns="http://schemas.microsoft.com/win/2004/08/events/event"><System><Provider Name="Microsoft-Windows-AppModel-Runtime" Guid="{f1ef270a-0d32-4352-ba52-dbab41e1d859}"></Provider>
<EventID Qualifiers="">70</EventID>
<Version>0</Version>
<Level>4</Level>
<Task>0</Task>
<Opcode>0</Opcode>
<Keywords>0x2000000000000001</Keywords>
<TimeCreated SystemTime="2020-10-22 20:58:21.146538"></TimeCreated>
<EventRecordID>103</EventRecordID>
<Correlation ActivityID="{eae887f7-a8b5-0000-74b2-e8eab5a8d601}" RelatedActivityID=""></Correlation>
<Execution ProcessID="2944" ThreadID="3804"></Execution>
<Channel>Microsoft-Windows-AppModel-Runtime/Admin</Channel>
<Computer>WIN-PTFPHFCRDJ0</Computer>
<Security UserID="S-1-5-18"></Security>
</System>
<EventData><Data Name="PackageFullName">Microsoft.AsyncTextService_10.0.17763.1_neutral__8wekyb3d8bbwe</Data>
<Data Name="User">S-1-5-21-1152959844-3645458174-3779170896-1000</Data>
<Data Name="DesiredStatus">2080</Data>
<Data Name="CurrentStatus">2048</Data>
</EventData>
</Event>

<Event xmlns="http://schemas.microsoft.com/win/2004/08/events/event"><System><Provider Name="Microsoft-Windows-AppModel-Runtime" Guid="{f1ef270a-0d32-4352-ba52-dbab41e1d859}"></Provider>
<EventID Qualifiers="">39</EventID>
<Version>0</Version>
<Level>4</Level>
<Task>0</Task>
<Opcode>0</Opcode>
<Keywords>0x2000000000000002</Keywords>
<TimeCreated SystemTime="2020-10-22 20:58:21.251871"></TimeCreated>
<EventRecordID>104</EventRecordID>
<Correlation ActivityID="{eae887f7-a8b5-0000-74b2-e8eab5a8d601}" RelatedActivityID=""></Correlation>
<Execution ProcessID="2944" ThreadID="3804"></Execution>
<Channel>Microsoft-Windows-AppModel-Runtime/Admin</Channel>
<Computer>WIN-PTFPHFCRDJ0</Computer>
<Security UserID="S-1-5-21-1152959844-3645458174-3779170896-1000"></Security>
</System>
<EventData><Data Name="AppContainerName">Microsoft.AsyncTextService_8wekyb3d8bbwe</Data>
</EventData>
</Event>

<Event xmlns="http://schemas.microsoft.com/win/2004/08/events/event"><System><Provider Name="Microsoft-Windows-AppModel-Runtime" Guid="{f1ef270a-0d32-4352-ba52-dbab41e1d859}"></Provider>
<EventID Qualifiers="">70</EventID>
<Version>0</Version>
<Level>4</Level>
<Task>0</Task>
<Opcode>0</Opcode>
<Keywords>0x2000000000000001</Keywords>
<TimeCreated SystemTime="2020-10-22 20:58:21.336706"></TimeCreated>
<EventRecordID>105</EventRecordID>
<Correlation ActivityID="{eae887f7-a8b5-0000-74b2-e8eab5a8d601}" RelatedActivityID=""></Correlation>
<Execution ProcessID="2944" ThreadID="3804"></Execution>
<Channel>Microsoft-Windows-AppModel-Runtime/Admin</Channel>
<Computer>WIN-PTFPHFCRDJ0</Computer>
<Security UserID="S-1-5-18"></Security>
</System>
<EventData><Data Name="PackageFullName">Microsoft.AsyncTextService_10.0.17763.1_neutral__8wekyb3d8bbwe</Data>
<Data Name="User">S-1-5-21-1152959844-3645458174-3779170896-1000</Data>
<Data Name="DesiredStatus">2048</Data>
<Data Name="CurrentStatus">2080</Data>
</EventData>
</Event>

<Event xmlns="http://schemas.microsoft.com/win/2004/08/events/event"><System><Provider Name="Microsoft-Windows-AppModel-Runtime" Guid="{f1ef270a-0d32-4352-ba52-dbab41e1d859}"></Provider>
<EventID Qualifiers="">70</EventID>
<Version>0</Version>
<Level>4</Level>
<Task>0</Task>
<Opcode>0</Opcode>
<Keywords>0x2000000000000001</Keywords>
<TimeCreated SystemTime="2020-10-22 20:58:21.338873"></TimeCreated>
<EventRecordID>106</EventRecordID>
<Correlation ActivityID="{eae887f7-a8b5-0000-74b2-e8eab5a8d601}" RelatedActivityID=""></Correlation>
<Execution ProcessID="2944" ThreadID="3804"></Execution>
<Channel>Microsoft-Windows-AppModel-Runtime/Admin</Channel>
<Computer>WIN-PTFPHFCRDJ0</Computer>
<Security UserID="S-1-5-18"></Security>
</System>
<EventData><Data Name="PackageFullName">Microsoft.AsyncTextService_10.0.17763.1_neutral__8wekyb3d8bbwe</Data>
<Data Name="User">S-1-5-21-1152959844-3645458174-3779170896-1000</Data>
<Data Name="DesiredStatus">0</Data>
<Data Name="CurrentStatus">2048</Data>
</EventData>
</Event>

<Event xmlns="http://schemas.microsoft.com/win/2004/08/events/event"><System><Provider Name="Microsoft-Windows-AppModel-Runtime" Guid="{f1ef270a-0d32-4352-ba52-dbab41e1d859}"></Provider>
<EventID Qualifiers="">70</EventID>
<Version>0</Version>
<Level>4</Level>
<Task>0</Task>
<Opcode>0</Opcode>
<Keywords>0x2000000000000001</Keywords>
<TimeCreated SystemTime="2020-10-22 20:58:21.592314"></TimeCreated>
<EventRecordID>107</EventRecordID>
<Correlation ActivityID="{eae887f7-a8b5-0000-1cb3-e8eab5a8d601}" RelatedActivityID=""></Correlation>
<Execution ProcessID="2944" ThreadID="3804"></Execution>
<Channel>Microsoft-Windows-AppModel-Runtime/Admin</Channel>
<Computer>WIN-PTFPHFCRDJ0</Computer>
<Security UserID="S-1-5-18"></Security>
</System>
<EventData><Data Name="PackageFullName">Microsoft.AccountsControl_10.0.17763.1_neutral__cw5n1h2txyewy</Data>
<Data Name="User">S-1-5-21-1152959844-3645458174-3779170896-1000</Data>
<Data Name="DesiredStatus">2080</Data>
<Data Name="CurrentStatus">2048</Data>
</EventData>
</Event>

<Event xmlns="http://schemas.microsoft.com/win/2004/08/events/event"><System><Provider Name="Microsoft-Windows-AppModel-Runtime" Guid="{f1ef270a-0d32-4352-ba52-dbab41e1d859}"></Provider>
<EventID Qualifiers="">39</EventID>
<Version>0</Version>
<Level>4</Level>
<Task>0</Task>
<Opcode>0</Opcode>
<Keywords>0x2000000000000002</Keywords>
<TimeCreated SystemTime="2020-10-22 20:58:21.700294"></TimeCreated>
<EventRecordID>108</EventRecordID>
<Correlation ActivityID="{eae887f7-a8b5-0000-1cb3-e8eab5a8d601}" RelatedActivityID=""></Correlation>
<Execution ProcessID="2944" ThreadID="3804"></Execution>
<Channel>Microsoft-Windows-AppModel-Runtime/Admin</Channel>
<Computer>WIN-PTFPHFCRDJ0</Computer>
<Security UserID="S-1-5-21-1152959844-3645458174-3779170896-1000"></Security>
</System>
<EventData><Data Name="AppContainerName">Microsoft.AccountsControl_cw5n1h2txyewy</Data>
</EventData>
</Event>

<Event xmlns="http://schemas.microsoft.com/win/2004/08/events/event"><System><Provider Name="Microsoft-Windows-AppModel-Runtime" Guid="{f1ef270a-0d32-4352-ba52-dbab41e1d859}"></Provider>
<EventID Qualifiers="">70</EventID>
<Version>0</Version>
<Level>4</Level>
<Task>0</Task>
<Opcode>0</Opcode>
<Keywords>0x2000000000000001</Keywords>
<TimeCreated SystemTime="2020-10-22 20:58:21.837597"></TimeCreated>
<EventRecordID>109</EventRecordID>
<Correlation ActivityID="{eae887f7-a8b5-0000-1cb3-e8eab5a8d601}" RelatedActivityID=""></Correlation>
<Execution ProcessID="2944" ThreadID="3804"></Execution>
<Channel>Microsoft-Windows-AppModel-Runtime/Admin</Channel>
<Computer>WIN-PTFPHFCRDJ0</Computer>
<Security UserID="S-1-5-18"></Security>
</System>
<EventData><Data Name="PackageFullName">Microsoft.AccountsControl_10.0.17763.1_neutral__cw5n1h2txyewy</Data>
<Data Name="User">S-1-5-21-1152959844-3645458174-3779170896-1000</Data>
<Data Name="DesiredStatus">2048</Data>
<Data Name="CurrentStatus">2080</Data>
</EventData>
</Event>

<Event xmlns="http://schemas.microsoft.com/win/2004/08/events/event"><System><Provider Name="Microsoft-Windows-AppModel-Runtime" Guid="{f1ef270a-0d32-4352-ba52-dbab41e1d859}"></Provider>
<EventID Qualifiers="">70</EventID>
<Version>0</Version>
<Level>4</Level>
<Task>0</Task>
<Opcode>0</Opcode>
<Keywords>0x2000000000000001</Keywords>
<TimeCreated SystemTime="2020-10-22 20:58:21.839891"></TimeCreated>
<EventRecordID>110</EventRecordID>
<Correlation ActivityID="{eae887f7-a8b5-0000-1cb3-e8eab5a8d601}" RelatedActivityID=""></Correlation>
<Execution ProcessID="2944" ThreadID="3804"></Execution>
<Channel>Microsoft-Windows-AppModel-Runtime/Admin</Channel>
<Computer>WIN-PTFPHFCRDJ0</Computer>
<Security UserID="S-1-5-18"></Security>
</System>
<EventData><Data Name="PackageFullName">Microsoft.AccountsControl_10.0.17763.1_neutral__cw5n1h2txyewy</Data>
<Data Name="User">S-1-5-21-1152959844-3645458174-3779170896-1000</Data>
<Data Name="DesiredStatus">0</Data>
<Data Name="CurrentStatus">2048</Data>
</EventData>
</Event>

<Event xmlns="http://schemas.microsoft.com/win/2004/08/events/event"><System><Provider Name="Microsoft-Windows-AppModel-Runtime" Guid="{f1ef270a-0d32-4352-ba52-dbab41e1d859}"></Provider>
<EventID Qualifiers="">70</EventID>
<Version>0</Version>
<Level>4</Level>
<Task>0</Task>
<Opcode>0</Opcode>
<Keywords>0x2000000000000001</Keywords>
<TimeCreated SystemTime="2020-10-22 20:58:22.112013"></TimeCreated>
<EventRecordID>111</EventRecordID>
<Correlation ActivityID="{eae887f7-a8b5-0000-a7b3-e8eab5a8d601}" RelatedActivityID=""></Correlation>
<Execution ProcessID="2944" ThreadID="3804"></Execution>
<Channel>Microsoft-Windows-AppModel-Runtime/Admin</Channel>
<Computer>WIN-PTFPHFCRDJ0</Computer>
<Security UserID="S-1-5-18"></Security>
</System>
<EventData><Data Name="PackageFullName">InputApp_1000.17763.1.0_neutral_neutral_cw5n1h2txyewy</Data>
<Data Name="User">S-1-5-21-1152959844-3645458174-3779170896-1000</Data>
<Data Name="DesiredStatus">2080</Data>
<Data Name="CurrentStatus">2048</Data>
</EventData>
</Event>

<Event xmlns="http://schemas.microsoft.com/win/2004/08/events/event"><System><Provider Name="Microsoft-Windows-AppModel-Runtime" Guid="{f1ef270a-0d32-4352-ba52-dbab41e1d859}"></Provider>
<EventID Qualifiers="">39</EventID>
<Version>0</Version>
<Level>4</Level>
<Task>0</Task>
<Opcode>0</Opcode>
<Keywords>0x2000000000000002</Keywords>
<TimeCreated SystemTime="2020-10-22 20:58:22.170223"></TimeCreated>
<EventRecordID>112</EventRecordID>
<Correlation ActivityID="{eae887f7-a8b5-0000-a7b3-e8eab5a8d601}" RelatedActivityID=""></Correlation>
<Execution ProcessID="2944" ThreadID="3804"></Execution>
<Channel>Microsoft-Windows-AppModel-Runtime/Admin</Channel>
<Computer>WIN-PTFPHFCRDJ0</Computer>
<Security UserID="S-1-5-21-1152959844-3645458174-3779170896-1000"></Security>
</System>
<EventData><Data Name="AppContainerName">InputApp_cw5n1h2txyewy</Data>
</EventData>
</Event>

<Event xmlns="http://schemas.microsoft.com/win/2004/08/events/event"><System><Provider Name="Microsoft-Windows-AppModel-Runtime" Guid="{f1ef270a-0d32-4352-ba52-dbab41e1d859}"></Provider>
<EventID Qualifiers="">70</EventID>
<Version>0</Version>
<Level>4</Level>
<Task>0</Task>
<Opcode>0</Opcode>
<Keywords>0x2000000000000001</Keywords>
<TimeCreated SystemTime="2020-10-22 20:58:22.384914"></TimeCreated>
<EventRecordID>113</EventRecordID>
<Correlation ActivityID="{eae887f7-a8b5-0000-a7b3-e8eab5a8d601}" RelatedActivityID=""></Correlation>
<Execution ProcessID="2944" ThreadID="3804"></Execution>
<Channel>Microsoft-Windows-AppModel-Runtime/Admin</Channel>
<Computer>WIN-PTFPHFCRDJ0</Computer>
<Security UserID="S-1-5-18"></Security>
</System>
<EventData><Data Name="PackageFullName">InputApp_1000.17763.1.0_neutral_neutral_cw5n1h2txyewy</Data>
<Data Name="User">S-1-5-21-1152959844-3645458174-3779170896-1000</Data>
<Data Name="DesiredStatus">2048</Data>
<Data Name="CurrentStatus">2080</Data>
</EventData>
</Event>

<Event xmlns="http://schemas.microsoft.com/win/2004/08/events/event"><System><Provider Name="Microsoft-Windows-AppModel-Runtime" Guid="{f1ef270a-0d32-4352-ba52-dbab41e1d859}"></Provider>
<EventID Qualifiers="">70</EventID>
<Version>0</Version>
<Level>4</Level>
<Task>0</Task>
<Opcode>0</Opcode>
<Keywords>0x2000000000000001</Keywords>
<TimeCreated SystemTime="2020-10-22 20:58:22.387075"></TimeCreated>
<EventRecordID>114</EventRecordID>
<Correlation ActivityID="{eae887f7-a8b5-0000-a7b3-e8eab5a8d601}" RelatedActivityID=""></Correlation>
<Execution ProcessID="2944" ThreadID="3804"></Execution>
<Channel>Microsoft-Windows-AppModel-Runtime/Admin</Channel>
<Computer>WIN-PTFPHFCRDJ0</Computer>
<Security UserID="S-1-5-18"></Security>
</System>
<EventData><Data Name="PackageFullName">InputApp_1000.17763.1.0_neutral_neutral_cw5n1h2txyewy</Data>
<Data Name="User">S-1-5-21-1152959844-3645458174-3779170896-1000</Data>
<Data Name="DesiredStatus">0</Data>
<Data Name="CurrentStatus">2048</Data>
</EventData>
</Event>

<Event xmlns="http://schemas.microsoft.com/win/2004/08/events/event"><System><Provider Name="Microsoft-Windows-AppModel-Runtime" Guid="{f1ef270a-0d32-4352-ba52-dbab41e1d859}"></Provider>
<EventID Qualifiers="">70</EventID>
<Version>0</Version>
<Level>4</Level>
<Task>0</Task>
<Opcode>0</Opcode>
<Keywords>0x2000000000000001</Keywords>
<TimeCreated SystemTime="2020-10-22 20:58:22.629469"></TimeCreated>
<EventRecordID>115</EventRecordID>
<Correlation ActivityID="{eae887f7-a8b5-0000-30b4-e8eab5a8d601}" RelatedActivityID=""></Correlation>
<Execution ProcessID="2944" ThreadID="3804"></Execution>
<Channel>Microsoft-Windows-AppModel-Runtime/Admin</Channel>
<Computer>WIN-PTFPHFCRDJ0</Computer>
<Security UserID="S-1-5-18"></Security>
</System>
<EventData><Data Name="PackageFullName">F46D4000-FD22-4DB4-AC8E-4E1DDDE828FE_10.0.17763.1_neutral_neutral_cw5n1h2txyewy</Data>
<Data Name="User">S-1-5-21-1152959844-3645458174-3779170896-1000</Data>
<Data Name="DesiredStatus">2080</Data>
<Data Name="CurrentStatus">2048</Data>
</EventData>
</Event>

<Event xmlns="http://schemas.microsoft.com/win/2004/08/events/event"><System><Provider Name="Microsoft-Windows-AppModel-Runtime" Guid="{f1ef270a-0d32-4352-ba52-dbab41e1d859}"></Provider>
<EventID Qualifiers="">39</EventID>
<Version>0</Version>
<Level>4</Level>
<Task>0</Task>
<Opcode>0</Opcode>
<Keywords>0x2000000000000002</Keywords>
<TimeCreated SystemTime="2020-10-22 20:58:22.686064"></TimeCreated>
<EventRecordID>116</EventRecordID>
<Correlation ActivityID="{eae887f7-a8b5-0000-30b4-e8eab5a8d601}" RelatedActivityID=""></Correlation>
<Execution ProcessID="2944" ThreadID="3804"></Execution>
<Channel>Microsoft-Windows-AppModel-Runtime/Admin</Channel>
<Computer>WIN-PTFPHFCRDJ0</Computer>
<Security UserID="S-1-5-21-1152959844-3645458174-3779170896-1000"></Security>
</System>
<EventData><Data Name="AppContainerName">F46D4000-FD22-4DB4-AC8E-4E1DDDE828FE_cw5n1h2txyewy</Data>
</EventData>
</Event>

<Event xmlns="http://schemas.microsoft.com/win/2004/08/events/event"><System><Provider Name="Microsoft-Windows-AppModel-Runtime" Guid="{f1ef270a-0d32-4352-ba52-dbab41e1d859}"></Provider>
<EventID Qualifiers="">70</EventID>
<Version>0</Version>
<Level>4</Level>
<Task>0</Task>
<Opcode>0</Opcode>
<Keywords>0x2000000000000001</Keywords>
<TimeCreated SystemTime="2020-10-22 20:58:22.775284"></TimeCreated>
<EventRecordID>117</EventRecordID>
<Correlation ActivityID="{eae887f7-a8b5-0000-30b4-e8eab5a8d601}" RelatedActivityID=""></Correlation>
<Execution ProcessID="2944" ThreadID="3804"></Execution>
<Channel>Microsoft-Windows-AppModel-Runtime/Admin</Channel>
<Computer>WIN-PTFPHFCRDJ0</Computer>
<Security UserID="S-1-5-18"></Security>
</System>
<EventData><Data Name="PackageFullName">F46D4000-FD22-4DB4-AC8E-4E1DDDE828FE_10.0.17763.1_neutral_neutral_cw5n1h2txyewy</Data>
<Data Name="User">S-1-5-21-1152959844-3645458174-3779170896-1000</Data>
<Data Name="DesiredStatus">2048</Data>
<Data Name="CurrentStatus">2080</Data>
</EventData>
</Event>

<Event xmlns="http://schemas.microsoft.com/win/2004/08/events/event"><System><Provider Name="Microsoft-Windows-AppModel-Runtime" Guid="{f1ef270a-0d32-4352-ba52-dbab41e1d859}"></Provider>
<EventID Qualifiers="">70</EventID>
<Version>0</Version>
<Level>4</Level>
<Task>0</Task>
<Opcode>0</Opcode>
<Keywords>0x2000000000000001</Keywords>
<TimeCreated SystemTime="2020-10-22 20:58:22.777498"></TimeCreated>
<EventRecordID>118</EventRecordID>
<Correlation ActivityID="{eae887f7-a8b5-0000-30b4-e8eab5a8d601}" RelatedActivityID=""></Correlation>
<Execution ProcessID="2944" ThreadID="3804"></Execution>
<Channel>Microsoft-Windows-AppModel-Runtime/Admin</Channel>
<Computer>WIN-PTFPHFCRDJ0</Computer>
<Security UserID="S-1-5-18"></Security>
</System>
<EventData><Data Name="PackageFullName">F46D4000-FD22-4DB4-AC8E-4E1DDDE828FE_10.0.17763.1_neutral_neutral_cw5n1h2txyewy</Data>
<Data Name="User">S-1-5-21-1152959844-3645458174-3779170896-1000</Data>
<Data Name="DesiredStatus">0</Data>
<Data Name="CurrentStatus">2048</Data>
</EventData>
</Event>

<Event xmlns="http://schemas.microsoft.com/win/2004/08/events/event"><System><Provider Name="Microsoft-Windows-AppModel-Runtime" Guid="{f1ef270a-0d32-4352-ba52-dbab41e1d859}"></Provider>
<EventID Qualifiers="">70</EventID>
<Version>0</Version>
<Level>4</Level>
<Task>0</Task>
<Opcode>0</Opcode>
<Keywords>0x2000000000000001</Keywords>
<TimeCreated SystemTime="2020-10-22 20:58:23.262859"></TimeCreated>
<EventRecordID>119</EventRecordID>
<Correlation ActivityID="{eae887f7-a8b5-0000-8eb4-e8eab5a8d601}" RelatedActivityID=""></Correlation>
<Execution ProcessID="2944" ThreadID="3804"></Execution>
<Channel>Microsoft-Windows-AppModel-Runtime/Admin</Channel>
<Computer>WIN-PTFPHFCRDJ0</Computer>
<Security UserID="S-1-5-18"></Security>
</System>
<EventData><Data Name="PackageFullName">E2A4F912-2574-4A75-9BB0-0D023378592B_10.0.17763.1_neutral_neutral_cw5n1h2txyewy</Data>
<Data Name="User">S-1-5-21-1152959844-3645458174-3779170896-1000</Data>
<Data Name="DesiredStatus">2080</Data>
<Data Name="CurrentStatus">2048</Data>
</EventData>
</Event>

<Event xmlns="http://schemas.microsoft.com/win/2004/08/events/event"><System><Provider Name="Microsoft-Windows-AppModel-Runtime" Guid="{f1ef270a-0d32-4352-ba52-dbab41e1d859}"></Provider>
<EventID Qualifiers="">39</EventID>
<Version>0</Version>
<Level>4</Level>
<Task>0</Task>
<Opcode>0</Opcode>
<Keywords>0x2000000000000002</Keywords>
<TimeCreated SystemTime="2020-10-22 20:58:23.309774"></TimeCreated>
<EventRecordID>120</EventRecordID>
<Correlation ActivityID="{eae887f7-a8b5-0000-8eb4-e8eab5a8d601}" RelatedActivityID=""></Correlation>
<Execution ProcessID="2944" ThreadID="3804"></Execution>
<Channel>Microsoft-Windows-AppModel-Runtime/Admin</Channel>
<Computer>WIN-PTFPHFCRDJ0</Computer>
<Security UserID="S-1-5-21-1152959844-3645458174-3779170896-1000"></Security>
</System>
<EventData><Data Name="AppContainerName">E2A4F912-2574-4A75-9BB0-0D023378592B_cw5n1h2txyewy</Data>
</EventData>
</Event>

<Event xmlns="http://schemas.microsoft.com/win/2004/08/events/event"><System><Provider Name="Microsoft-Windows-AppModel-Runtime" Guid="{f1ef270a-0d32-4352-ba52-dbab41e1d859}"></Provider>
<EventID Qualifiers="">70</EventID>
<Version>0</Version>
<Level>4</Level>
<Task>0</Task>
<Opcode>0</Opcode>
<Keywords>0x2000000000000001</Keywords>
<TimeCreated SystemTime="2020-10-22 20:58:23.383602"></TimeCreated>
<EventRecordID>121</EventRecordID>
<Correlation ActivityID="{eae887f7-a8b5-0000-8eb4-e8eab5a8d601}" RelatedActivityID=""></Correlation>
<Execution ProcessID="2944" ThreadID="3804"></Execution>
<Channel>Microsoft-Windows-AppModel-Runtime/Admin</Channel>
<Computer>WIN-PTFPHFCRDJ0</Computer>
<Security UserID="S-1-5-18"></Security>
</System>
<EventData><Data Name="PackageFullName">E2A4F912-2574-4A75-9BB0-0D023378592B_10.0.17763.1_neutral_neutral_cw5n1h2txyewy</Data>
<Data Name="User">S-1-5-21-1152959844-3645458174-3779170896-1000</Data>
<Data Name="DesiredStatus">2048</Data>
<Data Name="CurrentStatus">2080</Data>
</EventData>
</Event>

<Event xmlns="http://schemas.microsoft.com/win/2004/08/events/event"><System><Provider Name="Microsoft-Windows-AppModel-Runtime" Guid="{f1ef270a-0d32-4352-ba52-dbab41e1d859}"></Provider>
<EventID Qualifiers="">70</EventID>
<Version>0</Version>
<Level>4</Level>
<Task>0</Task>
<Opcode>0</Opcode>
<Keywords>0x2000000000000001</Keywords>
<TimeCreated SystemTime="2020-10-22 20:58:23.385853"></TimeCreated>
<EventRecordID>122</EventRecordID>
<Correlation ActivityID="{eae887f7-a8b5-0000-8eb4-e8eab5a8d601}" RelatedActivityID=""></Correlation>
<Execution ProcessID="2944" ThreadID="3804"></Execution>
<Channel>Microsoft-Windows-AppModel-Runtime/Admin</Channel>
<Computer>WIN-PTFPHFCRDJ0</Computer>
<Security UserID="S-1-5-18"></Security>
</System>
<EventData><Data Name="PackageFullName">E2A4F912-2574-4A75-9BB0-0D023378592B_10.0.17763.1_neutral_neutral_cw5n1h2txyewy</Data>
<Data Name="User">S-1-5-21-1152959844-3645458174-3779170896-1000</Data>
<Data Name="DesiredStatus">0</Data>
<Data Name="CurrentStatus">2048</Data>
</EventData>
</Event>

<Event xmlns="http://schemas.microsoft.com/win/2004/08/events/event"><System><Provider Name="Microsoft-Windows-AppModel-Runtime" Guid="{f1ef270a-0d32-4352-ba52-dbab41e1d859}"></Provider>
<EventID Qualifiers="">70</EventID>
<Version>0</Version>
<Level>4</Level>
<Task>0</Task>
<Opcode>0</Opcode>
<Keywords>0x2000000000000001</Keywords>
<TimeCreated SystemTime="2020-10-22 20:58:23.889946"></TimeCreated>
<EventRecordID>123</EventRecordID>
<Correlation ActivityID="{eae887f7-a8b5-0000-09b5-e8eab5a8d601}" RelatedActivityID=""></Correlation>
<Execution ProcessID="2944" ThreadID="3804"></Execution>
<Channel>Microsoft-Windows-AppModel-Runtime/Admin</Channel>
<Computer>WIN-PTFPHFCRDJ0</Computer>
<Security UserID="S-1-5-18"></Security>
</System>
<EventData><Data Name="PackageFullName">c5e2524a-ea46-4f67-841f-6a9465d9d515_10.0.17763.1_neutral_neutral_cw5n1h2txyewy</Data>
<Data Name="User">S-1-5-21-1152959844-3645458174-3779170896-1000</Data>
<Data Name="DesiredStatus">2080</Data>
<Data Name="CurrentStatus">2048</Data>
</EventData>
</Event>

<Event xmlns="http://schemas.microsoft.com/win/2004/08/events/event"><System><Provider Name="Microsoft-Windows-AppModel-Runtime" Guid="{f1ef270a-0d32-4352-ba52-dbab41e1d859}"></Provider>
<EventID Qualifiers="">39</EventID>
<Version>0</Version>
<Level>4</Level>
<Task>0</Task>
<Opcode>0</Opcode>
<Keywords>0x2000000000000002</Keywords>
<TimeCreated SystemTime="2020-10-22 20:58:24.004662"></TimeCreated>
<EventRecordID>124</EventRecordID>
<Correlation ActivityID="{eae887f7-a8b5-0000-09b5-e8eab5a8d601}" RelatedActivityID=""></Correlation>
<Execution ProcessID="2944" ThreadID="3804"></Execution>
<Channel>Microsoft-Windows-AppModel-Runtime/Admin</Channel>
<Computer>WIN-PTFPHFCRDJ0</Computer>
<Security UserID="S-1-5-21-1152959844-3645458174-3779170896-1000"></Security>
</System>
<EventData><Data Name="AppContainerName">c5e2524a-ea46-4f67-841f-6a9465d9d515_cw5n1h2txyewy</Data>
</EventData>
</Event>

<Event xmlns="http://schemas.microsoft.com/win/2004/08/events/event"><System><Provider Name="Microsoft-Windows-AppModel-Runtime" Guid="{f1ef270a-0d32-4352-ba52-dbab41e1d859}"></Provider>
<EventID Qualifiers="">70</EventID>
<Version>0</Version>
<Level>4</Level>
<Task>0</Task>
<Opcode>0</Opcode>
<Keywords>0x2000000000000001</Keywords>
<TimeCreated SystemTime="2020-10-22 20:58:24.217484"></TimeCreated>
<EventRecordID>125</EventRecordID>
<Correlation ActivityID="{eae887f7-a8b5-0000-09b5-e8eab5a8d601}" RelatedActivityID=""></Correlation>
<Execution ProcessID="2944" ThreadID="3804"></Execution>
<Channel>Microsoft-Windows-AppModel-Runtime/Admin</Channel>
<Computer>WIN-PTFPHFCRDJ0</Computer>
<Security UserID="S-1-5-18"></Security>
</System>
<EventData><Data Name="PackageFullName">c5e2524a-ea46-4f67-841f-6a9465d9d515_10.0.17763.1_neutral_neutral_cw5n1h2txyewy</Data>
<Data Name="User">S-1-5-21-1152959844-3645458174-3779170896-1000</Data>
<Data Name="DesiredStatus">2048</Data>
<Data Name="CurrentStatus">2080</Data>
</EventData>
</Event>

<Event xmlns="http://schemas.microsoft.com/win/2004/08/events/event"><System><Provider Name="Microsoft-Windows-AppModel-Runtime" Guid="{f1ef270a-0d32-4352-ba52-dbab41e1d859}"></Provider>
<EventID Qualifiers="">70</EventID>
<Version>0</Version>
<Level>4</Level>
<Task>0</Task>
<Opcode>0</Opcode>
<Keywords>0x2000000000000001</Keywords>
<TimeCreated SystemTime="2020-10-22 20:58:24.219923"></TimeCreated>
<EventRecordID>126</EventRecordID>
<Correlation ActivityID="{eae887f7-a8b5-0000-09b5-e8eab5a8d601}" RelatedActivityID=""></Correlation>
<Execution ProcessID="2944" ThreadID="3804"></Execution>
<Channel>Microsoft-Windows-AppModel-Runtime/Admin</Channel>
<Computer>WIN-PTFPHFCRDJ0</Computer>
<Security UserID="S-1-5-18"></Security>
</System>
<EventData><Data Name="PackageFullName">c5e2524a-ea46-4f67-841f-6a9465d9d515_10.0.17763.1_neutral_neutral_cw5n1h2txyewy</Data>
<Data Name="User">S-1-5-21-1152959844-3645458174-3779170896-1000</Data>
<Data Name="DesiredStatus">0</Data>
<Data Name="CurrentStatus">2048</Data>
</EventData>
</Event>

<Event xmlns="http://schemas.microsoft.com/win/2004/08/events/event"><System><Provider Name="Microsoft-Windows-AppModel-Runtime" Guid="{f1ef270a-0d32-4352-ba52-dbab41e1d859}"></Provider>
<EventID Qualifiers="">70</EventID>
<Version>0</Version>
<Level>4</Level>
<Task>0</Task>
<Opcode>0</Opcode>
<Keywords>0x2000000000000001</Keywords>
<TimeCreated SystemTime="2020-10-22 20:58:24.442209"></TimeCreated>
<EventRecordID>127</EventRecordID>
<Correlation ActivityID="{eae887f7-a8b5-0000-aab5-e8eab5a8d601}" RelatedActivityID=""></Correlation>
<Execution ProcessID="2944" ThreadID="3804"></Execution>
<Channel>Microsoft-Windows-AppModel-Runtime/Admin</Channel>
<Computer>WIN-PTFPHFCRDJ0</Computer>
<Security UserID="S-1-5-18"></Security>
</System>
<EventData><Data Name="PackageFullName">1527c705-839a-4832-9118-54d4Bd6a0c89_10.0.17763.1_neutral_neutral_cw5n1h2txyewy</Data>
<Data Name="User">S-1-5-21-1152959844-3645458174-3779170896-1000</Data>
<Data Name="DesiredStatus">2080</Data>
<Data Name="CurrentStatus">2048</Data>
</EventData>
</Event>

<Event xmlns="http://schemas.microsoft.com/win/2004/08/events/event"><System><Provider Name="Microsoft-Windows-AppModel-Runtime" Guid="{f1ef270a-0d32-4352-ba52-dbab41e1d859}"></Provider>
<EventID Qualifiers="">39</EventID>
<Version>0</Version>
<Level>4</Level>
<Task>0</Task>
<Opcode>0</Opcode>
<Keywords>0x2000000000000002</Keywords>
<TimeCreated SystemTime="2020-10-22 20:58:24.529154"></TimeCreated>
<EventRecordID>128</EventRecordID>
<Correlation ActivityID="{eae887f7-a8b5-0000-aab5-e8eab5a8d601}" RelatedActivityID=""></Correlation>
<Execution ProcessID="2944" ThreadID="3804"></Execution>
<Channel>Microsoft-Windows-AppModel-Runtime/Admin</Channel>
<Computer>WIN-PTFPHFCRDJ0</Computer>
<Security UserID="S-1-5-21-1152959844-3645458174-3779170896-1000"></Security>
</System>
<EventData><Data Name="AppContainerName">1527c705-839a-4832-9118-54d4Bd6a0c89_cw5n1h2txyewy</Data>
</EventData>
</Event>

<Event xmlns="http://schemas.microsoft.com/win/2004/08/events/event"><System><Provider Name="Microsoft-Windows-AppModel-Runtime" Guid="{f1ef270a-0d32-4352-ba52-dbab41e1d859}"></Provider>
<EventID Qualifiers="">70</EventID>
<Version>0</Version>
<Level>4</Level>
<Task>0</Task>
<Opcode>0</Opcode>
<Keywords>0x2000000000000001</Keywords>
<TimeCreated SystemTime="2020-10-22 20:58:24.616053"></TimeCreated>
<EventRecordID>129</EventRecordID>
<Correlation ActivityID="{eae887f7-a8b5-0000-aab5-e8eab5a8d601}" RelatedActivityID=""></Correlation>
<Execution ProcessID="2944" ThreadID="3804"></Execution>
<Channel>Microsoft-Windows-AppModel-Runtime/Admin</Channel>
<Computer>WIN-PTFPHFCRDJ0</Computer>
<Security UserID="S-1-5-18"></Security>
</System>
<EventData><Data Name="PackageFullName">1527c705-839a-4832-9118-54d4Bd6a0c89_10.0.17763.1_neutral_neutral_cw5n1h2txyewy</Data>
<Data Name="User">S-1-5-21-1152959844-3645458174-3779170896-1000</Data>
<Data Name="DesiredStatus">2048</Data>
<Data Name="CurrentStatus">2080</Data>
</EventData>
</Event>

<Event xmlns="http://schemas.microsoft.com/win/2004/08/events/event"><System><Provider Name="Microsoft-Windows-AppModel-Runtime" Guid="{f1ef270a-0d32-4352-ba52-dbab41e1d859}"></Provider>
<EventID Qualifiers="">70</EventID>
<Version>0</Version>
<Level>4</Level>
<Task>0</Task>
<Opcode>0</Opcode>
<Keywords>0x2000000000000001</Keywords>
<TimeCreated SystemTime="2020-10-22 20:58:24.618824"></TimeCreated>
<EventRecordID>130</EventRecordID>
<Correlation ActivityID="{eae887f7-a8b5-0000-aab5-e8eab5a8d601}" RelatedActivityID=""></Correlation>
<Execution ProcessID="2944" ThreadID="3804"></Execution>
<Channel>Microsoft-Windows-AppModel-Runtime/Admin</Channel>
<Computer>WIN-PTFPHFCRDJ0</Computer>
<Security UserID="S-1-5-18"></Security>
</System>
<EventData><Data Name="PackageFullName">1527c705-839a-4832-9118-54d4Bd6a0c89_10.0.17763.1_neutral_neutral_cw5n1h2txyewy</Data>
<Data Name="User">S-1-5-21-1152959844-3645458174-3779170896-1000</Data>
<Data Name="DesiredStatus">0</Data>
<Data Name="CurrentStatus">2048</Data>
</EventData>
</Event>

<Event xmlns="http://schemas.microsoft.com/win/2004/08/events/event"><System><Provider Name="Microsoft-Windows-AppModel-Runtime" Guid="{f1ef270a-0d32-4352-ba52-dbab41e1d859}"></Provider>
<EventID Qualifiers="">40</EventID>
<Version>0</Version>
<Level>4</Level>
<Task>0</Task>
<Opcode>0</Opcode>
<Keywords>0x2000000000000002</Keywords>
<TimeCreated SystemTime="2020-10-22 22:30:54.103752"></TimeCreated>
<EventRecordID>131</EventRecordID>
<Correlation ActivityID="" RelatedActivityID=""></Correlation>
<Execution ProcessID="2100" ThreadID="3772"></Execution>
<Channel>Microsoft-Windows-AppModel-Runtime/Admin</Channel>
<Computer>WIN-PTFPHFCRDJ0</Computer>
<Security UserID="S-1-5-18"></Security>
</System>
<EventData><Data Name="AppContainerName">onecore\ds\security\gina\profile\profext\appcontainer.cpp Line:1812 Usermode Font Driver Host microsoft.windows.fontdrvhost</Data>
</EventData>
</Event>

<Event xmlns="http://schemas.microsoft.com/win/2004/08/events/event"><System><Provider Name="Microsoft-Windows-AppModel-Runtime" Guid="{f1ef270a-0d32-4352-ba52-dbab41e1d859}"></Provider>
<EventID Qualifiers="">40</EventID>
<Version>0</Version>
<Level>4</Level>
<Task>0</Task>
<Opcode>0</Opcode>
<Keywords>0x2000000000000002</Keywords>
<TimeCreated SystemTime="2020-10-22 22:38:57.821396"></TimeCreated>
<EventRecordID>132</EventRecordID>
<Correlation ActivityID="" RelatedActivityID=""></Correlation>
<Execution ProcessID="2192" ThreadID="2812"></Execution>
<Channel>Microsoft-Windows-AppModel-Runtime/Admin</Channel>
<Computer>WIN-PTFPHFCRDJ0</Computer>
<Security UserID="S-1-5-18"></Security>
</System>
<EventData><Data Name="AppContainerName">onecore\ds\security\gina\profile\profext\appcontainer.cpp Line:1812 Usermode Font Driver Host microsoft.windows.fontdrvhost</Data>
</EventData>
</Event>

<Event xmlns="http://schemas.microsoft.com/win/2004/08/events/event"><System><Provider Name="Microsoft-Windows-AppModel-Runtime" Guid="{f1ef270a-0d32-4352-ba52-dbab41e1d859}"></Provider>
<EventID Qualifiers="">40</EventID>
<Version>0</Version>
<Level>4</Level>
<Task>0</Task>
<Opcode>0</Opcode>
<Keywords>0x2000000000000002</Keywords>
<TimeCreated SystemTime="2020-10-23 12:27:26.987972"></TimeCreated>
<EventRecordID>133</EventRecordID>
<Correlation ActivityID="" RelatedActivityID=""></Correlation>
<Execution ProcessID="752" ThreadID="876"></Execution>
<Channel>Microsoft-Windows-AppModel-Runtime/Admin</Channel>
<Computer>WIN-PTFPHFCRDJ0</Computer>
<Security UserID="S-1-5-18"></Security>
</System>
<EventData><Data Name="AppContainerName">onecore\ds\security\gina\profile\profext\appcontainer.cpp Line:1812 Usermode Font Driver Host microsoft.windows.fontdrvhost</Data>
</EventData>
</Event>

<Event xmlns="http://schemas.microsoft.com/win/2004/08/events/event"><System><Provider Name="Microsoft-Windows-AppModel-Runtime" Guid="{f1ef270a-0d32-4352-ba52-dbab41e1d859}"></Provider>
<EventID Qualifiers="">40</EventID>
<Version>0</Version>
<Level>4</Level>
<Task>0</Task>
<Opcode>0</Opcode>
<Keywords>0x2000000000000002</Keywords>
<TimeCreated SystemTime="2020-10-23 12:27:26.992449"></TimeCreated>
<EventRecordID>134</EventRecordID>
<Correlation ActivityID="" RelatedActivityID=""></Correlation>
<Execution ProcessID="744" ThreadID="816"></Execution>
<Channel>Microsoft-Windows-AppModel-Runtime/Admin</Channel>
<Computer>WIN-PTFPHFCRDJ0</Computer>
<Security UserID="S-1-5-18"></Security>
</System>
<EventData><Data Name="AppContainerName">onecore\ds\security\gina\profile\profext\appcontainer.cpp Line:1812 Usermode Font Driver Host microsoft.windows.fontdrvhost</Data>
</EventData>
</Event>

<Event xmlns="http://schemas.microsoft.com/win/2004/08/events/event"><System><Provider Name="Microsoft-Windows-AppModel-Runtime" Guid="{f1ef270a-0d32-4352-ba52-dbab41e1d859}"></Provider>
<EventID Qualifiers="">40</EventID>
<Version>0</Version>
<Level>4</Level>
<Task>0</Task>
<Opcode>0</Opcode>
<Keywords>0x2000000000000002</Keywords>
<TimeCreated SystemTime="2020-10-23 13:53:34.102947"></TimeCreated>
<EventRecordID>135</EventRecordID>
<Correlation ActivityID="" RelatedActivityID=""></Correlation>
<Execution ProcessID="716" ThreadID="820"></Execution>
<Channel>Microsoft-Windows-AppModel-Runtime/Admin</Channel>
<Computer>WIN-PTFPHFCRDJ0</Computer>
<Security UserID="S-1-5-18"></Security>
</System>
<EventData><Data Name="AppContainerName">onecore\ds\security\gina\profile\profext\appcontainer.cpp Line:1812 Usermode Font Driver Host microsoft.windows.fontdrvhost</Data>
</EventData>
</Event>

<Event xmlns="http://schemas.microsoft.com/win/2004/08/events/event"><System><Provider Name="Microsoft-Windows-AppModel-Runtime" Guid="{f1ef270a-0d32-4352-ba52-dbab41e1d859}"></Provider>
<EventID Qualifiers="">40</EventID>
<Version>0</Version>
<Level>4</Level>
<Task>0</Task>
<Opcode>0</Opcode>
<Keywords>0x2000000000000002</Keywords>
<TimeCreated SystemTime="2020-10-23 13:53:34.230106"></TimeCreated>
<EventRecordID>136</EventRecordID>
<Correlation ActivityID="" RelatedActivityID=""></Correlation>
<Execution ProcessID="752" ThreadID="980"></Execution>
<Channel>Microsoft-Windows-AppModel-Runtime/Admin</Channel>
<Computer>WIN-PTFPHFCRDJ0</Computer>
<Security UserID="S-1-5-18"></Security>
</System>
<EventData><Data Name="AppContainerName">onecore\ds\security\gina\profile\profext\appcontainer.cpp Line:1812 Usermode Font Driver Host microsoft.windows.fontdrvhost</Data>
</EventData>
</Event>

<Event xmlns="http://schemas.microsoft.com/win/2004/08/events/event"><System><Provider Name="Microsoft-Windows-AppModel-Runtime" Guid="{f1ef270a-0d32-4352-ba52-dbab41e1d859}"></Provider>
<EventID Qualifiers="">40</EventID>
<Version>0</Version>
<Level>4</Level>
<Task>0</Task>
<Opcode>0</Opcode>
<Keywords>0x2000000000000002</Keywords>
<TimeCreated SystemTime="2020-10-23 18:48:47.264334"></TimeCreated>
<EventRecordID>137</EventRecordID>
<Correlation ActivityID="" RelatedActivityID=""></Correlation>
<Execution ProcessID="744" ThreadID="816"></Execution>
<Channel>Microsoft-Windows-AppModel-Runtime/Admin</Channel>
<Computer>WIN-PTFPHFCRDJ0</Computer>
<Security UserID="S-1-5-18"></Security>
</System>
<EventData><Data Name="AppContainerName">onecore\ds\security\gina\profile\profext\appcontainer.cpp Line:1812 Usermode Font Driver Host microsoft.windows.fontdrvhost</Data>
</EventData>
</Event>

<Event xmlns="http://schemas.microsoft.com/win/2004/08/events/event"><System><Provider Name="Microsoft-Windows-AppModel-Runtime" Guid="{f1ef270a-0d32-4352-ba52-dbab41e1d859}"></Provider>
<EventID Qualifiers="">40</EventID>
<Version>0</Version>
<Level>4</Level>
<Task>0</Task>
<Opcode>0</Opcode>
<Keywords>0x2000000000000002</Keywords>
<TimeCreated SystemTime="2020-10-23 18:48:47.265949"></TimeCreated>
<EventRecordID>138</EventRecordID>
<Correlation ActivityID="" RelatedActivityID=""></Correlation>
<Execution ProcessID="752" ThreadID="820"></Execution>
<Channel>Microsoft-Windows-AppModel-Runtime/Admin</Channel>
<Computer>WIN-PTFPHFCRDJ0</Computer>
<Security UserID="S-1-5-18"></Security>
</System>
<EventData><Data Name="AppContainerName">onecore\ds\security\gina\profile\profext\appcontainer.cpp Line:1812 Usermode Font Driver Host microsoft.windows.fontdrvhost</Data>
</EventData>
</Event>

<Event xmlns="http://schemas.microsoft.com/win/2004/08/events/event"><System><Provider Name="Microsoft-Windows-AppModel-Runtime" Guid="{f1ef270a-0d32-4352-ba52-dbab41e1d859}"></Provider>
<EventID Qualifiers="">40</EventID>
<Version>0</Version>
<Level>4</Level>
<Task>0</Task>
<Opcode>0</Opcode>
<Keywords>0x2000000000000002</Keywords>
<TimeCreated SystemTime="2020-10-23 18:55:22.973440"></TimeCreated>
<EventRecordID>139</EventRecordID>
<Correlation ActivityID="" RelatedActivityID=""></Correlation>
<Execution ProcessID="3708" ThreadID="2928"></Execution>
<Channel>Microsoft-Windows-AppModel-Runtime/Admin</Channel>
<Computer>WIN-PTFPHFCRDJ0</Computer>
<Security UserID="S-1-5-18"></Security>
</System>
<EventData><Data Name="AppContainerName">onecore\ds\security\gina\profile\profext\appcontainer.cpp Line:1812 Usermode Font Driver Host microsoft.windows.fontdrvhost</Data>
</EventData>
</Event>

<Event xmlns="http://schemas.microsoft.com/win/2004/08/events/event"><System><Provider Name="Microsoft-Windows-AppModel-Runtime" Guid="{f1ef270a-0d32-4352-ba52-dbab41e1d859}"></Provider>
<EventID Qualifiers="">40</EventID>
<Version>0</Version>
<Level>4</Level>
<Task>0</Task>
<Opcode>0</Opcode>
<Keywords>0x2000000000000002</Keywords>
<TimeCreated SystemTime="2020-10-24 21:52:17.971281"></TimeCreated>
<EventRecordID>140</EventRecordID>
<Correlation ActivityID="" RelatedActivityID=""></Correlation>
<Execution ProcessID="756" ThreadID="828"></Execution>
<Channel>Microsoft-Windows-AppModel-Runtime/Admin</Channel>
<Computer>WIN-PTFPHFCRDJ0</Computer>
<Security UserID="S-1-5-18"></Security>
</System>
<EventData><Data Name="AppContainerName">onecore\ds\security\gina\profile\profext\appcontainer.cpp Line:1812 Usermode Font Driver Host microsoft.windows.fontdrvhost</Data>
</EventData>
</Event>

<Event xmlns="http://schemas.microsoft.com/win/2004/08/events/event"><System><Provider Name="Microsoft-Windows-AppModel-Runtime" Guid="{f1ef270a-0d32-4352-ba52-dbab41e1d859}"></Provider>
<EventID Qualifiers="">40</EventID>
<Version>0</Version>
<Level>4</Level>
<Task>0</Task>
<Opcode>0</Opcode>
<Keywords>0x2000000000000002</Keywords>
<TimeCreated SystemTime="2020-10-24 21:52:17.974602"></TimeCreated>
<EventRecordID>141</EventRecordID>
<Correlation ActivityID="" RelatedActivityID=""></Correlation>
<Execution ProcessID="748" ThreadID="824"></Execution>
<Channel>Microsoft-Windows-AppModel-Runtime/Admin</Channel>
<Computer>WIN-PTFPHFCRDJ0</Computer>
<Security UserID="S-1-5-18"></Security>
</System>
<EventData><Data Name="AppContainerName">onecore\ds\security\gina\profile\profext\appcontainer.cpp Line:1812 Usermode Font Driver Host microsoft.windows.fontdrvhost</Data>
</EventData>
</Event>

<Event xmlns="http://schemas.microsoft.com/win/2004/08/events/event"><System><Provider Name="Microsoft-Windows-AppModel-Runtime" Guid="{f1ef270a-0d32-4352-ba52-dbab41e1d859}"></Provider>
<EventID Qualifiers="">40</EventID>
<Version>0</Version>
<Level>4</Level>
<Task>0</Task>
<Opcode>0</Opcode>
<Keywords>0x2000000000000002</Keywords>
<TimeCreated SystemTime="2020-10-24 22:19:06.574839"></TimeCreated>
<EventRecordID>142</EventRecordID>
<Correlation ActivityID="" RelatedActivityID=""></Correlation>
<Execution ProcessID="756" ThreadID="888"></Execution>
<Channel>Microsoft-Windows-AppModel-Runtime/Admin</Channel>
<Computer>WIN-PTFPHFCRDJ0</Computer>
<Security UserID="S-1-5-18"></Security>
</System>
<EventData><Data Name="AppContainerName">onecore\ds\security\gina\profile\profext\appcontainer.cpp Line:1812 Usermode Font Driver Host microsoft.windows.fontdrvhost</Data>
</EventData>
</Event>

<Event xmlns="http://schemas.microsoft.com/win/2004/08/events/event"><System><Provider Name="Microsoft-Windows-AppModel-Runtime" Guid="{f1ef270a-0d32-4352-ba52-dbab41e1d859}"></Provider>
<EventID Qualifiers="">40</EventID>
<Version>0</Version>
<Level>4</Level>
<Task>0</Task>
<Opcode>0</Opcode>
<Keywords>0x2000000000000002</Keywords>
<TimeCreated SystemTime="2020-10-24 22:19:06.576477"></TimeCreated>
<EventRecordID>143</EventRecordID>
<Correlation ActivityID="" RelatedActivityID=""></Correlation>
<Execution ProcessID="748" ThreadID="824"></Execution>
<Channel>Microsoft-Windows-AppModel-Runtime/Admin</Channel>
<Computer>WIN-PTFPHFCRDJ0</Computer>
<Security UserID="S-1-5-18"></Security>
</System>
<EventData><Data Name="AppContainerName">onecore\ds\security\gina\profile\profext\appcontainer.cpp Line:1812 Usermode Font Driver Host microsoft.windows.fontdrvhost</Data>
</EventData>
</Event>

<Event xmlns="http://schemas.microsoft.com/win/2004/08/events/event"><System><Provider Name="Microsoft-Windows-AppModel-Runtime" Guid="{f1ef270a-0d32-4352-ba52-dbab41e1d859}"></Provider>
<EventID Qualifiers="">40</EventID>
<Version>0</Version>
<Level>4</Level>
<Task>0</Task>
<Opcode>0</Opcode>
<Keywords>0x2000000000000002</Keywords>
<TimeCreated SystemTime="2020-10-26 11:57:37.834507"></TimeCreated>
<EventRecordID>144</EventRecordID>
<Correlation ActivityID="" RelatedActivityID=""></Correlation>
<Execution ProcessID="744" ThreadID="816"></Execution>
<Channel>Microsoft-Windows-AppModel-Runtime/Admin</Channel>
<Computer>WIN-PTFPHFCRDJ0</Computer>
<Security UserID="S-1-5-18"></Security>
</System>
<EventData><Data Name="AppContainerName">onecore\ds\security\gina\profile\profext\appcontainer.cpp Line:1812 Usermode Font Driver Host microsoft.windows.fontdrvhost</Data>
</EventData>
</Event>

<Event xmlns="http://schemas.microsoft.com/win/2004/08/events/event"><System><Provider Name="Microsoft-Windows-AppModel-Runtime" Guid="{f1ef270a-0d32-4352-ba52-dbab41e1d859}"></Provider>
<EventID Qualifiers="">40</EventID>
<Version>0</Version>
<Level>4</Level>
<Task>0</Task>
<Opcode>0</Opcode>
<Keywords>0x2000000000000002</Keywords>
<TimeCreated SystemTime="2020-10-26 11:57:37.837843"></TimeCreated>
<EventRecordID>145</EventRecordID>
<Correlation ActivityID="" RelatedActivityID=""></Correlation>
<Execution ProcessID="752" ThreadID="884"></Execution>
<Channel>Microsoft-Windows-AppModel-Runtime/Admin</Channel>
<Computer>WIN-PTFPHFCRDJ0</Computer>
<Security UserID="S-1-5-18"></Security>
</System>
<EventData><Data Name="AppContainerName">onecore\ds\security\gina\profile\profext\appcontainer.cpp Line:1812 Usermode Font Driver Host microsoft.windows.fontdrvhost</Data>
</EventData>
</Event>

<Event xmlns="http://schemas.microsoft.com/win/2004/08/events/event"><System><Provider Name="Microsoft-Windows-AppModel-Runtime" Guid="{f1ef270a-0d32-4352-ba52-dbab41e1d859}"></Provider>
<EventID Qualifiers="">40</EventID>
<Version>0</Version>
<Level>4</Level>
<Task>0</Task>
<Opcode>0</Opcode>
<Keywords>0x2000000000000002</Keywords>
<TimeCreated SystemTime="2020-10-26 15:12:21.650051"></TimeCreated>
<EventRecordID>146</EventRecordID>
<Correlation ActivityID="" RelatedActivityID=""></Correlation>
<Execution ProcessID="744" ThreadID="816"></Execution>
<Channel>Microsoft-Windows-AppModel-Runtime/Admin</Channel>
<Computer>WIN-PTFPHFCRDJ0</Computer>
<Security UserID="S-1-5-18"></Security>
</System>
<EventData><Data Name="AppContainerName">onecore\ds\security\gina\profile\profext\appcontainer.cpp Line:1812 Usermode Font Driver Host microsoft.windows.fontdrvhost</Data>
</EventData>
</Event>

<Event xmlns="http://schemas.microsoft.com/win/2004/08/events/event"><System><Provider Name="Microsoft-Windows-AppModel-Runtime" Guid="{f1ef270a-0d32-4352-ba52-dbab41e1d859}"></Provider>
<EventID Qualifiers="">40</EventID>
<Version>0</Version>
<Level>4</Level>
<Task>0</Task>
<Opcode>0</Opcode>
<Keywords>0x2000000000000002</Keywords>
<TimeCreated SystemTime="2020-10-26 15:12:21.892303"></TimeCreated>
<EventRecordID>147</EventRecordID>
<Correlation ActivityID="" RelatedActivityID=""></Correlation>
<Execution ProcessID="752" ThreadID="984"></Execution>
<Channel>Microsoft-Windows-AppModel-Runtime/Admin</Channel>
<Computer>WIN-PTFPHFCRDJ0</Computer>
<Security UserID="S-1-5-18"></Security>
</System>
<EventData><Data Name="AppContainerName">onecore\ds\security\gina\profile\profext\appcontainer.cpp Line:1812 Usermode Font Driver Host microsoft.windows.fontdrvhost</Data>
</EventData>
</Event>

<Event xmlns="http://schemas.microsoft.com/win/2004/08/events/event"><System><Provider Name="Microsoft-Windows-AppModel-Runtime" Guid="{f1ef270a-0d32-4352-ba52-dbab41e1d859}"></Provider>
<EventID Qualifiers="">40</EventID>
<Version>0</Version>
<Level>4</Level>
<Task>0</Task>
<Opcode>0</Opcode>
<Keywords>0x2000000000000002</Keywords>
<TimeCreated SystemTime="2020-10-27 01:57:55.254091"></TimeCreated>
<EventRecordID>148</EventRecordID>
<Correlation ActivityID="" RelatedActivityID=""></Correlation>
<Execution ProcessID="716" ThreadID="816"></Execution>
<Channel>Microsoft-Windows-AppModel-Runtime/Admin</Channel>
<Computer>WIN-PTFPHFCRDJ0</Computer>
<Security UserID="S-1-5-18"></Security>
</System>
<EventData><Data Name="AppContainerName">onecore\ds\security\gina\profile\profext\appcontainer.cpp Line:1812 Usermode Font Driver Host microsoft.windows.fontdrvhost</Data>
</EventData>
</Event>

<Event xmlns="http://schemas.microsoft.com/win/2004/08/events/event"><System><Provider Name="Microsoft-Windows-AppModel-Runtime" Guid="{f1ef270a-0d32-4352-ba52-dbab41e1d859}"></Provider>
<EventID Qualifiers="">40</EventID>
<Version>0</Version>
<Level>4</Level>
<Task>0</Task>
<Opcode>0</Opcode>
<Keywords>0x2000000000000002</Keywords>
<TimeCreated SystemTime="2020-10-27 01:57:55.258411"></TimeCreated>
<EventRecordID>149</EventRecordID>
<Correlation ActivityID="" RelatedActivityID=""></Correlation>
<Execution ProcessID="752" ThreadID="884"></Execution>
<Channel>Microsoft-Windows-AppModel-Runtime/Admin</Channel>
<Computer>WIN-PTFPHFCRDJ0</Computer>
<Security UserID="S-1-5-18"></Security>
</System>
<EventData><Data Name="AppContainerName">onecore\ds\security\gina\profile\profext\appcontainer.cpp Line:1812 Usermode Font Driver Host microsoft.windows.fontdrvhost</Data>
</EventData>
</Event>

</Events>
