<?xml version="1.1" encoding="utf-8" standalone="yes" ?>

<Events>
<Event xmlns="http://schemas.microsoft.com/win/2004/08/events/event"><System><Provider Name="Microsoft-Windows-NetworkProfile" Guid="{fbcfac3f-8459-419f-8e48-1f0b49cdb85e}"></Provider>
<EventID Qualifiers="">4002</EventID>
<Version>0</Version>
<Level>4</Level>
<Task>1</Task>
<Opcode>2</Opcode>
<Keywords>0x4001200000000000</Keywords>
<TimeCreated SystemTime="2020-10-22 20:52:08.626730"></TimeCreated>
<EventRecordID>1</EventRecordID>
<Correlation ActivityID="" RelatedActivityID=""></Correlation>
<Execution ProcessID="1292" ThreadID="1784"></Execution>
<Channel>Microsoft-Windows-NetworkProfile/Operational</Channel>
<Computer>WIN-PTFPHFCRDJ0</Computer>
<Security UserID="S-1-5-19"></Security>
</System>
<EventData><Data Name="InterfaceGuid">{2e722116-8b3b-472d-a7de-f7debe304e5a}</Data>
<Data Name="CurrentOrNextState">1</Data>
</EventData>
</Event>

<Event xmlns="http://schemas.microsoft.com/win/2004/08/events/event"><System><Provider Name="Microsoft-Windows-NetworkProfile" Guid="{fbcfac3f-8459-419f-8e48-1f0b49cdb85e}"></Provider>
<EventID Qualifiers="">20002</EventID>
<Version>0</Version>
<Level>4</Level>
<Task>0</Task>
<Opcode>0</Opcode>
<Keywords>0x4000000000000020</Keywords>
<TimeCreated SystemTime="2020-10-22 20:52:08.627169"></TimeCreated>
<EventRecordID>2</EventRecordID>
<Correlation ActivityID="" RelatedActivityID=""></Correlation>
<Execution ProcessID="1292" ThreadID="1784"></Execution>
<Channel>Microsoft-Windows-NetworkProfile/Operational</Channel>
<Computer>WIN-PTFPHFCRDJ0</Computer>
<Security UserID="S-1-5-19"></Security>
</System>
<EventData><Data Name="ProfileGuid">{7c2fb00a-031b-4948-8974-161e1e356dc2}</Data>
<Data Name="InterfaceGuid">{2e722116-8b3b-472d-a7de-f7debe304e5a}</Data>
<Data Name="Category">0</Data>
<Data Name="ErrorCodev4">0</Data>
<Data Name="ErrorCodev6">0</Data>
<Data Name="Context">5567</Data>
</EventData>
</Event>

<Event xmlns="http://schemas.microsoft.com/win/2004/08/events/event"><System><Provider Name="Microsoft-Windows-NetworkProfile" Guid="{fbcfac3f-8459-419f-8e48-1f0b49cdb85e}"></Provider>
<EventID Qualifiers="">10000</EventID>
<Version>0</Version>
<Level>4</Level>
<Task>0</Task>
<Opcode>0</Opcode>
<Keywords>0x4000200000000020</Keywords>
<TimeCreated SystemTime="2020-10-22 20:52:08.713293"></TimeCreated>
<EventRecordID>3</EventRecordID>
<Correlation ActivityID="" RelatedActivityID=""></Correlation>
<Execution ProcessID="1292" ThreadID="1804"></Execution>
<Channel>Microsoft-Windows-NetworkProfile/Operational</Channel>
<Computer>WIN-PTFPHFCRDJ0</Computer>
<Security UserID="S-1-5-19"></Security>
</System>
<EventData><Data Name="Name">Network</Data>
<Data Name="Description">Network</Data>
<Data Name="Guid">{7c2fb00a-031b-4948-8974-161e1e356dc2}</Data>
<Data Name="Type">0</Data>
<Data Name="State">1</Data>
<Data Name="Category">0</Data>
</EventData>
</Event>

<Event xmlns="http://schemas.microsoft.com/win/2004/08/events/event"><System><Provider Name="Microsoft-Windows-NetworkProfile" Guid="{fbcfac3f-8459-419f-8e48-1f0b49cdb85e}"></Provider>
<EventID Qualifiers="">20002</EventID>
<Version>0</Version>
<Level>4</Level>
<Task>0</Task>
<Opcode>0</Opcode>
<Keywords>0x4000000000000020</Keywords>
<TimeCreated SystemTime="2020-10-22 20:52:08.723774"></TimeCreated>
<EventRecordID>4</EventRecordID>
<Correlation ActivityID="" RelatedActivityID=""></Correlation>
<Execution ProcessID="1292" ThreadID="1848"></Execution>
<Channel>Microsoft-Windows-NetworkProfile/Operational</Channel>
<Computer>WIN-PTFPHFCRDJ0</Computer>
<Security UserID="S-1-5-19"></Security>
</System>
<EventData><Data Name="ProfileGuid">{7c2fb00a-031b-4948-8974-161e1e356dc2}</Data>
<Data Name="InterfaceGuid">{2e722116-8b3b-472d-a7de-f7debe304e5a}</Data>
<Data Name="Category">0</Data>
<Data Name="ErrorCodev4">0</Data>
<Data Name="ErrorCodev6">0</Data>
<Data Name="Context">5567</Data>
</EventData>
</Event>

<Event xmlns="http://schemas.microsoft.com/win/2004/08/events/event"><System><Provider Name="Microsoft-Windows-NetworkProfile" Guid="{fbcfac3f-8459-419f-8e48-1f0b49cdb85e}"></Provider>
<EventID Qualifiers="">4004</EventID>
<Version>0</Version>
<Level>4</Level>
<Task>0</Task>
<Opcode>0</Opcode>
<Keywords>0x4000000000000000</Keywords>
<TimeCreated SystemTime="2020-10-22 20:52:10.323509"></TimeCreated>
<EventRecordID>5</EventRecordID>
<Correlation ActivityID="" RelatedActivityID=""></Correlation>
<Execution ProcessID="1292" ThreadID="1816"></Execution>
<Channel>Microsoft-Windows-NetworkProfile/Operational</Channel>
<Computer>WIN-PTFPHFCRDJ0</Computer>
<Security UserID="S-1-5-19"></Security>
</System>
<EventData><Data Name="NewInternetConnectionProfile">True</Data>
<Data Name="ConnectionCostChanged">True</Data>
<Data Name="DomainConnectivityLevelChanged">False</Data>
<Data Name="NetworkConnectivityLevelChanged">True</Data>
<Data Name="HostNameChanged">False</Data>
<Data Name="WwanRegistrationStateChanged">False</Data>
<Data Name="TetheringOperationalStateChanged">False</Data>
<Data Name="TetheringClientCountChanged">False</Data>
</EventData>
</Event>

<Event xmlns="http://schemas.microsoft.com/win/2004/08/events/event"><System><Provider Name="Microsoft-Windows-NetworkProfile" Guid="{fbcfac3f-8459-419f-8e48-1f0b49cdb85e}"></Provider>
<EventID Qualifiers="">20002</EventID>
<Version>0</Version>
<Level>4</Level>
<Task>0</Task>
<Opcode>0</Opcode>
<Keywords>0x4000000000000020</Keywords>
<TimeCreated SystemTime="2020-10-22 20:57:20.557402"></TimeCreated>
<EventRecordID>6</EventRecordID>
<Correlation ActivityID="" RelatedActivityID=""></Correlation>
<Execution ProcessID="1236" ThreadID="1700"></Execution>
<Channel>Microsoft-Windows-NetworkProfile/Operational</Channel>
<Computer>WIN-PTFPHFCRDJ0</Computer>
<Security UserID="S-1-5-19"></Security>
</System>
<EventData><Data Name="ProfileGuid">{42f363dc-9850-4b11-bb64-b6463f23a963}</Data>
<Data Name="InterfaceGuid">{2e722116-8b3b-472d-a7de-f7debe304e5a}</Data>
<Data Name="Category">0</Data>
<Data Name="ErrorCodev4">0</Data>
<Data Name="ErrorCodev6">0</Data>
<Data Name="Context">5567</Data>
</EventData>
</Event>

<Event xmlns="http://schemas.microsoft.com/win/2004/08/events/event"><System><Provider Name="Microsoft-Windows-NetworkProfile" Guid="{fbcfac3f-8459-419f-8e48-1f0b49cdb85e}"></Provider>
<EventID Qualifiers="">4001</EventID>
<Version>0</Version>
<Level>4</Level>
<Task>1</Task>
<Opcode>1</Opcode>
<Keywords>0x4000200000000000</Keywords>
<TimeCreated SystemTime="2020-10-22 20:57:20.558432"></TimeCreated>
<EventRecordID>7</EventRecordID>
<Correlation ActivityID="" RelatedActivityID=""></Correlation>
<Execution ProcessID="1236" ThreadID="1700"></Execution>
<Channel>Microsoft-Windows-NetworkProfile/Operational</Channel>
<Computer>WIN-PTFPHFCRDJ0</Computer>
<Security UserID="S-1-5-19"></Security>
</System>
<EventData><Data Name="InterfaceGuid">{2e722116-8b3b-472d-a7de-f7debe304e5a}</Data>
<Data Name="CurrentOrNextState">0</Data>
</EventData>
</Event>

<Event xmlns="http://schemas.microsoft.com/win/2004/08/events/event"><System><Provider Name="Microsoft-Windows-NetworkProfile" Guid="{fbcfac3f-8459-419f-8e48-1f0b49cdb85e}"></Provider>
<EventID Qualifiers="">10000</EventID>
<Version>0</Version>
<Level>4</Level>
<Task>0</Task>
<Opcode>0</Opcode>
<Keywords>0x4000200000000020</Keywords>
<TimeCreated SystemTime="2020-10-22 20:57:20.558956"></TimeCreated>
<EventRecordID>8</EventRecordID>
<Correlation ActivityID="" RelatedActivityID=""></Correlation>
<Execution ProcessID="1236" ThreadID="1736"></Execution>
<Channel>Microsoft-Windows-NetworkProfile/Operational</Channel>
<Computer>WIN-PTFPHFCRDJ0</Computer>
<Security UserID="S-1-5-19"></Security>
</System>
<EventData><Data Name="Name">Identifying...</Data>
<Data Name="Description">Identifying...</Data>
<Data Name="Guid">{42f363dc-9850-4b11-bb64-b6463f23a963}</Data>
<Data Name="Type">0</Data>
<Data Name="State">1</Data>
<Data Name="Category">0</Data>
</EventData>
</Event>

<Event xmlns="http://schemas.microsoft.com/win/2004/08/events/event"><System><Provider Name="Microsoft-Windows-NetworkProfile" Guid="{fbcfac3f-8459-419f-8e48-1f0b49cdb85e}"></Provider>
<EventID Qualifiers="">4002</EventID>
<Version>0</Version>
<Level>4</Level>
<Task>1</Task>
<Opcode>2</Opcode>
<Keywords>0x4001200000000000</Keywords>
<TimeCreated SystemTime="2020-10-22 20:57:20.618099"></TimeCreated>
<EventRecordID>9</EventRecordID>
<Correlation ActivityID="" RelatedActivityID=""></Correlation>
<Execution ProcessID="1236" ThreadID="1256"></Execution>
<Channel>Microsoft-Windows-NetworkProfile/Operational</Channel>
<Computer>WIN-PTFPHFCRDJ0</Computer>
<Security UserID="S-1-5-19"></Security>
</System>
<EventData><Data Name="InterfaceGuid">{2e722116-8b3b-472d-a7de-f7debe304e5a}</Data>
<Data Name="CurrentOrNextState">1</Data>
</EventData>
</Event>

<Event xmlns="http://schemas.microsoft.com/win/2004/08/events/event"><System><Provider Name="Microsoft-Windows-NetworkProfile" Guid="{fbcfac3f-8459-419f-8e48-1f0b49cdb85e}"></Provider>
<EventID Qualifiers="">20002</EventID>
<Version>0</Version>
<Level>4</Level>
<Task>0</Task>
<Opcode>0</Opcode>
<Keywords>0x4000000000000020</Keywords>
<TimeCreated SystemTime="2020-10-22 20:57:20.618732"></TimeCreated>
<EventRecordID>10</EventRecordID>
<Correlation ActivityID="" RelatedActivityID=""></Correlation>
<Execution ProcessID="1236" ThreadID="1256"></Execution>
<Channel>Microsoft-Windows-NetworkProfile/Operational</Channel>
<Computer>WIN-PTFPHFCRDJ0</Computer>
<Security UserID="S-1-5-19"></Security>
</System>
<EventData><Data Name="ProfileGuid">{7c2fb00a-031b-4948-8974-161e1e356dc2}</Data>
<Data Name="InterfaceGuid">{2e722116-8b3b-472d-a7de-f7debe304e5a}</Data>
<Data Name="Category">0</Data>
<Data Name="ErrorCodev4">0</Data>
<Data Name="ErrorCodev6">0</Data>
<Data Name="Context">5567</Data>
</EventData>
</Event>

<Event xmlns="http://schemas.microsoft.com/win/2004/08/events/event"><System><Provider Name="Microsoft-Windows-NetworkProfile" Guid="{fbcfac3f-8459-419f-8e48-1f0b49cdb85e}"></Provider>
<EventID Qualifiers="">10000</EventID>
<Version>0</Version>
<Level>4</Level>
<Task>0</Task>
<Opcode>0</Opcode>
<Keywords>0x4000200000000020</Keywords>
<TimeCreated SystemTime="2020-10-22 20:57:20.700125"></TimeCreated>
<EventRecordID>11</EventRecordID>
<Correlation ActivityID="" RelatedActivityID=""></Correlation>
<Execution ProcessID="1236" ThreadID="1736"></Execution>
<Channel>Microsoft-Windows-NetworkProfile/Operational</Channel>
<Computer>WIN-PTFPHFCRDJ0</Computer>
<Security UserID="S-1-5-19"></Security>
</System>
<EventData><Data Name="Name">Network</Data>
<Data Name="Description">Network</Data>
<Data Name="Guid">{7c2fb00a-031b-4948-8974-161e1e356dc2}</Data>
<Data Name="Type">0</Data>
<Data Name="State">9</Data>
<Data Name="Category">0</Data>
</EventData>
</Event>

<Event xmlns="http://schemas.microsoft.com/win/2004/08/events/event"><System><Provider Name="Microsoft-Windows-NetworkProfile" Guid="{fbcfac3f-8459-419f-8e48-1f0b49cdb85e}"></Provider>
<EventID Qualifiers="">4004</EventID>
<Version>0</Version>
<Level>4</Level>
<Task>0</Task>
<Opcode>0</Opcode>
<Keywords>0x4000000000000000</Keywords>
<TimeCreated SystemTime="2020-10-22 20:57:22.765230"></TimeCreated>
<EventRecordID>12</EventRecordID>
<Correlation ActivityID="" RelatedActivityID=""></Correlation>
<Execution ProcessID="1236" ThreadID="1764"></Execution>
<Channel>Microsoft-Windows-NetworkProfile/Operational</Channel>
<Computer>WIN-PTFPHFCRDJ0</Computer>
<Security UserID="S-1-5-19"></Security>
</System>
<EventData><Data Name="NewInternetConnectionProfile">True</Data>
<Data Name="ConnectionCostChanged">True</Data>
<Data Name="DomainConnectivityLevelChanged">False</Data>
<Data Name="NetworkConnectivityLevelChanged">True</Data>
<Data Name="HostNameChanged">False</Data>
<Data Name="WwanRegistrationStateChanged">False</Data>
<Data Name="TetheringOperationalStateChanged">False</Data>
<Data Name="TetheringClientCountChanged">False</Data>
</EventData>
</Event>

<Event xmlns="http://schemas.microsoft.com/win/2004/08/events/event"><System><Provider Name="Microsoft-Windows-NetworkProfile" Guid="{fbcfac3f-8459-419f-8e48-1f0b49cdb85e}"></Provider>
<EventID Qualifiers="">4002</EventID>
<Version>0</Version>
<Level>4</Level>
<Task>1</Task>
<Opcode>2</Opcode>
<Keywords>0x4001200000000000</Keywords>
<TimeCreated SystemTime="2020-10-23 12:27:49.836832"></TimeCreated>
<EventRecordID>13</EventRecordID>
<Correlation ActivityID="" RelatedActivityID=""></Correlation>
<Execution ProcessID="1300" ThreadID="1528"></Execution>
<Channel>Microsoft-Windows-NetworkProfile/Operational</Channel>
<Computer>WIN-PTFPHFCRDJ0</Computer>
<Security UserID="S-1-5-19"></Security>
</System>
<EventData><Data Name="InterfaceGuid">{2e722116-8b3b-472d-a7de-f7debe304e5a}</Data>
<Data Name="CurrentOrNextState">1</Data>
</EventData>
</Event>

<Event xmlns="http://schemas.microsoft.com/win/2004/08/events/event"><System><Provider Name="Microsoft-Windows-NetworkProfile" Guid="{fbcfac3f-8459-419f-8e48-1f0b49cdb85e}"></Provider>
<EventID Qualifiers="">20002</EventID>
<Version>0</Version>
<Level>4</Level>
<Task>0</Task>
<Opcode>0</Opcode>
<Keywords>0x4000000000000020</Keywords>
<TimeCreated SystemTime="2020-10-23 12:27:49.869598"></TimeCreated>
<EventRecordID>14</EventRecordID>
<Correlation ActivityID="" RelatedActivityID=""></Correlation>
<Execution ProcessID="1300" ThreadID="1528"></Execution>
<Channel>Microsoft-Windows-NetworkProfile/Operational</Channel>
<Computer>WIN-PTFPHFCRDJ0</Computer>
<Security UserID="S-1-5-19"></Security>
</System>
<EventData><Data Name="ProfileGuid">{7c2fb00a-031b-4948-8974-161e1e356dc2}</Data>
<Data Name="InterfaceGuid">{2e722116-8b3b-472d-a7de-f7debe304e5a}</Data>
<Data Name="Category">0</Data>
<Data Name="ErrorCodev4">0</Data>
<Data Name="ErrorCodev6">0</Data>
<Data Name="Context">5567</Data>
</EventData>
</Event>

<Event xmlns="http://schemas.microsoft.com/win/2004/08/events/event"><System><Provider Name="Microsoft-Windows-NetworkProfile" Guid="{fbcfac3f-8459-419f-8e48-1f0b49cdb85e}"></Provider>
<EventID Qualifiers="">10000</EventID>
<Version>0</Version>
<Level>4</Level>
<Task>0</Task>
<Opcode>0</Opcode>
<Keywords>0x4000200000000020</Keywords>
<TimeCreated SystemTime="2020-10-23 12:27:49.881056"></TimeCreated>
<EventRecordID>15</EventRecordID>
<Correlation ActivityID="" RelatedActivityID=""></Correlation>
<Execution ProcessID="1300" ThreadID="1540"></Execution>
<Channel>Microsoft-Windows-NetworkProfile/Operational</Channel>
<Computer>WIN-PTFPHFCRDJ0</Computer>
<Security UserID="S-1-5-19"></Security>
</System>
<EventData><Data Name="Name">Network</Data>
<Data Name="Description">Network</Data>
<Data Name="Guid">{7c2fb00a-031b-4948-8974-161e1e356dc2}</Data>
<Data Name="Type">0</Data>
<Data Name="State">1</Data>
<Data Name="Category">0</Data>
</EventData>
</Event>

<Event xmlns="http://schemas.microsoft.com/win/2004/08/events/event"><System><Provider Name="Microsoft-Windows-NetworkProfile" Guid="{fbcfac3f-8459-419f-8e48-1f0b49cdb85e}"></Provider>
<EventID Qualifiers="">20002</EventID>
<Version>0</Version>
<Level>4</Level>
<Task>0</Task>
<Opcode>0</Opcode>
<Keywords>0x4000000000000020</Keywords>
<TimeCreated SystemTime="2020-10-23 12:27:49.954832"></TimeCreated>
<EventRecordID>16</EventRecordID>
<Correlation ActivityID="" RelatedActivityID=""></Correlation>
<Execution ProcessID="1300" ThreadID="1400"></Execution>
<Channel>Microsoft-Windows-NetworkProfile/Operational</Channel>
<Computer>WIN-PTFPHFCRDJ0</Computer>
<Security UserID="S-1-5-19"></Security>
</System>
<EventData><Data Name="ProfileGuid">{7c2fb00a-031b-4948-8974-161e1e356dc2}</Data>
<Data Name="InterfaceGuid">{2e722116-8b3b-472d-a7de-f7debe304e5a}</Data>
<Data Name="Category">0</Data>
<Data Name="ErrorCodev4">0</Data>
<Data Name="ErrorCodev6">0</Data>
<Data Name="Context">5567</Data>
</EventData>
</Event>

<Event xmlns="http://schemas.microsoft.com/win/2004/08/events/event"><System><Provider Name="Microsoft-Windows-NetworkProfile" Guid="{fbcfac3f-8459-419f-8e48-1f0b49cdb85e}"></Provider>
<EventID Qualifiers="">4004</EventID>
<Version>0</Version>
<Level>4</Level>
<Task>0</Task>
<Opcode>0</Opcode>
<Keywords>0x4000000000000000</Keywords>
<TimeCreated SystemTime="2020-10-23 12:27:59.845829"></TimeCreated>
<EventRecordID>17</EventRecordID>
<Correlation ActivityID="" RelatedActivityID=""></Correlation>
<Execution ProcessID="1300" ThreadID="1552"></Execution>
<Channel>Microsoft-Windows-NetworkProfile/Operational</Channel>
<Computer>WIN-PTFPHFCRDJ0</Computer>
<Security UserID="S-1-5-19"></Security>
</System>
<EventData><Data Name="NewInternetConnectionProfile">True</Data>
<Data Name="ConnectionCostChanged">True</Data>
<Data Name="DomainConnectivityLevelChanged">False</Data>
<Data Name="NetworkConnectivityLevelChanged">True</Data>
<Data Name="HostNameChanged">False</Data>
<Data Name="WwanRegistrationStateChanged">False</Data>
<Data Name="TetheringOperationalStateChanged">False</Data>
<Data Name="TetheringClientCountChanged">False</Data>
</EventData>
</Event>

<Event xmlns="http://schemas.microsoft.com/win/2004/08/events/event"><System><Provider Name="Microsoft-Windows-NetworkProfile" Guid="{fbcfac3f-8459-419f-8e48-1f0b49cdb85e}"></Provider>
<EventID Qualifiers="">4002</EventID>
<Version>0</Version>
<Level>4</Level>
<Task>1</Task>
<Opcode>2</Opcode>
<Keywords>0x4001200000000000</Keywords>
<TimeCreated SystemTime="2020-10-23 13:53:51.117414"></TimeCreated>
<EventRecordID>18</EventRecordID>
<Correlation ActivityID="" RelatedActivityID=""></Correlation>
<Execution ProcessID="1332" ThreadID="1696"></Execution>
<Channel>Microsoft-Windows-NetworkProfile/Operational</Channel>
<Computer>WIN-PTFPHFCRDJ0</Computer>
<Security UserID="S-1-5-19"></Security>
</System>
<EventData><Data Name="InterfaceGuid">{2e722116-8b3b-472d-a7de-f7debe304e5a}</Data>
<Data Name="CurrentOrNextState">1</Data>
</EventData>
</Event>

<Event xmlns="http://schemas.microsoft.com/win/2004/08/events/event"><System><Provider Name="Microsoft-Windows-NetworkProfile" Guid="{fbcfac3f-8459-419f-8e48-1f0b49cdb85e}"></Provider>
<EventID Qualifiers="">20002</EventID>
<Version>0</Version>
<Level>4</Level>
<Task>0</Task>
<Opcode>0</Opcode>
<Keywords>0x4000000000000020</Keywords>
<TimeCreated SystemTime="2020-10-23 13:53:51.147547"></TimeCreated>
<EventRecordID>19</EventRecordID>
<Correlation ActivityID="" RelatedActivityID=""></Correlation>
<Execution ProcessID="1332" ThreadID="1696"></Execution>
<Channel>Microsoft-Windows-NetworkProfile/Operational</Channel>
<Computer>WIN-PTFPHFCRDJ0</Computer>
<Security UserID="S-1-5-19"></Security>
</System>
<EventData><Data Name="ProfileGuid">{7c2fb00a-031b-4948-8974-161e1e356dc2}</Data>
<Data Name="InterfaceGuid">{2e722116-8b3b-472d-a7de-f7debe304e5a}</Data>
<Data Name="Category">0</Data>
<Data Name="ErrorCodev4">0</Data>
<Data Name="ErrorCodev6">0</Data>
<Data Name="Context">5567</Data>
</EventData>
</Event>

<Event xmlns="http://schemas.microsoft.com/win/2004/08/events/event"><System><Provider Name="Microsoft-Windows-NetworkProfile" Guid="{fbcfac3f-8459-419f-8e48-1f0b49cdb85e}"></Provider>
<EventID Qualifiers="">20002</EventID>
<Version>0</Version>
<Level>4</Level>
<Task>0</Task>
<Opcode>0</Opcode>
<Keywords>0x4000000000000020</Keywords>
<TimeCreated SystemTime="2020-10-23 13:53:51.165010"></TimeCreated>
<EventRecordID>20</EventRecordID>
<Correlation ActivityID="" RelatedActivityID=""></Correlation>
<Execution ProcessID="1332" ThreadID="1732"></Execution>
<Channel>Microsoft-Windows-NetworkProfile/Operational</Channel>
<Computer>WIN-PTFPHFCRDJ0</Computer>
<Security UserID="S-1-5-19"></Security>
</System>
<EventData><Data Name="ProfileGuid">{7c2fb00a-031b-4948-8974-161e1e356dc2}</Data>
<Data Name="InterfaceGuid">{2e722116-8b3b-472d-a7de-f7debe304e5a}</Data>
<Data Name="Category">0</Data>
<Data Name="ErrorCodev4">0</Data>
<Data Name="ErrorCodev6">0</Data>
<Data Name="Context">5567</Data>
</EventData>
</Event>

<Event xmlns="http://schemas.microsoft.com/win/2004/08/events/event"><System><Provider Name="Microsoft-Windows-NetworkProfile" Guid="{fbcfac3f-8459-419f-8e48-1f0b49cdb85e}"></Provider>
<EventID Qualifiers="">10000</EventID>
<Version>0</Version>
<Level>4</Level>
<Task>0</Task>
<Opcode>0</Opcode>
<Keywords>0x4000200000000020</Keywords>
<TimeCreated SystemTime="2020-10-23 13:53:51.167282"></TimeCreated>
<EventRecordID>21</EventRecordID>
<Correlation ActivityID="" RelatedActivityID=""></Correlation>
<Execution ProcessID="1332" ThreadID="1716"></Execution>
<Channel>Microsoft-Windows-NetworkProfile/Operational</Channel>
<Computer>WIN-PTFPHFCRDJ0</Computer>
<Security UserID="S-1-5-19"></Security>
</System>
<EventData><Data Name="Name">Network</Data>
<Data Name="Description">Network</Data>
<Data Name="Guid">{7c2fb00a-031b-4948-8974-161e1e356dc2}</Data>
<Data Name="Type">0</Data>
<Data Name="State">9</Data>
<Data Name="Category">0</Data>
</EventData>
</Event>

<Event xmlns="http://schemas.microsoft.com/win/2004/08/events/event"><System><Provider Name="Microsoft-Windows-NetworkProfile" Guid="{fbcfac3f-8459-419f-8e48-1f0b49cdb85e}"></Provider>
<EventID Qualifiers="">4004</EventID>
<Version>0</Version>
<Level>4</Level>
<Task>0</Task>
<Opcode>0</Opcode>
<Keywords>0x4000000000000000</Keywords>
<TimeCreated SystemTime="2020-10-23 13:54:01.838947"></TimeCreated>
<EventRecordID>22</EventRecordID>
<Correlation ActivityID="" RelatedActivityID=""></Correlation>
<Execution ProcessID="1332" ThreadID="1728"></Execution>
<Channel>Microsoft-Windows-NetworkProfile/Operational</Channel>
<Computer>WIN-PTFPHFCRDJ0</Computer>
<Security UserID="S-1-5-19"></Security>
</System>
<EventData><Data Name="NewInternetConnectionProfile">True</Data>
<Data Name="ConnectionCostChanged">True</Data>
<Data Name="DomainConnectivityLevelChanged">False</Data>
<Data Name="NetworkConnectivityLevelChanged">True</Data>
<Data Name="HostNameChanged">False</Data>
<Data Name="WwanRegistrationStateChanged">False</Data>
<Data Name="TetheringOperationalStateChanged">False</Data>
<Data Name="TetheringClientCountChanged">False</Data>
</EventData>
</Event>

<Event xmlns="http://schemas.microsoft.com/win/2004/08/events/event"><System><Provider Name="Microsoft-Windows-NetworkProfile" Guid="{fbcfac3f-8459-419f-8e48-1f0b49cdb85e}"></Provider>
<EventID Qualifiers="">4002</EventID>
<Version>0</Version>
<Level>4</Level>
<Task>1</Task>
<Opcode>2</Opcode>
<Keywords>0x4001200000000000</Keywords>
<TimeCreated SystemTime="2020-10-23 18:49:10.608513"></TimeCreated>
<EventRecordID>23</EventRecordID>
<Correlation ActivityID="" RelatedActivityID=""></Correlation>
<Execution ProcessID="1292" ThreadID="1728"></Execution>
<Channel>Microsoft-Windows-NetworkProfile/Operational</Channel>
<Computer>WIN-PTFPHFCRDJ0</Computer>
<Security UserID="S-1-5-19"></Security>
</System>
<EventData><Data Name="InterfaceGuid">{2e722116-8b3b-472d-a7de-f7debe304e5a}</Data>
<Data Name="CurrentOrNextState">1</Data>
</EventData>
</Event>

<Event xmlns="http://schemas.microsoft.com/win/2004/08/events/event"><System><Provider Name="Microsoft-Windows-NetworkProfile" Guid="{fbcfac3f-8459-419f-8e48-1f0b49cdb85e}"></Provider>
<EventID Qualifiers="">20002</EventID>
<Version>0</Version>
<Level>4</Level>
<Task>0</Task>
<Opcode>0</Opcode>
<Keywords>0x4000000000000020</Keywords>
<TimeCreated SystemTime="2020-10-23 18:49:10.699930"></TimeCreated>
<EventRecordID>24</EventRecordID>
<Correlation ActivityID="" RelatedActivityID=""></Correlation>
<Execution ProcessID="1292" ThreadID="1728"></Execution>
<Channel>Microsoft-Windows-NetworkProfile/Operational</Channel>
<Computer>WIN-PTFPHFCRDJ0</Computer>
<Security UserID="S-1-5-19"></Security>
</System>
<EventData><Data Name="ProfileGuid">{7c2fb00a-031b-4948-8974-161e1e356dc2}</Data>
<Data Name="InterfaceGuid">{2e722116-8b3b-472d-a7de-f7debe304e5a}</Data>
<Data Name="Category">0</Data>
<Data Name="ErrorCodev4">0</Data>
<Data Name="ErrorCodev6">0</Data>
<Data Name="Context">5567</Data>
</EventData>
</Event>

<Event xmlns="http://schemas.microsoft.com/win/2004/08/events/event"><System><Provider Name="Microsoft-Windows-NetworkProfile" Guid="{fbcfac3f-8459-419f-8e48-1f0b49cdb85e}"></Provider>
<EventID Qualifiers="">10000</EventID>
<Version>0</Version>
<Level>4</Level>
<Task>0</Task>
<Opcode>0</Opcode>
<Keywords>0x4000200000000020</Keywords>
<TimeCreated SystemTime="2020-10-23 18:49:10.717709"></TimeCreated>
<EventRecordID>25</EventRecordID>
<Correlation ActivityID="" RelatedActivityID=""></Correlation>
<Execution ProcessID="1292" ThreadID="1732"></Execution>
<Channel>Microsoft-Windows-NetworkProfile/Operational</Channel>
<Computer>WIN-PTFPHFCRDJ0</Computer>
<Security UserID="S-1-5-19"></Security>
</System>
<EventData><Data Name="Name">Network</Data>
<Data Name="Description">Network</Data>
<Data Name="Guid">{7c2fb00a-031b-4948-8974-161e1e356dc2}</Data>
<Data Name="Type">0</Data>
<Data Name="State">1</Data>
<Data Name="Category">0</Data>
</EventData>
</Event>

<Event xmlns="http://schemas.microsoft.com/win/2004/08/events/event"><System><Provider Name="Microsoft-Windows-NetworkProfile" Guid="{fbcfac3f-8459-419f-8e48-1f0b49cdb85e}"></Provider>
<EventID Qualifiers="">20002</EventID>
<Version>0</Version>
<Level>4</Level>
<Task>0</Task>
<Opcode>0</Opcode>
<Keywords>0x4000000000000020</Keywords>
<TimeCreated SystemTime="2020-10-23 18:49:12.059080"></TimeCreated>
<EventRecordID>26</EventRecordID>
<Correlation ActivityID="" RelatedActivityID=""></Correlation>
<Execution ProcessID="1292" ThreadID="1452"></Execution>
<Channel>Microsoft-Windows-NetworkProfile/Operational</Channel>
<Computer>WIN-PTFPHFCRDJ0</Computer>
<Security UserID="S-1-5-19"></Security>
</System>
<EventData><Data Name="ProfileGuid">{7c2fb00a-031b-4948-8974-161e1e356dc2}</Data>
<Data Name="InterfaceGuid">{2e722116-8b3b-472d-a7de-f7debe304e5a}</Data>
<Data Name="Category">0</Data>
<Data Name="ErrorCodev4">0</Data>
<Data Name="ErrorCodev6">0</Data>
<Data Name="Context">5567</Data>
</EventData>
</Event>

<Event xmlns="http://schemas.microsoft.com/win/2004/08/events/event"><System><Provider Name="Microsoft-Windows-NetworkProfile" Guid="{fbcfac3f-8459-419f-8e48-1f0b49cdb85e}"></Provider>
<EventID Qualifiers="">4004</EventID>
<Version>0</Version>
<Level>4</Level>
<Task>0</Task>
<Opcode>0</Opcode>
<Keywords>0x4000000000000000</Keywords>
<TimeCreated SystemTime="2020-10-23 18:49:17.258659"></TimeCreated>
<EventRecordID>27</EventRecordID>
<Correlation ActivityID="" RelatedActivityID=""></Correlation>
<Execution ProcessID="1292" ThreadID="1744"></Execution>
<Channel>Microsoft-Windows-NetworkProfile/Operational</Channel>
<Computer>WIN-PTFPHFCRDJ0</Computer>
<Security UserID="S-1-5-19"></Security>
</System>
<EventData><Data Name="NewInternetConnectionProfile">True</Data>
<Data Name="ConnectionCostChanged">True</Data>
<Data Name="DomainConnectivityLevelChanged">False</Data>
<Data Name="NetworkConnectivityLevelChanged">True</Data>
<Data Name="HostNameChanged">False</Data>
<Data Name="WwanRegistrationStateChanged">False</Data>
<Data Name="TetheringOperationalStateChanged">False</Data>
<Data Name="TetheringClientCountChanged">False</Data>
</EventData>
</Event>

<Event xmlns="http://schemas.microsoft.com/win/2004/08/events/event"><System><Provider Name="Microsoft-Windows-NetworkProfile" Guid="{fbcfac3f-8459-419f-8e48-1f0b49cdb85e}"></Provider>
<EventID Qualifiers="">4002</EventID>
<Version>0</Version>
<Level>4</Level>
<Task>1</Task>
<Opcode>2</Opcode>
<Keywords>0x4001200000000000</Keywords>
<TimeCreated SystemTime="2020-10-24 21:52:37.113127"></TimeCreated>
<EventRecordID>28</EventRecordID>
<Correlation ActivityID="" RelatedActivityID=""></Correlation>
<Execution ProcessID="1300" ThreadID="1436"></Execution>
<Channel>Microsoft-Windows-NetworkProfile/Operational</Channel>
<Computer>WIN-PTFPHFCRDJ0</Computer>
<Security UserID="S-1-5-19"></Security>
</System>
<EventData><Data Name="InterfaceGuid">{2e722116-8b3b-472d-a7de-f7debe304e5a}</Data>
<Data Name="CurrentOrNextState">1</Data>
</EventData>
</Event>

<Event xmlns="http://schemas.microsoft.com/win/2004/08/events/event"><System><Provider Name="Microsoft-Windows-NetworkProfile" Guid="{fbcfac3f-8459-419f-8e48-1f0b49cdb85e}"></Provider>
<EventID Qualifiers="">20002</EventID>
<Version>0</Version>
<Level>4</Level>
<Task>0</Task>
<Opcode>0</Opcode>
<Keywords>0x4000000000000020</Keywords>
<TimeCreated SystemTime="2020-10-24 21:52:37.144905"></TimeCreated>
<EventRecordID>29</EventRecordID>
<Correlation ActivityID="" RelatedActivityID=""></Correlation>
<Execution ProcessID="1300" ThreadID="1436"></Execution>
<Channel>Microsoft-Windows-NetworkProfile/Operational</Channel>
<Computer>WIN-PTFPHFCRDJ0</Computer>
<Security UserID="S-1-5-19"></Security>
</System>
<EventData><Data Name="ProfileGuid">{7c2fb00a-031b-4948-8974-161e1e356dc2}</Data>
<Data Name="InterfaceGuid">{2e722116-8b3b-472d-a7de-f7debe304e5a}</Data>
<Data Name="Category">0</Data>
<Data Name="ErrorCodev4">0</Data>
<Data Name="ErrorCodev6">0</Data>
<Data Name="Context">5567</Data>
</EventData>
</Event>

<Event xmlns="http://schemas.microsoft.com/win/2004/08/events/event"><System><Provider Name="Microsoft-Windows-NetworkProfile" Guid="{fbcfac3f-8459-419f-8e48-1f0b49cdb85e}"></Provider>
<EventID Qualifiers="">10000</EventID>
<Version>0</Version>
<Level>4</Level>
<Task>0</Task>
<Opcode>0</Opcode>
<Keywords>0x4000200000000020</Keywords>
<TimeCreated SystemTime="2020-10-24 21:52:37.194017"></TimeCreated>
<EventRecordID>30</EventRecordID>
<Correlation ActivityID="" RelatedActivityID=""></Correlation>
<Execution ProcessID="1300" ThreadID="1444"></Execution>
<Channel>Microsoft-Windows-NetworkProfile/Operational</Channel>
<Computer>WIN-PTFPHFCRDJ0</Computer>
<Security UserID="S-1-5-19"></Security>
</System>
<EventData><Data Name="Name">Network</Data>
<Data Name="Description">Network</Data>
<Data Name="Guid">{7c2fb00a-031b-4948-8974-161e1e356dc2}</Data>
<Data Name="Type">0</Data>
<Data Name="State">1</Data>
<Data Name="Category">0</Data>
</EventData>
</Event>

<Event xmlns="http://schemas.microsoft.com/win/2004/08/events/event"><System><Provider Name="Microsoft-Windows-NetworkProfile" Guid="{fbcfac3f-8459-419f-8e48-1f0b49cdb85e}"></Provider>
<EventID Qualifiers="">20002</EventID>
<Version>0</Version>
<Level>4</Level>
<Task>0</Task>
<Opcode>0</Opcode>
<Keywords>0x4000000000000020</Keywords>
<TimeCreated SystemTime="2020-10-24 21:52:37.211397"></TimeCreated>
<EventRecordID>31</EventRecordID>
<Correlation ActivityID="" RelatedActivityID=""></Correlation>
<Execution ProcessID="1300" ThreadID="1344"></Execution>
<Channel>Microsoft-Windows-NetworkProfile/Operational</Channel>
<Computer>WIN-PTFPHFCRDJ0</Computer>
<Security UserID="S-1-5-19"></Security>
</System>
<EventData><Data Name="ProfileGuid">{7c2fb00a-031b-4948-8974-161e1e356dc2}</Data>
<Data Name="InterfaceGuid">{2e722116-8b3b-472d-a7de-f7debe304e5a}</Data>
<Data Name="Category">0</Data>
<Data Name="ErrorCodev4">0</Data>
<Data Name="ErrorCodev6">0</Data>
<Data Name="Context">5567</Data>
</EventData>
</Event>

<Event xmlns="http://schemas.microsoft.com/win/2004/08/events/event"><System><Provider Name="Microsoft-Windows-NetworkProfile" Guid="{fbcfac3f-8459-419f-8e48-1f0b49cdb85e}"></Provider>
<EventID Qualifiers="">4004</EventID>
<Version>0</Version>
<Level>4</Level>
<Task>0</Task>
<Opcode>0</Opcode>
<Keywords>0x4000000000000000</Keywords>
<TimeCreated SystemTime="2020-10-24 21:52:47.006912"></TimeCreated>
<EventRecordID>32</EventRecordID>
<Correlation ActivityID="" RelatedActivityID=""></Correlation>
<Execution ProcessID="1300" ThreadID="1456"></Execution>
<Channel>Microsoft-Windows-NetworkProfile/Operational</Channel>
<Computer>WIN-PTFPHFCRDJ0</Computer>
<Security UserID="S-1-5-19"></Security>
</System>
<EventData><Data Name="NewInternetConnectionProfile">True</Data>
<Data Name="ConnectionCostChanged">True</Data>
<Data Name="DomainConnectivityLevelChanged">False</Data>
<Data Name="NetworkConnectivityLevelChanged">True</Data>
<Data Name="HostNameChanged">False</Data>
<Data Name="WwanRegistrationStateChanged">False</Data>
<Data Name="TetheringOperationalStateChanged">False</Data>
<Data Name="TetheringClientCountChanged">False</Data>
</EventData>
</Event>

<Event xmlns="http://schemas.microsoft.com/win/2004/08/events/event"><System><Provider Name="Microsoft-Windows-NetworkProfile" Guid="{fbcfac3f-8459-419f-8e48-1f0b49cdb85e}"></Provider>
<EventID Qualifiers="">4002</EventID>
<Version>0</Version>
<Level>4</Level>
<Task>1</Task>
<Opcode>2</Opcode>
<Keywords>0x4001200000000000</Keywords>
<TimeCreated SystemTime="2020-10-24 22:19:29.397589"></TimeCreated>
<EventRecordID>33</EventRecordID>
<Correlation ActivityID="" RelatedActivityID=""></Correlation>
<Execution ProcessID="1324" ThreadID="1560"></Execution>
<Channel>Microsoft-Windows-NetworkProfile/Operational</Channel>
<Computer>WIN-PTFPHFCRDJ0</Computer>
<Security UserID="S-1-5-19"></Security>
</System>
<EventData><Data Name="InterfaceGuid">{2e722116-8b3b-472d-a7de-f7debe304e5a}</Data>
<Data Name="CurrentOrNextState">1</Data>
</EventData>
</Event>

<Event xmlns="http://schemas.microsoft.com/win/2004/08/events/event"><System><Provider Name="Microsoft-Windows-NetworkProfile" Guid="{fbcfac3f-8459-419f-8e48-1f0b49cdb85e}"></Provider>
<EventID Qualifiers="">20002</EventID>
<Version>0</Version>
<Level>4</Level>
<Task>0</Task>
<Opcode>0</Opcode>
<Keywords>0x4000000000000020</Keywords>
<TimeCreated SystemTime="2020-10-24 22:19:29.424667"></TimeCreated>
<EventRecordID>34</EventRecordID>
<Correlation ActivityID="" RelatedActivityID=""></Correlation>
<Execution ProcessID="1324" ThreadID="1560"></Execution>
<Channel>Microsoft-Windows-NetworkProfile/Operational</Channel>
<Computer>WIN-PTFPHFCRDJ0</Computer>
<Security UserID="S-1-5-19"></Security>
</System>
<EventData><Data Name="ProfileGuid">{7c2fb00a-031b-4948-8974-161e1e356dc2}</Data>
<Data Name="InterfaceGuid">{2e722116-8b3b-472d-a7de-f7debe304e5a}</Data>
<Data Name="Category">0</Data>
<Data Name="ErrorCodev4">0</Data>
<Data Name="ErrorCodev6">0</Data>
<Data Name="Context">5567</Data>
</EventData>
</Event>

<Event xmlns="http://schemas.microsoft.com/win/2004/08/events/event"><System><Provider Name="Microsoft-Windows-NetworkProfile" Guid="{fbcfac3f-8459-419f-8e48-1f0b49cdb85e}"></Provider>
<EventID Qualifiers="">20002</EventID>
<Version>0</Version>
<Level>4</Level>
<Task>0</Task>
<Opcode>0</Opcode>
<Keywords>0x4000000000000020</Keywords>
<TimeCreated SystemTime="2020-10-24 22:19:29.532948"></TimeCreated>
<EventRecordID>35</EventRecordID>
<Correlation ActivityID="" RelatedActivityID=""></Correlation>
<Execution ProcessID="1324" ThreadID="1412"></Execution>
<Channel>Microsoft-Windows-NetworkProfile/Operational</Channel>
<Computer>WIN-PTFPHFCRDJ0</Computer>
<Security UserID="S-1-5-19"></Security>
</System>
<EventData><Data Name="ProfileGuid">{7c2fb00a-031b-4948-8974-161e1e356dc2}</Data>
<Data Name="InterfaceGuid">{2e722116-8b3b-472d-a7de-f7debe304e5a}</Data>
<Data Name="Category">0</Data>
<Data Name="ErrorCodev4">0</Data>
<Data Name="ErrorCodev6">0</Data>
<Data Name="Context">5567</Data>
</EventData>
</Event>

<Event xmlns="http://schemas.microsoft.com/win/2004/08/events/event"><System><Provider Name="Microsoft-Windows-NetworkProfile" Guid="{fbcfac3f-8459-419f-8e48-1f0b49cdb85e}"></Provider>
<EventID Qualifiers="">10000</EventID>
<Version>0</Version>
<Level>4</Level>
<Task>0</Task>
<Opcode>0</Opcode>
<Keywords>0x4000200000000020</Keywords>
<TimeCreated SystemTime="2020-10-24 22:19:29.541492"></TimeCreated>
<EventRecordID>36</EventRecordID>
<Correlation ActivityID="" RelatedActivityID=""></Correlation>
<Execution ProcessID="1324" ThreadID="1612"></Execution>
<Channel>Microsoft-Windows-NetworkProfile/Operational</Channel>
<Computer>WIN-PTFPHFCRDJ0</Computer>
<Security UserID="S-1-5-19"></Security>
</System>
<EventData><Data Name="Name">Network</Data>
<Data Name="Description">Network</Data>
<Data Name="Guid">{7c2fb00a-031b-4948-8974-161e1e356dc2}</Data>
<Data Name="Type">0</Data>
<Data Name="State">9</Data>
<Data Name="Category">0</Data>
</EventData>
</Event>

<Event xmlns="http://schemas.microsoft.com/win/2004/08/events/event"><System><Provider Name="Microsoft-Windows-NetworkProfile" Guid="{fbcfac3f-8459-419f-8e48-1f0b49cdb85e}"></Provider>
<EventID Qualifiers="">4004</EventID>
<Version>0</Version>
<Level>4</Level>
<Task>0</Task>
<Opcode>0</Opcode>
<Keywords>0x4000000000000000</Keywords>
<TimeCreated SystemTime="2020-10-24 22:19:40.581333"></TimeCreated>
<EventRecordID>37</EventRecordID>
<Correlation ActivityID="" RelatedActivityID=""></Correlation>
<Execution ProcessID="1324" ThreadID="1624"></Execution>
<Channel>Microsoft-Windows-NetworkProfile/Operational</Channel>
<Computer>WIN-PTFPHFCRDJ0</Computer>
<Security UserID="S-1-5-19"></Security>
</System>
<EventData><Data Name="NewInternetConnectionProfile">True</Data>
<Data Name="ConnectionCostChanged">True</Data>
<Data Name="DomainConnectivityLevelChanged">False</Data>
<Data Name="NetworkConnectivityLevelChanged">True</Data>
<Data Name="HostNameChanged">False</Data>
<Data Name="WwanRegistrationStateChanged">False</Data>
<Data Name="TetheringOperationalStateChanged">False</Data>
<Data Name="TetheringClientCountChanged">False</Data>
</EventData>
</Event>

<Event xmlns="http://schemas.microsoft.com/win/2004/08/events/event"><System><Provider Name="Microsoft-Windows-NetworkProfile" Guid="{fbcfac3f-8459-419f-8e48-1f0b49cdb85e}"></Provider>
<EventID Qualifiers="">4002</EventID>
<Version>0</Version>
<Level>4</Level>
<Task>1</Task>
<Opcode>2</Opcode>
<Keywords>0x4001200000000000</Keywords>
<TimeCreated SystemTime="2020-10-26 11:57:56.938478"></TimeCreated>
<EventRecordID>38</EventRecordID>
<Correlation ActivityID="" RelatedActivityID=""></Correlation>
<Execution ProcessID="1328" ThreadID="1744"></Execution>
<Channel>Microsoft-Windows-NetworkProfile/Operational</Channel>
<Computer>WIN-PTFPHFCRDJ0</Computer>
<Security UserID="S-1-5-19"></Security>
</System>
<EventData><Data Name="InterfaceGuid">{2e722116-8b3b-472d-a7de-f7debe304e5a}</Data>
<Data Name="CurrentOrNextState">1</Data>
</EventData>
</Event>

<Event xmlns="http://schemas.microsoft.com/win/2004/08/events/event"><System><Provider Name="Microsoft-Windows-NetworkProfile" Guid="{fbcfac3f-8459-419f-8e48-1f0b49cdb85e}"></Provider>
<EventID Qualifiers="">20002</EventID>
<Version>0</Version>
<Level>4</Level>
<Task>0</Task>
<Opcode>0</Opcode>
<Keywords>0x4000000000000020</Keywords>
<TimeCreated SystemTime="2020-10-26 11:57:56.964052"></TimeCreated>
<EventRecordID>39</EventRecordID>
<Correlation ActivityID="" RelatedActivityID=""></Correlation>
<Execution ProcessID="1328" ThreadID="1744"></Execution>
<Channel>Microsoft-Windows-NetworkProfile/Operational</Channel>
<Computer>WIN-PTFPHFCRDJ0</Computer>
<Security UserID="S-1-5-19"></Security>
</System>
<EventData><Data Name="ProfileGuid">{7c2fb00a-031b-4948-8974-161e1e356dc2}</Data>
<Data Name="InterfaceGuid">{2e722116-8b3b-472d-a7de-f7debe304e5a}</Data>
<Data Name="Category">0</Data>
<Data Name="ErrorCodev4">0</Data>
<Data Name="ErrorCodev6">0</Data>
<Data Name="Context">5567</Data>
</EventData>
</Event>

<Event xmlns="http://schemas.microsoft.com/win/2004/08/events/event"><System><Provider Name="Microsoft-Windows-NetworkProfile" Guid="{fbcfac3f-8459-419f-8e48-1f0b49cdb85e}"></Provider>
<EventID Qualifiers="">10000</EventID>
<Version>0</Version>
<Level>4</Level>
<Task>0</Task>
<Opcode>0</Opcode>
<Keywords>0x4000200000000020</Keywords>
<TimeCreated SystemTime="2020-10-26 11:57:56.987398"></TimeCreated>
<EventRecordID>40</EventRecordID>
<Correlation ActivityID="" RelatedActivityID=""></Correlation>
<Execution ProcessID="1328" ThreadID="1824"></Execution>
<Channel>Microsoft-Windows-NetworkProfile/Operational</Channel>
<Computer>WIN-PTFPHFCRDJ0</Computer>
<Security UserID="S-1-5-19"></Security>
</System>
<EventData><Data Name="Name">Network</Data>
<Data Name="Description">Network</Data>
<Data Name="Guid">{7c2fb00a-031b-4948-8974-161e1e356dc2}</Data>
<Data Name="Type">0</Data>
<Data Name="State">1</Data>
<Data Name="Category">0</Data>
</EventData>
</Event>

<Event xmlns="http://schemas.microsoft.com/win/2004/08/events/event"><System><Provider Name="Microsoft-Windows-NetworkProfile" Guid="{fbcfac3f-8459-419f-8e48-1f0b49cdb85e}"></Provider>
<EventID Qualifiers="">20002</EventID>
<Version>0</Version>
<Level>4</Level>
<Task>0</Task>
<Opcode>0</Opcode>
<Keywords>0x4000000000000020</Keywords>
<TimeCreated SystemTime="2020-10-26 11:57:58.388811"></TimeCreated>
<EventRecordID>41</EventRecordID>
<Correlation ActivityID="" RelatedActivityID=""></Correlation>
<Execution ProcessID="1328" ThreadID="1856"></Execution>
<Channel>Microsoft-Windows-NetworkProfile/Operational</Channel>
<Computer>WIN-PTFPHFCRDJ0</Computer>
<Security UserID="S-1-5-19"></Security>
</System>
<EventData><Data Name="ProfileGuid">{7c2fb00a-031b-4948-8974-161e1e356dc2}</Data>
<Data Name="InterfaceGuid">{2e722116-8b3b-472d-a7de-f7debe304e5a}</Data>
<Data Name="Category">0</Data>
<Data Name="ErrorCodev4">0</Data>
<Data Name="ErrorCodev6">0</Data>
<Data Name="Context">5567</Data>
</EventData>
</Event>

<Event xmlns="http://schemas.microsoft.com/win/2004/08/events/event"><System><Provider Name="Microsoft-Windows-NetworkProfile" Guid="{fbcfac3f-8459-419f-8e48-1f0b49cdb85e}"></Provider>
<EventID Qualifiers="">4004</EventID>
<Version>0</Version>
<Level>4</Level>
<Task>0</Task>
<Opcode>0</Opcode>
<Keywords>0x4000000000000000</Keywords>
<TimeCreated SystemTime="2020-10-26 11:58:05.762665"></TimeCreated>
<EventRecordID>42</EventRecordID>
<Correlation ActivityID="" RelatedActivityID=""></Correlation>
<Execution ProcessID="1328" ThreadID="1836"></Execution>
<Channel>Microsoft-Windows-NetworkProfile/Operational</Channel>
<Computer>WIN-PTFPHFCRDJ0</Computer>
<Security UserID="S-1-5-19"></Security>
</System>
<EventData><Data Name="NewInternetConnectionProfile">True</Data>
<Data Name="ConnectionCostChanged">True</Data>
<Data Name="DomainConnectivityLevelChanged">False</Data>
<Data Name="NetworkConnectivityLevelChanged">True</Data>
<Data Name="HostNameChanged">False</Data>
<Data Name="WwanRegistrationStateChanged">False</Data>
<Data Name="TetheringOperationalStateChanged">False</Data>
<Data Name="TetheringClientCountChanged">False</Data>
</EventData>
</Event>

<Event xmlns="http://schemas.microsoft.com/win/2004/08/events/event"><System><Provider Name="Microsoft-Windows-NetworkProfile" Guid="{fbcfac3f-8459-419f-8e48-1f0b49cdb85e}"></Provider>
<EventID Qualifiers="">4002</EventID>
<Version>0</Version>
<Level>4</Level>
<Task>1</Task>
<Opcode>2</Opcode>
<Keywords>0x4001200000000000</Keywords>
<TimeCreated SystemTime="2020-10-26 15:12:44.839401"></TimeCreated>
<EventRecordID>43</EventRecordID>
<Correlation ActivityID="" RelatedActivityID=""></Correlation>
<Execution ProcessID="1312" ThreadID="1660"></Execution>
<Channel>Microsoft-Windows-NetworkProfile/Operational</Channel>
<Computer>WIN-PTFPHFCRDJ0</Computer>
<Security UserID="S-1-5-19"></Security>
</System>
<EventData><Data Name="InterfaceGuid">{2e722116-8b3b-472d-a7de-f7debe304e5a}</Data>
<Data Name="CurrentOrNextState">1</Data>
</EventData>
</Event>

<Event xmlns="http://schemas.microsoft.com/win/2004/08/events/event"><System><Provider Name="Microsoft-Windows-NetworkProfile" Guid="{fbcfac3f-8459-419f-8e48-1f0b49cdb85e}"></Provider>
<EventID Qualifiers="">20002</EventID>
<Version>0</Version>
<Level>4</Level>
<Task>0</Task>
<Opcode>0</Opcode>
<Keywords>0x4000000000000020</Keywords>
<TimeCreated SystemTime="2020-10-26 15:12:44.921206"></TimeCreated>
<EventRecordID>44</EventRecordID>
<Correlation ActivityID="" RelatedActivityID=""></Correlation>
<Execution ProcessID="1312" ThreadID="1660"></Execution>
<Channel>Microsoft-Windows-NetworkProfile/Operational</Channel>
<Computer>WIN-PTFPHFCRDJ0</Computer>
<Security UserID="S-1-5-19"></Security>
</System>
<EventData><Data Name="ProfileGuid">{7c2fb00a-031b-4948-8974-161e1e356dc2}</Data>
<Data Name="InterfaceGuid">{2e722116-8b3b-472d-a7de-f7debe304e5a}</Data>
<Data Name="Category">0</Data>
<Data Name="ErrorCodev4">0</Data>
<Data Name="ErrorCodev6">0</Data>
<Data Name="Context">5567</Data>
</EventData>
</Event>

<Event xmlns="http://schemas.microsoft.com/win/2004/08/events/event"><System><Provider Name="Microsoft-Windows-NetworkProfile" Guid="{fbcfac3f-8459-419f-8e48-1f0b49cdb85e}"></Provider>
<EventID Qualifiers="">10000</EventID>
<Version>0</Version>
<Level>4</Level>
<Task>0</Task>
<Opcode>0</Opcode>
<Keywords>0x4000200000000020</Keywords>
<TimeCreated SystemTime="2020-10-26 15:12:45.009401"></TimeCreated>
<EventRecordID>45</EventRecordID>
<Correlation ActivityID="" RelatedActivityID=""></Correlation>
<Execution ProcessID="1312" ThreadID="1836"></Execution>
<Channel>Microsoft-Windows-NetworkProfile/Operational</Channel>
<Computer>WIN-PTFPHFCRDJ0</Computer>
<Security UserID="S-1-5-19"></Security>
</System>
<EventData><Data Name="Name">Network</Data>
<Data Name="Description">Network</Data>
<Data Name="Guid">{7c2fb00a-031b-4948-8974-161e1e356dc2}</Data>
<Data Name="Type">0</Data>
<Data Name="State">1</Data>
<Data Name="Category">0</Data>
</EventData>
</Event>

<Event xmlns="http://schemas.microsoft.com/win/2004/08/events/event"><System><Provider Name="Microsoft-Windows-NetworkProfile" Guid="{fbcfac3f-8459-419f-8e48-1f0b49cdb85e}"></Provider>
<EventID Qualifiers="">20002</EventID>
<Version>0</Version>
<Level>4</Level>
<Task>0</Task>
<Opcode>0</Opcode>
<Keywords>0x4000000000000020</Keywords>
<TimeCreated SystemTime="2020-10-26 15:12:45.098738"></TimeCreated>
<EventRecordID>46</EventRecordID>
<Correlation ActivityID="" RelatedActivityID=""></Correlation>
<Execution ProcessID="1312" ThreadID="1412"></Execution>
<Channel>Microsoft-Windows-NetworkProfile/Operational</Channel>
<Computer>WIN-PTFPHFCRDJ0</Computer>
<Security UserID="S-1-5-19"></Security>
</System>
<EventData><Data Name="ProfileGuid">{7c2fb00a-031b-4948-8974-161e1e356dc2}</Data>
<Data Name="InterfaceGuid">{2e722116-8b3b-472d-a7de-f7debe304e5a}</Data>
<Data Name="Category">0</Data>
<Data Name="ErrorCodev4">0</Data>
<Data Name="ErrorCodev6">0</Data>
<Data Name="Context">5567</Data>
</EventData>
</Event>

<Event xmlns="http://schemas.microsoft.com/win/2004/08/events/event"><System><Provider Name="Microsoft-Windows-NetworkProfile" Guid="{fbcfac3f-8459-419f-8e48-1f0b49cdb85e}"></Provider>
<EventID Qualifiers="">4004</EventID>
<Version>0</Version>
<Level>4</Level>
<Task>0</Task>
<Opcode>0</Opcode>
<Keywords>0x4000000000000000</Keywords>
<TimeCreated SystemTime="2020-10-26 15:12:51.147449"></TimeCreated>
<EventRecordID>47</EventRecordID>
<Correlation ActivityID="" RelatedActivityID=""></Correlation>
<Execution ProcessID="1312" ThreadID="1664"></Execution>
<Channel>Microsoft-Windows-NetworkProfile/Operational</Channel>
<Computer>WIN-PTFPHFCRDJ0</Computer>
<Security UserID="S-1-5-19"></Security>
</System>
<EventData><Data Name="NewInternetConnectionProfile">True</Data>
<Data Name="ConnectionCostChanged">True</Data>
<Data Name="DomainConnectivityLevelChanged">False</Data>
<Data Name="NetworkConnectivityLevelChanged">True</Data>
<Data Name="HostNameChanged">False</Data>
<Data Name="WwanRegistrationStateChanged">False</Data>
<Data Name="TetheringOperationalStateChanged">False</Data>
<Data Name="TetheringClientCountChanged">False</Data>
</EventData>
</Event>

<Event xmlns="http://schemas.microsoft.com/win/2004/08/events/event"><System><Provider Name="Microsoft-Windows-NetworkProfile" Guid="{fbcfac3f-8459-419f-8e48-1f0b49cdb85e}"></Provider>
<EventID Qualifiers="">4002</EventID>
<Version>0</Version>
<Level>4</Level>
<Task>1</Task>
<Opcode>2</Opcode>
<Keywords>0x4001200000000000</Keywords>
<TimeCreated SystemTime="2020-10-27 01:58:13.327354"></TimeCreated>
<EventRecordID>48</EventRecordID>
<Correlation ActivityID="" RelatedActivityID=""></Correlation>
<Execution ProcessID="1316" ThreadID="1500"></Execution>
<Channel>Microsoft-Windows-NetworkProfile/Operational</Channel>
<Computer>WIN-PTFPHFCRDJ0</Computer>
<Security UserID="S-1-5-19"></Security>
</System>
<EventData><Data Name="InterfaceGuid">{2e722116-8b3b-472d-a7de-f7debe304e5a}</Data>
<Data Name="CurrentOrNextState">1</Data>
</EventData>
</Event>

<Event xmlns="http://schemas.microsoft.com/win/2004/08/events/event"><System><Provider Name="Microsoft-Windows-NetworkProfile" Guid="{fbcfac3f-8459-419f-8e48-1f0b49cdb85e}"></Provider>
<EventID Qualifiers="">20002</EventID>
<Version>0</Version>
<Level>4</Level>
<Task>0</Task>
<Opcode>0</Opcode>
<Keywords>0x4000000000000020</Keywords>
<TimeCreated SystemTime="2020-10-27 01:58:13.386469"></TimeCreated>
<EventRecordID>49</EventRecordID>
<Correlation ActivityID="" RelatedActivityID=""></Correlation>
<Execution ProcessID="1316" ThreadID="1500"></Execution>
<Channel>Microsoft-Windows-NetworkProfile/Operational</Channel>
<Computer>WIN-PTFPHFCRDJ0</Computer>
<Security UserID="S-1-5-19"></Security>
</System>
<EventData><Data Name="ProfileGuid">{7c2fb00a-031b-4948-8974-161e1e356dc2}</Data>
<Data Name="InterfaceGuid">{2e722116-8b3b-472d-a7de-f7debe304e5a}</Data>
<Data Name="Category">0</Data>
<Data Name="ErrorCodev4">0</Data>
<Data Name="ErrorCodev6">0</Data>
<Data Name="Context">5567</Data>
</EventData>
</Event>

<Event xmlns="http://schemas.microsoft.com/win/2004/08/events/event"><System><Provider Name="Microsoft-Windows-NetworkProfile" Guid="{fbcfac3f-8459-419f-8e48-1f0b49cdb85e}"></Provider>
<EventID Qualifiers="">10000</EventID>
<Version>0</Version>
<Level>4</Level>
<Task>0</Task>
<Opcode>0</Opcode>
<Keywords>0x4000200000000020</Keywords>
<TimeCreated SystemTime="2020-10-27 01:58:13.393101"></TimeCreated>
<EventRecordID>50</EventRecordID>
<Correlation ActivityID="" RelatedActivityID=""></Correlation>
<Execution ProcessID="1316" ThreadID="1512"></Execution>
<Channel>Microsoft-Windows-NetworkProfile/Operational</Channel>
<Computer>WIN-PTFPHFCRDJ0</Computer>
<Security UserID="S-1-5-19"></Security>
</System>
<EventData><Data Name="Name">Network</Data>
<Data Name="Description">Network</Data>
<Data Name="Guid">{7c2fb00a-031b-4948-8974-161e1e356dc2}</Data>
<Data Name="Type">0</Data>
<Data Name="State">1</Data>
<Data Name="Category">0</Data>
</EventData>
</Event>

