<Event xmlns="http://schemas.microsoft.com/win/2004/08/events/event"><System><Provider Name="Microsoft-Windows-Store" Guid="{9c2a37f3-e5fd-5cae-bcd1-43dafeee1ff0}"></Provider>
<EventID Qualifiers="">8012</EventID>
<Version>0</Version>
<Level>5</Level>
<Task>8002</Task>
<Opcode>17</Opcode>
<Keywords>0x8000200000000000</Keywords>
<TimeCreated SystemTime="2020-10-23 13:54:54.392164"></TimeCreated>
<EventRecordID>442</EventRecordID>
<Correlation ActivityID="" RelatedActivityID=""></Correlation>
<Execution ProcessID="1332" ThreadID="1372"></Execution>
<Channel>Microsoft-Windows-Store/Operational</Channel>
<Computer>WIN-PTFPHFCRDJ0</Computer>
<Security UserID="S-1-5-19"></Security>
</System>
<EventData><Data Name="State Machine">0x000001a3e850d9c0</Data>
<Data Name="Thread ID">1372</Data>
<Data Name="State Machine Name">Key:NegotiatingUnleased</Data>
<Data Name="Current State">Key:Initial</Data>
<Data Name="New State">ddc422e2-1615-e74d-228f-268b3376a5b5</Data>
</EventData>
</Event>

<Event xmlns="http://schemas.microsoft.com/win/2004/08/events/event"><System><Provider Name="Microsoft-Windows-Store" Guid="{9c2a37f3-e5fd-5cae-bcd1-43dafeee1ff0}"></Provider>
<EventID Qualifiers="">8011</EventID>
<Version>0</Version>
<Level>5</Level>
<Task>8002</Task>
<Opcode>16</Opcode>
<Keywords>0x8000200000000000</Keywords>
<TimeCreated SystemTime="2020-10-23 13:54:54.392170"></TimeCreated>
<EventRecordID>443</EventRecordID>
<Correlation ActivityID="" RelatedActivityID=""></Correlation>
<Execution ProcessID="1332" ThreadID="1372"></Execution>
<Channel>Microsoft-Windows-Store/Operational</Channel>
<Computer>WIN-PTFPHFCRDJ0</Computer>
<Security UserID="S-1-5-19"></Security>
</System>
<EventData><Data Name="State Machine">0x000001a3e850d9c0</Data>
<Data Name="Thread ID">1372</Data>
<Data Name="State Machine Name">ddc422e2-1615-e74d-228f-268b3376a5b5</Data>
<Data Name="Event Name">Key:Unregistered</Data>
<Data Name="Current State">Key:Initial</Data>
</EventData>
</Event>

<Event xmlns="http://schemas.microsoft.com/win/2004/08/events/event"><System><Provider Name="Microsoft-Windows-Store" Guid="{9c2a37f3-e5fd-5cae-bcd1-43dafeee1ff0}"></Provider>
<EventID Qualifiers="">8012</EventID>
<Version>0</Version>
<Level>5</Level>
<Task>8002</Task>
<Opcode>17</Opcode>
<Keywords>0x8000200000000000</Keywords>
<TimeCreated SystemTime="2020-10-23 13:54:54.392172"></TimeCreated>
<EventRecordID>444</EventRecordID>
<Correlation ActivityID="" RelatedActivityID=""></Correlation>
<Execution ProcessID="1332" ThreadID="1372"></Execution>
<Channel>Microsoft-Windows-Store/Operational</Channel>
<Computer>WIN-PTFPHFCRDJ0</Computer>
<Security UserID="S-1-5-19"></Security>
</System>
<EventData><Data Name="State Machine">0x000001a3e850d9c0</Data>
<Data Name="Thread ID">1372</Data>
<Data Name="State Machine Name">Key:Initial</Data>
<Data Name="Current State">Key:Invalid</Data>
<Data Name="New State">ddc422e2-1615-e74d-228f-268b3376a5b5</Data>
</EventData>
</Event>

<Event xmlns="http://schemas.microsoft.com/win/2004/08/events/event"><System><Provider Name="Microsoft-Windows-Store" Guid="{9c2a37f3-e5fd-5cae-bcd1-43dafeee1ff0}"></Provider>
<EventID Qualifiers="">8001</EventID>
<Version>0</Version>
<Level>4</Level>
<Task>8001</Task>
<Opcode>14</Opcode>
<Keywords>0x8000100000000000</Keywords>
<TimeCreated SystemTime="2020-10-23 13:54:54.437269"></TimeCreated>
<EventRecordID>445</EventRecordID>
<Correlation ActivityID="" RelatedActivityID=""></Correlation>
<Execution ProcessID="1332" ThreadID="1412"></Execution>
<Channel>Microsoft-Windows-Store/Operational</Channel>
<Computer>WIN-PTFPHFCRDJ0</Computer>
<Security UserID="S-1-5-19"></Security>
</System>
<EventData><Data Name="Message">onecoreuap\enduser\winstore\licensemanager\lib\applicensemanager.cpp(373)\LicenseManager.dll!00007FFADC6DF1EF: Exception(5) tid(584) 87E10BC6     [ApplicationLicenseManager::ActivateLicenseForContent]
</Data>
<Data Name="Function">ApplicationLicenseManager::ActivateLicenseForContent</Data>
<Data Name="Source">onecoreuap\enduser\winstore\licensemanager\lib\applicensemanager.cpp</Data>
<Data Name="Line Number">376</Data>
</EventData>
</Event>

<Event xmlns="http://schemas.microsoft.com/win/2004/08/events/event"><System><Provider Name="Microsoft-Windows-Store" Guid="{9c2a37f3-e5fd-5cae-bcd1-43dafeee1ff0}"></Provider>
<EventID Qualifiers="">8001</EventID>
<Version>0</Version>
<Level>4</Level>
<Task>8001</Task>
<Opcode>14</Opcode>
<Keywords>0x8000100000000000</Keywords>
<TimeCreated SystemTime="2020-10-23 14:00:15.257238"></TimeCreated>
<EventRecordID>446</EventRecordID>
<Correlation ActivityID="" RelatedActivityID=""></Correlation>
<Execution ProcessID="1332" ThreadID="1940"></Execution>
<Channel>Microsoft-Windows-Store/Operational</Channel>
<Computer>WIN-PTFPHFCRDJ0</Computer>
<Security UserID="S-1-5-21-1152959844-3645458174-3779170896-1000"></Security>
</System>
<EventData><Data Name="Message">Licensing content ddc422e2-1615-e74d-228f-268b3376a5b5</Data>
<Data Name="Function">OneStoreApplicationLicenseManager::ActivateLicenseForContent</Data>
<Data Name="Source">onecoreuap\enduser\winstore\licensemanager\lib\onestoreapplicensemanager.cpp</Data>
<Data Name="Line Number">402</Data>
</EventData>
</Event>

<Event xmlns="http://schemas.microsoft.com/win/2004/08/events/event"><System><Provider Name="Microsoft-Windows-Store" Guid="{9c2a37f3-e5fd-5cae-bcd1-43dafeee1ff0}"></Provider>
<EventID Qualifiers="">8001</EventID>
<Version>0</Version>
<Level>4</Level>
<Task>8001</Task>
<Opcode>14</Opcode>
<Keywords>0x8000100000000000</Keywords>
<TimeCreated SystemTime="2020-10-23 14:00:15.257246"></TimeCreated>
<EventRecordID>447</EventRecordID>
<Correlation ActivityID="" RelatedActivityID=""></Correlation>
<Execution ProcessID="1332" ThreadID="1940"></Execution>
<Channel>Microsoft-Windows-Store/Operational</Channel>
<Computer>WIN-PTFPHFCRDJ0</Computer>
<Security UserID="S-1-5-21-1152959844-3645458174-3779170896-1000"></Security>
</System>
<EventData><Data Name="Message">Licensing ddc422e2-1615-e74d-228f-268b3376a5b5 (Active)</Data>
<Data Name="Function">LicenseManager::LicenseContentWithId</Data>
<Data Name="Source">onecoreuap\enduser\winstore\licensemanager\lib\manager.cpp</Data>
<Data Name="Line Number">81</Data>
</EventData>
</Event>

<Event xmlns="http://schemas.microsoft.com/win/2004/08/events/event"><System><Provider Name="Microsoft-Windows-Store" Guid="{9c2a37f3-e5fd-5cae-bcd1-43dafeee1ff0}"></Provider>
<EventID Qualifiers="">8001</EventID>
<Version>0</Version>
<Level>4</Level>
<Task>8001</Task>
<Opcode>14</Opcode>
<Keywords>0x8000100000000000</Keywords>
<TimeCreated SystemTime="2020-10-23 14:00:15.257286"></TimeCreated>
<EventRecordID>448</EventRecordID>
<Correlation ActivityID="" RelatedActivityID=""></Correlation>
<Execution ProcessID="1332" ThreadID="1940"></Execution>
<Channel>Microsoft-Windows-Store/Operational</Channel>
<Computer>WIN-PTFPHFCRDJ0</Computer>
<Security UserID="S-1-5-21-1152959844-3645458174-3779170896-1000"></Security>
</System>
<EventData><Data Name="Message">000001A3E67F24C0: Key Machine for content: ddc422e2-1615-e74d-228f-268b3376a5b5</Data>
<Data Name="Function">KeyMachine::KeyMachine</Data>
<Data Name="Source">onecoreuap\enduser\winstore\licensemanager\lib\keymachine.cpp</Data>
<Data Name="Line Number">95</Data>
</EventData>
</Event>

<Event xmlns="http://schemas.microsoft.com/win/2004/08/events/event"><System><Provider Name="Microsoft-Windows-Store" Guid="{9c2a37f3-e5fd-5cae-bcd1-43dafeee1ff0}"></Provider>
<EventID Qualifiers="">8011</EventID>
<Version>0</Version>
<Level>5</Level>
<Task>8002</Task>
<Opcode>16</Opcode>
<Keywords>0x8000200000000000</Keywords>
<TimeCreated SystemTime="2020-10-23 14:00:15.257311"></TimeCreated>
<EventRecordID>449</EventRecordID>
<Correlation ActivityID="" RelatedActivityID=""></Correlation>
<Execution ProcessID="1332" ThreadID="1376"></Execution>
<Channel>Microsoft-Windows-Store/Operational</Channel>
<Computer>WIN-PTFPHFCRDJ0</Computer>
<Security UserID="S-1-5-19"></Security>
</System>
<EventData><Data Name="State Machine">0x000001a3e84dd868</Data>
<Data Name="Thread ID">1376</Data>
<Data Name="State Machine Name">RootMachine</Data>
<Data Name="Event Name">Root:Connect</Data>
<Data Name="Current State">Root:Valid</Data>
</EventData>
</Event>

<Event xmlns="http://schemas.microsoft.com/win/2004/08/events/event"><System><Provider Name="Microsoft-Windows-Store" Guid="{9c2a37f3-e5fd-5cae-bcd1-43dafeee1ff0}"></Provider>
<EventID Qualifiers="">8011</EventID>
<Version>0</Version>
<Level>5</Level>
<Task>8002</Task>
<Opcode>16</Opcode>
<Keywords>0x8000200000000000</Keywords>
<TimeCreated SystemTime="2020-10-23 14:00:15.257318"></TimeCreated>
<EventRecordID>450</EventRecordID>
<Correlation ActivityID="" RelatedActivityID=""></Correlation>
<Execution ProcessID="1332" ThreadID="1376"></Execution>
<Channel>Microsoft-Windows-Store/Operational</Channel>
<Computer>WIN-PTFPHFCRDJ0</Computer>
<Security UserID="S-1-5-19"></Security>
</System>
<EventData><Data Name="State Machine">0x000001a3e67f24e0</Data>
<Data Name="Thread ID">1376</Data>
<Data Name="State Machine Name">ddc422e2-1615-e74d-228f-268b3376a5b5</Data>
<Data Name="Event Name">Key:Activate</Data>
<Data Name="Current State">Key:Initial</Data>
</EventData>
</Event>

<Event xmlns="http://schemas.microsoft.com/win/2004/08/events/event"><System><Provider Name="Microsoft-Windows-Store" Guid="{9c2a37f3-e5fd-5cae-bcd1-43dafeee1ff0}"></Provider>
<EventID Qualifiers="">8001</EventID>
<Version>0</Version>
<Level>4</Level>
<Task>8001</Task>
<Opcode>14</Opcode>
<Keywords>0x8000100000000000</Keywords>
<TimeCreated SystemTime="2020-10-23 14:00:15.257326"></TimeCreated>
<EventRecordID>451</EventRecordID>
<Correlation ActivityID="" RelatedActivityID=""></Correlation>
<Execution ProcessID="1332" ThreadID="1376"></Execution>
<Channel>Microsoft-Windows-Store/Operational</Channel>
<Computer>WIN-PTFPHFCRDJ0</Computer>
<Security UserID="S-1-5-19"></Security>
</System>
<EventData><Data Name="Message">000001A3E67F24C0: BeginLicense: Operation 3, CachedLeaseOK true, RequireServiceValidation false</Data>
<Data Name="Function">KeyMachine::DoBeginLicense</Data>
<Data Name="Source">onecoreuap\enduser\winstore\licensemanager\lib\keymachine.cpp</Data>
<Data Name="Line Number">806</Data>
</EventData>
</Event>

<Event xmlns="http://schemas.microsoft.com/win/2004/08/events/event"><System><Provider Name="Microsoft-Windows-Store" Guid="{9c2a37f3-e5fd-5cae-bcd1-43dafeee1ff0}"></Provider>
<EventID Qualifiers="">8012</EventID>
<Version>0</Version>
<Level>5</Level>
<Task>8002</Task>
<Opcode>17</Opcode>
<Keywords>0x8000200000000000</Keywords>
<TimeCreated SystemTime="2020-10-23 14:00:15.257330"></TimeCreated>
<EventRecordID>452</EventRecordID>
<Correlation ActivityID="" RelatedActivityID=""></Correlation>
<Execution ProcessID="1332" ThreadID="1376"></Execution>
<Channel>Microsoft-Windows-Store/Operational</Channel>
<Computer>WIN-PTFPHFCRDJ0</Computer>
<Security UserID="S-1-5-19"></Security>
</System>
<EventData><Data Name="State Machine">0x000001a3e67f24e0</Data>
<Data Name="Thread ID">1376</Data>
<Data Name="State Machine Name">Key:Initial</Data>
<Data Name="Current State">Key:NegotiatingUnleased</Data>
<Data Name="New State">ddc422e2-1615-e74d-228f-268b3376a5b5</Data>
</EventData>
</Event>

<Event xmlns="http://schemas.microsoft.com/win/2004/08/events/event"><System><Provider Name="Microsoft-Windows-Store" Guid="{9c2a37f3-e5fd-5cae-bcd1-43dafeee1ff0}"></Provider>
<EventID Qualifiers="">8011</EventID>
<Version>0</Version>
<Level>5</Level>
<Task>8002</Task>
<Opcode>16</Opcode>
<Keywords>0x8000200000000000</Keywords>
<TimeCreated SystemTime="2020-10-23 14:00:15.257330"></TimeCreated>
<EventRecordID>453</EventRecordID>
<Correlation ActivityID="" RelatedActivityID=""></Correlation>
<Execution ProcessID="1332" ThreadID="1376"></Execution>
<Channel>Microsoft-Windows-Store/Operational</Channel>
<Computer>WIN-PTFPHFCRDJ0</Computer>
<Security UserID="S-1-5-19"></Security>
</System>
<EventData><Data Name="State Machine">0x000001a3e67f24e0</Data>
<Data Name="Thread ID">1376</Data>
<Data Name="State Machine Name">ddc422e2-1615-e74d-228f-268b3376a5b5</Data>
<Data Name="Event Name">Key:Activate</Data>
<Data Name="Current State">Key:NegotiatingUnleased</Data>
</EventData>
</Event>

<Event xmlns="http://schemas.microsoft.com/win/2004/08/events/event"><System><Provider Name="Microsoft-Windows-Store" Guid="{9c2a37f3-e5fd-5cae-bcd1-43dafeee1ff0}"></Provider>
<EventID Qualifiers="">8001</EventID>
<Version>0</Version>
<Level>4</Level>
<Task>8001</Task>
<Opcode>14</Opcode>
<Keywords>0x8000100000000000</Keywords>
<TimeCreated SystemTime="2020-10-23 14:00:15.331839"></TimeCreated>
<EventRecordID>454</EventRecordID>
<Correlation ActivityID="" RelatedActivityID=""></Correlation>
<Execution ProcessID="1332" ThreadID="1376"></Execution>
<Channel>Microsoft-Windows-Store/Operational</Channel>
<Computer>WIN-PTFPHFCRDJ0</Computer>
<Security UserID="S-1-5-21-1152959844-3645458174-3779170896-1000"></Security>
</System>
<EventData><Data Name="Message">No key document found for contentid ddc422e2-1615-e74d-228f-268b3376a5b5</Data>
<Data Name="Function">ClipStorage::GetKeyDocumentForContentWithIdAndMinQuality</Data>
<Data Name="Source">onecoreuap\enduser\winstore\licensemanager\lib\clipstorage.cpp</Data>
<Data Name="Line Number">269</Data>
</EventData>
</Event>

<Event xmlns="http://schemas.microsoft.com/win/2004/08/events/event"><System><Provider Name="Microsoft-Windows-Store" Guid="{9c2a37f3-e5fd-5cae-bcd1-43dafeee1ff0}"></Provider>
<EventID Qualifiers="">8001</EventID>
<Version>0</Version>
<Level>4</Level>
<Task>8001</Task>
<Opcode>14</Opcode>
<Keywords>0x8000100000000000</Keywords>
<TimeCreated SystemTime="2020-10-23 14:00:15.362295"></TimeCreated>
<EventRecordID>455</EventRecordID>
<Correlation ActivityID="" RelatedActivityID=""></Correlation>
<Execution ProcessID="1332" ThreadID="3708"></Execution>
<Channel>Microsoft-Windows-Store/Operational</Channel>
<Computer>WIN-PTFPHFCRDJ0</Computer>
<Security UserID="S-1-5-19"></Security>
</System>
<EventData><Data Name="Message">Getting user tickets for S-1-5-21-1152959844-3645458174-3779170896-1000</Data>
<Data Name="Function">SingleUserStoredIdentitySnapshot::CaptureIdentity</Data>
<Data Name="Source">onecoreuap\enduser\winstore\licensemanager\lib\identity.cpp</Data>
<Data Name="Line Number">350</Data>
</EventData>
</Event>

<Event xmlns="http://schemas.microsoft.com/win/2004/08/events/event"><System><Provider Name="Microsoft-Windows-Store" Guid="{9c2a37f3-e5fd-5cae-bcd1-43dafeee1ff0}"></Provider>
<EventID Qualifiers="">8001</EventID>
<Version>0</Version>
<Level>4</Level>
<Task>8001</Task>
<Opcode>14</Opcode>
<Keywords>0x8000100000000000</Keywords>
<TimeCreated SystemTime="2020-10-23 14:00:15.367464"></TimeCreated>
<EventRecordID>456</EventRecordID>
<Correlation ActivityID="" RelatedActivityID=""></Correlation>
<Execution ProcessID="1332" ThreadID="3708"></Execution>
<Channel>Microsoft-Windows-Store/Operational</Channel>
<Computer>WIN-PTFPHFCRDJ0</Computer>
<Security UserID="S-1-5-21-1152959844-3645458174-3779170896-1000"></Security>
</System>
<EventData><Data Name="Message">hr: 0x80070002</Data>
<Data Name="Function">WinStoreAuth::AuthenticationInternal::FetchStoreAccountIdFromRegistry</Data>
<Data Name="Source">\winstoreauth.cpp</Data>
<Data Name="Line Number">1163</Data>
</EventData>
</Event>

<Event xmlns="http://schemas.microsoft.com/win/2004/08/events/event"><System><Provider Name="Microsoft-Windows-Store" Guid="{9c2a37f3-e5fd-5cae-bcd1-43dafeee1ff0}"></Provider>
<EventID Qualifiers="">8002</EventID>
<Version>0</Version>
<Level>3</Level>
<Task>8001</Task>
<Opcode>13</Opcode>
<Keywords>0x8000100000000000</Keywords>
<TimeCreated SystemTime="2020-10-23 14:00:15.367817"></TimeCreated>
<EventRecordID>457</EventRecordID>
<Correlation ActivityID="" RelatedActivityID=""></Correlation>
<Execution ProcessID="1332" ThreadID="3708"></Execution>
<Channel>Microsoft-Windows-Store/Operational</Channel>
<Computer>WIN-PTFPHFCRDJ0</Computer>
<Security UserID="S-1-5-21-1152959844-3645458174-3779170896-1000"></Security>
</System>
<EventData><Data Name="Message">hr: 0x80070525</Data>
<Data Name="Function">WaitForOperation</Data>
<Data Name="Source">onecoreuap\enduser\winstore\licensemanager\inc\util.h</Data>
<Data Name="Line Number">294</Data>
</EventData>
</Event>

<Event xmlns="http://schemas.microsoft.com/win/2004/08/events/event"><System><Provider Name="Microsoft-Windows-Store" Guid="{9c2a37f3-e5fd-5cae-bcd1-43dafeee1ff0}"></Provider>
<EventID Qualifiers="">8002</EventID>
<Version>0</Version>
<Level>3</Level>
<Task>8001</Task>
<Opcode>13</Opcode>
<Keywords>0x8000100000000000</Keywords>
<TimeCreated SystemTime="2020-10-23 14:00:15.367842"></TimeCreated>
<EventRecordID>458</EventRecordID>
<Correlation ActivityID="" RelatedActivityID=""></Correlation>
<Execution ProcessID="1332" ThreadID="3708"></Execution>
<Channel>Microsoft-Windows-Store/Operational</Channel>
<Computer>WIN-PTFPHFCRDJ0</Computer>
<Security UserID="S-1-5-21-1152959844-3645458174-3779170896-1000"></Security>
</System>
<EventData><Data Name="Message">No authenticated user, no ticket. (0x80070525)</Data>
<Data Name="Function">CaptureLegacyMSATicket</Data>
<Data Name="Source">onecoreuap\enduser\winstore\licensemanager\lib\identity.cpp</Data>
<Data Name="Line Number">125</Data>
</EventData>
</Event>

<Event xmlns="http://schemas.microsoft.com/win/2004/08/events/event"><System><Provider Name="Microsoft-Windows-Store" Guid="{9c2a37f3-e5fd-5cae-bcd1-43dafeee1ff0}"></Provider>
<EventID Qualifiers="">8002</EventID>
<Version>0</Version>
<Level>3</Level>
<Task>8001</Task>
<Opcode>13</Opcode>
<Keywords>0x8000100000000000</Keywords>
<TimeCreated SystemTime="2020-10-23 14:00:15.367847"></TimeCreated>
<EventRecordID>459</EventRecordID>
<Correlation ActivityID="" RelatedActivityID=""></Correlation>
<Execution ProcessID="1332" ThreadID="3708"></Execution>
<Channel>Microsoft-Windows-Store/Operational</Channel>
<Computer>WIN-PTFPHFCRDJ0</Computer>
<Security UserID="S-1-5-19"></Security>
</System>
<EventData><Data Name="Message">No user tickets captured for S-1-5-21-1152959844-3645458174-3779170896-1000, so this might not end well.</Data>
<Data Name="Function">SingleUserStoredIdentitySnapshot::CaptureIdentity</Data>
<Data Name="Source">onecoreuap\enduser\winstore\licensemanager\lib\identity.cpp</Data>
<Data Name="Line Number">416</Data>
</EventData>
</Event>

<Event xmlns="http://schemas.microsoft.com/win/2004/08/events/event"><System><Provider Name="Microsoft-Windows-Store" Guid="{9c2a37f3-e5fd-5cae-bcd1-43dafeee1ff0}"></Provider>
<EventID Qualifiers="">8001</EventID>
<Version>0</Version>
<Level>4</Level>
<Task>8001</Task>
<Opcode>14</Opcode>
<Keywords>0x8000100000000000</Keywords>
<TimeCreated SystemTime="2020-10-23 14:00:15.368408"></TimeCreated>
<EventRecordID>460</EventRecordID>
<Correlation ActivityID="" RelatedActivityID=""></Correlation>
<Execution ProcessID="1332" ThreadID="1376"></Execution>
<Channel>Microsoft-Windows-Store/Operational</Channel>
<Computer>WIN-PTFPHFCRDJ0</Computer>
<Security UserID="S-1-5-19"></Security>
</System>
<EventData><Data Name="Message">Requesting license for ddc422e2-1615-e74d-228f-268b3376a5b5 at /v7.0/licenses/content (https://licensing.mp.microsoft.com) (Corr: dTMB5LBkd0yb/JXq.2)</Data>
<Data Name="Function">LicenseProxyService::DoRequestLicense</Data>
<Data Name="Source">onecoreuap\enduser\winstore\licensemanager\lib\proxy.cpp</Data>
<Data Name="Line Number">1960</Data>
</EventData>
</Event>

<Event xmlns="http://schemas.microsoft.com/win/2004/08/events/event"><System><Provider Name="Microsoft-Windows-Store" Guid="{9c2a37f3-e5fd-5cae-bcd1-43dafeee1ff0}"></Provider>
<EventID Qualifiers="">8003</EventID>
<Version>0</Version>
<Level>2</Level>
<Task>8001</Task>
<Opcode>12</Opcode>
<Keywords>0x8000100000000000</Keywords>
<TimeCreated SystemTime="2020-10-23 14:00:16.339884"></TimeCreated>
<EventRecordID>461</EventRecordID>
<Correlation ActivityID="" RelatedActivityID=""></Correlation>
<Execution ProcessID="1332" ThreadID="1376"></Execution>
<Channel>Microsoft-Windows-Store/Operational</Channel>
<Computer>WIN-PTFPHFCRDJ0</Computer>
<Security UserID="S-1-5-19"></Security>
</System>
<EventData><Data Name="Message">Service Fault: status: 400 code: ContentIdNotInCatalog: description: The requested content id could not be found in the catalog. data: ["ddc422e2-1615-e74d-228f-268b3376a5b5"] (Corr: dTMB5LBkd0yb/JXq.2, Svr: 49)</Data>
<Data Name="Function">LogServiceFault</Data>
<Data Name="Source">onecoreuap\enduser\winstore\licensemanager\lib\telemetry.cpp</Data>
<Data Name="Line Number">100</Data>
</EventData>
</Event>

<Event xmlns="http://schemas.microsoft.com/win/2004/08/events/event"><System><Provider Name="Microsoft-Windows-Store" Guid="{9c2a37f3-e5fd-5cae-bcd1-43dafeee1ff0}"></Provider>
<EventID Qualifiers="">8002</EventID>
<Version>0</Version>
<Level>3</Level>
<Task>8001</Task>
<Opcode>13</Opcode>
<Keywords>0x8000100000000000</Keywords>
<TimeCreated SystemTime="2020-10-23 14:00:16.339951"></TimeCreated>
<EventRecordID>462</EventRecordID>
<Correlation ActivityID="" RelatedActivityID=""></Correlation>
<Execution ProcessID="1332" ThreadID="1376"></Execution>
<Channel>Microsoft-Windows-Store/Operational</Channel>
<Computer>WIN-PTFPHFCRDJ0</Computer>
<Security UserID="S-1-5-19"></Security>
</System>
<EventData><Data Name="Message">hr: 0x87e10bc6</Data>
<Data Name="Function">LicenseProxyService::DoRequestLicense</Data>
<Data Name="Source">onecoreuap\enduser\winstore\licensemanager\lib\proxy.cpp</Data>
<Data Name="Line Number">1974</Data>
</EventData>
</Event>

<Event xmlns="http://schemas.microsoft.com/win/2004/08/events/event"><System><Provider Name="Microsoft-Windows-Store" Guid="{9c2a37f3-e5fd-5cae-bcd1-43dafeee1ff0}"></Provider>
<EventID Qualifiers="">8001</EventID>
<Version>0</Version>
<Level>4</Level>
<Task>8001</Task>
<Opcode>14</Opcode>
<Keywords>0x8000100000000000</Keywords>
<TimeCreated SystemTime="2020-10-23 14:00:16.340189"></TimeCreated>
<EventRecordID>463</EventRecordID>
<Correlation ActivityID="" RelatedActivityID=""></Correlation>
<Execution ProcessID="1332" ThreadID="1376"></Execution>
<Channel>Microsoft-Windows-Store/Operational</Channel>
<Computer>WIN-PTFPHFCRDJ0</Computer>
<Security UserID="S-1-5-19"></Security>
</System>
<EventData><Data Name="Message">onecoreuap\enduser\winstore\licensemanager\lib\proxy.cpp(1974)\LicenseManager.dll!00007FFADC69B908: Exception(7) tid(560) 87E10BC6     [LicenseProxyService::DoRequestLicense]
</Data>
<Data Name="Function">LicenseProxyService::RequestLicenseForContentWithId</Data>
<Data Name="Source">onecoreuap\enduser\winstore\licensemanager\lib\proxy.cpp</Data>
<Data Name="Line Number">343</Data>
</EventData>
</Event>

<Event xmlns="http://schemas.microsoft.com/win/2004/08/events/event"><System><Provider Name="Microsoft-Windows-Store" Guid="{9c2a37f3-e5fd-5cae-bcd1-43dafeee1ff0}"></Provider>
<EventID Qualifiers="">8002</EventID>
<Version>0</Version>
<Level>3</Level>
<Task>8001</Task>
<Opcode>13</Opcode>
<Keywords>0x8000100000000000</Keywords>
<TimeCreated SystemTime="2020-10-23 14:00:16.340212"></TimeCreated>
<EventRecordID>464</EventRecordID>
<Correlation ActivityID="" RelatedActivityID=""></Correlation>
<Execution ProcessID="1332" ThreadID="1376"></Execution>
<Channel>Microsoft-Windows-Store/Operational</Channel>
<Computer>WIN-PTFPHFCRDJ0</Computer>
<Security UserID="S-1-5-19"></Security>
</System>
<EventData><Data Name="Message">hr: 0x87e10bc6</Data>
<Data Name="Function">LicenseManagerCore::RequestLicenseForContentWithId</Data>
<Data Name="Source">onecoreuap\enduser\winstore\licensemanager\lib\managercore.cpp</Data>
<Data Name="Line Number">1863</Data>
</EventData>
</Event>

<Event xmlns="http://schemas.microsoft.com/win/2004/08/events/event"><System><Provider Name="Microsoft-Windows-Store" Guid="{9c2a37f3-e5fd-5cae-bcd1-43dafeee1ff0}"></Provider>
<EventID Qualifiers="">8001</EventID>
<Version>0</Version>
<Level>4</Level>
<Task>8001</Task>
<Opcode>14</Opcode>
<Keywords>0x8000100000000000</Keywords>
<TimeCreated SystemTime="2020-10-23 14:00:16.340296"></TimeCreated>
<EventRecordID>465</EventRecordID>
<Correlation ActivityID="" RelatedActivityID=""></Correlation>
<Execution ProcessID="1332" ThreadID="1376"></Execution>
<Channel>Microsoft-Windows-Store/Operational</Channel>
<Computer>WIN-PTFPHFCRDJ0</Computer>
<Security UserID="S-1-5-19"></Security>
</System>
<EventData><Data Name="Message">onecoreuap\enduser\winstore\licensemanager\lib\managercore.cpp(1863)\LicenseManager.dll!00007FFADC69D6D3: Exception(8) tid(560) 87E10BC6     [LicenseManagerCore::RequestLicenseForContentWithId]
</Data>
<Data Name="Function">KeyMachine::DoLicenseThreadProc</Data>
<Data Name="Source">onecoreuap\enduser\winstore\licensemanager\lib\keymachine.cpp</Data>
<Data Name="Line Number">967</Data>
</EventData>
</Event>

<Event xmlns="http://schemas.microsoft.com/win/2004/08/events/event"><System><Provider Name="Microsoft-Windows-Store" Guid="{9c2a37f3-e5fd-5cae-bcd1-43dafeee1ff0}"></Provider>
<EventID Qualifiers="">8011</EventID>
<Version>0</Version>
<Level>5</Level>
<Task>8002</Task>
<Opcode>16</Opcode>
<Keywords>0x8000200000000000</Keywords>
<TimeCreated SystemTime="2020-10-23 14:00:16.340315"></TimeCreated>
<EventRecordID>466</EventRecordID>
<Correlation ActivityID="" RelatedActivityID=""></Correlation>
<Execution ProcessID="1332" ThreadID="1376"></Execution>
<Channel>Microsoft-Windows-Store/Operational</Channel>
<Computer>WIN-PTFPHFCRDJ0</Computer>
<Security UserID="S-1-5-19"></Security>
</System>
<EventData><Data Name="State Machine">0x000001a3e67f24e0</Data>
<Data Name="Thread ID">1376</Data>
<Data Name="State Machine Name">ddc422e2-1615-e74d-228f-268b3376a5b5</Data>
<Data Name="Event Name">Key:@LicenseDone</Data>
<Data Name="Current State">Key:NegotiatingUnleased</Data>
</EventData>
</Event>

<Event xmlns="http://schemas.microsoft.com/win/2004/08/events/event"><System><Provider Name="Microsoft-Windows-Store" Guid="{9c2a37f3-e5fd-5cae-bcd1-43dafeee1ff0}"></Provider>
<EventID Qualifiers="">8012</EventID>
<Version>0</Version>
<Level>5</Level>
<Task>8002</Task>
<Opcode>17</Opcode>
<Keywords>0x8000200000000000</Keywords>
<TimeCreated SystemTime="2020-10-23 14:00:16.340342"></TimeCreated>
<EventRecordID>467</EventRecordID>
<Correlation ActivityID="" RelatedActivityID=""></Correlation>
<Execution ProcessID="1332" ThreadID="1376"></Execution>
<Channel>Microsoft-Windows-Store/Operational</Channel>
<Computer>WIN-PTFPHFCRDJ0</Computer>
<Security UserID="S-1-5-19"></Security>
</System>
<EventData><Data Name="State Machine">0x000001a3e67f24e0</Data>
<Data Name="Thread ID">1376</Data>
<Data Name="State Machine Name">Key:NegotiatingUnleased</Data>
<Data Name="Current State">Key:Initial</Data>
<Data Name="New State">ddc422e2-1615-e74d-228f-268b3376a5b5</Data>
</EventData>
</Event>

<Event xmlns="http://schemas.microsoft.com/win/2004/08/events/event"><System><Provider Name="Microsoft-Windows-Store" Guid="{9c2a37f3-e5fd-5cae-bcd1-43dafeee1ff0}"></Provider>
<EventID Qualifiers="">8002</EventID>
<Version>0</Version>
<Level>3</Level>
<Task>8001</Task>
<Opcode>13</Opcode>
<Keywords>0x8000100000000000</Keywords>
<TimeCreated SystemTime="2020-10-23 14:00:16.340366"></TimeCreated>
<EventRecordID>468</EventRecordID>
<Correlation ActivityID="" RelatedActivityID=""></Correlation>
<Execution ProcessID="1332" ThreadID="1940"></Execution>
<Channel>Microsoft-Windows-Store/Operational</Channel>
<Computer>WIN-PTFPHFCRDJ0</Computer>
<Security UserID="S-1-5-21-1152959844-3645458174-3779170896-1000"></Security>
</System>
<EventData><Data Name="Message">hr: 0x87e10bc6</Data>
<Data Name="Function">LicenseCallback::WaitForComplete</Data>
<Data Name="Source">onecoreuap\enduser\winstore\licensemanager\lib\managercore.cpp</Data>
<Data Name="Line Number">171</Data>
</EventData>
</Event>

<Event xmlns="http://schemas.microsoft.com/win/2004/08/events/event"><System><Provider Name="Microsoft-Windows-Store" Guid="{9c2a37f3-e5fd-5cae-bcd1-43dafeee1ff0}"></Provider>
<EventID Qualifiers="">8002</EventID>
<Version>0</Version>
<Level>3</Level>
<Task>8001</Task>
<Opcode>13</Opcode>
<Keywords>0x8000100000000000</Keywords>
<TimeCreated SystemTime="2020-10-23 14:00:16.340445"></TimeCreated>
<EventRecordID>469</EventRecordID>
<Correlation ActivityID="" RelatedActivityID=""></Correlation>
<Execution ProcessID="1332" ThreadID="1940"></Execution>
<Channel>Microsoft-Windows-Store/Operational</Channel>
<Computer>WIN-PTFPHFCRDJ0</Computer>
<Security UserID="S-1-5-21-1152959844-3645458174-3779170896-1000"></Security>
</System>
<EventData><Data Name="Message">hr: 0x87e10bc6</Data>
<Data Name="Function">ApplicationLicenseManager::ActivateLicenseForContent</Data>
<Data Name="Source">onecoreuap\enduser\winstore\licensemanager\lib\applicensemanager.cpp</Data>
<Data Name="Line Number">373</Data>
</EventData>
</Event>

<Event xmlns="http://schemas.microsoft.com/win/2004/08/events/event"><System><Provider Name="Microsoft-Windows-Store" Guid="{9c2a37f3-e5fd-5cae-bcd1-43dafeee1ff0}"></Provider>
<EventID Qualifiers="">8001</EventID>
<Version>0</Version>
<Level>4</Level>
<Task>8001</Task>
<Opcode>14</Opcode>
<Keywords>0x8000100000000000</Keywords>
<TimeCreated SystemTime="2020-10-23 14:00:16.340527"></TimeCreated>
<EventRecordID>470</EventRecordID>
<Correlation ActivityID="" RelatedActivityID=""></Correlation>
<Execution ProcessID="1332" ThreadID="1940"></Execution>
<Channel>Microsoft-Windows-Store/Operational</Channel>
<Computer>WIN-PTFPHFCRDJ0</Computer>
<Security UserID="S-1-5-19"></Security>
</System>
<EventData><Data Name="Message">onecoreuap\enduser\winstore\licensemanager\lib\applicensemanager.cpp(373)\LicenseManager.dll!00007FFADC6DF1EF: Exception(10) tid(794) 87E10BC6     [ApplicationLicenseManager::ActivateLicenseForContent]
</Data>
<Data Name="Function">ApplicationLicenseManager::ActivateLicenseForContent</Data>
<Data Name="Source">onecoreuap\enduser\winstore\licensemanager\lib\applicensemanager.cpp</Data>
<Data Name="Line Number">376</Data>
</EventData>
</Event>

<Event xmlns="http://schemas.microsoft.com/win/2004/08/events/event"><System><Provider Name="Microsoft-Windows-Store" Guid="{9c2a37f3-e5fd-5cae-bcd1-43dafeee1ff0}"></Provider>
<EventID Qualifiers="">8011</EventID>
<Version>0</Version>
<Level>5</Level>
<Task>8002</Task>
<Opcode>16</Opcode>
<Keywords>0x8000200000000000</Keywords>
<TimeCreated SystemTime="2020-10-23 14:00:16.340586"></TimeCreated>
<EventRecordID>471</EventRecordID>
<Correlation ActivityID="" RelatedActivityID=""></Correlation>
<Execution ProcessID="1332" ThreadID="1940"></Execution>
<Channel>Microsoft-Windows-Store/Operational</Channel>
<Computer>WIN-PTFPHFCRDJ0</Computer>
<Security UserID="S-1-5-19"></Security>
</System>
<EventData><Data Name="State Machine">0x000001a3e67f24e0</Data>
<Data Name="Thread ID">1940</Data>
<Data Name="State Machine Name">ddc422e2-1615-e74d-228f-268b3376a5b5</Data>
<Data Name="Event Name">Key:Unregistered</Data>
<Data Name="Current State">Key:Initial</Data>
</EventData>
</Event>

<Event xmlns="http://schemas.microsoft.com/win/2004/08/events/event"><System><Provider Name="Microsoft-Windows-Store" Guid="{9c2a37f3-e5fd-5cae-bcd1-43dafeee1ff0}"></Provider>
<EventID Qualifiers="">8012</EventID>
<Version>0</Version>
<Level>5</Level>
<Task>8002</Task>
<Opcode>17</Opcode>
<Keywords>0x8000200000000000</Keywords>
<TimeCreated SystemTime="2020-10-23 14:00:16.340588"></TimeCreated>
<EventRecordID>472</EventRecordID>
<Correlation ActivityID="" RelatedActivityID=""></Correlation>
<Execution ProcessID="1332" ThreadID="1940"></Execution>
<Channel>Microsoft-Windows-Store/Operational</Channel>
<Computer>WIN-PTFPHFCRDJ0</Computer>
<Security UserID="S-1-5-19"></Security>
</System>
<EventData><Data Name="State Machine">0x000001a3e67f24e0</Data>
<Data Name="Thread ID">1940</Data>
<Data Name="State Machine Name">Key:Initial</Data>
<Data Name="Current State">Key:Invalid</Data>
<Data Name="New State">ddc422e2-1615-e74d-228f-268b3376a5b5</Data>
</EventData>
</Event>

<Event xmlns="http://schemas.microsoft.com/win/2004/08/events/event"><System><Provider Name="Microsoft-Windows-Store" Guid="{9c2a37f3-e5fd-5cae-bcd1-43dafeee1ff0}"></Provider>
<EventID Qualifiers="">8000</EventID>
<Version>0</Version>
<Level>4</Level>
<Task>8000</Task>
<Opcode>0</Opcode>
<Keywords>0x8000100000000000</Keywords>
<TimeCreated SystemTime="2020-10-23 14:00:27.053301"></TimeCreated>
<EventRecordID>473</EventRecordID>
<Correlation ActivityID="" RelatedActivityID=""></Correlation>
<Execution ProcessID="956" ThreadID="2004"></Execution>
<Channel>Microsoft-Windows-Store/Operational</Channel>
<Computer>WIN-PTFPHFCRDJ0</Computer>
<Security UserID="S-1-5-21-1152959844-3645458174-3779170896-1000"></Security>
</System>
<EventData><Data Name="Process Name">C:\Windows\system32\sihost.exe</Data>
<Data Name="Module Name">C:\Windows\SYSTEM32\licensemanagerapi.dll</Data>
<Data Name="Build Name">17763.1.amd64fre.rs5_release.180914-1434</Data>
</EventData>
</Event>

<Event xmlns="http://schemas.microsoft.com/win/2004/08/events/event"><System><Provider Name="Microsoft-Windows-Store" Guid="{9c2a37f3-e5fd-5cae-bcd1-43dafeee1ff0}"></Provider>
<EventID Qualifiers="">8000</EventID>
<Version>0</Version>
<Level>4</Level>
<Task>8000</Task>
<Opcode>0</Opcode>
<Keywords>0x8000100000000000</Keywords>
<TimeCreated SystemTime="2020-10-23 14:00:27.317272"></TimeCreated>
<EventRecordID>474</EventRecordID>
<Correlation ActivityID="" RelatedActivityID=""></Correlation>
<Execution ProcessID="940" ThreadID="1064"></Execution>
<Channel>Microsoft-Windows-Store/Operational</Channel>
<Computer>WIN-PTFPHFCRDJ0</Computer>
<Security UserID="S-1-5-21-1152959844-3645458174-3779170896-1000"></Security>
</System>
<EventData><Data Name="Process Name">C:\Windows\system32\svchost.exe</Data>
<Data Name="Module Name">C:\Windows\SYSTEM32\licensemanagerapi.dll</Data>
<Data Name="Build Name">17763.1.amd64fre.rs5_release.180914-1434</Data>
</EventData>
</Event>

<Event xmlns="http://schemas.microsoft.com/win/2004/08/events/event"><System><Provider Name="Microsoft-Windows-Store" Guid="{9c2a37f3-e5fd-5cae-bcd1-43dafeee1ff0}"></Provider>
<EventID Qualifiers="">8000</EventID>
<Version>0</Version>
<Level>4</Level>
<Task>8000</Task>
<Opcode>0</Opcode>
<Keywords>0x8000100000000000</Keywords>
<TimeCreated SystemTime="2020-10-23 18:49:45.089144"></TimeCreated>
<EventRecordID>475</EventRecordID>
<Correlation ActivityID="" RelatedActivityID=""></Correlation>
<Execution ProcessID="1292" ThreadID="3348"></Execution>
<Channel>Microsoft-Windows-Store/Operational</Channel>
<Computer>WIN-PTFPHFCRDJ0</Computer>
<Security UserID="S-1-5-19"></Security>
</System>
<EventData><Data Name="Process Name">C:\Windows\system32\svchost.exe</Data>
<Data Name="Module Name">c:\windows\system32\LicenseManager.dll</Data>
<Data Name="Build Name">17763.1.amd64fre.rs5_release.180914-1434</Data>
</EventData>
</Event>

<Event xmlns="http://schemas.microsoft.com/win/2004/08/events/event"><System><Provider Name="Microsoft-Windows-Store" Guid="{9c2a37f3-e5fd-5cae-bcd1-43dafeee1ff0}"></Provider>
<EventID Qualifiers="">8001</EventID>
<Version>0</Version>
<Level>4</Level>
<Task>8001</Task>
<Opcode>14</Opcode>
<Keywords>0x8000100000000000</Keywords>
<TimeCreated SystemTime="2020-10-23 18:49:45.089994"></TimeCreated>
<EventRecordID>476</EventRecordID>
<Correlation ActivityID="" RelatedActivityID=""></Correlation>
<Execution ProcessID="1292" ThreadID="3348"></Execution>
<Channel>Microsoft-Windows-Store/Operational</Channel>
<Computer>WIN-PTFPHFCRDJ0</Computer>
<Security UserID="S-1-5-19"></Security>
</System>
<EventData><Data Name="Message">License Manager starting...</Data>
<Data Name="Function">ServiceInitializeImpl</Data>
<Data Name="Source">onecoreuap\enduser\winstore\licensemanager\lib\service.cpp</Data>
<Data Name="Line Number">1891</Data>
</EventData>
</Event>

<Event xmlns="http://schemas.microsoft.com/win/2004/08/events/event"><System><Provider Name="Microsoft-Windows-Store" Guid="{9c2a37f3-e5fd-5cae-bcd1-43dafeee1ff0}"></Provider>
<EventID Qualifiers="">8001</EventID>
<Version>0</Version>
<Level>4</Level>
<Task>8001</Task>
<Opcode>14</Opcode>
<Keywords>0x8000100000000000</Keywords>
<TimeCreated SystemTime="2020-10-23 18:49:45.091579"></TimeCreated>
<EventRecordID>477</EventRecordID>
<Correlation ActivityID="" RelatedActivityID=""></Correlation>
<Execution ProcessID="1292" ThreadID="3348"></Execution>
<Channel>Microsoft-Windows-Store/Operational</Channel>
<Computer>WIN-PTFPHFCRDJ0</Computer>
<Security UserID="S-1-5-19"></Security>
</System>
<EventData><Data Name="Message">Creating LM</Data>
<Data Name="Function">CreateLicenseManager</Data>
<Data Name="Source">onecoreuap\enduser\winstore\licensemanager\lib\manager.cpp</Data>
<Data Name="Line Number">572</Data>
</EventData>
</Event>

<Event xmlns="http://schemas.microsoft.com/win/2004/08/events/event"><System><Provider Name="Microsoft-Windows-Store" Guid="{9c2a37f3-e5fd-5cae-bcd1-43dafeee1ff0}"></Provider>
<EventID Qualifiers="">8001</EventID>
<Version>0</Version>
<Level>4</Level>
<Task>8001</Task>
<Opcode>14</Opcode>
<Keywords>0x8000100000000000</Keywords>
<TimeCreated SystemTime="2020-10-23 18:49:45.371735"></TimeCreated>
<EventRecordID>478</EventRecordID>
<Correlation ActivityID="" RelatedActivityID=""></Correlation>
<Execution ProcessID="1292" ThreadID="3348"></Execution>
<Channel>Microsoft-Windows-Store/Operational</Channel>
<Computer>WIN-PTFPHFCRDJ0</Computer>
<Security UserID="S-1-5-19"></Security>
</System>
<EventData><Data Name="Message">0000026C08096B90: Root Machine</Data>
<Data Name="Function">RootMachine::RootMachine</Data>
<Data Name="Source">onecoreuap\enduser\winstore\licensemanager\lib\rootmachine.cpp</Data>
<Data Name="Line Number">63</Data>
</EventData>
</Event>

<Event xmlns="http://schemas.microsoft.com/win/2004/08/events/event"><System><Provider Name="Microsoft-Windows-Store" Guid="{9c2a37f3-e5fd-5cae-bcd1-43dafeee1ff0}"></Provider>
<EventID Qualifiers="">8001</EventID>
<Version>0</Version>
<Level>4</Level>
<Task>8001</Task>
<Opcode>14</Opcode>
<Keywords>0x8000100000000000</Keywords>
<TimeCreated SystemTime="2020-10-23 18:49:45.391027"></TimeCreated>
<EventRecordID>479</EventRecordID>
<Correlation ActivityID="" RelatedActivityID=""></Correlation>
<Execution ProcessID="1292" ThreadID="3348"></Execution>
<Channel>Microsoft-Windows-Store/Operational</Channel>
<Computer>WIN-PTFPHFCRDJ0</Computer>
<Security UserID="S-1-5-19"></Security>
</System>
<EventData><Data Name="Message">License Manager started</Data>
<Data Name="Function">ServiceInitializeImpl</Data>
<Data Name="Source">onecoreuap\enduser\winstore\licensemanager\lib\service.cpp</Data>
<Data Name="Line Number">1912</Data>
</EventData>
</Event>

<Event xmlns="http://schemas.microsoft.com/win/2004/08/events/event"><System><Provider Name="Microsoft-Windows-Store" Guid="{9c2a37f3-e5fd-5cae-bcd1-43dafeee1ff0}"></Provider>
<EventID Qualifiers="">8001</EventID>
<Version>0</Version>
<Level>4</Level>
<Task>8001</Task>
<Opcode>14</Opcode>
<Keywords>0x8000100000000000</Keywords>
<TimeCreated SystemTime="2020-10-23 18:49:45.459608"></TimeCreated>
<EventRecordID>480</EventRecordID>
<Correlation ActivityID="" RelatedActivityID=""></Correlation>
<Execution ProcessID="1292" ThreadID="1400"></Execution>
<Channel>Microsoft-Windows-Store/Operational</Channel>
<Computer>WIN-PTFPHFCRDJ0</Computer>
<Security UserID="S-1-5-20"></Security>
</System>
<EventData><Data Name="Message">Licensing content ddc422e2-1615-e74d-228f-268b3376a5b5</Data>
<Data Name="Function">OneStoreApplicationLicenseManager::ActivateLicenseForContent</Data>
<Data Name="Source">onecoreuap\enduser\winstore\licensemanager\lib\onestoreapplicensemanager.cpp</Data>
<Data Name="Line Number">402</Data>
</EventData>
</Event>

<Event xmlns="http://schemas.microsoft.com/win/2004/08/events/event"><System><Provider Name="Microsoft-Windows-Store" Guid="{9c2a37f3-e5fd-5cae-bcd1-43dafeee1ff0}"></Provider>
<EventID Qualifiers="">8001</EventID>
<Version>0</Version>
<Level>4</Level>
<Task>8001</Task>
<Opcode>14</Opcode>
<Keywords>0x8000100000000000</Keywords>
<TimeCreated SystemTime="2020-10-23 18:49:45.459608"></TimeCreated>
<EventRecordID>481</EventRecordID>
<Correlation ActivityID="" RelatedActivityID=""></Correlation>
<Execution ProcessID="1292" ThreadID="1400"></Execution>
<Channel>Microsoft-Windows-Store/Operational</Channel>
<Computer>WIN-PTFPHFCRDJ0</Computer>
<Security UserID="S-1-5-20"></Security>
</System>
<EventData><Data Name="Message">Licensing ddc422e2-1615-e74d-228f-268b3376a5b5 (Active)</Data>
<Data Name="Function">LicenseManager::LicenseContentWithId</Data>
<Data Name="Source">onecoreuap\enduser\winstore\licensemanager\lib\manager.cpp</Data>
<Data Name="Line Number">81</Data>
</EventData>
</Event>

<Event xmlns="http://schemas.microsoft.com/win/2004/08/events/event"><System><Provider Name="Microsoft-Windows-Store" Guid="{9c2a37f3-e5fd-5cae-bcd1-43dafeee1ff0}"></Provider>
<EventID Qualifiers="">8001</EventID>
<Version>0</Version>
<Level>4</Level>
<Task>8001</Task>
<Opcode>14</Opcode>
<Keywords>0x8000100000000000</Keywords>
<TimeCreated SystemTime="2020-10-23 18:49:45.592346"></TimeCreated>
<EventRecordID>482</EventRecordID>
<Correlation ActivityID="" RelatedActivityID=""></Correlation>
<Execution ProcessID="1292" ThreadID="1400"></Execution>
<Channel>Microsoft-Windows-Store/Operational</Channel>
<Computer>WIN-PTFPHFCRDJ0</Computer>
<Security UserID="S-1-5-20"></Security>
</System>
<EventData><Data Name="Message">Network connectivity level initialized to 0x3</Data>
<Data Name="Function">NetworkStatusMonitor::Initialize</Data>
<Data Name="Source">onecoreuap\enduser\winstore\licensemanager\lib\networkstatusmonitor.cpp</Data>
<Data Name="Line Number">56</Data>
</EventData>
</Event>

<Event xmlns="http://schemas.microsoft.com/win/2004/08/events/event"><System><Provider Name="Microsoft-Windows-Store" Guid="{9c2a37f3-e5fd-5cae-bcd1-43dafeee1ff0}"></Provider>
<EventID Qualifiers="">8001</EventID>
<Version>0</Version>
<Level>4</Level>
<Task>8001</Task>
<Opcode>14</Opcode>
<Keywords>0x8000100000000000</Keywords>
<TimeCreated SystemTime="2020-10-23 18:49:45.592394"></TimeCreated>
<EventRecordID>483</EventRecordID>
<Correlation ActivityID="" RelatedActivityID=""></Correlation>
<Execution ProcessID="1292" ThreadID="1400"></Execution>
<Channel>Microsoft-Windows-Store/Operational</Channel>
<Computer>WIN-PTFPHFCRDJ0</Computer>
<Security UserID="S-1-5-20"></Security>
</System>
<EventData><Data Name="Message">0000026C09D76210: Key Machine for content: ddc422e2-1615-e74d-228f-268b3376a5b5</Data>
<Data Name="Function">KeyMachine::KeyMachine</Data>
<Data Name="Source">onecoreuap\enduser\winstore\licensemanager\lib\keymachine.cpp</Data>
<Data Name="Line Number">95</Data>
</EventData>
</Event>

<Event xmlns="http://schemas.microsoft.com/win/2004/08/events/event"><System><Provider Name="Microsoft-Windows-Store" Guid="{9c2a37f3-e5fd-5cae-bcd1-43dafeee1ff0}"></Provider>
<EventID Qualifiers="">8011</EventID>
<Version>0</Version>
<Level>5</Level>
<Task>8002</Task>
<Opcode>16</Opcode>
<Keywords>0x8000200000000000</Keywords>
<TimeCreated SystemTime="2020-10-23 18:49:45.592409"></TimeCreated>
<EventRecordID>484</EventRecordID>
<Correlation ActivityID="" RelatedActivityID=""></Correlation>
<Execution ProcessID="1292" ThreadID="2576"></Execution>
<Channel>Microsoft-Windows-Store/Operational</Channel>
<Computer>WIN-PTFPHFCRDJ0</Computer>
<Security UserID="S-1-5-19"></Security>
</System>
<EventData><Data Name="State Machine">0x0000026c08096ba8</Data>
<Data Name="Thread ID">2576</Data>
<Data Name="State Machine Name">RootMachine</Data>
<Data Name="Event Name">Root:Connect</Data>
<Data Name="Current State">Root:Initial</Data>
</EventData>
</Event>

<Event xmlns="http://schemas.microsoft.com/win/2004/08/events/event"><System><Provider Name="Microsoft-Windows-Store" Guid="{9c2a37f3-e5fd-5cae-bcd1-43dafeee1ff0}"></Provider>
<EventID Qualifiers="">8001</EventID>
<Version>0</Version>
<Level>4</Level>
<Task>8001</Task>
<Opcode>14</Opcode>
<Keywords>0x8000100000000000</Keywords>
<TimeCreated SystemTime="2020-10-23 18:49:45.592415"></TimeCreated>
<EventRecordID>485</EventRecordID>
<Correlation ActivityID="" RelatedActivityID=""></Correlation>
<Execution ProcessID="1292" ThreadID="2576"></Execution>
<Channel>Microsoft-Windows-Store/Operational</Channel>
<Computer>WIN-PTFPHFCRDJ0</Computer>
<Security UserID="S-1-5-19"></Security>
</System>
<EventData><Data Name="Message">0000026C08096B90: BeginRootLicense</Data>
<Data Name="Function">RootMachine::DoBeginRootLicense</Data>
<Data Name="Source">onecoreuap\enduser\winstore\licensemanager\lib\rootmachine.cpp</Data>
<Data Name="Line Number">201</Data>
</EventData>
</Event>

<Event xmlns="http://schemas.microsoft.com/win/2004/08/events/event"><System><Provider Name="Microsoft-Windows-Store" Guid="{9c2a37f3-e5fd-5cae-bcd1-43dafeee1ff0}"></Provider>
<EventID Qualifiers="">8012</EventID>
<Version>0</Version>
<Level>5</Level>
<Task>8002</Task>
<Opcode>17</Opcode>
<Keywords>0x8000200000000000</Keywords>
<TimeCreated SystemTime="2020-10-23 18:49:45.592417"></TimeCreated>
<EventRecordID>486</EventRecordID>
<Correlation ActivityID="" RelatedActivityID=""></Correlation>
<Execution ProcessID="1292" ThreadID="2576"></Execution>
<Channel>Microsoft-Windows-Store/Operational</Channel>
<Computer>WIN-PTFPHFCRDJ0</Computer>
<Security UserID="S-1-5-19"></Security>
</System>
<EventData><Data Name="State Machine">0x0000026c08096ba8</Data>
<Data Name="Thread ID">2576</Data>
<Data Name="State Machine Name">Root:Initial</Data>
<Data Name="Current State">Root:Negotiating</Data>
<Data Name="New State">RootMachine</Data>
</EventData>
</Event>

<Event xmlns="http://schemas.microsoft.com/win/2004/08/events/event"><System><Provider Name="Microsoft-Windows-Store" Guid="{9c2a37f3-e5fd-5cae-bcd1-43dafeee1ff0}"></Provider>
<EventID Qualifiers="">8011</EventID>
<Version>0</Version>
<Level>5</Level>
<Task>8002</Task>
<Opcode>16</Opcode>
<Keywords>0x8000200000000000</Keywords>
<TimeCreated SystemTime="2020-10-23 18:49:45.592421"></TimeCreated>
<EventRecordID>487</EventRecordID>
<Correlation ActivityID="" RelatedActivityID=""></Correlation>
<Execution ProcessID="1292" ThreadID="2576"></Execution>
<Channel>Microsoft-Windows-Store/Operational</Channel>
<Computer>WIN-PTFPHFCRDJ0</Computer>
<Security UserID="S-1-5-19"></Security>
</System>
<EventData><Data Name="State Machine">0x0000026c09d76230</Data>
<Data Name="Thread ID">2576</Data>
<Data Name="State Machine Name">ddc422e2-1615-e74d-228f-268b3376a5b5</Data>
<Data Name="Event Name">Key:Activate</Data>
<Data Name="Current State">Key:Initial</Data>
</EventData>
</Event>

<Event xmlns="http://schemas.microsoft.com/win/2004/08/events/event"><System><Provider Name="Microsoft-Windows-Store" Guid="{9c2a37f3-e5fd-5cae-bcd1-43dafeee1ff0}"></Provider>
<EventID Qualifiers="">8001</EventID>
<Version>0</Version>
<Level>4</Level>
<Task>8001</Task>
<Opcode>14</Opcode>
<Keywords>0x8000100000000000</Keywords>
<TimeCreated SystemTime="2020-10-23 18:49:45.592422"></TimeCreated>
<EventRecordID>488</EventRecordID>
<Correlation ActivityID="" RelatedActivityID=""></Correlation>
<Execution ProcessID="1292" ThreadID="2576"></Execution>
<Channel>Microsoft-Windows-Store/Operational</Channel>
<Computer>WIN-PTFPHFCRDJ0</Computer>
<Security UserID="S-1-5-19"></Security>
</System>
<EventData><Data Name="Message">0000026C09D76210: BeginLicense: Operation 3, CachedLeaseOK true, RequireServiceValidation false</Data>
<Data Name="Function">KeyMachine::DoBeginLicense</Data>
<Data Name="Source">onecoreuap\enduser\winstore\licensemanager\lib\keymachine.cpp</Data>
<Data Name="Line Number">806</Data>
</EventData>
</Event>

<Event xmlns="http://schemas.microsoft.com/win/2004/08/events/event"><System><Provider Name="Microsoft-Windows-Store" Guid="{9c2a37f3-e5fd-5cae-bcd1-43dafeee1ff0}"></Provider>
<EventID Qualifiers="">8012</EventID>
<Version>0</Version>
<Level>5</Level>
<Task>8002</Task>
<Opcode>17</Opcode>
<Keywords>0x8000200000000000</Keywords>
<TimeCreated SystemTime="2020-10-23 18:49:45.592422"></TimeCreated>
<EventRecordID>489</EventRecordID>
<Correlation ActivityID="" RelatedActivityID=""></Correlation>
<Execution ProcessID="1292" ThreadID="2576"></Execution>
<Channel>Microsoft-Windows-Store/Operational</Channel>
<Computer>WIN-PTFPHFCRDJ0</Computer>
<Security UserID="S-1-5-19"></Security>
</System>
<EventData><Data Name="State Machine">0x0000026c09d76230</Data>
<Data Name="Thread ID">2576</Data>
<Data Name="State Machine Name">Key:Initial</Data>
<Data Name="Current State">Key:NegotiatingUnleased</Data>
<Data Name="New State">ddc422e2-1615-e74d-228f-268b3376a5b5</Data>
</EventData>
</Event>

<Event xmlns="http://schemas.microsoft.com/win/2004/08/events/event"><System><Provider Name="Microsoft-Windows-Store" Guid="{9c2a37f3-e5fd-5cae-bcd1-43dafeee1ff0}"></Provider>
<EventID Qualifiers="">8011</EventID>
<Version>0</Version>
<Level>5</Level>
<Task>8002</Task>
<Opcode>16</Opcode>
<Keywords>0x8000200000000000</Keywords>
<TimeCreated SystemTime="2020-10-23 18:49:45.592424"></TimeCreated>
<EventRecordID>490</EventRecordID>
<Correlation ActivityID="" RelatedActivityID=""></Correlation>
<Execution ProcessID="1292" ThreadID="2576"></Execution>
<Channel>Microsoft-Windows-Store/Operational</Channel>
<Computer>WIN-PTFPHFCRDJ0</Computer>
<Security UserID="S-1-5-19"></Security>
</System>
<EventData><Data Name="State Machine">0x0000026c09d76230</Data>
<Data Name="Thread ID">2576</Data>
<Data Name="State Machine Name">ddc422e2-1615-e74d-228f-268b3376a5b5</Data>
<Data Name="Event Name">Key:Activate</Data>
<Data Name="Current State">Key:NegotiatingUnleased</Data>
</EventData>
</Event>

