<Event xmlns="http://schemas.microsoft.com/win/2004/08/events/event"><System><Provider Name="Microsoft-Windows-TerminalServices-LocalSessionManager" Guid="{5d896912-022d-40aa-a3a8-4fa5515c76d7}"></Provider>
<EventID Qualifiers="">21</EventID>
<Version>0</Version>
<Level>4</Level>
<Task>0</Task>
<Opcode>0</Opcode>
<Keywords>0x1000000000000000</Keywords>
<TimeCreated SystemTime="2020-10-26 15:26:55.145872"></TimeCreated>
<EventRecordID>115</EventRecordID>
<Correlation ActivityID="{61a55000-55e5-1017-0000-000000000000}" RelatedActivityID=""></Correlation>
<Execution ProcessID="932" ThreadID="1016"></Execution>
<Channel>Microsoft-Windows-TerminalServices-LocalSessionManager/Operational</Channel>
<Computer>WIN-PTFPHFCRDJ0</Computer>
<Security UserID="S-1-5-18"></Security>
</System>
<UserData><EventXML xmlns="Event_NS"><User>WIN-PTFPHFCRDJ0\user</User>
<SessionID>1</SessionID>
<Address>LOCAL</Address>
</EventXML>
</UserData>
</Event>

<Event xmlns="http://schemas.microsoft.com/win/2004/08/events/event"><System><Provider Name="Microsoft-Windows-TerminalServices-LocalSessionManager" Guid="{5d896912-022d-40aa-a3a8-4fa5515c76d7}"></Provider>
<EventID Qualifiers="">22</EventID>
<Version>0</Version>
<Level>4</Level>
<Task>0</Task>
<Opcode>0</Opcode>
<Keywords>0x1000000000000000</Keywords>
<TimeCreated SystemTime="2020-10-26 15:26:58.004827"></TimeCreated>
<EventRecordID>116</EventRecordID>
<Correlation ActivityID="{61a55000-55e5-1017-0000-000000000000}" RelatedActivityID=""></Correlation>
<Execution ProcessID="932" ThreadID="1044"></Execution>
<Channel>Microsoft-Windows-TerminalServices-LocalSessionManager/Operational</Channel>
<Computer>WIN-PTFPHFCRDJ0</Computer>
<Security UserID="S-1-5-18"></Security>
</System>
<UserData><EventXML xmlns="Event_NS"><User>WIN-PTFPHFCRDJ0\user</User>
<SessionID>1</SessionID>
<Address>LOCAL</Address>
</EventXML>
</UserData>
</Event>

<Event xmlns="http://schemas.microsoft.com/win/2004/08/events/event"><System><Provider Name="Microsoft-Windows-TerminalServices-LocalSessionManager" Guid="{5d896912-022d-40aa-a3a8-4fa5515c76d7}"></Provider>
<EventID Qualifiers="">23</EventID>
<Version>0</Version>
<Level>4</Level>
<Task>0</Task>
<Opcode>0</Opcode>
<Keywords>0x1000000000000000</Keywords>
<TimeCreated SystemTime="2020-10-26 18:32:46.696671"></TimeCreated>
<EventRecordID>117</EventRecordID>
<Correlation ActivityID="{61a55000-55e5-1017-0000-000000000000}" RelatedActivityID=""></Correlation>
<Execution ProcessID="932" ThreadID="4852"></Execution>
<Channel>Microsoft-Windows-TerminalServices-LocalSessionManager/Operational</Channel>
<Computer>WIN-PTFPHFCRDJ0</Computer>
<Security UserID="S-1-5-18"></Security>
</System>
<UserData><EventXML xmlns="Event_NS"><User>WIN-PTFPHFCRDJ0\user</User>
<SessionID>1</SessionID>
</EventXML>
</UserData>
</Event>

<Event xmlns="http://schemas.microsoft.com/win/2004/08/events/event"><System><Provider Name="Microsoft-Windows-TerminalServices-LocalSessionManager" Guid="{5d896912-022d-40aa-a3a8-4fa5515c76d7}"></Provider>
<EventID Qualifiers="">54</EventID>
<Version>0</Version>
<Level>4</Level>
<Task>0</Task>
<Opcode>0</Opcode>
<Keywords>0x1000000000000000</Keywords>
<TimeCreated SystemTime="2020-10-26 18:32:47.209545"></TimeCreated>
<EventRecordID>118</EventRecordID>
<Correlation ActivityID="" RelatedActivityID=""></Correlation>
<Execution ProcessID="932" ThreadID="996"></Execution>
<Channel>Microsoft-Windows-TerminalServices-LocalSessionManager/Operational</Channel>
<Computer>WIN-PTFPHFCRDJ0</Computer>
<Security UserID="S-1-5-18"></Security>
</System>
<EventData></EventData>
</Event>

<Event xmlns="http://schemas.microsoft.com/win/2004/08/events/event"><System><Provider Name="Microsoft-Windows-TerminalServices-LocalSessionManager" Guid="{5d896912-022d-40aa-a3a8-4fa5515c76d7}"></Provider>
<EventID Qualifiers="">32</EventID>
<Version>0</Version>
<Level>4</Level>
<Task>0</Task>
<Opcode>0</Opcode>
<Keywords>0x1000000000000000</Keywords>
<TimeCreated SystemTime="2020-10-27 01:57:58.403082"></TimeCreated>
<EventRecordID>119</EventRecordID>
<Correlation ActivityID="" RelatedActivityID=""></Correlation>
<Execution ProcessID="940" ThreadID="560"></Execution>
<Channel>Microsoft-Windows-TerminalServices-LocalSessionManager/Operational</Channel>
<Computer>WIN-PTFPHFCRDJ0</Computer>
<Security UserID="S-1-5-18"></Security>
</System>
<UserData><EventXML xmlns="Event_NS"><messageName>RDSAppXPlugin</messageName>
</EventXML>
</UserData>
</Event>

<Event xmlns="http://schemas.microsoft.com/win/2004/08/events/event"><System><Provider Name="Microsoft-Windows-TerminalServices-LocalSessionManager" Guid="{5d896912-022d-40aa-a3a8-4fa5515c76d7}"></Provider>
<EventID Qualifiers="">41</EventID>
<Version>0</Version>
<Level>4</Level>
<Task>0</Task>
<Opcode>0</Opcode>
<Keywords>0x1000000000000000</Keywords>
<TimeCreated SystemTime="2020-10-27 02:08:09.229342"></TimeCreated>
<EventRecordID>120</EventRecordID>
<Correlation ActivityID="{61a55000-55e5-1017-0000-000000000000}" RelatedActivityID=""></Correlation>
<Execution ProcessID="940" ThreadID="476"></Execution>
<Channel>Microsoft-Windows-TerminalServices-LocalSessionManager/Operational</Channel>
<Computer>WIN-PTFPHFCRDJ0</Computer>
<Security UserID="S-1-5-18"></Security>
</System>
<UserData><EventXML xmlns="Event_NS"><User>WIN-PTFPHFCRDJ0\user</User>
<SessionID>1</SessionID>
</EventXML>
</UserData>
</Event>

<Event xmlns="http://schemas.microsoft.com/win/2004/08/events/event"><System><Provider Name="Microsoft-Windows-TerminalServices-LocalSessionManager" Guid="{5d896912-022d-40aa-a3a8-4fa5515c76d7}"></Provider>
<EventID Qualifiers="">42</EventID>
<Version>0</Version>
<Level>4</Level>
<Task>0</Task>
<Opcode>0</Opcode>
<Keywords>0x1000000000000000</Keywords>
<TimeCreated SystemTime="2020-10-27 02:08:09.232494"></TimeCreated>
<EventRecordID>121</EventRecordID>
<Correlation ActivityID="{61a55000-55e5-1017-0000-000000000000}" RelatedActivityID=""></Correlation>
<Execution ProcessID="940" ThreadID="476"></Execution>
<Channel>Microsoft-Windows-TerminalServices-LocalSessionManager/Operational</Channel>
<Computer>WIN-PTFPHFCRDJ0</Computer>
<Security UserID="S-1-5-18"></Security>
</System>
<UserData><EventXML xmlns="Event_NS"><User>WIN-PTFPHFCRDJ0\user</User>
<SessionID>1</SessionID>
</EventXML>
</UserData>
</Event>

<Event xmlns="http://schemas.microsoft.com/win/2004/08/events/event"><System><Provider Name="Microsoft-Windows-TerminalServices-LocalSessionManager" Guid="{5d896912-022d-40aa-a3a8-4fa5515c76d7}"></Provider>
<EventID Qualifiers="">21</EventID>
<Version>0</Version>
<Level>4</Level>
<Task>0</Task>
<Opcode>0</Opcode>
<Keywords>0x1000000000000000</Keywords>
<TimeCreated SystemTime="2020-10-27 02:08:13.037613"></TimeCreated>
<EventRecordID>122</EventRecordID>
<Correlation ActivityID="{61a55000-55e5-1017-0000-000000000000}" RelatedActivityID=""></Correlation>
<Execution ProcessID="940" ThreadID="596"></Execution>
<Channel>Microsoft-Windows-TerminalServices-LocalSessionManager/Operational</Channel>
<Computer>WIN-PTFPHFCRDJ0</Computer>
<Security UserID="S-1-5-18"></Security>
</System>
<UserData><EventXML xmlns="Event_NS"><User>WIN-PTFPHFCRDJ0\user</User>
<SessionID>1</SessionID>
<Address>LOCAL</Address>
</EventXML>
</UserData>
</Event>

<Event xmlns="http://schemas.microsoft.com/win/2004/08/events/event"><System><Provider Name="Microsoft-Windows-TerminalServices-LocalSessionManager" Guid="{5d896912-022d-40aa-a3a8-4fa5515c76d7}"></Provider>
<EventID Qualifiers="">22</EventID>
<Version>0</Version>
<Level>4</Level>
<Task>0</Task>
<Opcode>0</Opcode>
<Keywords>0x1000000000000000</Keywords>
<TimeCreated SystemTime="2020-10-27 02:08:18.775084"></TimeCreated>
<EventRecordID>123</EventRecordID>
<Correlation ActivityID="{61a55000-55e5-1017-0000-000000000000}" RelatedActivityID=""></Correlation>
<Execution ProcessID="940" ThreadID="1544"></Execution>
<Channel>Microsoft-Windows-TerminalServices-LocalSessionManager/Operational</Channel>
<Computer>WIN-PTFPHFCRDJ0</Computer>
<Security UserID="S-1-5-18"></Security>
</System>
<UserData><EventXML xmlns="Event_NS"><User>WIN-PTFPHFCRDJ0\user</User>
<SessionID>1</SessionID>
<Address>LOCAL</Address>
</EventXML>
</UserData>
</Event>

</Events>
