<Event xmlns="http://schemas.microsoft.com/win/2004/08/events/event"><System><Provider Name="Microsoft-Windows-Shell-Core" Guid="{30336ed4-e327-447c-9de0-51b652c86108}"></Provider>
<EventID Qualifiers="">62443</EventID>
<Version>0</Version>
<Level>4</Level>
<Task>62443</Task>
<Opcode>0</Opcode>
<Keywords>0x1000000000000000</Keywords>
<TimeCreated SystemTime="2020-10-22 20:52:25.246758"></TimeCreated>
<EventRecordID>56</EventRecordID>
<Correlation ActivityID="" RelatedActivityID=""></Correlation>
<Execution ProcessID="540" ThreadID="1520"></Execution>
<Channel>Microsoft-Windows-Shell-Core/AppDefaults</Channel>
<Computer>WIN-PTFPHFCRDJ0</Computer>
<Security UserID="S-1-5-21-1152959844-3645458174-3779170896-1000"></Security>
</System>
<EventData><Data Name="Info">SetDefault: Association=.mp3, ProgId=WMP11.AssocFile.MP3</Data>
</EventData>
</Event>

<Event xmlns="http://schemas.microsoft.com/win/2004/08/events/event"><System><Provider Name="Microsoft-Windows-Shell-Core" Guid="{30336ed4-e327-447c-9de0-51b652c86108}"></Provider>
<EventID Qualifiers="">62443</EventID>
<Version>0</Version>
<Level>4</Level>
<Task>62443</Task>
<Opcode>0</Opcode>
<Keywords>0x1000000000000000</Keywords>
<TimeCreated SystemTime="2020-10-22 20:52:25.246801"></TimeCreated>
<EventRecordID>57</EventRecordID>
<Correlation ActivityID="" RelatedActivityID=""></Correlation>
<Execution ProcessID="540" ThreadID="1520"></Execution>
<Channel>Microsoft-Windows-Shell-Core/AppDefaults</Channel>
<Computer>WIN-PTFPHFCRDJ0</Computer>
<Security UserID="S-1-5-21-1152959844-3645458174-3779170896-1000"></Security>
</System>
<EventData><Data Name="Info">SetDefault-Info: Association=.mp3, ProgId=WMP11.AssocFile.MP3, U=S-1-5-21-1152959844-3645458174-3779170896-1000, T=2020:10:04:22:20:52, H=z9b6di9a5JQ=</Data>
</EventData>
</Event>

<Event xmlns="http://schemas.microsoft.com/win/2004/08/events/event"><System><Provider Name="Microsoft-Windows-Shell-Core" Guid="{30336ed4-e327-447c-9de0-51b652c86108}"></Provider>
<EventID Qualifiers="">62443</EventID>
<Version>0</Version>
<Level>4</Level>
<Task>62443</Task>
<Opcode>0</Opcode>
<Keywords>0x1000000000000000</Keywords>
<TimeCreated SystemTime="2020-10-22 20:52:25.249968"></TimeCreated>
<EventRecordID>58</EventRecordID>
<Correlation ActivityID="" RelatedActivityID=""></Correlation>
<Execution ProcessID="540" ThreadID="1520"></Execution>
<Channel>Microsoft-Windows-Shell-Core/AppDefaults</Channel>
<Computer>WIN-PTFPHFCRDJ0</Computer>
<Security UserID="S-1-5-21-1152959844-3645458174-3779170896-1000"></Security>
</System>
<EventData><Data Name="Info">SetDefault: Association=.mp4, ProgId=WMP11.AssocFile.MP4</Data>
</EventData>
</Event>

<Event xmlns="http://schemas.microsoft.com/win/2004/08/events/event"><System><Provider Name="Microsoft-Windows-Shell-Core" Guid="{30336ed4-e327-447c-9de0-51b652c86108}"></Provider>
<EventID Qualifiers="">62443</EventID>
<Version>0</Version>
<Level>4</Level>
<Task>62443</Task>
<Opcode>0</Opcode>
<Keywords>0x1000000000000000</Keywords>
<TimeCreated SystemTime="2020-10-22 20:52:25.250031"></TimeCreated>
<EventRecordID>59</EventRecordID>
<Correlation ActivityID="" RelatedActivityID=""></Correlation>
<Execution ProcessID="540" ThreadID="1520"></Execution>
<Channel>Microsoft-Windows-Shell-Core/AppDefaults</Channel>
<Computer>WIN-PTFPHFCRDJ0</Computer>
<Security UserID="S-1-5-21-1152959844-3645458174-3779170896-1000"></Security>
</System>
<EventData><Data Name="Info">SetDefault-Info: Association=.mp4, ProgId=WMP11.AssocFile.MP4, U=S-1-5-21-1152959844-3645458174-3779170896-1000, T=2020:10:04:22:20:52, H=CK0DmveIt3k=</Data>
</EventData>
</Event>

<Event xmlns="http://schemas.microsoft.com/win/2004/08/events/event"><System><Provider Name="Microsoft-Windows-Shell-Core" Guid="{30336ed4-e327-447c-9de0-51b652c86108}"></Provider>
<EventID Qualifiers="">62443</EventID>
<Version>0</Version>
<Level>4</Level>
<Task>62443</Task>
<Opcode>0</Opcode>
<Keywords>0x1000000000000000</Keywords>
<TimeCreated SystemTime="2020-10-22 20:52:25.252977"></TimeCreated>
<EventRecordID>60</EventRecordID>
<Correlation ActivityID="" RelatedActivityID=""></Correlation>
<Execution ProcessID="540" ThreadID="1520"></Execution>
<Channel>Microsoft-Windows-Shell-Core/AppDefaults</Channel>
<Computer>WIN-PTFPHFCRDJ0</Computer>
<Security UserID="S-1-5-21-1152959844-3645458174-3779170896-1000"></Security>
</System>
<EventData><Data Name="Info">SetDefault: Association=.mp4v, ProgId=WMP11.AssocFile.MP4</Data>
</EventData>
</Event>

<Event xmlns="http://schemas.microsoft.com/win/2004/08/events/event"><System><Provider Name="Microsoft-Windows-Shell-Core" Guid="{30336ed4-e327-447c-9de0-51b652c86108}"></Provider>
<EventID Qualifiers="">62443</EventID>
<Version>0</Version>
<Level>4</Level>
<Task>62443</Task>
<Opcode>0</Opcode>
<Keywords>0x1000000000000000</Keywords>
<TimeCreated SystemTime="2020-10-22 20:52:25.253019"></TimeCreated>
<EventRecordID>61</EventRecordID>
<Correlation ActivityID="" RelatedActivityID=""></Correlation>
<Execution ProcessID="540" ThreadID="1520"></Execution>
<Channel>Microsoft-Windows-Shell-Core/AppDefaults</Channel>
<Computer>WIN-PTFPHFCRDJ0</Computer>
<Security UserID="S-1-5-21-1152959844-3645458174-3779170896-1000"></Security>
</System>
<EventData><Data Name="Info">SetDefault-Info: Association=.mp4v, ProgId=WMP11.AssocFile.MP4, U=S-1-5-21-1152959844-3645458174-3779170896-1000, T=2020:10:04:22:20:52, H=1ElRsLnEynI=</Data>
</EventData>
</Event>

<Event xmlns="http://schemas.microsoft.com/win/2004/08/events/event"><System><Provider Name="Microsoft-Windows-Shell-Core" Guid="{30336ed4-e327-447c-9de0-51b652c86108}"></Provider>
<EventID Qualifiers="">62443</EventID>
<Version>0</Version>
<Level>4</Level>
<Task>62443</Task>
<Opcode>0</Opcode>
<Keywords>0x1000000000000000</Keywords>
<TimeCreated SystemTime="2020-10-22 20:52:25.255768"></TimeCreated>
<EventRecordID>62</EventRecordID>
<Correlation ActivityID="" RelatedActivityID=""></Correlation>
<Execution ProcessID="540" ThreadID="1520"></Execution>
<Channel>Microsoft-Windows-Shell-Core/AppDefaults</Channel>
<Computer>WIN-PTFPHFCRDJ0</Computer>
<Security UserID="S-1-5-21-1152959844-3645458174-3779170896-1000"></Security>
</System>
<EventData><Data Name="Info">SetDefault: Association=.mpa, ProgId=WMP11.AssocFile.MPEG</Data>
</EventData>
</Event>

<Event xmlns="http://schemas.microsoft.com/win/2004/08/events/event"><System><Provider Name="Microsoft-Windows-Shell-Core" Guid="{30336ed4-e327-447c-9de0-51b652c86108}"></Provider>
<EventID Qualifiers="">62443</EventID>
<Version>0</Version>
<Level>4</Level>
<Task>62443</Task>
<Opcode>0</Opcode>
<Keywords>0x1000000000000000</Keywords>
<TimeCreated SystemTime="2020-10-22 20:52:25.255808"></TimeCreated>
<EventRecordID>63</EventRecordID>
<Correlation ActivityID="" RelatedActivityID=""></Correlation>
<Execution ProcessID="540" ThreadID="1520"></Execution>
<Channel>Microsoft-Windows-Shell-Core/AppDefaults</Channel>
<Computer>WIN-PTFPHFCRDJ0</Computer>
<Security UserID="S-1-5-21-1152959844-3645458174-3779170896-1000"></Security>
</System>
<EventData><Data Name="Info">SetDefault-Info: Association=.mpa, ProgId=WMP11.AssocFile.MPEG, U=S-1-5-21-1152959844-3645458174-3779170896-1000, T=2020:10:04:22:20:52, H=LQ4g6kt9SJs=</Data>
</EventData>
</Event>

<Event xmlns="http://schemas.microsoft.com/win/2004/08/events/event"><System><Provider Name="Microsoft-Windows-Shell-Core" Guid="{30336ed4-e327-447c-9de0-51b652c86108}"></Provider>
<EventID Qualifiers="">62443</EventID>
<Version>0</Version>
<Level>4</Level>
<Task>62443</Task>
<Opcode>0</Opcode>
<Keywords>0x1000000000000000</Keywords>
<TimeCreated SystemTime="2020-10-22 20:52:25.258915"></TimeCreated>
<EventRecordID>64</EventRecordID>
<Correlation ActivityID="" RelatedActivityID=""></Correlation>
<Execution ProcessID="540" ThreadID="1520"></Execution>
<Channel>Microsoft-Windows-Shell-Core/AppDefaults</Channel>
<Computer>WIN-PTFPHFCRDJ0</Computer>
<Security UserID="S-1-5-21-1152959844-3645458174-3779170896-1000"></Security>
</System>
<EventData><Data Name="Info">SetDefault: Association=.MPE, ProgId=WMP11.AssocFile.MPEG</Data>
</EventData>
</Event>

<Event xmlns="http://schemas.microsoft.com/win/2004/08/events/event"><System><Provider Name="Microsoft-Windows-Shell-Core" Guid="{30336ed4-e327-447c-9de0-51b652c86108}"></Provider>
<EventID Qualifiers="">62443</EventID>
<Version>0</Version>
<Level>4</Level>
<Task>62443</Task>
<Opcode>0</Opcode>
<Keywords>0x1000000000000000</Keywords>
<TimeCreated SystemTime="2020-10-22 20:52:25.258961"></TimeCreated>
<EventRecordID>65</EventRecordID>
<Correlation ActivityID="" RelatedActivityID=""></Correlation>
<Execution ProcessID="540" ThreadID="1520"></Execution>
<Channel>Microsoft-Windows-Shell-Core/AppDefaults</Channel>
<Computer>WIN-PTFPHFCRDJ0</Computer>
<Security UserID="S-1-5-21-1152959844-3645458174-3779170896-1000"></Security>
</System>
<EventData><Data Name="Info">SetDefault-Info: Association=.MPE, ProgId=WMP11.AssocFile.MPEG, U=S-1-5-21-1152959844-3645458174-3779170896-1000, T=2020:10:04:22:20:52, H=Xs3PE0ycEZo=</Data>
</EventData>
</Event>

<Event xmlns="http://schemas.microsoft.com/win/2004/08/events/event"><System><Provider Name="Microsoft-Windows-Shell-Core" Guid="{30336ed4-e327-447c-9de0-51b652c86108}"></Provider>
<EventID Qualifiers="">62443</EventID>
<Version>0</Version>
<Level>4</Level>
<Task>62443</Task>
<Opcode>0</Opcode>
<Keywords>0x1000000000000000</Keywords>
<TimeCreated SystemTime="2020-10-22 20:52:25.262060"></TimeCreated>
<EventRecordID>66</EventRecordID>
<Correlation ActivityID="" RelatedActivityID=""></Correlation>
<Execution ProcessID="540" ThreadID="1520"></Execution>
<Channel>Microsoft-Windows-Shell-Core/AppDefaults</Channel>
<Computer>WIN-PTFPHFCRDJ0</Computer>
<Security UserID="S-1-5-21-1152959844-3645458174-3779170896-1000"></Security>
</System>
<EventData><Data Name="Info">SetDefault: Association=.mpeg, ProgId=WMP11.AssocFile.MPEG</Data>
</EventData>
</Event>

<Event xmlns="http://schemas.microsoft.com/win/2004/08/events/event"><System><Provider Name="Microsoft-Windows-Shell-Core" Guid="{30336ed4-e327-447c-9de0-51b652c86108}"></Provider>
<EventID Qualifiers="">62443</EventID>
<Version>0</Version>
<Level>4</Level>
<Task>62443</Task>
<Opcode>0</Opcode>
<Keywords>0x1000000000000000</Keywords>
<TimeCreated SystemTime="2020-10-22 20:52:25.262102"></TimeCreated>
<EventRecordID>67</EventRecordID>
<Correlation ActivityID="" RelatedActivityID=""></Correlation>
<Execution ProcessID="540" ThreadID="1520"></Execution>
<Channel>Microsoft-Windows-Shell-Core/AppDefaults</Channel>
<Computer>WIN-PTFPHFCRDJ0</Computer>
<Security UserID="S-1-5-21-1152959844-3645458174-3779170896-1000"></Security>
</System>
<EventData><Data Name="Info">SetDefault-Info: Association=.mpeg, ProgId=WMP11.AssocFile.MPEG, U=S-1-5-21-1152959844-3645458174-3779170896-1000, T=2020:10:04:22:20:52, H=s0EbJfjc1UA=</Data>
</EventData>
</Event>

<Event xmlns="http://schemas.microsoft.com/win/2004/08/events/event"><System><Provider Name="Microsoft-Windows-Shell-Core" Guid="{30336ed4-e327-447c-9de0-51b652c86108}"></Provider>
<EventID Qualifiers="">62443</EventID>
<Version>0</Version>
<Level>4</Level>
<Task>62443</Task>
<Opcode>0</Opcode>
<Keywords>0x1000000000000000</Keywords>
<TimeCreated SystemTime="2020-10-22 20:52:25.264874"></TimeCreated>
<EventRecordID>68</EventRecordID>
<Correlation ActivityID="" RelatedActivityID=""></Correlation>
<Execution ProcessID="540" ThreadID="1520"></Execution>
<Channel>Microsoft-Windows-Shell-Core/AppDefaults</Channel>
<Computer>WIN-PTFPHFCRDJ0</Computer>
<Security UserID="S-1-5-21-1152959844-3645458174-3779170896-1000"></Security>
</System>
<EventData><Data Name="Info">SetDefault: Association=.mpg, ProgId=WMP11.AssocFile.MPEG</Data>
</EventData>
</Event>

<Event xmlns="http://schemas.microsoft.com/win/2004/08/events/event"><System><Provider Name="Microsoft-Windows-Shell-Core" Guid="{30336ed4-e327-447c-9de0-51b652c86108}"></Provider>
<EventID Qualifiers="">62443</EventID>
<Version>0</Version>
<Level>4</Level>
<Task>62443</Task>
<Opcode>0</Opcode>
<Keywords>0x1000000000000000</Keywords>
<TimeCreated SystemTime="2020-10-22 20:52:25.264915"></TimeCreated>
<EventRecordID>69</EventRecordID>
<Correlation ActivityID="" RelatedActivityID=""></Correlation>
<Execution ProcessID="540" ThreadID="1520"></Execution>
<Channel>Microsoft-Windows-Shell-Core/AppDefaults</Channel>
<Computer>WIN-PTFPHFCRDJ0</Computer>
<Security UserID="S-1-5-21-1152959844-3645458174-3779170896-1000"></Security>
</System>
<EventData><Data Name="Info">SetDefault-Info: Association=.mpg, ProgId=WMP11.AssocFile.MPEG, U=S-1-5-21-1152959844-3645458174-3779170896-1000, T=2020:10:04:22:20:52, H=G8R2kpBJYB0=</Data>
</EventData>
</Event>

<Event xmlns="http://schemas.microsoft.com/win/2004/08/events/event"><System><Provider Name="Microsoft-Windows-Shell-Core" Guid="{30336ed4-e327-447c-9de0-51b652c86108}"></Provider>
<EventID Qualifiers="">62443</EventID>
<Version>0</Version>
<Level>4</Level>
<Task>62443</Task>
<Opcode>0</Opcode>
<Keywords>0x1000000000000000</Keywords>
<TimeCreated SystemTime="2020-10-22 20:52:25.267677"></TimeCreated>
<EventRecordID>70</EventRecordID>
<Correlation ActivityID="" RelatedActivityID=""></Correlation>
<Execution ProcessID="540" ThreadID="1520"></Execution>
<Channel>Microsoft-Windows-Shell-Core/AppDefaults</Channel>
<Computer>WIN-PTFPHFCRDJ0</Computer>
<Security UserID="S-1-5-21-1152959844-3645458174-3779170896-1000"></Security>
</System>
<EventData><Data Name="Info">SetDefault: Association=.mpv2, ProgId=WMP11.AssocFile.MPEG</Data>
</EventData>
</Event>

<Event xmlns="http://schemas.microsoft.com/win/2004/08/events/event"><System><Provider Name="Microsoft-Windows-Shell-Core" Guid="{30336ed4-e327-447c-9de0-51b652c86108}"></Provider>
<EventID Qualifiers="">62443</EventID>
<Version>0</Version>
<Level>4</Level>
<Task>62443</Task>
<Opcode>0</Opcode>
<Keywords>0x1000000000000000</Keywords>
<TimeCreated SystemTime="2020-10-22 20:52:25.267717"></TimeCreated>
<EventRecordID>71</EventRecordID>
<Correlation ActivityID="" RelatedActivityID=""></Correlation>
<Execution ProcessID="540" ThreadID="1520"></Execution>
<Channel>Microsoft-Windows-Shell-Core/AppDefaults</Channel>
<Computer>WIN-PTFPHFCRDJ0</Computer>
<Security UserID="S-1-5-21-1152959844-3645458174-3779170896-1000"></Security>
</System>
<EventData><Data Name="Info">SetDefault-Info: Association=.mpv2, ProgId=WMP11.AssocFile.MPEG, U=S-1-5-21-1152959844-3645458174-3779170896-1000, T=2020:10:04:22:20:52, H=Z3Ot73EB4yQ=</Data>
</EventData>
</Event>

<Event xmlns="http://schemas.microsoft.com/win/2004/08/events/event"><System><Provider Name="Microsoft-Windows-Shell-Core" Guid="{30336ed4-e327-447c-9de0-51b652c86108}"></Provider>
<EventID Qualifiers="">62443</EventID>
<Version>0</Version>
<Level>4</Level>
<Task>62443</Task>
<Opcode>0</Opcode>
<Keywords>0x1000000000000000</Keywords>
<TimeCreated SystemTime="2020-10-22 20:52:25.270411"></TimeCreated>
<EventRecordID>72</EventRecordID>
<Correlation ActivityID="" RelatedActivityID=""></Correlation>
<Execution ProcessID="540" ThreadID="1520"></Execution>
<Channel>Microsoft-Windows-Shell-Core/AppDefaults</Channel>
<Computer>WIN-PTFPHFCRDJ0</Computer>
<Security UserID="S-1-5-21-1152959844-3645458174-3779170896-1000"></Security>
</System>
<EventData><Data Name="Info">SetDefault: Association=.mts, ProgId=WMP11.AssocFile.M2TS</Data>
</EventData>
</Event>

<Event xmlns="http://schemas.microsoft.com/win/2004/08/events/event"><System><Provider Name="Microsoft-Windows-Shell-Core" Guid="{30336ed4-e327-447c-9de0-51b652c86108}"></Provider>
<EventID Qualifiers="">62443</EventID>
<Version>0</Version>
<Level>4</Level>
<Task>62443</Task>
<Opcode>0</Opcode>
<Keywords>0x1000000000000000</Keywords>
<TimeCreated SystemTime="2020-10-22 20:52:25.270451"></TimeCreated>
<EventRecordID>73</EventRecordID>
<Correlation ActivityID="" RelatedActivityID=""></Correlation>
<Execution ProcessID="540" ThreadID="1520"></Execution>
<Channel>Microsoft-Windows-Shell-Core/AppDefaults</Channel>
<Computer>WIN-PTFPHFCRDJ0</Computer>
<Security UserID="S-1-5-21-1152959844-3645458174-3779170896-1000"></Security>
</System>
<EventData><Data Name="Info">SetDefault-Info: Association=.mts, ProgId=WMP11.AssocFile.M2TS, U=S-1-5-21-1152959844-3645458174-3779170896-1000, T=2020:10:04:22:20:52, H=ako8DXEe1Y8=</Data>
</EventData>
</Event>

<Event xmlns="http://schemas.microsoft.com/win/2004/08/events/event"><System><Provider Name="Microsoft-Windows-Shell-Core" Guid="{30336ed4-e327-447c-9de0-51b652c86108}"></Provider>
<EventID Qualifiers="">62443</EventID>
<Version>0</Version>
<Level>4</Level>
<Task>62443</Task>
<Opcode>0</Opcode>
<Keywords>0x1000000000000000</Keywords>
<TimeCreated SystemTime="2020-10-22 20:52:25.273169"></TimeCreated>
<EventRecordID>74</EventRecordID>
<Correlation ActivityID="" RelatedActivityID=""></Correlation>
<Execution ProcessID="540" ThreadID="1520"></Execution>
<Channel>Microsoft-Windows-Shell-Core/AppDefaults</Channel>
<Computer>WIN-PTFPHFCRDJ0</Computer>
<Security UserID="S-1-5-21-1152959844-3645458174-3779170896-1000"></Security>
</System>
<EventData><Data Name="Info">SetDefault: Association=.png, ProgId=PBrush</Data>
</EventData>
</Event>

<Event xmlns="http://schemas.microsoft.com/win/2004/08/events/event"><System><Provider Name="Microsoft-Windows-Shell-Core" Guid="{30336ed4-e327-447c-9de0-51b652c86108}"></Provider>
<EventID Qualifiers="">62443</EventID>
<Version>0</Version>
<Level>4</Level>
<Task>62443</Task>
<Opcode>0</Opcode>
<Keywords>0x1000000000000000</Keywords>
<TimeCreated SystemTime="2020-10-22 20:52:25.273209"></TimeCreated>
<EventRecordID>75</EventRecordID>
<Correlation ActivityID="" RelatedActivityID=""></Correlation>
<Execution ProcessID="540" ThreadID="1520"></Execution>
<Channel>Microsoft-Windows-Shell-Core/AppDefaults</Channel>
<Computer>WIN-PTFPHFCRDJ0</Computer>
<Security UserID="S-1-5-21-1152959844-3645458174-3779170896-1000"></Security>
</System>
<EventData><Data Name="Info">SetDefault-Info: Association=.png, ProgId=PBrush, U=S-1-5-21-1152959844-3645458174-3779170896-1000, T=2020:10:04:22:20:52, H=wSXFd9ZyGk4=</Data>
</EventData>
</Event>

<Event xmlns="http://schemas.microsoft.com/win/2004/08/events/event"><System><Provider Name="Microsoft-Windows-Shell-Core" Guid="{30336ed4-e327-447c-9de0-51b652c86108}"></Provider>
<EventID Qualifiers="">62443</EventID>
<Version>0</Version>
<Level>4</Level>
<Task>62443</Task>
<Opcode>0</Opcode>
<Keywords>0x1000000000000000</Keywords>
<TimeCreated SystemTime="2020-10-22 20:52:25.276085"></TimeCreated>
<EventRecordID>76</EventRecordID>
<Correlation ActivityID="" RelatedActivityID=""></Correlation>
<Execution ProcessID="540" ThreadID="1520"></Execution>
<Channel>Microsoft-Windows-Shell-Core/AppDefaults</Channel>
<Computer>WIN-PTFPHFCRDJ0</Computer>
<Security UserID="S-1-5-21-1152959844-3645458174-3779170896-1000"></Security>
</System>
<EventData><Data Name="Info">SetDefault: Association=.tif, ProgId=PhotoViewer.FileAssoc.Tiff</Data>
</EventData>
</Event>

<Event xmlns="http://schemas.microsoft.com/win/2004/08/events/event"><System><Provider Name="Microsoft-Windows-Shell-Core" Guid="{30336ed4-e327-447c-9de0-51b652c86108}"></Provider>
<EventID Qualifiers="">62443</EventID>
<Version>0</Version>
<Level>4</Level>
<Task>62443</Task>
<Opcode>0</Opcode>
<Keywords>0x1000000000000000</Keywords>
<TimeCreated SystemTime="2020-10-22 20:52:25.276129"></TimeCreated>
<EventRecordID>77</EventRecordID>
<Correlation ActivityID="" RelatedActivityID=""></Correlation>
<Execution ProcessID="540" ThreadID="1520"></Execution>
<Channel>Microsoft-Windows-Shell-Core/AppDefaults</Channel>
<Computer>WIN-PTFPHFCRDJ0</Computer>
<Security UserID="S-1-5-21-1152959844-3645458174-3779170896-1000"></Security>
</System>
<EventData><Data Name="Info">SetDefault-Info: Association=.tif, ProgId=PhotoViewer.FileAssoc.Tiff, U=S-1-5-21-1152959844-3645458174-3779170896-1000, T=2020:10:04:22:20:52, H=EVhCVxuSf8c=</Data>
</EventData>
</Event>

<Event xmlns="http://schemas.microsoft.com/win/2004/08/events/event"><System><Provider Name="Microsoft-Windows-Shell-Core" Guid="{30336ed4-e327-447c-9de0-51b652c86108}"></Provider>
<EventID Qualifiers="">62443</EventID>
<Version>0</Version>
<Level>4</Level>
<Task>62443</Task>
<Opcode>0</Opcode>
<Keywords>0x1000000000000000</Keywords>
<TimeCreated SystemTime="2020-10-22 20:52:25.279758"></TimeCreated>
<EventRecordID>78</EventRecordID>
<Correlation ActivityID="" RelatedActivityID=""></Correlation>
<Execution ProcessID="540" ThreadID="1520"></Execution>
<Channel>Microsoft-Windows-Shell-Core/AppDefaults</Channel>
<Computer>WIN-PTFPHFCRDJ0</Computer>
<Security UserID="S-1-5-21-1152959844-3645458174-3779170896-1000"></Security>
</System>
<EventData><Data Name="Info">SetDefault: Association=.tiff, ProgId=PhotoViewer.FileAssoc.Tiff</Data>
</EventData>
</Event>

<Event xmlns="http://schemas.microsoft.com/win/2004/08/events/event"><System><Provider Name="Microsoft-Windows-Shell-Core" Guid="{30336ed4-e327-447c-9de0-51b652c86108}"></Provider>
<EventID Qualifiers="">62443</EventID>
<Version>0</Version>
<Level>4</Level>
<Task>62443</Task>
<Opcode>0</Opcode>
<Keywords>0x1000000000000000</Keywords>
<TimeCreated SystemTime="2020-10-22 20:52:25.279800"></TimeCreated>
<EventRecordID>79</EventRecordID>
<Correlation ActivityID="" RelatedActivityID=""></Correlation>
<Execution ProcessID="540" ThreadID="1520"></Execution>
<Channel>Microsoft-Windows-Shell-Core/AppDefaults</Channel>
<Computer>WIN-PTFPHFCRDJ0</Computer>
<Security UserID="S-1-5-21-1152959844-3645458174-3779170896-1000"></Security>
</System>
<EventData><Data Name="Info">SetDefault-Info: Association=.tiff, ProgId=PhotoViewer.FileAssoc.Tiff, U=S-1-5-21-1152959844-3645458174-3779170896-1000, T=2020:10:04:22:20:52, H=x0kKw3egNJE=</Data>
</EventData>
</Event>

<Event xmlns="http://schemas.microsoft.com/win/2004/08/events/event"><System><Provider Name="Microsoft-Windows-Shell-Core" Guid="{30336ed4-e327-447c-9de0-51b652c86108}"></Provider>
<EventID Qualifiers="">62443</EventID>
<Version>0</Version>
<Level>4</Level>
<Task>62443</Task>
<Opcode>0</Opcode>
<Keywords>0x1000000000000000</Keywords>
<TimeCreated SystemTime="2020-10-22 20:52:25.282835"></TimeCreated>
<EventRecordID>80</EventRecordID>
<Correlation ActivityID="" RelatedActivityID=""></Correlation>
<Execution ProcessID="540" ThreadID="1520"></Execution>
<Channel>Microsoft-Windows-Shell-Core/AppDefaults</Channel>
<Computer>WIN-PTFPHFCRDJ0</Computer>
<Security UserID="S-1-5-21-1152959844-3645458174-3779170896-1000"></Security>
</System>
<EventData><Data Name="Info">SetDefault: Association=.TS, ProgId=WMP11.AssocFile.TTS</Data>
</EventData>
</Event>

<Event xmlns="http://schemas.microsoft.com/win/2004/08/events/event"><System><Provider Name="Microsoft-Windows-Shell-Core" Guid="{30336ed4-e327-447c-9de0-51b652c86108}"></Provider>
<EventID Qualifiers="">62443</EventID>
<Version>0</Version>
<Level>4</Level>
<Task>62443</Task>
<Opcode>0</Opcode>
<Keywords>0x1000000000000000</Keywords>
<TimeCreated SystemTime="2020-10-22 20:52:25.282892"></TimeCreated>
<EventRecordID>81</EventRecordID>
<Correlation ActivityID="" RelatedActivityID=""></Correlation>
<Execution ProcessID="540" ThreadID="1520"></Execution>
<Channel>Microsoft-Windows-Shell-Core/AppDefaults</Channel>
<Computer>WIN-PTFPHFCRDJ0</Computer>
<Security UserID="S-1-5-21-1152959844-3645458174-3779170896-1000"></Security>
</System>
<EventData><Data Name="Info">SetDefault-Info: Association=.TS, ProgId=WMP11.AssocFile.TTS, U=S-1-5-21-1152959844-3645458174-3779170896-1000, T=2020:10:04:22:20:52, H=IkpUlmM/iTs=</Data>
</EventData>
</Event>

<Event xmlns="http://schemas.microsoft.com/win/2004/08/events/event"><System><Provider Name="Microsoft-Windows-Shell-Core" Guid="{30336ed4-e327-447c-9de0-51b652c86108}"></Provider>
<EventID Qualifiers="">62443</EventID>
<Version>0</Version>
<Level>4</Level>
<Task>62443</Task>
<Opcode>0</Opcode>
<Keywords>0x1000000000000000</Keywords>
<TimeCreated SystemTime="2020-10-22 20:52:25.285772"></TimeCreated>
<EventRecordID>82</EventRecordID>
<Correlation ActivityID="" RelatedActivityID=""></Correlation>
<Execution ProcessID="540" ThreadID="1520"></Execution>
<Channel>Microsoft-Windows-Shell-Core/AppDefaults</Channel>
<Computer>WIN-PTFPHFCRDJ0</Computer>
<Security UserID="S-1-5-21-1152959844-3645458174-3779170896-1000"></Security>
</System>
<EventData><Data Name="Info">SetDefault: Association=.TTS, ProgId=WMP11.AssocFile.TTS</Data>
</EventData>
</Event>

<Event xmlns="http://schemas.microsoft.com/win/2004/08/events/event"><System><Provider Name="Microsoft-Windows-Shell-Core" Guid="{30336ed4-e327-447c-9de0-51b652c86108}"></Provider>
<EventID Qualifiers="">62443</EventID>
<Version>0</Version>
<Level>4</Level>
<Task>62443</Task>
<Opcode>0</Opcode>
<Keywords>0x1000000000000000</Keywords>
<TimeCreated SystemTime="2020-10-22 20:52:25.285818"></TimeCreated>
<EventRecordID>83</EventRecordID>
<Correlation ActivityID="" RelatedActivityID=""></Correlation>
<Execution ProcessID="540" ThreadID="1520"></Execution>
<Channel>Microsoft-Windows-Shell-Core/AppDefaults</Channel>
<Computer>WIN-PTFPHFCRDJ0</Computer>
<Security UserID="S-1-5-21-1152959844-3645458174-3779170896-1000"></Security>
</System>
<EventData><Data Name="Info">SetDefault-Info: Association=.TTS, ProgId=WMP11.AssocFile.TTS, U=S-1-5-21-1152959844-3645458174-3779170896-1000, T=2020:10:04:22:20:52, H=nW7IIuoOdzY=</Data>
</EventData>
</Event>

<Event xmlns="http://schemas.microsoft.com/win/2004/08/events/event"><System><Provider Name="Microsoft-Windows-Shell-Core" Guid="{30336ed4-e327-447c-9de0-51b652c86108}"></Provider>
<EventID Qualifiers="">62443</EventID>
<Version>0</Version>
<Level>4</Level>
<Task>62443</Task>
<Opcode>0</Opcode>
<Keywords>0x1000000000000000</Keywords>
<TimeCreated SystemTime="2020-10-22 20:52:25.288626"></TimeCreated>
<EventRecordID>84</EventRecordID>
<Correlation ActivityID="" RelatedActivityID=""></Correlation>
<Execution ProcessID="540" ThreadID="1520"></Execution>
<Channel>Microsoft-Windows-Shell-Core/AppDefaults</Channel>
<Computer>WIN-PTFPHFCRDJ0</Computer>
<Security UserID="S-1-5-21-1152959844-3645458174-3779170896-1000"></Security>
</System>
<EventData><Data Name="Info">SetDefault: Association=.txt, ProgId=txtfile</Data>
</EventData>
</Event>

<Event xmlns="http://schemas.microsoft.com/win/2004/08/events/event"><System><Provider Name="Microsoft-Windows-Shell-Core" Guid="{30336ed4-e327-447c-9de0-51b652c86108}"></Provider>
<EventID Qualifiers="">62443</EventID>
<Version>0</Version>
<Level>4</Level>
<Task>62443</Task>
<Opcode>0</Opcode>
<Keywords>0x1000000000000000</Keywords>
<TimeCreated SystemTime="2020-10-22 20:52:25.288652"></TimeCreated>
<EventRecordID>85</EventRecordID>
<Correlation ActivityID="" RelatedActivityID=""></Correlation>
<Execution ProcessID="540" ThreadID="1520"></Execution>
<Channel>Microsoft-Windows-Shell-Core/AppDefaults</Channel>
<Computer>WIN-PTFPHFCRDJ0</Computer>
<Security UserID="S-1-5-21-1152959844-3645458174-3779170896-1000"></Security>
</System>
<EventData><Data Name="Info">SetDefault-Info: Association=.txt, ProgId=txtfile, U=S-1-5-21-1152959844-3645458174-3779170896-1000, T=2020:10:04:22:20:52, H=OXC4pUtQ+n4=</Data>
</EventData>
</Event>

<Event xmlns="http://schemas.microsoft.com/win/2004/08/events/event"><System><Provider Name="Microsoft-Windows-Shell-Core" Guid="{30336ed4-e327-447c-9de0-51b652c86108}"></Provider>
<EventID Qualifiers="">62443</EventID>
<Version>0</Version>
<Level>4</Level>
<Task>62443</Task>
<Opcode>0</Opcode>
<Keywords>0x1000000000000000</Keywords>
<TimeCreated SystemTime="2020-10-22 20:52:25.291595"></TimeCreated>
<EventRecordID>86</EventRecordID>
<Correlation ActivityID="" RelatedActivityID=""></Correlation>
<Execution ProcessID="540" ThreadID="1520"></Execution>
<Channel>Microsoft-Windows-Shell-Core/AppDefaults</Channel>
<Computer>WIN-PTFPHFCRDJ0</Computer>
<Security UserID="S-1-5-21-1152959844-3645458174-3779170896-1000"></Security>
</System>
<EventData><Data Name="Info">SetDefault: Association=.url, ProgId=IE.AssocFile.URL</Data>
</EventData>
</Event>

<Event xmlns="http://schemas.microsoft.com/win/2004/08/events/event"><System><Provider Name="Microsoft-Windows-Shell-Core" Guid="{30336ed4-e327-447c-9de0-51b652c86108}"></Provider>
<EventID Qualifiers="">62443</EventID>
<Version>0</Version>
<Level>4</Level>
<Task>62443</Task>
<Opcode>0</Opcode>
<Keywords>0x1000000000000000</Keywords>
<TimeCreated SystemTime="2020-10-22 20:52:25.291639"></TimeCreated>
<EventRecordID>87</EventRecordID>
<Correlation ActivityID="" RelatedActivityID=""></Correlation>
<Execution ProcessID="540" ThreadID="1520"></Execution>
<Channel>Microsoft-Windows-Shell-Core/AppDefaults</Channel>
<Computer>WIN-PTFPHFCRDJ0</Computer>
<Security UserID="S-1-5-21-1152959844-3645458174-3779170896-1000"></Security>
</System>
<EventData><Data Name="Info">SetDefault-Info: Association=.url, ProgId=IE.AssocFile.URL, U=S-1-5-21-1152959844-3645458174-3779170896-1000, T=2020:10:04:22:20:52, H=ilnj+IOAqcw=</Data>
</EventData>
</Event>

<Event xmlns="http://schemas.microsoft.com/win/2004/08/events/event"><System><Provider Name="Microsoft-Windows-Shell-Core" Guid="{30336ed4-e327-447c-9de0-51b652c86108}"></Provider>
<EventID Qualifiers="">62443</EventID>
<Version>0</Version>
<Level>4</Level>
<Task>62443</Task>
<Opcode>0</Opcode>
<Keywords>0x1000000000000000</Keywords>
<TimeCreated SystemTime="2020-10-22 20:52:25.295181"></TimeCreated>
<EventRecordID>88</EventRecordID>
<Correlation ActivityID="" RelatedActivityID=""></Correlation>
<Execution ProcessID="540" ThreadID="1520"></Execution>
<Channel>Microsoft-Windows-Shell-Core/AppDefaults</Channel>
<Computer>WIN-PTFPHFCRDJ0</Computer>
<Security UserID="S-1-5-21-1152959844-3645458174-3779170896-1000"></Security>
</System>
<EventData><Data Name="Info">SetDefault: Association=.wav, ProgId=WMP11.AssocFile.WAV</Data>
</EventData>
</Event>

<Event xmlns="http://schemas.microsoft.com/win/2004/08/events/event"><System><Provider Name="Microsoft-Windows-Shell-Core" Guid="{30336ed4-e327-447c-9de0-51b652c86108}"></Provider>
<EventID Qualifiers="">62443</EventID>
<Version>0</Version>
<Level>4</Level>
<Task>62443</Task>
<Opcode>0</Opcode>
<Keywords>0x1000000000000000</Keywords>
<TimeCreated SystemTime="2020-10-22 20:52:25.295227"></TimeCreated>
<EventRecordID>89</EventRecordID>
<Correlation ActivityID="" RelatedActivityID=""></Correlation>
<Execution ProcessID="540" ThreadID="1520"></Execution>
<Channel>Microsoft-Windows-Shell-Core/AppDefaults</Channel>
<Computer>WIN-PTFPHFCRDJ0</Computer>
<Security UserID="S-1-5-21-1152959844-3645458174-3779170896-1000"></Security>
</System>
<EventData><Data Name="Info">SetDefault-Info: Association=.wav, ProgId=WMP11.AssocFile.WAV, U=S-1-5-21-1152959844-3645458174-3779170896-1000, T=2020:10:04:22:20:52, H=u0WmiVrgreM=</Data>
</EventData>
</Event>

<Event xmlns="http://schemas.microsoft.com/win/2004/08/events/event"><System><Provider Name="Microsoft-Windows-Shell-Core" Guid="{30336ed4-e327-447c-9de0-51b652c86108}"></Provider>
<EventID Qualifiers="">62443</EventID>
<Version>0</Version>
<Level>4</Level>
<Task>62443</Task>
<Opcode>0</Opcode>
<Keywords>0x1000000000000000</Keywords>
<TimeCreated SystemTime="2020-10-22 20:52:25.298325"></TimeCreated>
<EventRecordID>90</EventRecordID>
<Correlation ActivityID="" RelatedActivityID=""></Correlation>
<Execution ProcessID="540" ThreadID="1520"></Execution>
<Channel>Microsoft-Windows-Shell-Core/AppDefaults</Channel>
<Computer>WIN-PTFPHFCRDJ0</Computer>
<Security UserID="S-1-5-21-1152959844-3645458174-3779170896-1000"></Security>
</System>
<EventData><Data Name="Info">SetDefault: Association=.website, ProgId=IE.AssocFile.WEBSITE</Data>
</EventData>
</Event>

<Event xmlns="http://schemas.microsoft.com/win/2004/08/events/event"><System><Provider Name="Microsoft-Windows-Shell-Core" Guid="{30336ed4-e327-447c-9de0-51b652c86108}"></Provider>
<EventID Qualifiers="">62443</EventID>
<Version>0</Version>
<Level>4</Level>
<Task>62443</Task>
<Opcode>0</Opcode>
<Keywords>0x1000000000000000</Keywords>
<TimeCreated SystemTime="2020-10-22 20:52:25.298367"></TimeCreated>
<EventRecordID>91</EventRecordID>
<Correlation ActivityID="" RelatedActivityID=""></Correlation>
<Execution ProcessID="540" ThreadID="1520"></Execution>
<Channel>Microsoft-Windows-Shell-Core/AppDefaults</Channel>
<Computer>WIN-PTFPHFCRDJ0</Computer>
<Security UserID="S-1-5-21-1152959844-3645458174-3779170896-1000"></Security>
</System>
<EventData><Data Name="Info">SetDefault-Info: Association=.website, ProgId=IE.AssocFile.WEBSITE, U=S-1-5-21-1152959844-3645458174-3779170896-1000, T=2020:10:04:22:20:52, H=YroVPQ+1DBc=</Data>
</EventData>
</Event>

<Event xmlns="http://schemas.microsoft.com/win/2004/08/events/event"><System><Provider Name="Microsoft-Windows-Shell-Core" Guid="{30336ed4-e327-447c-9de0-51b652c86108}"></Provider>
<EventID Qualifiers="">62443</EventID>
<Version>0</Version>
<Level>4</Level>
<Task>62443</Task>
<Opcode>0</Opcode>
<Keywords>0x1000000000000000</Keywords>
<TimeCreated SystemTime="2020-10-22 20:52:25.301111"></TimeCreated>
<EventRecordID>92</EventRecordID>
<Correlation ActivityID="" RelatedActivityID=""></Correlation>
<Execution ProcessID="540" ThreadID="1520"></Execution>
<Channel>Microsoft-Windows-Shell-Core/AppDefaults</Channel>
<Computer>WIN-PTFPHFCRDJ0</Computer>
<Security UserID="S-1-5-21-1152959844-3645458174-3779170896-1000"></Security>
</System>
<EventData><Data Name="Info">SetDefault: Association=.wm, ProgId=WMP11.AssocFile.ASF</Data>
</EventData>
</Event>

<Event xmlns="http://schemas.microsoft.com/win/2004/08/events/event"><System><Provider Name="Microsoft-Windows-Shell-Core" Guid="{30336ed4-e327-447c-9de0-51b652c86108}"></Provider>
<EventID Qualifiers="">62443</EventID>
<Version>0</Version>
<Level>4</Level>
<Task>62443</Task>
<Opcode>0</Opcode>
<Keywords>0x1000000000000000</Keywords>
<TimeCreated SystemTime="2020-10-22 20:52:25.301163"></TimeCreated>
<EventRecordID>93</EventRecordID>
<Correlation ActivityID="" RelatedActivityID=""></Correlation>
<Execution ProcessID="540" ThreadID="1520"></Execution>
<Channel>Microsoft-Windows-Shell-Core/AppDefaults</Channel>
<Computer>WIN-PTFPHFCRDJ0</Computer>
<Security UserID="S-1-5-21-1152959844-3645458174-3779170896-1000"></Security>
</System>
<EventData><Data Name="Info">SetDefault-Info: Association=.wm, ProgId=WMP11.AssocFile.ASF, U=S-1-5-21-1152959844-3645458174-3779170896-1000, T=2020:10:04:22:20:52, H=Go6ETXu+C68=</Data>
</EventData>
</Event>

<Event xmlns="http://schemas.microsoft.com/win/2004/08/events/event"><System><Provider Name="Microsoft-Windows-Shell-Core" Guid="{30336ed4-e327-447c-9de0-51b652c86108}"></Provider>
<EventID Qualifiers="">62443</EventID>
<Version>0</Version>
<Level>4</Level>
<Task>62443</Task>
<Opcode>0</Opcode>
<Keywords>0x1000000000000000</Keywords>
<TimeCreated SystemTime="2020-10-22 20:52:25.304016"></TimeCreated>
<EventRecordID>94</EventRecordID>
<Correlation ActivityID="" RelatedActivityID=""></Correlation>
<Execution ProcessID="540" ThreadID="1520"></Execution>
<Channel>Microsoft-Windows-Shell-Core/AppDefaults</Channel>
<Computer>WIN-PTFPHFCRDJ0</Computer>
<Security UserID="S-1-5-21-1152959844-3645458174-3779170896-1000"></Security>
</System>
<EventData><Data Name="Info">SetDefault: Association=.wma, ProgId=WMP11.AssocFile.WMA</Data>
</EventData>
</Event>

<Event xmlns="http://schemas.microsoft.com/win/2004/08/events/event"><System><Provider Name="Microsoft-Windows-Shell-Core" Guid="{30336ed4-e327-447c-9de0-51b652c86108}"></Provider>
<EventID Qualifiers="">62443</EventID>
<Version>0</Version>
<Level>4</Level>
<Task>62443</Task>
<Opcode>0</Opcode>
<Keywords>0x1000000000000000</Keywords>
<TimeCreated SystemTime="2020-10-22 20:52:25.304058"></TimeCreated>
<EventRecordID>95</EventRecordID>
<Correlation ActivityID="" RelatedActivityID=""></Correlation>
<Execution ProcessID="540" ThreadID="1520"></Execution>
<Channel>Microsoft-Windows-Shell-Core/AppDefaults</Channel>
<Computer>WIN-PTFPHFCRDJ0</Computer>
<Security UserID="S-1-5-21-1152959844-3645458174-3779170896-1000"></Security>
</System>
<EventData><Data Name="Info">SetDefault-Info: Association=.wma, ProgId=WMP11.AssocFile.WMA, U=S-1-5-21-1152959844-3645458174-3779170896-1000, T=2020:10:04:22:20:52, H=DDeTo9gV794=</Data>
</EventData>
</Event>

<Event xmlns="http://schemas.microsoft.com/win/2004/08/events/event"><System><Provider Name="Microsoft-Windows-Shell-Core" Guid="{30336ed4-e327-447c-9de0-51b652c86108}"></Provider>
<EventID Qualifiers="">62443</EventID>
<Version>0</Version>
<Level>4</Level>
<Task>62443</Task>
<Opcode>0</Opcode>
<Keywords>0x1000000000000000</Keywords>
<TimeCreated SystemTime="2020-10-22 20:52:25.306923"></TimeCreated>
<EventRecordID>96</EventRecordID>
<Correlation ActivityID="" RelatedActivityID=""></Correlation>
<Execution ProcessID="540" ThreadID="1520"></Execution>
<Channel>Microsoft-Windows-Shell-Core/AppDefaults</Channel>
<Computer>WIN-PTFPHFCRDJ0</Computer>
<Security UserID="S-1-5-21-1152959844-3645458174-3779170896-1000"></Security>
</System>
<EventData><Data Name="Info">SetDefault: Association=.wmv, ProgId=WMP11.AssocFile.WMV</Data>
</EventData>
</Event>

<Event xmlns="http://schemas.microsoft.com/win/2004/08/events/event"><System><Provider Name="Microsoft-Windows-Shell-Core" Guid="{30336ed4-e327-447c-9de0-51b652c86108}"></Provider>
<EventID Qualifiers="">62443</EventID>
<Version>0</Version>
<Level>4</Level>
<Task>62443</Task>
<Opcode>0</Opcode>
<Keywords>0x1000000000000000</Keywords>
<TimeCreated SystemTime="2020-10-22 20:52:25.306965"></TimeCreated>
<EventRecordID>97</EventRecordID>
<Correlation ActivityID="" RelatedActivityID=""></Correlation>
<Execution ProcessID="540" ThreadID="1520"></Execution>
<Channel>Microsoft-Windows-Shell-Core/AppDefaults</Channel>
<Computer>WIN-PTFPHFCRDJ0</Computer>
<Security UserID="S-1-5-21-1152959844-3645458174-3779170896-1000"></Security>
</System>
<EventData><Data Name="Info">SetDefault-Info: Association=.wmv, ProgId=WMP11.AssocFile.WMV, U=S-1-5-21-1152959844-3645458174-3779170896-1000, T=2020:10:04:22:20:52, H=9SISDi2NSH4=</Data>
</EventData>
</Event>

<Event xmlns="http://schemas.microsoft.com/win/2004/08/events/event"><System><Provider Name="Microsoft-Windows-Shell-Core" Guid="{30336ed4-e327-447c-9de0-51b652c86108}"></Provider>
<EventID Qualifiers="">62443</EventID>
<Version>0</Version>
<Level>4</Level>
<Task>62443</Task>
<Opcode>0</Opcode>
<Keywords>0x1000000000000000</Keywords>
<TimeCreated SystemTime="2020-10-22 20:52:25.310490"></TimeCreated>
<EventRecordID>98</EventRecordID>
<Correlation ActivityID="" RelatedActivityID=""></Correlation>
<Execution ProcessID="540" ThreadID="1520"></Execution>
<Channel>Microsoft-Windows-Shell-Core/AppDefaults</Channel>
<Computer>WIN-PTFPHFCRDJ0</Computer>
<Security UserID="S-1-5-21-1152959844-3645458174-3779170896-1000"></Security>
</System>
<EventData><Data Name="Info">SetDefault: Association=.WPL, ProgId=WMP11.AssocFile.WPL</Data>
</EventData>
</Event>

<Event xmlns="http://schemas.microsoft.com/win/2004/08/events/event"><System><Provider Name="Microsoft-Windows-Shell-Core" Guid="{30336ed4-e327-447c-9de0-51b652c86108}"></Provider>
<EventID Qualifiers="">62443</EventID>
<Version>0</Version>
<Level>4</Level>
<Task>62443</Task>
<Opcode>0</Opcode>
<Keywords>0x1000000000000000</Keywords>
<TimeCreated SystemTime="2020-10-22 20:52:25.310534"></TimeCreated>
<EventRecordID>99</EventRecordID>
<Correlation ActivityID="" RelatedActivityID=""></Correlation>
<Execution ProcessID="540" ThreadID="1520"></Execution>
<Channel>Microsoft-Windows-Shell-Core/AppDefaults</Channel>
<Computer>WIN-PTFPHFCRDJ0</Computer>
<Security UserID="S-1-5-21-1152959844-3645458174-3779170896-1000"></Security>
</System>
<EventData><Data Name="Info">SetDefault-Info: Association=.WPL, ProgId=WMP11.AssocFile.WPL, U=S-1-5-21-1152959844-3645458174-3779170896-1000, T=2020:10:04:22:20:52, H=ogpTt7u5M0g=</Data>
</EventData>
</Event>

<Event xmlns="http://schemas.microsoft.com/win/2004/08/events/event"><System><Provider Name="Microsoft-Windows-Shell-Core" Guid="{30336ed4-e327-447c-9de0-51b652c86108}"></Provider>
<EventID Qualifiers="">62443</EventID>
<Version>0</Version>
<Level>4</Level>
<Task>62443</Task>
<Opcode>0</Opcode>
<Keywords>0x1000000000000000</Keywords>
<TimeCreated SystemTime="2020-10-22 20:52:25.313595"></TimeCreated>
<EventRecordID>100</EventRecordID>
<Correlation ActivityID="" RelatedActivityID=""></Correlation>
<Execution ProcessID="540" ThreadID="1520"></Execution>
<Channel>Microsoft-Windows-Shell-Core/AppDefaults</Channel>
<Computer>WIN-PTFPHFCRDJ0</Computer>
<Security UserID="S-1-5-21-1152959844-3645458174-3779170896-1000"></Security>
</System>
<EventData><Data Name="Info">SetDefault: Association=http, ProgId=IE.HTTP</Data>
</EventData>
</Event>

<Event xmlns="http://schemas.microsoft.com/win/2004/08/events/event"><System><Provider Name="Microsoft-Windows-Shell-Core" Guid="{30336ed4-e327-447c-9de0-51b652c86108}"></Provider>
<EventID Qualifiers="">62443</EventID>
<Version>0</Version>
<Level>4</Level>
<Task>62443</Task>
<Opcode>0</Opcode>
<Keywords>0x1000000000000000</Keywords>
<TimeCreated SystemTime="2020-10-22 20:52:25.313705"></TimeCreated>
<EventRecordID>101</EventRecordID>
<Correlation ActivityID="" RelatedActivityID=""></Correlation>
<Execution ProcessID="540" ThreadID="1520"></Execution>
<Channel>Microsoft-Windows-Shell-Core/AppDefaults</Channel>
<Computer>WIN-PTFPHFCRDJ0</Computer>
<Security UserID="S-1-5-21-1152959844-3645458174-3779170896-1000"></Security>
</System>
<EventData><Data Name="Info">SetDefault-Info: Association=http, ProgId=IE.HTTP, U=S-1-5-21-1152959844-3645458174-3779170896-1000, T=2020:10:04:22:20:52, H=tyiTpMX/35E=</Data>
</EventData>
</Event>

<Event xmlns="http://schemas.microsoft.com/win/2004/08/events/event"><System><Provider Name="Microsoft-Windows-Shell-Core" Guid="{30336ed4-e327-447c-9de0-51b652c86108}"></Provider>
<EventID Qualifiers="">62443</EventID>
<Version>0</Version>
<Level>4</Level>
<Task>62443</Task>
<Opcode>0</Opcode>
<Keywords>0x1000000000000000</Keywords>
<TimeCreated SystemTime="2020-10-22 20:52:25.358532"></TimeCreated>
<EventRecordID>102</EventRecordID>
<Correlation ActivityID="" RelatedActivityID=""></Correlation>
<Execution ProcessID="540" ThreadID="1520"></Execution>
<Channel>Microsoft-Windows-Shell-Core/AppDefaults</Channel>
<Computer>WIN-PTFPHFCRDJ0</Computer>
<Security UserID="S-1-5-21-1152959844-3645458174-3779170896-1000"></Security>
</System>
<EventData><Data Name="Info">SetDefault: Association=https, ProgId=IE.HTTPS</Data>
</EventData>
</Event>

<Event xmlns="http://schemas.microsoft.com/win/2004/08/events/event"><System><Provider Name="Microsoft-Windows-Shell-Core" Guid="{30336ed4-e327-447c-9de0-51b652c86108}"></Provider>
<EventID Qualifiers="">62443</EventID>
<Version>0</Version>
<Level>4</Level>
<Task>62443</Task>
<Opcode>0</Opcode>
<Keywords>0x1000000000000000</Keywords>
<TimeCreated SystemTime="2020-10-22 20:52:25.358601"></TimeCreated>
<EventRecordID>103</EventRecordID>
<Correlation ActivityID="" RelatedActivityID=""></Correlation>
<Execution ProcessID="540" ThreadID="1520"></Execution>
<Channel>Microsoft-Windows-Shell-Core/AppDefaults</Channel>
<Computer>WIN-PTFPHFCRDJ0</Computer>
<Security UserID="S-1-5-21-1152959844-3645458174-3779170896-1000"></Security>
</System>
<EventData><Data Name="Info">SetDefault-Info: Association=https, ProgId=IE.HTTPS, U=S-1-5-21-1152959844-3645458174-3779170896-1000, T=2020:10:04:22:20:52, H=icrQvpdqnv4=</Data>
</EventData>
</Event>

<Event xmlns="http://schemas.microsoft.com/win/2004/08/events/event"><System><Provider Name="Microsoft-Windows-Shell-Core" Guid="{30336ed4-e327-447c-9de0-51b652c86108}"></Provider>
<EventID Qualifiers="">62443</EventID>
<Version>0</Version>
<Level>4</Level>
<Task>62443</Task>
<Opcode>0</Opcode>
<Keywords>0x1000000000000000</Keywords>
<TimeCreated SystemTime="2020-10-22 20:52:25.585764"></TimeCreated>
<EventRecordID>104</EventRecordID>
<Correlation ActivityID="" RelatedActivityID=""></Correlation>
<Execution ProcessID="540" ThreadID="1520"></Execution>
<Channel>Microsoft-Windows-Shell-Core/AppDefaults</Channel>
<Computer>WIN-PTFPHFCRDJ0</Computer>
<Security UserID="S-1-5-21-1152959844-3645458174-3779170896-1000"></Security>
</System>
<EventData><Data Name="Info">AppDefaults-Logon-UserProfileLoaded</Data>
</EventData>
</Event>

<Event xmlns="http://schemas.microsoft.com/win/2004/08/events/event"><System><Provider Name="Microsoft-Windows-Shell-Core" Guid="{30336ed4-e327-447c-9de0-51b652c86108}"></Provider>
<EventID Qualifiers="">62443</EventID>
<Version>0</Version>
<Level>4</Level>
<Task>62443</Task>
<Opcode>0</Opcode>
<Keywords>0x1000000000000000</Keywords>
<TimeCreated SystemTime="2020-10-22 20:52:25.826363"></TimeCreated>
<EventRecordID>105</EventRecordID>
<Correlation ActivityID="" RelatedActivityID=""></Correlation>
<Execution ProcessID="540" ThreadID="1520"></Execution>
<Channel>Microsoft-Windows-Shell-Core/AppDefaults</Channel>
<Computer>WIN-PTFPHFCRDJ0</Computer>
<Security UserID="S-1-5-21-1152959844-3645458174-3779170896-1000"></Security>
</System>
<EventData><Data Name="Info">AppDefaults-Logon-UserProfileLoaded</Data>
</EventData>
</Event>

<Event xmlns="http://schemas.microsoft.com/win/2004/08/events/event"><System><Provider Name="Microsoft-Windows-Shell-Core" Guid="{30336ed4-e327-447c-9de0-51b652c86108}"></Provider>
<EventID Qualifiers="">62443</EventID>
<Version>0</Version>
<Level>4</Level>
<Task>62443</Task>
<Opcode>0</Opcode>
<Keywords>0x1000000000000000</Keywords>
<TimeCreated SystemTime="2020-10-22 20:52:27.323515"></TimeCreated>
<EventRecordID>106</EventRecordID>
<Correlation ActivityID="" RelatedActivityID=""></Correlation>
<Execution ProcessID="3804" ThreadID="3808"></Execution>
<Channel>Microsoft-Windows-Shell-Core/AppDefaults</Channel>
<Computer>WIN-PTFPHFCRDJ0</Computer>
<Security UserID="S-1-5-21-1152959844-3645458174-3779170896-1000"></Security>
</System>
<EventData><Data Name="Info">SetDefault: Association=.3g2, ProgId=WMP11.AssocFile.3G2</Data>
</EventData>
</Event>

<Event xmlns="http://schemas.microsoft.com/win/2004/08/events/event"><System><Provider Name="Microsoft-Windows-Shell-Core" Guid="{30336ed4-e327-447c-9de0-51b652c86108}"></Provider>
<EventID Qualifiers="">62443</EventID>
<Version>0</Version>
<Level>4</Level>
<Task>62443</Task>
<Opcode>0</Opcode>
<Keywords>0x1000000000000000</Keywords>
<TimeCreated SystemTime="2020-10-22 20:52:27.323706"></TimeCreated>
<EventRecordID>107</EventRecordID>
<Correlation ActivityID="" RelatedActivityID=""></Correlation>
<Execution ProcessID="3804" ThreadID="3808"></Execution>
<Channel>Microsoft-Windows-Shell-Core/AppDefaults</Channel>
<Computer>WIN-PTFPHFCRDJ0</Computer>
<Security UserID="S-1-5-21-1152959844-3645458174-3779170896-1000"></Security>
</System>
<EventData><Data Name="Info">SetDefault-Info: Association=.3g2, ProgId=WMP11.AssocFile.3G2, U=S-1-5-21-1152959844-3645458174-3779170896-1000, T=2020:10:04:22:20:52, H=5f+1YJkTpbk=</Data>
</EventData>
</Event>

<Event xmlns="http://schemas.microsoft.com/win/2004/08/events/event"><System><Provider Name="Microsoft-Windows-Shell-Core" Guid="{30336ed4-e327-447c-9de0-51b652c86108}"></Provider>
<EventID Qualifiers="">62443</EventID>
<Version>0</Version>
<Level>4</Level>
<Task>62443</Task>
<Opcode>0</Opcode>
<Keywords>0x1000000000000000</Keywords>
<TimeCreated SystemTime="2020-10-22 20:52:27.324282"></TimeCreated>
<EventRecordID>108</EventRecordID>
<Correlation ActivityID="" RelatedActivityID=""></Correlation>
<Execution ProcessID="3804" ThreadID="3808"></Execution>
<Channel>Microsoft-Windows-Shell-Core/AppDefaults</Channel>
<Computer>WIN-PTFPHFCRDJ0</Computer>
<Security UserID="S-1-5-21-1152959844-3645458174-3779170896-1000"></Security>
</System>
<EventData><Data Name="Info">SetDefault: Association=.3gp, ProgId=WMP11.AssocFile.3GP</Data>
</EventData>
</Event>

<Event xmlns="http://schemas.microsoft.com/win/2004/08/events/event"><System><Provider Name="Microsoft-Windows-Shell-Core" Guid="{30336ed4-e327-447c-9de0-51b652c86108}"></Provider>
<EventID Qualifiers="">62443</EventID>
<Version>0</Version>
<Level>4</Level>
<Task>62443</Task>
<Opcode>0</Opcode>
<Keywords>0x1000000000000000</Keywords>
<TimeCreated SystemTime="2020-10-22 20:52:27.324303"></TimeCreated>
<EventRecordID>109</EventRecordID>
<Correlation ActivityID="" RelatedActivityID=""></Correlation>
<Execution ProcessID="3804" ThreadID="3808"></Execution>
<Channel>Microsoft-Windows-Shell-Core/AppDefaults</Channel>
<Computer>WIN-PTFPHFCRDJ0</Computer>
<Security UserID="S-1-5-21-1152959844-3645458174-3779170896-1000"></Security>
</System>
<EventData><Data Name="Info">SetDefault-Info: Association=.3gp, ProgId=WMP11.AssocFile.3GP, U=S-1-5-21-1152959844-3645458174-3779170896-1000, T=2020:10:04:22:20:52, H=qb6tkhTI8Ag=</Data>
</EventData>
</Event>

<Event xmlns="http://schemas.microsoft.com/win/2004/08/events/event"><System><Provider Name="Microsoft-Windows-Shell-Core" Guid="{30336ed4-e327-447c-9de0-51b652c86108}"></Provider>
<EventID Qualifiers="">62443</EventID>
<Version>0</Version>
<Level>4</Level>
<Task>62443</Task>
<Opcode>0</Opcode>
<Keywords>0x1000000000000000</Keywords>
<TimeCreated SystemTime="2020-10-22 20:52:27.324522"></TimeCreated>
<EventRecordID>110</EventRecordID>
<Correlation ActivityID="" RelatedActivityID=""></Correlation>
<Execution ProcessID="3804" ThreadID="3808"></Execution>
<Channel>Microsoft-Windows-Shell-Core/AppDefaults</Channel>
<Computer>WIN-PTFPHFCRDJ0</Computer>
<Security UserID="S-1-5-21-1152959844-3645458174-3779170896-1000"></Security>
</System>
<EventData><Data Name="Info">SetDefault: Association=.3gp2, ProgId=WMP11.AssocFile.3G2</Data>
</EventData>
</Event>

