<Event xmlns="http://schemas.microsoft.com/win/2004/08/events/event"><System><Provider Name="Microsoft-Windows-Shell-Core" Guid="{30336ed4-e327-447c-9de0-51b652c86108}"></Provider>
<EventID Qualifiers="">62144</EventID>
<Version>0</Version>
<Level>4</Level>
<Task>62132</Task>
<Opcode>0</Opcode>
<Keywords>0x2000000000010000</Keywords>
<TimeCreated SystemTime="2020-10-22 20:58:13.369387"></TimeCreated>
<EventRecordID>284</EventRecordID>
<Correlation ActivityID="" RelatedActivityID=""></Correlation>
<Execution ProcessID="3748" ThreadID="1096"></Execution>
<Channel>Microsoft-Windows-Shell-Core/Operational</Channel>
<Computer>WIN-PTFPHFCRDJ0</Computer>
<Security UserID="S-1-5-21-1152959844-3645458174-3779170896-1000"></Security>
</System>
<EventData><Data Name="PackageFamilyName">Microsoft.Windows.SecHealthUI_cw5n1h2txyewy</Data>
<Data Name="InstallState">Installing</Data>
<Data Name="ErrorCode">0</Data>
</EventData>
</Event>

<Event xmlns="http://schemas.microsoft.com/win/2004/08/events/event"><System><Provider Name="Microsoft-Windows-Shell-Core" Guid="{30336ed4-e327-447c-9de0-51b652c86108}"></Provider>
<EventID Qualifiers="">62144</EventID>
<Version>0</Version>
<Level>4</Level>
<Task>62132</Task>
<Opcode>0</Opcode>
<Keywords>0x2000000000010000</Keywords>
<TimeCreated SystemTime="2020-10-22 20:58:13.897903"></TimeCreated>
<EventRecordID>285</EventRecordID>
<Correlation ActivityID="" RelatedActivityID=""></Correlation>
<Execution ProcessID="3748" ThreadID="1096"></Execution>
<Channel>Microsoft-Windows-Shell-Core/Operational</Channel>
<Computer>WIN-PTFPHFCRDJ0</Computer>
<Security UserID="S-1-5-21-1152959844-3645458174-3779170896-1000"></Security>
</System>
<EventData><Data Name="PackageFamilyName">Microsoft.Windows.SecHealthUI_cw5n1h2txyewy</Data>
<Data Name="InstallState">Completed</Data>
<Data Name="ErrorCode">0</Data>
</EventData>
</Event>

<Event xmlns="http://schemas.microsoft.com/win/2004/08/events/event"><System><Provider Name="Microsoft-Windows-Shell-Core" Guid="{30336ed4-e327-447c-9de0-51b652c86108}"></Provider>
<EventID Qualifiers="">62144</EventID>
<Version>0</Version>
<Level>4</Level>
<Task>62132</Task>
<Opcode>0</Opcode>
<Keywords>0x2000000000010000</Keywords>
<TimeCreated SystemTime="2020-10-22 20:58:13.902159"></TimeCreated>
<EventRecordID>286</EventRecordID>
<Correlation ActivityID="" RelatedActivityID=""></Correlation>
<Execution ProcessID="3748" ThreadID="1096"></Execution>
<Channel>Microsoft-Windows-Shell-Core/Operational</Channel>
<Computer>WIN-PTFPHFCRDJ0</Computer>
<Security UserID="S-1-5-21-1152959844-3645458174-3779170896-1000"></Security>
</System>
<EventData><Data Name="PackageFamilyName">Microsoft.Windows.PinningConfirmationDialog_cw5n1h2txyewy</Data>
<Data Name="InstallState">Installing</Data>
<Data Name="ErrorCode">0</Data>
</EventData>
</Event>

<Event xmlns="http://schemas.microsoft.com/win/2004/08/events/event"><System><Provider Name="Microsoft-Windows-Shell-Core" Guid="{30336ed4-e327-447c-9de0-51b652c86108}"></Provider>
<EventID Qualifiers="">62144</EventID>
<Version>0</Version>
<Level>4</Level>
<Task>62132</Task>
<Opcode>0</Opcode>
<Keywords>0x2000000000010000</Keywords>
<TimeCreated SystemTime="2020-10-22 20:58:14.332399"></TimeCreated>
<EventRecordID>287</EventRecordID>
<Correlation ActivityID="" RelatedActivityID=""></Correlation>
<Execution ProcessID="3748" ThreadID="1096"></Execution>
<Channel>Microsoft-Windows-Shell-Core/Operational</Channel>
<Computer>WIN-PTFPHFCRDJ0</Computer>
<Security UserID="S-1-5-21-1152959844-3645458174-3779170896-1000"></Security>
</System>
<EventData><Data Name="PackageFamilyName">Microsoft.Windows.PinningConfirmationDialog_cw5n1h2txyewy</Data>
<Data Name="InstallState">Completed</Data>
<Data Name="ErrorCode">0</Data>
</EventData>
</Event>

<Event xmlns="http://schemas.microsoft.com/win/2004/08/events/event"><System><Provider Name="Microsoft-Windows-Shell-Core" Guid="{30336ed4-e327-447c-9de0-51b652c86108}"></Provider>
<EventID Qualifiers="">62144</EventID>
<Version>0</Version>
<Level>4</Level>
<Task>62132</Task>
<Opcode>0</Opcode>
<Keywords>0x2000000000010000</Keywords>
<TimeCreated SystemTime="2020-10-22 20:58:14.337055"></TimeCreated>
<EventRecordID>288</EventRecordID>
<Correlation ActivityID="" RelatedActivityID=""></Correlation>
<Execution ProcessID="3748" ThreadID="1096"></Execution>
<Channel>Microsoft-Windows-Shell-Core/Operational</Channel>
<Computer>WIN-PTFPHFCRDJ0</Computer>
<Security UserID="S-1-5-21-1152959844-3645458174-3779170896-1000"></Security>
</System>
<EventData><Data Name="PackageFamilyName">Microsoft.Windows.PeopleExperienceHost_cw5n1h2txyewy</Data>
<Data Name="InstallState">Installing</Data>
<Data Name="ErrorCode">0</Data>
</EventData>
</Event>

<Event xmlns="http://schemas.microsoft.com/win/2004/08/events/event"><System><Provider Name="Microsoft-Windows-Shell-Core" Guid="{30336ed4-e327-447c-9de0-51b652c86108}"></Provider>
<EventID Qualifiers="">62144</EventID>
<Version>0</Version>
<Level>4</Level>
<Task>62132</Task>
<Opcode>0</Opcode>
<Keywords>0x2000000000010000</Keywords>
<TimeCreated SystemTime="2020-10-22 20:58:15.066147"></TimeCreated>
<EventRecordID>289</EventRecordID>
<Correlation ActivityID="" RelatedActivityID=""></Correlation>
<Execution ProcessID="3748" ThreadID="1096"></Execution>
<Channel>Microsoft-Windows-Shell-Core/Operational</Channel>
<Computer>WIN-PTFPHFCRDJ0</Computer>
<Security UserID="S-1-5-21-1152959844-3645458174-3779170896-1000"></Security>
</System>
<EventData><Data Name="PackageFamilyName">Microsoft.Windows.PeopleExperienceHost_cw5n1h2txyewy</Data>
<Data Name="InstallState">Completed</Data>
<Data Name="ErrorCode">0</Data>
</EventData>
</Event>

<Event xmlns="http://schemas.microsoft.com/win/2004/08/events/event"><System><Provider Name="Microsoft-Windows-Shell-Core" Guid="{30336ed4-e327-447c-9de0-51b652c86108}"></Provider>
<EventID Qualifiers="">62144</EventID>
<Version>0</Version>
<Level>4</Level>
<Task>62132</Task>
<Opcode>0</Opcode>
<Keywords>0x2000000000010000</Keywords>
<TimeCreated SystemTime="2020-10-22 20:58:15.072433"></TimeCreated>
<EventRecordID>290</EventRecordID>
<Correlation ActivityID="" RelatedActivityID=""></Correlation>
<Execution ProcessID="3748" ThreadID="1096"></Execution>
<Channel>Microsoft-Windows-Shell-Core/Operational</Channel>
<Computer>WIN-PTFPHFCRDJ0</Computer>
<Security UserID="S-1-5-21-1152959844-3645458174-3779170896-1000"></Security>
</System>
<EventData><Data Name="PackageFamilyName">Microsoft.Windows.OOBENetworkConnectionFlow_cw5n1h2txyewy</Data>
<Data Name="InstallState">Installing</Data>
<Data Name="ErrorCode">0</Data>
</EventData>
</Event>

<Event xmlns="http://schemas.microsoft.com/win/2004/08/events/event"><System><Provider Name="Microsoft-Windows-Shell-Core" Guid="{30336ed4-e327-447c-9de0-51b652c86108}"></Provider>
<EventID Qualifiers="">62144</EventID>
<Version>0</Version>
<Level>4</Level>
<Task>62132</Task>
<Opcode>0</Opcode>
<Keywords>0x2000000000010000</Keywords>
<TimeCreated SystemTime="2020-10-22 20:58:15.642033"></TimeCreated>
<EventRecordID>291</EventRecordID>
<Correlation ActivityID="" RelatedActivityID=""></Correlation>
<Execution ProcessID="3748" ThreadID="1096"></Execution>
<Channel>Microsoft-Windows-Shell-Core/Operational</Channel>
<Computer>WIN-PTFPHFCRDJ0</Computer>
<Security UserID="S-1-5-21-1152959844-3645458174-3779170896-1000"></Security>
</System>
<EventData><Data Name="PackageFamilyName">Microsoft.Windows.OOBENetworkConnectionFlow_cw5n1h2txyewy</Data>
<Data Name="InstallState">Completed</Data>
<Data Name="ErrorCode">0</Data>
</EventData>
</Event>

<Event xmlns="http://schemas.microsoft.com/win/2004/08/events/event"><System><Provider Name="Microsoft-Windows-Shell-Core" Guid="{30336ed4-e327-447c-9de0-51b652c86108}"></Provider>
<EventID Qualifiers="">62144</EventID>
<Version>0</Version>
<Level>4</Level>
<Task>62132</Task>
<Opcode>0</Opcode>
<Keywords>0x2000000000010000</Keywords>
<TimeCreated SystemTime="2020-10-22 20:58:15.647753"></TimeCreated>
<EventRecordID>292</EventRecordID>
<Correlation ActivityID="" RelatedActivityID=""></Correlation>
<Execution ProcessID="3748" ThreadID="1096"></Execution>
<Channel>Microsoft-Windows-Shell-Core/Operational</Channel>
<Computer>WIN-PTFPHFCRDJ0</Computer>
<Security UserID="S-1-5-21-1152959844-3645458174-3779170896-1000"></Security>
</System>
<EventData><Data Name="PackageFamilyName">Microsoft.Windows.OOBENetworkCaptivePortal_cw5n1h2txyewy</Data>
<Data Name="InstallState">Installing</Data>
<Data Name="ErrorCode">0</Data>
</EventData>
</Event>

<Event xmlns="http://schemas.microsoft.com/win/2004/08/events/event"><System><Provider Name="Microsoft-Windows-Shell-Core" Guid="{30336ed4-e327-447c-9de0-51b652c86108}"></Provider>
<EventID Qualifiers="">62144</EventID>
<Version>0</Version>
<Level>4</Level>
<Task>62132</Task>
<Opcode>0</Opcode>
<Keywords>0x2000000000010000</Keywords>
<TimeCreated SystemTime="2020-10-22 20:58:16.241402"></TimeCreated>
<EventRecordID>293</EventRecordID>
<Correlation ActivityID="" RelatedActivityID=""></Correlation>
<Execution ProcessID="3748" ThreadID="1096"></Execution>
<Channel>Microsoft-Windows-Shell-Core/Operational</Channel>
<Computer>WIN-PTFPHFCRDJ0</Computer>
<Security UserID="S-1-5-21-1152959844-3645458174-3779170896-1000"></Security>
</System>
<EventData><Data Name="PackageFamilyName">Microsoft.Windows.OOBENetworkCaptivePortal_cw5n1h2txyewy</Data>
<Data Name="InstallState">Completed</Data>
<Data Name="ErrorCode">0</Data>
</EventData>
</Event>

<Event xmlns="http://schemas.microsoft.com/win/2004/08/events/event"><System><Provider Name="Microsoft-Windows-Shell-Core" Guid="{30336ed4-e327-447c-9de0-51b652c86108}"></Provider>
<EventID Qualifiers="">62144</EventID>
<Version>0</Version>
<Level>4</Level>
<Task>62132</Task>
<Opcode>0</Opcode>
<Keywords>0x2000000000010000</Keywords>
<TimeCreated SystemTime="2020-10-22 20:58:16.245987"></TimeCreated>
<EventRecordID>294</EventRecordID>
<Correlation ActivityID="" RelatedActivityID=""></Correlation>
<Execution ProcessID="3748" ThreadID="1096"></Execution>
<Channel>Microsoft-Windows-Shell-Core/Operational</Channel>
<Computer>WIN-PTFPHFCRDJ0</Computer>
<Security UserID="S-1-5-21-1152959844-3645458174-3779170896-1000"></Security>
</System>
<EventData><Data Name="PackageFamilyName">Microsoft.Windows.NarratorQuickStart_8wekyb3d8bbwe</Data>
<Data Name="InstallState">Installing</Data>
<Data Name="ErrorCode">0</Data>
</EventData>
</Event>

<Event xmlns="http://schemas.microsoft.com/win/2004/08/events/event"><System><Provider Name="Microsoft-Windows-Shell-Core" Guid="{30336ed4-e327-447c-9de0-51b652c86108}"></Provider>
<EventID Qualifiers="">62144</EventID>
<Version>0</Version>
<Level>4</Level>
<Task>62132</Task>
<Opcode>0</Opcode>
<Keywords>0x2000000000010000</Keywords>
<TimeCreated SystemTime="2020-10-22 20:58:17.000385"></TimeCreated>
<EventRecordID>295</EventRecordID>
<Correlation ActivityID="" RelatedActivityID=""></Correlation>
<Execution ProcessID="3748" ThreadID="1096"></Execution>
<Channel>Microsoft-Windows-Shell-Core/Operational</Channel>
<Computer>WIN-PTFPHFCRDJ0</Computer>
<Security UserID="S-1-5-21-1152959844-3645458174-3779170896-1000"></Security>
</System>
<EventData><Data Name="PackageFamilyName">Microsoft.Windows.NarratorQuickStart_8wekyb3d8bbwe</Data>
<Data Name="InstallState">Completed</Data>
<Data Name="ErrorCode">0</Data>
</EventData>
</Event>

<Event xmlns="http://schemas.microsoft.com/win/2004/08/events/event"><System><Provider Name="Microsoft-Windows-Shell-Core" Guid="{30336ed4-e327-447c-9de0-51b652c86108}"></Provider>
<EventID Qualifiers="">62144</EventID>
<Version>0</Version>
<Level>4</Level>
<Task>62132</Task>
<Opcode>0</Opcode>
<Keywords>0x2000000000010000</Keywords>
<TimeCreated SystemTime="2020-10-22 20:58:17.005737"></TimeCreated>
<EventRecordID>296</EventRecordID>
<Correlation ActivityID="" RelatedActivityID=""></Correlation>
<Execution ProcessID="3748" ThreadID="1096"></Execution>
<Channel>Microsoft-Windows-Shell-Core/Operational</Channel>
<Computer>WIN-PTFPHFCRDJ0</Computer>
<Security UserID="S-1-5-21-1152959844-3645458174-3779170896-1000"></Security>
</System>
<EventData><Data Name="PackageFamilyName">Microsoft.Windows.CapturePicker_cw5n1h2txyewy</Data>
<Data Name="InstallState">Installing</Data>
<Data Name="ErrorCode">0</Data>
</EventData>
</Event>

<Event xmlns="http://schemas.microsoft.com/win/2004/08/events/event"><System><Provider Name="Microsoft-Windows-Shell-Core" Guid="{30336ed4-e327-447c-9de0-51b652c86108}"></Provider>
<EventID Qualifiers="">62144</EventID>
<Version>0</Version>
<Level>4</Level>
<Task>62132</Task>
<Opcode>0</Opcode>
<Keywords>0x2000000000010000</Keywords>
<TimeCreated SystemTime="2020-10-22 20:58:17.606155"></TimeCreated>
<EventRecordID>297</EventRecordID>
<Correlation ActivityID="" RelatedActivityID=""></Correlation>
<Execution ProcessID="3748" ThreadID="1096"></Execution>
<Channel>Microsoft-Windows-Shell-Core/Operational</Channel>
<Computer>WIN-PTFPHFCRDJ0</Computer>
<Security UserID="S-1-5-21-1152959844-3645458174-3779170896-1000"></Security>
</System>
<EventData><Data Name="PackageFamilyName">Microsoft.Windows.CapturePicker_cw5n1h2txyewy</Data>
<Data Name="InstallState">Completed</Data>
<Data Name="ErrorCode">0</Data>
</EventData>
</Event>

<Event xmlns="http://schemas.microsoft.com/win/2004/08/events/event"><System><Provider Name="Microsoft-Windows-Shell-Core" Guid="{30336ed4-e327-447c-9de0-51b652c86108}"></Provider>
<EventID Qualifiers="">62144</EventID>
<Version>0</Version>
<Level>4</Level>
<Task>62132</Task>
<Opcode>0</Opcode>
<Keywords>0x2000000000010000</Keywords>
<TimeCreated SystemTime="2020-10-22 20:58:17.661600"></TimeCreated>
<EventRecordID>298</EventRecordID>
<Correlation ActivityID="" RelatedActivityID=""></Correlation>
<Execution ProcessID="3748" ThreadID="1112"></Execution>
<Channel>Microsoft-Windows-Shell-Core/Operational</Channel>
<Computer>WIN-PTFPHFCRDJ0</Computer>
<Security UserID="S-1-5-21-1152959844-3645458174-3779170896-1000"></Security>
</System>
<EventData><Data Name="PackageFamilyName">Microsoft.Windows.AppRep.ChxApp_cw5n1h2txyewy</Data>
<Data Name="InstallState">Installing</Data>
<Data Name="ErrorCode">0</Data>
</EventData>
</Event>

<Event xmlns="http://schemas.microsoft.com/win/2004/08/events/event"><System><Provider Name="Microsoft-Windows-Shell-Core" Guid="{30336ed4-e327-447c-9de0-51b652c86108}"></Provider>
<EventID Qualifiers="">62144</EventID>
<Version>0</Version>
<Level>4</Level>
<Task>62132</Task>
<Opcode>0</Opcode>
<Keywords>0x2000000000010000</Keywords>
<TimeCreated SystemTime="2020-10-22 20:58:18.473907"></TimeCreated>
<EventRecordID>299</EventRecordID>
<Correlation ActivityID="" RelatedActivityID=""></Correlation>
<Execution ProcessID="3748" ThreadID="1112"></Execution>
<Channel>Microsoft-Windows-Shell-Core/Operational</Channel>
<Computer>WIN-PTFPHFCRDJ0</Computer>
<Security UserID="S-1-5-21-1152959844-3645458174-3779170896-1000"></Security>
</System>
<EventData><Data Name="PackageFamilyName">Microsoft.Windows.AppRep.ChxApp_cw5n1h2txyewy</Data>
<Data Name="InstallState">Completed</Data>
<Data Name="ErrorCode">0</Data>
</EventData>
</Event>

<Event xmlns="http://schemas.microsoft.com/win/2004/08/events/event"><System><Provider Name="Microsoft-Windows-Shell-Core" Guid="{30336ed4-e327-447c-9de0-51b652c86108}"></Provider>
<EventID Qualifiers="">62144</EventID>
<Version>0</Version>
<Level>4</Level>
<Task>62132</Task>
<Opcode>0</Opcode>
<Keywords>0x2000000000010000</Keywords>
<TimeCreated SystemTime="2020-10-22 20:58:18.478468"></TimeCreated>
<EventRecordID>300</EventRecordID>
<Correlation ActivityID="" RelatedActivityID=""></Correlation>
<Execution ProcessID="3748" ThreadID="1112"></Execution>
<Channel>Microsoft-Windows-Shell-Core/Operational</Channel>
<Computer>WIN-PTFPHFCRDJ0</Computer>
<Security UserID="S-1-5-21-1152959844-3645458174-3779170896-1000"></Security>
</System>
<EventData><Data Name="PackageFamilyName">Microsoft.Win32WebViewHost_cw5n1h2txyewy</Data>
<Data Name="InstallState">Installing</Data>
<Data Name="ErrorCode">0</Data>
</EventData>
</Event>

<Event xmlns="http://schemas.microsoft.com/win/2004/08/events/event"><System><Provider Name="Microsoft-Windows-Shell-Core" Guid="{30336ed4-e327-447c-9de0-51b652c86108}"></Provider>
<EventID Qualifiers="">62144</EventID>
<Version>0</Version>
<Level>4</Level>
<Task>62132</Task>
<Opcode>0</Opcode>
<Keywords>0x2000000000010000</Keywords>
<TimeCreated SystemTime="2020-10-22 20:58:19.318743"></TimeCreated>
<EventRecordID>301</EventRecordID>
<Correlation ActivityID="" RelatedActivityID=""></Correlation>
<Execution ProcessID="3748" ThreadID="1112"></Execution>
<Channel>Microsoft-Windows-Shell-Core/Operational</Channel>
<Computer>WIN-PTFPHFCRDJ0</Computer>
<Security UserID="S-1-5-21-1152959844-3645458174-3779170896-1000"></Security>
</System>
<EventData><Data Name="PackageFamilyName">Microsoft.Win32WebViewHost_cw5n1h2txyewy</Data>
<Data Name="InstallState">Completed</Data>
<Data Name="ErrorCode">0</Data>
</EventData>
</Event>

<Event xmlns="http://schemas.microsoft.com/win/2004/08/events/event"><System><Provider Name="Microsoft-Windows-Shell-Core" Guid="{30336ed4-e327-447c-9de0-51b652c86108}"></Provider>
<EventID Qualifiers="">62144</EventID>
<Version>0</Version>
<Level>4</Level>
<Task>62132</Task>
<Opcode>0</Opcode>
<Keywords>0x2000000000010000</Keywords>
<TimeCreated SystemTime="2020-10-22 20:58:19.323341"></TimeCreated>
<EventRecordID>302</EventRecordID>
<Correlation ActivityID="" RelatedActivityID=""></Correlation>
<Execution ProcessID="3748" ThreadID="1112"></Execution>
<Channel>Microsoft-Windows-Shell-Core/Operational</Channel>
<Computer>WIN-PTFPHFCRDJ0</Computer>
<Security UserID="S-1-5-21-1152959844-3645458174-3779170896-1000"></Security>
</System>
<EventData><Data Name="PackageFamilyName">Microsoft.LockApp_cw5n1h2txyewy</Data>
<Data Name="InstallState">Installing</Data>
<Data Name="ErrorCode">0</Data>
</EventData>
</Event>

<Event xmlns="http://schemas.microsoft.com/win/2004/08/events/event"><System><Provider Name="Microsoft-Windows-Shell-Core" Guid="{30336ed4-e327-447c-9de0-51b652c86108}"></Provider>
<EventID Qualifiers="">62144</EventID>
<Version>0</Version>
<Level>4</Level>
<Task>62132</Task>
<Opcode>0</Opcode>
<Keywords>0x2000000000010000</Keywords>
<TimeCreated SystemTime="2020-10-22 20:58:19.817526"></TimeCreated>
<EventRecordID>303</EventRecordID>
<Correlation ActivityID="" RelatedActivityID=""></Correlation>
<Execution ProcessID="3748" ThreadID="1112"></Execution>
<Channel>Microsoft-Windows-Shell-Core/Operational</Channel>
<Computer>WIN-PTFPHFCRDJ0</Computer>
<Security UserID="S-1-5-21-1152959844-3645458174-3779170896-1000"></Security>
</System>
<EventData><Data Name="PackageFamilyName">Microsoft.LockApp_cw5n1h2txyewy</Data>
<Data Name="InstallState">Completed</Data>
<Data Name="ErrorCode">0</Data>
</EventData>
</Event>

<Event xmlns="http://schemas.microsoft.com/win/2004/08/events/event"><System><Provider Name="Microsoft-Windows-Shell-Core" Guid="{30336ed4-e327-447c-9de0-51b652c86108}"></Provider>
<EventID Qualifiers="">62144</EventID>
<Version>0</Version>
<Level>4</Level>
<Task>62132</Task>
<Opcode>0</Opcode>
<Keywords>0x2000000000010000</Keywords>
<TimeCreated SystemTime="2020-10-22 20:58:19.822300"></TimeCreated>
<EventRecordID>304</EventRecordID>
<Correlation ActivityID="" RelatedActivityID=""></Correlation>
<Execution ProcessID="3748" ThreadID="1112"></Execution>
<Channel>Microsoft-Windows-Shell-Core/Operational</Channel>
<Computer>WIN-PTFPHFCRDJ0</Computer>
<Security UserID="S-1-5-21-1152959844-3645458174-3779170896-1000"></Security>
</System>
<EventData><Data Name="PackageFamilyName">Microsoft.ECApp_8wekyb3d8bbwe</Data>
<Data Name="InstallState">Installing</Data>
<Data Name="ErrorCode">0</Data>
</EventData>
</Event>

<Event xmlns="http://schemas.microsoft.com/win/2004/08/events/event"><System><Provider Name="Microsoft-Windows-Shell-Core" Guid="{30336ed4-e327-447c-9de0-51b652c86108}"></Provider>
<EventID Qualifiers="">62144</EventID>
<Version>0</Version>
<Level>4</Level>
<Task>62132</Task>
<Opcode>0</Opcode>
<Keywords>0x2000000000010000</Keywords>
<TimeCreated SystemTime="2020-10-22 20:58:20.142916"></TimeCreated>
<EventRecordID>305</EventRecordID>
<Correlation ActivityID="" RelatedActivityID=""></Correlation>
<Execution ProcessID="3748" ThreadID="1112"></Execution>
<Channel>Microsoft-Windows-Shell-Core/Operational</Channel>
<Computer>WIN-PTFPHFCRDJ0</Computer>
<Security UserID="S-1-5-21-1152959844-3645458174-3779170896-1000"></Security>
</System>
<EventData><Data Name="PackageFamilyName">Microsoft.ECApp_8wekyb3d8bbwe</Data>
<Data Name="InstallState">Completed</Data>
<Data Name="ErrorCode">0</Data>
</EventData>
</Event>

<Event xmlns="http://schemas.microsoft.com/win/2004/08/events/event"><System><Provider Name="Microsoft-Windows-Shell-Core" Guid="{30336ed4-e327-447c-9de0-51b652c86108}"></Provider>
<EventID Qualifiers="">62144</EventID>
<Version>0</Version>
<Level>4</Level>
<Task>62132</Task>
<Opcode>0</Opcode>
<Keywords>0x2000000000010000</Keywords>
<TimeCreated SystemTime="2020-10-22 20:58:20.147587"></TimeCreated>
<EventRecordID>306</EventRecordID>
<Correlation ActivityID="" RelatedActivityID=""></Correlation>
<Execution ProcessID="3748" ThreadID="1112"></Execution>
<Channel>Microsoft-Windows-Shell-Core/Operational</Channel>
<Computer>WIN-PTFPHFCRDJ0</Computer>
<Security UserID="S-1-5-21-1152959844-3645458174-3779170896-1000"></Security>
</System>
<EventData><Data Name="PackageFamilyName">Microsoft.CredDialogHost_cw5n1h2txyewy</Data>
<Data Name="InstallState">Installing</Data>
<Data Name="ErrorCode">0</Data>
</EventData>
</Event>

<Event xmlns="http://schemas.microsoft.com/win/2004/08/events/event"><System><Provider Name="Microsoft-Windows-Shell-Core" Guid="{30336ed4-e327-447c-9de0-51b652c86108}"></Provider>
<EventID Qualifiers="">62144</EventID>
<Version>0</Version>
<Level>4</Level>
<Task>62132</Task>
<Opcode>0</Opcode>
<Keywords>0x2000000000010000</Keywords>
<TimeCreated SystemTime="2020-10-22 20:58:20.478256"></TimeCreated>
<EventRecordID>307</EventRecordID>
<Correlation ActivityID="" RelatedActivityID=""></Correlation>
<Execution ProcessID="3748" ThreadID="1112"></Execution>
<Channel>Microsoft-Windows-Shell-Core/Operational</Channel>
<Computer>WIN-PTFPHFCRDJ0</Computer>
<Security UserID="S-1-5-21-1152959844-3645458174-3779170896-1000"></Security>
</System>
<EventData><Data Name="PackageFamilyName">Microsoft.CredDialogHost_cw5n1h2txyewy</Data>
<Data Name="InstallState">Completed</Data>
<Data Name="ErrorCode">0</Data>
</EventData>
</Event>

<Event xmlns="http://schemas.microsoft.com/win/2004/08/events/event"><System><Provider Name="Microsoft-Windows-Shell-Core" Guid="{30336ed4-e327-447c-9de0-51b652c86108}"></Provider>
<EventID Qualifiers="">62144</EventID>
<Version>0</Version>
<Level>4</Level>
<Task>62132</Task>
<Opcode>0</Opcode>
<Keywords>0x2000000000010000</Keywords>
<TimeCreated SystemTime="2020-10-22 20:58:20.482878"></TimeCreated>
<EventRecordID>308</EventRecordID>
<Correlation ActivityID="" RelatedActivityID=""></Correlation>
<Execution ProcessID="3748" ThreadID="1112"></Execution>
<Channel>Microsoft-Windows-Shell-Core/Operational</Channel>
<Computer>WIN-PTFPHFCRDJ0</Computer>
<Security UserID="S-1-5-21-1152959844-3645458174-3779170896-1000"></Security>
</System>
<EventData><Data Name="PackageFamilyName">Microsoft.BioEnrollment_cw5n1h2txyewy</Data>
<Data Name="InstallState">Installing</Data>
<Data Name="ErrorCode">0</Data>
</EventData>
</Event>

<Event xmlns="http://schemas.microsoft.com/win/2004/08/events/event"><System><Provider Name="Microsoft-Windows-Shell-Core" Guid="{30336ed4-e327-447c-9de0-51b652c86108}"></Provider>
<EventID Qualifiers="">62144</EventID>
<Version>0</Version>
<Level>4</Level>
<Task>62132</Task>
<Opcode>0</Opcode>
<Keywords>0x2000000000010000</Keywords>
<TimeCreated SystemTime="2020-10-22 20:58:20.940222"></TimeCreated>
<EventRecordID>309</EventRecordID>
<Correlation ActivityID="" RelatedActivityID=""></Correlation>
<Execution ProcessID="3748" ThreadID="1112"></Execution>
<Channel>Microsoft-Windows-Shell-Core/Operational</Channel>
<Computer>WIN-PTFPHFCRDJ0</Computer>
<Security UserID="S-1-5-21-1152959844-3645458174-3779170896-1000"></Security>
</System>
<EventData><Data Name="PackageFamilyName">Microsoft.BioEnrollment_cw5n1h2txyewy</Data>
<Data Name="InstallState">Completed</Data>
<Data Name="ErrorCode">0</Data>
</EventData>
</Event>

<Event xmlns="http://schemas.microsoft.com/win/2004/08/events/event"><System><Provider Name="Microsoft-Windows-Shell-Core" Guid="{30336ed4-e327-447c-9de0-51b652c86108}"></Provider>
<EventID Qualifiers="">62144</EventID>
<Version>0</Version>
<Level>4</Level>
<Task>62132</Task>
<Opcode>0</Opcode>
<Keywords>0x2000000000010000</Keywords>
<TimeCreated SystemTime="2020-10-22 20:58:20.945002"></TimeCreated>
<EventRecordID>310</EventRecordID>
<Correlation ActivityID="" RelatedActivityID=""></Correlation>
<Execution ProcessID="3748" ThreadID="1112"></Execution>
<Channel>Microsoft-Windows-Shell-Core/Operational</Channel>
<Computer>WIN-PTFPHFCRDJ0</Computer>
<Security UserID="S-1-5-21-1152959844-3645458174-3779170896-1000"></Security>
</System>
<EventData><Data Name="PackageFamilyName">Microsoft.AsyncTextService_8wekyb3d8bbwe</Data>
<Data Name="InstallState">Installing</Data>
<Data Name="ErrorCode">0</Data>
</EventData>
</Event>

<Event xmlns="http://schemas.microsoft.com/win/2004/08/events/event"><System><Provider Name="Microsoft-Windows-Shell-Core" Guid="{30336ed4-e327-447c-9de0-51b652c86108}"></Provider>
<EventID Qualifiers="">62144</EventID>
<Version>0</Version>
<Level>4</Level>
<Task>62132</Task>
<Opcode>0</Opcode>
<Keywords>0x2000000000010000</Keywords>
<TimeCreated SystemTime="2020-10-22 20:58:21.478638"></TimeCreated>
<EventRecordID>311</EventRecordID>
<Correlation ActivityID="" RelatedActivityID=""></Correlation>
<Execution ProcessID="3748" ThreadID="1112"></Execution>
<Channel>Microsoft-Windows-Shell-Core/Operational</Channel>
<Computer>WIN-PTFPHFCRDJ0</Computer>
<Security UserID="S-1-5-21-1152959844-3645458174-3779170896-1000"></Security>
</System>
<EventData><Data Name="PackageFamilyName">Microsoft.AsyncTextService_8wekyb3d8bbwe</Data>
<Data Name="InstallState">Completed</Data>
<Data Name="ErrorCode">0</Data>
</EventData>
</Event>

<Event xmlns="http://schemas.microsoft.com/win/2004/08/events/event"><System><Provider Name="Microsoft-Windows-Shell-Core" Guid="{30336ed4-e327-447c-9de0-51b652c86108}"></Provider>
<EventID Qualifiers="">62144</EventID>
<Version>0</Version>
<Level>4</Level>
<Task>62132</Task>
<Opcode>0</Opcode>
<Keywords>0x2000000000010000</Keywords>
<TimeCreated SystemTime="2020-10-22 20:58:21.483299"></TimeCreated>
<EventRecordID>312</EventRecordID>
<Correlation ActivityID="" RelatedActivityID=""></Correlation>
<Execution ProcessID="3748" ThreadID="1112"></Execution>
<Channel>Microsoft-Windows-Shell-Core/Operational</Channel>
<Computer>WIN-PTFPHFCRDJ0</Computer>
<Security UserID="S-1-5-21-1152959844-3645458174-3779170896-1000"></Security>
</System>
<EventData><Data Name="PackageFamilyName">Microsoft.AccountsControl_cw5n1h2txyewy</Data>
<Data Name="InstallState">Installing</Data>
<Data Name="ErrorCode">0</Data>
</EventData>
</Event>

<Event xmlns="http://schemas.microsoft.com/win/2004/08/events/event"><System><Provider Name="Microsoft-Windows-Shell-Core" Guid="{30336ed4-e327-447c-9de0-51b652c86108}"></Provider>
<EventID Qualifiers="">62144</EventID>
<Version>0</Version>
<Level>4</Level>
<Task>62132</Task>
<Opcode>0</Opcode>
<Keywords>0x2000000000010000</Keywords>
<TimeCreated SystemTime="2020-10-22 20:58:21.995594"></TimeCreated>
<EventRecordID>313</EventRecordID>
<Correlation ActivityID="" RelatedActivityID=""></Correlation>
<Execution ProcessID="3748" ThreadID="1112"></Execution>
<Channel>Microsoft-Windows-Shell-Core/Operational</Channel>
<Computer>WIN-PTFPHFCRDJ0</Computer>
<Security UserID="S-1-5-21-1152959844-3645458174-3779170896-1000"></Security>
</System>
<EventData><Data Name="PackageFamilyName">Microsoft.AccountsControl_cw5n1h2txyewy</Data>
<Data Name="InstallState">Completed</Data>
<Data Name="ErrorCode">0</Data>
</EventData>
</Event>

<Event xmlns="http://schemas.microsoft.com/win/2004/08/events/event"><System><Provider Name="Microsoft-Windows-Shell-Core" Guid="{30336ed4-e327-447c-9de0-51b652c86108}"></Provider>
<EventID Qualifiers="">62144</EventID>
<Version>0</Version>
<Level>4</Level>
<Task>62132</Task>
<Opcode>0</Opcode>
<Keywords>0x2000000000010000</Keywords>
<TimeCreated SystemTime="2020-10-22 20:58:22.000776"></TimeCreated>
<EventRecordID>314</EventRecordID>
<Correlation ActivityID="" RelatedActivityID=""></Correlation>
<Execution ProcessID="3748" ThreadID="1112"></Execution>
<Channel>Microsoft-Windows-Shell-Core/Operational</Channel>
<Computer>WIN-PTFPHFCRDJ0</Computer>
<Security UserID="S-1-5-21-1152959844-3645458174-3779170896-1000"></Security>
</System>
<EventData><Data Name="PackageFamilyName">InputApp_cw5n1h2txyewy</Data>
<Data Name="InstallState">Installing</Data>
<Data Name="ErrorCode">0</Data>
</EventData>
</Event>

<Event xmlns="http://schemas.microsoft.com/win/2004/08/events/event"><System><Provider Name="Microsoft-Windows-Shell-Core" Guid="{30336ed4-e327-447c-9de0-51b652c86108}"></Provider>
<EventID Qualifiers="">62144</EventID>
<Version>0</Version>
<Level>4</Level>
<Task>62132</Task>
<Opcode>0</Opcode>
<Keywords>0x2000000000010000</Keywords>
<TimeCreated SystemTime="2020-10-22 20:58:22.476200"></TimeCreated>
<EventRecordID>315</EventRecordID>
<Correlation ActivityID="" RelatedActivityID=""></Correlation>
<Execution ProcessID="3748" ThreadID="1112"></Execution>
<Channel>Microsoft-Windows-Shell-Core/Operational</Channel>
<Computer>WIN-PTFPHFCRDJ0</Computer>
<Security UserID="S-1-5-21-1152959844-3645458174-3779170896-1000"></Security>
</System>
<EventData><Data Name="PackageFamilyName">InputApp_cw5n1h2txyewy</Data>
<Data Name="InstallState">Completed</Data>
<Data Name="ErrorCode">0</Data>
</EventData>
</Event>

<Event xmlns="http://schemas.microsoft.com/win/2004/08/events/event"><System><Provider Name="Microsoft-Windows-Shell-Core" Guid="{30336ed4-e327-447c-9de0-51b652c86108}"></Provider>
<EventID Qualifiers="">62144</EventID>
<Version>0</Version>
<Level>4</Level>
<Task>62132</Task>
<Opcode>0</Opcode>
<Keywords>0x2000000000010000</Keywords>
<TimeCreated SystemTime="2020-10-22 20:58:22.481331"></TimeCreated>
<EventRecordID>316</EventRecordID>
<Correlation ActivityID="" RelatedActivityID=""></Correlation>
<Execution ProcessID="3748" ThreadID="1112"></Execution>
<Channel>Microsoft-Windows-Shell-Core/Operational</Channel>
<Computer>WIN-PTFPHFCRDJ0</Computer>
<Security UserID="S-1-5-21-1152959844-3645458174-3779170896-1000"></Security>
</System>
<EventData><Data Name="PackageFamilyName">F46D4000-FD22-4DB4-AC8E-4E1DDDE828FE_cw5n1h2txyewy</Data>
<Data Name="InstallState">Installing</Data>
<Data Name="ErrorCode">0</Data>
</EventData>
</Event>

<Event xmlns="http://schemas.microsoft.com/win/2004/08/events/event"><System><Provider Name="Microsoft-Windows-Shell-Core" Guid="{30336ed4-e327-447c-9de0-51b652c86108}"></Provider>
<EventID Qualifiers="">62144</EventID>
<Version>0</Version>
<Level>4</Level>
<Task>62132</Task>
<Opcode>0</Opcode>
<Keywords>0x2000000000010000</Keywords>
<TimeCreated SystemTime="2020-10-22 20:58:23.137131"></TimeCreated>
<EventRecordID>317</EventRecordID>
<Correlation ActivityID="" RelatedActivityID=""></Correlation>
<Execution ProcessID="3748" ThreadID="1112"></Execution>
<Channel>Microsoft-Windows-Shell-Core/Operational</Channel>
<Computer>WIN-PTFPHFCRDJ0</Computer>
<Security UserID="S-1-5-21-1152959844-3645458174-3779170896-1000"></Security>
</System>
<EventData><Data Name="PackageFamilyName">F46D4000-FD22-4DB4-AC8E-4E1DDDE828FE_cw5n1h2txyewy</Data>
<Data Name="InstallState">Completed</Data>
<Data Name="ErrorCode">0</Data>
</EventData>
</Event>

<Event xmlns="http://schemas.microsoft.com/win/2004/08/events/event"><System><Provider Name="Microsoft-Windows-Shell-Core" Guid="{30336ed4-e327-447c-9de0-51b652c86108}"></Provider>
<EventID Qualifiers="">62144</EventID>
<Version>0</Version>
<Level>4</Level>
<Task>62132</Task>
<Opcode>0</Opcode>
<Keywords>0x2000000000010000</Keywords>
<TimeCreated SystemTime="2020-10-22 20:58:23.142000"></TimeCreated>
<EventRecordID>318</EventRecordID>
<Correlation ActivityID="" RelatedActivityID=""></Correlation>
<Execution ProcessID="3748" ThreadID="1112"></Execution>
<Channel>Microsoft-Windows-Shell-Core/Operational</Channel>
<Computer>WIN-PTFPHFCRDJ0</Computer>
<Security UserID="S-1-5-21-1152959844-3645458174-3779170896-1000"></Security>
</System>
<EventData><Data Name="PackageFamilyName">E2A4F912-2574-4A75-9BB0-0D023378592B_cw5n1h2txyewy</Data>
<Data Name="InstallState">Installing</Data>
<Data Name="ErrorCode">0</Data>
</EventData>
</Event>

<Event xmlns="http://schemas.microsoft.com/win/2004/08/events/event"><System><Provider Name="Microsoft-Windows-Shell-Core" Guid="{30336ed4-e327-447c-9de0-51b652c86108}"></Provider>
<EventID Qualifiers="">62144</EventID>
<Version>0</Version>
<Level>4</Level>
<Task>62132</Task>
<Opcode>0</Opcode>
<Keywords>0x2000000000010000</Keywords>
<TimeCreated SystemTime="2020-10-22 20:58:23.474749"></TimeCreated>
<EventRecordID>319</EventRecordID>
<Correlation ActivityID="" RelatedActivityID=""></Correlation>
<Execution ProcessID="3748" ThreadID="1112"></Execution>
<Channel>Microsoft-Windows-Shell-Core/Operational</Channel>
<Computer>WIN-PTFPHFCRDJ0</Computer>
<Security UserID="S-1-5-21-1152959844-3645458174-3779170896-1000"></Security>
</System>
<EventData><Data Name="PackageFamilyName">E2A4F912-2574-4A75-9BB0-0D023378592B_cw5n1h2txyewy</Data>
<Data Name="InstallState">Completed</Data>
<Data Name="ErrorCode">0</Data>
</EventData>
</Event>

<Event xmlns="http://schemas.microsoft.com/win/2004/08/events/event"><System><Provider Name="Microsoft-Windows-Shell-Core" Guid="{30336ed4-e327-447c-9de0-51b652c86108}"></Provider>
<EventID Qualifiers="">62144</EventID>
<Version>0</Version>
<Level>4</Level>
<Task>62132</Task>
<Opcode>0</Opcode>
<Keywords>0x2000000000010000</Keywords>
<TimeCreated SystemTime="2020-10-22 20:58:23.479656"></TimeCreated>
<EventRecordID>320</EventRecordID>
<Correlation ActivityID="" RelatedActivityID=""></Correlation>
<Execution ProcessID="3748" ThreadID="1112"></Execution>
<Channel>Microsoft-Windows-Shell-Core/Operational</Channel>
<Computer>WIN-PTFPHFCRDJ0</Computer>
<Security UserID="S-1-5-21-1152959844-3645458174-3779170896-1000"></Security>
</System>
<EventData><Data Name="PackageFamilyName">c5e2524a-ea46-4f67-841f-6a9465d9d515_cw5n1h2txyewy</Data>
<Data Name="InstallState">Installing</Data>
<Data Name="ErrorCode">0</Data>
</EventData>
</Event>

<Event xmlns="http://schemas.microsoft.com/win/2004/08/events/event"><System><Provider Name="Microsoft-Windows-Shell-Core" Guid="{30336ed4-e327-447c-9de0-51b652c86108}"></Provider>
<EventID Qualifiers="">62144</EventID>
<Version>0</Version>
<Level>4</Level>
<Task>62132</Task>
<Opcode>0</Opcode>
<Keywords>0x2000000000010000</Keywords>
<TimeCreated SystemTime="2020-10-22 20:58:24.311260"></TimeCreated>
<EventRecordID>321</EventRecordID>
<Correlation ActivityID="" RelatedActivityID=""></Correlation>
<Execution ProcessID="3748" ThreadID="1112"></Execution>
<Channel>Microsoft-Windows-Shell-Core/Operational</Channel>
<Computer>WIN-PTFPHFCRDJ0</Computer>
<Security UserID="S-1-5-21-1152959844-3645458174-3779170896-1000"></Security>
</System>
<EventData><Data Name="PackageFamilyName">c5e2524a-ea46-4f67-841f-6a9465d9d515_cw5n1h2txyewy</Data>
<Data Name="InstallState">Completed</Data>
<Data Name="ErrorCode">0</Data>
</EventData>
</Event>

<Event xmlns="http://schemas.microsoft.com/win/2004/08/events/event"><System><Provider Name="Microsoft-Windows-Shell-Core" Guid="{30336ed4-e327-447c-9de0-51b652c86108}"></Provider>
<EventID Qualifiers="">62144</EventID>
<Version>0</Version>
<Level>4</Level>
<Task>62132</Task>
<Opcode>0</Opcode>
<Keywords>0x2000000000010000</Keywords>
<TimeCreated SystemTime="2020-10-22 20:58:24.316654"></TimeCreated>
<EventRecordID>322</EventRecordID>
<Correlation ActivityID="" RelatedActivityID=""></Correlation>
<Execution ProcessID="3748" ThreadID="1112"></Execution>
<Channel>Microsoft-Windows-Shell-Core/Operational</Channel>
<Computer>WIN-PTFPHFCRDJ0</Computer>
<Security UserID="S-1-5-21-1152959844-3645458174-3779170896-1000"></Security>
</System>
<EventData><Data Name="PackageFamilyName">1527c705-839a-4832-9118-54d4Bd6a0c89_cw5n1h2txyewy</Data>
<Data Name="InstallState">Installing</Data>
<Data Name="ErrorCode">0</Data>
</EventData>
</Event>

<Event xmlns="http://schemas.microsoft.com/win/2004/08/events/event"><System><Provider Name="Microsoft-Windows-Shell-Core" Guid="{30336ed4-e327-447c-9de0-51b652c86108}"></Provider>
<EventID Qualifiers="">62144</EventID>
<Version>0</Version>
<Level>4</Level>
<Task>62132</Task>
<Opcode>0</Opcode>
<Keywords>0x2000000000010000</Keywords>
<TimeCreated SystemTime="2020-10-22 20:58:24.785637"></TimeCreated>
<EventRecordID>323</EventRecordID>
<Correlation ActivityID="" RelatedActivityID=""></Correlation>
<Execution ProcessID="3748" ThreadID="1112"></Execution>
<Channel>Microsoft-Windows-Shell-Core/Operational</Channel>
<Computer>WIN-PTFPHFCRDJ0</Computer>
<Security UserID="S-1-5-21-1152959844-3645458174-3779170896-1000"></Security>
</System>
<EventData><Data Name="PackageFamilyName">1527c705-839a-4832-9118-54d4Bd6a0c89_cw5n1h2txyewy</Data>
<Data Name="InstallState">Completed</Data>
<Data Name="ErrorCode">0</Data>
</EventData>
</Event>

<Event xmlns="http://schemas.microsoft.com/win/2004/08/events/event"><System><Provider Name="Microsoft-Windows-Shell-Core" Guid="{30336ed4-e327-447c-9de0-51b652c86108}"></Provider>
<EventID Qualifiers="">62171</EventID>
<Version>0</Version>
<Level>4</Level>
<Task>62170</Task>
<Opcode>2</Opcode>
<Keywords>0x2001000200000000</Keywords>
<TimeCreated SystemTime="2020-10-22 20:58:25.298487"></TimeCreated>
<EventRecordID>324</EventRecordID>
<Correlation ActivityID="" RelatedActivityID=""></Correlation>
<Execution ProcessID="3696" ThreadID="592"></Execution>
<Channel>Microsoft-Windows-Shell-Core/Operational</Channel>
<Computer>WIN-PTFPHFCRDJ0</Computer>
<Security UserID="S-1-5-21-1152959844-3645458174-3779170896-1000"></Security>
</System>
<EventData><Data Name="LogonType">1032</Data>
<Data Name="TaskName">AppReadinessNotifyLogonComplete</Data>
</EventData>
</Event>

<Event xmlns="http://schemas.microsoft.com/win/2004/08/events/event"><System><Provider Name="Microsoft-Windows-Shell-Core" Guid="{30336ed4-e327-447c-9de0-51b652c86108}"></Provider>
<EventID Qualifiers="">28017</EventID>
<Version>0</Version>
<Level>4</Level>
<Task>28177</Task>
<Opcode>1</Opcode>
<Keywords>0x2000000000010000</Keywords>
<TimeCreated SystemTime="2020-10-22 22:15:06.635479"></TimeCreated>
<EventRecordID>325</EventRecordID>
<Correlation ActivityID="" RelatedActivityID=""></Correlation>
<Execution ProcessID="3696" ThreadID="388"></Execution>
<Channel>Microsoft-Windows-Shell-Core/Operational</Channel>
<Computer>WIN-PTFPHFCRDJ0</Computer>
<Security UserID="S-1-5-21-1152959844-3645458174-3779170896-1000"></Security>
</System>
<EventData></EventData>
</Event>

<Event xmlns="http://schemas.microsoft.com/win/2004/08/events/event"><System><Provider Name="Microsoft-Windows-Shell-Core" Guid="{30336ed4-e327-447c-9de0-51b652c86108}"></Provider>
<EventID Qualifiers="">28018</EventID>
<Version>0</Version>
<Level>4</Level>
<Task>28177</Task>
<Opcode>2</Opcode>
<Keywords>0x2000000000010000</Keywords>
<TimeCreated SystemTime="2020-10-22 22:15:06.644600"></TimeCreated>
<EventRecordID>326</EventRecordID>
<Correlation ActivityID="" RelatedActivityID=""></Correlation>
<Execution ProcessID="3696" ThreadID="388"></Execution>
<Channel>Microsoft-Windows-Shell-Core/Operational</Channel>
<Computer>WIN-PTFPHFCRDJ0</Computer>
<Security UserID="S-1-5-21-1152959844-3645458174-3779170896-1000"></Security>
</System>
<EventData></EventData>
</Event>

<Event xmlns="http://schemas.microsoft.com/win/2004/08/events/event"><System><Provider Name="Microsoft-Windows-Shell-Core" Guid="{30336ed4-e327-447c-9de0-51b652c86108}"></Provider>
<EventID Qualifiers="">28019</EventID>
<Version>0</Version>
<Level>4</Level>
<Task>28179</Task>
<Opcode>0</Opcode>
<Keywords>0x2000000000010000</Keywords>
<TimeCreated SystemTime="2020-10-22 22:15:06.697763"></TimeCreated>
<EventRecordID>327</EventRecordID>
<Correlation ActivityID="" RelatedActivityID=""></Correlation>
<Execution ProcessID="3696" ThreadID="388"></Execution>
<Channel>Microsoft-Windows-Shell-Core/Operational</Channel>
<Computer>WIN-PTFPHFCRDJ0</Computer>
<Security UserID="S-1-5-21-1152959844-3645458174-3779170896-1000"></Security>
</System>
<EventData></EventData>
</Event>

<Event xmlns="http://schemas.microsoft.com/win/2004/08/events/event"><System><Provider Name="Microsoft-Windows-Shell-Core" Guid="{30336ed4-e327-447c-9de0-51b652c86108}"></Provider>
<EventID Qualifiers="">28017</EventID>
<Version>0</Version>
<Level>4</Level>
<Task>28177</Task>
<Opcode>1</Opcode>
<Keywords>0x2000000000010000</Keywords>
<TimeCreated SystemTime="2020-10-22 22:15:31.625435"></TimeCreated>
<EventRecordID>328</EventRecordID>
<Correlation ActivityID="" RelatedActivityID=""></Correlation>
<Execution ProcessID="3696" ThreadID="3160"></Execution>
<Channel>Microsoft-Windows-Shell-Core/Operational</Channel>
<Computer>WIN-PTFPHFCRDJ0</Computer>
<Security UserID="S-1-5-21-1152959844-3645458174-3779170896-1000"></Security>
</System>
<EventData></EventData>
</Event>

<Event xmlns="http://schemas.microsoft.com/win/2004/08/events/event"><System><Provider Name="Microsoft-Windows-Shell-Core" Guid="{30336ed4-e327-447c-9de0-51b652c86108}"></Provider>
<EventID Qualifiers="">28018</EventID>
<Version>0</Version>
<Level>4</Level>
<Task>28177</Task>
<Opcode>2</Opcode>
<Keywords>0x2000000000010000</Keywords>
<TimeCreated SystemTime="2020-10-22 22:15:31.628473"></TimeCreated>
<EventRecordID>329</EventRecordID>
<Correlation ActivityID="" RelatedActivityID=""></Correlation>
<Execution ProcessID="3696" ThreadID="3160"></Execution>
<Channel>Microsoft-Windows-Shell-Core/Operational</Channel>
<Computer>WIN-PTFPHFCRDJ0</Computer>
<Security UserID="S-1-5-21-1152959844-3645458174-3779170896-1000"></Security>
</System>
<EventData></EventData>
</Event>

<Event xmlns="http://schemas.microsoft.com/win/2004/08/events/event"><System><Provider Name="Microsoft-Windows-Shell-Core" Guid="{30336ed4-e327-447c-9de0-51b652c86108}"></Provider>
<EventID Qualifiers="">28017</EventID>
<Version>0</Version>
<Level>4</Level>
<Task>28177</Task>
<Opcode>1</Opcode>
<Keywords>0x2000000000010000</Keywords>
<TimeCreated SystemTime="2020-10-22 22:15:46.518232"></TimeCreated>
<EventRecordID>330</EventRecordID>
<Correlation ActivityID="" RelatedActivityID=""></Correlation>
<Execution ProcessID="3696" ThreadID="3160"></Execution>
<Channel>Microsoft-Windows-Shell-Core/Operational</Channel>
<Computer>WIN-PTFPHFCRDJ0</Computer>
<Security UserID="S-1-5-21-1152959844-3645458174-3779170896-1000"></Security>
</System>
<EventData></EventData>
</Event>

<Event xmlns="http://schemas.microsoft.com/win/2004/08/events/event"><System><Provider Name="Microsoft-Windows-Shell-Core" Guid="{30336ed4-e327-447c-9de0-51b652c86108}"></Provider>
<EventID Qualifiers="">28018</EventID>
<Version>0</Version>
<Level>4</Level>
<Task>28177</Task>
<Opcode>2</Opcode>
<Keywords>0x2000000000010000</Keywords>
<TimeCreated SystemTime="2020-10-22 22:15:46.526884"></TimeCreated>
<EventRecordID>331</EventRecordID>
<Correlation ActivityID="" RelatedActivityID=""></Correlation>
<Execution ProcessID="3696" ThreadID="3160"></Execution>
<Channel>Microsoft-Windows-Shell-Core/Operational</Channel>
<Computer>WIN-PTFPHFCRDJ0</Computer>
<Security UserID="S-1-5-21-1152959844-3645458174-3779170896-1000"></Security>
</System>
<EventData></EventData>
</Event>

<Event xmlns="http://schemas.microsoft.com/win/2004/08/events/event"><System><Provider Name="Microsoft-Windows-Shell-Core" Guid="{30336ed4-e327-447c-9de0-51b652c86108}"></Provider>
<EventID Qualifiers="">28017</EventID>
<Version>0</Version>
<Level>4</Level>
<Task>28177</Task>
<Opcode>1</Opcode>
<Keywords>0x2000000000010000</Keywords>
<TimeCreated SystemTime="2020-10-22 22:16:06.218567"></TimeCreated>
<EventRecordID>332</EventRecordID>
<Correlation ActivityID="" RelatedActivityID=""></Correlation>
<Execution ProcessID="3696" ThreadID="3160"></Execution>
<Channel>Microsoft-Windows-Shell-Core/Operational</Channel>
<Computer>WIN-PTFPHFCRDJ0</Computer>
<Security UserID="S-1-5-21-1152959844-3645458174-3779170896-1000"></Security>
</System>
<EventData></EventData>
</Event>

<Event xmlns="http://schemas.microsoft.com/win/2004/08/events/event"><System><Provider Name="Microsoft-Windows-Shell-Core" Guid="{30336ed4-e327-447c-9de0-51b652c86108}"></Provider>
<EventID Qualifiers="">28018</EventID>
<Version>0</Version>
<Level>4</Level>
<Task>28177</Task>
<Opcode>2</Opcode>
<Keywords>0x2000000000010000</Keywords>
<TimeCreated SystemTime="2020-10-22 22:16:06.222691"></TimeCreated>
<EventRecordID>333</EventRecordID>
<Correlation ActivityID="" RelatedActivityID=""></Correlation>
<Execution ProcessID="3696" ThreadID="3160"></Execution>
<Channel>Microsoft-Windows-Shell-Core/Operational</Channel>
<Computer>WIN-PTFPHFCRDJ0</Computer>
<Security UserID="S-1-5-21-1152959844-3645458174-3779170896-1000"></Security>
</System>
<EventData></EventData>
</Event>

<Event xmlns="http://schemas.microsoft.com/win/2004/08/events/event"><System><Provider Name="Microsoft-Windows-Shell-Core" Guid="{30336ed4-e327-447c-9de0-51b652c86108}"></Provider>
<EventID Qualifiers="">28017</EventID>
<Version>0</Version>
<Level>4</Level>
<Task>28177</Task>
<Opcode>1</Opcode>
<Keywords>0x2000000000010000</Keywords>
<TimeCreated SystemTime="2020-10-22 22:16:35.249731"></TimeCreated>
<EventRecordID>334</EventRecordID>
<Correlation ActivityID="" RelatedActivityID=""></Correlation>
<Execution ProcessID="3696" ThreadID="3160"></Execution>
<Channel>Microsoft-Windows-Shell-Core/Operational</Channel>
<Computer>WIN-PTFPHFCRDJ0</Computer>
<Security UserID="S-1-5-21-1152959844-3645458174-3779170896-1000"></Security>
</System>
<EventData></EventData>
</Event>

<Event xmlns="http://schemas.microsoft.com/win/2004/08/events/event"><System><Provider Name="Microsoft-Windows-Shell-Core" Guid="{30336ed4-e327-447c-9de0-51b652c86108}"></Provider>
<EventID Qualifiers="">28018</EventID>
<Version>0</Version>
<Level>4</Level>
<Task>28177</Task>
<Opcode>2</Opcode>
<Keywords>0x2000000000010000</Keywords>
<TimeCreated SystemTime="2020-10-22 22:16:35.256123"></TimeCreated>
<EventRecordID>335</EventRecordID>
<Correlation ActivityID="" RelatedActivityID=""></Correlation>
<Execution ProcessID="3696" ThreadID="3160"></Execution>
<Channel>Microsoft-Windows-Shell-Core/Operational</Channel>
<Computer>WIN-PTFPHFCRDJ0</Computer>
<Security UserID="S-1-5-21-1152959844-3645458174-3779170896-1000"></Security>
</System>
<EventData></EventData>
</Event>

<Event xmlns="http://schemas.microsoft.com/win/2004/08/events/event"><System><Provider Name="Microsoft-Windows-Shell-Core" Guid="{30336ed4-e327-447c-9de0-51b652c86108}"></Provider>
<EventID Qualifiers="">62170</EventID>
<Version>0</Version>
<Level>4</Level>
<Task>62170</Task>
<Opcode>1</Opcode>
<Keywords>0x2001000200000000</Keywords>
<TimeCreated SystemTime="2020-10-23 14:00:14.524624"></TimeCreated>
<EventRecordID>336</EventRecordID>
<Correlation ActivityID="" RelatedActivityID=""></Correlation>
<Execution ProcessID="1476" ThreadID="3924"></Execution>
<Channel>Microsoft-Windows-Shell-Core/Operational</Channel>
<Computer>WIN-PTFPHFCRDJ0</Computer>
<Security UserID="S-1-5-21-1152959844-3645458174-3779170896-1000"></Security>
</System>
<EventData><Data Name="LogonType">8</Data>
<Data Name="TaskName">AllLogonTasks</Data>
</EventData>
</Event>

<Event xmlns="http://schemas.microsoft.com/win/2004/08/events/event"><System><Provider Name="Microsoft-Windows-Shell-Core" Guid="{30336ed4-e327-447c-9de0-51b652c86108}"></Provider>
<EventID Qualifiers="">62170</EventID>
<Version>0</Version>
<Level>4</Level>
<Task>62170</Task>
<Opcode>1</Opcode>
<Keywords>0x2001000200000000</Keywords>
<TimeCreated SystemTime="2020-10-23 14:00:14.524626"></TimeCreated>
<EventRecordID>337</EventRecordID>
<Correlation ActivityID="" RelatedActivityID=""></Correlation>
<Execution ProcessID="1476" ThreadID="3924"></Execution>
<Channel>Microsoft-Windows-Shell-Core/Operational</Channel>
<Computer>WIN-PTFPHFCRDJ0</Computer>
<Security UserID="S-1-5-21-1152959844-3645458174-3779170896-1000"></Security>
</System>
<EventData><Data Name="LogonType">8</Data>
<Data Name="TaskName">PreRoamingTasks</Data>
</EventData>
</Event>

<Event xmlns="http://schemas.microsoft.com/win/2004/08/events/event"><System><Provider Name="Microsoft-Windows-Shell-Core" Guid="{30336ed4-e327-447c-9de0-51b652c86108}"></Provider>
<EventID Qualifiers="">62170</EventID>
<Version>0</Version>
<Level>4</Level>
<Task>62170</Task>
<Opcode>1</Opcode>
<Keywords>0x2001000200000000</Keywords>
<TimeCreated SystemTime="2020-10-23 14:00:14.570013"></TimeCreated>
<EventRecordID>338</EventRecordID>
<Correlation ActivityID="" RelatedActivityID=""></Correlation>
<Execution ProcessID="1476" ThreadID="3924"></Execution>
<Channel>Microsoft-Windows-Shell-Core/Operational</Channel>
<Computer>WIN-PTFPHFCRDJ0</Computer>
<Security UserID="S-1-5-21-1152959844-3645458174-3779170896-1000"></Security>
</System>
<EventData><Data Name="LogonType">8</Data>
<Data Name="TaskName">ShellPrep</Data>
</EventData>
</Event>

