<Event xmlns="http://schemas.microsoft.com/win/2004/08/events/event"><System><Provider Name="Microsoft-Windows-WMI-Activity" Guid="{1418ef04-b0b4-4623-bf7e-d74ab47bbdaa}"></Provider>
<EventID Qualifiers="">5857</EventID>
<Version>0</Version>
<Level>0</Level>
<Task>0</Task>
<Opcode>0</Opcode>
<Keywords>0x4000000000000000</Keywords>
<TimeCreated SystemTime="2020-10-23 12:28:06.184641"></TimeCreated>
<EventRecordID>162</EventRecordID>
<Correlation ActivityID="" RelatedActivityID=""></Correlation>
<Execution ProcessID="2520" ThreadID="3092"></Execution>
<Channel>Microsoft-Windows-WMI-Activity/Operational</Channel>
<Computer>WIN-PTFPHFCRDJ0</Computer>
<Security UserID="S-1-5-20"></Security>
</System>
<UserData><Operation_StartedOperational xmlns="http://manifests.microsoft.com/win/2006/windows/WMI"><ProviderName>CIMWin32</ProviderName>
<Code>0x00000000</Code>
<HostProcess>wmiprvse.exe</HostProcess>
<ProcessID>2520</ProcessID>
<ProviderPath>%systemroot%\system32\wbem\cimwin32.dll</ProviderPath>
</Operation_StartedOperational>
</UserData>
</Event>

<Event xmlns="http://schemas.microsoft.com/win/2004/08/events/event"><System><Provider Name="Microsoft-Windows-WMI-Activity" Guid="{1418ef04-b0b4-4623-bf7e-d74ab47bbdaa}"></Provider>
<EventID Qualifiers="">5857</EventID>
<Version>0</Version>
<Level>0</Level>
<Task>0</Task>
<Opcode>0</Opcode>
<Keywords>0x4000000000000000</Keywords>
<TimeCreated SystemTime="2020-10-23 12:28:12.116999"></TimeCreated>
<EventRecordID>163</EventRecordID>
<Correlation ActivityID="{c3e0a7d3-a937-0000-67af-e0c337a9d601}" RelatedActivityID=""></Correlation>
<Execution ProcessID="3260" ThreadID="3292"></Execution>
<Channel>Microsoft-Windows-WMI-Activity/Operational</Channel>
<Computer>WIN-PTFPHFCRDJ0</Computer>
<Security UserID="S-1-5-18"></Security>
</System>
<UserData><Operation_StartedOperational xmlns="http://manifests.microsoft.com/win/2006/windows/WMI"><ProviderName>WmiPerfClass</ProviderName>
<Code>0x00000000</Code>
<HostProcess>wmiprvse.exe</HostProcess>
<ProcessID>3260</ProcessID>
<ProviderPath>C:\Windows\System32\wbem\WmiPerfClass.dll</ProviderPath>
</Operation_StartedOperational>
</UserData>
</Event>

<Event xmlns="http://schemas.microsoft.com/win/2004/08/events/event"><System><Provider Name="Microsoft-Windows-WMI-Activity" Guid="{1418ef04-b0b4-4623-bf7e-d74ab47bbdaa}"></Provider>
<EventID Qualifiers="">5861</EventID>
<Version>0</Version>
<Level>0</Level>
<Task>0</Task>
<Opcode>0</Opcode>
<Keywords>0x4000000000000000</Keywords>
<TimeCreated SystemTime="2020-10-23 12:28:22.613585"></TimeCreated>
<EventRecordID>164</EventRecordID>
<Correlation ActivityID="" RelatedActivityID=""></Correlation>
<Execution ProcessID="1320" ThreadID="3436"></Execution>
<Channel>Microsoft-Windows-WMI-Activity/Operational</Channel>
<Computer>WIN-PTFPHFCRDJ0</Computer>
<Security UserID="S-1-5-18"></Security>
</System>
<UserData><Operation_ESStoConsumerBinding xmlns="http://manifests.microsoft.com/win/2006/windows/WMI"><Namespace>//./root/subscription</Namespace>
<ESS>SCM Event Log Filter</ESS>
<CONSUMER>NTEventLogEventConsumer="SCM Event Log Consumer"</CONSUMER>
<PossibleCause>Binding EventFilter: 
instance of __EventFilter
{
	CreatorSID = {1, 2, 0, 0, 0, 0, 0, 5, 32, 0, 0, 0, 32, 2, 0, 0};
	EventNamespace = "root\\cimv2";
	Name = "SCM Event Log Filter";
	Query = "select * from MSFT_SCMEventLogEvent";
	QueryLanguage = "WQL";
};
Perm. Consumer: 
instance of NTEventLogEventConsumer
{
	Category = 0;
	CreatorSID = {1, 2, 0, 0, 0, 0, 0, 5, 32, 0, 0, 0, 32, 2, 0, 0};
	EventType = 1;
	Name = "SCM Event Log Consumer";
	NameOfUserSIDProperty = "sid";
	SourceName = "Service Control Manager";
};
</PossibleCause>
</Operation_ESStoConsumerBinding>
</UserData>
</Event>

<Event xmlns="http://schemas.microsoft.com/win/2004/08/events/event"><System><Provider Name="Microsoft-Windows-WMI-Activity" Guid="{1418ef04-b0b4-4623-bf7e-d74ab47bbdaa}"></Provider>
<EventID Qualifiers="">5859</EventID>
<Version>0</Version>
<Level>0</Level>
<Task>0</Task>
<Opcode>0</Opcode>
<Keywords>0x4000000000000000</Keywords>
<TimeCreated SystemTime="2020-10-23 12:28:23.366364"></TimeCreated>
<EventRecordID>165</EventRecordID>
<Correlation ActivityID="{c3e0a7d3-a937-0000-c6af-e0c337a9d601}" RelatedActivityID=""></Correlation>
<Execution ProcessID="1320" ThreadID="3436"></Execution>
<Channel>Microsoft-Windows-WMI-Activity/Operational</Channel>
<Computer>WIN-PTFPHFCRDJ0</Computer>
<Security UserID="S-1-5-18"></Security>
</System>
<UserData><Operation_EssStarted xmlns="http://manifests.microsoft.com/win/2006/windows/WMI"><NamespaceName>//./root/CIMV2</NamespaceName>
<Query>select * from MSFT_SCMEventLogEvent</Query>
<User>S-1-5-32-544</User>
<Processid>1320</Processid>
<Provider>SCM Event Provider</Provider>
<queryid>0</queryid>
<PossibleCause>Permanent</PossibleCause>
</Operation_EssStarted>
</UserData>
</Event>

<Event xmlns="http://schemas.microsoft.com/win/2004/08/events/event"><System><Provider Name="Microsoft-Windows-WMI-Activity" Guid="{1418ef04-b0b4-4623-bf7e-d74ab47bbdaa}"></Provider>
<EventID Qualifiers="">5857</EventID>
<Version>0</Version>
<Level>0</Level>
<Task>0</Task>
<Opcode>0</Opcode>
<Keywords>0x4000000000000000</Keywords>
<TimeCreated SystemTime="2020-10-23 12:28:23.396887"></TimeCreated>
<EventRecordID>166</EventRecordID>
<Correlation ActivityID="" RelatedActivityID=""></Correlation>
<Execution ProcessID="1320" ThreadID="3000"></Execution>
<Channel>Microsoft-Windows-WMI-Activity/Operational</Channel>
<Computer>WIN-PTFPHFCRDJ0</Computer>
<Security UserID="S-1-5-18"></Security>
</System>
<UserData><Operation_StartedOperational xmlns="http://manifests.microsoft.com/win/2006/windows/WMI"><ProviderName>WMI Kernel Trace Event Provider</ProviderName>
<Code>0x00000000</Code>
<HostProcess>wmiprvse.exe</HostProcess>
<ProcessID>1320</ProcessID>
<ProviderPath>C:\Windows\System32\wbem\krnlprov.dll</ProviderPath>
</Operation_StartedOperational>
</UserData>
</Event>

<Event xmlns="http://schemas.microsoft.com/win/2004/08/events/event"><System><Provider Name="Microsoft-Windows-WMI-Activity" Guid="{1418ef04-b0b4-4623-bf7e-d74ab47bbdaa}"></Provider>
<EventID Qualifiers="">5860</EventID>
<Version>0</Version>
<Level>0</Level>
<Task>0</Task>
<Opcode>0</Opcode>
<Keywords>0x4000000000000000</Keywords>
<TimeCreated SystemTime="2020-10-23 12:28:23.401556"></TimeCreated>
<EventRecordID>167</EventRecordID>
<Correlation ActivityID="{c3e0a7d3-a937-0000-c9af-e0c337a9d601}" RelatedActivityID=""></Correlation>
<Execution ProcessID="1320" ThreadID="3000"></Execution>
<Channel>Microsoft-Windows-WMI-Activity/Operational</Channel>
<Computer>WIN-PTFPHFCRDJ0</Computer>
<Security UserID="S-1-5-18"></Security>
</System>
<UserData><Operation_TemporaryEssStarted xmlns="http://manifests.microsoft.com/win/2006/windows/WMI"><NamespaceName>ROOT\CIMV2</NamespaceName>
<Query>SELECT * FROM Win32_ProcessStartTrace WHERE ProcessName = 'wsmprovhost.exe'</Query>
<User></User>
<Processid>1320</Processid>
<ClientMachine>WIN-PTFPHFCRDJ0</ClientMachine>
<PossibleCause>Temporary</PossibleCause>
</Operation_TemporaryEssStarted>
</UserData>
</Event>

<Event xmlns="http://schemas.microsoft.com/win/2004/08/events/event"><System><Provider Name="Microsoft-Windows-WMI-Activity" Guid="{1418ef04-b0b4-4623-bf7e-d74ab47bbdaa}"></Provider>
<EventID Qualifiers="">5857</EventID>
<Version>0</Version>
<Level>0</Level>
<Task>0</Task>
<Opcode>0</Opcode>
<Keywords>0x4000000000000000</Keywords>
<TimeCreated SystemTime="2020-10-23 12:28:30.057283"></TimeCreated>
<EventRecordID>168</EventRecordID>
<Correlation ActivityID="{c3e0a7d3-a937-0000-25b0-e0c337a9d601}" RelatedActivityID=""></Correlation>
<Execution ProcessID="3260" ThreadID="3280"></Execution>
<Channel>Microsoft-Windows-WMI-Activity/Operational</Channel>
<Computer>WIN-PTFPHFCRDJ0</Computer>
<Security UserID="S-1-5-18"></Security>
</System>
<UserData><Operation_StartedOperational xmlns="http://manifests.microsoft.com/win/2006/windows/WMI"><ProviderName>WMIProv</ProviderName>
<Code>0x00000000</Code>
<HostProcess>wmiprvse.exe</HostProcess>
<ProcessID>3260</ProcessID>
<ProviderPath>%systemroot%\system32\wbem\wmiprov.dll</ProviderPath>
</Operation_StartedOperational>
</UserData>
</Event>

<Event xmlns="http://schemas.microsoft.com/win/2004/08/events/event"><System><Provider Name="Microsoft-Windows-WMI-Activity" Guid="{1418ef04-b0b4-4623-bf7e-d74ab47bbdaa}"></Provider>
<EventID Qualifiers="">5857</EventID>
<Version>0</Version>
<Level>0</Level>
<Task>0</Task>
<Opcode>0</Opcode>
<Keywords>0x4000000000000000</Keywords>
<TimeCreated SystemTime="2020-10-23 12:28:33.269770"></TimeCreated>
<EventRecordID>169</EventRecordID>
<Correlation ActivityID="" RelatedActivityID=""></Correlation>
<Execution ProcessID="2520" ThreadID="3104"></Execution>
<Channel>Microsoft-Windows-WMI-Activity/Operational</Channel>
<Computer>WIN-PTFPHFCRDJ0</Computer>
<Security UserID="S-1-5-20"></Security>
</System>
<UserData><Operation_StartedOperational xmlns="http://manifests.microsoft.com/win/2006/windows/WMI"><ProviderName>MS_NT_EVENTLOG_PROVIDER</ProviderName>
<Code>0x00000000</Code>
<HostProcess>wmiprvse.exe</HostProcess>
<ProcessID>2520</ProcessID>
<ProviderPath>%systemroot%\system32\wbem\ntevt.dll</ProviderPath>
</Operation_StartedOperational>
</UserData>
</Event>

<Event xmlns="http://schemas.microsoft.com/win/2004/08/events/event"><System><Provider Name="Microsoft-Windows-WMI-Activity" Guid="{1418ef04-b0b4-4623-bf7e-d74ab47bbdaa}"></Provider>
<EventID Qualifiers="">5858</EventID>
<Version>0</Version>
<Level>2</Level>
<Task>0</Task>
<Opcode>0</Opcode>
<Keywords>0x4000000000000000</Keywords>
<TimeCreated SystemTime="2020-10-23 12:29:46.550968"></TimeCreated>
<EventRecordID>170</EventRecordID>
<Correlation ActivityID="" RelatedActivityID=""></Correlation>
<Execution ProcessID="1320" ThreadID="1336"></Execution>
<Channel>Microsoft-Windows-WMI-Activity/Operational</Channel>
<Computer>WIN-PTFPHFCRDJ0</Computer>
<Security UserID="S-1-5-18"></Security>
</System>
<UserData><Operation_ClientFailure xmlns="http://manifests.microsoft.com/win/2006/windows/WMI"><Id>{00000000-0000-0000-0000-000000000000}</Id>
<ClientMachine>WIN-PTFPHFCRDJ0</ClientMachine>
<User>NT AUTHORITY\SYSTEM</User>
<ClientProcessId>1092</ClientProcessId>
<Component>Unknown</Component>
<Operation>Start IWbemServices::ExecQuery - root\cimv2 : SELECT * FROM Win32_ComputerSystemProduct</Operation>
<ResultCode>0x80041032</ResultCode>
<PossibleCause>Unknown</PossibleCause>
</Operation_ClientFailure>
</UserData>
</Event>

<Event xmlns="http://schemas.microsoft.com/win/2004/08/events/event"><System><Provider Name="Microsoft-Windows-WMI-Activity" Guid="{1418ef04-b0b4-4623-bf7e-d74ab47bbdaa}"></Provider>
<EventID Qualifiers="">5858</EventID>
<Version>0</Version>
<Level>2</Level>
<Task>0</Task>
<Opcode>0</Opcode>
<Keywords>0x4000000000000000</Keywords>
<TimeCreated SystemTime="2020-10-23 12:29:46.577541"></TimeCreated>
<EventRecordID>171</EventRecordID>
<Correlation ActivityID="" RelatedActivityID=""></Correlation>
<Execution ProcessID="1320" ThreadID="2740"></Execution>
<Channel>Microsoft-Windows-WMI-Activity/Operational</Channel>
<Computer>WIN-PTFPHFCRDJ0</Computer>
<Security UserID="S-1-5-18"></Security>
</System>
<UserData><Operation_ClientFailure xmlns="http://manifests.microsoft.com/win/2006/windows/WMI"><Id>{00000000-0000-0000-0000-000000000000}</Id>
<ClientMachine>WIN-PTFPHFCRDJ0</ClientMachine>
<User>NT AUTHORITY\SYSTEM</User>
<ClientProcessId>1092</ClientProcessId>
<Component>Unknown</Component>
<Operation>Start IWbemServices::ExecQuery - root\cimv2 : SELECT * FROM Win32_ComputerSystemProduct</Operation>
<ResultCode>0x80041032</ResultCode>
<PossibleCause>Unknown</PossibleCause>
</Operation_ClientFailure>
</UserData>
</Event>

<Event xmlns="http://schemas.microsoft.com/win/2004/08/events/event"><System><Provider Name="Microsoft-Windows-WMI-Activity" Guid="{1418ef04-b0b4-4623-bf7e-d74ab47bbdaa}"></Provider>
<EventID Qualifiers="">5858</EventID>
<Version>0</Version>
<Level>2</Level>
<Task>0</Task>
<Opcode>0</Opcode>
<Keywords>0x4000000000000000</Keywords>
<TimeCreated SystemTime="2020-10-23 12:29:46.845984"></TimeCreated>
<EventRecordID>172</EventRecordID>
<Correlation ActivityID="" RelatedActivityID=""></Correlation>
<Execution ProcessID="1320" ThreadID="2740"></Execution>
<Channel>Microsoft-Windows-WMI-Activity/Operational</Channel>
<Computer>WIN-PTFPHFCRDJ0</Computer>
<Security UserID="S-1-5-18"></Security>
</System>
<UserData><Operation_ClientFailure xmlns="http://manifests.microsoft.com/win/2006/windows/WMI"><Id>{00000000-0000-0000-0000-000000000000}</Id>
<ClientMachine>WIN-PTFPHFCRDJ0</ClientMachine>
<User>NT AUTHORITY\SYSTEM</User>
<ClientProcessId>1092</ClientProcessId>
<Component>Unknown</Component>
<Operation>Start IWbemServices::ExecQuery - root\cimv2 : SELECT * FROM Win32_OperatingSystem</Operation>
<ResultCode>0x80041032</ResultCode>
<PossibleCause>Unknown</PossibleCause>
</Operation_ClientFailure>
</UserData>
</Event>

<Event xmlns="http://schemas.microsoft.com/win/2004/08/events/event"><System><Provider Name="Microsoft-Windows-WMI-Activity" Guid="{1418ef04-b0b4-4623-bf7e-d74ab47bbdaa}"></Provider>
<EventID Qualifiers="">5858</EventID>
<Version>0</Version>
<Level>2</Level>
<Task>0</Task>
<Opcode>0</Opcode>
<Keywords>0x4000000000000000</Keywords>
<TimeCreated SystemTime="2020-10-23 12:29:46.851892"></TimeCreated>
<EventRecordID>173</EventRecordID>
<Correlation ActivityID="" RelatedActivityID=""></Correlation>
<Execution ProcessID="1320" ThreadID="1336"></Execution>
<Channel>Microsoft-Windows-WMI-Activity/Operational</Channel>
<Computer>WIN-PTFPHFCRDJ0</Computer>
<Security UserID="S-1-5-18"></Security>
</System>
<UserData><Operation_ClientFailure xmlns="http://manifests.microsoft.com/win/2006/windows/WMI"><Id>{00000000-0000-0000-0000-000000000000}</Id>
<ClientMachine>WIN-PTFPHFCRDJ0</ClientMachine>
<User>NT AUTHORITY\SYSTEM</User>
<ClientProcessId>1092</ClientProcessId>
<Component>Unknown</Component>
<Operation>Start IWbemServices::ExecQuery - root\cimv2 : SELECT * FROM Win32_ComputerSystem</Operation>
<ResultCode>0x80041032</ResultCode>
<PossibleCause>Unknown</PossibleCause>
</Operation_ClientFailure>
</UserData>
</Event>

<Event xmlns="http://schemas.microsoft.com/win/2004/08/events/event"><System><Provider Name="Microsoft-Windows-WMI-Activity" Guid="{1418ef04-b0b4-4623-bf7e-d74ab47bbdaa}"></Provider>
<EventID Qualifiers="">5858</EventID>
<Version>0</Version>
<Level>2</Level>
<Task>0</Task>
<Opcode>0</Opcode>
<Keywords>0x4000000000000000</Keywords>
<TimeCreated SystemTime="2020-10-23 12:29:48.210079"></TimeCreated>
<EventRecordID>174</EventRecordID>
<Correlation ActivityID="" RelatedActivityID=""></Correlation>
<Execution ProcessID="1320" ThreadID="3500"></Execution>
<Channel>Microsoft-Windows-WMI-Activity/Operational</Channel>
<Computer>WIN-PTFPHFCRDJ0</Computer>
<Security UserID="S-1-5-18"></Security>
</System>
<UserData><Operation_ClientFailure xmlns="http://manifests.microsoft.com/win/2006/windows/WMI"><Id>{00000000-0000-0000-0000-000000000000}</Id>
<ClientMachine>WIN-PTFPHFCRDJ0</ClientMachine>
<User>NT AUTHORITY\SYSTEM</User>
<ClientProcessId>1092</ClientProcessId>
<Component>Unknown</Component>
<Operation>Start IWbemServices::ExecQuery - root\cimv2 : SELECT * FROM Win32_ComputerSystem</Operation>
<ResultCode>0x80041032</ResultCode>
<PossibleCause>Unknown</PossibleCause>
</Operation_ClientFailure>
</UserData>
</Event>

<Event xmlns="http://schemas.microsoft.com/win/2004/08/events/event"><System><Provider Name="Microsoft-Windows-WMI-Activity" Guid="{1418ef04-b0b4-4623-bf7e-d74ab47bbdaa}"></Provider>
<EventID Qualifiers="">5858</EventID>
<Version>0</Version>
<Level>2</Level>
<Task>0</Task>
<Opcode>0</Opcode>
<Keywords>0x4000000000000000</Keywords>
<TimeCreated SystemTime="2020-10-23 12:29:48.229239"></TimeCreated>
<EventRecordID>175</EventRecordID>
<Correlation ActivityID="" RelatedActivityID=""></Correlation>
<Execution ProcessID="1320" ThreadID="1784"></Execution>
<Channel>Microsoft-Windows-WMI-Activity/Operational</Channel>
<Computer>WIN-PTFPHFCRDJ0</Computer>
<Security UserID="S-1-5-18"></Security>
</System>
<UserData><Operation_ClientFailure xmlns="http://manifests.microsoft.com/win/2006/windows/WMI"><Id>{00000000-0000-0000-0000-000000000000}</Id>
<ClientMachine>WIN-PTFPHFCRDJ0</ClientMachine>
<User>NT AUTHORITY\SYSTEM</User>
<ClientProcessId>1092</ClientProcessId>
<Component>Unknown</Component>
<Operation>Start IWbemServices::ExecQuery - root\cimv2 : SELECT * FROM Win32_ComputerSystem</Operation>
<ResultCode>0x80041032</ResultCode>
<PossibleCause>Unknown</PossibleCause>
</Operation_ClientFailure>
</UserData>
</Event>

<Event xmlns="http://schemas.microsoft.com/win/2004/08/events/event"><System><Provider Name="Microsoft-Windows-WMI-Activity" Guid="{1418ef04-b0b4-4623-bf7e-d74ab47bbdaa}"></Provider>
<EventID Qualifiers="">5857</EventID>
<Version>0</Version>
<Level>0</Level>
<Task>0</Task>
<Opcode>0</Opcode>
<Keywords>0x4000000000000000</Keywords>
<TimeCreated SystemTime="2020-10-23 12:29:50.033806"></TimeCreated>
<EventRecordID>176</EventRecordID>
<Correlation ActivityID="" RelatedActivityID=""></Correlation>
<Execution ProcessID="2520" ThreadID="3092"></Execution>
<Channel>Microsoft-Windows-WMI-Activity/Operational</Channel>
<Computer>WIN-PTFPHFCRDJ0</Computer>
<Security UserID="S-1-5-20"></Security>
</System>
<UserData><Operation_StartedOperational xmlns="http://manifests.microsoft.com/win/2006/windows/WMI"><ProviderName>CIMWin32a</ProviderName>
<Code>0x00000000</Code>
<HostProcess>wmiprvse.exe</HostProcess>
<ProcessID>2520</ProcessID>
<ProviderPath>%systemroot%\system32\wbem\wmipcima.dll</ProviderPath>
</Operation_StartedOperational>
</UserData>
</Event>

<Event xmlns="http://schemas.microsoft.com/win/2004/08/events/event"><System><Provider Name="Microsoft-Windows-WMI-Activity" Guid="{1418ef04-b0b4-4623-bf7e-d74ab47bbdaa}"></Provider>
<EventID Qualifiers="">5858</EventID>
<Version>0</Version>
<Level>2</Level>
<Task>0</Task>
<Opcode>0</Opcode>
<Keywords>0x4000000000000000</Keywords>
<TimeCreated SystemTime="2020-10-23 12:32:31.023741"></TimeCreated>
<EventRecordID>177</EventRecordID>
<Correlation ActivityID="{c3e0a7d3-a937-0000-99af-e0c337a9d601}" RelatedActivityID=""></Correlation>
<Execution ProcessID="1320" ThreadID="3408"></Execution>
<Channel>Microsoft-Windows-WMI-Activity/Operational</Channel>
<Computer>WIN-PTFPHFCRDJ0</Computer>
<Security UserID="S-1-5-18"></Security>
</System>
<UserData><Operation_ClientFailure xmlns="http://manifests.microsoft.com/win/2006/windows/WMI"><Id>{C3E0A7D3-A937-0000-99AF-E0C337A9D601}</Id>
<ClientMachine>WIN-PTFPHFCRDJ0</ClientMachine>
<User></User>
<ClientProcessId>1320</ClientProcessId>
<Component>Unknown</Component>
<Operation>Start IWbemServices::ExecNotificationQuery - ROOT\CIMV2 : SELECT * FROM Win32_ProcessStartTrace WHERE ProcessName = 'wsmprovhost.exe'</Operation>
<ResultCode>0x80041032</ResultCode>
<PossibleCause>Unknown</PossibleCause>
</Operation_ClientFailure>
</UserData>
</Event>

<Event xmlns="http://schemas.microsoft.com/win/2004/08/events/event"><System><Provider Name="Microsoft-Windows-WMI-Activity" Guid="{1418ef04-b0b4-4623-bf7e-d74ab47bbdaa}"></Provider>
<EventID Qualifiers="">5857</EventID>
<Version>0</Version>
<Level>0</Level>
<Task>0</Task>
<Opcode>0</Opcode>
<Keywords>0x4000000000000000</Keywords>
<TimeCreated SystemTime="2020-10-23 13:54:46.327366"></TimeCreated>
<EventRecordID>178</EventRecordID>
<Correlation ActivityID="{dc304448-a943-0000-204c-30dc43a9d601}" RelatedActivityID=""></Correlation>
<Execution ProcessID="3516" ThreadID="3560"></Execution>
<Channel>Microsoft-Windows-WMI-Activity/Operational</Channel>
<Computer>WIN-PTFPHFCRDJ0</Computer>
<Security UserID="S-1-5-18"></Security>
</System>
<UserData><Operation_StartedOperational xmlns="http://manifests.microsoft.com/win/2006/windows/WMI"><ProviderName>WmiPerfClass</ProviderName>
<Code>0x00000000</Code>
<HostProcess>wmiprvse.exe</HostProcess>
<ProcessID>3516</ProcessID>
<ProviderPath>C:\Windows\System32\wbem\WmiPerfClass.dll</ProviderPath>
</Operation_StartedOperational>
</UserData>
</Event>

<Event xmlns="http://schemas.microsoft.com/win/2004/08/events/event"><System><Provider Name="Microsoft-Windows-WMI-Activity" Guid="{1418ef04-b0b4-4623-bf7e-d74ab47bbdaa}"></Provider>
<EventID Qualifiers="">5857</EventID>
<Version>0</Version>
<Level>0</Level>
<Task>0</Task>
<Opcode>0</Opcode>
<Keywords>0x4000000000000000</Keywords>
<TimeCreated SystemTime="2020-10-23 13:54:46.757940"></TimeCreated>
<EventRecordID>179</EventRecordID>
<Correlation ActivityID="" RelatedActivityID=""></Correlation>
<Execution ProcessID="3508" ThreadID="3544"></Execution>
<Channel>Microsoft-Windows-WMI-Activity/Operational</Channel>
<Computer>WIN-PTFPHFCRDJ0</Computer>
<Security UserID="S-1-5-20"></Security>
</System>
<UserData><Operation_StartedOperational xmlns="http://manifests.microsoft.com/win/2006/windows/WMI"><ProviderName>CIMWin32</ProviderName>
<Code>0x00000000</Code>
<HostProcess>wmiprvse.exe</HostProcess>
<ProcessID>3508</ProcessID>
<ProviderPath>%systemroot%\system32\wbem\cimwin32.dll</ProviderPath>
</Operation_StartedOperational>
</UserData>
</Event>

<Event xmlns="http://schemas.microsoft.com/win/2004/08/events/event"><System><Provider Name="Microsoft-Windows-WMI-Activity" Guid="{1418ef04-b0b4-4623-bf7e-d74ab47bbdaa}"></Provider>
<EventID Qualifiers="">5857</EventID>
<Version>0</Version>
<Level>0</Level>
<Task>0</Task>
<Opcode>0</Opcode>
<Keywords>0x4000000000000000</Keywords>
<TimeCreated SystemTime="2020-10-23 13:54:47.390955"></TimeCreated>
<EventRecordID>180</EventRecordID>
<Correlation ActivityID="" RelatedActivityID=""></Correlation>
<Execution ProcessID="3508" ThreadID="3552"></Execution>
<Channel>Microsoft-Windows-WMI-Activity/Operational</Channel>
<Computer>WIN-PTFPHFCRDJ0</Computer>
<Security UserID="S-1-5-20"></Security>
</System>
<UserData><Operation_StartedOperational xmlns="http://manifests.microsoft.com/win/2006/windows/WMI"><ProviderName>CIMWin32a</ProviderName>
<Code>0x00000000</Code>
<HostProcess>wmiprvse.exe</HostProcess>
<ProcessID>3508</ProcessID>
<ProviderPath>%systemroot%\system32\wbem\wmipcima.dll</ProviderPath>
</Operation_StartedOperational>
</UserData>
</Event>

<Event xmlns="http://schemas.microsoft.com/win/2004/08/events/event"><System><Provider Name="Microsoft-Windows-WMI-Activity" Guid="{1418ef04-b0b4-4623-bf7e-d74ab47bbdaa}"></Provider>
<EventID Qualifiers="">5861</EventID>
<Version>0</Version>
<Level>0</Level>
<Task>0</Task>
<Opcode>0</Opcode>
<Keywords>0x4000000000000000</Keywords>
<TimeCreated SystemTime="2020-10-23 13:54:54.752710"></TimeCreated>
<EventRecordID>181</EventRecordID>
<Correlation ActivityID="" RelatedActivityID=""></Correlation>
<Execution ProcessID="1352" ThreadID="3772"></Execution>
<Channel>Microsoft-Windows-WMI-Activity/Operational</Channel>
<Computer>WIN-PTFPHFCRDJ0</Computer>
<Security UserID="S-1-5-18"></Security>
</System>
<UserData><Operation_ESStoConsumerBinding xmlns="http://manifests.microsoft.com/win/2006/windows/WMI"><Namespace>//./root/subscription</Namespace>
<ESS>SCM Event Log Filter</ESS>
<CONSUMER>NTEventLogEventConsumer="SCM Event Log Consumer"</CONSUMER>
<PossibleCause>Binding EventFilter: 
instance of __EventFilter
{
	CreatorSID = {1, 2, 0, 0, 0, 0, 0, 5, 32, 0, 0, 0, 32, 2, 0, 0};
	EventNamespace = "root\\cimv2";
	Name = "SCM Event Log Filter";
	Query = "select * from MSFT_SCMEventLogEvent";
	QueryLanguage = "WQL";
};
Perm. Consumer: 
instance of NTEventLogEventConsumer
{
	Category = 0;
	CreatorSID = {1, 2, 0, 0, 0, 0, 0, 5, 32, 0, 0, 0, 32, 2, 0, 0};
	EventType = 1;
	Name = "SCM Event Log Consumer";
	NameOfUserSIDProperty = "sid";
	SourceName = "Service Control Manager";
};
</PossibleCause>
</Operation_ESStoConsumerBinding>
</UserData>
</Event>

<Event xmlns="http://schemas.microsoft.com/win/2004/08/events/event"><System><Provider Name="Microsoft-Windows-WMI-Activity" Guid="{1418ef04-b0b4-4623-bf7e-d74ab47bbdaa}"></Provider>
<EventID Qualifiers="">5859</EventID>
<Version>0</Version>
<Level>0</Level>
<Task>0</Task>
<Opcode>0</Opcode>
<Keywords>0x4000000000000000</Keywords>
<TimeCreated SystemTime="2020-10-23 13:54:54.985147"></TimeCreated>
<EventRecordID>182</EventRecordID>
<Correlation ActivityID="{dc304448-a943-0000-a34c-30dc43a9d601}" RelatedActivityID=""></Correlation>
<Execution ProcessID="1352" ThreadID="3776"></Execution>
<Channel>Microsoft-Windows-WMI-Activity/Operational</Channel>
<Computer>WIN-PTFPHFCRDJ0</Computer>
<Security UserID="S-1-5-18"></Security>
</System>
<UserData><Operation_EssStarted xmlns="http://manifests.microsoft.com/win/2006/windows/WMI"><NamespaceName>//./root/CIMV2</NamespaceName>
<Query>select * from MSFT_SCMEventLogEvent</Query>
<User>S-1-5-32-544</User>
<Processid>1352</Processid>
<Provider>SCM Event Provider</Provider>
<queryid>0</queryid>
<PossibleCause>Permanent</PossibleCause>
</Operation_EssStarted>
</UserData>
</Event>

<Event xmlns="http://schemas.microsoft.com/win/2004/08/events/event"><System><Provider Name="Microsoft-Windows-WMI-Activity" Guid="{1418ef04-b0b4-4623-bf7e-d74ab47bbdaa}"></Provider>
<EventID Qualifiers="">5857</EventID>
<Version>0</Version>
<Level>0</Level>
<Task>0</Task>
<Opcode>0</Opcode>
<Keywords>0x4000000000000000</Keywords>
<TimeCreated SystemTime="2020-10-23 13:54:55.112303"></TimeCreated>
<EventRecordID>183</EventRecordID>
<Correlation ActivityID="" RelatedActivityID=""></Correlation>
<Execution ProcessID="1352" ThreadID="3476"></Execution>
<Channel>Microsoft-Windows-WMI-Activity/Operational</Channel>
<Computer>WIN-PTFPHFCRDJ0</Computer>
<Security UserID="S-1-5-18"></Security>
</System>
<UserData><Operation_StartedOperational xmlns="http://manifests.microsoft.com/win/2006/windows/WMI"><ProviderName>WMI Kernel Trace Event Provider</ProviderName>
<Code>0x00000000</Code>
<HostProcess>wmiprvse.exe</HostProcess>
<ProcessID>1352</ProcessID>
<ProviderPath>C:\Windows\System32\wbem\krnlprov.dll</ProviderPath>
</Operation_StartedOperational>
</UserData>
</Event>

<Event xmlns="http://schemas.microsoft.com/win/2004/08/events/event"><System><Provider Name="Microsoft-Windows-WMI-Activity" Guid="{1418ef04-b0b4-4623-bf7e-d74ab47bbdaa}"></Provider>
<EventID Qualifiers="">5860</EventID>
<Version>0</Version>
<Level>0</Level>
<Task>0</Task>
<Opcode>0</Opcode>
<Keywords>0x4000000000000000</Keywords>
<TimeCreated SystemTime="2020-10-23 13:54:55.113861"></TimeCreated>
<EventRecordID>184</EventRecordID>
<Correlation ActivityID="{dc304448-a943-0000-a94c-30dc43a9d601}" RelatedActivityID=""></Correlation>
<Execution ProcessID="1352" ThreadID="3476"></Execution>
<Channel>Microsoft-Windows-WMI-Activity/Operational</Channel>
<Computer>WIN-PTFPHFCRDJ0</Computer>
<Security UserID="S-1-5-18"></Security>
</System>
<UserData><Operation_TemporaryEssStarted xmlns="http://manifests.microsoft.com/win/2006/windows/WMI"><NamespaceName>ROOT\CIMV2</NamespaceName>
<Query>SELECT * FROM Win32_ProcessStartTrace WHERE ProcessName = 'wsmprovhost.exe'</Query>
<User></User>
<Processid>1352</Processid>
<ClientMachine>WIN-PTFPHFCRDJ0</ClientMachine>
<PossibleCause>Temporary</PossibleCause>
</Operation_TemporaryEssStarted>
</UserData>
</Event>

<Event xmlns="http://schemas.microsoft.com/win/2004/08/events/event"><System><Provider Name="Microsoft-Windows-WMI-Activity" Guid="{1418ef04-b0b4-4623-bf7e-d74ab47bbdaa}"></Provider>
<EventID Qualifiers="">5857</EventID>
<Version>0</Version>
<Level>0</Level>
<Task>0</Task>
<Opcode>0</Opcode>
<Keywords>0x4000000000000000</Keywords>
<TimeCreated SystemTime="2020-10-23 13:55:01.546446"></TimeCreated>
<EventRecordID>185</EventRecordID>
<Correlation ActivityID="{dc304448-a943-0000-174d-30dc43a9d601}" RelatedActivityID=""></Correlation>
<Execution ProcessID="3516" ThreadID="3548"></Execution>
<Channel>Microsoft-Windows-WMI-Activity/Operational</Channel>
<Computer>WIN-PTFPHFCRDJ0</Computer>
<Security UserID="S-1-5-18"></Security>
</System>
<UserData><Operation_StartedOperational xmlns="http://manifests.microsoft.com/win/2006/windows/WMI"><ProviderName>WMIProv</ProviderName>
<Code>0x00000000</Code>
<HostProcess>wmiprvse.exe</HostProcess>
<ProcessID>3516</ProcessID>
<ProviderPath>%systemroot%\system32\wbem\wmiprov.dll</ProviderPath>
</Operation_StartedOperational>
</UserData>
</Event>

<Event xmlns="http://schemas.microsoft.com/win/2004/08/events/event"><System><Provider Name="Microsoft-Windows-WMI-Activity" Guid="{1418ef04-b0b4-4623-bf7e-d74ab47bbdaa}"></Provider>
<EventID Qualifiers="">5857</EventID>
<Version>0</Version>
<Level>0</Level>
<Task>0</Task>
<Opcode>0</Opcode>
<Keywords>0x4000000000000000</Keywords>
<TimeCreated SystemTime="2020-10-23 13:55:08.599264"></TimeCreated>
<EventRecordID>186</EventRecordID>
<Correlation ActivityID="" RelatedActivityID=""></Correlation>
<Execution ProcessID="3508" ThreadID="3552"></Execution>
<Channel>Microsoft-Windows-WMI-Activity/Operational</Channel>
<Computer>WIN-PTFPHFCRDJ0</Computer>
<Security UserID="S-1-5-20"></Security>
</System>
<UserData><Operation_StartedOperational xmlns="http://manifests.microsoft.com/win/2006/windows/WMI"><ProviderName>MS_NT_EVENTLOG_PROVIDER</ProviderName>
<Code>0x00000000</Code>
<HostProcess>wmiprvse.exe</HostProcess>
<ProcessID>3508</ProcessID>
<ProviderPath>%systemroot%\system32\wbem\ntevt.dll</ProviderPath>
</Operation_StartedOperational>
</UserData>
</Event>

<Event xmlns="http://schemas.microsoft.com/win/2004/08/events/event"><System><Provider Name="Microsoft-Windows-WMI-Activity" Guid="{1418ef04-b0b4-4623-bf7e-d74ab47bbdaa}"></Provider>
<EventID Qualifiers="">5858</EventID>
<Version>0</Version>
<Level>2</Level>
<Task>0</Task>
<Opcode>0</Opcode>
<Keywords>0x4000000000000000</Keywords>
<TimeCreated SystemTime="2020-10-23 13:56:01.577898"></TimeCreated>
<EventRecordID>187</EventRecordID>
<Correlation ActivityID="" RelatedActivityID=""></Correlation>
<Execution ProcessID="1352" ThreadID="3608"></Execution>
<Channel>Microsoft-Windows-WMI-Activity/Operational</Channel>
<Computer>WIN-PTFPHFCRDJ0</Computer>
<Security UserID="S-1-5-18"></Security>
</System>
<UserData><Operation_ClientFailure xmlns="http://manifests.microsoft.com/win/2006/windows/WMI"><Id>{00000000-0000-0000-0000-000000000000}</Id>
<ClientMachine>WIN-PTFPHFCRDJ0</ClientMachine>
<User>NT AUTHORITY\SYSTEM</User>
<ClientProcessId>1108</ClientProcessId>
<Component>Unknown</Component>
<Operation>Start IWbemServices::ExecQuery - root\cimv2 : SELECT * FROM Win32_ComputerSystemProduct</Operation>
<ResultCode>0x80041032</ResultCode>
<PossibleCause>Unknown</PossibleCause>
</Operation_ClientFailure>
</UserData>
</Event>

<Event xmlns="http://schemas.microsoft.com/win/2004/08/events/event"><System><Provider Name="Microsoft-Windows-WMI-Activity" Guid="{1418ef04-b0b4-4623-bf7e-d74ab47bbdaa}"></Provider>
<EventID Qualifiers="">5858</EventID>
<Version>0</Version>
<Level>2</Level>
<Task>0</Task>
<Opcode>0</Opcode>
<Keywords>0x4000000000000000</Keywords>
<TimeCreated SystemTime="2020-10-23 13:56:01.594011"></TimeCreated>
<EventRecordID>188</EventRecordID>
<Correlation ActivityID="" RelatedActivityID=""></Correlation>
<Execution ProcessID="1352" ThreadID="3608"></Execution>
<Channel>Microsoft-Windows-WMI-Activity/Operational</Channel>
<Computer>WIN-PTFPHFCRDJ0</Computer>
<Security UserID="S-1-5-18"></Security>
</System>
<UserData><Operation_ClientFailure xmlns="http://manifests.microsoft.com/win/2006/windows/WMI"><Id>{00000000-0000-0000-0000-000000000000}</Id>
<ClientMachine>WIN-PTFPHFCRDJ0</ClientMachine>
<User>NT AUTHORITY\SYSTEM</User>
<ClientProcessId>1108</ClientProcessId>
<Component>Unknown</Component>
<Operation>Start IWbemServices::ExecQuery - root\cimv2 : SELECT * FROM Win32_ComputerSystemProduct</Operation>
<ResultCode>0x80041032</ResultCode>
<PossibleCause>Unknown</PossibleCause>
</Operation_ClientFailure>
</UserData>
</Event>

<Event xmlns="http://schemas.microsoft.com/win/2004/08/events/event"><System><Provider Name="Microsoft-Windows-WMI-Activity" Guid="{1418ef04-b0b4-4623-bf7e-d74ab47bbdaa}"></Provider>
<EventID Qualifiers="">5858</EventID>
<Version>0</Version>
<Level>2</Level>
<Task>0</Task>
<Opcode>0</Opcode>
<Keywords>0x4000000000000000</Keywords>
<TimeCreated SystemTime="2020-10-23 13:56:01.599533"></TimeCreated>
<EventRecordID>189</EventRecordID>
<Correlation ActivityID="" RelatedActivityID=""></Correlation>
<Execution ProcessID="1352" ThreadID="1432"></Execution>
<Channel>Microsoft-Windows-WMI-Activity/Operational</Channel>
<Computer>WIN-PTFPHFCRDJ0</Computer>
<Security UserID="S-1-5-18"></Security>
</System>
<UserData><Operation_ClientFailure xmlns="http://manifests.microsoft.com/win/2006/windows/WMI"><Id>{00000000-0000-0000-0000-000000000000}</Id>
<ClientMachine>WIN-PTFPHFCRDJ0</ClientMachine>
<User>NT AUTHORITY\SYSTEM</User>
<ClientProcessId>1108</ClientProcessId>
<Component>Unknown</Component>
<Operation>Start IWbemServices::ExecQuery - root\cimv2 : SELECT * FROM Win32_ComputerSystem</Operation>
<ResultCode>0x80041032</ResultCode>
<PossibleCause>Unknown</PossibleCause>
</Operation_ClientFailure>
</UserData>
</Event>

<Event xmlns="http://schemas.microsoft.com/win/2004/08/events/event"><System><Provider Name="Microsoft-Windows-WMI-Activity" Guid="{1418ef04-b0b4-4623-bf7e-d74ab47bbdaa}"></Provider>
<EventID Qualifiers="">5858</EventID>
<Version>0</Version>
<Level>2</Level>
<Task>0</Task>
<Opcode>0</Opcode>
<Keywords>0x4000000000000000</Keywords>
<TimeCreated SystemTime="2020-10-23 13:56:01.605074"></TimeCreated>
<EventRecordID>190</EventRecordID>
<Correlation ActivityID="" RelatedActivityID=""></Correlation>
<Execution ProcessID="1352" ThreadID="2804"></Execution>
<Channel>Microsoft-Windows-WMI-Activity/Operational</Channel>
<Computer>WIN-PTFPHFCRDJ0</Computer>
<Security UserID="S-1-5-18"></Security>
</System>
<UserData><Operation_ClientFailure xmlns="http://manifests.microsoft.com/win/2006/windows/WMI"><Id>{00000000-0000-0000-0000-000000000000}</Id>
<ClientMachine>WIN-PTFPHFCRDJ0</ClientMachine>
<User>NT AUTHORITY\SYSTEM</User>
<ClientProcessId>1108</ClientProcessId>
<Component>Unknown</Component>
<Operation>Start IWbemServices::ExecQuery - root\cimv2 : SELECT * FROM Win32_ComputerSystem</Operation>
<ResultCode>0x80041032</ResultCode>
<PossibleCause>Unknown</PossibleCause>
</Operation_ClientFailure>
</UserData>
</Event>

<Event xmlns="http://schemas.microsoft.com/win/2004/08/events/event"><System><Provider Name="Microsoft-Windows-WMI-Activity" Guid="{1418ef04-b0b4-4623-bf7e-d74ab47bbdaa}"></Provider>
<EventID Qualifiers="">5858</EventID>
<Version>0</Version>
<Level>2</Level>
<Task>0</Task>
<Opcode>0</Opcode>
<Keywords>0x4000000000000000</Keywords>
<TimeCreated SystemTime="2020-10-23 13:56:01.614035"></TimeCreated>
<EventRecordID>191</EventRecordID>
<Correlation ActivityID="" RelatedActivityID=""></Correlation>
<Execution ProcessID="1352" ThreadID="2804"></Execution>
<Channel>Microsoft-Windows-WMI-Activity/Operational</Channel>
<Computer>WIN-PTFPHFCRDJ0</Computer>
<Security UserID="S-1-5-18"></Security>
</System>
<UserData><Operation_ClientFailure xmlns="http://manifests.microsoft.com/win/2006/windows/WMI"><Id>{00000000-0000-0000-0000-000000000000}</Id>
<ClientMachine>WIN-PTFPHFCRDJ0</ClientMachine>
<User>NT AUTHORITY\SYSTEM</User>
<ClientProcessId>1108</ClientProcessId>
<Component>Unknown</Component>
<Operation>Start IWbemServices::ExecQuery - root\cimv2 : SELECT * FROM Win32_OperatingSystem</Operation>
<ResultCode>0x80041032</ResultCode>
<PossibleCause>Unknown</PossibleCause>
</Operation_ClientFailure>
</UserData>
</Event>

<Event xmlns="http://schemas.microsoft.com/win/2004/08/events/event"><System><Provider Name="Microsoft-Windows-WMI-Activity" Guid="{1418ef04-b0b4-4623-bf7e-d74ab47bbdaa}"></Provider>
<EventID Qualifiers="">5858</EventID>
<Version>0</Version>
<Level>2</Level>
<Task>0</Task>
<Opcode>0</Opcode>
<Keywords>0x4000000000000000</Keywords>
<TimeCreated SystemTime="2020-10-23 13:56:01.632629"></TimeCreated>
<EventRecordID>192</EventRecordID>
<Correlation ActivityID="" RelatedActivityID=""></Correlation>
<Execution ProcessID="1352" ThreadID="1432"></Execution>
<Channel>Microsoft-Windows-WMI-Activity/Operational</Channel>
<Computer>WIN-PTFPHFCRDJ0</Computer>
<Security UserID="S-1-5-18"></Security>
</System>
<UserData><Operation_ClientFailure xmlns="http://manifests.microsoft.com/win/2006/windows/WMI"><Id>{00000000-0000-0000-0000-000000000000}</Id>
<ClientMachine>WIN-PTFPHFCRDJ0</ClientMachine>
<User>NT AUTHORITY\SYSTEM</User>
<ClientProcessId>1108</ClientProcessId>
<Component>Unknown</Component>
<Operation>Start IWbemServices::ExecQuery - root\cimv2 : SELECT * FROM Win32_OperatingSystem</Operation>
<ResultCode>0x80041032</ResultCode>
<PossibleCause>Unknown</PossibleCause>
</Operation_ClientFailure>
</UserData>
</Event>

<Event xmlns="http://schemas.microsoft.com/win/2004/08/events/event"><System><Provider Name="Microsoft-Windows-WMI-Activity" Guid="{1418ef04-b0b4-4623-bf7e-d74ab47bbdaa}"></Provider>
<EventID Qualifiers="">5858</EventID>
<Version>0</Version>
<Level>2</Level>
<Task>0</Task>
<Opcode>0</Opcode>
<Keywords>0x4000000000000000</Keywords>
<TimeCreated SystemTime="2020-10-23 13:56:01.647339"></TimeCreated>
<EventRecordID>193</EventRecordID>
<Correlation ActivityID="" RelatedActivityID=""></Correlation>
<Execution ProcessID="1352" ThreadID="1432"></Execution>
<Channel>Microsoft-Windows-WMI-Activity/Operational</Channel>
<Computer>WIN-PTFPHFCRDJ0</Computer>
<Security UserID="S-1-5-18"></Security>
</System>
<UserData><Operation_ClientFailure xmlns="http://manifests.microsoft.com/win/2006/windows/WMI"><Id>{00000000-0000-0000-0000-000000000000}</Id>
<ClientMachine>WIN-PTFPHFCRDJ0</ClientMachine>
<User>NT AUTHORITY\SYSTEM</User>
<ClientProcessId>1108</ClientProcessId>
<Component>Unknown</Component>
<Operation>Start IWbemServices::ExecQuery - root\cimv2 : SELECT * FROM Win32_OperatingSystem</Operation>
<ResultCode>0x80041032</ResultCode>
<PossibleCause>Unknown</PossibleCause>
</Operation_ClientFailure>
</UserData>
</Event>

<Event xmlns="http://schemas.microsoft.com/win/2004/08/events/event"><System><Provider Name="Microsoft-Windows-WMI-Activity" Guid="{1418ef04-b0b4-4623-bf7e-d74ab47bbdaa}"></Provider>
<EventID Qualifiers="">5858</EventID>
<Version>0</Version>
<Level>2</Level>
<Task>0</Task>
<Opcode>0</Opcode>
<Keywords>0x4000000000000000</Keywords>
<TimeCreated SystemTime="2020-10-23 13:56:01.651443"></TimeCreated>
<EventRecordID>194</EventRecordID>
<Correlation ActivityID="" RelatedActivityID=""></Correlation>
<Execution ProcessID="1352" ThreadID="1928"></Execution>
<Channel>Microsoft-Windows-WMI-Activity/Operational</Channel>
<Computer>WIN-PTFPHFCRDJ0</Computer>
<Security UserID="S-1-5-18"></Security>
</System>
<UserData><Operation_ClientFailure xmlns="http://manifests.microsoft.com/win/2006/windows/WMI"><Id>{00000000-0000-0000-0000-000000000000}</Id>
<ClientMachine>WIN-PTFPHFCRDJ0</ClientMachine>
<User>NT AUTHORITY\SYSTEM</User>
<ClientProcessId>1108</ClientProcessId>
<Component>Unknown</Component>
<Operation>Start IWbemServices::ExecQuery - root\cimv2 : SELECT * FROM Win32_ComputerSystem</Operation>
<ResultCode>0x80041032</ResultCode>
<PossibleCause>Unknown</PossibleCause>
</Operation_ClientFailure>
</UserData>
</Event>

<Event xmlns="http://schemas.microsoft.com/win/2004/08/events/event"><System><Provider Name="Microsoft-Windows-WMI-Activity" Guid="{1418ef04-b0b4-4623-bf7e-d74ab47bbdaa}"></Provider>
<EventID Qualifiers="">5858</EventID>
<Version>0</Version>
<Level>2</Level>
<Task>0</Task>
<Opcode>0</Opcode>
<Keywords>0x4000000000000000</Keywords>
<TimeCreated SystemTime="2020-10-23 13:56:02.776478"></TimeCreated>
<EventRecordID>195</EventRecordID>
<Correlation ActivityID="" RelatedActivityID=""></Correlation>
<Execution ProcessID="1352" ThreadID="1928"></Execution>
<Channel>Microsoft-Windows-WMI-Activity/Operational</Channel>
<Computer>WIN-PTFPHFCRDJ0</Computer>
<Security UserID="S-1-5-18"></Security>
</System>
<UserData><Operation_ClientFailure xmlns="http://manifests.microsoft.com/win/2006/windows/WMI"><Id>{00000000-0000-0000-0000-000000000000}</Id>
<ClientMachine>WIN-PTFPHFCRDJ0</ClientMachine>
<User>NT AUTHORITY\SYSTEM</User>
<ClientProcessId>1108</ClientProcessId>
<Component>Unknown</Component>
<Operation>Start IWbemServices::ExecQuery - root\cimv2 : SELECT * FROM Win32_Processor</Operation>
<ResultCode>0x80041032</ResultCode>
<PossibleCause>Unknown</PossibleCause>
</Operation_ClientFailure>
</UserData>
</Event>

<Event xmlns="http://schemas.microsoft.com/win/2004/08/events/event"><System><Provider Name="Microsoft-Windows-WMI-Activity" Guid="{1418ef04-b0b4-4623-bf7e-d74ab47bbdaa}"></Provider>
<EventID Qualifiers="">5858</EventID>
<Version>0</Version>
<Level>2</Level>
<Task>0</Task>
<Opcode>0</Opcode>
<Keywords>0x4000000000000000</Keywords>
<TimeCreated SystemTime="2020-10-23 13:56:02.798092"></TimeCreated>
<EventRecordID>196</EventRecordID>
<Correlation ActivityID="" RelatedActivityID=""></Correlation>
<Execution ProcessID="1352" ThreadID="2804"></Execution>
<Channel>Microsoft-Windows-WMI-Activity/Operational</Channel>
<Computer>WIN-PTFPHFCRDJ0</Computer>
<Security UserID="S-1-5-18"></Security>
</System>
<UserData><Operation_ClientFailure xmlns="http://manifests.microsoft.com/win/2006/windows/WMI"><Id>{00000000-0000-0000-0000-000000000000}</Id>
<ClientMachine>WIN-PTFPHFCRDJ0</ClientMachine>
<User>NT AUTHORITY\SYSTEM</User>
<ClientProcessId>1108</ClientProcessId>
<Component>Unknown</Component>
<Operation>Start IWbemServices::ExecQuery - root\cimv2 : SELECT * FROM Win32_ComputerSystem</Operation>
<ResultCode>0x80041032</ResultCode>
<PossibleCause>Unknown</PossibleCause>
</Operation_ClientFailure>
</UserData>
</Event>

<Event xmlns="http://schemas.microsoft.com/win/2004/08/events/event"><System><Provider Name="Microsoft-Windows-WMI-Activity" Guid="{1418ef04-b0b4-4623-bf7e-d74ab47bbdaa}"></Provider>
<EventID Qualifiers="">5858</EventID>
<Version>0</Version>
<Level>2</Level>
<Task>0</Task>
<Opcode>0</Opcode>
<Keywords>0x4000000000000000</Keywords>
<TimeCreated SystemTime="2020-10-23 13:59:02.186930"></TimeCreated>
<EventRecordID>197</EventRecordID>
<Correlation ActivityID="{dc304448-a943-0000-724c-30dc43a9d601}" RelatedActivityID=""></Correlation>
<Execution ProcessID="1352" ThreadID="3720"></Execution>
<Channel>Microsoft-Windows-WMI-Activity/Operational</Channel>
<Computer>WIN-PTFPHFCRDJ0</Computer>
<Security UserID="S-1-5-18"></Security>
</System>
<UserData><Operation_ClientFailure xmlns="http://manifests.microsoft.com/win/2006/windows/WMI"><Id>{DC304448-A943-0000-724C-30DC43A9D601}</Id>
<ClientMachine>WIN-PTFPHFCRDJ0</ClientMachine>
<User></User>
<ClientProcessId>1352</ClientProcessId>
<Component>Unknown</Component>
<Operation>Start IWbemServices::ExecNotificationQuery - ROOT\CIMV2 : SELECT * FROM Win32_ProcessStartTrace WHERE ProcessName = 'wsmprovhost.exe'</Operation>
<ResultCode>0x80041032</ResultCode>
<PossibleCause>Unknown</PossibleCause>
</Operation_ClientFailure>
</UserData>
</Event>

<Event xmlns="http://schemas.microsoft.com/win/2004/08/events/event"><System><Provider Name="Microsoft-Windows-WMI-Activity" Guid="{1418ef04-b0b4-4623-bf7e-d74ab47bbdaa}"></Provider>
<EventID Qualifiers="">5857</EventID>
<Version>0</Version>
<Level>0</Level>
<Task>0</Task>
<Opcode>0</Opcode>
<Keywords>0x4000000000000000</Keywords>
<TimeCreated SystemTime="2020-10-23 14:01:55.547878"></TimeCreated>
<EventRecordID>198</EventRecordID>
<Correlation ActivityID="" RelatedActivityID=""></Correlation>
<Execution ProcessID="3508" ThreadID="3552"></Execution>
<Channel>Microsoft-Windows-WMI-Activity/Operational</Channel>
<Computer>WIN-PTFPHFCRDJ0</Computer>
<Security UserID="S-1-5-20"></Security>
</System>
<UserData><Operation_StartedOperational xmlns="http://manifests.microsoft.com/win/2006/windows/WMI"><ProviderName>mgmtprovider</ProviderName>
<Code>0x00000000</Code>
<HostProcess>wmiprvse.exe</HostProcess>
<ProcessID>3508</ProcessID>
<ProviderPath>%systemroot%\system32\wbem\mgmtprovider.dll</ProviderPath>
</Operation_StartedOperational>
</UserData>
</Event>

<Event xmlns="http://schemas.microsoft.com/win/2004/08/events/event"><System><Provider Name="Microsoft-Windows-WMI-Activity" Guid="{1418ef04-b0b4-4623-bf7e-d74ab47bbdaa}"></Provider>
<EventID Qualifiers="">5857</EventID>
<Version>0</Version>
<Level>0</Level>
<Task>0</Task>
<Opcode>0</Opcode>
<Keywords>0x4000000000000000</Keywords>
<TimeCreated SystemTime="2020-10-23 14:01:56.418034"></TimeCreated>
<EventRecordID>199</EventRecordID>
<Correlation ActivityID="" RelatedActivityID=""></Correlation>
<Execution ProcessID="2824" ThreadID="1984"></Execution>
<Channel>Microsoft-Windows-WMI-Activity/Operational</Channel>
<Computer>WIN-PTFPHFCRDJ0</Computer>
<Security UserID="S-1-5-19"></Security>
</System>
<UserData><Operation_StartedOperational xmlns="http://manifests.microsoft.com/win/2006/windows/WMI"><ProviderName>NetAdapterCim</ProviderName>
<Code>0x00000000</Code>
<HostProcess>wmiprvse.exe</HostProcess>
<ProcessID>2824</ProcessID>
<ProviderPath>%systemroot%\system32\wbem\NetAdapterCim.dll</ProviderPath>
</Operation_StartedOperational>
</UserData>
</Event>

<Event xmlns="http://schemas.microsoft.com/win/2004/08/events/event"><System><Provider Name="Microsoft-Windows-WMI-Activity" Guid="{1418ef04-b0b4-4623-bf7e-d74ab47bbdaa}"></Provider>
<EventID Qualifiers="">5857</EventID>
<Version>0</Version>
<Level>0</Level>
<Task>0</Task>
<Opcode>0</Opcode>
<Keywords>0x4000000000000000</Keywords>
<TimeCreated SystemTime="2020-10-23 14:01:56.762999"></TimeCreated>
<EventRecordID>200</EventRecordID>
<Correlation ActivityID="" RelatedActivityID=""></Correlation>
<Execution ProcessID="3508" ThreadID="3580"></Execution>
<Channel>Microsoft-Windows-WMI-Activity/Operational</Channel>
<Computer>WIN-PTFPHFCRDJ0</Computer>
<Security UserID="S-1-5-20"></Security>
</System>
<UserData><Operation_StartedOperational xmlns="http://manifests.microsoft.com/win/2006/windows/WMI"><ProviderName>nettcpip</ProviderName>
<Code>0x00000000</Code>
<HostProcess>wmiprvse.exe</HostProcess>
<ProcessID>3508</ProcessID>
<ProviderPath>%systemroot%\system32\wbem\NetTCPIP.dll</ProviderPath>
</Operation_StartedOperational>
</UserData>
</Event>

<Event xmlns="http://schemas.microsoft.com/win/2004/08/events/event"><System><Provider Name="Microsoft-Windows-WMI-Activity" Guid="{1418ef04-b0b4-4623-bf7e-d74ab47bbdaa}"></Provider>
<EventID Qualifiers="">5857</EventID>
<Version>0</Version>
<Level>0</Level>
<Task>0</Task>
<Opcode>0</Opcode>
<Keywords>0x4000000000000000</Keywords>
<TimeCreated SystemTime="2020-10-23 14:02:13.885941"></TimeCreated>
<EventRecordID>201</EventRecordID>
<Correlation ActivityID="" RelatedActivityID=""></Correlation>
<Execution ProcessID="3400" ThreadID="3592"></Execution>
<Channel>Microsoft-Windows-WMI-Activity/Operational</Channel>
<Computer>WIN-PTFPHFCRDJ0</Computer>
<Security UserID="S-1-5-18"></Security>
</System>
<UserData><Operation_StartedOperational xmlns="http://manifests.microsoft.com/win/2006/windows/WMI"><ProviderName>deploymentprovider</ProviderName>
<Code>0x00000000</Code>
<HostProcess>wmiprvse.exe</HostProcess>
<ProcessID>3400</ProcessID>
<ProviderPath>%systemroot%\system32\wbem\ServerManager.DeploymentProvider.dll</ProviderPath>
</Operation_StartedOperational>
</UserData>
</Event>

<Event xmlns="http://schemas.microsoft.com/win/2004/08/events/event"><System><Provider Name="Microsoft-Windows-WMI-Activity" Guid="{1418ef04-b0b4-4623-bf7e-d74ab47bbdaa}"></Provider>
<EventID Qualifiers="">5857</EventID>
<Version>0</Version>
<Level>0</Level>
<Task>0</Task>
<Opcode>0</Opcode>
<Keywords>0x4000000000000000</Keywords>
<TimeCreated SystemTime="2020-10-23 14:11:15.056665"></TimeCreated>
<EventRecordID>202</EventRecordID>
<Correlation ActivityID="" RelatedActivityID=""></Correlation>
<Execution ProcessID="1352" ThreadID="3176"></Execution>
<Channel>Microsoft-Windows-WMI-Activity/Operational</Channel>
<Computer>WIN-PTFPHFCRDJ0</Computer>
<Security UserID="S-1-5-18"></Security>
</System>
<UserData><Operation_StartedOperational xmlns="http://manifests.microsoft.com/win/2006/windows/WMI"><ProviderName>WMI Kernel Trace Event Provider</ProviderName>
<Code>0x00000000</Code>
<HostProcess>wmiprvse.exe</HostProcess>
<ProcessID>1352</ProcessID>
<ProviderPath>C:\Windows\System32\wbem\krnlprov.dll</ProviderPath>
</Operation_StartedOperational>
</UserData>
</Event>

<Event xmlns="http://schemas.microsoft.com/win/2004/08/events/event"><System><Provider Name="Microsoft-Windows-WMI-Activity" Guid="{1418ef04-b0b4-4623-bf7e-d74ab47bbdaa}"></Provider>
<EventID Qualifiers="">5860</EventID>
<Version>0</Version>
<Level>0</Level>
<Task>0</Task>
<Opcode>0</Opcode>
<Keywords>0x4000000000000000</Keywords>
<TimeCreated SystemTime="2020-10-23 14:11:15.058475"></TimeCreated>
<EventRecordID>203</EventRecordID>
<Correlation ActivityID="{dc304448-a943-0000-af64-30dc43a9d601}" RelatedActivityID=""></Correlation>
<Execution ProcessID="1352" ThreadID="3176"></Execution>
<Channel>Microsoft-Windows-WMI-Activity/Operational</Channel>
<Computer>WIN-PTFPHFCRDJ0</Computer>
<Security UserID="S-1-5-18"></Security>
</System>
<UserData><Operation_TemporaryEssStarted xmlns="http://manifests.microsoft.com/win/2006/windows/WMI"><NamespaceName>ROOT\CIMV2</NamespaceName>
<Query>SELECT * FROM Win32_ProcessStartTrace WHERE ProcessName = 'wsmprovhost.exe'</Query>
<User></User>
<Processid>1352</Processid>
<ClientMachine>WIN-PTFPHFCRDJ0</ClientMachine>
<PossibleCause>Temporary</PossibleCause>
</Operation_TemporaryEssStarted>
</UserData>
</Event>

