<?xml version="1.1" encoding="utf-8" standalone="yes" ?>

<Events>
<Event xmlns="http://schemas.microsoft.com/win/2004/08/events/event"><System><Provider Name="Microsoft-Windows-Kernel-ShimEngine" Guid="{0bf2fb94-7b60-4b4d-9766-e82f658df540}"></Provider>
<EventID Qualifiers="">3</EventID>
<Version>1</Version>
<Level>4</Level>
<Task>0</Task>
<Opcode>0</Opcode>
<Keywords>0x4000000000000000</Keywords>
<TimeCreated SystemTime="2020-10-23 09:20:41.705614"></TimeCreated>
<EventRecordID>1</EventRecordID>
<Correlation ActivityID="" RelatedActivityID=""></Correlation>
<Execution ProcessID="4" ThreadID="8"></Execution>
<Channel>Microsoft-Windows-Kernel-ShimEngine/Operational</Channel>
<Computer>WIN-PTFPHFCRDJ0</Computer>
<Security UserID="S-1-5-18"></Security>
</System>
<EventData><Data Name="DriverName">storahci.sys</Data>
<Data Name="ShimSource">0</Data>
<Data Name="ShimCount">1</Data>
<Data Name="AppliedGuids">{434abafd-08fa-4c3d-a88d-d09a88e2ab17}</Data>
</EventData>
</Event>

<Event xmlns="http://schemas.microsoft.com/win/2004/08/events/event"><System><Provider Name="Microsoft-Windows-Kernel-ShimEngine" Guid="{0bf2fb94-7b60-4b4d-9766-e82f658df540}"></Provider>
<EventID Qualifiers="">4</EventID>
<Version>1</Version>
<Level>4</Level>
<Task>0</Task>
<Opcode>0</Opcode>
<Keywords>0x4000000000000000</Keywords>
<TimeCreated SystemTime="2020-10-23 09:20:42.038267"></TimeCreated>
<EventRecordID>2</EventRecordID>
<Correlation ActivityID="" RelatedActivityID=""></Correlation>
<Execution ProcessID="4" ThreadID="8"></Execution>
<Channel>Microsoft-Windows-Kernel-ShimEngine/Operational</Channel>
<Computer>WIN-PTFPHFCRDJ0</Computer>
<Security UserID="S-1-5-18"></Security>
</System>
<EventData><Data Name="DeviceName">USBXHCI:ALL</Data>
<Data Name="DeviceClass">USBXHCI</Data>
<Data Name="FlagSource">1</Data>
<Data Name="Flags">1126037345796100</Data>
</EventData>
</Event>

<Event xmlns="http://schemas.microsoft.com/win/2004/08/events/event"><System><Provider Name="Microsoft-Windows-Kernel-ShimEngine" Guid="{0bf2fb94-7b60-4b4d-9766-e82f658df540}"></Provider>
<EventID Qualifiers="">4</EventID>
<Version>1</Version>
<Level>4</Level>
<Task>0</Task>
<Opcode>0</Opcode>
<Keywords>0x4000000000000000</Keywords>
<TimeCreated SystemTime="2020-10-23 09:20:42.085535"></TimeCreated>
<EventRecordID>3</EventRecordID>
<Correlation ActivityID="" RelatedActivityID=""></Correlation>
<Execution ProcessID="4" ThreadID="192"></Execution>
<Channel>Microsoft-Windows-Kernel-ShimEngine/Operational</Channel>
<Computer>WIN-PTFPHFCRDJ0</Computer>
<Security UserID="S-1-5-18"></Security>
</System>
<EventData><Data Name="DeviceName">USBXHCI:ALL</Data>
<Data Name="DeviceClass">USBXHCI</Data>
<Data Name="FlagSource">1</Data>
<Data Name="Flags">1126037345796100</Data>
</EventData>
</Event>

<Event xmlns="http://schemas.microsoft.com/win/2004/08/events/event"><System><Provider Name="Microsoft-Windows-Kernel-ShimEngine" Guid="{0bf2fb94-7b60-4b4d-9766-e82f658df540}"></Provider>
<EventID Qualifiers="">3</EventID>
<Version>1</Version>
<Level>4</Level>
<Task>0</Task>
<Opcode>0</Opcode>
<Keywords>0x4000000000000000</Keywords>
<TimeCreated SystemTime="2020-10-23 09:21:56.800543"></TimeCreated>
<EventRecordID>4</EventRecordID>
<Correlation ActivityID="" RelatedActivityID=""></Correlation>
<Execution ProcessID="4" ThreadID="8"></Execution>
<Channel>Microsoft-Windows-Kernel-ShimEngine/Operational</Channel>
<Computer>WIN-PTFPHFCRDJ0</Computer>
<Security UserID="S-1-5-18"></Security>
</System>
<EventData><Data Name="DriverName">storahci.sys</Data>
<Data Name="ShimSource">0</Data>
<Data Name="ShimCount">1</Data>
<Data Name="AppliedGuids">{434abafd-08fa-4c3d-a88d-d09a88e2ab17}</Data>
</EventData>
</Event>

<Event xmlns="http://schemas.microsoft.com/win/2004/08/events/event"><System><Provider Name="Microsoft-Windows-Kernel-ShimEngine" Guid="{0bf2fb94-7b60-4b4d-9766-e82f658df540}"></Provider>
<EventID Qualifiers="">4</EventID>
<Version>1</Version>
<Level>4</Level>
<Task>0</Task>
<Opcode>0</Opcode>
<Keywords>0x4000000000000000</Keywords>
<TimeCreated SystemTime="2020-10-23 09:21:57.352226"></TimeCreated>
<EventRecordID>5</EventRecordID>
<Correlation ActivityID="" RelatedActivityID=""></Correlation>
<Execution ProcessID="4" ThreadID="432"></Execution>
<Channel>Microsoft-Windows-Kernel-ShimEngine/Operational</Channel>
<Computer>WIN-PTFPHFCRDJ0</Computer>
<Security UserID="S-1-5-18"></Security>
</System>
<EventData><Data Name="DeviceName">USBXHCI:ALL</Data>
<Data Name="DeviceClass">USBXHCI</Data>
<Data Name="FlagSource">1</Data>
<Data Name="Flags">1126037345796100</Data>
</EventData>
</Event>

<Event xmlns="http://schemas.microsoft.com/win/2004/08/events/event"><System><Provider Name="Microsoft-Windows-Kernel-ShimEngine" Guid="{0bf2fb94-7b60-4b4d-9766-e82f658df540}"></Provider>
<EventID Qualifiers="">4</EventID>
<Version>1</Version>
<Level>4</Level>
<Task>0</Task>
<Opcode>0</Opcode>
<Keywords>0x4000000000000000</Keywords>
<TimeCreated SystemTime="2020-10-23 09:21:57.492844"></TimeCreated>
<EventRecordID>6</EventRecordID>
<Correlation ActivityID="" RelatedActivityID=""></Correlation>
<Execution ProcessID="4" ThreadID="196"></Execution>
<Channel>Microsoft-Windows-Kernel-ShimEngine/Operational</Channel>
<Computer>WIN-PTFPHFCRDJ0</Computer>
<Security UserID="S-1-5-18"></Security>
</System>
<EventData><Data Name="DeviceName">USBXHCI:ALL</Data>
<Data Name="DeviceClass">USBXHCI</Data>
<Data Name="FlagSource">1</Data>
<Data Name="Flags">1126037345796100</Data>
</EventData>
</Event>

<Event xmlns="http://schemas.microsoft.com/win/2004/08/events/event"><System><Provider Name="Microsoft-Windows-Kernel-ShimEngine" Guid="{0bf2fb94-7b60-4b4d-9766-e82f658df540}"></Provider>
<EventID Qualifiers="">3</EventID>
<Version>1</Version>
<Level>4</Level>
<Task>0</Task>
<Opcode>0</Opcode>
<Keywords>0x4000000000000000</Keywords>
<TimeCreated SystemTime="2020-10-22 20:57:15.885559"></TimeCreated>
<EventRecordID>7</EventRecordID>
<Correlation ActivityID="" RelatedActivityID=""></Correlation>
<Execution ProcessID="4" ThreadID="8"></Execution>
<Channel>Microsoft-Windows-Kernel-ShimEngine/Operational</Channel>
<Computer>WIN-PTFPHFCRDJ0</Computer>
<Security UserID="S-1-5-18"></Security>
</System>
<EventData><Data Name="DriverName">storahci.sys</Data>
<Data Name="ShimSource">0</Data>
<Data Name="ShimCount">1</Data>
<Data Name="AppliedGuids">{434abafd-08fa-4c3d-a88d-d09a88e2ab17}</Data>
</EventData>
</Event>

<Event xmlns="http://schemas.microsoft.com/win/2004/08/events/event"><System><Provider Name="Microsoft-Windows-Kernel-ShimEngine" Guid="{0bf2fb94-7b60-4b4d-9766-e82f658df540}"></Provider>
<EventID Qualifiers="">4</EventID>
<Version>1</Version>
<Level>4</Level>
<Task>0</Task>
<Opcode>0</Opcode>
<Keywords>0x4000000000000000</Keywords>
<TimeCreated SystemTime="2020-10-22 20:57:16.497139"></TimeCreated>
<EventRecordID>8</EventRecordID>
<Correlation ActivityID="" RelatedActivityID=""></Correlation>
<Execution ProcessID="4" ThreadID="436"></Execution>
<Channel>Microsoft-Windows-Kernel-ShimEngine/Operational</Channel>
<Computer>WIN-PTFPHFCRDJ0</Computer>
<Security UserID="S-1-5-18"></Security>
</System>
<EventData><Data Name="DeviceName">USBXHCI:ALL</Data>
<Data Name="DeviceClass">USBXHCI</Data>
<Data Name="FlagSource">1</Data>
<Data Name="Flags">1126037345796100</Data>
</EventData>
</Event>

<Event xmlns="http://schemas.microsoft.com/win/2004/08/events/event"><System><Provider Name="Microsoft-Windows-Kernel-ShimEngine" Guid="{0bf2fb94-7b60-4b4d-9766-e82f658df540}"></Provider>
<EventID Qualifiers="">4</EventID>
<Version>1</Version>
<Level>4</Level>
<Task>0</Task>
<Opcode>0</Opcode>
<Keywords>0x4000000000000000</Keywords>
<TimeCreated SystemTime="2020-10-22 20:57:16.630589"></TimeCreated>
<EventRecordID>9</EventRecordID>
<Correlation ActivityID="" RelatedActivityID=""></Correlation>
<Execution ProcessID="4" ThreadID="180"></Execution>
<Channel>Microsoft-Windows-Kernel-ShimEngine/Operational</Channel>
<Computer>WIN-PTFPHFCRDJ0</Computer>
<Security UserID="S-1-5-18"></Security>
</System>
<EventData><Data Name="DeviceName">USBXHCI:ALL</Data>
<Data Name="DeviceClass">USBXHCI</Data>
<Data Name="FlagSource">1</Data>
<Data Name="Flags">1126037345796100</Data>
</EventData>
</Event>

<Event xmlns="http://schemas.microsoft.com/win/2004/08/events/event"><System><Provider Name="Microsoft-Windows-Kernel-ShimEngine" Guid="{0bf2fb94-7b60-4b4d-9766-e82f658df540}"></Provider>
<EventID Qualifiers="">3</EventID>
<Version>1</Version>
<Level>4</Level>
<Task>0</Task>
<Opcode>0</Opcode>
<Keywords>0x4000000000000000</Keywords>
<TimeCreated SystemTime="2020-10-23 12:26:46.905672"></TimeCreated>
<EventRecordID>10</EventRecordID>
<Correlation ActivityID="" RelatedActivityID=""></Correlation>
<Execution ProcessID="4" ThreadID="8"></Execution>
<Channel>Microsoft-Windows-Kernel-ShimEngine/Operational</Channel>
<Computer>WIN-PTFPHFCRDJ0</Computer>
<Security UserID="S-1-5-18"></Security>
</System>
<EventData><Data Name="DriverName">storahci.sys</Data>
<Data Name="ShimSource">0</Data>
<Data Name="ShimCount">1</Data>
<Data Name="AppliedGuids">{434abafd-08fa-4c3d-a88d-d09a88e2ab17}</Data>
</EventData>
</Event>

<Event xmlns="http://schemas.microsoft.com/win/2004/08/events/event"><System><Provider Name="Microsoft-Windows-Kernel-ShimEngine" Guid="{0bf2fb94-7b60-4b4d-9766-e82f658df540}"></Provider>
<EventID Qualifiers="">4</EventID>
<Version>1</Version>
<Level>4</Level>
<Task>0</Task>
<Opcode>0</Opcode>
<Keywords>0x4000000000000000</Keywords>
<TimeCreated SystemTime="2020-10-23 12:26:59.047434"></TimeCreated>
<EventRecordID>11</EventRecordID>
<Correlation ActivityID="" RelatedActivityID=""></Correlation>
<Execution ProcessID="4" ThreadID="424"></Execution>
<Channel>Microsoft-Windows-Kernel-ShimEngine/Operational</Channel>
<Computer>WIN-PTFPHFCRDJ0</Computer>
<Security UserID="S-1-5-18"></Security>
</System>
<EventData><Data Name="DeviceName">USBXHCI:ALL</Data>
<Data Name="DeviceClass">USBXHCI</Data>
<Data Name="FlagSource">1</Data>
<Data Name="Flags">1126037345796100</Data>
</EventData>
</Event>

<Event xmlns="http://schemas.microsoft.com/win/2004/08/events/event"><System><Provider Name="Microsoft-Windows-Kernel-ShimEngine" Guid="{0bf2fb94-7b60-4b4d-9766-e82f658df540}"></Provider>
<EventID Qualifiers="">4</EventID>
<Version>1</Version>
<Level>4</Level>
<Task>0</Task>
<Opcode>0</Opcode>
<Keywords>0x4000000000000000</Keywords>
<TimeCreated SystemTime="2020-10-23 12:27:00.797766"></TimeCreated>
<EventRecordID>12</EventRecordID>
<Correlation ActivityID="" RelatedActivityID=""></Correlation>
<Execution ProcessID="4" ThreadID="188"></Execution>
<Channel>Microsoft-Windows-Kernel-ShimEngine/Operational</Channel>
<Computer>WIN-PTFPHFCRDJ0</Computer>
<Security UserID="S-1-5-18"></Security>
</System>
<EventData><Data Name="DeviceName">USBXHCI:ALL</Data>
<Data Name="DeviceClass">USBXHCI</Data>
<Data Name="FlagSource">1</Data>
<Data Name="Flags">1126037345796100</Data>
</EventData>
</Event>

<Event xmlns="http://schemas.microsoft.com/win/2004/08/events/event"><System><Provider Name="Microsoft-Windows-Kernel-ShimEngine" Guid="{0bf2fb94-7b60-4b4d-9766-e82f658df540}"></Provider>
<EventID Qualifiers="">3</EventID>
<Version>1</Version>
<Level>4</Level>
<Task>0</Task>
<Opcode>0</Opcode>
<Keywords>0x4000000000000000</Keywords>
<TimeCreated SystemTime="2020-10-23 13:53:19.659788"></TimeCreated>
<EventRecordID>13</EventRecordID>
<Correlation ActivityID="" RelatedActivityID=""></Correlation>
<Execution ProcessID="4" ThreadID="8"></Execution>
<Channel>Microsoft-Windows-Kernel-ShimEngine/Operational</Channel>
<Computer>WIN-PTFPHFCRDJ0</Computer>
<Security UserID="S-1-5-18"></Security>
</System>
<EventData><Data Name="DriverName">storahci.sys</Data>
<Data Name="ShimSource">0</Data>
<Data Name="ShimCount">1</Data>
<Data Name="AppliedGuids">{434abafd-08fa-4c3d-a88d-d09a88e2ab17}</Data>
</EventData>
</Event>

<Event xmlns="http://schemas.microsoft.com/win/2004/08/events/event"><System><Provider Name="Microsoft-Windows-Kernel-ShimEngine" Guid="{0bf2fb94-7b60-4b4d-9766-e82f658df540}"></Provider>
<EventID Qualifiers="">4</EventID>
<Version>1</Version>
<Level>4</Level>
<Task>0</Task>
<Opcode>0</Opcode>
<Keywords>0x4000000000000000</Keywords>
<TimeCreated SystemTime="2020-10-23 13:53:22.679787"></TimeCreated>
<EventRecordID>14</EventRecordID>
<Correlation ActivityID="" RelatedActivityID=""></Correlation>
<Execution ProcessID="4" ThreadID="432"></Execution>
<Channel>Microsoft-Windows-Kernel-ShimEngine/Operational</Channel>
<Computer>WIN-PTFPHFCRDJ0</Computer>
<Security UserID="S-1-5-18"></Security>
</System>
<EventData><Data Name="DeviceName">USBXHCI:ALL</Data>
<Data Name="DeviceClass">USBXHCI</Data>
<Data Name="FlagSource">1</Data>
<Data Name="Flags">1126037345796100</Data>
</EventData>
</Event>

<Event xmlns="http://schemas.microsoft.com/win/2004/08/events/event"><System><Provider Name="Microsoft-Windows-Kernel-ShimEngine" Guid="{0bf2fb94-7b60-4b4d-9766-e82f658df540}"></Provider>
<EventID Qualifiers="">4</EventID>
<Version>1</Version>
<Level>4</Level>
<Task>0</Task>
<Opcode>0</Opcode>
<Keywords>0x4000000000000000</Keywords>
<TimeCreated SystemTime="2020-10-23 13:53:23.296461"></TimeCreated>
<EventRecordID>15</EventRecordID>
<Correlation ActivityID="" RelatedActivityID=""></Correlation>
<Execution ProcessID="4" ThreadID="184"></Execution>
<Channel>Microsoft-Windows-Kernel-ShimEngine/Operational</Channel>
<Computer>WIN-PTFPHFCRDJ0</Computer>
<Security UserID="S-1-5-18"></Security>
</System>
<EventData><Data Name="DeviceName">USBXHCI:ALL</Data>
<Data Name="DeviceClass">USBXHCI</Data>
<Data Name="FlagSource">1</Data>
<Data Name="Flags">1126037345796100</Data>
</EventData>
</Event>

<Event xmlns="http://schemas.microsoft.com/win/2004/08/events/event"><System><Provider Name="Microsoft-Windows-Kernel-ShimEngine" Guid="{0bf2fb94-7b60-4b4d-9766-e82f658df540}"></Provider>
<EventID Qualifiers="">3</EventID>
<Version>1</Version>
<Level>4</Level>
<Task>0</Task>
<Opcode>0</Opcode>
<Keywords>0x4000000000000000</Keywords>
<TimeCreated SystemTime="2020-10-23 18:48:21.702030"></TimeCreated>
<EventRecordID>16</EventRecordID>
<Correlation ActivityID="" RelatedActivityID=""></Correlation>
<Execution ProcessID="4" ThreadID="8"></Execution>
<Channel>Microsoft-Windows-Kernel-ShimEngine/Operational</Channel>
<Computer>WIN-PTFPHFCRDJ0</Computer>
<Security UserID="S-1-5-18"></Security>
</System>
<EventData><Data Name="DriverName">storahci.sys</Data>
<Data Name="ShimSource">0</Data>
<Data Name="ShimCount">1</Data>
<Data Name="AppliedGuids">{434abafd-08fa-4c3d-a88d-d09a88e2ab17}</Data>
</EventData>
</Event>

<Event xmlns="http://schemas.microsoft.com/win/2004/08/events/event"><System><Provider Name="Microsoft-Windows-Kernel-ShimEngine" Guid="{0bf2fb94-7b60-4b4d-9766-e82f658df540}"></Provider>
<EventID Qualifiers="">4</EventID>
<Version>1</Version>
<Level>4</Level>
<Task>0</Task>
<Opcode>0</Opcode>
<Keywords>0x4000000000000000</Keywords>
<TimeCreated SystemTime="2020-10-23 18:48:31.075272"></TimeCreated>
<EventRecordID>17</EventRecordID>
<Correlation ActivityID="" RelatedActivityID=""></Correlation>
<Execution ProcessID="4" ThreadID="432"></Execution>
<Channel>Microsoft-Windows-Kernel-ShimEngine/Operational</Channel>
<Computer>WIN-PTFPHFCRDJ0</Computer>
<Security UserID="S-1-5-18"></Security>
</System>
<EventData><Data Name="DeviceName">USBXHCI:ALL</Data>
<Data Name="DeviceClass">USBXHCI</Data>
<Data Name="FlagSource">1</Data>
<Data Name="Flags">1126037345796100</Data>
</EventData>
</Event>

<Event xmlns="http://schemas.microsoft.com/win/2004/08/events/event"><System><Provider Name="Microsoft-Windows-Kernel-ShimEngine" Guid="{0bf2fb94-7b60-4b4d-9766-e82f658df540}"></Provider>
<EventID Qualifiers="">4</EventID>
<Version>1</Version>
<Level>4</Level>
<Task>0</Task>
<Opcode>0</Opcode>
<Keywords>0x4000000000000000</Keywords>
<TimeCreated SystemTime="2020-10-23 18:48:31.701565"></TimeCreated>
<EventRecordID>18</EventRecordID>
<Correlation ActivityID="" RelatedActivityID=""></Correlation>
<Execution ProcessID="4" ThreadID="188"></Execution>
<Channel>Microsoft-Windows-Kernel-ShimEngine/Operational</Channel>
<Computer>WIN-PTFPHFCRDJ0</Computer>
<Security UserID="S-1-5-18"></Security>
</System>
<EventData><Data Name="DeviceName">USBXHCI:ALL</Data>
<Data Name="DeviceClass">USBXHCI</Data>
<Data Name="FlagSource">1</Data>
<Data Name="Flags">1126037345796100</Data>
</EventData>
</Event>

<Event xmlns="http://schemas.microsoft.com/win/2004/08/events/event"><System><Provider Name="Microsoft-Windows-Kernel-ShimEngine" Guid="{0bf2fb94-7b60-4b4d-9766-e82f658df540}"></Provider>
<EventID Qualifiers="">3</EventID>
<Version>1</Version>
<Level>4</Level>
<Task>0</Task>
<Opcode>0</Opcode>
<Keywords>0x4000000000000000</Keywords>
<TimeCreated SystemTime="2020-10-24 21:51:51.780792"></TimeCreated>
<EventRecordID>19</EventRecordID>
<Correlation ActivityID="" RelatedActivityID=""></Correlation>
<Execution ProcessID="4" ThreadID="8"></Execution>
<Channel>Microsoft-Windows-Kernel-ShimEngine/Operational</Channel>
<Computer>WIN-PTFPHFCRDJ0</Computer>
<Security UserID="S-1-5-18"></Security>
</System>
<EventData><Data Name="DriverName">storahci.sys</Data>
<Data Name="ShimSource">0</Data>
<Data Name="ShimCount">1</Data>
<Data Name="AppliedGuids">{434abafd-08fa-4c3d-a88d-d09a88e2ab17}</Data>
</EventData>
</Event>

<Event xmlns="http://schemas.microsoft.com/win/2004/08/events/event"><System><Provider Name="Microsoft-Windows-Kernel-ShimEngine" Guid="{0bf2fb94-7b60-4b4d-9766-e82f658df540}"></Provider>
<EventID Qualifiers="">4</EventID>
<Version>1</Version>
<Level>4</Level>
<Task>0</Task>
<Opcode>0</Opcode>
<Keywords>0x4000000000000000</Keywords>
<TimeCreated SystemTime="2020-10-24 21:51:55.979874"></TimeCreated>
<EventRecordID>20</EventRecordID>
<Correlation ActivityID="" RelatedActivityID=""></Correlation>
<Execution ProcessID="4" ThreadID="436"></Execution>
<Channel>Microsoft-Windows-Kernel-ShimEngine/Operational</Channel>
<Computer>WIN-PTFPHFCRDJ0</Computer>
<Security UserID="S-1-5-18"></Security>
</System>
<EventData><Data Name="DeviceName">USBXHCI:ALL</Data>
<Data Name="DeviceClass">USBXHCI</Data>
<Data Name="FlagSource">1</Data>
<Data Name="Flags">1126037345796100</Data>
</EventData>
</Event>

<Event xmlns="http://schemas.microsoft.com/win/2004/08/events/event"><System><Provider Name="Microsoft-Windows-Kernel-ShimEngine" Guid="{0bf2fb94-7b60-4b4d-9766-e82f658df540}"></Provider>
<EventID Qualifiers="">4</EventID>
<Version>1</Version>
<Level>4</Level>
<Task>0</Task>
<Opcode>0</Opcode>
<Keywords>0x4000000000000000</Keywords>
<TimeCreated SystemTime="2020-10-24 21:51:56.739893"></TimeCreated>
<EventRecordID>21</EventRecordID>
<Correlation ActivityID="" RelatedActivityID=""></Correlation>
<Execution ProcessID="4" ThreadID="184"></Execution>
<Channel>Microsoft-Windows-Kernel-ShimEngine/Operational</Channel>
<Computer>WIN-PTFPHFCRDJ0</Computer>
<Security UserID="S-1-5-18"></Security>
</System>
<EventData><Data Name="DeviceName">USBXHCI:ALL</Data>
<Data Name="DeviceClass">USBXHCI</Data>
<Data Name="FlagSource">1</Data>
<Data Name="Flags">1126037345796100</Data>
</EventData>
</Event>

<Event xmlns="http://schemas.microsoft.com/win/2004/08/events/event"><System><Provider Name="Microsoft-Windows-Kernel-ShimEngine" Guid="{0bf2fb94-7b60-4b4d-9766-e82f658df540}"></Provider>
<EventID Qualifiers="">3</EventID>
<Version>1</Version>
<Level>4</Level>
<Task>0</Task>
<Opcode>0</Opcode>
<Keywords>0x4000000000000000</Keywords>
<TimeCreated SystemTime="2020-10-24 22:18:43.613874"></TimeCreated>
<EventRecordID>22</EventRecordID>
<Correlation ActivityID="" RelatedActivityID=""></Correlation>
<Execution ProcessID="4" ThreadID="8"></Execution>
<Channel>Microsoft-Windows-Kernel-ShimEngine/Operational</Channel>
<Computer>WIN-PTFPHFCRDJ0</Computer>
<Security UserID="S-1-5-18"></Security>
</System>
<EventData><Data Name="DriverName">storahci.sys</Data>
<Data Name="ShimSource">0</Data>
<Data Name="ShimCount">1</Data>
<Data Name="AppliedGuids">{434abafd-08fa-4c3d-a88d-d09a88e2ab17}</Data>
</EventData>
</Event>

<Event xmlns="http://schemas.microsoft.com/win/2004/08/events/event"><System><Provider Name="Microsoft-Windows-Kernel-ShimEngine" Guid="{0bf2fb94-7b60-4b4d-9766-e82f658df540}"></Provider>
<EventID Qualifiers="">4</EventID>
<Version>1</Version>
<Level>4</Level>
<Task>0</Task>
<Opcode>0</Opcode>
<Keywords>0x4000000000000000</Keywords>
<TimeCreated SystemTime="2020-10-24 22:18:52.321730"></TimeCreated>
<EventRecordID>23</EventRecordID>
<Correlation ActivityID="" RelatedActivityID=""></Correlation>
<Execution ProcessID="4" ThreadID="436"></Execution>
<Channel>Microsoft-Windows-Kernel-ShimEngine/Operational</Channel>
<Computer>WIN-PTFPHFCRDJ0</Computer>
<Security UserID="S-1-5-18"></Security>
</System>
<EventData><Data Name="DeviceName">USBXHCI:ALL</Data>
<Data Name="DeviceClass">USBXHCI</Data>
<Data Name="FlagSource">1</Data>
<Data Name="Flags">1126037345796100</Data>
</EventData>
</Event>

<Event xmlns="http://schemas.microsoft.com/win/2004/08/events/event"><System><Provider Name="Microsoft-Windows-Kernel-ShimEngine" Guid="{0bf2fb94-7b60-4b4d-9766-e82f658df540}"></Provider>
<EventID Qualifiers="">4</EventID>
<Version>1</Version>
<Level>4</Level>
<Task>0</Task>
<Opcode>0</Opcode>
<Keywords>0x4000000000000000</Keywords>
<TimeCreated SystemTime="2020-10-24 22:18:52.949312"></TimeCreated>
<EventRecordID>24</EventRecordID>
<Correlation ActivityID="" RelatedActivityID=""></Correlation>
<Execution ProcessID="4" ThreadID="188"></Execution>
<Channel>Microsoft-Windows-Kernel-ShimEngine/Operational</Channel>
<Computer>WIN-PTFPHFCRDJ0</Computer>
<Security UserID="S-1-5-18"></Security>
</System>
<EventData><Data Name="DeviceName">USBXHCI:ALL</Data>
<Data Name="DeviceClass">USBXHCI</Data>
<Data Name="FlagSource">1</Data>
<Data Name="Flags">1126037345796100</Data>
</EventData>
</Event>

<Event xmlns="http://schemas.microsoft.com/win/2004/08/events/event"><System><Provider Name="Microsoft-Windows-Kernel-ShimEngine" Guid="{0bf2fb94-7b60-4b4d-9766-e82f658df540}"></Provider>
<EventID Qualifiers="">3</EventID>
<Version>1</Version>
<Level>4</Level>
<Task>0</Task>
<Opcode>0</Opcode>
<Keywords>0x4000000000000000</Keywords>
<TimeCreated SystemTime="2020-10-26 11:57:20.609053"></TimeCreated>
<EventRecordID>25</EventRecordID>
<Correlation ActivityID="" RelatedActivityID=""></Correlation>
<Execution ProcessID="4" ThreadID="8"></Execution>
<Channel>Microsoft-Windows-Kernel-ShimEngine/Operational</Channel>
<Computer>WIN-PTFPHFCRDJ0</Computer>
<Security UserID="S-1-5-18"></Security>
</System>
<EventData><Data Name="DriverName">storahci.sys</Data>
<Data Name="ShimSource">0</Data>
<Data Name="ShimCount">1</Data>
<Data Name="AppliedGuids">{434abafd-08fa-4c3d-a88d-d09a88e2ab17}</Data>
</EventData>
</Event>

<Event xmlns="http://schemas.microsoft.com/win/2004/08/events/event"><System><Provider Name="Microsoft-Windows-Kernel-ShimEngine" Guid="{0bf2fb94-7b60-4b4d-9766-e82f658df540}"></Provider>
<EventID Qualifiers="">4</EventID>
<Version>1</Version>
<Level>4</Level>
<Task>0</Task>
<Opcode>0</Opcode>
<Keywords>0x4000000000000000</Keywords>
<TimeCreated SystemTime="2020-10-26 11:57:24.974760"></TimeCreated>
<EventRecordID>26</EventRecordID>
<Correlation ActivityID="" RelatedActivityID=""></Correlation>
<Execution ProcessID="4" ThreadID="432"></Execution>
<Channel>Microsoft-Windows-Kernel-ShimEngine/Operational</Channel>
<Computer>WIN-PTFPHFCRDJ0</Computer>
<Security UserID="S-1-5-18"></Security>
</System>
<EventData><Data Name="DeviceName">USBXHCI:ALL</Data>
<Data Name="DeviceClass">USBXHCI</Data>
<Data Name="FlagSource">1</Data>
<Data Name="Flags">1126037345796100</Data>
</EventData>
</Event>

<Event xmlns="http://schemas.microsoft.com/win/2004/08/events/event"><System><Provider Name="Microsoft-Windows-Kernel-ShimEngine" Guid="{0bf2fb94-7b60-4b4d-9766-e82f658df540}"></Provider>
<EventID Qualifiers="">4</EventID>
<Version>1</Version>
<Level>4</Level>
<Task>0</Task>
<Opcode>0</Opcode>
<Keywords>0x4000000000000000</Keywords>
<TimeCreated SystemTime="2020-10-26 11:57:25.580734"></TimeCreated>
<EventRecordID>27</EventRecordID>
<Correlation ActivityID="" RelatedActivityID=""></Correlation>
<Execution ProcessID="4" ThreadID="184"></Execution>
<Channel>Microsoft-Windows-Kernel-ShimEngine/Operational</Channel>
<Computer>WIN-PTFPHFCRDJ0</Computer>
<Security UserID="S-1-5-18"></Security>
</System>
<EventData><Data Name="DeviceName">USBXHCI:ALL</Data>
<Data Name="DeviceClass">USBXHCI</Data>
<Data Name="FlagSource">1</Data>
<Data Name="Flags">1126037345796100</Data>
</EventData>
</Event>

<Event xmlns="http://schemas.microsoft.com/win/2004/08/events/event"><System><Provider Name="Microsoft-Windows-Kernel-ShimEngine" Guid="{0bf2fb94-7b60-4b4d-9766-e82f658df540}"></Provider>
<EventID Qualifiers="">3</EventID>
<Version>1</Version>
<Level>4</Level>
<Task>0</Task>
<Opcode>0</Opcode>
<Keywords>0x4000000000000000</Keywords>
<TimeCreated SystemTime="2020-10-26 15:12:06.604687"></TimeCreated>
<EventRecordID>28</EventRecordID>
<Correlation ActivityID="" RelatedActivityID=""></Correlation>
<Execution ProcessID="4" ThreadID="8"></Execution>
<Channel>Microsoft-Windows-Kernel-ShimEngine/Operational</Channel>
<Computer>WIN-PTFPHFCRDJ0</Computer>
<Security UserID="S-1-5-18"></Security>
</System>
<EventData><Data Name="DriverName">storahci.sys</Data>
<Data Name="ShimSource">0</Data>
<Data Name="ShimCount">1</Data>
<Data Name="AppliedGuids">{434abafd-08fa-4c3d-a88d-d09a88e2ab17}</Data>
</EventData>
</Event>

<Event xmlns="http://schemas.microsoft.com/win/2004/08/events/event"><System><Provider Name="Microsoft-Windows-Kernel-ShimEngine" Guid="{0bf2fb94-7b60-4b4d-9766-e82f658df540}"></Provider>
<EventID Qualifiers="">4</EventID>
<Version>1</Version>
<Level>4</Level>
<Task>0</Task>
<Opcode>0</Opcode>
<Keywords>0x4000000000000000</Keywords>
<TimeCreated SystemTime="2020-10-26 15:12:10.385931"></TimeCreated>
<EventRecordID>29</EventRecordID>
<Correlation ActivityID="" RelatedActivityID=""></Correlation>
<Execution ProcessID="4" ThreadID="432"></Execution>
<Channel>Microsoft-Windows-Kernel-ShimEngine/Operational</Channel>
<Computer>WIN-PTFPHFCRDJ0</Computer>
<Security UserID="S-1-5-18"></Security>
</System>
<EventData><Data Name="DeviceName">USBXHCI:ALL</Data>
<Data Name="DeviceClass">USBXHCI</Data>
<Data Name="FlagSource">1</Data>
<Data Name="Flags">1126037345796100</Data>
</EventData>
</Event>

<Event xmlns="http://schemas.microsoft.com/win/2004/08/events/event"><System><Provider Name="Microsoft-Windows-Kernel-ShimEngine" Guid="{0bf2fb94-7b60-4b4d-9766-e82f658df540}"></Provider>
<EventID Qualifiers="">4</EventID>
<Version>1</Version>
<Level>4</Level>
<Task>0</Task>
<Opcode>0</Opcode>
<Keywords>0x4000000000000000</Keywords>
<TimeCreated SystemTime="2020-10-26 15:12:11.035755"></TimeCreated>
<EventRecordID>30</EventRecordID>
<Correlation ActivityID="" RelatedActivityID=""></Correlation>
<Execution ProcessID="4" ThreadID="188"></Execution>
<Channel>Microsoft-Windows-Kernel-ShimEngine/Operational</Channel>
<Computer>WIN-PTFPHFCRDJ0</Computer>
<Security UserID="S-1-5-18"></Security>
</System>
<EventData><Data Name="DeviceName">USBXHCI:ALL</Data>
<Data Name="DeviceClass">USBXHCI</Data>
<Data Name="FlagSource">1</Data>
<Data Name="Flags">1126037345796100</Data>
</EventData>
</Event>

<Event xmlns="http://schemas.microsoft.com/win/2004/08/events/event"><System><Provider Name="Microsoft-Windows-Kernel-ShimEngine" Guid="{0bf2fb94-7b60-4b4d-9766-e82f658df540}"></Provider>
<EventID Qualifiers="">3</EventID>
<Version>1</Version>
<Level>4</Level>
<Task>0</Task>
<Opcode>0</Opcode>
<Keywords>0x4000000000000000</Keywords>
<TimeCreated SystemTime="2020-10-27 01:57:37.547112"></TimeCreated>
<EventRecordID>31</EventRecordID>
<Correlation ActivityID="" RelatedActivityID=""></Correlation>
<Execution ProcessID="4" ThreadID="8"></Execution>
<Channel>Microsoft-Windows-Kernel-ShimEngine/Operational</Channel>
<Computer>WIN-PTFPHFCRDJ0</Computer>
<Security UserID="S-1-5-18"></Security>
</System>
<EventData><Data Name="DriverName">storahci.sys</Data>
<Data Name="ShimSource">0</Data>
<Data Name="ShimCount">1</Data>
<Data Name="AppliedGuids">{434abafd-08fa-4c3d-a88d-d09a88e2ab17}</Data>
</EventData>
</Event>

<Event xmlns="http://schemas.microsoft.com/win/2004/08/events/event"><System><Provider Name="Microsoft-Windows-Kernel-ShimEngine" Guid="{0bf2fb94-7b60-4b4d-9766-e82f658df540}"></Provider>
<EventID Qualifiers="">4</EventID>
<Version>1</Version>
<Level>4</Level>
<Task>0</Task>
<Opcode>0</Opcode>
<Keywords>0x4000000000000000</Keywords>
<TimeCreated SystemTime="2020-10-27 01:57:42.129032"></TimeCreated>
<EventRecordID>32</EventRecordID>
<Correlation ActivityID="" RelatedActivityID=""></Correlation>
<Execution ProcessID="4" ThreadID="432"></Execution>
<Channel>Microsoft-Windows-Kernel-ShimEngine/Operational</Channel>
<Computer>WIN-PTFPHFCRDJ0</Computer>
<Security UserID="S-1-5-18"></Security>
</System>
<EventData><Data Name="DeviceName">USBXHCI:ALL</Data>
<Data Name="DeviceClass">USBXHCI</Data>
<Data Name="FlagSource">1</Data>
<Data Name="Flags">1126037345796100</Data>
</EventData>
</Event>

<Event xmlns="http://schemas.microsoft.com/win/2004/08/events/event"><System><Provider Name="Microsoft-Windows-Kernel-ShimEngine" Guid="{0bf2fb94-7b60-4b4d-9766-e82f658df540}"></Provider>
<EventID Qualifiers="">4</EventID>
<Version>1</Version>
<Level>4</Level>
<Task>0</Task>
<Opcode>0</Opcode>
<Keywords>0x4000000000000000</Keywords>
<TimeCreated SystemTime="2020-10-27 01:57:42.724264"></TimeCreated>
<EventRecordID>33</EventRecordID>
<Correlation ActivityID="" RelatedActivityID=""></Correlation>
<Execution ProcessID="4" ThreadID="184"></Execution>
<Channel>Microsoft-Windows-Kernel-ShimEngine/Operational</Channel>
<Computer>WIN-PTFPHFCRDJ0</Computer>
<Security UserID="S-1-5-18"></Security>
</System>
<EventData><Data Name="DeviceName">USBXHCI:ALL</Data>
<Data Name="DeviceClass">USBXHCI</Data>
<Data Name="FlagSource">1</Data>
<Data Name="Flags">1126037345796100</Data>
</EventData>
</Event>

</Events>
