<?xml version="1.1" encoding="utf-8" standalone="yes" ?>

<Events>
<Event xmlns="http://schemas.microsoft.com/win/2004/08/events/event"><System><Provider Name="Microsoft-Windows-FileServices-ServerManager-EventProvider" Guid="{78b0e04e-3f81-11e0-99f5-02cfded72085}"></Provider>
<EventID Qualifiers="">0</EventID>
<Version>0</Version>
<Level>2</Level>
<Task>1</Task>
<Opcode>0</Opcode>
<Keywords>0x2000000000000001</Keywords>
<TimeCreated SystemTime="2020-10-24 22:26:41.253532"></TimeCreated>
<EventRecordID>1</EventRecordID>
<Correlation ActivityID="" RelatedActivityID=""></Correlation>
<Execution ProcessID="1860" ThreadID="2260"></Execution>
<Channel>Microsoft-Windows-FileServices-ServerManager-EventProvider/Operational</Channel>
<Computer>WIN-PTFPHFCRDJ0</Computer>
<Security UserID="S-1-5-21-1152959844-3645458174-3779170896-1000"></Security>
</System>
<EventData><Data Name="message">Caught exception System.NullReferenceException: Object reference not set to an instance of an object.
   at Microsoft.FileServer.Management.Plugin.Pages.VolumePage..ctor(IContainer container)</Data>
</EventData>
</Event>

<Event xmlns="http://schemas.microsoft.com/win/2004/08/events/event"><System><Provider Name="Microsoft-Windows-FileServices-ServerManager-EventProvider" Guid="{78b0e04e-3f81-11e0-99f5-02cfded72085}"></Provider>
<EventID Qualifiers="">0</EventID>
<Version>0</Version>
<Level>2</Level>
<Task>1</Task>
<Opcode>0</Opcode>
<Keywords>0x2000000000000001</Keywords>
<TimeCreated SystemTime="2020-10-24 22:26:41.338913"></TimeCreated>
<EventRecordID>2</EventRecordID>
<Correlation ActivityID="" RelatedActivityID=""></Correlation>
<Execution ProcessID="1860" ThreadID="2260"></Execution>
<Channel>Microsoft-Windows-FileServices-ServerManager-EventProvider/Operational</Channel>
<Computer>WIN-PTFPHFCRDJ0</Computer>
<Security UserID="S-1-5-21-1152959844-3645458174-3779170896-1000"></Security>
</System>
<EventData><Data Name="message">Caught exception System.NullReferenceException: Object reference not set to an instance of an object.
   at Microsoft.FileServer.Management.Plugin.Pages.VolumePage..ctor(IContainer container)</Data>
</EventData>
</Event>

<Event xmlns="http://schemas.microsoft.com/win/2004/08/events/event"><System><Provider Name="Microsoft-Windows-FileServices-ServerManager-EventProvider" Guid="{78b0e04e-3f81-11e0-99f5-02cfded72085}"></Provider>
<EventID Qualifiers="">0</EventID>
<Version>0</Version>
<Level>2</Level>
<Task>1</Task>
<Opcode>0</Opcode>
<Keywords>0x2000000000000001</Keywords>
<TimeCreated SystemTime="2020-10-24 22:26:41.339079"></TimeCreated>
<EventRecordID>3</EventRecordID>
<Correlation ActivityID="" RelatedActivityID=""></Correlation>
<Execution ProcessID="1860" ThreadID="2260"></Execution>
<Channel>Microsoft-Windows-FileServices-ServerManager-EventProvider/Operational</Channel>
<Computer>WIN-PTFPHFCRDJ0</Computer>
<Security UserID="S-1-5-21-1152959844-3645458174-3779170896-1000"></Security>
</System>
<EventData><Data Name="message">Caught exception System.NullReferenceException: Object reference not set to an instance of an object.
   at Microsoft.FileServer.Management.Plugin.Pages.VolumePage..ctor(IContainer container)</Data>
</EventData>
</Event>

</Events>
