<Event xmlns="http://schemas.microsoft.com/win/2004/08/events/event"><System><Provider Name="Microsoft-Windows-RemoteDesktopServices-RdpCoreTS" Guid="{1139c61b-b549-4251-8ed3-27250a1edec8}"></Provider>
<EventID Qualifiers="">226</EventID>
<Version>0</Version>
<Level>3</Level>
<Task>4</Task>
<Opcode>19</Opcode>
<Keywords>0x4000000000000000</Keywords>
<TimeCreated SystemTime="2020-10-22 22:38:57.016554"></TimeCreated>
<EventRecordID>112</EventRecordID>
<Correlation ActivityID="{f420b651-4938-4d4e-87cb-e49e9bec0000}" RelatedActivityID=""></Correlation>
<Execution ProcessID="884" ThreadID="272"></Execution>
<Channel>Microsoft-Windows-RemoteDesktopServices-RdpCoreTS/Operational</Channel>
<Computer>WIN-PTFPHFCRDJ0</Computer>
<Security UserID="S-1-5-20"></Security>
</System>
<EventData><Data Name="StateTransition">RDP_TCP</Data>
<Data Name="PreviousState">23</Data>
<Data Name="PreviousStateName">StateUnknown</Data>
<Data Name="NewState">21</Data>
<Data Name="NewStateName">StateDisconnected</Data>
<Data Name="Event">43</Data>
<Data Name="EventName">Event_Disconnect</Data>
<Data Name="ErrorCode">0x80070040</Data>
</EventData>
</Event>

<Event xmlns="http://schemas.microsoft.com/win/2004/08/events/event"><System><Provider Name="Microsoft-Windows-RemoteDesktopServices-RdpCoreTS" Guid="{1139c61b-b549-4251-8ed3-27250a1edec8}"></Provider>
<EventID Qualifiers="">142</EventID>
<Version>0</Version>
<Level>3</Level>
<Task>4</Task>
<Opcode>15</Opcode>
<Keywords>0x4000000000000000</Keywords>
<TimeCreated SystemTime="2020-10-22 22:38:57.016644"></TimeCreated>
<EventRecordID>113</EventRecordID>
<Correlation ActivityID="{f420b651-4938-4d4e-87cb-e49e9bec0000}" RelatedActivityID=""></Correlation>
<Execution ProcessID="884" ThreadID="3956"></Execution>
<Channel>Microsoft-Windows-RemoteDesktopServices-RdpCoreTS/Operational</Channel>
<Computer>WIN-PTFPHFCRDJ0</Computer>
<Security UserID="S-1-5-20"></Security>
</System>
<EventData><Data Name="error">64</Data>
</EventData>
</Event>

<Event xmlns="http://schemas.microsoft.com/win/2004/08/events/event"><System><Provider Name="Microsoft-Windows-RemoteDesktopServices-RdpCoreTS" Guid="{1139c61b-b549-4251-8ed3-27250a1edec8}"></Provider>
<EventID Qualifiers="">72</EventID>
<Version>0</Version>
<Level>4</Level>
<Task>4</Task>
<Opcode>13</Opcode>
<Keywords>0x4000000000000000</Keywords>
<TimeCreated SystemTime="2020-10-22 22:38:57.016870"></TimeCreated>
<EventRecordID>114</EventRecordID>
<Correlation ActivityID="{f420b651-4938-4d4e-87cb-e49e9bec0000}" RelatedActivityID=""></Correlation>
<Execution ProcessID="884" ThreadID="2112"></Execution>
<Channel>Microsoft-Windows-RemoteDesktopServices-RdpCoreTS/Operational</Channel>
<Computer>WIN-PTFPHFCRDJ0</Computer>
<Security UserID="S-1-5-20"></Security>
</System>
<EventData><Data Name="MethodName">OnDisconnected</Data>
</EventData>
</Event>

<Event xmlns="http://schemas.microsoft.com/win/2004/08/events/event"><System><Provider Name="Microsoft-Windows-RemoteDesktopServices-RdpCoreTS" Guid="{1139c61b-b549-4251-8ed3-27250a1edec8}"></Provider>
<EventID Qualifiers="">102</EventID>
<Version>0</Version>
<Level>4</Level>
<Task>4</Task>
<Opcode>17</Opcode>
<Keywords>0x4000000000000000</Keywords>
<TimeCreated SystemTime="2020-10-22 22:38:57.016878"></TimeCreated>
<EventRecordID>115</EventRecordID>
<Correlation ActivityID="{f420b651-4938-4d4e-87cb-e49e9bec0000}" RelatedActivityID=""></Correlation>
<Execution ProcessID="884" ThreadID="2112"></Execution>
<Channel>Microsoft-Windows-RemoteDesktopServices-RdpCoreTS/Operational</Channel>
<Computer>WIN-PTFPHFCRDJ0</Computer>
<Security UserID="S-1-5-20"></Security>
</System>
<EventData></EventData>
</Event>

<Event xmlns="http://schemas.microsoft.com/win/2004/08/events/event"><System><Provider Name="Microsoft-Windows-RemoteDesktopServices-RdpCoreTS" Guid="{1139c61b-b549-4251-8ed3-27250a1edec8}"></Provider>
<EventID Qualifiers="">145</EventID>
<Version>0</Version>
<Level>4</Level>
<Task>4</Task>
<Opcode>19</Opcode>
<Keywords>0x4000000000000000</Keywords>
<TimeCreated SystemTime="2020-10-22 22:38:57.016880"></TimeCreated>
<EventRecordID>116</EventRecordID>
<Correlation ActivityID="{f420b651-4938-4d4e-87cb-e49e9bec0000}" RelatedActivityID=""></Correlation>
<Execution ProcessID="884" ThreadID="2112"></Execution>
<Channel>Microsoft-Windows-RemoteDesktopServices-RdpCoreTS/Operational</Channel>
<Computer>WIN-PTFPHFCRDJ0</Computer>
<Security UserID="S-1-5-20"></Security>
</System>
<EventData><Data Name="IdleSeconds">0</Data>
<Data Name="IdleSeconds1">0</Data>
<Data Name="IdleSeconds2">0</Data>
</EventData>
</Event>

<Event xmlns="http://schemas.microsoft.com/win/2004/08/events/event"><System><Provider Name="Microsoft-Windows-RemoteDesktopServices-RdpCoreTS" Guid="{1139c61b-b549-4251-8ed3-27250a1edec8}"></Provider>
<EventID Qualifiers="">148</EventID>
<Version>0</Version>
<Level>4</Level>
<Task>4</Task>
<Opcode>17</Opcode>
<Keywords>0x4000000000000000</Keywords>
<TimeCreated SystemTime="2020-10-22 22:38:57.016884"></TimeCreated>
<EventRecordID>117</EventRecordID>
<Correlation ActivityID="{f420b651-4938-4d4e-87cb-e49e9bec0000}" RelatedActivityID=""></Correlation>
<Execution ProcessID="884" ThreadID="2112"></Execution>
<Channel>Microsoft-Windows-RemoteDesktopServices-RdpCoreTS/Operational</Channel>
<Computer>WIN-PTFPHFCRDJ0</Computer>
<Security UserID="S-1-5-20"></Security>
</System>
<EventData><Data Name="ChannelName">rdpinpt</Data>
<Data Name="TunnelID">0</Data>
</EventData>
</Event>

<Event xmlns="http://schemas.microsoft.com/win/2004/08/events/event"><System><Provider Name="Microsoft-Windows-RemoteDesktopServices-RdpCoreTS" Guid="{1139c61b-b549-4251-8ed3-27250a1edec8}"></Provider>
<EventID Qualifiers="">148</EventID>
<Version>0</Version>
<Level>4</Level>
<Task>4</Task>
<Opcode>17</Opcode>
<Keywords>0x4000000000000000</Keywords>
<TimeCreated SystemTime="2020-10-22 22:38:57.016886"></TimeCreated>
<EventRecordID>118</EventRecordID>
<Correlation ActivityID="{f420b651-4938-4d4e-87cb-e49e9bec0000}" RelatedActivityID=""></Correlation>
<Execution ProcessID="884" ThreadID="2112"></Execution>
<Channel>Microsoft-Windows-RemoteDesktopServices-RdpCoreTS/Operational</Channel>
<Computer>WIN-PTFPHFCRDJ0</Computer>
<Security UserID="S-1-5-20"></Security>
</System>
<EventData><Data Name="ChannelName">rdpcmd</Data>
<Data Name="TunnelID">0</Data>
</EventData>
</Event>

<Event xmlns="http://schemas.microsoft.com/win/2004/08/events/event"><System><Provider Name="Microsoft-Windows-RemoteDesktopServices-RdpCoreTS" Guid="{1139c61b-b549-4251-8ed3-27250a1edec8}"></Provider>
<EventID Qualifiers="">148</EventID>
<Version>0</Version>
<Level>4</Level>
<Task>4</Task>
<Opcode>17</Opcode>
<Keywords>0x4000000000000000</Keywords>
<TimeCreated SystemTime="2020-10-22 22:38:57.016888"></TimeCreated>
<EventRecordID>119</EventRecordID>
<Correlation ActivityID="{f420b651-4938-4d4e-87cb-e49e9bec0000}" RelatedActivityID=""></Correlation>
<Execution ProcessID="884" ThreadID="2112"></Execution>
<Channel>Microsoft-Windows-RemoteDesktopServices-RdpCoreTS/Operational</Channel>
<Computer>WIN-PTFPHFCRDJ0</Computer>
<Security UserID="S-1-5-20"></Security>
</System>
<EventData><Data Name="ChannelName">rdplic</Data>
<Data Name="TunnelID">0</Data>
</EventData>
</Event>

<Event xmlns="http://schemas.microsoft.com/win/2004/08/events/event"><System><Provider Name="Microsoft-Windows-RemoteDesktopServices-RdpCoreTS" Guid="{1139c61b-b549-4251-8ed3-27250a1edec8}"></Provider>
<EventID Qualifiers="">103</EventID>
<Version>0</Version>
<Level>4</Level>
<Task>4</Task>
<Opcode>17</Opcode>
<Keywords>0x4000000000000000</Keywords>
<TimeCreated SystemTime="2020-10-22 22:38:57.016928"></TimeCreated>
<EventRecordID>120</EventRecordID>
<Correlation ActivityID="{f420b651-4938-4d4e-87cb-e49e9bec0000}" RelatedActivityID=""></Correlation>
<Execution ProcessID="884" ThreadID="3612"></Execution>
<Channel>Microsoft-Windows-RemoteDesktopServices-RdpCoreTS/Operational</Channel>
<Computer>WIN-PTFPHFCRDJ0</Computer>
<Security UserID="S-1-5-20"></Security>
</System>
<EventData><Data Name="ReasonCode">14</Data>
</EventData>
</Event>

<Event xmlns="http://schemas.microsoft.com/win/2004/08/events/event"><System><Provider Name="Microsoft-Windows-RemoteDesktopServices-RdpCoreTS" Guid="{1139c61b-b549-4251-8ed3-27250a1edec8}"></Provider>
<EventID Qualifiers="">131</EventID>
<Version>0</Version>
<Level>4</Level>
<Task>4</Task>
<Opcode>15</Opcode>
<Keywords>0x4000000000000000</Keywords>
<TimeCreated SystemTime="2020-10-22 22:38:57.026880"></TimeCreated>
<EventRecordID>121</EventRecordID>
<Correlation ActivityID="{f420e052-155e-4c05-8e6a-070d5fd50000}" RelatedActivityID=""></Correlation>
<Execution ProcessID="884" ThreadID="4484"></Execution>
<Channel>Microsoft-Windows-RemoteDesktopServices-RdpCoreTS/Operational</Channel>
<Computer>WIN-PTFPHFCRDJ0</Computer>
<Security UserID="S-1-5-20"></Security>
</System>
<EventData><Data Name="ConnType">TCP</Data>
<Data Name="ClientIP">22.22.22.136:49678</Data>
</EventData>
</Event>

<Event xmlns="http://schemas.microsoft.com/win/2004/08/events/event"><System><Provider Name="Microsoft-Windows-RemoteDesktopServices-RdpCoreTS" Guid="{1139c61b-b549-4251-8ed3-27250a1edec8}"></Provider>
<EventID Qualifiers="">65</EventID>
<Version>0</Version>
<Level>4</Level>
<Task>4</Task>
<Opcode>13</Opcode>
<Keywords>0x4000000000000000</Keywords>
<TimeCreated SystemTime="2020-10-22 22:38:57.027571"></TimeCreated>
<EventRecordID>122</EventRecordID>
<Correlation ActivityID="{f420e052-155e-4c05-8e6a-070d5fd50000}" RelatedActivityID=""></Correlation>
<Execution ProcessID="884" ThreadID="2124"></Execution>
<Channel>Microsoft-Windows-RemoteDesktopServices-RdpCoreTS/Operational</Channel>
<Computer>WIN-PTFPHFCRDJ0</Computer>
<Security UserID="S-1-5-20"></Security>
</System>
<EventData><Data Name="ConnectionName">RDP-Tcp#3</Data>
</EventData>
</Event>

<Event xmlns="http://schemas.microsoft.com/win/2004/08/events/event"><System><Provider Name="Microsoft-Windows-RemoteDesktopServices-RdpCoreTS" Guid="{1139c61b-b549-4251-8ed3-27250a1edec8}"></Provider>
<EventID Qualifiers="">72</EventID>
<Version>0</Version>
<Level>4</Level>
<Task>4</Task>
<Opcode>13</Opcode>
<Keywords>0x4000000000000000</Keywords>
<TimeCreated SystemTime="2020-10-22 22:38:57.028399"></TimeCreated>
<EventRecordID>123</EventRecordID>
<Correlation ActivityID="{f420e052-155e-4c05-8e6a-070d5fd50000}" RelatedActivityID=""></Correlation>
<Execution ProcessID="884" ThreadID="1412"></Execution>
<Channel>Microsoft-Windows-RemoteDesktopServices-RdpCoreTS/Operational</Channel>
<Computer>WIN-PTFPHFCRDJ0</Computer>
<Security UserID="S-1-5-20"></Security>
</System>
<EventData><Data Name="MethodName">PrepareForAccept</Data>
</EventData>
</Event>

<Event xmlns="http://schemas.microsoft.com/win/2004/08/events/event"><System><Provider Name="Microsoft-Windows-RemoteDesktopServices-RdpCoreTS" Guid="{1139c61b-b549-4251-8ed3-27250a1edec8}"></Provider>
<EventID Qualifiers="">72</EventID>
<Version>0</Version>
<Level>4</Level>
<Task>4</Task>
<Opcode>13</Opcode>
<Keywords>0x4000000000000000</Keywords>
<TimeCreated SystemTime="2020-10-22 22:38:57.028404"></TimeCreated>
<EventRecordID>124</EventRecordID>
<Correlation ActivityID="{f420e052-155e-4c05-8e6a-070d5fd50000}" RelatedActivityID=""></Correlation>
<Execution ProcessID="884" ThreadID="1412"></Execution>
<Channel>Microsoft-Windows-RemoteDesktopServices-RdpCoreTS/Operational</Channel>
<Computer>WIN-PTFPHFCRDJ0</Computer>
<Security UserID="S-1-5-20"></Security>
</System>
<EventData><Data Name="MethodName">SendPolicyData</Data>
</EventData>
</Event>

<Event xmlns="http://schemas.microsoft.com/win/2004/08/events/event"><System><Provider Name="Microsoft-Windows-RemoteDesktopServices-RdpCoreTS" Guid="{1139c61b-b549-4251-8ed3-27250a1edec8}"></Provider>
<EventID Qualifiers="">141</EventID>
<Version>0</Version>
<Level>4</Level>
<Task>4</Task>
<Opcode>11</Opcode>
<Keywords>0x4000000000000000</Keywords>
<TimeCreated SystemTime="2020-10-22 22:38:57.028828"></TimeCreated>
<EventRecordID>125</EventRecordID>
<Correlation ActivityID="{f420e052-155e-4c05-8e6a-070d5fd50000}" RelatedActivityID=""></Correlation>
<Execution ProcessID="884" ThreadID="1412"></Execution>
<Channel>Microsoft-Windows-RemoteDesktopServices-RdpCoreTS/Operational</Channel>
<Computer>WIN-PTFPHFCRDJ0</Computer>
<Security UserID="S-1-5-20"></Security>
</System>
<EventData><Data Name="InstanceID">3</Data>
</EventData>
</Event>

<Event xmlns="http://schemas.microsoft.com/win/2004/08/events/event"><System><Provider Name="Microsoft-Windows-RemoteDesktopServices-RdpCoreTS" Guid="{1139c61b-b549-4251-8ed3-27250a1edec8}"></Provider>
<EventID Qualifiers="">101</EventID>
<Version>0</Version>
<Level>3</Level>
<Task>4</Task>
<Opcode>16</Opcode>
<Keywords>0x4000000000000000</Keywords>
<TimeCreated SystemTime="2020-10-22 22:38:57.048580"></TimeCreated>
<EventRecordID>126</EventRecordID>
<Correlation ActivityID="{f420e052-155e-4c05-8e6a-070d5fd50000}" RelatedActivityID=""></Correlation>
<Execution ProcessID="884" ThreadID="3388"></Execution>
<Channel>Microsoft-Windows-RemoteDesktopServices-RdpCoreTS/Operational</Channel>
<Computer>WIN-PTFPHFCRDJ0</Computer>
<Security UserID="S-1-5-20"></Security>
</System>
<EventData><Data Name="ReasonString">Reason Code: 2(Server Configuration).</Data>
</EventData>
</Event>

<Event xmlns="http://schemas.microsoft.com/win/2004/08/events/event"><System><Provider Name="Microsoft-Windows-RemoteDesktopServices-RdpCoreTS" Guid="{1139c61b-b549-4251-8ed3-27250a1edec8}"></Provider>
<EventID Qualifiers="">132</EventID>
<Version>0</Version>
<Level>4</Level>
<Task>4</Task>
<Opcode>15</Opcode>
<Keywords>0x4000000000000000</Keywords>
<TimeCreated SystemTime="2020-10-22 22:38:57.048586"></TimeCreated>
<EventRecordID>127</EventRecordID>
<Correlation ActivityID="{f420e052-155e-4c05-8e6a-070d5fd50000}" RelatedActivityID=""></Correlation>
<Execution ProcessID="884" ThreadID="3388"></Execution>
<Channel>Microsoft-Windows-RemoteDesktopServices-RdpCoreTS/Operational</Channel>
<Computer>WIN-PTFPHFCRDJ0</Computer>
<Security UserID="S-1-5-20"></Security>
</System>
<EventData><Data Name="ChannelName">rdplic</Data>
<Data Name="TunnelID">0</Data>
</EventData>
</Event>

<Event xmlns="http://schemas.microsoft.com/win/2004/08/events/event"><System><Provider Name="Microsoft-Windows-RemoteDesktopServices-RdpCoreTS" Guid="{1139c61b-b549-4251-8ed3-27250a1edec8}"></Provider>
<EventID Qualifiers="">132</EventID>
<Version>0</Version>
<Level>4</Level>
<Task>4</Task>
<Opcode>15</Opcode>
<Keywords>0x4000000000000000</Keywords>
<TimeCreated SystemTime="2020-10-22 22:38:57.048588"></TimeCreated>
<EventRecordID>128</EventRecordID>
<Correlation ActivityID="{f420e052-155e-4c05-8e6a-070d5fd50000}" RelatedActivityID=""></Correlation>
<Execution ProcessID="884" ThreadID="3388"></Execution>
<Channel>Microsoft-Windows-RemoteDesktopServices-RdpCoreTS/Operational</Channel>
<Computer>WIN-PTFPHFCRDJ0</Computer>
<Security UserID="S-1-5-20"></Security>
</System>
<EventData><Data Name="ChannelName">rdpcmd</Data>
<Data Name="TunnelID">0</Data>
</EventData>
</Event>

<Event xmlns="http://schemas.microsoft.com/win/2004/08/events/event"><System><Provider Name="Microsoft-Windows-RemoteDesktopServices-RdpCoreTS" Guid="{1139c61b-b549-4251-8ed3-27250a1edec8}"></Provider>
<EventID Qualifiers="">72</EventID>
<Version>0</Version>
<Level>4</Level>
<Task>4</Task>
<Opcode>13</Opcode>
<Keywords>0x4000000000000000</Keywords>
<TimeCreated SystemTime="2020-10-22 22:38:57.048594"></TimeCreated>
<EventRecordID>129</EventRecordID>
<Correlation ActivityID="{f420e052-155e-4c05-8e6a-070d5fd50000}" RelatedActivityID=""></Correlation>
<Execution ProcessID="884" ThreadID="3388"></Execution>
<Channel>Microsoft-Windows-RemoteDesktopServices-RdpCoreTS/Operational</Channel>
<Computer>WIN-PTFPHFCRDJ0</Computer>
<Security UserID="S-1-5-20"></Security>
</System>
<EventData><Data Name="MethodName">OnStartLicensing</Data>
</EventData>
</Event>

<Event xmlns="http://schemas.microsoft.com/win/2004/08/events/event"><System><Provider Name="Microsoft-Windows-RemoteDesktopServices-RdpCoreTS" Guid="{1139c61b-b549-4251-8ed3-27250a1edec8}"></Provider>
<EventID Qualifiers="">72</EventID>
<Version>0</Version>
<Level>4</Level>
<Task>4</Task>
<Opcode>13</Opcode>
<Keywords>0x4000000000000000</Keywords>
<TimeCreated SystemTime="2020-10-22 22:38:57.048601"></TimeCreated>
<EventRecordID>130</EventRecordID>
<Correlation ActivityID="{f420e052-155e-4c05-8e6a-070d5fd50000}" RelatedActivityID=""></Correlation>
<Execution ProcessID="884" ThreadID="1412"></Execution>
<Channel>Microsoft-Windows-RemoteDesktopServices-RdpCoreTS/Operational</Channel>
<Computer>WIN-PTFPHFCRDJ0</Computer>
<Security UserID="S-1-5-20"></Security>
</System>
<EventData><Data Name="MethodName">AcceptConnection</Data>
</EventData>
</Event>

<Event xmlns="http://schemas.microsoft.com/win/2004/08/events/event"><System><Provider Name="Microsoft-Windows-RemoteDesktopServices-RdpCoreTS" Guid="{1139c61b-b549-4251-8ed3-27250a1edec8}"></Provider>
<EventID Qualifiers="">104</EventID>
<Version>0</Version>
<Level>4</Level>
<Task>4</Task>
<Opcode>15</Opcode>
<Keywords>0x4000000000000000</Keywords>
<TimeCreated SystemTime="2020-10-22 22:38:57.048687"></TimeCreated>
<EventRecordID>131</EventRecordID>
<Correlation ActivityID="{f420e052-155e-4c05-8e6a-070d5fd50000}" RelatedActivityID=""></Correlation>
<Execution ProcessID="884" ThreadID="1412"></Execution>
<Channel>Microsoft-Windows-RemoteDesktopServices-RdpCoreTS/Operational</Channel>
<Computer>WIN-PTFPHFCRDJ0</Computer>
<Security UserID="S-1-5-20"></Security>
</System>
<EventData><Data Name="TimezoneBiasHour">[5]</Data>
</EventData>
</Event>

<Event xmlns="http://schemas.microsoft.com/win/2004/08/events/event"><System><Provider Name="Microsoft-Windows-RemoteDesktopServices-RdpCoreTS" Guid="{1139c61b-b549-4251-8ed3-27250a1edec8}"></Provider>
<EventID Qualifiers="">71</EventID>
<Version>0</Version>
<Level>4</Level>
<Task>4</Task>
<Opcode>13</Opcode>
<Keywords>0x4000000000000000</Keywords>
<TimeCreated SystemTime="2020-10-22 22:38:57.048689"></TimeCreated>
<EventRecordID>132</EventRecordID>
<Correlation ActivityID="{f420e052-155e-4c05-8e6a-070d5fd50000}" RelatedActivityID=""></Correlation>
<Execution ProcessID="884" ThreadID="1412"></Execution>
<Channel>Microsoft-Windows-RemoteDesktopServices-RdpCoreTS/Operational</Channel>
<Computer>WIN-PTFPHFCRDJ0</Computer>
<Security UserID="S-1-5-20"></Security>
</System>
<EventData><Data Name="ConnectionName">RDP-Tcp#3</Data>
<Data Name="DisplayDriverName">RDPUDD</Data>
</EventData>
</Event>

<Event xmlns="http://schemas.microsoft.com/win/2004/08/events/event"><System><Provider Name="Microsoft-Windows-RemoteDesktopServices-RdpCoreTS" Guid="{1139c61b-b549-4251-8ed3-27250a1edec8}"></Provider>
<EventID Qualifiers="">72</EventID>
<Version>0</Version>
<Level>4</Level>
<Task>4</Task>
<Opcode>13</Opcode>
<Keywords>0x4000000000000000</Keywords>
<TimeCreated SystemTime="2020-10-22 22:38:57.048706"></TimeCreated>
<EventRecordID>133</EventRecordID>
<Correlation ActivityID="{f420e052-155e-4c05-8e6a-070d5fd50000}" RelatedActivityID=""></Correlation>
<Execution ProcessID="884" ThreadID="1412"></Execution>
<Channel>Microsoft-Windows-RemoteDesktopServices-RdpCoreTS/Operational</Channel>
<Computer>WIN-PTFPHFCRDJ0</Computer>
<Security UserID="S-1-5-20"></Security>
</System>
<EventData><Data Name="MethodName">GetSecurityFilterCreds</Data>
</EventData>
</Event>

<Event xmlns="http://schemas.microsoft.com/win/2004/08/events/event"><System><Provider Name="Microsoft-Windows-RemoteDesktopServices-RdpCoreTS" Guid="{1139c61b-b549-4251-8ed3-27250a1edec8}"></Provider>
<EventID Qualifiers="">72</EventID>
<Version>0</Version>
<Level>4</Level>
<Task>4</Task>
<Opcode>13</Opcode>
<Keywords>0x4000000000000000</Keywords>
<TimeCreated SystemTime="2020-10-22 22:38:57.049191"></TimeCreated>
<EventRecordID>134</EventRecordID>
<Correlation ActivityID="{f420e052-155e-4c05-8e6a-070d5fd50000}" RelatedActivityID=""></Correlation>
<Execution ProcessID="884" ThreadID="1412"></Execution>
<Channel>Microsoft-Windows-RemoteDesktopServices-RdpCoreTS/Operational</Channel>
<Computer>WIN-PTFPHFCRDJ0</Computer>
<Security UserID="S-1-5-20"></Security>
</System>
<EventData><Data Name="MethodName">SendClientLicense</Data>
</EventData>
</Event>

<Event xmlns="http://schemas.microsoft.com/win/2004/08/events/event"><System><Provider Name="Microsoft-Windows-RemoteDesktopServices-RdpCoreTS" Guid="{1139c61b-b549-4251-8ed3-27250a1edec8}"></Provider>
<EventID Qualifiers="">72</EventID>
<Version>0</Version>
<Level>4</Level>
<Task>4</Task>
<Opcode>13</Opcode>
<Keywords>0x4000000000000000</Keywords>
<TimeCreated SystemTime="2020-10-22 22:38:57.049265"></TimeCreated>
<EventRecordID>135</EventRecordID>
<Correlation ActivityID="{f420e052-155e-4c05-8e6a-070d5fd50000}" RelatedActivityID=""></Correlation>
<Execution ProcessID="884" ThreadID="1412"></Execution>
<Channel>Microsoft-Windows-RemoteDesktopServices-RdpCoreTS/Operational</Channel>
<Computer>WIN-PTFPHFCRDJ0</Computer>
<Security UserID="S-1-5-20"></Security>
</System>
<EventData><Data Name="MethodName">ProtocolComplete</Data>
</EventData>
</Event>

<Event xmlns="http://schemas.microsoft.com/win/2004/08/events/event"><System><Provider Name="Microsoft-Windows-RemoteDesktopServices-RdpCoreTS" Guid="{1139c61b-b549-4251-8ed3-27250a1edec8}"></Provider>
<EventID Qualifiers="">98</EventID>
<Version>0</Version>
<Level>4</Level>
<Task>4</Task>
<Opcode>15</Opcode>
<Keywords>0x4000000000000000</Keywords>
<TimeCreated SystemTime="2020-10-22 22:38:57.049271"></TimeCreated>
<EventRecordID>136</EventRecordID>
<Correlation ActivityID="{f420e052-155e-4c05-8e6a-070d5fd50000}" RelatedActivityID=""></Correlation>
<Execution ProcessID="884" ThreadID="4648"></Execution>
<Channel>Microsoft-Windows-RemoteDesktopServices-RdpCoreTS/Operational</Channel>
<Computer>WIN-PTFPHFCRDJ0</Computer>
<Security UserID="S-1-5-20"></Security>
</System>
<EventData></EventData>
</Event>

<Event xmlns="http://schemas.microsoft.com/win/2004/08/events/event"><System><Provider Name="Microsoft-Windows-RemoteDesktopServices-RdpCoreTS" Guid="{1139c61b-b549-4251-8ed3-27250a1edec8}"></Provider>
<EventID Qualifiers="">100</EventID>
<Version>0</Version>
<Level>4</Level>
<Task>4</Task>
<Opcode>15</Opcode>
<Keywords>0x4000000000000000</Keywords>
<TimeCreated SystemTime="2020-10-22 22:38:57.049271"></TimeCreated>
<EventRecordID>137</EventRecordID>
<Correlation ActivityID="{f420e052-155e-4c05-8e6a-070d5fd50000}" RelatedActivityID=""></Correlation>
<Execution ProcessID="884" ThreadID="4648"></Execution>
<Channel>Microsoft-Windows-RemoteDesktopServices-RdpCoreTS/Operational</Channel>
<Computer>WIN-PTFPHFCRDJ0</Computer>
<Security UserID="S-1-5-20"></Security>
</System>
<EventData></EventData>
</Event>

<Event xmlns="http://schemas.microsoft.com/win/2004/08/events/event"><System><Provider Name="Microsoft-Windows-RemoteDesktopServices-RdpCoreTS" Guid="{1139c61b-b549-4251-8ed3-27250a1edec8}"></Provider>
<EventID Qualifiers="">135</EventID>
<Version>0</Version>
<Level>4</Level>
<Task>4</Task>
<Opcode>15</Opcode>
<Keywords>0x4000000000000000</Keywords>
<TimeCreated SystemTime="2020-10-22 22:38:57.049274"></TimeCreated>
<EventRecordID>138</EventRecordID>
<Correlation ActivityID="{f420e052-155e-4c05-8e6a-070d5fd50000}" RelatedActivityID=""></Correlation>
<Execution ProcessID="884" ThreadID="4648"></Execution>
<Channel>Microsoft-Windows-RemoteDesktopServices-RdpCoreTS/Operational</Channel>
<Computer>WIN-PTFPHFCRDJ0</Computer>
<Security UserID="S-1-5-20"></Security>
</System>
<EventData><Data Name="TunnelID">3</Data>
<Data Name="TransportType">TCP: Reason Code: 2 (Forced by Server Configuration)</Data>
</EventData>
</Event>

<Event xmlns="http://schemas.microsoft.com/win/2004/08/events/event"><System><Provider Name="Microsoft-Windows-RemoteDesktopServices-RdpCoreTS" Guid="{1139c61b-b549-4251-8ed3-27250a1edec8}"></Provider>
<EventID Qualifiers="">130</EventID>
<Version>0</Version>
<Level>4</Level>
<Task>4</Task>
<Opcode>15</Opcode>
<Keywords>0x4000000000000000</Keywords>
<TimeCreated SystemTime="2020-10-22 22:38:57.049419"></TimeCreated>
<EventRecordID>139</EventRecordID>
<Correlation ActivityID="{f420e052-155e-4c05-8e6a-070d5fd50000}" RelatedActivityID=""></Correlation>
<Execution ProcessID="884" ThreadID="4648"></Execution>
<Channel>Microsoft-Windows-RemoteDesktopServices-RdpCoreTS/Operational</Channel>
<Computer>WIN-PTFPHFCRDJ0</Computer>
<Security UserID="S-1-5-20"></Security>
</System>
<EventData><Data Name="TunnelID">1</Data>
</EventData>
</Event>

<Event xmlns="http://schemas.microsoft.com/win/2004/08/events/event"><System><Provider Name="Microsoft-Windows-RemoteDesktopServices-RdpCoreTS" Guid="{1139c61b-b549-4251-8ed3-27250a1edec8}"></Provider>
<EventID Qualifiers="">72</EventID>
<Version>0</Version>
<Level>4</Level>
<Task>4</Task>
<Opcode>13</Opcode>
<Keywords>0x4000000000000000</Keywords>
<TimeCreated SystemTime="2020-10-22 22:38:57.049726"></TimeCreated>
<EventRecordID>140</EventRecordID>
<Correlation ActivityID="{f420e052-155e-4c05-8e6a-070d5fd50000}" RelatedActivityID=""></Correlation>
<Execution ProcessID="884" ThreadID="1412"></Execution>
<Channel>Microsoft-Windows-RemoteDesktopServices-RdpCoreTS/Operational</Channel>
<Computer>WIN-PTFPHFCRDJ0</Computer>
<Security UserID="S-1-5-20"></Security>
</System>
<EventData><Data Name="MethodName">AuthenticateClientToSession</Data>
</EventData>
</Event>

<Event xmlns="http://schemas.microsoft.com/win/2004/08/events/event"><System><Provider Name="Microsoft-Windows-RemoteDesktopServices-RdpCoreTS" Guid="{1139c61b-b549-4251-8ed3-27250a1edec8}"></Provider>
<EventID Qualifiers="">131</EventID>
<Version>0</Version>
<Level>4</Level>
<Task>4</Task>
<Opcode>15</Opcode>
<Keywords>0x4000000000000000</Keywords>
<TimeCreated SystemTime="2020-10-22 22:38:57.069099"></TimeCreated>
<EventRecordID>141</EventRecordID>
<Correlation ActivityID="{dd23fb11-600f-41d5-a566-60aad2340000}" RelatedActivityID=""></Correlation>
<Execution ProcessID="884" ThreadID="1112"></Execution>
<Channel>Microsoft-Windows-RemoteDesktopServices-RdpCoreTS/Operational</Channel>
<Computer>WIN-PTFPHFCRDJ0</Computer>
<Security UserID="S-1-5-20"></Security>
</System>
<EventData><Data Name="ConnType">UDP</Data>
<Data Name="ClientIP">[22.22.22.136]:60863</Data>
</EventData>
</Event>

<Event xmlns="http://schemas.microsoft.com/win/2004/08/events/event"><System><Provider Name="Microsoft-Windows-RemoteDesktopServices-RdpCoreTS" Guid="{1139c61b-b549-4251-8ed3-27250a1edec8}"></Provider>
<EventID Qualifiers="">66</EventID>
<Version>0</Version>
<Level>4</Level>
<Task>4</Task>
<Opcode>13</Opcode>
<Keywords>0x4000000000000000</Keywords>
<TimeCreated SystemTime="2020-10-22 22:38:57.972532"></TimeCreated>
<EventRecordID>142</EventRecordID>
<Correlation ActivityID="{f420e052-155e-4c05-8e6a-070d5fd50000}" RelatedActivityID=""></Correlation>
<Execution ProcessID="884" ThreadID="272"></Execution>
<Channel>Microsoft-Windows-RemoteDesktopServices-RdpCoreTS/Operational</Channel>
<Computer>WIN-PTFPHFCRDJ0</Computer>
<Security UserID="S-1-5-20"></Security>
</System>
<EventData><Data Name="ConnectionName">RDP-Tcp#3</Data>
<Data Name="SessionID">1</Data>
</EventData>
</Event>

<Event xmlns="http://schemas.microsoft.com/win/2004/08/events/event"><System><Provider Name="Microsoft-Windows-RemoteDesktopServices-RdpCoreTS" Guid="{1139c61b-b549-4251-8ed3-27250a1edec8}"></Provider>
<EventID Qualifiers="">132</EventID>
<Version>0</Version>
<Level>4</Level>
<Task>4</Task>
<Opcode>15</Opcode>
<Keywords>0x4000000000000000</Keywords>
<TimeCreated SystemTime="2020-10-22 22:38:57.974697"></TimeCreated>
<EventRecordID>143</EventRecordID>
<Correlation ActivityID="{f420e052-155e-4c05-8e6a-070d5fd50000}" RelatedActivityID=""></Correlation>
<Execution ProcessID="884" ThreadID="2524"></Execution>
<Channel>Microsoft-Windows-RemoteDesktopServices-RdpCoreTS/Operational</Channel>
<Computer>WIN-PTFPHFCRDJ0</Computer>
<Security UserID="S-1-5-20"></Security>
</System>
<EventData><Data Name="ChannelName">rdpgrfx</Data>
<Data Name="TunnelID">0</Data>
</EventData>
</Event>

<Event xmlns="http://schemas.microsoft.com/win/2004/08/events/event"><System><Provider Name="Microsoft-Windows-RemoteDesktopServices-RdpCoreTS" Guid="{1139c61b-b549-4251-8ed3-27250a1edec8}"></Provider>
<EventID Qualifiers="">33</EventID>
<Version>0</Version>
<Level>4</Level>
<Task>4</Task>
<Opcode>11</Opcode>
<Keywords>0x4000000000000000</Keywords>
<TimeCreated SystemTime="2020-10-22 22:38:57.974815"></TimeCreated>
<EventRecordID>144</EventRecordID>
<Correlation ActivityID="{f420e052-155e-4c05-8e6a-070d5fd50000}" RelatedActivityID=""></Correlation>
<Execution ProcessID="884" ThreadID="272"></Execution>
<Channel>Microsoft-Windows-RemoteDesktopServices-RdpCoreTS/Operational</Channel>
<Computer>WIN-PTFPHFCRDJ0</Computer>
<Security UserID="S-1-5-20"></Security>
</System>
<EventData></EventData>
</Event>

<Event xmlns="http://schemas.microsoft.com/win/2004/08/events/event"><System><Provider Name="Microsoft-Windows-RemoteDesktopServices-RdpCoreTS" Guid="{1139c61b-b549-4251-8ed3-27250a1edec8}"></Provider>
<EventID Qualifiers="">132</EventID>
<Version>0</Version>
<Level>4</Level>
<Task>4</Task>
<Opcode>15</Opcode>
<Keywords>0x4000000000000000</Keywords>
<TimeCreated SystemTime="2020-10-22 22:38:57.988943"></TimeCreated>
<EventRecordID>145</EventRecordID>
<Correlation ActivityID="{f420e052-155e-4c05-8e6a-070d5fd50000}" RelatedActivityID=""></Correlation>
<Execution ProcessID="884" ThreadID="3388"></Execution>
<Channel>Microsoft-Windows-RemoteDesktopServices-RdpCoreTS/Operational</Channel>
<Computer>WIN-PTFPHFCRDJ0</Computer>
<Security UserID="S-1-5-20"></Security>
</System>
<EventData><Data Name="ChannelName">rdpinpt</Data>
<Data Name="TunnelID">0</Data>
</EventData>
</Event>

<Event xmlns="http://schemas.microsoft.com/win/2004/08/events/event"><System><Provider Name="Microsoft-Windows-RemoteDesktopServices-RdpCoreTS" Guid="{1139c61b-b549-4251-8ed3-27250a1edec8}"></Provider>
<EventID Qualifiers="">135</EventID>
<Version>0</Version>
<Level>4</Level>
<Task>4</Task>
<Opcode>15</Opcode>
<Keywords>0x4000000000000000</Keywords>
<TimeCreated SystemTime="2020-10-22 22:38:57.989031"></TimeCreated>
<EventRecordID>146</EventRecordID>
<Correlation ActivityID="{f420e052-155e-4c05-8e6a-070d5fd50000}" RelatedActivityID=""></Correlation>
<Execution ProcessID="884" ThreadID="3388"></Execution>
<Channel>Microsoft-Windows-RemoteDesktopServices-RdpCoreTS/Operational</Channel>
<Computer>WIN-PTFPHFCRDJ0</Computer>
<Security UserID="S-1-5-20"></Security>
</System>
<EventData><Data Name="TunnelID">1</Data>
<Data Name="TransportType">UDP</Data>
</EventData>
</Event>

<Event xmlns="http://schemas.microsoft.com/win/2004/08/events/event"><System><Provider Name="Microsoft-Windows-RemoteDesktopServices-RdpCoreTS" Guid="{1139c61b-b549-4251-8ed3-27250a1edec8}"></Provider>
<EventID Qualifiers="">169</EventID>
<Version>0</Version>
<Level>4</Level>
<Task>4</Task>
<Opcode>19</Opcode>
<Keywords>0x4000000000000000</Keywords>
<TimeCreated SystemTime="2020-10-22 22:38:57.989149"></TimeCreated>
<EventRecordID>147</EventRecordID>
<Correlation ActivityID="{f420e052-155e-4c05-8e6a-070d5fd50000}" RelatedActivityID=""></Correlation>
<Execution ProcessID="884" ThreadID="3388"></Execution>
<Channel>Microsoft-Windows-RemoteDesktopServices-RdpCoreTS/Operational</Channel>
<Computer>WIN-PTFPHFCRDJ0</Computer>
<Security UserID="S-1-5-20"></Security>
</System>
<EventData><Data Name="MajorType">1</Data>
<Data Name="MinorType">3</Data>
<Data Name="ServerName">WIN-PTFPHFCRDJ0</Data>
</EventData>
</Event>

<Event xmlns="http://schemas.microsoft.com/win/2004/08/events/event"><System><Provider Name="Microsoft-Windows-RemoteDesktopServices-RdpCoreTS" Guid="{1139c61b-b549-4251-8ed3-27250a1edec8}"></Provider>
<EventID Qualifiers="">72</EventID>
<Version>0</Version>
<Level>4</Level>
<Task>4</Task>
<Opcode>13</Opcode>
<Keywords>0x4000000000000000</Keywords>
<TimeCreated SystemTime="2020-10-22 22:38:57.989288"></TimeCreated>
<EventRecordID>148</EventRecordID>
<Correlation ActivityID="{f420e052-155e-4c05-8e6a-070d5fd50000}" RelatedActivityID=""></Correlation>
<Execution ProcessID="884" ThreadID="2112"></Execution>
<Channel>Microsoft-Windows-RemoteDesktopServices-RdpCoreTS/Operational</Channel>
<Computer>WIN-PTFPHFCRDJ0</Computer>
<Security UserID="S-1-5-20"></Security>
</System>
<EventData><Data Name="MethodName">OnConnected</Data>
</EventData>
</Event>

<Event xmlns="http://schemas.microsoft.com/win/2004/08/events/event"><System><Provider Name="Microsoft-Windows-RemoteDesktopServices-RdpCoreTS" Guid="{1139c61b-b549-4251-8ed3-27250a1edec8}"></Provider>
<EventID Qualifiers="">72</EventID>
<Version>0</Version>
<Level>4</Level>
<Task>4</Task>
<Opcode>13</Opcode>
<Keywords>0x4000000000000000</Keywords>
<TimeCreated SystemTime="2020-10-22 22:38:57.989288"></TimeCreated>
<EventRecordID>149</EventRecordID>
<Correlation ActivityID="{f420e052-155e-4c05-8e6a-070d5fd50000}" RelatedActivityID=""></Correlation>
<Execution ProcessID="884" ThreadID="2112"></Execution>
<Channel>Microsoft-Windows-RemoteDesktopServices-RdpCoreTS/Operational</Channel>
<Computer>WIN-PTFPHFCRDJ0</Computer>
<Security UserID="S-1-5-20"></Security>
</System>
<EventData><Data Name="MethodName">OnReady</Data>
</EventData>
</Event>

<Event xmlns="http://schemas.microsoft.com/win/2004/08/events/event"><System><Provider Name="Microsoft-Windows-RemoteDesktopServices-RdpCoreTS" Guid="{1139c61b-b549-4251-8ed3-27250a1edec8}"></Provider>
<EventID Qualifiers="">135</EventID>
<Version>0</Version>
<Level>4</Level>
<Task>4</Task>
<Opcode>15</Opcode>
<Keywords>0x4000000000000000</Keywords>
<TimeCreated SystemTime="2020-10-22 22:38:57.989630"></TimeCreated>
<EventRecordID>150</EventRecordID>
<Correlation ActivityID="{f420e052-155e-4c05-8e6a-070d5fd50000}" RelatedActivityID=""></Correlation>
<Execution ProcessID="884" ThreadID="332"></Execution>
<Channel>Microsoft-Windows-RemoteDesktopServices-RdpCoreTS/Operational</Channel>
<Computer>WIN-PTFPHFCRDJ0</Computer>
<Security UserID="S-1-5-20"></Security>
</System>
<EventData><Data Name="TunnelID">1</Data>
<Data Name="TransportType">UDP</Data>
</EventData>
</Event>

<Event xmlns="http://schemas.microsoft.com/win/2004/08/events/event"><System><Provider Name="Microsoft-Windows-RemoteDesktopServices-RdpCoreTS" Guid="{1139c61b-b549-4251-8ed3-27250a1edec8}"></Provider>
<EventID Qualifiers="">132</EventID>
<Version>0</Version>
<Level>4</Level>
<Task>4</Task>
<Opcode>15</Opcode>
<Keywords>0x4000000000000000</Keywords>
<TimeCreated SystemTime="2020-10-22 22:38:57.989805"></TimeCreated>
<EventRecordID>151</EventRecordID>
<Correlation ActivityID="{f420e052-155e-4c05-8e6a-070d5fd50000}" RelatedActivityID=""></Correlation>
<Execution ProcessID="884" ThreadID="332"></Execution>
<Channel>Microsoft-Windows-RemoteDesktopServices-RdpCoreTS/Operational</Channel>
<Computer>WIN-PTFPHFCRDJ0</Computer>
<Security UserID="S-1-5-20"></Security>
</System>
<EventData><Data Name="ChannelName">Microsoft::Windows::RDS::Telemetry</Data>
<Data Name="TunnelID">1</Data>
</EventData>
</Event>

<Event xmlns="http://schemas.microsoft.com/win/2004/08/events/event"><System><Provider Name="Microsoft-Windows-RemoteDesktopServices-RdpCoreTS" Guid="{1139c61b-b549-4251-8ed3-27250a1edec8}"></Provider>
<EventID Qualifiers="">132</EventID>
<Version>0</Version>
<Level>4</Level>
<Task>4</Task>
<Opcode>15</Opcode>
<Keywords>0x4000000000000000</Keywords>
<TimeCreated SystemTime="2020-10-22 22:38:57.994047"></TimeCreated>
<EventRecordID>152</EventRecordID>
<Correlation ActivityID="{f420e052-155e-4c05-8e6a-070d5fd50000}" RelatedActivityID=""></Correlation>
<Execution ProcessID="884" ThreadID="3064"></Execution>
<Channel>Microsoft-Windows-RemoteDesktopServices-RdpCoreTS/Operational</Channel>
<Computer>WIN-PTFPHFCRDJ0</Computer>
<Security UserID="S-1-5-20"></Security>
</System>
<EventData><Data Name="ChannelName">Microsoft::Windows::RDS::Graphics</Data>
<Data Name="TunnelID">1</Data>
</EventData>
</Event>

<Event xmlns="http://schemas.microsoft.com/win/2004/08/events/event"><System><Provider Name="Microsoft-Windows-RemoteDesktopServices-RdpCoreTS" Guid="{1139c61b-b549-4251-8ed3-27250a1edec8}"></Provider>
<EventID Qualifiers="">162</EventID>
<Version>0</Version>
<Level>4</Level>
<Task>4</Task>
<Opcode>19</Opcode>
<Keywords>0x4000000000000000</Keywords>
<TimeCreated SystemTime="2020-10-22 22:38:58.118223"></TimeCreated>
<EventRecordID>153</EventRecordID>
<Correlation ActivityID="{f420e052-155e-4c05-8e6a-070d5fd50000}" RelatedActivityID=""></Correlation>
<Execution ProcessID="884" ThreadID="3956"></Execution>
<Channel>Microsoft-Windows-RemoteDesktopServices-RdpCoreTS/Operational</Channel>
<Computer>WIN-PTFPHFCRDJ0</Computer>
<Security UserID="S-1-5-20"></Security>
</System>
<EventData><Data Name="Version">0x000a0600</Data>
<Data Name="ClientMode">0</Data>
<Data Name="AvcEnabled">1</Data>
<Data Name="ProfileIdNum">2</Data>
<Data Name="ServerName">WIN-PTFPHFCRDJ0</Data>
</EventData>
</Event>

<Event xmlns="http://schemas.microsoft.com/win/2004/08/events/event"><System><Provider Name="Microsoft-Windows-RemoteDesktopServices-RdpCoreTS" Guid="{1139c61b-b549-4251-8ed3-27250a1edec8}"></Provider>
<EventID Qualifiers="">166</EventID>
<Version>0</Version>
<Level>4</Level>
<Task>4</Task>
<Opcode>19</Opcode>
<Keywords>0x4000000000000000</Keywords>
<TimeCreated SystemTime="2020-10-22 22:38:58.119026"></TimeCreated>
<EventRecordID>154</EventRecordID>
<Correlation ActivityID="{f420e052-155e-4c05-8e6a-070d5fd50000}" RelatedActivityID=""></Correlation>
<Execution ProcessID="884" ThreadID="2524"></Execution>
<Channel>Microsoft-Windows-RemoteDesktopServices-RdpCoreTS/Operational</Channel>
<Computer>WIN-PTFPHFCRDJ0</Computer>
<Security UserID="S-1-5-20"></Security>
</System>
<EventData><Data Name="ServerName">WIN-PTFPHFCRDJ0</Data>
</EventData>
</Event>

<Event xmlns="http://schemas.microsoft.com/win/2004/08/events/event"><System><Provider Name="Microsoft-Windows-RemoteDesktopServices-RdpCoreTS" Guid="{1139c61b-b549-4251-8ed3-27250a1edec8}"></Provider>
<EventID Qualifiers="">148</EventID>
<Version>0</Version>
<Level>4</Level>
<Task>4</Task>
<Opcode>17</Opcode>
<Keywords>0x4000000000000000</Keywords>
<TimeCreated SystemTime="2020-10-22 22:38:58.238539"></TimeCreated>
<EventRecordID>155</EventRecordID>
<Correlation ActivityID="{f420e052-155e-4c05-8e6a-070d5fd50000}" RelatedActivityID=""></Correlation>
<Execution ProcessID="884" ThreadID="4008"></Execution>
<Channel>Microsoft-Windows-RemoteDesktopServices-RdpCoreTS/Operational</Channel>
<Computer>WIN-PTFPHFCRDJ0</Computer>
<Security UserID="S-1-5-20"></Security>
</System>
<EventData><Data Name="ChannelName">Microsoft::Windows::RDS::Video::Control::v08.01</Data>
<Data Name="TunnelID">1</Data>
</EventData>
</Event>

<Event xmlns="http://schemas.microsoft.com/win/2004/08/events/event"><System><Provider Name="Microsoft-Windows-RemoteDesktopServices-RdpCoreTS" Guid="{1139c61b-b549-4251-8ed3-27250a1edec8}"></Provider>
<EventID Qualifiers="">148</EventID>
<Version>0</Version>
<Level>4</Level>
<Task>4</Task>
<Opcode>17</Opcode>
<Keywords>0x4000000000000000</Keywords>
<TimeCreated SystemTime="2020-10-22 22:38:58.239443"></TimeCreated>
<EventRecordID>156</EventRecordID>
<Correlation ActivityID="{f420e052-155e-4c05-8e6a-070d5fd50000}" RelatedActivityID=""></Correlation>
<Execution ProcessID="884" ThreadID="4008"></Execution>
<Channel>Microsoft-Windows-RemoteDesktopServices-RdpCoreTS/Operational</Channel>
<Computer>WIN-PTFPHFCRDJ0</Computer>
<Security UserID="S-1-5-20"></Security>
</System>
<EventData><Data Name="ChannelName">Microsoft::Windows::RDS::Video::Data::v08.01</Data>
<Data Name="TunnelID">1</Data>
</EventData>
</Event>

<Event xmlns="http://schemas.microsoft.com/win/2004/08/events/event"><System><Provider Name="Microsoft-Windows-RemoteDesktopServices-RdpCoreTS" Guid="{1139c61b-b549-4251-8ed3-27250a1edec8}"></Provider>
<EventID Qualifiers="">148</EventID>
<Version>0</Version>
<Level>4</Level>
<Task>4</Task>
<Opcode>17</Opcode>
<Keywords>0x4000000000000000</Keywords>
<TimeCreated SystemTime="2020-10-22 22:38:58.239679"></TimeCreated>
<EventRecordID>157</EventRecordID>
<Correlation ActivityID="{f420e052-155e-4c05-8e6a-070d5fd50000}" RelatedActivityID=""></Correlation>
<Execution ProcessID="884" ThreadID="4008"></Execution>
<Channel>Microsoft-Windows-RemoteDesktopServices-RdpCoreTS/Operational</Channel>
<Computer>WIN-PTFPHFCRDJ0</Computer>
<Security UserID="S-1-5-20"></Security>
</System>
<EventData><Data Name="ChannelName">Microsoft::Windows::RDS::Geometry::v08.01</Data>
<Data Name="TunnelID">1</Data>
</EventData>
</Event>

<Event xmlns="http://schemas.microsoft.com/win/2004/08/events/event"><System><Provider Name="Microsoft-Windows-RemoteDesktopServices-RdpCoreTS" Guid="{1139c61b-b549-4251-8ed3-27250a1edec8}"></Provider>
<EventID Qualifiers="">72</EventID>
<Version>0</Version>
<Level>4</Level>
<Task>4</Task>
<Opcode>13</Opcode>
<Keywords>0x4000000000000000</Keywords>
<TimeCreated SystemTime="2020-10-22 22:38:58.413532"></TimeCreated>
<EventRecordID>158</EventRecordID>
<Correlation ActivityID="{f420e052-155e-4c05-8e6a-070d5fd50000}" RelatedActivityID=""></Correlation>
<Execution ProcessID="884" ThreadID="272"></Execution>
<Channel>Microsoft-Windows-RemoteDesktopServices-RdpCoreTS/Operational</Channel>
<Computer>WIN-PTFPHFCRDJ0</Computer>
<Security UserID="S-1-5-20"></Security>
</System>
<EventData><Data Name="MethodName">ConnectNotify(SessionId=1)</Data>
</EventData>
</Event>

<Event xmlns="http://schemas.microsoft.com/win/2004/08/events/event"><System><Provider Name="Microsoft-Windows-RemoteDesktopServices-RdpCoreTS" Guid="{1139c61b-b549-4251-8ed3-27250a1edec8}"></Provider>
<EventID Qualifiers="">72</EventID>
<Version>0</Version>
<Level>4</Level>
<Task>4</Task>
<Opcode>13</Opcode>
<Keywords>0x4000000000000000</Keywords>
<TimeCreated SystemTime="2020-10-22 22:38:58.418964"></TimeCreated>
<EventRecordID>159</EventRecordID>
<Correlation ActivityID="{f420e052-155e-4c05-8e6a-070d5fd50000}" RelatedActivityID=""></Correlation>
<Execution ProcessID="884" ThreadID="272"></Execution>
<Channel>Microsoft-Windows-RemoteDesktopServices-RdpCoreTS/Operational</Channel>
<Computer>WIN-PTFPHFCRDJ0</Computer>
<Security UserID="S-1-5-20"></Security>
</System>
<EventData><Data Name="MethodName">LogonNotify(SessionId=1)</Data>
</EventData>
</Event>

<Event xmlns="http://schemas.microsoft.com/win/2004/08/events/event"><System><Provider Name="Microsoft-Windows-RemoteDesktopServices-RdpCoreTS" Guid="{1139c61b-b549-4251-8ed3-27250a1edec8}"></Provider>
<EventID Qualifiers="">258</EventID>
<Version>0</Version>
<Level>4</Level>
<Task>4</Task>
<Opcode>21</Opcode>
<Keywords>0x4000000000000000</Keywords>
<TimeCreated SystemTime="2020-10-22 22:38:58.531210"></TimeCreated>
<EventRecordID>160</EventRecordID>
<Correlation ActivityID="{f420e052-155e-4c05-8e6a-070d5fd50000}" RelatedActivityID=""></Correlation>
<Execution ProcessID="884" ThreadID="272"></Execution>
<Channel>Microsoft-Windows-RemoteDesktopServices-RdpCoreTS/Operational</Channel>
<Computer>WIN-PTFPHFCRDJ0</Computer>
<Security UserID="S-1-5-20"></Security>
</System>
<EventData></EventData>
</Event>

<Event xmlns="http://schemas.microsoft.com/win/2004/08/events/event"><System><Provider Name="Microsoft-Windows-RemoteDesktopServices-RdpCoreTS" Guid="{1139c61b-b549-4251-8ed3-27250a1edec8}"></Provider>
<EventID Qualifiers="">168</EventID>
<Version>0</Version>
<Level>4</Level>
<Task>4</Task>
<Opcode>11</Opcode>
<Keywords>0x4000000000000000</Keywords>
<TimeCreated SystemTime="2020-10-22 22:38:58.532690"></TimeCreated>
<EventRecordID>161</EventRecordID>
<Correlation ActivityID="{f420e052-155e-4c05-8e6a-070d5fd50000}" RelatedActivityID=""></Correlation>
<Execution ProcessID="884" ThreadID="2524"></Execution>
<Channel>Microsoft-Windows-RemoteDesktopServices-RdpCoreTS/Operational</Channel>
<Computer>WIN-PTFPHFCRDJ0</Computer>
<Security UserID="S-1-5-20"></Security>
</System>
<EventData><Data Name="MonitorNum">0</Data>
<Data Name="MonitorWidth">1668</Data>
<Data Name="MonitorHeight">888</Data>
<Data Name="MonitorX">0</Data>
<Data Name="MonitorY">0</Data>
<Data Name="ServerName">WIN-PTFPHFCRDJ0</Data>
</EventData>
</Event>

<Event xmlns="http://schemas.microsoft.com/win/2004/08/events/event"><System><Provider Name="Microsoft-Windows-RemoteDesktopServices-RdpCoreTS" Guid="{1139c61b-b549-4251-8ed3-27250a1edec8}"></Provider>
<EventID Qualifiers="">68</EventID>
<Version>0</Version>
<Level>4</Level>
<Task>4</Task>
<Opcode>13</Opcode>
<Keywords>0x4000000000000000</Keywords>
<TimeCreated SystemTime="2020-10-22 22:38:58.556183"></TimeCreated>
<EventRecordID>162</EventRecordID>
<Correlation ActivityID="{dd23fb11-600f-41d5-a566-60aad2340000}" RelatedActivityID=""></Correlation>
<Execution ProcessID="884" ThreadID="272"></Execution>
<Channel>Microsoft-Windows-RemoteDesktopServices-RdpCoreTS/Operational</Channel>
<Computer>WIN-PTFPHFCRDJ0</Computer>
<Security UserID="S-1-5-20"></Security>
</System>
<EventData><Data Name="ConnectionName">RDP-Tcp#3</Data>
<Data Name="PromptForCredentials">359</Data>
<Data Name="PromptForCredentialsDone">3125</Data>
<Data Name="GfxChannelOpened">4172</Data>
<Data Name="FirstGraphicsReceived">4734</Data>
</EventData>
</Event>

<Event xmlns="http://schemas.microsoft.com/win/2004/08/events/event"><System><Provider Name="Microsoft-Windows-RemoteDesktopServices-RdpCoreTS" Guid="{1139c61b-b549-4251-8ed3-27250a1edec8}"></Provider>
<EventID Qualifiers="">148</EventID>
<Version>0</Version>
<Level>4</Level>
<Task>4</Task>
<Opcode>17</Opcode>
<Keywords>0x4000000000000000</Keywords>
<TimeCreated SystemTime="2020-10-22 22:38:58.556862"></TimeCreated>
<EventRecordID>163</EventRecordID>
<Correlation ActivityID="{f420e052-155e-4c05-8e6a-070d5fd50000}" RelatedActivityID=""></Correlation>
<Execution ProcessID="884" ThreadID="272"></Execution>
<Channel>Microsoft-Windows-RemoteDesktopServices-RdpCoreTS/Operational</Channel>
<Computer>WIN-PTFPHFCRDJ0</Computer>
<Security UserID="S-1-5-20"></Security>
</System>
<EventData><Data Name="ChannelName">Microsoft::Windows::RDS::Telemetry</Data>
<Data Name="TunnelID">1</Data>
</EventData>
</Event>

<Event xmlns="http://schemas.microsoft.com/win/2004/08/events/event"><System><Provider Name="Microsoft-Windows-RemoteDesktopServices-RdpCoreTS" Guid="{1139c61b-b549-4251-8ed3-27250a1edec8}"></Provider>
<EventID Qualifiers="">227</EventID>
<Version>0</Version>
<Level>2</Level>
<Task>4</Task>
<Opcode>19</Opcode>
<Keywords>0x4000000000000000</Keywords>
<TimeCreated SystemTime="2020-10-22 22:38:58.872150"></TimeCreated>
<EventRecordID>164</EventRecordID>
<Correlation ActivityID="{f4623713-b150-4879-b6b1-0ac81bbc0000}" RelatedActivityID=""></Correlation>
<Execution ProcessID="884" ThreadID="4224"></Execution>
<Channel>Microsoft-Windows-RemoteDesktopServices-RdpCoreTS/Operational</Channel>
<Computer>WIN-PTFPHFCRDJ0</Computer>
<Security UserID="S-1-5-20"></Security>
</System>
<EventData><Data Name="Name">CUMRDPConnection</Data>
<Data Name="Value">2147500033</Data>
<Data Name="CustomLevel">'Failed GetConnectionProperty' in CUMRDPConnection::QueryProperty at 2884 err=[0x80004001]</Data>
</EventData>
</Event>

<Event xmlns="http://schemas.microsoft.com/win/2004/08/events/event"><System><Provider Name="Microsoft-Windows-RemoteDesktopServices-RdpCoreTS" Guid="{1139c61b-b549-4251-8ed3-27250a1edec8}"></Provider>
<EventID Qualifiers="">132</EventID>
<Version>0</Version>
<Level>4</Level>
<Task>4</Task>
<Opcode>15</Opcode>
<Keywords>0x4000000000000000</Keywords>
<TimeCreated SystemTime="2020-10-22 22:38:59.027393"></TimeCreated>
<EventRecordID>165</EventRecordID>
<Correlation ActivityID="{dd23fb11-600f-41d5-a566-60aad2340000}" RelatedActivityID=""></Correlation>
<Execution ProcessID="884" ThreadID="4224"></Execution>
<Channel>Microsoft-Windows-RemoteDesktopServices-RdpCoreTS/Operational</Channel>
<Computer>WIN-PTFPHFCRDJ0</Computer>
<Security UserID="S-1-5-20"></Security>
</System>
<EventData><Data Name="ChannelName">Microsoft::Windows::RDS::Geometry::v08.01</Data>
<Data Name="TunnelID">1</Data>
</EventData>
</Event>

<Event xmlns="http://schemas.microsoft.com/win/2004/08/events/event"><System><Provider Name="Microsoft-Windows-RemoteDesktopServices-RdpCoreTS" Guid="{1139c61b-b549-4251-8ed3-27250a1edec8}"></Provider>
<EventID Qualifiers="">132</EventID>
<Version>0</Version>
<Level>4</Level>
<Task>4</Task>
<Opcode>15</Opcode>
<Keywords>0x4000000000000000</Keywords>
<TimeCreated SystemTime="2020-10-22 22:38:59.133492"></TimeCreated>
<EventRecordID>166</EventRecordID>
<Correlation ActivityID="{dd23fb11-600f-41d5-a566-60aad2340000}" RelatedActivityID=""></Correlation>
<Execution ProcessID="884" ThreadID="272"></Execution>
<Channel>Microsoft-Windows-RemoteDesktopServices-RdpCoreTS/Operational</Channel>
<Computer>WIN-PTFPHFCRDJ0</Computer>
<Security UserID="S-1-5-20"></Security>
</System>
<EventData><Data Name="ChannelName">rdpdr</Data>
<Data Name="TunnelID">1</Data>
</EventData>
</Event>

<Event xmlns="http://schemas.microsoft.com/win/2004/08/events/event"><System><Provider Name="Microsoft-Windows-RemoteDesktopServices-RdpCoreTS" Guid="{1139c61b-b549-4251-8ed3-27250a1edec8}"></Provider>
<EventID Qualifiers="">132</EventID>
<Version>0</Version>
<Level>4</Level>
<Task>4</Task>
<Opcode>15</Opcode>
<Keywords>0x4000000000000000</Keywords>
<TimeCreated SystemTime="2020-10-22 22:38:59.136299"></TimeCreated>
<EventRecordID>167</EventRecordID>
<Correlation ActivityID="{dd23fb11-600f-41d5-a566-60aad2340000}" RelatedActivityID=""></Correlation>
<Execution ProcessID="884" ThreadID="3176"></Execution>
<Channel>Microsoft-Windows-RemoteDesktopServices-RdpCoreTS/Operational</Channel>
<Computer>WIN-PTFPHFCRDJ0</Computer>
<Security UserID="S-1-5-20"></Security>
</System>
<EventData><Data Name="ChannelName">AUDIO_PLAYBACK_DVC</Data>
<Data Name="TunnelID">1</Data>
</EventData>
</Event>

