<Event xmlns="http://schemas.microsoft.com/win/2004/08/events/event"><System><Provider Name="Microsoft-Windows-Shell-Core" Guid="{30336ed4-e327-447c-9de0-51b652c86108}"></Provider>
<EventID Qualifiers="">62171</EventID>
<Version>0</Version>
<Level>4</Level>
<Task>62170</Task>
<Opcode>2</Opcode>
<Keywords>0x2001000200000000</Keywords>
<TimeCreated SystemTime="2020-10-27 02:08:40.011517"></TimeCreated>
<EventRecordID>921</EventRecordID>
<Correlation ActivityID="" RelatedActivityID=""></Correlation>
<Execution ProcessID="1252" ThreadID="1556"></Execution>
<Channel>Microsoft-Windows-Shell-Core/Operational</Channel>
<Computer>WIN-PTFPHFCRDJ0</Computer>
<Security UserID="S-1-5-21-1152959844-3645458174-3779170896-1000"></Security>
</System>
<EventData><Data Name="LogonType">8</Data>
<Data Name="TaskName">UpdatePCSettingsPreStart</Data>
</EventData>
</Event>

<Event xmlns="http://schemas.microsoft.com/win/2004/08/events/event"><System><Provider Name="Microsoft-Windows-Shell-Core" Guid="{30336ed4-e327-447c-9de0-51b652c86108}"></Provider>
<EventID Qualifiers="">62170</EventID>
<Version>0</Version>
<Level>4</Level>
<Task>62170</Task>
<Opcode>1</Opcode>
<Keywords>0x2001000200000000</Keywords>
<TimeCreated SystemTime="2020-10-27 02:08:40.011517"></TimeCreated>
<EventRecordID>922</EventRecordID>
<Correlation ActivityID="" RelatedActivityID=""></Correlation>
<Execution ProcessID="1252" ThreadID="1556"></Execution>
<Channel>Microsoft-Windows-Shell-Core/Operational</Channel>
<Computer>WIN-PTFPHFCRDJ0</Computer>
<Security UserID="S-1-5-21-1152959844-3645458174-3779170896-1000"></Security>
</System>
<EventData><Data Name="LogonType">8</Data>
<Data Name="TaskName">EnterpriseProvisioning</Data>
</EventData>
</Event>

<Event xmlns="http://schemas.microsoft.com/win/2004/08/events/event"><System><Provider Name="Microsoft-Windows-Shell-Core" Guid="{30336ed4-e327-447c-9de0-51b652c86108}"></Provider>
<EventID Qualifiers="">62171</EventID>
<Version>0</Version>
<Level>4</Level>
<Task>62170</Task>
<Opcode>2</Opcode>
<Keywords>0x2001000200000000</Keywords>
<TimeCreated SystemTime="2020-10-27 02:08:40.011518"></TimeCreated>
<EventRecordID>923</EventRecordID>
<Correlation ActivityID="" RelatedActivityID=""></Correlation>
<Execution ProcessID="1252" ThreadID="1556"></Execution>
<Channel>Microsoft-Windows-Shell-Core/Operational</Channel>
<Computer>WIN-PTFPHFCRDJ0</Computer>
<Security UserID="S-1-5-21-1152959844-3645458174-3779170896-1000"></Security>
</System>
<EventData><Data Name="LogonType">8</Data>
<Data Name="TaskName">EnterpriseProvisioning</Data>
</EventData>
</Event>

<Event xmlns="http://schemas.microsoft.com/win/2004/08/events/event"><System><Provider Name="Microsoft-Windows-Shell-Core" Guid="{30336ed4-e327-447c-9de0-51b652c86108}"></Provider>
<EventID Qualifiers="">62170</EventID>
<Version>0</Version>
<Level>4</Level>
<Task>62170</Task>
<Opcode>1</Opcode>
<Keywords>0x2001000200000000</Keywords>
<TimeCreated SystemTime="2020-10-27 02:08:40.011518"></TimeCreated>
<EventRecordID>924</EventRecordID>
<Correlation ActivityID="" RelatedActivityID=""></Correlation>
<Execution ProcessID="1252" ThreadID="1556"></Execution>
<Channel>Microsoft-Windows-Shell-Core/Operational</Channel>
<Computer>WIN-PTFPHFCRDJ0</Computer>
<Security UserID="S-1-5-21-1152959844-3645458174-3779170896-1000"></Security>
</System>
<EventData><Data Name="LogonType">8</Data>
<Data Name="TaskName">PerUserSetup</Data>
</EventData>
</Event>

<Event xmlns="http://schemas.microsoft.com/win/2004/08/events/event"><System><Provider Name="Microsoft-Windows-Shell-Core" Guid="{30336ed4-e327-447c-9de0-51b652c86108}"></Provider>
<EventID Qualifiers="">62171</EventID>
<Version>0</Version>
<Level>4</Level>
<Task>62170</Task>
<Opcode>2</Opcode>
<Keywords>0x2001000200000000</Keywords>
<TimeCreated SystemTime="2020-10-27 02:08:40.470640"></TimeCreated>
<EventRecordID>925</EventRecordID>
<Correlation ActivityID="" RelatedActivityID=""></Correlation>
<Execution ProcessID="1252" ThreadID="1556"></Execution>
<Channel>Microsoft-Windows-Shell-Core/Operational</Channel>
<Computer>WIN-PTFPHFCRDJ0</Computer>
<Security UserID="S-1-5-21-1152959844-3645458174-3779170896-1000"></Security>
</System>
<EventData><Data Name="LogonType">8</Data>
<Data Name="TaskName">StartLayoutInit</Data>
</EventData>
</Event>

<Event xmlns="http://schemas.microsoft.com/win/2004/08/events/event"><System><Provider Name="Microsoft-Windows-Shell-Core" Guid="{30336ed4-e327-447c-9de0-51b652c86108}"></Provider>
<EventID Qualifiers="">28017</EventID>
<Version>0</Version>
<Level>4</Level>
<Task>28177</Task>
<Opcode>1</Opcode>
<Keywords>0x2000000000010000</Keywords>
<TimeCreated SystemTime="2020-10-27 02:08:50.029610"></TimeCreated>
<EventRecordID>926</EventRecordID>
<Correlation ActivityID="" RelatedActivityID=""></Correlation>
<Execution ProcessID="1252" ThreadID="3828"></Execution>
<Channel>Microsoft-Windows-Shell-Core/Operational</Channel>
<Computer>WIN-PTFPHFCRDJ0</Computer>
<Security UserID="S-1-5-21-1152959844-3645458174-3779170896-1000"></Security>
</System>
<EventData></EventData>
</Event>

<Event xmlns="http://schemas.microsoft.com/win/2004/08/events/event"><System><Provider Name="Microsoft-Windows-Shell-Core" Guid="{30336ed4-e327-447c-9de0-51b652c86108}"></Provider>
<EventID Qualifiers="">28018</EventID>
<Version>0</Version>
<Level>4</Level>
<Task>28177</Task>
<Opcode>2</Opcode>
<Keywords>0x2000000000010000</Keywords>
<TimeCreated SystemTime="2020-10-27 02:08:50.042038"></TimeCreated>
<EventRecordID>927</EventRecordID>
<Correlation ActivityID="" RelatedActivityID=""></Correlation>
<Execution ProcessID="1252" ThreadID="3828"></Execution>
<Channel>Microsoft-Windows-Shell-Core/Operational</Channel>
<Computer>WIN-PTFPHFCRDJ0</Computer>
<Security UserID="S-1-5-21-1152959844-3645458174-3779170896-1000"></Security>
</System>
<EventData></EventData>
</Event>

<Event xmlns="http://schemas.microsoft.com/win/2004/08/events/event"><System><Provider Name="Microsoft-Windows-Shell-Core" Guid="{30336ed4-e327-447c-9de0-51b652c86108}"></Provider>
<EventID Qualifiers="">62171</EventID>
<Version>0</Version>
<Level>4</Level>
<Task>62170</Task>
<Opcode>2</Opcode>
<Keywords>0x2001000200000000</Keywords>
<TimeCreated SystemTime="2020-10-27 02:08:54.315504"></TimeCreated>
<EventRecordID>928</EventRecordID>
<Correlation ActivityID="" RelatedActivityID=""></Correlation>
<Execution ProcessID="1252" ThreadID="1556"></Execution>
<Channel>Microsoft-Windows-Shell-Core/Operational</Channel>
<Computer>WIN-PTFPHFCRDJ0</Computer>
<Security UserID="S-1-5-21-1152959844-3645458174-3779170896-1000"></Security>
</System>
<EventData><Data Name="LogonType">8</Data>
<Data Name="TaskName">LaunchExperienceHost</Data>
</EventData>
</Event>

<Event xmlns="http://schemas.microsoft.com/win/2004/08/events/event"><System><Provider Name="Microsoft-Windows-Shell-Core" Guid="{30336ed4-e327-447c-9de0-51b652c86108}"></Provider>
<EventID Qualifiers="">62171</EventID>
<Version>0</Version>
<Level>4</Level>
<Task>62170</Task>
<Opcode>2</Opcode>
<Keywords>0x2001000200000000</Keywords>
<TimeCreated SystemTime="2020-10-27 02:08:54.315508"></TimeCreated>
<EventRecordID>929</EventRecordID>
<Correlation ActivityID="" RelatedActivityID=""></Correlation>
<Execution ProcessID="1252" ThreadID="1556"></Execution>
<Channel>Microsoft-Windows-Shell-Core/Operational</Channel>
<Computer>WIN-PTFPHFCRDJ0</Computer>
<Security UserID="S-1-5-21-1152959844-3645458174-3779170896-1000"></Security>
</System>
<EventData><Data Name="LogonType">8</Data>
<Data Name="TaskName">PerUserSetup</Data>
</EventData>
</Event>

<Event xmlns="http://schemas.microsoft.com/win/2004/08/events/event"><System><Provider Name="Microsoft-Windows-Shell-Core" Guid="{30336ed4-e327-447c-9de0-51b652c86108}"></Provider>
<EventID Qualifiers="">62171</EventID>
<Version>0</Version>
<Level>4</Level>
<Task>62170</Task>
<Opcode>2</Opcode>
<Keywords>0x2001000200000000</Keywords>
<TimeCreated SystemTime="2020-10-27 02:08:54.315510"></TimeCreated>
<EventRecordID>930</EventRecordID>
<Correlation ActivityID="" RelatedActivityID=""></Correlation>
<Execution ProcessID="1252" ThreadID="1556"></Execution>
<Channel>Microsoft-Windows-Shell-Core/Operational</Channel>
<Computer>WIN-PTFPHFCRDJ0</Computer>
<Security UserID="S-1-5-21-1152959844-3645458174-3779170896-1000"></Security>
</System>
<EventData><Data Name="LogonType">8</Data>
<Data Name="TaskName">PreStartTasks</Data>
</EventData>
</Event>

<Event xmlns="http://schemas.microsoft.com/win/2004/08/events/event"><System><Provider Name="Microsoft-Windows-Shell-Core" Guid="{30336ed4-e327-447c-9de0-51b652c86108}"></Provider>
<EventID Qualifiers="">62171</EventID>
<Version>0</Version>
<Level>4</Level>
<Task>62170</Task>
<Opcode>2</Opcode>
<Keywords>0x2001000200000000</Keywords>
<TimeCreated SystemTime="2020-10-27 02:08:54.325758"></TimeCreated>
<EventRecordID>931</EventRecordID>
<Correlation ActivityID="" RelatedActivityID=""></Correlation>
<Execution ProcessID="1252" ThreadID="1556"></Execution>
<Channel>Microsoft-Windows-Shell-Core/Operational</Channel>
<Computer>WIN-PTFPHFCRDJ0</Computer>
<Security UserID="S-1-5-21-1152959844-3645458174-3779170896-1000"></Security>
</System>
<EventData><Data Name="LogonType">8</Data>
<Data Name="TaskName">AllLogonTasks</Data>
</EventData>
</Event>

<Event xmlns="http://schemas.microsoft.com/win/2004/08/events/event"><System><Provider Name="Microsoft-Windows-Shell-Core" Guid="{30336ed4-e327-447c-9de0-51b652c86108}"></Provider>
<EventID Qualifiers="">62170</EventID>
<Version>0</Version>
<Level>4</Level>
<Task>62170</Task>
<Opcode>1</Opcode>
<Keywords>0x2001000200000000</Keywords>
<TimeCreated SystemTime="2020-10-27 02:08:54.326048"></TimeCreated>
<EventRecordID>932</EventRecordID>
<Correlation ActivityID="" RelatedActivityID=""></Correlation>
<Execution ProcessID="1252" ThreadID="1556"></Execution>
<Channel>Microsoft-Windows-Shell-Core/Operational</Channel>
<Computer>WIN-PTFPHFCRDJ0</Computer>
<Security UserID="S-1-5-21-1152959844-3645458174-3779170896-1000"></Security>
</System>
<EventData><Data Name="LogonType">8</Data>
<Data Name="TaskName">PostStartTasks</Data>
</EventData>
</Event>

<Event xmlns="http://schemas.microsoft.com/win/2004/08/events/event"><System><Provider Name="Microsoft-Windows-Shell-Core" Guid="{30336ed4-e327-447c-9de0-51b652c86108}"></Provider>
<EventID Qualifiers="">62170</EventID>
<Version>0</Version>
<Level>4</Level>
<Task>62170</Task>
<Opcode>1</Opcode>
<Keywords>0x2001000200000000</Keywords>
<TimeCreated SystemTime="2020-10-27 02:08:54.326130"></TimeCreated>
<EventRecordID>933</EventRecordID>
<Correlation ActivityID="" RelatedActivityID=""></Correlation>
<Execution ProcessID="1252" ThreadID="3828"></Execution>
<Channel>Microsoft-Windows-Shell-Core/Operational</Channel>
<Computer>WIN-PTFPHFCRDJ0</Computer>
<Security UserID="S-1-5-21-1152959844-3645458174-3779170896-1000"></Security>
</System>
<EventData><Data Name="LogonType">8</Data>
<Data Name="TaskName">PerUserSetupPostStart</Data>
</EventData>
</Event>

<Event xmlns="http://schemas.microsoft.com/win/2004/08/events/event"><System><Provider Name="Microsoft-Windows-Shell-Core" Guid="{30336ed4-e327-447c-9de0-51b652c86108}"></Provider>
<EventID Qualifiers="">62171</EventID>
<Version>0</Version>
<Level>4</Level>
<Task>62170</Task>
<Opcode>2</Opcode>
<Keywords>0x2001000200000000</Keywords>
<TimeCreated SystemTime="2020-10-27 02:08:54.326130"></TimeCreated>
<EventRecordID>934</EventRecordID>
<Correlation ActivityID="" RelatedActivityID=""></Correlation>
<Execution ProcessID="1252" ThreadID="3828"></Execution>
<Channel>Microsoft-Windows-Shell-Core/Operational</Channel>
<Computer>WIN-PTFPHFCRDJ0</Computer>
<Security UserID="S-1-5-21-1152959844-3645458174-3779170896-1000"></Security>
</System>
<EventData><Data Name="LogonType">8</Data>
<Data Name="TaskName">PerUserSetupPostStart</Data>
</EventData>
</Event>

<Event xmlns="http://schemas.microsoft.com/win/2004/08/events/event"><System><Provider Name="Microsoft-Windows-Shell-Core" Guid="{30336ed4-e327-447c-9de0-51b652c86108}"></Provider>
<EventID Qualifiers="">62170</EventID>
<Version>0</Version>
<Level>4</Level>
<Task>62170</Task>
<Opcode>1</Opcode>
<Keywords>0x2001000200000000</Keywords>
<TimeCreated SystemTime="2020-10-27 02:08:54.326149"></TimeCreated>
<EventRecordID>935</EventRecordID>
<Correlation ActivityID="" RelatedActivityID=""></Correlation>
<Execution ProcessID="1252" ThreadID="3828"></Execution>
<Channel>Microsoft-Windows-Shell-Core/Operational</Channel>
<Computer>WIN-PTFPHFCRDJ0</Computer>
<Security UserID="S-1-5-21-1152959844-3645458174-3779170896-1000"></Security>
</System>
<EventData><Data Name="LogonType">8</Data>
<Data Name="TaskName">LaunchExperienceHostPostStart</Data>
</EventData>
</Event>

<Event xmlns="http://schemas.microsoft.com/win/2004/08/events/event"><System><Provider Name="Microsoft-Windows-Shell-Core" Guid="{30336ed4-e327-447c-9de0-51b652c86108}"></Provider>
<EventID Qualifiers="">62171</EventID>
<Version>0</Version>
<Level>4</Level>
<Task>62170</Task>
<Opcode>2</Opcode>
<Keywords>0x2001000200000000</Keywords>
<TimeCreated SystemTime="2020-10-27 02:08:54.326151"></TimeCreated>
<EventRecordID>936</EventRecordID>
<Correlation ActivityID="" RelatedActivityID=""></Correlation>
<Execution ProcessID="1252" ThreadID="3828"></Execution>
<Channel>Microsoft-Windows-Shell-Core/Operational</Channel>
<Computer>WIN-PTFPHFCRDJ0</Computer>
<Security UserID="S-1-5-21-1152959844-3645458174-3779170896-1000"></Security>
</System>
<EventData><Data Name="LogonType">8</Data>
<Data Name="TaskName">LaunchExperienceHostPostStart</Data>
</EventData>
</Event>

<Event xmlns="http://schemas.microsoft.com/win/2004/08/events/event"><System><Provider Name="Microsoft-Windows-Shell-Core" Guid="{30336ed4-e327-447c-9de0-51b652c86108}"></Provider>
<EventID Qualifiers="">62170</EventID>
<Version>0</Version>
<Level>4</Level>
<Task>62170</Task>
<Opcode>1</Opcode>
<Keywords>0x2001000200000000</Keywords>
<TimeCreated SystemTime="2020-10-27 02:08:54.326160"></TimeCreated>
<EventRecordID>937</EventRecordID>
<Correlation ActivityID="" RelatedActivityID=""></Correlation>
<Execution ProcessID="1252" ThreadID="3828"></Execution>
<Channel>Microsoft-Windows-Shell-Core/Operational</Channel>
<Computer>WIN-PTFPHFCRDJ0</Computer>
<Security UserID="S-1-5-21-1152959844-3645458174-3779170896-1000"></Security>
</System>
<EventData><Data Name="LogonType">8</Data>
<Data Name="TaskName">LaunchPeopleExperiencePostStart</Data>
</EventData>
</Event>

<Event xmlns="http://schemas.microsoft.com/win/2004/08/events/event"><System><Provider Name="Microsoft-Windows-Shell-Core" Guid="{30336ed4-e327-447c-9de0-51b652c86108}"></Provider>
<EventID Qualifiers="">62171</EventID>
<Version>0</Version>
<Level>4</Level>
<Task>62170</Task>
<Opcode>2</Opcode>
<Keywords>0x2001000200000000</Keywords>
<TimeCreated SystemTime="2020-10-27 02:08:54.326216"></TimeCreated>
<EventRecordID>938</EventRecordID>
<Correlation ActivityID="" RelatedActivityID=""></Correlation>
<Execution ProcessID="1252" ThreadID="3828"></Execution>
<Channel>Microsoft-Windows-Shell-Core/Operational</Channel>
<Computer>WIN-PTFPHFCRDJ0</Computer>
<Security UserID="S-1-5-21-1152959844-3645458174-3779170896-1000"></Security>
</System>
<EventData><Data Name="LogonType">8</Data>
<Data Name="TaskName">LaunchPeopleExperiencePostStart</Data>
</EventData>
</Event>

<Event xmlns="http://schemas.microsoft.com/win/2004/08/events/event"><System><Provider Name="Microsoft-Windows-Shell-Core" Guid="{30336ed4-e327-447c-9de0-51b652c86108}"></Provider>
<EventID Qualifiers="">62170</EventID>
<Version>0</Version>
<Level>4</Level>
<Task>62170</Task>
<Opcode>1</Opcode>
<Keywords>0x2001000200000000</Keywords>
<TimeCreated SystemTime="2020-10-27 02:08:54.326229"></TimeCreated>
<EventRecordID>939</EventRecordID>
<Correlation ActivityID="" RelatedActivityID=""></Correlation>
<Execution ProcessID="1252" ThreadID="3828"></Execution>
<Channel>Microsoft-Windows-Shell-Core/Operational</Channel>
<Computer>WIN-PTFPHFCRDJ0</Computer>
<Security UserID="S-1-5-21-1152959844-3645458174-3779170896-1000"></Security>
</System>
<EventData><Data Name="LogonType">8</Data>
<Data Name="TaskName">LaunchLockAppHostPostStart</Data>
</EventData>
</Event>

<Event xmlns="http://schemas.microsoft.com/win/2004/08/events/event"><System><Provider Name="Microsoft-Windows-Shell-Core" Guid="{30336ed4-e327-447c-9de0-51b652c86108}"></Provider>
<EventID Qualifiers="">62171</EventID>
<Version>0</Version>
<Level>4</Level>
<Task>62170</Task>
<Opcode>2</Opcode>
<Keywords>0x2001000200000000</Keywords>
<TimeCreated SystemTime="2020-10-27 02:08:54.326233"></TimeCreated>
<EventRecordID>940</EventRecordID>
<Correlation ActivityID="" RelatedActivityID=""></Correlation>
<Execution ProcessID="1252" ThreadID="3828"></Execution>
<Channel>Microsoft-Windows-Shell-Core/Operational</Channel>
<Computer>WIN-PTFPHFCRDJ0</Computer>
<Security UserID="S-1-5-21-1152959844-3645458174-3779170896-1000"></Security>
</System>
<EventData><Data Name="LogonType">8</Data>
<Data Name="TaskName">LaunchLockAppHostPostStart</Data>
</EventData>
</Event>

<Event xmlns="http://schemas.microsoft.com/win/2004/08/events/event"><System><Provider Name="Microsoft-Windows-Shell-Core" Guid="{30336ed4-e327-447c-9de0-51b652c86108}"></Provider>
<EventID Qualifiers="">62170</EventID>
<Version>0</Version>
<Level>4</Level>
<Task>62170</Task>
<Opcode>1</Opcode>
<Keywords>0x2001000200000000</Keywords>
<TimeCreated SystemTime="2020-10-27 02:08:54.326242"></TimeCreated>
<EventRecordID>941</EventRecordID>
<Correlation ActivityID="" RelatedActivityID=""></Correlation>
<Execution ProcessID="1252" ThreadID="3828"></Execution>
<Channel>Microsoft-Windows-Shell-Core/Operational</Channel>
<Computer>WIN-PTFPHFCRDJ0</Computer>
<Security UserID="S-1-5-21-1152959844-3645458174-3779170896-1000"></Security>
</System>
<EventData><Data Name="LogonType">8</Data>
<Data Name="TaskName">LaunchInputDialListenerPostStart</Data>
</EventData>
</Event>

<Event xmlns="http://schemas.microsoft.com/win/2004/08/events/event"><System><Provider Name="Microsoft-Windows-Shell-Core" Guid="{30336ed4-e327-447c-9de0-51b652c86108}"></Provider>
<EventID Qualifiers="">62170</EventID>
<Version>0</Version>
<Level>4</Level>
<Task>62170</Task>
<Opcode>1</Opcode>
<Keywords>0x2001000200000000</Keywords>
<TimeCreated SystemTime="2020-10-27 02:08:54.326347"></TimeCreated>
<EventRecordID>942</EventRecordID>
<Correlation ActivityID="" RelatedActivityID=""></Correlation>
<Execution ProcessID="1252" ThreadID="1848"></Execution>
<Channel>Microsoft-Windows-Shell-Core/Operational</Channel>
<Computer>WIN-PTFPHFCRDJ0</Computer>
<Security UserID="S-1-5-21-1152959844-3645458174-3779170896-1000"></Security>
</System>
<EventData><Data Name="LogonType">8</Data>
<Data Name="TaskName">NotifyTrayStartIsReady</Data>
</EventData>
</Event>

<Event xmlns="http://schemas.microsoft.com/win/2004/08/events/event"><System><Provider Name="Microsoft-Windows-Shell-Core" Guid="{30336ed4-e327-447c-9de0-51b652c86108}"></Provider>
<EventID Qualifiers="">62171</EventID>
<Version>0</Version>
<Level>4</Level>
<Task>62170</Task>
<Opcode>2</Opcode>
<Keywords>0x2001000200000000</Keywords>
<TimeCreated SystemTime="2020-10-27 02:08:54.326374"></TimeCreated>
<EventRecordID>943</EventRecordID>
<Correlation ActivityID="" RelatedActivityID=""></Correlation>
<Execution ProcessID="1252" ThreadID="1848"></Execution>
<Channel>Microsoft-Windows-Shell-Core/Operational</Channel>
<Computer>WIN-PTFPHFCRDJ0</Computer>
<Security UserID="S-1-5-21-1152959844-3645458174-3779170896-1000"></Security>
</System>
<EventData><Data Name="LogonType">8</Data>
<Data Name="TaskName">NotifyTrayStartIsReady</Data>
</EventData>
</Event>

<Event xmlns="http://schemas.microsoft.com/win/2004/08/events/event"><System><Provider Name="Microsoft-Windows-Shell-Core" Guid="{30336ed4-e327-447c-9de0-51b652c86108}"></Provider>
<EventID Qualifiers="">62170</EventID>
<Version>0</Version>
<Level>4</Level>
<Task>62170</Task>
<Opcode>1</Opcode>
<Keywords>0x2001000200000000</Keywords>
<TimeCreated SystemTime="2020-10-27 02:08:54.327299"></TimeCreated>
<EventRecordID>944</EventRecordID>
<Correlation ActivityID="" RelatedActivityID=""></Correlation>
<Execution ProcessID="1252" ThreadID="1848"></Execution>
<Channel>Microsoft-Windows-Shell-Core/Operational</Channel>
<Computer>WIN-PTFPHFCRDJ0</Computer>
<Security UserID="S-1-5-21-1152959844-3645458174-3779170896-1000"></Security>
</System>
<EventData><Data Name="LogonType">8</Data>
<Data Name="TaskName">RoamingPayload3</Data>
</EventData>
</Event>

<Event xmlns="http://schemas.microsoft.com/win/2004/08/events/event"><System><Provider Name="Microsoft-Windows-Shell-Core" Guid="{30336ed4-e327-447c-9de0-51b652c86108}"></Provider>
<EventID Qualifiers="">62171</EventID>
<Version>0</Version>
<Level>4</Level>
<Task>62170</Task>
<Opcode>2</Opcode>
<Keywords>0x2001000200000000</Keywords>
<TimeCreated SystemTime="2020-10-27 02:08:54.327328"></TimeCreated>
<EventRecordID>945</EventRecordID>
<Correlation ActivityID="" RelatedActivityID=""></Correlation>
<Execution ProcessID="1252" ThreadID="1848"></Execution>
<Channel>Microsoft-Windows-Shell-Core/Operational</Channel>
<Computer>WIN-PTFPHFCRDJ0</Computer>
<Security UserID="S-1-5-21-1152959844-3645458174-3779170896-1000"></Security>
</System>
<EventData><Data Name="LogonType">8</Data>
<Data Name="TaskName">RoamingPayload3</Data>
</EventData>
</Event>

<Event xmlns="http://schemas.microsoft.com/win/2004/08/events/event"><System><Provider Name="Microsoft-Windows-Shell-Core" Guid="{30336ed4-e327-447c-9de0-51b652c86108}"></Provider>
<EventID Qualifiers="">62170</EventID>
<Version>0</Version>
<Level>4</Level>
<Task>62170</Task>
<Opcode>1</Opcode>
<Keywords>0x2001000200000000</Keywords>
<TimeCreated SystemTime="2020-10-27 02:08:54.327347"></TimeCreated>
<EventRecordID>946</EventRecordID>
<Correlation ActivityID="" RelatedActivityID=""></Correlation>
<Execution ProcessID="1252" ThreadID="1848"></Execution>
<Channel>Microsoft-Windows-Shell-Core/Operational</Channel>
<Computer>WIN-PTFPHFCRDJ0</Computer>
<Security UserID="S-1-5-21-1152959844-3645458174-3779170896-1000"></Security>
</System>
<EventData><Data Name="LogonType">8</Data>
<Data Name="TaskName">AppReadinessNotifyLogonComplete</Data>
</EventData>
</Event>

<Event xmlns="http://schemas.microsoft.com/win/2004/08/events/event"><System><Provider Name="Microsoft-Windows-Shell-Core" Guid="{30336ed4-e327-447c-9de0-51b652c86108}"></Provider>
<EventID Qualifiers="">62171</EventID>
<Version>0</Version>
<Level>4</Level>
<Task>62170</Task>
<Opcode>2</Opcode>
<Keywords>0x2001000200000000</Keywords>
<TimeCreated SystemTime="2020-10-27 02:08:54.327364"></TimeCreated>
<EventRecordID>947</EventRecordID>
<Correlation ActivityID="" RelatedActivityID=""></Correlation>
<Execution ProcessID="1252" ThreadID="1848"></Execution>
<Channel>Microsoft-Windows-Shell-Core/Operational</Channel>
<Computer>WIN-PTFPHFCRDJ0</Computer>
<Security UserID="S-1-5-21-1152959844-3645458174-3779170896-1000"></Security>
</System>
<EventData><Data Name="LogonType">8</Data>
<Data Name="TaskName">AppReadinessNotifyLogonComplete</Data>
</EventData>
</Event>

<Event xmlns="http://schemas.microsoft.com/win/2004/08/events/event"><System><Provider Name="Microsoft-Windows-Shell-Core" Guid="{30336ed4-e327-447c-9de0-51b652c86108}"></Provider>
<EventID Qualifiers="">62170</EventID>
<Version>0</Version>
<Level>4</Level>
<Task>62170</Task>
<Opcode>1</Opcode>
<Keywords>0x2001000200000000</Keywords>
<TimeCreated SystemTime="2020-10-27 02:08:54.327381"></TimeCreated>
<EventRecordID>948</EventRecordID>
<Correlation ActivityID="" RelatedActivityID=""></Correlation>
<Execution ProcessID="1252" ThreadID="1848"></Execution>
<Channel>Microsoft-Windows-Shell-Core/Operational</Channel>
<Computer>WIN-PTFPHFCRDJ0</Computer>
<Security UserID="S-1-5-21-1152959844-3645458174-3779170896-1000"></Security>
</System>
<EventData><Data Name="LogonType">8</Data>
<Data Name="TaskName">ARSFirstRunTelemetry</Data>
</EventData>
</Event>

<Event xmlns="http://schemas.microsoft.com/win/2004/08/events/event"><System><Provider Name="Microsoft-Windows-Shell-Core" Guid="{30336ed4-e327-447c-9de0-51b652c86108}"></Provider>
<EventID Qualifiers="">62170</EventID>
<Version>0</Version>
<Level>4</Level>
<Task>62170</Task>
<Opcode>1</Opcode>
<Keywords>0x2001000200000000</Keywords>
<TimeCreated SystemTime="2020-10-27 02:08:54.327665"></TimeCreated>
<EventRecordID>949</EventRecordID>
<Correlation ActivityID="" RelatedActivityID=""></Correlation>
<Execution ProcessID="1252" ThreadID="2448"></Execution>
<Channel>Microsoft-Windows-Shell-Core/Operational</Channel>
<Computer>WIN-PTFPHFCRDJ0</Computer>
<Security UserID="S-1-5-21-1152959844-3645458174-3779170896-1000"></Security>
</System>
<EventData><Data Name="LogonType">8</Data>
<Data Name="TaskName">OEMFirstRunTelemetry</Data>
</EventData>
</Event>

<Event xmlns="http://schemas.microsoft.com/win/2004/08/events/event"><System><Provider Name="Microsoft-Windows-Shell-Core" Guid="{30336ed4-e327-447c-9de0-51b652c86108}"></Provider>
<EventID Qualifiers="">62171</EventID>
<Version>0</Version>
<Level>4</Level>
<Task>62170</Task>
<Opcode>2</Opcode>
<Keywords>0x2001000200000000</Keywords>
<TimeCreated SystemTime="2020-10-27 02:08:54.327686"></TimeCreated>
<EventRecordID>950</EventRecordID>
<Correlation ActivityID="" RelatedActivityID=""></Correlation>
<Execution ProcessID="1252" ThreadID="2448"></Execution>
<Channel>Microsoft-Windows-Shell-Core/Operational</Channel>
<Computer>WIN-PTFPHFCRDJ0</Computer>
<Security UserID="S-1-5-21-1152959844-3645458174-3779170896-1000"></Security>
</System>
<EventData><Data Name="LogonType">8</Data>
<Data Name="TaskName">OEMFirstRunTelemetry</Data>
</EventData>
</Event>

<Event xmlns="http://schemas.microsoft.com/win/2004/08/events/event"><System><Provider Name="Microsoft-Windows-Shell-Core" Guid="{30336ed4-e327-447c-9de0-51b652c86108}"></Provider>
<EventID Qualifiers="">62171</EventID>
<Version>0</Version>
<Level>4</Level>
<Task>62170</Task>
<Opcode>2</Opcode>
<Keywords>0x2001000200000000</Keywords>
<TimeCreated SystemTime="2020-10-27 02:08:54.327757"></TimeCreated>
<EventRecordID>951</EventRecordID>
<Correlation ActivityID="" RelatedActivityID=""></Correlation>
<Execution ProcessID="1252" ThreadID="1556"></Execution>
<Channel>Microsoft-Windows-Shell-Core/Operational</Channel>
<Computer>WIN-PTFPHFCRDJ0</Computer>
<Security UserID="S-1-5-21-1152959844-3645458174-3779170896-1000"></Security>
</System>
<EventData><Data Name="LogonType">8</Data>
<Data Name="TaskName">PostStartTasks</Data>
</EventData>
</Event>

<Event xmlns="http://schemas.microsoft.com/win/2004/08/events/event"><System><Provider Name="Microsoft-Windows-Shell-Core" Guid="{30336ed4-e327-447c-9de0-51b652c86108}"></Provider>
<EventID Qualifiers="">62171</EventID>
<Version>0</Version>
<Level>4</Level>
<Task>62170</Task>
<Opcode>2</Opcode>
<Keywords>0x2001000200000000</Keywords>
<TimeCreated SystemTime="2020-10-27 02:08:54.355806"></TimeCreated>
<EventRecordID>952</EventRecordID>
<Correlation ActivityID="" RelatedActivityID=""></Correlation>
<Execution ProcessID="1252" ThreadID="3828"></Execution>
<Channel>Microsoft-Windows-Shell-Core/Operational</Channel>
<Computer>WIN-PTFPHFCRDJ0</Computer>
<Security UserID="S-1-5-21-1152959844-3645458174-3779170896-1000"></Security>
</System>
<EventData><Data Name="LogonType">8</Data>
<Data Name="TaskName">LaunchInputDialListenerPostStart</Data>
</EventData>
</Event>

<Event xmlns="http://schemas.microsoft.com/win/2004/08/events/event"><System><Provider Name="Microsoft-Windows-Shell-Core" Guid="{30336ed4-e327-447c-9de0-51b652c86108}"></Provider>
<EventID Qualifiers="">62171</EventID>
<Version>0</Version>
<Level>4</Level>
<Task>62170</Task>
<Opcode>2</Opcode>
<Keywords>0x2001000200000000</Keywords>
<TimeCreated SystemTime="2020-10-27 02:08:54.356308"></TimeCreated>
<EventRecordID>953</EventRecordID>
<Correlation ActivityID="" RelatedActivityID=""></Correlation>
<Execution ProcessID="1252" ThreadID="1848"></Execution>
<Channel>Microsoft-Windows-Shell-Core/Operational</Channel>
<Computer>WIN-PTFPHFCRDJ0</Computer>
<Security UserID="S-1-5-21-1152959844-3645458174-3779170896-1000"></Security>
</System>
<EventData><Data Name="LogonType">8</Data>
<Data Name="TaskName">ARSFirstRunTelemetry</Data>
</EventData>
</Event>

<Event xmlns="http://schemas.microsoft.com/win/2004/08/events/event"><System><Provider Name="Microsoft-Windows-Shell-Core" Guid="{30336ed4-e327-447c-9de0-51b652c86108}"></Provider>
<EventID Qualifiers="">9705</EventID>
<Version>0</Version>
<Level>4</Level>
<Task>9705</Task>
<Opcode>1</Opcode>
<Keywords>0x2000000004010000</Keywords>
<TimeCreated SystemTime="2020-10-27 02:09:07.816416"></TimeCreated>
<EventRecordID>954</EventRecordID>
<Correlation ActivityID="" RelatedActivityID=""></Correlation>
<Execution ProcessID="1252" ThreadID="3304"></Execution>
<Channel>Microsoft-Windows-Shell-Core/Operational</Channel>
<Computer>WIN-PTFPHFCRDJ0</Computer>
<Security UserID="S-1-5-21-1152959844-3645458174-3779170896-1000"></Security>
</System>
<EventData><Data Name="KeyName">Software\Microsoft\Windows\CurrentVersion\Run</Data>
</EventData>
</Event>

<Event xmlns="http://schemas.microsoft.com/win/2004/08/events/event"><System><Provider Name="Microsoft-Windows-Shell-Core" Guid="{30336ed4-e327-447c-9de0-51b652c86108}"></Provider>
<EventID Qualifiers="">9707</EventID>
<Version>0</Version>
<Level>4</Level>
<Task>9707</Task>
<Opcode>1</Opcode>
<Keywords>0x2000000004010000</Keywords>
<TimeCreated SystemTime="2020-10-27 02:09:07.830696"></TimeCreated>
<EventRecordID>955</EventRecordID>
<Correlation ActivityID="" RelatedActivityID=""></Correlation>
<Execution ProcessID="1252" ThreadID="3304"></Execution>
<Channel>Microsoft-Windows-Shell-Core/Operational</Channel>
<Computer>WIN-PTFPHFCRDJ0</Computer>
<Security UserID="S-1-5-21-1152959844-3645458174-3779170896-1000"></Security>
</System>
<EventData><Data Name="Command">SecurityHealthSystray.exe</Data>
</EventData>
</Event>

<Event xmlns="http://schemas.microsoft.com/win/2004/08/events/event"><System><Provider Name="Microsoft-Windows-Shell-Core" Guid="{30336ed4-e327-447c-9de0-51b652c86108}"></Provider>
<EventID Qualifiers="">9708</EventID>
<Version>0</Version>
<Level>4</Level>
<Task>9707</Task>
<Opcode>2</Opcode>
<Keywords>0x2000000004010000</Keywords>
<TimeCreated SystemTime="2020-10-27 02:09:10.517824"></TimeCreated>
<EventRecordID>956</EventRecordID>
<Correlation ActivityID="" RelatedActivityID=""></Correlation>
<Execution ProcessID="1252" ThreadID="3304"></Execution>
<Channel>Microsoft-Windows-Shell-Core/Operational</Channel>
<Computer>WIN-PTFPHFCRDJ0</Computer>
<Security UserID="S-1-5-21-1152959844-3645458174-3779170896-1000"></Security>
</System>
<EventData><Data Name="PID">1504</Data>
<Data Name="Command">SecurityHealthSystray.exe</Data>
</EventData>
</Event>

<Event xmlns="http://schemas.microsoft.com/win/2004/08/events/event"><System><Provider Name="Microsoft-Windows-Shell-Core" Guid="{30336ed4-e327-447c-9de0-51b652c86108}"></Provider>
<EventID Qualifiers="">9707</EventID>
<Version>0</Version>
<Level>4</Level>
<Task>9707</Task>
<Opcode>1</Opcode>
<Keywords>0x2000000004010000</Keywords>
<TimeCreated SystemTime="2020-10-27 02:09:10.518341"></TimeCreated>
<EventRecordID>957</EventRecordID>
<Correlation ActivityID="" RelatedActivityID=""></Correlation>
<Execution ProcessID="1252" ThreadID="3304"></Execution>
<Channel>Microsoft-Windows-Shell-Core/Operational</Channel>
<Computer>WIN-PTFPHFCRDJ0</Computer>
<Security UserID="S-1-5-21-1152959844-3645458174-3779170896-1000"></Security>
</System>
<EventData><Data Name="Command">vm3dservice.exe" -u</Data>
</EventData>
</Event>

<Event xmlns="http://schemas.microsoft.com/win/2004/08/events/event"><System><Provider Name="Microsoft-Windows-Shell-Core" Guid="{30336ed4-e327-447c-9de0-51b652c86108}"></Provider>
<EventID Qualifiers="">9708</EventID>
<Version>0</Version>
<Level>4</Level>
<Task>9707</Task>
<Opcode>2</Opcode>
<Keywords>0x2000000004010000</Keywords>
<TimeCreated SystemTime="2020-10-27 02:09:10.985220"></TimeCreated>
<EventRecordID>958</EventRecordID>
<Correlation ActivityID="" RelatedActivityID=""></Correlation>
<Execution ProcessID="1252" ThreadID="3304"></Execution>
<Channel>Microsoft-Windows-Shell-Core/Operational</Channel>
<Computer>WIN-PTFPHFCRDJ0</Computer>
<Security UserID="S-1-5-21-1152959844-3645458174-3779170896-1000"></Security>
</System>
<EventData><Data Name="PID">3112</Data>
<Data Name="Command">vm3dservice.exe" -u</Data>
</EventData>
</Event>

<Event xmlns="http://schemas.microsoft.com/win/2004/08/events/event"><System><Provider Name="Microsoft-Windows-Shell-Core" Guid="{30336ed4-e327-447c-9de0-51b652c86108}"></Provider>
<EventID Qualifiers="">9707</EventID>
<Version>0</Version>
<Level>4</Level>
<Task>9707</Task>
<Opcode>1</Opcode>
<Keywords>0x2000000004010000</Keywords>
<TimeCreated SystemTime="2020-10-27 02:09:10.985634"></TimeCreated>
<EventRecordID>959</EventRecordID>
<Correlation ActivityID="" RelatedActivityID=""></Correlation>
<Execution ProcessID="1252" ThreadID="3304"></Execution>
<Channel>Microsoft-Windows-Shell-Core/Operational</Channel>
<Computer>WIN-PTFPHFCRDJ0</Computer>
<Security UserID="S-1-5-21-1152959844-3645458174-3779170896-1000"></Security>
</System>
<EventData><Data Name="Command">vmtoolsd.exe" -n vmusr</Data>
</EventData>
</Event>

<Event xmlns="http://schemas.microsoft.com/win/2004/08/events/event"><System><Provider Name="Microsoft-Windows-Shell-Core" Guid="{30336ed4-e327-447c-9de0-51b652c86108}"></Provider>
<EventID Qualifiers="">9708</EventID>
<Version>0</Version>
<Level>4</Level>
<Task>9707</Task>
<Opcode>2</Opcode>
<Keywords>0x2000000004010000</Keywords>
<TimeCreated SystemTime="2020-10-27 02:09:11.455318"></TimeCreated>
<EventRecordID>960</EventRecordID>
<Correlation ActivityID="" RelatedActivityID=""></Correlation>
<Execution ProcessID="1252" ThreadID="3304"></Execution>
<Channel>Microsoft-Windows-Shell-Core/Operational</Channel>
<Computer>WIN-PTFPHFCRDJ0</Computer>
<Security UserID="S-1-5-21-1152959844-3645458174-3779170896-1000"></Security>
</System>
<EventData><Data Name="PID">3528</Data>
<Data Name="Command">vmtoolsd.exe" -n vmusr</Data>
</EventData>
</Event>

<Event xmlns="http://schemas.microsoft.com/win/2004/08/events/event"><System><Provider Name="Microsoft-Windows-Shell-Core" Guid="{30336ed4-e327-447c-9de0-51b652c86108}"></Provider>
<EventID Qualifiers="">9706</EventID>
<Version>0</Version>
<Level>4</Level>
<Task>9705</Task>
<Opcode>2</Opcode>
<Keywords>0x2000000004010000</Keywords>
<TimeCreated SystemTime="2020-10-27 02:09:11.455406"></TimeCreated>
<EventRecordID>961</EventRecordID>
<Correlation ActivityID="" RelatedActivityID=""></Correlation>
<Execution ProcessID="1252" ThreadID="3304"></Execution>
<Channel>Microsoft-Windows-Shell-Core/Operational</Channel>
<Computer>WIN-PTFPHFCRDJ0</Computer>
<Security UserID="S-1-5-21-1152959844-3645458174-3779170896-1000"></Security>
</System>
<EventData><Data Name="KeyName">Software\Microsoft\Windows\CurrentVersion\Run</Data>
</EventData>
</Event>

<Event xmlns="http://schemas.microsoft.com/win/2004/08/events/event"><System><Provider Name="Microsoft-Windows-Shell-Core" Guid="{30336ed4-e327-447c-9de0-51b652c86108}"></Provider>
<EventID Qualifiers="">9705</EventID>
<Version>0</Version>
<Level>4</Level>
<Task>9705</Task>
<Opcode>1</Opcode>
<Keywords>0x2000000004010000</Keywords>
<TimeCreated SystemTime="2020-10-27 02:09:11.455439"></TimeCreated>
<EventRecordID>962</EventRecordID>
<Correlation ActivityID="" RelatedActivityID=""></Correlation>
<Execution ProcessID="1252" ThreadID="3304"></Execution>
<Channel>Microsoft-Windows-Shell-Core/Operational</Channel>
<Computer>WIN-PTFPHFCRDJ0</Computer>
<Security UserID="S-1-5-21-1152959844-3645458174-3779170896-1000"></Security>
</System>
<EventData><Data Name="KeyName">Software\Microsoft\Windows\CurrentVersion\Run</Data>
</EventData>
</Event>

<Event xmlns="http://schemas.microsoft.com/win/2004/08/events/event"><System><Provider Name="Microsoft-Windows-Shell-Core" Guid="{30336ed4-e327-447c-9de0-51b652c86108}"></Provider>
<EventID Qualifiers="">9706</EventID>
<Version>0</Version>
<Level>4</Level>
<Task>9705</Task>
<Opcode>2</Opcode>
<Keywords>0x2000000004010000</Keywords>
<TimeCreated SystemTime="2020-10-27 02:09:11.455444"></TimeCreated>
<EventRecordID>963</EventRecordID>
<Correlation ActivityID="" RelatedActivityID=""></Correlation>
<Execution ProcessID="1252" ThreadID="3304"></Execution>
<Channel>Microsoft-Windows-Shell-Core/Operational</Channel>
<Computer>WIN-PTFPHFCRDJ0</Computer>
<Security UserID="S-1-5-21-1152959844-3645458174-3779170896-1000"></Security>
</System>
<EventData><Data Name="KeyName">Software\Microsoft\Windows\CurrentVersion\Run</Data>
</EventData>
</Event>

</Events>
