<Event xmlns="http://schemas.microsoft.com/win/2004/08/events/event"><System><Provider Name="Microsoft-Windows-Store" Guid="{9c2a37f3-e5fd-5cae-bcd1-43dafeee1ff0}"></Provider>
<EventID Qualifiers="">8002</EventID>
<Version>0</Version>
<Level>3</Level>
<Task>8001</Task>
<Opcode>13</Opcode>
<Keywords>0x8000100000000000</Keywords>
<TimeCreated SystemTime="2020-10-24 22:02:34.714813"></TimeCreated>
<EventRecordID>865</EventRecordID>
<Correlation ActivityID="" RelatedActivityID=""></Correlation>
<Execution ProcessID="1300" ThreadID="3808"></Execution>
<Channel>Microsoft-Windows-Store/Operational</Channel>
<Computer>WIN-PTFPHFCRDJ0</Computer>
<Security UserID="S-1-5-21-1152959844-3645458174-3779170896-1000"></Security>
</System>
<EventData><Data Name="Message">hr: 0x80070490</Data>
<Data Name="Function">CreateOfflineLicenseInstance</Data>
<Data Name="Source">onecoreuap\enduser\winstore\licensemanager\lib\licenseinstance.cpp</Data>
<Data Name="Line Number">594</Data>
</EventData>
</Event>

<Event xmlns="http://schemas.microsoft.com/win/2004/08/events/event"><System><Provider Name="Microsoft-Windows-Store" Guid="{9c2a37f3-e5fd-5cae-bcd1-43dafeee1ff0}"></Provider>
<EventID Qualifiers="">8001</EventID>
<Version>0</Version>
<Level>4</Level>
<Task>8001</Task>
<Opcode>14</Opcode>
<Keywords>0x8000100000000000</Keywords>
<TimeCreated SystemTime="2020-10-24 22:02:34.714832"></TimeCreated>
<EventRecordID>866</EventRecordID>
<Correlation ActivityID="" RelatedActivityID=""></Correlation>
<Execution ProcessID="1300" ThreadID="3808"></Execution>
<Channel>Microsoft-Windows-Store/Operational</Channel>
<Computer>WIN-PTFPHFCRDJ0</Computer>
<Security UserID="S-1-5-21-1152959844-3645458174-3779170896-1000"></Security>
</System>
<EventData><Data Name="Message">onecoreuap\enduser\winstore\licensemanager\lib\licenseinstance.cpp(594)\LicenseManager.dll!00007FF8A7D5CB1F: Exception(74) tid(ee0) 80070490 Element not found.
    [CreateOfflineLicenseInstance]
</Data>
<Data Name="Function">CreateOfflineLicenseInstance</Data>
<Data Name="Source">onecoreuap\enduser\winstore\licensemanager\lib\licenseinstance.cpp</Data>
<Data Name="Line Number">612</Data>
</EventData>
</Event>

<Event xmlns="http://schemas.microsoft.com/win/2004/08/events/event"><System><Provider Name="Microsoft-Windows-Store" Guid="{9c2a37f3-e5fd-5cae-bcd1-43dafeee1ff0}"></Provider>
<EventID Qualifiers="">8001</EventID>
<Version>0</Version>
<Level>4</Level>
<Task>8001</Task>
<Opcode>14</Opcode>
<Keywords>0x8000100000000000</Keywords>
<TimeCreated SystemTime="2020-10-24 22:02:34.714834"></TimeCreated>
<EventRecordID>867</EventRecordID>
<Correlation ActivityID="" RelatedActivityID=""></Correlation>
<Execution ProcessID="1300" ThreadID="3808"></Execution>
<Channel>Microsoft-Windows-Store/Operational</Channel>
<Computer>WIN-PTFPHFCRDJ0</Computer>
<Security UserID="S-1-5-21-1152959844-3645458174-3779170896-1000"></Security>
</System>
<EventData><Data Name="Message">Licensing 128874fc-0ebf-6258-9d41-f100c0c600fe (Offline)</Data>
<Data Name="Function">LicenseManager::GetOfflineLicenseForContentWithId</Data>
<Data Name="Source">onecoreuap\enduser\winstore\licensemanager\lib\manager.cpp</Data>
<Data Name="Line Number">156</Data>
</EventData>
</Event>

<Event xmlns="http://schemas.microsoft.com/win/2004/08/events/event"><System><Provider Name="Microsoft-Windows-Store" Guid="{9c2a37f3-e5fd-5cae-bcd1-43dafeee1ff0}"></Provider>
<EventID Qualifiers="">8001</EventID>
<Version>0</Version>
<Level>4</Level>
<Task>8001</Task>
<Opcode>14</Opcode>
<Keywords>0x8000100000000000</Keywords>
<TimeCreated SystemTime="2020-10-24 22:02:34.715017"></TimeCreated>
<EventRecordID>868</EventRecordID>
<Correlation ActivityID="" RelatedActivityID=""></Correlation>
<Execution ProcessID="1300" ThreadID="3808"></Execution>
<Channel>Microsoft-Windows-Store/Operational</Channel>
<Computer>WIN-PTFPHFCRDJ0</Computer>
<Security UserID="S-1-5-21-1152959844-3645458174-3779170896-1000"></Security>
</System>
<EventData><Data Name="Message">No key document found for contentid 128874fc-0ebf-6258-9d41-f100c0c600fe</Data>
<Data Name="Function">ClipStorage::GetKeyDocumentForContentWithIdAndMinQuality</Data>
<Data Name="Source">onecoreuap\enduser\winstore\licensemanager\lib\clipstorage.cpp</Data>
<Data Name="Line Number">269</Data>
</EventData>
</Event>

<Event xmlns="http://schemas.microsoft.com/win/2004/08/events/event"><System><Provider Name="Microsoft-Windows-Store" Guid="{9c2a37f3-e5fd-5cae-bcd1-43dafeee1ff0}"></Provider>
<EventID Qualifiers="">8002</EventID>
<Version>0</Version>
<Level>3</Level>
<Task>8001</Task>
<Opcode>13</Opcode>
<Keywords>0x8000100000000000</Keywords>
<TimeCreated SystemTime="2020-10-24 22:02:34.715143"></TimeCreated>
<EventRecordID>869</EventRecordID>
<Correlation ActivityID="" RelatedActivityID=""></Correlation>
<Execution ProcessID="1300" ThreadID="3808"></Execution>
<Channel>Microsoft-Windows-Store/Operational</Channel>
<Computer>WIN-PTFPHFCRDJ0</Computer>
<Security UserID="S-1-5-21-1152959844-3645458174-3779170896-1000"></Security>
</System>
<EventData><Data Name="Message">hr: 0x80070490</Data>
<Data Name="Function">CreateOfflineLicenseInstance</Data>
<Data Name="Source">onecoreuap\enduser\winstore\licensemanager\lib\licenseinstance.cpp</Data>
<Data Name="Line Number">594</Data>
</EventData>
</Event>

<Event xmlns="http://schemas.microsoft.com/win/2004/08/events/event"><System><Provider Name="Microsoft-Windows-Store" Guid="{9c2a37f3-e5fd-5cae-bcd1-43dafeee1ff0}"></Provider>
<EventID Qualifiers="">8001</EventID>
<Version>0</Version>
<Level>4</Level>
<Task>8001</Task>
<Opcode>14</Opcode>
<Keywords>0x8000100000000000</Keywords>
<TimeCreated SystemTime="2020-10-24 22:02:34.715160"></TimeCreated>
<EventRecordID>870</EventRecordID>
<Correlation ActivityID="" RelatedActivityID=""></Correlation>
<Execution ProcessID="1300" ThreadID="3808"></Execution>
<Channel>Microsoft-Windows-Store/Operational</Channel>
<Computer>WIN-PTFPHFCRDJ0</Computer>
<Security UserID="S-1-5-21-1152959844-3645458174-3779170896-1000"></Security>
</System>
<EventData><Data Name="Message">onecoreuap\enduser\winstore\licensemanager\lib\licenseinstance.cpp(594)\LicenseManager.dll!00007FF8A7D5CB1F: Exception(75) tid(ee0) 80070490 Element not found.
    [CreateOfflineLicenseInstance]
</Data>
<Data Name="Function">CreateOfflineLicenseInstance</Data>
<Data Name="Source">onecoreuap\enduser\winstore\licensemanager\lib\licenseinstance.cpp</Data>
<Data Name="Line Number">612</Data>
</EventData>
</Event>

<Event xmlns="http://schemas.microsoft.com/win/2004/08/events/event"><System><Provider Name="Microsoft-Windows-Store" Guid="{9c2a37f3-e5fd-5cae-bcd1-43dafeee1ff0}"></Provider>
<EventID Qualifiers="">8001</EventID>
<Version>0</Version>
<Level>4</Level>
<Task>8001</Task>
<Opcode>14</Opcode>
<Keywords>0x8000100000000000</Keywords>
<TimeCreated SystemTime="2020-10-24 22:02:34.715164"></TimeCreated>
<EventRecordID>871</EventRecordID>
<Correlation ActivityID="" RelatedActivityID=""></Correlation>
<Execution ProcessID="1300" ThreadID="3808"></Execution>
<Channel>Microsoft-Windows-Store/Operational</Channel>
<Computer>WIN-PTFPHFCRDJ0</Computer>
<Security UserID="S-1-5-21-1152959844-3645458174-3779170896-1000"></Security>
</System>
<EventData><Data Name="Message">Licensing 81029baa-e685-0a7d-5f7c-36a4dae21f30 (Offline)</Data>
<Data Name="Function">LicenseManager::GetOfflineLicenseForContentWithId</Data>
<Data Name="Source">onecoreuap\enduser\winstore\licensemanager\lib\manager.cpp</Data>
<Data Name="Line Number">156</Data>
</EventData>
</Event>

<Event xmlns="http://schemas.microsoft.com/win/2004/08/events/event"><System><Provider Name="Microsoft-Windows-Store" Guid="{9c2a37f3-e5fd-5cae-bcd1-43dafeee1ff0}"></Provider>
<EventID Qualifiers="">8001</EventID>
<Version>0</Version>
<Level>4</Level>
<Task>8001</Task>
<Opcode>14</Opcode>
<Keywords>0x8000100000000000</Keywords>
<TimeCreated SystemTime="2020-10-24 22:02:34.715416"></TimeCreated>
<EventRecordID>872</EventRecordID>
<Correlation ActivityID="" RelatedActivityID=""></Correlation>
<Execution ProcessID="1300" ThreadID="3808"></Execution>
<Channel>Microsoft-Windows-Store/Operational</Channel>
<Computer>WIN-PTFPHFCRDJ0</Computer>
<Security UserID="S-1-5-21-1152959844-3645458174-3779170896-1000"></Security>
</System>
<EventData><Data Name="Message">No key document found for contentid 81029baa-e685-0a7d-5f7c-36a4dae21f30</Data>
<Data Name="Function">ClipStorage::GetKeyDocumentForContentWithIdAndMinQuality</Data>
<Data Name="Source">onecoreuap\enduser\winstore\licensemanager\lib\clipstorage.cpp</Data>
<Data Name="Line Number">269</Data>
</EventData>
</Event>

<Event xmlns="http://schemas.microsoft.com/win/2004/08/events/event"><System><Provider Name="Microsoft-Windows-Store" Guid="{9c2a37f3-e5fd-5cae-bcd1-43dafeee1ff0}"></Provider>
<EventID Qualifiers="">8002</EventID>
<Version>0</Version>
<Level>3</Level>
<Task>8001</Task>
<Opcode>13</Opcode>
<Keywords>0x8000100000000000</Keywords>
<TimeCreated SystemTime="2020-10-24 22:02:34.715490"></TimeCreated>
<EventRecordID>873</EventRecordID>
<Correlation ActivityID="" RelatedActivityID=""></Correlation>
<Execution ProcessID="1300" ThreadID="3808"></Execution>
<Channel>Microsoft-Windows-Store/Operational</Channel>
<Computer>WIN-PTFPHFCRDJ0</Computer>
<Security UserID="S-1-5-21-1152959844-3645458174-3779170896-1000"></Security>
</System>
<EventData><Data Name="Message">hr: 0x80070490</Data>
<Data Name="Function">CreateOfflineLicenseInstance</Data>
<Data Name="Source">onecoreuap\enduser\winstore\licensemanager\lib\licenseinstance.cpp</Data>
<Data Name="Line Number">594</Data>
</EventData>
</Event>

<Event xmlns="http://schemas.microsoft.com/win/2004/08/events/event"><System><Provider Name="Microsoft-Windows-Store" Guid="{9c2a37f3-e5fd-5cae-bcd1-43dafeee1ff0}"></Provider>
<EventID Qualifiers="">8001</EventID>
<Version>0</Version>
<Level>4</Level>
<Task>8001</Task>
<Opcode>14</Opcode>
<Keywords>0x8000100000000000</Keywords>
<TimeCreated SystemTime="2020-10-24 22:02:34.715509"></TimeCreated>
<EventRecordID>874</EventRecordID>
<Correlation ActivityID="" RelatedActivityID=""></Correlation>
<Execution ProcessID="1300" ThreadID="3808"></Execution>
<Channel>Microsoft-Windows-Store/Operational</Channel>
<Computer>WIN-PTFPHFCRDJ0</Computer>
<Security UserID="S-1-5-21-1152959844-3645458174-3779170896-1000"></Security>
</System>
<EventData><Data Name="Message">onecoreuap\enduser\winstore\licensemanager\lib\licenseinstance.cpp(594)\LicenseManager.dll!00007FF8A7D5CB1F: Exception(76) tid(ee0) 80070490 Element not found.
    [CreateOfflineLicenseInstance]
</Data>
<Data Name="Function">CreateOfflineLicenseInstance</Data>
<Data Name="Source">onecoreuap\enduser\winstore\licensemanager\lib\licenseinstance.cpp</Data>
<Data Name="Line Number">612</Data>
</EventData>
</Event>

<Event xmlns="http://schemas.microsoft.com/win/2004/08/events/event"><System><Provider Name="Microsoft-Windows-Store" Guid="{9c2a37f3-e5fd-5cae-bcd1-43dafeee1ff0}"></Provider>
<EventID Qualifiers="">8001</EventID>
<Version>0</Version>
<Level>4</Level>
<Task>8001</Task>
<Opcode>14</Opcode>
<Keywords>0x8000100000000000</Keywords>
<TimeCreated SystemTime="2020-10-24 22:02:34.715511"></TimeCreated>
<EventRecordID>875</EventRecordID>
<Correlation ActivityID="" RelatedActivityID=""></Correlation>
<Execution ProcessID="1300" ThreadID="3808"></Execution>
<Channel>Microsoft-Windows-Store/Operational</Channel>
<Computer>WIN-PTFPHFCRDJ0</Computer>
<Security UserID="S-1-5-21-1152959844-3645458174-3779170896-1000"></Security>
</System>
<EventData><Data Name="Message">Licensing 9d106119-62e0-c891-01bd-8f306d8d405d (Offline)</Data>
<Data Name="Function">LicenseManager::GetOfflineLicenseForContentWithId</Data>
<Data Name="Source">onecoreuap\enduser\winstore\licensemanager\lib\manager.cpp</Data>
<Data Name="Line Number">156</Data>
</EventData>
</Event>

<Event xmlns="http://schemas.microsoft.com/win/2004/08/events/event"><System><Provider Name="Microsoft-Windows-Store" Guid="{9c2a37f3-e5fd-5cae-bcd1-43dafeee1ff0}"></Provider>
<EventID Qualifiers="">8001</EventID>
<Version>0</Version>
<Level>4</Level>
<Task>8001</Task>
<Opcode>14</Opcode>
<Keywords>0x8000100000000000</Keywords>
<TimeCreated SystemTime="2020-10-24 22:02:34.715696"></TimeCreated>
<EventRecordID>876</EventRecordID>
<Correlation ActivityID="" RelatedActivityID=""></Correlation>
<Execution ProcessID="1300" ThreadID="3808"></Execution>
<Channel>Microsoft-Windows-Store/Operational</Channel>
<Computer>WIN-PTFPHFCRDJ0</Computer>
<Security UserID="S-1-5-21-1152959844-3645458174-3779170896-1000"></Security>
</System>
<EventData><Data Name="Message">No key document found for contentid 9d106119-62e0-c891-01bd-8f306d8d405d</Data>
<Data Name="Function">ClipStorage::GetKeyDocumentForContentWithIdAndMinQuality</Data>
<Data Name="Source">onecoreuap\enduser\winstore\licensemanager\lib\clipstorage.cpp</Data>
<Data Name="Line Number">269</Data>
</EventData>
</Event>

<Event xmlns="http://schemas.microsoft.com/win/2004/08/events/event"><System><Provider Name="Microsoft-Windows-Store" Guid="{9c2a37f3-e5fd-5cae-bcd1-43dafeee1ff0}"></Provider>
<EventID Qualifiers="">8002</EventID>
<Version>0</Version>
<Level>3</Level>
<Task>8001</Task>
<Opcode>13</Opcode>
<Keywords>0x8000100000000000</Keywords>
<TimeCreated SystemTime="2020-10-24 22:02:34.715773"></TimeCreated>
<EventRecordID>877</EventRecordID>
<Correlation ActivityID="" RelatedActivityID=""></Correlation>
<Execution ProcessID="1300" ThreadID="3808"></Execution>
<Channel>Microsoft-Windows-Store/Operational</Channel>
<Computer>WIN-PTFPHFCRDJ0</Computer>
<Security UserID="S-1-5-21-1152959844-3645458174-3779170896-1000"></Security>
</System>
<EventData><Data Name="Message">hr: 0x80070490</Data>
<Data Name="Function">CreateOfflineLicenseInstance</Data>
<Data Name="Source">onecoreuap\enduser\winstore\licensemanager\lib\licenseinstance.cpp</Data>
<Data Name="Line Number">594</Data>
</EventData>
</Event>

<Event xmlns="http://schemas.microsoft.com/win/2004/08/events/event"><System><Provider Name="Microsoft-Windows-Store" Guid="{9c2a37f3-e5fd-5cae-bcd1-43dafeee1ff0}"></Provider>
<EventID Qualifiers="">8001</EventID>
<Version>0</Version>
<Level>4</Level>
<Task>8001</Task>
<Opcode>14</Opcode>
<Keywords>0x8000100000000000</Keywords>
<TimeCreated SystemTime="2020-10-24 22:02:34.715790"></TimeCreated>
<EventRecordID>878</EventRecordID>
<Correlation ActivityID="" RelatedActivityID=""></Correlation>
<Execution ProcessID="1300" ThreadID="3808"></Execution>
<Channel>Microsoft-Windows-Store/Operational</Channel>
<Computer>WIN-PTFPHFCRDJ0</Computer>
<Security UserID="S-1-5-21-1152959844-3645458174-3779170896-1000"></Security>
</System>
<EventData><Data Name="Message">onecoreuap\enduser\winstore\licensemanager\lib\licenseinstance.cpp(594)\LicenseManager.dll!00007FF8A7D5CB1F: Exception(77) tid(ee0) 80070490 Element not found.
    [CreateOfflineLicenseInstance]
</Data>
<Data Name="Function">CreateOfflineLicenseInstance</Data>
<Data Name="Source">onecoreuap\enduser\winstore\licensemanager\lib\licenseinstance.cpp</Data>
<Data Name="Line Number">612</Data>
</EventData>
</Event>

<Event xmlns="http://schemas.microsoft.com/win/2004/08/events/event"><System><Provider Name="Microsoft-Windows-Store" Guid="{9c2a37f3-e5fd-5cae-bcd1-43dafeee1ff0}"></Provider>
<EventID Qualifiers="">8001</EventID>
<Version>0</Version>
<Level>4</Level>
<Task>8001</Task>
<Opcode>14</Opcode>
<Keywords>0x8000100000000000</Keywords>
<TimeCreated SystemTime="2020-10-24 22:02:34.715792"></TimeCreated>
<EventRecordID>879</EventRecordID>
<Correlation ActivityID="" RelatedActivityID=""></Correlation>
<Execution ProcessID="1300" ThreadID="3808"></Execution>
<Channel>Microsoft-Windows-Store/Operational</Channel>
<Computer>WIN-PTFPHFCRDJ0</Computer>
<Security UserID="S-1-5-21-1152959844-3645458174-3779170896-1000"></Security>
</System>
<EventData><Data Name="Message">Licensing b04f1406-d574-aba5-6e54-d770a87dbef7 (Offline)</Data>
<Data Name="Function">LicenseManager::GetOfflineLicenseForContentWithId</Data>
<Data Name="Source">onecoreuap\enduser\winstore\licensemanager\lib\manager.cpp</Data>
<Data Name="Line Number">156</Data>
</EventData>
</Event>

<Event xmlns="http://schemas.microsoft.com/win/2004/08/events/event"><System><Provider Name="Microsoft-Windows-Store" Guid="{9c2a37f3-e5fd-5cae-bcd1-43dafeee1ff0}"></Provider>
<EventID Qualifiers="">8001</EventID>
<Version>0</Version>
<Level>4</Level>
<Task>8001</Task>
<Opcode>14</Opcode>
<Keywords>0x8000100000000000</Keywords>
<TimeCreated SystemTime="2020-10-24 22:02:34.715973"></TimeCreated>
<EventRecordID>880</EventRecordID>
<Correlation ActivityID="" RelatedActivityID=""></Correlation>
<Execution ProcessID="1300" ThreadID="3808"></Execution>
<Channel>Microsoft-Windows-Store/Operational</Channel>
<Computer>WIN-PTFPHFCRDJ0</Computer>
<Security UserID="S-1-5-21-1152959844-3645458174-3779170896-1000"></Security>
</System>
<EventData><Data Name="Message">No key document found for contentid b04f1406-d574-aba5-6e54-d770a87dbef7</Data>
<Data Name="Function">ClipStorage::GetKeyDocumentForContentWithIdAndMinQuality</Data>
<Data Name="Source">onecoreuap\enduser\winstore\licensemanager\lib\clipstorage.cpp</Data>
<Data Name="Line Number">269</Data>
</EventData>
</Event>

<Event xmlns="http://schemas.microsoft.com/win/2004/08/events/event"><System><Provider Name="Microsoft-Windows-Store" Guid="{9c2a37f3-e5fd-5cae-bcd1-43dafeee1ff0}"></Provider>
<EventID Qualifiers="">8002</EventID>
<Version>0</Version>
<Level>3</Level>
<Task>8001</Task>
<Opcode>13</Opcode>
<Keywords>0x8000100000000000</Keywords>
<TimeCreated SystemTime="2020-10-24 22:02:34.716049"></TimeCreated>
<EventRecordID>881</EventRecordID>
<Correlation ActivityID="" RelatedActivityID=""></Correlation>
<Execution ProcessID="1300" ThreadID="3808"></Execution>
<Channel>Microsoft-Windows-Store/Operational</Channel>
<Computer>WIN-PTFPHFCRDJ0</Computer>
<Security UserID="S-1-5-21-1152959844-3645458174-3779170896-1000"></Security>
</System>
<EventData><Data Name="Message">hr: 0x80070490</Data>
<Data Name="Function">CreateOfflineLicenseInstance</Data>
<Data Name="Source">onecoreuap\enduser\winstore\licensemanager\lib\licenseinstance.cpp</Data>
<Data Name="Line Number">594</Data>
</EventData>
</Event>

<Event xmlns="http://schemas.microsoft.com/win/2004/08/events/event"><System><Provider Name="Microsoft-Windows-Store" Guid="{9c2a37f3-e5fd-5cae-bcd1-43dafeee1ff0}"></Provider>
<EventID Qualifiers="">8001</EventID>
<Version>0</Version>
<Level>4</Level>
<Task>8001</Task>
<Opcode>14</Opcode>
<Keywords>0x8000100000000000</Keywords>
<TimeCreated SystemTime="2020-10-24 22:02:34.716066"></TimeCreated>
<EventRecordID>882</EventRecordID>
<Correlation ActivityID="" RelatedActivityID=""></Correlation>
<Execution ProcessID="1300" ThreadID="3808"></Execution>
<Channel>Microsoft-Windows-Store/Operational</Channel>
<Computer>WIN-PTFPHFCRDJ0</Computer>
<Security UserID="S-1-5-21-1152959844-3645458174-3779170896-1000"></Security>
</System>
<EventData><Data Name="Message">onecoreuap\enduser\winstore\licensemanager\lib\licenseinstance.cpp(594)\LicenseManager.dll!00007FF8A7D5CB1F: Exception(78) tid(ee0) 80070490 Element not found.
    [CreateOfflineLicenseInstance]
</Data>
<Data Name="Function">CreateOfflineLicenseInstance</Data>
<Data Name="Source">onecoreuap\enduser\winstore\licensemanager\lib\licenseinstance.cpp</Data>
<Data Name="Line Number">612</Data>
</EventData>
</Event>

<Event xmlns="http://schemas.microsoft.com/win/2004/08/events/event"><System><Provider Name="Microsoft-Windows-Store" Guid="{9c2a37f3-e5fd-5cae-bcd1-43dafeee1ff0}"></Provider>
<EventID Qualifiers="">8001</EventID>
<Version>0</Version>
<Level>4</Level>
<Task>8001</Task>
<Opcode>14</Opcode>
<Keywords>0x8000100000000000</Keywords>
<TimeCreated SystemTime="2020-10-24 22:02:34.716068"></TimeCreated>
<EventRecordID>883</EventRecordID>
<Correlation ActivityID="" RelatedActivityID=""></Correlation>
<Execution ProcessID="1300" ThreadID="3808"></Execution>
<Channel>Microsoft-Windows-Store/Operational</Channel>
<Computer>WIN-PTFPHFCRDJ0</Computer>
<Security UserID="S-1-5-21-1152959844-3645458174-3779170896-1000"></Security>
</System>
<EventData><Data Name="Message">Licensing 8abdf55f-a700-e9ac-d3b2-43592ddb0910 (Offline)</Data>
<Data Name="Function">LicenseManager::GetOfflineLicenseForContentWithId</Data>
<Data Name="Source">onecoreuap\enduser\winstore\licensemanager\lib\manager.cpp</Data>
<Data Name="Line Number">156</Data>
</EventData>
</Event>

<Event xmlns="http://schemas.microsoft.com/win/2004/08/events/event"><System><Provider Name="Microsoft-Windows-Store" Guid="{9c2a37f3-e5fd-5cae-bcd1-43dafeee1ff0}"></Provider>
<EventID Qualifiers="">8001</EventID>
<Version>0</Version>
<Level>4</Level>
<Task>8001</Task>
<Opcode>14</Opcode>
<Keywords>0x8000100000000000</Keywords>
<TimeCreated SystemTime="2020-10-24 22:02:34.716276"></TimeCreated>
<EventRecordID>884</EventRecordID>
<Correlation ActivityID="" RelatedActivityID=""></Correlation>
<Execution ProcessID="1300" ThreadID="3808"></Execution>
<Channel>Microsoft-Windows-Store/Operational</Channel>
<Computer>WIN-PTFPHFCRDJ0</Computer>
<Security UserID="S-1-5-21-1152959844-3645458174-3779170896-1000"></Security>
</System>
<EventData><Data Name="Message">No key document found for contentid 8abdf55f-a700-e9ac-d3b2-43592ddb0910</Data>
<Data Name="Function">ClipStorage::GetKeyDocumentForContentWithIdAndMinQuality</Data>
<Data Name="Source">onecoreuap\enduser\winstore\licensemanager\lib\clipstorage.cpp</Data>
<Data Name="Line Number">269</Data>
</EventData>
</Event>

<Event xmlns="http://schemas.microsoft.com/win/2004/08/events/event"><System><Provider Name="Microsoft-Windows-Store" Guid="{9c2a37f3-e5fd-5cae-bcd1-43dafeee1ff0}"></Provider>
<EventID Qualifiers="">8002</EventID>
<Version>0</Version>
<Level>3</Level>
<Task>8001</Task>
<Opcode>13</Opcode>
<Keywords>0x8000100000000000</Keywords>
<TimeCreated SystemTime="2020-10-24 22:02:34.716351"></TimeCreated>
<EventRecordID>885</EventRecordID>
<Correlation ActivityID="" RelatedActivityID=""></Correlation>
<Execution ProcessID="1300" ThreadID="3808"></Execution>
<Channel>Microsoft-Windows-Store/Operational</Channel>
<Computer>WIN-PTFPHFCRDJ0</Computer>
<Security UserID="S-1-5-21-1152959844-3645458174-3779170896-1000"></Security>
</System>
<EventData><Data Name="Message">hr: 0x80070490</Data>
<Data Name="Function">CreateOfflineLicenseInstance</Data>
<Data Name="Source">onecoreuap\enduser\winstore\licensemanager\lib\licenseinstance.cpp</Data>
<Data Name="Line Number">594</Data>
</EventData>
</Event>

<Event xmlns="http://schemas.microsoft.com/win/2004/08/events/event"><System><Provider Name="Microsoft-Windows-Store" Guid="{9c2a37f3-e5fd-5cae-bcd1-43dafeee1ff0}"></Provider>
<EventID Qualifiers="">8001</EventID>
<Version>0</Version>
<Level>4</Level>
<Task>8001</Task>
<Opcode>14</Opcode>
<Keywords>0x8000100000000000</Keywords>
<TimeCreated SystemTime="2020-10-24 22:02:34.716370"></TimeCreated>
<EventRecordID>886</EventRecordID>
<Correlation ActivityID="" RelatedActivityID=""></Correlation>
<Execution ProcessID="1300" ThreadID="3808"></Execution>
<Channel>Microsoft-Windows-Store/Operational</Channel>
<Computer>WIN-PTFPHFCRDJ0</Computer>
<Security UserID="S-1-5-21-1152959844-3645458174-3779170896-1000"></Security>
</System>
<EventData><Data Name="Message">onecoreuap\enduser\winstore\licensemanager\lib\licenseinstance.cpp(594)\LicenseManager.dll!00007FF8A7D5CB1F: Exception(79) tid(ee0) 80070490 Element not found.
    [CreateOfflineLicenseInstance]
</Data>
<Data Name="Function">CreateOfflineLicenseInstance</Data>
<Data Name="Source">onecoreuap\enduser\winstore\licensemanager\lib\licenseinstance.cpp</Data>
<Data Name="Line Number">612</Data>
</EventData>
</Event>

<Event xmlns="http://schemas.microsoft.com/win/2004/08/events/event"><System><Provider Name="Microsoft-Windows-Store" Guid="{9c2a37f3-e5fd-5cae-bcd1-43dafeee1ff0}"></Provider>
<EventID Qualifiers="">8001</EventID>
<Version>0</Version>
<Level>4</Level>
<Task>8001</Task>
<Opcode>14</Opcode>
<Keywords>0x8000100000000000</Keywords>
<TimeCreated SystemTime="2020-10-24 22:02:34.716372"></TimeCreated>
<EventRecordID>887</EventRecordID>
<Correlation ActivityID="" RelatedActivityID=""></Correlation>
<Execution ProcessID="1300" ThreadID="3808"></Execution>
<Channel>Microsoft-Windows-Store/Operational</Channel>
<Computer>WIN-PTFPHFCRDJ0</Computer>
<Security UserID="S-1-5-21-1152959844-3645458174-3779170896-1000"></Security>
</System>
<EventData><Data Name="Message">Licensing cf7e20df-e8d4-dccf-3595-f07abc2c177c (Offline)</Data>
<Data Name="Function">LicenseManager::GetOfflineLicenseForContentWithId</Data>
<Data Name="Source">onecoreuap\enduser\winstore\licensemanager\lib\manager.cpp</Data>
<Data Name="Line Number">156</Data>
</EventData>
</Event>

<Event xmlns="http://schemas.microsoft.com/win/2004/08/events/event"><System><Provider Name="Microsoft-Windows-Store" Guid="{9c2a37f3-e5fd-5cae-bcd1-43dafeee1ff0}"></Provider>
<EventID Qualifiers="">8001</EventID>
<Version>0</Version>
<Level>4</Level>
<Task>8001</Task>
<Opcode>14</Opcode>
<Keywords>0x8000100000000000</Keywords>
<TimeCreated SystemTime="2020-10-24 22:02:34.716555"></TimeCreated>
<EventRecordID>888</EventRecordID>
<Correlation ActivityID="" RelatedActivityID=""></Correlation>
<Execution ProcessID="1300" ThreadID="3808"></Execution>
<Channel>Microsoft-Windows-Store/Operational</Channel>
<Computer>WIN-PTFPHFCRDJ0</Computer>
<Security UserID="S-1-5-21-1152959844-3645458174-3779170896-1000"></Security>
</System>
<EventData><Data Name="Message">No key document found for contentid cf7e20df-e8d4-dccf-3595-f07abc2c177c</Data>
<Data Name="Function">ClipStorage::GetKeyDocumentForContentWithIdAndMinQuality</Data>
<Data Name="Source">onecoreuap\enduser\winstore\licensemanager\lib\clipstorage.cpp</Data>
<Data Name="Line Number">269</Data>
</EventData>
</Event>

<Event xmlns="http://schemas.microsoft.com/win/2004/08/events/event"><System><Provider Name="Microsoft-Windows-Store" Guid="{9c2a37f3-e5fd-5cae-bcd1-43dafeee1ff0}"></Provider>
<EventID Qualifiers="">8002</EventID>
<Version>0</Version>
<Level>3</Level>
<Task>8001</Task>
<Opcode>13</Opcode>
<Keywords>0x8000100000000000</Keywords>
<TimeCreated SystemTime="2020-10-24 22:02:34.716629"></TimeCreated>
<EventRecordID>889</EventRecordID>
<Correlation ActivityID="" RelatedActivityID=""></Correlation>
<Execution ProcessID="1300" ThreadID="3808"></Execution>
<Channel>Microsoft-Windows-Store/Operational</Channel>
<Computer>WIN-PTFPHFCRDJ0</Computer>
<Security UserID="S-1-5-21-1152959844-3645458174-3779170896-1000"></Security>
</System>
<EventData><Data Name="Message">hr: 0x80070490</Data>
<Data Name="Function">CreateOfflineLicenseInstance</Data>
<Data Name="Source">onecoreuap\enduser\winstore\licensemanager\lib\licenseinstance.cpp</Data>
<Data Name="Line Number">594</Data>
</EventData>
</Event>

<Event xmlns="http://schemas.microsoft.com/win/2004/08/events/event"><System><Provider Name="Microsoft-Windows-Store" Guid="{9c2a37f3-e5fd-5cae-bcd1-43dafeee1ff0}"></Provider>
<EventID Qualifiers="">8001</EventID>
<Version>0</Version>
<Level>4</Level>
<Task>8001</Task>
<Opcode>14</Opcode>
<Keywords>0x8000100000000000</Keywords>
<TimeCreated SystemTime="2020-10-24 22:02:34.716646"></TimeCreated>
<EventRecordID>890</EventRecordID>
<Correlation ActivityID="" RelatedActivityID=""></Correlation>
<Execution ProcessID="1300" ThreadID="3808"></Execution>
<Channel>Microsoft-Windows-Store/Operational</Channel>
<Computer>WIN-PTFPHFCRDJ0</Computer>
<Security UserID="S-1-5-21-1152959844-3645458174-3779170896-1000"></Security>
</System>
<EventData><Data Name="Message">onecoreuap\enduser\winstore\licensemanager\lib\licenseinstance.cpp(594)\LicenseManager.dll!00007FF8A7D5CB1F: Exception(80) tid(ee0) 80070490 Element not found.
    [CreateOfflineLicenseInstance]
</Data>
<Data Name="Function">CreateOfflineLicenseInstance</Data>
<Data Name="Source">onecoreuap\enduser\winstore\licensemanager\lib\licenseinstance.cpp</Data>
<Data Name="Line Number">612</Data>
</EventData>
</Event>

<Event xmlns="http://schemas.microsoft.com/win/2004/08/events/event"><System><Provider Name="Microsoft-Windows-Store" Guid="{9c2a37f3-e5fd-5cae-bcd1-43dafeee1ff0}"></Provider>
<EventID Qualifiers="">8001</EventID>
<Version>0</Version>
<Level>4</Level>
<Task>8001</Task>
<Opcode>14</Opcode>
<Keywords>0x8000100000000000</Keywords>
<TimeCreated SystemTime="2020-10-24 22:02:34.716648"></TimeCreated>
<EventRecordID>891</EventRecordID>
<Correlation ActivityID="" RelatedActivityID=""></Correlation>
<Execution ProcessID="1300" ThreadID="3808"></Execution>
<Channel>Microsoft-Windows-Store/Operational</Channel>
<Computer>WIN-PTFPHFCRDJ0</Computer>
<Security UserID="S-1-5-21-1152959844-3645458174-3779170896-1000"></Security>
</System>
<EventData><Data Name="Message">Licensing badf0b7f-bd0b-3ce1-ef4a-7b34bc46c6e8 (Offline)</Data>
<Data Name="Function">LicenseManager::GetOfflineLicenseForContentWithId</Data>
<Data Name="Source">onecoreuap\enduser\winstore\licensemanager\lib\manager.cpp</Data>
<Data Name="Line Number">156</Data>
</EventData>
</Event>

<Event xmlns="http://schemas.microsoft.com/win/2004/08/events/event"><System><Provider Name="Microsoft-Windows-Store" Guid="{9c2a37f3-e5fd-5cae-bcd1-43dafeee1ff0}"></Provider>
<EventID Qualifiers="">8001</EventID>
<Version>0</Version>
<Level>4</Level>
<Task>8001</Task>
<Opcode>14</Opcode>
<Keywords>0x8000100000000000</Keywords>
<TimeCreated SystemTime="2020-10-24 22:02:34.716831"></TimeCreated>
<EventRecordID>892</EventRecordID>
<Correlation ActivityID="" RelatedActivityID=""></Correlation>
<Execution ProcessID="1300" ThreadID="3808"></Execution>
<Channel>Microsoft-Windows-Store/Operational</Channel>
<Computer>WIN-PTFPHFCRDJ0</Computer>
<Security UserID="S-1-5-21-1152959844-3645458174-3779170896-1000"></Security>
</System>
<EventData><Data Name="Message">No key document found for contentid badf0b7f-bd0b-3ce1-ef4a-7b34bc46c6e8</Data>
<Data Name="Function">ClipStorage::GetKeyDocumentForContentWithIdAndMinQuality</Data>
<Data Name="Source">onecoreuap\enduser\winstore\licensemanager\lib\clipstorage.cpp</Data>
<Data Name="Line Number">269</Data>
</EventData>
</Event>

<Event xmlns="http://schemas.microsoft.com/win/2004/08/events/event"><System><Provider Name="Microsoft-Windows-Store" Guid="{9c2a37f3-e5fd-5cae-bcd1-43dafeee1ff0}"></Provider>
<EventID Qualifiers="">8002</EventID>
<Version>0</Version>
<Level>3</Level>
<Task>8001</Task>
<Opcode>13</Opcode>
<Keywords>0x8000100000000000</Keywords>
<TimeCreated SystemTime="2020-10-24 22:02:34.716908"></TimeCreated>
<EventRecordID>893</EventRecordID>
<Correlation ActivityID="" RelatedActivityID=""></Correlation>
<Execution ProcessID="1300" ThreadID="3808"></Execution>
<Channel>Microsoft-Windows-Store/Operational</Channel>
<Computer>WIN-PTFPHFCRDJ0</Computer>
<Security UserID="S-1-5-21-1152959844-3645458174-3779170896-1000"></Security>
</System>
<EventData><Data Name="Message">hr: 0x80070490</Data>
<Data Name="Function">CreateOfflineLicenseInstance</Data>
<Data Name="Source">onecoreuap\enduser\winstore\licensemanager\lib\licenseinstance.cpp</Data>
<Data Name="Line Number">594</Data>
</EventData>
</Event>

<Event xmlns="http://schemas.microsoft.com/win/2004/08/events/event"><System><Provider Name="Microsoft-Windows-Store" Guid="{9c2a37f3-e5fd-5cae-bcd1-43dafeee1ff0}"></Provider>
<EventID Qualifiers="">8001</EventID>
<Version>0</Version>
<Level>4</Level>
<Task>8001</Task>
<Opcode>14</Opcode>
<Keywords>0x8000100000000000</Keywords>
<TimeCreated SystemTime="2020-10-24 22:02:34.716925"></TimeCreated>
<EventRecordID>894</EventRecordID>
<Correlation ActivityID="" RelatedActivityID=""></Correlation>
<Execution ProcessID="1300" ThreadID="3808"></Execution>
<Channel>Microsoft-Windows-Store/Operational</Channel>
<Computer>WIN-PTFPHFCRDJ0</Computer>
<Security UserID="S-1-5-21-1152959844-3645458174-3779170896-1000"></Security>
</System>
<EventData><Data Name="Message">onecoreuap\enduser\winstore\licensemanager\lib\licenseinstance.cpp(594)\LicenseManager.dll!00007FF8A7D5CB1F: Exception(81) tid(ee0) 80070490 Element not found.
    [CreateOfflineLicenseInstance]
</Data>
<Data Name="Function">CreateOfflineLicenseInstance</Data>
<Data Name="Source">onecoreuap\enduser\winstore\licensemanager\lib\licenseinstance.cpp</Data>
<Data Name="Line Number">612</Data>
</EventData>
</Event>

<Event xmlns="http://schemas.microsoft.com/win/2004/08/events/event"><System><Provider Name="Microsoft-Windows-Store" Guid="{9c2a37f3-e5fd-5cae-bcd1-43dafeee1ff0}"></Provider>
<EventID Qualifiers="">8001</EventID>
<Version>0</Version>
<Level>4</Level>
<Task>8001</Task>
<Opcode>14</Opcode>
<Keywords>0x8000100000000000</Keywords>
<TimeCreated SystemTime="2020-10-24 22:02:34.716927"></TimeCreated>
<EventRecordID>895</EventRecordID>
<Correlation ActivityID="" RelatedActivityID=""></Correlation>
<Execution ProcessID="1300" ThreadID="3808"></Execution>
<Channel>Microsoft-Windows-Store/Operational</Channel>
<Computer>WIN-PTFPHFCRDJ0</Computer>
<Security UserID="S-1-5-21-1152959844-3645458174-3779170896-1000"></Security>
</System>
<EventData><Data Name="Message">Licensing a2bcdce1-b8bf-a1f5-b17c-89b805979b34 (Offline)</Data>
<Data Name="Function">LicenseManager::GetOfflineLicenseForContentWithId</Data>
<Data Name="Source">onecoreuap\enduser\winstore\licensemanager\lib\manager.cpp</Data>
<Data Name="Line Number">156</Data>
</EventData>
</Event>

<Event xmlns="http://schemas.microsoft.com/win/2004/08/events/event"><System><Provider Name="Microsoft-Windows-Store" Guid="{9c2a37f3-e5fd-5cae-bcd1-43dafeee1ff0}"></Provider>
<EventID Qualifiers="">8001</EventID>
<Version>0</Version>
<Level>4</Level>
<Task>8001</Task>
<Opcode>14</Opcode>
<Keywords>0x8000100000000000</Keywords>
<TimeCreated SystemTime="2020-10-24 22:02:34.717127"></TimeCreated>
<EventRecordID>896</EventRecordID>
<Correlation ActivityID="" RelatedActivityID=""></Correlation>
<Execution ProcessID="1300" ThreadID="3808"></Execution>
<Channel>Microsoft-Windows-Store/Operational</Channel>
<Computer>WIN-PTFPHFCRDJ0</Computer>
<Security UserID="S-1-5-21-1152959844-3645458174-3779170896-1000"></Security>
</System>
<EventData><Data Name="Message">No key document found for contentid a2bcdce1-b8bf-a1f5-b17c-89b805979b34</Data>
<Data Name="Function">ClipStorage::GetKeyDocumentForContentWithIdAndMinQuality</Data>
<Data Name="Source">onecoreuap\enduser\winstore\licensemanager\lib\clipstorage.cpp</Data>
<Data Name="Line Number">269</Data>
</EventData>
</Event>

<Event xmlns="http://schemas.microsoft.com/win/2004/08/events/event"><System><Provider Name="Microsoft-Windows-Store" Guid="{9c2a37f3-e5fd-5cae-bcd1-43dafeee1ff0}"></Provider>
<EventID Qualifiers="">8002</EventID>
<Version>0</Version>
<Level>3</Level>
<Task>8001</Task>
<Opcode>13</Opcode>
<Keywords>0x8000100000000000</Keywords>
<TimeCreated SystemTime="2020-10-24 22:02:34.717285"></TimeCreated>
<EventRecordID>897</EventRecordID>
<Correlation ActivityID="" RelatedActivityID=""></Correlation>
<Execution ProcessID="1300" ThreadID="3808"></Execution>
<Channel>Microsoft-Windows-Store/Operational</Channel>
<Computer>WIN-PTFPHFCRDJ0</Computer>
<Security UserID="S-1-5-21-1152959844-3645458174-3779170896-1000"></Security>
</System>
<EventData><Data Name="Message">hr: 0x80070490</Data>
<Data Name="Function">CreateOfflineLicenseInstance</Data>
<Data Name="Source">onecoreuap\enduser\winstore\licensemanager\lib\licenseinstance.cpp</Data>
<Data Name="Line Number">594</Data>
</EventData>
</Event>

<Event xmlns="http://schemas.microsoft.com/win/2004/08/events/event"><System><Provider Name="Microsoft-Windows-Store" Guid="{9c2a37f3-e5fd-5cae-bcd1-43dafeee1ff0}"></Provider>
<EventID Qualifiers="">8001</EventID>
<Version>0</Version>
<Level>4</Level>
<Task>8001</Task>
<Opcode>14</Opcode>
<Keywords>0x8000100000000000</Keywords>
<TimeCreated SystemTime="2020-10-24 22:02:34.717304"></TimeCreated>
<EventRecordID>898</EventRecordID>
<Correlation ActivityID="" RelatedActivityID=""></Correlation>
<Execution ProcessID="1300" ThreadID="3808"></Execution>
<Channel>Microsoft-Windows-Store/Operational</Channel>
<Computer>WIN-PTFPHFCRDJ0</Computer>
<Security UserID="S-1-5-21-1152959844-3645458174-3779170896-1000"></Security>
</System>
<EventData><Data Name="Message">onecoreuap\enduser\winstore\licensemanager\lib\licenseinstance.cpp(594)\LicenseManager.dll!00007FF8A7D5CB1F: Exception(82) tid(ee0) 80070490 Element not found.
    [CreateOfflineLicenseInstance]
</Data>
<Data Name="Function">CreateOfflineLicenseInstance</Data>
<Data Name="Source">onecoreuap\enduser\winstore\licensemanager\lib\licenseinstance.cpp</Data>
<Data Name="Line Number">612</Data>
</EventData>
</Event>

<Event xmlns="http://schemas.microsoft.com/win/2004/08/events/event"><System><Provider Name="Microsoft-Windows-Store" Guid="{9c2a37f3-e5fd-5cae-bcd1-43dafeee1ff0}"></Provider>
<EventID Qualifiers="">8001</EventID>
<Version>0</Version>
<Level>4</Level>
<Task>8001</Task>
<Opcode>14</Opcode>
<Keywords>0x8000100000000000</Keywords>
<TimeCreated SystemTime="2020-10-24 22:02:34.717304"></TimeCreated>
<EventRecordID>899</EventRecordID>
<Correlation ActivityID="" RelatedActivityID=""></Correlation>
<Execution ProcessID="1300" ThreadID="3808"></Execution>
<Channel>Microsoft-Windows-Store/Operational</Channel>
<Computer>WIN-PTFPHFCRDJ0</Computer>
<Security UserID="S-1-5-21-1152959844-3645458174-3779170896-1000"></Security>
</System>
<EventData><Data Name="Message">Licensing 7853f0c6-3baa-7514-7e07-2402ebe6780a (Offline)</Data>
<Data Name="Function">LicenseManager::GetOfflineLicenseForContentWithId</Data>
<Data Name="Source">onecoreuap\enduser\winstore\licensemanager\lib\manager.cpp</Data>
<Data Name="Line Number">156</Data>
</EventData>
</Event>

<Event xmlns="http://schemas.microsoft.com/win/2004/08/events/event"><System><Provider Name="Microsoft-Windows-Store" Guid="{9c2a37f3-e5fd-5cae-bcd1-43dafeee1ff0}"></Provider>
<EventID Qualifiers="">8001</EventID>
<Version>0</Version>
<Level>4</Level>
<Task>8001</Task>
<Opcode>14</Opcode>
<Keywords>0x8000100000000000</Keywords>
<TimeCreated SystemTime="2020-10-24 22:02:34.717493"></TimeCreated>
<EventRecordID>900</EventRecordID>
<Correlation ActivityID="" RelatedActivityID=""></Correlation>
<Execution ProcessID="1300" ThreadID="3808"></Execution>
<Channel>Microsoft-Windows-Store/Operational</Channel>
<Computer>WIN-PTFPHFCRDJ0</Computer>
<Security UserID="S-1-5-21-1152959844-3645458174-3779170896-1000"></Security>
</System>
<EventData><Data Name="Message">No key document found for contentid 7853f0c6-3baa-7514-7e07-2402ebe6780a</Data>
<Data Name="Function">ClipStorage::GetKeyDocumentForContentWithIdAndMinQuality</Data>
<Data Name="Source">onecoreuap\enduser\winstore\licensemanager\lib\clipstorage.cpp</Data>
<Data Name="Line Number">269</Data>
</EventData>
</Event>

<Event xmlns="http://schemas.microsoft.com/win/2004/08/events/event"><System><Provider Name="Microsoft-Windows-Store" Guid="{9c2a37f3-e5fd-5cae-bcd1-43dafeee1ff0}"></Provider>
<EventID Qualifiers="">8002</EventID>
<Version>0</Version>
<Level>3</Level>
<Task>8001</Task>
<Opcode>13</Opcode>
<Keywords>0x8000100000000000</Keywords>
<TimeCreated SystemTime="2020-10-24 22:02:34.717567"></TimeCreated>
<EventRecordID>901</EventRecordID>
<Correlation ActivityID="" RelatedActivityID=""></Correlation>
<Execution ProcessID="1300" ThreadID="3808"></Execution>
<Channel>Microsoft-Windows-Store/Operational</Channel>
<Computer>WIN-PTFPHFCRDJ0</Computer>
<Security UserID="S-1-5-21-1152959844-3645458174-3779170896-1000"></Security>
</System>
<EventData><Data Name="Message">hr: 0x80070490</Data>
<Data Name="Function">CreateOfflineLicenseInstance</Data>
<Data Name="Source">onecoreuap\enduser\winstore\licensemanager\lib\licenseinstance.cpp</Data>
<Data Name="Line Number">594</Data>
</EventData>
</Event>

<Event xmlns="http://schemas.microsoft.com/win/2004/08/events/event"><System><Provider Name="Microsoft-Windows-Store" Guid="{9c2a37f3-e5fd-5cae-bcd1-43dafeee1ff0}"></Provider>
<EventID Qualifiers="">8001</EventID>
<Version>0</Version>
<Level>4</Level>
<Task>8001</Task>
<Opcode>14</Opcode>
<Keywords>0x8000100000000000</Keywords>
<TimeCreated SystemTime="2020-10-24 22:02:34.717585"></TimeCreated>
<EventRecordID>902</EventRecordID>
<Correlation ActivityID="" RelatedActivityID=""></Correlation>
<Execution ProcessID="1300" ThreadID="3808"></Execution>
<Channel>Microsoft-Windows-Store/Operational</Channel>
<Computer>WIN-PTFPHFCRDJ0</Computer>
<Security UserID="S-1-5-21-1152959844-3645458174-3779170896-1000"></Security>
</System>
<EventData><Data Name="Message">onecoreuap\enduser\winstore\licensemanager\lib\licenseinstance.cpp(594)\LicenseManager.dll!00007FF8A7D5CB1F: Exception(83) tid(ee0) 80070490 Element not found.
    [CreateOfflineLicenseInstance]
</Data>
<Data Name="Function">CreateOfflineLicenseInstance</Data>
<Data Name="Source">onecoreuap\enduser\winstore\licensemanager\lib\licenseinstance.cpp</Data>
<Data Name="Line Number">612</Data>
</EventData>
</Event>

<Event xmlns="http://schemas.microsoft.com/win/2004/08/events/event"><System><Provider Name="Microsoft-Windows-Store" Guid="{9c2a37f3-e5fd-5cae-bcd1-43dafeee1ff0}"></Provider>
<EventID Qualifiers="">8001</EventID>
<Version>0</Version>
<Level>4</Level>
<Task>8001</Task>
<Opcode>14</Opcode>
<Keywords>0x8000100000000000</Keywords>
<TimeCreated SystemTime="2020-10-24 22:02:34.717587"></TimeCreated>
<EventRecordID>903</EventRecordID>
<Correlation ActivityID="" RelatedActivityID=""></Correlation>
<Execution ProcessID="1300" ThreadID="3808"></Execution>
<Channel>Microsoft-Windows-Store/Operational</Channel>
<Computer>WIN-PTFPHFCRDJ0</Computer>
<Security UserID="S-1-5-21-1152959844-3645458174-3779170896-1000"></Security>
</System>
<EventData><Data Name="Message">Licensing b0f93cbf-0292-684c-a93d-2bd389a61aa9 (Offline)</Data>
<Data Name="Function">LicenseManager::GetOfflineLicenseForContentWithId</Data>
<Data Name="Source">onecoreuap\enduser\winstore\licensemanager\lib\manager.cpp</Data>
<Data Name="Line Number">156</Data>
</EventData>
</Event>

<Event xmlns="http://schemas.microsoft.com/win/2004/08/events/event"><System><Provider Name="Microsoft-Windows-Store" Guid="{9c2a37f3-e5fd-5cae-bcd1-43dafeee1ff0}"></Provider>
<EventID Qualifiers="">8001</EventID>
<Version>0</Version>
<Level>4</Level>
<Task>8001</Task>
<Opcode>14</Opcode>
<Keywords>0x8000100000000000</Keywords>
<TimeCreated SystemTime="2020-10-24 22:02:34.717770"></TimeCreated>
<EventRecordID>904</EventRecordID>
<Correlation ActivityID="" RelatedActivityID=""></Correlation>
<Execution ProcessID="1300" ThreadID="3808"></Execution>
<Channel>Microsoft-Windows-Store/Operational</Channel>
<Computer>WIN-PTFPHFCRDJ0</Computer>
<Security UserID="S-1-5-21-1152959844-3645458174-3779170896-1000"></Security>
</System>
<EventData><Data Name="Message">No key document found for contentid b0f93cbf-0292-684c-a93d-2bd389a61aa9</Data>
<Data Name="Function">ClipStorage::GetKeyDocumentForContentWithIdAndMinQuality</Data>
<Data Name="Source">onecoreuap\enduser\winstore\licensemanager\lib\clipstorage.cpp</Data>
<Data Name="Line Number">269</Data>
</EventData>
</Event>

<Event xmlns="http://schemas.microsoft.com/win/2004/08/events/event"><System><Provider Name="Microsoft-Windows-Store" Guid="{9c2a37f3-e5fd-5cae-bcd1-43dafeee1ff0}"></Provider>
<EventID Qualifiers="">8002</EventID>
<Version>0</Version>
<Level>3</Level>
<Task>8001</Task>
<Opcode>13</Opcode>
<Keywords>0x8000100000000000</Keywords>
<TimeCreated SystemTime="2020-10-24 22:02:34.717844"></TimeCreated>
<EventRecordID>905</EventRecordID>
<Correlation ActivityID="" RelatedActivityID=""></Correlation>
<Execution ProcessID="1300" ThreadID="3808"></Execution>
<Channel>Microsoft-Windows-Store/Operational</Channel>
<Computer>WIN-PTFPHFCRDJ0</Computer>
<Security UserID="S-1-5-21-1152959844-3645458174-3779170896-1000"></Security>
</System>
<EventData><Data Name="Message">hr: 0x80070490</Data>
<Data Name="Function">CreateOfflineLicenseInstance</Data>
<Data Name="Source">onecoreuap\enduser\winstore\licensemanager\lib\licenseinstance.cpp</Data>
<Data Name="Line Number">594</Data>
</EventData>
</Event>

<Event xmlns="http://schemas.microsoft.com/win/2004/08/events/event"><System><Provider Name="Microsoft-Windows-Store" Guid="{9c2a37f3-e5fd-5cae-bcd1-43dafeee1ff0}"></Provider>
<EventID Qualifiers="">8001</EventID>
<Version>0</Version>
<Level>4</Level>
<Task>8001</Task>
<Opcode>14</Opcode>
<Keywords>0x8000100000000000</Keywords>
<TimeCreated SystemTime="2020-10-24 22:02:34.717861"></TimeCreated>
<EventRecordID>906</EventRecordID>
<Correlation ActivityID="" RelatedActivityID=""></Correlation>
<Execution ProcessID="1300" ThreadID="3808"></Execution>
<Channel>Microsoft-Windows-Store/Operational</Channel>
<Computer>WIN-PTFPHFCRDJ0</Computer>
<Security UserID="S-1-5-21-1152959844-3645458174-3779170896-1000"></Security>
</System>
<EventData><Data Name="Message">onecoreuap\enduser\winstore\licensemanager\lib\licenseinstance.cpp(594)\LicenseManager.dll!00007FF8A7D5CB1F: Exception(84) tid(ee0) 80070490 Element not found.
    [CreateOfflineLicenseInstance]
</Data>
<Data Name="Function">CreateOfflineLicenseInstance</Data>
<Data Name="Source">onecoreuap\enduser\winstore\licensemanager\lib\licenseinstance.cpp</Data>
<Data Name="Line Number">612</Data>
</EventData>
</Event>

<Event xmlns="http://schemas.microsoft.com/win/2004/08/events/event"><System><Provider Name="Microsoft-Windows-Store" Guid="{9c2a37f3-e5fd-5cae-bcd1-43dafeee1ff0}"></Provider>
<EventID Qualifiers="">8001</EventID>
<Version>0</Version>
<Level>4</Level>
<Task>8001</Task>
<Opcode>14</Opcode>
<Keywords>0x8000100000000000</Keywords>
<TimeCreated SystemTime="2020-10-24 22:02:34.717865"></TimeCreated>
<EventRecordID>907</EventRecordID>
<Correlation ActivityID="" RelatedActivityID=""></Correlation>
<Execution ProcessID="1300" ThreadID="3808"></Execution>
<Channel>Microsoft-Windows-Store/Operational</Channel>
<Computer>WIN-PTFPHFCRDJ0</Computer>
<Security UserID="S-1-5-21-1152959844-3645458174-3779170896-1000"></Security>
</System>
<EventData><Data Name="Message">Licensing a9a11908-a100-d26a-1b1b-5117ce317dd8 (Offline)</Data>
<Data Name="Function">LicenseManager::GetOfflineLicenseForContentWithId</Data>
<Data Name="Source">onecoreuap\enduser\winstore\licensemanager\lib\manager.cpp</Data>
<Data Name="Line Number">156</Data>
</EventData>
</Event>

<Event xmlns="http://schemas.microsoft.com/win/2004/08/events/event"><System><Provider Name="Microsoft-Windows-Store" Guid="{9c2a37f3-e5fd-5cae-bcd1-43dafeee1ff0}"></Provider>
<EventID Qualifiers="">8001</EventID>
<Version>0</Version>
<Level>4</Level>
<Task>8001</Task>
<Opcode>14</Opcode>
<Keywords>0x8000100000000000</Keywords>
<TimeCreated SystemTime="2020-10-24 22:02:34.718044"></TimeCreated>
<EventRecordID>908</EventRecordID>
<Correlation ActivityID="" RelatedActivityID=""></Correlation>
<Execution ProcessID="1300" ThreadID="3808"></Execution>
<Channel>Microsoft-Windows-Store/Operational</Channel>
<Computer>WIN-PTFPHFCRDJ0</Computer>
<Security UserID="S-1-5-21-1152959844-3645458174-3779170896-1000"></Security>
</System>
<EventData><Data Name="Message">No key document found for contentid a9a11908-a100-d26a-1b1b-5117ce317dd8</Data>
<Data Name="Function">ClipStorage::GetKeyDocumentForContentWithIdAndMinQuality</Data>
<Data Name="Source">onecoreuap\enduser\winstore\licensemanager\lib\clipstorage.cpp</Data>
<Data Name="Line Number">269</Data>
</EventData>
</Event>

<Event xmlns="http://schemas.microsoft.com/win/2004/08/events/event"><System><Provider Name="Microsoft-Windows-Store" Guid="{9c2a37f3-e5fd-5cae-bcd1-43dafeee1ff0}"></Provider>
<EventID Qualifiers="">8002</EventID>
<Version>0</Version>
<Level>3</Level>
<Task>8001</Task>
<Opcode>13</Opcode>
<Keywords>0x8000100000000000</Keywords>
<TimeCreated SystemTime="2020-10-24 22:02:34.718136"></TimeCreated>
<EventRecordID>909</EventRecordID>
<Correlation ActivityID="" RelatedActivityID=""></Correlation>
<Execution ProcessID="1300" ThreadID="3808"></Execution>
<Channel>Microsoft-Windows-Store/Operational</Channel>
<Computer>WIN-PTFPHFCRDJ0</Computer>
<Security UserID="S-1-5-21-1152959844-3645458174-3779170896-1000"></Security>
</System>
<EventData><Data Name="Message">hr: 0x80070490</Data>
<Data Name="Function">CreateOfflineLicenseInstance</Data>
<Data Name="Source">onecoreuap\enduser\winstore\licensemanager\lib\licenseinstance.cpp</Data>
<Data Name="Line Number">594</Data>
</EventData>
</Event>

<Event xmlns="http://schemas.microsoft.com/win/2004/08/events/event"><System><Provider Name="Microsoft-Windows-Store" Guid="{9c2a37f3-e5fd-5cae-bcd1-43dafeee1ff0}"></Provider>
<EventID Qualifiers="">8001</EventID>
<Version>0</Version>
<Level>4</Level>
<Task>8001</Task>
<Opcode>14</Opcode>
<Keywords>0x8000100000000000</Keywords>
<TimeCreated SystemTime="2020-10-24 22:02:34.718153"></TimeCreated>
<EventRecordID>910</EventRecordID>
<Correlation ActivityID="" RelatedActivityID=""></Correlation>
<Execution ProcessID="1300" ThreadID="3808"></Execution>
<Channel>Microsoft-Windows-Store/Operational</Channel>
<Computer>WIN-PTFPHFCRDJ0</Computer>
<Security UserID="S-1-5-21-1152959844-3645458174-3779170896-1000"></Security>
</System>
<EventData><Data Name="Message">onecoreuap\enduser\winstore\licensemanager\lib\licenseinstance.cpp(594)\LicenseManager.dll!00007FF8A7D5CB1F: Exception(85) tid(ee0) 80070490 Element not found.
    [CreateOfflineLicenseInstance]
</Data>
<Data Name="Function">CreateOfflineLicenseInstance</Data>
<Data Name="Source">onecoreuap\enduser\winstore\licensemanager\lib\licenseinstance.cpp</Data>
<Data Name="Line Number">612</Data>
</EventData>
</Event>

