<Event xmlns="http://schemas.microsoft.com/win/2004/08/events/event"><System><Provider Name="Microsoft-Windows-RemoteDesktopServices-RdpCoreTS" Guid="{1139c61b-b549-4251-8ed3-27250a1edec8}"></Provider>
<EventID Qualifiers="">166</EventID>
<Version>0</Version>
<Level>4</Level>
<Task>4</Task>
<Opcode>19</Opcode>
<Keywords>0x4000000000000000</Keywords>
<TimeCreated SystemTime="2020-10-22 22:30:55.440439"></TimeCreated>
<EventRecordID>57</EventRecordID>
<Correlation ActivityID="{f420ab68-9514-4971-a00d-8746f5370000}" RelatedActivityID=""></Correlation>
<Execution ProcessID="884" ThreadID="2524"></Execution>
<Channel>Microsoft-Windows-RemoteDesktopServices-RdpCoreTS/Operational</Channel>
<Computer>WIN-PTFPHFCRDJ0</Computer>
<Security UserID="S-1-5-20"></Security>
</System>
<EventData><Data Name="ServerName">WIN-PTFPHFCRDJ0</Data>
</EventData>
</Event>

<Event xmlns="http://schemas.microsoft.com/win/2004/08/events/event"><System><Provider Name="Microsoft-Windows-RemoteDesktopServices-RdpCoreTS" Guid="{1139c61b-b549-4251-8ed3-27250a1edec8}"></Provider>
<EventID Qualifiers="">148</EventID>
<Version>0</Version>
<Level>4</Level>
<Task>4</Task>
<Opcode>17</Opcode>
<Keywords>0x4000000000000000</Keywords>
<TimeCreated SystemTime="2020-10-22 22:30:55.555758"></TimeCreated>
<EventRecordID>58</EventRecordID>
<Correlation ActivityID="{f420ab68-9514-4971-a00d-8746f5370000}" RelatedActivityID=""></Correlation>
<Execution ProcessID="884" ThreadID="3064"></Execution>
<Channel>Microsoft-Windows-RemoteDesktopServices-RdpCoreTS/Operational</Channel>
<Computer>WIN-PTFPHFCRDJ0</Computer>
<Security UserID="S-1-5-20"></Security>
</System>
<EventData><Data Name="ChannelName">Microsoft::Windows::RDS::Video::Control::v08.01</Data>
<Data Name="TunnelID">1</Data>
</EventData>
</Event>

<Event xmlns="http://schemas.microsoft.com/win/2004/08/events/event"><System><Provider Name="Microsoft-Windows-RemoteDesktopServices-RdpCoreTS" Guid="{1139c61b-b549-4251-8ed3-27250a1edec8}"></Provider>
<EventID Qualifiers="">148</EventID>
<Version>0</Version>
<Level>4</Level>
<Task>4</Task>
<Opcode>17</Opcode>
<Keywords>0x4000000000000000</Keywords>
<TimeCreated SystemTime="2020-10-22 22:30:55.555763"></TimeCreated>
<EventRecordID>59</EventRecordID>
<Correlation ActivityID="{f420ab68-9514-4971-a00d-8746f5370000}" RelatedActivityID=""></Correlation>
<Execution ProcessID="884" ThreadID="3064"></Execution>
<Channel>Microsoft-Windows-RemoteDesktopServices-RdpCoreTS/Operational</Channel>
<Computer>WIN-PTFPHFCRDJ0</Computer>
<Security UserID="S-1-5-20"></Security>
</System>
<EventData><Data Name="ChannelName">Microsoft::Windows::RDS::Video::Data::v08.01</Data>
<Data Name="TunnelID">1</Data>
</EventData>
</Event>

<Event xmlns="http://schemas.microsoft.com/win/2004/08/events/event"><System><Provider Name="Microsoft-Windows-RemoteDesktopServices-RdpCoreTS" Guid="{1139c61b-b549-4251-8ed3-27250a1edec8}"></Provider>
<EventID Qualifiers="">148</EventID>
<Version>0</Version>
<Level>4</Level>
<Task>4</Task>
<Opcode>17</Opcode>
<Keywords>0x4000000000000000</Keywords>
<TimeCreated SystemTime="2020-10-22 22:30:55.555765"></TimeCreated>
<EventRecordID>60</EventRecordID>
<Correlation ActivityID="{f420ab68-9514-4971-a00d-8746f5370000}" RelatedActivityID=""></Correlation>
<Execution ProcessID="884" ThreadID="3064"></Execution>
<Channel>Microsoft-Windows-RemoteDesktopServices-RdpCoreTS/Operational</Channel>
<Computer>WIN-PTFPHFCRDJ0</Computer>
<Security UserID="S-1-5-20"></Security>
</System>
<EventData><Data Name="ChannelName">Microsoft::Windows::RDS::Geometry::v08.01</Data>
<Data Name="TunnelID">1</Data>
</EventData>
</Event>

<Event xmlns="http://schemas.microsoft.com/win/2004/08/events/event"><System><Provider Name="Microsoft-Windows-RemoteDesktopServices-RdpCoreTS" Guid="{1139c61b-b549-4251-8ed3-27250a1edec8}"></Provider>
<EventID Qualifiers="">72</EventID>
<Version>0</Version>
<Level>4</Level>
<Task>4</Task>
<Opcode>13</Opcode>
<Keywords>0x4000000000000000</Keywords>
<TimeCreated SystemTime="2020-10-22 22:30:55.786221"></TimeCreated>
<EventRecordID>61</EventRecordID>
<Correlation ActivityID="{f420ab68-9514-4971-a00d-8746f5370000}" RelatedActivityID=""></Correlation>
<Execution ProcessID="884" ThreadID="3064"></Execution>
<Channel>Microsoft-Windows-RemoteDesktopServices-RdpCoreTS/Operational</Channel>
<Computer>WIN-PTFPHFCRDJ0</Computer>
<Security UserID="S-1-5-20"></Security>
</System>
<EventData><Data Name="MethodName">ConnectNotify(SessionId=1)</Data>
</EventData>
</Event>

<Event xmlns="http://schemas.microsoft.com/win/2004/08/events/event"><System><Provider Name="Microsoft-Windows-RemoteDesktopServices-RdpCoreTS" Guid="{1139c61b-b549-4251-8ed3-27250a1edec8}"></Provider>
<EventID Qualifiers="">258</EventID>
<Version>0</Version>
<Level>4</Level>
<Task>4</Task>
<Opcode>21</Opcode>
<Keywords>0x4000000000000000</Keywords>
<TimeCreated SystemTime="2020-10-22 22:30:55.789282"></TimeCreated>
<EventRecordID>62</EventRecordID>
<Correlation ActivityID="{f420ab68-9514-4971-a00d-8746f5370000}" RelatedActivityID=""></Correlation>
<Execution ProcessID="884" ThreadID="3776"></Execution>
<Channel>Microsoft-Windows-RemoteDesktopServices-RdpCoreTS/Operational</Channel>
<Computer>WIN-PTFPHFCRDJ0</Computer>
<Security UserID="S-1-5-20"></Security>
</System>
<EventData></EventData>
</Event>

<Event xmlns="http://schemas.microsoft.com/win/2004/08/events/event"><System><Provider Name="Microsoft-Windows-RemoteDesktopServices-RdpCoreTS" Guid="{1139c61b-b549-4251-8ed3-27250a1edec8}"></Provider>
<EventID Qualifiers="">168</EventID>
<Version>0</Version>
<Level>4</Level>
<Task>4</Task>
<Opcode>11</Opcode>
<Keywords>0x4000000000000000</Keywords>
<TimeCreated SystemTime="2020-10-22 22:30:55.790833"></TimeCreated>
<EventRecordID>63</EventRecordID>
<Correlation ActivityID="{f420ab68-9514-4971-a00d-8746f5370000}" RelatedActivityID=""></Correlation>
<Execution ProcessID="884" ThreadID="2524"></Execution>
<Channel>Microsoft-Windows-RemoteDesktopServices-RdpCoreTS/Operational</Channel>
<Computer>WIN-PTFPHFCRDJ0</Computer>
<Security UserID="S-1-5-20"></Security>
</System>
<EventData><Data Name="MonitorNum">0</Data>
<Data Name="MonitorWidth">1668</Data>
<Data Name="MonitorHeight">888</Data>
<Data Name="MonitorX">0</Data>
<Data Name="MonitorY">0</Data>
<Data Name="ServerName">WIN-PTFPHFCRDJ0</Data>
</EventData>
</Event>

<Event xmlns="http://schemas.microsoft.com/win/2004/08/events/event"><System><Provider Name="Microsoft-Windows-RemoteDesktopServices-RdpCoreTS" Guid="{1139c61b-b549-4251-8ed3-27250a1edec8}"></Provider>
<EventID Qualifiers="">72</EventID>
<Version>0</Version>
<Level>4</Level>
<Task>4</Task>
<Opcode>13</Opcode>
<Keywords>0x4000000000000000</Keywords>
<TimeCreated SystemTime="2020-10-22 22:30:55.803017"></TimeCreated>
<EventRecordID>64</EventRecordID>
<Correlation ActivityID="{f420ab68-9514-4971-a00d-8746f5370000}" RelatedActivityID=""></Correlation>
<Execution ProcessID="884" ThreadID="3776"></Execution>
<Channel>Microsoft-Windows-RemoteDesktopServices-RdpCoreTS/Operational</Channel>
<Computer>WIN-PTFPHFCRDJ0</Computer>
<Security UserID="S-1-5-20"></Security>
</System>
<EventData><Data Name="MethodName">LogonNotify(SessionId=1)</Data>
</EventData>
</Event>

<Event xmlns="http://schemas.microsoft.com/win/2004/08/events/event"><System><Provider Name="Microsoft-Windows-RemoteDesktopServices-RdpCoreTS" Guid="{1139c61b-b549-4251-8ed3-27250a1edec8}"></Provider>
<EventID Qualifiers="">68</EventID>
<Version>0</Version>
<Level>4</Level>
<Task>4</Task>
<Opcode>13</Opcode>
<Keywords>0x4000000000000000</Keywords>
<TimeCreated SystemTime="2020-10-22 22:30:56.142859"></TimeCreated>
<EventRecordID>65</EventRecordID>
<Correlation ActivityID="{04d55717-c624-4197-b8d4-6c4b5ab40000}" RelatedActivityID=""></Correlation>
<Execution ProcessID="884" ThreadID="4188"></Execution>
<Channel>Microsoft-Windows-RemoteDesktopServices-RdpCoreTS/Operational</Channel>
<Computer>WIN-PTFPHFCRDJ0</Computer>
<Security UserID="S-1-5-20"></Security>
</System>
<EventData><Data Name="ConnectionName">RDP-Tcp#1</Data>
<Data Name="PromptForCredentials">1422</Data>
<Data Name="PromptForCredentialsDone">9172</Data>
<Data Name="GfxChannelOpened">14235</Data>
<Data Name="FirstGraphicsReceived">15172</Data>
</EventData>
</Event>

<Event xmlns="http://schemas.microsoft.com/win/2004/08/events/event"><System><Provider Name="Microsoft-Windows-RemoteDesktopServices-RdpCoreTS" Guid="{1139c61b-b549-4251-8ed3-27250a1edec8}"></Provider>
<EventID Qualifiers="">148</EventID>
<Version>0</Version>
<Level>4</Level>
<Task>4</Task>
<Opcode>17</Opcode>
<Keywords>0x4000000000000000</Keywords>
<TimeCreated SystemTime="2020-10-22 22:30:56.144859"></TimeCreated>
<EventRecordID>66</EventRecordID>
<Correlation ActivityID="{f420ab68-9514-4971-a00d-8746f5370000}" RelatedActivityID=""></Correlation>
<Execution ProcessID="884" ThreadID="344"></Execution>
<Channel>Microsoft-Windows-RemoteDesktopServices-RdpCoreTS/Operational</Channel>
<Computer>WIN-PTFPHFCRDJ0</Computer>
<Security UserID="S-1-5-20"></Security>
</System>
<EventData><Data Name="ChannelName">Microsoft::Windows::RDS::Telemetry</Data>
<Data Name="TunnelID">1</Data>
</EventData>
</Event>

<Event xmlns="http://schemas.microsoft.com/win/2004/08/events/event"><System><Provider Name="Microsoft-Windows-RemoteDesktopServices-RdpCoreTS" Guid="{1139c61b-b549-4251-8ed3-27250a1edec8}"></Provider>
<EventID Qualifiers="">227</EventID>
<Version>0</Version>
<Level>2</Level>
<Task>4</Task>
<Opcode>19</Opcode>
<Keywords>0x4000000000000000</Keywords>
<TimeCreated SystemTime="2020-10-22 22:30:56.520872"></TimeCreated>
<EventRecordID>67</EventRecordID>
<Correlation ActivityID="{f4623713-b150-4879-b6b1-0ac81bbc0000}" RelatedActivityID=""></Correlation>
<Execution ProcessID="884" ThreadID="4708"></Execution>
<Channel>Microsoft-Windows-RemoteDesktopServices-RdpCoreTS/Operational</Channel>
<Computer>WIN-PTFPHFCRDJ0</Computer>
<Security UserID="S-1-5-20"></Security>
</System>
<EventData><Data Name="Name">CUMRDPConnection</Data>
<Data Name="Value">2147500033</Data>
<Data Name="CustomLevel">'Failed GetConnectionProperty' in CUMRDPConnection::QueryProperty at 2884 err=[0x80004001]</Data>
</EventData>
</Event>

<Event xmlns="http://schemas.microsoft.com/win/2004/08/events/event"><System><Provider Name="Microsoft-Windows-RemoteDesktopServices-RdpCoreTS" Guid="{1139c61b-b549-4251-8ed3-27250a1edec8}"></Provider>
<EventID Qualifiers="">132</EventID>
<Version>0</Version>
<Level>4</Level>
<Task>4</Task>
<Opcode>15</Opcode>
<Keywords>0x4000000000000000</Keywords>
<TimeCreated SystemTime="2020-10-22 22:30:56.791388"></TimeCreated>
<EventRecordID>68</EventRecordID>
<Correlation ActivityID="{04d55717-c624-4197-b8d4-6c4b5ab40000}" RelatedActivityID=""></Correlation>
<Execution ProcessID="884" ThreadID="2536"></Execution>
<Channel>Microsoft-Windows-RemoteDesktopServices-RdpCoreTS/Operational</Channel>
<Computer>WIN-PTFPHFCRDJ0</Computer>
<Security UserID="S-1-5-20"></Security>
</System>
<EventData><Data Name="ChannelName">rdpdr</Data>
<Data Name="TunnelID">1</Data>
</EventData>
</Event>

<Event xmlns="http://schemas.microsoft.com/win/2004/08/events/event"><System><Provider Name="Microsoft-Windows-RemoteDesktopServices-RdpCoreTS" Guid="{1139c61b-b549-4251-8ed3-27250a1edec8}"></Provider>
<EventID Qualifiers="">132</EventID>
<Version>0</Version>
<Level>4</Level>
<Task>4</Task>
<Opcode>15</Opcode>
<Keywords>0x4000000000000000</Keywords>
<TimeCreated SystemTime="2020-10-22 22:30:56.812477"></TimeCreated>
<EventRecordID>69</EventRecordID>
<Correlation ActivityID="{04d55717-c624-4197-b8d4-6c4b5ab40000}" RelatedActivityID=""></Correlation>
<Execution ProcessID="884" ThreadID="3064"></Execution>
<Channel>Microsoft-Windows-RemoteDesktopServices-RdpCoreTS/Operational</Channel>
<Computer>WIN-PTFPHFCRDJ0</Computer>
<Security UserID="S-1-5-20"></Security>
</System>
<EventData><Data Name="ChannelName">AUDIO_PLAYBACK_DVC</Data>
<Data Name="TunnelID">1</Data>
</EventData>
</Event>

<Event xmlns="http://schemas.microsoft.com/win/2004/08/events/event"><System><Provider Name="Microsoft-Windows-RemoteDesktopServices-RdpCoreTS" Guid="{1139c61b-b549-4251-8ed3-27250a1edec8}"></Provider>
<EventID Qualifiers="">132</EventID>
<Version>0</Version>
<Level>4</Level>
<Task>4</Task>
<Opcode>15</Opcode>
<Keywords>0x4000000000000000</Keywords>
<TimeCreated SystemTime="2020-10-22 22:30:56.850603"></TimeCreated>
<EventRecordID>70</EventRecordID>
<Correlation ActivityID="{f420ab68-9514-4971-a00d-8746f5370000}" RelatedActivityID=""></Correlation>
<Execution ProcessID="884" ThreadID="4708"></Execution>
<Channel>Microsoft-Windows-RemoteDesktopServices-RdpCoreTS/Operational</Channel>
<Computer>WIN-PTFPHFCRDJ0</Computer>
<Security UserID="S-1-5-20"></Security>
</System>
<EventData><Data Name="ChannelName">AUDIO_PLAYBACK_LOSSY_DVC</Data>
<Data Name="TunnelID">1</Data>
</EventData>
</Event>

<Event xmlns="http://schemas.microsoft.com/win/2004/08/events/event"><System><Provider Name="Microsoft-Windows-RemoteDesktopServices-RdpCoreTS" Guid="{1139c61b-b549-4251-8ed3-27250a1edec8}"></Provider>
<EventID Qualifiers="">132</EventID>
<Version>0</Version>
<Level>4</Level>
<Task>4</Task>
<Opcode>15</Opcode>
<Keywords>0x4000000000000000</Keywords>
<TimeCreated SystemTime="2020-10-22 22:30:56.996893"></TimeCreated>
<EventRecordID>71</EventRecordID>
<Correlation ActivityID="{04d55717-c624-4197-b8d4-6c4b5ab40000}" RelatedActivityID=""></Correlation>
<Execution ProcessID="884" ThreadID="4188"></Execution>
<Channel>Microsoft-Windows-RemoteDesktopServices-RdpCoreTS/Operational</Channel>
<Computer>WIN-PTFPHFCRDJ0</Computer>
<Security UserID="S-1-5-20"></Security>
</System>
<EventData><Data Name="ChannelName">Microsoft::Windows::RDS::Geometry::v08.01</Data>
<Data Name="TunnelID">1</Data>
</EventData>
</Event>

<Event xmlns="http://schemas.microsoft.com/win/2004/08/events/event"><System><Provider Name="Microsoft-Windows-RemoteDesktopServices-RdpCoreTS" Guid="{1139c61b-b549-4251-8ed3-27250a1edec8}"></Provider>
<EventID Qualifiers="">227</EventID>
<Version>0</Version>
<Level>2</Level>
<Task>4</Task>
<Opcode>19</Opcode>
<Keywords>0x4000000000000000</Keywords>
<TimeCreated SystemTime="2020-10-22 22:30:57.170355"></TimeCreated>
<EventRecordID>72</EventRecordID>
<Correlation ActivityID="{f420ab68-9514-4971-a00d-8746f5370000}" RelatedActivityID=""></Correlation>
<Execution ProcessID="884" ThreadID="3776"></Execution>
<Channel>Microsoft-Windows-RemoteDesktopServices-RdpCoreTS/Operational</Channel>
<Computer>WIN-PTFPHFCRDJ0</Computer>
<Security UserID="S-1-5-20"></Security>
</System>
<EventData><Data Name="Name">CUMRDPConnection</Data>
<Data Name="Value">3489660929</Data>
<Data Name="CustomLevel">'Failed CreateVirtualChannel call on this Connections Stack' in CUMRDPConnection::CreateVirtualChannel at 2498 err=[0xd0000001]</Data>
</EventData>
</Event>

<Event xmlns="http://schemas.microsoft.com/win/2004/08/events/event"><System><Provider Name="Microsoft-Windows-RemoteDesktopServices-RdpCoreTS" Guid="{1139c61b-b549-4251-8ed3-27250a1edec8}"></Provider>
<EventID Qualifiers="">148</EventID>
<Version>0</Version>
<Level>4</Level>
<Task>4</Task>
<Opcode>17</Opcode>
<Keywords>0x4000000000000000</Keywords>
<TimeCreated SystemTime="2020-10-22 22:30:57.173452"></TimeCreated>
<EventRecordID>73</EventRecordID>
<Correlation ActivityID="{f420ab68-9514-4971-a00d-8746f5370000}" RelatedActivityID=""></Correlation>
<Execution ProcessID="884" ThreadID="2112"></Execution>
<Channel>Microsoft-Windows-RemoteDesktopServices-RdpCoreTS/Operational</Channel>
<Computer>WIN-PTFPHFCRDJ0</Computer>
<Security UserID="S-1-5-20"></Security>
</System>
<EventData><Data Name="ChannelName">Microsoft::Windows::RDS::Input</Data>
<Data Name="TunnelID">1</Data>
</EventData>
</Event>

<Event xmlns="http://schemas.microsoft.com/win/2004/08/events/event"><System><Provider Name="Microsoft-Windows-RemoteDesktopServices-RdpCoreTS" Guid="{1139c61b-b549-4251-8ed3-27250a1edec8}"></Provider>
<EventID Qualifiers="">132</EventID>
<Version>0</Version>
<Level>4</Level>
<Task>4</Task>
<Opcode>15</Opcode>
<Keywords>0x4000000000000000</Keywords>
<TimeCreated SystemTime="2020-10-22 22:30:57.173458"></TimeCreated>
<EventRecordID>74</EventRecordID>
<Correlation ActivityID="{04d55717-c624-4197-b8d4-6c4b5ab40000}" RelatedActivityID=""></Correlation>
<Execution ProcessID="884" ThreadID="4188"></Execution>
<Channel>Microsoft-Windows-RemoteDesktopServices-RdpCoreTS/Operational</Channel>
<Computer>WIN-PTFPHFCRDJ0</Computer>
<Security UserID="S-1-5-20"></Security>
</System>
<EventData><Data Name="ChannelName">Microsoft::Windows::RDS::Input</Data>
<Data Name="TunnelID">1</Data>
</EventData>
</Event>

<Event xmlns="http://schemas.microsoft.com/win/2004/08/events/event"><System><Provider Name="Microsoft-Windows-RemoteDesktopServices-RdpCoreTS" Guid="{1139c61b-b549-4251-8ed3-27250a1edec8}"></Provider>
<EventID Qualifiers="">132</EventID>
<Version>0</Version>
<Level>4</Level>
<Task>4</Task>
<Opcode>15</Opcode>
<Keywords>0x4000000000000000</Keywords>
<TimeCreated SystemTime="2020-10-22 22:30:57.174282"></TimeCreated>
<EventRecordID>75</EventRecordID>
<Correlation ActivityID="{04d55717-c624-4197-b8d4-6c4b5ab40000}" RelatedActivityID=""></Correlation>
<Execution ProcessID="884" ThreadID="328"></Execution>
<Channel>Microsoft-Windows-RemoteDesktopServices-RdpCoreTS/Operational</Channel>
<Computer>WIN-PTFPHFCRDJ0</Computer>
<Security UserID="S-1-5-20"></Security>
</System>
<EventData><Data Name="ChannelName">Microsoft::Windows::RDS::DisplayControl</Data>
<Data Name="TunnelID">1</Data>
</EventData>
</Event>

<Event xmlns="http://schemas.microsoft.com/win/2004/08/events/event"><System><Provider Name="Microsoft-Windows-RemoteDesktopServices-RdpCoreTS" Guid="{1139c61b-b549-4251-8ed3-27250a1edec8}"></Provider>
<EventID Qualifiers="">132</EventID>
<Version>0</Version>
<Level>4</Level>
<Task>4</Task>
<Opcode>15</Opcode>
<Keywords>0x4000000000000000</Keywords>
<TimeCreated SystemTime="2020-10-22 22:30:57.237009"></TimeCreated>
<EventRecordID>76</EventRecordID>
<Correlation ActivityID="{04d55717-c624-4197-b8d4-6c4b5ab40000}" RelatedActivityID=""></Correlation>
<Execution ProcessID="884" ThreadID="328"></Execution>
<Channel>Microsoft-Windows-RemoteDesktopServices-RdpCoreTS/Operational</Channel>
<Computer>WIN-PTFPHFCRDJ0</Computer>
<Security UserID="S-1-5-20"></Security>
</System>
<EventData><Data Name="ChannelName">cliprdr</Data>
<Data Name="TunnelID">1</Data>
</EventData>
</Event>

<Event xmlns="http://schemas.microsoft.com/win/2004/08/events/event"><System><Provider Name="Microsoft-Windows-RemoteDesktopServices-RdpCoreTS" Guid="{1139c61b-b549-4251-8ed3-27250a1edec8}"></Provider>
<EventID Qualifiers="">132</EventID>
<Version>0</Version>
<Level>4</Level>
<Task>4</Task>
<Opcode>15</Opcode>
<Keywords>0x4000000000000000</Keywords>
<TimeCreated SystemTime="2020-10-22 22:30:58.586750"></TimeCreated>
<EventRecordID>77</EventRecordID>
<Correlation ActivityID="{04d55717-c624-4197-b8d4-6c4b5ab40000}" RelatedActivityID=""></Correlation>
<Execution ProcessID="884" ThreadID="3064"></Execution>
<Channel>Microsoft-Windows-RemoteDesktopServices-RdpCoreTS/Operational</Channel>
<Computer>WIN-PTFPHFCRDJ0</Computer>
<Security UserID="S-1-5-20"></Security>
</System>
<EventData><Data Name="ChannelName">Microsoft::Windows::RDS::Geometry::v08.01</Data>
<Data Name="TunnelID">1</Data>
</EventData>
</Event>

<Event xmlns="http://schemas.microsoft.com/win/2004/08/events/event"><System><Provider Name="Microsoft-Windows-RemoteDesktopServices-RdpCoreTS" Guid="{1139c61b-b549-4251-8ed3-27250a1edec8}"></Provider>
<EventID Qualifiers="">148</EventID>
<Version>0</Version>
<Level>4</Level>
<Task>4</Task>
<Opcode>17</Opcode>
<Keywords>0x4000000000000000</Keywords>
<TimeCreated SystemTime="2020-10-22 22:30:58.622709"></TimeCreated>
<EventRecordID>78</EventRecordID>
<Correlation ActivityID="{f420ab68-9514-4971-a00d-8746f5370000}" RelatedActivityID=""></Correlation>
<Execution ProcessID="884" ThreadID="3064"></Execution>
<Channel>Microsoft-Windows-RemoteDesktopServices-RdpCoreTS/Operational</Channel>
<Computer>WIN-PTFPHFCRDJ0</Computer>
<Security UserID="S-1-5-20"></Security>
</System>
<EventData><Data Name="ChannelName">Microsoft::Windows::RDS::Geometry::v08.01</Data>
<Data Name="TunnelID">1</Data>
</EventData>
</Event>

<Event xmlns="http://schemas.microsoft.com/win/2004/08/events/event"><System><Provider Name="Microsoft-Windows-RemoteDesktopServices-RdpCoreTS" Guid="{1139c61b-b549-4251-8ed3-27250a1edec8}"></Provider>
<EventID Qualifiers="">107</EventID>
<Version>0</Version>
<Level>4</Level>
<Task>4</Task>
<Opcode>17</Opcode>
<Keywords>0x4000000000000000</Keywords>
<TimeCreated SystemTime="2020-10-22 22:33:56.742792"></TimeCreated>
<EventRecordID>79</EventRecordID>
<Correlation ActivityID="{f420ab68-9514-4971-a00d-8746f5370000}" RelatedActivityID=""></Correlation>
<Execution ProcessID="884" ThreadID="328"></Execution>
<Channel>Microsoft-Windows-RemoteDesktopServices-RdpCoreTS/Operational</Channel>
<Computer>WIN-PTFPHFCRDJ0</Computer>
<Security UserID="S-1-5-20"></Security>
</System>
<EventData></EventData>
</Event>

<Event xmlns="http://schemas.microsoft.com/win/2004/08/events/event"><System><Provider Name="Microsoft-Windows-RemoteDesktopServices-RdpCoreTS" Guid="{1139c61b-b549-4251-8ed3-27250a1edec8}"></Provider>
<EventID Qualifiers="">226</EventID>
<Version>0</Version>
<Level>3</Level>
<Task>4</Task>
<Opcode>19</Opcode>
<Keywords>0x4000000000000000</Keywords>
<TimeCreated SystemTime="2020-10-22 22:33:56.743183"></TimeCreated>
<EventRecordID>80</EventRecordID>
<Correlation ActivityID="{f420ab68-9514-4971-a00d-8746f5370000}" RelatedActivityID=""></Correlation>
<Execution ProcessID="884" ThreadID="328"></Execution>
<Channel>Microsoft-Windows-RemoteDesktopServices-RdpCoreTS/Operational</Channel>
<Computer>WIN-PTFPHFCRDJ0</Computer>
<Security UserID="S-1-5-20"></Security>
</System>
<EventData><Data Name="StateTransition">RDP_SEC</Data>
<Data Name="PreviousState">0</Data>
<Data Name="PreviousStateName">FStatePassthrough</Data>
<Data Name="NewState">9</Data>
<Data Name="NewStateName">FStateError</Data>
<Data Name="Event">16</Data>
<Data Name="EventName">FEventCheckAndCompleteReadsFailed</Data>
<Data Name="ErrorCode">0x8007139f</Data>
</EventData>
</Event>

<Event xmlns="http://schemas.microsoft.com/win/2004/08/events/event"><System><Provider Name="Microsoft-Windows-RemoteDesktopServices-RdpCoreTS" Guid="{1139c61b-b549-4251-8ed3-27250a1edec8}"></Provider>
<EventID Qualifiers="">72</EventID>
<Version>0</Version>
<Level>4</Level>
<Task>4</Task>
<Opcode>13</Opcode>
<Keywords>0x4000000000000000</Keywords>
<TimeCreated SystemTime="2020-10-22 22:33:56.744289"></TimeCreated>
<EventRecordID>81</EventRecordID>
<Correlation ActivityID="{f420ab68-9514-4971-a00d-8746f5370000}" RelatedActivityID=""></Correlation>
<Execution ProcessID="884" ThreadID="2112"></Execution>
<Channel>Microsoft-Windows-RemoteDesktopServices-RdpCoreTS/Operational</Channel>
<Computer>WIN-PTFPHFCRDJ0</Computer>
<Security UserID="S-1-5-20"></Security>
</System>
<EventData><Data Name="MethodName">OnDisconnected</Data>
</EventData>
</Event>

<Event xmlns="http://schemas.microsoft.com/win/2004/08/events/event"><System><Provider Name="Microsoft-Windows-RemoteDesktopServices-RdpCoreTS" Guid="{1139c61b-b549-4251-8ed3-27250a1edec8}"></Provider>
<EventID Qualifiers="">102</EventID>
<Version>0</Version>
<Level>4</Level>
<Task>4</Task>
<Opcode>17</Opcode>
<Keywords>0x4000000000000000</Keywords>
<TimeCreated SystemTime="2020-10-22 22:33:56.744463"></TimeCreated>
<EventRecordID>82</EventRecordID>
<Correlation ActivityID="{f420ab68-9514-4971-a00d-8746f5370000}" RelatedActivityID=""></Correlation>
<Execution ProcessID="884" ThreadID="2112"></Execution>
<Channel>Microsoft-Windows-RemoteDesktopServices-RdpCoreTS/Operational</Channel>
<Computer>WIN-PTFPHFCRDJ0</Computer>
<Security UserID="S-1-5-20"></Security>
</System>
<EventData></EventData>
</Event>

<Event xmlns="http://schemas.microsoft.com/win/2004/08/events/event"><System><Provider Name="Microsoft-Windows-RemoteDesktopServices-RdpCoreTS" Guid="{1139c61b-b549-4251-8ed3-27250a1edec8}"></Provider>
<EventID Qualifiers="">145</EventID>
<Version>0</Version>
<Level>4</Level>
<Task>4</Task>
<Opcode>19</Opcode>
<Keywords>0x4000000000000000</Keywords>
<TimeCreated SystemTime="2020-10-22 22:33:56.744465"></TimeCreated>
<EventRecordID>83</EventRecordID>
<Correlation ActivityID="{f420ab68-9514-4971-a00d-8746f5370000}" RelatedActivityID=""></Correlation>
<Execution ProcessID="884" ThreadID="2112"></Execution>
<Channel>Microsoft-Windows-RemoteDesktopServices-RdpCoreTS/Operational</Channel>
<Computer>WIN-PTFPHFCRDJ0</Computer>
<Security UserID="S-1-5-20"></Security>
</System>
<EventData><Data Name="IdleSeconds">0</Data>
<Data Name="IdleSeconds1">0</Data>
<Data Name="IdleSeconds2">0</Data>
</EventData>
</Event>

<Event xmlns="http://schemas.microsoft.com/win/2004/08/events/event"><System><Provider Name="Microsoft-Windows-RemoteDesktopServices-RdpCoreTS" Guid="{1139c61b-b549-4251-8ed3-27250a1edec8}"></Provider>
<EventID Qualifiers="">148</EventID>
<Version>0</Version>
<Level>4</Level>
<Task>4</Task>
<Opcode>17</Opcode>
<Keywords>0x4000000000000000</Keywords>
<TimeCreated SystemTime="2020-10-22 22:33:56.744471"></TimeCreated>
<EventRecordID>84</EventRecordID>
<Correlation ActivityID="{f420ab68-9514-4971-a00d-8746f5370000}" RelatedActivityID=""></Correlation>
<Execution ProcessID="884" ThreadID="2112"></Execution>
<Channel>Microsoft-Windows-RemoteDesktopServices-RdpCoreTS/Operational</Channel>
<Computer>WIN-PTFPHFCRDJ0</Computer>
<Security UserID="S-1-5-20"></Security>
</System>
<EventData><Data Name="ChannelName">rdpinpt</Data>
<Data Name="TunnelID">0</Data>
</EventData>
</Event>

<Event xmlns="http://schemas.microsoft.com/win/2004/08/events/event"><System><Provider Name="Microsoft-Windows-RemoteDesktopServices-RdpCoreTS" Guid="{1139c61b-b549-4251-8ed3-27250a1edec8}"></Provider>
<EventID Qualifiers="">148</EventID>
<Version>0</Version>
<Level>4</Level>
<Task>4</Task>
<Opcode>17</Opcode>
<Keywords>0x4000000000000000</Keywords>
<TimeCreated SystemTime="2020-10-22 22:33:56.744471"></TimeCreated>
<EventRecordID>85</EventRecordID>
<Correlation ActivityID="{f420ab68-9514-4971-a00d-8746f5370000}" RelatedActivityID=""></Correlation>
<Execution ProcessID="884" ThreadID="2112"></Execution>
<Channel>Microsoft-Windows-RemoteDesktopServices-RdpCoreTS/Operational</Channel>
<Computer>WIN-PTFPHFCRDJ0</Computer>
<Security UserID="S-1-5-20"></Security>
</System>
<EventData><Data Name="ChannelName">rdpcmd</Data>
<Data Name="TunnelID">0</Data>
</EventData>
</Event>

<Event xmlns="http://schemas.microsoft.com/win/2004/08/events/event"><System><Provider Name="Microsoft-Windows-RemoteDesktopServices-RdpCoreTS" Guid="{1139c61b-b549-4251-8ed3-27250a1edec8}"></Provider>
<EventID Qualifiers="">148</EventID>
<Version>0</Version>
<Level>4</Level>
<Task>4</Task>
<Opcode>17</Opcode>
<Keywords>0x4000000000000000</Keywords>
<TimeCreated SystemTime="2020-10-22 22:33:56.744473"></TimeCreated>
<EventRecordID>86</EventRecordID>
<Correlation ActivityID="{f420ab68-9514-4971-a00d-8746f5370000}" RelatedActivityID=""></Correlation>
<Execution ProcessID="884" ThreadID="2112"></Execution>
<Channel>Microsoft-Windows-RemoteDesktopServices-RdpCoreTS/Operational</Channel>
<Computer>WIN-PTFPHFCRDJ0</Computer>
<Security UserID="S-1-5-20"></Security>
</System>
<EventData><Data Name="ChannelName">rdplic</Data>
<Data Name="TunnelID">0</Data>
</EventData>
</Event>

<Event xmlns="http://schemas.microsoft.com/win/2004/08/events/event"><System><Provider Name="Microsoft-Windows-RemoteDesktopServices-RdpCoreTS" Guid="{1139c61b-b549-4251-8ed3-27250a1edec8}"></Provider>
<EventID Qualifiers="">148</EventID>
<Version>0</Version>
<Level>4</Level>
<Task>4</Task>
<Opcode>17</Opcode>
<Keywords>0x4000000000000000</Keywords>
<TimeCreated SystemTime="2020-10-22 22:33:56.744482"></TimeCreated>
<EventRecordID>87</EventRecordID>
<Correlation ActivityID="{f420ab68-9514-4971-a00d-8746f5370000}" RelatedActivityID=""></Correlation>
<Execution ProcessID="884" ThreadID="2112"></Execution>
<Channel>Microsoft-Windows-RemoteDesktopServices-RdpCoreTS/Operational</Channel>
<Computer>WIN-PTFPHFCRDJ0</Computer>
<Security UserID="S-1-5-20"></Security>
</System>
<EventData><Data Name="ChannelName">rdpgrfx</Data>
<Data Name="TunnelID">0</Data>
</EventData>
</Event>

<Event xmlns="http://schemas.microsoft.com/win/2004/08/events/event"><System><Provider Name="Microsoft-Windows-RemoteDesktopServices-RdpCoreTS" Guid="{1139c61b-b549-4251-8ed3-27250a1edec8}"></Provider>
<EventID Qualifiers="">148</EventID>
<Version>0</Version>
<Level>4</Level>
<Task>4</Task>
<Opcode>17</Opcode>
<Keywords>0x4000000000000000</Keywords>
<TimeCreated SystemTime="2020-10-22 22:33:56.744484"></TimeCreated>
<EventRecordID>88</EventRecordID>
<Correlation ActivityID="{f420ab68-9514-4971-a00d-8746f5370000}" RelatedActivityID=""></Correlation>
<Execution ProcessID="884" ThreadID="2112"></Execution>
<Channel>Microsoft-Windows-RemoteDesktopServices-RdpCoreTS/Operational</Channel>
<Computer>WIN-PTFPHFCRDJ0</Computer>
<Security UserID="S-1-5-20"></Security>
</System>
<EventData><Data Name="ChannelName">railenc</Data>
<Data Name="TunnelID">0</Data>
</EventData>
</Event>

<Event xmlns="http://schemas.microsoft.com/win/2004/08/events/event"><System><Provider Name="Microsoft-Windows-RemoteDesktopServices-RdpCoreTS" Guid="{1139c61b-b549-4251-8ed3-27250a1edec8}"></Provider>
<EventID Qualifiers="">148</EventID>
<Version>0</Version>
<Level>4</Level>
<Task>4</Task>
<Opcode>17</Opcode>
<Keywords>0x4000000000000000</Keywords>
<TimeCreated SystemTime="2020-10-22 22:33:56.744562"></TimeCreated>
<EventRecordID>89</EventRecordID>
<Correlation ActivityID="{f420ab68-9514-4971-a00d-8746f5370000}" RelatedActivityID=""></Correlation>
<Execution ProcessID="884" ThreadID="2112"></Execution>
<Channel>Microsoft-Windows-RemoteDesktopServices-RdpCoreTS/Operational</Channel>
<Computer>WIN-PTFPHFCRDJ0</Computer>
<Security UserID="S-1-5-20"></Security>
</System>
<EventData><Data Name="ChannelName">AUDIO_PLAYBACK_DVC</Data>
<Data Name="TunnelID">1</Data>
</EventData>
</Event>

<Event xmlns="http://schemas.microsoft.com/win/2004/08/events/event"><System><Provider Name="Microsoft-Windows-RemoteDesktopServices-RdpCoreTS" Guid="{1139c61b-b549-4251-8ed3-27250a1edec8}"></Provider>
<EventID Qualifiers="">148</EventID>
<Version>0</Version>
<Level>4</Level>
<Task>4</Task>
<Opcode>17</Opcode>
<Keywords>0x4000000000000000</Keywords>
<TimeCreated SystemTime="2020-10-22 22:33:56.744570"></TimeCreated>
<EventRecordID>90</EventRecordID>
<Correlation ActivityID="{f420ab68-9514-4971-a00d-8746f5370000}" RelatedActivityID=""></Correlation>
<Execution ProcessID="884" ThreadID="2112"></Execution>
<Channel>Microsoft-Windows-RemoteDesktopServices-RdpCoreTS/Operational</Channel>
<Computer>WIN-PTFPHFCRDJ0</Computer>
<Security UserID="S-1-5-20"></Security>
</System>
<EventData><Data Name="ChannelName">Microsoft::Windows::RDS::Frame_Buffer::Control::v08.01</Data>
<Data Name="TunnelID">1</Data>
</EventData>
</Event>

<Event xmlns="http://schemas.microsoft.com/win/2004/08/events/event"><System><Provider Name="Microsoft-Windows-RemoteDesktopServices-RdpCoreTS" Guid="{1139c61b-b549-4251-8ed3-27250a1edec8}"></Provider>
<EventID Qualifiers="">148</EventID>
<Version>0</Version>
<Level>4</Level>
<Task>4</Task>
<Opcode>17</Opcode>
<Keywords>0x4000000000000000</Keywords>
<TimeCreated SystemTime="2020-10-22 22:33:56.744576"></TimeCreated>
<EventRecordID>91</EventRecordID>
<Correlation ActivityID="{f420ab68-9514-4971-a00d-8746f5370000}" RelatedActivityID=""></Correlation>
<Execution ProcessID="884" ThreadID="2112"></Execution>
<Channel>Microsoft-Windows-RemoteDesktopServices-RdpCoreTS/Operational</Channel>
<Computer>WIN-PTFPHFCRDJ0</Computer>
<Security UserID="S-1-5-20"></Security>
</System>
<EventData><Data Name="ChannelName">Microsoft::Windows::RDS::Graphics</Data>
<Data Name="TunnelID">1</Data>
</EventData>
</Event>

<Event xmlns="http://schemas.microsoft.com/win/2004/08/events/event"><System><Provider Name="Microsoft-Windows-RemoteDesktopServices-RdpCoreTS" Guid="{1139c61b-b549-4251-8ed3-27250a1edec8}"></Provider>
<EventID Qualifiers="">148</EventID>
<Version>0</Version>
<Level>4</Level>
<Task>4</Task>
<Opcode>17</Opcode>
<Keywords>0x4000000000000000</Keywords>
<TimeCreated SystemTime="2020-10-22 22:33:56.744577"></TimeCreated>
<EventRecordID>92</EventRecordID>
<Correlation ActivityID="{f420ab68-9514-4971-a00d-8746f5370000}" RelatedActivityID=""></Correlation>
<Execution ProcessID="884" ThreadID="2112"></Execution>
<Channel>Microsoft-Windows-RemoteDesktopServices-RdpCoreTS/Operational</Channel>
<Computer>WIN-PTFPHFCRDJ0</Computer>
<Security UserID="S-1-5-20"></Security>
</System>
<EventData><Data Name="ChannelName">ECHO</Data>
<Data Name="TunnelID">1</Data>
</EventData>
</Event>

<Event xmlns="http://schemas.microsoft.com/win/2004/08/events/event"><System><Provider Name="Microsoft-Windows-RemoteDesktopServices-RdpCoreTS" Guid="{1139c61b-b549-4251-8ed3-27250a1edec8}"></Provider>
<EventID Qualifiers="">148</EventID>
<Version>0</Version>
<Level>4</Level>
<Task>4</Task>
<Opcode>17</Opcode>
<Keywords>0x4000000000000000</Keywords>
<TimeCreated SystemTime="2020-10-22 22:33:56.744665"></TimeCreated>
<EventRecordID>93</EventRecordID>
<Correlation ActivityID="{f420ab68-9514-4971-a00d-8746f5370000}" RelatedActivityID=""></Correlation>
<Execution ProcessID="884" ThreadID="2112"></Execution>
<Channel>Microsoft-Windows-RemoteDesktopServices-RdpCoreTS/Operational</Channel>
<Computer>WIN-PTFPHFCRDJ0</Computer>
<Security UserID="S-1-5-20"></Security>
</System>
<EventData><Data Name="ChannelName">AUDIO_PLAYBACK_LOSSY_DVC</Data>
<Data Name="TunnelID">1</Data>
</EventData>
</Event>

<Event xmlns="http://schemas.microsoft.com/win/2004/08/events/event"><System><Provider Name="Microsoft-Windows-RemoteDesktopServices-RdpCoreTS" Guid="{1139c61b-b549-4251-8ed3-27250a1edec8}"></Provider>
<EventID Qualifiers="">148</EventID>
<Version>0</Version>
<Level>4</Level>
<Task>4</Task>
<Opcode>17</Opcode>
<Keywords>0x4000000000000000</Keywords>
<TimeCreated SystemTime="2020-10-22 22:33:56.744715"></TimeCreated>
<EventRecordID>94</EventRecordID>
<Correlation ActivityID="{f420ab68-9514-4971-a00d-8746f5370000}" RelatedActivityID=""></Correlation>
<Execution ProcessID="884" ThreadID="2112"></Execution>
<Channel>Microsoft-Windows-RemoteDesktopServices-RdpCoreTS/Operational</Channel>
<Computer>WIN-PTFPHFCRDJ0</Computer>
<Security UserID="S-1-5-20"></Security>
</System>
<EventData><Data Name="ChannelName">Microsoft::Windows::RDS::Geometry::v08.01</Data>
<Data Name="TunnelID">1</Data>
</EventData>
</Event>

<Event xmlns="http://schemas.microsoft.com/win/2004/08/events/event"><System><Provider Name="Microsoft-Windows-RemoteDesktopServices-RdpCoreTS" Guid="{1139c61b-b549-4251-8ed3-27250a1edec8}"></Provider>
<EventID Qualifiers="">148</EventID>
<Version>0</Version>
<Level>4</Level>
<Task>4</Task>
<Opcode>17</Opcode>
<Keywords>0x4000000000000000</Keywords>
<TimeCreated SystemTime="2020-10-22 22:33:56.744839"></TimeCreated>
<EventRecordID>95</EventRecordID>
<Correlation ActivityID="{f420ab68-9514-4971-a00d-8746f5370000}" RelatedActivityID=""></Correlation>
<Execution ProcessID="884" ThreadID="2112"></Execution>
<Channel>Microsoft-Windows-RemoteDesktopServices-RdpCoreTS/Operational</Channel>
<Computer>WIN-PTFPHFCRDJ0</Computer>
<Security UserID="S-1-5-20"></Security>
</System>
<EventData><Data Name="ChannelName">Microsoft::Windows::RDS::DisplayControl</Data>
<Data Name="TunnelID">1</Data>
</EventData>
</Event>

<Event xmlns="http://schemas.microsoft.com/win/2004/08/events/event"><System><Provider Name="Microsoft-Windows-RemoteDesktopServices-RdpCoreTS" Guid="{1139c61b-b549-4251-8ed3-27250a1edec8}"></Provider>
<EventID Qualifiers="">148</EventID>
<Version>0</Version>
<Level>4</Level>
<Task>4</Task>
<Opcode>17</Opcode>
<Keywords>0x4000000000000000</Keywords>
<TimeCreated SystemTime="2020-10-22 22:33:56.745077"></TimeCreated>
<EventRecordID>96</EventRecordID>
<Correlation ActivityID="{f420ab68-9514-4971-a00d-8746f5370000}" RelatedActivityID=""></Correlation>
<Execution ProcessID="884" ThreadID="2112"></Execution>
<Channel>Microsoft-Windows-RemoteDesktopServices-RdpCoreTS/Operational</Channel>
<Computer>WIN-PTFPHFCRDJ0</Computer>
<Security UserID="S-1-5-20"></Security>
</System>
<EventData><Data Name="ChannelName">rdpdr</Data>
<Data Name="TunnelID">1</Data>
</EventData>
</Event>

<Event xmlns="http://schemas.microsoft.com/win/2004/08/events/event"><System><Provider Name="Microsoft-Windows-RemoteDesktopServices-RdpCoreTS" Guid="{1139c61b-b549-4251-8ed3-27250a1edec8}"></Provider>
<EventID Qualifiers="">148</EventID>
<Version>0</Version>
<Level>4</Level>
<Task>4</Task>
<Opcode>17</Opcode>
<Keywords>0x4000000000000000</Keywords>
<TimeCreated SystemTime="2020-10-22 22:33:56.745083"></TimeCreated>
<EventRecordID>97</EventRecordID>
<Correlation ActivityID="{f420ab68-9514-4971-a00d-8746f5370000}" RelatedActivityID=""></Correlation>
<Execution ProcessID="884" ThreadID="2112"></Execution>
<Channel>Microsoft-Windows-RemoteDesktopServices-RdpCoreTS/Operational</Channel>
<Computer>WIN-PTFPHFCRDJ0</Computer>
<Security UserID="S-1-5-20"></Security>
</System>
<EventData><Data Name="ChannelName">rdpsnd</Data>
<Data Name="TunnelID">1</Data>
</EventData>
</Event>

<Event xmlns="http://schemas.microsoft.com/win/2004/08/events/event"><System><Provider Name="Microsoft-Windows-RemoteDesktopServices-RdpCoreTS" Guid="{1139c61b-b549-4251-8ed3-27250a1edec8}"></Provider>
<EventID Qualifiers="">148</EventID>
<Version>0</Version>
<Level>4</Level>
<Task>4</Task>
<Opcode>17</Opcode>
<Keywords>0x4000000000000000</Keywords>
<TimeCreated SystemTime="2020-10-22 22:33:56.745464"></TimeCreated>
<EventRecordID>98</EventRecordID>
<Correlation ActivityID="{f420ab68-9514-4971-a00d-8746f5370000}" RelatedActivityID=""></Correlation>
<Execution ProcessID="884" ThreadID="2112"></Execution>
<Channel>Microsoft-Windows-RemoteDesktopServices-RdpCoreTS/Operational</Channel>
<Computer>WIN-PTFPHFCRDJ0</Computer>
<Security UserID="S-1-5-20"></Security>
</System>
<EventData><Data Name="ChannelName">cliprdr</Data>
<Data Name="TunnelID">1</Data>
</EventData>
</Event>

<Event xmlns="http://schemas.microsoft.com/win/2004/08/events/event"><System><Provider Name="Microsoft-Windows-RemoteDesktopServices-RdpCoreTS" Guid="{1139c61b-b549-4251-8ed3-27250a1edec8}"></Provider>
<EventID Qualifiers="">228</EventID>
<Version>0</Version>
<Level>3</Level>
<Task>4</Task>
<Opcode>19</Opcode>
<Keywords>0x4000000000000000</Keywords>
<TimeCreated SystemTime="2020-10-22 22:33:56.747402"></TimeCreated>
<EventRecordID>99</EventRecordID>
<Correlation ActivityID="{f420ab68-9514-4971-a00d-8746f5370000}" RelatedActivityID=""></Correlation>
<Execution ProcessID="884" ThreadID="4188"></Execution>
<Channel>Microsoft-Windows-RemoteDesktopServices-RdpCoreTS/Operational</Channel>
<Computer>WIN-PTFPHFCRDJ0</Computer>
<Security UserID="S-1-5-20"></Security>
</System>
<EventData><Data Name="ComponentName">CUMRDPConnection</Data>
<Data Name="Message">Disconnect trace:'calling spGfxPlugin-&gt;PreDisconnect()' in CUMRDPConnection::PreDisconnect at 4615 err=[0x0]</Data>
<Data Name="ErrorCode">0</Data>
</EventData>
</Event>

<Event xmlns="http://schemas.microsoft.com/win/2004/08/events/event"><System><Provider Name="Microsoft-Windows-RemoteDesktopServices-RdpCoreTS" Guid="{1139c61b-b549-4251-8ed3-27250a1edec8}"></Provider>
<EventID Qualifiers="">72</EventID>
<Version>0</Version>
<Level>4</Level>
<Task>4</Task>
<Opcode>13</Opcode>
<Keywords>0x4000000000000000</Keywords>
<TimeCreated SystemTime="2020-10-22 22:33:56.747404"></TimeCreated>
<EventRecordID>100</EventRecordID>
<Correlation ActivityID="{f420ab68-9514-4971-a00d-8746f5370000}" RelatedActivityID=""></Correlation>
<Execution ProcessID="884" ThreadID="4188"></Execution>
<Channel>Microsoft-Windows-RemoteDesktopServices-RdpCoreTS/Operational</Channel>
<Computer>WIN-PTFPHFCRDJ0</Computer>
<Security UserID="S-1-5-20"></Security>
</System>
<EventData><Data Name="MethodName">PreDisconnect(0)</Data>
</EventData>
</Event>

<Event xmlns="http://schemas.microsoft.com/win/2004/08/events/event"><System><Provider Name="Microsoft-Windows-RemoteDesktopServices-RdpCoreTS" Guid="{1139c61b-b549-4251-8ed3-27250a1edec8}"></Provider>
<EventID Qualifiers="">72</EventID>
<Version>0</Version>
<Level>4</Level>
<Task>4</Task>
<Opcode>13</Opcode>
<Keywords>0x4000000000000000</Keywords>
<TimeCreated SystemTime="2020-10-22 22:33:56.747408"></TimeCreated>
<EventRecordID>101</EventRecordID>
<Correlation ActivityID="{f420ab68-9514-4971-a00d-8746f5370000}" RelatedActivityID=""></Correlation>
<Execution ProcessID="884" ThreadID="4188"></Execution>
<Channel>Microsoft-Windows-RemoteDesktopServices-RdpCoreTS/Operational</Channel>
<Computer>WIN-PTFPHFCRDJ0</Computer>
<Security UserID="S-1-5-20"></Security>
</System>
<EventData><Data Name="MethodName">SetErrorInfo(0x0)</Data>
</EventData>
</Event>

<Event xmlns="http://schemas.microsoft.com/win/2004/08/events/event"><System><Provider Name="Microsoft-Windows-RemoteDesktopServices-RdpCoreTS" Guid="{1139c61b-b549-4251-8ed3-27250a1edec8}"></Provider>
<EventID Qualifiers="">72</EventID>
<Version>0</Version>
<Level>4</Level>
<Task>4</Task>
<Opcode>13</Opcode>
<Keywords>0x4000000000000000</Keywords>
<TimeCreated SystemTime="2020-10-22 22:33:56.768568"></TimeCreated>
<EventRecordID>102</EventRecordID>
<Correlation ActivityID="{f420ab68-9514-4971-a00d-8746f5370000}" RelatedActivityID=""></Correlation>
<Execution ProcessID="884" ThreadID="3776"></Execution>
<Channel>Microsoft-Windows-RemoteDesktopServices-RdpCoreTS/Operational</Channel>
<Computer>WIN-PTFPHFCRDJ0</Computer>
<Security UserID="S-1-5-20"></Security>
</System>
<EventData><Data Name="MethodName">DisconnectNotify</Data>
</EventData>
</Event>

<Event xmlns="http://schemas.microsoft.com/win/2004/08/events/event"><System><Provider Name="Microsoft-Windows-RemoteDesktopServices-RdpCoreTS" Guid="{1139c61b-b549-4251-8ed3-27250a1edec8}"></Provider>
<EventID Qualifiers="">72</EventID>
<Version>0</Version>
<Level>4</Level>
<Task>4</Task>
<Opcode>13</Opcode>
<Keywords>0x4000000000000000</Keywords>
<TimeCreated SystemTime="2020-10-22 22:33:56.768570"></TimeCreated>
<EventRecordID>103</EventRecordID>
<Correlation ActivityID="{f420ab68-9514-4971-a00d-8746f5370000}" RelatedActivityID=""></Correlation>
<Execution ProcessID="884" ThreadID="3776"></Execution>
<Channel>Microsoft-Windows-RemoteDesktopServices-RdpCoreTS/Operational</Channel>
<Computer>WIN-PTFPHFCRDJ0</Computer>
<Security UserID="S-1-5-20"></Security>
</System>
<EventData><Data Name="MethodName">GetServerAutoReconnectInfo</Data>
</EventData>
</Event>

<Event xmlns="http://schemas.microsoft.com/win/2004/08/events/event"><System><Provider Name="Microsoft-Windows-RemoteDesktopServices-RdpCoreTS" Guid="{1139c61b-b549-4251-8ed3-27250a1edec8}"></Provider>
<EventID Qualifiers="">72</EventID>
<Version>0</Version>
<Level>4</Level>
<Task>4</Task>
<Opcode>13</Opcode>
<Keywords>0x4000000000000000</Keywords>
<TimeCreated SystemTime="2020-10-22 22:33:56.769196"></TimeCreated>
<EventRecordID>104</EventRecordID>
<Correlation ActivityID="{f420ab68-9514-4971-a00d-8746f5370000}" RelatedActivityID=""></Correlation>
<Execution ProcessID="884" ThreadID="3776"></Execution>
<Channel>Microsoft-Windows-RemoteDesktopServices-RdpCoreTS/Operational</Channel>
<Computer>WIN-PTFPHFCRDJ0</Computer>
<Security UserID="S-1-5-20"></Security>
</System>
<EventData><Data Name="MethodName">GetServerAutoReconnectInfo</Data>
</EventData>
</Event>

<Event xmlns="http://schemas.microsoft.com/win/2004/08/events/event"><System><Provider Name="Microsoft-Windows-RemoteDesktopServices-RdpCoreTS" Guid="{1139c61b-b549-4251-8ed3-27250a1edec8}"></Provider>
<EventID Qualifiers="">103</EventID>
<Version>0</Version>
<Level>4</Level>
<Task>4</Task>
<Opcode>17</Opcode>
<Keywords>0x4000000000000000</Keywords>
<TimeCreated SystemTime="2020-10-22 22:33:56.769201"></TimeCreated>
<EventRecordID>105</EventRecordID>
<Correlation ActivityID="{f420ab68-9514-4971-a00d-8746f5370000}" RelatedActivityID=""></Correlation>
<Execution ProcessID="884" ThreadID="3776"></Execution>
<Channel>Microsoft-Windows-RemoteDesktopServices-RdpCoreTS/Operational</Channel>
<Computer>WIN-PTFPHFCRDJ0</Computer>
<Security UserID="S-1-5-20"></Security>
</System>
<EventData><Data Name="ReasonCode">13</Data>
</EventData>
</Event>

<Event xmlns="http://schemas.microsoft.com/win/2004/08/events/event"><System><Provider Name="Microsoft-Windows-RemoteDesktopServices-RdpCoreTS" Guid="{1139c61b-b549-4251-8ed3-27250a1edec8}"></Provider>
<EventID Qualifiers="">131</EventID>
<Version>0</Version>
<Level>4</Level>
<Task>4</Task>
<Opcode>15</Opcode>
<Keywords>0x4000000000000000</Keywords>
<TimeCreated SystemTime="2020-10-22 22:38:54.182236"></TimeCreated>
<EventRecordID>106</EventRecordID>
<Correlation ActivityID="{f420b651-4938-4d4e-87cb-e49e9bec0000}" RelatedActivityID=""></Correlation>
<Execution ProcessID="884" ThreadID="4484"></Execution>
<Channel>Microsoft-Windows-RemoteDesktopServices-RdpCoreTS/Operational</Channel>
<Computer>WIN-PTFPHFCRDJ0</Computer>
<Security UserID="S-1-5-20"></Security>
</System>
<EventData><Data Name="ConnType">TCP</Data>
<Data Name="ClientIP">22.22.22.136:49677</Data>
</EventData>
</Event>

<Event xmlns="http://schemas.microsoft.com/win/2004/08/events/event"><System><Provider Name="Microsoft-Windows-RemoteDesktopServices-RdpCoreTS" Guid="{1139c61b-b549-4251-8ed3-27250a1edec8}"></Provider>
<EventID Qualifiers="">65</EventID>
<Version>0</Version>
<Level>4</Level>
<Task>4</Task>
<Opcode>13</Opcode>
<Keywords>0x4000000000000000</Keywords>
<TimeCreated SystemTime="2020-10-22 22:38:54.182981"></TimeCreated>
<EventRecordID>107</EventRecordID>
<Correlation ActivityID="{f420b651-4938-4d4e-87cb-e49e9bec0000}" RelatedActivityID=""></Correlation>
<Execution ProcessID="884" ThreadID="2124"></Execution>
<Channel>Microsoft-Windows-RemoteDesktopServices-RdpCoreTS/Operational</Channel>
<Computer>WIN-PTFPHFCRDJ0</Computer>
<Security UserID="S-1-5-20"></Security>
</System>
<EventData><Data Name="ConnectionName">RDP-Tcp#2</Data>
</EventData>
</Event>

<Event xmlns="http://schemas.microsoft.com/win/2004/08/events/event"><System><Provider Name="Microsoft-Windows-RemoteDesktopServices-RdpCoreTS" Guid="{1139c61b-b549-4251-8ed3-27250a1edec8}"></Provider>
<EventID Qualifiers="">72</EventID>
<Version>0</Version>
<Level>4</Level>
<Task>4</Task>
<Opcode>13</Opcode>
<Keywords>0x4000000000000000</Keywords>
<TimeCreated SystemTime="2020-10-22 22:38:54.183746"></TimeCreated>
<EventRecordID>108</EventRecordID>
<Correlation ActivityID="{f420b651-4938-4d4e-87cb-e49e9bec0000}" RelatedActivityID=""></Correlation>
<Execution ProcessID="884" ThreadID="3612"></Execution>
<Channel>Microsoft-Windows-RemoteDesktopServices-RdpCoreTS/Operational</Channel>
<Computer>WIN-PTFPHFCRDJ0</Computer>
<Security UserID="S-1-5-20"></Security>
</System>
<EventData><Data Name="MethodName">PrepareForAccept</Data>
</EventData>
</Event>

<Event xmlns="http://schemas.microsoft.com/win/2004/08/events/event"><System><Provider Name="Microsoft-Windows-RemoteDesktopServices-RdpCoreTS" Guid="{1139c61b-b549-4251-8ed3-27250a1edec8}"></Provider>
<EventID Qualifiers="">72</EventID>
<Version>0</Version>
<Level>4</Level>
<Task>4</Task>
<Opcode>13</Opcode>
<Keywords>0x4000000000000000</Keywords>
<TimeCreated SystemTime="2020-10-22 22:38:54.183752"></TimeCreated>
<EventRecordID>109</EventRecordID>
<Correlation ActivityID="{f420b651-4938-4d4e-87cb-e49e9bec0000}" RelatedActivityID=""></Correlation>
<Execution ProcessID="884" ThreadID="3612"></Execution>
<Channel>Microsoft-Windows-RemoteDesktopServices-RdpCoreTS/Operational</Channel>
<Computer>WIN-PTFPHFCRDJ0</Computer>
<Security UserID="S-1-5-20"></Security>
</System>
<EventData><Data Name="MethodName">SendPolicyData</Data>
</EventData>
</Event>

<Event xmlns="http://schemas.microsoft.com/win/2004/08/events/event"><System><Provider Name="Microsoft-Windows-RemoteDesktopServices-RdpCoreTS" Guid="{1139c61b-b549-4251-8ed3-27250a1edec8}"></Provider>
<EventID Qualifiers="">141</EventID>
<Version>0</Version>
<Level>4</Level>
<Task>4</Task>
<Opcode>11</Opcode>
<Keywords>0x4000000000000000</Keywords>
<TimeCreated SystemTime="2020-10-22 22:38:54.184107"></TimeCreated>
<EventRecordID>110</EventRecordID>
<Correlation ActivityID="{f420b651-4938-4d4e-87cb-e49e9bec0000}" RelatedActivityID=""></Correlation>
<Execution ProcessID="884" ThreadID="3612"></Execution>
<Channel>Microsoft-Windows-RemoteDesktopServices-RdpCoreTS/Operational</Channel>
<Computer>WIN-PTFPHFCRDJ0</Computer>
<Security UserID="S-1-5-20"></Security>
</System>
<EventData><Data Name="InstanceID">2</Data>
</EventData>
</Event>

<Event xmlns="http://schemas.microsoft.com/win/2004/08/events/event"><System><Provider Name="Microsoft-Windows-RemoteDesktopServices-RdpCoreTS" Guid="{1139c61b-b549-4251-8ed3-27250a1edec8}"></Provider>
<EventID Qualifiers="">143</EventID>
<Version>0</Version>
<Level>3</Level>
<Task>4</Task>
<Opcode>15</Opcode>
<Keywords>0x4000000000000000</Keywords>
<TimeCreated SystemTime="2020-10-22 22:38:57.016544"></TimeCreated>
<EventRecordID>111</EventRecordID>
<Correlation ActivityID="{f420b651-4938-4d4e-87cb-e49e9bec0000}" RelatedActivityID=""></Correlation>
<Execution ProcessID="884" ThreadID="272"></Execution>
<Channel>Microsoft-Windows-RemoteDesktopServices-RdpCoreTS/Operational</Channel>
<Computer>WIN-PTFPHFCRDJ0</Computer>
<Security UserID="S-1-5-20"></Security>
</System>
<EventData><Data Name="error">64</Data>
</EventData>
</Event>

