<Event xmlns="http://schemas.microsoft.com/win/2004/08/events/event"><System><Provider Name="Microsoft-Windows-VolumeSnapshot-Driver" Guid="{67fe2216-727a-40cb-94b2-c02211edb34a}"></Provider>
<EventID Qualifiers="">101</EventID>
<Version>0</Version>
<Level>4</Level>
<Task>0</Task>
<Opcode>2</Opcode>
<Keywords>0x4000000000000000</Keywords>
<TimeCreated SystemTime="2020-10-26 11:57:20.905005"></TimeCreated>
<EventRecordID>54</EventRecordID>
<Correlation ActivityID="" RelatedActivityID=""></Correlation>
<Execution ProcessID="4" ThreadID="432"></Execution>
<Channel>Microsoft-Windows-VolumeSnapshot-Driver/Operational</Channel>
<Computer>WIN-PTFPHFCRDJ0</Computer>
<Security UserID="S-1-5-18"></Security>
</System>
<EventData><Data Name="TargetVolumeGuid">{962e1b8c-bf58-4dfe-adc8-abd1a164675b}</Data>
<Data Name="SourceFile">0x00000001</Data>
<Data Name="SourceLine">38467</Data>
<Data Name="SourceTag">125</Data>
</EventData>
</Event>

<Event xmlns="http://schemas.microsoft.com/win/2004/08/events/event"><System><Provider Name="Microsoft-Windows-VolumeSnapshot-Driver" Guid="{67fe2216-727a-40cb-94b2-c02211edb34a}"></Provider>
<EventID Qualifiers="">100</EventID>
<Version>0</Version>
<Level>4</Level>
<Task>0</Task>
<Opcode>1</Opcode>
<Keywords>0x4000000000000000</Keywords>
<TimeCreated SystemTime="2020-10-26 15:12:06.904400"></TimeCreated>
<EventRecordID>55</EventRecordID>
<Correlation ActivityID="" RelatedActivityID=""></Correlation>
<Execution ProcessID="4" ThreadID="432"></Execution>
<Channel>Microsoft-Windows-VolumeSnapshot-Driver/Operational</Channel>
<Computer>WIN-PTFPHFCRDJ0</Computer>
<Security UserID="S-1-5-18"></Security>
</System>
<EventData><Data Name="TargetVolumeGuid">{7f9d987d-5783-403a-aa51-991e47307e5b}</Data>
<Data Name="SourceFile">0x00000001</Data>
<Data Name="SourceLine">38303</Data>
<Data Name="SourceTag">124</Data>
</EventData>
</Event>

<Event xmlns="http://schemas.microsoft.com/win/2004/08/events/event"><System><Provider Name="Microsoft-Windows-VolumeSnapshot-Driver" Guid="{67fe2216-727a-40cb-94b2-c02211edb34a}"></Provider>
<EventID Qualifiers="">101</EventID>
<Version>0</Version>
<Level>4</Level>
<Task>0</Task>
<Opcode>2</Opcode>
<Keywords>0x4000000000000000</Keywords>
<TimeCreated SystemTime="2020-10-26 15:12:06.904579"></TimeCreated>
<EventRecordID>56</EventRecordID>
<Correlation ActivityID="" RelatedActivityID=""></Correlation>
<Execution ProcessID="4" ThreadID="432"></Execution>
<Channel>Microsoft-Windows-VolumeSnapshot-Driver/Operational</Channel>
<Computer>WIN-PTFPHFCRDJ0</Computer>
<Security UserID="S-1-5-18"></Security>
</System>
<EventData><Data Name="TargetVolumeGuid">{7f9d987d-5783-403a-aa51-991e47307e5b}</Data>
<Data Name="SourceFile">0x00000001</Data>
<Data Name="SourceLine">38467</Data>
<Data Name="SourceTag">125</Data>
</EventData>
</Event>

<Event xmlns="http://schemas.microsoft.com/win/2004/08/events/event"><System><Provider Name="Microsoft-Windows-VolumeSnapshot-Driver" Guid="{67fe2216-727a-40cb-94b2-c02211edb34a}"></Provider>
<EventID Qualifiers="">100</EventID>
<Version>0</Version>
<Level>4</Level>
<Task>0</Task>
<Opcode>1</Opcode>
<Keywords>0x4000000000000000</Keywords>
<TimeCreated SystemTime="2020-10-26 15:12:06.904600"></TimeCreated>
<EventRecordID>57</EventRecordID>
<Correlation ActivityID="" RelatedActivityID=""></Correlation>
<Execution ProcessID="4" ThreadID="432"></Execution>
<Channel>Microsoft-Windows-VolumeSnapshot-Driver/Operational</Channel>
<Computer>WIN-PTFPHFCRDJ0</Computer>
<Security UserID="S-1-5-18"></Security>
</System>
<EventData><Data Name="TargetVolumeGuid">{a2d29003-f676-4723-b23d-a25152b94f7c}</Data>
<Data Name="SourceFile">0x00000001</Data>
<Data Name="SourceLine">38303</Data>
<Data Name="SourceTag">124</Data>
</EventData>
</Event>

<Event xmlns="http://schemas.microsoft.com/win/2004/08/events/event"><System><Provider Name="Microsoft-Windows-VolumeSnapshot-Driver" Guid="{67fe2216-727a-40cb-94b2-c02211edb34a}"></Provider>
<EventID Qualifiers="">101</EventID>
<Version>0</Version>
<Level>4</Level>
<Task>0</Task>
<Opcode>2</Opcode>
<Keywords>0x4000000000000000</Keywords>
<TimeCreated SystemTime="2020-10-26 15:12:06.904774"></TimeCreated>
<EventRecordID>58</EventRecordID>
<Correlation ActivityID="" RelatedActivityID=""></Correlation>
<Execution ProcessID="4" ThreadID="432"></Execution>
<Channel>Microsoft-Windows-VolumeSnapshot-Driver/Operational</Channel>
<Computer>WIN-PTFPHFCRDJ0</Computer>
<Security UserID="S-1-5-18"></Security>
</System>
<EventData><Data Name="TargetVolumeGuid">{a2d29003-f676-4723-b23d-a25152b94f7c}</Data>
<Data Name="SourceFile">0x00000001</Data>
<Data Name="SourceLine">38467</Data>
<Data Name="SourceTag">125</Data>
</EventData>
</Event>

<Event xmlns="http://schemas.microsoft.com/win/2004/08/events/event"><System><Provider Name="Microsoft-Windows-VolumeSnapshot-Driver" Guid="{67fe2216-727a-40cb-94b2-c02211edb34a}"></Provider>
<EventID Qualifiers="">100</EventID>
<Version>0</Version>
<Level>4</Level>
<Task>0</Task>
<Opcode>1</Opcode>
<Keywords>0x4000000000000000</Keywords>
<TimeCreated SystemTime="2020-10-26 15:12:06.904871"></TimeCreated>
<EventRecordID>59</EventRecordID>
<Correlation ActivityID="" RelatedActivityID=""></Correlation>
<Execution ProcessID="4" ThreadID="432"></Execution>
<Channel>Microsoft-Windows-VolumeSnapshot-Driver/Operational</Channel>
<Computer>WIN-PTFPHFCRDJ0</Computer>
<Security UserID="S-1-5-18"></Security>
</System>
<EventData><Data Name="TargetVolumeGuid">{962e1b8c-bf58-4dfe-adc8-abd1a164675b}</Data>
<Data Name="SourceFile">0x00000001</Data>
<Data Name="SourceLine">38303</Data>
<Data Name="SourceTag">124</Data>
</EventData>
</Event>

<Event xmlns="http://schemas.microsoft.com/win/2004/08/events/event"><System><Provider Name="Microsoft-Windows-VolumeSnapshot-Driver" Guid="{67fe2216-727a-40cb-94b2-c02211edb34a}"></Provider>
<EventID Qualifiers="">101</EventID>
<Version>0</Version>
<Level>4</Level>
<Task>0</Task>
<Opcode>2</Opcode>
<Keywords>0x4000000000000000</Keywords>
<TimeCreated SystemTime="2020-10-26 15:12:06.905043"></TimeCreated>
<EventRecordID>60</EventRecordID>
<Correlation ActivityID="" RelatedActivityID=""></Correlation>
<Execution ProcessID="4" ThreadID="432"></Execution>
<Channel>Microsoft-Windows-VolumeSnapshot-Driver/Operational</Channel>
<Computer>WIN-PTFPHFCRDJ0</Computer>
<Security UserID="S-1-5-18"></Security>
</System>
<EventData><Data Name="TargetVolumeGuid">{962e1b8c-bf58-4dfe-adc8-abd1a164675b}</Data>
<Data Name="SourceFile">0x00000001</Data>
<Data Name="SourceLine">38467</Data>
<Data Name="SourceTag">125</Data>
</EventData>
</Event>

<Event xmlns="http://schemas.microsoft.com/win/2004/08/events/event"><System><Provider Name="Microsoft-Windows-VolumeSnapshot-Driver" Guid="{67fe2216-727a-40cb-94b2-c02211edb34a}"></Provider>
<EventID Qualifiers="">100</EventID>
<Version>0</Version>
<Level>4</Level>
<Task>0</Task>
<Opcode>1</Opcode>
<Keywords>0x4000000000000000</Keywords>
<TimeCreated SystemTime="2020-10-27 01:57:37.841642"></TimeCreated>
<EventRecordID>61</EventRecordID>
<Correlation ActivityID="" RelatedActivityID=""></Correlation>
<Execution ProcessID="4" ThreadID="432"></Execution>
<Channel>Microsoft-Windows-VolumeSnapshot-Driver/Operational</Channel>
<Computer>WIN-PTFPHFCRDJ0</Computer>
<Security UserID="S-1-5-18"></Security>
</System>
<EventData><Data Name="TargetVolumeGuid">{7f9d987d-5783-403a-aa51-991e47307e5b}</Data>
<Data Name="SourceFile">0x00000001</Data>
<Data Name="SourceLine">38303</Data>
<Data Name="SourceTag">124</Data>
</EventData>
</Event>

<Event xmlns="http://schemas.microsoft.com/win/2004/08/events/event"><System><Provider Name="Microsoft-Windows-VolumeSnapshot-Driver" Guid="{67fe2216-727a-40cb-94b2-c02211edb34a}"></Provider>
<EventID Qualifiers="">101</EventID>
<Version>0</Version>
<Level>4</Level>
<Task>0</Task>
<Opcode>2</Opcode>
<Keywords>0x4000000000000000</Keywords>
<TimeCreated SystemTime="2020-10-27 01:57:37.841904"></TimeCreated>
<EventRecordID>62</EventRecordID>
<Correlation ActivityID="" RelatedActivityID=""></Correlation>
<Execution ProcessID="4" ThreadID="432"></Execution>
<Channel>Microsoft-Windows-VolumeSnapshot-Driver/Operational</Channel>
<Computer>WIN-PTFPHFCRDJ0</Computer>
<Security UserID="S-1-5-18"></Security>
</System>
<EventData><Data Name="TargetVolumeGuid">{7f9d987d-5783-403a-aa51-991e47307e5b}</Data>
<Data Name="SourceFile">0x00000001</Data>
<Data Name="SourceLine">38467</Data>
<Data Name="SourceTag">125</Data>
</EventData>
</Event>

<Event xmlns="http://schemas.microsoft.com/win/2004/08/events/event"><System><Provider Name="Microsoft-Windows-VolumeSnapshot-Driver" Guid="{67fe2216-727a-40cb-94b2-c02211edb34a}"></Provider>
<EventID Qualifiers="">100</EventID>
<Version>0</Version>
<Level>4</Level>
<Task>0</Task>
<Opcode>1</Opcode>
<Keywords>0x4000000000000000</Keywords>
<TimeCreated SystemTime="2020-10-27 01:57:37.841927"></TimeCreated>
<EventRecordID>63</EventRecordID>
<Correlation ActivityID="" RelatedActivityID=""></Correlation>
<Execution ProcessID="4" ThreadID="432"></Execution>
<Channel>Microsoft-Windows-VolumeSnapshot-Driver/Operational</Channel>
<Computer>WIN-PTFPHFCRDJ0</Computer>
<Security UserID="S-1-5-18"></Security>
</System>
<EventData><Data Name="TargetVolumeGuid">{a2d29003-f676-4723-b23d-a25152b94f7c}</Data>
<Data Name="SourceFile">0x00000001</Data>
<Data Name="SourceLine">38303</Data>
<Data Name="SourceTag">124</Data>
</EventData>
</Event>

<Event xmlns="http://schemas.microsoft.com/win/2004/08/events/event"><System><Provider Name="Microsoft-Windows-VolumeSnapshot-Driver" Guid="{67fe2216-727a-40cb-94b2-c02211edb34a}"></Provider>
<EventID Qualifiers="">101</EventID>
<Version>0</Version>
<Level>4</Level>
<Task>0</Task>
<Opcode>2</Opcode>
<Keywords>0x4000000000000000</Keywords>
<TimeCreated SystemTime="2020-10-27 01:57:37.841999"></TimeCreated>
<EventRecordID>64</EventRecordID>
<Correlation ActivityID="" RelatedActivityID=""></Correlation>
<Execution ProcessID="4" ThreadID="432"></Execution>
<Channel>Microsoft-Windows-VolumeSnapshot-Driver/Operational</Channel>
<Computer>WIN-PTFPHFCRDJ0</Computer>
<Security UserID="S-1-5-18"></Security>
</System>
<EventData><Data Name="TargetVolumeGuid">{a2d29003-f676-4723-b23d-a25152b94f7c}</Data>
<Data Name="SourceFile">0x00000001</Data>
<Data Name="SourceLine">38467</Data>
<Data Name="SourceTag">125</Data>
</EventData>
</Event>

<Event xmlns="http://schemas.microsoft.com/win/2004/08/events/event"><System><Provider Name="Microsoft-Windows-VolumeSnapshot-Driver" Guid="{67fe2216-727a-40cb-94b2-c02211edb34a}"></Provider>
<EventID Qualifiers="">100</EventID>
<Version>0</Version>
<Level>4</Level>
<Task>0</Task>
<Opcode>1</Opcode>
<Keywords>0x4000000000000000</Keywords>
<TimeCreated SystemTime="2020-10-27 01:57:37.842094"></TimeCreated>
<EventRecordID>65</EventRecordID>
<Correlation ActivityID="" RelatedActivityID=""></Correlation>
<Execution ProcessID="4" ThreadID="432"></Execution>
<Channel>Microsoft-Windows-VolumeSnapshot-Driver/Operational</Channel>
<Computer>WIN-PTFPHFCRDJ0</Computer>
<Security UserID="S-1-5-18"></Security>
</System>
<EventData><Data Name="TargetVolumeGuid">{962e1b8c-bf58-4dfe-adc8-abd1a164675b}</Data>
<Data Name="SourceFile">0x00000001</Data>
<Data Name="SourceLine">38303</Data>
<Data Name="SourceTag">124</Data>
</EventData>
</Event>

<Event xmlns="http://schemas.microsoft.com/win/2004/08/events/event"><System><Provider Name="Microsoft-Windows-VolumeSnapshot-Driver" Guid="{67fe2216-727a-40cb-94b2-c02211edb34a}"></Provider>
<EventID Qualifiers="">101</EventID>
<Version>0</Version>
<Level>4</Level>
<Task>0</Task>
<Opcode>2</Opcode>
<Keywords>0x4000000000000000</Keywords>
<TimeCreated SystemTime="2020-10-27 01:57:37.842258"></TimeCreated>
<EventRecordID>66</EventRecordID>
<Correlation ActivityID="" RelatedActivityID=""></Correlation>
<Execution ProcessID="4" ThreadID="432"></Execution>
<Channel>Microsoft-Windows-VolumeSnapshot-Driver/Operational</Channel>
<Computer>WIN-PTFPHFCRDJ0</Computer>
<Security UserID="S-1-5-18"></Security>
</System>
<EventData><Data Name="TargetVolumeGuid">{962e1b8c-bf58-4dfe-adc8-abd1a164675b}</Data>
<Data Name="SourceFile">0x00000001</Data>
<Data Name="SourceLine">38467</Data>
<Data Name="SourceTag">125</Data>
</EventData>
</Event>

</Events>
