<Event xmlns="http://schemas.microsoft.com/win/2004/08/events/event"><System><Provider Name="Microsoft-Windows-LiveId" Guid="{05f02597-fe85-4e67-8542-69567ab8fd4f}"></Provider>
<EventID Qualifiers="">2024</EventID>
<Version>0</Version>
<Level>4</Level>
<Task>101</Task>
<Opcode>0</Opcode>
<Keywords>0x4000000000000010</Keywords>
<TimeCreated SystemTime="2020-10-24 21:55:04.920866"></TimeCreated>
<EventRecordID>52</EventRecordID>
<Correlation ActivityID="" RelatedActivityID=""></Correlation>
<Execution ProcessID="1320" ThreadID="1352"></Execution>
<Channel>Microsoft-Windows-LiveId/Operational</Channel>
<Computer>WIN-PTFPHFCRDJ0</Computer>
<Security UserID="S-1-5-18"></Security>
</System>
<EventData><Data Name="Operation">Service started</Data>
<Data Name="Details">The service will auto stop if no requests received for some period of time.</Data>
<Data Name="Status">0x00000000</Data>
</EventData>
</Event>

<Event xmlns="http://schemas.microsoft.com/win/2004/08/events/event"><System><Provider Name="Microsoft-Windows-LiveId" Guid="{05f02597-fe85-4e67-8542-69567ab8fd4f}"></Provider>
<EventID Qualifiers="">6115</EventID>
<Version>0</Version>
<Level>4</Level>
<Task>0</Task>
<Opcode>0</Opcode>
<Keywords>0x4000000000200800</Keywords>
<TimeCreated SystemTime="2020-10-24 21:55:05.402960"></TimeCreated>
<EventRecordID>53</EventRecordID>
<Correlation ActivityID="" RelatedActivityID=""></Correlation>
<Execution ProcessID="1320" ThreadID="2208"></Execution>
<Channel>Microsoft-Windows-LiveId/Operational</Channel>
<Computer>WIN-PTFPHFCRDJ0</Computer>
<Security UserID="S-1-5-18"></Security>
</System>
<EventData><Data Name="Value">&lt;s:Envelope&gt;&lt;s:Header&gt;&lt;wsa:Action s:mustUnderstand="1"&gt;*&lt;/wsa:Action&gt;&lt;wsa:To s:mustUnderstand="1"&gt;*&lt;/wsa:To&gt;&lt;wsa:MessageID&gt;*&lt;/wsa:MessageID&gt;&lt;ps:AuthInfo Id="PPAuthInfo"&gt;&lt;ps:HostingApp&gt;*&lt;/ps:HostingApp&gt;&lt;ps:BinaryVersion&gt;*&lt;/ps:BinaryVersion&gt;&lt;ps:UIVersion&gt;*&lt;/ps:UIVersion&gt;&lt;ps:InlineUX&gt;*&lt;/ps:InlineUX&gt;&lt;ps:IsAdmin&gt;*&lt;/ps:IsAdmin&gt;&lt;ps:Cookies&gt;&lt;/ps:Cookies&gt;&lt;ps:RequestParams&gt;*&lt;/ps:RequestParams&gt;&lt;ps:WindowsClientString&gt;*&lt;/ps:WindowsClientString&gt;&lt;ps:LicenseSignatureKeyVersion&gt;*&lt;/ps:LicenseSignatureKeyVersion&gt;&lt;ps:ClientCapabilities&gt;*&lt;/ps:ClientCapabilities&gt;&lt;/ps:AuthInfo&gt;&lt;wsse:Security&gt;&lt;EncryptedData xmlns="http://www.w3.org/2001/04/xmlenc#" Id="devicesoftware" Type="http://www.w3.org/2001/04/xmlenc#Element"&gt;&lt;EncryptionMethod Algorithm="http://www.w3.org/2001/04/xmlenc#tripledes-cbc"&gt;&lt;/EncryptionMethod&gt;&lt;ds:KeyInfo&gt;&lt;ds:KeyName&gt;*&lt;/ds:KeyName&gt;&lt;/ds:KeyInfo&gt;&lt;CipherData&gt;&lt;CipherValue&gt;*&lt;/CipherValue&gt;&lt;/CipherData&gt;&lt;/EncryptedData&gt;&lt;wssc:DerivedKeyToken wsu:Id="SignKey" Algorithm="urn:liveid:SP800108_CTR_HMAC_SHA256_DOUBLEDERIVED"&gt;&lt;wsse:RequestedTokenReference&gt;&lt;wsse:KeyIdentifier ValueType="http://docs.oasis-open.org/wss/2004/XX/oasis-2004XX-wss-saml-token-profile-1.0#SAMLAssertionID"/&gt;&lt;wsse:Reference URI=""/&gt;&lt;/wsse:RequestedTokenReference&gt;&lt;wssc:Nonce&gt;*&lt;/wssc:Nonce&gt;&lt;/wssc:DerivedKeyToken&gt;&lt;wsu:Timestamp wsu:Id="Timestamp"&gt;&lt;wsu:Created&gt;2020-10-24T21:55:04Z&lt;/wsu:Created&gt;&lt;wsu:Expires&gt;2020-10-24T22:00:04Z&lt;/wsu:Expires&gt;&lt;/wsu:Timestamp&gt;&lt;Signature xmlns="http://www.w3.org/2000/09/xmldsig#"&gt;&lt;SignedInfo&gt;&lt;CanonicalizationMethod Algorithm="http://www.w3.org/2001/10/xml-exc-c14n#"&gt;&lt;/CanonicalizationMethod&gt;&lt;SignatureMethod Algorithm="http://www.w3.org/2001/04/xmldsig-more#hmac-sha256"&gt;&lt;/SignatureMethod&gt;&lt;Reference URI="#RST0"&gt;&lt;Transforms&gt;&lt;Transform Algorithm="http://www.w3.org/2001/10/xml-exc-c14n#"&gt;&lt;/Transform&gt;&lt;/Transforms&gt;&lt;DigestMethod Algorithm="http://www.w3.org/2001/04/xmlenc#sha256"&gt;&lt;/DigestMethod&gt;&lt;DigestValue&gt;*&lt;/DigestValue&gt;&lt;/Reference&gt;&lt;Reference URI="#Timestamp"&gt;&lt;Transforms&gt;&lt;Transform Algorithm="http://www.w3.org/2001/10/xml-exc-c14n#"&gt;&lt;/Transform&gt;&lt;/Transforms&gt;&lt;DigestMethod Algorithm="http://www.w3.org/2001/04/xmlenc#sha256"&gt;&lt;/DigestMethod&gt;&lt;DigestValue&gt;*&lt;/DigestValue&gt;&lt;/Reference&gt;&lt;Reference URI="#PPAuthInfo"&gt;&lt;Transforms&gt;&lt;Transform Algorithm="http://www.w3.org/2001/10/xml-exc-c14n#"&gt;&lt;/Transform&gt;&lt;/Transforms&gt;&lt;DigestMethod Algorithm="http://www.w3.org/2001/04/xmlenc#sha256"&gt;&lt;/DigestMethod&gt;&lt;DigestValue&gt;*&lt;/DigestValue&gt;&lt;/Reference&gt;&lt;/SignedInfo&gt;&lt;SignatureValue&gt;*&lt;/SignatureValue&gt;&lt;KeyInfo&gt;&lt;wsse:SecurityTokenReference&gt;&lt;wsse:Reference URI="#SignKey"/&gt;&lt;/wsse:SecurityTokenReference&gt;&lt;/KeyInfo&gt;&lt;/Signature&gt;&lt;/wsse:Security&gt;&lt;/s:Header&gt;&lt;s:Body&gt;&lt;wst:RequestSecurityToken Id="RST0"&gt;&lt;wst:RequestType&gt;*&lt;/wst:RequestType&gt;&lt;wsp:AppliesTo&gt;&lt;wsa:EndpointReference&gt;&lt;wsa:Address&gt;https://settings-win.data.microsoft.com&lt;/wsa:Address&gt;&lt;/wsa:EndpointReference&gt;&lt;/wsp:AppliesTo&gt;&lt;wsp:PolicyReference URI="MBI_SSL"&gt;&lt;/wsp:PolicyReference&gt;&lt;/wst:RequestSecurityToken&gt;&lt;/s:Body&gt;&lt;/s:Envelope&gt;</Data>
</EventData>
</Event>

<Event xmlns="http://schemas.microsoft.com/win/2004/08/events/event"><System><Provider Name="Microsoft-Windows-LiveId" Guid="{05f02597-fe85-4e67-8542-69567ab8fd4f}"></Provider>
<EventID Qualifiers="">6116</EventID>
<Version>0</Version>
<Level>4</Level>
<Task>0</Task>
<Opcode>0</Opcode>
<Keywords>0x4000000000200800</Keywords>
<TimeCreated SystemTime="2020-10-24 21:55:06.686642"></TimeCreated>
<EventRecordID>54</EventRecordID>
<Correlation ActivityID="" RelatedActivityID=""></Correlation>
<Execution ProcessID="1320" ThreadID="2208"></Execution>
<Channel>Microsoft-Windows-LiveId/Operational</Channel>
<Computer>WIN-PTFPHFCRDJ0</Computer>
<Security UserID="S-1-5-18"></Security>
</System>
<EventData><Data Name="Value">&lt;S:Envelope&gt;&lt;S:Header&gt;&lt;wsa:Action wsu:Id="Action" S:mustUnderstand="1"&gt;*&lt;/wsa:Action&gt;&lt;wsa:To wsu:Id="To" S:mustUnderstand="1"&gt;*&lt;/wsa:To&gt;&lt;wsse:Security&gt;&lt;wsu:Timestamp wsu:Id="TS"&gt;&lt;wsu:Created&gt;2020-10-24T21:55:06Z&lt;/wsu:Created&gt;&lt;wsu:Expires&gt;2020-10-24T22:00:06Z&lt;/wsu:Expires&gt;&lt;/wsu:Timestamp&gt;&lt;wssc:DerivedKeyToken wsu:Id="SignKey" Algorithm="urn:liveid:SP800108_CTR_HMAC_SHA256_DOUBLEDERIVED"&gt;&lt;wsse:SecurityTokenReference&gt;&lt;wsse:Reference URI="JswCosHMrM54YJJigcQ9augYNHY="&gt;&lt;/wsse:Reference&gt;&lt;/wsse:SecurityTokenReference&gt;&lt;wssc:Nonce&gt;*&lt;/wssc:Nonce&gt;&lt;/wssc:DerivedKeyToken&gt;&lt;wssc:DerivedKeyToken wsu:Id="EncKey" Algorithm="urn:liveid:SP800108_CTR_HMAC_SHA256_DOUBLEDERIVED"&gt;&lt;wsse:SecurityTokenReference&gt;&lt;wsse:Reference URI="JswCosHMrM54YJJigcQ9augYNHY="&gt;&lt;/wsse:Reference&gt;&lt;/wsse:SecurityTokenReference&gt;&lt;wssc:Nonce&gt;*&lt;/wssc:Nonce&gt;&lt;/wssc:DerivedKeyToken&gt;&lt;Signature xmlns="http://www.w3.org/2000/09/xmldsig#"&gt;&lt;SignedInfo&gt;&lt;CanonicalizationMethod Algorithm="http://www.w3.org/2001/10/xml-exc-c14n#"&gt;&lt;/CanonicalizationMethod&gt;&lt;SignatureMethod Algorithm="http://www.w3.org/2001/04/xmldsig-more#hmac-sha256"&gt;&lt;/SignatureMethod&gt;&lt;Reference URI="#EncPsf"&gt;&lt;Transforms&gt;&lt;Transform Algorithm="http://www.w3.org/2001/10/xml-exc-c14n#"&gt;&lt;/Transform&gt;&lt;/Transforms&gt;&lt;DigestMethod Algorithm="http://www.w3.org/2001/04/xmlenc#sha256"&gt;&lt;/DigestMethod&gt;&lt;DigestValue&gt;*&lt;/DigestValue&gt;&lt;/Reference&gt;&lt;Reference URI="#Body"&gt;&lt;Transforms&gt;&lt;Transform Algorithm="http://www.w3.org/2001/10/xml-exc-c14n#"&gt;&lt;/Transform&gt;&lt;/Transforms&gt;&lt;DigestMethod Algorithm="http://www.w3.org/2001/04/xmlenc#sha256"&gt;&lt;/DigestMethod&gt;&lt;DigestValue&gt;*&lt;/DigestValue&gt;&lt;/Reference&gt;&lt;Reference URI="#To"&gt;&lt;Transforms&gt;&lt;Transform Algorithm="http://www.w3.org/2001/10/xml-exc-c14n#"&gt;&lt;/Transform&gt;&lt;/Transforms&gt;&lt;DigestMethod Algorithm="http://www.w3.org/2001/04/xmlenc#sha256"&gt;&lt;/DigestMethod&gt;&lt;DigestValue&gt;*&lt;/DigestValue&gt;&lt;/Reference&gt;&lt;Reference URI="#Action"&gt;&lt;Transforms&gt;&lt;Transform Algorithm="http://www.w3.org/2001/10/xml-exc-c14n#"&gt;&lt;/Transform&gt;&lt;/Transforms&gt;&lt;DigestMethod Algorithm="http://www.w3.org/2001/04/xmlenc#sha256"&gt;&lt;/DigestMethod&gt;&lt;DigestValue&gt;*&lt;/DigestValue&gt;&lt;/Reference&gt;&lt;Reference URI="#TS"&gt;&lt;Transforms&gt;&lt;Transform Algorithm="http://www.w3.org/2001/10/xml-exc-c14n#"&gt;&lt;/Transform&gt;&lt;/Transforms&gt;&lt;DigestMethod Algorithm="http://www.w3.org/2001/04/xmlenc#sha256"&gt;&lt;/DigestMethod&gt;&lt;DigestValue&gt;*&lt;/DigestValue&gt;&lt;/Reference&gt;&lt;/SignedInfo&gt;&lt;SignatureValue&gt;*&lt;/SignatureValue&gt;&lt;KeyInfo&gt;&lt;wsse:SecurityTokenReference&gt;&lt;wsse:Reference URI="#SignKey"&gt;&lt;/wsse:Reference&gt;&lt;/wsse:SecurityTokenReference&gt;&lt;/KeyInfo&gt;&lt;/Signature&gt;&lt;e:ReferenceList xmlns:e="http://www.w3.org/2001/04/xmlenc#"&gt;&lt;e:DataReference URI="#RSTR"/&gt;&lt;e:DataReference URI="#EncPsf"/&gt;&lt;/e:ReferenceList&gt;&lt;/wsse:Security&gt;&lt;psf:EncryptedPP&gt;&lt;EncryptedData xmlns="http://www.w3.org/2001/04/xmlenc#" Id="EncPsf" Type="http://www.w3.org/2001/04/xmlenc#Element"&gt;&lt;EncryptionMethod Algorithm="http://www.w3.org/2001/04/xmlenc#aes256-cbc"&gt;&lt;/EncryptionMethod&gt;&lt;KeyInfo xmlns="http://www.w3.org/2000/09/xmldsig#"&gt;&lt;wsse:SecurityTokenReference&gt;&lt;wsse:Reference URI="#EncKey"&gt;&lt;/wsse:Reference&gt;&lt;/wsse:SecurityTokenReference&gt;&lt;/KeyInfo&gt;&lt;CipherData&gt;&lt;CipherValue&gt;*&lt;/CipherValue&gt;&lt;/CipherData&gt;&lt;/EncryptedData&gt;&lt;/psf:EncryptedPP&gt;&lt;/S:Header&gt;&lt;S:Body wsu:Id="Body"&gt;&lt;EncryptedData xmlns="http://www.w3.org/2001/04/xmlenc#" Id="RSTR" Type="http://www.w3.org/2001/04/xmlenc#Element"&gt;&lt;EncryptionMethod Algorithm="http://www.w3.org/2001/04/xmlenc#aes256-cbc"&gt;&lt;/EncryptionMethod&gt;&lt;KeyInfo xmlns="http://www.w3.org/2000/09/xmldsig#"&gt;&lt;wsse:SecurityTokenReference&gt;&lt;wsse:Reference URI="#EncKey"&gt;&lt;/wsse:Reference&gt;&lt;/wsse:SecurityTokenReference&gt;&lt;/KeyInfo&gt;&lt;CipherData&gt;&lt;CipherValue&gt;*&lt;/CipherValue&gt;&lt;/CipherData&gt;&lt;/EncryptedData&gt;&lt;/S:Body&gt;&lt;/S:Envelope&gt;</Data>
</EventData>
</Event>

<Event xmlns="http://schemas.microsoft.com/win/2004/08/events/event"><System><Provider Name="Microsoft-Windows-LiveId" Guid="{05f02597-fe85-4e67-8542-69567ab8fd4f}"></Provider>
<EventID Qualifiers="">6117</EventID>
<Version>0</Version>
<Level>4</Level>
<Task>0</Task>
<Opcode>0</Opcode>
<Keywords>0x4000000000200800</Keywords>
<TimeCreated SystemTime="2020-10-24 21:55:06.849463"></TimeCreated>
<EventRecordID>55</EventRecordID>
<Correlation ActivityID="" RelatedActivityID=""></Correlation>
<Execution ProcessID="1320" ThreadID="2208"></Execution>
<Channel>Microsoft-Windows-LiveId/Operational</Channel>
<Computer>WIN-PTFPHFCRDJ0</Computer>
<Security UserID="S-1-5-18"></Security>
</System>
<EventData><Data Name="ResourceURI">https://settings-win.data.microsoft.com</Data>
<Data Name="Created">2020-10-25 03:25:06</Data>
<Data Name="Expires">2020-10-26 03:25:06</Data>
<Data Name="TokenType">urn:passport:compact</Data>
<Data Name="AuthRequired">0</Data>
<Data Name="RequestStatus">0</Data>
<Data Name="HasFlowUrl">False</Data>
<Data Name="HasAuthUrl">False</Data>
<Data Name="HasEndAuthUrl">False</Data>
</EventData>
</Event>

<Event xmlns="http://schemas.microsoft.com/win/2004/08/events/event"><System><Provider Name="Microsoft-Windows-LiveId" Guid="{05f02597-fe85-4e67-8542-69567ab8fd4f}"></Provider>
<EventID Qualifiers="">6115</EventID>
<Version>0</Version>
<Level>4</Level>
<Task>0</Task>
<Opcode>0</Opcode>
<Keywords>0x4000000000200800</Keywords>
<TimeCreated SystemTime="2020-10-24 21:55:12.638678"></TimeCreated>
<EventRecordID>56</EventRecordID>
<Correlation ActivityID="" RelatedActivityID=""></Correlation>
<Execution ProcessID="1320" ThreadID="2208"></Execution>
<Channel>Microsoft-Windows-LiveId/Operational</Channel>
<Computer>WIN-PTFPHFCRDJ0</Computer>
<Security UserID="S-1-5-19"></Security>
</System>
<EventData><Data Name="Value">&lt;s:Envelope&gt;&lt;s:Header&gt;&lt;wsa:Action s:mustUnderstand="1"&gt;*&lt;/wsa:Action&gt;&lt;wsa:To s:mustUnderstand="1"&gt;*&lt;/wsa:To&gt;&lt;wsa:MessageID&gt;*&lt;/wsa:MessageID&gt;&lt;ps:AuthInfo Id="PPAuthInfo"&gt;&lt;ps:HostingApp&gt;*&lt;/ps:HostingApp&gt;&lt;ps:BinaryVersion&gt;*&lt;/ps:BinaryVersion&gt;&lt;ps:UIVersion&gt;*&lt;/ps:UIVersion&gt;&lt;ps:InlineUX&gt;*&lt;/ps:InlineUX&gt;&lt;ps:Cookies&gt;&lt;/ps:Cookies&gt;&lt;ps:RequestParams&gt;*&lt;/ps:RequestParams&gt;&lt;ps:WindowsClientString&gt;*&lt;/ps:WindowsClientString&gt;&lt;ps:LicenseSignatureKeyVersion&gt;*&lt;/ps:LicenseSignatureKeyVersion&gt;&lt;ps:ClientCapabilities&gt;*&lt;/ps:ClientCapabilities&gt;&lt;/ps:AuthInfo&gt;&lt;wsse:Security&gt;&lt;EncryptedData xmlns="http://www.w3.org/2001/04/xmlenc#" Id="devicesoftware" Type="http://www.w3.org/2001/04/xmlenc#Element"&gt;&lt;EncryptionMethod Algorithm="http://www.w3.org/2001/04/xmlenc#tripledes-cbc"&gt;&lt;/EncryptionMethod&gt;&lt;ds:KeyInfo&gt;&lt;ds:KeyName&gt;*&lt;/ds:KeyName&gt;&lt;/ds:KeyInfo&gt;&lt;CipherData&gt;&lt;CipherValue&gt;*&lt;/CipherValue&gt;&lt;/CipherData&gt;&lt;/EncryptedData&gt;&lt;wssc:DerivedKeyToken wsu:Id="SignKey" Algorithm="urn:liveid:SP800108_CTR_HMAC_SHA256_DOUBLEDERIVED"&gt;&lt;wsse:RequestedTokenReference&gt;&lt;wsse:KeyIdentifier ValueType="http://docs.oasis-open.org/wss/2004/XX/oasis-2004XX-wss-saml-token-profile-1.0#SAMLAssertionID"/&gt;&lt;wsse:Reference URI=""/&gt;&lt;/wsse:RequestedTokenReference&gt;&lt;wssc:Nonce&gt;*&lt;/wssc:Nonce&gt;&lt;/wssc:DerivedKeyToken&gt;&lt;wsu:Timestamp wsu:Id="Timestamp"&gt;&lt;wsu:Created&gt;2020-10-24T21:55:11Z&lt;/wsu:Created&gt;&lt;wsu:Expires&gt;2020-10-24T22:00:11Z&lt;/wsu:Expires&gt;&lt;/wsu:Timestamp&gt;&lt;Signature xmlns="http://www.w3.org/2000/09/xmldsig#"&gt;&lt;SignedInfo&gt;&lt;CanonicalizationMethod Algorithm="http://www.w3.org/2001/10/xml-exc-c14n#"&gt;&lt;/CanonicalizationMethod&gt;&lt;SignatureMethod Algorithm="http://www.w3.org/2001/04/xmldsig-more#hmac-sha256"&gt;&lt;/SignatureMethod&gt;&lt;Reference URI="#RST0"&gt;&lt;Transforms&gt;&lt;Transform Algorithm="http://www.w3.org/2001/10/xml-exc-c14n#"&gt;&lt;/Transform&gt;&lt;/Transforms&gt;&lt;DigestMethod Algorithm="http://www.w3.org/2001/04/xmlenc#sha256"&gt;&lt;/DigestMethod&gt;&lt;DigestValue&gt;*&lt;/DigestValue&gt;&lt;/Reference&gt;&lt;Reference URI="#Timestamp"&gt;&lt;Transforms&gt;&lt;Transform Algorithm="http://www.w3.org/2001/10/xml-exc-c14n#"&gt;&lt;/Transform&gt;&lt;/Transforms&gt;&lt;DigestMethod Algorithm="http://www.w3.org/2001/04/xmlenc#sha256"&gt;&lt;/DigestMethod&gt;&lt;DigestValue&gt;*&lt;/DigestValue&gt;&lt;/Reference&gt;&lt;Reference URI="#PPAuthInfo"&gt;&lt;Transforms&gt;&lt;Transform Algorithm="http://www.w3.org/2001/10/xml-exc-c14n#"&gt;&lt;/Transform&gt;&lt;/Transforms&gt;&lt;DigestMethod Algorithm="http://www.w3.org/2001/04/xmlenc#sha256"&gt;&lt;/DigestMethod&gt;&lt;DigestValue&gt;*&lt;/DigestValue&gt;&lt;/Reference&gt;&lt;/SignedInfo&gt;&lt;SignatureValue&gt;*&lt;/SignatureValue&gt;&lt;KeyInfo&gt;&lt;wsse:SecurityTokenReference&gt;&lt;wsse:Reference URI="#SignKey"/&gt;&lt;/wsse:SecurityTokenReference&gt;&lt;/KeyInfo&gt;&lt;/Signature&gt;&lt;/wsse:Security&gt;&lt;/s:Header&gt;&lt;s:Body&gt;&lt;wst:RequestSecurityToken Id="RST0"&gt;&lt;wst:RequestType&gt;*&lt;/wst:RequestType&gt;&lt;wsp:AppliesTo&gt;&lt;wsa:EndpointReference&gt;&lt;wsa:Address&gt;www.microsoft.com&lt;/wsa:Address&gt;&lt;/wsa:EndpointReference&gt;&lt;/wsp:AppliesTo&gt;&lt;wsp:PolicyReference URI="mbi_ssl"&gt;&lt;/wsp:PolicyReference&gt;&lt;/wst:RequestSecurityToken&gt;&lt;/s:Body&gt;&lt;/s:Envelope&gt;</Data>
</EventData>
</Event>

<Event xmlns="http://schemas.microsoft.com/win/2004/08/events/event"><System><Provider Name="Microsoft-Windows-LiveId" Guid="{05f02597-fe85-4e67-8542-69567ab8fd4f}"></Provider>
<EventID Qualifiers="">6116</EventID>
<Version>0</Version>
<Level>4</Level>
<Task>0</Task>
<Opcode>0</Opcode>
<Keywords>0x4000000000200800</Keywords>
<TimeCreated SystemTime="2020-10-24 21:55:13.252729"></TimeCreated>
<EventRecordID>57</EventRecordID>
<Correlation ActivityID="" RelatedActivityID=""></Correlation>
<Execution ProcessID="1320" ThreadID="2208"></Execution>
<Channel>Microsoft-Windows-LiveId/Operational</Channel>
<Computer>WIN-PTFPHFCRDJ0</Computer>
<Security UserID="S-1-5-19"></Security>
</System>
<EventData><Data Name="Value">&lt;S:Envelope&gt;&lt;S:Header&gt;&lt;wsa:Action wsu:Id="Action" S:mustUnderstand="1"&gt;*&lt;/wsa:Action&gt;&lt;wsa:To wsu:Id="To" S:mustUnderstand="1"&gt;*&lt;/wsa:To&gt;&lt;wsse:Security&gt;&lt;wsu:Timestamp wsu:Id="TS"&gt;&lt;wsu:Created&gt;2020-10-24T21:55:13Z&lt;/wsu:Created&gt;&lt;wsu:Expires&gt;2020-10-24T22:00:13Z&lt;/wsu:Expires&gt;&lt;/wsu:Timestamp&gt;&lt;wssc:DerivedKeyToken wsu:Id="SignKey" Algorithm="urn:liveid:SP800108_CTR_HMAC_SHA256_DOUBLEDERIVED"&gt;&lt;wsse:SecurityTokenReference&gt;&lt;wsse:Reference URI="2w6flD6Z7uBJR+EXy+SSF5vtaCE="&gt;&lt;/wsse:Reference&gt;&lt;/wsse:SecurityTokenReference&gt;&lt;wssc:Nonce&gt;*&lt;/wssc:Nonce&gt;&lt;/wssc:DerivedKeyToken&gt;&lt;wssc:DerivedKeyToken wsu:Id="EncKey" Algorithm="urn:liveid:SP800108_CTR_HMAC_SHA256_DOUBLEDERIVED"&gt;&lt;wsse:SecurityTokenReference&gt;&lt;wsse:Reference URI="2w6flD6Z7uBJR+EXy+SSF5vtaCE="&gt;&lt;/wsse:Reference&gt;&lt;/wsse:SecurityTokenReference&gt;&lt;wssc:Nonce&gt;*&lt;/wssc:Nonce&gt;&lt;/wssc:DerivedKeyToken&gt;&lt;Signature xmlns="http://www.w3.org/2000/09/xmldsig#"&gt;&lt;SignedInfo&gt;&lt;CanonicalizationMethod Algorithm="http://www.w3.org/2001/10/xml-exc-c14n#"&gt;&lt;/CanonicalizationMethod&gt;&lt;SignatureMethod Algorithm="http://www.w3.org/2001/04/xmldsig-more#hmac-sha256"&gt;&lt;/SignatureMethod&gt;&lt;Reference URI="#EncPsf"&gt;&lt;Transforms&gt;&lt;Transform Algorithm="http://www.w3.org/2001/10/xml-exc-c14n#"&gt;&lt;/Transform&gt;&lt;/Transforms&gt;&lt;DigestMethod Algorithm="http://www.w3.org/2001/04/xmlenc#sha256"&gt;&lt;/DigestMethod&gt;&lt;DigestValue&gt;*&lt;/DigestValue&gt;&lt;/Reference&gt;&lt;Reference URI="#Body"&gt;&lt;Transforms&gt;&lt;Transform Algorithm="http://www.w3.org/2001/10/xml-exc-c14n#"&gt;&lt;/Transform&gt;&lt;/Transforms&gt;&lt;DigestMethod Algorithm="http://www.w3.org/2001/04/xmlenc#sha256"&gt;&lt;/DigestMethod&gt;&lt;DigestValue&gt;*&lt;/DigestValue&gt;&lt;/Reference&gt;&lt;Reference URI="#To"&gt;&lt;Transforms&gt;&lt;Transform Algorithm="http://www.w3.org/2001/10/xml-exc-c14n#"&gt;&lt;/Transform&gt;&lt;/Transforms&gt;&lt;DigestMethod Algorithm="http://www.w3.org/2001/04/xmlenc#sha256"&gt;&lt;/DigestMethod&gt;&lt;DigestValue&gt;*&lt;/DigestValue&gt;&lt;/Reference&gt;&lt;Reference URI="#Action"&gt;&lt;Transforms&gt;&lt;Transform Algorithm="http://www.w3.org/2001/10/xml-exc-c14n#"&gt;&lt;/Transform&gt;&lt;/Transforms&gt;&lt;DigestMethod Algorithm="http://www.w3.org/2001/04/xmlenc#sha256"&gt;&lt;/DigestMethod&gt;&lt;DigestValue&gt;*&lt;/DigestValue&gt;&lt;/Reference&gt;&lt;Reference URI="#TS"&gt;&lt;Transforms&gt;&lt;Transform Algorithm="http://www.w3.org/2001/10/xml-exc-c14n#"&gt;&lt;/Transform&gt;&lt;/Transforms&gt;&lt;DigestMethod Algorithm="http://www.w3.org/2001/04/xmlenc#sha256"&gt;&lt;/DigestMethod&gt;&lt;DigestValue&gt;*&lt;/DigestValue&gt;&lt;/Reference&gt;&lt;/SignedInfo&gt;&lt;SignatureValue&gt;*&lt;/SignatureValue&gt;&lt;KeyInfo&gt;&lt;wsse:SecurityTokenReference&gt;&lt;wsse:Reference URI="#SignKey"&gt;&lt;/wsse:Reference&gt;&lt;/wsse:SecurityTokenReference&gt;&lt;/KeyInfo&gt;&lt;/Signature&gt;&lt;e:ReferenceList xmlns:e="http://www.w3.org/2001/04/xmlenc#"&gt;&lt;e:DataReference URI="#RSTR"/&gt;&lt;e:DataReference URI="#EncPsf"/&gt;&lt;/e:ReferenceList&gt;&lt;/wsse:Security&gt;&lt;psf:EncryptedPP&gt;&lt;EncryptedData xmlns="http://www.w3.org/2001/04/xmlenc#" Id="EncPsf" Type="http://www.w3.org/2001/04/xmlenc#Element"&gt;&lt;EncryptionMethod Algorithm="http://www.w3.org/2001/04/xmlenc#aes256-cbc"&gt;&lt;/EncryptionMethod&gt;&lt;KeyInfo xmlns="http://www.w3.org/2000/09/xmldsig#"&gt;&lt;wsse:SecurityTokenReference&gt;&lt;wsse:Reference URI="#EncKey"&gt;&lt;/wsse:Reference&gt;&lt;/wsse:SecurityTokenReference&gt;&lt;/KeyInfo&gt;&lt;CipherData&gt;&lt;CipherValue&gt;*&lt;/CipherValue&gt;&lt;/CipherData&gt;&lt;/EncryptedData&gt;&lt;/psf:EncryptedPP&gt;&lt;/S:Header&gt;&lt;S:Body wsu:Id="Body"&gt;&lt;EncryptedData xmlns="http://www.w3.org/2001/04/xmlenc#" Id="RSTR" Type="http://www.w3.org/2001/04/xmlenc#Element"&gt;&lt;EncryptionMethod Algorithm="http://www.w3.org/2001/04/xmlenc#aes256-cbc"&gt;&lt;/EncryptionMethod&gt;&lt;KeyInfo xmlns="http://www.w3.org/2000/09/xmldsig#"&gt;&lt;wsse:SecurityTokenReference&gt;&lt;wsse:Reference URI="#EncKey"&gt;&lt;/wsse:Reference&gt;&lt;/wsse:SecurityTokenReference&gt;&lt;/KeyInfo&gt;&lt;CipherData&gt;&lt;CipherValue&gt;*&lt;/CipherValue&gt;&lt;/CipherData&gt;&lt;/EncryptedData&gt;&lt;/S:Body&gt;&lt;/S:Envelope&gt;</Data>
</EventData>
</Event>

<Event xmlns="http://schemas.microsoft.com/win/2004/08/events/event"><System><Provider Name="Microsoft-Windows-LiveId" Guid="{05f02597-fe85-4e67-8542-69567ab8fd4f}"></Provider>
<EventID Qualifiers="">6117</EventID>
<Version>0</Version>
<Level>4</Level>
<Task>0</Task>
<Opcode>0</Opcode>
<Keywords>0x4000000000200800</Keywords>
<TimeCreated SystemTime="2020-10-24 21:55:13.253128"></TimeCreated>
<EventRecordID>58</EventRecordID>
<Correlation ActivityID="" RelatedActivityID=""></Correlation>
<Execution ProcessID="1320" ThreadID="2208"></Execution>
<Channel>Microsoft-Windows-LiveId/Operational</Channel>
<Computer>WIN-PTFPHFCRDJ0</Computer>
<Security UserID="S-1-5-19"></Security>
</System>
<EventData><Data Name="ResourceURI">www.microsoft.com</Data>
<Data Name="Created">2020-10-25 03:25:13</Data>
<Data Name="Expires">2020-10-26 03:25:13</Data>
<Data Name="TokenType">urn:passport:compact</Data>
<Data Name="AuthRequired">0</Data>
<Data Name="RequestStatus">0</Data>
<Data Name="HasFlowUrl">False</Data>
<Data Name="HasAuthUrl">False</Data>
<Data Name="HasEndAuthUrl">False</Data>
</EventData>
</Event>

<Event xmlns="http://schemas.microsoft.com/win/2004/08/events/event"><System><Provider Name="Microsoft-Windows-LiveId" Guid="{05f02597-fe85-4e67-8542-69567ab8fd4f}"></Provider>
<EventID Qualifiers="">6115</EventID>
<Version>0</Version>
<Level>4</Level>
<Task>0</Task>
<Opcode>0</Opcode>
<Keywords>0x4000000000200800</Keywords>
<TimeCreated SystemTime="2020-10-24 21:56:31.461792"></TimeCreated>
<EventRecordID>59</EventRecordID>
<Correlation ActivityID="" RelatedActivityID=""></Correlation>
<Execution ProcessID="1320" ThreadID="2796"></Execution>
<Channel>Microsoft-Windows-LiveId/Operational</Channel>
<Computer>WIN-PTFPHFCRDJ0</Computer>
<Security UserID="S-1-5-21-1152959844-3645458174-3779170896-1000"></Security>
</System>
<EventData><Data Name="Value">&lt;s:Envelope&gt;&lt;s:Header&gt;&lt;wsa:Action s:mustUnderstand="1"&gt;*&lt;/wsa:Action&gt;&lt;wsa:To s:mustUnderstand="1"&gt;*&lt;/wsa:To&gt;&lt;wsa:MessageID&gt;*&lt;/wsa:MessageID&gt;&lt;ps:AuthInfo Id="PPAuthInfo"&gt;&lt;ps:HostingApp&gt;*&lt;/ps:HostingApp&gt;&lt;ps:BinaryVersion&gt;*&lt;/ps:BinaryVersion&gt;&lt;ps:UIVersion&gt;*&lt;/ps:UIVersion&gt;&lt;ps:InlineUX&gt;*&lt;/ps:InlineUX&gt;&lt;ps:IsAdmin&gt;*&lt;/ps:IsAdmin&gt;&lt;ps:Cookies&gt;&lt;/ps:Cookies&gt;&lt;ps:RequestParams&gt;*&lt;/ps:RequestParams&gt;&lt;ps:WindowsClientString&gt;*&lt;/ps:WindowsClientString&gt;&lt;ps:LicenseSignatureKeyVersion&gt;*&lt;/ps:LicenseSignatureKeyVersion&gt;&lt;ps:ClientCapabilities&gt;*&lt;/ps:ClientCapabilities&gt;&lt;/ps:AuthInfo&gt;&lt;wsse:Security&gt;&lt;EncryptedData xmlns="http://www.w3.org/2001/04/xmlenc#" Id="devicesoftware" Type="http://www.w3.org/2001/04/xmlenc#Element"&gt;&lt;EncryptionMethod Algorithm="http://www.w3.org/2001/04/xmlenc#tripledes-cbc"&gt;&lt;/EncryptionMethod&gt;&lt;ds:KeyInfo&gt;&lt;ds:KeyName&gt;*&lt;/ds:KeyName&gt;&lt;/ds:KeyInfo&gt;&lt;CipherData&gt;&lt;CipherValue&gt;*&lt;/CipherValue&gt;&lt;/CipherData&gt;&lt;/EncryptedData&gt;&lt;wssc:DerivedKeyToken wsu:Id="SignKey" Algorithm="urn:liveid:SP800108_CTR_HMAC_SHA256_DOUBLEDERIVED"&gt;&lt;wsse:RequestedTokenReference&gt;&lt;wsse:KeyIdentifier ValueType="http://docs.oasis-open.org/wss/2004/XX/oasis-2004XX-wss-saml-token-profile-1.0#SAMLAssertionID"/&gt;&lt;wsse:Reference URI=""/&gt;&lt;/wsse:RequestedTokenReference&gt;&lt;wssc:Nonce&gt;*&lt;/wssc:Nonce&gt;&lt;/wssc:DerivedKeyToken&gt;&lt;wsu:Timestamp wsu:Id="Timestamp"&gt;&lt;wsu:Created&gt;2020-10-24T21:56:30Z&lt;/wsu:Created&gt;&lt;wsu:Expires&gt;2020-10-24T22:01:30Z&lt;/wsu:Expires&gt;&lt;/wsu:Timestamp&gt;&lt;Signature xmlns="http://www.w3.org/2000/09/xmldsig#"&gt;&lt;SignedInfo&gt;&lt;CanonicalizationMethod Algorithm="http://www.w3.org/2001/10/xml-exc-c14n#"&gt;&lt;/CanonicalizationMethod&gt;&lt;SignatureMethod Algorithm="http://www.w3.org/2001/04/xmldsig-more#hmac-sha256"&gt;&lt;/SignatureMethod&gt;&lt;Reference URI="#RST0"&gt;&lt;Transforms&gt;&lt;Transform Algorithm="http://www.w3.org/2001/10/xml-exc-c14n#"&gt;&lt;/Transform&gt;&lt;/Transforms&gt;&lt;DigestMethod Algorithm="http://www.w3.org/2001/04/xmlenc#sha256"&gt;&lt;/DigestMethod&gt;&lt;DigestValue&gt;*&lt;/DigestValue&gt;&lt;/Reference&gt;&lt;Reference URI="#Timestamp"&gt;&lt;Transforms&gt;&lt;Transform Algorithm="http://www.w3.org/2001/10/xml-exc-c14n#"&gt;&lt;/Transform&gt;&lt;/Transforms&gt;&lt;DigestMethod Algorithm="http://www.w3.org/2001/04/xmlenc#sha256"&gt;&lt;/DigestMethod&gt;&lt;DigestValue&gt;*&lt;/DigestValue&gt;&lt;/Reference&gt;&lt;Reference URI="#PPAuthInfo"&gt;&lt;Transforms&gt;&lt;Transform Algorithm="http://www.w3.org/2001/10/xml-exc-c14n#"&gt;&lt;/Transform&gt;&lt;/Transforms&gt;&lt;DigestMethod Algorithm="http://www.w3.org/2001/04/xmlenc#sha256"&gt;&lt;/DigestMethod&gt;&lt;DigestValue&gt;*&lt;/DigestValue&gt;&lt;/Reference&gt;&lt;/SignedInfo&gt;&lt;SignatureValue&gt;*&lt;/SignatureValue&gt;&lt;KeyInfo&gt;&lt;wsse:SecurityTokenReference&gt;&lt;wsse:Reference URI="#SignKey"/&gt;&lt;/wsse:SecurityTokenReference&gt;&lt;/KeyInfo&gt;&lt;/Signature&gt;&lt;/wsse:Security&gt;&lt;/s:Header&gt;&lt;s:Body&gt;&lt;wst:RequestSecurityToken Id="RST0"&gt;&lt;wst:RequestType&gt;*&lt;/wst:RequestType&gt;&lt;wsp:AppliesTo&gt;&lt;wsa:EndpointReference&gt;&lt;wsa:Address&gt;474a-87ad-2f9a87615fa3-dc1-tip.cloudapp.net&lt;/wsa:Address&gt;&lt;/wsa:EndpointReference&gt;&lt;/wsp:AppliesTo&gt;&lt;wsp:PolicyReference URI="MBI_SSL"&gt;&lt;/wsp:PolicyReference&gt;&lt;/wst:RequestSecurityToken&gt;&lt;/s:Body&gt;&lt;/s:Envelope&gt;</Data>
</EventData>
</Event>

<Event xmlns="http://schemas.microsoft.com/win/2004/08/events/event"><System><Provider Name="Microsoft-Windows-LiveId" Guid="{05f02597-fe85-4e67-8542-69567ab8fd4f}"></Provider>
<EventID Qualifiers="">6116</EventID>
<Version>0</Version>
<Level>4</Level>
<Task>0</Task>
<Opcode>0</Opcode>
<Keywords>0x4000000000200800</Keywords>
<TimeCreated SystemTime="2020-10-24 21:56:32.747265"></TimeCreated>
<EventRecordID>60</EventRecordID>
<Correlation ActivityID="" RelatedActivityID=""></Correlation>
<Execution ProcessID="1320" ThreadID="2796"></Execution>
<Channel>Microsoft-Windows-LiveId/Operational</Channel>
<Computer>WIN-PTFPHFCRDJ0</Computer>
<Security UserID="S-1-5-21-1152959844-3645458174-3779170896-1000"></Security>
</System>
<EventData><Data Name="Value">&lt;S:Envelope&gt;&lt;S:Header&gt;&lt;wsa:Action wsu:Id="Action" S:mustUnderstand="1"&gt;*&lt;/wsa:Action&gt;&lt;wsa:To wsu:Id="To" S:mustUnderstand="1"&gt;*&lt;/wsa:To&gt;&lt;wsse:Security&gt;&lt;wsu:Timestamp wsu:Id="TS"&gt;&lt;wsu:Created&gt;2020-10-24T21:56:32Z&lt;/wsu:Created&gt;&lt;wsu:Expires&gt;2020-10-24T22:01:32Z&lt;/wsu:Expires&gt;&lt;/wsu:Timestamp&gt;&lt;wssc:DerivedKeyToken wsu:Id="SignKey" Algorithm="urn:liveid:SP800108_CTR_HMAC_SHA256_DOUBLEDERIVED"&gt;&lt;wsse:SecurityTokenReference&gt;&lt;wsse:Reference URI="ZDQP2Jwx3kuFfFzyEMr7c+EU8nY="&gt;&lt;/wsse:Reference&gt;&lt;/wsse:SecurityTokenReference&gt;&lt;wssc:Nonce&gt;*&lt;/wssc:Nonce&gt;&lt;/wssc:DerivedKeyToken&gt;&lt;wssc:DerivedKeyToken wsu:Id="EncKey" Algorithm="urn:liveid:SP800108_CTR_HMAC_SHA256_DOUBLEDERIVED"&gt;&lt;wsse:SecurityTokenReference&gt;&lt;wsse:Reference URI="ZDQP2Jwx3kuFfFzyEMr7c+EU8nY="&gt;&lt;/wsse:Reference&gt;&lt;/wsse:SecurityTokenReference&gt;&lt;wssc:Nonce&gt;*&lt;/wssc:Nonce&gt;&lt;/wssc:DerivedKeyToken&gt;&lt;Signature xmlns="http://www.w3.org/2000/09/xmldsig#"&gt;&lt;SignedInfo&gt;&lt;CanonicalizationMethod Algorithm="http://www.w3.org/2001/10/xml-exc-c14n#"&gt;&lt;/CanonicalizationMethod&gt;&lt;SignatureMethod Algorithm="http://www.w3.org/2001/04/xmldsig-more#hmac-sha256"&gt;&lt;/SignatureMethod&gt;&lt;Reference URI="#EncPsf"&gt;&lt;Transforms&gt;&lt;Transform Algorithm="http://www.w3.org/2001/10/xml-exc-c14n#"&gt;&lt;/Transform&gt;&lt;/Transforms&gt;&lt;DigestMethod Algorithm="http://www.w3.org/2001/04/xmlenc#sha256"&gt;&lt;/DigestMethod&gt;&lt;DigestValue&gt;*&lt;/DigestValue&gt;&lt;/Reference&gt;&lt;Reference URI="#Body"&gt;&lt;Transforms&gt;&lt;Transform Algorithm="http://www.w3.org/2001/10/xml-exc-c14n#"&gt;&lt;/Transform&gt;&lt;/Transforms&gt;&lt;DigestMethod Algorithm="http://www.w3.org/2001/04/xmlenc#sha256"&gt;&lt;/DigestMethod&gt;&lt;DigestValue&gt;*&lt;/DigestValue&gt;&lt;/Reference&gt;&lt;Reference URI="#To"&gt;&lt;Transforms&gt;&lt;Transform Algorithm="http://www.w3.org/2001/10/xml-exc-c14n#"&gt;&lt;/Transform&gt;&lt;/Transforms&gt;&lt;DigestMethod Algorithm="http://www.w3.org/2001/04/xmlenc#sha256"&gt;&lt;/DigestMethod&gt;&lt;DigestValue&gt;*&lt;/DigestValue&gt;&lt;/Reference&gt;&lt;Reference URI="#Action"&gt;&lt;Transforms&gt;&lt;Transform Algorithm="http://www.w3.org/2001/10/xml-exc-c14n#"&gt;&lt;/Transform&gt;&lt;/Transforms&gt;&lt;DigestMethod Algorithm="http://www.w3.org/2001/04/xmlenc#sha256"&gt;&lt;/DigestMethod&gt;&lt;DigestValue&gt;*&lt;/DigestValue&gt;&lt;/Reference&gt;&lt;Reference URI="#TS"&gt;&lt;Transforms&gt;&lt;Transform Algorithm="http://www.w3.org/2001/10/xml-exc-c14n#"&gt;&lt;/Transform&gt;&lt;/Transforms&gt;&lt;DigestMethod Algorithm="http://www.w3.org/2001/04/xmlenc#sha256"&gt;&lt;/DigestMethod&gt;&lt;DigestValue&gt;*&lt;/DigestValue&gt;&lt;/Reference&gt;&lt;/SignedInfo&gt;&lt;SignatureValue&gt;*&lt;/SignatureValue&gt;&lt;KeyInfo&gt;&lt;wsse:SecurityTokenReference&gt;&lt;wsse:Reference URI="#SignKey"&gt;&lt;/wsse:Reference&gt;&lt;/wsse:SecurityTokenReference&gt;&lt;/KeyInfo&gt;&lt;/Signature&gt;&lt;e:ReferenceList xmlns:e="http://www.w3.org/2001/04/xmlenc#"&gt;&lt;e:DataReference URI="#RSTR"/&gt;&lt;e:DataReference URI="#EncPsf"/&gt;&lt;/e:ReferenceList&gt;&lt;/wsse:Security&gt;&lt;psf:EncryptedPP&gt;&lt;EncryptedData xmlns="http://www.w3.org/2001/04/xmlenc#" Id="EncPsf" Type="http://www.w3.org/2001/04/xmlenc#Element"&gt;&lt;EncryptionMethod Algorithm="http://www.w3.org/2001/04/xmlenc#aes256-cbc"&gt;&lt;/EncryptionMethod&gt;&lt;KeyInfo xmlns="http://www.w3.org/2000/09/xmldsig#"&gt;&lt;wsse:SecurityTokenReference&gt;&lt;wsse:Reference URI="#EncKey"&gt;&lt;/wsse:Reference&gt;&lt;/wsse:SecurityTokenReference&gt;&lt;/KeyInfo&gt;&lt;CipherData&gt;&lt;CipherValue&gt;*&lt;/CipherValue&gt;&lt;/CipherData&gt;&lt;/EncryptedData&gt;&lt;/psf:EncryptedPP&gt;&lt;/S:Header&gt;&lt;S:Body wsu:Id="Body"&gt;&lt;EncryptedData xmlns="http://www.w3.org/2001/04/xmlenc#" Id="RSTR" Type="http://www.w3.org/2001/04/xmlenc#Element"&gt;&lt;EncryptionMethod Algorithm="http://www.w3.org/2001/04/xmlenc#aes256-cbc"&gt;&lt;/EncryptionMethod&gt;&lt;KeyInfo xmlns="http://www.w3.org/2000/09/xmldsig#"&gt;&lt;wsse:SecurityTokenReference&gt;&lt;wsse:Reference URI="#EncKey"&gt;&lt;/wsse:Reference&gt;&lt;/wsse:SecurityTokenReference&gt;&lt;/KeyInfo&gt;&lt;CipherData&gt;&lt;CipherValue&gt;*&lt;/CipherValue&gt;&lt;/CipherData&gt;&lt;/EncryptedData&gt;&lt;/S:Body&gt;&lt;/S:Envelope&gt;</Data>
</EventData>
</Event>

<Event xmlns="http://schemas.microsoft.com/win/2004/08/events/event"><System><Provider Name="Microsoft-Windows-LiveId" Guid="{05f02597-fe85-4e67-8542-69567ab8fd4f}"></Provider>
<EventID Qualifiers="">6117</EventID>
<Version>0</Version>
<Level>4</Level>
<Task>0</Task>
<Opcode>0</Opcode>
<Keywords>0x4000000000200800</Keywords>
<TimeCreated SystemTime="2020-10-24 21:56:32.748516"></TimeCreated>
<EventRecordID>61</EventRecordID>
<Correlation ActivityID="" RelatedActivityID=""></Correlation>
<Execution ProcessID="1320" ThreadID="2796"></Execution>
<Channel>Microsoft-Windows-LiveId/Operational</Channel>
<Computer>WIN-PTFPHFCRDJ0</Computer>
<Security UserID="S-1-5-21-1152959844-3645458174-3779170896-1000"></Security>
</System>
<EventData><Data Name="ResourceURI">474a-87ad-2f9a87615fa3-dc1-tip.cloudapp.net</Data>
<Data Name="Created">2020-10-25 03:26:32</Data>
<Data Name="Expires">2020-10-26 03:26:32</Data>
<Data Name="TokenType">urn:passport:compact</Data>
<Data Name="AuthRequired">0</Data>
<Data Name="RequestStatus">0</Data>
<Data Name="HasFlowUrl">False</Data>
<Data Name="HasAuthUrl">False</Data>
<Data Name="HasEndAuthUrl">False</Data>
</EventData>
</Event>

<Event xmlns="http://schemas.microsoft.com/win/2004/08/events/event"><System><Provider Name="Microsoft-Windows-LiveId" Guid="{05f02597-fe85-4e67-8542-69567ab8fd4f}"></Provider>
<EventID Qualifiers="">6115</EventID>
<Version>0</Version>
<Level>4</Level>
<Task>0</Task>
<Opcode>0</Opcode>
<Keywords>0x4000000000200800</Keywords>
<TimeCreated SystemTime="2020-10-24 21:57:39.157373"></TimeCreated>
<EventRecordID>62</EventRecordID>
<Correlation ActivityID="" RelatedActivityID=""></Correlation>
<Execution ProcessID="1320" ThreadID="2204"></Execution>
<Channel>Microsoft-Windows-LiveId/Operational</Channel>
<Computer>WIN-PTFPHFCRDJ0</Computer>
<Security UserID="S-1-5-21-1152959844-3645458174-3779170896-1000"></Security>
</System>
<EventData><Data Name="Value">&lt;s:Envelope&gt;&lt;s:Header&gt;&lt;wsa:Action s:mustUnderstand="1"&gt;*&lt;/wsa:Action&gt;&lt;wsa:To s:mustUnderstand="1"&gt;*&lt;/wsa:To&gt;&lt;wsa:MessageID&gt;*&lt;/wsa:MessageID&gt;&lt;ps:AuthInfo Id="PPAuthInfo"&gt;&lt;ps:HostingApp&gt;*&lt;/ps:HostingApp&gt;&lt;ps:BinaryVersion&gt;*&lt;/ps:BinaryVersion&gt;&lt;ps:UIVersion&gt;*&lt;/ps:UIVersion&gt;&lt;ps:InlineUX&gt;*&lt;/ps:InlineUX&gt;&lt;ps:IsAdmin&gt;*&lt;/ps:IsAdmin&gt;&lt;ps:Cookies&gt;&lt;/ps:Cookies&gt;&lt;ps:RequestParams&gt;*&lt;/ps:RequestParams&gt;&lt;ps:WindowsClientString&gt;*&lt;/ps:WindowsClientString&gt;&lt;ps:LicenseSignatureKeyVersion&gt;*&lt;/ps:LicenseSignatureKeyVersion&gt;&lt;ps:ClientCapabilities&gt;*&lt;/ps:ClientCapabilities&gt;&lt;/ps:AuthInfo&gt;&lt;wsse:Security&gt;&lt;EncryptedData xmlns="http://www.w3.org/2001/04/xmlenc#" Id="devicesoftware" Type="http://www.w3.org/2001/04/xmlenc#Element"&gt;&lt;EncryptionMethod Algorithm="http://www.w3.org/2001/04/xmlenc#tripledes-cbc"&gt;&lt;/EncryptionMethod&gt;&lt;ds:KeyInfo&gt;&lt;ds:KeyName&gt;*&lt;/ds:KeyName&gt;&lt;/ds:KeyInfo&gt;&lt;CipherData&gt;&lt;CipherValue&gt;*&lt;/CipherValue&gt;&lt;/CipherData&gt;&lt;/EncryptedData&gt;&lt;wssc:DerivedKeyToken wsu:Id="SignKey" Algorithm="urn:liveid:SP800108_CTR_HMAC_SHA256_DOUBLEDERIVED"&gt;&lt;wsse:RequestedTokenReference&gt;&lt;wsse:KeyIdentifier ValueType="http://docs.oasis-open.org/wss/2004/XX/oasis-2004XX-wss-saml-token-profile-1.0#SAMLAssertionID"/&gt;&lt;wsse:Reference URI=""/&gt;&lt;/wsse:RequestedTokenReference&gt;&lt;wssc:Nonce&gt;*&lt;/wssc:Nonce&gt;&lt;/wssc:DerivedKeyToken&gt;&lt;wsu:Timestamp wsu:Id="Timestamp"&gt;&lt;wsu:Created&gt;2020-10-24T21:57:38Z&lt;/wsu:Created&gt;&lt;wsu:Expires&gt;2020-10-24T22:02:38Z&lt;/wsu:Expires&gt;&lt;/wsu:Timestamp&gt;&lt;Signature xmlns="http://www.w3.org/2000/09/xmldsig#"&gt;&lt;SignedInfo&gt;&lt;CanonicalizationMethod Algorithm="http://www.w3.org/2001/10/xml-exc-c14n#"&gt;&lt;/CanonicalizationMethod&gt;&lt;SignatureMethod Algorithm="http://www.w3.org/2001/04/xmldsig-more#hmac-sha256"&gt;&lt;/SignatureMethod&gt;&lt;Reference URI="#RST0"&gt;&lt;Transforms&gt;&lt;Transform Algorithm="http://www.w3.org/2001/10/xml-exc-c14n#"&gt;&lt;/Transform&gt;&lt;/Transforms&gt;&lt;DigestMethod Algorithm="http://www.w3.org/2001/04/xmlenc#sha256"&gt;&lt;/DigestMethod&gt;&lt;DigestValue&gt;*&lt;/DigestValue&gt;&lt;/Reference&gt;&lt;Reference URI="#Timestamp"&gt;&lt;Transforms&gt;&lt;Transform Algorithm="http://www.w3.org/2001/10/xml-exc-c14n#"&gt;&lt;/Transform&gt;&lt;/Transforms&gt;&lt;DigestMethod Algorithm="http://www.w3.org/2001/04/xmlenc#sha256"&gt;&lt;/DigestMethod&gt;&lt;DigestValue&gt;*&lt;/DigestValue&gt;&lt;/Reference&gt;&lt;Reference URI="#PPAuthInfo"&gt;&lt;Transforms&gt;&lt;Transform Algorithm="http://www.w3.org/2001/10/xml-exc-c14n#"&gt;&lt;/Transform&gt;&lt;/Transforms&gt;&lt;DigestMethod Algorithm="http://www.w3.org/2001/04/xmlenc#sha256"&gt;&lt;/DigestMethod&gt;&lt;DigestValue&gt;*&lt;/DigestValue&gt;&lt;/Reference&gt;&lt;/SignedInfo&gt;&lt;SignatureValue&gt;*&lt;/SignatureValue&gt;&lt;KeyInfo&gt;&lt;wsse:SecurityTokenReference&gt;&lt;wsse:Reference URI="#SignKey"/&gt;&lt;/wsse:SecurityTokenReference&gt;&lt;/KeyInfo&gt;&lt;/Signature&gt;&lt;/wsse:Security&gt;&lt;/s:Header&gt;&lt;s:Body&gt;&lt;wst:RequestSecurityToken Id="RST0"&gt;&lt;wst:RequestType&gt;*&lt;/wst:RequestType&gt;&lt;wsp:AppliesTo&gt;&lt;wsa:EndpointReference&gt;&lt;wsa:Address&gt;dcat.update.microsoft.com&lt;/wsa:Address&gt;&lt;/wsa:EndpointReference&gt;&lt;/wsp:AppliesTo&gt;&lt;wsp:PolicyReference URI="MBI_SSL"&gt;&lt;/wsp:PolicyReference&gt;&lt;/wst:RequestSecurityToken&gt;&lt;/s:Body&gt;&lt;/s:Envelope&gt;</Data>
</EventData>
</Event>

<Event xmlns="http://schemas.microsoft.com/win/2004/08/events/event"><System><Provider Name="Microsoft-Windows-LiveId" Guid="{05f02597-fe85-4e67-8542-69567ab8fd4f}"></Provider>
<EventID Qualifiers="">6116</EventID>
<Version>0</Version>
<Level>4</Level>
<Task>0</Task>
<Opcode>0</Opcode>
<Keywords>0x4000000000200800</Keywords>
<TimeCreated SystemTime="2020-10-24 21:57:40.403570"></TimeCreated>
<EventRecordID>63</EventRecordID>
<Correlation ActivityID="" RelatedActivityID=""></Correlation>
<Execution ProcessID="1320" ThreadID="2204"></Execution>
<Channel>Microsoft-Windows-LiveId/Operational</Channel>
<Computer>WIN-PTFPHFCRDJ0</Computer>
<Security UserID="S-1-5-21-1152959844-3645458174-3779170896-1000"></Security>
</System>
<EventData><Data Name="Value">&lt;S:Envelope&gt;&lt;S:Header&gt;&lt;wsa:Action wsu:Id="Action" S:mustUnderstand="1"&gt;*&lt;/wsa:Action&gt;&lt;wsa:To wsu:Id="To" S:mustUnderstand="1"&gt;*&lt;/wsa:To&gt;&lt;wsse:Security&gt;&lt;wsu:Timestamp wsu:Id="TS"&gt;&lt;wsu:Created&gt;2020-10-24T21:57:40Z&lt;/wsu:Created&gt;&lt;wsu:Expires&gt;2020-10-24T22:02:40Z&lt;/wsu:Expires&gt;&lt;/wsu:Timestamp&gt;&lt;wssc:DerivedKeyToken wsu:Id="SignKey" Algorithm="urn:liveid:SP800108_CTR_HMAC_SHA256_DOUBLEDERIVED"&gt;&lt;wsse:SecurityTokenReference&gt;&lt;wsse:Reference URI="ZDQP2Jwx3kuFfFzyEMr7c+EU8nY="&gt;&lt;/wsse:Reference&gt;&lt;/wsse:SecurityTokenReference&gt;&lt;wssc:Nonce&gt;*&lt;/wssc:Nonce&gt;&lt;/wssc:DerivedKeyToken&gt;&lt;wssc:DerivedKeyToken wsu:Id="EncKey" Algorithm="urn:liveid:SP800108_CTR_HMAC_SHA256_DOUBLEDERIVED"&gt;&lt;wsse:SecurityTokenReference&gt;&lt;wsse:Reference URI="ZDQP2Jwx3kuFfFzyEMr7c+EU8nY="&gt;&lt;/wsse:Reference&gt;&lt;/wsse:SecurityTokenReference&gt;&lt;wssc:Nonce&gt;*&lt;/wssc:Nonce&gt;&lt;/wssc:DerivedKeyToken&gt;&lt;Signature xmlns="http://www.w3.org/2000/09/xmldsig#"&gt;&lt;SignedInfo&gt;&lt;CanonicalizationMethod Algorithm="http://www.w3.org/2001/10/xml-exc-c14n#"&gt;&lt;/CanonicalizationMethod&gt;&lt;SignatureMethod Algorithm="http://www.w3.org/2001/04/xmldsig-more#hmac-sha256"&gt;&lt;/SignatureMethod&gt;&lt;Reference URI="#EncPsf"&gt;&lt;Transforms&gt;&lt;Transform Algorithm="http://www.w3.org/2001/10/xml-exc-c14n#"&gt;&lt;/Transform&gt;&lt;/Transforms&gt;&lt;DigestMethod Algorithm="http://www.w3.org/2001/04/xmlenc#sha256"&gt;&lt;/DigestMethod&gt;&lt;DigestValue&gt;*&lt;/DigestValue&gt;&lt;/Reference&gt;&lt;Reference URI="#Body"&gt;&lt;Transforms&gt;&lt;Transform Algorithm="http://www.w3.org/2001/10/xml-exc-c14n#"&gt;&lt;/Transform&gt;&lt;/Transforms&gt;&lt;DigestMethod Algorithm="http://www.w3.org/2001/04/xmlenc#sha256"&gt;&lt;/DigestMethod&gt;&lt;DigestValue&gt;*&lt;/DigestValue&gt;&lt;/Reference&gt;&lt;Reference URI="#To"&gt;&lt;Transforms&gt;&lt;Transform Algorithm="http://www.w3.org/2001/10/xml-exc-c14n#"&gt;&lt;/Transform&gt;&lt;/Transforms&gt;&lt;DigestMethod Algorithm="http://www.w3.org/2001/04/xmlenc#sha256"&gt;&lt;/DigestMethod&gt;&lt;DigestValue&gt;*&lt;/DigestValue&gt;&lt;/Reference&gt;&lt;Reference URI="#Action"&gt;&lt;Transforms&gt;&lt;Transform Algorithm="http://www.w3.org/2001/10/xml-exc-c14n#"&gt;&lt;/Transform&gt;&lt;/Transforms&gt;&lt;DigestMethod Algorithm="http://www.w3.org/2001/04/xmlenc#sha256"&gt;&lt;/DigestMethod&gt;&lt;DigestValue&gt;*&lt;/DigestValue&gt;&lt;/Reference&gt;&lt;Reference URI="#TS"&gt;&lt;Transforms&gt;&lt;Transform Algorithm="http://www.w3.org/2001/10/xml-exc-c14n#"&gt;&lt;/Transform&gt;&lt;/Transforms&gt;&lt;DigestMethod Algorithm="http://www.w3.org/2001/04/xmlenc#sha256"&gt;&lt;/DigestMethod&gt;&lt;DigestValue&gt;*&lt;/DigestValue&gt;&lt;/Reference&gt;&lt;/SignedInfo&gt;&lt;SignatureValue&gt;*&lt;/SignatureValue&gt;&lt;KeyInfo&gt;&lt;wsse:SecurityTokenReference&gt;&lt;wsse:Reference URI="#SignKey"&gt;&lt;/wsse:Reference&gt;&lt;/wsse:SecurityTokenReference&gt;&lt;/KeyInfo&gt;&lt;/Signature&gt;&lt;e:ReferenceList xmlns:e="http://www.w3.org/2001/04/xmlenc#"&gt;&lt;e:DataReference URI="#RSTR"/&gt;&lt;e:DataReference URI="#EncPsf"/&gt;&lt;/e:ReferenceList&gt;&lt;/wsse:Security&gt;&lt;psf:EncryptedPP&gt;&lt;EncryptedData xmlns="http://www.w3.org/2001/04/xmlenc#" Id="EncPsf" Type="http://www.w3.org/2001/04/xmlenc#Element"&gt;&lt;EncryptionMethod Algorithm="http://www.w3.org/2001/04/xmlenc#aes256-cbc"&gt;&lt;/EncryptionMethod&gt;&lt;KeyInfo xmlns="http://www.w3.org/2000/09/xmldsig#"&gt;&lt;wsse:SecurityTokenReference&gt;&lt;wsse:Reference URI="#EncKey"&gt;&lt;/wsse:Reference&gt;&lt;/wsse:SecurityTokenReference&gt;&lt;/KeyInfo&gt;&lt;CipherData&gt;&lt;CipherValue&gt;*&lt;/CipherValue&gt;&lt;/CipherData&gt;&lt;/EncryptedData&gt;&lt;/psf:EncryptedPP&gt;&lt;/S:Header&gt;&lt;S:Body wsu:Id="Body"&gt;&lt;EncryptedData xmlns="http://www.w3.org/2001/04/xmlenc#" Id="RSTR" Type="http://www.w3.org/2001/04/xmlenc#Element"&gt;&lt;EncryptionMethod Algorithm="http://www.w3.org/2001/04/xmlenc#aes256-cbc"&gt;&lt;/EncryptionMethod&gt;&lt;KeyInfo xmlns="http://www.w3.org/2000/09/xmldsig#"&gt;&lt;wsse:SecurityTokenReference&gt;&lt;wsse:Reference URI="#EncKey"&gt;&lt;/wsse:Reference&gt;&lt;/wsse:SecurityTokenReference&gt;&lt;/KeyInfo&gt;&lt;CipherData&gt;&lt;CipherValue&gt;*&lt;/CipherValue&gt;&lt;/CipherData&gt;&lt;/EncryptedData&gt;&lt;/S:Body&gt;&lt;/S:Envelope&gt;</Data>
</EventData>
</Event>

<Event xmlns="http://schemas.microsoft.com/win/2004/08/events/event"><System><Provider Name="Microsoft-Windows-LiveId" Guid="{05f02597-fe85-4e67-8542-69567ab8fd4f}"></Provider>
<EventID Qualifiers="">6117</EventID>
<Version>0</Version>
<Level>4</Level>
<Task>0</Task>
<Opcode>0</Opcode>
<Keywords>0x4000000000200800</Keywords>
<TimeCreated SystemTime="2020-10-24 21:57:40.404137"></TimeCreated>
<EventRecordID>64</EventRecordID>
<Correlation ActivityID="" RelatedActivityID=""></Correlation>
<Execution ProcessID="1320" ThreadID="2204"></Execution>
<Channel>Microsoft-Windows-LiveId/Operational</Channel>
<Computer>WIN-PTFPHFCRDJ0</Computer>
<Security UserID="S-1-5-21-1152959844-3645458174-3779170896-1000"></Security>
</System>
<EventData><Data Name="ResourceURI">dcat.update.microsoft.com</Data>
<Data Name="Created">2020-10-25 03:27:40</Data>
<Data Name="Expires">2020-10-26 03:27:40</Data>
<Data Name="TokenType">urn:passport:compact</Data>
<Data Name="AuthRequired">0</Data>
<Data Name="RequestStatus">0</Data>
<Data Name="HasFlowUrl">False</Data>
<Data Name="HasAuthUrl">False</Data>
<Data Name="HasEndAuthUrl">False</Data>
</EventData>
</Event>

<Event xmlns="http://schemas.microsoft.com/win/2004/08/events/event"><System><Provider Name="Microsoft-Windows-LiveId" Guid="{05f02597-fe85-4e67-8542-69567ab8fd4f}"></Provider>
<EventID Qualifiers="">2024</EventID>
<Version>0</Version>
<Level>4</Level>
<Task>101</Task>
<Opcode>0</Opcode>
<Keywords>0x4000000000000010</Keywords>
<TimeCreated SystemTime="2020-10-24 22:02:29.240791"></TimeCreated>
<EventRecordID>65</EventRecordID>
<Correlation ActivityID="" RelatedActivityID=""></Correlation>
<Execution ProcessID="1320" ThreadID="3584"></Execution>
<Channel>Microsoft-Windows-LiveId/Operational</Channel>
<Computer>WIN-PTFPHFCRDJ0</Computer>
<Security UserID="S-1-5-18"></Security>
</System>
<EventData><Data Name="Operation">Service stopped</Data>
<Data Name="Details">The service has stopped.</Data>
<Data Name="Status">0x00000000</Data>
</EventData>
</Event>

<Event xmlns="http://schemas.microsoft.com/win/2004/08/events/event"><System><Provider Name="Microsoft-Windows-LiveId" Guid="{05f02597-fe85-4e67-8542-69567ab8fd4f}"></Provider>
<EventID Qualifiers="">2024</EventID>
<Version>0</Version>
<Level>4</Level>
<Task>101</Task>
<Opcode>0</Opcode>
<Keywords>0x4000000000000010</Keywords>
<TimeCreated SystemTime="2020-10-24 22:13:18.384842"></TimeCreated>
<EventRecordID>66</EventRecordID>
<Correlation ActivityID="" RelatedActivityID=""></Correlation>
<Execution ProcessID="1320" ThreadID="2804"></Execution>
<Channel>Microsoft-Windows-LiveId/Operational</Channel>
<Computer>WIN-PTFPHFCRDJ0</Computer>
<Security UserID="S-1-5-18"></Security>
</System>
<EventData><Data Name="Operation">Service started</Data>
<Data Name="Details">The service will auto stop if no requests received for some period of time.</Data>
<Data Name="Status">0x00000000</Data>
</EventData>
</Event>

