<?xml version="1.1" encoding="utf-8" standalone="yes" ?>

<Events>
<Event xmlns="http://schemas.microsoft.com/win/2004/08/events/event"><System><Provider Name="Microsoft-Windows-Kernel-PnP" Guid="{9c205a39-1250-487d-abd7-e831c6290539}"></Provider>
<EventID Qualifiers="">403</EventID>
<Version>0</Version>
<Level>3</Level>
<Task>0</Task>
<Opcode>0</Opcode>
<Keywords>0x4000000000000000</Keywords>
<TimeCreated SystemTime="2020-10-23 09:20:39.525255"></TimeCreated>
<EventRecordID>1</EventRecordID>
<Correlation ActivityID="" RelatedActivityID=""></Correlation>
<Execution ProcessID="4" ThreadID="8"></Execution>
<Channel>Microsoft-Windows-Kernel-PnP/Configuration</Channel>
<Computer>WIN-PTFPHFCRDJ0</Computer>
<Security UserID="S-1-5-18"></Security>
</System>
<EventData><Data Name="DeviceInstanceId">ROOT\ACPI_HAL\0000</Data>
<Data Name="DriverName">hal.inf</Data>
<Data Name="ClassGuid">{4d36e966-e325-11ce-bfc1-08002be10318}</Data>
<Data Name="DriverDate">06/21/2006</Data>
<Data Name="DriverVersion">10.0.17763.1</Data>
<Data Name="DriverProvider">Microsoft</Data>
<Data Name="DriverInbox">True</Data>
<Data Name="DriverSection">ACPI_AMD64_HAL</Data>
<Data Name="DriverRank">0x00ff0000</Data>
<Data Name="MatchingDeviceId">acpiapic</Data>
<Data Name="OutrankedDrivers"></Data>
<Data Name="DeviceUpdated">False</Data>
<Data Name="Status">0x00000000</Data>
<Data Name="ParentDeviceInstanceId">HTREE\ROOT\0</Data>
</EventData>
</Event>

<Event xmlns="http://schemas.microsoft.com/win/2004/08/events/event"><System><Provider Name="Microsoft-Windows-Kernel-PnP" Guid="{9c205a39-1250-487d-abd7-e831c6290539}"></Provider>
<EventID Qualifiers="">410</EventID>
<Version>0</Version>
<Level>4</Level>
<Task>0</Task>
<Opcode>0</Opcode>
<Keywords>0x4000000000000000</Keywords>
<TimeCreated SystemTime="2020-10-23 09:20:39.525494"></TimeCreated>
<EventRecordID>2</EventRecordID>
<Correlation ActivityID="" RelatedActivityID=""></Correlation>
<Execution ProcessID="4" ThreadID="8"></Execution>
<Channel>Microsoft-Windows-Kernel-PnP/Configuration</Channel>
<Computer>WIN-PTFPHFCRDJ0</Computer>
<Security UserID="S-1-5-18"></Security>
</System>
<EventData><Data Name="DeviceInstanceId">ROOT\ACPI_HAL\0000</Data>
<Data Name="DriverName">hal.inf</Data>
<Data Name="ClassGuid">{4d36e966-e325-11ce-bfc1-08002be10318}</Data>
<Data Name="ServiceName">\Driver\ACPI_HAL</Data>
<Data Name="LowerFilters"></Data>
<Data Name="UpperFilters"></Data>
<Data Name="Problem">0x00000000</Data>
<Data Name="Status">0x00000000</Data>
</EventData>
</Event>

<Event xmlns="http://schemas.microsoft.com/win/2004/08/events/event"><System><Provider Name="Microsoft-Windows-Kernel-PnP" Guid="{9c205a39-1250-487d-abd7-e831c6290539}"></Provider>
<EventID Qualifiers="">400</EventID>
<Version>0</Version>
<Level>4</Level>
<Task>0</Task>
<Opcode>0</Opcode>
<Keywords>0x4000000000000000</Keywords>
<TimeCreated SystemTime="2020-10-23 09:20:39.526171"></TimeCreated>
<EventRecordID>3</EventRecordID>
<Correlation ActivityID="" RelatedActivityID=""></Correlation>
<Execution ProcessID="4" ThreadID="8"></Execution>
<Channel>Microsoft-Windows-Kernel-PnP/Configuration</Channel>
<Computer>WIN-PTFPHFCRDJ0</Computer>
<Security UserID="S-1-5-18"></Security>
</System>
<EventData><Data Name="DeviceInstanceId">ACPI_HAL\PNP0C08\0</Data>
<Data Name="DriverName">acpi.inf</Data>
<Data Name="ClassGuid">{4d36e97d-e325-11ce-bfc1-08002be10318}</Data>
<Data Name="DriverDate">06/21/2006</Data>
<Data Name="DriverVersion">10.0.17763.1</Data>
<Data Name="DriverProvider">Microsoft</Data>
<Data Name="DriverInbox">True</Data>
<Data Name="DriverSection">ACPI_Inst.NT</Data>
<Data Name="DriverRank">0x00ff0001</Data>
<Data Name="MatchingDeviceId">*PNP0C08</Data>
<Data Name="OutrankedDrivers"></Data>
<Data Name="DeviceUpdated">False</Data>
<Data Name="Status">0x00000000</Data>
<Data Name="ParentDeviceInstanceId">ROOT\ACPI_HAL\0000</Data>
</EventData>
</Event>

<Event xmlns="http://schemas.microsoft.com/win/2004/08/events/event"><System><Provider Name="Microsoft-Windows-Kernel-PnP" Guid="{9c205a39-1250-487d-abd7-e831c6290539}"></Provider>
<EventID Qualifiers="">410</EventID>
<Version>0</Version>
<Level>4</Level>
<Task>0</Task>
<Opcode>0</Opcode>
<Keywords>0x4000000000000000</Keywords>
<TimeCreated SystemTime="2020-10-23 09:20:39.832289"></TimeCreated>
<EventRecordID>4</EventRecordID>
<Correlation ActivityID="" RelatedActivityID=""></Correlation>
<Execution ProcessID="4" ThreadID="8"></Execution>
<Channel>Microsoft-Windows-Kernel-PnP/Configuration</Channel>
<Computer>WIN-PTFPHFCRDJ0</Computer>
<Security UserID="S-1-5-18"></Security>
</System>
<EventData><Data Name="DeviceInstanceId">ACPI_HAL\PNP0C08\0</Data>
<Data Name="DriverName">acpi.inf</Data>
<Data Name="ClassGuid">{4d36e97d-e325-11ce-bfc1-08002be10318}</Data>
<Data Name="ServiceName">ACPI</Data>
<Data Name="LowerFilters"></Data>
<Data Name="UpperFilters"></Data>
<Data Name="Problem">0x00000000</Data>
<Data Name="Status">0x00000000</Data>
</EventData>
</Event>

<Event xmlns="http://schemas.microsoft.com/win/2004/08/events/event"><System><Provider Name="Microsoft-Windows-Kernel-PnP" Guid="{9c205a39-1250-487d-abd7-e831c6290539}"></Provider>
<EventID Qualifiers="">400</EventID>
<Version>0</Version>
<Level>4</Level>
<Task>0</Task>
<Opcode>0</Opcode>
<Keywords>0x4000000000000000</Keywords>
<TimeCreated SystemTime="2020-10-23 09:20:39.969107"></TimeCreated>
<EventRecordID>5</EventRecordID>
<Correlation ActivityID="" RelatedActivityID=""></Correlation>
<Execution ProcessID="4" ThreadID="8"></Execution>
<Channel>Microsoft-Windows-Kernel-PnP/Configuration</Channel>
<Computer>WIN-PTFPHFCRDJ0</Computer>
<Security UserID="S-1-5-18"></Security>
</System>
<EventData><Data Name="DeviceInstanceId">ACPI\PNP0A03\2&amp;daba3ff&amp;0</Data>
<Data Name="DriverName">pci.inf</Data>
<Data Name="ClassGuid">{4d36e97d-e325-11ce-bfc1-08002be10318}</Data>
<Data Name="DriverDate">06/21/2006</Data>
<Data Name="DriverVersion">10.0.17763.1</Data>
<Data Name="DriverProvider">Microsoft</Data>
<Data Name="DriverInbox">True</Data>
<Data Name="DriverSection">PCI_ROOT</Data>
<Data Name="DriverRank">0x00ff0002</Data>
<Data Name="MatchingDeviceId">*PNP0A03</Data>
<Data Name="OutrankedDrivers">pci.inf:*PNP0A08:00FF2000</Data>
<Data Name="DeviceUpdated">False</Data>
<Data Name="Status">0x00000000</Data>
<Data Name="ParentDeviceInstanceId">ACPI_HAL\PNP0C08\0</Data>
</EventData>
</Event>

<Event xmlns="http://schemas.microsoft.com/win/2004/08/events/event"><System><Provider Name="Microsoft-Windows-Kernel-PnP" Guid="{9c205a39-1250-487d-abd7-e831c6290539}"></Provider>
<EventID Qualifiers="">400</EventID>
<Version>0</Version>
<Level>4</Level>
<Task>0</Task>
<Opcode>0</Opcode>
<Keywords>0x4000000000000000</Keywords>
<TimeCreated SystemTime="2020-10-23 09:20:39.971802"></TimeCreated>
<EventRecordID>6</EventRecordID>
<Correlation ActivityID="" RelatedActivityID=""></Correlation>
<Execution ProcessID="4" ThreadID="8"></Execution>
<Channel>Microsoft-Windows-Kernel-PnP/Configuration</Channel>
<Computer>WIN-PTFPHFCRDJ0</Computer>
<Security UserID="S-1-5-18"></Security>
</System>
<EventData><Data Name="DeviceInstanceId">ACPI\ACPI0003\1</Data>
<Data Name="DriverName">cmbatt.inf</Data>
<Data Name="ClassGuid">{72631e54-78a4-11d0-bcf7-00aa00b7b32a}</Data>
<Data Name="DriverDate">06/21/2006</Data>
<Data Name="DriverVersion">10.0.17763.1</Data>
<Data Name="DriverProvider">Microsoft</Data>
<Data Name="DriverInbox">True</Data>
<Data Name="DriverSection">AcAdapter_Inst</Data>
<Data Name="DriverRank">0x00ff0001</Data>
<Data Name="MatchingDeviceId">ACPI\ACPI0003</Data>
<Data Name="OutrankedDrivers"></Data>
<Data Name="DeviceUpdated">False</Data>
<Data Name="Status">0x00000000</Data>
<Data Name="ParentDeviceInstanceId">ACPI_HAL\PNP0C08\0</Data>
</EventData>
</Event>

<Event xmlns="http://schemas.microsoft.com/win/2004/08/events/event"><System><Provider Name="Microsoft-Windows-Kernel-PnP" Guid="{9c205a39-1250-487d-abd7-e831c6290539}"></Provider>
<EventID Qualifiers="">400</EventID>
<Version>0</Version>
<Level>4</Level>
<Task>0</Task>
<Opcode>0</Opcode>
<Keywords>0x4000000000000000</Keywords>
<TimeCreated SystemTime="2020-10-23 09:20:39.972803"></TimeCreated>
<EventRecordID>7</EventRecordID>
<Correlation ActivityID="" RelatedActivityID=""></Correlation>
<Execution ProcessID="4" ThreadID="8"></Execution>
<Channel>Microsoft-Windows-Kernel-PnP/Configuration</Channel>
<Computer>WIN-PTFPHFCRDJ0</Computer>
<Security UserID="S-1-5-18"></Security>
</System>
<EventData><Data Name="DeviceInstanceId">ACPI\GenuineIntel_-_Intel64_Family_6_Model_158_-_Intel(R)_Core(TM)_i7-9750H_CPU_@_2.60GHz\_0</Data>
<Data Name="DriverName">cpu.inf</Data>
<Data Name="ClassGuid">{50127dc3-0f36-415e-a6cc-4cb3be910b65}</Data>
<Data Name="DriverDate">04/21/2009</Data>
<Data Name="DriverVersion">10.0.17763.1</Data>
<Data Name="DriverProvider">Microsoft</Data>
<Data Name="DriverInbox">True</Data>
<Data Name="DriverSection">IntelPPM_Inst.NT</Data>
<Data Name="DriverRank">0x00ff0004</Data>
<Data Name="MatchingDeviceId">ACPI\GenuineIntel_-_Intel64</Data>
<Data Name="OutrankedDrivers">cpu.inf:ACPI\Processor:00FF2000</Data>
<Data Name="DeviceUpdated">False</Data>
<Data Name="Status">0x00000000</Data>
<Data Name="ParentDeviceInstanceId">ACPI_HAL\PNP0C08\0</Data>
</EventData>
</Event>

<Event xmlns="http://schemas.microsoft.com/win/2004/08/events/event"><System><Provider Name="Microsoft-Windows-Kernel-PnP" Guid="{9c205a39-1250-487d-abd7-e831c6290539}"></Provider>
<EventID Qualifiers="">400</EventID>
<Version>0</Version>
<Level>4</Level>
<Task>0</Task>
<Opcode>0</Opcode>
<Keywords>0x4000000000000000</Keywords>
<TimeCreated SystemTime="2020-10-23 09:20:39.973953"></TimeCreated>
<EventRecordID>8</EventRecordID>
<Correlation ActivityID="" RelatedActivityID=""></Correlation>
<Execution ProcessID="4" ThreadID="8"></Execution>
<Channel>Microsoft-Windows-Kernel-PnP/Configuration</Channel>
<Computer>WIN-PTFPHFCRDJ0</Computer>
<Security UserID="S-1-5-18"></Security>
</System>
<EventData><Data Name="DeviceInstanceId">ACPI\PNP0A05\10</Data>
<Data Name="DriverName">machine.inf</Data>
<Data Name="ClassGuid">{4d36e97d-e325-11ce-bfc1-08002be10318}</Data>
<Data Name="DriverDate">06/21/2006</Data>
<Data Name="DriverVersion">10.0.17763.1</Data>
<Data Name="DriverProvider">Microsoft</Data>
<Data Name="DriverInbox">True</Data>
<Data Name="DriverSection">NO_DRV_X_PNP</Data>
<Data Name="DriverRank">0x00ff0002</Data>
<Data Name="MatchingDeviceId">*PNP0A05</Data>
<Data Name="OutrankedDrivers"></Data>
<Data Name="DeviceUpdated">False</Data>
<Data Name="Status">0x00000000</Data>
<Data Name="ParentDeviceInstanceId">ACPI_HAL\PNP0C08\0</Data>
</EventData>
</Event>

<Event xmlns="http://schemas.microsoft.com/win/2004/08/events/event"><System><Provider Name="Microsoft-Windows-Kernel-PnP" Guid="{9c205a39-1250-487d-abd7-e831c6290539}"></Provider>
<EventID Qualifiers="">400</EventID>
<Version>0</Version>
<Level>4</Level>
<Task>0</Task>
<Opcode>0</Opcode>
<Keywords>0x4000000000000000</Keywords>
<TimeCreated SystemTime="2020-10-23 09:20:39.974854"></TimeCreated>
<EventRecordID>9</EventRecordID>
<Correlation ActivityID="" RelatedActivityID=""></Correlation>
<Execution ProcessID="4" ThreadID="8"></Execution>
<Channel>Microsoft-Windows-Kernel-PnP/Configuration</Channel>
<Computer>WIN-PTFPHFCRDJ0</Computer>
<Security UserID="S-1-5-18"></Security>
</System>
<EventData><Data Name="DeviceInstanceId">ACPI\PNP0A05\11</Data>
<Data Name="DriverName">machine.inf</Data>
<Data Name="ClassGuid">{4d36e97d-e325-11ce-bfc1-08002be10318}</Data>
<Data Name="DriverDate">06/21/2006</Data>
<Data Name="DriverVersion">10.0.17763.1</Data>
<Data Name="DriverProvider">Microsoft</Data>
<Data Name="DriverInbox">True</Data>
<Data Name="DriverSection">NO_DRV_X_PNP</Data>
<Data Name="DriverRank">0x00ff0002</Data>
<Data Name="MatchingDeviceId">*PNP0A05</Data>
<Data Name="OutrankedDrivers"></Data>
<Data Name="DeviceUpdated">False</Data>
<Data Name="Status">0x00000000</Data>
<Data Name="ParentDeviceInstanceId">ACPI_HAL\PNP0C08\0</Data>
</EventData>
</Event>

<Event xmlns="http://schemas.microsoft.com/win/2004/08/events/event"><System><Provider Name="Microsoft-Windows-Kernel-PnP" Guid="{9c205a39-1250-487d-abd7-e831c6290539}"></Provider>
<EventID Qualifiers="">400</EventID>
<Version>0</Version>
<Level>4</Level>
<Task>0</Task>
<Opcode>0</Opcode>
<Keywords>0x4000000000000000</Keywords>
<TimeCreated SystemTime="2020-10-23 09:20:39.975897"></TimeCreated>
<EventRecordID>10</EventRecordID>
<Correlation ActivityID="" RelatedActivityID=""></Correlation>
<Execution ProcessID="4" ThreadID="8"></Execution>
<Channel>Microsoft-Windows-Kernel-PnP/Configuration</Channel>
<Computer>WIN-PTFPHFCRDJ0</Computer>
<Security UserID="S-1-5-18"></Security>
</System>
<EventData><Data Name="DeviceInstanceId">ACPI\PNP0A05\12</Data>
<Data Name="DriverName">machine.inf</Data>
<Data Name="ClassGuid">{4d36e97d-e325-11ce-bfc1-08002be10318}</Data>
<Data Name="DriverDate">06/21/2006</Data>
<Data Name="DriverVersion">10.0.17763.1</Data>
<Data Name="DriverProvider">Microsoft</Data>
<Data Name="DriverInbox">True</Data>
<Data Name="DriverSection">NO_DRV_X_PNP</Data>
<Data Name="DriverRank">0x00ff0002</Data>
<Data Name="MatchingDeviceId">*PNP0A05</Data>
<Data Name="OutrankedDrivers"></Data>
<Data Name="DeviceUpdated">False</Data>
<Data Name="Status">0x00000000</Data>
<Data Name="ParentDeviceInstanceId">ACPI_HAL\PNP0C08\0</Data>
</EventData>
</Event>

<Event xmlns="http://schemas.microsoft.com/win/2004/08/events/event"><System><Provider Name="Microsoft-Windows-Kernel-PnP" Guid="{9c205a39-1250-487d-abd7-e831c6290539}"></Provider>
<EventID Qualifiers="">400</EventID>
<Version>0</Version>
<Level>4</Level>
<Task>0</Task>
<Opcode>0</Opcode>
<Keywords>0x4000000000000000</Keywords>
<TimeCreated SystemTime="2020-10-23 09:20:39.977415"></TimeCreated>
<EventRecordID>11</EventRecordID>
<Correlation ActivityID="" RelatedActivityID=""></Correlation>
<Execution ProcessID="4" ThreadID="8"></Execution>
<Channel>Microsoft-Windows-Kernel-PnP/Configuration</Channel>
<Computer>WIN-PTFPHFCRDJ0</Computer>
<Security UserID="S-1-5-18"></Security>
</System>
<EventData><Data Name="DeviceInstanceId">ACPI\PNP0A05\13</Data>
<Data Name="DriverName">machine.inf</Data>
<Data Name="ClassGuid">{4d36e97d-e325-11ce-bfc1-08002be10318}</Data>
<Data Name="DriverDate">06/21/2006</Data>
<Data Name="DriverVersion">10.0.17763.1</Data>
<Data Name="DriverProvider">Microsoft</Data>
<Data Name="DriverInbox">True</Data>
<Data Name="DriverSection">NO_DRV_X_PNP</Data>
<Data Name="DriverRank">0x00ff0002</Data>
<Data Name="MatchingDeviceId">*PNP0A05</Data>
<Data Name="OutrankedDrivers"></Data>
<Data Name="DeviceUpdated">False</Data>
<Data Name="Status">0x00000000</Data>
<Data Name="ParentDeviceInstanceId">ACPI_HAL\PNP0C08\0</Data>
</EventData>
</Event>

<Event xmlns="http://schemas.microsoft.com/win/2004/08/events/event"><System><Provider Name="Microsoft-Windows-Kernel-PnP" Guid="{9c205a39-1250-487d-abd7-e831c6290539}"></Provider>
<EventID Qualifiers="">400</EventID>
<Version>0</Version>
<Level>4</Level>
<Task>0</Task>
<Opcode>0</Opcode>
<Keywords>0x4000000000000000</Keywords>
<TimeCreated SystemTime="2020-10-23 09:20:39.978567"></TimeCreated>
<EventRecordID>12</EventRecordID>
<Correlation ActivityID="" RelatedActivityID=""></Correlation>
<Execution ProcessID="4" ThreadID="8"></Execution>
<Channel>Microsoft-Windows-Kernel-PnP/Configuration</Channel>
<Computer>WIN-PTFPHFCRDJ0</Computer>
<Security UserID="S-1-5-18"></Security>
</System>
<EventData><Data Name="DeviceInstanceId">ACPI\PNP0A05\14</Data>
<Data Name="DriverName">machine.inf</Data>
<Data Name="ClassGuid">{4d36e97d-e325-11ce-bfc1-08002be10318}</Data>
<Data Name="DriverDate">06/21/2006</Data>
<Data Name="DriverVersion">10.0.17763.1</Data>
<Data Name="DriverProvider">Microsoft</Data>
<Data Name="DriverInbox">True</Data>
<Data Name="DriverSection">NO_DRV_X_PNP</Data>
<Data Name="DriverRank">0x00ff0002</Data>
<Data Name="MatchingDeviceId">*PNP0A05</Data>
<Data Name="OutrankedDrivers"></Data>
<Data Name="DeviceUpdated">False</Data>
<Data Name="Status">0x00000000</Data>
<Data Name="ParentDeviceInstanceId">ACPI_HAL\PNP0C08\0</Data>
</EventData>
</Event>

<Event xmlns="http://schemas.microsoft.com/win/2004/08/events/event"><System><Provider Name="Microsoft-Windows-Kernel-PnP" Guid="{9c205a39-1250-487d-abd7-e831c6290539}"></Provider>
<EventID Qualifiers="">400</EventID>
<Version>0</Version>
<Level>4</Level>
<Task>0</Task>
<Opcode>0</Opcode>
<Keywords>0x4000000000000000</Keywords>
<TimeCreated SystemTime="2020-10-23 09:20:39.979469"></TimeCreated>
<EventRecordID>13</EventRecordID>
<Correlation ActivityID="" RelatedActivityID=""></Correlation>
<Execution ProcessID="4" ThreadID="8"></Execution>
<Channel>Microsoft-Windows-Kernel-PnP/Configuration</Channel>
<Computer>WIN-PTFPHFCRDJ0</Computer>
<Security UserID="S-1-5-18"></Security>
</System>
<EventData><Data Name="DeviceInstanceId">ACPI\PNP0A05\15</Data>
<Data Name="DriverName">machine.inf</Data>
<Data Name="ClassGuid">{4d36e97d-e325-11ce-bfc1-08002be10318}</Data>
<Data Name="DriverDate">06/21/2006</Data>
<Data Name="DriverVersion">10.0.17763.1</Data>
<Data Name="DriverProvider">Microsoft</Data>
<Data Name="DriverInbox">True</Data>
<Data Name="DriverSection">NO_DRV_X_PNP</Data>
<Data Name="DriverRank">0x00ff0002</Data>
<Data Name="MatchingDeviceId">*PNP0A05</Data>
<Data Name="OutrankedDrivers"></Data>
<Data Name="DeviceUpdated">False</Data>
<Data Name="Status">0x00000000</Data>
<Data Name="ParentDeviceInstanceId">ACPI_HAL\PNP0C08\0</Data>
</EventData>
</Event>

<Event xmlns="http://schemas.microsoft.com/win/2004/08/events/event"><System><Provider Name="Microsoft-Windows-Kernel-PnP" Guid="{9c205a39-1250-487d-abd7-e831c6290539}"></Provider>
<EventID Qualifiers="">400</EventID>
<Version>0</Version>
<Level>4</Level>
<Task>0</Task>
<Opcode>0</Opcode>
<Keywords>0x4000000000000000</Keywords>
<TimeCreated SystemTime="2020-10-23 09:20:39.980429"></TimeCreated>
<EventRecordID>14</EventRecordID>
<Correlation ActivityID="" RelatedActivityID=""></Correlation>
<Execution ProcessID="4" ThreadID="8"></Execution>
<Channel>Microsoft-Windows-Kernel-PnP/Configuration</Channel>
<Computer>WIN-PTFPHFCRDJ0</Computer>
<Security UserID="S-1-5-18"></Security>
</System>
<EventData><Data Name="DeviceInstanceId">ACPI\PNP0A05\16</Data>
<Data Name="DriverName">machine.inf</Data>
<Data Name="ClassGuid">{4d36e97d-e325-11ce-bfc1-08002be10318}</Data>
<Data Name="DriverDate">06/21/2006</Data>
<Data Name="DriverVersion">10.0.17763.1</Data>
<Data Name="DriverProvider">Microsoft</Data>
<Data Name="DriverInbox">True</Data>
<Data Name="DriverSection">NO_DRV_X_PNP</Data>
<Data Name="DriverRank">0x00ff0002</Data>
<Data Name="MatchingDeviceId">*PNP0A05</Data>
<Data Name="OutrankedDrivers"></Data>
<Data Name="DeviceUpdated">False</Data>
<Data Name="Status">0x00000000</Data>
<Data Name="ParentDeviceInstanceId">ACPI_HAL\PNP0C08\0</Data>
</EventData>
</Event>

<Event xmlns="http://schemas.microsoft.com/win/2004/08/events/event"><System><Provider Name="Microsoft-Windows-Kernel-PnP" Guid="{9c205a39-1250-487d-abd7-e831c6290539}"></Provider>
<EventID Qualifiers="">400</EventID>
<Version>0</Version>
<Level>4</Level>
<Task>0</Task>
<Opcode>0</Opcode>
<Keywords>0x4000000000000000</Keywords>
<TimeCreated SystemTime="2020-10-23 09:20:39.982365"></TimeCreated>
<EventRecordID>15</EventRecordID>
<Correlation ActivityID="" RelatedActivityID=""></Correlation>
<Execution ProcessID="4" ThreadID="8"></Execution>
<Channel>Microsoft-Windows-Kernel-PnP/Configuration</Channel>
<Computer>WIN-PTFPHFCRDJ0</Computer>
<Security UserID="S-1-5-18"></Security>
</System>
<EventData><Data Name="DeviceInstanceId">ACPI\PNP0A05\17</Data>
<Data Name="DriverName">machine.inf</Data>
<Data Name="ClassGuid">{4d36e97d-e325-11ce-bfc1-08002be10318}</Data>
<Data Name="DriverDate">06/21/2006</Data>
<Data Name="DriverVersion">10.0.17763.1</Data>
<Data Name="DriverProvider">Microsoft</Data>
<Data Name="DriverInbox">True</Data>
<Data Name="DriverSection">NO_DRV_X_PNP</Data>
<Data Name="DriverRank">0x00ff0002</Data>
<Data Name="MatchingDeviceId">*PNP0A05</Data>
<Data Name="OutrankedDrivers"></Data>
<Data Name="DeviceUpdated">False</Data>
<Data Name="Status">0x00000000</Data>
<Data Name="ParentDeviceInstanceId">ACPI_HAL\PNP0C08\0</Data>
</EventData>
</Event>

<Event xmlns="http://schemas.microsoft.com/win/2004/08/events/event"><System><Provider Name="Microsoft-Windows-Kernel-PnP" Guid="{9c205a39-1250-487d-abd7-e831c6290539}"></Provider>
<EventID Qualifiers="">400</EventID>
<Version>0</Version>
<Level>4</Level>
<Task>0</Task>
<Opcode>0</Opcode>
<Keywords>0x4000000000000000</Keywords>
<TimeCreated SystemTime="2020-10-23 09:20:39.984333"></TimeCreated>
<EventRecordID>16</EventRecordID>
<Correlation ActivityID="" RelatedActivityID=""></Correlation>
<Execution ProcessID="4" ThreadID="8"></Execution>
<Channel>Microsoft-Windows-Kernel-PnP/Configuration</Channel>
<Computer>WIN-PTFPHFCRDJ0</Computer>
<Security UserID="S-1-5-18"></Security>
</System>
<EventData><Data Name="DeviceInstanceId">ACPI\FixedButton\2&amp;daba3ff&amp;0</Data>
<Data Name="DriverName">machine.inf</Data>
<Data Name="ClassGuid">{4d36e97d-e325-11ce-bfc1-08002be10318}</Data>
<Data Name="DriverDate">06/21/2006</Data>
<Data Name="DriverVersion">10.0.17763.1</Data>
<Data Name="DriverProvider">Microsoft</Data>
<Data Name="DriverInbox">True</Data>
<Data Name="DriverSection">NO_DRV</Data>
<Data Name="DriverRank">0x00ff0000</Data>
<Data Name="MatchingDeviceId">ACPI\FixedButton</Data>
<Data Name="OutrankedDrivers"></Data>
<Data Name="DeviceUpdated">False</Data>
<Data Name="Status">0x00000000</Data>
<Data Name="ParentDeviceInstanceId">ACPI_HAL\PNP0C08\0</Data>
</EventData>
</Event>

<Event xmlns="http://schemas.microsoft.com/win/2004/08/events/event"><System><Provider Name="Microsoft-Windows-Kernel-PnP" Guid="{9c205a39-1250-487d-abd7-e831c6290539}"></Provider>
<EventID Qualifiers="">410</EventID>
<Version>0</Version>
<Level>4</Level>
<Task>0</Task>
<Opcode>0</Opcode>
<Keywords>0x4000000000000000</Keywords>
<TimeCreated SystemTime="2020-10-23 09:20:39.986143"></TimeCreated>
<EventRecordID>17</EventRecordID>
<Correlation ActivityID="" RelatedActivityID=""></Correlation>
<Execution ProcessID="4" ThreadID="8"></Execution>
<Channel>Microsoft-Windows-Kernel-PnP/Configuration</Channel>
<Computer>WIN-PTFPHFCRDJ0</Computer>
<Security UserID="S-1-5-18"></Security>
</System>
<EventData><Data Name="DeviceInstanceId">ACPI\FixedButton\2&amp;daba3ff&amp;0</Data>
<Data Name="DriverName">machine.inf</Data>
<Data Name="ClassGuid">{4d36e97d-e325-11ce-bfc1-08002be10318}</Data>
<Data Name="ServiceName"></Data>
<Data Name="LowerFilters"></Data>
<Data Name="UpperFilters"></Data>
<Data Name="Problem">0x00000000</Data>
<Data Name="Status">0x00000000</Data>
</EventData>
</Event>

<Event xmlns="http://schemas.microsoft.com/win/2004/08/events/event"><System><Provider Name="Microsoft-Windows-Kernel-PnP" Guid="{9c205a39-1250-487d-abd7-e831c6290539}"></Provider>
<EventID Qualifiers="">410</EventID>
<Version>0</Version>
<Level>4</Level>
<Task>0</Task>
<Opcode>0</Opcode>
<Keywords>0x4000000000000000</Keywords>
<TimeCreated SystemTime="2020-10-23 09:20:39.986673"></TimeCreated>
<EventRecordID>18</EventRecordID>
<Correlation ActivityID="" RelatedActivityID=""></Correlation>
<Execution ProcessID="4" ThreadID="8"></Execution>
<Channel>Microsoft-Windows-Kernel-PnP/Configuration</Channel>
<Computer>WIN-PTFPHFCRDJ0</Computer>
<Security UserID="S-1-5-18"></Security>
</System>
<EventData><Data Name="DeviceInstanceId">ACPI\PNP0A05\10</Data>
<Data Name="DriverName">machine.inf</Data>
<Data Name="ClassGuid">{4d36e97d-e325-11ce-bfc1-08002be10318}</Data>
<Data Name="ServiceName"></Data>
<Data Name="LowerFilters"></Data>
<Data Name="UpperFilters"></Data>
<Data Name="Problem">0x00000000</Data>
<Data Name="Status">0x00000000</Data>
</EventData>
</Event>

<Event xmlns="http://schemas.microsoft.com/win/2004/08/events/event"><System><Provider Name="Microsoft-Windows-Kernel-PnP" Guid="{9c205a39-1250-487d-abd7-e831c6290539}"></Provider>
<EventID Qualifiers="">400</EventID>
<Version>0</Version>
<Level>4</Level>
<Task>0</Task>
<Opcode>0</Opcode>
<Keywords>0x4000000000000000</Keywords>
<TimeCreated SystemTime="2020-10-23 09:20:39.988682"></TimeCreated>
<EventRecordID>19</EventRecordID>
<Correlation ActivityID="" RelatedActivityID=""></Correlation>
<Execution ProcessID="4" ThreadID="8"></Execution>
<Channel>Microsoft-Windows-Kernel-PnP/Configuration</Channel>
<Computer>WIN-PTFPHFCRDJ0</Computer>
<Security UserID="S-1-5-18"></Security>
</System>
<EventData><Data Name="DeviceInstanceId">ACPI\PNP0A05\18</Data>
<Data Name="DriverName">machine.inf</Data>
<Data Name="ClassGuid">{4d36e97d-e325-11ce-bfc1-08002be10318}</Data>
<Data Name="DriverDate">06/21/2006</Data>
<Data Name="DriverVersion">10.0.17763.1</Data>
<Data Name="DriverProvider">Microsoft</Data>
<Data Name="DriverInbox">True</Data>
<Data Name="DriverSection">NO_DRV_X_PNP</Data>
<Data Name="DriverRank">0x00ff0002</Data>
<Data Name="MatchingDeviceId">*PNP0A05</Data>
<Data Name="OutrankedDrivers"></Data>
<Data Name="DeviceUpdated">False</Data>
<Data Name="Status">0x00000000</Data>
<Data Name="ParentDeviceInstanceId">ACPI\PNP0A05\10</Data>
</EventData>
</Event>

<Event xmlns="http://schemas.microsoft.com/win/2004/08/events/event"><System><Provider Name="Microsoft-Windows-Kernel-PnP" Guid="{9c205a39-1250-487d-abd7-e831c6290539}"></Provider>
<EventID Qualifiers="">400</EventID>
<Version>0</Version>
<Level>4</Level>
<Task>0</Task>
<Opcode>0</Opcode>
<Keywords>0x4000000000000000</Keywords>
<TimeCreated SystemTime="2020-10-23 09:20:39.991138"></TimeCreated>
<EventRecordID>20</EventRecordID>
<Correlation ActivityID="" RelatedActivityID=""></Correlation>
<Execution ProcessID="4" ThreadID="8"></Execution>
<Channel>Microsoft-Windows-Kernel-PnP/Configuration</Channel>
<Computer>WIN-PTFPHFCRDJ0</Computer>
<Security UserID="S-1-5-18"></Security>
</System>
<EventData><Data Name="DeviceInstanceId">ACPI\PNP0A05\19</Data>
<Data Name="DriverName">machine.inf</Data>
<Data Name="ClassGuid">{4d36e97d-e325-11ce-bfc1-08002be10318}</Data>
<Data Name="DriverDate">06/21/2006</Data>
<Data Name="DriverVersion">10.0.17763.1</Data>
<Data Name="DriverProvider">Microsoft</Data>
<Data Name="DriverInbox">True</Data>
<Data Name="DriverSection">NO_DRV_X_PNP</Data>
<Data Name="DriverRank">0x00ff0002</Data>
<Data Name="MatchingDeviceId">*PNP0A05</Data>
<Data Name="OutrankedDrivers"></Data>
<Data Name="DeviceUpdated">False</Data>
<Data Name="Status">0x00000000</Data>
<Data Name="ParentDeviceInstanceId">ACPI\PNP0A05\10</Data>
</EventData>
</Event>

<Event xmlns="http://schemas.microsoft.com/win/2004/08/events/event"><System><Provider Name="Microsoft-Windows-Kernel-PnP" Guid="{9c205a39-1250-487d-abd7-e831c6290539}"></Provider>
<EventID Qualifiers="">400</EventID>
<Version>0</Version>
<Level>4</Level>
<Task>0</Task>
<Opcode>0</Opcode>
<Keywords>0x4000000000000000</Keywords>
<TimeCreated SystemTime="2020-10-23 09:20:39.993647"></TimeCreated>
<EventRecordID>21</EventRecordID>
<Correlation ActivityID="" RelatedActivityID=""></Correlation>
<Execution ProcessID="4" ThreadID="8"></Execution>
<Channel>Microsoft-Windows-Kernel-PnP/Configuration</Channel>
<Computer>WIN-PTFPHFCRDJ0</Computer>
<Security UserID="S-1-5-18"></Security>
</System>
<EventData><Data Name="DeviceInstanceId">ACPI\PNP0A05\1a</Data>
<Data Name="DriverName">machine.inf</Data>
<Data Name="ClassGuid">{4d36e97d-e325-11ce-bfc1-08002be10318}</Data>
<Data Name="DriverDate">06/21/2006</Data>
<Data Name="DriverVersion">10.0.17763.1</Data>
<Data Name="DriverProvider">Microsoft</Data>
<Data Name="DriverInbox">True</Data>
<Data Name="DriverSection">NO_DRV_X_PNP</Data>
<Data Name="DriverRank">0x00ff0002</Data>
<Data Name="MatchingDeviceId">*PNP0A05</Data>
<Data Name="OutrankedDrivers"></Data>
<Data Name="DeviceUpdated">False</Data>
<Data Name="Status">0x00000000</Data>
<Data Name="ParentDeviceInstanceId">ACPI\PNP0A05\10</Data>
</EventData>
</Event>

<Event xmlns="http://schemas.microsoft.com/win/2004/08/events/event"><System><Provider Name="Microsoft-Windows-Kernel-PnP" Guid="{9c205a39-1250-487d-abd7-e831c6290539}"></Provider>
<EventID Qualifiers="">400</EventID>
<Version>0</Version>
<Level>4</Level>
<Task>0</Task>
<Opcode>0</Opcode>
<Keywords>0x4000000000000000</Keywords>
<TimeCreated SystemTime="2020-10-23 09:20:39.996168"></TimeCreated>
<EventRecordID>22</EventRecordID>
<Correlation ActivityID="" RelatedActivityID=""></Correlation>
<Execution ProcessID="4" ThreadID="8"></Execution>
<Channel>Microsoft-Windows-Kernel-PnP/Configuration</Channel>
<Computer>WIN-PTFPHFCRDJ0</Computer>
<Security UserID="S-1-5-18"></Security>
</System>
<EventData><Data Name="DeviceInstanceId">ACPI\PNP0A05\1b</Data>
<Data Name="DriverName">machine.inf</Data>
<Data Name="ClassGuid">{4d36e97d-e325-11ce-bfc1-08002be10318}</Data>
<Data Name="DriverDate">06/21/2006</Data>
<Data Name="DriverVersion">10.0.17763.1</Data>
<Data Name="DriverProvider">Microsoft</Data>
<Data Name="DriverInbox">True</Data>
<Data Name="DriverSection">NO_DRV_X_PNP</Data>
<Data Name="DriverRank">0x00ff0002</Data>
<Data Name="MatchingDeviceId">*PNP0A05</Data>
<Data Name="OutrankedDrivers"></Data>
<Data Name="DeviceUpdated">False</Data>
<Data Name="Status">0x00000000</Data>
<Data Name="ParentDeviceInstanceId">ACPI\PNP0A05\10</Data>
</EventData>
</Event>

<Event xmlns="http://schemas.microsoft.com/win/2004/08/events/event"><System><Provider Name="Microsoft-Windows-Kernel-PnP" Guid="{9c205a39-1250-487d-abd7-e831c6290539}"></Provider>
<EventID Qualifiers="">400</EventID>
<Version>0</Version>
<Level>4</Level>
<Task>0</Task>
<Opcode>0</Opcode>
<Keywords>0x4000000000000000</Keywords>
<TimeCreated SystemTime="2020-10-23 09:20:39.998770"></TimeCreated>
<EventRecordID>23</EventRecordID>
<Correlation ActivityID="" RelatedActivityID=""></Correlation>
<Execution ProcessID="4" ThreadID="8"></Execution>
<Channel>Microsoft-Windows-Kernel-PnP/Configuration</Channel>
<Computer>WIN-PTFPHFCRDJ0</Computer>
<Security UserID="S-1-5-18"></Security>
</System>
<EventData><Data Name="DeviceInstanceId">ACPI\PNP0A05\1c</Data>
<Data Name="DriverName">machine.inf</Data>
<Data Name="ClassGuid">{4d36e97d-e325-11ce-bfc1-08002be10318}</Data>
<Data Name="DriverDate">06/21/2006</Data>
<Data Name="DriverVersion">10.0.17763.1</Data>
<Data Name="DriverProvider">Microsoft</Data>
<Data Name="DriverInbox">True</Data>
<Data Name="DriverSection">NO_DRV_X_PNP</Data>
<Data Name="DriverRank">0x00ff0002</Data>
<Data Name="MatchingDeviceId">*PNP0A05</Data>
<Data Name="OutrankedDrivers"></Data>
<Data Name="DeviceUpdated">False</Data>
<Data Name="Status">0x00000000</Data>
<Data Name="ParentDeviceInstanceId">ACPI\PNP0A05\10</Data>
</EventData>
</Event>

<Event xmlns="http://schemas.microsoft.com/win/2004/08/events/event"><System><Provider Name="Microsoft-Windows-Kernel-PnP" Guid="{9c205a39-1250-487d-abd7-e831c6290539}"></Provider>
<EventID Qualifiers="">400</EventID>
<Version>0</Version>
<Level>4</Level>
<Task>0</Task>
<Opcode>0</Opcode>
<Keywords>0x4000000000000000</Keywords>
<TimeCreated SystemTime="2020-10-23 09:20:40.001251"></TimeCreated>
<EventRecordID>24</EventRecordID>
<Correlation ActivityID="" RelatedActivityID=""></Correlation>
<Execution ProcessID="4" ThreadID="8"></Execution>
<Channel>Microsoft-Windows-Kernel-PnP/Configuration</Channel>
<Computer>WIN-PTFPHFCRDJ0</Computer>
<Security UserID="S-1-5-18"></Security>
</System>
<EventData><Data Name="DeviceInstanceId">ACPI\PNP0A05\1d</Data>
<Data Name="DriverName">machine.inf</Data>
<Data Name="ClassGuid">{4d36e97d-e325-11ce-bfc1-08002be10318}</Data>
<Data Name="DriverDate">06/21/2006</Data>
<Data Name="DriverVersion">10.0.17763.1</Data>
<Data Name="DriverProvider">Microsoft</Data>
<Data Name="DriverInbox">True</Data>
<Data Name="DriverSection">NO_DRV_X_PNP</Data>
<Data Name="DriverRank">0x00ff0002</Data>
<Data Name="MatchingDeviceId">*PNP0A05</Data>
<Data Name="OutrankedDrivers"></Data>
<Data Name="DeviceUpdated">False</Data>
<Data Name="Status">0x00000000</Data>
<Data Name="ParentDeviceInstanceId">ACPI\PNP0A05\10</Data>
</EventData>
</Event>

<Event xmlns="http://schemas.microsoft.com/win/2004/08/events/event"><System><Provider Name="Microsoft-Windows-Kernel-PnP" Guid="{9c205a39-1250-487d-abd7-e831c6290539}"></Provider>
<EventID Qualifiers="">400</EventID>
<Version>0</Version>
<Level>4</Level>
<Task>0</Task>
<Opcode>0</Opcode>
<Keywords>0x4000000000000000</Keywords>
<TimeCreated SystemTime="2020-10-23 09:20:40.003927"></TimeCreated>
<EventRecordID>25</EventRecordID>
<Correlation ActivityID="" RelatedActivityID=""></Correlation>
<Execution ProcessID="4" ThreadID="8"></Execution>
<Channel>Microsoft-Windows-Kernel-PnP/Configuration</Channel>
<Computer>WIN-PTFPHFCRDJ0</Computer>
<Security UserID="S-1-5-18"></Security>
</System>
<EventData><Data Name="DeviceInstanceId">ACPI\PNP0A05\1e</Data>
<Data Name="DriverName">machine.inf</Data>
<Data Name="ClassGuid">{4d36e97d-e325-11ce-bfc1-08002be10318}</Data>
<Data Name="DriverDate">06/21/2006</Data>
<Data Name="DriverVersion">10.0.17763.1</Data>
<Data Name="DriverProvider">Microsoft</Data>
<Data Name="DriverInbox">True</Data>
<Data Name="DriverSection">NO_DRV_X_PNP</Data>
<Data Name="DriverRank">0x00ff0002</Data>
<Data Name="MatchingDeviceId">*PNP0A05</Data>
<Data Name="OutrankedDrivers"></Data>
<Data Name="DeviceUpdated">False</Data>
<Data Name="Status">0x00000000</Data>
<Data Name="ParentDeviceInstanceId">ACPI\PNP0A05\10</Data>
</EventData>
</Event>

<Event xmlns="http://schemas.microsoft.com/win/2004/08/events/event"><System><Provider Name="Microsoft-Windows-Kernel-PnP" Guid="{9c205a39-1250-487d-abd7-e831c6290539}"></Provider>
<EventID Qualifiers="">400</EventID>
<Version>0</Version>
<Level>4</Level>
<Task>0</Task>
<Opcode>0</Opcode>
<Keywords>0x4000000000000000</Keywords>
<TimeCreated SystemTime="2020-10-23 09:20:40.006445"></TimeCreated>
<EventRecordID>26</EventRecordID>
<Correlation ActivityID="" RelatedActivityID=""></Correlation>
<Execution ProcessID="4" ThreadID="8"></Execution>
<Channel>Microsoft-Windows-Kernel-PnP/Configuration</Channel>
<Computer>WIN-PTFPHFCRDJ0</Computer>
<Security UserID="S-1-5-18"></Security>
</System>
<EventData><Data Name="DeviceInstanceId">ACPI\PNP0A05\1f</Data>
<Data Name="DriverName">machine.inf</Data>
<Data Name="ClassGuid">{4d36e97d-e325-11ce-bfc1-08002be10318}</Data>
<Data Name="DriverDate">06/21/2006</Data>
<Data Name="DriverVersion">10.0.17763.1</Data>
<Data Name="DriverProvider">Microsoft</Data>
<Data Name="DriverInbox">True</Data>
<Data Name="DriverSection">NO_DRV_X_PNP</Data>
<Data Name="DriverRank">0x00ff0002</Data>
<Data Name="MatchingDeviceId">*PNP0A05</Data>
<Data Name="OutrankedDrivers"></Data>
<Data Name="DeviceUpdated">False</Data>
<Data Name="Status">0x00000000</Data>
<Data Name="ParentDeviceInstanceId">ACPI\PNP0A05\10</Data>
</EventData>
</Event>

<Event xmlns="http://schemas.microsoft.com/win/2004/08/events/event"><System><Provider Name="Microsoft-Windows-Kernel-PnP" Guid="{9c205a39-1250-487d-abd7-e831c6290539}"></Provider>
<EventID Qualifiers="">410</EventID>
<Version>0</Version>
<Level>4</Level>
<Task>0</Task>
<Opcode>0</Opcode>
<Keywords>0x4000000000000000</Keywords>
<TimeCreated SystemTime="2020-10-23 09:20:40.007315"></TimeCreated>
<EventRecordID>27</EventRecordID>
<Correlation ActivityID="" RelatedActivityID=""></Correlation>
<Execution ProcessID="4" ThreadID="8"></Execution>
<Channel>Microsoft-Windows-Kernel-PnP/Configuration</Channel>
<Computer>WIN-PTFPHFCRDJ0</Computer>
<Security UserID="S-1-5-18"></Security>
</System>
<EventData><Data Name="DeviceInstanceId">ACPI\PNP0A05\11</Data>
<Data Name="DriverName">machine.inf</Data>
<Data Name="ClassGuid">{4d36e97d-e325-11ce-bfc1-08002be10318}</Data>
<Data Name="ServiceName"></Data>
<Data Name="LowerFilters"></Data>
<Data Name="UpperFilters"></Data>
<Data Name="Problem">0x00000000</Data>
<Data Name="Status">0x00000000</Data>
</EventData>
</Event>

<Event xmlns="http://schemas.microsoft.com/win/2004/08/events/event"><System><Provider Name="Microsoft-Windows-Kernel-PnP" Guid="{9c205a39-1250-487d-abd7-e831c6290539}"></Provider>
<EventID Qualifiers="">400</EventID>
<Version>0</Version>
<Level>4</Level>
<Task>0</Task>
<Opcode>0</Opcode>
<Keywords>0x4000000000000000</Keywords>
<TimeCreated SystemTime="2020-10-23 09:20:40.009501"></TimeCreated>
<EventRecordID>28</EventRecordID>
<Correlation ActivityID="" RelatedActivityID=""></Correlation>
<Execution ProcessID="4" ThreadID="8"></Execution>
<Channel>Microsoft-Windows-Kernel-PnP/Configuration</Channel>
<Computer>WIN-PTFPHFCRDJ0</Computer>
<Security UserID="S-1-5-18"></Security>
</System>
<EventData><Data Name="DeviceInstanceId">ACPI\PNP0A05\20</Data>
<Data Name="DriverName">machine.inf</Data>
<Data Name="ClassGuid">{4d36e97d-e325-11ce-bfc1-08002be10318}</Data>
<Data Name="DriverDate">06/21/2006</Data>
<Data Name="DriverVersion">10.0.17763.1</Data>
<Data Name="DriverProvider">Microsoft</Data>
<Data Name="DriverInbox">True</Data>
<Data Name="DriverSection">NO_DRV_X_PNP</Data>
<Data Name="DriverRank">0x00ff0002</Data>
<Data Name="MatchingDeviceId">*PNP0A05</Data>
<Data Name="OutrankedDrivers"></Data>
<Data Name="DeviceUpdated">False</Data>
<Data Name="Status">0x00000000</Data>
<Data Name="ParentDeviceInstanceId">ACPI\PNP0A05\11</Data>
</EventData>
</Event>

<Event xmlns="http://schemas.microsoft.com/win/2004/08/events/event"><System><Provider Name="Microsoft-Windows-Kernel-PnP" Guid="{9c205a39-1250-487d-abd7-e831c6290539}"></Provider>
<EventID Qualifiers="">400</EventID>
<Version>0</Version>
<Level>4</Level>
<Task>0</Task>
<Opcode>0</Opcode>
<Keywords>0x4000000000000000</Keywords>
<TimeCreated SystemTime="2020-10-23 09:20:40.011827"></TimeCreated>
<EventRecordID>29</EventRecordID>
<Correlation ActivityID="" RelatedActivityID=""></Correlation>
<Execution ProcessID="4" ThreadID="8"></Execution>
<Channel>Microsoft-Windows-Kernel-PnP/Configuration</Channel>
<Computer>WIN-PTFPHFCRDJ0</Computer>
<Security UserID="S-1-5-18"></Security>
</System>
<EventData><Data Name="DeviceInstanceId">ACPI\PNP0A05\21</Data>
<Data Name="DriverName">machine.inf</Data>
<Data Name="ClassGuid">{4d36e97d-e325-11ce-bfc1-08002be10318}</Data>
<Data Name="DriverDate">06/21/2006</Data>
<Data Name="DriverVersion">10.0.17763.1</Data>
<Data Name="DriverProvider">Microsoft</Data>
<Data Name="DriverInbox">True</Data>
<Data Name="DriverSection">NO_DRV_X_PNP</Data>
<Data Name="DriverRank">0x00ff0002</Data>
<Data Name="MatchingDeviceId">*PNP0A05</Data>
<Data Name="OutrankedDrivers"></Data>
<Data Name="DeviceUpdated">False</Data>
<Data Name="Status">0x00000000</Data>
<Data Name="ParentDeviceInstanceId">ACPI\PNP0A05\11</Data>
</EventData>
</Event>

<Event xmlns="http://schemas.microsoft.com/win/2004/08/events/event"><System><Provider Name="Microsoft-Windows-Kernel-PnP" Guid="{9c205a39-1250-487d-abd7-e831c6290539}"></Provider>
<EventID Qualifiers="">400</EventID>
<Version>0</Version>
<Level>4</Level>
<Task>0</Task>
<Opcode>0</Opcode>
<Keywords>0x4000000000000000</Keywords>
<TimeCreated SystemTime="2020-10-23 09:20:40.012775"></TimeCreated>
<EventRecordID>30</EventRecordID>
<Correlation ActivityID="" RelatedActivityID=""></Correlation>
<Execution ProcessID="4" ThreadID="8"></Execution>
<Channel>Microsoft-Windows-Kernel-PnP/Configuration</Channel>
<Computer>WIN-PTFPHFCRDJ0</Computer>
<Security UserID="S-1-5-18"></Security>
</System>
<EventData><Data Name="DeviceInstanceId">ACPI\PNP0A05\22</Data>
<Data Name="DriverName">machine.inf</Data>
<Data Name="ClassGuid">{4d36e97d-e325-11ce-bfc1-08002be10318}</Data>
<Data Name="DriverDate">06/21/2006</Data>
<Data Name="DriverVersion">10.0.17763.1</Data>
<Data Name="DriverProvider">Microsoft</Data>
<Data Name="DriverInbox">True</Data>
<Data Name="DriverSection">NO_DRV_X_PNP</Data>
<Data Name="DriverRank">0x00ff0002</Data>
<Data Name="MatchingDeviceId">*PNP0A05</Data>
<Data Name="OutrankedDrivers"></Data>
<Data Name="DeviceUpdated">False</Data>
<Data Name="Status">0x00000000</Data>
<Data Name="ParentDeviceInstanceId">ACPI\PNP0A05\11</Data>
</EventData>
</Event>

<Event xmlns="http://schemas.microsoft.com/win/2004/08/events/event"><System><Provider Name="Microsoft-Windows-Kernel-PnP" Guid="{9c205a39-1250-487d-abd7-e831c6290539}"></Provider>
<EventID Qualifiers="">400</EventID>
<Version>0</Version>
<Level>4</Level>
<Task>0</Task>
<Opcode>0</Opcode>
<Keywords>0x4000000000000000</Keywords>
<TimeCreated SystemTime="2020-10-23 09:20:40.013733"></TimeCreated>
<EventRecordID>31</EventRecordID>
<Correlation ActivityID="" RelatedActivityID=""></Correlation>
<Execution ProcessID="4" ThreadID="8"></Execution>
<Channel>Microsoft-Windows-Kernel-PnP/Configuration</Channel>
<Computer>WIN-PTFPHFCRDJ0</Computer>
<Security UserID="S-1-5-18"></Security>
</System>
<EventData><Data Name="DeviceInstanceId">ACPI\PNP0A05\23</Data>
<Data Name="DriverName">machine.inf</Data>
<Data Name="ClassGuid">{4d36e97d-e325-11ce-bfc1-08002be10318}</Data>
<Data Name="DriverDate">06/21/2006</Data>
<Data Name="DriverVersion">10.0.17763.1</Data>
<Data Name="DriverProvider">Microsoft</Data>
<Data Name="DriverInbox">True</Data>
<Data Name="DriverSection">NO_DRV_X_PNP</Data>
<Data Name="DriverRank">0x00ff0002</Data>
<Data Name="MatchingDeviceId">*PNP0A05</Data>
<Data Name="OutrankedDrivers"></Data>
<Data Name="DeviceUpdated">False</Data>
<Data Name="Status">0x00000000</Data>
<Data Name="ParentDeviceInstanceId">ACPI\PNP0A05\11</Data>
</EventData>
</Event>

<Event xmlns="http://schemas.microsoft.com/win/2004/08/events/event"><System><Provider Name="Microsoft-Windows-Kernel-PnP" Guid="{9c205a39-1250-487d-abd7-e831c6290539}"></Provider>
<EventID Qualifiers="">400</EventID>
<Version>0</Version>
<Level>4</Level>
<Task>0</Task>
<Opcode>0</Opcode>
<Keywords>0x4000000000000000</Keywords>
<TimeCreated SystemTime="2020-10-23 09:20:40.014746"></TimeCreated>
<EventRecordID>32</EventRecordID>
<Correlation ActivityID="" RelatedActivityID=""></Correlation>
<Execution ProcessID="4" ThreadID="8"></Execution>
<Channel>Microsoft-Windows-Kernel-PnP/Configuration</Channel>
<Computer>WIN-PTFPHFCRDJ0</Computer>
<Security UserID="S-1-5-18"></Security>
</System>
<EventData><Data Name="DeviceInstanceId">ACPI\PNP0A05\24</Data>
<Data Name="DriverName">machine.inf</Data>
<Data Name="ClassGuid">{4d36e97d-e325-11ce-bfc1-08002be10318}</Data>
<Data Name="DriverDate">06/21/2006</Data>
<Data Name="DriverVersion">10.0.17763.1</Data>
<Data Name="DriverProvider">Microsoft</Data>
<Data Name="DriverInbox">True</Data>
<Data Name="DriverSection">NO_DRV_X_PNP</Data>
<Data Name="DriverRank">0x00ff0002</Data>
<Data Name="MatchingDeviceId">*PNP0A05</Data>
<Data Name="OutrankedDrivers"></Data>
<Data Name="DeviceUpdated">False</Data>
<Data Name="Status">0x00000000</Data>
<Data Name="ParentDeviceInstanceId">ACPI\PNP0A05\11</Data>
</EventData>
</Event>

<Event xmlns="http://schemas.microsoft.com/win/2004/08/events/event"><System><Provider Name="Microsoft-Windows-Kernel-PnP" Guid="{9c205a39-1250-487d-abd7-e831c6290539}"></Provider>
<EventID Qualifiers="">400</EventID>
<Version>0</Version>
<Level>4</Level>
<Task>0</Task>
<Opcode>0</Opcode>
<Keywords>0x4000000000000000</Keywords>
<TimeCreated SystemTime="2020-10-23 09:20:40.015696"></TimeCreated>
<EventRecordID>33</EventRecordID>
<Correlation ActivityID="" RelatedActivityID=""></Correlation>
<Execution ProcessID="4" ThreadID="8"></Execution>
<Channel>Microsoft-Windows-Kernel-PnP/Configuration</Channel>
<Computer>WIN-PTFPHFCRDJ0</Computer>
<Security UserID="S-1-5-18"></Security>
</System>
<EventData><Data Name="DeviceInstanceId">ACPI\PNP0A05\25</Data>
<Data Name="DriverName">machine.inf</Data>
<Data Name="ClassGuid">{4d36e97d-e325-11ce-bfc1-08002be10318}</Data>
<Data Name="DriverDate">06/21/2006</Data>
<Data Name="DriverVersion">10.0.17763.1</Data>
<Data Name="DriverProvider">Microsoft</Data>
<Data Name="DriverInbox">True</Data>
<Data Name="DriverSection">NO_DRV_X_PNP</Data>
<Data Name="DriverRank">0x00ff0002</Data>
<Data Name="MatchingDeviceId">*PNP0A05</Data>
<Data Name="OutrankedDrivers"></Data>
<Data Name="DeviceUpdated">False</Data>
<Data Name="Status">0x00000000</Data>
<Data Name="ParentDeviceInstanceId">ACPI\PNP0A05\11</Data>
</EventData>
</Event>

<Event xmlns="http://schemas.microsoft.com/win/2004/08/events/event"><System><Provider Name="Microsoft-Windows-Kernel-PnP" Guid="{9c205a39-1250-487d-abd7-e831c6290539}"></Provider>
<EventID Qualifiers="">400</EventID>
<Version>0</Version>
<Level>4</Level>
<Task>0</Task>
<Opcode>0</Opcode>
<Keywords>0x4000000000000000</Keywords>
<TimeCreated SystemTime="2020-10-23 09:20:40.016657"></TimeCreated>
<EventRecordID>34</EventRecordID>
<Correlation ActivityID="" RelatedActivityID=""></Correlation>
<Execution ProcessID="4" ThreadID="8"></Execution>
<Channel>Microsoft-Windows-Kernel-PnP/Configuration</Channel>
<Computer>WIN-PTFPHFCRDJ0</Computer>
<Security UserID="S-1-5-18"></Security>
</System>
<EventData><Data Name="DeviceInstanceId">ACPI\PNP0A05\26</Data>
<Data Name="DriverName">machine.inf</Data>
<Data Name="ClassGuid">{4d36e97d-e325-11ce-bfc1-08002be10318}</Data>
<Data Name="DriverDate">06/21/2006</Data>
<Data Name="DriverVersion">10.0.17763.1</Data>
<Data Name="DriverProvider">Microsoft</Data>
<Data Name="DriverInbox">True</Data>
<Data Name="DriverSection">NO_DRV_X_PNP</Data>
<Data Name="DriverRank">0x00ff0002</Data>
<Data Name="MatchingDeviceId">*PNP0A05</Data>
<Data Name="OutrankedDrivers"></Data>
<Data Name="DeviceUpdated">False</Data>
<Data Name="Status">0x00000000</Data>
<Data Name="ParentDeviceInstanceId">ACPI\PNP0A05\11</Data>
</EventData>
</Event>

<Event xmlns="http://schemas.microsoft.com/win/2004/08/events/event"><System><Provider Name="Microsoft-Windows-Kernel-PnP" Guid="{9c205a39-1250-487d-abd7-e831c6290539}"></Provider>
<EventID Qualifiers="">400</EventID>
<Version>0</Version>
<Level>4</Level>
<Task>0</Task>
<Opcode>0</Opcode>
<Keywords>0x4000000000000000</Keywords>
<TimeCreated SystemTime="2020-10-23 09:20:40.017666"></TimeCreated>
<EventRecordID>35</EventRecordID>
<Correlation ActivityID="" RelatedActivityID=""></Correlation>
<Execution ProcessID="4" ThreadID="8"></Execution>
<Channel>Microsoft-Windows-Kernel-PnP/Configuration</Channel>
<Computer>WIN-PTFPHFCRDJ0</Computer>
<Security UserID="S-1-5-18"></Security>
</System>
<EventData><Data Name="DeviceInstanceId">ACPI\PNP0A05\27</Data>
<Data Name="DriverName">machine.inf</Data>
<Data Name="ClassGuid">{4d36e97d-e325-11ce-bfc1-08002be10318}</Data>
<Data Name="DriverDate">06/21/2006</Data>
<Data Name="DriverVersion">10.0.17763.1</Data>
<Data Name="DriverProvider">Microsoft</Data>
<Data Name="DriverInbox">True</Data>
<Data Name="DriverSection">NO_DRV_X_PNP</Data>
<Data Name="DriverRank">0x00ff0002</Data>
<Data Name="MatchingDeviceId">*PNP0A05</Data>
<Data Name="OutrankedDrivers"></Data>
<Data Name="DeviceUpdated">False</Data>
<Data Name="Status">0x00000000</Data>
<Data Name="ParentDeviceInstanceId">ACPI\PNP0A05\11</Data>
</EventData>
</Event>

<Event xmlns="http://schemas.microsoft.com/win/2004/08/events/event"><System><Provider Name="Microsoft-Windows-Kernel-PnP" Guid="{9c205a39-1250-487d-abd7-e831c6290539}"></Provider>
<EventID Qualifiers="">410</EventID>
<Version>0</Version>
<Level>4</Level>
<Task>0</Task>
<Opcode>0</Opcode>
<Keywords>0x4000000000000000</Keywords>
<TimeCreated SystemTime="2020-10-23 09:20:40.017986"></TimeCreated>
<EventRecordID>36</EventRecordID>
<Correlation ActivityID="" RelatedActivityID=""></Correlation>
<Execution ProcessID="4" ThreadID="8"></Execution>
<Channel>Microsoft-Windows-Kernel-PnP/Configuration</Channel>
<Computer>WIN-PTFPHFCRDJ0</Computer>
<Security UserID="S-1-5-18"></Security>
</System>
<EventData><Data Name="DeviceInstanceId">ACPI\PNP0A05\12</Data>
<Data Name="DriverName">machine.inf</Data>
<Data Name="ClassGuid">{4d36e97d-e325-11ce-bfc1-08002be10318}</Data>
<Data Name="ServiceName"></Data>
<Data Name="LowerFilters"></Data>
<Data Name="UpperFilters"></Data>
<Data Name="Problem">0x00000000</Data>
<Data Name="Status">0x00000000</Data>
</EventData>
</Event>

<Event xmlns="http://schemas.microsoft.com/win/2004/08/events/event"><System><Provider Name="Microsoft-Windows-Kernel-PnP" Guid="{9c205a39-1250-487d-abd7-e831c6290539}"></Provider>
<EventID Qualifiers="">400</EventID>
<Version>0</Version>
<Level>4</Level>
<Task>0</Task>
<Opcode>0</Opcode>
<Keywords>0x4000000000000000</Keywords>
<TimeCreated SystemTime="2020-10-23 09:20:40.018808"></TimeCreated>
<EventRecordID>37</EventRecordID>
<Correlation ActivityID="" RelatedActivityID=""></Correlation>
<Execution ProcessID="4" ThreadID="8"></Execution>
<Channel>Microsoft-Windows-Kernel-PnP/Configuration</Channel>
<Computer>WIN-PTFPHFCRDJ0</Computer>
<Security UserID="S-1-5-18"></Security>
</System>
<EventData><Data Name="DeviceInstanceId">ACPI\PNP0A05\28</Data>
<Data Name="DriverName">machine.inf</Data>
<Data Name="ClassGuid">{4d36e97d-e325-11ce-bfc1-08002be10318}</Data>
<Data Name="DriverDate">06/21/2006</Data>
<Data Name="DriverVersion">10.0.17763.1</Data>
<Data Name="DriverProvider">Microsoft</Data>
<Data Name="DriverInbox">True</Data>
<Data Name="DriverSection">NO_DRV_X_PNP</Data>
<Data Name="DriverRank">0x00ff0002</Data>
<Data Name="MatchingDeviceId">*PNP0A05</Data>
<Data Name="OutrankedDrivers"></Data>
<Data Name="DeviceUpdated">False</Data>
<Data Name="Status">0x00000000</Data>
<Data Name="ParentDeviceInstanceId">ACPI\PNP0A05\12</Data>
</EventData>
</Event>

