<?xml version="1.1" encoding="utf-8" standalone="yes" ?>

<Events>
<Event xmlns="http://schemas.microsoft.com/win/2004/08/events/event"><System><Provider Name="Microsoft-Windows-TerminalServices-LocalSessionManager" Guid="{5d896912-022d-40aa-a3a8-4fa5515c76d7}"></Provider>
<EventID Qualifiers="">34</EventID>
<Version>0</Version>
<Level>4</Level>
<Task>0</Task>
<Opcode>0</Opcode>
<Keywords>0x1000000000000000</Keywords>
<TimeCreated SystemTime="2020-10-23 09:20:55.741556"></TimeCreated>
<EventRecordID>1</EventRecordID>
<Correlation ActivityID="" RelatedActivityID=""></Correlation>
<Execution ProcessID="924" ThreadID="544"></Execution>
<Channel>Microsoft-Windows-TerminalServices-LocalSessionManager/Operational</Channel>
<Computer>WIN-PTFPHFCRDJ0</Computer>
<Security UserID="S-1-5-18"></Security>
</System>
<EventData></EventData>
</Event>

<Event xmlns="http://schemas.microsoft.com/win/2004/08/events/event"><System><Provider Name="Microsoft-Windows-TerminalServices-LocalSessionManager" Guid="{5d896912-022d-40aa-a3a8-4fa5515c76d7}"></Provider>
<EventID Qualifiers="">32</EventID>
<Version>0</Version>
<Level>4</Level>
<Task>0</Task>
<Opcode>0</Opcode>
<Keywords>0x1000000000000000</Keywords>
<TimeCreated SystemTime="2020-10-23 09:20:55.742176"></TimeCreated>
<EventRecordID>2</EventRecordID>
<Correlation ActivityID="" RelatedActivityID=""></Correlation>
<Execution ProcessID="924" ThreadID="588"></Execution>
<Channel>Microsoft-Windows-TerminalServices-LocalSessionManager/Operational</Channel>
<Computer>WIN-PTFPHFCRDJ0</Computer>
<Security UserID="S-1-5-18"></Security>
</System>
<UserData><EventXML xmlns="Event_NS"><messageName>RDSAppXPlugin</messageName>
</EventXML>
</UserData>
</Event>

<Event xmlns="http://schemas.microsoft.com/win/2004/08/events/event"><System><Provider Name="Microsoft-Windows-TerminalServices-LocalSessionManager" Guid="{5d896912-022d-40aa-a3a8-4fa5515c76d7}"></Provider>
<EventID Qualifiers="">34</EventID>
<Version>0</Version>
<Level>4</Level>
<Task>0</Task>
<Opcode>0</Opcode>
<Keywords>0x1000000000000000</Keywords>
<TimeCreated SystemTime="2020-10-23 09:20:55.743380"></TimeCreated>
<EventRecordID>3</EventRecordID>
<Correlation ActivityID="" RelatedActivityID=""></Correlation>
<Execution ProcessID="924" ThreadID="544"></Execution>
<Channel>Microsoft-Windows-TerminalServices-LocalSessionManager/Operational</Channel>
<Computer>WIN-PTFPHFCRDJ0</Computer>
<Security UserID="S-1-5-18"></Security>
</System>
<EventData></EventData>
</Event>

<Event xmlns="http://schemas.microsoft.com/win/2004/08/events/event"><System><Provider Name="Microsoft-Windows-TerminalServices-LocalSessionManager" Guid="{5d896912-022d-40aa-a3a8-4fa5515c76d7}"></Provider>
<EventID Qualifiers="">34</EventID>
<Version>0</Version>
<Level>4</Level>
<Task>0</Task>
<Opcode>0</Opcode>
<Keywords>0x1000000000000000</Keywords>
<TimeCreated SystemTime="2020-10-23 09:20:55.743494"></TimeCreated>
<EventRecordID>4</EventRecordID>
<Correlation ActivityID="" RelatedActivityID=""></Correlation>
<Execution ProcessID="924" ThreadID="544"></Execution>
<Channel>Microsoft-Windows-TerminalServices-LocalSessionManager/Operational</Channel>
<Computer>WIN-PTFPHFCRDJ0</Computer>
<Security UserID="S-1-5-18"></Security>
</System>
<EventData></EventData>
</Event>

<Event xmlns="http://schemas.microsoft.com/win/2004/08/events/event"><System><Provider Name="Microsoft-Windows-TerminalServices-LocalSessionManager" Guid="{5d896912-022d-40aa-a3a8-4fa5515c76d7}"></Provider>
<EventID Qualifiers="">34</EventID>
<Version>0</Version>
<Level>4</Level>
<Task>0</Task>
<Opcode>0</Opcode>
<Keywords>0x1000000000000000</Keywords>
<TimeCreated SystemTime="2020-10-23 09:20:55.743587"></TimeCreated>
<EventRecordID>5</EventRecordID>
<Correlation ActivityID="" RelatedActivityID=""></Correlation>
<Execution ProcessID="924" ThreadID="544"></Execution>
<Channel>Microsoft-Windows-TerminalServices-LocalSessionManager/Operational</Channel>
<Computer>WIN-PTFPHFCRDJ0</Computer>
<Security UserID="S-1-5-18"></Security>
</System>
<EventData></EventData>
</Event>

<Event xmlns="http://schemas.microsoft.com/win/2004/08/events/event"><System><Provider Name="Microsoft-Windows-TerminalServices-LocalSessionManager" Guid="{5d896912-022d-40aa-a3a8-4fa5515c76d7}"></Provider>
<EventID Qualifiers="">34</EventID>
<Version>0</Version>
<Level>4</Level>
<Task>0</Task>
<Opcode>0</Opcode>
<Keywords>0x1000000000000000</Keywords>
<TimeCreated SystemTime="2020-10-23 09:20:55.743679"></TimeCreated>
<EventRecordID>6</EventRecordID>
<Correlation ActivityID="" RelatedActivityID=""></Correlation>
<Execution ProcessID="924" ThreadID="544"></Execution>
<Channel>Microsoft-Windows-TerminalServices-LocalSessionManager/Operational</Channel>
<Computer>WIN-PTFPHFCRDJ0</Computer>
<Security UserID="S-1-5-18"></Security>
</System>
<EventData></EventData>
</Event>

<Event xmlns="http://schemas.microsoft.com/win/2004/08/events/event"><System><Provider Name="Microsoft-Windows-TerminalServices-LocalSessionManager" Guid="{5d896912-022d-40aa-a3a8-4fa5515c76d7}"></Provider>
<EventID Qualifiers="">34</EventID>
<Version>0</Version>
<Level>4</Level>
<Task>0</Task>
<Opcode>0</Opcode>
<Keywords>0x1000000000000000</Keywords>
<TimeCreated SystemTime="2020-10-23 09:20:55.743776"></TimeCreated>
<EventRecordID>7</EventRecordID>
<Correlation ActivityID="" RelatedActivityID=""></Correlation>
<Execution ProcessID="924" ThreadID="544"></Execution>
<Channel>Microsoft-Windows-TerminalServices-LocalSessionManager/Operational</Channel>
<Computer>WIN-PTFPHFCRDJ0</Computer>
<Security UserID="S-1-5-18"></Security>
</System>
<EventData></EventData>
</Event>

<Event xmlns="http://schemas.microsoft.com/win/2004/08/events/event"><System><Provider Name="Microsoft-Windows-TerminalServices-LocalSessionManager" Guid="{5d896912-022d-40aa-a3a8-4fa5515c76d7}"></Provider>
<EventID Qualifiers="">34</EventID>
<Version>0</Version>
<Level>4</Level>
<Task>0</Task>
<Opcode>0</Opcode>
<Keywords>0x1000000000000000</Keywords>
<TimeCreated SystemTime="2020-10-23 09:21:09.892029"></TimeCreated>
<EventRecordID>8</EventRecordID>
<Correlation ActivityID="" RelatedActivityID=""></Correlation>
<Execution ProcessID="924" ThreadID="544"></Execution>
<Channel>Microsoft-Windows-TerminalServices-LocalSessionManager/Operational</Channel>
<Computer>WIN-PTFPHFCRDJ0</Computer>
<Security UserID="S-1-5-18"></Security>
</System>
<EventData></EventData>
</Event>

<Event xmlns="http://schemas.microsoft.com/win/2004/08/events/event"><System><Provider Name="Microsoft-Windows-TerminalServices-LocalSessionManager" Guid="{5d896912-022d-40aa-a3a8-4fa5515c76d7}"></Provider>
<EventID Qualifiers="">34</EventID>
<Version>0</Version>
<Level>4</Level>
<Task>0</Task>
<Opcode>0</Opcode>
<Keywords>0x1000000000000000</Keywords>
<TimeCreated SystemTime="2020-10-23 09:21:09.892130"></TimeCreated>
<EventRecordID>9</EventRecordID>
<Correlation ActivityID="" RelatedActivityID=""></Correlation>
<Execution ProcessID="924" ThreadID="544"></Execution>
<Channel>Microsoft-Windows-TerminalServices-LocalSessionManager/Operational</Channel>
<Computer>WIN-PTFPHFCRDJ0</Computer>
<Security UserID="S-1-5-18"></Security>
</System>
<EventData></EventData>
</Event>

<Event xmlns="http://schemas.microsoft.com/win/2004/08/events/event"><System><Provider Name="Microsoft-Windows-TerminalServices-LocalSessionManager" Guid="{5d896912-022d-40aa-a3a8-4fa5515c76d7}"></Provider>
<EventID Qualifiers="">34</EventID>
<Version>0</Version>
<Level>4</Level>
<Task>0</Task>
<Opcode>0</Opcode>
<Keywords>0x1000000000000000</Keywords>
<TimeCreated SystemTime="2020-10-23 09:21:10.080839"></TimeCreated>
<EventRecordID>10</EventRecordID>
<Correlation ActivityID="" RelatedActivityID=""></Correlation>
<Execution ProcessID="924" ThreadID="544"></Execution>
<Channel>Microsoft-Windows-TerminalServices-LocalSessionManager/Operational</Channel>
<Computer>WIN-PTFPHFCRDJ0</Computer>
<Security UserID="S-1-5-18"></Security>
</System>
<EventData></EventData>
</Event>

<Event xmlns="http://schemas.microsoft.com/win/2004/08/events/event"><System><Provider Name="Microsoft-Windows-TerminalServices-LocalSessionManager" Guid="{5d896912-022d-40aa-a3a8-4fa5515c76d7}"></Provider>
<EventID Qualifiers="">34</EventID>
<Version>0</Version>
<Level>4</Level>
<Task>0</Task>
<Opcode>0</Opcode>
<Keywords>0x1000000000000000</Keywords>
<TimeCreated SystemTime="2020-10-23 09:21:10.082249"></TimeCreated>
<EventRecordID>11</EventRecordID>
<Correlation ActivityID="" RelatedActivityID=""></Correlation>
<Execution ProcessID="924" ThreadID="544"></Execution>
<Channel>Microsoft-Windows-TerminalServices-LocalSessionManager/Operational</Channel>
<Computer>WIN-PTFPHFCRDJ0</Computer>
<Security UserID="S-1-5-18"></Security>
</System>
<EventData></EventData>
</Event>

<Event xmlns="http://schemas.microsoft.com/win/2004/08/events/event"><System><Provider Name="Microsoft-Windows-TerminalServices-LocalSessionManager" Guid="{5d896912-022d-40aa-a3a8-4fa5515c76d7}"></Provider>
<EventID Qualifiers="">34</EventID>
<Version>0</Version>
<Level>4</Level>
<Task>0</Task>
<Opcode>0</Opcode>
<Keywords>0x1000000000000000</Keywords>
<TimeCreated SystemTime="2020-10-23 09:21:11.882528"></TimeCreated>
<EventRecordID>12</EventRecordID>
<Correlation ActivityID="" RelatedActivityID=""></Correlation>
<Execution ProcessID="924" ThreadID="544"></Execution>
<Channel>Microsoft-Windows-TerminalServices-LocalSessionManager/Operational</Channel>
<Computer>WIN-PTFPHFCRDJ0</Computer>
<Security UserID="S-1-5-18"></Security>
</System>
<EventData></EventData>
</Event>

<Event xmlns="http://schemas.microsoft.com/win/2004/08/events/event"><System><Provider Name="Microsoft-Windows-TerminalServices-LocalSessionManager" Guid="{5d896912-022d-40aa-a3a8-4fa5515c76d7}"></Provider>
<EventID Qualifiers="">34</EventID>
<Version>0</Version>
<Level>4</Level>
<Task>0</Task>
<Opcode>0</Opcode>
<Keywords>0x1000000000000000</Keywords>
<TimeCreated SystemTime="2020-10-23 09:21:15.983662"></TimeCreated>
<EventRecordID>13</EventRecordID>
<Correlation ActivityID="" RelatedActivityID=""></Correlation>
<Execution ProcessID="924" ThreadID="544"></Execution>
<Channel>Microsoft-Windows-TerminalServices-LocalSessionManager/Operational</Channel>
<Computer>WIN-PTFPHFCRDJ0</Computer>
<Security UserID="S-1-5-18"></Security>
</System>
<EventData></EventData>
</Event>

<Event xmlns="http://schemas.microsoft.com/win/2004/08/events/event"><System><Provider Name="Microsoft-Windows-TerminalServices-LocalSessionManager" Guid="{5d896912-022d-40aa-a3a8-4fa5515c76d7}"></Provider>
<EventID Qualifiers="">34</EventID>
<Version>0</Version>
<Level>4</Level>
<Task>0</Task>
<Opcode>0</Opcode>
<Keywords>0x1000000000000000</Keywords>
<TimeCreated SystemTime="2020-10-23 09:21:17.384968"></TimeCreated>
<EventRecordID>14</EventRecordID>
<Correlation ActivityID="" RelatedActivityID=""></Correlation>
<Execution ProcessID="924" ThreadID="544"></Execution>
<Channel>Microsoft-Windows-TerminalServices-LocalSessionManager/Operational</Channel>
<Computer>WIN-PTFPHFCRDJ0</Computer>
<Security UserID="S-1-5-18"></Security>
</System>
<EventData></EventData>
</Event>

<Event xmlns="http://schemas.microsoft.com/win/2004/08/events/event"><System><Provider Name="Microsoft-Windows-TerminalServices-LocalSessionManager" Guid="{5d896912-022d-40aa-a3a8-4fa5515c76d7}"></Provider>
<EventID Qualifiers="">34</EventID>
<Version>0</Version>
<Level>4</Level>
<Task>0</Task>
<Opcode>0</Opcode>
<Keywords>0x1000000000000000</Keywords>
<TimeCreated SystemTime="2020-10-23 09:21:40.881542"></TimeCreated>
<EventRecordID>15</EventRecordID>
<Correlation ActivityID="" RelatedActivityID=""></Correlation>
<Execution ProcessID="924" ThreadID="544"></Execution>
<Channel>Microsoft-Windows-TerminalServices-LocalSessionManager/Operational</Channel>
<Computer>WIN-PTFPHFCRDJ0</Computer>
<Security UserID="S-1-5-18"></Security>
</System>
<EventData></EventData>
</Event>

<Event xmlns="http://schemas.microsoft.com/win/2004/08/events/event"><System><Provider Name="Microsoft-Windows-TerminalServices-LocalSessionManager" Guid="{5d896912-022d-40aa-a3a8-4fa5515c76d7}"></Provider>
<EventID Qualifiers="">34</EventID>
<Version>0</Version>
<Level>4</Level>
<Task>0</Task>
<Opcode>0</Opcode>
<Keywords>0x1000000000000000</Keywords>
<TimeCreated SystemTime="2020-10-23 09:21:46.580055"></TimeCreated>
<EventRecordID>16</EventRecordID>
<Correlation ActivityID="" RelatedActivityID=""></Correlation>
<Execution ProcessID="924" ThreadID="544"></Execution>
<Channel>Microsoft-Windows-TerminalServices-LocalSessionManager/Operational</Channel>
<Computer>WIN-PTFPHFCRDJ0</Computer>
<Security UserID="S-1-5-18"></Security>
</System>
<EventData></EventData>
</Event>

<Event xmlns="http://schemas.microsoft.com/win/2004/08/events/event"><System><Provider Name="Microsoft-Windows-TerminalServices-LocalSessionManager" Guid="{5d896912-022d-40aa-a3a8-4fa5515c76d7}"></Provider>
<EventID Qualifiers="">34</EventID>
<Version>0</Version>
<Level>4</Level>
<Task>0</Task>
<Opcode>0</Opcode>
<Keywords>0x1000000000000000</Keywords>
<TimeCreated SystemTime="2020-10-23 09:21:46.580286"></TimeCreated>
<EventRecordID>17</EventRecordID>
<Correlation ActivityID="" RelatedActivityID=""></Correlation>
<Execution ProcessID="924" ThreadID="544"></Execution>
<Channel>Microsoft-Windows-TerminalServices-LocalSessionManager/Operational</Channel>
<Computer>WIN-PTFPHFCRDJ0</Computer>
<Security UserID="S-1-5-18"></Security>
</System>
<EventData></EventData>
</Event>

<Event xmlns="http://schemas.microsoft.com/win/2004/08/events/event"><System><Provider Name="Microsoft-Windows-TerminalServices-LocalSessionManager" Guid="{5d896912-022d-40aa-a3a8-4fa5515c76d7}"></Provider>
<EventID Qualifiers="">34</EventID>
<Version>0</Version>
<Level>4</Level>
<Task>0</Task>
<Opcode>0</Opcode>
<Keywords>0x1000000000000000</Keywords>
<TimeCreated SystemTime="2020-10-23 09:21:46.594997"></TimeCreated>
<EventRecordID>18</EventRecordID>
<Correlation ActivityID="" RelatedActivityID=""></Correlation>
<Execution ProcessID="924" ThreadID="544"></Execution>
<Channel>Microsoft-Windows-TerminalServices-LocalSessionManager/Operational</Channel>
<Computer>WIN-PTFPHFCRDJ0</Computer>
<Security UserID="S-1-5-18"></Security>
</System>
<EventData></EventData>
</Event>

<Event xmlns="http://schemas.microsoft.com/win/2004/08/events/event"><System><Provider Name="Microsoft-Windows-TerminalServices-LocalSessionManager" Guid="{5d896912-022d-40aa-a3a8-4fa5515c76d7}"></Provider>
<EventID Qualifiers="">54</EventID>
<Version>0</Version>
<Level>4</Level>
<Task>0</Task>
<Opcode>0</Opcode>
<Keywords>0x1000000000000000</Keywords>
<TimeCreated SystemTime="2020-10-23 09:21:46.596306"></TimeCreated>
<EventRecordID>19</EventRecordID>
<Correlation ActivityID="" RelatedActivityID=""></Correlation>
<Execution ProcessID="924" ThreadID="1440"></Execution>
<Channel>Microsoft-Windows-TerminalServices-LocalSessionManager/Operational</Channel>
<Computer>WIN-PTFPHFCRDJ0</Computer>
<Security UserID="S-1-5-18"></Security>
</System>
<EventData></EventData>
</Event>

<Event xmlns="http://schemas.microsoft.com/win/2004/08/events/event"><System><Provider Name="Microsoft-Windows-TerminalServices-LocalSessionManager" Guid="{5d896912-022d-40aa-a3a8-4fa5515c76d7}"></Provider>
<EventID Qualifiers="">32</EventID>
<Version>0</Version>
<Level>4</Level>
<Task>0</Task>
<Opcode>0</Opcode>
<Keywords>0x1000000000000000</Keywords>
<TimeCreated SystemTime="2020-10-23 09:21:58.512472"></TimeCreated>
<EventRecordID>20</EventRecordID>
<Correlation ActivityID="" RelatedActivityID=""></Correlation>
<Execution ProcessID="948" ThreadID="100"></Execution>
<Channel>Microsoft-Windows-TerminalServices-LocalSessionManager/Operational</Channel>
<Computer>WIN-PTFPHFCRDJ0</Computer>
<Security UserID="S-1-5-18"></Security>
</System>
<UserData><EventXML xmlns="Event_NS"><messageName>RDSAppXPlugin</messageName>
</EventXML>
</UserData>
</Event>

<Event xmlns="http://schemas.microsoft.com/win/2004/08/events/event"><System><Provider Name="Microsoft-Windows-TerminalServices-LocalSessionManager" Guid="{5d896912-022d-40aa-a3a8-4fa5515c76d7}"></Provider>
<EventID Qualifiers="">34</EventID>
<Version>0</Version>
<Level>4</Level>
<Task>0</Task>
<Opcode>0</Opcode>
<Keywords>0x1000000000000000</Keywords>
<TimeCreated SystemTime="2020-10-23 09:21:58.515568"></TimeCreated>
<EventRecordID>21</EventRecordID>
<Correlation ActivityID="" RelatedActivityID=""></Correlation>
<Execution ProcessID="948" ThreadID="976"></Execution>
<Channel>Microsoft-Windows-TerminalServices-LocalSessionManager/Operational</Channel>
<Computer>WIN-PTFPHFCRDJ0</Computer>
<Security UserID="S-1-5-18"></Security>
</System>
<EventData></EventData>
</Event>

<Event xmlns="http://schemas.microsoft.com/win/2004/08/events/event"><System><Provider Name="Microsoft-Windows-TerminalServices-LocalSessionManager" Guid="{5d896912-022d-40aa-a3a8-4fa5515c76d7}"></Provider>
<EventID Qualifiers="">34</EventID>
<Version>0</Version>
<Level>4</Level>
<Task>0</Task>
<Opcode>0</Opcode>
<Keywords>0x1000000000000000</Keywords>
<TimeCreated SystemTime="2020-10-23 09:21:58.520960"></TimeCreated>
<EventRecordID>22</EventRecordID>
<Correlation ActivityID="" RelatedActivityID=""></Correlation>
<Execution ProcessID="948" ThreadID="976"></Execution>
<Channel>Microsoft-Windows-TerminalServices-LocalSessionManager/Operational</Channel>
<Computer>WIN-PTFPHFCRDJ0</Computer>
<Security UserID="S-1-5-18"></Security>
</System>
<EventData></EventData>
</Event>

<Event xmlns="http://schemas.microsoft.com/win/2004/08/events/event"><System><Provider Name="Microsoft-Windows-TerminalServices-LocalSessionManager" Guid="{5d896912-022d-40aa-a3a8-4fa5515c76d7}"></Provider>
<EventID Qualifiers="">34</EventID>
<Version>0</Version>
<Level>4</Level>
<Task>0</Task>
<Opcode>0</Opcode>
<Keywords>0x1000000000000000</Keywords>
<TimeCreated SystemTime="2020-10-23 09:21:58.521397"></TimeCreated>
<EventRecordID>23</EventRecordID>
<Correlation ActivityID="" RelatedActivityID=""></Correlation>
<Execution ProcessID="948" ThreadID="976"></Execution>
<Channel>Microsoft-Windows-TerminalServices-LocalSessionManager/Operational</Channel>
<Computer>WIN-PTFPHFCRDJ0</Computer>
<Security UserID="S-1-5-18"></Security>
</System>
<EventData></EventData>
</Event>

<Event xmlns="http://schemas.microsoft.com/win/2004/08/events/event"><System><Provider Name="Microsoft-Windows-TerminalServices-LocalSessionManager" Guid="{5d896912-022d-40aa-a3a8-4fa5515c76d7}"></Provider>
<EventID Qualifiers="">34</EventID>
<Version>0</Version>
<Level>4</Level>
<Task>0</Task>
<Opcode>0</Opcode>
<Keywords>0x1000000000000000</Keywords>
<TimeCreated SystemTime="2020-10-23 09:21:58.521801"></TimeCreated>
<EventRecordID>24</EventRecordID>
<Correlation ActivityID="" RelatedActivityID=""></Correlation>
<Execution ProcessID="948" ThreadID="976"></Execution>
<Channel>Microsoft-Windows-TerminalServices-LocalSessionManager/Operational</Channel>
<Computer>WIN-PTFPHFCRDJ0</Computer>
<Security UserID="S-1-5-18"></Security>
</System>
<EventData></EventData>
</Event>

<Event xmlns="http://schemas.microsoft.com/win/2004/08/events/event"><System><Provider Name="Microsoft-Windows-TerminalServices-LocalSessionManager" Guid="{5d896912-022d-40aa-a3a8-4fa5515c76d7}"></Provider>
<EventID Qualifiers="">34</EventID>
<Version>0</Version>
<Level>4</Level>
<Task>0</Task>
<Opcode>0</Opcode>
<Keywords>0x1000000000000000</Keywords>
<TimeCreated SystemTime="2020-10-23 09:21:58.521891"></TimeCreated>
<EventRecordID>25</EventRecordID>
<Correlation ActivityID="" RelatedActivityID=""></Correlation>
<Execution ProcessID="948" ThreadID="976"></Execution>
<Channel>Microsoft-Windows-TerminalServices-LocalSessionManager/Operational</Channel>
<Computer>WIN-PTFPHFCRDJ0</Computer>
<Security UserID="S-1-5-18"></Security>
</System>
<EventData></EventData>
</Event>

<Event xmlns="http://schemas.microsoft.com/win/2004/08/events/event"><System><Provider Name="Microsoft-Windows-TerminalServices-LocalSessionManager" Guid="{5d896912-022d-40aa-a3a8-4fa5515c76d7}"></Provider>
<EventID Qualifiers="">34</EventID>
<Version>0</Version>
<Level>4</Level>
<Task>0</Task>
<Opcode>0</Opcode>
<Keywords>0x1000000000000000</Keywords>
<TimeCreated SystemTime="2020-10-23 09:21:58.521994"></TimeCreated>
<EventRecordID>26</EventRecordID>
<Correlation ActivityID="" RelatedActivityID=""></Correlation>
<Execution ProcessID="948" ThreadID="976"></Execution>
<Channel>Microsoft-Windows-TerminalServices-LocalSessionManager/Operational</Channel>
<Computer>WIN-PTFPHFCRDJ0</Computer>
<Security UserID="S-1-5-18"></Security>
</System>
<EventData></EventData>
</Event>

<Event xmlns="http://schemas.microsoft.com/win/2004/08/events/event"><System><Provider Name="Microsoft-Windows-TerminalServices-LocalSessionManager" Guid="{5d896912-022d-40aa-a3a8-4fa5515c76d7}"></Provider>
<EventID Qualifiers="">34</EventID>
<Version>0</Version>
<Level>4</Level>
<Task>0</Task>
<Opcode>0</Opcode>
<Keywords>0x1000000000000000</Keywords>
<TimeCreated SystemTime="2020-10-23 09:22:02.483221"></TimeCreated>
<EventRecordID>27</EventRecordID>
<Correlation ActivityID="" RelatedActivityID=""></Correlation>
<Execution ProcessID="948" ThreadID="976"></Execution>
<Channel>Microsoft-Windows-TerminalServices-LocalSessionManager/Operational</Channel>
<Computer>WIN-PTFPHFCRDJ0</Computer>
<Security UserID="S-1-5-18"></Security>
</System>
<EventData></EventData>
</Event>

<Event xmlns="http://schemas.microsoft.com/win/2004/08/events/event"><System><Provider Name="Microsoft-Windows-TerminalServices-LocalSessionManager" Guid="{5d896912-022d-40aa-a3a8-4fa5515c76d7}"></Provider>
<EventID Qualifiers="">34</EventID>
<Version>0</Version>
<Level>4</Level>
<Task>0</Task>
<Opcode>0</Opcode>
<Keywords>0x1000000000000000</Keywords>
<TimeCreated SystemTime="2020-10-23 09:22:02.483654"></TimeCreated>
<EventRecordID>28</EventRecordID>
<Correlation ActivityID="" RelatedActivityID=""></Correlation>
<Execution ProcessID="948" ThreadID="976"></Execution>
<Channel>Microsoft-Windows-TerminalServices-LocalSessionManager/Operational</Channel>
<Computer>WIN-PTFPHFCRDJ0</Computer>
<Security UserID="S-1-5-18"></Security>
</System>
<EventData></EventData>
</Event>

<Event xmlns="http://schemas.microsoft.com/win/2004/08/events/event"><System><Provider Name="Microsoft-Windows-TerminalServices-LocalSessionManager" Guid="{5d896912-022d-40aa-a3a8-4fa5515c76d7}"></Provider>
<EventID Qualifiers="">34</EventID>
<Version>0</Version>
<Level>4</Level>
<Task>0</Task>
<Opcode>0</Opcode>
<Keywords>0x1000000000000000</Keywords>
<TimeCreated SystemTime="2020-10-23 09:22:02.507809"></TimeCreated>
<EventRecordID>29</EventRecordID>
<Correlation ActivityID="" RelatedActivityID=""></Correlation>
<Execution ProcessID="948" ThreadID="976"></Execution>
<Channel>Microsoft-Windows-TerminalServices-LocalSessionManager/Operational</Channel>
<Computer>WIN-PTFPHFCRDJ0</Computer>
<Security UserID="S-1-5-18"></Security>
</System>
<EventData></EventData>
</Event>

<Event xmlns="http://schemas.microsoft.com/win/2004/08/events/event"><System><Provider Name="Microsoft-Windows-TerminalServices-LocalSessionManager" Guid="{5d896912-022d-40aa-a3a8-4fa5515c76d7}"></Provider>
<EventID Qualifiers="">34</EventID>
<Version>0</Version>
<Level>4</Level>
<Task>0</Task>
<Opcode>0</Opcode>
<Keywords>0x1000000000000000</Keywords>
<TimeCreated SystemTime="2020-10-22 20:52:04.426121"></TimeCreated>
<EventRecordID>30</EventRecordID>
<Correlation ActivityID="" RelatedActivityID=""></Correlation>
<Execution ProcessID="948" ThreadID="976"></Execution>
<Channel>Microsoft-Windows-TerminalServices-LocalSessionManager/Operational</Channel>
<Computer>WIN-PTFPHFCRDJ0</Computer>
<Security UserID="S-1-5-18"></Security>
</System>
<EventData></EventData>
</Event>

<Event xmlns="http://schemas.microsoft.com/win/2004/08/events/event"><System><Provider Name="Microsoft-Windows-TerminalServices-LocalSessionManager" Guid="{5d896912-022d-40aa-a3a8-4fa5515c76d7}"></Provider>
<EventID Qualifiers="">34</EventID>
<Version>0</Version>
<Level>4</Level>
<Task>0</Task>
<Opcode>0</Opcode>
<Keywords>0x1000000000000000</Keywords>
<TimeCreated SystemTime="2020-10-22 20:52:13.260437"></TimeCreated>
<EventRecordID>31</EventRecordID>
<Correlation ActivityID="" RelatedActivityID=""></Correlation>
<Execution ProcessID="948" ThreadID="976"></Execution>
<Channel>Microsoft-Windows-TerminalServices-LocalSessionManager/Operational</Channel>
<Computer>WIN-PTFPHFCRDJ0</Computer>
<Security UserID="S-1-5-18"></Security>
</System>
<EventData></EventData>
</Event>

<Event xmlns="http://schemas.microsoft.com/win/2004/08/events/event"><System><Provider Name="Microsoft-Windows-TerminalServices-LocalSessionManager" Guid="{5d896912-022d-40aa-a3a8-4fa5515c76d7}"></Provider>
<EventID Qualifiers="">34</EventID>
<Version>0</Version>
<Level>4</Level>
<Task>0</Task>
<Opcode>0</Opcode>
<Keywords>0x1000000000000000</Keywords>
<TimeCreated SystemTime="2020-10-22 20:52:13.276634"></TimeCreated>
<EventRecordID>32</EventRecordID>
<Correlation ActivityID="" RelatedActivityID=""></Correlation>
<Execution ProcessID="948" ThreadID="976"></Execution>
<Channel>Microsoft-Windows-TerminalServices-LocalSessionManager/Operational</Channel>
<Computer>WIN-PTFPHFCRDJ0</Computer>
<Security UserID="S-1-5-18"></Security>
</System>
<EventData></EventData>
</Event>

<Event xmlns="http://schemas.microsoft.com/win/2004/08/events/event"><System><Provider Name="Microsoft-Windows-TerminalServices-LocalSessionManager" Guid="{5d896912-022d-40aa-a3a8-4fa5515c76d7}"></Provider>
<EventID Qualifiers="">41</EventID>
<Version>0</Version>
<Level>4</Level>
<Task>0</Task>
<Opcode>0</Opcode>
<Keywords>0x1000000000000000</Keywords>
<TimeCreated SystemTime="2020-10-22 20:52:24.599825"></TimeCreated>
<EventRecordID>33</EventRecordID>
<Correlation ActivityID="{61a55000-55e5-1017-0000-000000000000}" RelatedActivityID=""></Correlation>
<Execution ProcessID="948" ThreadID="1488"></Execution>
<Channel>Microsoft-Windows-TerminalServices-LocalSessionManager/Operational</Channel>
<Computer>WIN-PTFPHFCRDJ0</Computer>
<Security UserID="S-1-5-18"></Security>
</System>
<UserData><EventXML xmlns="Event_NS"><User>WIN-PTFPHFCRDJ0\user</User>
<SessionID>1</SessionID>
</EventXML>
</UserData>
</Event>

<Event xmlns="http://schemas.microsoft.com/win/2004/08/events/event"><System><Provider Name="Microsoft-Windows-TerminalServices-LocalSessionManager" Guid="{5d896912-022d-40aa-a3a8-4fa5515c76d7}"></Provider>
<EventID Qualifiers="">42</EventID>
<Version>0</Version>
<Level>4</Level>
<Task>0</Task>
<Opcode>0</Opcode>
<Keywords>0x1000000000000000</Keywords>
<TimeCreated SystemTime="2020-10-22 20:52:24.602974"></TimeCreated>
<EventRecordID>34</EventRecordID>
<Correlation ActivityID="{61a55000-55e5-1017-0000-000000000000}" RelatedActivityID=""></Correlation>
<Execution ProcessID="948" ThreadID="1488"></Execution>
<Channel>Microsoft-Windows-TerminalServices-LocalSessionManager/Operational</Channel>
<Computer>WIN-PTFPHFCRDJ0</Computer>
<Security UserID="S-1-5-18"></Security>
</System>
<UserData><EventXML xmlns="Event_NS"><User>WIN-PTFPHFCRDJ0\user</User>
<SessionID>1</SessionID>
</EventXML>
</UserData>
</Event>

<Event xmlns="http://schemas.microsoft.com/win/2004/08/events/event"><System><Provider Name="Microsoft-Windows-TerminalServices-LocalSessionManager" Guid="{5d896912-022d-40aa-a3a8-4fa5515c76d7}"></Provider>
<EventID Qualifiers="">21</EventID>
<Version>0</Version>
<Level>4</Level>
<Task>0</Task>
<Opcode>0</Opcode>
<Keywords>0x1000000000000000</Keywords>
<TimeCreated SystemTime="2020-10-22 20:52:25.768295"></TimeCreated>
<EventRecordID>35</EventRecordID>
<Correlation ActivityID="{61a55000-55e5-1017-0000-000000000000}" RelatedActivityID=""></Correlation>
<Execution ProcessID="948" ThreadID="1488"></Execution>
<Channel>Microsoft-Windows-TerminalServices-LocalSessionManager/Operational</Channel>
<Computer>WIN-PTFPHFCRDJ0</Computer>
<Security UserID="S-1-5-18"></Security>
</System>
<UserData><EventXML xmlns="Event_NS"><User>WIN-PTFPHFCRDJ0\user</User>
<SessionID>1</SessionID>
<Address>LOCAL</Address>
</EventXML>
</UserData>
</Event>

<Event xmlns="http://schemas.microsoft.com/win/2004/08/events/event"><System><Provider Name="Microsoft-Windows-TerminalServices-LocalSessionManager" Guid="{5d896912-022d-40aa-a3a8-4fa5515c76d7}"></Provider>
<EventID Qualifiers="">22</EventID>
<Version>0</Version>
<Level>4</Level>
<Task>0</Task>
<Opcode>0</Opcode>
<Keywords>0x1000000000000000</Keywords>
<TimeCreated SystemTime="2020-10-22 20:52:26.792521"></TimeCreated>
<EventRecordID>36</EventRecordID>
<Correlation ActivityID="{61a55000-55e5-1017-0000-000000000000}" RelatedActivityID=""></Correlation>
<Execution ProcessID="948" ThreadID="1488"></Execution>
<Channel>Microsoft-Windows-TerminalServices-LocalSessionManager/Operational</Channel>
<Computer>WIN-PTFPHFCRDJ0</Computer>
<Security UserID="S-1-5-18"></Security>
</System>
<UserData><EventXML xmlns="Event_NS"><User>WIN-PTFPHFCRDJ0\user</User>
<SessionID>1</SessionID>
<Address>LOCAL</Address>
</EventXML>
</UserData>
</Event>

<Event xmlns="http://schemas.microsoft.com/win/2004/08/events/event"><System><Provider Name="Microsoft-Windows-TerminalServices-LocalSessionManager" Guid="{5d896912-022d-40aa-a3a8-4fa5515c76d7}"></Provider>
<EventID Qualifiers="">54</EventID>
<Version>0</Version>
<Level>4</Level>
<Task>0</Task>
<Opcode>0</Opcode>
<Keywords>0x1000000000000000</Keywords>
<TimeCreated SystemTime="2020-10-22 20:56:59.703991"></TimeCreated>
<EventRecordID>37</EventRecordID>
<Correlation ActivityID="" RelatedActivityID=""></Correlation>
<Execution ProcessID="948" ThreadID="1488"></Execution>
<Channel>Microsoft-Windows-TerminalServices-LocalSessionManager/Operational</Channel>
<Computer>WIN-PTFPHFCRDJ0</Computer>
<Security UserID="S-1-5-18"></Security>
</System>
<EventData></EventData>
</Event>

<Event xmlns="http://schemas.microsoft.com/win/2004/08/events/event"><System><Provider Name="Microsoft-Windows-TerminalServices-LocalSessionManager" Guid="{5d896912-022d-40aa-a3a8-4fa5515c76d7}"></Provider>
<EventID Qualifiers="">23</EventID>
<Version>0</Version>
<Level>4</Level>
<Task>0</Task>
<Opcode>0</Opcode>
<Keywords>0x1000000000000000</Keywords>
<TimeCreated SystemTime="2020-10-22 20:57:01.524734"></TimeCreated>
<EventRecordID>38</EventRecordID>
<Correlation ActivityID="{61a55000-55e5-1017-0000-000000000000}" RelatedActivityID=""></Correlation>
<Execution ProcessID="948" ThreadID="528"></Execution>
<Channel>Microsoft-Windows-TerminalServices-LocalSessionManager/Operational</Channel>
<Computer>WIN-PTFPHFCRDJ0</Computer>
<Security UserID="S-1-5-18"></Security>
</System>
<UserData><EventXML xmlns="Event_NS"><User>WIN-PTFPHFCRDJ0\user</User>
<SessionID>1</SessionID>
</EventXML>
</UserData>
</Event>

<Event xmlns="http://schemas.microsoft.com/win/2004/08/events/event"><System><Provider Name="Microsoft-Windows-TerminalServices-LocalSessionManager" Guid="{5d896912-022d-40aa-a3a8-4fa5515c76d7}"></Provider>
<EventID Qualifiers="">32</EventID>
<Version>0</Version>
<Level>4</Level>
<Task>0</Task>
<Opcode>0</Opcode>
<Keywords>0x1000000000000000</Keywords>
<TimeCreated SystemTime="2020-10-22 20:57:19.419081"></TimeCreated>
<EventRecordID>39</EventRecordID>
<Correlation ActivityID="" RelatedActivityID=""></Correlation>
<Execution ProcessID="964" ThreadID="592"></Execution>
<Channel>Microsoft-Windows-TerminalServices-LocalSessionManager/Operational</Channel>
<Computer>WIN-PTFPHFCRDJ0</Computer>
<Security UserID="S-1-5-18"></Security>
</System>
<UserData><EventXML xmlns="Event_NS"><messageName>RDSAppXPlugin</messageName>
</EventXML>
</UserData>
</Event>

<Event xmlns="http://schemas.microsoft.com/win/2004/08/events/event"><System><Provider Name="Microsoft-Windows-TerminalServices-LocalSessionManager" Guid="{5d896912-022d-40aa-a3a8-4fa5515c76d7}"></Provider>
<EventID Qualifiers="">41</EventID>
<Version>0</Version>
<Level>4</Level>
<Task>0</Task>
<Opcode>0</Opcode>
<Keywords>0x1000000000000000</Keywords>
<TimeCreated SystemTime="2020-10-22 20:57:31.917353"></TimeCreated>
<EventRecordID>40</EventRecordID>
<Correlation ActivityID="{61a55000-55e5-1017-0000-000000000000}" RelatedActivityID=""></Correlation>
<Execution ProcessID="964" ThreadID="1008"></Execution>
<Channel>Microsoft-Windows-TerminalServices-LocalSessionManager/Operational</Channel>
<Computer>WIN-PTFPHFCRDJ0</Computer>
<Security UserID="S-1-5-18"></Security>
</System>
<UserData><EventXML xmlns="Event_NS"><User>WIN-PTFPHFCRDJ0\user</User>
<SessionID>1</SessionID>
</EventXML>
</UserData>
</Event>

<Event xmlns="http://schemas.microsoft.com/win/2004/08/events/event"><System><Provider Name="Microsoft-Windows-TerminalServices-LocalSessionManager" Guid="{5d896912-022d-40aa-a3a8-4fa5515c76d7}"></Provider>
<EventID Qualifiers="">42</EventID>
<Version>0</Version>
<Level>4</Level>
<Task>0</Task>
<Opcode>0</Opcode>
<Keywords>0x1000000000000000</Keywords>
<TimeCreated SystemTime="2020-10-22 20:57:31.919336"></TimeCreated>
<EventRecordID>41</EventRecordID>
<Correlation ActivityID="{61a55000-55e5-1017-0000-000000000000}" RelatedActivityID=""></Correlation>
<Execution ProcessID="964" ThreadID="1008"></Execution>
<Channel>Microsoft-Windows-TerminalServices-LocalSessionManager/Operational</Channel>
<Computer>WIN-PTFPHFCRDJ0</Computer>
<Security UserID="S-1-5-18"></Security>
</System>
<UserData><EventXML xmlns="Event_NS"><User>WIN-PTFPHFCRDJ0\user</User>
<SessionID>1</SessionID>
</EventXML>
</UserData>
</Event>

<Event xmlns="http://schemas.microsoft.com/win/2004/08/events/event"><System><Provider Name="Microsoft-Windows-TerminalServices-LocalSessionManager" Guid="{5d896912-022d-40aa-a3a8-4fa5515c76d7}"></Provider>
<EventID Qualifiers="">21</EventID>
<Version>0</Version>
<Level>4</Level>
<Task>0</Task>
<Opcode>0</Opcode>
<Keywords>0x1000000000000000</Keywords>
<TimeCreated SystemTime="2020-10-22 20:57:31.990503"></TimeCreated>
<EventRecordID>42</EventRecordID>
<Correlation ActivityID="{61a55000-55e5-1017-0000-000000000000}" RelatedActivityID=""></Correlation>
<Execution ProcessID="964" ThreadID="540"></Execution>
<Channel>Microsoft-Windows-TerminalServices-LocalSessionManager/Operational</Channel>
<Computer>WIN-PTFPHFCRDJ0</Computer>
<Security UserID="S-1-5-18"></Security>
</System>
<UserData><EventXML xmlns="Event_NS"><User>WIN-PTFPHFCRDJ0\user</User>
<SessionID>1</SessionID>
<Address>LOCAL</Address>
</EventXML>
</UserData>
</Event>

<Event xmlns="http://schemas.microsoft.com/win/2004/08/events/event"><System><Provider Name="Microsoft-Windows-TerminalServices-LocalSessionManager" Guid="{5d896912-022d-40aa-a3a8-4fa5515c76d7}"></Provider>
<EventID Qualifiers="">22</EventID>
<Version>0</Version>
<Level>4</Level>
<Task>0</Task>
<Opcode>0</Opcode>
<Keywords>0x1000000000000000</Keywords>
<TimeCreated SystemTime="2020-10-22 20:57:32.315132"></TimeCreated>
<EventRecordID>43</EventRecordID>
<Correlation ActivityID="{61a55000-55e5-1017-0000-000000000000}" RelatedActivityID=""></Correlation>
<Execution ProcessID="964" ThreadID="1664"></Execution>
<Channel>Microsoft-Windows-TerminalServices-LocalSessionManager/Operational</Channel>
<Computer>WIN-PTFPHFCRDJ0</Computer>
<Security UserID="S-1-5-18"></Security>
</System>
<UserData><EventXML xmlns="Event_NS"><User>WIN-PTFPHFCRDJ0\user</User>
<SessionID>1</SessionID>
<Address>LOCAL</Address>
</EventXML>
</UserData>
</Event>

<Event xmlns="http://schemas.microsoft.com/win/2004/08/events/event"><System><Provider Name="Microsoft-Windows-TerminalServices-LocalSessionManager" Guid="{5d896912-022d-40aa-a3a8-4fa5515c76d7}"></Provider>
<EventID Qualifiers="">40</EventID>
<Version>0</Version>
<Level>4</Level>
<Task>0</Task>
<Opcode>0</Opcode>
<Keywords>0x1000000000000000</Keywords>
<TimeCreated SystemTime="2020-10-22 22:30:53.103271"></TimeCreated>
<EventRecordID>44</EventRecordID>
<Correlation ActivityID="{f420ab68-9514-4971-a00d-8746f5370000}" RelatedActivityID=""></Correlation>
<Execution ProcessID="964" ThreadID="3928"></Execution>
<Channel>Microsoft-Windows-TerminalServices-LocalSessionManager/Operational</Channel>
<Computer>WIN-PTFPHFCRDJ0</Computer>
<Security UserID="S-1-5-18"></Security>
</System>
<UserData><EventXML xmlns="Event_NS"><Session>1</Session>
<Reason>5</Reason>
</EventXML>
</UserData>
</Event>

<Event xmlns="http://schemas.microsoft.com/win/2004/08/events/event"><System><Provider Name="Microsoft-Windows-TerminalServices-LocalSessionManager" Guid="{5d896912-022d-40aa-a3a8-4fa5515c76d7}"></Provider>
<EventID Qualifiers="">24</EventID>
<Version>0</Version>
<Level>4</Level>
<Task>0</Task>
<Opcode>0</Opcode>
<Keywords>0x1000000000000000</Keywords>
<TimeCreated SystemTime="2020-10-22 22:30:53.833485"></TimeCreated>
<EventRecordID>45</EventRecordID>
<Correlation ActivityID="{f420ab68-9514-4971-a00d-8746f5370000}" RelatedActivityID=""></Correlation>
<Execution ProcessID="964" ThreadID="3928"></Execution>
<Channel>Microsoft-Windows-TerminalServices-LocalSessionManager/Operational</Channel>
<Computer>WIN-PTFPHFCRDJ0</Computer>
<Security UserID="S-1-5-18"></Security>
</System>
<UserData><EventXML xmlns="Event_NS"><User>WIN-PTFPHFCRDJ0\user</User>
<SessionID>1</SessionID>
<Address>LOCAL</Address>
</EventXML>
</UserData>
</Event>

<Event xmlns="http://schemas.microsoft.com/win/2004/08/events/event"><System><Provider Name="Microsoft-Windows-TerminalServices-LocalSessionManager" Guid="{5d896912-022d-40aa-a3a8-4fa5515c76d7}"></Provider>
<EventID Qualifiers="">25</EventID>
<Version>0</Version>
<Level>4</Level>
<Task>0</Task>
<Opcode>0</Opcode>
<Keywords>0x1000000000000000</Keywords>
<TimeCreated SystemTime="2020-10-22 22:30:56.840080"></TimeCreated>
<EventRecordID>46</EventRecordID>
<Correlation ActivityID="{f420ab68-9514-4971-a00d-8746f5370000}" RelatedActivityID=""></Correlation>
<Execution ProcessID="964" ThreadID="3528"></Execution>
<Channel>Microsoft-Windows-TerminalServices-LocalSessionManager/Operational</Channel>
<Computer>WIN-PTFPHFCRDJ0</Computer>
<Security UserID="S-1-5-18"></Security>
</System>
<UserData><EventXML xmlns="Event_NS"><User>WIN-PTFPHFCRDJ0\user</User>
<SessionID>1</SessionID>
<Address>22.22.22.136</Address>
</EventXML>
</UserData>
</Event>

<Event xmlns="http://schemas.microsoft.com/win/2004/08/events/event"><System><Provider Name="Microsoft-Windows-TerminalServices-LocalSessionManager" Guid="{5d896912-022d-40aa-a3a8-4fa5515c76d7}"></Provider>
<EventID Qualifiers="">40</EventID>
<Version>0</Version>
<Level>4</Level>
<Task>0</Task>
<Opcode>0</Opcode>
<Keywords>0x1000000000000000</Keywords>
<TimeCreated SystemTime="2020-10-22 22:33:56.747126"></TimeCreated>
<EventRecordID>47</EventRecordID>
<Correlation ActivityID="{f420ab68-9514-4971-a00d-8746f5370000}" RelatedActivityID=""></Correlation>
<Execution ProcessID="964" ThreadID="3756"></Execution>
<Channel>Microsoft-Windows-TerminalServices-LocalSessionManager/Operational</Channel>
<Computer>WIN-PTFPHFCRDJ0</Computer>
<Security UserID="S-1-5-18"></Security>
</System>
<UserData><EventXML xmlns="Event_NS"><Session>1</Session>
<Reason>0</Reason>
</EventXML>
</UserData>
</Event>

<Event xmlns="http://schemas.microsoft.com/win/2004/08/events/event"><System><Provider Name="Microsoft-Windows-TerminalServices-LocalSessionManager" Guid="{5d896912-022d-40aa-a3a8-4fa5515c76d7}"></Provider>
<EventID Qualifiers="">24</EventID>
<Version>0</Version>
<Level>4</Level>
<Task>0</Task>
<Opcode>0</Opcode>
<Keywords>0x1000000000000000</Keywords>
<TimeCreated SystemTime="2020-10-22 22:33:57.016256"></TimeCreated>
<EventRecordID>48</EventRecordID>
<Correlation ActivityID="{f420ab68-9514-4971-a00d-8746f5370000}" RelatedActivityID=""></Correlation>
<Execution ProcessID="964" ThreadID="3756"></Execution>
<Channel>Microsoft-Windows-TerminalServices-LocalSessionManager/Operational</Channel>
<Computer>WIN-PTFPHFCRDJ0</Computer>
<Security UserID="S-1-5-18"></Security>
</System>
<UserData><EventXML xmlns="Event_NS"><User>WIN-PTFPHFCRDJ0\user</User>
<SessionID>1</SessionID>
<Address>22.22.22.136</Address>
</EventXML>
</UserData>
</Event>

<Event xmlns="http://schemas.microsoft.com/win/2004/08/events/event"><System><Provider Name="Microsoft-Windows-TerminalServices-LocalSessionManager" Guid="{5d896912-022d-40aa-a3a8-4fa5515c76d7}"></Provider>
<EventID Qualifiers="">41</EventID>
<Version>0</Version>
<Level>4</Level>
<Task>0</Task>
<Opcode>0</Opcode>
<Keywords>0x1000000000000000</Keywords>
<TimeCreated SystemTime="2020-10-22 22:37:43.309904"></TimeCreated>
<EventRecordID>49</EventRecordID>
<Correlation ActivityID="{61a55000-55e5-1017-0000-000000000000}" RelatedActivityID=""></Correlation>
<Execution ProcessID="964" ThreadID="3756"></Execution>
<Channel>Microsoft-Windows-TerminalServices-LocalSessionManager/Operational</Channel>
<Computer>WIN-PTFPHFCRDJ0</Computer>
<Security UserID="S-1-5-18"></Security>
</System>
<UserData><EventXML xmlns="Event_NS"><User>WIN-PTFPHFCRDJ0\user</User>
<SessionID>2</SessionID>
</EventXML>
</UserData>
</Event>

<Event xmlns="http://schemas.microsoft.com/win/2004/08/events/event"><System><Provider Name="Microsoft-Windows-TerminalServices-LocalSessionManager" Guid="{5d896912-022d-40aa-a3a8-4fa5515c76d7}"></Provider>
<EventID Qualifiers="">40</EventID>
<Version>0</Version>
<Level>4</Level>
<Task>0</Task>
<Opcode>0</Opcode>
<Keywords>0x1000000000000000</Keywords>
<TimeCreated SystemTime="2020-10-22 22:37:43.492476"></TimeCreated>
<EventRecordID>50</EventRecordID>
<Correlation ActivityID="" RelatedActivityID=""></Correlation>
<Execution ProcessID="964" ThreadID="3888"></Execution>
<Channel>Microsoft-Windows-TerminalServices-LocalSessionManager/Operational</Channel>
<Computer>WIN-PTFPHFCRDJ0</Computer>
<Security UserID="S-1-5-18"></Security>
</System>
<UserData><EventXML xmlns="Event_NS"><Session>2</Session>
<Reason>0</Reason>
</EventXML>
</UserData>
</Event>

<Event xmlns="http://schemas.microsoft.com/win/2004/08/events/event"><System><Provider Name="Microsoft-Windows-TerminalServices-LocalSessionManager" Guid="{5d896912-022d-40aa-a3a8-4fa5515c76d7}"></Provider>
<EventID Qualifiers="">40</EventID>
<Version>0</Version>
<Level>4</Level>
<Task>0</Task>
<Opcode>0</Opcode>
<Keywords>0x1000000000000000</Keywords>
<TimeCreated SystemTime="2020-10-22 22:37:43.701199"></TimeCreated>
<EventRecordID>51</EventRecordID>
<Correlation ActivityID="" RelatedActivityID=""></Correlation>
<Execution ProcessID="964" ThreadID="3888"></Execution>
<Channel>Microsoft-Windows-TerminalServices-LocalSessionManager/Operational</Channel>
<Computer>WIN-PTFPHFCRDJ0</Computer>
<Security UserID="S-1-5-18"></Security>
</System>
<UserData><EventXML xmlns="Event_NS"><Session>1</Session>
<Reason>5</Reason>
</EventXML>
</UserData>
</Event>

<Event xmlns="http://schemas.microsoft.com/win/2004/08/events/event"><System><Provider Name="Microsoft-Windows-TerminalServices-LocalSessionManager" Guid="{5d896912-022d-40aa-a3a8-4fa5515c76d7}"></Provider>
<EventID Qualifiers="">25</EventID>
<Version>0</Version>
<Level>4</Level>
<Task>0</Task>
<Opcode>0</Opcode>
<Keywords>0x1000000000000000</Keywords>
<TimeCreated SystemTime="2020-10-22 22:37:43.914162"></TimeCreated>
<EventRecordID>52</EventRecordID>
<Correlation ActivityID="{61a55000-55e5-1017-0000-000000000000}" RelatedActivityID=""></Correlation>
<Execution ProcessID="964" ThreadID="3888"></Execution>
<Channel>Microsoft-Windows-TerminalServices-LocalSessionManager/Operational</Channel>
<Computer>WIN-PTFPHFCRDJ0</Computer>
<Security UserID="S-1-5-18"></Security>
</System>
<UserData><EventXML xmlns="Event_NS"><User>WIN-PTFPHFCRDJ0\user</User>
<SessionID>1</SessionID>
<Address>LOCAL</Address>
</EventXML>
</UserData>
</Event>

<Event xmlns="http://schemas.microsoft.com/win/2004/08/events/event"><System><Provider Name="Microsoft-Windows-TerminalServices-LocalSessionManager" Guid="{5d896912-022d-40aa-a3a8-4fa5515c76d7}"></Provider>
<EventID Qualifiers="">42</EventID>
<Version>0</Version>
<Level>4</Level>
<Task>0</Task>
<Opcode>0</Opcode>
<Keywords>0x1000000000000000</Keywords>
<TimeCreated SystemTime="2020-10-22 22:37:43.914345"></TimeCreated>
<EventRecordID>53</EventRecordID>
<Correlation ActivityID="{61a55000-55e5-1017-0000-000000000000}" RelatedActivityID=""></Correlation>
<Execution ProcessID="964" ThreadID="3756"></Execution>
<Channel>Microsoft-Windows-TerminalServices-LocalSessionManager/Operational</Channel>
<Computer>WIN-PTFPHFCRDJ0</Computer>
<Security UserID="S-1-5-18"></Security>
</System>
<UserData><EventXML xmlns="Event_NS"><User>WIN-PTFPHFCRDJ0\user</User>
<SessionID>2</SessionID>
</EventXML>
</UserData>
</Event>

<Event xmlns="http://schemas.microsoft.com/win/2004/08/events/event"><System><Provider Name="Microsoft-Windows-TerminalServices-LocalSessionManager" Guid="{5d896912-022d-40aa-a3a8-4fa5515c76d7}"></Provider>
<EventID Qualifiers="">40</EventID>
<Version>0</Version>
<Level>4</Level>
<Task>0</Task>
<Opcode>0</Opcode>
<Keywords>0x1000000000000000</Keywords>
<TimeCreated SystemTime="2020-10-22 22:38:57.051167"></TimeCreated>
<EventRecordID>54</EventRecordID>
<Correlation ActivityID="{f420e052-155e-4c05-8e6a-070d5fd50000}" RelatedActivityID=""></Correlation>
<Execution ProcessID="964" ThreadID="4604"></Execution>
<Channel>Microsoft-Windows-TerminalServices-LocalSessionManager/Operational</Channel>
<Computer>WIN-PTFPHFCRDJ0</Computer>
<Security UserID="S-1-5-18"></Security>
</System>
<UserData><EventXML xmlns="Event_NS"><Session>1</Session>
<Reason>5</Reason>
</EventXML>
</UserData>
</Event>

<Event xmlns="http://schemas.microsoft.com/win/2004/08/events/event"><System><Provider Name="Microsoft-Windows-TerminalServices-LocalSessionManager" Guid="{5d896912-022d-40aa-a3a8-4fa5515c76d7}"></Provider>
<EventID Qualifiers="">24</EventID>
<Version>0</Version>
<Level>4</Level>
<Task>0</Task>
<Opcode>0</Opcode>
<Keywords>0x1000000000000000</Keywords>
<TimeCreated SystemTime="2020-10-22 22:38:57.153240"></TimeCreated>
<EventRecordID>55</EventRecordID>
<Correlation ActivityID="{f420e052-155e-4c05-8e6a-070d5fd50000}" RelatedActivityID=""></Correlation>
<Execution ProcessID="964" ThreadID="4604"></Execution>
<Channel>Microsoft-Windows-TerminalServices-LocalSessionManager/Operational</Channel>
<Computer>WIN-PTFPHFCRDJ0</Computer>
<Security UserID="S-1-5-18"></Security>
</System>
<UserData><EventXML xmlns="Event_NS"><User>WIN-PTFPHFCRDJ0\user</User>
<SessionID>1</SessionID>
<Address>LOCAL</Address>
</EventXML>
</UserData>
</Event>

<Event xmlns="http://schemas.microsoft.com/win/2004/08/events/event"><System><Provider Name="Microsoft-Windows-TerminalServices-LocalSessionManager" Guid="{5d896912-022d-40aa-a3a8-4fa5515c76d7}"></Provider>
<EventID Qualifiers="">25</EventID>
<Version>0</Version>
<Level>4</Level>
<Task>0</Task>
<Opcode>0</Opcode>
<Keywords>0x1000000000000000</Keywords>
<TimeCreated SystemTime="2020-10-22 22:38:59.047358"></TimeCreated>
<EventRecordID>56</EventRecordID>
<Correlation ActivityID="{f420e052-155e-4c05-8e6a-070d5fd50000}" RelatedActivityID=""></Correlation>
<Execution ProcessID="964" ThreadID="4604"></Execution>
<Channel>Microsoft-Windows-TerminalServices-LocalSessionManager/Operational</Channel>
<Computer>WIN-PTFPHFCRDJ0</Computer>
<Security UserID="S-1-5-18"></Security>
</System>
<UserData><EventXML xmlns="Event_NS"><User>WIN-PTFPHFCRDJ0\user</User>
<SessionID>1</SessionID>
<Address>22.22.22.136</Address>
</EventXML>
</UserData>
</Event>

<Event xmlns="http://schemas.microsoft.com/win/2004/08/events/event"><System><Provider Name="Microsoft-Windows-TerminalServices-LocalSessionManager" Guid="{5d896912-022d-40aa-a3a8-4fa5515c76d7}"></Provider>
<EventID Qualifiers="">40</EventID>
<Version>0</Version>
<Level>4</Level>
<Task>0</Task>
<Opcode>0</Opcode>
<Keywords>0x1000000000000000</Keywords>
<TimeCreated SystemTime="2020-10-22 22:39:30.675617"></TimeCreated>
<EventRecordID>57</EventRecordID>
<Correlation ActivityID="{f420e052-155e-4c05-8e6a-070d5fd50000}" RelatedActivityID=""></Correlation>
<Execution ProcessID="964" ThreadID="3888"></Execution>
<Channel>Microsoft-Windows-TerminalServices-LocalSessionManager/Operational</Channel>
<Computer>WIN-PTFPHFCRDJ0</Computer>
<Security UserID="S-1-5-18"></Security>
</System>
<UserData><EventXML xmlns="Event_NS"><Session>1</Session>
<Reason>0</Reason>
</EventXML>
</UserData>
</Event>

<Event xmlns="http://schemas.microsoft.com/win/2004/08/events/event"><System><Provider Name="Microsoft-Windows-TerminalServices-LocalSessionManager" Guid="{5d896912-022d-40aa-a3a8-4fa5515c76d7}"></Provider>
<EventID Qualifiers="">24</EventID>
<Version>0</Version>
<Level>4</Level>
<Task>0</Task>
<Opcode>0</Opcode>
<Keywords>0x1000000000000000</Keywords>
<TimeCreated SystemTime="2020-10-22 22:39:30.913040"></TimeCreated>
<EventRecordID>58</EventRecordID>
<Correlation ActivityID="{f420e052-155e-4c05-8e6a-070d5fd50000}" RelatedActivityID=""></Correlation>
<Execution ProcessID="964" ThreadID="3888"></Execution>
<Channel>Microsoft-Windows-TerminalServices-LocalSessionManager/Operational</Channel>
<Computer>WIN-PTFPHFCRDJ0</Computer>
<Security UserID="S-1-5-18"></Security>
</System>
<UserData><EventXML xmlns="Event_NS"><User>WIN-PTFPHFCRDJ0\user</User>
<SessionID>1</SessionID>
<Address>22.22.22.136</Address>
</EventXML>
</UserData>
</Event>

<Event xmlns="http://schemas.microsoft.com/win/2004/08/events/event"><System><Provider Name="Microsoft-Windows-TerminalServices-LocalSessionManager" Guid="{5d896912-022d-40aa-a3a8-4fa5515c76d7}"></Provider>
<EventID Qualifiers="">41</EventID>
<Version>0</Version>
<Level>4</Level>
<Task>0</Task>
<Opcode>0</Opcode>
<Keywords>0x1000000000000000</Keywords>
<TimeCreated SystemTime="2020-10-22 22:41:27.554226"></TimeCreated>
<EventRecordID>59</EventRecordID>
<Correlation ActivityID="{61a55000-55e5-1017-0000-000000000000}" RelatedActivityID=""></Correlation>
<Execution ProcessID="964" ThreadID="3756"></Execution>
<Channel>Microsoft-Windows-TerminalServices-LocalSessionManager/Operational</Channel>
<Computer>WIN-PTFPHFCRDJ0</Computer>
<Security UserID="S-1-5-18"></Security>
</System>
<UserData><EventXML xmlns="Event_NS"><User>WIN-PTFPHFCRDJ0\user</User>
<SessionID>2</SessionID>
</EventXML>
</UserData>
</Event>

