<?xml version="1.1" encoding="utf-8" standalone="yes" ?>

<Events>
<Event xmlns="http://schemas.microsoft.com/win/2004/08/events/event"><System><Provider Name="Microsoft-Windows-TerminalServices-RemoteConnectionManager" Guid="{c76baa63-ae81-421c-b425-340b4b24157f}"></Provider>
<EventID Qualifiers="">20523</EventID>
<Version>0</Version>
<Level>4</Level>
<Task>0</Task>
<Opcode>0</Opcode>
<Keywords>0x1000000000000000</Keywords>
<TimeCreated SystemTime="2020-10-22 21:24:04.525042"></TimeCreated>
<EventRecordID>1</EventRecordID>
<Correlation ActivityID="{f4623713-b150-4879-b6b1-0ac81bbc0000}" RelatedActivityID=""></Correlation>
<Execution ProcessID="884" ThreadID="1724"></Execution>
<Channel>Microsoft-Windows-TerminalServices-RemoteConnectionManager/Operational</Channel>
<Computer>WIN-PTFPHFCRDJ0</Computer>
<Security UserID="S-1-5-20"></Security>
</System>
<UserData><EventXML xmlns="Event_NS"><ListenerName>RDP-Tcp</ListenerName>
<Class>{5828227c-20cf-4408-b73f-73ab70b8849f}</Class>
</EventXML>
</UserData>
</Event>

<Event xmlns="http://schemas.microsoft.com/win/2004/08/events/event"><System><Provider Name="Microsoft-Windows-TerminalServices-RemoteConnectionManager" Guid="{c76baa63-ae81-421c-b425-340b4b24157f}"></Provider>
<EventID Qualifiers="">258</EventID>
<Version>0</Version>
<Level>4</Level>
<Task>0</Task>
<Opcode>0</Opcode>
<Keywords>0x1000000000000000</Keywords>
<TimeCreated SystemTime="2020-10-22 21:24:04.913557"></TimeCreated>
<EventRecordID>2</EventRecordID>
<Correlation ActivityID="{f4623713-b150-4879-b6b1-0ac81bbc0000}" RelatedActivityID=""></Correlation>
<Execution ProcessID="884" ThreadID="1724"></Execution>
<Channel>Microsoft-Windows-TerminalServices-RemoteConnectionManager/Operational</Channel>
<Computer>WIN-PTFPHFCRDJ0</Computer>
<Security UserID="S-1-5-20"></Security>
</System>
<UserData><EventXML xmlns="Event_NS"><listenerName>RDP-Tcp</listenerName>
</EventXML>
</UserData>
</Event>

<Event xmlns="http://schemas.microsoft.com/win/2004/08/events/event"><System><Provider Name="Microsoft-Windows-TerminalServices-RemoteConnectionManager" Guid="{c76baa63-ae81-421c-b425-340b4b24157f}"></Provider>
<EventID Qualifiers="">1136</EventID>
<Version>0</Version>
<Level>4</Level>
<Task>0</Task>
<Opcode>0</Opcode>
<Keywords>0x1000000000000000</Keywords>
<TimeCreated SystemTime="2020-10-22 21:24:05.061815"></TimeCreated>
<EventRecordID>3</EventRecordID>
<Correlation ActivityID="" RelatedActivityID=""></Correlation>
<Execution ProcessID="1392" ThreadID="4056"></Execution>
<Channel>Microsoft-Windows-TerminalServices-RemoteConnectionManager/Operational</Channel>
<Computer>WIN-PTFPHFCRDJ0</Computer>
<Security UserID="S-1-5-18"></Security>
</System>
<EventData></EventData>
</Event>

<Event xmlns="http://schemas.microsoft.com/win/2004/08/events/event"><System><Provider Name="Microsoft-Windows-TerminalServices-RemoteConnectionManager" Guid="{c76baa63-ae81-421c-b425-340b4b24157f}"></Provider>
<EventID Qualifiers="">261</EventID>
<Version>0</Version>
<Level>4</Level>
<Task>0</Task>
<Opcode>0</Opcode>
<Keywords>0x1000000000000000</Keywords>
<TimeCreated SystemTime="2020-10-22 22:30:42.015455"></TimeCreated>
<EventRecordID>4</EventRecordID>
<Correlation ActivityID="{f4202a46-6d32-48aa-998a-bcd624580000}" RelatedActivityID=""></Correlation>
<Execution ProcessID="884" ThreadID="2124"></Execution>
<Channel>Microsoft-Windows-TerminalServices-RemoteConnectionManager/Operational</Channel>
<Computer>WIN-PTFPHFCRDJ0</Computer>
<Security UserID="S-1-5-20"></Security>
</System>
<UserData><EventXML xmlns="Event_NS"><listenerName>RDP-Tcp</listenerName>
</EventXML>
</UserData>
</Event>

<Event xmlns="http://schemas.microsoft.com/win/2004/08/events/event"><System><Provider Name="Microsoft-Windows-TerminalServices-RemoteConnectionManager" Guid="{c76baa63-ae81-421c-b425-340b4b24157f}"></Provider>
<EventID Qualifiers="">261</EventID>
<Version>0</Version>
<Level>4</Level>
<Task>0</Task>
<Opcode>0</Opcode>
<Keywords>0x1000000000000000</Keywords>
<TimeCreated SystemTime="2020-10-22 22:30:52.950455"></TimeCreated>
<EventRecordID>5</EventRecordID>
<Correlation ActivityID="{f420ab68-9514-4971-a00d-8746f5370000}" RelatedActivityID=""></Correlation>
<Execution ProcessID="884" ThreadID="2124"></Execution>
<Channel>Microsoft-Windows-TerminalServices-RemoteConnectionManager/Operational</Channel>
<Computer>WIN-PTFPHFCRDJ0</Computer>
<Security UserID="S-1-5-20"></Security>
</System>
<UserData><EventXML xmlns="Event_NS"><listenerName>RDP-Tcp</listenerName>
</EventXML>
</UserData>
</Event>

<Event xmlns="http://schemas.microsoft.com/win/2004/08/events/event"><System><Provider Name="Microsoft-Windows-TerminalServices-RemoteConnectionManager" Guid="{c76baa63-ae81-421c-b425-340b4b24157f}"></Provider>
<EventID Qualifiers="">1149</EventID>
<Version>0</Version>
<Level>4</Level>
<Task>0</Task>
<Opcode>0</Opcode>
<Keywords>0x1000000000000000</Keywords>
<TimeCreated SystemTime="2020-10-22 22:30:53.069185"></TimeCreated>
<EventRecordID>6</EventRecordID>
<Correlation ActivityID="{f420ab68-9514-4971-a00d-8746f5370000}" RelatedActivityID=""></Correlation>
<Execution ProcessID="884" ThreadID="292"></Execution>
<Channel>Microsoft-Windows-TerminalServices-RemoteConnectionManager/Operational</Channel>
<Computer>WIN-PTFPHFCRDJ0</Computer>
<Security UserID="S-1-5-20"></Security>
</System>
<UserData><EventXML xmlns="Event_NS"><Param1>user</Param1>
<Param2></Param2>
<Param3>22.22.22.136</Param3>
</EventXML>
</UserData>
</Event>

<Event xmlns="http://schemas.microsoft.com/win/2004/08/events/event"><System><Provider Name="Microsoft-Windows-TerminalServices-RemoteConnectionManager" Guid="{c76baa63-ae81-421c-b425-340b4b24157f}"></Provider>
<EventID Qualifiers="">261</EventID>
<Version>0</Version>
<Level>4</Level>
<Task>0</Task>
<Opcode>0</Opcode>
<Keywords>0x1000000000000000</Keywords>
<TimeCreated SystemTime="2020-10-22 22:38:54.182520"></TimeCreated>
<EventRecordID>7</EventRecordID>
<Correlation ActivityID="{f420b651-4938-4d4e-87cb-e49e9bec0000}" RelatedActivityID=""></Correlation>
<Execution ProcessID="884" ThreadID="2124"></Execution>
<Channel>Microsoft-Windows-TerminalServices-RemoteConnectionManager/Operational</Channel>
<Computer>WIN-PTFPHFCRDJ0</Computer>
<Security UserID="S-1-5-20"></Security>
</System>
<UserData><EventXML xmlns="Event_NS"><listenerName>RDP-Tcp</listenerName>
</EventXML>
</UserData>
</Event>

<Event xmlns="http://schemas.microsoft.com/win/2004/08/events/event"><System><Provider Name="Microsoft-Windows-TerminalServices-RemoteConnectionManager" Guid="{c76baa63-ae81-421c-b425-340b4b24157f}"></Provider>
<EventID Qualifiers="">261</EventID>
<Version>0</Version>
<Level>4</Level>
<Task>0</Task>
<Opcode>0</Opcode>
<Keywords>0x1000000000000000</Keywords>
<TimeCreated SystemTime="2020-10-22 22:38:57.027121"></TimeCreated>
<EventRecordID>8</EventRecordID>
<Correlation ActivityID="{f420e052-155e-4c05-8e6a-070d5fd50000}" RelatedActivityID=""></Correlation>
<Execution ProcessID="884" ThreadID="2124"></Execution>
<Channel>Microsoft-Windows-TerminalServices-RemoteConnectionManager/Operational</Channel>
<Computer>WIN-PTFPHFCRDJ0</Computer>
<Security UserID="S-1-5-20"></Security>
</System>
<UserData><EventXML xmlns="Event_NS"><listenerName>RDP-Tcp</listenerName>
</EventXML>
</UserData>
</Event>

<Event xmlns="http://schemas.microsoft.com/win/2004/08/events/event"><System><Provider Name="Microsoft-Windows-TerminalServices-RemoteConnectionManager" Guid="{c76baa63-ae81-421c-b425-340b4b24157f}"></Provider>
<EventID Qualifiers="">1149</EventID>
<Version>0</Version>
<Level>4</Level>
<Task>0</Task>
<Opcode>0</Opcode>
<Keywords>0x1000000000000000</Keywords>
<TimeCreated SystemTime="2020-10-22 22:38:57.048733"></TimeCreated>
<EventRecordID>9</EventRecordID>
<Correlation ActivityID="{f420e052-155e-4c05-8e6a-070d5fd50000}" RelatedActivityID=""></Correlation>
<Execution ProcessID="884" ThreadID="1412"></Execution>
<Channel>Microsoft-Windows-TerminalServices-RemoteConnectionManager/Operational</Channel>
<Computer>WIN-PTFPHFCRDJ0</Computer>
<Security UserID="S-1-5-20"></Security>
</System>
<UserData><EventXML xmlns="Event_NS"><Param1>user</Param1>
<Param2></Param2>
<Param3>22.22.22.136</Param3>
</EventXML>
</UserData>
</Event>

<Event xmlns="http://schemas.microsoft.com/win/2004/08/events/event"><System><Provider Name="Microsoft-Windows-TerminalServices-RemoteConnectionManager" Guid="{c76baa63-ae81-421c-b425-340b4b24157f}"></Provider>
<EventID Qualifiers="">20523</EventID>
<Version>0</Version>
<Level>4</Level>
<Task>0</Task>
<Opcode>0</Opcode>
<Keywords>0x1000000000000000</Keywords>
<TimeCreated SystemTime="2020-10-23 12:27:37.689636"></TimeCreated>
<EventRecordID>10</EventRecordID>
<Correlation ActivityID="{f462ff99-0a61-4170-9cc1-ef6a66140000}" RelatedActivityID=""></Correlation>
<Execution ProcessID="1060" ThreadID="1180"></Execution>
<Channel>Microsoft-Windows-TerminalServices-RemoteConnectionManager/Operational</Channel>
<Computer>WIN-PTFPHFCRDJ0</Computer>
<Security UserID="S-1-5-20"></Security>
</System>
<UserData><EventXML xmlns="Event_NS"><ListenerName>RDP-Tcp</ListenerName>
<Class>{5828227c-20cf-4408-b73f-73ab70b8849f}</Class>
</EventXML>
</UserData>
</Event>

<Event xmlns="http://schemas.microsoft.com/win/2004/08/events/event"><System><Provider Name="Microsoft-Windows-TerminalServices-RemoteConnectionManager" Guid="{c76baa63-ae81-421c-b425-340b4b24157f}"></Provider>
<EventID Qualifiers="">258</EventID>
<Version>0</Version>
<Level>4</Level>
<Task>0</Task>
<Opcode>0</Opcode>
<Keywords>0x1000000000000000</Keywords>
<TimeCreated SystemTime="2020-10-23 12:27:43.196085"></TimeCreated>
<EventRecordID>11</EventRecordID>
<Correlation ActivityID="{f462ff99-0a61-4170-9cc1-ef6a66140000}" RelatedActivityID=""></Correlation>
<Execution ProcessID="1060" ThreadID="1180"></Execution>
<Channel>Microsoft-Windows-TerminalServices-RemoteConnectionManager/Operational</Channel>
<Computer>WIN-PTFPHFCRDJ0</Computer>
<Security UserID="S-1-5-20"></Security>
</System>
<UserData><EventXML xmlns="Event_NS"><listenerName>RDP-Tcp</listenerName>
</EventXML>
</UserData>
</Event>

<Event xmlns="http://schemas.microsoft.com/win/2004/08/events/event"><System><Provider Name="Microsoft-Windows-TerminalServices-RemoteConnectionManager" Guid="{c76baa63-ae81-421c-b425-340b4b24157f}"></Provider>
<EventID Qualifiers="">1136</EventID>
<Version>0</Version>
<Level>4</Level>
<Task>0</Task>
<Opcode>0</Opcode>
<Keywords>0x1000000000000000</Keywords>
<TimeCreated SystemTime="2020-10-23 12:27:48.420647"></TimeCreated>
<EventRecordID>12</EventRecordID>
<Correlation ActivityID="" RelatedActivityID=""></Correlation>
<Execution ProcessID="1320" ThreadID="1924"></Execution>
<Channel>Microsoft-Windows-TerminalServices-RemoteConnectionManager/Operational</Channel>
<Computer>WIN-PTFPHFCRDJ0</Computer>
<Security UserID="S-1-5-18"></Security>
</System>
<EventData></EventData>
</Event>

<Event xmlns="http://schemas.microsoft.com/win/2004/08/events/event"><System><Provider Name="Microsoft-Windows-TerminalServices-RemoteConnectionManager" Guid="{c76baa63-ae81-421c-b425-340b4b24157f}"></Provider>
<EventID Qualifiers="">20523</EventID>
<Version>0</Version>
<Level>4</Level>
<Task>0</Task>
<Opcode>0</Opcode>
<Keywords>0x1000000000000000</Keywords>
<TimeCreated SystemTime="2020-10-23 13:53:41.734621"></TimeCreated>
<EventRecordID>13</EventRecordID>
<Correlation ActivityID="{f462dabf-88b6-44d6-ab6a-d51d3c6a0000}" RelatedActivityID=""></Correlation>
<Execution ProcessID="1072" ThreadID="1208"></Execution>
<Channel>Microsoft-Windows-TerminalServices-RemoteConnectionManager/Operational</Channel>
<Computer>WIN-PTFPHFCRDJ0</Computer>
<Security UserID="S-1-5-20"></Security>
</System>
<UserData><EventXML xmlns="Event_NS"><ListenerName>RDP-Tcp</ListenerName>
<Class>{5828227c-20cf-4408-b73f-73ab70b8849f}</Class>
</EventXML>
</UserData>
</Event>

<Event xmlns="http://schemas.microsoft.com/win/2004/08/events/event"><System><Provider Name="Microsoft-Windows-TerminalServices-RemoteConnectionManager" Guid="{c76baa63-ae81-421c-b425-340b4b24157f}"></Provider>
<EventID Qualifiers="">258</EventID>
<Version>0</Version>
<Level>4</Level>
<Task>0</Task>
<Opcode>0</Opcode>
<Keywords>0x1000000000000000</Keywords>
<TimeCreated SystemTime="2020-10-23 13:53:44.496365"></TimeCreated>
<EventRecordID>14</EventRecordID>
<Correlation ActivityID="{f462dabf-88b6-44d6-ab6a-d51d3c6a0000}" RelatedActivityID=""></Correlation>
<Execution ProcessID="1072" ThreadID="1208"></Execution>
<Channel>Microsoft-Windows-TerminalServices-RemoteConnectionManager/Operational</Channel>
<Computer>WIN-PTFPHFCRDJ0</Computer>
<Security UserID="S-1-5-20"></Security>
</System>
<UserData><EventXML xmlns="Event_NS"><listenerName>RDP-Tcp</listenerName>
</EventXML>
</UserData>
</Event>

<Event xmlns="http://schemas.microsoft.com/win/2004/08/events/event"><System><Provider Name="Microsoft-Windows-TerminalServices-RemoteConnectionManager" Guid="{c76baa63-ae81-421c-b425-340b4b24157f}"></Provider>
<EventID Qualifiers="">1136</EventID>
<Version>0</Version>
<Level>4</Level>
<Task>0</Task>
<Opcode>0</Opcode>
<Keywords>0x1000000000000000</Keywords>
<TimeCreated SystemTime="2020-10-23 13:53:47.022087"></TimeCreated>
<EventRecordID>15</EventRecordID>
<Correlation ActivityID="" RelatedActivityID=""></Correlation>
<Execution ProcessID="1352" ThreadID="1772"></Execution>
<Channel>Microsoft-Windows-TerminalServices-RemoteConnectionManager/Operational</Channel>
<Computer>WIN-PTFPHFCRDJ0</Computer>
<Security UserID="S-1-5-18"></Security>
</System>
<EventData></EventData>
</Event>

<Event xmlns="http://schemas.microsoft.com/win/2004/08/events/event"><System><Provider Name="Microsoft-Windows-TerminalServices-RemoteConnectionManager" Guid="{c76baa63-ae81-421c-b425-340b4b24157f}"></Provider>
<EventID Qualifiers="">20523</EventID>
<Version>0</Version>
<Level>4</Level>
<Task>0</Task>
<Opcode>0</Opcode>
<Keywords>0x1000000000000000</Keywords>
<TimeCreated SystemTime="2020-10-23 18:48:56.203245"></TimeCreated>
<EventRecordID>16</EventRecordID>
<Correlation ActivityID="{f462e710-5254-408b-b3f7-04d7e5de0000}" RelatedActivityID=""></Correlation>
<Execution ProcessID="1060" ThreadID="1128"></Execution>
<Channel>Microsoft-Windows-TerminalServices-RemoteConnectionManager/Operational</Channel>
<Computer>WIN-PTFPHFCRDJ0</Computer>
<Security UserID="S-1-5-20"></Security>
</System>
<UserData><EventXML xmlns="Event_NS"><ListenerName>RDP-Tcp</ListenerName>
<Class>{5828227c-20cf-4408-b73f-73ab70b8849f}</Class>
</EventXML>
</UserData>
</Event>

<Event xmlns="http://schemas.microsoft.com/win/2004/08/events/event"><System><Provider Name="Microsoft-Windows-TerminalServices-RemoteConnectionManager" Guid="{c76baa63-ae81-421c-b425-340b4b24157f}"></Provider>
<EventID Qualifiers="">258</EventID>
<Version>0</Version>
<Level>4</Level>
<Task>0</Task>
<Opcode>0</Opcode>
<Keywords>0x1000000000000000</Keywords>
<TimeCreated SystemTime="2020-10-23 18:49:00.931959"></TimeCreated>
<EventRecordID>17</EventRecordID>
<Correlation ActivityID="{f462e710-5254-408b-b3f7-04d7e5de0000}" RelatedActivityID=""></Correlation>
<Execution ProcessID="1060" ThreadID="1128"></Execution>
<Channel>Microsoft-Windows-TerminalServices-RemoteConnectionManager/Operational</Channel>
<Computer>WIN-PTFPHFCRDJ0</Computer>
<Security UserID="S-1-5-20"></Security>
</System>
<UserData><EventXML xmlns="Event_NS"><listenerName>RDP-Tcp</listenerName>
</EventXML>
</UserData>
</Event>

<Event xmlns="http://schemas.microsoft.com/win/2004/08/events/event"><System><Provider Name="Microsoft-Windows-TerminalServices-RemoteConnectionManager" Guid="{c76baa63-ae81-421c-b425-340b4b24157f}"></Provider>
<EventID Qualifiers="">1136</EventID>
<Version>0</Version>
<Level>4</Level>
<Task>0</Task>
<Opcode>0</Opcode>
<Keywords>0x1000000000000000</Keywords>
<TimeCreated SystemTime="2020-10-23 18:49:04.160461"></TimeCreated>
<EventRecordID>18</EventRecordID>
<Correlation ActivityID="" RelatedActivityID=""></Correlation>
<Execution ProcessID="1312" ThreadID="1892"></Execution>
<Channel>Microsoft-Windows-TerminalServices-RemoteConnectionManager/Operational</Channel>
<Computer>WIN-PTFPHFCRDJ0</Computer>
<Security UserID="S-1-5-18"></Security>
</System>
<EventData></EventData>
</Event>

<Event xmlns="http://schemas.microsoft.com/win/2004/08/events/event"><System><Provider Name="Microsoft-Windows-TerminalServices-RemoteConnectionManager" Guid="{c76baa63-ae81-421c-b425-340b4b24157f}"></Provider>
<EventID Qualifiers="">261</EventID>
<Version>0</Version>
<Level>4</Level>
<Task>0</Task>
<Opcode>0</Opcode>
<Keywords>0x1000000000000000</Keywords>
<TimeCreated SystemTime="2020-10-23 18:55:16.927755"></TimeCreated>
<EventRecordID>19</EventRecordID>
<Correlation ActivityID="{f420690b-3769-40dc-bae5-b95b62ab0000}" RelatedActivityID=""></Correlation>
<Execution ProcessID="1060" ThreadID="1536"></Execution>
<Channel>Microsoft-Windows-TerminalServices-RemoteConnectionManager/Operational</Channel>
<Computer>WIN-PTFPHFCRDJ0</Computer>
<Security UserID="S-1-5-20"></Security>
</System>
<UserData><EventXML xmlns="Event_NS"><listenerName>RDP-Tcp</listenerName>
</EventXML>
</UserData>
</Event>

<Event xmlns="http://schemas.microsoft.com/win/2004/08/events/event"><System><Provider Name="Microsoft-Windows-TerminalServices-RemoteConnectionManager" Guid="{c76baa63-ae81-421c-b425-340b4b24157f}"></Provider>
<EventID Qualifiers="">261</EventID>
<Version>0</Version>
<Level>4</Level>
<Task>0</Task>
<Opcode>0</Opcode>
<Keywords>0x1000000000000000</Keywords>
<TimeCreated SystemTime="2020-10-23 18:55:22.089472"></TimeCreated>
<EventRecordID>20</EventRecordID>
<Correlation ActivityID="{f420a99b-7eb5-492c-ab49-df36a9ea0000}" RelatedActivityID=""></Correlation>
<Execution ProcessID="1060" ThreadID="1536"></Execution>
<Channel>Microsoft-Windows-TerminalServices-RemoteConnectionManager/Operational</Channel>
<Computer>WIN-PTFPHFCRDJ0</Computer>
<Security UserID="S-1-5-20"></Security>
</System>
<UserData><EventXML xmlns="Event_NS"><listenerName>RDP-Tcp</listenerName>
</EventXML>
</UserData>
</Event>

<Event xmlns="http://schemas.microsoft.com/win/2004/08/events/event"><System><Provider Name="Microsoft-Windows-TerminalServices-RemoteConnectionManager" Guid="{c76baa63-ae81-421c-b425-340b4b24157f}"></Provider>
<EventID Qualifiers="">1149</EventID>
<Version>0</Version>
<Level>4</Level>
<Task>0</Task>
<Opcode>0</Opcode>
<Keywords>0x1000000000000000</Keywords>
<TimeCreated SystemTime="2020-10-23 18:55:22.331173"></TimeCreated>
<EventRecordID>21</EventRecordID>
<Correlation ActivityID="{f420a99b-7eb5-492c-ab49-df36a9ea0000}" RelatedActivityID=""></Correlation>
<Execution ProcessID="1060" ThreadID="2260"></Execution>
<Channel>Microsoft-Windows-TerminalServices-RemoteConnectionManager/Operational</Channel>
<Computer>WIN-PTFPHFCRDJ0</Computer>
<Security UserID="S-1-5-20"></Security>
</System>
<UserData><EventXML xmlns="Event_NS"><Param1>user</Param1>
<Param2></Param2>
<Param3>22.22.22.136</Param3>
</EventXML>
</UserData>
</Event>

<Event xmlns="http://schemas.microsoft.com/win/2004/08/events/event"><System><Provider Name="Microsoft-Windows-TerminalServices-RemoteConnectionManager" Guid="{c76baa63-ae81-421c-b425-340b4b24157f}"></Provider>
<EventID Qualifiers="">20523</EventID>
<Version>0</Version>
<Level>4</Level>
<Task>0</Task>
<Opcode>0</Opcode>
<Keywords>0x1000000000000000</Keywords>
<TimeCreated SystemTime="2020-10-24 21:52:26.155642"></TimeCreated>
<EventRecordID>22</EventRecordID>
<Correlation ActivityID="{f462591a-140b-45e2-af03-566a976a0000}" RelatedActivityID=""></Correlation>
<Execution ProcessID="1080" ThreadID="1128"></Execution>
<Channel>Microsoft-Windows-TerminalServices-RemoteConnectionManager/Operational</Channel>
<Computer>WIN-PTFPHFCRDJ0</Computer>
<Security UserID="S-1-5-20"></Security>
</System>
<UserData><EventXML xmlns="Event_NS"><ListenerName>RDP-Tcp</ListenerName>
<Class>{5828227c-20cf-4408-b73f-73ab70b8849f}</Class>
</EventXML>
</UserData>
</Event>

<Event xmlns="http://schemas.microsoft.com/win/2004/08/events/event"><System><Provider Name="Microsoft-Windows-TerminalServices-RemoteConnectionManager" Guid="{c76baa63-ae81-421c-b425-340b4b24157f}"></Provider>
<EventID Qualifiers="">258</EventID>
<Version>0</Version>
<Level>4</Level>
<Task>0</Task>
<Opcode>0</Opcode>
<Keywords>0x1000000000000000</Keywords>
<TimeCreated SystemTime="2020-10-24 21:52:31.421061"></TimeCreated>
<EventRecordID>23</EventRecordID>
<Correlation ActivityID="{f462591a-140b-45e2-af03-566a976a0000}" RelatedActivityID=""></Correlation>
<Execution ProcessID="1080" ThreadID="1128"></Execution>
<Channel>Microsoft-Windows-TerminalServices-RemoteConnectionManager/Operational</Channel>
<Computer>WIN-PTFPHFCRDJ0</Computer>
<Security UserID="S-1-5-20"></Security>
</System>
<UserData><EventXML xmlns="Event_NS"><listenerName>RDP-Tcp</listenerName>
</EventXML>
</UserData>
</Event>

<Event xmlns="http://schemas.microsoft.com/win/2004/08/events/event"><System><Provider Name="Microsoft-Windows-TerminalServices-RemoteConnectionManager" Guid="{c76baa63-ae81-421c-b425-340b4b24157f}"></Provider>
<EventID Qualifiers="">1136</EventID>
<Version>0</Version>
<Level>4</Level>
<Task>0</Task>
<Opcode>0</Opcode>
<Keywords>0x1000000000000000</Keywords>
<TimeCreated SystemTime="2020-10-24 21:52:34.036634"></TimeCreated>
<EventRecordID>24</EventRecordID>
<Correlation ActivityID="" RelatedActivityID=""></Correlation>
<Execution ProcessID="1320" ThreadID="1856"></Execution>
<Channel>Microsoft-Windows-TerminalServices-RemoteConnectionManager/Operational</Channel>
<Computer>WIN-PTFPHFCRDJ0</Computer>
<Security UserID="S-1-5-18"></Security>
</System>
<EventData></EventData>
</Event>

<Event xmlns="http://schemas.microsoft.com/win/2004/08/events/event"><System><Provider Name="Microsoft-Windows-TerminalServices-RemoteConnectionManager" Guid="{c76baa63-ae81-421c-b425-340b4b24157f}"></Provider>
<EventID Qualifiers="">20523</EventID>
<Version>0</Version>
<Level>4</Level>
<Task>0</Task>
<Opcode>0</Opcode>
<Keywords>0x1000000000000000</Keywords>
<TimeCreated SystemTime="2020-10-24 22:19:16.931572"></TimeCreated>
<EventRecordID>25</EventRecordID>
<Correlation ActivityID="{f4624bfa-4b23-420e-b597-81a17e7f0000}" RelatedActivityID=""></Correlation>
<Execution ProcessID="1084" ThreadID="1120"></Execution>
<Channel>Microsoft-Windows-TerminalServices-RemoteConnectionManager/Operational</Channel>
<Computer>WIN-PTFPHFCRDJ0</Computer>
<Security UserID="S-1-5-20"></Security>
</System>
<UserData><EventXML xmlns="Event_NS"><ListenerName>RDP-Tcp</ListenerName>
<Class>{5828227c-20cf-4408-b73f-73ab70b8849f}</Class>
</EventXML>
</UserData>
</Event>

<Event xmlns="http://schemas.microsoft.com/win/2004/08/events/event"><System><Provider Name="Microsoft-Windows-TerminalServices-RemoteConnectionManager" Guid="{c76baa63-ae81-421c-b425-340b4b24157f}"></Provider>
<EventID Qualifiers="">258</EventID>
<Version>0</Version>
<Level>4</Level>
<Task>0</Task>
<Opcode>0</Opcode>
<Keywords>0x1000000000000000</Keywords>
<TimeCreated SystemTime="2020-10-24 22:19:22.729975"></TimeCreated>
<EventRecordID>26</EventRecordID>
<Correlation ActivityID="{f4624bfa-4b23-420e-b597-81a17e7f0000}" RelatedActivityID=""></Correlation>
<Execution ProcessID="1084" ThreadID="1120"></Execution>
<Channel>Microsoft-Windows-TerminalServices-RemoteConnectionManager/Operational</Channel>
<Computer>WIN-PTFPHFCRDJ0</Computer>
<Security UserID="S-1-5-20"></Security>
</System>
<UserData><EventXML xmlns="Event_NS"><listenerName>RDP-Tcp</listenerName>
</EventXML>
</UserData>
</Event>

<Event xmlns="http://schemas.microsoft.com/win/2004/08/events/event"><System><Provider Name="Microsoft-Windows-TerminalServices-RemoteConnectionManager" Guid="{c76baa63-ae81-421c-b425-340b4b24157f}"></Provider>
<EventID Qualifiers="">1136</EventID>
<Version>0</Version>
<Level>4</Level>
<Task>0</Task>
<Opcode>0</Opcode>
<Keywords>0x1000000000000000</Keywords>
<TimeCreated SystemTime="2020-10-24 22:19:25.523996"></TimeCreated>
<EventRecordID>27</EventRecordID>
<Correlation ActivityID="" RelatedActivityID=""></Correlation>
<Execution ProcessID="1344" ThreadID="1896"></Execution>
<Channel>Microsoft-Windows-TerminalServices-RemoteConnectionManager/Operational</Channel>
<Computer>WIN-PTFPHFCRDJ0</Computer>
<Security UserID="S-1-5-18"></Security>
</System>
<EventData></EventData>
</Event>

<Event xmlns="http://schemas.microsoft.com/win/2004/08/events/event"><System><Provider Name="Microsoft-Windows-TerminalServices-RemoteConnectionManager" Guid="{c76baa63-ae81-421c-b425-340b4b24157f}"></Provider>
<EventID Qualifiers="">20523</EventID>
<Version>0</Version>
<Level>4</Level>
<Task>0</Task>
<Opcode>0</Opcode>
<Keywords>0x1000000000000000</Keywords>
<TimeCreated SystemTime="2020-10-26 11:57:46.971273"></TimeCreated>
<EventRecordID>28</EventRecordID>
<Correlation ActivityID="{f462eb0b-832f-4265-b49d-b84cd0f00000}" RelatedActivityID=""></Correlation>
<Execution ProcessID="1072" ThreadID="1216"></Execution>
<Channel>Microsoft-Windows-TerminalServices-RemoteConnectionManager/Operational</Channel>
<Computer>WIN-PTFPHFCRDJ0</Computer>
<Security UserID="S-1-5-20"></Security>
</System>
<UserData><EventXML xmlns="Event_NS"><ListenerName>RDP-Tcp</ListenerName>
<Class>{5828227c-20cf-4408-b73f-73ab70b8849f}</Class>
</EventXML>
</UserData>
</Event>

<Event xmlns="http://schemas.microsoft.com/win/2004/08/events/event"><System><Provider Name="Microsoft-Windows-TerminalServices-RemoteConnectionManager" Guid="{c76baa63-ae81-421c-b425-340b4b24157f}"></Provider>
<EventID Qualifiers="">258</EventID>
<Version>0</Version>
<Level>4</Level>
<Task>0</Task>
<Opcode>0</Opcode>
<Keywords>0x1000000000000000</Keywords>
<TimeCreated SystemTime="2020-10-26 11:57:52.114697"></TimeCreated>
<EventRecordID>29</EventRecordID>
<Correlation ActivityID="{f462eb0b-832f-4265-b49d-b84cd0f00000}" RelatedActivityID=""></Correlation>
<Execution ProcessID="1072" ThreadID="1216"></Execution>
<Channel>Microsoft-Windows-TerminalServices-RemoteConnectionManager/Operational</Channel>
<Computer>WIN-PTFPHFCRDJ0</Computer>
<Security UserID="S-1-5-20"></Security>
</System>
<UserData><EventXML xmlns="Event_NS"><listenerName>RDP-Tcp</listenerName>
</EventXML>
</UserData>
</Event>

<Event xmlns="http://schemas.microsoft.com/win/2004/08/events/event"><System><Provider Name="Microsoft-Windows-TerminalServices-RemoteConnectionManager" Guid="{c76baa63-ae81-421c-b425-340b4b24157f}"></Provider>
<EventID Qualifiers="">1136</EventID>
<Version>0</Version>
<Level>4</Level>
<Task>0</Task>
<Opcode>0</Opcode>
<Keywords>0x1000000000000000</Keywords>
<TimeCreated SystemTime="2020-10-26 11:57:54.274700"></TimeCreated>
<EventRecordID>30</EventRecordID>
<Correlation ActivityID="" RelatedActivityID=""></Correlation>
<Execution ProcessID="1348" ThreadID="1784"></Execution>
<Channel>Microsoft-Windows-TerminalServices-RemoteConnectionManager/Operational</Channel>
<Computer>WIN-PTFPHFCRDJ0</Computer>
<Security UserID="S-1-5-18"></Security>
</System>
<EventData></EventData>
</Event>

<Event xmlns="http://schemas.microsoft.com/win/2004/08/events/event"><System><Provider Name="Microsoft-Windows-TerminalServices-RemoteConnectionManager" Guid="{c76baa63-ae81-421c-b425-340b4b24157f}"></Provider>
<EventID Qualifiers="">20523</EventID>
<Version>0</Version>
<Level>4</Level>
<Task>0</Task>
<Opcode>0</Opcode>
<Keywords>0x1000000000000000</Keywords>
<TimeCreated SystemTime="2020-10-26 15:12:30.349079"></TimeCreated>
<EventRecordID>31</EventRecordID>
<Correlation ActivityID="{f4626631-ac09-4f74-9441-c7b782780000}" RelatedActivityID=""></Correlation>
<Execution ProcessID="1064" ThreadID="1136"></Execution>
<Channel>Microsoft-Windows-TerminalServices-RemoteConnectionManager/Operational</Channel>
<Computer>WIN-PTFPHFCRDJ0</Computer>
<Security UserID="S-1-5-20"></Security>
</System>
<UserData><EventXML xmlns="Event_NS"><ListenerName>RDP-Tcp</ListenerName>
<Class>{5828227c-20cf-4408-b73f-73ab70b8849f}</Class>
</EventXML>
</UserData>
</Event>

<Event xmlns="http://schemas.microsoft.com/win/2004/08/events/event"><System><Provider Name="Microsoft-Windows-TerminalServices-RemoteConnectionManager" Guid="{c76baa63-ae81-421c-b425-340b4b24157f}"></Provider>
<EventID Qualifiers="">258</EventID>
<Version>0</Version>
<Level>4</Level>
<Task>0</Task>
<Opcode>0</Opcode>
<Keywords>0x1000000000000000</Keywords>
<TimeCreated SystemTime="2020-10-26 15:12:34.304049"></TimeCreated>
<EventRecordID>32</EventRecordID>
<Correlation ActivityID="{f4626631-ac09-4f74-9441-c7b782780000}" RelatedActivityID=""></Correlation>
<Execution ProcessID="1064" ThreadID="1136"></Execution>
<Channel>Microsoft-Windows-TerminalServices-RemoteConnectionManager/Operational</Channel>
<Computer>WIN-PTFPHFCRDJ0</Computer>
<Security UserID="S-1-5-20"></Security>
</System>
<UserData><EventXML xmlns="Event_NS"><listenerName>RDP-Tcp</listenerName>
</EventXML>
</UserData>
</Event>

<Event xmlns="http://schemas.microsoft.com/win/2004/08/events/event"><System><Provider Name="Microsoft-Windows-TerminalServices-RemoteConnectionManager" Guid="{c76baa63-ae81-421c-b425-340b4b24157f}"></Provider>
<EventID Qualifiers="">1136</EventID>
<Version>0</Version>
<Level>4</Level>
<Task>0</Task>
<Opcode>0</Opcode>
<Keywords>0x1000000000000000</Keywords>
<TimeCreated SystemTime="2020-10-26 15:12:38.513617"></TimeCreated>
<EventRecordID>33</EventRecordID>
<Correlation ActivityID="" RelatedActivityID=""></Correlation>
<Execution ProcessID="1332" ThreadID="1736"></Execution>
<Channel>Microsoft-Windows-TerminalServices-RemoteConnectionManager/Operational</Channel>
<Computer>WIN-PTFPHFCRDJ0</Computer>
<Security UserID="S-1-5-18"></Security>
</System>
<EventData></EventData>
</Event>

<Event xmlns="http://schemas.microsoft.com/win/2004/08/events/event"><System><Provider Name="Microsoft-Windows-TerminalServices-RemoteConnectionManager" Guid="{c76baa63-ae81-421c-b425-340b4b24157f}"></Provider>
<EventID Qualifiers="">20523</EventID>
<Version>0</Version>
<Level>4</Level>
<Task>0</Task>
<Opcode>0</Opcode>
<Keywords>0x1000000000000000</Keywords>
<TimeCreated SystemTime="2020-10-27 01:58:04.906319"></TimeCreated>
<EventRecordID>34</EventRecordID>
<Correlation ActivityID="{f462655d-97bf-4930-8af9-8f284a610000}" RelatedActivityID=""></Correlation>
<Execution ProcessID="1080" ThreadID="1148"></Execution>
<Channel>Microsoft-Windows-TerminalServices-RemoteConnectionManager/Operational</Channel>
<Computer>WIN-PTFPHFCRDJ0</Computer>
<Security UserID="S-1-5-20"></Security>
</System>
<UserData><EventXML xmlns="Event_NS"><ListenerName>RDP-Tcp</ListenerName>
<Class>{5828227c-20cf-4408-b73f-73ab70b8849f}</Class>
</EventXML>
</UserData>
</Event>

<Event xmlns="http://schemas.microsoft.com/win/2004/08/events/event"><System><Provider Name="Microsoft-Windows-TerminalServices-RemoteConnectionManager" Guid="{c76baa63-ae81-421c-b425-340b4b24157f}"></Provider>
<EventID Qualifiers="">258</EventID>
<Version>0</Version>
<Level>4</Level>
<Task>0</Task>
<Opcode>0</Opcode>
<Keywords>0x1000000000000000</Keywords>
<TimeCreated SystemTime="2020-10-27 01:58:09.217760"></TimeCreated>
<EventRecordID>35</EventRecordID>
<Correlation ActivityID="{f462655d-97bf-4930-8af9-8f284a610000}" RelatedActivityID=""></Correlation>
<Execution ProcessID="1080" ThreadID="1148"></Execution>
<Channel>Microsoft-Windows-TerminalServices-RemoteConnectionManager/Operational</Channel>
<Computer>WIN-PTFPHFCRDJ0</Computer>
<Security UserID="S-1-5-20"></Security>
</System>
<UserData><EventXML xmlns="Event_NS"><listenerName>RDP-Tcp</listenerName>
</EventXML>
</UserData>
</Event>

<Event xmlns="http://schemas.microsoft.com/win/2004/08/events/event"><System><Provider Name="Microsoft-Windows-TerminalServices-RemoteConnectionManager" Guid="{c76baa63-ae81-421c-b425-340b4b24157f}"></Provider>
<EventID Qualifiers="">1136</EventID>
<Version>0</Version>
<Level>4</Level>
<Task>0</Task>
<Opcode>0</Opcode>
<Keywords>0x1000000000000000</Keywords>
<TimeCreated SystemTime="2020-10-27 01:58:12.094105"></TimeCreated>
<EventRecordID>36</EventRecordID>
<Correlation ActivityID="" RelatedActivityID=""></Correlation>
<Execution ProcessID="1336" ThreadID="1840"></Execution>
<Channel>Microsoft-Windows-TerminalServices-RemoteConnectionManager/Operational</Channel>
<Computer>WIN-PTFPHFCRDJ0</Computer>
<Security UserID="S-1-5-18"></Security>
</System>
<EventData></EventData>
</Event>

</Events>
