<Event xmlns="http://schemas.microsoft.com/win/2004/08/events/event"><System><Provider Name="Microsoft-Windows-Crypto-DPAPI" Guid="{89fe8f40-cdce-464e-8217-15ef97d4c7c3}"></Provider>
<EventID Qualifiers="">12289</EventID>
<Version>0</Version>
<Level>4</Level>
<Task>8</Task>
<Opcode>0</Opcode>
<Keywords>0x8000000000000008</Keywords>
<TimeCreated SystemTime="2020-10-26 15:26:53.150896"></TimeCreated>
<EventRecordID>52</EventRecordID>
<Correlation ActivityID="{5cf0896d-abaa-0000-658c-f05caaabd601}" RelatedActivityID=""></Correlation>
<Execution ProcessID="832" ThreadID="3128"></Execution>
<Channel>Microsoft-Windows-Crypto-DPAPI/Operational</Channel>
<Computer>WIN-PTFPHFCRDJ0</Computer>
<Security UserID="S-1-5-18"></Security>
</System>
<EventData><Data Name="CredKeyIdentifier">gxaEdquYfKCHVduhEgWFRDHnnUtVaNyRMGJNYeeBSV8=</Data>
<Data Name="UserName">user</Data>
<Data Name="UserSid">S-1-5-21-1152959844-3645458174-3779170896-1000</Data>
</EventData>
</Event>

<Event xmlns="http://schemas.microsoft.com/win/2004/08/events/event"><System><Provider Name="Microsoft-Windows-Crypto-DPAPI" Guid="{89fe8f40-cdce-464e-8217-15ef97d4c7c3}"></Provider>
<EventID Qualifiers="">12289</EventID>
<Version>0</Version>
<Level>4</Level>
<Task>8</Task>
<Opcode>0</Opcode>
<Keywords>0x8000000000000008</Keywords>
<TimeCreated SystemTime="2020-10-26 15:26:53.150938"></TimeCreated>
<EventRecordID>53</EventRecordID>
<Correlation ActivityID="{5cf0896d-abaa-0000-658c-f05caaabd601}" RelatedActivityID=""></Correlation>
<Execution ProcessID="832" ThreadID="3128"></Execution>
<Channel>Microsoft-Windows-Crypto-DPAPI/Operational</Channel>
<Computer>WIN-PTFPHFCRDJ0</Computer>
<Security UserID="S-1-5-18"></Security>
</System>
<EventData><Data Name="CredKeyIdentifier">gxaEdquYfKCHVduhEgWFRDHnnUtVaNyRMGJNYeeBSV8=</Data>
<Data Name="UserName">user</Data>
<Data Name="UserSid">S-1-5-21-1152959844-3645458174-3779170896-1000</Data>
</EventData>
</Event>

<Event xmlns="http://schemas.microsoft.com/win/2004/08/events/event"><System><Provider Name="Microsoft-Windows-Crypto-DPAPI" Guid="{89fe8f40-cdce-464e-8217-15ef97d4c7c3}"></Provider>
<EventID Qualifiers="">12289</EventID>
<Version>0</Version>
<Level>4</Level>
<Task>8</Task>
<Opcode>0</Opcode>
<Keywords>0x8000000000000008</Keywords>
<TimeCreated SystemTime="2020-10-27 02:08:09.196644"></TimeCreated>
<EventRecordID>54</EventRecordID>
<Correlation ActivityID="{8a6a3ffd-ac04-0000-764a-6a8a04acd601}" RelatedActivityID=""></Correlation>
<Execution ProcessID="840" ThreadID="2256"></Execution>
<Channel>Microsoft-Windows-Crypto-DPAPI/Operational</Channel>
<Computer>WIN-PTFPHFCRDJ0</Computer>
<Security UserID="S-1-5-18"></Security>
</System>
<EventData><Data Name="CredKeyIdentifier">gxaEdquYfKCHVduhEgWFRDHnnUtVaNyRMGJNYeeBSV8=</Data>
<Data Name="UserName">user</Data>
<Data Name="UserSid">S-1-5-21-1152959844-3645458174-3779170896-1000</Data>
</EventData>
</Event>

<Event xmlns="http://schemas.microsoft.com/win/2004/08/events/event"><System><Provider Name="Microsoft-Windows-Crypto-DPAPI" Guid="{89fe8f40-cdce-464e-8217-15ef97d4c7c3}"></Provider>
<EventID Qualifiers="">12289</EventID>
<Version>0</Version>
<Level>4</Level>
<Task>8</Task>
<Opcode>0</Opcode>
<Keywords>0x8000000000000008</Keywords>
<TimeCreated SystemTime="2020-10-27 02:08:09.200167"></TimeCreated>
<EventRecordID>55</EventRecordID>
<Correlation ActivityID="{8a6a3ffd-ac04-0000-f542-6a8a04acd601}" RelatedActivityID=""></Correlation>
<Execution ProcessID="840" ThreadID="2256"></Execution>
<Channel>Microsoft-Windows-Crypto-DPAPI/Operational</Channel>
<Computer>WIN-PTFPHFCRDJ0</Computer>
<Security UserID="S-1-5-18"></Security>
</System>
<EventData><Data Name="CredKeyIdentifier">gxaEdquYfKCHVduhEgWFRDHnnUtVaNyRMGJNYeeBSV8=</Data>
<Data Name="UserName">user</Data>
<Data Name="UserSid">S-1-5-21-1152959844-3645458174-3779170896-1000</Data>
</EventData>
</Event>

<Event xmlns="http://schemas.microsoft.com/win/2004/08/events/event"><System><Provider Name="Microsoft-Windows-Crypto-DPAPI" Guid="{89fe8f40-cdce-464e-8217-15ef97d4c7c3}"></Provider>
<EventID Qualifiers="">12289</EventID>
<Version>0</Version>
<Level>4</Level>
<Task>8</Task>
<Opcode>0</Opcode>
<Keywords>0x8000000000000008</Keywords>
<TimeCreated SystemTime="2020-10-27 02:08:09.200212"></TimeCreated>
<EventRecordID>56</EventRecordID>
<Correlation ActivityID="{8a6a3ffd-ac04-0000-f542-6a8a04acd601}" RelatedActivityID=""></Correlation>
<Execution ProcessID="840" ThreadID="2256"></Execution>
<Channel>Microsoft-Windows-Crypto-DPAPI/Operational</Channel>
<Computer>WIN-PTFPHFCRDJ0</Computer>
<Security UserID="S-1-5-18"></Security>
</System>
<EventData><Data Name="CredKeyIdentifier">gxaEdquYfKCHVduhEgWFRDHnnUtVaNyRMGJNYeeBSV8=</Data>
<Data Name="UserName">user</Data>
<Data Name="UserSid">S-1-5-21-1152959844-3645458174-3779170896-1000</Data>
</EventData>
</Event>

</Events>
