<Event xmlns="http://schemas.microsoft.com/win/2004/08/events/event"><System><Provider Name="Microsoft-Windows-Store" Guid="{9c2a37f3-e5fd-5cae-bcd1-43dafeee1ff0}"></Provider>
<EventID Qualifiers="">8002</EventID>
<Version>0</Version>
<Level>3</Level>
<Task>8001</Task>
<Opcode>13</Opcode>
<Keywords>0x8000100000000000</Keywords>
<TimeCreated SystemTime="2020-10-22 23:27:47.765436"></TimeCreated>
<EventRecordID>393</EventRecordID>
<Correlation ActivityID="" RelatedActivityID=""></Correlation>
<Execution ProcessID="1236" ThreadID="4736"></Execution>
<Channel>Microsoft-Windows-Store/Operational</Channel>
<Computer>WIN-PTFPHFCRDJ0</Computer>
<Security UserID="S-1-5-18"></Security>
</System>
<EventData><Data Name="Message">No authenticated user, no ticket. (0x80070525)</Data>
<Data Name="Function">CaptureLegacyMSATicket</Data>
<Data Name="Source">onecoreuap\enduser\winstore\licensemanager\lib\identity.cpp</Data>
<Data Name="Line Number">125</Data>
</EventData>
</Event>

<Event xmlns="http://schemas.microsoft.com/win/2004/08/events/event"><System><Provider Name="Microsoft-Windows-Store" Guid="{9c2a37f3-e5fd-5cae-bcd1-43dafeee1ff0}"></Provider>
<EventID Qualifiers="">8002</EventID>
<Version>0</Version>
<Level>3</Level>
<Task>8001</Task>
<Opcode>13</Opcode>
<Keywords>0x8000100000000000</Keywords>
<TimeCreated SystemTime="2020-10-22 23:27:47.765440"></TimeCreated>
<EventRecordID>394</EventRecordID>
<Correlation ActivityID="" RelatedActivityID=""></Correlation>
<Execution ProcessID="1236" ThreadID="4736"></Execution>
<Channel>Microsoft-Windows-Store/Operational</Channel>
<Computer>WIN-PTFPHFCRDJ0</Computer>
<Security UserID="S-1-5-19"></Security>
</System>
<EventData><Data Name="Message">No user tickets captured for S-1-5-18, so this might not end well.</Data>
<Data Name="Function">SingleUserStoredIdentitySnapshot::CaptureIdentity</Data>
<Data Name="Source">onecoreuap\enduser\winstore\licensemanager\lib\identity.cpp</Data>
<Data Name="Line Number">416</Data>
</EventData>
</Event>

<Event xmlns="http://schemas.microsoft.com/win/2004/08/events/event"><System><Provider Name="Microsoft-Windows-Store" Guid="{9c2a37f3-e5fd-5cae-bcd1-43dafeee1ff0}"></Provider>
<EventID Qualifiers="">8001</EventID>
<Version>0</Version>
<Level>4</Level>
<Task>8001</Task>
<Opcode>14</Opcode>
<Keywords>0x8000100000000000</Keywords>
<TimeCreated SystemTime="2020-10-22 23:27:47.765831"></TimeCreated>
<EventRecordID>395</EventRecordID>
<Correlation ActivityID="" RelatedActivityID=""></Correlation>
<Execution ProcessID="1236" ThreadID="1220"></Execution>
<Channel>Microsoft-Windows-Store/Operational</Channel>
<Computer>WIN-PTFPHFCRDJ0</Computer>
<Security UserID="S-1-5-19"></Security>
</System>
<EventData><Data Name="Message">Requesting license for ddc422e2-1615-e74d-228f-268b3376a5b5 at /v7.0/licenses/content (https://licensing.mp.microsoft.com) (Corr: IyGWJhNJyUWGAKiS.12)</Data>
<Data Name="Function">LicenseProxyService::DoRequestLicense</Data>
<Data Name="Source">onecoreuap\enduser\winstore\licensemanager\lib\proxy.cpp</Data>
<Data Name="Line Number">1960</Data>
</EventData>
</Event>

<Event xmlns="http://schemas.microsoft.com/win/2004/08/events/event"><System><Provider Name="Microsoft-Windows-Store" Guid="{9c2a37f3-e5fd-5cae-bcd1-43dafeee1ff0}"></Provider>
<EventID Qualifiers="">8003</EventID>
<Version>0</Version>
<Level>2</Level>
<Task>8001</Task>
<Opcode>12</Opcode>
<Keywords>0x8000100000000000</Keywords>
<TimeCreated SystemTime="2020-10-22 23:27:48.815495"></TimeCreated>
<EventRecordID>396</EventRecordID>
<Correlation ActivityID="" RelatedActivityID=""></Correlation>
<Execution ProcessID="1236" ThreadID="1220"></Execution>
<Channel>Microsoft-Windows-Store/Operational</Channel>
<Computer>WIN-PTFPHFCRDJ0</Computer>
<Security UserID="S-1-5-19"></Security>
</System>
<EventData><Data Name="Message">Service Fault: status: 400 code: ContentIdNotInCatalog: description: The requested content id could not be found in the catalog. data: ["ddc422e2-1615-e74d-228f-268b3376a5b5"] (Corr: IyGWJhNJyUWGAKiS.12, Svr: 00002707)</Data>
<Data Name="Function">LogServiceFault</Data>
<Data Name="Source">onecoreuap\enduser\winstore\licensemanager\lib\telemetry.cpp</Data>
<Data Name="Line Number">100</Data>
</EventData>
</Event>

<Event xmlns="http://schemas.microsoft.com/win/2004/08/events/event"><System><Provider Name="Microsoft-Windows-Store" Guid="{9c2a37f3-e5fd-5cae-bcd1-43dafeee1ff0}"></Provider>
<EventID Qualifiers="">8002</EventID>
<Version>0</Version>
<Level>3</Level>
<Task>8001</Task>
<Opcode>13</Opcode>
<Keywords>0x8000100000000000</Keywords>
<TimeCreated SystemTime="2020-10-22 23:27:48.815502"></TimeCreated>
<EventRecordID>397</EventRecordID>
<Correlation ActivityID="" RelatedActivityID=""></Correlation>
<Execution ProcessID="1236" ThreadID="1220"></Execution>
<Channel>Microsoft-Windows-Store/Operational</Channel>
<Computer>WIN-PTFPHFCRDJ0</Computer>
<Security UserID="S-1-5-19"></Security>
</System>
<EventData><Data Name="Message">hr: 0x87e10bc6</Data>
<Data Name="Function">LicenseProxyService::DoRequestLicense</Data>
<Data Name="Source">onecoreuap\enduser\winstore\licensemanager\lib\proxy.cpp</Data>
<Data Name="Line Number">1974</Data>
</EventData>
</Event>

<Event xmlns="http://schemas.microsoft.com/win/2004/08/events/event"><System><Provider Name="Microsoft-Windows-Store" Guid="{9c2a37f3-e5fd-5cae-bcd1-43dafeee1ff0}"></Provider>
<EventID Qualifiers="">8001</EventID>
<Version>0</Version>
<Level>4</Level>
<Task>8001</Task>
<Opcode>14</Opcode>
<Keywords>0x8000100000000000</Keywords>
<TimeCreated SystemTime="2020-10-22 23:27:48.815577"></TimeCreated>
<EventRecordID>398</EventRecordID>
<Correlation ActivityID="" RelatedActivityID=""></Correlation>
<Execution ProcessID="1236" ThreadID="1220"></Execution>
<Channel>Microsoft-Windows-Store/Operational</Channel>
<Computer>WIN-PTFPHFCRDJ0</Computer>
<Security UserID="S-1-5-19"></Security>
</System>
<EventData><Data Name="Message">onecoreuap\enduser\winstore\licensemanager\lib\proxy.cpp(1974)\LicenseManager.dll!00007FFE8B26B908: Exception(57) tid(4c4) 87E10BC6     [LicenseProxyService::DoRequestLicense]
</Data>
<Data Name="Function">LicenseProxyService::RequestLicenseForContentWithId</Data>
<Data Name="Source">onecoreuap\enduser\winstore\licensemanager\lib\proxy.cpp</Data>
<Data Name="Line Number">343</Data>
</EventData>
</Event>

<Event xmlns="http://schemas.microsoft.com/win/2004/08/events/event"><System><Provider Name="Microsoft-Windows-Store" Guid="{9c2a37f3-e5fd-5cae-bcd1-43dafeee1ff0}"></Provider>
<EventID Qualifiers="">8002</EventID>
<Version>0</Version>
<Level>3</Level>
<Task>8001</Task>
<Opcode>13</Opcode>
<Keywords>0x8000100000000000</Keywords>
<TimeCreated SystemTime="2020-10-22 23:27:48.815584"></TimeCreated>
<EventRecordID>399</EventRecordID>
<Correlation ActivityID="" RelatedActivityID=""></Correlation>
<Execution ProcessID="1236" ThreadID="1220"></Execution>
<Channel>Microsoft-Windows-Store/Operational</Channel>
<Computer>WIN-PTFPHFCRDJ0</Computer>
<Security UserID="S-1-5-19"></Security>
</System>
<EventData><Data Name="Message">hr: 0x87e10bc6</Data>
<Data Name="Function">LicenseManagerCore::RequestLicenseForContentWithId</Data>
<Data Name="Source">onecoreuap\enduser\winstore\licensemanager\lib\managercore.cpp</Data>
<Data Name="Line Number">1863</Data>
</EventData>
</Event>

<Event xmlns="http://schemas.microsoft.com/win/2004/08/events/event"><System><Provider Name="Microsoft-Windows-Store" Guid="{9c2a37f3-e5fd-5cae-bcd1-43dafeee1ff0}"></Provider>
<EventID Qualifiers="">8001</EventID>
<Version>0</Version>
<Level>4</Level>
<Task>8001</Task>
<Opcode>14</Opcode>
<Keywords>0x8000100000000000</Keywords>
<TimeCreated SystemTime="2020-10-22 23:27:48.815617"></TimeCreated>
<EventRecordID>400</EventRecordID>
<Correlation ActivityID="" RelatedActivityID=""></Correlation>
<Execution ProcessID="1236" ThreadID="1220"></Execution>
<Channel>Microsoft-Windows-Store/Operational</Channel>
<Computer>WIN-PTFPHFCRDJ0</Computer>
<Security UserID="S-1-5-19"></Security>
</System>
<EventData><Data Name="Message">onecoreuap\enduser\winstore\licensemanager\lib\managercore.cpp(1863)\LicenseManager.dll!00007FFE8B26D6D3: Exception(58) tid(4c4) 87E10BC6     [LicenseManagerCore::RequestLicenseForContentWithId]
</Data>
<Data Name="Function">KeyMachine::DoLicenseThreadProc</Data>
<Data Name="Source">onecoreuap\enduser\winstore\licensemanager\lib\keymachine.cpp</Data>
<Data Name="Line Number">967</Data>
</EventData>
</Event>

<Event xmlns="http://schemas.microsoft.com/win/2004/08/events/event"><System><Provider Name="Microsoft-Windows-Store" Guid="{9c2a37f3-e5fd-5cae-bcd1-43dafeee1ff0}"></Provider>
<EventID Qualifiers="">8011</EventID>
<Version>0</Version>
<Level>5</Level>
<Task>8002</Task>
<Opcode>16</Opcode>
<Keywords>0x8000200000000000</Keywords>
<TimeCreated SystemTime="2020-10-22 23:27:48.816059"></TimeCreated>
<EventRecordID>401</EventRecordID>
<Correlation ActivityID="" RelatedActivityID=""></Correlation>
<Execution ProcessID="1236" ThreadID="3212"></Execution>
<Channel>Microsoft-Windows-Store/Operational</Channel>
<Computer>WIN-PTFPHFCRDJ0</Computer>
<Security UserID="S-1-5-19"></Security>
</System>
<EventData><Data Name="State Machine">0x0000019e8e272170</Data>
<Data Name="Thread ID">3212</Data>
<Data Name="State Machine Name">ddc422e2-1615-e74d-228f-268b3376a5b5</Data>
<Data Name="Event Name">Key:@LicenseDone</Data>
<Data Name="Current State">Key:NegotiatingUnleased</Data>
</EventData>
</Event>

<Event xmlns="http://schemas.microsoft.com/win/2004/08/events/event"><System><Provider Name="Microsoft-Windows-Store" Guid="{9c2a37f3-e5fd-5cae-bcd1-43dafeee1ff0}"></Provider>
<EventID Qualifiers="">8002</EventID>
<Version>0</Version>
<Level>3</Level>
<Task>8001</Task>
<Opcode>13</Opcode>
<Keywords>0x8000100000000000</Keywords>
<TimeCreated SystemTime="2020-10-22 23:27:48.816078"></TimeCreated>
<EventRecordID>402</EventRecordID>
<Correlation ActivityID="" RelatedActivityID=""></Correlation>
<Execution ProcessID="1236" ThreadID="1340"></Execution>
<Channel>Microsoft-Windows-Store/Operational</Channel>
<Computer>WIN-PTFPHFCRDJ0</Computer>
<Security UserID="S-1-5-18"></Security>
</System>
<EventData><Data Name="Message">hr: 0x87e10bc6</Data>
<Data Name="Function">LicenseCallback::WaitForComplete</Data>
<Data Name="Source">onecoreuap\enduser\winstore\licensemanager\lib\managercore.cpp</Data>
<Data Name="Line Number">171</Data>
</EventData>
</Event>

<Event xmlns="http://schemas.microsoft.com/win/2004/08/events/event"><System><Provider Name="Microsoft-Windows-Store" Guid="{9c2a37f3-e5fd-5cae-bcd1-43dafeee1ff0}"></Provider>
<EventID Qualifiers="">8002</EventID>
<Version>0</Version>
<Level>3</Level>
<Task>8001</Task>
<Opcode>13</Opcode>
<Keywords>0x8000100000000000</Keywords>
<TimeCreated SystemTime="2020-10-22 23:27:48.816105"></TimeCreated>
<EventRecordID>403</EventRecordID>
<Correlation ActivityID="" RelatedActivityID=""></Correlation>
<Execution ProcessID="1236" ThreadID="1340"></Execution>
<Channel>Microsoft-Windows-Store/Operational</Channel>
<Computer>WIN-PTFPHFCRDJ0</Computer>
<Security UserID="S-1-5-18"></Security>
</System>
<EventData><Data Name="Message">hr: 0x87e10bc6</Data>
<Data Name="Function">ApplicationLicenseManager::ActivateLicenseForContent</Data>
<Data Name="Source">onecoreuap\enduser\winstore\licensemanager\lib\applicensemanager.cpp</Data>
<Data Name="Line Number">373</Data>
</EventData>
</Event>

<Event xmlns="http://schemas.microsoft.com/win/2004/08/events/event"><System><Provider Name="Microsoft-Windows-Store" Guid="{9c2a37f3-e5fd-5cae-bcd1-43dafeee1ff0}"></Provider>
<EventID Qualifiers="">8001</EventID>
<Version>0</Version>
<Level>4</Level>
<Task>8001</Task>
<Opcode>14</Opcode>
<Keywords>0x8000100000000000</Keywords>
<TimeCreated SystemTime="2020-10-22 23:27:48.816147"></TimeCreated>
<EventRecordID>404</EventRecordID>
<Correlation ActivityID="" RelatedActivityID=""></Correlation>
<Execution ProcessID="1236" ThreadID="1340"></Execution>
<Channel>Microsoft-Windows-Store/Operational</Channel>
<Computer>WIN-PTFPHFCRDJ0</Computer>
<Security UserID="S-1-5-19"></Security>
</System>
<EventData><Data Name="Message">onecoreuap\enduser\winstore\licensemanager\lib\applicensemanager.cpp(373)\LicenseManager.dll!00007FFE8B2AF1EF: Exception(60) tid(53c) 87E10BC6     [ApplicationLicenseManager::ActivateLicenseForContent]
</Data>
<Data Name="Function">ApplicationLicenseManager::ActivateLicenseForContent</Data>
<Data Name="Source">onecoreuap\enduser\winstore\licensemanager\lib\applicensemanager.cpp</Data>
<Data Name="Line Number">376</Data>
</EventData>
</Event>

<Event xmlns="http://schemas.microsoft.com/win/2004/08/events/event"><System><Provider Name="Microsoft-Windows-Store" Guid="{9c2a37f3-e5fd-5cae-bcd1-43dafeee1ff0}"></Provider>
<EventID Qualifiers="">8012</EventID>
<Version>0</Version>
<Level>5</Level>
<Task>8002</Task>
<Opcode>17</Opcode>
<Keywords>0x8000200000000000</Keywords>
<TimeCreated SystemTime="2020-10-22 23:27:48.835976"></TimeCreated>
<EventRecordID>405</EventRecordID>
<Correlation ActivityID="" RelatedActivityID=""></Correlation>
<Execution ProcessID="1236" ThreadID="3212"></Execution>
<Channel>Microsoft-Windows-Store/Operational</Channel>
<Computer>WIN-PTFPHFCRDJ0</Computer>
<Security UserID="S-1-5-19"></Security>
</System>
<EventData><Data Name="State Machine">0x0000019e8e272170</Data>
<Data Name="Thread ID">3212</Data>
<Data Name="State Machine Name">Key:NegotiatingUnleased</Data>
<Data Name="Current State">Key:Initial</Data>
<Data Name="New State">ddc422e2-1615-e74d-228f-268b3376a5b5</Data>
</EventData>
</Event>

<Event xmlns="http://schemas.microsoft.com/win/2004/08/events/event"><System><Provider Name="Microsoft-Windows-Store" Guid="{9c2a37f3-e5fd-5cae-bcd1-43dafeee1ff0}"></Provider>
<EventID Qualifiers="">8011</EventID>
<Version>0</Version>
<Level>5</Level>
<Task>8002</Task>
<Opcode>16</Opcode>
<Keywords>0x8000200000000000</Keywords>
<TimeCreated SystemTime="2020-10-22 23:27:48.835978"></TimeCreated>
<EventRecordID>406</EventRecordID>
<Correlation ActivityID="" RelatedActivityID=""></Correlation>
<Execution ProcessID="1236" ThreadID="3212"></Execution>
<Channel>Microsoft-Windows-Store/Operational</Channel>
<Computer>WIN-PTFPHFCRDJ0</Computer>
<Security UserID="S-1-5-19"></Security>
</System>
<EventData><Data Name="State Machine">0x0000019e8e272170</Data>
<Data Name="Thread ID">3212</Data>
<Data Name="State Machine Name">ddc422e2-1615-e74d-228f-268b3376a5b5</Data>
<Data Name="Event Name">Key:Unregistered</Data>
<Data Name="Current State">Key:Initial</Data>
</EventData>
</Event>

<Event xmlns="http://schemas.microsoft.com/win/2004/08/events/event"><System><Provider Name="Microsoft-Windows-Store" Guid="{9c2a37f3-e5fd-5cae-bcd1-43dafeee1ff0}"></Provider>
<EventID Qualifiers="">8012</EventID>
<Version>0</Version>
<Level>5</Level>
<Task>8002</Task>
<Opcode>17</Opcode>
<Keywords>0x8000200000000000</Keywords>
<TimeCreated SystemTime="2020-10-22 23:27:48.835978"></TimeCreated>
<EventRecordID>407</EventRecordID>
<Correlation ActivityID="" RelatedActivityID=""></Correlation>
<Execution ProcessID="1236" ThreadID="3212"></Execution>
<Channel>Microsoft-Windows-Store/Operational</Channel>
<Computer>WIN-PTFPHFCRDJ0</Computer>
<Security UserID="S-1-5-19"></Security>
</System>
<EventData><Data Name="State Machine">0x0000019e8e272170</Data>
<Data Name="Thread ID">3212</Data>
<Data Name="State Machine Name">Key:Initial</Data>
<Data Name="Current State">Key:Invalid</Data>
<Data Name="New State">ddc422e2-1615-e74d-228f-268b3376a5b5</Data>
</EventData>
</Event>

<Event xmlns="http://schemas.microsoft.com/win/2004/08/events/event"><System><Provider Name="Microsoft-Windows-Store" Guid="{9c2a37f3-e5fd-5cae-bcd1-43dafeee1ff0}"></Provider>
<EventID Qualifiers="">8000</EventID>
<Version>0</Version>
<Level>4</Level>
<Task>8000</Task>
<Opcode>0</Opcode>
<Keywords>0x8000100000000000</Keywords>
<TimeCreated SystemTime="2020-10-23 13:54:36.150301"></TimeCreated>
<EventRecordID>408</EventRecordID>
<Correlation ActivityID="" RelatedActivityID=""></Correlation>
<Execution ProcessID="1332" ThreadID="3416"></Execution>
<Channel>Microsoft-Windows-Store/Operational</Channel>
<Computer>WIN-PTFPHFCRDJ0</Computer>
<Security UserID="S-1-5-19"></Security>
</System>
<EventData><Data Name="Process Name">C:\Windows\system32\svchost.exe</Data>
<Data Name="Module Name">c:\windows\system32\LicenseManager.dll</Data>
<Data Name="Build Name">17763.1.amd64fre.rs5_release.180914-1434</Data>
</EventData>
</Event>

<Event xmlns="http://schemas.microsoft.com/win/2004/08/events/event"><System><Provider Name="Microsoft-Windows-Store" Guid="{9c2a37f3-e5fd-5cae-bcd1-43dafeee1ff0}"></Provider>
<EventID Qualifiers="">8001</EventID>
<Version>0</Version>
<Level>4</Level>
<Task>8001</Task>
<Opcode>14</Opcode>
<Keywords>0x8000100000000000</Keywords>
<TimeCreated SystemTime="2020-10-23 13:54:36.169134"></TimeCreated>
<EventRecordID>409</EventRecordID>
<Correlation ActivityID="" RelatedActivityID=""></Correlation>
<Execution ProcessID="1332" ThreadID="3416"></Execution>
<Channel>Microsoft-Windows-Store/Operational</Channel>
<Computer>WIN-PTFPHFCRDJ0</Computer>
<Security UserID="S-1-5-19"></Security>
</System>
<EventData><Data Name="Message">License Manager starting...</Data>
<Data Name="Function">ServiceInitializeImpl</Data>
<Data Name="Source">onecoreuap\enduser\winstore\licensemanager\lib\service.cpp</Data>
<Data Name="Line Number">1891</Data>
</EventData>
</Event>

<Event xmlns="http://schemas.microsoft.com/win/2004/08/events/event"><System><Provider Name="Microsoft-Windows-Store" Guid="{9c2a37f3-e5fd-5cae-bcd1-43dafeee1ff0}"></Provider>
<EventID Qualifiers="">8001</EventID>
<Version>0</Version>
<Level>4</Level>
<Task>8001</Task>
<Opcode>14</Opcode>
<Keywords>0x8000100000000000</Keywords>
<TimeCreated SystemTime="2020-10-23 13:54:36.217100"></TimeCreated>
<EventRecordID>410</EventRecordID>
<Correlation ActivityID="" RelatedActivityID=""></Correlation>
<Execution ProcessID="1332" ThreadID="3416"></Execution>
<Channel>Microsoft-Windows-Store/Operational</Channel>
<Computer>WIN-PTFPHFCRDJ0</Computer>
<Security UserID="S-1-5-19"></Security>
</System>
<EventData><Data Name="Message">Creating LM</Data>
<Data Name="Function">CreateLicenseManager</Data>
<Data Name="Source">onecoreuap\enduser\winstore\licensemanager\lib\manager.cpp</Data>
<Data Name="Line Number">572</Data>
</EventData>
</Event>

<Event xmlns="http://schemas.microsoft.com/win/2004/08/events/event"><System><Provider Name="Microsoft-Windows-Store" Guid="{9c2a37f3-e5fd-5cae-bcd1-43dafeee1ff0}"></Provider>
<EventID Qualifiers="">8001</EventID>
<Version>0</Version>
<Level>4</Level>
<Task>8001</Task>
<Opcode>14</Opcode>
<Keywords>0x8000100000000000</Keywords>
<TimeCreated SystemTime="2020-10-23 13:54:36.402514"></TimeCreated>
<EventRecordID>411</EventRecordID>
<Correlation ActivityID="" RelatedActivityID=""></Correlation>
<Execution ProcessID="1332" ThreadID="3416"></Execution>
<Channel>Microsoft-Windows-Store/Operational</Channel>
<Computer>WIN-PTFPHFCRDJ0</Computer>
<Security UserID="S-1-5-19"></Security>
</System>
<EventData><Data Name="Message">000001A3E84DD850: Root Machine</Data>
<Data Name="Function">RootMachine::RootMachine</Data>
<Data Name="Source">onecoreuap\enduser\winstore\licensemanager\lib\rootmachine.cpp</Data>
<Data Name="Line Number">63</Data>
</EventData>
</Event>

<Event xmlns="http://schemas.microsoft.com/win/2004/08/events/event"><System><Provider Name="Microsoft-Windows-Store" Guid="{9c2a37f3-e5fd-5cae-bcd1-43dafeee1ff0}"></Provider>
<EventID Qualifiers="">8001</EventID>
<Version>0</Version>
<Level>4</Level>
<Task>8001</Task>
<Opcode>14</Opcode>
<Keywords>0x8000100000000000</Keywords>
<TimeCreated SystemTime="2020-10-23 13:54:36.421917"></TimeCreated>
<EventRecordID>412</EventRecordID>
<Correlation ActivityID="" RelatedActivityID=""></Correlation>
<Execution ProcessID="1332" ThreadID="3416"></Execution>
<Channel>Microsoft-Windows-Store/Operational</Channel>
<Computer>WIN-PTFPHFCRDJ0</Computer>
<Security UserID="S-1-5-19"></Security>
</System>
<EventData><Data Name="Message">License Manager started</Data>
<Data Name="Function">ServiceInitializeImpl</Data>
<Data Name="Source">onecoreuap\enduser\winstore\licensemanager\lib\service.cpp</Data>
<Data Name="Line Number">1912</Data>
</EventData>
</Event>

<Event xmlns="http://schemas.microsoft.com/win/2004/08/events/event"><System><Provider Name="Microsoft-Windows-Store" Guid="{9c2a37f3-e5fd-5cae-bcd1-43dafeee1ff0}"></Provider>
<EventID Qualifiers="">8001</EventID>
<Version>0</Version>
<Level>4</Level>
<Task>8001</Task>
<Opcode>14</Opcode>
<Keywords>0x8000100000000000</Keywords>
<TimeCreated SystemTime="2020-10-23 13:54:36.510324"></TimeCreated>
<EventRecordID>413</EventRecordID>
<Correlation ActivityID="" RelatedActivityID=""></Correlation>
<Execution ProcessID="1332" ThreadID="1412"></Execution>
<Channel>Microsoft-Windows-Store/Operational</Channel>
<Computer>WIN-PTFPHFCRDJ0</Computer>
<Security UserID="S-1-5-20"></Security>
</System>
<EventData><Data Name="Message">Licensing content ddc422e2-1615-e74d-228f-268b3376a5b5</Data>
<Data Name="Function">OneStoreApplicationLicenseManager::ActivateLicenseForContent</Data>
<Data Name="Source">onecoreuap\enduser\winstore\licensemanager\lib\onestoreapplicensemanager.cpp</Data>
<Data Name="Line Number">402</Data>
</EventData>
</Event>

<Event xmlns="http://schemas.microsoft.com/win/2004/08/events/event"><System><Provider Name="Microsoft-Windows-Store" Guid="{9c2a37f3-e5fd-5cae-bcd1-43dafeee1ff0}"></Provider>
<EventID Qualifiers="">8001</EventID>
<Version>0</Version>
<Level>4</Level>
<Task>8001</Task>
<Opcode>14</Opcode>
<Keywords>0x8000100000000000</Keywords>
<TimeCreated SystemTime="2020-10-23 13:54:36.510330"></TimeCreated>
<EventRecordID>414</EventRecordID>
<Correlation ActivityID="" RelatedActivityID=""></Correlation>
<Execution ProcessID="1332" ThreadID="1412"></Execution>
<Channel>Microsoft-Windows-Store/Operational</Channel>
<Computer>WIN-PTFPHFCRDJ0</Computer>
<Security UserID="S-1-5-20"></Security>
</System>
<EventData><Data Name="Message">Licensing ddc422e2-1615-e74d-228f-268b3376a5b5 (Active)</Data>
<Data Name="Function">LicenseManager::LicenseContentWithId</Data>
<Data Name="Source">onecoreuap\enduser\winstore\licensemanager\lib\manager.cpp</Data>
<Data Name="Line Number">81</Data>
</EventData>
</Event>

<Event xmlns="http://schemas.microsoft.com/win/2004/08/events/event"><System><Provider Name="Microsoft-Windows-Store" Guid="{9c2a37f3-e5fd-5cae-bcd1-43dafeee1ff0}"></Provider>
<EventID Qualifiers="">8001</EventID>
<Version>0</Version>
<Level>4</Level>
<Task>8001</Task>
<Opcode>14</Opcode>
<Keywords>0x8000100000000000</Keywords>
<TimeCreated SystemTime="2020-10-23 13:54:37.191988"></TimeCreated>
<EventRecordID>415</EventRecordID>
<Correlation ActivityID="" RelatedActivityID=""></Correlation>
<Execution ProcessID="1332" ThreadID="1412"></Execution>
<Channel>Microsoft-Windows-Store/Operational</Channel>
<Computer>WIN-PTFPHFCRDJ0</Computer>
<Security UserID="S-1-5-20"></Security>
</System>
<EventData><Data Name="Message">Network connectivity level initialized to 0x3</Data>
<Data Name="Function">NetworkStatusMonitor::Initialize</Data>
<Data Name="Source">onecoreuap\enduser\winstore\licensemanager\lib\networkstatusmonitor.cpp</Data>
<Data Name="Line Number">56</Data>
</EventData>
</Event>

<Event xmlns="http://schemas.microsoft.com/win/2004/08/events/event"><System><Provider Name="Microsoft-Windows-Store" Guid="{9c2a37f3-e5fd-5cae-bcd1-43dafeee1ff0}"></Provider>
<EventID Qualifiers="">8001</EventID>
<Version>0</Version>
<Level>4</Level>
<Task>8001</Task>
<Opcode>14</Opcode>
<Keywords>0x8000100000000000</Keywords>
<TimeCreated SystemTime="2020-10-23 13:54:37.192150"></TimeCreated>
<EventRecordID>416</EventRecordID>
<Correlation ActivityID="" RelatedActivityID=""></Correlation>
<Execution ProcessID="1332" ThreadID="1412"></Execution>
<Channel>Microsoft-Windows-Store/Operational</Channel>
<Computer>WIN-PTFPHFCRDJ0</Computer>
<Security UserID="S-1-5-20"></Security>
</System>
<EventData><Data Name="Message">000001A3E850D9A0: Key Machine for content: ddc422e2-1615-e74d-228f-268b3376a5b5</Data>
<Data Name="Function">KeyMachine::KeyMachine</Data>
<Data Name="Source">onecoreuap\enduser\winstore\licensemanager\lib\keymachine.cpp</Data>
<Data Name="Line Number">95</Data>
</EventData>
</Event>

<Event xmlns="http://schemas.microsoft.com/win/2004/08/events/event"><System><Provider Name="Microsoft-Windows-Store" Guid="{9c2a37f3-e5fd-5cae-bcd1-43dafeee1ff0}"></Provider>
<EventID Qualifiers="">8011</EventID>
<Version>0</Version>
<Level>5</Level>
<Task>8002</Task>
<Opcode>16</Opcode>
<Keywords>0x8000200000000000</Keywords>
<TimeCreated SystemTime="2020-10-23 13:54:37.192202"></TimeCreated>
<EventRecordID>417</EventRecordID>
<Correlation ActivityID="" RelatedActivityID=""></Correlation>
<Execution ProcessID="1332" ThreadID="1732"></Execution>
<Channel>Microsoft-Windows-Store/Operational</Channel>
<Computer>WIN-PTFPHFCRDJ0</Computer>
<Security UserID="S-1-5-19"></Security>
</System>
<EventData><Data Name="State Machine">0x000001a3e84dd868</Data>
<Data Name="Thread ID">1732</Data>
<Data Name="State Machine Name">RootMachine</Data>
<Data Name="Event Name">Root:Connect</Data>
<Data Name="Current State">Root:Initial</Data>
</EventData>
</Event>

<Event xmlns="http://schemas.microsoft.com/win/2004/08/events/event"><System><Provider Name="Microsoft-Windows-Store" Guid="{9c2a37f3-e5fd-5cae-bcd1-43dafeee1ff0}"></Provider>
<EventID Qualifiers="">8001</EventID>
<Version>0</Version>
<Level>4</Level>
<Task>8001</Task>
<Opcode>14</Opcode>
<Keywords>0x8000100000000000</Keywords>
<TimeCreated SystemTime="2020-10-23 13:54:37.192221"></TimeCreated>
<EventRecordID>418</EventRecordID>
<Correlation ActivityID="" RelatedActivityID=""></Correlation>
<Execution ProcessID="1332" ThreadID="1732"></Execution>
<Channel>Microsoft-Windows-Store/Operational</Channel>
<Computer>WIN-PTFPHFCRDJ0</Computer>
<Security UserID="S-1-5-19"></Security>
</System>
<EventData><Data Name="Message">000001A3E84DD850: BeginRootLicense</Data>
<Data Name="Function">RootMachine::DoBeginRootLicense</Data>
<Data Name="Source">onecoreuap\enduser\winstore\licensemanager\lib\rootmachine.cpp</Data>
<Data Name="Line Number">201</Data>
</EventData>
</Event>

<Event xmlns="http://schemas.microsoft.com/win/2004/08/events/event"><System><Provider Name="Microsoft-Windows-Store" Guid="{9c2a37f3-e5fd-5cae-bcd1-43dafeee1ff0}"></Provider>
<EventID Qualifiers="">8012</EventID>
<Version>0</Version>
<Level>5</Level>
<Task>8002</Task>
<Opcode>17</Opcode>
<Keywords>0x8000200000000000</Keywords>
<TimeCreated SystemTime="2020-10-23 13:54:37.192226"></TimeCreated>
<EventRecordID>419</EventRecordID>
<Correlation ActivityID="" RelatedActivityID=""></Correlation>
<Execution ProcessID="1332" ThreadID="1732"></Execution>
<Channel>Microsoft-Windows-Store/Operational</Channel>
<Computer>WIN-PTFPHFCRDJ0</Computer>
<Security UserID="S-1-5-19"></Security>
</System>
<EventData><Data Name="State Machine">0x000001a3e84dd868</Data>
<Data Name="Thread ID">1732</Data>
<Data Name="State Machine Name">Root:Initial</Data>
<Data Name="Current State">Root:Negotiating</Data>
<Data Name="New State">RootMachine</Data>
</EventData>
</Event>

<Event xmlns="http://schemas.microsoft.com/win/2004/08/events/event"><System><Provider Name="Microsoft-Windows-Store" Guid="{9c2a37f3-e5fd-5cae-bcd1-43dafeee1ff0}"></Provider>
<EventID Qualifiers="">8011</EventID>
<Version>0</Version>
<Level>5</Level>
<Task>8002</Task>
<Opcode>16</Opcode>
<Keywords>0x8000200000000000</Keywords>
<TimeCreated SystemTime="2020-10-23 13:54:37.192232"></TimeCreated>
<EventRecordID>420</EventRecordID>
<Correlation ActivityID="" RelatedActivityID=""></Correlation>
<Execution ProcessID="1332" ThreadID="1732"></Execution>
<Channel>Microsoft-Windows-Store/Operational</Channel>
<Computer>WIN-PTFPHFCRDJ0</Computer>
<Security UserID="S-1-5-19"></Security>
</System>
<EventData><Data Name="State Machine">0x000001a3e850d9c0</Data>
<Data Name="Thread ID">1732</Data>
<Data Name="State Machine Name">ddc422e2-1615-e74d-228f-268b3376a5b5</Data>
<Data Name="Event Name">Key:Activate</Data>
<Data Name="Current State">Key:Initial</Data>
</EventData>
</Event>

<Event xmlns="http://schemas.microsoft.com/win/2004/08/events/event"><System><Provider Name="Microsoft-Windows-Store" Guid="{9c2a37f3-e5fd-5cae-bcd1-43dafeee1ff0}"></Provider>
<EventID Qualifiers="">8001</EventID>
<Version>0</Version>
<Level>4</Level>
<Task>8001</Task>
<Opcode>14</Opcode>
<Keywords>0x8000100000000000</Keywords>
<TimeCreated SystemTime="2020-10-23 13:54:37.192242"></TimeCreated>
<EventRecordID>421</EventRecordID>
<Correlation ActivityID="" RelatedActivityID=""></Correlation>
<Execution ProcessID="1332" ThreadID="1732"></Execution>
<Channel>Microsoft-Windows-Store/Operational</Channel>
<Computer>WIN-PTFPHFCRDJ0</Computer>
<Security UserID="S-1-5-19"></Security>
</System>
<EventData><Data Name="Message">000001A3E850D9A0: BeginLicense: Operation 3, CachedLeaseOK true, RequireServiceValidation false</Data>
<Data Name="Function">KeyMachine::DoBeginLicense</Data>
<Data Name="Source">onecoreuap\enduser\winstore\licensemanager\lib\keymachine.cpp</Data>
<Data Name="Line Number">806</Data>
</EventData>
</Event>

<Event xmlns="http://schemas.microsoft.com/win/2004/08/events/event"><System><Provider Name="Microsoft-Windows-Store" Guid="{9c2a37f3-e5fd-5cae-bcd1-43dafeee1ff0}"></Provider>
<EventID Qualifiers="">8012</EventID>
<Version>0</Version>
<Level>5</Level>
<Task>8002</Task>
<Opcode>17</Opcode>
<Keywords>0x8000200000000000</Keywords>
<TimeCreated SystemTime="2020-10-23 13:54:37.192245"></TimeCreated>
<EventRecordID>422</EventRecordID>
<Correlation ActivityID="" RelatedActivityID=""></Correlation>
<Execution ProcessID="1332" ThreadID="1732"></Execution>
<Channel>Microsoft-Windows-Store/Operational</Channel>
<Computer>WIN-PTFPHFCRDJ0</Computer>
<Security UserID="S-1-5-19"></Security>
</System>
<EventData><Data Name="State Machine">0x000001a3e850d9c0</Data>
<Data Name="Thread ID">1732</Data>
<Data Name="State Machine Name">Key:Initial</Data>
<Data Name="Current State">Key:NegotiatingUnleased</Data>
<Data Name="New State">ddc422e2-1615-e74d-228f-268b3376a5b5</Data>
</EventData>
</Event>

<Event xmlns="http://schemas.microsoft.com/win/2004/08/events/event"><System><Provider Name="Microsoft-Windows-Store" Guid="{9c2a37f3-e5fd-5cae-bcd1-43dafeee1ff0}"></Provider>
<EventID Qualifiers="">8011</EventID>
<Version>0</Version>
<Level>5</Level>
<Task>8002</Task>
<Opcode>16</Opcode>
<Keywords>0x8000200000000000</Keywords>
<TimeCreated SystemTime="2020-10-23 13:54:37.192249"></TimeCreated>
<EventRecordID>423</EventRecordID>
<Correlation ActivityID="" RelatedActivityID=""></Correlation>
<Execution ProcessID="1332" ThreadID="1732"></Execution>
<Channel>Microsoft-Windows-Store/Operational</Channel>
<Computer>WIN-PTFPHFCRDJ0</Computer>
<Security UserID="S-1-5-19"></Security>
</System>
<EventData><Data Name="State Machine">0x000001a3e850d9c0</Data>
<Data Name="Thread ID">1732</Data>
<Data Name="State Machine Name">ddc422e2-1615-e74d-228f-268b3376a5b5</Data>
<Data Name="Event Name">Key:Activate</Data>
<Data Name="Current State">Key:NegotiatingUnleased</Data>
</EventData>
</Event>

<Event xmlns="http://schemas.microsoft.com/win/2004/08/events/event"><System><Provider Name="Microsoft-Windows-Store" Guid="{9c2a37f3-e5fd-5cae-bcd1-43dafeee1ff0}"></Provider>
<EventID Qualifiers="">8011</EventID>
<Version>0</Version>
<Level>5</Level>
<Task>8002</Task>
<Opcode>16</Opcode>
<Keywords>0x8000200000000000</Keywords>
<TimeCreated SystemTime="2020-10-23 13:54:37.192766"></TimeCreated>
<EventRecordID>424</EventRecordID>
<Correlation ActivityID="" RelatedActivityID=""></Correlation>
<Execution ProcessID="1332" ThreadID="2692"></Execution>
<Channel>Microsoft-Windows-Store/Operational</Channel>
<Computer>WIN-PTFPHFCRDJ0</Computer>
<Security UserID="S-1-5-19"></Security>
</System>
<EventData><Data Name="State Machine">0x000001a3e84dd868</Data>
<Data Name="Thread ID">2692</Data>
<Data Name="State Machine Name">RootMachine</Data>
<Data Name="Event Name">Root:@LicenseDone</Data>
<Data Name="Current State">Root:Negotiating</Data>
</EventData>
</Event>

<Event xmlns="http://schemas.microsoft.com/win/2004/08/events/event"><System><Provider Name="Microsoft-Windows-Store" Guid="{9c2a37f3-e5fd-5cae-bcd1-43dafeee1ff0}"></Provider>
<EventID Qualifiers="">8012</EventID>
<Version>0</Version>
<Level>5</Level>
<Task>8002</Task>
<Opcode>17</Opcode>
<Keywords>0x8000200000000000</Keywords>
<TimeCreated SystemTime="2020-10-23 13:54:37.192768"></TimeCreated>
<EventRecordID>425</EventRecordID>
<Correlation ActivityID="" RelatedActivityID=""></Correlation>
<Execution ProcessID="1332" ThreadID="2692"></Execution>
<Channel>Microsoft-Windows-Store/Operational</Channel>
<Computer>WIN-PTFPHFCRDJ0</Computer>
<Security UserID="S-1-5-19"></Security>
</System>
<EventData><Data Name="State Machine">0x000001a3e84dd868</Data>
<Data Name="Thread ID">2692</Data>
<Data Name="State Machine Name">Root:Negotiating</Data>
<Data Name="Current State">Root:Valid</Data>
<Data Name="New State">RootMachine</Data>
</EventData>
</Event>

<Event xmlns="http://schemas.microsoft.com/win/2004/08/events/event"><System><Provider Name="Microsoft-Windows-Store" Guid="{9c2a37f3-e5fd-5cae-bcd1-43dafeee1ff0}"></Provider>
<EventID Qualifiers="">8001</EventID>
<Version>0</Version>
<Level>4</Level>
<Task>8001</Task>
<Opcode>14</Opcode>
<Keywords>0x8000100000000000</Keywords>
<TimeCreated SystemTime="2020-10-23 13:54:38.169127"></TimeCreated>
<EventRecordID>426</EventRecordID>
<Correlation ActivityID="" RelatedActivityID=""></Correlation>
<Execution ProcessID="1332" ThreadID="1732"></Execution>
<Channel>Microsoft-Windows-Store/Operational</Channel>
<Computer>WIN-PTFPHFCRDJ0</Computer>
<Security UserID="S-1-5-20"></Security>
</System>
<EventData><Data Name="Message">No key document found for contentid ddc422e2-1615-e74d-228f-268b3376a5b5</Data>
<Data Name="Function">ClipStorage::GetKeyDocumentForContentWithIdAndMinQuality</Data>
<Data Name="Source">onecoreuap\enduser\winstore\licensemanager\lib\clipstorage.cpp</Data>
<Data Name="Line Number">269</Data>
</EventData>
</Event>

<Event xmlns="http://schemas.microsoft.com/win/2004/08/events/event"><System><Provider Name="Microsoft-Windows-Store" Guid="{9c2a37f3-e5fd-5cae-bcd1-43dafeee1ff0}"></Provider>
<EventID Qualifiers="">8001</EventID>
<Version>0</Version>
<Level>4</Level>
<Task>8001</Task>
<Opcode>14</Opcode>
<Keywords>0x8000100000000000</Keywords>
<TimeCreated SystemTime="2020-10-23 13:54:50.587961"></TimeCreated>
<EventRecordID>427</EventRecordID>
<Correlation ActivityID="" RelatedActivityID=""></Correlation>
<Execution ProcessID="1332" ThreadID="1376"></Execution>
<Channel>Microsoft-Windows-Store/Operational</Channel>
<Computer>WIN-PTFPHFCRDJ0</Computer>
<Security UserID="S-1-5-19"></Security>
</System>
<EventData><Data Name="Message">Getting user tickets for S-1-5-20</Data>
<Data Name="Function">SingleUserStoredIdentitySnapshot::CaptureIdentity</Data>
<Data Name="Source">onecoreuap\enduser\winstore\licensemanager\lib\identity.cpp</Data>
<Data Name="Line Number">350</Data>
</EventData>
</Event>

<Event xmlns="http://schemas.microsoft.com/win/2004/08/events/event"><System><Provider Name="Microsoft-Windows-Store" Guid="{9c2a37f3-e5fd-5cae-bcd1-43dafeee1ff0}"></Provider>
<EventID Qualifiers="">8001</EventID>
<Version>0</Version>
<Level>4</Level>
<Task>8001</Task>
<Opcode>14</Opcode>
<Keywords>0x8000100000000000</Keywords>
<TimeCreated SystemTime="2020-10-23 13:54:51.466812"></TimeCreated>
<EventRecordID>428</EventRecordID>
<Correlation ActivityID="" RelatedActivityID=""></Correlation>
<Execution ProcessID="1332" ThreadID="1376"></Execution>
<Channel>Microsoft-Windows-Store/Operational</Channel>
<Computer>WIN-PTFPHFCRDJ0</Computer>
<Security UserID="S-1-5-20"></Security>
</System>
<EventData><Data Name="Message">hr: 0x80070520</Data>
<Data Name="Function">WinStoreAuth::AuthenticationInternal::GetAllTokenBrokerAccounts</Data>
<Data Name="Source">\winstoreauth.cpp</Data>
<Data Name="Line Number">1599</Data>
</EventData>
</Event>

<Event xmlns="http://schemas.microsoft.com/win/2004/08/events/event"><System><Provider Name="Microsoft-Windows-Store" Guid="{9c2a37f3-e5fd-5cae-bcd1-43dafeee1ff0}"></Provider>
<EventID Qualifiers="">8001</EventID>
<Version>0</Version>
<Level>4</Level>
<Task>8001</Task>
<Opcode>14</Opcode>
<Keywords>0x8000100000000000</Keywords>
<TimeCreated SystemTime="2020-10-23 13:54:51.466867"></TimeCreated>
<EventRecordID>429</EventRecordID>
<Correlation ActivityID="" RelatedActivityID=""></Correlation>
<Execution ProcessID="1332" ThreadID="1376"></Execution>
<Channel>Microsoft-Windows-Store/Operational</Channel>
<Computer>WIN-PTFPHFCRDJ0</Computer>
<Security UserID="S-1-5-20"></Security>
</System>
<EventData><Data Name="Message">hr: 0x80070520</Data>
<Data Name="Function">WinStoreAuth::AuthenticationInternal::GetAllAccountTickets</Data>
<Data Name="Source">\winstoreauth.cpp</Data>
<Data Name="Line Number">561</Data>
</EventData>
</Event>

<Event xmlns="http://schemas.microsoft.com/win/2004/08/events/event"><System><Provider Name="Microsoft-Windows-Store" Guid="{9c2a37f3-e5fd-5cae-bcd1-43dafeee1ff0}"></Provider>
<EventID Qualifiers="">8002</EventID>
<Version>0</Version>
<Level>3</Level>
<Task>8001</Task>
<Opcode>13</Opcode>
<Keywords>0x8000100000000000</Keywords>
<TimeCreated SystemTime="2020-10-23 13:54:52.223148"></TimeCreated>
<EventRecordID>430</EventRecordID>
<Correlation ActivityID="" RelatedActivityID=""></Correlation>
<Execution ProcessID="1332" ThreadID="1376"></Execution>
<Channel>Microsoft-Windows-Store/Operational</Channel>
<Computer>WIN-PTFPHFCRDJ0</Computer>
<Security UserID="S-1-5-20"></Security>
</System>
<EventData><Data Name="Message">hr: 0x80070525</Data>
<Data Name="Function">WaitForOperation</Data>
<Data Name="Source">onecoreuap\enduser\winstore\licensemanager\inc\util.h</Data>
<Data Name="Line Number">294</Data>
</EventData>
</Event>

<Event xmlns="http://schemas.microsoft.com/win/2004/08/events/event"><System><Provider Name="Microsoft-Windows-Store" Guid="{9c2a37f3-e5fd-5cae-bcd1-43dafeee1ff0}"></Provider>
<EventID Qualifiers="">8002</EventID>
<Version>0</Version>
<Level>3</Level>
<Task>8001</Task>
<Opcode>13</Opcode>
<Keywords>0x8000100000000000</Keywords>
<TimeCreated SystemTime="2020-10-23 13:54:52.414520"></TimeCreated>
<EventRecordID>431</EventRecordID>
<Correlation ActivityID="" RelatedActivityID=""></Correlation>
<Execution ProcessID="1332" ThreadID="1376"></Execution>
<Channel>Microsoft-Windows-Store/Operational</Channel>
<Computer>WIN-PTFPHFCRDJ0</Computer>
<Security UserID="S-1-5-20"></Security>
</System>
<EventData><Data Name="Message">No authenticated user, no ticket. (0x80070525)</Data>
<Data Name="Function">CaptureLegacyMSATicket</Data>
<Data Name="Source">onecoreuap\enduser\winstore\licensemanager\lib\identity.cpp</Data>
<Data Name="Line Number">125</Data>
</EventData>
</Event>

<Event xmlns="http://schemas.microsoft.com/win/2004/08/events/event"><System><Provider Name="Microsoft-Windows-Store" Guid="{9c2a37f3-e5fd-5cae-bcd1-43dafeee1ff0}"></Provider>
<EventID Qualifiers="">8002</EventID>
<Version>0</Version>
<Level>3</Level>
<Task>8001</Task>
<Opcode>13</Opcode>
<Keywords>0x8000100000000000</Keywords>
<TimeCreated SystemTime="2020-10-23 13:54:52.414553"></TimeCreated>
<EventRecordID>432</EventRecordID>
<Correlation ActivityID="" RelatedActivityID=""></Correlation>
<Execution ProcessID="1332" ThreadID="1376"></Execution>
<Channel>Microsoft-Windows-Store/Operational</Channel>
<Computer>WIN-PTFPHFCRDJ0</Computer>
<Security UserID="S-1-5-19"></Security>
</System>
<EventData><Data Name="Message">No user tickets captured for S-1-5-20, so this might not end well.</Data>
<Data Name="Function">SingleUserStoredIdentitySnapshot::CaptureIdentity</Data>
<Data Name="Source">onecoreuap\enduser\winstore\licensemanager\lib\identity.cpp</Data>
<Data Name="Line Number">416</Data>
</EventData>
</Event>

<Event xmlns="http://schemas.microsoft.com/win/2004/08/events/event"><System><Provider Name="Microsoft-Windows-Store" Guid="{9c2a37f3-e5fd-5cae-bcd1-43dafeee1ff0}"></Provider>
<EventID Qualifiers="">8001</EventID>
<Version>0</Version>
<Level>4</Level>
<Task>8001</Task>
<Opcode>14</Opcode>
<Keywords>0x8000100000000000</Keywords>
<TimeCreated SystemTime="2020-10-23 13:54:52.519020"></TimeCreated>
<EventRecordID>433</EventRecordID>
<Correlation ActivityID="" RelatedActivityID=""></Correlation>
<Execution ProcessID="1332" ThreadID="1732"></Execution>
<Channel>Microsoft-Windows-Store/Operational</Channel>
<Computer>WIN-PTFPHFCRDJ0</Computer>
<Security UserID="S-1-5-19"></Security>
</System>
<EventData><Data Name="Message">Requesting license for ddc422e2-1615-e74d-228f-268b3376a5b5 at /v7.0/licenses/content (https://licensing.mp.microsoft.com) (Corr: dTMB5LBkd0yb/JXq.1)</Data>
<Data Name="Function">LicenseProxyService::DoRequestLicense</Data>
<Data Name="Source">onecoreuap\enduser\winstore\licensemanager\lib\proxy.cpp</Data>
<Data Name="Line Number">1960</Data>
</EventData>
</Event>

<Event xmlns="http://schemas.microsoft.com/win/2004/08/events/event"><System><Provider Name="Microsoft-Windows-Store" Guid="{9c2a37f3-e5fd-5cae-bcd1-43dafeee1ff0}"></Provider>
<EventID Qualifiers="">8003</EventID>
<Version>0</Version>
<Level>2</Level>
<Task>8001</Task>
<Opcode>12</Opcode>
<Keywords>0x8000100000000000</Keywords>
<TimeCreated SystemTime="2020-10-23 13:54:54.311142"></TimeCreated>
<EventRecordID>434</EventRecordID>
<Correlation ActivityID="" RelatedActivityID=""></Correlation>
<Execution ProcessID="1332" ThreadID="1732"></Execution>
<Channel>Microsoft-Windows-Store/Operational</Channel>
<Computer>WIN-PTFPHFCRDJ0</Computer>
<Security UserID="S-1-5-19"></Security>
</System>
<EventData><Data Name="Message">Service Fault: status: 400 code: ContentIdNotInCatalog: description: The requested content id could not be found in the catalog. data: ["ddc422e2-1615-e74d-228f-268b3376a5b5"] (Corr: dTMB5LBkd0yb/JXq.1, Svr: 54)</Data>
<Data Name="Function">LogServiceFault</Data>
<Data Name="Source">onecoreuap\enduser\winstore\licensemanager\lib\telemetry.cpp</Data>
<Data Name="Line Number">100</Data>
</EventData>
</Event>

<Event xmlns="http://schemas.microsoft.com/win/2004/08/events/event"><System><Provider Name="Microsoft-Windows-Store" Guid="{9c2a37f3-e5fd-5cae-bcd1-43dafeee1ff0}"></Provider>
<EventID Qualifiers="">8002</EventID>
<Version>0</Version>
<Level>3</Level>
<Task>8001</Task>
<Opcode>13</Opcode>
<Keywords>0x8000100000000000</Keywords>
<TimeCreated SystemTime="2020-10-23 13:54:54.311161"></TimeCreated>
<EventRecordID>435</EventRecordID>
<Correlation ActivityID="" RelatedActivityID=""></Correlation>
<Execution ProcessID="1332" ThreadID="1732"></Execution>
<Channel>Microsoft-Windows-Store/Operational</Channel>
<Computer>WIN-PTFPHFCRDJ0</Computer>
<Security UserID="S-1-5-19"></Security>
</System>
<EventData><Data Name="Message">hr: 0x87e10bc6</Data>
<Data Name="Function">LicenseProxyService::DoRequestLicense</Data>
<Data Name="Source">onecoreuap\enduser\winstore\licensemanager\lib\proxy.cpp</Data>
<Data Name="Line Number">1974</Data>
</EventData>
</Event>

<Event xmlns="http://schemas.microsoft.com/win/2004/08/events/event"><System><Provider Name="Microsoft-Windows-Store" Guid="{9c2a37f3-e5fd-5cae-bcd1-43dafeee1ff0}"></Provider>
<EventID Qualifiers="">8001</EventID>
<Version>0</Version>
<Level>4</Level>
<Task>8001</Task>
<Opcode>14</Opcode>
<Keywords>0x8000100000000000</Keywords>
<TimeCreated SystemTime="2020-10-23 13:54:54.339741"></TimeCreated>
<EventRecordID>436</EventRecordID>
<Correlation ActivityID="" RelatedActivityID=""></Correlation>
<Execution ProcessID="1332" ThreadID="1732"></Execution>
<Channel>Microsoft-Windows-Store/Operational</Channel>
<Computer>WIN-PTFPHFCRDJ0</Computer>
<Security UserID="S-1-5-19"></Security>
</System>
<EventData><Data Name="Message">onecoreuap\enduser\winstore\licensemanager\lib\proxy.cpp(1974)\LicenseManager.dll!00007FFADC69B908: Exception(2) tid(6c4) 87E10BC6     [LicenseProxyService::DoRequestLicense]
</Data>
<Data Name="Function">LicenseProxyService::RequestLicenseForContentWithId</Data>
<Data Name="Source">onecoreuap\enduser\winstore\licensemanager\lib\proxy.cpp</Data>
<Data Name="Line Number">343</Data>
</EventData>
</Event>

<Event xmlns="http://schemas.microsoft.com/win/2004/08/events/event"><System><Provider Name="Microsoft-Windows-Store" Guid="{9c2a37f3-e5fd-5cae-bcd1-43dafeee1ff0}"></Provider>
<EventID Qualifiers="">8002</EventID>
<Version>0</Version>
<Level>3</Level>
<Task>8001</Task>
<Opcode>13</Opcode>
<Keywords>0x8000100000000000</Keywords>
<TimeCreated SystemTime="2020-10-23 13:54:54.339767"></TimeCreated>
<EventRecordID>437</EventRecordID>
<Correlation ActivityID="" RelatedActivityID=""></Correlation>
<Execution ProcessID="1332" ThreadID="1732"></Execution>
<Channel>Microsoft-Windows-Store/Operational</Channel>
<Computer>WIN-PTFPHFCRDJ0</Computer>
<Security UserID="S-1-5-19"></Security>
</System>
<EventData><Data Name="Message">hr: 0x87e10bc6</Data>
<Data Name="Function">LicenseManagerCore::RequestLicenseForContentWithId</Data>
<Data Name="Source">onecoreuap\enduser\winstore\licensemanager\lib\managercore.cpp</Data>
<Data Name="Line Number">1863</Data>
</EventData>
</Event>

<Event xmlns="http://schemas.microsoft.com/win/2004/08/events/event"><System><Provider Name="Microsoft-Windows-Store" Guid="{9c2a37f3-e5fd-5cae-bcd1-43dafeee1ff0}"></Provider>
<EventID Qualifiers="">8001</EventID>
<Version>0</Version>
<Level>4</Level>
<Task>8001</Task>
<Opcode>14</Opcode>
<Keywords>0x8000100000000000</Keywords>
<TimeCreated SystemTime="2020-10-23 13:54:54.391464"></TimeCreated>
<EventRecordID>438</EventRecordID>
<Correlation ActivityID="" RelatedActivityID=""></Correlation>
<Execution ProcessID="1332" ThreadID="1732"></Execution>
<Channel>Microsoft-Windows-Store/Operational</Channel>
<Computer>WIN-PTFPHFCRDJ0</Computer>
<Security UserID="S-1-5-19"></Security>
</System>
<EventData><Data Name="Message">onecoreuap\enduser\winstore\licensemanager\lib\managercore.cpp(1863)\LicenseManager.dll!00007FFADC69D6D3: Exception(3) tid(6c4) 87E10BC6     [LicenseManagerCore::RequestLicenseForContentWithId]
</Data>
<Data Name="Function">KeyMachine::DoLicenseThreadProc</Data>
<Data Name="Source">onecoreuap\enduser\winstore\licensemanager\lib\keymachine.cpp</Data>
<Data Name="Line Number">967</Data>
</EventData>
</Event>

<Event xmlns="http://schemas.microsoft.com/win/2004/08/events/event"><System><Provider Name="Microsoft-Windows-Store" Guid="{9c2a37f3-e5fd-5cae-bcd1-43dafeee1ff0}"></Provider>
<EventID Qualifiers="">8011</EventID>
<Version>0</Version>
<Level>5</Level>
<Task>8002</Task>
<Opcode>16</Opcode>
<Keywords>0x8000200000000000</Keywords>
<TimeCreated SystemTime="2020-10-23 13:54:54.391518"></TimeCreated>
<EventRecordID>439</EventRecordID>
<Correlation ActivityID="" RelatedActivityID=""></Correlation>
<Execution ProcessID="1332" ThreadID="1372"></Execution>
<Channel>Microsoft-Windows-Store/Operational</Channel>
<Computer>WIN-PTFPHFCRDJ0</Computer>
<Security UserID="S-1-5-19"></Security>
</System>
<EventData><Data Name="State Machine">0x000001a3e850d9c0</Data>
<Data Name="Thread ID">1372</Data>
<Data Name="State Machine Name">ddc422e2-1615-e74d-228f-268b3376a5b5</Data>
<Data Name="Event Name">Key:@LicenseDone</Data>
<Data Name="Current State">Key:NegotiatingUnleased</Data>
</EventData>
</Event>

<Event xmlns="http://schemas.microsoft.com/win/2004/08/events/event"><System><Provider Name="Microsoft-Windows-Store" Guid="{9c2a37f3-e5fd-5cae-bcd1-43dafeee1ff0}"></Provider>
<EventID Qualifiers="">8002</EventID>
<Version>0</Version>
<Level>3</Level>
<Task>8001</Task>
<Opcode>13</Opcode>
<Keywords>0x8000100000000000</Keywords>
<TimeCreated SystemTime="2020-10-23 13:54:54.391863"></TimeCreated>
<EventRecordID>440</EventRecordID>
<Correlation ActivityID="" RelatedActivityID=""></Correlation>
<Execution ProcessID="1332" ThreadID="1412"></Execution>
<Channel>Microsoft-Windows-Store/Operational</Channel>
<Computer>WIN-PTFPHFCRDJ0</Computer>
<Security UserID="S-1-5-20"></Security>
</System>
<EventData><Data Name="Message">hr: 0x87e10bc6</Data>
<Data Name="Function">LicenseCallback::WaitForComplete</Data>
<Data Name="Source">onecoreuap\enduser\winstore\licensemanager\lib\managercore.cpp</Data>
<Data Name="Line Number">171</Data>
</EventData>
</Event>

<Event xmlns="http://schemas.microsoft.com/win/2004/08/events/event"><System><Provider Name="Microsoft-Windows-Store" Guid="{9c2a37f3-e5fd-5cae-bcd1-43dafeee1ff0}"></Provider>
<EventID Qualifiers="">8002</EventID>
<Version>0</Version>
<Level>3</Level>
<Task>8001</Task>
<Opcode>13</Opcode>
<Keywords>0x8000100000000000</Keywords>
<TimeCreated SystemTime="2020-10-23 13:54:54.391968"></TimeCreated>
<EventRecordID>441</EventRecordID>
<Correlation ActivityID="" RelatedActivityID=""></Correlation>
<Execution ProcessID="1332" ThreadID="1412"></Execution>
<Channel>Microsoft-Windows-Store/Operational</Channel>
<Computer>WIN-PTFPHFCRDJ0</Computer>
<Security UserID="S-1-5-20"></Security>
</System>
<EventData><Data Name="Message">hr: 0x87e10bc6</Data>
<Data Name="Function">ApplicationLicenseManager::ActivateLicenseForContent</Data>
<Data Name="Source">onecoreuap\enduser\winstore\licensemanager\lib\applicensemanager.cpp</Data>
<Data Name="Line Number">373</Data>
</EventData>
</Event>

