<?xml version="1.1" encoding="utf-8" standalone="yes" ?>

<Events>
<Event xmlns="http://schemas.microsoft.com/win/2004/08/events/event"><System><Provider Name="Microsoft-Windows-ShellCommon-StartLayoutPopulation" Guid="{97ca8142-10b1-4baa-9fbb-70a7d11231c3}"></Provider>
<EventID Qualifiers="">63</EventID>
<Version>0</Version>
<Level>4</Level>
<Task>20</Task>
<Opcode>0</Opcode>
<Keywords>0x4000000000000000</Keywords>
<TimeCreated SystemTime="2020-10-22 20:52:40.086664"></TimeCreated>
<EventRecordID>1</EventRecordID>
<Correlation ActivityID="" RelatedActivityID=""></Correlation>
<Execution ProcessID="4588" ThreadID="4656"></Execution>
<Channel>Microsoft-Windows-ShellCommon-StartLayoutPopulation/Operational</Channel>
<Computer>WIN-PTFPHFCRDJ0</Computer>
<Security UserID="S-1-5-21-1152959844-3645458174-3779170896-1000"></Security>
</System>
<EventData><Data Name="value">Start.TileGrid</Data>
</EventData>
</Event>

<Event xmlns="http://schemas.microsoft.com/win/2004/08/events/event"><System><Provider Name="Microsoft-Windows-ShellCommon-StartLayoutPopulation" Guid="{97ca8142-10b1-4baa-9fbb-70a7d11231c3}"></Provider>
<EventID Qualifiers="">1</EventID>
<Version>0</Version>
<Level>4</Level>
<Task>1</Task>
<Opcode>1</Opcode>
<Keywords>0x4000000000000000</Keywords>
<TimeCreated SystemTime="2020-10-22 20:52:40.140366"></TimeCreated>
<EventRecordID>2</EventRecordID>
<Correlation ActivityID="" RelatedActivityID=""></Correlation>
<Execution ProcessID="4588" ThreadID="4656"></Execution>
<Channel>Microsoft-Windows-ShellCommon-StartLayoutPopulation/Operational</Channel>
<Computer>WIN-PTFPHFCRDJ0</Computer>
<Security UserID="S-1-5-21-1152959844-3645458174-3779170896-1000"></Security>
</System>
<EventData><Data Name="collectionName">Start.TileGrid</Data>
<Data Name="initializationReason">1</Data>
</EventData>
</Event>

<Event xmlns="http://schemas.microsoft.com/win/2004/08/events/event"><System><Provider Name="Microsoft-Windows-ShellCommon-StartLayoutPopulation" Guid="{97ca8142-10b1-4baa-9fbb-70a7d11231c3}"></Provider>
<EventID Qualifiers="">3</EventID>
<Version>0</Version>
<Level>4</Level>
<Task>3</Task>
<Opcode>1</Opcode>
<Keywords>0x4000000000000000</Keywords>
<TimeCreated SystemTime="2020-10-22 20:52:40.152719"></TimeCreated>
<EventRecordID>3</EventRecordID>
<Correlation ActivityID="" RelatedActivityID=""></Correlation>
<Execution ProcessID="4588" ThreadID="4656"></Execution>
<Channel>Microsoft-Windows-ShellCommon-StartLayoutPopulation/Operational</Channel>
<Computer>WIN-PTFPHFCRDJ0</Computer>
<Security UserID="S-1-5-21-1152959844-3645458174-3779170896-1000"></Security>
</System>
<EventData><Data Name="layoutSelectionSerializedString">
Region Codes:US 
SKUs:6 
Office SKUs: &lt;not set&gt;
Group Cell Width: &lt;not set&gt;
PreInstalledAppsEnabled: 0
TargetedContentTilesEnabled: 0
</Data>
</EventData>
</Event>

<Event xmlns="http://schemas.microsoft.com/win/2004/08/events/event"><System><Provider Name="Microsoft-Windows-ShellCommon-StartLayoutPopulation" Guid="{97ca8142-10b1-4baa-9fbb-70a7d11231c3}"></Provider>
<EventID Qualifiers="">6</EventID>
<Version>0</Version>
<Level>4</Level>
<Task>5</Task>
<Opcode>1</Opcode>
<Keywords>0x4000000000000000</Keywords>
<TimeCreated SystemTime="2020-10-22 20:52:40.159298"></TimeCreated>
<EventRecordID>4</EventRecordID>
<Correlation ActivityID="" RelatedActivityID=""></Correlation>
<Execution ProcessID="4588" ThreadID="4656"></Execution>
<Channel>Microsoft-Windows-ShellCommon-StartLayoutPopulation/Operational</Channel>
<Computer>WIN-PTFPHFCRDJ0</Computer>
<Security UserID="S-1-5-21-1152959844-3645458174-3779170896-1000"></Security>
</System>
<EventData></EventData>
</Event>

<Event xmlns="http://schemas.microsoft.com/win/2004/08/events/event"><System><Provider Name="Microsoft-Windows-ShellCommon-StartLayoutPopulation" Guid="{97ca8142-10b1-4baa-9fbb-70a7d11231c3}"></Provider>
<EventID Qualifiers="">8</EventID>
<Version>0</Version>
<Level>4</Level>
<Task>5</Task>
<Opcode>2</Opcode>
<Keywords>0x4000000000000000</Keywords>
<TimeCreated SystemTime="2020-10-22 20:52:40.213499"></TimeCreated>
<EventRecordID>5</EventRecordID>
<Correlation ActivityID="" RelatedActivityID=""></Correlation>
<Execution ProcessID="4588" ThreadID="4656"></Execution>
<Channel>Microsoft-Windows-ShellCommon-StartLayoutPopulation/Operational</Channel>
<Computer>WIN-PTFPHFCRDJ0</Computer>
<Security UserID="S-1-5-21-1152959844-3645458174-3779170896-1000"></Security>
</System>
<EventData><Data Name="layoutProviderName">LocalXmlStartCollectionProvider</Data>
</EventData>
</Event>

<Event xmlns="http://schemas.microsoft.com/win/2004/08/events/event"><System><Provider Name="Microsoft-Windows-ShellCommon-StartLayoutPopulation" Guid="{97ca8142-10b1-4baa-9fbb-70a7d11231c3}"></Provider>
<EventID Qualifiers="">10</EventID>
<Version>0</Version>
<Level>4</Level>
<Task>6</Task>
<Opcode>1</Opcode>
<Keywords>0x4000000000000000</Keywords>
<TimeCreated SystemTime="2020-10-22 20:52:40.213501"></TimeCreated>
<EventRecordID>6</EventRecordID>
<Correlation ActivityID="" RelatedActivityID=""></Correlation>
<Execution ProcessID="4588" ThreadID="4656"></Execution>
<Channel>Microsoft-Windows-ShellCommon-StartLayoutPopulation/Operational</Channel>
<Computer>WIN-PTFPHFCRDJ0</Computer>
<Security UserID="S-1-5-21-1152959844-3645458174-3779170896-1000"></Security>
</System>
<EventData></EventData>
</Event>

<Event xmlns="http://schemas.microsoft.com/win/2004/08/events/event"><System><Provider Name="Microsoft-Windows-ShellCommon-StartLayoutPopulation" Guid="{97ca8142-10b1-4baa-9fbb-70a7d11231c3}"></Provider>
<EventID Qualifiers="">11</EventID>
<Version>0</Version>
<Level>4</Level>
<Task>6</Task>
<Opcode>0</Opcode>
<Keywords>0x4000000000000000</Keywords>
<TimeCreated SystemTime="2020-10-22 20:52:40.214087"></TimeCreated>
<EventRecordID>7</EventRecordID>
<Correlation ActivityID="" RelatedActivityID=""></Correlation>
<Execution ProcessID="4588" ThreadID="4656"></Execution>
<Channel>Microsoft-Windows-ShellCommon-StartLayoutPopulation/Operational</Channel>
<Computer>WIN-PTFPHFCRDJ0</Computer>
<Security UserID="S-1-5-21-1152959844-3645458174-3779170896-1000"></Security>
</System>
<EventData><Data Name="layoutProviderName">LocalXmlDefaultLayoutPostProcessor</Data>
</EventData>
</Event>

<Event xmlns="http://schemas.microsoft.com/win/2004/08/events/event"><System><Provider Name="Microsoft-Windows-ShellCommon-StartLayoutPopulation" Guid="{97ca8142-10b1-4baa-9fbb-70a7d11231c3}"></Provider>
<EventID Qualifiers="">11</EventID>
<Version>0</Version>
<Level>4</Level>
<Task>6</Task>
<Opcode>0</Opcode>
<Keywords>0x4000000000000000</Keywords>
<TimeCreated SystemTime="2020-10-22 20:52:40.214087"></TimeCreated>
<EventRecordID>8</EventRecordID>
<Correlation ActivityID="" RelatedActivityID=""></Correlation>
<Execution ProcessID="4588" ThreadID="4656"></Execution>
<Channel>Microsoft-Windows-ShellCommon-StartLayoutPopulation/Operational</Channel>
<Computer>WIN-PTFPHFCRDJ0</Computer>
<Security UserID="S-1-5-21-1152959844-3645458174-3779170896-1000"></Security>
</System>
<EventData><Data Name="layoutProviderName">RequiredOemTilePostProcessor</Data>
</EventData>
</Event>

<Event xmlns="http://schemas.microsoft.com/win/2004/08/events/event"><System><Provider Name="Microsoft-Windows-ShellCommon-StartLayoutPopulation" Guid="{97ca8142-10b1-4baa-9fbb-70a7d11231c3}"></Provider>
<EventID Qualifiers="">11</EventID>
<Version>0</Version>
<Level>4</Level>
<Task>6</Task>
<Opcode>0</Opcode>
<Keywords>0x4000000000000000</Keywords>
<TimeCreated SystemTime="2020-10-22 20:52:40.215424"></TimeCreated>
<EventRecordID>9</EventRecordID>
<Correlation ActivityID="" RelatedActivityID=""></Correlation>
<Execution ProcessID="4588" ThreadID="4656"></Execution>
<Channel>Microsoft-Windows-ShellCommon-StartLayoutPopulation/Operational</Channel>
<Computer>WIN-PTFPHFCRDJ0</Computer>
<Security UserID="S-1-5-21-1152959844-3645458174-3779170896-1000"></Security>
</System>
<EventData><Data Name="layoutProviderName">ResourceTranslationPostProcessor</Data>
</EventData>
</Event>

<Event xmlns="http://schemas.microsoft.com/win/2004/08/events/event"><System><Provider Name="Microsoft-Windows-ShellCommon-StartLayoutPopulation" Guid="{97ca8142-10b1-4baa-9fbb-70a7d11231c3}"></Provider>
<EventID Qualifiers="">11</EventID>
<Version>0</Version>
<Level>4</Level>
<Task>6</Task>
<Opcode>0</Opcode>
<Keywords>0x4000000000000000</Keywords>
<TimeCreated SystemTime="2020-10-22 20:52:40.217720"></TimeCreated>
<EventRecordID>10</EventRecordID>
<Correlation ActivityID="" RelatedActivityID=""></Correlation>
<Execution ProcessID="4588" ThreadID="4656"></Execution>
<Channel>Microsoft-Windows-ShellCommon-StartLayoutPopulation/Operational</Channel>
<Computer>WIN-PTFPHFCRDJ0</Computer>
<Security UserID="S-1-5-21-1152959844-3645458174-3779170896-1000"></Security>
</System>
<EventData><Data Name="layoutProviderName">StartCollectionPropertyPostProcessor</Data>
</EventData>
</Event>

<Event xmlns="http://schemas.microsoft.com/win/2004/08/events/event"><System><Provider Name="Microsoft-Windows-ShellCommon-StartLayoutPopulation" Guid="{97ca8142-10b1-4baa-9fbb-70a7d11231c3}"></Provider>
<EventID Qualifiers="">11</EventID>
<Version>0</Version>
<Level>4</Level>
<Task>6</Task>
<Opcode>0</Opcode>
<Keywords>0x4000000000000000</Keywords>
<TimeCreated SystemTime="2020-10-22 20:52:40.217733"></TimeCreated>
<EventRecordID>11</EventRecordID>
<Correlation ActivityID="" RelatedActivityID=""></Correlation>
<Execution ProcessID="4588" ThreadID="4656"></Execution>
<Channel>Microsoft-Windows-ShellCommon-StartLayoutPopulation/Operational</Channel>
<Computer>WIN-PTFPHFCRDJ0</Computer>
<Security UserID="S-1-5-21-1152959844-3645458174-3779170896-1000"></Security>
</System>
<EventData><Data Name="layoutProviderName">MfuModificationPostProcessor</Data>
</EventData>
</Event>

<Event xmlns="http://schemas.microsoft.com/win/2004/08/events/event"><System><Provider Name="Microsoft-Windows-ShellCommon-StartLayoutPopulation" Guid="{97ca8142-10b1-4baa-9fbb-70a7d11231c3}"></Provider>
<EventID Qualifiers="">13</EventID>
<Version>0</Version>
<Level>4</Level>
<Task>6</Task>
<Opcode>2</Opcode>
<Keywords>0x4000000000000000</Keywords>
<TimeCreated SystemTime="2020-10-22 20:52:40.217733"></TimeCreated>
<EventRecordID>12</EventRecordID>
<Correlation ActivityID="" RelatedActivityID=""></Correlation>
<Execution ProcessID="4588" ThreadID="4656"></Execution>
<Channel>Microsoft-Windows-ShellCommon-StartLayoutPopulation/Operational</Channel>
<Computer>WIN-PTFPHFCRDJ0</Computer>
<Security UserID="S-1-5-21-1152959844-3645458174-3779170896-1000"></Security>
</System>
<EventData></EventData>
</Event>

<Event xmlns="http://schemas.microsoft.com/win/2004/08/events/event"><System><Provider Name="Microsoft-Windows-ShellCommon-StartLayoutPopulation" Guid="{97ca8142-10b1-4baa-9fbb-70a7d11231c3}"></Provider>
<EventID Qualifiers="">14</EventID>
<Version>0</Version>
<Level>4</Level>
<Task>8</Task>
<Opcode>1</Opcode>
<Keywords>0x4000000000000000</Keywords>
<TimeCreated SystemTime="2020-10-22 20:52:40.218002"></TimeCreated>
<EventRecordID>13</EventRecordID>
<Correlation ActivityID="" RelatedActivityID=""></Correlation>
<Execution ProcessID="4588" ThreadID="4656"></Execution>
<Channel>Microsoft-Windows-ShellCommon-StartLayoutPopulation/Operational</Channel>
<Computer>WIN-PTFPHFCRDJ0</Computer>
<Security UserID="S-1-5-21-1152959844-3645458174-3779170896-1000"></Security>
</System>
<EventData></EventData>
</Event>

<Event xmlns="http://schemas.microsoft.com/win/2004/08/events/event"><System><Provider Name="Microsoft-Windows-ShellCommon-StartLayoutPopulation" Guid="{97ca8142-10b1-4baa-9fbb-70a7d11231c3}"></Provider>
<EventID Qualifiers="">15</EventID>
<Version>0</Version>
<Level>4</Level>
<Task>8</Task>
<Opcode>0</Opcode>
<Keywords>0x4000000000000000</Keywords>
<TimeCreated SystemTime="2020-10-22 20:52:40.219448"></TimeCreated>
<EventRecordID>14</EventRecordID>
<Correlation ActivityID="" RelatedActivityID=""></Correlation>
<Execution ProcessID="4588" ThreadID="4656"></Execution>
<Channel>Microsoft-Windows-ShellCommon-StartLayoutPopulation/Operational</Channel>
<Computer>WIN-PTFPHFCRDJ0</Computer>
<Security UserID="S-1-5-21-1152959844-3645458174-3779170896-1000"></Security>
</System>
<EventData><Data Name="value">CDS</Data>
</EventData>
</Event>

<Event xmlns="http://schemas.microsoft.com/win/2004/08/events/event"><System><Provider Name="Microsoft-Windows-ShellCommon-StartLayoutPopulation" Guid="{97ca8142-10b1-4baa-9fbb-70a7d11231c3}"></Provider>
<EventID Qualifiers="">1106</EventID>
<Version>0</Version>
<Level>4</Level>
<Task>1002</Task>
<Opcode>0</Opcode>
<Keywords>0x4000000000000000</Keywords>
<TimeCreated SystemTime="2020-10-22 20:52:40.227877"></TimeCreated>
<EventRecordID>15</EventRecordID>
<Correlation ActivityID="" RelatedActivityID=""></Correlation>
<Execution ProcessID="4588" ThreadID="4656"></Execution>
<Channel>Microsoft-Windows-ShellCommon-StartLayoutPopulation/Operational</Channel>
<Computer>WIN-PTFPHFCRDJ0</Computer>
<Security UserID="S-1-5-21-1152959844-3645458174-3779170896-1000"></Security>
</System>
<EventData><Data Name="value">Start.TileGrid</Data>
</EventData>
</Event>

<Event xmlns="http://schemas.microsoft.com/win/2004/08/events/event"><System><Provider Name="Microsoft-Windows-ShellCommon-StartLayoutPopulation" Guid="{97ca8142-10b1-4baa-9fbb-70a7d11231c3}"></Provider>
<EventID Qualifiers="">1254</EventID>
<Version>0</Version>
<Level>4</Level>
<Task>1002</Task>
<Opcode>0</Opcode>
<Keywords>0x4000000000000000</Keywords>
<TimeCreated SystemTime="2020-10-22 20:52:40.230154"></TimeCreated>
<EventRecordID>16</EventRecordID>
<Correlation ActivityID="" RelatedActivityID=""></Correlation>
<Execution ProcessID="4588" ThreadID="4616"></Execution>
<Channel>Microsoft-Windows-ShellCommon-StartLayoutPopulation/Operational</Channel>
<Computer>WIN-PTFPHFCRDJ0</Computer>
<Security UserID="S-1-5-21-1152959844-3645458174-3779170896-1000"></Security>
</System>
<EventData></EventData>
</Event>

<Event xmlns="http://schemas.microsoft.com/win/2004/08/events/event"><System><Provider Name="Microsoft-Windows-ShellCommon-StartLayoutPopulation" Guid="{97ca8142-10b1-4baa-9fbb-70a7d11231c3}"></Provider>
<EventID Qualifiers="">1100</EventID>
<Version>0</Version>
<Level>4</Level>
<Task>1001</Task>
<Opcode>0</Opcode>
<Keywords>0x4000000000000000</Keywords>
<TimeCreated SystemTime="2020-10-22 20:52:40.231323"></TimeCreated>
<EventRecordID>17</EventRecordID>
<Correlation ActivityID="" RelatedActivityID=""></Correlation>
<Execution ProcessID="4588" ThreadID="4656"></Execution>
<Channel>Microsoft-Windows-ShellCommon-StartLayoutPopulation/Operational</Channel>
<Computer>WIN-PTFPHFCRDJ0</Computer>
<Security UserID="S-1-5-21-1152959844-3645458174-3779170896-1000"></Security>
</System>
<EventData><Data Name="itemId">{5b7f1704-e5a4-4805-88dc-51369c9d2208}</Data>
<Data Name="containerId">{00000000-0000-0000-0000-000000000000}</Data>
<Data Name="collectionName">Start.TileGrid</Data>
</EventData>
</Event>

<Event xmlns="http://schemas.microsoft.com/win/2004/08/events/event"><System><Provider Name="Microsoft-Windows-ShellCommon-StartLayoutPopulation" Guid="{97ca8142-10b1-4baa-9fbb-70a7d11231c3}"></Provider>
<EventID Qualifiers="">1102</EventID>
<Version>0</Version>
<Level>4</Level>
<Task>1001</Task>
<Opcode>0</Opcode>
<Keywords>0x4000000000000000</Keywords>
<TimeCreated SystemTime="2020-10-22 20:52:40.231592"></TimeCreated>
<EventRecordID>18</EventRecordID>
<Correlation ActivityID="" RelatedActivityID=""></Correlation>
<Execution ProcessID="4588" ThreadID="4656"></Execution>
<Channel>Microsoft-Windows-ShellCommon-StartLayoutPopulation/Operational</Channel>
<Computer>WIN-PTFPHFCRDJ0</Computer>
<Security UserID="S-1-5-21-1152959844-3645458174-3779170896-1000"></Security>
</System>
<EventData><Data Name="itemName">W~Microsoft.Windows.ControlPanel</Data>
<Data Name="itemId">{8186c600-a7bf-49e9-842c-4c032edadd4f}</Data>
<Data Name="containerId">{5b7f1704-e5a4-4805-88dc-51369c9d2208}</Data>
<Data Name="collectionName">Start.TileGrid</Data>
</EventData>
</Event>

<Event xmlns="http://schemas.microsoft.com/win/2004/08/events/event"><System><Provider Name="Microsoft-Windows-ShellCommon-StartLayoutPopulation" Guid="{97ca8142-10b1-4baa-9fbb-70a7d11231c3}"></Provider>
<EventID Qualifiers="">16</EventID>
<Version>0</Version>
<Level>4</Level>
<Task>8</Task>
<Opcode>0</Opcode>
<Keywords>0x4000000000000000</Keywords>
<TimeCreated SystemTime="2020-10-22 20:52:40.231850"></TimeCreated>
<EventRecordID>19</EventRecordID>
<Correlation ActivityID="" RelatedActivityID=""></Correlation>
<Execution ProcessID="4588" ThreadID="4656"></Execution>
<Channel>Microsoft-Windows-ShellCommon-StartLayoutPopulation/Operational</Channel>
<Computer>WIN-PTFPHFCRDJ0</Computer>
<Security UserID="S-1-5-21-1152959844-3645458174-3779170896-1000"></Security>
</System>
<EventData><Data Name="tileIdentifier">W~Microsoft.Windows.ControlPanel</Data>
</EventData>
</Event>

<Event xmlns="http://schemas.microsoft.com/win/2004/08/events/event"><System><Provider Name="Microsoft-Windows-ShellCommon-StartLayoutPopulation" Guid="{97ca8142-10b1-4baa-9fbb-70a7d11231c3}"></Provider>
<EventID Qualifiers="">1102</EventID>
<Version>0</Version>
<Level>4</Level>
<Task>1001</Task>
<Opcode>0</Opcode>
<Keywords>0x4000000000000000</Keywords>
<TimeCreated SystemTime="2020-10-22 20:52:40.341410"></TimeCreated>
<EventRecordID>20</EventRecordID>
<Correlation ActivityID="" RelatedActivityID=""></Correlation>
<Execution ProcessID="4588" ThreadID="4656"></Execution>
<Channel>Microsoft-Windows-ShellCommon-StartLayoutPopulation/Operational</Channel>
<Computer>WIN-PTFPHFCRDJ0</Computer>
<Security UserID="S-1-5-21-1152959844-3645458174-3779170896-1000"></Security>
</System>
<EventData><Data Name="itemName">W~Microsoft.Windows.AdministrativeTools</Data>
<Data Name="itemId">{4c3f9477-e338-4da0-95d9-4cf59c9f58d7}</Data>
<Data Name="containerId">{5b7f1704-e5a4-4805-88dc-51369c9d2208}</Data>
<Data Name="collectionName">Start.TileGrid</Data>
</EventData>
</Event>

<Event xmlns="http://schemas.microsoft.com/win/2004/08/events/event"><System><Provider Name="Microsoft-Windows-ShellCommon-StartLayoutPopulation" Guid="{97ca8142-10b1-4baa-9fbb-70a7d11231c3}"></Provider>
<EventID Qualifiers="">16</EventID>
<Version>0</Version>
<Level>4</Level>
<Task>8</Task>
<Opcode>0</Opcode>
<Keywords>0x4000000000000000</Keywords>
<TimeCreated SystemTime="2020-10-22 20:52:40.341545"></TimeCreated>
<EventRecordID>21</EventRecordID>
<Correlation ActivityID="" RelatedActivityID=""></Correlation>
<Execution ProcessID="4588" ThreadID="4656"></Execution>
<Channel>Microsoft-Windows-ShellCommon-StartLayoutPopulation/Operational</Channel>
<Computer>WIN-PTFPHFCRDJ0</Computer>
<Security UserID="S-1-5-21-1152959844-3645458174-3779170896-1000"></Security>
</System>
<EventData><Data Name="tileIdentifier">W~%APPDATA%\Microsoft\Windows\Start Menu\Programs\System Tools\Administrative Tools.lnk</Data>
</EventData>
</Event>

<Event xmlns="http://schemas.microsoft.com/win/2004/08/events/event"><System><Provider Name="Microsoft-Windows-ShellCommon-StartLayoutPopulation" Guid="{97ca8142-10b1-4baa-9fbb-70a7d11231c3}"></Provider>
<EventID Qualifiers="">1102</EventID>
<Version>0</Version>
<Level>4</Level>
<Task>1001</Task>
<Opcode>0</Opcode>
<Keywords>0x4000000000000000</Keywords>
<TimeCreated SystemTime="2020-10-22 20:52:40.353580"></TimeCreated>
<EventRecordID>22</EventRecordID>
<Correlation ActivityID="" RelatedActivityID=""></Correlation>
<Execution ProcessID="4588" ThreadID="4656"></Execution>
<Channel>Microsoft-Windows-ShellCommon-StartLayoutPopulation/Operational</Channel>
<Computer>WIN-PTFPHFCRDJ0</Computer>
<Security UserID="S-1-5-21-1152959844-3645458174-3779170896-1000"></Security>
</System>
<EventData><Data Name="itemName">W~{1AC14E77-02E7-4E5D-B744-2EB1AE5198B7}\ServerManager.exe</Data>
<Data Name="itemId">{b1a86ce2-6cf3-4272-b046-8dd35592f8ff}</Data>
<Data Name="containerId">{5b7f1704-e5a4-4805-88dc-51369c9d2208}</Data>
<Data Name="collectionName">Start.TileGrid</Data>
</EventData>
</Event>

<Event xmlns="http://schemas.microsoft.com/win/2004/08/events/event"><System><Provider Name="Microsoft-Windows-ShellCommon-StartLayoutPopulation" Guid="{97ca8142-10b1-4baa-9fbb-70a7d11231c3}"></Provider>
<EventID Qualifiers="">16</EventID>
<Version>0</Version>
<Level>4</Level>
<Task>8</Task>
<Opcode>0</Opcode>
<Keywords>0x4000000000000000</Keywords>
<TimeCreated SystemTime="2020-10-22 20:52:40.353703"></TimeCreated>
<EventRecordID>23</EventRecordID>
<Correlation ActivityID="" RelatedActivityID=""></Correlation>
<Execution ProcessID="4588" ThreadID="4656"></Execution>
<Channel>Microsoft-Windows-ShellCommon-StartLayoutPopulation/Operational</Channel>
<Computer>WIN-PTFPHFCRDJ0</Computer>
<Security UserID="S-1-5-21-1152959844-3645458174-3779170896-1000"></Security>
</System>
<EventData><Data Name="tileIdentifier">W~%ALLUSERSPROFILE%\Microsoft\Windows\Start Menu\Programs\Server Manager.lnk</Data>
</EventData>
</Event>

<Event xmlns="http://schemas.microsoft.com/win/2004/08/events/event"><System><Provider Name="Microsoft-Windows-ShellCommon-StartLayoutPopulation" Guid="{97ca8142-10b1-4baa-9fbb-70a7d11231c3}"></Provider>
<EventID Qualifiers="">1102</EventID>
<Version>0</Version>
<Level>4</Level>
<Task>1001</Task>
<Opcode>0</Opcode>
<Keywords>0x4000000000000000</Keywords>
<TimeCreated SystemTime="2020-10-22 20:52:40.365000"></TimeCreated>
<EventRecordID>24</EventRecordID>
<Correlation ActivityID="" RelatedActivityID=""></Correlation>
<Execution ProcessID="4588" ThreadID="4656"></Execution>
<Channel>Microsoft-Windows-ShellCommon-StartLayoutPopulation/Operational</Channel>
<Computer>WIN-PTFPHFCRDJ0</Computer>
<Security UserID="S-1-5-21-1152959844-3645458174-3779170896-1000"></Security>
</System>
<EventData><Data Name="itemName">W~{1AC14E77-02E7-4E5D-B744-2EB1AE5198B7}\WindowsPowerShell\v1.0\powershell.exe</Data>
<Data Name="itemId">{bf20710e-30c0-44ff-96a2-9a509c083d72}</Data>
<Data Name="containerId">{5b7f1704-e5a4-4805-88dc-51369c9d2208}</Data>
<Data Name="collectionName">Start.TileGrid</Data>
</EventData>
</Event>

<Event xmlns="http://schemas.microsoft.com/win/2004/08/events/event"><System><Provider Name="Microsoft-Windows-ShellCommon-StartLayoutPopulation" Guid="{97ca8142-10b1-4baa-9fbb-70a7d11231c3}"></Provider>
<EventID Qualifiers="">16</EventID>
<Version>0</Version>
<Level>4</Level>
<Task>8</Task>
<Opcode>0</Opcode>
<Keywords>0x4000000000000000</Keywords>
<TimeCreated SystemTime="2020-10-22 20:52:40.365137"></TimeCreated>
<EventRecordID>25</EventRecordID>
<Correlation ActivityID="" RelatedActivityID=""></Correlation>
<Execution ProcessID="4588" ThreadID="4656"></Execution>
<Channel>Microsoft-Windows-ShellCommon-StartLayoutPopulation/Operational</Channel>
<Computer>WIN-PTFPHFCRDJ0</Computer>
<Security UserID="S-1-5-21-1152959844-3645458174-3779170896-1000"></Security>
</System>
<EventData><Data Name="tileIdentifier">W~%APPDATA%\Microsoft\Windows\Start Menu\Programs\Windows PowerShell\Windows PowerShell.lnk</Data>
</EventData>
</Event>

<Event xmlns="http://schemas.microsoft.com/win/2004/08/events/event"><System><Provider Name="Microsoft-Windows-ShellCommon-StartLayoutPopulation" Guid="{97ca8142-10b1-4baa-9fbb-70a7d11231c3}"></Provider>
<EventID Qualifiers="">1102</EventID>
<Version>0</Version>
<Level>4</Level>
<Task>1001</Task>
<Opcode>0</Opcode>
<Keywords>0x4000000000000000</Keywords>
<TimeCreated SystemTime="2020-10-22 20:52:40.400738"></TimeCreated>
<EventRecordID>26</EventRecordID>
<Correlation ActivityID="" RelatedActivityID=""></Correlation>
<Execution ProcessID="4588" ThreadID="4656"></Execution>
<Channel>Microsoft-Windows-ShellCommon-StartLayoutPopulation/Operational</Channel>
<Computer>WIN-PTFPHFCRDJ0</Computer>
<Security UserID="S-1-5-21-1152959844-3645458174-3779170896-1000"></Security>
</System>
<EventData><Data Name="itemName">W~Microsoft.AutoGenerated.{BB044BFD-25B7-2FAA-22A8-6371A93E0456}</Data>
<Data Name="itemId">{a6e2ac82-34bd-4b74-b9b1-85083b53cce5}</Data>
<Data Name="containerId">{5b7f1704-e5a4-4805-88dc-51369c9d2208}</Data>
<Data Name="collectionName">Start.TileGrid</Data>
</EventData>
</Event>

<Event xmlns="http://schemas.microsoft.com/win/2004/08/events/event"><System><Provider Name="Microsoft-Windows-ShellCommon-StartLayoutPopulation" Guid="{97ca8142-10b1-4baa-9fbb-70a7d11231c3}"></Provider>
<EventID Qualifiers="">16</EventID>
<Version>0</Version>
<Level>4</Level>
<Task>8</Task>
<Opcode>0</Opcode>
<Keywords>0x4000000000000000</Keywords>
<TimeCreated SystemTime="2020-10-22 20:52:40.400906"></TimeCreated>
<EventRecordID>27</EventRecordID>
<Correlation ActivityID="" RelatedActivityID=""></Correlation>
<Execution ProcessID="4588" ThreadID="4656"></Execution>
<Channel>Microsoft-Windows-ShellCommon-StartLayoutPopulation/Operational</Channel>
<Computer>WIN-PTFPHFCRDJ0</Computer>
<Security UserID="S-1-5-21-1152959844-3645458174-3779170896-1000"></Security>
</System>
<EventData><Data Name="tileIdentifier">W~%ALLUSERSPROFILE%\Microsoft\Windows\Start Menu\Programs\Administrative Tools\Event Viewer.lnk</Data>
</EventData>
</Event>

<Event xmlns="http://schemas.microsoft.com/win/2004/08/events/event"><System><Provider Name="Microsoft-Windows-ShellCommon-StartLayoutPopulation" Guid="{97ca8142-10b1-4baa-9fbb-70a7d11231c3}"></Provider>
<EventID Qualifiers="">1102</EventID>
<Version>0</Version>
<Level>4</Level>
<Task>1001</Task>
<Opcode>0</Opcode>
<Keywords>0x4000000000000000</Keywords>
<TimeCreated SystemTime="2020-10-22 20:52:40.405590"></TimeCreated>
<EventRecordID>28</EventRecordID>
<Correlation ActivityID="" RelatedActivityID=""></Correlation>
<Execution ProcessID="4588" ThreadID="4656"></Execution>
<Channel>Microsoft-Windows-ShellCommon-StartLayoutPopulation/Operational</Channel>
<Computer>WIN-PTFPHFCRDJ0</Computer>
<Security UserID="S-1-5-21-1152959844-3645458174-3779170896-1000"></Security>
</System>
<EventData><Data Name="itemName">W~{1AC14E77-02E7-4E5D-B744-2EB1AE5198B7}\WindowsPowerShell\v1.0\PowerShell_ISE.exe</Data>
<Data Name="itemId">{2d8e8d1a-7adb-4c61-9529-c467916f4531}</Data>
<Data Name="containerId">{5b7f1704-e5a4-4805-88dc-51369c9d2208}</Data>
<Data Name="collectionName">Start.TileGrid</Data>
</EventData>
</Event>

<Event xmlns="http://schemas.microsoft.com/win/2004/08/events/event"><System><Provider Name="Microsoft-Windows-ShellCommon-StartLayoutPopulation" Guid="{97ca8142-10b1-4baa-9fbb-70a7d11231c3}"></Provider>
<EventID Qualifiers="">16</EventID>
<Version>0</Version>
<Level>4</Level>
<Task>8</Task>
<Opcode>0</Opcode>
<Keywords>0x4000000000000000</Keywords>
<TimeCreated SystemTime="2020-10-22 20:52:40.405842"></TimeCreated>
<EventRecordID>29</EventRecordID>
<Correlation ActivityID="" RelatedActivityID=""></Correlation>
<Execution ProcessID="4588" ThreadID="4656"></Execution>
<Channel>Microsoft-Windows-ShellCommon-StartLayoutPopulation/Operational</Channel>
<Computer>WIN-PTFPHFCRDJ0</Computer>
<Security UserID="S-1-5-21-1152959844-3645458174-3779170896-1000"></Security>
</System>
<EventData><Data Name="tileIdentifier">W~%APPDATA%\Microsoft\Windows\Start Menu\Programs\Windows PowerShell\Windows PowerShell ISE.lnk</Data>
</EventData>
</Event>

<Event xmlns="http://schemas.microsoft.com/win/2004/08/events/event"><System><Provider Name="Microsoft-Windows-ShellCommon-StartLayoutPopulation" Guid="{97ca8142-10b1-4baa-9fbb-70a7d11231c3}"></Provider>
<EventID Qualifiers="">1102</EventID>
<Version>0</Version>
<Level>4</Level>
<Task>1001</Task>
<Opcode>0</Opcode>
<Keywords>0x4000000000000000</Keywords>
<TimeCreated SystemTime="2020-10-22 20:52:40.409279"></TimeCreated>
<EventRecordID>30</EventRecordID>
<Correlation ActivityID="" RelatedActivityID=""></Correlation>
<Execution ProcessID="4588" ThreadID="4656"></Execution>
<Channel>Microsoft-Windows-ShellCommon-StartLayoutPopulation/Operational</Channel>
<Computer>WIN-PTFPHFCRDJ0</Computer>
<Security UserID="S-1-5-21-1152959844-3645458174-3779170896-1000"></Security>
</System>
<EventData><Data Name="itemName">W~Microsoft.AutoGenerated.{923DD477-5846-686B-A659-0FCCD73851A8}</Data>
<Data Name="itemId">{7b9c3d8e-de3f-4bd9-9dbe-179c0183caa7}</Data>
<Data Name="containerId">{5b7f1704-e5a4-4805-88dc-51369c9d2208}</Data>
<Data Name="collectionName">Start.TileGrid</Data>
</EventData>
</Event>

<Event xmlns="http://schemas.microsoft.com/win/2004/08/events/event"><System><Provider Name="Microsoft-Windows-ShellCommon-StartLayoutPopulation" Guid="{97ca8142-10b1-4baa-9fbb-70a7d11231c3}"></Provider>
<EventID Qualifiers="">16</EventID>
<Version>0</Version>
<Level>4</Level>
<Task>8</Task>
<Opcode>0</Opcode>
<Keywords>0x4000000000000000</Keywords>
<TimeCreated SystemTime="2020-10-22 20:52:40.409456"></TimeCreated>
<EventRecordID>31</EventRecordID>
<Correlation ActivityID="" RelatedActivityID=""></Correlation>
<Execution ProcessID="4588" ThreadID="4656"></Execution>
<Channel>Microsoft-Windows-ShellCommon-StartLayoutPopulation/Operational</Channel>
<Computer>WIN-PTFPHFCRDJ0</Computer>
<Security UserID="S-1-5-21-1152959844-3645458174-3779170896-1000"></Security>
</System>
<EventData><Data Name="tileIdentifier">W~%ALLUSERSPROFILE%\Microsoft\Windows\Start Menu\Programs\System Tools\Task Manager.lnk</Data>
</EventData>
</Event>

<Event xmlns="http://schemas.microsoft.com/win/2004/08/events/event"><System><Provider Name="Microsoft-Windows-ShellCommon-StartLayoutPopulation" Guid="{97ca8142-10b1-4baa-9fbb-70a7d11231c3}"></Provider>
<EventID Qualifiers="">1102</EventID>
<Version>0</Version>
<Level>4</Level>
<Task>1001</Task>
<Opcode>0</Opcode>
<Keywords>0x4000000000000000</Keywords>
<TimeCreated SystemTime="2020-10-22 20:52:40.428038"></TimeCreated>
<EventRecordID>32</EventRecordID>
<Correlation ActivityID="" RelatedActivityID=""></Correlation>
<Execution ProcessID="4588" ThreadID="4656"></Execution>
<Channel>Microsoft-Windows-ShellCommon-StartLayoutPopulation/Operational</Channel>
<Computer>WIN-PTFPHFCRDJ0</Computer>
<Security UserID="S-1-5-21-1152959844-3645458174-3779170896-1000"></Security>
</System>
<EventData><Data Name="itemName">W~Microsoft.Windows.RemoteDesktop</Data>
<Data Name="itemId">{d112d250-b4a7-4200-92e7-e59b15662939}</Data>
<Data Name="containerId">{5b7f1704-e5a4-4805-88dc-51369c9d2208}</Data>
<Data Name="collectionName">Start.TileGrid</Data>
</EventData>
</Event>

<Event xmlns="http://schemas.microsoft.com/win/2004/08/events/event"><System><Provider Name="Microsoft-Windows-ShellCommon-StartLayoutPopulation" Guid="{97ca8142-10b1-4baa-9fbb-70a7d11231c3}"></Provider>
<EventID Qualifiers="">16</EventID>
<Version>0</Version>
<Level>4</Level>
<Task>8</Task>
<Opcode>0</Opcode>
<Keywords>0x4000000000000000</Keywords>
<TimeCreated SystemTime="2020-10-22 20:52:40.428244"></TimeCreated>
<EventRecordID>33</EventRecordID>
<Correlation ActivityID="" RelatedActivityID=""></Correlation>
<Execution ProcessID="4588" ThreadID="4656"></Execution>
<Channel>Microsoft-Windows-ShellCommon-StartLayoutPopulation/Operational</Channel>
<Computer>WIN-PTFPHFCRDJ0</Computer>
<Security UserID="S-1-5-21-1152959844-3645458174-3779170896-1000"></Security>
</System>
<EventData><Data Name="tileIdentifier">W~%ALLUSERSPROFILE%\Microsoft\Windows\Start Menu\Programs\Accessories\Remote Desktop Connection.lnk</Data>
</EventData>
</Event>

<Event xmlns="http://schemas.microsoft.com/win/2004/08/events/event"><System><Provider Name="Microsoft-Windows-ShellCommon-StartLayoutPopulation" Guid="{97ca8142-10b1-4baa-9fbb-70a7d11231c3}"></Provider>
<EventID Qualifiers="">1102</EventID>
<Version>0</Version>
<Level>4</Level>
<Task>1001</Task>
<Opcode>0</Opcode>
<Keywords>0x4000000000000000</Keywords>
<TimeCreated SystemTime="2020-10-22 20:52:40.432228"></TimeCreated>
<EventRecordID>34</EventRecordID>
<Correlation ActivityID="" RelatedActivityID=""></Correlation>
<Execution ProcessID="4588" ThreadID="4656"></Execution>
<Channel>Microsoft-Windows-ShellCommon-StartLayoutPopulation/Operational</Channel>
<Computer>WIN-PTFPHFCRDJ0</Computer>
<Security UserID="S-1-5-21-1152959844-3645458174-3779170896-1000"></Security>
</System>
<EventData><Data Name="itemName">W~Microsoft.Windows.Explorer</Data>
<Data Name="itemId">{6327d335-6e03-44dd-ac15-637c43e29d4a}</Data>
<Data Name="containerId">{5b7f1704-e5a4-4805-88dc-51369c9d2208}</Data>
<Data Name="collectionName">Start.TileGrid</Data>
</EventData>
</Event>

<Event xmlns="http://schemas.microsoft.com/win/2004/08/events/event"><System><Provider Name="Microsoft-Windows-ShellCommon-StartLayoutPopulation" Guid="{97ca8142-10b1-4baa-9fbb-70a7d11231c3}"></Provider>
<EventID Qualifiers="">16</EventID>
<Version>0</Version>
<Level>4</Level>
<Task>8</Task>
<Opcode>0</Opcode>
<Keywords>0x4000000000000000</Keywords>
<TimeCreated SystemTime="2020-10-22 20:52:40.432446"></TimeCreated>
<EventRecordID>35</EventRecordID>
<Correlation ActivityID="" RelatedActivityID=""></Correlation>
<Execution ProcessID="4588" ThreadID="4656"></Execution>
<Channel>Microsoft-Windows-ShellCommon-StartLayoutPopulation/Operational</Channel>
<Computer>WIN-PTFPHFCRDJ0</Computer>
<Security UserID="S-1-5-21-1152959844-3645458174-3779170896-1000"></Security>
</System>
<EventData><Data Name="tileIdentifier">W~%APPDATA%\Microsoft\Windows\Start Menu\Programs\System Tools\File Explorer.lnk</Data>
</EventData>
</Event>

<Event xmlns="http://schemas.microsoft.com/win/2004/08/events/event"><System><Provider Name="Microsoft-Windows-ShellCommon-StartLayoutPopulation" Guid="{97ca8142-10b1-4baa-9fbb-70a7d11231c3}"></Provider>
<EventID Qualifiers="">56</EventID>
<Version>0</Version>
<Level>4</Level>
<Task>8</Task>
<Opcode>0</Opcode>
<Keywords>0x4000000000000000</Keywords>
<TimeCreated SystemTime="2020-10-22 20:52:40.432453"></TimeCreated>
<EventRecordID>36</EventRecordID>
<Correlation ActivityID="" RelatedActivityID=""></Correlation>
<Execution ProcessID="4588" ThreadID="4656"></Execution>
<Channel>Microsoft-Windows-ShellCommon-StartLayoutPopulation/Operational</Channel>
<Computer>WIN-PTFPHFCRDJ0</Computer>
<Security UserID="S-1-5-21-1152959844-3645458174-3779170896-1000"></Security>
</System>
<EventData><Data Name="containerName">Windows Server</Data>
<Data Name="containerXPosition">4294967295</Data>
<Data Name="containerYPosition">4294967295</Data>
</EventData>
</Event>

<Event xmlns="http://schemas.microsoft.com/win/2004/08/events/event"><System><Provider Name="Microsoft-Windows-ShellCommon-StartLayoutPopulation" Guid="{97ca8142-10b1-4baa-9fbb-70a7d11231c3}"></Provider>
<EventID Qualifiers="">18</EventID>
<Version>0</Version>
<Level>4</Level>
<Task>8</Task>
<Opcode>2</Opcode>
<Keywords>0x4000000000000000</Keywords>
<TimeCreated SystemTime="2020-10-22 20:52:40.433851"></TimeCreated>
<EventRecordID>37</EventRecordID>
<Correlation ActivityID="" RelatedActivityID=""></Correlation>
<Execution ProcessID="4588" ThreadID="4656"></Execution>
<Channel>Microsoft-Windows-ShellCommon-StartLayoutPopulation/Operational</Channel>
<Computer>WIN-PTFPHFCRDJ0</Computer>
<Security UserID="S-1-5-21-1152959844-3645458174-3779170896-1000"></Security>
</System>
<EventData><Data Name="TaskHResultValue">0</Data>
</EventData>
</Event>

<Event xmlns="http://schemas.microsoft.com/win/2004/08/events/event"><System><Provider Name="Microsoft-Windows-ShellCommon-StartLayoutPopulation" Guid="{97ca8142-10b1-4baa-9fbb-70a7d11231c3}"></Provider>
<EventID Qualifiers="">1402</EventID>
<Version>0</Version>
<Level>4</Level>
<Task>1002</Task>
<Opcode>0</Opcode>
<Keywords>0x4000000000000000</Keywords>
<TimeCreated SystemTime="2020-10-22 20:52:41.692015"></TimeCreated>
<EventRecordID>38</EventRecordID>
<Correlation ActivityID="" RelatedActivityID=""></Correlation>
<Execution ProcessID="4588" ThreadID="4600"></Execution>
<Channel>Microsoft-Windows-ShellCommon-StartLayoutPopulation/Operational</Channel>
<Computer>WIN-PTFPHFCRDJ0</Computer>
<Security UserID="S-1-5-21-1152959844-3645458174-3779170896-1000"></Security>
</System>
<EventData></EventData>
</Event>

<Event xmlns="http://schemas.microsoft.com/win/2004/08/events/event"><System><Provider Name="Microsoft-Windows-ShellCommon-StartLayoutPopulation" Guid="{97ca8142-10b1-4baa-9fbb-70a7d11231c3}"></Provider>
<EventID Qualifiers="">1403</EventID>
<Version>0</Version>
<Level>4</Level>
<Task>1002</Task>
<Opcode>0</Opcode>
<Keywords>0x4000000000000000</Keywords>
<TimeCreated SystemTime="2020-10-22 20:52:41.694815"></TimeCreated>
<EventRecordID>39</EventRecordID>
<Correlation ActivityID="" RelatedActivityID=""></Correlation>
<Execution ProcessID="4588" ThreadID="4600"></Execution>
<Channel>Microsoft-Windows-ShellCommon-StartLayoutPopulation/Operational</Channel>
<Computer>WIN-PTFPHFCRDJ0</Computer>
<Security UserID="S-1-5-21-1152959844-3645458174-3779170896-1000"></Security>
</System>
<EventData></EventData>
</Event>

<Event xmlns="http://schemas.microsoft.com/win/2004/08/events/event"><System><Provider Name="Microsoft-Windows-ShellCommon-StartLayoutPopulation" Guid="{97ca8142-10b1-4baa-9fbb-70a7d11231c3}"></Provider>
<EventID Qualifiers="">1402</EventID>
<Version>0</Version>
<Level>4</Level>
<Task>1002</Task>
<Opcode>0</Opcode>
<Keywords>0x4000000000000000</Keywords>
<TimeCreated SystemTime="2020-10-22 20:52:44.183329"></TimeCreated>
<EventRecordID>40</EventRecordID>
<Correlation ActivityID="" RelatedActivityID=""></Correlation>
<Execution ProcessID="4704" ThreadID="4792"></Execution>
<Channel>Microsoft-Windows-ShellCommon-StartLayoutPopulation/Operational</Channel>
<Computer>WIN-PTFPHFCRDJ0</Computer>
<Security UserID="S-1-5-21-1152959844-3645458174-3779170896-1000"></Security>
</System>
<EventData></EventData>
</Event>

<Event xmlns="http://schemas.microsoft.com/win/2004/08/events/event"><System><Provider Name="Microsoft-Windows-ShellCommon-StartLayoutPopulation" Guid="{97ca8142-10b1-4baa-9fbb-70a7d11231c3}"></Provider>
<EventID Qualifiers="">1403</EventID>
<Version>0</Version>
<Level>4</Level>
<Task>1002</Task>
<Opcode>0</Opcode>
<Keywords>0x4000000000000000</Keywords>
<TimeCreated SystemTime="2020-10-22 20:52:44.190792"></TimeCreated>
<EventRecordID>41</EventRecordID>
<Correlation ActivityID="" RelatedActivityID=""></Correlation>
<Execution ProcessID="4704" ThreadID="4792"></Execution>
<Channel>Microsoft-Windows-ShellCommon-StartLayoutPopulation/Operational</Channel>
<Computer>WIN-PTFPHFCRDJ0</Computer>
<Security UserID="S-1-5-21-1152959844-3645458174-3779170896-1000"></Security>
</System>
<EventData></EventData>
</Event>

<Event xmlns="http://schemas.microsoft.com/win/2004/08/events/event"><System><Provider Name="Microsoft-Windows-ShellCommon-StartLayoutPopulation" Guid="{97ca8142-10b1-4baa-9fbb-70a7d11231c3}"></Provider>
<EventID Qualifiers="">47</EventID>
<Version>0</Version>
<Level>4</Level>
<Task>17</Task>
<Opcode>1</Opcode>
<Keywords>0x4000000000000000</Keywords>
<TimeCreated SystemTime="2020-10-22 20:52:46.720623"></TimeCreated>
<EventRecordID>42</EventRecordID>
<Correlation ActivityID="" RelatedActivityID=""></Correlation>
<Execution ProcessID="4088" ThreadID="4340"></Execution>
<Channel>Microsoft-Windows-ShellCommon-StartLayoutPopulation/Operational</Channel>
<Computer>WIN-PTFPHFCRDJ0</Computer>
<Security UserID="S-1-5-21-1152959844-3645458174-3779170896-1000"></Security>
</System>
<EventData></EventData>
</Event>

<Event xmlns="http://schemas.microsoft.com/win/2004/08/events/event"><System><Provider Name="Microsoft-Windows-ShellCommon-StartLayoutPopulation" Guid="{97ca8142-10b1-4baa-9fbb-70a7d11231c3}"></Provider>
<EventID Qualifiers="">26</EventID>
<Version>0</Version>
<Level>4</Level>
<Task>11</Task>
<Opcode>1</Opcode>
<Keywords>0x4000000000000000</Keywords>
<TimeCreated SystemTime="2020-10-22 20:52:48.188780"></TimeCreated>
<EventRecordID>43</EventRecordID>
<Correlation ActivityID="" RelatedActivityID=""></Correlation>
<Execution ProcessID="4088" ThreadID="4340"></Execution>
<Channel>Microsoft-Windows-ShellCommon-StartLayoutPopulation/Operational</Channel>
<Computer>WIN-PTFPHFCRDJ0</Computer>
<Security UserID="S-1-5-21-1152959844-3645458174-3779170896-1000"></Security>
</System>
<EventData></EventData>
</Event>

<Event xmlns="http://schemas.microsoft.com/win/2004/08/events/event"><System><Provider Name="Microsoft-Windows-ShellCommon-StartLayoutPopulation" Guid="{97ca8142-10b1-4baa-9fbb-70a7d11231c3}"></Provider>
<EventID Qualifiers="">31</EventID>
<Version>0</Version>
<Level>4</Level>
<Task>11</Task>
<Opcode>0</Opcode>
<Keywords>0x4000000000000000</Keywords>
<TimeCreated SystemTime="2020-10-22 20:52:48.188789"></TimeCreated>
<EventRecordID>44</EventRecordID>
<Correlation ActivityID="" RelatedActivityID=""></Correlation>
<Execution ProcessID="4088" ThreadID="4340"></Execution>
<Channel>Microsoft-Windows-ShellCommon-StartLayoutPopulation/Operational</Channel>
<Computer>WIN-PTFPHFCRDJ0</Computer>
<Security UserID="S-1-5-21-1152959844-3645458174-3779170896-1000"></Security>
</System>
<EventData><Data Name="appSize">0</Data>
</EventData>
</Event>

<Event xmlns="http://schemas.microsoft.com/win/2004/08/events/event"><System><Provider Name="Microsoft-Windows-ShellCommon-StartLayoutPopulation" Guid="{97ca8142-10b1-4baa-9fbb-70a7d11231c3}"></Provider>
<EventID Qualifiers="">27</EventID>
<Version>0</Version>
<Level>4</Level>
<Task>11</Task>
<Opcode>2</Opcode>
<Keywords>0x4000000000000000</Keywords>
<TimeCreated SystemTime="2020-10-22 20:52:48.191298"></TimeCreated>
<EventRecordID>45</EventRecordID>
<Correlation ActivityID="" RelatedActivityID=""></Correlation>
<Execution ProcessID="4088" ThreadID="4340"></Execution>
<Channel>Microsoft-Windows-ShellCommon-StartLayoutPopulation/Operational</Channel>
<Computer>WIN-PTFPHFCRDJ0</Computer>
<Security UserID="S-1-5-21-1152959844-3645458174-3779170896-1000"></Security>
</System>
<EventData></EventData>
</Event>

<Event xmlns="http://schemas.microsoft.com/win/2004/08/events/event"><System><Provider Name="Microsoft-Windows-ShellCommon-StartLayoutPopulation" Guid="{97ca8142-10b1-4baa-9fbb-70a7d11231c3}"></Provider>
<EventID Qualifiers="">48</EventID>
<Version>0</Version>
<Level>4</Level>
<Task>17</Task>
<Opcode>2</Opcode>
<Keywords>0x4000000000000000</Keywords>
<TimeCreated SystemTime="2020-10-22 20:52:51.722519"></TimeCreated>
<EventRecordID>46</EventRecordID>
<Correlation ActivityID="" RelatedActivityID=""></Correlation>
<Execution ProcessID="4088" ThreadID="4340"></Execution>
<Channel>Microsoft-Windows-ShellCommon-StartLayoutPopulation/Operational</Channel>
<Computer>WIN-PTFPHFCRDJ0</Computer>
<Security UserID="S-1-5-21-1152959844-3645458174-3779170896-1000"></Security>
</System>
<EventData></EventData>
</Event>

<Event xmlns="http://schemas.microsoft.com/win/2004/08/events/event"><System><Provider Name="Microsoft-Windows-ShellCommon-StartLayoutPopulation" Guid="{97ca8142-10b1-4baa-9fbb-70a7d11231c3}"></Provider>
<EventID Qualifiers="">63</EventID>
<Version>0</Version>
<Level>4</Level>
<Task>20</Task>
<Opcode>0</Opcode>
<Keywords>0x4000000000000000</Keywords>
<TimeCreated SystemTime="2020-10-22 20:57:34.274071"></TimeCreated>
<EventRecordID>47</EventRecordID>
<Correlation ActivityID="" RelatedActivityID=""></Correlation>
<Execution ProcessID="3240" ThreadID="1040"></Execution>
<Channel>Microsoft-Windows-ShellCommon-StartLayoutPopulation/Operational</Channel>
<Computer>WIN-PTFPHFCRDJ0</Computer>
<Security UserID="S-1-5-21-1152959844-3645458174-3779170896-1000"></Security>
</System>
<EventData><Data Name="value">Start.TileGrid</Data>
</EventData>
</Event>

<Event xmlns="http://schemas.microsoft.com/win/2004/08/events/event"><System><Provider Name="Microsoft-Windows-ShellCommon-StartLayoutPopulation" Guid="{97ca8142-10b1-4baa-9fbb-70a7d11231c3}"></Provider>
<EventID Qualifiers="">1</EventID>
<Version>0</Version>
<Level>4</Level>
<Task>1</Task>
<Opcode>1</Opcode>
<Keywords>0x4000000000000000</Keywords>
<TimeCreated SystemTime="2020-10-22 20:57:34.383667"></TimeCreated>
<EventRecordID>48</EventRecordID>
<Correlation ActivityID="" RelatedActivityID=""></Correlation>
<Execution ProcessID="3240" ThreadID="1040"></Execution>
<Channel>Microsoft-Windows-ShellCommon-StartLayoutPopulation/Operational</Channel>
<Computer>WIN-PTFPHFCRDJ0</Computer>
<Security UserID="S-1-5-21-1152959844-3645458174-3779170896-1000"></Security>
</System>
<EventData><Data Name="collectionName">Start.TileGrid</Data>
<Data Name="initializationReason">1</Data>
</EventData>
</Event>

<Event xmlns="http://schemas.microsoft.com/win/2004/08/events/event"><System><Provider Name="Microsoft-Windows-ShellCommon-StartLayoutPopulation" Guid="{97ca8142-10b1-4baa-9fbb-70a7d11231c3}"></Provider>
<EventID Qualifiers="">3</EventID>
<Version>0</Version>
<Level>4</Level>
<Task>3</Task>
<Opcode>1</Opcode>
<Keywords>0x4000000000000000</Keywords>
<TimeCreated SystemTime="2020-10-22 20:57:34.471794"></TimeCreated>
<EventRecordID>49</EventRecordID>
<Correlation ActivityID="" RelatedActivityID=""></Correlation>
<Execution ProcessID="3240" ThreadID="1040"></Execution>
<Channel>Microsoft-Windows-ShellCommon-StartLayoutPopulation/Operational</Channel>
<Computer>WIN-PTFPHFCRDJ0</Computer>
<Security UserID="S-1-5-21-1152959844-3645458174-3779170896-1000"></Security>
</System>
<EventData><Data Name="layoutSelectionSerializedString">
Region Codes:US 
SKUs:6 
Office SKUs: &lt;not set&gt;
Group Cell Width: &lt;not set&gt;
PreInstalledAppsEnabled: 0
TargetedContentTilesEnabled: 0
</Data>
</EventData>
</Event>

<Event xmlns="http://schemas.microsoft.com/win/2004/08/events/event"><System><Provider Name="Microsoft-Windows-ShellCommon-StartLayoutPopulation" Guid="{97ca8142-10b1-4baa-9fbb-70a7d11231c3}"></Provider>
<EventID Qualifiers="">6</EventID>
<Version>0</Version>
<Level>4</Level>
<Task>5</Task>
<Opcode>1</Opcode>
<Keywords>0x4000000000000000</Keywords>
<TimeCreated SystemTime="2020-10-22 20:57:34.572163"></TimeCreated>
<EventRecordID>50</EventRecordID>
<Correlation ActivityID="" RelatedActivityID=""></Correlation>
<Execution ProcessID="3240" ThreadID="1040"></Execution>
<Channel>Microsoft-Windows-ShellCommon-StartLayoutPopulation/Operational</Channel>
<Computer>WIN-PTFPHFCRDJ0</Computer>
<Security UserID="S-1-5-21-1152959844-3645458174-3779170896-1000"></Security>
</System>
<EventData></EventData>
</Event>

<Event xmlns="http://schemas.microsoft.com/win/2004/08/events/event"><System><Provider Name="Microsoft-Windows-ShellCommon-StartLayoutPopulation" Guid="{97ca8142-10b1-4baa-9fbb-70a7d11231c3}"></Provider>
<EventID Qualifiers="">8</EventID>
<Version>0</Version>
<Level>4</Level>
<Task>5</Task>
<Opcode>2</Opcode>
<Keywords>0x4000000000000000</Keywords>
<TimeCreated SystemTime="2020-10-22 20:57:34.676430"></TimeCreated>
<EventRecordID>51</EventRecordID>
<Correlation ActivityID="" RelatedActivityID=""></Correlation>
<Execution ProcessID="3240" ThreadID="1040"></Execution>
<Channel>Microsoft-Windows-ShellCommon-StartLayoutPopulation/Operational</Channel>
<Computer>WIN-PTFPHFCRDJ0</Computer>
<Security UserID="S-1-5-21-1152959844-3645458174-3779170896-1000"></Security>
</System>
<EventData><Data Name="layoutProviderName">LocalXmlStartCollectionProvider</Data>
</EventData>
</Event>

<Event xmlns="http://schemas.microsoft.com/win/2004/08/events/event"><System><Provider Name="Microsoft-Windows-ShellCommon-StartLayoutPopulation" Guid="{97ca8142-10b1-4baa-9fbb-70a7d11231c3}"></Provider>
<EventID Qualifiers="">10</EventID>
<Version>0</Version>
<Level>4</Level>
<Task>6</Task>
<Opcode>1</Opcode>
<Keywords>0x4000000000000000</Keywords>
<TimeCreated SystemTime="2020-10-22 20:57:34.676432"></TimeCreated>
<EventRecordID>52</EventRecordID>
<Correlation ActivityID="" RelatedActivityID=""></Correlation>
<Execution ProcessID="3240" ThreadID="1040"></Execution>
<Channel>Microsoft-Windows-ShellCommon-StartLayoutPopulation/Operational</Channel>
<Computer>WIN-PTFPHFCRDJ0</Computer>
<Security UserID="S-1-5-21-1152959844-3645458174-3779170896-1000"></Security>
</System>
<EventData></EventData>
</Event>

<Event xmlns="http://schemas.microsoft.com/win/2004/08/events/event"><System><Provider Name="Microsoft-Windows-ShellCommon-StartLayoutPopulation" Guid="{97ca8142-10b1-4baa-9fbb-70a7d11231c3}"></Provider>
<EventID Qualifiers="">11</EventID>
<Version>0</Version>
<Level>4</Level>
<Task>6</Task>
<Opcode>0</Opcode>
<Keywords>0x4000000000000000</Keywords>
<TimeCreated SystemTime="2020-10-22 20:57:34.676956"></TimeCreated>
<EventRecordID>53</EventRecordID>
<Correlation ActivityID="" RelatedActivityID=""></Correlation>
<Execution ProcessID="3240" ThreadID="1040"></Execution>
<Channel>Microsoft-Windows-ShellCommon-StartLayoutPopulation/Operational</Channel>
<Computer>WIN-PTFPHFCRDJ0</Computer>
<Security UserID="S-1-5-21-1152959844-3645458174-3779170896-1000"></Security>
</System>
<EventData><Data Name="layoutProviderName">LocalXmlDefaultLayoutPostProcessor</Data>
</EventData>
</Event>

<Event xmlns="http://schemas.microsoft.com/win/2004/08/events/event"><System><Provider Name="Microsoft-Windows-ShellCommon-StartLayoutPopulation" Guid="{97ca8142-10b1-4baa-9fbb-70a7d11231c3}"></Provider>
<EventID Qualifiers="">11</EventID>
<Version>0</Version>
<Level>4</Level>
<Task>6</Task>
<Opcode>0</Opcode>
<Keywords>0x4000000000000000</Keywords>
<TimeCreated SystemTime="2020-10-22 20:57:34.676956"></TimeCreated>
<EventRecordID>54</EventRecordID>
<Correlation ActivityID="" RelatedActivityID=""></Correlation>
<Execution ProcessID="3240" ThreadID="1040"></Execution>
<Channel>Microsoft-Windows-ShellCommon-StartLayoutPopulation/Operational</Channel>
<Computer>WIN-PTFPHFCRDJ0</Computer>
<Security UserID="S-1-5-21-1152959844-3645458174-3779170896-1000"></Security>
</System>
<EventData><Data Name="layoutProviderName">RequiredOemTilePostProcessor</Data>
</EventData>
</Event>

