<Event xmlns="http://schemas.microsoft.com/win/2004/08/events/event"><System><Provider Name="Microsoft-Windows-LiveId" Guid="{05f02597-fe85-4e67-8542-69567ab8fd4f}"></Provider>
<EventID Qualifiers="">6116</EventID>
<Version>0</Version>
<Level>4</Level>
<Task>0</Task>
<Opcode>0</Opcode>
<Keywords>0x4000000000200800</Keywords>
<TimeCreated SystemTime="2020-10-22 20:52:30.975502"></TimeCreated>
<EventRecordID>20</EventRecordID>
<Correlation ActivityID="" RelatedActivityID=""></Correlation>
<Execution ProcessID="540" ThreadID="1520"></Execution>
<Channel>Microsoft-Windows-LiveId/Operational</Channel>
<Computer>WIN-PTFPHFCRDJ0</Computer>
<Security UserID="S-1-5-21-1152959844-3645458174-3779170896-1000"></Security>
</System>
<EventData><Data Name="Value">&lt;S:Envelope&gt;&lt;S:Header&gt;&lt;wsa:Action wsu:Id="Action" S:mustUnderstand="1"&gt;*&lt;/wsa:Action&gt;&lt;wsa:To wsu:Id="To" S:mustUnderstand="1"&gt;*&lt;/wsa:To&gt;&lt;wsse:Security&gt;&lt;wsu:Timestamp wsu:Id="TS"&gt;&lt;wsu:Created&gt;2020-10-22T20:52:30Z&lt;/wsu:Created&gt;&lt;wsu:Expires&gt;2020-10-22T20:57:30Z&lt;/wsu:Expires&gt;&lt;/wsu:Timestamp&gt;&lt;wssc:DerivedKeyToken wsu:Id="SignKey" Algorithm="urn:liveid:SP800108_CTR_HMAC_SHA256_DOUBLEDERIVED"&gt;&lt;wsse:SecurityTokenReference&gt;&lt;wsse:Reference URI="ZDQP2Jwx3kuFfFzyEMr7c+EU8nY="&gt;&lt;/wsse:Reference&gt;&lt;/wsse:SecurityTokenReference&gt;&lt;wssc:Nonce&gt;*&lt;/wssc:Nonce&gt;&lt;/wssc:DerivedKeyToken&gt;&lt;wssc:DerivedKeyToken wsu:Id="EncKey" Algorithm="urn:liveid:SP800108_CTR_HMAC_SHA256_DOUBLEDERIVED"&gt;&lt;wsse:SecurityTokenReference&gt;&lt;wsse:Reference URI="ZDQP2Jwx3kuFfFzyEMr7c+EU8nY="&gt;&lt;/wsse:Reference&gt;&lt;/wsse:SecurityTokenReference&gt;&lt;wssc:Nonce&gt;*&lt;/wssc:Nonce&gt;&lt;/wssc:DerivedKeyToken&gt;&lt;Signature xmlns="http://www.w3.org/2000/09/xmldsig#"&gt;&lt;SignedInfo&gt;&lt;CanonicalizationMethod Algorithm="http://www.w3.org/2001/10/xml-exc-c14n#"&gt;&lt;/CanonicalizationMethod&gt;&lt;SignatureMethod Algorithm="http://www.w3.org/2001/04/xmldsig-more#hmac-sha256"&gt;&lt;/SignatureMethod&gt;&lt;Reference URI="#EncPsf"&gt;&lt;Transforms&gt;&lt;Transform Algorithm="http://www.w3.org/2001/10/xml-exc-c14n#"&gt;&lt;/Transform&gt;&lt;/Transforms&gt;&lt;DigestMethod Algorithm="http://www.w3.org/2001/04/xmlenc#sha256"&gt;&lt;/DigestMethod&gt;&lt;DigestValue&gt;*&lt;/DigestValue&gt;&lt;/Reference&gt;&lt;Reference URI="#Body"&gt;&lt;Transforms&gt;&lt;Transform Algorithm="http://www.w3.org/2001/10/xml-exc-c14n#"&gt;&lt;/Transform&gt;&lt;/Transforms&gt;&lt;DigestMethod Algorithm="http://www.w3.org/2001/04/xmlenc#sha256"&gt;&lt;/DigestMethod&gt;&lt;DigestValue&gt;*&lt;/DigestValue&gt;&lt;/Reference&gt;&lt;Reference URI="#To"&gt;&lt;Transforms&gt;&lt;Transform Algorithm="http://www.w3.org/2001/10/xml-exc-c14n#"&gt;&lt;/Transform&gt;&lt;/Transforms&gt;&lt;DigestMethod Algorithm="http://www.w3.org/2001/04/xmlenc#sha256"&gt;&lt;/DigestMethod&gt;&lt;DigestValue&gt;*&lt;/DigestValue&gt;&lt;/Reference&gt;&lt;Reference URI="#Action"&gt;&lt;Transforms&gt;&lt;Transform Algorithm="http://www.w3.org/2001/10/xml-exc-c14n#"&gt;&lt;/Transform&gt;&lt;/Transforms&gt;&lt;DigestMethod Algorithm="http://www.w3.org/2001/04/xmlenc#sha256"&gt;&lt;/DigestMethod&gt;&lt;DigestValue&gt;*&lt;/DigestValue&gt;&lt;/Reference&gt;&lt;Reference URI="#TS"&gt;&lt;Transforms&gt;&lt;Transform Algorithm="http://www.w3.org/2001/10/xml-exc-c14n#"&gt;&lt;/Transform&gt;&lt;/Transforms&gt;&lt;DigestMethod Algorithm="http://www.w3.org/2001/04/xmlenc#sha256"&gt;&lt;/DigestMethod&gt;&lt;DigestValue&gt;*&lt;/DigestValue&gt;&lt;/Reference&gt;&lt;/SignedInfo&gt;&lt;SignatureValue&gt;*&lt;/SignatureValue&gt;&lt;KeyInfo&gt;&lt;wsse:SecurityTokenReference&gt;&lt;wsse:Reference URI="#SignKey"&gt;&lt;/wsse:Reference&gt;&lt;/wsse:SecurityTokenReference&gt;&lt;/KeyInfo&gt;&lt;/Signature&gt;&lt;e:ReferenceList xmlns:e="http://www.w3.org/2001/04/xmlenc#"&gt;&lt;e:DataReference URI="#RSTR"/&gt;&lt;e:DataReference URI="#EncPsf"/&gt;&lt;/e:ReferenceList&gt;&lt;/wsse:Security&gt;&lt;psf:EncryptedPP&gt;&lt;EncryptedData xmlns="http://www.w3.org/2001/04/xmlenc#" Id="EncPsf" Type="http://www.w3.org/2001/04/xmlenc#Element"&gt;&lt;EncryptionMethod Algorithm="http://www.w3.org/2001/04/xmlenc#aes256-cbc"&gt;&lt;/EncryptionMethod&gt;&lt;KeyInfo xmlns="http://www.w3.org/2000/09/xmldsig#"&gt;&lt;wsse:SecurityTokenReference&gt;&lt;wsse:Reference URI="#EncKey"&gt;&lt;/wsse:Reference&gt;&lt;/wsse:SecurityTokenReference&gt;&lt;/KeyInfo&gt;&lt;CipherData&gt;&lt;CipherValue&gt;*&lt;/CipherValue&gt;&lt;/CipherData&gt;&lt;/EncryptedData&gt;&lt;/psf:EncryptedPP&gt;&lt;/S:Header&gt;&lt;S:Body wsu:Id="Body"&gt;&lt;EncryptedData xmlns="http://www.w3.org/2001/04/xmlenc#" Id="RSTR" Type="http://www.w3.org/2001/04/xmlenc#Element"&gt;&lt;EncryptionMethod Algorithm="http://www.w3.org/2001/04/xmlenc#aes256-cbc"&gt;&lt;/EncryptionMethod&gt;&lt;KeyInfo xmlns="http://www.w3.org/2000/09/xmldsig#"&gt;&lt;wsse:SecurityTokenReference&gt;&lt;wsse:Reference URI="#EncKey"&gt;&lt;/wsse:Reference&gt;&lt;/wsse:SecurityTokenReference&gt;&lt;/KeyInfo&gt;&lt;CipherData&gt;&lt;CipherValue&gt;*&lt;/CipherValue&gt;&lt;/CipherData&gt;&lt;/EncryptedData&gt;&lt;/S:Body&gt;&lt;/S:Envelope&gt;</Data>
</EventData>
</Event>

<Event xmlns="http://schemas.microsoft.com/win/2004/08/events/event"><System><Provider Name="Microsoft-Windows-LiveId" Guid="{05f02597-fe85-4e67-8542-69567ab8fd4f}"></Provider>
<EventID Qualifiers="">6117</EventID>
<Version>0</Version>
<Level>4</Level>
<Task>0</Task>
<Opcode>0</Opcode>
<Keywords>0x4000000000200800</Keywords>
<TimeCreated SystemTime="2020-10-22 20:52:30.975866"></TimeCreated>
<EventRecordID>21</EventRecordID>
<Correlation ActivityID="" RelatedActivityID=""></Correlation>
<Execution ProcessID="540" ThreadID="1520"></Execution>
<Channel>Microsoft-Windows-LiveId/Operational</Channel>
<Computer>WIN-PTFPHFCRDJ0</Computer>
<Security UserID="S-1-5-21-1152959844-3645458174-3779170896-1000"></Security>
</System>
<EventData><Data Name="ResourceURI">474a-87ad-2f9a87615fa3-dc1-tip.cloudapp.net</Data>
<Data Name="Created">2020-10-23 02:22:30</Data>
<Data Name="Expires">2020-10-24 02:22:30</Data>
<Data Name="TokenType">urn:passport:compact</Data>
<Data Name="AuthRequired">0</Data>
<Data Name="RequestStatus">0</Data>
<Data Name="HasFlowUrl">False</Data>
<Data Name="HasAuthUrl">False</Data>
<Data Name="HasEndAuthUrl">False</Data>
</EventData>
</Event>

<Event xmlns="http://schemas.microsoft.com/win/2004/08/events/event"><System><Provider Name="Microsoft-Windows-LiveId" Guid="{05f02597-fe85-4e67-8542-69567ab8fd4f}"></Provider>
<EventID Qualifiers="">2028</EventID>
<Version>0</Version>
<Level>2</Level>
<Task>0</Task>
<Opcode>0</Opcode>
<Keywords>0x4000000000000003</Keywords>
<TimeCreated SystemTime="2020-10-22 20:52:58.178782"></TimeCreated>
<EventRecordID>22</EventRecordID>
<Correlation ActivityID="" RelatedActivityID=""></Correlation>
<Execution ProcessID="540" ThreadID="1520"></Execution>
<Channel>Microsoft-Windows-LiveId/Operational</Channel>
<Computer>WIN-PTFPHFCRDJ0</Computer>
<Security UserID="S-1-5-19"></Security>
</System>
<EventData><Data Name="FunctionName">GetWindowsDeviceId</Data>
<Data Name="ErrorCode">-2147024894</Data>
</EventData>
</Event>

<Event xmlns="http://schemas.microsoft.com/win/2004/08/events/event"><System><Provider Name="Microsoft-Windows-LiveId" Guid="{05f02597-fe85-4e67-8542-69567ab8fd4f}"></Provider>
<EventID Qualifiers="">6115</EventID>
<Version>0</Version>
<Level>4</Level>
<Task>0</Task>
<Opcode>0</Opcode>
<Keywords>0x4000000000200800</Keywords>
<TimeCreated SystemTime="2020-10-22 20:52:58.181351"></TimeCreated>
<EventRecordID>23</EventRecordID>
<Correlation ActivityID="" RelatedActivityID=""></Correlation>
<Execution ProcessID="540" ThreadID="1520"></Execution>
<Channel>Microsoft-Windows-LiveId/Operational</Channel>
<Computer>WIN-PTFPHFCRDJ0</Computer>
<Security UserID="S-1-5-19"></Security>
</System>
<EventData><Data Name="Value">&lt;s:Envelope&gt;&lt;s:Header&gt;&lt;wsa:Action s:mustUnderstand="1"&gt;*&lt;/wsa:Action&gt;&lt;wsa:To s:mustUnderstand="1"&gt;*&lt;/wsa:To&gt;&lt;wsa:MessageID&gt;*&lt;/wsa:MessageID&gt;&lt;ps:AuthInfo Id="PPAuthInfo"&gt;&lt;ps:HostingApp&gt;*&lt;/ps:HostingApp&gt;&lt;ps:BinaryVersion&gt;*&lt;/ps:BinaryVersion&gt;&lt;ps:UIVersion&gt;*&lt;/ps:UIVersion&gt;&lt;ps:InlineUX&gt;*&lt;/ps:InlineUX&gt;&lt;ps:Cookies&gt;&lt;/ps:Cookies&gt;&lt;ps:RequestParams&gt;*&lt;/ps:RequestParams&gt;&lt;ps:LicenseSignatureKeyVersion&gt;*&lt;/ps:LicenseSignatureKeyVersion&gt;&lt;ps:ClientCapabilities&gt;*&lt;/ps:ClientCapabilities&gt;&lt;/ps:AuthInfo&gt;&lt;wsse:Security&gt;&lt;wsse:UsernameToken wsu:Id="devicesoftware"&gt;&lt;wsse:Username&gt;*&lt;/wsse:Username&gt;&lt;/wsse:UsernameToken&gt;&lt;wsse:BinarySecurityToken ValueType="urn:liveid:device" id="DeviceDAToken"&gt;*&lt;/wsse:BinarySecurityToken&gt;&lt;wsu:Timestamp wsu:Id="Timestamp"&gt;&lt;wsu:Created&gt;2020-10-22T20:52:57Z&lt;/wsu:Created&gt;&lt;wsu:Expires&gt;2020-10-22T20:57:57Z&lt;/wsu:Expires&gt;&lt;/wsu:Timestamp&gt;&lt;Signature xmlns="http://www.w3.org/2000/09/xmldsig#"&gt;&lt;SignedInfo&gt;&lt;CanonicalizationMethod Algorithm="http://www.w3.org/2001/10/xml-exc-c14n#"&gt;&lt;/CanonicalizationMethod&gt;&lt;SignatureMethod Algorithm="http://www.w3.org/2001/04/xmldsig-more#rsa-sha256"&gt;&lt;/SignatureMethod&gt;&lt;Reference URI="#RST0"&gt;&lt;Transforms&gt;&lt;Transform Algorithm="http://www.w3.org/2001/10/xml-exc-c14n#"&gt;&lt;/Transform&gt;&lt;/Transforms&gt;&lt;DigestMethod Algorithm="http://www.w3.org/2001/04/xmlenc#sha256"&gt;&lt;/DigestMethod&gt;&lt;DigestValue&gt;*&lt;/DigestValue&gt;&lt;/Reference&gt;&lt;Reference URI="#PPAuthInfo"&gt;&lt;Transforms&gt;&lt;Transform Algorithm="http://www.w3.org/2001/10/xml-exc-c14n#"&gt;&lt;/Transform&gt;&lt;/Transforms&gt;&lt;DigestMethod Algorithm="http://www.w3.org/2001/04/xmlenc#sha256"&gt;&lt;/DigestMethod&gt;&lt;DigestValue&gt;*&lt;/DigestValue&gt;&lt;/Reference&gt;&lt;Reference URI="#Timestamp"&gt;&lt;Transforms&gt;&lt;Transform Algorithm="http://www.w3.org/2001/10/xml-exc-c14n#"&gt;&lt;/Transform&gt;&lt;/Transforms&gt;&lt;DigestMethod Algorithm="http://www.w3.org/2001/04/xmlenc#sha256"&gt;&lt;/DigestMethod&gt;&lt;DigestValue&gt;*&lt;/DigestValue&gt;&lt;/Reference&gt;&lt;/SignedInfo&gt;&lt;SignatureValue&gt;*&lt;/SignatureValue&gt;&lt;/Signature&gt;&lt;/wsse:Security&gt;&lt;/s:Header&gt;&lt;s:Body&gt;&lt;wst:RequestSecurityToken Id="RST0"&gt;&lt;wst:RequestType&gt;*&lt;/wst:RequestType&gt;&lt;wsp:AppliesTo&gt;&lt;wsa:EndpointReference&gt;&lt;wsa:Address&gt;http://Passport.NET/tb&lt;/wsa:Address&gt;&lt;/wsa:EndpointReference&gt;&lt;/wsp:AppliesTo&gt;&lt;/wst:RequestSecurityToken&gt;&lt;/s:Body&gt;&lt;/s:Envelope&gt;</Data>
</EventData>
</Event>

<Event xmlns="http://schemas.microsoft.com/win/2004/08/events/event"><System><Provider Name="Microsoft-Windows-LiveId" Guid="{05f02597-fe85-4e67-8542-69567ab8fd4f}"></Provider>
<EventID Qualifiers="">6116</EventID>
<Version>0</Version>
<Level>4</Level>
<Task>0</Task>
<Opcode>0</Opcode>
<Keywords>0x4000000000200800</Keywords>
<TimeCreated SystemTime="2020-10-22 20:52:59.522123"></TimeCreated>
<EventRecordID>24</EventRecordID>
<Correlation ActivityID="" RelatedActivityID=""></Correlation>
<Execution ProcessID="540" ThreadID="1520"></Execution>
<Channel>Microsoft-Windows-LiveId/Operational</Channel>
<Computer>WIN-PTFPHFCRDJ0</Computer>
<Security UserID="S-1-5-19"></Security>
</System>
<EventData><Data Name="Value">&lt;S:Envelope&gt;&lt;S:Header&gt;&lt;wsa:Action wsu:Id="Action" S:mustUnderstand="1"&gt;*&lt;/wsa:Action&gt;&lt;wsa:To wsu:Id="To" S:mustUnderstand="1"&gt;*&lt;/wsa:To&gt;&lt;wsse:Security S:mustUnderstand="1"&gt;&lt;wsu:Timestamp wsu:Id="TS"&gt;&lt;wsu:Created&gt;2020-10-22T20:52:59Z&lt;/wsu:Created&gt;&lt;wsu:Expires&gt;2020-10-22T20:57:59Z&lt;/wsu:Expires&gt;&lt;/wsu:Timestamp&gt;&lt;/wsse:Security&gt;&lt;psf:pp&gt;&lt;psf:serverVersion&gt;*&lt;/psf:serverVersion&gt;&lt;psf:PUID&gt;*&lt;/psf:PUID&gt;&lt;psf:configVersion&gt;16.000.27716.00&lt;/psf:configVersion&gt;&lt;psf:uiVersion&gt;*&lt;/psf:uiVersion&gt;&lt;psf:mobileConfigVersion&gt;*&lt;/psf:mobileConfigVersion&gt;&lt;psf:appDataVersion&gt;*&lt;/psf:appDataVersion&gt;&lt;psf:authstate&gt;0x48803&lt;/psf:authstate&gt;&lt;psf:reqstatus&gt;0x0&lt;/psf:reqstatus&gt;&lt;psf:serverInfo Path="Live1" RollingUpgradeState="ExclusiveNew" LocVersion="0" ServerTime="2020-10-22T20:52:59Z" BuildVersion="16.0.28799.4"&gt;BL02PFA7ACA3F77 2020.10.14.20.58.25&lt;/psf:serverInfo&gt;&lt;psf:cookies/&gt;&lt;psf:credProperties&gt;&lt;psf:credProperty Name="AuthMembername"&gt;*&lt;/psf:credProperty&gt;&lt;psf:credProperty Name="ChildFlags"&gt;*&lt;/psf:credProperty&gt;&lt;psf:credProperty Name="Flags"&gt;*&lt;/psf:credProperty&gt;&lt;psf:credProperty Name="FlagsV2"&gt;*&lt;/psf:credProperty&gt;&lt;psf:credProperty Name="IP"&gt;*&lt;/psf:credProperty&gt;&lt;psf:credProperty Name="AssociatedForStrongAuth"&gt;*&lt;/psf:credProperty&gt;&lt;psf:credProperty Name="RestrictedDA"&gt;*&lt;/psf:credProperty&gt;&lt;psf:credProperty Name="TemporaryPassword"&gt;*&lt;/psf:credProperty&gt;&lt;psf:credProperty Name="KeyPurposes"&gt;*&lt;/psf:credProperty&gt;&lt;/psf:credProperties&gt;&lt;psf:extProperties&gt;&lt;psf:extProperty Name="Notifications"&gt;&lt;/psf:extProperty&gt;&lt;/psf:extProperties&gt;&lt;psf:response/&gt;&lt;psf:DeviceTpmKeyState&gt;*&lt;/psf:DeviceTpmKeyState&gt;&lt;psf:LicenseSignatureKeyVersion&gt;*&lt;/psf:LicenseSignatureKeyVersion&gt;&lt;/psf:pp&gt;&lt;/S:Header&gt;&lt;S:Body&gt;&lt;wst:RequestSecurityTokenResponse&gt;&lt;wst:TokenType&gt;urn:passport:legacy&lt;/wst:TokenType&gt;&lt;wsp:AppliesTo&gt;&lt;wsa:EndpointReference&gt;&lt;wsa:Address&gt;http://Passport.NET/tb&lt;/wsa:Address&gt;&lt;/wsa:EndpointReference&gt;&lt;/wsp:AppliesTo&gt;&lt;wst:Lifetime&gt;&lt;wsu:Created&gt;2020-10-22T20:52:59Z&lt;/wsu:Created&gt;&lt;wsu:Expires&gt;2021-01-20T20:52:59Z&lt;/wsu:Expires&gt;&lt;/wst:Lifetime&gt;&lt;wst:RequestedSecurityToken&gt;&lt;EncryptedData xmlns="http://www.w3.org/2001/04/xmlenc#" Id="devicesoftware" Type="http://www.w3.org/2001/04/xmlenc#Element"&gt;&lt;EncryptionMethod Algorithm="http://www.w3.org/2001/04/xmlenc#tripledes-cbc"&gt;&lt;/EncryptionMethod&gt;&lt;ds:KeyInfo&gt;&lt;ds:KeyName&gt;*&lt;/ds:KeyName&gt;&lt;/ds:KeyInfo&gt;&lt;CipherData&gt;&lt;CipherValue&gt;*&lt;/CipherValue&gt;&lt;/CipherData&gt;&lt;/EncryptedData&gt;&lt;/wst:RequestedSecurityToken&gt;&lt;wst:RequestedAttachedReference&gt;&lt;wsse:SecurityTokenReference&gt;&lt;wsse:Reference URI="2jmj7l5rSw0yVb/vlWAYkK/YBwk="&gt;&lt;/wsse:Reference&gt;&lt;/wsse:SecurityTokenReference&gt;&lt;/wst:RequestedAttachedReference&gt;&lt;wst:RequestedUnattachedReference&gt;&lt;wsse:SecurityTokenReference&gt;&lt;wsse:Reference URI="2jmj7l5rSw0yVb/vlWAYkK/YBwk="&gt;&lt;/wsse:Reference&gt;&lt;/wsse:SecurityTokenReference&gt;&lt;/wst:RequestedUnattachedReference&gt;&lt;wst:RequestedProofToken&gt;&lt;wst:BinarySecret Type="urn:liveid:clepkey"&gt;*&lt;/wst:BinarySecret&gt;&lt;EncryptedKey xmlns="http://www.w3.org/2001/04/xmlenc#"&gt;&lt;EncryptionMethod Algorithm="http://www.w3.org/2001/04/xmlenc#rsa-oaep-mgf1p"/&gt;&lt;CipherData&gt;&lt;CipherValue&gt;*&lt;/CipherValue&gt;&lt;/CipherData&gt;&lt;/EncryptedKey&gt;&lt;/wst:RequestedProofToken&gt;&lt;/wst:RequestSecurityTokenResponse&gt;&lt;/S:Body&gt;&lt;/S:Envelope&gt;</Data>
</EventData>
</Event>

<Event xmlns="http://schemas.microsoft.com/win/2004/08/events/event"><System><Provider Name="Microsoft-Windows-LiveId" Guid="{05f02597-fe85-4e67-8542-69567ab8fd4f}"></Provider>
<EventID Qualifiers="">6117</EventID>
<Version>0</Version>
<Level>4</Level>
<Task>0</Task>
<Opcode>0</Opcode>
<Keywords>0x4000000000200800</Keywords>
<TimeCreated SystemTime="2020-10-22 20:52:59.525753"></TimeCreated>
<EventRecordID>25</EventRecordID>
<Correlation ActivityID="" RelatedActivityID=""></Correlation>
<Execution ProcessID="540" ThreadID="1520"></Execution>
<Channel>Microsoft-Windows-LiveId/Operational</Channel>
<Computer>WIN-PTFPHFCRDJ0</Computer>
<Security UserID="S-1-5-19"></Security>
</System>
<EventData><Data Name="ResourceURI">http://Passport.NET/tb</Data>
<Data Name="Created">2020-10-23 02:22:59</Data>
<Data Name="Expires">2021-01-21 02:22:59</Data>
<Data Name="TokenType">urn:passport:legacy</Data>
<Data Name="AuthRequired">0</Data>
<Data Name="RequestStatus">0</Data>
<Data Name="HasFlowUrl">False</Data>
<Data Name="HasAuthUrl">False</Data>
<Data Name="HasEndAuthUrl">False</Data>
</EventData>
</Event>

<Event xmlns="http://schemas.microsoft.com/win/2004/08/events/event"><System><Provider Name="Microsoft-Windows-LiveId" Guid="{05f02597-fe85-4e67-8542-69567ab8fd4f}"></Provider>
<EventID Qualifiers="">2028</EventID>
<Version>0</Version>
<Level>2</Level>
<Task>0</Task>
<Opcode>0</Opcode>
<Keywords>0x4000000000000003</Keywords>
<TimeCreated SystemTime="2020-10-22 20:52:59.545855"></TimeCreated>
<EventRecordID>26</EventRecordID>
<Correlation ActivityID="" RelatedActivityID=""></Correlation>
<Execution ProcessID="540" ThreadID="1520"></Execution>
<Channel>Microsoft-Windows-LiveId/Operational</Channel>
<Computer>WIN-PTFPHFCRDJ0</Computer>
<Security UserID="S-1-5-19"></Security>
</System>
<EventData><Data Name="FunctionName">GetWindowsDeviceId</Data>
<Data Name="ErrorCode">-2147024894</Data>
</EventData>
</Event>

<Event xmlns="http://schemas.microsoft.com/win/2004/08/events/event"><System><Provider Name="Microsoft-Windows-LiveId" Guid="{05f02597-fe85-4e67-8542-69567ab8fd4f}"></Provider>
<EventID Qualifiers="">6115</EventID>
<Version>0</Version>
<Level>4</Level>
<Task>0</Task>
<Opcode>0</Opcode>
<Keywords>0x4000000000200800</Keywords>
<TimeCreated SystemTime="2020-10-22 20:52:59.548885"></TimeCreated>
<EventRecordID>27</EventRecordID>
<Correlation ActivityID="" RelatedActivityID=""></Correlation>
<Execution ProcessID="540" ThreadID="1520"></Execution>
<Channel>Microsoft-Windows-LiveId/Operational</Channel>
<Computer>WIN-PTFPHFCRDJ0</Computer>
<Security UserID="S-1-5-19"></Security>
</System>
<EventData><Data Name="Value">&lt;s:Envelope&gt;&lt;s:Header&gt;&lt;wsa:Action s:mustUnderstand="1"&gt;*&lt;/wsa:Action&gt;&lt;wsa:To s:mustUnderstand="1"&gt;*&lt;/wsa:To&gt;&lt;wsa:MessageID&gt;*&lt;/wsa:MessageID&gt;&lt;ps:AuthInfo Id="PPAuthInfo"&gt;&lt;ps:HostingApp&gt;*&lt;/ps:HostingApp&gt;&lt;ps:BinaryVersion&gt;*&lt;/ps:BinaryVersion&gt;&lt;ps:UIVersion&gt;*&lt;/ps:UIVersion&gt;&lt;ps:InlineUX&gt;*&lt;/ps:InlineUX&gt;&lt;ps:Cookies&gt;&lt;/ps:Cookies&gt;&lt;ps:RequestParams&gt;*&lt;/ps:RequestParams&gt;&lt;ps:LicenseSignatureKeyVersion&gt;*&lt;/ps:LicenseSignatureKeyVersion&gt;&lt;ps:ClientCapabilities&gt;*&lt;/ps:ClientCapabilities&gt;&lt;/ps:AuthInfo&gt;&lt;wsse:Security&gt;&lt;EncryptedData xmlns="http://www.w3.org/2001/04/xmlenc#" Id="devicesoftware" Type="http://www.w3.org/2001/04/xmlenc#Element"&gt;&lt;EncryptionMethod Algorithm="http://www.w3.org/2001/04/xmlenc#tripledes-cbc"&gt;&lt;/EncryptionMethod&gt;&lt;ds:KeyInfo&gt;&lt;ds:KeyName&gt;*&lt;/ds:KeyName&gt;&lt;/ds:KeyInfo&gt;&lt;CipherData&gt;&lt;CipherValue&gt;*&lt;/CipherValue&gt;&lt;/CipherData&gt;&lt;/EncryptedData&gt;&lt;wssc:DerivedKeyToken wsu:Id="SignKey" Algorithm="urn:liveid:SP800108_CTR_HMAC_SHA256_DOUBLEDERIVED"&gt;&lt;wsse:RequestedTokenReference&gt;&lt;wsse:KeyIdentifier ValueType="http://docs.oasis-open.org/wss/2004/XX/oasis-2004XX-wss-saml-token-profile-1.0#SAMLAssertionID"/&gt;&lt;wsse:Reference URI=""/&gt;&lt;/wsse:RequestedTokenReference&gt;&lt;wssc:Nonce&gt;*&lt;/wssc:Nonce&gt;&lt;/wssc:DerivedKeyToken&gt;&lt;wsu:Timestamp wsu:Id="Timestamp"&gt;&lt;wsu:Created&gt;2020-10-22T20:52:58Z&lt;/wsu:Created&gt;&lt;wsu:Expires&gt;2020-10-22T20:57:58Z&lt;/wsu:Expires&gt;&lt;/wsu:Timestamp&gt;&lt;Signature xmlns="http://www.w3.org/2000/09/xmldsig#"&gt;&lt;SignedInfo&gt;&lt;CanonicalizationMethod Algorithm="http://www.w3.org/2001/10/xml-exc-c14n#"&gt;&lt;/CanonicalizationMethod&gt;&lt;SignatureMethod Algorithm="http://www.w3.org/2001/04/xmldsig-more#hmac-sha256"&gt;&lt;/SignatureMethod&gt;&lt;Reference URI="#RST0"&gt;&lt;Transforms&gt;&lt;Transform Algorithm="http://www.w3.org/2001/10/xml-exc-c14n#"&gt;&lt;/Transform&gt;&lt;/Transforms&gt;&lt;DigestMethod Algorithm="http://www.w3.org/2001/04/xmlenc#sha256"&gt;&lt;/DigestMethod&gt;&lt;DigestValue&gt;*&lt;/DigestValue&gt;&lt;/Reference&gt;&lt;Reference URI="#Timestamp"&gt;&lt;Transforms&gt;&lt;Transform Algorithm="http://www.w3.org/2001/10/xml-exc-c14n#"&gt;&lt;/Transform&gt;&lt;/Transforms&gt;&lt;DigestMethod Algorithm="http://www.w3.org/2001/04/xmlenc#sha256"&gt;&lt;/DigestMethod&gt;&lt;DigestValue&gt;*&lt;/DigestValue&gt;&lt;/Reference&gt;&lt;Reference URI="#PPAuthInfo"&gt;&lt;Transforms&gt;&lt;Transform Algorithm="http://www.w3.org/2001/10/xml-exc-c14n#"&gt;&lt;/Transform&gt;&lt;/Transforms&gt;&lt;DigestMethod Algorithm="http://www.w3.org/2001/04/xmlenc#sha256"&gt;&lt;/DigestMethod&gt;&lt;DigestValue&gt;*&lt;/DigestValue&gt;&lt;/Reference&gt;&lt;/SignedInfo&gt;&lt;SignatureValue&gt;*&lt;/SignatureValue&gt;&lt;KeyInfo&gt;&lt;wsse:SecurityTokenReference&gt;&lt;wsse:Reference URI="#SignKey"/&gt;&lt;/wsse:SecurityTokenReference&gt;&lt;/KeyInfo&gt;&lt;/Signature&gt;&lt;/wsse:Security&gt;&lt;/s:Header&gt;&lt;s:Body&gt;&lt;wst:RequestSecurityToken Id="RST0"&gt;&lt;wst:RequestType&gt;*&lt;/wst:RequestType&gt;&lt;wsp:AppliesTo&gt;&lt;wsa:EndpointReference&gt;&lt;wsa:Address&gt;www.microsoft.com&lt;/wsa:Address&gt;&lt;/wsa:EndpointReference&gt;&lt;/wsp:AppliesTo&gt;&lt;wsp:PolicyReference URI="mbi_ssl"&gt;&lt;/wsp:PolicyReference&gt;&lt;/wst:RequestSecurityToken&gt;&lt;/s:Body&gt;&lt;/s:Envelope&gt;</Data>
</EventData>
</Event>

<Event xmlns="http://schemas.microsoft.com/win/2004/08/events/event"><System><Provider Name="Microsoft-Windows-LiveId" Guid="{05f02597-fe85-4e67-8542-69567ab8fd4f}"></Provider>
<EventID Qualifiers="">6116</EventID>
<Version>0</Version>
<Level>4</Level>
<Task>0</Task>
<Opcode>0</Opcode>
<Keywords>0x4000000000200800</Keywords>
<TimeCreated SystemTime="2020-10-22 20:53:01.410526"></TimeCreated>
<EventRecordID>28</EventRecordID>
<Correlation ActivityID="" RelatedActivityID=""></Correlation>
<Execution ProcessID="540" ThreadID="1520"></Execution>
<Channel>Microsoft-Windows-LiveId/Operational</Channel>
<Computer>WIN-PTFPHFCRDJ0</Computer>
<Security UserID="S-1-5-19"></Security>
</System>
<EventData><Data Name="Value">&lt;S:Envelope&gt;&lt;S:Header&gt;&lt;wsa:Action wsu:Id="Action" S:mustUnderstand="1"&gt;*&lt;/wsa:Action&gt;&lt;wsa:To wsu:Id="To" S:mustUnderstand="1"&gt;*&lt;/wsa:To&gt;&lt;wsse:Security&gt;&lt;wsu:Timestamp wsu:Id="TS"&gt;&lt;wsu:Created&gt;2020-10-22T20:53:01Z&lt;/wsu:Created&gt;&lt;wsu:Expires&gt;2020-10-22T20:58:01Z&lt;/wsu:Expires&gt;&lt;/wsu:Timestamp&gt;&lt;wssc:DerivedKeyToken wsu:Id="SignKey" Algorithm="urn:liveid:SP800108_CTR_HMAC_SHA256_DOUBLEDERIVED"&gt;&lt;wsse:SecurityTokenReference&gt;&lt;wsse:Reference URI="2w6flD6Z7uBJR+EXy+SSF5vtaCE="&gt;&lt;/wsse:Reference&gt;&lt;/wsse:SecurityTokenReference&gt;&lt;wssc:Nonce&gt;*&lt;/wssc:Nonce&gt;&lt;/wssc:DerivedKeyToken&gt;&lt;wssc:DerivedKeyToken wsu:Id="EncKey" Algorithm="urn:liveid:SP800108_CTR_HMAC_SHA256_DOUBLEDERIVED"&gt;&lt;wsse:SecurityTokenReference&gt;&lt;wsse:Reference URI="2w6flD6Z7uBJR+EXy+SSF5vtaCE="&gt;&lt;/wsse:Reference&gt;&lt;/wsse:SecurityTokenReference&gt;&lt;wssc:Nonce&gt;*&lt;/wssc:Nonce&gt;&lt;/wssc:DerivedKeyToken&gt;&lt;Signature xmlns="http://www.w3.org/2000/09/xmldsig#"&gt;&lt;SignedInfo&gt;&lt;CanonicalizationMethod Algorithm="http://www.w3.org/2001/10/xml-exc-c14n#"&gt;&lt;/CanonicalizationMethod&gt;&lt;SignatureMethod Algorithm="http://www.w3.org/2001/04/xmldsig-more#hmac-sha256"&gt;&lt;/SignatureMethod&gt;&lt;Reference URI="#EncPsf"&gt;&lt;Transforms&gt;&lt;Transform Algorithm="http://www.w3.org/2001/10/xml-exc-c14n#"&gt;&lt;/Transform&gt;&lt;/Transforms&gt;&lt;DigestMethod Algorithm="http://www.w3.org/2001/04/xmlenc#sha256"&gt;&lt;/DigestMethod&gt;&lt;DigestValue&gt;*&lt;/DigestValue&gt;&lt;/Reference&gt;&lt;Reference URI="#Body"&gt;&lt;Transforms&gt;&lt;Transform Algorithm="http://www.w3.org/2001/10/xml-exc-c14n#"&gt;&lt;/Transform&gt;&lt;/Transforms&gt;&lt;DigestMethod Algorithm="http://www.w3.org/2001/04/xmlenc#sha256"&gt;&lt;/DigestMethod&gt;&lt;DigestValue&gt;*&lt;/DigestValue&gt;&lt;/Reference&gt;&lt;Reference URI="#To"&gt;&lt;Transforms&gt;&lt;Transform Algorithm="http://www.w3.org/2001/10/xml-exc-c14n#"&gt;&lt;/Transform&gt;&lt;/Transforms&gt;&lt;DigestMethod Algorithm="http://www.w3.org/2001/04/xmlenc#sha256"&gt;&lt;/DigestMethod&gt;&lt;DigestValue&gt;*&lt;/DigestValue&gt;&lt;/Reference&gt;&lt;Reference URI="#Action"&gt;&lt;Transforms&gt;&lt;Transform Algorithm="http://www.w3.org/2001/10/xml-exc-c14n#"&gt;&lt;/Transform&gt;&lt;/Transforms&gt;&lt;DigestMethod Algorithm="http://www.w3.org/2001/04/xmlenc#sha256"&gt;&lt;/DigestMethod&gt;&lt;DigestValue&gt;*&lt;/DigestValue&gt;&lt;/Reference&gt;&lt;Reference URI="#TS"&gt;&lt;Transforms&gt;&lt;Transform Algorithm="http://www.w3.org/2001/10/xml-exc-c14n#"&gt;&lt;/Transform&gt;&lt;/Transforms&gt;&lt;DigestMethod Algorithm="http://www.w3.org/2001/04/xmlenc#sha256"&gt;&lt;/DigestMethod&gt;&lt;DigestValue&gt;*&lt;/DigestValue&gt;&lt;/Reference&gt;&lt;/SignedInfo&gt;&lt;SignatureValue&gt;*&lt;/SignatureValue&gt;&lt;KeyInfo&gt;&lt;wsse:SecurityTokenReference&gt;&lt;wsse:Reference URI="#SignKey"&gt;&lt;/wsse:Reference&gt;&lt;/wsse:SecurityTokenReference&gt;&lt;/KeyInfo&gt;&lt;/Signature&gt;&lt;e:ReferenceList xmlns:e="http://www.w3.org/2001/04/xmlenc#"&gt;&lt;e:DataReference URI="#RSTR"/&gt;&lt;e:DataReference URI="#EncPsf"/&gt;&lt;/e:ReferenceList&gt;&lt;/wsse:Security&gt;&lt;psf:EncryptedPP&gt;&lt;EncryptedData xmlns="http://www.w3.org/2001/04/xmlenc#" Id="EncPsf" Type="http://www.w3.org/2001/04/xmlenc#Element"&gt;&lt;EncryptionMethod Algorithm="http://www.w3.org/2001/04/xmlenc#aes256-cbc"&gt;&lt;/EncryptionMethod&gt;&lt;KeyInfo xmlns="http://www.w3.org/2000/09/xmldsig#"&gt;&lt;wsse:SecurityTokenReference&gt;&lt;wsse:Reference URI="#EncKey"&gt;&lt;/wsse:Reference&gt;&lt;/wsse:SecurityTokenReference&gt;&lt;/KeyInfo&gt;&lt;CipherData&gt;&lt;CipherValue&gt;*&lt;/CipherValue&gt;&lt;/CipherData&gt;&lt;/EncryptedData&gt;&lt;/psf:EncryptedPP&gt;&lt;/S:Header&gt;&lt;S:Body wsu:Id="Body"&gt;&lt;EncryptedData xmlns="http://www.w3.org/2001/04/xmlenc#" Id="RSTR" Type="http://www.w3.org/2001/04/xmlenc#Element"&gt;&lt;EncryptionMethod Algorithm="http://www.w3.org/2001/04/xmlenc#aes256-cbc"&gt;&lt;/EncryptionMethod&gt;&lt;KeyInfo xmlns="http://www.w3.org/2000/09/xmldsig#"&gt;&lt;wsse:SecurityTokenReference&gt;&lt;wsse:Reference URI="#EncKey"&gt;&lt;/wsse:Reference&gt;&lt;/wsse:SecurityTokenReference&gt;&lt;/KeyInfo&gt;&lt;CipherData&gt;&lt;CipherValue&gt;*&lt;/CipherValue&gt;&lt;/CipherData&gt;&lt;/EncryptedData&gt;&lt;/S:Body&gt;&lt;/S:Envelope&gt;</Data>
</EventData>
</Event>

<Event xmlns="http://schemas.microsoft.com/win/2004/08/events/event"><System><Provider Name="Microsoft-Windows-LiveId" Guid="{05f02597-fe85-4e67-8542-69567ab8fd4f}"></Provider>
<EventID Qualifiers="">6117</EventID>
<Version>0</Version>
<Level>4</Level>
<Task>0</Task>
<Opcode>0</Opcode>
<Keywords>0x4000000000200800</Keywords>
<TimeCreated SystemTime="2020-10-22 20:53:01.411869"></TimeCreated>
<EventRecordID>29</EventRecordID>
<Correlation ActivityID="" RelatedActivityID=""></Correlation>
<Execution ProcessID="540" ThreadID="1520"></Execution>
<Channel>Microsoft-Windows-LiveId/Operational</Channel>
<Computer>WIN-PTFPHFCRDJ0</Computer>
<Security UserID="S-1-5-19"></Security>
</System>
<EventData><Data Name="ResourceURI">www.microsoft.com</Data>
<Data Name="Created">2020-10-23 02:23:01</Data>
<Data Name="Expires">2020-10-24 02:23:01</Data>
<Data Name="TokenType">urn:passport:compact</Data>
<Data Name="AuthRequired">0</Data>
<Data Name="RequestStatus">0</Data>
<Data Name="HasFlowUrl">False</Data>
<Data Name="HasAuthUrl">False</Data>
<Data Name="HasEndAuthUrl">False</Data>
</EventData>
</Event>

<Event xmlns="http://schemas.microsoft.com/win/2004/08/events/event"><System><Provider Name="Microsoft-Windows-LiveId" Guid="{05f02597-fe85-4e67-8542-69567ab8fd4f}"></Provider>
<EventID Qualifiers="">2028</EventID>
<Version>0</Version>
<Level>2</Level>
<Task>0</Task>
<Opcode>0</Opcode>
<Keywords>0x4000000000000003</Keywords>
<TimeCreated SystemTime="2020-10-22 20:53:07.593857"></TimeCreated>
<EventRecordID>30</EventRecordID>
<Correlation ActivityID="" RelatedActivityID=""></Correlation>
<Execution ProcessID="540" ThreadID="2020"></Execution>
<Channel>Microsoft-Windows-LiveId/Operational</Channel>
<Computer>WIN-PTFPHFCRDJ0</Computer>
<Security UserID="S-1-5-21-1152959844-3645458174-3779170896-1000"></Security>
</System>
<EventData><Data Name="FunctionName">GetWindowsDeviceId</Data>
<Data Name="ErrorCode">-2147024894</Data>
</EventData>
</Event>

<Event xmlns="http://schemas.microsoft.com/win/2004/08/events/event"><System><Provider Name="Microsoft-Windows-LiveId" Guid="{05f02597-fe85-4e67-8542-69567ab8fd4f}"></Provider>
<EventID Qualifiers="">6115</EventID>
<Version>0</Version>
<Level>4</Level>
<Task>0</Task>
<Opcode>0</Opcode>
<Keywords>0x4000000000200800</Keywords>
<TimeCreated SystemTime="2020-10-22 20:53:07.595804"></TimeCreated>
<EventRecordID>31</EventRecordID>
<Correlation ActivityID="" RelatedActivityID=""></Correlation>
<Execution ProcessID="540" ThreadID="2020"></Execution>
<Channel>Microsoft-Windows-LiveId/Operational</Channel>
<Computer>WIN-PTFPHFCRDJ0</Computer>
<Security UserID="S-1-5-21-1152959844-3645458174-3779170896-1000"></Security>
</System>
<EventData><Data Name="Value">&lt;s:Envelope&gt;&lt;s:Header&gt;&lt;wsa:Action s:mustUnderstand="1"&gt;*&lt;/wsa:Action&gt;&lt;wsa:To s:mustUnderstand="1"&gt;*&lt;/wsa:To&gt;&lt;wsa:MessageID&gt;*&lt;/wsa:MessageID&gt;&lt;ps:AuthInfo Id="PPAuthInfo"&gt;&lt;ps:HostingApp&gt;*&lt;/ps:HostingApp&gt;&lt;ps:BinaryVersion&gt;*&lt;/ps:BinaryVersion&gt;&lt;ps:UIVersion&gt;*&lt;/ps:UIVersion&gt;&lt;ps:InlineUX&gt;*&lt;/ps:InlineUX&gt;&lt;ps:IsAdmin&gt;*&lt;/ps:IsAdmin&gt;&lt;ps:Cookies&gt;&lt;/ps:Cookies&gt;&lt;ps:RequestParams&gt;*&lt;/ps:RequestParams&gt;&lt;ps:LicenseSignatureKeyVersion&gt;*&lt;/ps:LicenseSignatureKeyVersion&gt;&lt;ps:ClientCapabilities&gt;*&lt;/ps:ClientCapabilities&gt;&lt;/ps:AuthInfo&gt;&lt;wsse:Security&gt;&lt;EncryptedData xmlns="http://www.w3.org/2001/04/xmlenc#" Id="devicesoftware" Type="http://www.w3.org/2001/04/xmlenc#Element"&gt;&lt;EncryptionMethod Algorithm="http://www.w3.org/2001/04/xmlenc#tripledes-cbc"&gt;&lt;/EncryptionMethod&gt;&lt;ds:KeyInfo&gt;&lt;ds:KeyName&gt;*&lt;/ds:KeyName&gt;&lt;/ds:KeyInfo&gt;&lt;CipherData&gt;&lt;CipherValue&gt;*&lt;/CipherValue&gt;&lt;/CipherData&gt;&lt;/EncryptedData&gt;&lt;wssc:DerivedKeyToken wsu:Id="SignKey" Algorithm="urn:liveid:SP800108_CTR_HMAC_SHA256_DOUBLEDERIVED"&gt;&lt;wsse:RequestedTokenReference&gt;&lt;wsse:KeyIdentifier ValueType="http://docs.oasis-open.org/wss/2004/XX/oasis-2004XX-wss-saml-token-profile-1.0#SAMLAssertionID"/&gt;&lt;wsse:Reference URI=""/&gt;&lt;/wsse:RequestedTokenReference&gt;&lt;wssc:Nonce&gt;*&lt;/wssc:Nonce&gt;&lt;/wssc:DerivedKeyToken&gt;&lt;wsu:Timestamp wsu:Id="Timestamp"&gt;&lt;wsu:Created&gt;2020-10-22T20:53:06Z&lt;/wsu:Created&gt;&lt;wsu:Expires&gt;2020-10-22T20:58:06Z&lt;/wsu:Expires&gt;&lt;/wsu:Timestamp&gt;&lt;Signature xmlns="http://www.w3.org/2000/09/xmldsig#"&gt;&lt;SignedInfo&gt;&lt;CanonicalizationMethod Algorithm="http://www.w3.org/2001/10/xml-exc-c14n#"&gt;&lt;/CanonicalizationMethod&gt;&lt;SignatureMethod Algorithm="http://www.w3.org/2001/04/xmldsig-more#hmac-sha256"&gt;&lt;/SignatureMethod&gt;&lt;Reference URI="#RST0"&gt;&lt;Transforms&gt;&lt;Transform Algorithm="http://www.w3.org/2001/10/xml-exc-c14n#"&gt;&lt;/Transform&gt;&lt;/Transforms&gt;&lt;DigestMethod Algorithm="http://www.w3.org/2001/04/xmlenc#sha256"&gt;&lt;/DigestMethod&gt;&lt;DigestValue&gt;*&lt;/DigestValue&gt;&lt;/Reference&gt;&lt;Reference URI="#Timestamp"&gt;&lt;Transforms&gt;&lt;Transform Algorithm="http://www.w3.org/2001/10/xml-exc-c14n#"&gt;&lt;/Transform&gt;&lt;/Transforms&gt;&lt;DigestMethod Algorithm="http://www.w3.org/2001/04/xmlenc#sha256"&gt;&lt;/DigestMethod&gt;&lt;DigestValue&gt;*&lt;/DigestValue&gt;&lt;/Reference&gt;&lt;Reference URI="#PPAuthInfo"&gt;&lt;Transforms&gt;&lt;Transform Algorithm="http://www.w3.org/2001/10/xml-exc-c14n#"&gt;&lt;/Transform&gt;&lt;/Transforms&gt;&lt;DigestMethod Algorithm="http://www.w3.org/2001/04/xmlenc#sha256"&gt;&lt;/DigestMethod&gt;&lt;DigestValue&gt;*&lt;/DigestValue&gt;&lt;/Reference&gt;&lt;/SignedInfo&gt;&lt;SignatureValue&gt;*&lt;/SignatureValue&gt;&lt;KeyInfo&gt;&lt;wsse:SecurityTokenReference&gt;&lt;wsse:Reference URI="#SignKey"/&gt;&lt;/wsse:SecurityTokenReference&gt;&lt;/KeyInfo&gt;&lt;/Signature&gt;&lt;/wsse:Security&gt;&lt;/s:Header&gt;&lt;s:Body&gt;&lt;wst:RequestSecurityToken Id="RST0"&gt;&lt;wst:RequestType&gt;*&lt;/wst:RequestType&gt;&lt;wsp:AppliesTo&gt;&lt;wsa:EndpointReference&gt;&lt;wsa:Address&gt;dcat.update.microsoft.com&lt;/wsa:Address&gt;&lt;/wsa:EndpointReference&gt;&lt;/wsp:AppliesTo&gt;&lt;wsp:PolicyReference URI="MBI_SSL"&gt;&lt;/wsp:PolicyReference&gt;&lt;/wst:RequestSecurityToken&gt;&lt;/s:Body&gt;&lt;/s:Envelope&gt;</Data>
</EventData>
</Event>

<Event xmlns="http://schemas.microsoft.com/win/2004/08/events/event"><System><Provider Name="Microsoft-Windows-LiveId" Guid="{05f02597-fe85-4e67-8542-69567ab8fd4f}"></Provider>
<EventID Qualifiers="">6116</EventID>
<Version>0</Version>
<Level>4</Level>
<Task>0</Task>
<Opcode>0</Opcode>
<Keywords>0x4000000000200800</Keywords>
<TimeCreated SystemTime="2020-10-22 20:53:08.222486"></TimeCreated>
<EventRecordID>32</EventRecordID>
<Correlation ActivityID="" RelatedActivityID=""></Correlation>
<Execution ProcessID="540" ThreadID="2020"></Execution>
<Channel>Microsoft-Windows-LiveId/Operational</Channel>
<Computer>WIN-PTFPHFCRDJ0</Computer>
<Security UserID="S-1-5-21-1152959844-3645458174-3779170896-1000"></Security>
</System>
<EventData><Data Name="Value">&lt;S:Envelope&gt;&lt;S:Header&gt;&lt;wsa:Action wsu:Id="Action" S:mustUnderstand="1"&gt;*&lt;/wsa:Action&gt;&lt;wsa:To wsu:Id="To" S:mustUnderstand="1"&gt;*&lt;/wsa:To&gt;&lt;wsse:Security&gt;&lt;wsu:Timestamp wsu:Id="TS"&gt;&lt;wsu:Created&gt;2020-10-22T20:53:08Z&lt;/wsu:Created&gt;&lt;wsu:Expires&gt;2020-10-22T20:58:08Z&lt;/wsu:Expires&gt;&lt;/wsu:Timestamp&gt;&lt;wssc:DerivedKeyToken wsu:Id="SignKey" Algorithm="urn:liveid:SP800108_CTR_HMAC_SHA256_DOUBLEDERIVED"&gt;&lt;wsse:SecurityTokenReference&gt;&lt;wsse:Reference URI="ZDQP2Jwx3kuFfFzyEMr7c+EU8nY="&gt;&lt;/wsse:Reference&gt;&lt;/wsse:SecurityTokenReference&gt;&lt;wssc:Nonce&gt;*&lt;/wssc:Nonce&gt;&lt;/wssc:DerivedKeyToken&gt;&lt;wssc:DerivedKeyToken wsu:Id="EncKey" Algorithm="urn:liveid:SP800108_CTR_HMAC_SHA256_DOUBLEDERIVED"&gt;&lt;wsse:SecurityTokenReference&gt;&lt;wsse:Reference URI="ZDQP2Jwx3kuFfFzyEMr7c+EU8nY="&gt;&lt;/wsse:Reference&gt;&lt;/wsse:SecurityTokenReference&gt;&lt;wssc:Nonce&gt;*&lt;/wssc:Nonce&gt;&lt;/wssc:DerivedKeyToken&gt;&lt;Signature xmlns="http://www.w3.org/2000/09/xmldsig#"&gt;&lt;SignedInfo&gt;&lt;CanonicalizationMethod Algorithm="http://www.w3.org/2001/10/xml-exc-c14n#"&gt;&lt;/CanonicalizationMethod&gt;&lt;SignatureMethod Algorithm="http://www.w3.org/2001/04/xmldsig-more#hmac-sha256"&gt;&lt;/SignatureMethod&gt;&lt;Reference URI="#EncPsf"&gt;&lt;Transforms&gt;&lt;Transform Algorithm="http://www.w3.org/2001/10/xml-exc-c14n#"&gt;&lt;/Transform&gt;&lt;/Transforms&gt;&lt;DigestMethod Algorithm="http://www.w3.org/2001/04/xmlenc#sha256"&gt;&lt;/DigestMethod&gt;&lt;DigestValue&gt;*&lt;/DigestValue&gt;&lt;/Reference&gt;&lt;Reference URI="#Body"&gt;&lt;Transforms&gt;&lt;Transform Algorithm="http://www.w3.org/2001/10/xml-exc-c14n#"&gt;&lt;/Transform&gt;&lt;/Transforms&gt;&lt;DigestMethod Algorithm="http://www.w3.org/2001/04/xmlenc#sha256"&gt;&lt;/DigestMethod&gt;&lt;DigestValue&gt;*&lt;/DigestValue&gt;&lt;/Reference&gt;&lt;Reference URI="#To"&gt;&lt;Transforms&gt;&lt;Transform Algorithm="http://www.w3.org/2001/10/xml-exc-c14n#"&gt;&lt;/Transform&gt;&lt;/Transforms&gt;&lt;DigestMethod Algorithm="http://www.w3.org/2001/04/xmlenc#sha256"&gt;&lt;/DigestMethod&gt;&lt;DigestValue&gt;*&lt;/DigestValue&gt;&lt;/Reference&gt;&lt;Reference URI="#Action"&gt;&lt;Transforms&gt;&lt;Transform Algorithm="http://www.w3.org/2001/10/xml-exc-c14n#"&gt;&lt;/Transform&gt;&lt;/Transforms&gt;&lt;DigestMethod Algorithm="http://www.w3.org/2001/04/xmlenc#sha256"&gt;&lt;/DigestMethod&gt;&lt;DigestValue&gt;*&lt;/DigestValue&gt;&lt;/Reference&gt;&lt;Reference URI="#TS"&gt;&lt;Transforms&gt;&lt;Transform Algorithm="http://www.w3.org/2001/10/xml-exc-c14n#"&gt;&lt;/Transform&gt;&lt;/Transforms&gt;&lt;DigestMethod Algorithm="http://www.w3.org/2001/04/xmlenc#sha256"&gt;&lt;/DigestMethod&gt;&lt;DigestValue&gt;*&lt;/DigestValue&gt;&lt;/Reference&gt;&lt;/SignedInfo&gt;&lt;SignatureValue&gt;*&lt;/SignatureValue&gt;&lt;KeyInfo&gt;&lt;wsse:SecurityTokenReference&gt;&lt;wsse:Reference URI="#SignKey"&gt;&lt;/wsse:Reference&gt;&lt;/wsse:SecurityTokenReference&gt;&lt;/KeyInfo&gt;&lt;/Signature&gt;&lt;e:ReferenceList xmlns:e="http://www.w3.org/2001/04/xmlenc#"&gt;&lt;e:DataReference URI="#RSTR"/&gt;&lt;e:DataReference URI="#EncPsf"/&gt;&lt;/e:ReferenceList&gt;&lt;/wsse:Security&gt;&lt;psf:EncryptedPP&gt;&lt;EncryptedData xmlns="http://www.w3.org/2001/04/xmlenc#" Id="EncPsf" Type="http://www.w3.org/2001/04/xmlenc#Element"&gt;&lt;EncryptionMethod Algorithm="http://www.w3.org/2001/04/xmlenc#aes256-cbc"&gt;&lt;/EncryptionMethod&gt;&lt;KeyInfo xmlns="http://www.w3.org/2000/09/xmldsig#"&gt;&lt;wsse:SecurityTokenReference&gt;&lt;wsse:Reference URI="#EncKey"&gt;&lt;/wsse:Reference&gt;&lt;/wsse:SecurityTokenReference&gt;&lt;/KeyInfo&gt;&lt;CipherData&gt;&lt;CipherValue&gt;*&lt;/CipherValue&gt;&lt;/CipherData&gt;&lt;/EncryptedData&gt;&lt;/psf:EncryptedPP&gt;&lt;/S:Header&gt;&lt;S:Body wsu:Id="Body"&gt;&lt;EncryptedData xmlns="http://www.w3.org/2001/04/xmlenc#" Id="RSTR" Type="http://www.w3.org/2001/04/xmlenc#Element"&gt;&lt;EncryptionMethod Algorithm="http://www.w3.org/2001/04/xmlenc#aes256-cbc"&gt;&lt;/EncryptionMethod&gt;&lt;KeyInfo xmlns="http://www.w3.org/2000/09/xmldsig#"&gt;&lt;wsse:SecurityTokenReference&gt;&lt;wsse:Reference URI="#EncKey"&gt;&lt;/wsse:Reference&gt;&lt;/wsse:SecurityTokenReference&gt;&lt;/KeyInfo&gt;&lt;CipherData&gt;&lt;CipherValue&gt;*&lt;/CipherValue&gt;&lt;/CipherData&gt;&lt;/EncryptedData&gt;&lt;/S:Body&gt;&lt;/S:Envelope&gt;</Data>
</EventData>
</Event>

<Event xmlns="http://schemas.microsoft.com/win/2004/08/events/event"><System><Provider Name="Microsoft-Windows-LiveId" Guid="{05f02597-fe85-4e67-8542-69567ab8fd4f}"></Provider>
<EventID Qualifiers="">6117</EventID>
<Version>0</Version>
<Level>4</Level>
<Task>0</Task>
<Opcode>0</Opcode>
<Keywords>0x4000000000200800</Keywords>
<TimeCreated SystemTime="2020-10-22 20:53:08.222839"></TimeCreated>
<EventRecordID>33</EventRecordID>
<Correlation ActivityID="" RelatedActivityID=""></Correlation>
<Execution ProcessID="540" ThreadID="2020"></Execution>
<Channel>Microsoft-Windows-LiveId/Operational</Channel>
<Computer>WIN-PTFPHFCRDJ0</Computer>
<Security UserID="S-1-5-21-1152959844-3645458174-3779170896-1000"></Security>
</System>
<EventData><Data Name="ResourceURI">dcat.update.microsoft.com</Data>
<Data Name="Created">2020-10-23 02:23:08</Data>
<Data Name="Expires">2020-10-24 02:23:08</Data>
<Data Name="TokenType">urn:passport:compact</Data>
<Data Name="AuthRequired">0</Data>
<Data Name="RequestStatus">0</Data>
<Data Name="HasFlowUrl">False</Data>
<Data Name="HasAuthUrl">False</Data>
<Data Name="HasEndAuthUrl">False</Data>
</EventData>
</Event>

<Event xmlns="http://schemas.microsoft.com/win/2004/08/events/event"><System><Provider Name="Microsoft-Windows-LiveId" Guid="{05f02597-fe85-4e67-8542-69567ab8fd4f}"></Provider>
<EventID Qualifiers="">2024</EventID>
<Version>0</Version>
<Level>4</Level>
<Task>101</Task>
<Opcode>0</Opcode>
<Keywords>0x4000000000000010</Keywords>
<TimeCreated SystemTime="2020-10-22 20:57:22.995707"></TimeCreated>
<EventRecordID>34</EventRecordID>
<Correlation ActivityID="" RelatedActivityID=""></Correlation>
<Execution ProcessID="1392" ThreadID="1676"></Execution>
<Channel>Microsoft-Windows-LiveId/Operational</Channel>
<Computer>WIN-PTFPHFCRDJ0</Computer>
<Security UserID="S-1-5-18"></Security>
</System>
<EventData><Data Name="Operation">Service started</Data>
<Data Name="Details">The service will auto stop if no requests received for some period of time.</Data>
<Data Name="Status">0x00000000</Data>
</EventData>
</Event>

<Event xmlns="http://schemas.microsoft.com/win/2004/08/events/event"><System><Provider Name="Microsoft-Windows-LiveId" Guid="{05f02597-fe85-4e67-8542-69567ab8fd4f}"></Provider>
<EventID Qualifiers="">6115</EventID>
<Version>0</Version>
<Level>4</Level>
<Task>0</Task>
<Opcode>0</Opcode>
<Keywords>0x4000000000200800</Keywords>
<TimeCreated SystemTime="2020-10-22 20:57:23.100203"></TimeCreated>
<EventRecordID>35</EventRecordID>
<Correlation ActivityID="" RelatedActivityID=""></Correlation>
<Execution ProcessID="1392" ThreadID="1676"></Execution>
<Channel>Microsoft-Windows-LiveId/Operational</Channel>
<Computer>WIN-PTFPHFCRDJ0</Computer>
<Security UserID="S-1-5-18"></Security>
</System>
<EventData><Data Name="Value">&lt;s:Envelope&gt;&lt;s:Header&gt;&lt;wsa:Action s:mustUnderstand="1"&gt;*&lt;/wsa:Action&gt;&lt;wsa:To s:mustUnderstand="1"&gt;*&lt;/wsa:To&gt;&lt;wsa:MessageID&gt;*&lt;/wsa:MessageID&gt;&lt;ps:AuthInfo Id="PPAuthInfo"&gt;&lt;ps:HostingApp&gt;*&lt;/ps:HostingApp&gt;&lt;ps:BinaryVersion&gt;*&lt;/ps:BinaryVersion&gt;&lt;ps:UIVersion&gt;*&lt;/ps:UIVersion&gt;&lt;ps:InlineUX&gt;*&lt;/ps:InlineUX&gt;&lt;ps:IsAdmin&gt;*&lt;/ps:IsAdmin&gt;&lt;ps:Cookies&gt;&lt;/ps:Cookies&gt;&lt;ps:RequestParams&gt;*&lt;/ps:RequestParams&gt;&lt;ps:WindowsClientString&gt;*&lt;/ps:WindowsClientString&gt;&lt;ps:LicenseSignatureKeyVersion&gt;*&lt;/ps:LicenseSignatureKeyVersion&gt;&lt;ps:ClientCapabilities&gt;*&lt;/ps:ClientCapabilities&gt;&lt;/ps:AuthInfo&gt;&lt;wsse:Security&gt;&lt;EncryptedData xmlns="http://www.w3.org/2001/04/xmlenc#" Id="devicesoftware" Type="http://www.w3.org/2001/04/xmlenc#Element"&gt;&lt;EncryptionMethod Algorithm="http://www.w3.org/2001/04/xmlenc#tripledes-cbc"&gt;&lt;/EncryptionMethod&gt;&lt;ds:KeyInfo&gt;&lt;ds:KeyName&gt;*&lt;/ds:KeyName&gt;&lt;/ds:KeyInfo&gt;&lt;CipherData&gt;&lt;CipherValue&gt;*&lt;/CipherValue&gt;&lt;/CipherData&gt;&lt;/EncryptedData&gt;&lt;wssc:DerivedKeyToken wsu:Id="SignKey" Algorithm="urn:liveid:SP800108_CTR_HMAC_SHA256_DOUBLEDERIVED"&gt;&lt;wsse:RequestedTokenReference&gt;&lt;wsse:KeyIdentifier ValueType="http://docs.oasis-open.org/wss/2004/XX/oasis-2004XX-wss-saml-token-profile-1.0#SAMLAssertionID"/&gt;&lt;wsse:Reference URI=""/&gt;&lt;/wsse:RequestedTokenReference&gt;&lt;wssc:Nonce&gt;*&lt;/wssc:Nonce&gt;&lt;/wssc:DerivedKeyToken&gt;&lt;wsu:Timestamp wsu:Id="Timestamp"&gt;&lt;wsu:Created&gt;2020-10-22T20:57:22Z&lt;/wsu:Created&gt;&lt;wsu:Expires&gt;2020-10-22T21:02:22Z&lt;/wsu:Expires&gt;&lt;/wsu:Timestamp&gt;&lt;Signature xmlns="http://www.w3.org/2000/09/xmldsig#"&gt;&lt;SignedInfo&gt;&lt;CanonicalizationMethod Algorithm="http://www.w3.org/2001/10/xml-exc-c14n#"&gt;&lt;/CanonicalizationMethod&gt;&lt;SignatureMethod Algorithm="http://www.w3.org/2001/04/xmldsig-more#hmac-sha256"&gt;&lt;/SignatureMethod&gt;&lt;Reference URI="#RST0"&gt;&lt;Transforms&gt;&lt;Transform Algorithm="http://www.w3.org/2001/10/xml-exc-c14n#"&gt;&lt;/Transform&gt;&lt;/Transforms&gt;&lt;DigestMethod Algorithm="http://www.w3.org/2001/04/xmlenc#sha256"&gt;&lt;/DigestMethod&gt;&lt;DigestValue&gt;*&lt;/DigestValue&gt;&lt;/Reference&gt;&lt;Reference URI="#Timestamp"&gt;&lt;Transforms&gt;&lt;Transform Algorithm="http://www.w3.org/2001/10/xml-exc-c14n#"&gt;&lt;/Transform&gt;&lt;/Transforms&gt;&lt;DigestMethod Algorithm="http://www.w3.org/2001/04/xmlenc#sha256"&gt;&lt;/DigestMethod&gt;&lt;DigestValue&gt;*&lt;/DigestValue&gt;&lt;/Reference&gt;&lt;Reference URI="#PPAuthInfo"&gt;&lt;Transforms&gt;&lt;Transform Algorithm="http://www.w3.org/2001/10/xml-exc-c14n#"&gt;&lt;/Transform&gt;&lt;/Transforms&gt;&lt;DigestMethod Algorithm="http://www.w3.org/2001/04/xmlenc#sha256"&gt;&lt;/DigestMethod&gt;&lt;DigestValue&gt;*&lt;/DigestValue&gt;&lt;/Reference&gt;&lt;/SignedInfo&gt;&lt;SignatureValue&gt;*&lt;/SignatureValue&gt;&lt;KeyInfo&gt;&lt;wsse:SecurityTokenReference&gt;&lt;wsse:Reference URI="#SignKey"/&gt;&lt;/wsse:SecurityTokenReference&gt;&lt;/KeyInfo&gt;&lt;/Signature&gt;&lt;/wsse:Security&gt;&lt;/s:Header&gt;&lt;s:Body&gt;&lt;wst:RequestSecurityToken Id="RST0"&gt;&lt;wst:RequestType&gt;*&lt;/wst:RequestType&gt;&lt;wsp:AppliesTo&gt;&lt;wsa:EndpointReference&gt;&lt;wsa:Address&gt;https://settings-win.data.microsoft.com/settings/v3.0/&lt;/wsa:Address&gt;&lt;/wsa:EndpointReference&gt;&lt;/wsp:AppliesTo&gt;&lt;wsp:PolicyReference URI="NFS_1wk_compact_SSL"&gt;&lt;/wsp:PolicyReference&gt;&lt;/wst:RequestSecurityToken&gt;&lt;/s:Body&gt;&lt;/s:Envelope&gt;</Data>
</EventData>
</Event>

