<?xml version="1.1" encoding="utf-8" standalone="yes" ?>

<Events>
<Event xmlns="http://schemas.microsoft.com/win/2004/08/events/event"><System><Provider Name="Microsoft-Windows-RemoteDesktopServices-RdpCoreTS" Guid="{1139c61b-b549-4251-8ed3-27250a1edec8}"></Provider>
<EventID Qualifiers="">229</EventID>
<Version>0</Version>
<Level>4</Level>
<Task>4</Task>
<Opcode>19</Opcode>
<Keywords>0x4000000000000000</Keywords>
<TimeCreated SystemTime="2020-10-22 21:24:04.872089"></TimeCreated>
<EventRecordID>1</EventRecordID>
<Correlation ActivityID="{f4623713-b150-4879-b6b1-0ac81bbc0000}" RelatedActivityID=""></Correlation>
<Execution ProcessID="884" ThreadID="1724"></Execution>
<Channel>Microsoft-Windows-RemoteDesktopServices-RdpCoreTS/Operational</Channel>
<Computer>WIN-PTFPHFCRDJ0</Computer>
<Security UserID="S-1-5-20"></Security>
</System>
<EventData><Data Name="Name">CUMRDPProtocolManager</Data>
<Data Name="CustomLevel">'CUMRDPProtocolManager::CreateListener(RDP-Tcp) DEBUG/VM/ReverseTCP/ReverseUDP/INET' in CUMRDPProtocolManager::CreateListener at 4134 err=[0x0]</Data>
</EventData>
</Event>

<Event xmlns="http://schemas.microsoft.com/win/2004/08/events/event"><System><Provider Name="Microsoft-Windows-RemoteDesktopServices-RdpCoreTS" Guid="{1139c61b-b549-4251-8ed3-27250a1edec8}"></Provider>
<EventID Qualifiers="">227</EventID>
<Version>0</Version>
<Level>2</Level>
<Task>4</Task>
<Opcode>19</Opcode>
<Keywords>0x4000000000000000</Keywords>
<TimeCreated SystemTime="2020-10-22 21:24:04.872105"></TimeCreated>
<EventRecordID>2</EventRecordID>
<Correlation ActivityID="{f4623713-b150-4879-b6b1-0ac81bbc0000}" RelatedActivityID=""></Correlation>
<Execution ProcessID="884" ThreadID="1724"></Execution>
<Channel>Microsoft-Windows-RemoteDesktopServices-RdpCoreTS/Operational</Channel>
<Computer>WIN-PTFPHFCRDJ0</Computer>
<Security UserID="S-1-5-20"></Security>
</System>
<EventData><Data Name="Name">CUMRDPProtocolManager</Data>
<Data Name="Value">2</Data>
<Data Name="CustomLevel">'Reverse Connection Listener Name not found.  Default Listener Name will be used.' in CUMRDPProtocolManager::CreateListener at 4151 err=[0x2]</Data>
</EventData>
</Event>

<Event xmlns="http://schemas.microsoft.com/win/2004/08/events/event"><System><Provider Name="Microsoft-Windows-RemoteDesktopServices-RdpCoreTS" Guid="{1139c61b-b549-4251-8ed3-27250a1edec8}"></Provider>
<EventID Qualifiers="">229</EventID>
<Version>0</Version>
<Level>4</Level>
<Task>4</Task>
<Opcode>19</Opcode>
<Keywords>0x4000000000000000</Keywords>
<TimeCreated SystemTime="2020-10-22 21:24:04.872112"></TimeCreated>
<EventRecordID>3</EventRecordID>
<Correlation ActivityID="{f4623713-b150-4879-b6b1-0ac81bbc0000}" RelatedActivityID=""></Correlation>
<Execution ProcessID="884" ThreadID="1724"></Execution>
<Channel>Microsoft-Windows-RemoteDesktopServices-RdpCoreTS/Operational</Channel>
<Computer>WIN-PTFPHFCRDJ0</Computer>
<Security UserID="S-1-5-20"></Security>
</System>
<EventData><Data Name="Name">CUMRDPProtocolManager</Data>
<Data Name="CustomLevel">'Creating standard listener:RDP-Tcp' in CUMRDPProtocolManager::CreateListener at 4212 err=[0x0]</Data>
</EventData>
</Event>

<Event xmlns="http://schemas.microsoft.com/win/2004/08/events/event"><System><Provider Name="Microsoft-Windows-RemoteDesktopServices-RdpCoreTS" Guid="{1139c61b-b549-4251-8ed3-27250a1edec8}"></Provider>
<EventID Qualifiers="">229</EventID>
<Version>0</Version>
<Level>4</Level>
<Task>4</Task>
<Opcode>19</Opcode>
<Keywords>0x4000000000000000</Keywords>
<TimeCreated SystemTime="2020-10-22 21:24:04.903021"></TimeCreated>
<EventRecordID>4</EventRecordID>
<Correlation ActivityID="{f4623713-b150-4879-b6b1-0ac81bbc0000}" RelatedActivityID=""></Correlation>
<Execution ProcessID="884" ThreadID="1724"></Execution>
<Channel>Microsoft-Windows-RemoteDesktopServices-RdpCoreTS/Operational</Channel>
<Computer>WIN-PTFPHFCRDJ0</Computer>
<Security UserID="S-1-5-20"></Security>
</System>
<EventData><Data Name="Name">CUMRDPListenerBase</Data>
<Data Name="CustomLevel">'Windows 8 or later detected, setting transport default mode to UDP + TCP' in CUMRDPListenerBase::Initialize at 491 err=[0x0]</Data>
</EventData>
</Event>

<Event xmlns="http://schemas.microsoft.com/win/2004/08/events/event"><System><Provider Name="Microsoft-Windows-RemoteDesktopServices-RdpCoreTS" Guid="{1139c61b-b549-4251-8ed3-27250a1edec8}"></Provider>
<EventID Qualifiers="">70</EventID>
<Version>0</Version>
<Level>4</Level>
<Task>4</Task>
<Opcode>13</Opcode>
<Keywords>0x4000000000000000</Keywords>
<TimeCreated SystemTime="2020-10-22 21:24:04.903021"></TimeCreated>
<EventRecordID>5</EventRecordID>
<Correlation ActivityID="{f4623713-b150-4879-b6b1-0ac81bbc0000}" RelatedActivityID=""></Correlation>
<Execution ProcessID="884" ThreadID="1724"></Execution>
<Channel>Microsoft-Windows-RemoteDesktopServices-RdpCoreTS/Operational</Channel>
<Computer>WIN-PTFPHFCRDJ0</Computer>
<Security UserID="S-1-5-20"></Security>
</System>
<EventData><Data Name="DisplayDriverName">rdpudd.dll</Data>
</EventData>
</Event>

<Event xmlns="http://schemas.microsoft.com/win/2004/08/events/event"><System><Provider Name="Microsoft-Windows-RemoteDesktopServices-RdpCoreTS" Guid="{1139c61b-b549-4251-8ed3-27250a1edec8}"></Provider>
<EventID Qualifiers="">129</EventID>
<Version>0</Version>
<Level>4</Level>
<Task>4</Task>
<Opcode>18</Opcode>
<Keywords>0x4000000000000000</Keywords>
<TimeCreated SystemTime="2020-10-22 21:24:04.910315"></TimeCreated>
<EventRecordID>6</EventRecordID>
<Correlation ActivityID="{f4623713-b150-4879-b6b1-0ac81bbc0000}" RelatedActivityID=""></Correlation>
<Execution ProcessID="884" ThreadID="1724"></Execution>
<Channel>Microsoft-Windows-RemoteDesktopServices-RdpCoreTS/Operational</Channel>
<Computer>WIN-PTFPHFCRDJ0</Computer>
<Security UserID="S-1-5-20"></Security>
</System>
<EventData><Data Name="TransportProtocolName">TCP</Data>
<Data Name="Port">3389</Data>
</EventData>
</Event>

<Event xmlns="http://schemas.microsoft.com/win/2004/08/events/event"><System><Provider Name="Microsoft-Windows-RemoteDesktopServices-RdpCoreTS" Guid="{1139c61b-b549-4251-8ed3-27250a1edec8}"></Provider>
<EventID Qualifiers="">129</EventID>
<Version>0</Version>
<Level>4</Level>
<Task>4</Task>
<Opcode>18</Opcode>
<Keywords>0x4000000000000000</Keywords>
<TimeCreated SystemTime="2020-10-22 21:24:04.910349"></TimeCreated>
<EventRecordID>7</EventRecordID>
<Correlation ActivityID="{f4623713-b150-4879-b6b1-0ac81bbc0000}" RelatedActivityID=""></Correlation>
<Execution ProcessID="884" ThreadID="1724"></Execution>
<Channel>Microsoft-Windows-RemoteDesktopServices-RdpCoreTS/Operational</Channel>
<Computer>WIN-PTFPHFCRDJ0</Computer>
<Security UserID="S-1-5-20"></Security>
</System>
<EventData><Data Name="TransportProtocolName">TCP</Data>
<Data Name="Port">3389</Data>
</EventData>
</Event>

<Event xmlns="http://schemas.microsoft.com/win/2004/08/events/event"><System><Provider Name="Microsoft-Windows-RemoteDesktopServices-RdpCoreTS" Guid="{1139c61b-b549-4251-8ed3-27250a1edec8}"></Provider>
<EventID Qualifiers="">129</EventID>
<Version>0</Version>
<Level>4</Level>
<Task>4</Task>
<Opcode>18</Opcode>
<Keywords>0x4000000000000000</Keywords>
<TimeCreated SystemTime="2020-10-22 21:24:04.912663"></TimeCreated>
<EventRecordID>8</EventRecordID>
<Correlation ActivityID="{f4623713-b150-4879-b6b1-0ac81bbc0000}" RelatedActivityID=""></Correlation>
<Execution ProcessID="884" ThreadID="1724"></Execution>
<Channel>Microsoft-Windows-RemoteDesktopServices-RdpCoreTS/Operational</Channel>
<Computer>WIN-PTFPHFCRDJ0</Computer>
<Security UserID="S-1-5-20"></Security>
</System>
<EventData><Data Name="TransportProtocolName">UDP</Data>
<Data Name="Port">3389</Data>
</EventData>
</Event>

<Event xmlns="http://schemas.microsoft.com/win/2004/08/events/event"><System><Provider Name="Microsoft-Windows-RemoteDesktopServices-RdpCoreTS" Guid="{1139c61b-b549-4251-8ed3-27250a1edec8}"></Provider>
<EventID Qualifiers="">129</EventID>
<Version>0</Version>
<Level>4</Level>
<Task>4</Task>
<Opcode>18</Opcode>
<Keywords>0x4000000000000000</Keywords>
<TimeCreated SystemTime="2020-10-22 21:24:04.912886"></TimeCreated>
<EventRecordID>9</EventRecordID>
<Correlation ActivityID="{f4623713-b150-4879-b6b1-0ac81bbc0000}" RelatedActivityID=""></Correlation>
<Execution ProcessID="884" ThreadID="1724"></Execution>
<Channel>Microsoft-Windows-RemoteDesktopServices-RdpCoreTS/Operational</Channel>
<Computer>WIN-PTFPHFCRDJ0</Computer>
<Security UserID="S-1-5-20"></Security>
</System>
<EventData><Data Name="TransportProtocolName">UDP</Data>
<Data Name="Port">3389</Data>
</EventData>
</Event>

<Event xmlns="http://schemas.microsoft.com/win/2004/08/events/event"><System><Provider Name="Microsoft-Windows-RemoteDesktopServices-RdpCoreTS" Guid="{1139c61b-b549-4251-8ed3-27250a1edec8}"></Provider>
<EventID Qualifiers="">131</EventID>
<Version>0</Version>
<Level>4</Level>
<Task>4</Task>
<Opcode>15</Opcode>
<Keywords>0x4000000000000000</Keywords>
<TimeCreated SystemTime="2020-10-22 22:30:42.012959"></TimeCreated>
<EventRecordID>10</EventRecordID>
<Correlation ActivityID="{f4202a46-6d32-48aa-998a-bcd624580000}" RelatedActivityID=""></Correlation>
<Execution ProcessID="884" ThreadID="4484"></Execution>
<Channel>Microsoft-Windows-RemoteDesktopServices-RdpCoreTS/Operational</Channel>
<Computer>WIN-PTFPHFCRDJ0</Computer>
<Security UserID="S-1-5-20"></Security>
</System>
<EventData><Data Name="ConnType">TCP</Data>
<Data Name="ClientIP">22.22.22.136:49898</Data>
</EventData>
</Event>

<Event xmlns="http://schemas.microsoft.com/win/2004/08/events/event"><System><Provider Name="Microsoft-Windows-RemoteDesktopServices-RdpCoreTS" Guid="{1139c61b-b549-4251-8ed3-27250a1edec8}"></Provider>
<EventID Qualifiers="">65</EventID>
<Version>0</Version>
<Level>4</Level>
<Task>4</Task>
<Opcode>13</Opcode>
<Keywords>0x4000000000000000</Keywords>
<TimeCreated SystemTime="2020-10-22 22:30:42.020521"></TimeCreated>
<EventRecordID>11</EventRecordID>
<Correlation ActivityID="{f4202a46-6d32-48aa-998a-bcd624580000}" RelatedActivityID=""></Correlation>
<Execution ProcessID="884" ThreadID="2124"></Execution>
<Channel>Microsoft-Windows-RemoteDesktopServices-RdpCoreTS/Operational</Channel>
<Computer>WIN-PTFPHFCRDJ0</Computer>
<Security UserID="S-1-5-20"></Security>
</System>
<EventData><Data Name="ConnectionName">RDP-Tcp#0</Data>
</EventData>
</Event>

<Event xmlns="http://schemas.microsoft.com/win/2004/08/events/event"><System><Provider Name="Microsoft-Windows-RemoteDesktopServices-RdpCoreTS" Guid="{1139c61b-b549-4251-8ed3-27250a1edec8}"></Provider>
<EventID Qualifiers="">72</EventID>
<Version>0</Version>
<Level>4</Level>
<Task>4</Task>
<Opcode>13</Opcode>
<Keywords>0x4000000000000000</Keywords>
<TimeCreated SystemTime="2020-10-22 22:30:42.023821"></TimeCreated>
<EventRecordID>12</EventRecordID>
<Correlation ActivityID="{f4202a46-6d32-48aa-998a-bcd624580000}" RelatedActivityID=""></Correlation>
<Execution ProcessID="884" ThreadID="4908"></Execution>
<Channel>Microsoft-Windows-RemoteDesktopServices-RdpCoreTS/Operational</Channel>
<Computer>WIN-PTFPHFCRDJ0</Computer>
<Security UserID="S-1-5-20"></Security>
</System>
<EventData><Data Name="MethodName">PrepareForAccept</Data>
</EventData>
</Event>

<Event xmlns="http://schemas.microsoft.com/win/2004/08/events/event"><System><Provider Name="Microsoft-Windows-RemoteDesktopServices-RdpCoreTS" Guid="{1139c61b-b549-4251-8ed3-27250a1edec8}"></Provider>
<EventID Qualifiers="">72</EventID>
<Version>0</Version>
<Level>4</Level>
<Task>4</Task>
<Opcode>13</Opcode>
<Keywords>0x4000000000000000</Keywords>
<TimeCreated SystemTime="2020-10-22 22:30:42.023844"></TimeCreated>
<EventRecordID>13</EventRecordID>
<Correlation ActivityID="{f4202a46-6d32-48aa-998a-bcd624580000}" RelatedActivityID=""></Correlation>
<Execution ProcessID="884" ThreadID="4908"></Execution>
<Channel>Microsoft-Windows-RemoteDesktopServices-RdpCoreTS/Operational</Channel>
<Computer>WIN-PTFPHFCRDJ0</Computer>
<Security UserID="S-1-5-20"></Security>
</System>
<EventData><Data Name="MethodName">SendPolicyData</Data>
</EventData>
</Event>

<Event xmlns="http://schemas.microsoft.com/win/2004/08/events/event"><System><Provider Name="Microsoft-Windows-RemoteDesktopServices-RdpCoreTS" Guid="{1139c61b-b549-4251-8ed3-27250a1edec8}"></Provider>
<EventID Qualifiers="">141</EventID>
<Version>0</Version>
<Level>4</Level>
<Task>4</Task>
<Opcode>11</Opcode>
<Keywords>0x4000000000000000</Keywords>
<TimeCreated SystemTime="2020-10-22 22:30:42.101677"></TimeCreated>
<EventRecordID>14</EventRecordID>
<Correlation ActivityID="{f4202a46-6d32-48aa-998a-bcd624580000}" RelatedActivityID=""></Correlation>
<Execution ProcessID="884" ThreadID="4908"></Execution>
<Channel>Microsoft-Windows-RemoteDesktopServices-RdpCoreTS/Operational</Channel>
<Computer>WIN-PTFPHFCRDJ0</Computer>
<Security UserID="S-1-5-20"></Security>
</System>
<EventData><Data Name="InstanceID">0</Data>
</EventData>
</Event>

<Event xmlns="http://schemas.microsoft.com/win/2004/08/events/event"><System><Provider Name="Microsoft-Windows-RemoteDesktopServices-RdpCoreTS" Guid="{1139c61b-b549-4251-8ed3-27250a1edec8}"></Provider>
<EventID Qualifiers="">142</EventID>
<Version>0</Version>
<Level>3</Level>
<Task>4</Task>
<Opcode>15</Opcode>
<Keywords>0x4000000000000000</Keywords>
<TimeCreated SystemTime="2020-10-22 22:30:50.548571"></TimeCreated>
<EventRecordID>15</EventRecordID>
<Correlation ActivityID="{f4202a46-6d32-48aa-998a-bcd624580000}" RelatedActivityID=""></Correlation>
<Execution ProcessID="884" ThreadID="5040"></Execution>
<Channel>Microsoft-Windows-RemoteDesktopServices-RdpCoreTS/Operational</Channel>
<Computer>WIN-PTFPHFCRDJ0</Computer>
<Security UserID="S-1-5-20"></Security>
</System>
<EventData><Data Name="error">64</Data>
</EventData>
</Event>

<Event xmlns="http://schemas.microsoft.com/win/2004/08/events/event"><System><Provider Name="Microsoft-Windows-RemoteDesktopServices-RdpCoreTS" Guid="{1139c61b-b549-4251-8ed3-27250a1edec8}"></Provider>
<EventID Qualifiers="">226</EventID>
<Version>0</Version>
<Level>3</Level>
<Task>4</Task>
<Opcode>19</Opcode>
<Keywords>0x4000000000000000</Keywords>
<TimeCreated SystemTime="2020-10-22 22:30:50.548607"></TimeCreated>
<EventRecordID>16</EventRecordID>
<Correlation ActivityID="{f4202a46-6d32-48aa-998a-bcd624580000}" RelatedActivityID=""></Correlation>
<Execution ProcessID="884" ThreadID="5040"></Execution>
<Channel>Microsoft-Windows-RemoteDesktopServices-RdpCoreTS/Operational</Channel>
<Computer>WIN-PTFPHFCRDJ0</Computer>
<Security UserID="S-1-5-20"></Security>
</System>
<EventData><Data Name="StateTransition">RDP_TCP</Data>
<Data Name="PreviousState">23</Data>
<Data Name="PreviousStateName">StateUnknown</Data>
<Data Name="NewState">21</Data>
<Data Name="NewStateName">StateDisconnected</Data>
<Data Name="Event">43</Data>
<Data Name="EventName">Event_Disconnect</Data>
<Data Name="ErrorCode">0x80070040</Data>
</EventData>
</Event>

<Event xmlns="http://schemas.microsoft.com/win/2004/08/events/event"><System><Provider Name="Microsoft-Windows-RemoteDesktopServices-RdpCoreTS" Guid="{1139c61b-b549-4251-8ed3-27250a1edec8}"></Provider>
<EventID Qualifiers="">72</EventID>
<Version>0</Version>
<Level>4</Level>
<Task>4</Task>
<Opcode>13</Opcode>
<Keywords>0x4000000000000000</Keywords>
<TimeCreated SystemTime="2020-10-22 22:30:50.549261"></TimeCreated>
<EventRecordID>17</EventRecordID>
<Correlation ActivityID="{f4202a46-6d32-48aa-998a-bcd624580000}" RelatedActivityID=""></Correlation>
<Execution ProcessID="884" ThreadID="2112"></Execution>
<Channel>Microsoft-Windows-RemoteDesktopServices-RdpCoreTS/Operational</Channel>
<Computer>WIN-PTFPHFCRDJ0</Computer>
<Security UserID="S-1-5-20"></Security>
</System>
<EventData><Data Name="MethodName">OnDisconnected</Data>
</EventData>
</Event>

<Event xmlns="http://schemas.microsoft.com/win/2004/08/events/event"><System><Provider Name="Microsoft-Windows-RemoteDesktopServices-RdpCoreTS" Guid="{1139c61b-b549-4251-8ed3-27250a1edec8}"></Provider>
<EventID Qualifiers="">102</EventID>
<Version>0</Version>
<Level>4</Level>
<Task>4</Task>
<Opcode>17</Opcode>
<Keywords>0x4000000000000000</Keywords>
<TimeCreated SystemTime="2020-10-22 22:30:50.549271"></TimeCreated>
<EventRecordID>18</EventRecordID>
<Correlation ActivityID="{f4202a46-6d32-48aa-998a-bcd624580000}" RelatedActivityID=""></Correlation>
<Execution ProcessID="884" ThreadID="2112"></Execution>
<Channel>Microsoft-Windows-RemoteDesktopServices-RdpCoreTS/Operational</Channel>
<Computer>WIN-PTFPHFCRDJ0</Computer>
<Security UserID="S-1-5-20"></Security>
</System>
<EventData></EventData>
</Event>

<Event xmlns="http://schemas.microsoft.com/win/2004/08/events/event"><System><Provider Name="Microsoft-Windows-RemoteDesktopServices-RdpCoreTS" Guid="{1139c61b-b549-4251-8ed3-27250a1edec8}"></Provider>
<EventID Qualifiers="">145</EventID>
<Version>0</Version>
<Level>4</Level>
<Task>4</Task>
<Opcode>19</Opcode>
<Keywords>0x4000000000000000</Keywords>
<TimeCreated SystemTime="2020-10-22 22:30:50.549276"></TimeCreated>
<EventRecordID>19</EventRecordID>
<Correlation ActivityID="{f4202a46-6d32-48aa-998a-bcd624580000}" RelatedActivityID=""></Correlation>
<Execution ProcessID="884" ThreadID="2112"></Execution>
<Channel>Microsoft-Windows-RemoteDesktopServices-RdpCoreTS/Operational</Channel>
<Computer>WIN-PTFPHFCRDJ0</Computer>
<Security UserID="S-1-5-20"></Security>
</System>
<EventData><Data Name="IdleSeconds">0</Data>
<Data Name="IdleSeconds1">0</Data>
<Data Name="IdleSeconds2">0</Data>
</EventData>
</Event>

<Event xmlns="http://schemas.microsoft.com/win/2004/08/events/event"><System><Provider Name="Microsoft-Windows-RemoteDesktopServices-RdpCoreTS" Guid="{1139c61b-b549-4251-8ed3-27250a1edec8}"></Provider>
<EventID Qualifiers="">148</EventID>
<Version>0</Version>
<Level>4</Level>
<Task>4</Task>
<Opcode>17</Opcode>
<Keywords>0x4000000000000000</Keywords>
<TimeCreated SystemTime="2020-10-22 22:30:50.549280"></TimeCreated>
<EventRecordID>20</EventRecordID>
<Correlation ActivityID="{f4202a46-6d32-48aa-998a-bcd624580000}" RelatedActivityID=""></Correlation>
<Execution ProcessID="884" ThreadID="2112"></Execution>
<Channel>Microsoft-Windows-RemoteDesktopServices-RdpCoreTS/Operational</Channel>
<Computer>WIN-PTFPHFCRDJ0</Computer>
<Security UserID="S-1-5-20"></Security>
</System>
<EventData><Data Name="ChannelName">rdpinpt</Data>
<Data Name="TunnelID">0</Data>
</EventData>
</Event>

<Event xmlns="http://schemas.microsoft.com/win/2004/08/events/event"><System><Provider Name="Microsoft-Windows-RemoteDesktopServices-RdpCoreTS" Guid="{1139c61b-b549-4251-8ed3-27250a1edec8}"></Provider>
<EventID Qualifiers="">148</EventID>
<Version>0</Version>
<Level>4</Level>
<Task>4</Task>
<Opcode>17</Opcode>
<Keywords>0x4000000000000000</Keywords>
<TimeCreated SystemTime="2020-10-22 22:30:50.549282"></TimeCreated>
<EventRecordID>21</EventRecordID>
<Correlation ActivityID="{f4202a46-6d32-48aa-998a-bcd624580000}" RelatedActivityID=""></Correlation>
<Execution ProcessID="884" ThreadID="2112"></Execution>
<Channel>Microsoft-Windows-RemoteDesktopServices-RdpCoreTS/Operational</Channel>
<Computer>WIN-PTFPHFCRDJ0</Computer>
<Security UserID="S-1-5-20"></Security>
</System>
<EventData><Data Name="ChannelName">rdpcmd</Data>
<Data Name="TunnelID">0</Data>
</EventData>
</Event>

<Event xmlns="http://schemas.microsoft.com/win/2004/08/events/event"><System><Provider Name="Microsoft-Windows-RemoteDesktopServices-RdpCoreTS" Guid="{1139c61b-b549-4251-8ed3-27250a1edec8}"></Provider>
<EventID Qualifiers="">148</EventID>
<Version>0</Version>
<Level>4</Level>
<Task>4</Task>
<Opcode>17</Opcode>
<Keywords>0x4000000000000000</Keywords>
<TimeCreated SystemTime="2020-10-22 22:30:50.549286"></TimeCreated>
<EventRecordID>22</EventRecordID>
<Correlation ActivityID="{f4202a46-6d32-48aa-998a-bcd624580000}" RelatedActivityID=""></Correlation>
<Execution ProcessID="884" ThreadID="2112"></Execution>
<Channel>Microsoft-Windows-RemoteDesktopServices-RdpCoreTS/Operational</Channel>
<Computer>WIN-PTFPHFCRDJ0</Computer>
<Security UserID="S-1-5-20"></Security>
</System>
<EventData><Data Name="ChannelName">rdplic</Data>
<Data Name="TunnelID">0</Data>
</EventData>
</Event>

<Event xmlns="http://schemas.microsoft.com/win/2004/08/events/event"><System><Provider Name="Microsoft-Windows-RemoteDesktopServices-RdpCoreTS" Guid="{1139c61b-b549-4251-8ed3-27250a1edec8}"></Provider>
<EventID Qualifiers="">103</EventID>
<Version>0</Version>
<Level>4</Level>
<Task>4</Task>
<Opcode>17</Opcode>
<Keywords>0x4000000000000000</Keywords>
<TimeCreated SystemTime="2020-10-22 22:30:50.549391"></TimeCreated>
<EventRecordID>23</EventRecordID>
<Correlation ActivityID="{f4202a46-6d32-48aa-998a-bcd624580000}" RelatedActivityID=""></Correlation>
<Execution ProcessID="884" ThreadID="4908"></Execution>
<Channel>Microsoft-Windows-RemoteDesktopServices-RdpCoreTS/Operational</Channel>
<Computer>WIN-PTFPHFCRDJ0</Computer>
<Security UserID="S-1-5-20"></Security>
</System>
<EventData><Data Name="ReasonCode">14</Data>
</EventData>
</Event>

<Event xmlns="http://schemas.microsoft.com/win/2004/08/events/event"><System><Provider Name="Microsoft-Windows-RemoteDesktopServices-RdpCoreTS" Guid="{1139c61b-b549-4251-8ed3-27250a1edec8}"></Provider>
<EventID Qualifiers="">131</EventID>
<Version>0</Version>
<Level>4</Level>
<Task>4</Task>
<Opcode>15</Opcode>
<Keywords>0x4000000000000000</Keywords>
<TimeCreated SystemTime="2020-10-22 22:30:52.950197"></TimeCreated>
<EventRecordID>24</EventRecordID>
<Correlation ActivityID="{f420ab68-9514-4971-a00d-8746f5370000}" RelatedActivityID=""></Correlation>
<Execution ProcessID="884" ThreadID="4484"></Execution>
<Channel>Microsoft-Windows-RemoteDesktopServices-RdpCoreTS/Operational</Channel>
<Computer>WIN-PTFPHFCRDJ0</Computer>
<Security UserID="S-1-5-20"></Security>
</System>
<EventData><Data Name="ConnType">TCP</Data>
<Data Name="ClientIP">22.22.22.136:49899</Data>
</EventData>
</Event>

<Event xmlns="http://schemas.microsoft.com/win/2004/08/events/event"><System><Provider Name="Microsoft-Windows-RemoteDesktopServices-RdpCoreTS" Guid="{1139c61b-b549-4251-8ed3-27250a1edec8}"></Provider>
<EventID Qualifiers="">65</EventID>
<Version>0</Version>
<Level>4</Level>
<Task>4</Task>
<Opcode>13</Opcode>
<Keywords>0x4000000000000000</Keywords>
<TimeCreated SystemTime="2020-10-22 22:30:52.950861"></TimeCreated>
<EventRecordID>25</EventRecordID>
<Correlation ActivityID="{f420ab68-9514-4971-a00d-8746f5370000}" RelatedActivityID=""></Correlation>
<Execution ProcessID="884" ThreadID="2124"></Execution>
<Channel>Microsoft-Windows-RemoteDesktopServices-RdpCoreTS/Operational</Channel>
<Computer>WIN-PTFPHFCRDJ0</Computer>
<Security UserID="S-1-5-20"></Security>
</System>
<EventData><Data Name="ConnectionName">RDP-Tcp#1</Data>
</EventData>
</Event>

<Event xmlns="http://schemas.microsoft.com/win/2004/08/events/event"><System><Provider Name="Microsoft-Windows-RemoteDesktopServices-RdpCoreTS" Guid="{1139c61b-b549-4251-8ed3-27250a1edec8}"></Provider>
<EventID Qualifiers="">72</EventID>
<Version>0</Version>
<Level>4</Level>
<Task>4</Task>
<Opcode>13</Opcode>
<Keywords>0x4000000000000000</Keywords>
<TimeCreated SystemTime="2020-10-22 22:30:52.951628"></TimeCreated>
<EventRecordID>26</EventRecordID>
<Correlation ActivityID="{f420ab68-9514-4971-a00d-8746f5370000}" RelatedActivityID=""></Correlation>
<Execution ProcessID="884" ThreadID="292"></Execution>
<Channel>Microsoft-Windows-RemoteDesktopServices-RdpCoreTS/Operational</Channel>
<Computer>WIN-PTFPHFCRDJ0</Computer>
<Security UserID="S-1-5-20"></Security>
</System>
<EventData><Data Name="MethodName">PrepareForAccept</Data>
</EventData>
</Event>

<Event xmlns="http://schemas.microsoft.com/win/2004/08/events/event"><System><Provider Name="Microsoft-Windows-RemoteDesktopServices-RdpCoreTS" Guid="{1139c61b-b549-4251-8ed3-27250a1edec8}"></Provider>
<EventID Qualifiers="">72</EventID>
<Version>0</Version>
<Level>4</Level>
<Task>4</Task>
<Opcode>13</Opcode>
<Keywords>0x4000000000000000</Keywords>
<TimeCreated SystemTime="2020-10-22 22:30:52.951633"></TimeCreated>
<EventRecordID>27</EventRecordID>
<Correlation ActivityID="{f420ab68-9514-4971-a00d-8746f5370000}" RelatedActivityID=""></Correlation>
<Execution ProcessID="884" ThreadID="292"></Execution>
<Channel>Microsoft-Windows-RemoteDesktopServices-RdpCoreTS/Operational</Channel>
<Computer>WIN-PTFPHFCRDJ0</Computer>
<Security UserID="S-1-5-20"></Security>
</System>
<EventData><Data Name="MethodName">SendPolicyData</Data>
</EventData>
</Event>

<Event xmlns="http://schemas.microsoft.com/win/2004/08/events/event"><System><Provider Name="Microsoft-Windows-RemoteDesktopServices-RdpCoreTS" Guid="{1139c61b-b549-4251-8ed3-27250a1edec8}"></Provider>
<EventID Qualifiers="">141</EventID>
<Version>0</Version>
<Level>4</Level>
<Task>4</Task>
<Opcode>11</Opcode>
<Keywords>0x4000000000000000</Keywords>
<TimeCreated SystemTime="2020-10-22 22:30:52.951994"></TimeCreated>
<EventRecordID>28</EventRecordID>
<Correlation ActivityID="{f420ab68-9514-4971-a00d-8746f5370000}" RelatedActivityID=""></Correlation>
<Execution ProcessID="884" ThreadID="292"></Execution>
<Channel>Microsoft-Windows-RemoteDesktopServices-RdpCoreTS/Operational</Channel>
<Computer>WIN-PTFPHFCRDJ0</Computer>
<Security UserID="S-1-5-20"></Security>
</System>
<EventData><Data Name="InstanceID">1</Data>
</EventData>
</Event>

<Event xmlns="http://schemas.microsoft.com/win/2004/08/events/event"><System><Provider Name="Microsoft-Windows-RemoteDesktopServices-RdpCoreTS" Guid="{1139c61b-b549-4251-8ed3-27250a1edec8}"></Provider>
<EventID Qualifiers="">101</EventID>
<Version>0</Version>
<Level>3</Level>
<Task>4</Task>
<Opcode>16</Opcode>
<Keywords>0x4000000000000000</Keywords>
<TimeCreated SystemTime="2020-10-22 22:30:53.069002"></TimeCreated>
<EventRecordID>29</EventRecordID>
<Correlation ActivityID="{f420ab68-9514-4971-a00d-8746f5370000}" RelatedActivityID=""></Correlation>
<Execution ProcessID="884" ThreadID="1796"></Execution>
<Channel>Microsoft-Windows-RemoteDesktopServices-RdpCoreTS/Operational</Channel>
<Computer>WIN-PTFPHFCRDJ0</Computer>
<Security UserID="S-1-5-20"></Security>
</System>
<EventData><Data Name="ReasonString">Reason Code: 2(Server Configuration).</Data>
</EventData>
</Event>

<Event xmlns="http://schemas.microsoft.com/win/2004/08/events/event"><System><Provider Name="Microsoft-Windows-RemoteDesktopServices-RdpCoreTS" Guid="{1139c61b-b549-4251-8ed3-27250a1edec8}"></Provider>
<EventID Qualifiers="">132</EventID>
<Version>0</Version>
<Level>4</Level>
<Task>4</Task>
<Opcode>15</Opcode>
<Keywords>0x4000000000000000</Keywords>
<TimeCreated SystemTime="2020-10-22 22:30:53.069008"></TimeCreated>
<EventRecordID>30</EventRecordID>
<Correlation ActivityID="{f420ab68-9514-4971-a00d-8746f5370000}" RelatedActivityID=""></Correlation>
<Execution ProcessID="884" ThreadID="1796"></Execution>
<Channel>Microsoft-Windows-RemoteDesktopServices-RdpCoreTS/Operational</Channel>
<Computer>WIN-PTFPHFCRDJ0</Computer>
<Security UserID="S-1-5-20"></Security>
</System>
<EventData><Data Name="ChannelName">rdplic</Data>
<Data Name="TunnelID">0</Data>
</EventData>
</Event>

<Event xmlns="http://schemas.microsoft.com/win/2004/08/events/event"><System><Provider Name="Microsoft-Windows-RemoteDesktopServices-RdpCoreTS" Guid="{1139c61b-b549-4251-8ed3-27250a1edec8}"></Provider>
<EventID Qualifiers="">132</EventID>
<Version>0</Version>
<Level>4</Level>
<Task>4</Task>
<Opcode>15</Opcode>
<Keywords>0x4000000000000000</Keywords>
<TimeCreated SystemTime="2020-10-22 22:30:53.069010"></TimeCreated>
<EventRecordID>31</EventRecordID>
<Correlation ActivityID="{f420ab68-9514-4971-a00d-8746f5370000}" RelatedActivityID=""></Correlation>
<Execution ProcessID="884" ThreadID="1796"></Execution>
<Channel>Microsoft-Windows-RemoteDesktopServices-RdpCoreTS/Operational</Channel>
<Computer>WIN-PTFPHFCRDJ0</Computer>
<Security UserID="S-1-5-20"></Security>
</System>
<EventData><Data Name="ChannelName">rdpcmd</Data>
<Data Name="TunnelID">0</Data>
</EventData>
</Event>

<Event xmlns="http://schemas.microsoft.com/win/2004/08/events/event"><System><Provider Name="Microsoft-Windows-RemoteDesktopServices-RdpCoreTS" Guid="{1139c61b-b549-4251-8ed3-27250a1edec8}"></Provider>
<EventID Qualifiers="">72</EventID>
<Version>0</Version>
<Level>4</Level>
<Task>4</Task>
<Opcode>13</Opcode>
<Keywords>0x4000000000000000</Keywords>
<TimeCreated SystemTime="2020-10-22 22:30:53.069016"></TimeCreated>
<EventRecordID>32</EventRecordID>
<Correlation ActivityID="{f420ab68-9514-4971-a00d-8746f5370000}" RelatedActivityID=""></Correlation>
<Execution ProcessID="884" ThreadID="1796"></Execution>
<Channel>Microsoft-Windows-RemoteDesktopServices-RdpCoreTS/Operational</Channel>
<Computer>WIN-PTFPHFCRDJ0</Computer>
<Security UserID="S-1-5-20"></Security>
</System>
<EventData><Data Name="MethodName">OnStartLicensing</Data>
</EventData>
</Event>

<Event xmlns="http://schemas.microsoft.com/win/2004/08/events/event"><System><Provider Name="Microsoft-Windows-RemoteDesktopServices-RdpCoreTS" Guid="{1139c61b-b549-4251-8ed3-27250a1edec8}"></Provider>
<EventID Qualifiers="">72</EventID>
<Version>0</Version>
<Level>4</Level>
<Task>4</Task>
<Opcode>13</Opcode>
<Keywords>0x4000000000000000</Keywords>
<TimeCreated SystemTime="2020-10-22 22:30:53.069042"></TimeCreated>
<EventRecordID>33</EventRecordID>
<Correlation ActivityID="{f420ab68-9514-4971-a00d-8746f5370000}" RelatedActivityID=""></Correlation>
<Execution ProcessID="884" ThreadID="292"></Execution>
<Channel>Microsoft-Windows-RemoteDesktopServices-RdpCoreTS/Operational</Channel>
<Computer>WIN-PTFPHFCRDJ0</Computer>
<Security UserID="S-1-5-20"></Security>
</System>
<EventData><Data Name="MethodName">AcceptConnection</Data>
</EventData>
</Event>

<Event xmlns="http://schemas.microsoft.com/win/2004/08/events/event"><System><Provider Name="Microsoft-Windows-RemoteDesktopServices-RdpCoreTS" Guid="{1139c61b-b549-4251-8ed3-27250a1edec8}"></Provider>
<EventID Qualifiers="">104</EventID>
<Version>0</Version>
<Level>4</Level>
<Task>4</Task>
<Opcode>15</Opcode>
<Keywords>0x4000000000000000</Keywords>
<TimeCreated SystemTime="2020-10-22 22:30:53.069132"></TimeCreated>
<EventRecordID>34</EventRecordID>
<Correlation ActivityID="{f420ab68-9514-4971-a00d-8746f5370000}" RelatedActivityID=""></Correlation>
<Execution ProcessID="884" ThreadID="292"></Execution>
<Channel>Microsoft-Windows-RemoteDesktopServices-RdpCoreTS/Operational</Channel>
<Computer>WIN-PTFPHFCRDJ0</Computer>
<Security UserID="S-1-5-20"></Security>
</System>
<EventData><Data Name="TimezoneBiasHour">[5]</Data>
</EventData>
</Event>

<Event xmlns="http://schemas.microsoft.com/win/2004/08/events/event"><System><Provider Name="Microsoft-Windows-RemoteDesktopServices-RdpCoreTS" Guid="{1139c61b-b549-4251-8ed3-27250a1edec8}"></Provider>
<EventID Qualifiers="">71</EventID>
<Version>0</Version>
<Level>4</Level>
<Task>4</Task>
<Opcode>13</Opcode>
<Keywords>0x4000000000000000</Keywords>
<TimeCreated SystemTime="2020-10-22 22:30:53.069134"></TimeCreated>
<EventRecordID>35</EventRecordID>
<Correlation ActivityID="{f420ab68-9514-4971-a00d-8746f5370000}" RelatedActivityID=""></Correlation>
<Execution ProcessID="884" ThreadID="292"></Execution>
<Channel>Microsoft-Windows-RemoteDesktopServices-RdpCoreTS/Operational</Channel>
<Computer>WIN-PTFPHFCRDJ0</Computer>
<Security UserID="S-1-5-20"></Security>
</System>
<EventData><Data Name="ConnectionName">RDP-Tcp#1</Data>
<Data Name="DisplayDriverName">RDPUDD</Data>
</EventData>
</Event>

<Event xmlns="http://schemas.microsoft.com/win/2004/08/events/event"><System><Provider Name="Microsoft-Windows-RemoteDesktopServices-RdpCoreTS" Guid="{1139c61b-b549-4251-8ed3-27250a1edec8}"></Provider>
<EventID Qualifiers="">72</EventID>
<Version>0</Version>
<Level>4</Level>
<Task>4</Task>
<Opcode>13</Opcode>
<Keywords>0x4000000000000000</Keywords>
<TimeCreated SystemTime="2020-10-22 22:30:53.069153"></TimeCreated>
<EventRecordID>36</EventRecordID>
<Correlation ActivityID="{f420ab68-9514-4971-a00d-8746f5370000}" RelatedActivityID=""></Correlation>
<Execution ProcessID="884" ThreadID="292"></Execution>
<Channel>Microsoft-Windows-RemoteDesktopServices-RdpCoreTS/Operational</Channel>
<Computer>WIN-PTFPHFCRDJ0</Computer>
<Security UserID="S-1-5-20"></Security>
</System>
<EventData><Data Name="MethodName">GetSecurityFilterCreds</Data>
</EventData>
</Event>

<Event xmlns="http://schemas.microsoft.com/win/2004/08/events/event"><System><Provider Name="Microsoft-Windows-RemoteDesktopServices-RdpCoreTS" Guid="{1139c61b-b549-4251-8ed3-27250a1edec8}"></Provider>
<EventID Qualifiers="">72</EventID>
<Version>0</Version>
<Level>4</Level>
<Task>4</Task>
<Opcode>13</Opcode>
<Keywords>0x4000000000000000</Keywords>
<TimeCreated SystemTime="2020-10-22 22:30:53.069700"></TimeCreated>
<EventRecordID>37</EventRecordID>
<Correlation ActivityID="{f420ab68-9514-4971-a00d-8746f5370000}" RelatedActivityID=""></Correlation>
<Execution ProcessID="884" ThreadID="292"></Execution>
<Channel>Microsoft-Windows-RemoteDesktopServices-RdpCoreTS/Operational</Channel>
<Computer>WIN-PTFPHFCRDJ0</Computer>
<Security UserID="S-1-5-20"></Security>
</System>
<EventData><Data Name="MethodName">SendClientLicense</Data>
</EventData>
</Event>

<Event xmlns="http://schemas.microsoft.com/win/2004/08/events/event"><System><Provider Name="Microsoft-Windows-RemoteDesktopServices-RdpCoreTS" Guid="{1139c61b-b549-4251-8ed3-27250a1edec8}"></Provider>
<EventID Qualifiers="">72</EventID>
<Version>0</Version>
<Level>4</Level>
<Task>4</Task>
<Opcode>13</Opcode>
<Keywords>0x4000000000000000</Keywords>
<TimeCreated SystemTime="2020-10-22 22:30:53.069782"></TimeCreated>
<EventRecordID>38</EventRecordID>
<Correlation ActivityID="{f420ab68-9514-4971-a00d-8746f5370000}" RelatedActivityID=""></Correlation>
<Execution ProcessID="884" ThreadID="292"></Execution>
<Channel>Microsoft-Windows-RemoteDesktopServices-RdpCoreTS/Operational</Channel>
<Computer>WIN-PTFPHFCRDJ0</Computer>
<Security UserID="S-1-5-20"></Security>
</System>
<EventData><Data Name="MethodName">ProtocolComplete</Data>
</EventData>
</Event>

<Event xmlns="http://schemas.microsoft.com/win/2004/08/events/event"><System><Provider Name="Microsoft-Windows-RemoteDesktopServices-RdpCoreTS" Guid="{1139c61b-b549-4251-8ed3-27250a1edec8}"></Provider>
<EventID Qualifiers="">98</EventID>
<Version>0</Version>
<Level>4</Level>
<Task>4</Task>
<Opcode>15</Opcode>
<Keywords>0x4000000000000000</Keywords>
<TimeCreated SystemTime="2020-10-22 22:30:53.069788"></TimeCreated>
<EventRecordID>39</EventRecordID>
<Correlation ActivityID="{f420ab68-9514-4971-a00d-8746f5370000}" RelatedActivityID=""></Correlation>
<Execution ProcessID="884" ThreadID="4648"></Execution>
<Channel>Microsoft-Windows-RemoteDesktopServices-RdpCoreTS/Operational</Channel>
<Computer>WIN-PTFPHFCRDJ0</Computer>
<Security UserID="S-1-5-20"></Security>
</System>
<EventData></EventData>
</Event>

<Event xmlns="http://schemas.microsoft.com/win/2004/08/events/event"><System><Provider Name="Microsoft-Windows-RemoteDesktopServices-RdpCoreTS" Guid="{1139c61b-b549-4251-8ed3-27250a1edec8}"></Provider>
<EventID Qualifiers="">100</EventID>
<Version>0</Version>
<Level>4</Level>
<Task>4</Task>
<Opcode>15</Opcode>
<Keywords>0x4000000000000000</Keywords>
<TimeCreated SystemTime="2020-10-22 22:30:53.069788"></TimeCreated>
<EventRecordID>40</EventRecordID>
<Correlation ActivityID="{f420ab68-9514-4971-a00d-8746f5370000}" RelatedActivityID=""></Correlation>
<Execution ProcessID="884" ThreadID="4648"></Execution>
<Channel>Microsoft-Windows-RemoteDesktopServices-RdpCoreTS/Operational</Channel>
<Computer>WIN-PTFPHFCRDJ0</Computer>
<Security UserID="S-1-5-20"></Security>
</System>
<EventData></EventData>
</Event>

<Event xmlns="http://schemas.microsoft.com/win/2004/08/events/event"><System><Provider Name="Microsoft-Windows-RemoteDesktopServices-RdpCoreTS" Guid="{1139c61b-b549-4251-8ed3-27250a1edec8}"></Provider>
<EventID Qualifiers="">135</EventID>
<Version>0</Version>
<Level>4</Level>
<Task>4</Task>
<Opcode>15</Opcode>
<Keywords>0x4000000000000000</Keywords>
<TimeCreated SystemTime="2020-10-22 22:30:53.069794"></TimeCreated>
<EventRecordID>41</EventRecordID>
<Correlation ActivityID="{f420ab68-9514-4971-a00d-8746f5370000}" RelatedActivityID=""></Correlation>
<Execution ProcessID="884" ThreadID="4648"></Execution>
<Channel>Microsoft-Windows-RemoteDesktopServices-RdpCoreTS/Operational</Channel>
<Computer>WIN-PTFPHFCRDJ0</Computer>
<Security UserID="S-1-5-20"></Security>
</System>
<EventData><Data Name="TunnelID">3</Data>
<Data Name="TransportType">TCP: Reason Code: 2 (Forced by Server Configuration)</Data>
</EventData>
</Event>

<Event xmlns="http://schemas.microsoft.com/win/2004/08/events/event"><System><Provider Name="Microsoft-Windows-RemoteDesktopServices-RdpCoreTS" Guid="{1139c61b-b549-4251-8ed3-27250a1edec8}"></Provider>
<EventID Qualifiers="">130</EventID>
<Version>0</Version>
<Level>4</Level>
<Task>4</Task>
<Opcode>15</Opcode>
<Keywords>0x4000000000000000</Keywords>
<TimeCreated SystemTime="2020-10-22 22:30:53.069904"></TimeCreated>
<EventRecordID>42</EventRecordID>
<Correlation ActivityID="{f420ab68-9514-4971-a00d-8746f5370000}" RelatedActivityID=""></Correlation>
<Execution ProcessID="884" ThreadID="4648"></Execution>
<Channel>Microsoft-Windows-RemoteDesktopServices-RdpCoreTS/Operational</Channel>
<Computer>WIN-PTFPHFCRDJ0</Computer>
<Security UserID="S-1-5-20"></Security>
</System>
<EventData><Data Name="TunnelID">1</Data>
</EventData>
</Event>

<Event xmlns="http://schemas.microsoft.com/win/2004/08/events/event"><System><Provider Name="Microsoft-Windows-RemoteDesktopServices-RdpCoreTS" Guid="{1139c61b-b549-4251-8ed3-27250a1edec8}"></Provider>
<EventID Qualifiers="">72</EventID>
<Version>0</Version>
<Level>4</Level>
<Task>4</Task>
<Opcode>13</Opcode>
<Keywords>0x4000000000000000</Keywords>
<TimeCreated SystemTime="2020-10-22 22:30:53.070480"></TimeCreated>
<EventRecordID>43</EventRecordID>
<Correlation ActivityID="{f420ab68-9514-4971-a00d-8746f5370000}" RelatedActivityID=""></Correlation>
<Execution ProcessID="884" ThreadID="292"></Execution>
<Channel>Microsoft-Windows-RemoteDesktopServices-RdpCoreTS/Operational</Channel>
<Computer>WIN-PTFPHFCRDJ0</Computer>
<Security UserID="S-1-5-20"></Security>
</System>
<EventData><Data Name="MethodName">AuthenticateClientToSession</Data>
</EventData>
</Event>

<Event xmlns="http://schemas.microsoft.com/win/2004/08/events/event"><System><Provider Name="Microsoft-Windows-RemoteDesktopServices-RdpCoreTS" Guid="{1139c61b-b549-4251-8ed3-27250a1edec8}"></Provider>
<EventID Qualifiers="">131</EventID>
<Version>0</Version>
<Level>4</Level>
<Task>4</Task>
<Opcode>15</Opcode>
<Keywords>0x4000000000000000</Keywords>
<TimeCreated SystemTime="2020-10-22 22:30:53.326796"></TimeCreated>
<EventRecordID>44</EventRecordID>
<Correlation ActivityID="{04d55717-c624-4197-b8d4-6c4b5ab40000}" RelatedActivityID=""></Correlation>
<Execution ProcessID="884" ThreadID="1112"></Execution>
<Channel>Microsoft-Windows-RemoteDesktopServices-RdpCoreTS/Operational</Channel>
<Computer>WIN-PTFPHFCRDJ0</Computer>
<Security UserID="S-1-5-20"></Security>
</System>
<EventData><Data Name="ConnType">UDP</Data>
<Data Name="ClientIP">[22.22.22.136]:65282</Data>
</EventData>
</Event>

<Event xmlns="http://schemas.microsoft.com/win/2004/08/events/event"><System><Provider Name="Microsoft-Windows-RemoteDesktopServices-RdpCoreTS" Guid="{1139c61b-b549-4251-8ed3-27250a1edec8}"></Provider>
<EventID Qualifiers="">66</EventID>
<Version>0</Version>
<Level>4</Level>
<Task>4</Task>
<Opcode>13</Opcode>
<Keywords>0x4000000000000000</Keywords>
<TimeCreated SystemTime="2020-10-22 22:30:54.443274"></TimeCreated>
<EventRecordID>45</EventRecordID>
<Correlation ActivityID="{f420ab68-9514-4971-a00d-8746f5370000}" RelatedActivityID=""></Correlation>
<Execution ProcessID="884" ThreadID="4188"></Execution>
<Channel>Microsoft-Windows-RemoteDesktopServices-RdpCoreTS/Operational</Channel>
<Computer>WIN-PTFPHFCRDJ0</Computer>
<Security UserID="S-1-5-20"></Security>
</System>
<EventData><Data Name="ConnectionName">RDP-Tcp#1</Data>
<Data Name="SessionID">1</Data>
</EventData>
</Event>

<Event xmlns="http://schemas.microsoft.com/win/2004/08/events/event"><System><Provider Name="Microsoft-Windows-RemoteDesktopServices-RdpCoreTS" Guid="{1139c61b-b549-4251-8ed3-27250a1edec8}"></Provider>
<EventID Qualifiers="">132</EventID>
<Version>0</Version>
<Level>4</Level>
<Task>4</Task>
<Opcode>15</Opcode>
<Keywords>0x4000000000000000</Keywords>
<TimeCreated SystemTime="2020-10-22 22:30:54.834015"></TimeCreated>
<EventRecordID>46</EventRecordID>
<Correlation ActivityID="{f420ab68-9514-4971-a00d-8746f5370000}" RelatedActivityID=""></Correlation>
<Execution ProcessID="884" ThreadID="2524"></Execution>
<Channel>Microsoft-Windows-RemoteDesktopServices-RdpCoreTS/Operational</Channel>
<Computer>WIN-PTFPHFCRDJ0</Computer>
<Security UserID="S-1-5-20"></Security>
</System>
<EventData><Data Name="ChannelName">rdpgrfx</Data>
<Data Name="TunnelID">0</Data>
</EventData>
</Event>

<Event xmlns="http://schemas.microsoft.com/win/2004/08/events/event"><System><Provider Name="Microsoft-Windows-RemoteDesktopServices-RdpCoreTS" Guid="{1139c61b-b549-4251-8ed3-27250a1edec8}"></Provider>
<EventID Qualifiers="">33</EventID>
<Version>0</Version>
<Level>4</Level>
<Task>4</Task>
<Opcode>11</Opcode>
<Keywords>0x4000000000000000</Keywords>
<TimeCreated SystemTime="2020-10-22 22:30:54.834169"></TimeCreated>
<EventRecordID>47</EventRecordID>
<Correlation ActivityID="{f420ab68-9514-4971-a00d-8746f5370000}" RelatedActivityID=""></Correlation>
<Execution ProcessID="884" ThreadID="4188"></Execution>
<Channel>Microsoft-Windows-RemoteDesktopServices-RdpCoreTS/Operational</Channel>
<Computer>WIN-PTFPHFCRDJ0</Computer>
<Security UserID="S-1-5-20"></Security>
</System>
<EventData></EventData>
</Event>

<Event xmlns="http://schemas.microsoft.com/win/2004/08/events/event"><System><Provider Name="Microsoft-Windows-RemoteDesktopServices-RdpCoreTS" Guid="{1139c61b-b549-4251-8ed3-27250a1edec8}"></Provider>
<EventID Qualifiers="">132</EventID>
<Version>0</Version>
<Level>4</Level>
<Task>4</Task>
<Opcode>15</Opcode>
<Keywords>0x4000000000000000</Keywords>
<TimeCreated SystemTime="2020-10-22 22:30:54.881065"></TimeCreated>
<EventRecordID>48</EventRecordID>
<Correlation ActivityID="{f420ab68-9514-4971-a00d-8746f5370000}" RelatedActivityID=""></Correlation>
<Execution ProcessID="884" ThreadID="1796"></Execution>
<Channel>Microsoft-Windows-RemoteDesktopServices-RdpCoreTS/Operational</Channel>
<Computer>WIN-PTFPHFCRDJ0</Computer>
<Security UserID="S-1-5-20"></Security>
</System>
<EventData><Data Name="ChannelName">rdpinpt</Data>
<Data Name="TunnelID">0</Data>
</EventData>
</Event>

<Event xmlns="http://schemas.microsoft.com/win/2004/08/events/event"><System><Provider Name="Microsoft-Windows-RemoteDesktopServices-RdpCoreTS" Guid="{1139c61b-b549-4251-8ed3-27250a1edec8}"></Provider>
<EventID Qualifiers="">135</EventID>
<Version>0</Version>
<Level>4</Level>
<Task>4</Task>
<Opcode>15</Opcode>
<Keywords>0x4000000000000000</Keywords>
<TimeCreated SystemTime="2020-10-22 22:30:54.881187"></TimeCreated>
<EventRecordID>49</EventRecordID>
<Correlation ActivityID="{f420ab68-9514-4971-a00d-8746f5370000}" RelatedActivityID=""></Correlation>
<Execution ProcessID="884" ThreadID="1796"></Execution>
<Channel>Microsoft-Windows-RemoteDesktopServices-RdpCoreTS/Operational</Channel>
<Computer>WIN-PTFPHFCRDJ0</Computer>
<Security UserID="S-1-5-20"></Security>
</System>
<EventData><Data Name="TunnelID">1</Data>
<Data Name="TransportType">UDP</Data>
</EventData>
</Event>

<Event xmlns="http://schemas.microsoft.com/win/2004/08/events/event"><System><Provider Name="Microsoft-Windows-RemoteDesktopServices-RdpCoreTS" Guid="{1139c61b-b549-4251-8ed3-27250a1edec8}"></Provider>
<EventID Qualifiers="">169</EventID>
<Version>0</Version>
<Level>4</Level>
<Task>4</Task>
<Opcode>19</Opcode>
<Keywords>0x4000000000000000</Keywords>
<TimeCreated SystemTime="2020-10-22 22:30:54.881355"></TimeCreated>
<EventRecordID>50</EventRecordID>
<Correlation ActivityID="{f420ab68-9514-4971-a00d-8746f5370000}" RelatedActivityID=""></Correlation>
<Execution ProcessID="884" ThreadID="1796"></Execution>
<Channel>Microsoft-Windows-RemoteDesktopServices-RdpCoreTS/Operational</Channel>
<Computer>WIN-PTFPHFCRDJ0</Computer>
<Security UserID="S-1-5-20"></Security>
</System>
<EventData><Data Name="MajorType">1</Data>
<Data Name="MinorType">3</Data>
<Data Name="ServerName">WIN-PTFPHFCRDJ0</Data>
</EventData>
</Event>

<Event xmlns="http://schemas.microsoft.com/win/2004/08/events/event"><System><Provider Name="Microsoft-Windows-RemoteDesktopServices-RdpCoreTS" Guid="{1139c61b-b549-4251-8ed3-27250a1edec8}"></Provider>
<EventID Qualifiers="">72</EventID>
<Version>0</Version>
<Level>4</Level>
<Task>4</Task>
<Opcode>13</Opcode>
<Keywords>0x4000000000000000</Keywords>
<TimeCreated SystemTime="2020-10-22 22:30:54.881603"></TimeCreated>
<EventRecordID>51</EventRecordID>
<Correlation ActivityID="{f420ab68-9514-4971-a00d-8746f5370000}" RelatedActivityID=""></Correlation>
<Execution ProcessID="884" ThreadID="2112"></Execution>
<Channel>Microsoft-Windows-RemoteDesktopServices-RdpCoreTS/Operational</Channel>
<Computer>WIN-PTFPHFCRDJ0</Computer>
<Security UserID="S-1-5-20"></Security>
</System>
<EventData><Data Name="MethodName">OnConnected</Data>
</EventData>
</Event>

<Event xmlns="http://schemas.microsoft.com/win/2004/08/events/event"><System><Provider Name="Microsoft-Windows-RemoteDesktopServices-RdpCoreTS" Guid="{1139c61b-b549-4251-8ed3-27250a1edec8}"></Provider>
<EventID Qualifiers="">72</EventID>
<Version>0</Version>
<Level>4</Level>
<Task>4</Task>
<Opcode>13</Opcode>
<Keywords>0x4000000000000000</Keywords>
<TimeCreated SystemTime="2020-10-22 22:30:54.881605"></TimeCreated>
<EventRecordID>52</EventRecordID>
<Correlation ActivityID="{f420ab68-9514-4971-a00d-8746f5370000}" RelatedActivityID=""></Correlation>
<Execution ProcessID="884" ThreadID="2112"></Execution>
<Channel>Microsoft-Windows-RemoteDesktopServices-RdpCoreTS/Operational</Channel>
<Computer>WIN-PTFPHFCRDJ0</Computer>
<Security UserID="S-1-5-20"></Security>
</System>
<EventData><Data Name="MethodName">OnReady</Data>
</EventData>
</Event>

<Event xmlns="http://schemas.microsoft.com/win/2004/08/events/event"><System><Provider Name="Microsoft-Windows-RemoteDesktopServices-RdpCoreTS" Guid="{1139c61b-b549-4251-8ed3-27250a1edec8}"></Provider>
<EventID Qualifiers="">135</EventID>
<Version>0</Version>
<Level>4</Level>
<Task>4</Task>
<Opcode>15</Opcode>
<Keywords>0x4000000000000000</Keywords>
<TimeCreated SystemTime="2020-10-22 22:30:54.881607"></TimeCreated>
<EventRecordID>53</EventRecordID>
<Correlation ActivityID="{f420ab68-9514-4971-a00d-8746f5370000}" RelatedActivityID=""></Correlation>
<Execution ProcessID="884" ThreadID="5040"></Execution>
<Channel>Microsoft-Windows-RemoteDesktopServices-RdpCoreTS/Operational</Channel>
<Computer>WIN-PTFPHFCRDJ0</Computer>
<Security UserID="S-1-5-20"></Security>
</System>
<EventData><Data Name="TunnelID">1</Data>
<Data Name="TransportType">UDP</Data>
</EventData>
</Event>

<Event xmlns="http://schemas.microsoft.com/win/2004/08/events/event"><System><Provider Name="Microsoft-Windows-RemoteDesktopServices-RdpCoreTS" Guid="{1139c61b-b549-4251-8ed3-27250a1edec8}"></Provider>
<EventID Qualifiers="">132</EventID>
<Version>0</Version>
<Level>4</Level>
<Task>4</Task>
<Opcode>15</Opcode>
<Keywords>0x4000000000000000</Keywords>
<TimeCreated SystemTime="2020-10-22 22:30:54.882090"></TimeCreated>
<EventRecordID>54</EventRecordID>
<Correlation ActivityID="{f420ab68-9514-4971-a00d-8746f5370000}" RelatedActivityID=""></Correlation>
<Execution ProcessID="884" ThreadID="3776"></Execution>
<Channel>Microsoft-Windows-RemoteDesktopServices-RdpCoreTS/Operational</Channel>
<Computer>WIN-PTFPHFCRDJ0</Computer>
<Security UserID="S-1-5-20"></Security>
</System>
<EventData><Data Name="ChannelName">Microsoft::Windows::RDS::Telemetry</Data>
<Data Name="TunnelID">1</Data>
</EventData>
</Event>

<Event xmlns="http://schemas.microsoft.com/win/2004/08/events/event"><System><Provider Name="Microsoft-Windows-RemoteDesktopServices-RdpCoreTS" Guid="{1139c61b-b549-4251-8ed3-27250a1edec8}"></Provider>
<EventID Qualifiers="">132</EventID>
<Version>0</Version>
<Level>4</Level>
<Task>4</Task>
<Opcode>15</Opcode>
<Keywords>0x4000000000000000</Keywords>
<TimeCreated SystemTime="2020-10-22 22:30:55.101017"></TimeCreated>
<EventRecordID>55</EventRecordID>
<Correlation ActivityID="{f420ab68-9514-4971-a00d-8746f5370000}" RelatedActivityID=""></Correlation>
<Execution ProcessID="884" ThreadID="3776"></Execution>
<Channel>Microsoft-Windows-RemoteDesktopServices-RdpCoreTS/Operational</Channel>
<Computer>WIN-PTFPHFCRDJ0</Computer>
<Security UserID="S-1-5-20"></Security>
</System>
<EventData><Data Name="ChannelName">Microsoft::Windows::RDS::Graphics</Data>
<Data Name="TunnelID">1</Data>
</EventData>
</Event>

<Event xmlns="http://schemas.microsoft.com/win/2004/08/events/event"><System><Provider Name="Microsoft-Windows-RemoteDesktopServices-RdpCoreTS" Guid="{1139c61b-b549-4251-8ed3-27250a1edec8}"></Provider>
<EventID Qualifiers="">162</EventID>
<Version>0</Version>
<Level>4</Level>
<Task>4</Task>
<Opcode>19</Opcode>
<Keywords>0x4000000000000000</Keywords>
<TimeCreated SystemTime="2020-10-22 22:30:55.438629"></TimeCreated>
<EventRecordID>56</EventRecordID>
<Correlation ActivityID="{f420ab68-9514-4971-a00d-8746f5370000}" RelatedActivityID=""></Correlation>
<Execution ProcessID="884" ThreadID="3776"></Execution>
<Channel>Microsoft-Windows-RemoteDesktopServices-RdpCoreTS/Operational</Channel>
<Computer>WIN-PTFPHFCRDJ0</Computer>
<Security UserID="S-1-5-20"></Security>
</System>
<EventData><Data Name="Version">0x000a0600</Data>
<Data Name="ClientMode">0</Data>
<Data Name="AvcEnabled">1</Data>
<Data Name="ProfileIdNum">2</Data>
<Data Name="ServerName">WIN-PTFPHFCRDJ0</Data>
</EventData>
</Event>

