<Event xmlns="http://schemas.microsoft.com/win/2004/08/events/event"><System><Provider Name="Microsoft-Windows-ServerManager-MultiMachine" Guid="{d8d37081-10bd-4a89-a971-1cda6899bdb3}"></Provider>
<EventID Qualifiers="">209</EventID>
<Version>0</Version>
<Level>4</Level>
<Task>17</Task>
<Opcode>0</Opcode>
<Keywords>0x2000000000000000</Keywords>
<TimeCreated SystemTime="2020-10-24 21:58:04.547110"></TimeCreated>
<EventRecordID>157</EventRecordID>
<Correlation ActivityID="{77a78747-0f4b-4aa6-a20f-3f65997410c0}" RelatedActivityID=""></Correlation>
<Execution ProcessID="5068" ThreadID="3556"></Execution>
<Channel>Microsoft-Windows-ServerManager-MultiMachine/Operational</Channel>
<Computer>WIN-PTFPHFCRDJ0</Computer>
<Security UserID="S-1-5-21-1152959844-3645458174-3779170896-1000"></Security>
</System>
<EventData><Data Name="serverName">localhost</Data>
<Data Name="protocol">DCOM</Data>
<Data Name="userName">null</Data>
</EventData>
</Event>

<Event xmlns="http://schemas.microsoft.com/win/2004/08/events/event"><System><Provider Name="Microsoft-Windows-ServerManager-MultiMachine" Guid="{d8d37081-10bd-4a89-a971-1cda6899bdb3}"></Provider>
<EventID Qualifiers="">217</EventID>
<Version>0</Version>
<Level>4</Level>
<Task>17</Task>
<Opcode>0</Opcode>
<Keywords>0x2000000000000000</Keywords>
<TimeCreated SystemTime="2020-10-24 21:58:04.759083"></TimeCreated>
<EventRecordID>158</EventRecordID>
<Correlation ActivityID="{ddd014b8-f80e-4814-8693-e9a7f7bf8f29}" RelatedActivityID=""></Correlation>
<Execution ProcessID="5068" ThreadID="5096"></Execution>
<Channel>Microsoft-Windows-ServerManager-MultiMachine/Operational</Channel>
<Computer>WIN-PTFPHFCRDJ0</Computer>
<Security UserID="S-1-5-21-1152959844-3645458174-3779170896-1000"></Security>
</System>
<EventData><Data Name="serverName">localhost</Data>
<Data Name="namespaceName">root\microsoft\windows\servermanager</Data>
<Data Name="wmiClassName">MSFT_ServerManagerTasks</Data>
<Data Name="methodName">GetServerServiceDetail</Data>
<Data Name="protocol">DCOM</Data>
</EventData>
</Event>

<Event xmlns="http://schemas.microsoft.com/win/2004/08/events/event"><System><Provider Name="Microsoft-Windows-ServerManager-MultiMachine" Guid="{d8d37081-10bd-4a89-a971-1cda6899bdb3}"></Provider>
<EventID Qualifiers="">217</EventID>
<Version>0</Version>
<Level>4</Level>
<Task>17</Task>
<Opcode>0</Opcode>
<Keywords>0x2000000000000000</Keywords>
<TimeCreated SystemTime="2020-10-24 21:58:04.762896"></TimeCreated>
<EventRecordID>159</EventRecordID>
<Correlation ActivityID="{ddd014b8-f80e-4814-8693-e9a7f7bf8f29}" RelatedActivityID=""></Correlation>
<Execution ProcessID="5068" ThreadID="5096"></Execution>
<Channel>Microsoft-Windows-ServerManager-MultiMachine/Operational</Channel>
<Computer>WIN-PTFPHFCRDJ0</Computer>
<Security UserID="S-1-5-21-1152959844-3645458174-3779170896-1000"></Security>
</System>
<EventData><Data Name="serverName">localhost</Data>
<Data Name="namespaceName">root\microsoft\windows\servermanager</Data>
<Data Name="wmiClassName">MSFT_ServerManagerTasks</Data>
<Data Name="methodName">GetServerServiceDetail</Data>
<Data Name="protocol">DCOM</Data>
</EventData>
</Event>

<Event xmlns="http://schemas.microsoft.com/win/2004/08/events/event"><System><Provider Name="Microsoft-Windows-ServerManager-MultiMachine" Guid="{d8d37081-10bd-4a89-a971-1cda6899bdb3}"></Provider>
<EventID Qualifiers="">215</EventID>
<Version>0</Version>
<Level>4</Level>
<Task>17</Task>
<Opcode>0</Opcode>
<Keywords>0x2000000000000000</Keywords>
<TimeCreated SystemTime="2020-10-24 21:58:04.762939"></TimeCreated>
<EventRecordID>160</EventRecordID>
<Correlation ActivityID="{ddd014b8-f80e-4814-8693-e9a7f7bf8f29}" RelatedActivityID=""></Correlation>
<Execution ProcessID="5068" ThreadID="5096"></Execution>
<Channel>Microsoft-Windows-ServerManager-MultiMachine/Operational</Channel>
<Computer>WIN-PTFPHFCRDJ0</Computer>
<Security UserID="S-1-5-21-1152959844-3645458174-3779170896-1000"></Security>
</System>
<EventData><Data Name="serverName">localhost</Data>
<Data Name="namespaceName">root\microsoft\windows\servermanager</Data>
<Data Name="wmiClassName">MSFT_ServerManagerTasks</Data>
<Data Name="methodName">GetServerServiceDetail</Data>
<Data Name="protocol">DCOM</Data>
</EventData>
</Event>

<Event xmlns="http://schemas.microsoft.com/win/2004/08/events/event"><System><Provider Name="Microsoft-Windows-ServerManager-MultiMachine" Guid="{d8d37081-10bd-4a89-a971-1cda6899bdb3}"></Provider>
<EventID Qualifiers="">217</EventID>
<Version>0</Version>
<Level>4</Level>
<Task>17</Task>
<Opcode>0</Opcode>
<Keywords>0x2000000000000000</Keywords>
<TimeCreated SystemTime="2020-10-24 21:58:05.007948"></TimeCreated>
<EventRecordID>161</EventRecordID>
<Correlation ActivityID="{6dcf3f29-d4de-410c-98a3-beeca0067150}" RelatedActivityID=""></Correlation>
<Execution ProcessID="5068" ThreadID="5096"></Execution>
<Channel>Microsoft-Windows-ServerManager-MultiMachine/Operational</Channel>
<Computer>WIN-PTFPHFCRDJ0</Computer>
<Security UserID="S-1-5-21-1152959844-3645458174-3779170896-1000"></Security>
</System>
<EventData><Data Name="serverName">localhost</Data>
<Data Name="namespaceName">root\microsoft\windows\servermanager</Data>
<Data Name="wmiClassName">MSFT_ServerManagerTasks</Data>
<Data Name="methodName">GetPerformanceCollectorState</Data>
<Data Name="protocol">DCOM</Data>
</EventData>
</Event>

<Event xmlns="http://schemas.microsoft.com/win/2004/08/events/event"><System><Provider Name="Microsoft-Windows-ServerManager-MultiMachine" Guid="{d8d37081-10bd-4a89-a971-1cda6899bdb3}"></Provider>
<EventID Qualifiers="">215</EventID>
<Version>0</Version>
<Level>4</Level>
<Task>17</Task>
<Opcode>0</Opcode>
<Keywords>0x2000000000000000</Keywords>
<TimeCreated SystemTime="2020-10-24 21:58:05.008059"></TimeCreated>
<EventRecordID>162</EventRecordID>
<Correlation ActivityID="{6dcf3f29-d4de-410c-98a3-beeca0067150}" RelatedActivityID=""></Correlation>
<Execution ProcessID="5068" ThreadID="5096"></Execution>
<Channel>Microsoft-Windows-ServerManager-MultiMachine/Operational</Channel>
<Computer>WIN-PTFPHFCRDJ0</Computer>
<Security UserID="S-1-5-21-1152959844-3645458174-3779170896-1000"></Security>
</System>
<EventData><Data Name="serverName">localhost</Data>
<Data Name="namespaceName">root\microsoft\windows\servermanager</Data>
<Data Name="wmiClassName">MSFT_ServerManagerTasks</Data>
<Data Name="methodName">GetPerformanceCollectorState</Data>
<Data Name="protocol">DCOM</Data>
</EventData>
</Event>

<Event xmlns="http://schemas.microsoft.com/win/2004/08/events/event"><System><Provider Name="Microsoft-Windows-ServerManager-MultiMachine" Guid="{d8d37081-10bd-4a89-a971-1cda6899bdb3}"></Provider>
<EventID Qualifiers="">217</EventID>
<Version>0</Version>
<Level>4</Level>
<Task>17</Task>
<Opcode>0</Opcode>
<Keywords>0x2000000000000000</Keywords>
<TimeCreated SystemTime="2020-10-24 21:58:05.073074"></TimeCreated>
<EventRecordID>163</EventRecordID>
<Correlation ActivityID="{0037f306-2554-4df9-a620-22875c6d82fa}" RelatedActivityID=""></Correlation>
<Execution ProcessID="5068" ThreadID="3724"></Execution>
<Channel>Microsoft-Windows-ServerManager-MultiMachine/Operational</Channel>
<Computer>WIN-PTFPHFCRDJ0</Computer>
<Security UserID="S-1-5-21-1152959844-3645458174-3779170896-1000"></Security>
</System>
<EventData><Data Name="serverName">localhost</Data>
<Data Name="namespaceName">root\microsoft\windows\servermanager</Data>
<Data Name="wmiClassName">MSFT_ServerManagerTasks</Data>
<Data Name="methodName">GetServerEventDetail</Data>
<Data Name="protocol">DCOM</Data>
</EventData>
</Event>

<Event xmlns="http://schemas.microsoft.com/win/2004/08/events/event"><System><Provider Name="Microsoft-Windows-ServerManager-MultiMachine" Guid="{d8d37081-10bd-4a89-a971-1cda6899bdb3}"></Provider>
<EventID Qualifiers="">217</EventID>
<Version>0</Version>
<Level>4</Level>
<Task>17</Task>
<Opcode>0</Opcode>
<Keywords>0x2000000000000000</Keywords>
<TimeCreated SystemTime="2020-10-24 21:58:05.149967"></TimeCreated>
<EventRecordID>164</EventRecordID>
<Correlation ActivityID="{0037f306-2554-4df9-a620-22875c6d82fa}" RelatedActivityID=""></Correlation>
<Execution ProcessID="5068" ThreadID="3724"></Execution>
<Channel>Microsoft-Windows-ServerManager-MultiMachine/Operational</Channel>
<Computer>WIN-PTFPHFCRDJ0</Computer>
<Security UserID="S-1-5-21-1152959844-3645458174-3779170896-1000"></Security>
</System>
<EventData><Data Name="serverName">localhost</Data>
<Data Name="namespaceName">root\microsoft\windows\servermanager</Data>
<Data Name="wmiClassName">MSFT_ServerManagerTasks</Data>
<Data Name="methodName">GetServerEventDetail</Data>
<Data Name="protocol">DCOM</Data>
</EventData>
</Event>

<Event xmlns="http://schemas.microsoft.com/win/2004/08/events/event"><System><Provider Name="Microsoft-Windows-ServerManager-MultiMachine" Guid="{d8d37081-10bd-4a89-a971-1cda6899bdb3}"></Provider>
<EventID Qualifiers="">217</EventID>
<Version>0</Version>
<Level>4</Level>
<Task>17</Task>
<Opcode>0</Opcode>
<Keywords>0x2000000000000000</Keywords>
<TimeCreated SystemTime="2020-10-24 21:58:05.226103"></TimeCreated>
<EventRecordID>165</EventRecordID>
<Correlation ActivityID="{0037f306-2554-4df9-a620-22875c6d82fa}" RelatedActivityID=""></Correlation>
<Execution ProcessID="5068" ThreadID="3724"></Execution>
<Channel>Microsoft-Windows-ServerManager-MultiMachine/Operational</Channel>
<Computer>WIN-PTFPHFCRDJ0</Computer>
<Security UserID="S-1-5-21-1152959844-3645458174-3779170896-1000"></Security>
</System>
<EventData><Data Name="serverName">localhost</Data>
<Data Name="namespaceName">root\microsoft\windows\servermanager</Data>
<Data Name="wmiClassName">MSFT_ServerManagerTasks</Data>
<Data Name="methodName">GetServerEventDetail</Data>
<Data Name="protocol">DCOM</Data>
</EventData>
</Event>

<Event xmlns="http://schemas.microsoft.com/win/2004/08/events/event"><System><Provider Name="Microsoft-Windows-ServerManager-MultiMachine" Guid="{d8d37081-10bd-4a89-a971-1cda6899bdb3}"></Provider>
<EventID Qualifiers="">215</EventID>
<Version>0</Version>
<Level>4</Level>
<Task>17</Task>
<Opcode>0</Opcode>
<Keywords>0x2000000000000000</Keywords>
<TimeCreated SystemTime="2020-10-24 21:58:05.226130"></TimeCreated>
<EventRecordID>166</EventRecordID>
<Correlation ActivityID="{0037f306-2554-4df9-a620-22875c6d82fa}" RelatedActivityID=""></Correlation>
<Execution ProcessID="5068" ThreadID="3724"></Execution>
<Channel>Microsoft-Windows-ServerManager-MultiMachine/Operational</Channel>
<Computer>WIN-PTFPHFCRDJ0</Computer>
<Security UserID="S-1-5-21-1152959844-3645458174-3779170896-1000"></Security>
</System>
<EventData><Data Name="serverName">localhost</Data>
<Data Name="namespaceName">root\microsoft\windows\servermanager</Data>
<Data Name="wmiClassName">MSFT_ServerManagerTasks</Data>
<Data Name="methodName">GetServerEventDetail</Data>
<Data Name="protocol">DCOM</Data>
</EventData>
</Event>

<Event xmlns="http://schemas.microsoft.com/win/2004/08/events/event"><System><Provider Name="Microsoft-Windows-ServerManager-MultiMachine" Guid="{d8d37081-10bd-4a89-a971-1cda6899bdb3}"></Provider>
<EventID Qualifiers="">214</EventID>
<Version>0</Version>
<Level>4</Level>
<Task>17</Task>
<Opcode>0</Opcode>
<Keywords>0x2000000000000000</Keywords>
<TimeCreated SystemTime="2020-10-24 21:58:05.291862"></TimeCreated>
<EventRecordID>167</EventRecordID>
<Correlation ActivityID="{77a78747-0f4b-4aa6-a20f-3f65997410c0}" RelatedActivityID=""></Correlation>
<Execution ProcessID="5068" ThreadID="3556"></Execution>
<Channel>Microsoft-Windows-ServerManager-MultiMachine/Operational</Channel>
<Computer>WIN-PTFPHFCRDJ0</Computer>
<Security UserID="S-1-5-21-1152959844-3645458174-3779170896-1000"></Security>
</System>
<EventData><Data Name="serverName">localhost</Data>
<Data Name="namespaceName">root\microsoft\windows\servermanager</Data>
<Data Name="wmiClassName">MSFT_ServerManagerTasks</Data>
<Data Name="methodName">GetServerBpaResult</Data>
<Data Name="protocol">DCOM</Data>
</EventData>
</Event>

<Event xmlns="http://schemas.microsoft.com/win/2004/08/events/event"><System><Provider Name="Microsoft-Windows-ServerManager-MultiMachine" Guid="{d8d37081-10bd-4a89-a971-1cda6899bdb3}"></Provider>
<EventID Qualifiers="">209</EventID>
<Version>0</Version>
<Level>4</Level>
<Task>17</Task>
<Opcode>0</Opcode>
<Keywords>0x2000000000000000</Keywords>
<TimeCreated SystemTime="2020-10-24 21:58:05.291866"></TimeCreated>
<EventRecordID>168</EventRecordID>
<Correlation ActivityID="{77a78747-0f4b-4aa6-a20f-3f65997410c0}" RelatedActivityID=""></Correlation>
<Execution ProcessID="5068" ThreadID="3556"></Execution>
<Channel>Microsoft-Windows-ServerManager-MultiMachine/Operational</Channel>
<Computer>WIN-PTFPHFCRDJ0</Computer>
<Security UserID="S-1-5-21-1152959844-3645458174-3779170896-1000"></Security>
</System>
<EventData><Data Name="serverName">localhost</Data>
<Data Name="protocol">DCOM</Data>
<Data Name="userName">null</Data>
</EventData>
</Event>

<Event xmlns="http://schemas.microsoft.com/win/2004/08/events/event"><System><Provider Name="Microsoft-Windows-ServerManager-MultiMachine" Guid="{d8d37081-10bd-4a89-a971-1cda6899bdb3}"></Provider>
<EventID Qualifiers="">217</EventID>
<Version>0</Version>
<Level>4</Level>
<Task>17</Task>
<Opcode>0</Opcode>
<Keywords>0x2000000000000000</Keywords>
<TimeCreated SystemTime="2020-10-24 21:58:05.487080"></TimeCreated>
<EventRecordID>169</EventRecordID>
<Correlation ActivityID="{905b60e6-8ad0-4996-b3d2-94dbd55fbe38}" RelatedActivityID=""></Correlation>
<Execution ProcessID="5068" ThreadID="3556"></Execution>
<Channel>Microsoft-Windows-ServerManager-MultiMachine/Operational</Channel>
<Computer>WIN-PTFPHFCRDJ0</Computer>
<Security UserID="S-1-5-21-1152959844-3645458174-3779170896-1000"></Security>
</System>
<EventData><Data Name="serverName">localhost</Data>
<Data Name="namespaceName">root\microsoft\windows\servermanager</Data>
<Data Name="wmiClassName">MSFT_ServerManagerTasks</Data>
<Data Name="methodName">GetServerBpaResult</Data>
<Data Name="protocol">DCOM</Data>
</EventData>
</Event>

<Event xmlns="http://schemas.microsoft.com/win/2004/08/events/event"><System><Provider Name="Microsoft-Windows-ServerManager-MultiMachine" Guid="{d8d37081-10bd-4a89-a971-1cda6899bdb3}"></Provider>
<EventID Qualifiers="">217</EventID>
<Version>0</Version>
<Level>4</Level>
<Task>17</Task>
<Opcode>0</Opcode>
<Keywords>0x2000000000000000</Keywords>
<TimeCreated SystemTime="2020-10-24 21:58:05.487795"></TimeCreated>
<EventRecordID>170</EventRecordID>
<Correlation ActivityID="{905b60e6-8ad0-4996-b3d2-94dbd55fbe38}" RelatedActivityID=""></Correlation>
<Execution ProcessID="5068" ThreadID="3556"></Execution>
<Channel>Microsoft-Windows-ServerManager-MultiMachine/Operational</Channel>
<Computer>WIN-PTFPHFCRDJ0</Computer>
<Security UserID="S-1-5-21-1152959844-3645458174-3779170896-1000"></Security>
</System>
<EventData><Data Name="serverName">localhost</Data>
<Data Name="namespaceName">root\microsoft\windows\servermanager</Data>
<Data Name="wmiClassName">MSFT_ServerManagerTasks</Data>
<Data Name="methodName">GetServerBpaResult</Data>
<Data Name="protocol">DCOM</Data>
</EventData>
</Event>

<Event xmlns="http://schemas.microsoft.com/win/2004/08/events/event"><System><Provider Name="Microsoft-Windows-ServerManager-MultiMachine" Guid="{d8d37081-10bd-4a89-a971-1cda6899bdb3}"></Provider>
<EventID Qualifiers="">215</EventID>
<Version>0</Version>
<Level>4</Level>
<Task>17</Task>
<Opcode>0</Opcode>
<Keywords>0x2000000000000000</Keywords>
<TimeCreated SystemTime="2020-10-24 21:58:05.487818"></TimeCreated>
<EventRecordID>171</EventRecordID>
<Correlation ActivityID="{905b60e6-8ad0-4996-b3d2-94dbd55fbe38}" RelatedActivityID=""></Correlation>
<Execution ProcessID="5068" ThreadID="3556"></Execution>
<Channel>Microsoft-Windows-ServerManager-MultiMachine/Operational</Channel>
<Computer>WIN-PTFPHFCRDJ0</Computer>
<Security UserID="S-1-5-21-1152959844-3645458174-3779170896-1000"></Security>
</System>
<EventData><Data Name="serverName">localhost</Data>
<Data Name="namespaceName">root\microsoft\windows\servermanager</Data>
<Data Name="wmiClassName">MSFT_ServerManagerTasks</Data>
<Data Name="methodName">GetServerBpaResult</Data>
<Data Name="protocol">DCOM</Data>
</EventData>
</Event>

<Event xmlns="http://schemas.microsoft.com/win/2004/08/events/event"><System><Provider Name="Microsoft-Windows-ServerManager-MultiMachine" Guid="{d8d37081-10bd-4a89-a971-1cda6899bdb3}"></Provider>
<EventID Qualifiers="">192</EventID>
<Version>0</Version>
<Level>4</Level>
<Task>10</Task>
<Opcode>0</Opcode>
<Keywords>0x2000000000000000</Keywords>
<TimeCreated SystemTime="2020-10-24 21:58:05.614531"></TimeCreated>
<EventRecordID>172</EventRecordID>
<Correlation ActivityID="{905b60e6-8ad0-4996-b3d2-94dbd55fbe38}" RelatedActivityID=""></Correlation>
<Execution ProcessID="5068" ThreadID="3556"></Execution>
<Channel>Microsoft-Windows-ServerManager-MultiMachine/Operational</Channel>
<Computer>WIN-PTFPHFCRDJ0</Computer>
<Security UserID="S-1-5-21-1152959844-3645458174-3779170896-1000"></Security>
</System>
<EventData><Data Name="MachineName">WIN-PTFPHFCRDJ0</Data>
<Data Name="Count">1</Data>
</EventData>
</Event>

<Event xmlns="http://schemas.microsoft.com/win/2004/08/events/event"><System><Provider Name="Microsoft-Windows-ServerManager-MultiMachine" Guid="{d8d37081-10bd-4a89-a971-1cda6899bdb3}"></Provider>
<EventID Qualifiers="">172</EventID>
<Version>0</Version>
<Level>4</Level>
<Task>10</Task>
<Opcode>0</Opcode>
<Keywords>0x2000000000000000</Keywords>
<TimeCreated SystemTime="2020-10-24 21:58:05.614649"></TimeCreated>
<EventRecordID>173</EventRecordID>
<Correlation ActivityID="{905b60e6-8ad0-4996-b3d2-94dbd55fbe38}" RelatedActivityID=""></Correlation>
<Execution ProcessID="5068" ThreadID="3556"></Execution>
<Channel>Microsoft-Windows-ServerManager-MultiMachine/Operational</Channel>
<Computer>WIN-PTFPHFCRDJ0</Computer>
<Security UserID="S-1-5-21-1152959844-3645458174-3779170896-1000"></Security>
</System>
<EventData><Data Name="ID">{4e6ab9d6-b8a6-49cd-ab7f-a5a38d7a8e2d}</Data>
</EventData>
</Event>

<Event xmlns="http://schemas.microsoft.com/win/2004/08/events/event"><System><Provider Name="Microsoft-Windows-ServerManager-MultiMachine" Guid="{d8d37081-10bd-4a89-a971-1cda6899bdb3}"></Provider>
<EventID Qualifiers="">32</EventID>
<Version>0</Version>
<Level>4</Level>
<Task>1</Task>
<Opcode>2</Opcode>
<Keywords>0x2000000000000000</Keywords>
<TimeCreated SystemTime="2020-10-24 21:58:08.113003"></TimeCreated>
<EventRecordID>174</EventRecordID>
<Correlation ActivityID="" RelatedActivityID=""></Correlation>
<Execution ProcessID="5068" ThreadID="3552"></Execution>
<Channel>Microsoft-Windows-ServerManager-MultiMachine/Operational</Channel>
<Computer>WIN-PTFPHFCRDJ0</Computer>
<Security UserID="S-1-5-21-1152959844-3645458174-3779170896-1000"></Security>
</System>
<EventData><Data Name="roleId">481</Data>
</EventData>
</Event>

<Event xmlns="http://schemas.microsoft.com/win/2004/08/events/event"><System><Provider Name="Microsoft-Windows-ServerManager-MultiMachine" Guid="{d8d37081-10bd-4a89-a971-1cda6899bdb3}"></Provider>
<EventID Qualifiers="">58</EventID>
<Version>0</Version>
<Level>4</Level>
<Task>9</Task>
<Opcode>0</Opcode>
<Keywords>0x2000000000000000</Keywords>
<TimeCreated SystemTime="2020-10-24 21:58:24.281996"></TimeCreated>
<EventRecordID>175</EventRecordID>
<Correlation ActivityID="" RelatedActivityID=""></Correlation>
<Execution ProcessID="5068" ThreadID="3552"></Execution>
<Channel>Microsoft-Windows-ServerManager-MultiMachine/Operational</Channel>
<Computer>WIN-PTFPHFCRDJ0</Computer>
<Security UserID="S-1-5-21-1152959844-3645458174-3779170896-1000"></Security>
</System>
<EventData></EventData>
</Event>

<Event xmlns="http://schemas.microsoft.com/win/2004/08/events/event"><System><Provider Name="Microsoft-Windows-ServerManager-MultiMachine" Guid="{d8d37081-10bd-4a89-a971-1cda6899bdb3}"></Provider>
<EventID Qualifiers="">98</EventID>
<Version>0</Version>
<Level>4</Level>
<Task>7</Task>
<Opcode>1</Opcode>
<Keywords>0x2000000000000000</Keywords>
<TimeCreated SystemTime="2020-10-24 21:58:24.285095"></TimeCreated>
<EventRecordID>176</EventRecordID>
<Correlation ActivityID="" RelatedActivityID=""></Correlation>
<Execution ProcessID="5068" ThreadID="3444"></Execution>
<Channel>Microsoft-Windows-ServerManager-MultiMachine/Operational</Channel>
<Computer>WIN-PTFPHFCRDJ0</Computer>
<Security UserID="S-1-5-21-1152959844-3645458174-3779170896-1000"></Security>
</System>
<EventData></EventData>
</Event>

<Event xmlns="http://schemas.microsoft.com/win/2004/08/events/event"><System><Provider Name="Microsoft-Windows-ServerManager-MultiMachine" Guid="{d8d37081-10bd-4a89-a971-1cda6899bdb3}"></Provider>
<EventID Qualifiers="">99</EventID>
<Version>0</Version>
<Level>4</Level>
<Task>7</Task>
<Opcode>2</Opcode>
<Keywords>0x2000000000000000</Keywords>
<TimeCreated SystemTime="2020-10-24 21:58:24.291487"></TimeCreated>
<EventRecordID>177</EventRecordID>
<Correlation ActivityID="" RelatedActivityID=""></Correlation>
<Execution ProcessID="5068" ThreadID="3444"></Execution>
<Channel>Microsoft-Windows-ServerManager-MultiMachine/Operational</Channel>
<Computer>WIN-PTFPHFCRDJ0</Computer>
<Security UserID="S-1-5-21-1152959844-3645458174-3779170896-1000"></Security>
</System>
<EventData></EventData>
</Event>

<Event xmlns="http://schemas.microsoft.com/win/2004/08/events/event"><System><Provider Name="Microsoft-Windows-ServerManager-MultiMachine" Guid="{d8d37081-10bd-4a89-a971-1cda6899bdb3}"></Provider>
<EventID Qualifiers="">34</EventID>
<Version>0</Version>
<Level>4</Level>
<Task>2</Task>
<Opcode>1</Opcode>
<Keywords>0x2000000000000000</Keywords>
<TimeCreated SystemTime="2020-10-24 21:58:24.318733"></TimeCreated>
<EventRecordID>178</EventRecordID>
<Correlation ActivityID="" RelatedActivityID=""></Correlation>
<Execution ProcessID="5068" ThreadID="3444"></Execution>
<Channel>Microsoft-Windows-ServerManager-MultiMachine/Operational</Channel>
<Computer>WIN-PTFPHFCRDJ0</Computer>
<Security UserID="S-1-5-21-1152959844-3645458174-3779170896-1000"></Security>
</System>
<EventData><Data Name="roleId">481</Data>
</EventData>
</Event>

<Event xmlns="http://schemas.microsoft.com/win/2004/08/events/event"><System><Provider Name="Microsoft-Windows-ServerManager-MultiMachine" Guid="{d8d37081-10bd-4a89-a971-1cda6899bdb3}"></Provider>
<EventID Qualifiers="">97</EventID>
<Version>0</Version>
<Level>4</Level>
<Task>9</Task>
<Opcode>0</Opcode>
<Keywords>0x2000000000000000</Keywords>
<TimeCreated SystemTime="2020-10-24 21:58:24.438789"></TimeCreated>
<EventRecordID>179</EventRecordID>
<Correlation ActivityID="" RelatedActivityID=""></Correlation>
<Execution ProcessID="5068" ThreadID="3552"></Execution>
<Channel>Microsoft-Windows-ServerManager-MultiMachine/Operational</Channel>
<Computer>WIN-PTFPHFCRDJ0</Computer>
<Security UserID="S-1-5-21-1152959844-3645458174-3779170896-1000"></Security>
</System>
<EventData></EventData>
</Event>

<Event xmlns="http://schemas.microsoft.com/win/2004/08/events/event"><System><Provider Name="Microsoft-Windows-ServerManager-MultiMachine" Guid="{d8d37081-10bd-4a89-a971-1cda6899bdb3}"></Provider>
<EventID Qualifiers="">94</EventID>
<Version>0</Version>
<Level>4</Level>
<Task>6</Task>
<Opcode>1</Opcode>
<Keywords>0x2001000000000000</Keywords>
<TimeCreated SystemTime="2020-10-24 22:25:29.705872"></TimeCreated>
<EventRecordID>180</EventRecordID>
<Correlation ActivityID="" RelatedActivityID=""></Correlation>
<Execution ProcessID="1860" ThreadID="1976"></Execution>
<Channel>Microsoft-Windows-ServerManager-MultiMachine/Operational</Channel>
<Computer>WIN-PTFPHFCRDJ0</Computer>
<Security UserID="S-1-5-21-1152959844-3645458174-3779170896-1000"></Security>
</System>
<EventData></EventData>
</Event>

<Event xmlns="http://schemas.microsoft.com/win/2004/08/events/event"><System><Provider Name="Microsoft-Windows-ServerManager-MultiMachine" Guid="{d8d37081-10bd-4a89-a971-1cda6899bdb3}"></Provider>
<EventID Qualifiers="">47</EventID>
<Version>0</Version>
<Level>4</Level>
<Task>5</Task>
<Opcode>1</Opcode>
<Keywords>0x2000000000000000</Keywords>
<TimeCreated SystemTime="2020-10-24 22:25:36.296638"></TimeCreated>
<EventRecordID>181</EventRecordID>
<Correlation ActivityID="" RelatedActivityID=""></Correlation>
<Execution ProcessID="1860" ThreadID="1976"></Execution>
<Channel>Microsoft-Windows-ServerManager-MultiMachine/Operational</Channel>
<Computer>WIN-PTFPHFCRDJ0</Computer>
<Security UserID="S-1-5-21-1152959844-3645458174-3779170896-1000"></Security>
</System>
<EventData></EventData>
</Event>

<Event xmlns="http://schemas.microsoft.com/win/2004/08/events/event"><System><Provider Name="Microsoft-Windows-ServerManager-MultiMachine" Guid="{d8d37081-10bd-4a89-a971-1cda6899bdb3}"></Provider>
<EventID Qualifiers="">48</EventID>
<Version>0</Version>
<Level>4</Level>
<Task>5</Task>
<Opcode>2</Opcode>
<Keywords>0x2000000000000000</Keywords>
<TimeCreated SystemTime="2020-10-24 22:25:37.339161"></TimeCreated>
<EventRecordID>182</EventRecordID>
<Correlation ActivityID="" RelatedActivityID=""></Correlation>
<Execution ProcessID="1860" ThreadID="1976"></Execution>
<Channel>Microsoft-Windows-ServerManager-MultiMachine/Operational</Channel>
<Computer>WIN-PTFPHFCRDJ0</Computer>
<Security UserID="S-1-5-21-1152959844-3645458174-3779170896-1000"></Security>
</System>
<EventData></EventData>
</Event>

<Event xmlns="http://schemas.microsoft.com/win/2004/08/events/event"><System><Provider Name="Microsoft-Windows-ServerManager-MultiMachine" Guid="{d8d37081-10bd-4a89-a971-1cda6899bdb3}"></Provider>
<EventID Qualifiers="">49</EventID>
<Version>0</Version>
<Level>4</Level>
<Task>5</Task>
<Opcode>1</Opcode>
<Keywords>0x2000000000000000</Keywords>
<TimeCreated SystemTime="2020-10-24 22:25:41.416384"></TimeCreated>
<EventRecordID>183</EventRecordID>
<Correlation ActivityID="" RelatedActivityID=""></Correlation>
<Execution ProcessID="1860" ThreadID="1976"></Execution>
<Channel>Microsoft-Windows-ServerManager-MultiMachine/Operational</Channel>
<Computer>WIN-PTFPHFCRDJ0</Computer>
<Security UserID="S-1-5-21-1152959844-3645458174-3779170896-1000"></Security>
</System>
<EventData></EventData>
</Event>

<Event xmlns="http://schemas.microsoft.com/win/2004/08/events/event"><System><Provider Name="Microsoft-Windows-ServerManager-MultiMachine" Guid="{d8d37081-10bd-4a89-a971-1cda6899bdb3}"></Provider>
<EventID Qualifiers="">37</EventID>
<Version>0</Version>
<Level>4</Level>
<Task>3</Task>
<Opcode>0</Opcode>
<Keywords>0x2000000000000000</Keywords>
<TimeCreated SystemTime="2020-10-24 22:25:43.418442"></TimeCreated>
<EventRecordID>184</EventRecordID>
<Correlation ActivityID="" RelatedActivityID=""></Correlation>
<Execution ProcessID="1860" ThreadID="1976"></Execution>
<Channel>Microsoft-Windows-ServerManager-MultiMachine/Operational</Channel>
<Computer>WIN-PTFPHFCRDJ0</Computer>
<Security UserID="S-1-5-21-1152959844-3645458174-3779170896-1000"></Security>
</System>
<EventData></EventData>
</Event>

<Event xmlns="http://schemas.microsoft.com/win/2004/08/events/event"><System><Provider Name="Microsoft-Windows-ServerManager-MultiMachine" Guid="{d8d37081-10bd-4a89-a971-1cda6899bdb3}"></Provider>
<EventID Qualifiers="">95</EventID>
<Version>0</Version>
<Level>4</Level>
<Task>6</Task>
<Opcode>2</Opcode>
<Keywords>0x2000000000000000</Keywords>
<TimeCreated SystemTime="2020-10-24 22:25:59.185520"></TimeCreated>
<EventRecordID>185</EventRecordID>
<Correlation ActivityID="" RelatedActivityID=""></Correlation>
<Execution ProcessID="1860" ThreadID="1976"></Execution>
<Channel>Microsoft-Windows-ServerManager-MultiMachine/Operational</Channel>
<Computer>WIN-PTFPHFCRDJ0</Computer>
<Security UserID="S-1-5-21-1152959844-3645458174-3779170896-1000"></Security>
</System>
<EventData></EventData>
</Event>

<Event xmlns="http://schemas.microsoft.com/win/2004/08/events/event"><System><Provider Name="Microsoft-Windows-ServerManager-MultiMachine" Guid="{d8d37081-10bd-4a89-a971-1cda6899bdb3}"></Provider>
<EventID Qualifiers="">53</EventID>
<Version>0</Version>
<Level>4</Level>
<Task>6</Task>
<Opcode>0</Opcode>
<Keywords>0x2001000000000000</Keywords>
<TimeCreated SystemTime="2020-10-24 22:26:02.269983"></TimeCreated>
<EventRecordID>186</EventRecordID>
<Correlation ActivityID="" RelatedActivityID=""></Correlation>
<Execution ProcessID="1860" ThreadID="1976"></Execution>
<Channel>Microsoft-Windows-ServerManager-MultiMachine/Operational</Channel>
<Computer>WIN-PTFPHFCRDJ0</Computer>
<Security UserID="S-1-5-21-1152959844-3645458174-3779170896-1000"></Security>
</System>
<EventData></EventData>
</Event>

<Event xmlns="http://schemas.microsoft.com/win/2004/08/events/event"><System><Provider Name="Microsoft-Windows-ServerManager-MultiMachine" Guid="{d8d37081-10bd-4a89-a971-1cda6899bdb3}"></Provider>
<EventID Qualifiers="">171</EventID>
<Version>0</Version>
<Level>4</Level>
<Task>10</Task>
<Opcode>0</Opcode>
<Keywords>0x2000000000000000</Keywords>
<TimeCreated SystemTime="2020-10-24 22:26:08.771019"></TimeCreated>
<EventRecordID>187</EventRecordID>
<Correlation ActivityID="" RelatedActivityID=""></Correlation>
<Execution ProcessID="1860" ThreadID="2260"></Execution>
<Channel>Microsoft-Windows-ServerManager-MultiMachine/Operational</Channel>
<Computer>WIN-PTFPHFCRDJ0</Computer>
<Security UserID="S-1-5-21-1152959844-3645458174-3779170896-1000"></Security>
</System>
<EventData><Data Name="RefreshTriggerSource">Startup (None, None)</Data>
<Data Name="Category">Inventory</Data>
<Data Name="Machines">WIN-PTFPHFCRDJ0</Data>
<Data Name="ID">{85ebf817-0305-42a3-aea1-93f0a2e6731a}</Data>
</EventData>
</Event>

<Event xmlns="http://schemas.microsoft.com/win/2004/08/events/event"><System><Provider Name="Microsoft-Windows-ServerManager-MultiMachine" Guid="{d8d37081-10bd-4a89-a971-1cda6899bdb3}"></Provider>
<EventID Qualifiers="">214</EventID>
<Version>0</Version>
<Level>4</Level>
<Task>17</Task>
<Opcode>0</Opcode>
<Keywords>0x2000000000000000</Keywords>
<TimeCreated SystemTime="2020-10-24 22:26:09.284149"></TimeCreated>
<EventRecordID>188</EventRecordID>
<Correlation ActivityID="" RelatedActivityID=""></Correlation>
<Execution ProcessID="1860" ThreadID="2260"></Execution>
<Channel>Microsoft-Windows-ServerManager-MultiMachine/Operational</Channel>
<Computer>WIN-PTFPHFCRDJ0</Computer>
<Security UserID="S-1-5-21-1152959844-3645458174-3779170896-1000"></Security>
</System>
<EventData><Data Name="serverName">localhost</Data>
<Data Name="namespaceName">root\microsoft\windows\servermanager</Data>
<Data Name="wmiClassName">MSFT_ServerManagerTasks</Data>
<Data Name="methodName">GetServerInventory</Data>
<Data Name="protocol">DCOM</Data>
</EventData>
</Event>

<Event xmlns="http://schemas.microsoft.com/win/2004/08/events/event"><System><Provider Name="Microsoft-Windows-ServerManager-MultiMachine" Guid="{d8d37081-10bd-4a89-a971-1cda6899bdb3}"></Provider>
<EventID Qualifiers="">209</EventID>
<Version>0</Version>
<Level>4</Level>
<Task>17</Task>
<Opcode>0</Opcode>
<Keywords>0x2000000000000000</Keywords>
<TimeCreated SystemTime="2020-10-24 22:26:09.317299"></TimeCreated>
<EventRecordID>189</EventRecordID>
<Correlation ActivityID="" RelatedActivityID=""></Correlation>
<Execution ProcessID="1860" ThreadID="2260"></Execution>
<Channel>Microsoft-Windows-ServerManager-MultiMachine/Operational</Channel>
<Computer>WIN-PTFPHFCRDJ0</Computer>
<Security UserID="S-1-5-21-1152959844-3645458174-3779170896-1000"></Security>
</System>
<EventData><Data Name="serverName">localhost</Data>
<Data Name="protocol">DCOM</Data>
<Data Name="userName">null</Data>
</EventData>
</Event>

<Event xmlns="http://schemas.microsoft.com/win/2004/08/events/event"><System><Provider Name="Microsoft-Windows-ServerManager-MultiMachine" Guid="{d8d37081-10bd-4a89-a971-1cda6899bdb3}"></Provider>
<EventID Qualifiers="">0</EventID>
<Version>0</Version>
<Level>4</Level>
<Task>10</Task>
<Opcode>0</Opcode>
<Keywords>0x2000000000000000</Keywords>
<TimeCreated SystemTime="2020-10-24 22:26:09.786024"></TimeCreated>
<EventRecordID>190</EventRecordID>
<Correlation ActivityID="" RelatedActivityID=""></Correlation>
<Execution ProcessID="1860" ThreadID="2260"></Execution>
<Channel>Microsoft-Windows-ServerManager-MultiMachine/Operational</Channel>
<Computer>WIN-PTFPHFCRDJ0</Computer>
<Security UserID="S-1-5-21-1152959844-3645458174-3779170896-1000"></Security>
</System>
<EventData></EventData>
</Event>

<Event xmlns="http://schemas.microsoft.com/win/2004/08/events/event"><System><Provider Name="Microsoft-Windows-ServerManager-MultiMachine" Guid="{d8d37081-10bd-4a89-a971-1cda6899bdb3}"></Provider>
<EventID Qualifiers="">50</EventID>
<Version>0</Version>
<Level>4</Level>
<Task>5</Task>
<Opcode>2</Opcode>
<Keywords>0x2000000000000000</Keywords>
<TimeCreated SystemTime="2020-10-24 22:26:10.241827"></TimeCreated>
<EventRecordID>191</EventRecordID>
<Correlation ActivityID="" RelatedActivityID=""></Correlation>
<Execution ProcessID="1860" ThreadID="2260"></Execution>
<Channel>Microsoft-Windows-ServerManager-MultiMachine/Operational</Channel>
<Computer>WIN-PTFPHFCRDJ0</Computer>
<Security UserID="S-1-5-21-1152959844-3645458174-3779170896-1000"></Security>
</System>
<EventData></EventData>
</Event>

<Event xmlns="http://schemas.microsoft.com/win/2004/08/events/event"><System><Provider Name="Microsoft-Windows-ServerManager-MultiMachine" Guid="{d8d37081-10bd-4a89-a971-1cda6899bdb3}"></Provider>
<EventID Qualifiers="">217</EventID>
<Version>0</Version>
<Level>4</Level>
<Task>17</Task>
<Opcode>0</Opcode>
<Keywords>0x2000000000000000</Keywords>
<TimeCreated SystemTime="2020-10-24 22:26:12.126736"></TimeCreated>
<EventRecordID>192</EventRecordID>
<Correlation ActivityID="{6d295dc1-ee96-4bb2-a9bb-1bc8cca9d0cc}" RelatedActivityID=""></Correlation>
<Execution ProcessID="1860" ThreadID="1724"></Execution>
<Channel>Microsoft-Windows-ServerManager-MultiMachine/Operational</Channel>
<Computer>WIN-PTFPHFCRDJ0</Computer>
<Security UserID="S-1-5-21-1152959844-3645458174-3779170896-1000"></Security>
</System>
<EventData><Data Name="serverName">localhost</Data>
<Data Name="namespaceName">root\microsoft\windows\servermanager</Data>
<Data Name="wmiClassName">MSFT_ServerManagerTasks</Data>
<Data Name="methodName">GetServerInventory</Data>
<Data Name="protocol">DCOM</Data>
</EventData>
</Event>

<Event xmlns="http://schemas.microsoft.com/win/2004/08/events/event"><System><Provider Name="Microsoft-Windows-ServerManager-MultiMachine" Guid="{d8d37081-10bd-4a89-a971-1cda6899bdb3}"></Provider>
<EventID Qualifiers="">217</EventID>
<Version>0</Version>
<Level>4</Level>
<Task>17</Task>
<Opcode>0</Opcode>
<Keywords>0x2000000000000000</Keywords>
<TimeCreated SystemTime="2020-10-24 22:26:27.547604"></TimeCreated>
<EventRecordID>193</EventRecordID>
<Correlation ActivityID="{6d295dc1-ee96-4bb2-a9bb-1bc8cca9d0cc}" RelatedActivityID=""></Correlation>
<Execution ProcessID="1860" ThreadID="1724"></Execution>
<Channel>Microsoft-Windows-ServerManager-MultiMachine/Operational</Channel>
<Computer>WIN-PTFPHFCRDJ0</Computer>
<Security UserID="S-1-5-21-1152959844-3645458174-3779170896-1000"></Security>
</System>
<EventData><Data Name="serverName">localhost</Data>
<Data Name="namespaceName">root\microsoft\windows\servermanager</Data>
<Data Name="wmiClassName">MSFT_ServerManagerTasks</Data>
<Data Name="methodName">GetServerInventory</Data>
<Data Name="protocol">DCOM</Data>
</EventData>
</Event>

<Event xmlns="http://schemas.microsoft.com/win/2004/08/events/event"><System><Provider Name="Microsoft-Windows-ServerManager-MultiMachine" Guid="{d8d37081-10bd-4a89-a971-1cda6899bdb3}"></Provider>
<EventID Qualifiers="">217</EventID>
<Version>0</Version>
<Level>4</Level>
<Task>17</Task>
<Opcode>0</Opcode>
<Keywords>0x2000000000000000</Keywords>
<TimeCreated SystemTime="2020-10-24 22:26:27.555408"></TimeCreated>
<EventRecordID>194</EventRecordID>
<Correlation ActivityID="{6d295dc1-ee96-4bb2-a9bb-1bc8cca9d0cc}" RelatedActivityID=""></Correlation>
<Execution ProcessID="1860" ThreadID="1724"></Execution>
<Channel>Microsoft-Windows-ServerManager-MultiMachine/Operational</Channel>
<Computer>WIN-PTFPHFCRDJ0</Computer>
<Security UserID="S-1-5-21-1152959844-3645458174-3779170896-1000"></Security>
</System>
<EventData><Data Name="serverName">localhost</Data>
<Data Name="namespaceName">root\microsoft\windows\servermanager</Data>
<Data Name="wmiClassName">MSFT_ServerManagerTasks</Data>
<Data Name="methodName">GetServerInventory</Data>
<Data Name="protocol">DCOM</Data>
</EventData>
</Event>

<Event xmlns="http://schemas.microsoft.com/win/2004/08/events/event"><System><Provider Name="Microsoft-Windows-ServerManager-MultiMachine" Guid="{d8d37081-10bd-4a89-a971-1cda6899bdb3}"></Provider>
<EventID Qualifiers="">215</EventID>
<Version>0</Version>
<Level>4</Level>
<Task>17</Task>
<Opcode>0</Opcode>
<Keywords>0x2000000000000000</Keywords>
<TimeCreated SystemTime="2020-10-24 22:26:27.643738"></TimeCreated>
<EventRecordID>195</EventRecordID>
<Correlation ActivityID="{6d295dc1-ee96-4bb2-a9bb-1bc8cca9d0cc}" RelatedActivityID=""></Correlation>
<Execution ProcessID="1860" ThreadID="1724"></Execution>
<Channel>Microsoft-Windows-ServerManager-MultiMachine/Operational</Channel>
<Computer>WIN-PTFPHFCRDJ0</Computer>
<Security UserID="S-1-5-21-1152959844-3645458174-3779170896-1000"></Security>
</System>
<EventData><Data Name="serverName">localhost</Data>
<Data Name="namespaceName">root\microsoft\windows\servermanager</Data>
<Data Name="wmiClassName">MSFT_ServerManagerTasks</Data>
<Data Name="methodName">GetServerInventory</Data>
<Data Name="protocol">DCOM</Data>
</EventData>
</Event>

<Event xmlns="http://schemas.microsoft.com/win/2004/08/events/event"><System><Provider Name="Microsoft-Windows-ServerManager-MultiMachine" Guid="{d8d37081-10bd-4a89-a971-1cda6899bdb3}"></Provider>
<EventID Qualifiers="">214</EventID>
<Version>0</Version>
<Level>4</Level>
<Task>17</Task>
<Opcode>0</Opcode>
<Keywords>0x2000000000000000</Keywords>
<TimeCreated SystemTime="2020-10-24 22:26:27.651796"></TimeCreated>
<EventRecordID>196</EventRecordID>
<Correlation ActivityID="{6d295dc1-ee96-4bb2-a9bb-1bc8cca9d0cc}" RelatedActivityID=""></Correlation>
<Execution ProcessID="1860" ThreadID="1724"></Execution>
<Channel>Microsoft-Windows-ServerManager-MultiMachine/Operational</Channel>
<Computer>WIN-PTFPHFCRDJ0</Computer>
<Security UserID="S-1-5-21-1152959844-3645458174-3779170896-1000"></Security>
</System>
<EventData><Data Name="serverName">localhost</Data>
<Data Name="namespaceName">root\microsoft\windows\servermanager</Data>
<Data Name="wmiClassName">MSFT_ServerManagerTasks</Data>
<Data Name="methodName">GetServerFeature</Data>
<Data Name="protocol">DCOM</Data>
</EventData>
</Event>

<Event xmlns="http://schemas.microsoft.com/win/2004/08/events/event"><System><Provider Name="Microsoft-Windows-ServerManager-MultiMachine" Guid="{d8d37081-10bd-4a89-a971-1cda6899bdb3}"></Provider>
<EventID Qualifiers="">209</EventID>
<Version>0</Version>
<Level>4</Level>
<Task>17</Task>
<Opcode>0</Opcode>
<Keywords>0x2000000000000000</Keywords>
<TimeCreated SystemTime="2020-10-24 22:26:27.651800"></TimeCreated>
<EventRecordID>197</EventRecordID>
<Correlation ActivityID="{6d295dc1-ee96-4bb2-a9bb-1bc8cca9d0cc}" RelatedActivityID=""></Correlation>
<Execution ProcessID="1860" ThreadID="1724"></Execution>
<Channel>Microsoft-Windows-ServerManager-MultiMachine/Operational</Channel>
<Computer>WIN-PTFPHFCRDJ0</Computer>
<Security UserID="S-1-5-21-1152959844-3645458174-3779170896-1000"></Security>
</System>
<EventData><Data Name="serverName">localhost</Data>
<Data Name="protocol">DCOM</Data>
<Data Name="userName">null</Data>
</EventData>
</Event>

<Event xmlns="http://schemas.microsoft.com/win/2004/08/events/event"><System><Provider Name="Microsoft-Windows-ServerManager-MultiMachine" Guid="{d8d37081-10bd-4a89-a971-1cda6899bdb3}"></Provider>
<EventID Qualifiers="">214</EventID>
<Version>0</Version>
<Level>4</Level>
<Task>17</Task>
<Opcode>0</Opcode>
<Keywords>0x2000000000000000</Keywords>
<TimeCreated SystemTime="2020-10-24 22:26:27.652262"></TimeCreated>
<EventRecordID>198</EventRecordID>
<Correlation ActivityID="{6d295dc1-ee96-4bb2-a9bb-1bc8cca9d0cc}" RelatedActivityID=""></Correlation>
<Execution ProcessID="1860" ThreadID="1724"></Execution>
<Channel>Microsoft-Windows-ServerManager-MultiMachine/Operational</Channel>
<Computer>WIN-PTFPHFCRDJ0</Computer>
<Security UserID="S-1-5-21-1152959844-3645458174-3779170896-1000"></Security>
</System>
<EventData><Data Name="serverName">localhost</Data>
<Data Name="namespaceName">root\microsoft\windows\servermanager</Data>
<Data Name="wmiClassName">MSFT_ServerManagerTasks</Data>
<Data Name="methodName">GetServerServiceDetail</Data>
<Data Name="protocol">DCOM</Data>
</EventData>
</Event>

<Event xmlns="http://schemas.microsoft.com/win/2004/08/events/event"><System><Provider Name="Microsoft-Windows-ServerManager-MultiMachine" Guid="{d8d37081-10bd-4a89-a971-1cda6899bdb3}"></Provider>
<EventID Qualifiers="">209</EventID>
<Version>0</Version>
<Level>4</Level>
<Task>17</Task>
<Opcode>0</Opcode>
<Keywords>0x2000000000000000</Keywords>
<TimeCreated SystemTime="2020-10-24 22:26:27.652266"></TimeCreated>
<EventRecordID>199</EventRecordID>
<Correlation ActivityID="{6d295dc1-ee96-4bb2-a9bb-1bc8cca9d0cc}" RelatedActivityID=""></Correlation>
<Execution ProcessID="1860" ThreadID="1724"></Execution>
<Channel>Microsoft-Windows-ServerManager-MultiMachine/Operational</Channel>
<Computer>WIN-PTFPHFCRDJ0</Computer>
<Security UserID="S-1-5-21-1152959844-3645458174-3779170896-1000"></Security>
</System>
<EventData><Data Name="serverName">localhost</Data>
<Data Name="protocol">DCOM</Data>
<Data Name="userName">null</Data>
</EventData>
</Event>

<Event xmlns="http://schemas.microsoft.com/win/2004/08/events/event"><System><Provider Name="Microsoft-Windows-ServerManager-MultiMachine" Guid="{d8d37081-10bd-4a89-a971-1cda6899bdb3}"></Provider>
<EventID Qualifiers="">214</EventID>
<Version>0</Version>
<Level>4</Level>
<Task>17</Task>
<Opcode>0</Opcode>
<Keywords>0x2000000000000000</Keywords>
<TimeCreated SystemTime="2020-10-24 22:26:27.652393"></TimeCreated>
<EventRecordID>200</EventRecordID>
<Correlation ActivityID="{6d295dc1-ee96-4bb2-a9bb-1bc8cca9d0cc}" RelatedActivityID=""></Correlation>
<Execution ProcessID="1860" ThreadID="1724"></Execution>
<Channel>Microsoft-Windows-ServerManager-MultiMachine/Operational</Channel>
<Computer>WIN-PTFPHFCRDJ0</Computer>
<Security UserID="S-1-5-21-1152959844-3645458174-3779170896-1000"></Security>
</System>
<EventData><Data Name="serverName">localhost</Data>
<Data Name="namespaceName">root\microsoft\windows\servermanager</Data>
<Data Name="wmiClassName">MSFT_ServerManagerTasks</Data>
<Data Name="methodName">GetPerformanceCollectorState</Data>
<Data Name="protocol">DCOM</Data>
</EventData>
</Event>

<Event xmlns="http://schemas.microsoft.com/win/2004/08/events/event"><System><Provider Name="Microsoft-Windows-ServerManager-MultiMachine" Guid="{d8d37081-10bd-4a89-a971-1cda6899bdb3}"></Provider>
<EventID Qualifiers="">209</EventID>
<Version>0</Version>
<Level>4</Level>
<Task>17</Task>
<Opcode>0</Opcode>
<Keywords>0x2000000000000000</Keywords>
<TimeCreated SystemTime="2020-10-24 22:26:27.652395"></TimeCreated>
<EventRecordID>201</EventRecordID>
<Correlation ActivityID="{6d295dc1-ee96-4bb2-a9bb-1bc8cca9d0cc}" RelatedActivityID=""></Correlation>
<Execution ProcessID="1860" ThreadID="1724"></Execution>
<Channel>Microsoft-Windows-ServerManager-MultiMachine/Operational</Channel>
<Computer>WIN-PTFPHFCRDJ0</Computer>
<Security UserID="S-1-5-21-1152959844-3645458174-3779170896-1000"></Security>
</System>
<EventData><Data Name="serverName">localhost</Data>
<Data Name="protocol">DCOM</Data>
<Data Name="userName">null</Data>
</EventData>
</Event>

<Event xmlns="http://schemas.microsoft.com/win/2004/08/events/event"><System><Provider Name="Microsoft-Windows-ServerManager-MultiMachine" Guid="{d8d37081-10bd-4a89-a971-1cda6899bdb3}"></Provider>
<EventID Qualifiers="">217</EventID>
<Version>0</Version>
<Level>4</Level>
<Task>17</Task>
<Opcode>0</Opcode>
<Keywords>0x2000000000000000</Keywords>
<TimeCreated SystemTime="2020-10-24 22:26:28.293270"></TimeCreated>
<EventRecordID>202</EventRecordID>
<Correlation ActivityID="{77970691-595d-4bcb-a03c-1cae73a2a9bd}" RelatedActivityID=""></Correlation>
<Execution ProcessID="1860" ThreadID="2952"></Execution>
<Channel>Microsoft-Windows-ServerManager-MultiMachine/Operational</Channel>
<Computer>WIN-PTFPHFCRDJ0</Computer>
<Security UserID="S-1-5-21-1152959844-3645458174-3779170896-1000"></Security>
</System>
<EventData><Data Name="serverName">localhost</Data>
<Data Name="namespaceName">root\microsoft\windows\servermanager</Data>
<Data Name="wmiClassName">MSFT_ServerManagerTasks</Data>
<Data Name="methodName">GetServerServiceDetail</Data>
<Data Name="protocol">DCOM</Data>
</EventData>
</Event>

<Event xmlns="http://schemas.microsoft.com/win/2004/08/events/event"><System><Provider Name="Microsoft-Windows-ServerManager-MultiMachine" Guid="{d8d37081-10bd-4a89-a971-1cda6899bdb3}"></Provider>
<EventID Qualifiers="">217</EventID>
<Version>0</Version>
<Level>4</Level>
<Task>17</Task>
<Opcode>0</Opcode>
<Keywords>0x2000000000000000</Keywords>
<TimeCreated SystemTime="2020-10-24 22:26:28.298582"></TimeCreated>
<EventRecordID>203</EventRecordID>
<Correlation ActivityID="{77970691-595d-4bcb-a03c-1cae73a2a9bd}" RelatedActivityID=""></Correlation>
<Execution ProcessID="1860" ThreadID="2952"></Execution>
<Channel>Microsoft-Windows-ServerManager-MultiMachine/Operational</Channel>
<Computer>WIN-PTFPHFCRDJ0</Computer>
<Security UserID="S-1-5-21-1152959844-3645458174-3779170896-1000"></Security>
</System>
<EventData><Data Name="serverName">localhost</Data>
<Data Name="namespaceName">root\microsoft\windows\servermanager</Data>
<Data Name="wmiClassName">MSFT_ServerManagerTasks</Data>
<Data Name="methodName">GetServerServiceDetail</Data>
<Data Name="protocol">DCOM</Data>
</EventData>
</Event>

<Event xmlns="http://schemas.microsoft.com/win/2004/08/events/event"><System><Provider Name="Microsoft-Windows-ServerManager-MultiMachine" Guid="{d8d37081-10bd-4a89-a971-1cda6899bdb3}"></Provider>
<EventID Qualifiers="">215</EventID>
<Version>0</Version>
<Level>4</Level>
<Task>17</Task>
<Opcode>0</Opcode>
<Keywords>0x2000000000000000</Keywords>
<TimeCreated SystemTime="2020-10-24 22:26:28.298624"></TimeCreated>
<EventRecordID>204</EventRecordID>
<Correlation ActivityID="{77970691-595d-4bcb-a03c-1cae73a2a9bd}" RelatedActivityID=""></Correlation>
<Execution ProcessID="1860" ThreadID="2952"></Execution>
<Channel>Microsoft-Windows-ServerManager-MultiMachine/Operational</Channel>
<Computer>WIN-PTFPHFCRDJ0</Computer>
<Security UserID="S-1-5-21-1152959844-3645458174-3779170896-1000"></Security>
</System>
<EventData><Data Name="serverName">localhost</Data>
<Data Name="namespaceName">root\microsoft\windows\servermanager</Data>
<Data Name="wmiClassName">MSFT_ServerManagerTasks</Data>
<Data Name="methodName">GetServerServiceDetail</Data>
<Data Name="protocol">DCOM</Data>
</EventData>
</Event>

<Event xmlns="http://schemas.microsoft.com/win/2004/08/events/event"><System><Provider Name="Microsoft-Windows-ServerManager-MultiMachine" Guid="{d8d37081-10bd-4a89-a971-1cda6899bdb3}"></Provider>
<EventID Qualifiers="">217</EventID>
<Version>0</Version>
<Level>4</Level>
<Task>17</Task>
<Opcode>0</Opcode>
<Keywords>0x2000000000000000</Keywords>
<TimeCreated SystemTime="2020-10-24 22:26:28.814289"></TimeCreated>
<EventRecordID>205</EventRecordID>
<Correlation ActivityID="{61509a92-cef6-45e4-bd34-d7bbaa9dc784}" RelatedActivityID=""></Correlation>
<Execution ProcessID="1860" ThreadID="2952"></Execution>
<Channel>Microsoft-Windows-ServerManager-MultiMachine/Operational</Channel>
<Computer>WIN-PTFPHFCRDJ0</Computer>
<Security UserID="S-1-5-21-1152959844-3645458174-3779170896-1000"></Security>
</System>
<EventData><Data Name="serverName">localhost</Data>
<Data Name="namespaceName">root\microsoft\windows\servermanager</Data>
<Data Name="wmiClassName">MSFT_ServerManagerTasks</Data>
<Data Name="methodName">GetPerformanceCollectorState</Data>
<Data Name="protocol">DCOM</Data>
</EventData>
</Event>

<Event xmlns="http://schemas.microsoft.com/win/2004/08/events/event"><System><Provider Name="Microsoft-Windows-ServerManager-MultiMachine" Guid="{d8d37081-10bd-4a89-a971-1cda6899bdb3}"></Provider>
<EventID Qualifiers="">215</EventID>
<Version>0</Version>
<Level>4</Level>
<Task>17</Task>
<Opcode>0</Opcode>
<Keywords>0x2000000000000000</Keywords>
<TimeCreated SystemTime="2020-10-24 22:26:28.814526"></TimeCreated>
<EventRecordID>206</EventRecordID>
<Correlation ActivityID="{61509a92-cef6-45e4-bd34-d7bbaa9dc784}" RelatedActivityID=""></Correlation>
<Execution ProcessID="1860" ThreadID="2952"></Execution>
<Channel>Microsoft-Windows-ServerManager-MultiMachine/Operational</Channel>
<Computer>WIN-PTFPHFCRDJ0</Computer>
<Security UserID="S-1-5-21-1152959844-3645458174-3779170896-1000"></Security>
</System>
<EventData><Data Name="serverName">localhost</Data>
<Data Name="namespaceName">root\microsoft\windows\servermanager</Data>
<Data Name="wmiClassName">MSFT_ServerManagerTasks</Data>
<Data Name="methodName">GetPerformanceCollectorState</Data>
<Data Name="protocol">DCOM</Data>
</EventData>
</Event>

