<?xml version="1.1" encoding="utf-8" standalone="yes" ?>

<Events>
<Event xmlns="http://schemas.microsoft.com/win/2004/08/events/event"><System><Provider Name="Microsoft-Windows-WinRM" Guid="{a7975c8f-ac13-49f1-87da-5a984a4ab417}"></Provider>
<EventID Qualifiers="">208</EventID>
<Version>0</Version>
<Level>4</Level>
<Task>11</Task>
<Opcode>1</Opcode>
<Keywords>0x4000000000000004</Keywords>
<TimeCreated SystemTime="2020-10-23 09:21:20.856815"></TimeCreated>
<EventRecordID>1</EventRecordID>
<Correlation ActivityID="" RelatedActivityID=""></Correlation>
<Execution ProcessID="1524" ThreadID="1452"></Execution>
<Channel>Microsoft-Windows-WinRM/Operational</Channel>
<Computer>WIN-PTFPHFCRDJ0</Computer>
<Security UserID="S-1-5-20"></Security>
</System>
<EventData></EventData>
</Event>

<Event xmlns="http://schemas.microsoft.com/win/2004/08/events/event"><System><Provider Name="Microsoft-Windows-WinRM" Guid="{a7975c8f-ac13-49f1-87da-5a984a4ab417}"></Provider>
<EventID Qualifiers="">209</EventID>
<Version>0</Version>
<Level>4</Level>
<Task>11</Task>
<Opcode>0</Opcode>
<Keywords>0x4000000000000004</Keywords>
<TimeCreated SystemTime="2020-10-23 09:21:23.368408"></TimeCreated>
<EventRecordID>2</EventRecordID>
<Correlation ActivityID="{c5ffa37c-a91d-0000-c7ab-ffc51da9d601}" RelatedActivityID=""></Correlation>
<Execution ProcessID="1524" ThreadID="1452"></Execution>
<Channel>Microsoft-Windows-WinRM/Operational</Channel>
<Computer>WIN-PTFPHFCRDJ0</Computer>
<Security UserID="S-1-5-20"></Security>
</System>
<EventData></EventData>
</Event>

<Event xmlns="http://schemas.microsoft.com/win/2004/08/events/event"><System><Provider Name="Microsoft-Windows-WinRM" Guid="{a7975c8f-ac13-49f1-87da-5a984a4ab417}"></Provider>
<EventID Qualifiers="">211</EventID>
<Version>0</Version>
<Level>4</Level>
<Task>11</Task>
<Opcode>0</Opcode>
<Keywords>0x4000000000000004</Keywords>
<TimeCreated SystemTime="2020-10-23 09:21:46.813242"></TimeCreated>
<EventRecordID>3</EventRecordID>
<Correlation ActivityID="{c5ffa37c-a91d-0000-c7ab-ffc51da9d601}" RelatedActivityID=""></Correlation>
<Execution ProcessID="1524" ThreadID="2660"></Execution>
<Channel>Microsoft-Windows-WinRM/Operational</Channel>
<Computer>WIN-PTFPHFCRDJ0</Computer>
<Security UserID="S-1-5-20"></Security>
</System>
<EventData></EventData>
</Event>

<Event xmlns="http://schemas.microsoft.com/win/2004/08/events/event"><System><Provider Name="Microsoft-Windows-WinRM" Guid="{a7975c8f-ac13-49f1-87da-5a984a4ab417}"></Provider>
<EventID Qualifiers="">212</EventID>
<Version>0</Version>
<Level>4</Level>
<Task>11</Task>
<Opcode>2</Opcode>
<Keywords>0x4000000000000004</Keywords>
<TimeCreated SystemTime="2020-10-23 09:21:46.934378"></TimeCreated>
<EventRecordID>4</EventRecordID>
<Correlation ActivityID="{c5ffa37c-a91d-0000-c7ab-ffc51da9d601}" RelatedActivityID=""></Correlation>
<Execution ProcessID="1524" ThreadID="2660"></Execution>
<Channel>Microsoft-Windows-WinRM/Operational</Channel>
<Computer>WIN-PTFPHFCRDJ0</Computer>
<Security UserID="S-1-5-20"></Security>
</System>
<EventData></EventData>
</Event>

<Event xmlns="http://schemas.microsoft.com/win/2004/08/events/event"><System><Provider Name="Microsoft-Windows-WinRM" Guid="{a7975c8f-ac13-49f1-87da-5a984a4ab417}"></Provider>
<EventID Qualifiers="">208</EventID>
<Version>0</Version>
<Level>4</Level>
<Task>11</Task>
<Opcode>1</Opcode>
<Keywords>0x4000000000000004</Keywords>
<TimeCreated SystemTime="2020-10-22 20:52:08.990580"></TimeCreated>
<EventRecordID>5</EventRecordID>
<Correlation ActivityID="" RelatedActivityID=""></Correlation>
<Execution ProcessID="1192" ThreadID="2356"></Execution>
<Channel>Microsoft-Windows-WinRM/Operational</Channel>
<Computer>WIN-PTFPHFCRDJ0</Computer>
<Security UserID="S-1-5-20"></Security>
</System>
<EventData></EventData>
</Event>

<Event xmlns="http://schemas.microsoft.com/win/2004/08/events/event"><System><Provider Name="Microsoft-Windows-WinRM" Guid="{a7975c8f-ac13-49f1-87da-5a984a4ab417}"></Provider>
<EventID Qualifiers="">209</EventID>
<Version>0</Version>
<Level>4</Level>
<Task>11</Task>
<Opcode>0</Opcode>
<Keywords>0x4000000000000004</Keywords>
<TimeCreated SystemTime="2020-10-22 20:52:09.277830"></TimeCreated>
<EventRecordID>6</EventRecordID>
<Correlation ActivityID="{f2d9b0db-a91d-0000-3bb9-d9f21da9d601}" RelatedActivityID=""></Correlation>
<Execution ProcessID="1192" ThreadID="2356"></Execution>
<Channel>Microsoft-Windows-WinRM/Operational</Channel>
<Computer>WIN-PTFPHFCRDJ0</Computer>
<Security UserID="S-1-5-20"></Security>
</System>
<EventData></EventData>
</Event>

<Event xmlns="http://schemas.microsoft.com/win/2004/08/events/event"><System><Provider Name="Microsoft-Windows-WinRM" Guid="{a7975c8f-ac13-49f1-87da-5a984a4ab417}"></Provider>
<EventID Qualifiers="">145</EventID>
<Version>0</Version>
<Level>4</Level>
<Task>5</Task>
<Opcode>1</Opcode>
<Keywords>0x4000000000000002</Keywords>
<TimeCreated SystemTime="2020-10-22 20:54:01.871853"></TimeCreated>
<EventRecordID>7</EventRecordID>
<Correlation ActivityID="{f2d9b0db-a91d-0000-810a-daf21da9d601}" RelatedActivityID=""></Correlation>
<Execution ProcessID="540" ThreadID="7048"></Execution>
<Channel>Microsoft-Windows-WinRM/Operational</Channel>
<Computer>WIN-PTFPHFCRDJ0</Computer>
<Security UserID="S-1-5-18"></Security>
</System>
<EventData><Data Name="operationName">Enumeration</Data>
<Data Name="resourceUri">http://schemas.microsoft.com/wbem/wsman/1/config/listener</Data>
</EventData>
</Event>

<Event xmlns="http://schemas.microsoft.com/win/2004/08/events/event"><System><Provider Name="Microsoft-Windows-WinRM" Guid="{a7975c8f-ac13-49f1-87da-5a984a4ab417}"></Provider>
<EventID Qualifiers="">132</EventID>
<Version>0</Version>
<Level>4</Level>
<Task>10</Task>
<Opcode>2</Opcode>
<Keywords>0x4000000000000002</Keywords>
<TimeCreated SystemTime="2020-10-22 20:54:01.911234"></TimeCreated>
<EventRecordID>8</EventRecordID>
<Correlation ActivityID="{f2d9b0db-a91d-0000-810a-daf21da9d601}" RelatedActivityID=""></Correlation>
<Execution ProcessID="540" ThreadID="1668"></Execution>
<Channel>Microsoft-Windows-WinRM/Operational</Channel>
<Computer>WIN-PTFPHFCRDJ0</Computer>
<Security UserID="S-1-5-18"></Security>
</System>
<EventData><Data Name="operationName">Enumeration</Data>
</EventData>
</Event>

<Event xmlns="http://schemas.microsoft.com/win/2004/08/events/event"><System><Provider Name="Microsoft-Windows-WinRM" Guid="{a7975c8f-ac13-49f1-87da-5a984a4ab417}"></Provider>
<EventID Qualifiers="">145</EventID>
<Version>0</Version>
<Level>4</Level>
<Task>5</Task>
<Opcode>1</Opcode>
<Keywords>0x4000000000000002</Keywords>
<TimeCreated SystemTime="2020-10-22 20:54:02.108984"></TimeCreated>
<EventRecordID>9</EventRecordID>
<Correlation ActivityID="{f2d9b0db-a91d-0000-810a-daf21da9d601}" RelatedActivityID=""></Correlation>
<Execution ProcessID="540" ThreadID="7048"></Execution>
<Channel>Microsoft-Windows-WinRM/Operational</Channel>
<Computer>WIN-PTFPHFCRDJ0</Computer>
<Security UserID="S-1-5-18"></Security>
</System>
<EventData><Data Name="operationName">Enumeration</Data>
<Data Name="resourceUri">http://schemas.microsoft.com/wbem/wsman/1/windows/shell</Data>
</EventData>
</Event>

<Event xmlns="http://schemas.microsoft.com/win/2004/08/events/event"><System><Provider Name="Microsoft-Windows-WinRM" Guid="{a7975c8f-ac13-49f1-87da-5a984a4ab417}"></Provider>
<EventID Qualifiers="">132</EventID>
<Version>0</Version>
<Level>4</Level>
<Task>10</Task>
<Opcode>2</Opcode>
<Keywords>0x4000000000000002</Keywords>
<TimeCreated SystemTime="2020-10-22 20:54:02.117563"></TimeCreated>
<EventRecordID>10</EventRecordID>
<Correlation ActivityID="{f2d9b0db-a91d-0000-810a-daf21da9d601}" RelatedActivityID=""></Correlation>
<Execution ProcessID="540" ThreadID="3492"></Execution>
<Channel>Microsoft-Windows-WinRM/Operational</Channel>
<Computer>WIN-PTFPHFCRDJ0</Computer>
<Security UserID="S-1-5-18"></Security>
</System>
<EventData><Data Name="operationName">Enumeration</Data>
</EventData>
</Event>

<Event xmlns="http://schemas.microsoft.com/win/2004/08/events/event"><System><Provider Name="Microsoft-Windows-WinRM" Guid="{a7975c8f-ac13-49f1-87da-5a984a4ab417}"></Provider>
<EventID Qualifiers="">211</EventID>
<Version>0</Version>
<Level>4</Level>
<Task>11</Task>
<Opcode>0</Opcode>
<Keywords>0x4000000000000004</Keywords>
<TimeCreated SystemTime="2020-10-22 20:57:02.172283"></TimeCreated>
<EventRecordID>11</EventRecordID>
<Correlation ActivityID="{f2d9b0db-a91d-0000-3bb9-d9f21da9d601}" RelatedActivityID=""></Correlation>
<Execution ProcessID="1192" ThreadID="1220"></Execution>
<Channel>Microsoft-Windows-WinRM/Operational</Channel>
<Computer>WIN-PTFPHFCRDJ0</Computer>
<Security UserID="S-1-5-20"></Security>
</System>
<EventData></EventData>
</Event>

<Event xmlns="http://schemas.microsoft.com/win/2004/08/events/event"><System><Provider Name="Microsoft-Windows-WinRM" Guid="{a7975c8f-ac13-49f1-87da-5a984a4ab417}"></Provider>
<EventID Qualifiers="">212</EventID>
<Version>0</Version>
<Level>4</Level>
<Task>11</Task>
<Opcode>2</Opcode>
<Keywords>0x4000000000000004</Keywords>
<TimeCreated SystemTime="2020-10-22 20:57:02.311689"></TimeCreated>
<EventRecordID>12</EventRecordID>
<Correlation ActivityID="{f2d9b0db-a91d-0000-3bb9-d9f21da9d601}" RelatedActivityID=""></Correlation>
<Execution ProcessID="1192" ThreadID="1220"></Execution>
<Channel>Microsoft-Windows-WinRM/Operational</Channel>
<Computer>WIN-PTFPHFCRDJ0</Computer>
<Security UserID="S-1-5-20"></Security>
</System>
<EventData></EventData>
</Event>

<Event xmlns="http://schemas.microsoft.com/win/2004/08/events/event"><System><Provider Name="Microsoft-Windows-WinRM" Guid="{a7975c8f-ac13-49f1-87da-5a984a4ab417}"></Provider>
<EventID Qualifiers="">208</EventID>
<Version>0</Version>
<Level>4</Level>
<Task>11</Task>
<Opcode>1</Opcode>
<Keywords>0x4000000000000004</Keywords>
<TimeCreated SystemTime="2020-10-22 20:57:21.112198"></TimeCreated>
<EventRecordID>13</EventRecordID>
<Correlation ActivityID="" RelatedActivityID=""></Correlation>
<Execution ProcessID="1380" ThreadID="2272"></Execution>
<Channel>Microsoft-Windows-WinRM/Operational</Channel>
<Computer>WIN-PTFPHFCRDJ0</Computer>
<Security UserID="S-1-5-20"></Security>
</System>
<EventData></EventData>
</Event>

<Event xmlns="http://schemas.microsoft.com/win/2004/08/events/event"><System><Provider Name="Microsoft-Windows-WinRM" Guid="{a7975c8f-ac13-49f1-87da-5a984a4ab417}"></Provider>
<EventID Qualifiers="">209</EventID>
<Version>0</Version>
<Level>4</Level>
<Task>11</Task>
<Opcode>0</Opcode>
<Keywords>0x4000000000000004</Keywords>
<TimeCreated SystemTime="2020-10-22 20:57:21.642939"></TimeCreated>
<EventRecordID>14</EventRecordID>
<Correlation ActivityID="{eae887f7-a8b5-0000-f88e-e8eab5a8d601}" RelatedActivityID=""></Correlation>
<Execution ProcessID="1380" ThreadID="2272"></Execution>
<Channel>Microsoft-Windows-WinRM/Operational</Channel>
<Computer>WIN-PTFPHFCRDJ0</Computer>
<Security UserID="S-1-5-20"></Security>
</System>
<EventData></EventData>
</Event>

<Event xmlns="http://schemas.microsoft.com/win/2004/08/events/event"><System><Provider Name="Microsoft-Windows-WinRM" Guid="{a7975c8f-ac13-49f1-87da-5a984a4ab417}"></Provider>
<EventID Qualifiers="">145</EventID>
<Version>0</Version>
<Level>4</Level>
<Task>5</Task>
<Opcode>1</Opcode>
<Keywords>0x4000000000000002</Keywords>
<TimeCreated SystemTime="2020-10-22 20:57:41.835484"></TimeCreated>
<EventRecordID>15</EventRecordID>
<Correlation ActivityID="{eae887f7-a8b5-0000-e29b-e8eab5a8d601}" RelatedActivityID=""></Correlation>
<Execution ProcessID="1392" ThreadID="4524"></Execution>
<Channel>Microsoft-Windows-WinRM/Operational</Channel>
<Computer>WIN-PTFPHFCRDJ0</Computer>
<Security UserID="S-1-5-18"></Security>
</System>
<EventData><Data Name="operationName">Enumeration</Data>
<Data Name="resourceUri">http://schemas.microsoft.com/wbem/wsman/1/config/listener</Data>
</EventData>
</Event>

<Event xmlns="http://schemas.microsoft.com/win/2004/08/events/event"><System><Provider Name="Microsoft-Windows-WinRM" Guid="{a7975c8f-ac13-49f1-87da-5a984a4ab417}"></Provider>
<EventID Qualifiers="">132</EventID>
<Version>0</Version>
<Level>4</Level>
<Task>10</Task>
<Opcode>2</Opcode>
<Keywords>0x4000000000000002</Keywords>
<TimeCreated SystemTime="2020-10-22 20:57:41.846296"></TimeCreated>
<EventRecordID>16</EventRecordID>
<Correlation ActivityID="{eae887f7-a8b5-0000-e29b-e8eab5a8d601}" RelatedActivityID=""></Correlation>
<Execution ProcessID="1392" ThreadID="2432"></Execution>
<Channel>Microsoft-Windows-WinRM/Operational</Channel>
<Computer>WIN-PTFPHFCRDJ0</Computer>
<Security UserID="S-1-5-18"></Security>
</System>
<EventData><Data Name="operationName">Enumeration</Data>
</EventData>
</Event>

<Event xmlns="http://schemas.microsoft.com/win/2004/08/events/event"><System><Provider Name="Microsoft-Windows-WinRM" Guid="{a7975c8f-ac13-49f1-87da-5a984a4ab417}"></Provider>
<EventID Qualifiers="">145</EventID>
<Version>0</Version>
<Level>4</Level>
<Task>5</Task>
<Opcode>1</Opcode>
<Keywords>0x4000000000000002</Keywords>
<TimeCreated SystemTime="2020-10-22 20:57:41.949881"></TimeCreated>
<EventRecordID>17</EventRecordID>
<Correlation ActivityID="{eae887f7-a8b5-0000-e29b-e8eab5a8d601}" RelatedActivityID=""></Correlation>
<Execution ProcessID="1392" ThreadID="4524"></Execution>
<Channel>Microsoft-Windows-WinRM/Operational</Channel>
<Computer>WIN-PTFPHFCRDJ0</Computer>
<Security UserID="S-1-5-18"></Security>
</System>
<EventData><Data Name="operationName">Enumeration</Data>
<Data Name="resourceUri">http://schemas.microsoft.com/wbem/wsman/1/windows/shell</Data>
</EventData>
</Event>

<Event xmlns="http://schemas.microsoft.com/win/2004/08/events/event"><System><Provider Name="Microsoft-Windows-WinRM" Guid="{a7975c8f-ac13-49f1-87da-5a984a4ab417}"></Provider>
<EventID Qualifiers="">132</EventID>
<Version>0</Version>
<Level>4</Level>
<Task>10</Task>
<Opcode>2</Opcode>
<Keywords>0x4000000000000002</Keywords>
<TimeCreated SystemTime="2020-10-22 20:57:41.953125"></TimeCreated>
<EventRecordID>18</EventRecordID>
<Correlation ActivityID="{eae887f7-a8b5-0000-e29b-e8eab5a8d601}" RelatedActivityID=""></Correlation>
<Execution ProcessID="1392" ThreadID="1464"></Execution>
<Channel>Microsoft-Windows-WinRM/Operational</Channel>
<Computer>WIN-PTFPHFCRDJ0</Computer>
<Security UserID="S-1-5-18"></Security>
</System>
<EventData><Data Name="operationName">Enumeration</Data>
</EventData>
</Event>

<Event xmlns="http://schemas.microsoft.com/win/2004/08/events/event"><System><Provider Name="Microsoft-Windows-WinRM" Guid="{a7975c8f-ac13-49f1-87da-5a984a4ab417}"></Provider>
<EventID Qualifiers="">211</EventID>
<Version>0</Version>
<Level>4</Level>
<Task>11</Task>
<Opcode>0</Opcode>
<Keywords>0x4000000000000004</Keywords>
<TimeCreated SystemTime="2020-10-22 23:34:39.869179"></TimeCreated>
<EventRecordID>19</EventRecordID>
<Correlation ActivityID="{eae887f7-a8b5-0000-f88e-e8eab5a8d601}" RelatedActivityID=""></Correlation>
<Execution ProcessID="1380" ThreadID="1708"></Execution>
<Channel>Microsoft-Windows-WinRM/Operational</Channel>
<Computer>WIN-PTFPHFCRDJ0</Computer>
<Security UserID="S-1-5-20"></Security>
</System>
<EventData></EventData>
</Event>

<Event xmlns="http://schemas.microsoft.com/win/2004/08/events/event"><System><Provider Name="Microsoft-Windows-WinRM" Guid="{a7975c8f-ac13-49f1-87da-5a984a4ab417}"></Provider>
<EventID Qualifiers="">212</EventID>
<Version>0</Version>
<Level>4</Level>
<Task>11</Task>
<Opcode>2</Opcode>
<Keywords>0x4000000000000004</Keywords>
<TimeCreated SystemTime="2020-10-22 23:34:41.948502"></TimeCreated>
<EventRecordID>20</EventRecordID>
<Correlation ActivityID="{eae887f7-a8b5-0000-f88e-e8eab5a8d601}" RelatedActivityID=""></Correlation>
<Execution ProcessID="1380" ThreadID="1708"></Execution>
<Channel>Microsoft-Windows-WinRM/Operational</Channel>
<Computer>WIN-PTFPHFCRDJ0</Computer>
<Security UserID="S-1-5-20"></Security>
</System>
<EventData></EventData>
</Event>

<Event xmlns="http://schemas.microsoft.com/win/2004/08/events/event"><System><Provider Name="Microsoft-Windows-WinRM" Guid="{a7975c8f-ac13-49f1-87da-5a984a4ab417}"></Provider>
<EventID Qualifiers="">208</EventID>
<Version>0</Version>
<Level>4</Level>
<Task>11</Task>
<Opcode>1</Opcode>
<Keywords>0x4000000000000004</Keywords>
<TimeCreated SystemTime="2020-10-23 12:27:54.102848"></TimeCreated>
<EventRecordID>21</EventRecordID>
<Correlation ActivityID="" RelatedActivityID=""></Correlation>
<Execution ProcessID="1376" ThreadID="2348"></Execution>
<Channel>Microsoft-Windows-WinRM/Operational</Channel>
<Computer>WIN-PTFPHFCRDJ0</Computer>
<Security UserID="S-1-5-20"></Security>
</System>
<EventData></EventData>
</Event>

<Event xmlns="http://schemas.microsoft.com/win/2004/08/events/event"><System><Provider Name="Microsoft-Windows-WinRM" Guid="{a7975c8f-ac13-49f1-87da-5a984a4ab417}"></Provider>
<EventID Qualifiers="">209</EventID>
<Version>0</Version>
<Level>4</Level>
<Task>11</Task>
<Opcode>0</Opcode>
<Keywords>0x4000000000000004</Keywords>
<TimeCreated SystemTime="2020-10-23 12:27:58.205688"></TimeCreated>
<EventRecordID>22</EventRecordID>
<Correlation ActivityID="{c3e0a7d3-a937-0000-50ad-e0c337a9d601}" RelatedActivityID=""></Correlation>
<Execution ProcessID="1376" ThreadID="2348"></Execution>
<Channel>Microsoft-Windows-WinRM/Operational</Channel>
<Computer>WIN-PTFPHFCRDJ0</Computer>
<Security UserID="S-1-5-20"></Security>
</System>
<EventData></EventData>
</Event>

<Event xmlns="http://schemas.microsoft.com/win/2004/08/events/event"><System><Provider Name="Microsoft-Windows-WinRM" Guid="{a7975c8f-ac13-49f1-87da-5a984a4ab417}"></Provider>
<EventID Qualifiers="">145</EventID>
<Version>0</Version>
<Level>4</Level>
<Task>5</Task>
<Opcode>1</Opcode>
<Keywords>0x4000000000000002</Keywords>
<TimeCreated SystemTime="2020-10-23 12:28:21.997845"></TimeCreated>
<EventRecordID>23</EventRecordID>
<Correlation ActivityID="{c3e0a7d3-a937-0000-99af-e0c337a9d601}" RelatedActivityID=""></Correlation>
<Execution ProcessID="1320" ThreadID="3408"></Execution>
<Channel>Microsoft-Windows-WinRM/Operational</Channel>
<Computer>WIN-PTFPHFCRDJ0</Computer>
<Security UserID="S-1-5-18"></Security>
</System>
<EventData><Data Name="operationName">Enumeration</Data>
<Data Name="resourceUri">http://schemas.microsoft.com/wbem/wsman/1/config/listener</Data>
</EventData>
</Event>

<Event xmlns="http://schemas.microsoft.com/win/2004/08/events/event"><System><Provider Name="Microsoft-Windows-WinRM" Guid="{a7975c8f-ac13-49f1-87da-5a984a4ab417}"></Provider>
<EventID Qualifiers="">132</EventID>
<Version>0</Version>
<Level>4</Level>
<Task>10</Task>
<Opcode>2</Opcode>
<Keywords>0x4000000000000002</Keywords>
<TimeCreated SystemTime="2020-10-23 12:28:22.286798"></TimeCreated>
<EventRecordID>24</EventRecordID>
<Correlation ActivityID="{c3e0a7d3-a937-0000-99af-e0c337a9d601}" RelatedActivityID=""></Correlation>
<Execution ProcessID="1320" ThreadID="2368"></Execution>
<Channel>Microsoft-Windows-WinRM/Operational</Channel>
<Computer>WIN-PTFPHFCRDJ0</Computer>
<Security UserID="S-1-5-18"></Security>
</System>
<EventData><Data Name="operationName">Enumeration</Data>
</EventData>
</Event>

<Event xmlns="http://schemas.microsoft.com/win/2004/08/events/event"><System><Provider Name="Microsoft-Windows-WinRM" Guid="{a7975c8f-ac13-49f1-87da-5a984a4ab417}"></Provider>
<EventID Qualifiers="">145</EventID>
<Version>0</Version>
<Level>4</Level>
<Task>5</Task>
<Opcode>1</Opcode>
<Keywords>0x4000000000000002</Keywords>
<TimeCreated SystemTime="2020-10-23 12:28:23.454245"></TimeCreated>
<EventRecordID>25</EventRecordID>
<Correlation ActivityID="{c3e0a7d3-a937-0000-99af-e0c337a9d601}" RelatedActivityID=""></Correlation>
<Execution ProcessID="1320" ThreadID="3408"></Execution>
<Channel>Microsoft-Windows-WinRM/Operational</Channel>
<Computer>WIN-PTFPHFCRDJ0</Computer>
<Security UserID="S-1-5-18"></Security>
</System>
<EventData><Data Name="operationName">Enumeration</Data>
<Data Name="resourceUri">http://schemas.microsoft.com/wbem/wsman/1/windows/shell</Data>
</EventData>
</Event>

<Event xmlns="http://schemas.microsoft.com/win/2004/08/events/event"><System><Provider Name="Microsoft-Windows-WinRM" Guid="{a7975c8f-ac13-49f1-87da-5a984a4ab417}"></Provider>
<EventID Qualifiers="">132</EventID>
<Version>0</Version>
<Level>4</Level>
<Task>10</Task>
<Opcode>2</Opcode>
<Keywords>0x4000000000000002</Keywords>
<TimeCreated SystemTime="2020-10-23 12:28:23.694662"></TimeCreated>
<EventRecordID>26</EventRecordID>
<Correlation ActivityID="{c3e0a7d3-a937-0000-99af-e0c337a9d601}" RelatedActivityID=""></Correlation>
<Execution ProcessID="1320" ThreadID="3504"></Execution>
<Channel>Microsoft-Windows-WinRM/Operational</Channel>
<Computer>WIN-PTFPHFCRDJ0</Computer>
<Security UserID="S-1-5-18"></Security>
</System>
<EventData><Data Name="operationName">Enumeration</Data>
</EventData>
</Event>

<Event xmlns="http://schemas.microsoft.com/win/2004/08/events/event"><System><Provider Name="Microsoft-Windows-WinRM" Guid="{a7975c8f-ac13-49f1-87da-5a984a4ab417}"></Provider>
<EventID Qualifiers="">208</EventID>
<Version>0</Version>
<Level>4</Level>
<Task>11</Task>
<Opcode>1</Opcode>
<Keywords>0x4000000000000004</Keywords>
<TimeCreated SystemTime="2020-10-23 13:53:53.936869"></TimeCreated>
<EventRecordID>27</EventRecordID>
<Correlation ActivityID="" RelatedActivityID=""></Correlation>
<Execution ProcessID="1392" ThreadID="2316"></Execution>
<Channel>Microsoft-Windows-WinRM/Operational</Channel>
<Computer>WIN-PTFPHFCRDJ0</Computer>
<Security UserID="S-1-5-20"></Security>
</System>
<EventData></EventData>
</Event>

<Event xmlns="http://schemas.microsoft.com/win/2004/08/events/event"><System><Provider Name="Microsoft-Windows-WinRM" Guid="{a7975c8f-ac13-49f1-87da-5a984a4ab417}"></Provider>
<EventID Qualifiers="">209</EventID>
<Version>0</Version>
<Level>4</Level>
<Task>11</Task>
<Opcode>0</Opcode>
<Keywords>0x4000000000000004</Keywords>
<TimeCreated SystemTime="2020-10-23 13:53:57.811544"></TimeCreated>
<EventRecordID>28</EventRecordID>
<Correlation ActivityID="{dc304448-a943-0000-be49-30dc43a9d601}" RelatedActivityID=""></Correlation>
<Execution ProcessID="1392" ThreadID="2316"></Execution>
<Channel>Microsoft-Windows-WinRM/Operational</Channel>
<Computer>WIN-PTFPHFCRDJ0</Computer>
<Security UserID="S-1-5-20"></Security>
</System>
<EventData></EventData>
</Event>

<Event xmlns="http://schemas.microsoft.com/win/2004/08/events/event"><System><Provider Name="Microsoft-Windows-WinRM" Guid="{a7975c8f-ac13-49f1-87da-5a984a4ab417}"></Provider>
<EventID Qualifiers="">145</EventID>
<Version>0</Version>
<Level>4</Level>
<Task>5</Task>
<Opcode>1</Opcode>
<Keywords>0x4000000000000002</Keywords>
<TimeCreated SystemTime="2020-10-23 13:54:53.734188"></TimeCreated>
<EventRecordID>29</EventRecordID>
<Correlation ActivityID="{dc304448-a943-0000-724c-30dc43a9d601}" RelatedActivityID=""></Correlation>
<Execution ProcessID="1352" ThreadID="3720"></Execution>
<Channel>Microsoft-Windows-WinRM/Operational</Channel>
<Computer>WIN-PTFPHFCRDJ0</Computer>
<Security UserID="S-1-5-18"></Security>
</System>
<EventData><Data Name="operationName">Enumeration</Data>
<Data Name="resourceUri">http://schemas.microsoft.com/wbem/wsman/1/config/listener</Data>
</EventData>
</Event>

<Event xmlns="http://schemas.microsoft.com/win/2004/08/events/event"><System><Provider Name="Microsoft-Windows-WinRM" Guid="{a7975c8f-ac13-49f1-87da-5a984a4ab417}"></Provider>
<EventID Qualifiers="">132</EventID>
<Version>0</Version>
<Level>4</Level>
<Task>10</Task>
<Opcode>2</Opcode>
<Keywords>0x4000000000000002</Keywords>
<TimeCreated SystemTime="2020-10-23 13:54:54.354256"></TimeCreated>
<EventRecordID>30</EventRecordID>
<Correlation ActivityID="{dc304448-a943-0000-724c-30dc43a9d601}" RelatedActivityID=""></Correlation>
<Execution ProcessID="1352" ThreadID="1428"></Execution>
<Channel>Microsoft-Windows-WinRM/Operational</Channel>
<Computer>WIN-PTFPHFCRDJ0</Computer>
<Security UserID="S-1-5-18"></Security>
</System>
<EventData><Data Name="operationName">Enumeration</Data>
</EventData>
</Event>

<Event xmlns="http://schemas.microsoft.com/win/2004/08/events/event"><System><Provider Name="Microsoft-Windows-WinRM" Guid="{a7975c8f-ac13-49f1-87da-5a984a4ab417}"></Provider>
<EventID Qualifiers="">145</EventID>
<Version>0</Version>
<Level>4</Level>
<Task>5</Task>
<Opcode>1</Opcode>
<Keywords>0x4000000000000002</Keywords>
<TimeCreated SystemTime="2020-10-23 13:54:55.154894"></TimeCreated>
<EventRecordID>31</EventRecordID>
<Correlation ActivityID="{dc304448-a943-0000-724c-30dc43a9d601}" RelatedActivityID=""></Correlation>
<Execution ProcessID="1352" ThreadID="3720"></Execution>
<Channel>Microsoft-Windows-WinRM/Operational</Channel>
<Computer>WIN-PTFPHFCRDJ0</Computer>
<Security UserID="S-1-5-18"></Security>
</System>
<EventData><Data Name="operationName">Enumeration</Data>
<Data Name="resourceUri">http://schemas.microsoft.com/wbem/wsman/1/windows/shell</Data>
</EventData>
</Event>

<Event xmlns="http://schemas.microsoft.com/win/2004/08/events/event"><System><Provider Name="Microsoft-Windows-WinRM" Guid="{a7975c8f-ac13-49f1-87da-5a984a4ab417}"></Provider>
<EventID Qualifiers="">132</EventID>
<Version>0</Version>
<Level>4</Level>
<Task>10</Task>
<Opcode>2</Opcode>
<Keywords>0x4000000000000002</Keywords>
<TimeCreated SystemTime="2020-10-23 13:54:55.206768"></TimeCreated>
<EventRecordID>32</EventRecordID>
<Correlation ActivityID="{dc304448-a943-0000-724c-30dc43a9d601}" RelatedActivityID=""></Correlation>
<Execution ProcessID="1352" ThreadID="3832"></Execution>
<Channel>Microsoft-Windows-WinRM/Operational</Channel>
<Computer>WIN-PTFPHFCRDJ0</Computer>
<Security UserID="S-1-5-18"></Security>
</System>
<EventData><Data Name="operationName">Enumeration</Data>
</EventData>
</Event>

<Event xmlns="http://schemas.microsoft.com/win/2004/08/events/event"><System><Provider Name="Microsoft-Windows-WinRM" Guid="{a7975c8f-ac13-49f1-87da-5a984a4ab417}"></Provider>
<EventID Qualifiers="">145</EventID>
<Version>0</Version>
<Level>4</Level>
<Task>5</Task>
<Opcode>1</Opcode>
<Keywords>0x4000000000000002</Keywords>
<TimeCreated SystemTime="2020-10-23 14:11:14.970892"></TimeCreated>
<EventRecordID>33</EventRecordID>
<Correlation ActivityID="{dc304448-a943-0000-8764-30dc43a9d601}" RelatedActivityID=""></Correlation>
<Execution ProcessID="1352" ThreadID="320"></Execution>
<Channel>Microsoft-Windows-WinRM/Operational</Channel>
<Computer>WIN-PTFPHFCRDJ0</Computer>
<Security UserID="S-1-5-18"></Security>
</System>
<EventData><Data Name="operationName">Enumeration</Data>
<Data Name="resourceUri">http://schemas.microsoft.com/wbem/wsman/1/config/listener</Data>
</EventData>
</Event>

<Event xmlns="http://schemas.microsoft.com/win/2004/08/events/event"><System><Provider Name="Microsoft-Windows-WinRM" Guid="{a7975c8f-ac13-49f1-87da-5a984a4ab417}"></Provider>
<EventID Qualifiers="">132</EventID>
<Version>0</Version>
<Level>4</Level>
<Task>10</Task>
<Opcode>2</Opcode>
<Keywords>0x4000000000000002</Keywords>
<TimeCreated SystemTime="2020-10-23 14:11:15.003183"></TimeCreated>
<EventRecordID>34</EventRecordID>
<Correlation ActivityID="{dc304448-a943-0000-8764-30dc43a9d601}" RelatedActivityID=""></Correlation>
<Execution ProcessID="1352" ThreadID="1928"></Execution>
<Channel>Microsoft-Windows-WinRM/Operational</Channel>
<Computer>WIN-PTFPHFCRDJ0</Computer>
<Security UserID="S-1-5-18"></Security>
</System>
<EventData><Data Name="operationName">Enumeration</Data>
</EventData>
</Event>

<Event xmlns="http://schemas.microsoft.com/win/2004/08/events/event"><System><Provider Name="Microsoft-Windows-WinRM" Guid="{a7975c8f-ac13-49f1-87da-5a984a4ab417}"></Provider>
<EventID Qualifiers="">145</EventID>
<Version>0</Version>
<Level>4</Level>
<Task>5</Task>
<Opcode>1</Opcode>
<Keywords>0x4000000000000002</Keywords>
<TimeCreated SystemTime="2020-10-23 14:11:15.061083"></TimeCreated>
<EventRecordID>35</EventRecordID>
<Correlation ActivityID="{dc304448-a943-0000-8764-30dc43a9d601}" RelatedActivityID=""></Correlation>
<Execution ProcessID="1352" ThreadID="320"></Execution>
<Channel>Microsoft-Windows-WinRM/Operational</Channel>
<Computer>WIN-PTFPHFCRDJ0</Computer>
<Security UserID="S-1-5-18"></Security>
</System>
<EventData><Data Name="operationName">Enumeration</Data>
<Data Name="resourceUri">http://schemas.microsoft.com/wbem/wsman/1/windows/shell</Data>
</EventData>
</Event>

<Event xmlns="http://schemas.microsoft.com/win/2004/08/events/event"><System><Provider Name="Microsoft-Windows-WinRM" Guid="{a7975c8f-ac13-49f1-87da-5a984a4ab417}"></Provider>
<EventID Qualifiers="">132</EventID>
<Version>0</Version>
<Level>4</Level>
<Task>10</Task>
<Opcode>2</Opcode>
<Keywords>0x4000000000000002</Keywords>
<TimeCreated SystemTime="2020-10-23 14:11:15.066261"></TimeCreated>
<EventRecordID>36</EventRecordID>
<Correlation ActivityID="{dc304448-a943-0000-8764-30dc43a9d601}" RelatedActivityID=""></Correlation>
<Execution ProcessID="1352" ThreadID="3828"></Execution>
<Channel>Microsoft-Windows-WinRM/Operational</Channel>
<Computer>WIN-PTFPHFCRDJ0</Computer>
<Security UserID="S-1-5-18"></Security>
</System>
<EventData><Data Name="operationName">Enumeration</Data>
</EventData>
</Event>

<Event xmlns="http://schemas.microsoft.com/win/2004/08/events/event"><System><Provider Name="Microsoft-Windows-WinRM" Guid="{a7975c8f-ac13-49f1-87da-5a984a4ab417}"></Provider>
<EventID Qualifiers="">211</EventID>
<Version>0</Version>
<Level>4</Level>
<Task>11</Task>
<Opcode>0</Opcode>
<Keywords>0x4000000000000004</Keywords>
<TimeCreated SystemTime="2020-10-23 14:14:40.635191"></TimeCreated>
<EventRecordID>37</EventRecordID>
<Correlation ActivityID="{dc304448-a943-0000-be49-30dc43a9d601}" RelatedActivityID=""></Correlation>
<Execution ProcessID="1392" ThreadID="1496"></Execution>
<Channel>Microsoft-Windows-WinRM/Operational</Channel>
<Computer>WIN-PTFPHFCRDJ0</Computer>
<Security UserID="S-1-5-20"></Security>
</System>
<EventData></EventData>
</Event>

<Event xmlns="http://schemas.microsoft.com/win/2004/08/events/event"><System><Provider Name="Microsoft-Windows-WinRM" Guid="{a7975c8f-ac13-49f1-87da-5a984a4ab417}"></Provider>
<EventID Qualifiers="">212</EventID>
<Version>0</Version>
<Level>4</Level>
<Task>11</Task>
<Opcode>2</Opcode>
<Keywords>0x4000000000000004</Keywords>
<TimeCreated SystemTime="2020-10-23 14:14:41.431202"></TimeCreated>
<EventRecordID>38</EventRecordID>
<Correlation ActivityID="{dc304448-a943-0000-be49-30dc43a9d601}" RelatedActivityID=""></Correlation>
<Execution ProcessID="1392" ThreadID="1496"></Execution>
<Channel>Microsoft-Windows-WinRM/Operational</Channel>
<Computer>WIN-PTFPHFCRDJ0</Computer>
<Security UserID="S-1-5-20"></Security>
</System>
<EventData></EventData>
</Event>

<Event xmlns="http://schemas.microsoft.com/win/2004/08/events/event"><System><Provider Name="Microsoft-Windows-WinRM" Guid="{a7975c8f-ac13-49f1-87da-5a984a4ab417}"></Provider>
<EventID Qualifiers="">208</EventID>
<Version>0</Version>
<Level>4</Level>
<Task>11</Task>
<Opcode>1</Opcode>
<Keywords>0x4000000000000004</Keywords>
<TimeCreated SystemTime="2020-10-23 18:49:09.907383"></TimeCreated>
<EventRecordID>39</EventRecordID>
<Correlation ActivityID="" RelatedActivityID=""></Correlation>
<Execution ProcessID="1428" ThreadID="2272"></Execution>
<Channel>Microsoft-Windows-WinRM/Operational</Channel>
<Computer>WIN-PTFPHFCRDJ0</Computer>
<Security UserID="S-1-5-20"></Security>
</System>
<EventData></EventData>
</Event>

<Event xmlns="http://schemas.microsoft.com/win/2004/08/events/event"><System><Provider Name="Microsoft-Windows-WinRM" Guid="{a7975c8f-ac13-49f1-87da-5a984a4ab417}"></Provider>
<EventID Qualifiers="">209</EventID>
<Version>0</Version>
<Level>4</Level>
<Task>11</Task>
<Opcode>0</Opcode>
<Keywords>0x4000000000000004</Keywords>
<TimeCreated SystemTime="2020-10-23 18:49:13.654821"></TimeCreated>
<EventRecordID>40</EventRecordID>
<Correlation ActivityID="{136949f4-a96d-0000-714f-69136da9d601}" RelatedActivityID=""></Correlation>
<Execution ProcessID="1428" ThreadID="2272"></Execution>
<Channel>Microsoft-Windows-WinRM/Operational</Channel>
<Computer>WIN-PTFPHFCRDJ0</Computer>
<Security UserID="S-1-5-20"></Security>
</System>
<EventData></EventData>
</Event>

<Event xmlns="http://schemas.microsoft.com/win/2004/08/events/event"><System><Provider Name="Microsoft-Windows-WinRM" Guid="{a7975c8f-ac13-49f1-87da-5a984a4ab417}"></Provider>
<EventID Qualifiers="">145</EventID>
<Version>0</Version>
<Level>4</Level>
<Task>5</Task>
<Opcode>1</Opcode>
<Keywords>0x4000000000000002</Keywords>
<TimeCreated SystemTime="2020-10-23 18:49:57.049915"></TimeCreated>
<EventRecordID>41</EventRecordID>
<Correlation ActivityID="{136949f4-a96d-0000-fe51-69136da9d601}" RelatedActivityID=""></Correlation>
<Execution ProcessID="1312" ThreadID="3556"></Execution>
<Channel>Microsoft-Windows-WinRM/Operational</Channel>
<Computer>WIN-PTFPHFCRDJ0</Computer>
<Security UserID="S-1-5-18"></Security>
</System>
<EventData><Data Name="operationName">Enumeration</Data>
<Data Name="resourceUri">http://schemas.microsoft.com/wbem/wsman/1/config/listener</Data>
</EventData>
</Event>

<Event xmlns="http://schemas.microsoft.com/win/2004/08/events/event"><System><Provider Name="Microsoft-Windows-WinRM" Guid="{a7975c8f-ac13-49f1-87da-5a984a4ab417}"></Provider>
<EventID Qualifiers="">132</EventID>
<Version>0</Version>
<Level>4</Level>
<Task>10</Task>
<Opcode>2</Opcode>
<Keywords>0x4000000000000002</Keywords>
<TimeCreated SystemTime="2020-10-23 18:49:58.326540"></TimeCreated>
<EventRecordID>42</EventRecordID>
<Correlation ActivityID="{136949f4-a96d-0000-fe51-69136da9d601}" RelatedActivityID=""></Correlation>
<Execution ProcessID="1312" ThreadID="3612"></Execution>
<Channel>Microsoft-Windows-WinRM/Operational</Channel>
<Computer>WIN-PTFPHFCRDJ0</Computer>
<Security UserID="S-1-5-18"></Security>
</System>
<EventData><Data Name="operationName">Enumeration</Data>
</EventData>
</Event>

<Event xmlns="http://schemas.microsoft.com/win/2004/08/events/event"><System><Provider Name="Microsoft-Windows-WinRM" Guid="{a7975c8f-ac13-49f1-87da-5a984a4ab417}"></Provider>
<EventID Qualifiers="">145</EventID>
<Version>0</Version>
<Level>4</Level>
<Task>5</Task>
<Opcode>1</Opcode>
<Keywords>0x4000000000000002</Keywords>
<TimeCreated SystemTime="2020-10-23 18:50:00.758715"></TimeCreated>
<EventRecordID>43</EventRecordID>
<Correlation ActivityID="{136949f4-a96d-0000-fe51-69136da9d601}" RelatedActivityID=""></Correlation>
<Execution ProcessID="1312" ThreadID="3556"></Execution>
<Channel>Microsoft-Windows-WinRM/Operational</Channel>
<Computer>WIN-PTFPHFCRDJ0</Computer>
<Security UserID="S-1-5-18"></Security>
</System>
<EventData><Data Name="operationName">Enumeration</Data>
<Data Name="resourceUri">http://schemas.microsoft.com/wbem/wsman/1/windows/shell</Data>
</EventData>
</Event>

<Event xmlns="http://schemas.microsoft.com/win/2004/08/events/event"><System><Provider Name="Microsoft-Windows-WinRM" Guid="{a7975c8f-ac13-49f1-87da-5a984a4ab417}"></Provider>
<EventID Qualifiers="">132</EventID>
<Version>0</Version>
<Level>4</Level>
<Task>10</Task>
<Opcode>2</Opcode>
<Keywords>0x4000000000000002</Keywords>
<TimeCreated SystemTime="2020-10-23 18:50:00.795250"></TimeCreated>
<EventRecordID>44</EventRecordID>
<Correlation ActivityID="{136949f4-a96d-0000-fe51-69136da9d601}" RelatedActivityID=""></Correlation>
<Execution ProcessID="1312" ThreadID="3720"></Execution>
<Channel>Microsoft-Windows-WinRM/Operational</Channel>
<Computer>WIN-PTFPHFCRDJ0</Computer>
<Security UserID="S-1-5-18"></Security>
</System>
<EventData><Data Name="operationName">Enumeration</Data>
</EventData>
</Event>

<Event xmlns="http://schemas.microsoft.com/win/2004/08/events/event"><System><Provider Name="Microsoft-Windows-WinRM" Guid="{a7975c8f-ac13-49f1-87da-5a984a4ab417}"></Provider>
<EventID Qualifiers="">211</EventID>
<Version>0</Version>
<Level>4</Level>
<Task>11</Task>
<Opcode>0</Opcode>
<Keywords>0x4000000000000004</Keywords>
<TimeCreated SystemTime="2020-10-23 19:07:38.770664"></TimeCreated>
<EventRecordID>45</EventRecordID>
<Correlation ActivityID="{136949f4-a96d-0000-714f-69136da9d601}" RelatedActivityID=""></Correlation>
<Execution ProcessID="1428" ThreadID="1688"></Execution>
<Channel>Microsoft-Windows-WinRM/Operational</Channel>
<Computer>WIN-PTFPHFCRDJ0</Computer>
<Security UserID="S-1-5-20"></Security>
</System>
<EventData></EventData>
</Event>

<Event xmlns="http://schemas.microsoft.com/win/2004/08/events/event"><System><Provider Name="Microsoft-Windows-WinRM" Guid="{a7975c8f-ac13-49f1-87da-5a984a4ab417}"></Provider>
<EventID Qualifiers="">212</EventID>
<Version>0</Version>
<Level>4</Level>
<Task>11</Task>
<Opcode>2</Opcode>
<Keywords>0x4000000000000004</Keywords>
<TimeCreated SystemTime="2020-10-23 19:07:38.915400"></TimeCreated>
<EventRecordID>46</EventRecordID>
<Correlation ActivityID="{136949f4-a96d-0000-714f-69136da9d601}" RelatedActivityID=""></Correlation>
<Execution ProcessID="1428" ThreadID="1688"></Execution>
<Channel>Microsoft-Windows-WinRM/Operational</Channel>
<Computer>WIN-PTFPHFCRDJ0</Computer>
<Security UserID="S-1-5-20"></Security>
</System>
<EventData></EventData>
</Event>

<Event xmlns="http://schemas.microsoft.com/win/2004/08/events/event"><System><Provider Name="Microsoft-Windows-WinRM" Guid="{a7975c8f-ac13-49f1-87da-5a984a4ab417}"></Provider>
<EventID Qualifiers="">208</EventID>
<Version>0</Version>
<Level>4</Level>
<Task>11</Task>
<Opcode>1</Opcode>
<Keywords>0x4000000000000004</Keywords>
<TimeCreated SystemTime="2020-10-24 21:52:41.056675"></TimeCreated>
<EventRecordID>47</EventRecordID>
<Correlation ActivityID="" RelatedActivityID=""></Correlation>
<Execution ProcessID="1368" ThreadID="2388"></Execution>
<Channel>Microsoft-Windows-WinRM/Operational</Channel>
<Computer>WIN-PTFPHFCRDJ0</Computer>
<Security UserID="S-1-5-20"></Security>
</System>
<EventData></EventData>
</Event>

<Event xmlns="http://schemas.microsoft.com/win/2004/08/events/event"><System><Provider Name="Microsoft-Windows-WinRM" Guid="{a7975c8f-ac13-49f1-87da-5a984a4ab417}"></Provider>
<EventID Qualifiers="">209</EventID>
<Version>0</Version>
<Level>4</Level>
<Task>11</Task>
<Opcode>0</Opcode>
<Keywords>0x4000000000000004</Keywords>
<TimeCreated SystemTime="2020-10-24 21:52:44.670662"></TimeCreated>
<EventRecordID>48</EventRecordID>
<Correlation ActivityID="{e04d3c69-aa4f-0000-e241-4de04faad601}" RelatedActivityID=""></Correlation>
<Execution ProcessID="1368" ThreadID="2388"></Execution>
<Channel>Microsoft-Windows-WinRM/Operational</Channel>
<Computer>WIN-PTFPHFCRDJ0</Computer>
<Security UserID="S-1-5-20"></Security>
</System>
<EventData></EventData>
</Event>

<Event xmlns="http://schemas.microsoft.com/win/2004/08/events/event"><System><Provider Name="Microsoft-Windows-WinRM" Guid="{a7975c8f-ac13-49f1-87da-5a984a4ab417}"></Provider>
<EventID Qualifiers="">145</EventID>
<Version>0</Version>
<Level>4</Level>
<Task>5</Task>
<Opcode>1</Opcode>
<Keywords>0x4000000000000002</Keywords>
<TimeCreated SystemTime="2020-10-24 21:54:41.717262"></TimeCreated>
<EventRecordID>49</EventRecordID>
<Correlation ActivityID="{e04d3c69-aa4f-0000-cc44-4de04faad601}" RelatedActivityID=""></Correlation>
<Execution ProcessID="1320" ThreadID="3140"></Execution>
<Channel>Microsoft-Windows-WinRM/Operational</Channel>
<Computer>WIN-PTFPHFCRDJ0</Computer>
<Security UserID="S-1-5-18"></Security>
</System>
<EventData><Data Name="operationName">Enumeration</Data>
<Data Name="resourceUri">http://schemas.microsoft.com/wbem/wsman/1/config/listener</Data>
</EventData>
</Event>

<Event xmlns="http://schemas.microsoft.com/win/2004/08/events/event"><System><Provider Name="Microsoft-Windows-WinRM" Guid="{a7975c8f-ac13-49f1-87da-5a984a4ab417}"></Provider>
<EventID Qualifiers="">132</EventID>
<Version>0</Version>
<Level>4</Level>
<Task>10</Task>
<Opcode>2</Opcode>
<Keywords>0x4000000000000002</Keywords>
<TimeCreated SystemTime="2020-10-24 21:54:41.776272"></TimeCreated>
<EventRecordID>50</EventRecordID>
<Correlation ActivityID="{e04d3c69-aa4f-0000-cc44-4de04faad601}" RelatedActivityID=""></Correlation>
<Execution ProcessID="1320" ThreadID="2204"></Execution>
<Channel>Microsoft-Windows-WinRM/Operational</Channel>
<Computer>WIN-PTFPHFCRDJ0</Computer>
<Security UserID="S-1-5-18"></Security>
</System>
<EventData><Data Name="operationName">Enumeration</Data>
</EventData>
</Event>

<Event xmlns="http://schemas.microsoft.com/win/2004/08/events/event"><System><Provider Name="Microsoft-Windows-WinRM" Guid="{a7975c8f-ac13-49f1-87da-5a984a4ab417}"></Provider>
<EventID Qualifiers="">145</EventID>
<Version>0</Version>
<Level>4</Level>
<Task>5</Task>
<Opcode>1</Opcode>
<Keywords>0x4000000000000002</Keywords>
<TimeCreated SystemTime="2020-10-24 21:54:41.961540"></TimeCreated>
<EventRecordID>51</EventRecordID>
<Correlation ActivityID="{e04d3c69-aa4f-0000-cc44-4de04faad601}" RelatedActivityID=""></Correlation>
<Execution ProcessID="1320" ThreadID="3140"></Execution>
<Channel>Microsoft-Windows-WinRM/Operational</Channel>
<Computer>WIN-PTFPHFCRDJ0</Computer>
<Security UserID="S-1-5-18"></Security>
</System>
<EventData><Data Name="operationName">Enumeration</Data>
<Data Name="resourceUri">http://schemas.microsoft.com/wbem/wsman/1/windows/shell</Data>
</EventData>
</Event>

<Event xmlns="http://schemas.microsoft.com/win/2004/08/events/event"><System><Provider Name="Microsoft-Windows-WinRM" Guid="{a7975c8f-ac13-49f1-87da-5a984a4ab417}"></Provider>
<EventID Qualifiers="">132</EventID>
<Version>0</Version>
<Level>4</Level>
<Task>10</Task>
<Opcode>2</Opcode>
<Keywords>0x4000000000000002</Keywords>
<TimeCreated SystemTime="2020-10-24 21:54:41.974066"></TimeCreated>
<EventRecordID>52</EventRecordID>
<Correlation ActivityID="{e04d3c69-aa4f-0000-cc44-4de04faad601}" RelatedActivityID=""></Correlation>
<Execution ProcessID="1320" ThreadID="1972"></Execution>
<Channel>Microsoft-Windows-WinRM/Operational</Channel>
<Computer>WIN-PTFPHFCRDJ0</Computer>
<Security UserID="S-1-5-18"></Security>
</System>
<EventData><Data Name="operationName">Enumeration</Data>
</EventData>
</Event>

<Event xmlns="http://schemas.microsoft.com/win/2004/08/events/event"><System><Provider Name="Microsoft-Windows-WinRM" Guid="{a7975c8f-ac13-49f1-87da-5a984a4ab417}"></Provider>
<EventID Qualifiers="">208</EventID>
<Version>0</Version>
<Level>4</Level>
<Task>11</Task>
<Opcode>1</Opcode>
<Keywords>0x4000000000000004</Keywords>
<TimeCreated SystemTime="2020-10-24 22:19:32.627768"></TimeCreated>
<EventRecordID>53</EventRecordID>
<Correlation ActivityID="" RelatedActivityID=""></Correlation>
<Execution ProcessID="1384" ThreadID="2336"></Execution>
<Channel>Microsoft-Windows-WinRM/Operational</Channel>
<Computer>WIN-PTFPHFCRDJ0</Computer>
<Security UserID="S-1-5-20"></Security>
</System>
<EventData></EventData>
</Event>

<Event xmlns="http://schemas.microsoft.com/win/2004/08/events/event"><System><Provider Name="Microsoft-Windows-WinRM" Guid="{a7975c8f-ac13-49f1-87da-5a984a4ab417}"></Provider>
<EventID Qualifiers="">209</EventID>
<Version>0</Version>
<Level>4</Level>
<Task>11</Task>
<Opcode>0</Opcode>
<Keywords>0x4000000000000004</Keywords>
<TimeCreated SystemTime="2020-10-24 22:19:36.564388"></TimeCreated>
<EventRecordID>54</EventRecordID>
<Correlation ActivityID="{a11d3189-aa53-0000-fe36-1da153aad601}" RelatedActivityID=""></Correlation>
<Execution ProcessID="1384" ThreadID="2336"></Execution>
<Channel>Microsoft-Windows-WinRM/Operational</Channel>
<Computer>WIN-PTFPHFCRDJ0</Computer>
<Security UserID="S-1-5-20"></Security>
</System>
<EventData></EventData>
</Event>

<Event xmlns="http://schemas.microsoft.com/win/2004/08/events/event"><System><Provider Name="Microsoft-Windows-WinRM" Guid="{a7975c8f-ac13-49f1-87da-5a984a4ab417}"></Provider>
<EventID Qualifiers="">145</EventID>
<Version>0</Version>
<Level>4</Level>
<Task>5</Task>
<Opcode>1</Opcode>
<Keywords>0x4000000000000002</Keywords>
<TimeCreated SystemTime="2020-10-24 22:20:56.225189"></TimeCreated>
<EventRecordID>55</EventRecordID>
<Correlation ActivityID="{a11d3189-aa53-0000-dd39-1da153aad601}" RelatedActivityID=""></Correlation>
<Execution ProcessID="1344" ThreadID="3768"></Execution>
<Channel>Microsoft-Windows-WinRM/Operational</Channel>
<Computer>WIN-PTFPHFCRDJ0</Computer>
<Security UserID="S-1-5-18"></Security>
</System>
<EventData><Data Name="operationName">Enumeration</Data>
<Data Name="resourceUri">http://schemas.microsoft.com/wbem/wsman/1/config/listener</Data>
</EventData>
</Event>

<Event xmlns="http://schemas.microsoft.com/win/2004/08/events/event"><System><Provider Name="Microsoft-Windows-WinRM" Guid="{a7975c8f-ac13-49f1-87da-5a984a4ab417}"></Provider>
<EventID Qualifiers="">132</EventID>
<Version>0</Version>
<Level>4</Level>
<Task>10</Task>
<Opcode>2</Opcode>
<Keywords>0x4000000000000002</Keywords>
<TimeCreated SystemTime="2020-10-24 22:20:57.318624"></TimeCreated>
<EventRecordID>56</EventRecordID>
<Correlation ActivityID="{a11d3189-aa53-0000-dd39-1da153aad601}" RelatedActivityID=""></Correlation>
<Execution ProcessID="1344" ThreadID="1420"></Execution>
<Channel>Microsoft-Windows-WinRM/Operational</Channel>
<Computer>WIN-PTFPHFCRDJ0</Computer>
<Security UserID="S-1-5-18"></Security>
</System>
<EventData><Data Name="operationName">Enumeration</Data>
</EventData>
</Event>

<Event xmlns="http://schemas.microsoft.com/win/2004/08/events/event"><System><Provider Name="Microsoft-Windows-WinRM" Guid="{a7975c8f-ac13-49f1-87da-5a984a4ab417}"></Provider>
<EventID Qualifiers="">145</EventID>
<Version>0</Version>
<Level>4</Level>
<Task>5</Task>
<Opcode>1</Opcode>
<Keywords>0x4000000000000002</Keywords>
<TimeCreated SystemTime="2020-10-24 22:20:57.818892"></TimeCreated>
<EventRecordID>57</EventRecordID>
<Correlation ActivityID="{a11d3189-aa53-0000-dd39-1da153aad601}" RelatedActivityID=""></Correlation>
<Execution ProcessID="1344" ThreadID="3768"></Execution>
<Channel>Microsoft-Windows-WinRM/Operational</Channel>
<Computer>WIN-PTFPHFCRDJ0</Computer>
<Security UserID="S-1-5-18"></Security>
</System>
<EventData><Data Name="operationName">Enumeration</Data>
<Data Name="resourceUri">http://schemas.microsoft.com/wbem/wsman/1/windows/shell</Data>
</EventData>
</Event>

<Event xmlns="http://schemas.microsoft.com/win/2004/08/events/event"><System><Provider Name="Microsoft-Windows-WinRM" Guid="{a7975c8f-ac13-49f1-87da-5a984a4ab417}"></Provider>
<EventID Qualifiers="">132</EventID>
<Version>0</Version>
<Level>4</Level>
<Task>10</Task>
<Opcode>2</Opcode>
<Keywords>0x4000000000000002</Keywords>
<TimeCreated SystemTime="2020-10-24 22:20:57.857376"></TimeCreated>
<EventRecordID>58</EventRecordID>
<Correlation ActivityID="{a11d3189-aa53-0000-dd39-1da153aad601}" RelatedActivityID=""></Correlation>
<Execution ProcessID="1344" ThreadID="3840"></Execution>
<Channel>Microsoft-Windows-WinRM/Operational</Channel>
<Computer>WIN-PTFPHFCRDJ0</Computer>
<Security UserID="S-1-5-18"></Security>
</System>
<EventData><Data Name="operationName">Enumeration</Data>
</EventData>
</Event>

<Event xmlns="http://schemas.microsoft.com/win/2004/08/events/event"><System><Provider Name="Microsoft-Windows-WinRM" Guid="{a7975c8f-ac13-49f1-87da-5a984a4ab417}"></Provider>
<EventID Qualifiers="">211</EventID>
<Version>0</Version>
<Level>4</Level>
<Task>11</Task>
<Opcode>0</Opcode>
<Keywords>0x4000000000000004</Keywords>
<TimeCreated SystemTime="2020-10-24 23:18:13.793880"></TimeCreated>
<EventRecordID>59</EventRecordID>
<Correlation ActivityID="{a11d3189-aa53-0000-fe36-1da153aad601}" RelatedActivityID=""></Correlation>
<Execution ProcessID="1384" ThreadID="1540"></Execution>
<Channel>Microsoft-Windows-WinRM/Operational</Channel>
<Computer>WIN-PTFPHFCRDJ0</Computer>
<Security UserID="S-1-5-20"></Security>
</System>
<EventData></EventData>
</Event>

<Event xmlns="http://schemas.microsoft.com/win/2004/08/events/event"><System><Provider Name="Microsoft-Windows-WinRM" Guid="{a7975c8f-ac13-49f1-87da-5a984a4ab417}"></Provider>
<EventID Qualifiers="">212</EventID>
<Version>0</Version>
<Level>4</Level>
<Task>11</Task>
<Opcode>2</Opcode>
<Keywords>0x4000000000000004</Keywords>
<TimeCreated SystemTime="2020-10-24 23:18:14.934805"></TimeCreated>
<EventRecordID>60</EventRecordID>
<Correlation ActivityID="{a11d3189-aa53-0000-fe36-1da153aad601}" RelatedActivityID=""></Correlation>
<Execution ProcessID="1384" ThreadID="1540"></Execution>
<Channel>Microsoft-Windows-WinRM/Operational</Channel>
<Computer>WIN-PTFPHFCRDJ0</Computer>
<Security UserID="S-1-5-20"></Security>
</System>
<EventData></EventData>
</Event>

<Event xmlns="http://schemas.microsoft.com/win/2004/08/events/event"><System><Provider Name="Microsoft-Windows-WinRM" Guid="{a7975c8f-ac13-49f1-87da-5a984a4ab417}"></Provider>
<EventID Qualifiers="">208</EventID>
<Version>0</Version>
<Level>4</Level>
<Task>11</Task>
<Opcode>1</Opcode>
<Keywords>0x4000000000000004</Keywords>
<TimeCreated SystemTime="2020-10-26 11:58:00.443733"></TimeCreated>
<EventRecordID>61</EventRecordID>
<Correlation ActivityID="" RelatedActivityID=""></Correlation>
<Execution ProcessID="1480" ThreadID="2364"></Execution>
<Channel>Microsoft-Windows-WinRM/Operational</Channel>
<Computer>WIN-PTFPHFCRDJ0</Computer>
<Security UserID="S-1-5-20"></Security>
</System>
<EventData></EventData>
</Event>

<Event xmlns="http://schemas.microsoft.com/win/2004/08/events/event"><System><Provider Name="Microsoft-Windows-WinRM" Guid="{a7975c8f-ac13-49f1-87da-5a984a4ab417}"></Provider>
<EventID Qualifiers="">209</EventID>
<Version>0</Version>
<Level>4</Level>
<Task>11</Task>
<Opcode>0</Opcode>
<Keywords>0x4000000000000004</Keywords>
<TimeCreated SystemTime="2020-10-26 11:58:04.523008"></TimeCreated>
<EventRecordID>62</EventRecordID>
<Correlation ActivityID="{278a84f7-ab8f-0000-6c8a-8a278fabd601}" RelatedActivityID=""></Correlation>
<Execution ProcessID="1480" ThreadID="2364"></Execution>
<Channel>Microsoft-Windows-WinRM/Operational</Channel>
<Computer>WIN-PTFPHFCRDJ0</Computer>
<Security UserID="S-1-5-20"></Security>
</System>
<EventData></EventData>
</Event>

