<Event xmlns="http://schemas.microsoft.com/win/2004/08/events/event"><System><Provider Name="Microsoft-Windows-AppXDeployment" Guid="{8127f6d4-59f9-4abf-8952-3e3a02073d5f}"></Provider>
<EventID Qualifiers="">325</EventID>
<Version>0</Version>
<Level>4</Level>
<Task>0</Task>
<Opcode>0</Opcode>
<Keywords>0x4000000000010000</Keywords>
<TimeCreated SystemTime="2020-10-26 12:11:16.414818"></TimeCreated>
<EventRecordID>107</EventRecordID>
<Correlation ActivityID="{278a84f7-ab8f-0000-cc9a-8a278fabd601}" RelatedActivityID=""></Correlation>
<Execution ProcessID="2368" ThreadID="3312"></Execution>
<Channel>Microsoft-Windows-AppXDeployment/Operational</Channel>
<Computer>WIN-PTFPHFCRDJ0</Computer>
<Security UserID="S-1-5-21-1152959844-3645458174-3779170896-1000"></Security>
</System>
<EventData><Data Name="PackageFamilyName">Microsoft.Windows.Cortana_cw5n1h2txyewy</Data>
</EventData>
</Event>

<Event xmlns="http://schemas.microsoft.com/win/2004/08/events/event"><System><Provider Name="Microsoft-Windows-AppXDeployment" Guid="{8127f6d4-59f9-4abf-8952-3e3a02073d5f}"></Provider>
<EventID Qualifiers="">325</EventID>
<Version>0</Version>
<Level>4</Level>
<Task>0</Task>
<Opcode>0</Opcode>
<Keywords>0x4000000000010000</Keywords>
<TimeCreated SystemTime="2020-10-26 12:11:16.419653"></TimeCreated>
<EventRecordID>108</EventRecordID>
<Correlation ActivityID="{278a84f7-ab8f-0000-d19a-8a278fabd601}" RelatedActivityID=""></Correlation>
<Execution ProcessID="2368" ThreadID="3312"></Execution>
<Channel>Microsoft-Windows-AppXDeployment/Operational</Channel>
<Computer>WIN-PTFPHFCRDJ0</Computer>
<Security UserID="S-1-5-21-1152959844-3645458174-3779170896-1000"></Security>
</System>
<EventData><Data Name="PackageFamilyName">Microsoft.Windows.Cortana_cw5n1h2txyewy</Data>
</EventData>
</Event>

<Event xmlns="http://schemas.microsoft.com/win/2004/08/events/event"><System><Provider Name="Microsoft-Windows-AppXDeployment" Guid="{8127f6d4-59f9-4abf-8952-3e3a02073d5f}"></Provider>
<EventID Qualifiers="">325</EventID>
<Version>0</Version>
<Level>4</Level>
<Task>0</Task>
<Opcode>0</Opcode>
<Keywords>0x4000000000010000</Keywords>
<TimeCreated SystemTime="2020-10-26 12:11:16.423571"></TimeCreated>
<EventRecordID>109</EventRecordID>
<Correlation ActivityID="{278a84f7-ab8f-0000-d59a-8a278fabd601}" RelatedActivityID=""></Correlation>
<Execution ProcessID="2368" ThreadID="3312"></Execution>
<Channel>Microsoft-Windows-AppXDeployment/Operational</Channel>
<Computer>WIN-PTFPHFCRDJ0</Computer>
<Security UserID="S-1-5-21-1152959844-3645458174-3779170896-1000"></Security>
</System>
<EventData><Data Name="PackageFamilyName">Microsoft.Windows.Cortana_cw5n1h2txyewy</Data>
</EventData>
</Event>

<Event xmlns="http://schemas.microsoft.com/win/2004/08/events/event"><System><Provider Name="Microsoft-Windows-AppXDeployment" Guid="{8127f6d4-59f9-4abf-8952-3e3a02073d5f}"></Provider>
<EventID Qualifiers="">325</EventID>
<Version>0</Version>
<Level>4</Level>
<Task>0</Task>
<Opcode>0</Opcode>
<Keywords>0x4000000000010000</Keywords>
<TimeCreated SystemTime="2020-10-26 12:11:16.449234"></TimeCreated>
<EventRecordID>110</EventRecordID>
<Correlation ActivityID="{278a84f7-ab8f-0000-d89a-8a278fabd601}" RelatedActivityID=""></Correlation>
<Execution ProcessID="2368" ThreadID="2784"></Execution>
<Channel>Microsoft-Windows-AppXDeployment/Operational</Channel>
<Computer>WIN-PTFPHFCRDJ0</Computer>
<Security UserID="S-1-5-21-1152959844-3645458174-3779170896-1000"></Security>
</System>
<EventData><Data Name="PackageFamilyName">Microsoft.Windows.Cortana_cw5n1h2txyewy</Data>
</EventData>
</Event>

<Event xmlns="http://schemas.microsoft.com/win/2004/08/events/event"><System><Provider Name="Microsoft-Windows-AppXDeployment" Guid="{8127f6d4-59f9-4abf-8952-3e3a02073d5f}"></Provider>
<EventID Qualifiers="">325</EventID>
<Version>0</Version>
<Level>4</Level>
<Task>0</Task>
<Opcode>0</Opcode>
<Keywords>0x4000000000010000</Keywords>
<TimeCreated SystemTime="2020-10-26 12:14:29.383629"></TimeCreated>
<EventRecordID>111</EventRecordID>
<Correlation ActivityID="{278a84f7-ab8f-0000-89a1-8a278fabd601}" RelatedActivityID=""></Correlation>
<Execution ProcessID="2368" ThreadID="296"></Execution>
<Channel>Microsoft-Windows-AppXDeployment/Operational</Channel>
<Computer>WIN-PTFPHFCRDJ0</Computer>
<Security UserID="S-1-5-21-1152959844-3645458174-3779170896-1000"></Security>
</System>
<EventData><Data Name="PackageFamilyName">Microsoft.Windows.Cortana_cw5n1h2txyewy</Data>
</EventData>
</Event>

<Event xmlns="http://schemas.microsoft.com/win/2004/08/events/event"><System><Provider Name="Microsoft-Windows-AppXDeployment" Guid="{8127f6d4-59f9-4abf-8952-3e3a02073d5f}"></Provider>
<EventID Qualifiers="">325</EventID>
<Version>0</Version>
<Level>4</Level>
<Task>0</Task>
<Opcode>0</Opcode>
<Keywords>0x4000000000010000</Keywords>
<TimeCreated SystemTime="2020-10-26 12:14:29.387310"></TimeCreated>
<EventRecordID>112</EventRecordID>
<Correlation ActivityID="{278a84f7-ab8f-0000-8da1-8a278fabd601}" RelatedActivityID=""></Correlation>
<Execution ProcessID="2368" ThreadID="296"></Execution>
<Channel>Microsoft-Windows-AppXDeployment/Operational</Channel>
<Computer>WIN-PTFPHFCRDJ0</Computer>
<Security UserID="S-1-5-21-1152959844-3645458174-3779170896-1000"></Security>
</System>
<EventData><Data Name="PackageFamilyName">Microsoft.Windows.Cortana_cw5n1h2txyewy</Data>
</EventData>
</Event>

<Event xmlns="http://schemas.microsoft.com/win/2004/08/events/event"><System><Provider Name="Microsoft-Windows-AppXDeployment" Guid="{8127f6d4-59f9-4abf-8952-3e3a02073d5f}"></Provider>
<EventID Qualifiers="">326</EventID>
<Version>0</Version>
<Level>5</Level>
<Task>0</Task>
<Opcode>0</Opcode>
<Keywords>0x4000000000010000</Keywords>
<TimeCreated SystemTime="2020-10-26 15:26:53.986519"></TimeCreated>
<EventRecordID>113</EventRecordID>
<Correlation ActivityID="{61a55000-55e5-1017-0000-000000000000}" RelatedActivityID=""></Correlation>
<Execution ProcessID="932" ThreadID="1016"></Execution>
<Channel>Microsoft-Windows-AppXDeployment/Operational</Channel>
<Computer>WIN-PTFPHFCRDJ0</Computer>
<Security UserID="S-1-5-18"></Security>
</System>
<EventData><Data Name="UserSid">S-1-5-21-1152959844-3645458174-3779170896-1000</Data>
<Data Name="IsSpecialUserProfile">False</Data>
</EventData>
</Event>

<Event xmlns="http://schemas.microsoft.com/win/2004/08/events/event"><System><Provider Name="Microsoft-Windows-AppXDeployment" Guid="{8127f6d4-59f9-4abf-8952-3e3a02073d5f}"></Provider>
<EventID Qualifiers="">327</EventID>
<Version>0</Version>
<Level>5</Level>
<Task>0</Task>
<Opcode>0</Opcode>
<Keywords>0x4000000000010000</Keywords>
<TimeCreated SystemTime="2020-10-26 15:26:55.142969"></TimeCreated>
<EventRecordID>114</EventRecordID>
<Correlation ActivityID="{61a55000-55e5-1017-0000-000000000000}" RelatedActivityID=""></Correlation>
<Execution ProcessID="932" ThreadID="1016"></Execution>
<Channel>Microsoft-Windows-AppXDeployment/Operational</Channel>
<Computer>WIN-PTFPHFCRDJ0</Computer>
<Security UserID="S-1-5-18"></Security>
</System>
<EventData><Data Name="InstallPackageList">NULL</Data>
<Data Name="RemovePackageList">NULL</Data>
</EventData>
</Event>

<Event xmlns="http://schemas.microsoft.com/win/2004/08/events/event"><System><Provider Name="Microsoft-Windows-AppXDeployment" Guid="{8127f6d4-59f9-4abf-8952-3e3a02073d5f}"></Provider>
<EventID Qualifiers="">325</EventID>
<Version>0</Version>
<Level>4</Level>
<Task>0</Task>
<Opcode>0</Opcode>
<Keywords>0x4000000000010000</Keywords>
<TimeCreated SystemTime="2020-10-26 15:27:29.123863"></TimeCreated>
<EventRecordID>115</EventRecordID>
<Correlation ActivityID="{5cf0896d-abaa-0000-589b-f05caaabd601}" RelatedActivityID=""></Correlation>
<Execution ProcessID="356" ThreadID="784"></Execution>
<Channel>Microsoft-Windows-AppXDeployment/Operational</Channel>
<Computer>WIN-PTFPHFCRDJ0</Computer>
<Security UserID="S-1-5-21-1152959844-3645458174-3779170896-1000"></Security>
</System>
<EventData><Data Name="PackageFamilyName">Microsoft.Windows.Cortana_cw5n1h2txyewy</Data>
</EventData>
</Event>

<Event xmlns="http://schemas.microsoft.com/win/2004/08/events/event"><System><Provider Name="Microsoft-Windows-AppXDeployment" Guid="{8127f6d4-59f9-4abf-8952-3e3a02073d5f}"></Provider>
<EventID Qualifiers="">325</EventID>
<Version>0</Version>
<Level>4</Level>
<Task>0</Task>
<Opcode>0</Opcode>
<Keywords>0x4000000000010000</Keywords>
<TimeCreated SystemTime="2020-10-26 15:27:29.171730"></TimeCreated>
<EventRecordID>116</EventRecordID>
<Correlation ActivityID="{5cf0896d-abaa-0000-649b-f05caaabd601}" RelatedActivityID=""></Correlation>
<Execution ProcessID="356" ThreadID="3044"></Execution>
<Channel>Microsoft-Windows-AppXDeployment/Operational</Channel>
<Computer>WIN-PTFPHFCRDJ0</Computer>
<Security UserID="S-1-5-21-1152959844-3645458174-3779170896-1000"></Security>
</System>
<EventData><Data Name="PackageFamilyName">Microsoft.Windows.Cortana_cw5n1h2txyewy</Data>
</EventData>
</Event>

<Event xmlns="http://schemas.microsoft.com/win/2004/08/events/event"><System><Provider Name="Microsoft-Windows-AppXDeployment" Guid="{8127f6d4-59f9-4abf-8952-3e3a02073d5f}"></Provider>
<EventID Qualifiers="">325</EventID>
<Version>0</Version>
<Level>4</Level>
<Task>0</Task>
<Opcode>0</Opcode>
<Keywords>0x4000000000010000</Keywords>
<TimeCreated SystemTime="2020-10-26 15:27:34.671688"></TimeCreated>
<EventRecordID>117</EventRecordID>
<Correlation ActivityID="{5cf0896d-abaa-0000-b09c-f05caaabd601}" RelatedActivityID=""></Correlation>
<Execution ProcessID="356" ThreadID="220"></Execution>
<Channel>Microsoft-Windows-AppXDeployment/Operational</Channel>
<Computer>WIN-PTFPHFCRDJ0</Computer>
<Security UserID="S-1-5-21-1152959844-3645458174-3779170896-1000"></Security>
</System>
<EventData><Data Name="PackageFamilyName">Microsoft.Windows.Cortana_cw5n1h2txyewy</Data>
</EventData>
</Event>

<Event xmlns="http://schemas.microsoft.com/win/2004/08/events/event"><System><Provider Name="Microsoft-Windows-AppXDeployment" Guid="{8127f6d4-59f9-4abf-8952-3e3a02073d5f}"></Provider>
<EventID Qualifiers="">325</EventID>
<Version>0</Version>
<Level>4</Level>
<Task>0</Task>
<Opcode>0</Opcode>
<Keywords>0x4000000000010000</Keywords>
<TimeCreated SystemTime="2020-10-26 15:27:34.696083"></TimeCreated>
<EventRecordID>118</EventRecordID>
<Correlation ActivityID="{5cf0896d-abaa-0000-b49c-f05caaabd601}" RelatedActivityID=""></Correlation>
<Execution ProcessID="356" ThreadID="220"></Execution>
<Channel>Microsoft-Windows-AppXDeployment/Operational</Channel>
<Computer>WIN-PTFPHFCRDJ0</Computer>
<Security UserID="S-1-5-21-1152959844-3645458174-3779170896-1000"></Security>
</System>
<EventData><Data Name="PackageFamilyName">Microsoft.Windows.Cortana_cw5n1h2txyewy</Data>
</EventData>
</Event>

<Event xmlns="http://schemas.microsoft.com/win/2004/08/events/event"><System><Provider Name="Microsoft-Windows-AppXDeployment" Guid="{8127f6d4-59f9-4abf-8952-3e3a02073d5f}"></Provider>
<EventID Qualifiers="">325</EventID>
<Version>0</Version>
<Level>4</Level>
<Task>0</Task>
<Opcode>0</Opcode>
<Keywords>0x4000000000010000</Keywords>
<TimeCreated SystemTime="2020-10-26 15:37:02.707455"></TimeCreated>
<EventRecordID>119</EventRecordID>
<Correlation ActivityID="{5cf0896d-abaa-0000-34a2-f05caaabd601}" RelatedActivityID=""></Correlation>
<Execution ProcessID="356" ThreadID="200"></Execution>
<Channel>Microsoft-Windows-AppXDeployment/Operational</Channel>
<Computer>WIN-PTFPHFCRDJ0</Computer>
<Security UserID="S-1-5-21-1152959844-3645458174-3779170896-1000"></Security>
</System>
<EventData><Data Name="PackageFamilyName">Microsoft.Windows.Cortana_cw5n1h2txyewy</Data>
</EventData>
</Event>

<Event xmlns="http://schemas.microsoft.com/win/2004/08/events/event"><System><Provider Name="Microsoft-Windows-AppXDeployment" Guid="{8127f6d4-59f9-4abf-8952-3e3a02073d5f}"></Provider>
<EventID Qualifiers="">325</EventID>
<Version>0</Version>
<Level>4</Level>
<Task>0</Task>
<Opcode>0</Opcode>
<Keywords>0x4000000000010000</Keywords>
<TimeCreated SystemTime="2020-10-26 15:37:02.710207"></TimeCreated>
<EventRecordID>120</EventRecordID>
<Correlation ActivityID="{5cf0896d-abaa-0000-38a2-f05caaabd601}" RelatedActivityID=""></Correlation>
<Execution ProcessID="356" ThreadID="200"></Execution>
<Channel>Microsoft-Windows-AppXDeployment/Operational</Channel>
<Computer>WIN-PTFPHFCRDJ0</Computer>
<Security UserID="S-1-5-21-1152959844-3645458174-3779170896-1000"></Security>
</System>
<EventData><Data Name="PackageFamilyName">Microsoft.Windows.Cortana_cw5n1h2txyewy</Data>
</EventData>
</Event>

<Event xmlns="http://schemas.microsoft.com/win/2004/08/events/event"><System><Provider Name="Microsoft-Windows-AppXDeployment" Guid="{8127f6d4-59f9-4abf-8952-3e3a02073d5f}"></Provider>
<EventID Qualifiers="">325</EventID>
<Version>0</Version>
<Level>4</Level>
<Task>0</Task>
<Opcode>0</Opcode>
<Keywords>0x4000000000010000</Keywords>
<TimeCreated SystemTime="2020-10-26 15:42:12.656885"></TimeCreated>
<EventRecordID>121</EventRecordID>
<Correlation ActivityID="{5cf0896d-abaa-0000-f1a5-f05caaabd601}" RelatedActivityID=""></Correlation>
<Execution ProcessID="356" ThreadID="2084"></Execution>
<Channel>Microsoft-Windows-AppXDeployment/Operational</Channel>
<Computer>WIN-PTFPHFCRDJ0</Computer>
<Security UserID="S-1-5-21-1152959844-3645458174-3779170896-1000"></Security>
</System>
<EventData><Data Name="PackageFamilyName">Microsoft.Windows.Cortana_cw5n1h2txyewy</Data>
</EventData>
</Event>

<Event xmlns="http://schemas.microsoft.com/win/2004/08/events/event"><System><Provider Name="Microsoft-Windows-AppXDeployment" Guid="{8127f6d4-59f9-4abf-8952-3e3a02073d5f}"></Provider>
<EventID Qualifiers="">325</EventID>
<Version>0</Version>
<Level>4</Level>
<Task>0</Task>
<Opcode>0</Opcode>
<Keywords>0x4000000000010000</Keywords>
<TimeCreated SystemTime="2020-10-26 15:42:12.666718"></TimeCreated>
<EventRecordID>122</EventRecordID>
<Correlation ActivityID="{5cf0896d-abaa-0000-f5a5-f05caaabd601}" RelatedActivityID=""></Correlation>
<Execution ProcessID="356" ThreadID="2084"></Execution>
<Channel>Microsoft-Windows-AppXDeployment/Operational</Channel>
<Computer>WIN-PTFPHFCRDJ0</Computer>
<Security UserID="S-1-5-21-1152959844-3645458174-3779170896-1000"></Security>
</System>
<EventData><Data Name="PackageFamilyName">Microsoft.Windows.Cortana_cw5n1h2txyewy</Data>
</EventData>
</Event>

<Event xmlns="http://schemas.microsoft.com/win/2004/08/events/event"><System><Provider Name="Microsoft-Windows-AppXDeployment" Guid="{8127f6d4-59f9-4abf-8952-3e3a02073d5f}"></Provider>
<EventID Qualifiers="">325</EventID>
<Version>0</Version>
<Level>4</Level>
<Task>0</Task>
<Opcode>0</Opcode>
<Keywords>0x4000000000010000</Keywords>
<TimeCreated SystemTime="2020-10-26 16:01:17.391722"></TimeCreated>
<EventRecordID>123</EventRecordID>
<Correlation ActivityID="{5cf0896d-abaa-0000-96b7-f05caaabd601}" RelatedActivityID=""></Correlation>
<Execution ProcessID="356" ThreadID="516"></Execution>
<Channel>Microsoft-Windows-AppXDeployment/Operational</Channel>
<Computer>WIN-PTFPHFCRDJ0</Computer>
<Security UserID="S-1-5-21-1152959844-3645458174-3779170896-1000"></Security>
</System>
<EventData><Data Name="PackageFamilyName">Microsoft.Windows.Cortana_cw5n1h2txyewy</Data>
</EventData>
</Event>

<Event xmlns="http://schemas.microsoft.com/win/2004/08/events/event"><System><Provider Name="Microsoft-Windows-AppXDeployment" Guid="{8127f6d4-59f9-4abf-8952-3e3a02073d5f}"></Provider>
<EventID Qualifiers="">325</EventID>
<Version>0</Version>
<Level>4</Level>
<Task>0</Task>
<Opcode>0</Opcode>
<Keywords>0x4000000000010000</Keywords>
<TimeCreated SystemTime="2020-10-26 16:01:17.399954"></TimeCreated>
<EventRecordID>124</EventRecordID>
<Correlation ActivityID="{5cf0896d-abaa-0000-9ab7-f05caaabd601}" RelatedActivityID=""></Correlation>
<Execution ProcessID="356" ThreadID="516"></Execution>
<Channel>Microsoft-Windows-AppXDeployment/Operational</Channel>
<Computer>WIN-PTFPHFCRDJ0</Computer>
<Security UserID="S-1-5-21-1152959844-3645458174-3779170896-1000"></Security>
</System>
<EventData><Data Name="PackageFamilyName">Microsoft.Windows.Cortana_cw5n1h2txyewy</Data>
</EventData>
</Event>

<Event xmlns="http://schemas.microsoft.com/win/2004/08/events/event"><System><Provider Name="Microsoft-Windows-AppXDeployment" Guid="{8127f6d4-59f9-4abf-8952-3e3a02073d5f}"></Provider>
<EventID Qualifiers="">325</EventID>
<Version>0</Version>
<Level>4</Level>
<Task>0</Task>
<Opcode>0</Opcode>
<Keywords>0x4000000000010000</Keywords>
<TimeCreated SystemTime="2020-10-26 16:05:18.407454"></TimeCreated>
<EventRecordID>125</EventRecordID>
<Correlation ActivityID="{5cf0896d-abaa-0000-29bb-f05caaabd601}" RelatedActivityID=""></Correlation>
<Execution ProcessID="356" ThreadID="3252"></Execution>
<Channel>Microsoft-Windows-AppXDeployment/Operational</Channel>
<Computer>WIN-PTFPHFCRDJ0</Computer>
<Security UserID="S-1-5-21-1152959844-3645458174-3779170896-1000"></Security>
</System>
<EventData><Data Name="PackageFamilyName">Microsoft.Windows.Cortana_cw5n1h2txyewy</Data>
</EventData>
</Event>

<Event xmlns="http://schemas.microsoft.com/win/2004/08/events/event"><System><Provider Name="Microsoft-Windows-AppXDeployment" Guid="{8127f6d4-59f9-4abf-8952-3e3a02073d5f}"></Provider>
<EventID Qualifiers="">325</EventID>
<Version>0</Version>
<Level>4</Level>
<Task>0</Task>
<Opcode>0</Opcode>
<Keywords>0x4000000000010000</Keywords>
<TimeCreated SystemTime="2020-10-26 16:05:18.411959"></TimeCreated>
<EventRecordID>126</EventRecordID>
<Correlation ActivityID="{5cf0896d-abaa-0000-2ebb-f05caaabd601}" RelatedActivityID=""></Correlation>
<Execution ProcessID="356" ThreadID="3252"></Execution>
<Channel>Microsoft-Windows-AppXDeployment/Operational</Channel>
<Computer>WIN-PTFPHFCRDJ0</Computer>
<Security UserID="S-1-5-21-1152959844-3645458174-3779170896-1000"></Security>
</System>
<EventData><Data Name="PackageFamilyName">Microsoft.Windows.Cortana_cw5n1h2txyewy</Data>
</EventData>
</Event>

<Event xmlns="http://schemas.microsoft.com/win/2004/08/events/event"><System><Provider Name="Microsoft-Windows-AppXDeployment" Guid="{8127f6d4-59f9-4abf-8952-3e3a02073d5f}"></Provider>
<EventID Qualifiers="">326</EventID>
<Version>0</Version>
<Level>5</Level>
<Task>0</Task>
<Opcode>0</Opcode>
<Keywords>0x4000000000010000</Keywords>
<TimeCreated SystemTime="2020-10-27 02:08:10.234076"></TimeCreated>
<EventRecordID>127</EventRecordID>
<Correlation ActivityID="{61a55000-55e5-1017-0000-000000000000}" RelatedActivityID=""></Correlation>
<Execution ProcessID="940" ThreadID="596"></Execution>
<Channel>Microsoft-Windows-AppXDeployment/Operational</Channel>
<Computer>WIN-PTFPHFCRDJ0</Computer>
<Security UserID="S-1-5-18"></Security>
</System>
<EventData><Data Name="UserSid">S-1-5-21-1152959844-3645458174-3779170896-1000</Data>
<Data Name="IsSpecialUserProfile">False</Data>
</EventData>
</Event>

<Event xmlns="http://schemas.microsoft.com/win/2004/08/events/event"><System><Provider Name="Microsoft-Windows-AppXDeployment" Guid="{8127f6d4-59f9-4abf-8952-3e3a02073d5f}"></Provider>
<EventID Qualifiers="">327</EventID>
<Version>0</Version>
<Level>5</Level>
<Task>0</Task>
<Opcode>0</Opcode>
<Keywords>0x4000000000010000</Keywords>
<TimeCreated SystemTime="2020-10-27 02:08:13.029631"></TimeCreated>
<EventRecordID>128</EventRecordID>
<Correlation ActivityID="{61a55000-55e5-1017-0000-000000000000}" RelatedActivityID=""></Correlation>
<Execution ProcessID="940" ThreadID="596"></Execution>
<Channel>Microsoft-Windows-AppXDeployment/Operational</Channel>
<Computer>WIN-PTFPHFCRDJ0</Computer>
<Security UserID="S-1-5-18"></Security>
</System>
<EventData><Data Name="InstallPackageList">NULL</Data>
<Data Name="RemovePackageList">NULL</Data>
</EventData>
</Event>

<Event xmlns="http://schemas.microsoft.com/win/2004/08/events/event"><System><Provider Name="Microsoft-Windows-AppXDeployment" Guid="{8127f6d4-59f9-4abf-8952-3e3a02073d5f}"></Provider>
<EventID Qualifiers="">325</EventID>
<Version>0</Version>
<Level>4</Level>
<Task>0</Task>
<Opcode>0</Opcode>
<Keywords>0x4000000000010000</Keywords>
<TimeCreated SystemTime="2020-10-27 02:08:54.394245"></TimeCreated>
<EventRecordID>129</EventRecordID>
<Correlation ActivityID="{8a6a3ffd-ac04-0000-4350-6a8a04acd601}" RelatedActivityID=""></Correlation>
<Execution ProcessID="2812" ThreadID="1788"></Execution>
<Channel>Microsoft-Windows-AppXDeployment/Operational</Channel>
<Computer>WIN-PTFPHFCRDJ0</Computer>
<Security UserID="S-1-5-21-1152959844-3645458174-3779170896-1000"></Security>
</System>
<EventData><Data Name="PackageFamilyName">Microsoft.Windows.Cortana_cw5n1h2txyewy</Data>
</EventData>
</Event>

<Event xmlns="http://schemas.microsoft.com/win/2004/08/events/event"><System><Provider Name="Microsoft-Windows-AppXDeployment" Guid="{8127f6d4-59f9-4abf-8952-3e3a02073d5f}"></Provider>
<EventID Qualifiers="">325</EventID>
<Version>0</Version>
<Level>4</Level>
<Task>0</Task>
<Opcode>0</Opcode>
<Keywords>0x4000000000010000</Keywords>
<TimeCreated SystemTime="2020-10-27 02:08:54.457125"></TimeCreated>
<EventRecordID>130</EventRecordID>
<Correlation ActivityID="{8a6a3ffd-ac04-0000-4d50-6a8a04acd601}" RelatedActivityID=""></Correlation>
<Execution ProcessID="2812" ThreadID="3896"></Execution>
<Channel>Microsoft-Windows-AppXDeployment/Operational</Channel>
<Computer>WIN-PTFPHFCRDJ0</Computer>
<Security UserID="S-1-5-21-1152959844-3645458174-3779170896-1000"></Security>
</System>
<EventData><Data Name="PackageFamilyName">Microsoft.Windows.Cortana_cw5n1h2txyewy</Data>
</EventData>
</Event>

<Event xmlns="http://schemas.microsoft.com/win/2004/08/events/event"><System><Provider Name="Microsoft-Windows-AppXDeployment" Guid="{8127f6d4-59f9-4abf-8952-3e3a02073d5f}"></Provider>
<EventID Qualifiers="">325</EventID>
<Version>0</Version>
<Level>4</Level>
<Task>0</Task>
<Opcode>0</Opcode>
<Keywords>0x4000000000010000</Keywords>
<TimeCreated SystemTime="2020-10-27 02:08:59.984869"></TimeCreated>
<EventRecordID>131</EventRecordID>
<Correlation ActivityID="{8a6a3ffd-ac04-0000-b551-6a8a04acd601}" RelatedActivityID=""></Correlation>
<Execution ProcessID="2812" ThreadID="984"></Execution>
<Channel>Microsoft-Windows-AppXDeployment/Operational</Channel>
<Computer>WIN-PTFPHFCRDJ0</Computer>
<Security UserID="S-1-5-21-1152959844-3645458174-3779170896-1000"></Security>
</System>
<EventData><Data Name="PackageFamilyName">Microsoft.Windows.Cortana_cw5n1h2txyewy</Data>
</EventData>
</Event>

<Event xmlns="http://schemas.microsoft.com/win/2004/08/events/event"><System><Provider Name="Microsoft-Windows-AppXDeployment" Guid="{8127f6d4-59f9-4abf-8952-3e3a02073d5f}"></Provider>
<EventID Qualifiers="">325</EventID>
<Version>0</Version>
<Level>4</Level>
<Task>0</Task>
<Opcode>0</Opcode>
<Keywords>0x4000000000010000</Keywords>
<TimeCreated SystemTime="2020-10-27 02:08:59.989182"></TimeCreated>
<EventRecordID>132</EventRecordID>
<Correlation ActivityID="{8a6a3ffd-ac04-0000-ba51-6a8a04acd601}" RelatedActivityID=""></Correlation>
<Execution ProcessID="2812" ThreadID="984"></Execution>
<Channel>Microsoft-Windows-AppXDeployment/Operational</Channel>
<Computer>WIN-PTFPHFCRDJ0</Computer>
<Security UserID="S-1-5-21-1152959844-3645458174-3779170896-1000"></Security>
</System>
<EventData><Data Name="PackageFamilyName">Microsoft.Windows.Cortana_cw5n1h2txyewy</Data>
</EventData>
</Event>

<Event xmlns="http://schemas.microsoft.com/win/2004/08/events/event"><System><Provider Name="Microsoft-Windows-AppXDeployment" Guid="{8127f6d4-59f9-4abf-8952-3e3a02073d5f}"></Provider>
<EventID Qualifiers="">325</EventID>
<Version>0</Version>
<Level>4</Level>
<Task>0</Task>
<Opcode>0</Opcode>
<Keywords>0x4000000000010000</Keywords>
<TimeCreated SystemTime="2020-10-27 02:09:00.064999"></TimeCreated>
<EventRecordID>133</EventRecordID>
<Correlation ActivityID="{8a6a3ffd-ac04-0000-c351-6a8a04acd601}" RelatedActivityID=""></Correlation>
<Execution ProcessID="2812" ThreadID="984"></Execution>
<Channel>Microsoft-Windows-AppXDeployment/Operational</Channel>
<Computer>WIN-PTFPHFCRDJ0</Computer>
<Security UserID="S-1-5-21-1152959844-3645458174-3779170896-1000"></Security>
</System>
<EventData><Data Name="PackageFamilyName">Microsoft.Windows.Cortana_cw5n1h2txyewy</Data>
</EventData>
</Event>

<Event xmlns="http://schemas.microsoft.com/win/2004/08/events/event"><System><Provider Name="Microsoft-Windows-AppXDeployment" Guid="{8127f6d4-59f9-4abf-8952-3e3a02073d5f}"></Provider>
<EventID Qualifiers="">325</EventID>
<Version>0</Version>
<Level>4</Level>
<Task>0</Task>
<Opcode>0</Opcode>
<Keywords>0x4000000000010000</Keywords>
<TimeCreated SystemTime="2020-10-27 02:09:00.072811"></TimeCreated>
<EventRecordID>134</EventRecordID>
<Correlation ActivityID="{8a6a3ffd-ac04-0000-c651-6a8a04acd601}" RelatedActivityID=""></Correlation>
<Execution ProcessID="2812" ThreadID="1788"></Execution>
<Channel>Microsoft-Windows-AppXDeployment/Operational</Channel>
<Computer>WIN-PTFPHFCRDJ0</Computer>
<Security UserID="S-1-5-21-1152959844-3645458174-3779170896-1000"></Security>
</System>
<EventData><Data Name="PackageFamilyName">Microsoft.Windows.Cortana_cw5n1h2txyewy</Data>
</EventData>
</Event>

<Event xmlns="http://schemas.microsoft.com/win/2004/08/events/event"><System><Provider Name="Microsoft-Windows-AppXDeployment" Guid="{8127f6d4-59f9-4abf-8952-3e3a02073d5f}"></Provider>
<EventID Qualifiers="">325</EventID>
<Version>0</Version>
<Level>4</Level>
<Task>0</Task>
<Opcode>0</Opcode>
<Keywords>0x4000000000010000</Keywords>
<TimeCreated SystemTime="2020-10-27 02:17:35.226517"></TimeCreated>
<EventRecordID>135</EventRecordID>
<Correlation ActivityID="{8a6a3ffd-ac04-0000-225d-6a8a04acd601}" RelatedActivityID=""></Correlation>
<Execution ProcessID="2812" ThreadID="208"></Execution>
<Channel>Microsoft-Windows-AppXDeployment/Operational</Channel>
<Computer>WIN-PTFPHFCRDJ0</Computer>
<Security UserID="S-1-5-21-1152959844-3645458174-3779170896-1000"></Security>
</System>
<EventData><Data Name="PackageFamilyName">Microsoft.Windows.Cortana_cw5n1h2txyewy</Data>
</EventData>
</Event>

<Event xmlns="http://schemas.microsoft.com/win/2004/08/events/event"><System><Provider Name="Microsoft-Windows-AppXDeployment" Guid="{8127f6d4-59f9-4abf-8952-3e3a02073d5f}"></Provider>
<EventID Qualifiers="">325</EventID>
<Version>0</Version>
<Level>4</Level>
<Task>0</Task>
<Opcode>0</Opcode>
<Keywords>0x4000000000010000</Keywords>
<TimeCreated SystemTime="2020-10-27 02:17:35.243776"></TimeCreated>
<EventRecordID>136</EventRecordID>
<Correlation ActivityID="{8a6a3ffd-ac04-0000-265d-6a8a04acd601}" RelatedActivityID=""></Correlation>
<Execution ProcessID="2812" ThreadID="208"></Execution>
<Channel>Microsoft-Windows-AppXDeployment/Operational</Channel>
<Computer>WIN-PTFPHFCRDJ0</Computer>
<Security UserID="S-1-5-21-1152959844-3645458174-3779170896-1000"></Security>
</System>
<EventData><Data Name="PackageFamilyName">Microsoft.Windows.Cortana_cw5n1h2txyewy</Data>
</EventData>
</Event>

<Event xmlns="http://schemas.microsoft.com/win/2004/08/events/event"><System><Provider Name="Microsoft-Windows-AppXDeployment" Guid="{8127f6d4-59f9-4abf-8952-3e3a02073d5f}"></Provider>
<EventID Qualifiers="">325</EventID>
<Version>0</Version>
<Level>4</Level>
<Task>0</Task>
<Opcode>0</Opcode>
<Keywords>0x4000000000010000</Keywords>
<TimeCreated SystemTime="2020-10-27 02:33:47.337469"></TimeCreated>
<EventRecordID>137</EventRecordID>
<Correlation ActivityID="{8a6a3ffd-ac04-0000-7467-6a8a04acd601}" RelatedActivityID=""></Correlation>
<Execution ProcessID="2812" ThreadID="1040"></Execution>
<Channel>Microsoft-Windows-AppXDeployment/Operational</Channel>
<Computer>WIN-PTFPHFCRDJ0</Computer>
<Security UserID="S-1-5-21-1152959844-3645458174-3779170896-1000"></Security>
</System>
<EventData><Data Name="PackageFamilyName">Microsoft.Windows.Cortana_cw5n1h2txyewy</Data>
</EventData>
</Event>

<Event xmlns="http://schemas.microsoft.com/win/2004/08/events/event"><System><Provider Name="Microsoft-Windows-AppXDeployment" Guid="{8127f6d4-59f9-4abf-8952-3e3a02073d5f}"></Provider>
<EventID Qualifiers="">325</EventID>
<Version>0</Version>
<Level>4</Level>
<Task>0</Task>
<Opcode>0</Opcode>
<Keywords>0x4000000000010000</Keywords>
<TimeCreated SystemTime="2020-10-27 02:33:47.347624"></TimeCreated>
<EventRecordID>138</EventRecordID>
<Correlation ActivityID="{8a6a3ffd-ac04-0000-7867-6a8a04acd601}" RelatedActivityID=""></Correlation>
<Execution ProcessID="2812" ThreadID="1040"></Execution>
<Channel>Microsoft-Windows-AppXDeployment/Operational</Channel>
<Computer>WIN-PTFPHFCRDJ0</Computer>
<Security UserID="S-1-5-21-1152959844-3645458174-3779170896-1000"></Security>
</System>
<EventData><Data Name="PackageFamilyName">Microsoft.Windows.Cortana_cw5n1h2txyewy</Data>
</EventData>
</Event>

<Event xmlns="http://schemas.microsoft.com/win/2004/08/events/event"><System><Provider Name="Microsoft-Windows-AppXDeployment" Guid="{8127f6d4-59f9-4abf-8952-3e3a02073d5f}"></Provider>
<EventID Qualifiers="">325</EventID>
<Version>0</Version>
<Level>4</Level>
<Task>0</Task>
<Opcode>0</Opcode>
<Keywords>0x4000000000010000</Keywords>
<TimeCreated SystemTime="2020-10-27 02:36:02.624502"></TimeCreated>
<EventRecordID>139</EventRecordID>
<Correlation ActivityID="{8a6a3ffd-ac04-0000-7f6a-6a8a04acd601}" RelatedActivityID=""></Correlation>
<Execution ProcessID="2812" ThreadID="4316"></Execution>
<Channel>Microsoft-Windows-AppXDeployment/Operational</Channel>
<Computer>WIN-PTFPHFCRDJ0</Computer>
<Security UserID="S-1-5-21-1152959844-3645458174-3779170896-1000"></Security>
</System>
<EventData><Data Name="PackageFamilyName">Microsoft.Windows.Cortana_cw5n1h2txyewy</Data>
</EventData>
</Event>

<Event xmlns="http://schemas.microsoft.com/win/2004/08/events/event"><System><Provider Name="Microsoft-Windows-AppXDeployment" Guid="{8127f6d4-59f9-4abf-8952-3e3a02073d5f}"></Provider>
<EventID Qualifiers="">325</EventID>
<Version>0</Version>
<Level>4</Level>
<Task>0</Task>
<Opcode>0</Opcode>
<Keywords>0x4000000000010000</Keywords>
<TimeCreated SystemTime="2020-10-27 02:36:02.631086"></TimeCreated>
<EventRecordID>140</EventRecordID>
<Correlation ActivityID="{8a6a3ffd-ac04-0000-836a-6a8a04acd601}" RelatedActivityID=""></Correlation>
<Execution ProcessID="2812" ThreadID="4316"></Execution>
<Channel>Microsoft-Windows-AppXDeployment/Operational</Channel>
<Computer>WIN-PTFPHFCRDJ0</Computer>
<Security UserID="S-1-5-21-1152959844-3645458174-3779170896-1000"></Security>
</System>
<EventData><Data Name="PackageFamilyName">Microsoft.Windows.Cortana_cw5n1h2txyewy</Data>
</EventData>
</Event>

</Events>
