<Event xmlns="http://schemas.microsoft.com/win/2004/08/events/event"><System><Provider Name="Microsoft-Windows-Kernel-PnP" Guid="{9c205a39-1250-487d-abd7-e831c6290539}"></Provider>
<EventID Qualifiers="">410</EventID>
<Version>0</Version>
<Level>4</Level>
<Task>0</Task>
<Opcode>0</Opcode>
<Keywords>0x4000000000000000</Keywords>
<TimeCreated SystemTime="2020-10-23 09:20:40.124512"></TimeCreated>
<EventRecordID>117</EventRecordID>
<Correlation ActivityID="" RelatedActivityID=""></Correlation>
<Execution ProcessID="4" ThreadID="8"></Execution>
<Channel>Microsoft-Windows-Kernel-PnP/Configuration</Channel>
<Computer>WIN-PTFPHFCRDJ0</Computer>
<Security UserID="S-1-5-18"></Security>
</System>
<EventData><Data Name="DeviceInstanceId">ACPI\PNP0A05\33</Data>
<Data Name="DriverName">machine.inf</Data>
<Data Name="ClassGuid">{4d36e97d-e325-11ce-bfc1-08002be10318}</Data>
<Data Name="ServiceName"></Data>
<Data Name="LowerFilters"></Data>
<Data Name="UpperFilters"></Data>
<Data Name="Problem">0x00000000</Data>
<Data Name="Status">0x00000000</Data>
</EventData>
</Event>

<Event xmlns="http://schemas.microsoft.com/win/2004/08/events/event"><System><Provider Name="Microsoft-Windows-Kernel-PnP" Guid="{9c205a39-1250-487d-abd7-e831c6290539}"></Provider>
<EventID Qualifiers="">410</EventID>
<Version>0</Version>
<Level>4</Level>
<Task>0</Task>
<Opcode>0</Opcode>
<Keywords>0x4000000000000000</Keywords>
<TimeCreated SystemTime="2020-10-23 09:20:40.126492"></TimeCreated>
<EventRecordID>118</EventRecordID>
<Correlation ActivityID="" RelatedActivityID=""></Correlation>
<Execution ProcessID="4" ThreadID="8"></Execution>
<Channel>Microsoft-Windows-Kernel-PnP/Configuration</Channel>
<Computer>WIN-PTFPHFCRDJ0</Computer>
<Security UserID="S-1-5-18"></Security>
</System>
<EventData><Data Name="DeviceInstanceId">ACPI\PNP0A05\34</Data>
<Data Name="DriverName">machine.inf</Data>
<Data Name="ClassGuid">{4d36e97d-e325-11ce-bfc1-08002be10318}</Data>
<Data Name="ServiceName"></Data>
<Data Name="LowerFilters"></Data>
<Data Name="UpperFilters"></Data>
<Data Name="Problem">0x00000000</Data>
<Data Name="Status">0x00000000</Data>
</EventData>
</Event>

<Event xmlns="http://schemas.microsoft.com/win/2004/08/events/event"><System><Provider Name="Microsoft-Windows-Kernel-PnP" Guid="{9c205a39-1250-487d-abd7-e831c6290539}"></Provider>
<EventID Qualifiers="">410</EventID>
<Version>0</Version>
<Level>4</Level>
<Task>0</Task>
<Opcode>0</Opcode>
<Keywords>0x4000000000000000</Keywords>
<TimeCreated SystemTime="2020-10-23 09:20:40.128433"></TimeCreated>
<EventRecordID>119</EventRecordID>
<Correlation ActivityID="" RelatedActivityID=""></Correlation>
<Execution ProcessID="4" ThreadID="8"></Execution>
<Channel>Microsoft-Windows-Kernel-PnP/Configuration</Channel>
<Computer>WIN-PTFPHFCRDJ0</Computer>
<Security UserID="S-1-5-18"></Security>
</System>
<EventData><Data Name="DeviceInstanceId">ACPI\PNP0A05\35</Data>
<Data Name="DriverName">machine.inf</Data>
<Data Name="ClassGuid">{4d36e97d-e325-11ce-bfc1-08002be10318}</Data>
<Data Name="ServiceName"></Data>
<Data Name="LowerFilters"></Data>
<Data Name="UpperFilters"></Data>
<Data Name="Problem">0x00000000</Data>
<Data Name="Status">0x00000000</Data>
</EventData>
</Event>

<Event xmlns="http://schemas.microsoft.com/win/2004/08/events/event"><System><Provider Name="Microsoft-Windows-Kernel-PnP" Guid="{9c205a39-1250-487d-abd7-e831c6290539}"></Provider>
<EventID Qualifiers="">410</EventID>
<Version>0</Version>
<Level>4</Level>
<Task>0</Task>
<Opcode>0</Opcode>
<Keywords>0x4000000000000000</Keywords>
<TimeCreated SystemTime="2020-10-23 09:20:40.130407"></TimeCreated>
<EventRecordID>120</EventRecordID>
<Correlation ActivityID="" RelatedActivityID=""></Correlation>
<Execution ProcessID="4" ThreadID="8"></Execution>
<Channel>Microsoft-Windows-Kernel-PnP/Configuration</Channel>
<Computer>WIN-PTFPHFCRDJ0</Computer>
<Security UserID="S-1-5-18"></Security>
</System>
<EventData><Data Name="DeviceInstanceId">ACPI\PNP0A05\36</Data>
<Data Name="DriverName">machine.inf</Data>
<Data Name="ClassGuid">{4d36e97d-e325-11ce-bfc1-08002be10318}</Data>
<Data Name="ServiceName"></Data>
<Data Name="LowerFilters"></Data>
<Data Name="UpperFilters"></Data>
<Data Name="Problem">0x00000000</Data>
<Data Name="Status">0x00000000</Data>
</EventData>
</Event>

<Event xmlns="http://schemas.microsoft.com/win/2004/08/events/event"><System><Provider Name="Microsoft-Windows-Kernel-PnP" Guid="{9c205a39-1250-487d-abd7-e831c6290539}"></Provider>
<EventID Qualifiers="">410</EventID>
<Version>0</Version>
<Level>4</Level>
<Task>0</Task>
<Opcode>0</Opcode>
<Keywords>0x4000000000000000</Keywords>
<TimeCreated SystemTime="2020-10-23 09:20:40.132256"></TimeCreated>
<EventRecordID>121</EventRecordID>
<Correlation ActivityID="" RelatedActivityID=""></Correlation>
<Execution ProcessID="4" ThreadID="8"></Execution>
<Channel>Microsoft-Windows-Kernel-PnP/Configuration</Channel>
<Computer>WIN-PTFPHFCRDJ0</Computer>
<Security UserID="S-1-5-18"></Security>
</System>
<EventData><Data Name="DeviceInstanceId">ACPI\PNP0A05\37</Data>
<Data Name="DriverName">machine.inf</Data>
<Data Name="ClassGuid">{4d36e97d-e325-11ce-bfc1-08002be10318}</Data>
<Data Name="ServiceName"></Data>
<Data Name="LowerFilters"></Data>
<Data Name="UpperFilters"></Data>
<Data Name="Problem">0x00000000</Data>
<Data Name="Status">0x00000000</Data>
</EventData>
</Event>

<Event xmlns="http://schemas.microsoft.com/win/2004/08/events/event"><System><Provider Name="Microsoft-Windows-Kernel-PnP" Guid="{9c205a39-1250-487d-abd7-e831c6290539}"></Provider>
<EventID Qualifiers="">410</EventID>
<Version>0</Version>
<Level>4</Level>
<Task>0</Task>
<Opcode>0</Opcode>
<Keywords>0x4000000000000000</Keywords>
<TimeCreated SystemTime="2020-10-23 09:20:40.134186"></TimeCreated>
<EventRecordID>122</EventRecordID>
<Correlation ActivityID="" RelatedActivityID=""></Correlation>
<Execution ProcessID="4" ThreadID="8"></Execution>
<Channel>Microsoft-Windows-Kernel-PnP/Configuration</Channel>
<Computer>WIN-PTFPHFCRDJ0</Computer>
<Security UserID="S-1-5-18"></Security>
</System>
<EventData><Data Name="DeviceInstanceId">ACPI\PNP0A05\38</Data>
<Data Name="DriverName">machine.inf</Data>
<Data Name="ClassGuid">{4d36e97d-e325-11ce-bfc1-08002be10318}</Data>
<Data Name="ServiceName"></Data>
<Data Name="LowerFilters"></Data>
<Data Name="UpperFilters"></Data>
<Data Name="Problem">0x00000000</Data>
<Data Name="Status">0x00000000</Data>
</EventData>
</Event>

<Event xmlns="http://schemas.microsoft.com/win/2004/08/events/event"><System><Provider Name="Microsoft-Windows-Kernel-PnP" Guid="{9c205a39-1250-487d-abd7-e831c6290539}"></Provider>
<EventID Qualifiers="">410</EventID>
<Version>0</Version>
<Level>4</Level>
<Task>0</Task>
<Opcode>0</Opcode>
<Keywords>0x4000000000000000</Keywords>
<TimeCreated SystemTime="2020-10-23 09:20:40.136179"></TimeCreated>
<EventRecordID>123</EventRecordID>
<Correlation ActivityID="" RelatedActivityID=""></Correlation>
<Execution ProcessID="4" ThreadID="8"></Execution>
<Channel>Microsoft-Windows-Kernel-PnP/Configuration</Channel>
<Computer>WIN-PTFPHFCRDJ0</Computer>
<Security UserID="S-1-5-18"></Security>
</System>
<EventData><Data Name="DeviceInstanceId">ACPI\PNP0A05\39</Data>
<Data Name="DriverName">machine.inf</Data>
<Data Name="ClassGuid">{4d36e97d-e325-11ce-bfc1-08002be10318}</Data>
<Data Name="ServiceName"></Data>
<Data Name="LowerFilters"></Data>
<Data Name="UpperFilters"></Data>
<Data Name="Problem">0x00000000</Data>
<Data Name="Status">0x00000000</Data>
</EventData>
</Event>

<Event xmlns="http://schemas.microsoft.com/win/2004/08/events/event"><System><Provider Name="Microsoft-Windows-Kernel-PnP" Guid="{9c205a39-1250-487d-abd7-e831c6290539}"></Provider>
<EventID Qualifiers="">410</EventID>
<Version>0</Version>
<Level>4</Level>
<Task>0</Task>
<Opcode>0</Opcode>
<Keywords>0x4000000000000000</Keywords>
<TimeCreated SystemTime="2020-10-23 09:20:40.137951"></TimeCreated>
<EventRecordID>124</EventRecordID>
<Correlation ActivityID="" RelatedActivityID=""></Correlation>
<Execution ProcessID="4" ThreadID="8"></Execution>
<Channel>Microsoft-Windows-Kernel-PnP/Configuration</Channel>
<Computer>WIN-PTFPHFCRDJ0</Computer>
<Security UserID="S-1-5-18"></Security>
</System>
<EventData><Data Name="DeviceInstanceId">ACPI\PNP0A05\3a</Data>
<Data Name="DriverName">machine.inf</Data>
<Data Name="ClassGuid">{4d36e97d-e325-11ce-bfc1-08002be10318}</Data>
<Data Name="ServiceName"></Data>
<Data Name="LowerFilters"></Data>
<Data Name="UpperFilters"></Data>
<Data Name="Problem">0x00000000</Data>
<Data Name="Status">0x00000000</Data>
</EventData>
</Event>

<Event xmlns="http://schemas.microsoft.com/win/2004/08/events/event"><System><Provider Name="Microsoft-Windows-Kernel-PnP" Guid="{9c205a39-1250-487d-abd7-e831c6290539}"></Provider>
<EventID Qualifiers="">410</EventID>
<Version>0</Version>
<Level>4</Level>
<Task>0</Task>
<Opcode>0</Opcode>
<Keywords>0x4000000000000000</Keywords>
<TimeCreated SystemTime="2020-10-23 09:20:40.139717"></TimeCreated>
<EventRecordID>125</EventRecordID>
<Correlation ActivityID="" RelatedActivityID=""></Correlation>
<Execution ProcessID="4" ThreadID="8"></Execution>
<Channel>Microsoft-Windows-Kernel-PnP/Configuration</Channel>
<Computer>WIN-PTFPHFCRDJ0</Computer>
<Security UserID="S-1-5-18"></Security>
</System>
<EventData><Data Name="DeviceInstanceId">ACPI\PNP0A05\3b</Data>
<Data Name="DriverName">machine.inf</Data>
<Data Name="ClassGuid">{4d36e97d-e325-11ce-bfc1-08002be10318}</Data>
<Data Name="ServiceName"></Data>
<Data Name="LowerFilters"></Data>
<Data Name="UpperFilters"></Data>
<Data Name="Problem">0x00000000</Data>
<Data Name="Status">0x00000000</Data>
</EventData>
</Event>

<Event xmlns="http://schemas.microsoft.com/win/2004/08/events/event"><System><Provider Name="Microsoft-Windows-Kernel-PnP" Guid="{9c205a39-1250-487d-abd7-e831c6290539}"></Provider>
<EventID Qualifiers="">410</EventID>
<Version>0</Version>
<Level>4</Level>
<Task>0</Task>
<Opcode>0</Opcode>
<Keywords>0x4000000000000000</Keywords>
<TimeCreated SystemTime="2020-10-23 09:20:40.141470"></TimeCreated>
<EventRecordID>126</EventRecordID>
<Correlation ActivityID="" RelatedActivityID=""></Correlation>
<Execution ProcessID="4" ThreadID="8"></Execution>
<Channel>Microsoft-Windows-Kernel-PnP/Configuration</Channel>
<Computer>WIN-PTFPHFCRDJ0</Computer>
<Security UserID="S-1-5-18"></Security>
</System>
<EventData><Data Name="DeviceInstanceId">ACPI\PNP0A05\3c</Data>
<Data Name="DriverName">machine.inf</Data>
<Data Name="ClassGuid">{4d36e97d-e325-11ce-bfc1-08002be10318}</Data>
<Data Name="ServiceName"></Data>
<Data Name="LowerFilters"></Data>
<Data Name="UpperFilters"></Data>
<Data Name="Problem">0x00000000</Data>
<Data Name="Status">0x00000000</Data>
</EventData>
</Event>

<Event xmlns="http://schemas.microsoft.com/win/2004/08/events/event"><System><Provider Name="Microsoft-Windows-Kernel-PnP" Guid="{9c205a39-1250-487d-abd7-e831c6290539}"></Provider>
<EventID Qualifiers="">410</EventID>
<Version>0</Version>
<Level>4</Level>
<Task>0</Task>
<Opcode>0</Opcode>
<Keywords>0x4000000000000000</Keywords>
<TimeCreated SystemTime="2020-10-23 09:20:40.143295"></TimeCreated>
<EventRecordID>127</EventRecordID>
<Correlation ActivityID="" RelatedActivityID=""></Correlation>
<Execution ProcessID="4" ThreadID="8"></Execution>
<Channel>Microsoft-Windows-Kernel-PnP/Configuration</Channel>
<Computer>WIN-PTFPHFCRDJ0</Computer>
<Security UserID="S-1-5-18"></Security>
</System>
<EventData><Data Name="DeviceInstanceId">ACPI\PNP0A05\3d</Data>
<Data Name="DriverName">machine.inf</Data>
<Data Name="ClassGuid">{4d36e97d-e325-11ce-bfc1-08002be10318}</Data>
<Data Name="ServiceName"></Data>
<Data Name="LowerFilters"></Data>
<Data Name="UpperFilters"></Data>
<Data Name="Problem">0x00000000</Data>
<Data Name="Status">0x00000000</Data>
</EventData>
</Event>

<Event xmlns="http://schemas.microsoft.com/win/2004/08/events/event"><System><Provider Name="Microsoft-Windows-Kernel-PnP" Guid="{9c205a39-1250-487d-abd7-e831c6290539}"></Provider>
<EventID Qualifiers="">410</EventID>
<Version>0</Version>
<Level>4</Level>
<Task>0</Task>
<Opcode>0</Opcode>
<Keywords>0x4000000000000000</Keywords>
<TimeCreated SystemTime="2020-10-23 09:20:40.145109"></TimeCreated>
<EventRecordID>128</EventRecordID>
<Correlation ActivityID="" RelatedActivityID=""></Correlation>
<Execution ProcessID="4" ThreadID="8"></Execution>
<Channel>Microsoft-Windows-Kernel-PnP/Configuration</Channel>
<Computer>WIN-PTFPHFCRDJ0</Computer>
<Security UserID="S-1-5-18"></Security>
</System>
<EventData><Data Name="DeviceInstanceId">ACPI\PNP0A05\3e</Data>
<Data Name="DriverName">machine.inf</Data>
<Data Name="ClassGuid">{4d36e97d-e325-11ce-bfc1-08002be10318}</Data>
<Data Name="ServiceName"></Data>
<Data Name="LowerFilters"></Data>
<Data Name="UpperFilters"></Data>
<Data Name="Problem">0x00000000</Data>
<Data Name="Status">0x00000000</Data>
</EventData>
</Event>

<Event xmlns="http://schemas.microsoft.com/win/2004/08/events/event"><System><Provider Name="Microsoft-Windows-Kernel-PnP" Guid="{9c205a39-1250-487d-abd7-e831c6290539}"></Provider>
<EventID Qualifiers="">410</EventID>
<Version>0</Version>
<Level>4</Level>
<Task>0</Task>
<Opcode>0</Opcode>
<Keywords>0x4000000000000000</Keywords>
<TimeCreated SystemTime="2020-10-23 09:20:40.146959"></TimeCreated>
<EventRecordID>129</EventRecordID>
<Correlation ActivityID="" RelatedActivityID=""></Correlation>
<Execution ProcessID="4" ThreadID="8"></Execution>
<Channel>Microsoft-Windows-Kernel-PnP/Configuration</Channel>
<Computer>WIN-PTFPHFCRDJ0</Computer>
<Security UserID="S-1-5-18"></Security>
</System>
<EventData><Data Name="DeviceInstanceId">ACPI\PNP0A05\3f</Data>
<Data Name="DriverName">machine.inf</Data>
<Data Name="ClassGuid">{4d36e97d-e325-11ce-bfc1-08002be10318}</Data>
<Data Name="ServiceName"></Data>
<Data Name="LowerFilters"></Data>
<Data Name="UpperFilters"></Data>
<Data Name="Problem">0x00000000</Data>
<Data Name="Status">0x00000000</Data>
</EventData>
</Event>

<Event xmlns="http://schemas.microsoft.com/win/2004/08/events/event"><System><Provider Name="Microsoft-Windows-Kernel-PnP" Guid="{9c205a39-1250-487d-abd7-e831c6290539}"></Provider>
<EventID Qualifiers="">410</EventID>
<Version>0</Version>
<Level>4</Level>
<Task>0</Task>
<Opcode>0</Opcode>
<Keywords>0x4000000000000000</Keywords>
<TimeCreated SystemTime="2020-10-23 09:20:40.148722"></TimeCreated>
<EventRecordID>130</EventRecordID>
<Correlation ActivityID="" RelatedActivityID=""></Correlation>
<Execution ProcessID="4" ThreadID="8"></Execution>
<Channel>Microsoft-Windows-Kernel-PnP/Configuration</Channel>
<Computer>WIN-PTFPHFCRDJ0</Computer>
<Security UserID="S-1-5-18"></Security>
</System>
<EventData><Data Name="DeviceInstanceId">ACPI\PNP0A05\40</Data>
<Data Name="DriverName">machine.inf</Data>
<Data Name="ClassGuid">{4d36e97d-e325-11ce-bfc1-08002be10318}</Data>
<Data Name="ServiceName"></Data>
<Data Name="LowerFilters"></Data>
<Data Name="UpperFilters"></Data>
<Data Name="Problem">0x00000000</Data>
<Data Name="Status">0x00000000</Data>
</EventData>
</Event>

<Event xmlns="http://schemas.microsoft.com/win/2004/08/events/event"><System><Provider Name="Microsoft-Windows-Kernel-PnP" Guid="{9c205a39-1250-487d-abd7-e831c6290539}"></Provider>
<EventID Qualifiers="">410</EventID>
<Version>0</Version>
<Level>4</Level>
<Task>0</Task>
<Opcode>0</Opcode>
<Keywords>0x4000000000000000</Keywords>
<TimeCreated SystemTime="2020-10-23 09:20:40.150480"></TimeCreated>
<EventRecordID>131</EventRecordID>
<Correlation ActivityID="" RelatedActivityID=""></Correlation>
<Execution ProcessID="4" ThreadID="8"></Execution>
<Channel>Microsoft-Windows-Kernel-PnP/Configuration</Channel>
<Computer>WIN-PTFPHFCRDJ0</Computer>
<Security UserID="S-1-5-18"></Security>
</System>
<EventData><Data Name="DeviceInstanceId">ACPI\PNP0A05\41</Data>
<Data Name="DriverName">machine.inf</Data>
<Data Name="ClassGuid">{4d36e97d-e325-11ce-bfc1-08002be10318}</Data>
<Data Name="ServiceName"></Data>
<Data Name="LowerFilters"></Data>
<Data Name="UpperFilters"></Data>
<Data Name="Problem">0x00000000</Data>
<Data Name="Status">0x00000000</Data>
</EventData>
</Event>

<Event xmlns="http://schemas.microsoft.com/win/2004/08/events/event"><System><Provider Name="Microsoft-Windows-Kernel-PnP" Guid="{9c205a39-1250-487d-abd7-e831c6290539}"></Provider>
<EventID Qualifiers="">410</EventID>
<Version>0</Version>
<Level>4</Level>
<Task>0</Task>
<Opcode>0</Opcode>
<Keywords>0x4000000000000000</Keywords>
<TimeCreated SystemTime="2020-10-23 09:20:40.152266"></TimeCreated>
<EventRecordID>132</EventRecordID>
<Correlation ActivityID="" RelatedActivityID=""></Correlation>
<Execution ProcessID="4" ThreadID="8"></Execution>
<Channel>Microsoft-Windows-Kernel-PnP/Configuration</Channel>
<Computer>WIN-PTFPHFCRDJ0</Computer>
<Security UserID="S-1-5-18"></Security>
</System>
<EventData><Data Name="DeviceInstanceId">ACPI\PNP0A05\42</Data>
<Data Name="DriverName">machine.inf</Data>
<Data Name="ClassGuid">{4d36e97d-e325-11ce-bfc1-08002be10318}</Data>
<Data Name="ServiceName"></Data>
<Data Name="LowerFilters"></Data>
<Data Name="UpperFilters"></Data>
<Data Name="Problem">0x00000000</Data>
<Data Name="Status">0x00000000</Data>
</EventData>
</Event>

<Event xmlns="http://schemas.microsoft.com/win/2004/08/events/event"><System><Provider Name="Microsoft-Windows-Kernel-PnP" Guid="{9c205a39-1250-487d-abd7-e831c6290539}"></Provider>
<EventID Qualifiers="">410</EventID>
<Version>0</Version>
<Level>4</Level>
<Task>0</Task>
<Opcode>0</Opcode>
<Keywords>0x4000000000000000</Keywords>
<TimeCreated SystemTime="2020-10-23 09:20:40.154100"></TimeCreated>
<EventRecordID>133</EventRecordID>
<Correlation ActivityID="" RelatedActivityID=""></Correlation>
<Execution ProcessID="4" ThreadID="8"></Execution>
<Channel>Microsoft-Windows-Kernel-PnP/Configuration</Channel>
<Computer>WIN-PTFPHFCRDJ0</Computer>
<Security UserID="S-1-5-18"></Security>
</System>
<EventData><Data Name="DeviceInstanceId">ACPI\PNP0A05\43</Data>
<Data Name="DriverName">machine.inf</Data>
<Data Name="ClassGuid">{4d36e97d-e325-11ce-bfc1-08002be10318}</Data>
<Data Name="ServiceName"></Data>
<Data Name="LowerFilters"></Data>
<Data Name="UpperFilters"></Data>
<Data Name="Problem">0x00000000</Data>
<Data Name="Status">0x00000000</Data>
</EventData>
</Event>

<Event xmlns="http://schemas.microsoft.com/win/2004/08/events/event"><System><Provider Name="Microsoft-Windows-Kernel-PnP" Guid="{9c205a39-1250-487d-abd7-e831c6290539}"></Provider>
<EventID Qualifiers="">410</EventID>
<Version>0</Version>
<Level>4</Level>
<Task>0</Task>
<Opcode>0</Opcode>
<Keywords>0x4000000000000000</Keywords>
<TimeCreated SystemTime="2020-10-23 09:20:40.155937"></TimeCreated>
<EventRecordID>134</EventRecordID>
<Correlation ActivityID="" RelatedActivityID=""></Correlation>
<Execution ProcessID="4" ThreadID="8"></Execution>
<Channel>Microsoft-Windows-Kernel-PnP/Configuration</Channel>
<Computer>WIN-PTFPHFCRDJ0</Computer>
<Security UserID="S-1-5-18"></Security>
</System>
<EventData><Data Name="DeviceInstanceId">ACPI\PNP0A05\44</Data>
<Data Name="DriverName">machine.inf</Data>
<Data Name="ClassGuid">{4d36e97d-e325-11ce-bfc1-08002be10318}</Data>
<Data Name="ServiceName"></Data>
<Data Name="LowerFilters"></Data>
<Data Name="UpperFilters"></Data>
<Data Name="Problem">0x00000000</Data>
<Data Name="Status">0x00000000</Data>
</EventData>
</Event>

<Event xmlns="http://schemas.microsoft.com/win/2004/08/events/event"><System><Provider Name="Microsoft-Windows-Kernel-PnP" Guid="{9c205a39-1250-487d-abd7-e831c6290539}"></Provider>
<EventID Qualifiers="">410</EventID>
<Version>0</Version>
<Level>4</Level>
<Task>0</Task>
<Opcode>0</Opcode>
<Keywords>0x4000000000000000</Keywords>
<TimeCreated SystemTime="2020-10-23 09:20:40.157749"></TimeCreated>
<EventRecordID>135</EventRecordID>
<Correlation ActivityID="" RelatedActivityID=""></Correlation>
<Execution ProcessID="4" ThreadID="8"></Execution>
<Channel>Microsoft-Windows-Kernel-PnP/Configuration</Channel>
<Computer>WIN-PTFPHFCRDJ0</Computer>
<Security UserID="S-1-5-18"></Security>
</System>
<EventData><Data Name="DeviceInstanceId">ACPI\PNP0A05\45</Data>
<Data Name="DriverName">machine.inf</Data>
<Data Name="ClassGuid">{4d36e97d-e325-11ce-bfc1-08002be10318}</Data>
<Data Name="ServiceName"></Data>
<Data Name="LowerFilters"></Data>
<Data Name="UpperFilters"></Data>
<Data Name="Problem">0x00000000</Data>
<Data Name="Status">0x00000000</Data>
</EventData>
</Event>

<Event xmlns="http://schemas.microsoft.com/win/2004/08/events/event"><System><Provider Name="Microsoft-Windows-Kernel-PnP" Guid="{9c205a39-1250-487d-abd7-e831c6290539}"></Provider>
<EventID Qualifiers="">410</EventID>
<Version>0</Version>
<Level>4</Level>
<Task>0</Task>
<Opcode>0</Opcode>
<Keywords>0x4000000000000000</Keywords>
<TimeCreated SystemTime="2020-10-23 09:20:40.159534"></TimeCreated>
<EventRecordID>136</EventRecordID>
<Correlation ActivityID="" RelatedActivityID=""></Correlation>
<Execution ProcessID="4" ThreadID="8"></Execution>
<Channel>Microsoft-Windows-Kernel-PnP/Configuration</Channel>
<Computer>WIN-PTFPHFCRDJ0</Computer>
<Security UserID="S-1-5-18"></Security>
</System>
<EventData><Data Name="DeviceInstanceId">ACPI\PNP0A05\46</Data>
<Data Name="DriverName">machine.inf</Data>
<Data Name="ClassGuid">{4d36e97d-e325-11ce-bfc1-08002be10318}</Data>
<Data Name="ServiceName"></Data>
<Data Name="LowerFilters"></Data>
<Data Name="UpperFilters"></Data>
<Data Name="Problem">0x00000000</Data>
<Data Name="Status">0x00000000</Data>
</EventData>
</Event>

<Event xmlns="http://schemas.microsoft.com/win/2004/08/events/event"><System><Provider Name="Microsoft-Windows-Kernel-PnP" Guid="{9c205a39-1250-487d-abd7-e831c6290539}"></Provider>
<EventID Qualifiers="">410</EventID>
<Version>0</Version>
<Level>4</Level>
<Task>0</Task>
<Opcode>0</Opcode>
<Keywords>0x4000000000000000</Keywords>
<TimeCreated SystemTime="2020-10-23 09:20:40.161491"></TimeCreated>
<EventRecordID>137</EventRecordID>
<Correlation ActivityID="" RelatedActivityID=""></Correlation>
<Execution ProcessID="4" ThreadID="8"></Execution>
<Channel>Microsoft-Windows-Kernel-PnP/Configuration</Channel>
<Computer>WIN-PTFPHFCRDJ0</Computer>
<Security UserID="S-1-5-18"></Security>
</System>
<EventData><Data Name="DeviceInstanceId">ACPI\PNP0A05\47</Data>
<Data Name="DriverName">machine.inf</Data>
<Data Name="ClassGuid">{4d36e97d-e325-11ce-bfc1-08002be10318}</Data>
<Data Name="ServiceName"></Data>
<Data Name="LowerFilters"></Data>
<Data Name="UpperFilters"></Data>
<Data Name="Problem">0x00000000</Data>
<Data Name="Status">0x00000000</Data>
</EventData>
</Event>

<Event xmlns="http://schemas.microsoft.com/win/2004/08/events/event"><System><Provider Name="Microsoft-Windows-Kernel-PnP" Guid="{9c205a39-1250-487d-abd7-e831c6290539}"></Provider>
<EventID Qualifiers="">410</EventID>
<Version>0</Version>
<Level>4</Level>
<Task>0</Task>
<Opcode>0</Opcode>
<Keywords>0x4000000000000000</Keywords>
<TimeCreated SystemTime="2020-10-23 09:20:40.163336"></TimeCreated>
<EventRecordID>138</EventRecordID>
<Correlation ActivityID="" RelatedActivityID=""></Correlation>
<Execution ProcessID="4" ThreadID="8"></Execution>
<Channel>Microsoft-Windows-Kernel-PnP/Configuration</Channel>
<Computer>WIN-PTFPHFCRDJ0</Computer>
<Security UserID="S-1-5-18"></Security>
</System>
<EventData><Data Name="DeviceInstanceId">ACPI\PNP0A05\48</Data>
<Data Name="DriverName">machine.inf</Data>
<Data Name="ClassGuid">{4d36e97d-e325-11ce-bfc1-08002be10318}</Data>
<Data Name="ServiceName"></Data>
<Data Name="LowerFilters"></Data>
<Data Name="UpperFilters"></Data>
<Data Name="Problem">0x00000000</Data>
<Data Name="Status">0x00000000</Data>
</EventData>
</Event>

<Event xmlns="http://schemas.microsoft.com/win/2004/08/events/event"><System><Provider Name="Microsoft-Windows-Kernel-PnP" Guid="{9c205a39-1250-487d-abd7-e831c6290539}"></Provider>
<EventID Qualifiers="">410</EventID>
<Version>0</Version>
<Level>4</Level>
<Task>0</Task>
<Opcode>0</Opcode>
<Keywords>0x4000000000000000</Keywords>
<TimeCreated SystemTime="2020-10-23 09:20:40.165136"></TimeCreated>
<EventRecordID>139</EventRecordID>
<Correlation ActivityID="" RelatedActivityID=""></Correlation>
<Execution ProcessID="4" ThreadID="8"></Execution>
<Channel>Microsoft-Windows-Kernel-PnP/Configuration</Channel>
<Computer>WIN-PTFPHFCRDJ0</Computer>
<Security UserID="S-1-5-18"></Security>
</System>
<EventData><Data Name="DeviceInstanceId">ACPI\PNP0A05\49</Data>
<Data Name="DriverName">machine.inf</Data>
<Data Name="ClassGuid">{4d36e97d-e325-11ce-bfc1-08002be10318}</Data>
<Data Name="ServiceName"></Data>
<Data Name="LowerFilters"></Data>
<Data Name="UpperFilters"></Data>
<Data Name="Problem">0x00000000</Data>
<Data Name="Status">0x00000000</Data>
</EventData>
</Event>

<Event xmlns="http://schemas.microsoft.com/win/2004/08/events/event"><System><Provider Name="Microsoft-Windows-Kernel-PnP" Guid="{9c205a39-1250-487d-abd7-e831c6290539}"></Provider>
<EventID Qualifiers="">410</EventID>
<Version>0</Version>
<Level>4</Level>
<Task>0</Task>
<Opcode>0</Opcode>
<Keywords>0x4000000000000000</Keywords>
<TimeCreated SystemTime="2020-10-23 09:20:40.166973"></TimeCreated>
<EventRecordID>140</EventRecordID>
<Correlation ActivityID="" RelatedActivityID=""></Correlation>
<Execution ProcessID="4" ThreadID="8"></Execution>
<Channel>Microsoft-Windows-Kernel-PnP/Configuration</Channel>
<Computer>WIN-PTFPHFCRDJ0</Computer>
<Security UserID="S-1-5-18"></Security>
</System>
<EventData><Data Name="DeviceInstanceId">ACPI\PNP0A05\4a</Data>
<Data Name="DriverName">machine.inf</Data>
<Data Name="ClassGuid">{4d36e97d-e325-11ce-bfc1-08002be10318}</Data>
<Data Name="ServiceName"></Data>
<Data Name="LowerFilters"></Data>
<Data Name="UpperFilters"></Data>
<Data Name="Problem">0x00000000</Data>
<Data Name="Status">0x00000000</Data>
</EventData>
</Event>

<Event xmlns="http://schemas.microsoft.com/win/2004/08/events/event"><System><Provider Name="Microsoft-Windows-Kernel-PnP" Guid="{9c205a39-1250-487d-abd7-e831c6290539}"></Provider>
<EventID Qualifiers="">410</EventID>
<Version>0</Version>
<Level>4</Level>
<Task>0</Task>
<Opcode>0</Opcode>
<Keywords>0x4000000000000000</Keywords>
<TimeCreated SystemTime="2020-10-23 09:20:40.168871"></TimeCreated>
<EventRecordID>141</EventRecordID>
<Correlation ActivityID="" RelatedActivityID=""></Correlation>
<Execution ProcessID="4" ThreadID="8"></Execution>
<Channel>Microsoft-Windows-Kernel-PnP/Configuration</Channel>
<Computer>WIN-PTFPHFCRDJ0</Computer>
<Security UserID="S-1-5-18"></Security>
</System>
<EventData><Data Name="DeviceInstanceId">ACPI\PNP0A05\4b</Data>
<Data Name="DriverName">machine.inf</Data>
<Data Name="ClassGuid">{4d36e97d-e325-11ce-bfc1-08002be10318}</Data>
<Data Name="ServiceName"></Data>
<Data Name="LowerFilters"></Data>
<Data Name="UpperFilters"></Data>
<Data Name="Problem">0x00000000</Data>
<Data Name="Status">0x00000000</Data>
</EventData>
</Event>

<Event xmlns="http://schemas.microsoft.com/win/2004/08/events/event"><System><Provider Name="Microsoft-Windows-Kernel-PnP" Guid="{9c205a39-1250-487d-abd7-e831c6290539}"></Provider>
<EventID Qualifiers="">410</EventID>
<Version>0</Version>
<Level>4</Level>
<Task>0</Task>
<Opcode>0</Opcode>
<Keywords>0x4000000000000000</Keywords>
<TimeCreated SystemTime="2020-10-23 09:20:40.170746"></TimeCreated>
<EventRecordID>142</EventRecordID>
<Correlation ActivityID="" RelatedActivityID=""></Correlation>
<Execution ProcessID="4" ThreadID="8"></Execution>
<Channel>Microsoft-Windows-Kernel-PnP/Configuration</Channel>
<Computer>WIN-PTFPHFCRDJ0</Computer>
<Security UserID="S-1-5-18"></Security>
</System>
<EventData><Data Name="DeviceInstanceId">ACPI\PNP0A05\4c</Data>
<Data Name="DriverName">machine.inf</Data>
<Data Name="ClassGuid">{4d36e97d-e325-11ce-bfc1-08002be10318}</Data>
<Data Name="ServiceName"></Data>
<Data Name="LowerFilters"></Data>
<Data Name="UpperFilters"></Data>
<Data Name="Problem">0x00000000</Data>
<Data Name="Status">0x00000000</Data>
</EventData>
</Event>

<Event xmlns="http://schemas.microsoft.com/win/2004/08/events/event"><System><Provider Name="Microsoft-Windows-Kernel-PnP" Guid="{9c205a39-1250-487d-abd7-e831c6290539}"></Provider>
<EventID Qualifiers="">410</EventID>
<Version>0</Version>
<Level>4</Level>
<Task>0</Task>
<Opcode>0</Opcode>
<Keywords>0x4000000000000000</Keywords>
<TimeCreated SystemTime="2020-10-23 09:20:40.172531"></TimeCreated>
<EventRecordID>143</EventRecordID>
<Correlation ActivityID="" RelatedActivityID=""></Correlation>
<Execution ProcessID="4" ThreadID="8"></Execution>
<Channel>Microsoft-Windows-Kernel-PnP/Configuration</Channel>
<Computer>WIN-PTFPHFCRDJ0</Computer>
<Security UserID="S-1-5-18"></Security>
</System>
<EventData><Data Name="DeviceInstanceId">ACPI\PNP0A05\4d</Data>
<Data Name="DriverName">machine.inf</Data>
<Data Name="ClassGuid">{4d36e97d-e325-11ce-bfc1-08002be10318}</Data>
<Data Name="ServiceName"></Data>
<Data Name="LowerFilters"></Data>
<Data Name="UpperFilters"></Data>
<Data Name="Problem">0x00000000</Data>
<Data Name="Status">0x00000000</Data>
</EventData>
</Event>

<Event xmlns="http://schemas.microsoft.com/win/2004/08/events/event"><System><Provider Name="Microsoft-Windows-Kernel-PnP" Guid="{9c205a39-1250-487d-abd7-e831c6290539}"></Provider>
<EventID Qualifiers="">410</EventID>
<Version>0</Version>
<Level>4</Level>
<Task>0</Task>
<Opcode>0</Opcode>
<Keywords>0x4000000000000000</Keywords>
<TimeCreated SystemTime="2020-10-23 09:20:40.174381"></TimeCreated>
<EventRecordID>144</EventRecordID>
<Correlation ActivityID="" RelatedActivityID=""></Correlation>
<Execution ProcessID="4" ThreadID="8"></Execution>
<Channel>Microsoft-Windows-Kernel-PnP/Configuration</Channel>
<Computer>WIN-PTFPHFCRDJ0</Computer>
<Security UserID="S-1-5-18"></Security>
</System>
<EventData><Data Name="DeviceInstanceId">ACPI\PNP0A05\4e</Data>
<Data Name="DriverName">machine.inf</Data>
<Data Name="ClassGuid">{4d36e97d-e325-11ce-bfc1-08002be10318}</Data>
<Data Name="ServiceName"></Data>
<Data Name="LowerFilters"></Data>
<Data Name="UpperFilters"></Data>
<Data Name="Problem">0x00000000</Data>
<Data Name="Status">0x00000000</Data>
</EventData>
</Event>

<Event xmlns="http://schemas.microsoft.com/win/2004/08/events/event"><System><Provider Name="Microsoft-Windows-Kernel-PnP" Guid="{9c205a39-1250-487d-abd7-e831c6290539}"></Provider>
<EventID Qualifiers="">410</EventID>
<Version>0</Version>
<Level>4</Level>
<Task>0</Task>
<Opcode>0</Opcode>
<Keywords>0x4000000000000000</Keywords>
<TimeCreated SystemTime="2020-10-23 09:20:40.176178"></TimeCreated>
<EventRecordID>145</EventRecordID>
<Correlation ActivityID="" RelatedActivityID=""></Correlation>
<Execution ProcessID="4" ThreadID="8"></Execution>
<Channel>Microsoft-Windows-Kernel-PnP/Configuration</Channel>
<Computer>WIN-PTFPHFCRDJ0</Computer>
<Security UserID="S-1-5-18"></Security>
</System>
<EventData><Data Name="DeviceInstanceId">ACPI\PNP0A05\4f</Data>
<Data Name="DriverName">machine.inf</Data>
<Data Name="ClassGuid">{4d36e97d-e325-11ce-bfc1-08002be10318}</Data>
<Data Name="ServiceName"></Data>
<Data Name="LowerFilters"></Data>
<Data Name="UpperFilters"></Data>
<Data Name="Problem">0x00000000</Data>
<Data Name="Status">0x00000000</Data>
</EventData>
</Event>

<Event xmlns="http://schemas.microsoft.com/win/2004/08/events/event"><System><Provider Name="Microsoft-Windows-Kernel-PnP" Guid="{9c205a39-1250-487d-abd7-e831c6290539}"></Provider>
<EventID Qualifiers="">410</EventID>
<Version>0</Version>
<Level>4</Level>
<Task>0</Task>
<Opcode>0</Opcode>
<Keywords>0x4000000000000000</Keywords>
<TimeCreated SystemTime="2020-10-23 09:20:40.178127"></TimeCreated>
<EventRecordID>146</EventRecordID>
<Correlation ActivityID="" RelatedActivityID=""></Correlation>
<Execution ProcessID="4" ThreadID="8"></Execution>
<Channel>Microsoft-Windows-Kernel-PnP/Configuration</Channel>
<Computer>WIN-PTFPHFCRDJ0</Computer>
<Security UserID="S-1-5-18"></Security>
</System>
<EventData><Data Name="DeviceInstanceId">ACPI\PNP0A05\50</Data>
<Data Name="DriverName">machine.inf</Data>
<Data Name="ClassGuid">{4d36e97d-e325-11ce-bfc1-08002be10318}</Data>
<Data Name="ServiceName"></Data>
<Data Name="LowerFilters"></Data>
<Data Name="UpperFilters"></Data>
<Data Name="Problem">0x00000000</Data>
<Data Name="Status">0x00000000</Data>
</EventData>
</Event>

<Event xmlns="http://schemas.microsoft.com/win/2004/08/events/event"><System><Provider Name="Microsoft-Windows-Kernel-PnP" Guid="{9c205a39-1250-487d-abd7-e831c6290539}"></Provider>
<EventID Qualifiers="">410</EventID>
<Version>0</Version>
<Level>4</Level>
<Task>0</Task>
<Opcode>0</Opcode>
<Keywords>0x4000000000000000</Keywords>
<TimeCreated SystemTime="2020-10-23 09:20:40.179920"></TimeCreated>
<EventRecordID>147</EventRecordID>
<Correlation ActivityID="" RelatedActivityID=""></Correlation>
<Execution ProcessID="4" ThreadID="8"></Execution>
<Channel>Microsoft-Windows-Kernel-PnP/Configuration</Channel>
<Computer>WIN-PTFPHFCRDJ0</Computer>
<Security UserID="S-1-5-18"></Security>
</System>
<EventData><Data Name="DeviceInstanceId">ACPI\PNP0A05\51</Data>
<Data Name="DriverName">machine.inf</Data>
<Data Name="ClassGuid">{4d36e97d-e325-11ce-bfc1-08002be10318}</Data>
<Data Name="ServiceName"></Data>
<Data Name="LowerFilters"></Data>
<Data Name="UpperFilters"></Data>
<Data Name="Problem">0x00000000</Data>
<Data Name="Status">0x00000000</Data>
</EventData>
</Event>

<Event xmlns="http://schemas.microsoft.com/win/2004/08/events/event"><System><Provider Name="Microsoft-Windows-Kernel-PnP" Guid="{9c205a39-1250-487d-abd7-e831c6290539}"></Provider>
<EventID Qualifiers="">410</EventID>
<Version>0</Version>
<Level>4</Level>
<Task>0</Task>
<Opcode>0</Opcode>
<Keywords>0x4000000000000000</Keywords>
<TimeCreated SystemTime="2020-10-23 09:20:40.181704"></TimeCreated>
<EventRecordID>148</EventRecordID>
<Correlation ActivityID="" RelatedActivityID=""></Correlation>
<Execution ProcessID="4" ThreadID="8"></Execution>
<Channel>Microsoft-Windows-Kernel-PnP/Configuration</Channel>
<Computer>WIN-PTFPHFCRDJ0</Computer>
<Security UserID="S-1-5-18"></Security>
</System>
<EventData><Data Name="DeviceInstanceId">ACPI\PNP0A05\52</Data>
<Data Name="DriverName">machine.inf</Data>
<Data Name="ClassGuid">{4d36e97d-e325-11ce-bfc1-08002be10318}</Data>
<Data Name="ServiceName"></Data>
<Data Name="LowerFilters"></Data>
<Data Name="UpperFilters"></Data>
<Data Name="Problem">0x00000000</Data>
<Data Name="Status">0x00000000</Data>
</EventData>
</Event>

<Event xmlns="http://schemas.microsoft.com/win/2004/08/events/event"><System><Provider Name="Microsoft-Windows-Kernel-PnP" Guid="{9c205a39-1250-487d-abd7-e831c6290539}"></Provider>
<EventID Qualifiers="">410</EventID>
<Version>0</Version>
<Level>4</Level>
<Task>0</Task>
<Opcode>0</Opcode>
<Keywords>0x4000000000000000</Keywords>
<TimeCreated SystemTime="2020-10-23 09:20:40.183472"></TimeCreated>
<EventRecordID>149</EventRecordID>
<Correlation ActivityID="" RelatedActivityID=""></Correlation>
<Execution ProcessID="4" ThreadID="8"></Execution>
<Channel>Microsoft-Windows-Kernel-PnP/Configuration</Channel>
<Computer>WIN-PTFPHFCRDJ0</Computer>
<Security UserID="S-1-5-18"></Security>
</System>
<EventData><Data Name="DeviceInstanceId">ACPI\PNP0A05\53</Data>
<Data Name="DriverName">machine.inf</Data>
<Data Name="ClassGuid">{4d36e97d-e325-11ce-bfc1-08002be10318}</Data>
<Data Name="ServiceName"></Data>
<Data Name="LowerFilters"></Data>
<Data Name="UpperFilters"></Data>
<Data Name="Problem">0x00000000</Data>
<Data Name="Status">0x00000000</Data>
</EventData>
</Event>

<Event xmlns="http://schemas.microsoft.com/win/2004/08/events/event"><System><Provider Name="Microsoft-Windows-Kernel-PnP" Guid="{9c205a39-1250-487d-abd7-e831c6290539}"></Provider>
<EventID Qualifiers="">410</EventID>
<Version>0</Version>
<Level>4</Level>
<Task>0</Task>
<Opcode>0</Opcode>
<Keywords>0x4000000000000000</Keywords>
<TimeCreated SystemTime="2020-10-23 09:20:40.185289"></TimeCreated>
<EventRecordID>150</EventRecordID>
<Correlation ActivityID="" RelatedActivityID=""></Correlation>
<Execution ProcessID="4" ThreadID="8"></Execution>
<Channel>Microsoft-Windows-Kernel-PnP/Configuration</Channel>
<Computer>WIN-PTFPHFCRDJ0</Computer>
<Security UserID="S-1-5-18"></Security>
</System>
<EventData><Data Name="DeviceInstanceId">ACPI\PNP0A05\54</Data>
<Data Name="DriverName">machine.inf</Data>
<Data Name="ClassGuid">{4d36e97d-e325-11ce-bfc1-08002be10318}</Data>
<Data Name="ServiceName"></Data>
<Data Name="LowerFilters"></Data>
<Data Name="UpperFilters"></Data>
<Data Name="Problem">0x00000000</Data>
<Data Name="Status">0x00000000</Data>
</EventData>
</Event>

<Event xmlns="http://schemas.microsoft.com/win/2004/08/events/event"><System><Provider Name="Microsoft-Windows-Kernel-PnP" Guid="{9c205a39-1250-487d-abd7-e831c6290539}"></Provider>
<EventID Qualifiers="">410</EventID>
<Version>0</Version>
<Level>4</Level>
<Task>0</Task>
<Opcode>0</Opcode>
<Keywords>0x4000000000000000</Keywords>
<TimeCreated SystemTime="2020-10-23 09:20:40.187080"></TimeCreated>
<EventRecordID>151</EventRecordID>
<Correlation ActivityID="" RelatedActivityID=""></Correlation>
<Execution ProcessID="4" ThreadID="8"></Execution>
<Channel>Microsoft-Windows-Kernel-PnP/Configuration</Channel>
<Computer>WIN-PTFPHFCRDJ0</Computer>
<Security UserID="S-1-5-18"></Security>
</System>
<EventData><Data Name="DeviceInstanceId">ACPI\PNP0A05\55</Data>
<Data Name="DriverName">machine.inf</Data>
<Data Name="ClassGuid">{4d36e97d-e325-11ce-bfc1-08002be10318}</Data>
<Data Name="ServiceName"></Data>
<Data Name="LowerFilters"></Data>
<Data Name="UpperFilters"></Data>
<Data Name="Problem">0x00000000</Data>
<Data Name="Status">0x00000000</Data>
</EventData>
</Event>

<Event xmlns="http://schemas.microsoft.com/win/2004/08/events/event"><System><Provider Name="Microsoft-Windows-Kernel-PnP" Guid="{9c205a39-1250-487d-abd7-e831c6290539}"></Provider>
<EventID Qualifiers="">410</EventID>
<Version>0</Version>
<Level>4</Level>
<Task>0</Task>
<Opcode>0</Opcode>
<Keywords>0x4000000000000000</Keywords>
<TimeCreated SystemTime="2020-10-23 09:20:40.188829"></TimeCreated>
<EventRecordID>152</EventRecordID>
<Correlation ActivityID="" RelatedActivityID=""></Correlation>
<Execution ProcessID="4" ThreadID="8"></Execution>
<Channel>Microsoft-Windows-Kernel-PnP/Configuration</Channel>
<Computer>WIN-PTFPHFCRDJ0</Computer>
<Security UserID="S-1-5-18"></Security>
</System>
<EventData><Data Name="DeviceInstanceId">ACPI\PNP0A05\56</Data>
<Data Name="DriverName">machine.inf</Data>
<Data Name="ClassGuid">{4d36e97d-e325-11ce-bfc1-08002be10318}</Data>
<Data Name="ServiceName"></Data>
<Data Name="LowerFilters"></Data>
<Data Name="UpperFilters"></Data>
<Data Name="Problem">0x00000000</Data>
<Data Name="Status">0x00000000</Data>
</EventData>
</Event>

<Event xmlns="http://schemas.microsoft.com/win/2004/08/events/event"><System><Provider Name="Microsoft-Windows-Kernel-PnP" Guid="{9c205a39-1250-487d-abd7-e831c6290539}"></Provider>
<EventID Qualifiers="">410</EventID>
<Version>0</Version>
<Level>4</Level>
<Task>0</Task>
<Opcode>0</Opcode>
<Keywords>0x4000000000000000</Keywords>
<TimeCreated SystemTime="2020-10-23 09:20:40.190603"></TimeCreated>
<EventRecordID>153</EventRecordID>
<Correlation ActivityID="" RelatedActivityID=""></Correlation>
<Execution ProcessID="4" ThreadID="8"></Execution>
<Channel>Microsoft-Windows-Kernel-PnP/Configuration</Channel>
<Computer>WIN-PTFPHFCRDJ0</Computer>
<Security UserID="S-1-5-18"></Security>
</System>
<EventData><Data Name="DeviceInstanceId">ACPI\PNP0A05\57</Data>
<Data Name="DriverName">machine.inf</Data>
<Data Name="ClassGuid">{4d36e97d-e325-11ce-bfc1-08002be10318}</Data>
<Data Name="ServiceName"></Data>
<Data Name="LowerFilters"></Data>
<Data Name="UpperFilters"></Data>
<Data Name="Problem">0x00000000</Data>
<Data Name="Status">0x00000000</Data>
</EventData>
</Event>

<Event xmlns="http://schemas.microsoft.com/win/2004/08/events/event"><System><Provider Name="Microsoft-Windows-Kernel-PnP" Guid="{9c205a39-1250-487d-abd7-e831c6290539}"></Provider>
<EventID Qualifiers="">400</EventID>
<Version>0</Version>
<Level>4</Level>
<Task>0</Task>
<Opcode>0</Opcode>
<Keywords>0x4000000000000000</Keywords>
<TimeCreated SystemTime="2020-10-23 09:20:40.325457"></TimeCreated>
<EventRecordID>154</EventRecordID>
<Correlation ActivityID="" RelatedActivityID=""></Correlation>
<Execution ProcessID="4" ThreadID="444"></Execution>
<Channel>Microsoft-Windows-Kernel-PnP/Configuration</Channel>
<Computer>WIN-PTFPHFCRDJ0</Computer>
<Security UserID="S-1-5-18"></Security>
</System>
<EventData><Data Name="DeviceInstanceId">ROOT\vdrvroot\0000</Data>
<Data Name="DriverName">vdrvroot.inf</Data>
<Data Name="ClassGuid">{4d36e97d-e325-11ce-bfc1-08002be10318}</Data>
<Data Name="DriverDate">06/21/2006</Data>
<Data Name="DriverVersion">10.0.17763.1</Data>
<Data Name="DriverProvider">Microsoft</Data>
<Data Name="DriverInbox">True</Data>
<Data Name="DriverSection">VDRVROOT</Data>
<Data Name="DriverRank">0x00ff0000</Data>
<Data Name="MatchingDeviceId">ROOT\vdrvroot</Data>
<Data Name="OutrankedDrivers"></Data>
<Data Name="DeviceUpdated">False</Data>
<Data Name="Status">0x00000000</Data>
<Data Name="ParentDeviceInstanceId">HTREE\ROOT\0</Data>
</EventData>
</Event>

<Event xmlns="http://schemas.microsoft.com/win/2004/08/events/event"><System><Provider Name="Microsoft-Windows-Kernel-PnP" Guid="{9c205a39-1250-487d-abd7-e831c6290539}"></Provider>
<EventID Qualifiers="">410</EventID>
<Version>0</Version>
<Level>4</Level>
<Task>0</Task>
<Opcode>0</Opcode>
<Keywords>0x4000000000000000</Keywords>
<TimeCreated SystemTime="2020-10-23 09:20:40.326218"></TimeCreated>
<EventRecordID>155</EventRecordID>
<Correlation ActivityID="" RelatedActivityID=""></Correlation>
<Execution ProcessID="4" ThreadID="444"></Execution>
<Channel>Microsoft-Windows-Kernel-PnP/Configuration</Channel>
<Computer>WIN-PTFPHFCRDJ0</Computer>
<Security UserID="S-1-5-18"></Security>
</System>
<EventData><Data Name="DeviceInstanceId">ROOT\vdrvroot\0000</Data>
<Data Name="DriverName">vdrvroot.inf</Data>
<Data Name="ClassGuid">{4d36e97d-e325-11ce-bfc1-08002be10318}</Data>
<Data Name="ServiceName">vdrvroot</Data>
<Data Name="LowerFilters"></Data>
<Data Name="UpperFilters"></Data>
<Data Name="Problem">0x00000000</Data>
<Data Name="Status">0x00000000</Data>
</EventData>
</Event>

<Event xmlns="http://schemas.microsoft.com/win/2004/08/events/event"><System><Provider Name="Microsoft-Windows-Kernel-PnP" Guid="{9c205a39-1250-487d-abd7-e831c6290539}"></Provider>
<EventID Qualifiers="">410</EventID>
<Version>0</Version>
<Level>4</Level>
<Task>0</Task>
<Opcode>0</Opcode>
<Keywords>0x4000000000000000</Keywords>
<TimeCreated SystemTime="2020-10-23 09:20:40.328066"></TimeCreated>
<EventRecordID>156</EventRecordID>
<Correlation ActivityID="" RelatedActivityID=""></Correlation>
<Execution ProcessID="4" ThreadID="8"></Execution>
<Channel>Microsoft-Windows-Kernel-PnP/Configuration</Channel>
<Computer>WIN-PTFPHFCRDJ0</Computer>
<Security UserID="S-1-5-18"></Security>
</System>
<EventData><Data Name="DeviceInstanceId">ACPI\PNP0A03\2&amp;daba3ff&amp;0</Data>
<Data Name="DriverName">pci.inf</Data>
<Data Name="ClassGuid">{4d36e97d-e325-11ce-bfc1-08002be10318}</Data>
<Data Name="ServiceName">pci</Data>
<Data Name="LowerFilters"></Data>
<Data Name="UpperFilters"></Data>
<Data Name="Problem">0x00000000</Data>
<Data Name="Status">0x00000000</Data>
</EventData>
</Event>

<Event xmlns="http://schemas.microsoft.com/win/2004/08/events/event"><System><Provider Name="Microsoft-Windows-Kernel-PnP" Guid="{9c205a39-1250-487d-abd7-e831c6290539}"></Provider>
<EventID Qualifiers="">400</EventID>
<Version>0</Version>
<Level>4</Level>
<Task>0</Task>
<Opcode>0</Opcode>
<Keywords>0x4000000000000000</Keywords>
<TimeCreated SystemTime="2020-10-23 09:20:40.412733"></TimeCreated>
<EventRecordID>157</EventRecordID>
<Correlation ActivityID="" RelatedActivityID=""></Correlation>
<Execution ProcessID="4" ThreadID="8"></Execution>
<Channel>Microsoft-Windows-Kernel-PnP/Configuration</Channel>
<Computer>WIN-PTFPHFCRDJ0</Computer>
<Security UserID="S-1-5-18"></Security>
</System>
<EventData><Data Name="DeviceInstanceId">PCI\VEN_8086&amp;DEV_7190&amp;SUBSYS_197615AD&amp;REV_01\3&amp;61aaa01&amp;0&amp;00</Data>
<Data Name="DriverName">machine.inf</Data>
<Data Name="ClassGuid">{4d36e97d-e325-11ce-bfc1-08002be10318}</Data>
<Data Name="DriverDate">06/21/2006</Data>
<Data Name="DriverVersion">10.0.17763.1</Data>
<Data Name="DriverProvider">Microsoft</Data>
<Data Name="DriverInbox">True</Data>
<Data Name="DriverSection">NO_DRV</Data>
<Data Name="DriverRank">0x00ff2001</Data>
<Data Name="MatchingDeviceId">PCI\VEN_8086&amp;DEV_7190</Data>
<Data Name="OutrankedDrivers">machine.inf:PCI\CC_0600:00FF2006</Data>
<Data Name="DeviceUpdated">False</Data>
<Data Name="Status">0x00000000</Data>
<Data Name="ParentDeviceInstanceId">ACPI\PNP0A03\2&amp;daba3ff&amp;0</Data>
</EventData>
</Event>

<Event xmlns="http://schemas.microsoft.com/win/2004/08/events/event"><System><Provider Name="Microsoft-Windows-Kernel-PnP" Guid="{9c205a39-1250-487d-abd7-e831c6290539}"></Provider>
<EventID Qualifiers="">400</EventID>
<Version>0</Version>
<Level>4</Level>
<Task>0</Task>
<Opcode>0</Opcode>
<Keywords>0x4000000000000000</Keywords>
<TimeCreated SystemTime="2020-10-23 09:20:40.414148"></TimeCreated>
<EventRecordID>158</EventRecordID>
<Correlation ActivityID="" RelatedActivityID=""></Correlation>
<Execution ProcessID="4" ThreadID="8"></Execution>
<Channel>Microsoft-Windows-Kernel-PnP/Configuration</Channel>
<Computer>WIN-PTFPHFCRDJ0</Computer>
<Security UserID="S-1-5-18"></Security>
</System>
<EventData><Data Name="DeviceInstanceId">PCI\VEN_8086&amp;DEV_7191&amp;SUBSYS_00000000&amp;REV_01\3&amp;61aaa01&amp;0&amp;08</Data>
<Data Name="DriverName">pci.inf</Data>
<Data Name="ClassGuid">{4d36e97d-e325-11ce-bfc1-08002be10318}</Data>
<Data Name="DriverDate">06/21/2006</Data>
<Data Name="DriverVersion">10.0.17763.1</Data>
<Data Name="DriverProvider">Microsoft</Data>
<Data Name="DriverInbox">True</Data>
<Data Name="DriverSection">PCI_BRIDGE</Data>
<Data Name="DriverRank">0x00ff2004</Data>
<Data Name="MatchingDeviceId">PCI\CC_0604</Data>
<Data Name="OutrankedDrivers"></Data>
<Data Name="DeviceUpdated">False</Data>
<Data Name="Status">0x00000000</Data>
<Data Name="ParentDeviceInstanceId">ACPI\PNP0A03\2&amp;daba3ff&amp;0</Data>
</EventData>
</Event>

<Event xmlns="http://schemas.microsoft.com/win/2004/08/events/event"><System><Provider Name="Microsoft-Windows-Kernel-PnP" Guid="{9c205a39-1250-487d-abd7-e831c6290539}"></Provider>
<EventID Qualifiers="">400</EventID>
<Version>0</Version>
<Level>4</Level>
<Task>0</Task>
<Opcode>0</Opcode>
<Keywords>0x4000000000000000</Keywords>
<TimeCreated SystemTime="2020-10-23 09:20:40.415852"></TimeCreated>
<EventRecordID>159</EventRecordID>
<Correlation ActivityID="" RelatedActivityID=""></Correlation>
<Execution ProcessID="4" ThreadID="8"></Execution>
<Channel>Microsoft-Windows-Kernel-PnP/Configuration</Channel>
<Computer>WIN-PTFPHFCRDJ0</Computer>
<Security UserID="S-1-5-18"></Security>
</System>
<EventData><Data Name="DeviceInstanceId">PCI\VEN_8086&amp;DEV_7110&amp;SUBSYS_197615AD&amp;REV_08\3&amp;61aaa01&amp;0&amp;38</Data>
<Data Name="DriverName">machine.inf</Data>
<Data Name="ClassGuid">{4d36e97d-e325-11ce-bfc1-08002be10318}</Data>
<Data Name="DriverDate">06/21/2006</Data>
<Data Name="DriverVersion">10.0.17763.1</Data>
<Data Name="DriverProvider">Microsoft</Data>
<Data Name="DriverInbox">True</Data>
<Data Name="DriverSection">MSISADRV</Data>
<Data Name="DriverRank">0x00ff0003</Data>
<Data Name="MatchingDeviceId">PCI\VEN_8086&amp;DEV_7110&amp;CC_0601</Data>
<Data Name="OutrankedDrivers">machine.inf:PCI\CC_0601:00FF2006</Data>
<Data Name="DeviceUpdated">False</Data>
<Data Name="Status">0x00000000</Data>
<Data Name="ParentDeviceInstanceId">ACPI\PNP0A03\2&amp;daba3ff&amp;0</Data>
</EventData>
</Event>

<Event xmlns="http://schemas.microsoft.com/win/2004/08/events/event"><System><Provider Name="Microsoft-Windows-Kernel-PnP" Guid="{9c205a39-1250-487d-abd7-e831c6290539}"></Provider>
<EventID Qualifiers="">400</EventID>
<Version>0</Version>
<Level>4</Level>
<Task>0</Task>
<Opcode>0</Opcode>
<Keywords>0x4000000000000000</Keywords>
<TimeCreated SystemTime="2020-10-23 09:20:40.417507"></TimeCreated>
<EventRecordID>160</EventRecordID>
<Correlation ActivityID="" RelatedActivityID=""></Correlation>
<Execution ProcessID="4" ThreadID="8"></Execution>
<Channel>Microsoft-Windows-Kernel-PnP/Configuration</Channel>
<Computer>WIN-PTFPHFCRDJ0</Computer>
<Security UserID="S-1-5-18"></Security>
</System>
<EventData><Data Name="DeviceInstanceId">PCI\VEN_8086&amp;DEV_7111&amp;SUBSYS_197615AD&amp;REV_01\3&amp;61aaa01&amp;0&amp;39</Data>
<Data Name="DriverName">mshdc.inf</Data>
<Data Name="ClassGuid">{4d36e96a-e325-11ce-bfc1-08002be10318}</Data>
<Data Name="DriverDate">06/21/2006</Data>
<Data Name="DriverVersion">10.0.17763.1</Data>
<Data Name="DriverProvider">Microsoft</Data>
<Data Name="DriverInbox">True</Data>
<Data Name="DriverSection">intelide_Inst</Data>
<Data Name="DriverRank">0x00ff2001</Data>
<Data Name="MatchingDeviceId">PCI\VEN_8086&amp;DEV_7111</Data>
<Data Name="OutrankedDrivers">mshdc.inf:PCI\CC_0101:00FF2006</Data>
<Data Name="DeviceUpdated">False</Data>
<Data Name="Status">0x00000000</Data>
<Data Name="ParentDeviceInstanceId">ACPI\PNP0A03\2&amp;daba3ff&amp;0</Data>
</EventData>
</Event>

