<Event xmlns="http://schemas.microsoft.com/win/2004/08/events/event"><System><Provider Name="Microsoft-Windows-Security-Auditing" Guid="{54849625-5478-4994-a5ba-3e3b0328c30d}"></Provider>
<EventID Qualifiers="">4798</EventID>
<Version>0</Version>
<Level>0</Level>
<Task>13824</Task>
<Opcode>0</Opcode>
<Keywords>0x8020000000000000</Keywords>
<TimeCreated SystemTime="2020-10-26 12:10:28.896858"></TimeCreated>
<EventRecordID>1352</EventRecordID>
<Correlation ActivityID="{278a84f7-ab8f-0000-ee87-8a278fabd601}" RelatedActivityID=""></Correlation>
<Execution ProcessID="840" ThreadID="2364"></Execution>
<Channel>Security</Channel>
<Computer>WIN-PTFPHFCRDJ0</Computer>
<Security UserID=""></Security>
</System>
<EventData><Data Name="TargetUserName">user</Data>
<Data Name="TargetDomainName">WIN-PTFPHFCRDJ0</Data>
<Data Name="TargetSid">S-1-5-21-1152959844-3645458174-3779170896-1000</Data>
<Data Name="SubjectUserSid">S-1-5-18</Data>
<Data Name="SubjectUserName">WIN-PTFPHFCRDJ0$</Data>
<Data Name="SubjectDomainName">WORKGROUP</Data>
<Data Name="SubjectLogonId">0x00000000000003e7</Data>
<Data Name="CallerProcessId">0x0000000000000248</Data>
<Data Name="CallerProcessName">C:\Windows\System32\LogonUI.exe</Data>
</EventData>
</Event>

<Event xmlns="http://schemas.microsoft.com/win/2004/08/events/event"><System><Provider Name="Microsoft-Windows-Security-Auditing" Guid="{54849625-5478-4994-a5ba-3e3b0328c30d}"></Provider>
<EventID Qualifiers="">4776</EventID>
<Version>0</Version>
<Level>0</Level>
<Task>14336</Task>
<Opcode>0</Opcode>
<Keywords>0x8020000000000000</Keywords>
<TimeCreated SystemTime="2020-10-26 12:10:33.908562"></TimeCreated>
<EventRecordID>1353</EventRecordID>
<Correlation ActivityID="{278a84f7-ab8f-0000-b394-8a278fabd601}" RelatedActivityID=""></Correlation>
<Execution ProcessID="840" ThreadID="3424"></Execution>
<Channel>Security</Channel>
<Computer>WIN-PTFPHFCRDJ0</Computer>
<Security UserID=""></Security>
</System>
<EventData><Data Name="PackageName">MICROSOFT_AUTHENTICATION_PACKAGE_V1_0</Data>
<Data Name="TargetUserName">user</Data>
<Data Name="Workstation">WIN-PTFPHFCRDJ0</Data>
<Data Name="Status">0x00000000</Data>
</EventData>
</Event>

<Event xmlns="http://schemas.microsoft.com/win/2004/08/events/event"><System><Provider Name="Microsoft-Windows-Security-Auditing" Guid="{54849625-5478-4994-a5ba-3e3b0328c30d}"></Provider>
<EventID Qualifiers="">4648</EventID>
<Version>0</Version>
<Level>0</Level>
<Task>12544</Task>
<Opcode>0</Opcode>
<Keywords>0x8020000000000000</Keywords>
<TimeCreated SystemTime="2020-10-26 12:10:33.922047"></TimeCreated>
<EventRecordID>1354</EventRecordID>
<Correlation ActivityID="{278a84f7-ab8f-0000-ee87-8a278fabd601}" RelatedActivityID=""></Correlation>
<Execution ProcessID="840" ThreadID="3424"></Execution>
<Channel>Security</Channel>
<Computer>WIN-PTFPHFCRDJ0</Computer>
<Security UserID=""></Security>
</System>
<EventData><Data Name="SubjectUserSid">S-1-5-18</Data>
<Data Name="SubjectUserName">WIN-PTFPHFCRDJ0$</Data>
<Data Name="SubjectDomainName">WORKGROUP</Data>
<Data Name="SubjectLogonId">0x00000000000003e7</Data>
<Data Name="LogonGuid">{00000000-0000-0000-0000-000000000000}</Data>
<Data Name="TargetUserName">user</Data>
<Data Name="TargetDomainName">WIN-PTFPHFCRDJ0</Data>
<Data Name="TargetLogonGuid">{00000000-0000-0000-0000-000000000000}</Data>
<Data Name="TargetServerName">localhost</Data>
<Data Name="TargetInfo">localhost</Data>
<Data Name="ProcessId">0x0000000000000544</Data>
<Data Name="ProcessName">C:\Windows\System32\svchost.exe</Data>
<Data Name="IpAddress">127.0.0.1</Data>
<Data Name="IpPort">0</Data>
</EventData>
</Event>

<Event xmlns="http://schemas.microsoft.com/win/2004/08/events/event"><System><Provider Name="Microsoft-Windows-Security-Auditing" Guid="{54849625-5478-4994-a5ba-3e3b0328c30d}"></Provider>
<EventID Qualifiers="">4624</EventID>
<Version>2</Version>
<Level>0</Level>
<Task>12544</Task>
<Opcode>0</Opcode>
<Keywords>0x8020000000000000</Keywords>
<TimeCreated SystemTime="2020-10-26 12:10:33.922062"></TimeCreated>
<EventRecordID>1355</EventRecordID>
<Correlation ActivityID="{278a84f7-ab8f-0000-ee87-8a278fabd601}" RelatedActivityID=""></Correlation>
<Execution ProcessID="840" ThreadID="3424"></Execution>
<Channel>Security</Channel>
<Computer>WIN-PTFPHFCRDJ0</Computer>
<Security UserID=""></Security>
</System>
<EventData><Data Name="SubjectUserSid">S-1-5-18</Data>
<Data Name="SubjectUserName">WIN-PTFPHFCRDJ0$</Data>
<Data Name="SubjectDomainName">WORKGROUP</Data>
<Data Name="SubjectLogonId">0x00000000000003e7</Data>
<Data Name="TargetUserSid">S-1-5-21-1152959844-3645458174-3779170896-1000</Data>
<Data Name="TargetUserName">user</Data>
<Data Name="TargetDomainName">WIN-PTFPHFCRDJ0</Data>
<Data Name="TargetLogonId">0x0000000000105009</Data>
<Data Name="LogonType">2</Data>
<Data Name="LogonProcessName">User32 </Data>
<Data Name="AuthenticationPackageName">Negotiate</Data>
<Data Name="WorkstationName">WIN-PTFPHFCRDJ0</Data>
<Data Name="LogonGuid">{00000000-0000-0000-0000-000000000000}</Data>
<Data Name="TransmittedServices">-</Data>
<Data Name="LmPackageName">-</Data>
<Data Name="KeyLength">0</Data>
<Data Name="ProcessId">0x0000000000000544</Data>
<Data Name="ProcessName">C:\Windows\System32\svchost.exe</Data>
<Data Name="IpAddress">127.0.0.1</Data>
<Data Name="IpPort">0</Data>
<Data Name="ImpersonationLevel">%%1833</Data>
<Data Name="RestrictedAdminMode">-</Data>
<Data Name="TargetOutboundUserName">-</Data>
<Data Name="TargetOutboundDomainName">-</Data>
<Data Name="VirtualAccount">%%1843</Data>
<Data Name="TargetLinkedLogonId">0x0000000000105036</Data>
<Data Name="ElevatedToken">%%1842</Data>
</EventData>
</Event>

<Event xmlns="http://schemas.microsoft.com/win/2004/08/events/event"><System><Provider Name="Microsoft-Windows-Security-Auditing" Guid="{54849625-5478-4994-a5ba-3e3b0328c30d}"></Provider>
<EventID Qualifiers="">4624</EventID>
<Version>2</Version>
<Level>0</Level>
<Task>12544</Task>
<Opcode>0</Opcode>
<Keywords>0x8020000000000000</Keywords>
<TimeCreated SystemTime="2020-10-26 12:10:33.922075"></TimeCreated>
<EventRecordID>1356</EventRecordID>
<Correlation ActivityID="{278a84f7-ab8f-0000-ee87-8a278fabd601}" RelatedActivityID=""></Correlation>
<Execution ProcessID="840" ThreadID="3424"></Execution>
<Channel>Security</Channel>
<Computer>WIN-PTFPHFCRDJ0</Computer>
<Security UserID=""></Security>
</System>
<EventData><Data Name="SubjectUserSid">S-1-5-18</Data>
<Data Name="SubjectUserName">WIN-PTFPHFCRDJ0$</Data>
<Data Name="SubjectDomainName">WORKGROUP</Data>
<Data Name="SubjectLogonId">0x00000000000003e7</Data>
<Data Name="TargetUserSid">S-1-5-21-1152959844-3645458174-3779170896-1000</Data>
<Data Name="TargetUserName">user</Data>
<Data Name="TargetDomainName">WIN-PTFPHFCRDJ0</Data>
<Data Name="TargetLogonId">0x0000000000105036</Data>
<Data Name="LogonType">2</Data>
<Data Name="LogonProcessName">User32 </Data>
<Data Name="AuthenticationPackageName">Negotiate</Data>
<Data Name="WorkstationName">WIN-PTFPHFCRDJ0</Data>
<Data Name="LogonGuid">{00000000-0000-0000-0000-000000000000}</Data>
<Data Name="TransmittedServices">-</Data>
<Data Name="LmPackageName">-</Data>
<Data Name="KeyLength">0</Data>
<Data Name="ProcessId">0x0000000000000544</Data>
<Data Name="ProcessName">C:\Windows\System32\svchost.exe</Data>
<Data Name="IpAddress">127.0.0.1</Data>
<Data Name="IpPort">0</Data>
<Data Name="ImpersonationLevel">%%1833</Data>
<Data Name="RestrictedAdminMode">-</Data>
<Data Name="TargetOutboundUserName">-</Data>
<Data Name="TargetOutboundDomainName">-</Data>
<Data Name="VirtualAccount">%%1843</Data>
<Data Name="TargetLinkedLogonId">0x0000000000105009</Data>
<Data Name="ElevatedToken">%%1843</Data>
</EventData>
</Event>

<Event xmlns="http://schemas.microsoft.com/win/2004/08/events/event"><System><Provider Name="Microsoft-Windows-Security-Auditing" Guid="{54849625-5478-4994-a5ba-3e3b0328c30d}"></Provider>
<EventID Qualifiers="">4672</EventID>
<Version>0</Version>
<Level>0</Level>
<Task>12548</Task>
<Opcode>0</Opcode>
<Keywords>0x8020000000000000</Keywords>
<TimeCreated SystemTime="2020-10-26 12:10:33.922079"></TimeCreated>
<EventRecordID>1357</EventRecordID>
<Correlation ActivityID="{278a84f7-ab8f-0000-ee87-8a278fabd601}" RelatedActivityID=""></Correlation>
<Execution ProcessID="840" ThreadID="3424"></Execution>
<Channel>Security</Channel>
<Computer>WIN-PTFPHFCRDJ0</Computer>
<Security UserID=""></Security>
</System>
<EventData><Data Name="SubjectUserSid">S-1-5-21-1152959844-3645458174-3779170896-1000</Data>
<Data Name="SubjectUserName">user</Data>
<Data Name="SubjectDomainName">WIN-PTFPHFCRDJ0</Data>
<Data Name="SubjectLogonId">0x0000000000105009</Data>
<Data Name="PrivilegeList">SeSecurityPrivilege
			SeTakeOwnershipPrivilege
			SeLoadDriverPrivilege
			SeBackupPrivilege
			SeRestorePrivilege
			SeDebugPrivilege
			SeSystemEnvironmentPrivilege
			SeImpersonatePrivilege
			SeDelegateSessionUserImpersonatePrivilege</Data>
</EventData>
</Event>

<Event xmlns="http://schemas.microsoft.com/win/2004/08/events/event"><System><Provider Name="Microsoft-Windows-Security-Auditing" Guid="{54849625-5478-4994-a5ba-3e3b0328c30d}"></Provider>
<EventID Qualifiers="">4799</EventID>
<Version>0</Version>
<Level>0</Level>
<Task>13826</Task>
<Opcode>0</Opcode>
<Keywords>0x8020000000000000</Keywords>
<TimeCreated SystemTime="2020-10-26 12:10:34.699203"></TimeCreated>
<EventRecordID>1358</EventRecordID>
<Correlation ActivityID="{278a84f7-ab8f-0000-ee87-8a278fabd601}" RelatedActivityID=""></Correlation>
<Execution ProcessID="840" ThreadID="1468"></Execution>
<Channel>Security</Channel>
<Computer>WIN-PTFPHFCRDJ0</Computer>
<Security UserID=""></Security>
</System>
<EventData><Data Name="TargetUserName">Administrators</Data>
<Data Name="TargetDomainName">Builtin</Data>
<Data Name="TargetSid">S-1-5-32-544</Data>
<Data Name="SubjectUserSid">S-1-5-18</Data>
<Data Name="SubjectUserName">WIN-PTFPHFCRDJ0$</Data>
<Data Name="SubjectDomainName">WORKGROUP</Data>
<Data Name="SubjectLogonId">0x00000000000003e7</Data>
<Data Name="CallerProcessId">0x0000000000000544</Data>
<Data Name="CallerProcessName">C:\Windows\System32\svchost.exe</Data>
</EventData>
</Event>

<Event xmlns="http://schemas.microsoft.com/win/2004/08/events/event"><System><Provider Name="Microsoft-Windows-Security-Auditing" Guid="{54849625-5478-4994-a5ba-3e3b0328c30d}"></Provider>
<EventID Qualifiers="">4624</EventID>
<Version>2</Version>
<Level>0</Level>
<Task>12544</Task>
<Opcode>0</Opcode>
<Keywords>0x8020000000000000</Keywords>
<TimeCreated SystemTime="2020-10-26 12:10:34.814257"></TimeCreated>
<EventRecordID>1359</EventRecordID>
<Correlation ActivityID="{278a84f7-ab8f-0000-ee87-8a278fabd601}" RelatedActivityID=""></Correlation>
<Execution ProcessID="840" ThreadID="1468"></Execution>
<Channel>Security</Channel>
<Computer>WIN-PTFPHFCRDJ0</Computer>
<Security UserID=""></Security>
</System>
<EventData><Data Name="SubjectUserSid">S-1-5-18</Data>
<Data Name="SubjectUserName">WIN-PTFPHFCRDJ0$</Data>
<Data Name="SubjectDomainName">WORKGROUP</Data>
<Data Name="SubjectLogonId">0x00000000000003e7</Data>
<Data Name="TargetUserSid">S-1-5-18</Data>
<Data Name="TargetUserName">SYSTEM</Data>
<Data Name="TargetDomainName">NT AUTHORITY</Data>
<Data Name="TargetLogonId">0x00000000000003e7</Data>
<Data Name="LogonType">5</Data>
<Data Name="LogonProcessName">Advapi  </Data>
<Data Name="AuthenticationPackageName">Negotiate</Data>
<Data Name="WorkstationName">-</Data>
<Data Name="LogonGuid">{00000000-0000-0000-0000-000000000000}</Data>
<Data Name="TransmittedServices">-</Data>
<Data Name="LmPackageName">-</Data>
<Data Name="KeyLength">0</Data>
<Data Name="ProcessId">0x0000000000000338</Data>
<Data Name="ProcessName">C:\Windows\System32\services.exe</Data>
<Data Name="IpAddress">-</Data>
<Data Name="IpPort">-</Data>
<Data Name="ImpersonationLevel">%%1833</Data>
<Data Name="RestrictedAdminMode">-</Data>
<Data Name="TargetOutboundUserName">-</Data>
<Data Name="TargetOutboundDomainName">-</Data>
<Data Name="VirtualAccount">%%1843</Data>
<Data Name="TargetLinkedLogonId">0x0000000000000000</Data>
<Data Name="ElevatedToken">%%1842</Data>
</EventData>
</Event>

<Event xmlns="http://schemas.microsoft.com/win/2004/08/events/event"><System><Provider Name="Microsoft-Windows-Security-Auditing" Guid="{54849625-5478-4994-a5ba-3e3b0328c30d}"></Provider>
<EventID Qualifiers="">4672</EventID>
<Version>0</Version>
<Level>0</Level>
<Task>12548</Task>
<Opcode>0</Opcode>
<Keywords>0x8020000000000000</Keywords>
<TimeCreated SystemTime="2020-10-26 12:10:34.814262"></TimeCreated>
<EventRecordID>1360</EventRecordID>
<Correlation ActivityID="{278a84f7-ab8f-0000-ee87-8a278fabd601}" RelatedActivityID=""></Correlation>
<Execution ProcessID="840" ThreadID="1468"></Execution>
<Channel>Security</Channel>
<Computer>WIN-PTFPHFCRDJ0</Computer>
<Security UserID=""></Security>
</System>
<EventData><Data Name="SubjectUserSid">S-1-5-18</Data>
<Data Name="SubjectUserName">SYSTEM</Data>
<Data Name="SubjectDomainName">NT AUTHORITY</Data>
<Data Name="SubjectLogonId">0x00000000000003e7</Data>
<Data Name="PrivilegeList">SeAssignPrimaryTokenPrivilege
			SeTcbPrivilege
			SeSecurityPrivilege
			SeTakeOwnershipPrivilege
			SeLoadDriverPrivilege
			SeBackupPrivilege
			SeRestorePrivilege
			SeDebugPrivilege
			SeAuditPrivilege
			SeSystemEnvironmentPrivilege
			SeImpersonatePrivilege
			SeDelegateSessionUserImpersonatePrivilege</Data>
</EventData>
</Event>

<Event xmlns="http://schemas.microsoft.com/win/2004/08/events/event"><System><Provider Name="Microsoft-Windows-Security-Auditing" Guid="{54849625-5478-4994-a5ba-3e3b0328c30d}"></Provider>
<EventID Qualifiers="">4798</EventID>
<Version>0</Version>
<Level>0</Level>
<Task>13824</Task>
<Opcode>0</Opcode>
<Keywords>0x8020000000000000</Keywords>
<TimeCreated SystemTime="2020-10-26 12:10:55.955929"></TimeCreated>
<EventRecordID>1361</EventRecordID>
<Correlation ActivityID="{278a84f7-ab8f-0000-ee87-8a278fabd601}" RelatedActivityID=""></Correlation>
<Execution ProcessID="840" ThreadID="3296"></Execution>
<Channel>Security</Channel>
<Computer>WIN-PTFPHFCRDJ0</Computer>
<Security UserID=""></Security>
</System>
<EventData><Data Name="TargetUserName">user</Data>
<Data Name="TargetDomainName">WIN-PTFPHFCRDJ0</Data>
<Data Name="TargetSid">S-1-5-21-1152959844-3645458174-3779170896-1000</Data>
<Data Name="SubjectUserSid">S-1-5-21-1152959844-3645458174-3779170896-1000</Data>
<Data Name="SubjectUserName">user</Data>
<Data Name="SubjectDomainName">WIN-PTFPHFCRDJ0</Data>
<Data Name="SubjectLogonId">0x0000000000105036</Data>
<Data Name="CallerProcessId">0x0000000000000d4c</Data>
<Data Name="CallerProcessName">C:\Windows\explorer.exe</Data>
</EventData>
</Event>

<Event xmlns="http://schemas.microsoft.com/win/2004/08/events/event"><System><Provider Name="Microsoft-Windows-Security-Auditing" Guid="{54849625-5478-4994-a5ba-3e3b0328c30d}"></Provider>
<EventID Qualifiers="">4798</EventID>
<Version>0</Version>
<Level>0</Level>
<Task>13824</Task>
<Opcode>0</Opcode>
<Keywords>0x8020000000000000</Keywords>
<TimeCreated SystemTime="2020-10-26 12:11:18.468256"></TimeCreated>
<EventRecordID>1362</EventRecordID>
<Correlation ActivityID="{278a84f7-ab8f-0000-ee87-8a278fabd601}" RelatedActivityID=""></Correlation>
<Execution ProcessID="840" ThreadID="3296"></Execution>
<Channel>Security</Channel>
<Computer>WIN-PTFPHFCRDJ0</Computer>
<Security UserID=""></Security>
</System>
<EventData><Data Name="TargetUserName">user</Data>
<Data Name="TargetDomainName">WIN-PTFPHFCRDJ0</Data>
<Data Name="TargetSid">S-1-5-21-1152959844-3645458174-3779170896-1000</Data>
<Data Name="SubjectUserSid">S-1-5-21-1152959844-3645458174-3779170896-1000</Data>
<Data Name="SubjectUserName">user</Data>
<Data Name="SubjectDomainName">WIN-PTFPHFCRDJ0</Data>
<Data Name="SubjectLogonId">0x0000000000105036</Data>
<Data Name="CallerProcessId">0x0000000000000d4c</Data>
<Data Name="CallerProcessName">C:\Windows\explorer.exe</Data>
</EventData>
</Event>

<Event xmlns="http://schemas.microsoft.com/win/2004/08/events/event"><System><Provider Name="Microsoft-Windows-Security-Auditing" Guid="{54849625-5478-4994-a5ba-3e3b0328c30d}"></Provider>
<EventID Qualifiers="">5379</EventID>
<Version>0</Version>
<Level>0</Level>
<Task>13824</Task>
<Opcode>0</Opcode>
<Keywords>0x8020000000000000</Keywords>
<TimeCreated SystemTime="2020-10-26 12:11:25.621952"></TimeCreated>
<EventRecordID>1363</EventRecordID>
<Correlation ActivityID="{278a84f7-ab8f-0000-ee87-8a278fabd601}" RelatedActivityID=""></Correlation>
<Execution ProcessID="840" ThreadID="1468"></Execution>
<Channel>Security</Channel>
<Computer>WIN-PTFPHFCRDJ0</Computer>
<Security UserID=""></Security>
</System>
<EventData><Data Name="SubjectUserSid">S-1-5-18</Data>
<Data Name="SubjectUserName">WIN-PTFPHFCRDJ0$</Data>
<Data Name="SubjectDomainName">WORKGROUP</Data>
<Data Name="SubjectLogonId">0x00000000000003e7</Data>
<Data Name="TargetName">WindowsLive:(token):name=02uvtnvvairqjmps;serviceuri=*</Data>
<Data Name="Type">0</Data>
<Data Name="CountOfCredentialsReturned">0</Data>
<Data Name="ReadOperation">%%8100</Data>
<Data Name="ReturnCode">3221226021</Data>
<Data Name="ProcessCreationTime">2020-10-26 11:57:49.030165</Data>
<Data Name="ClientProcessId">1348</Data>
</EventData>
</Event>

<Event xmlns="http://schemas.microsoft.com/win/2004/08/events/event"><System><Provider Name="Microsoft-Windows-Security-Auditing" Guid="{54849625-5478-4994-a5ba-3e3b0328c30d}"></Provider>
<EventID Qualifiers="">5379</EventID>
<Version>0</Version>
<Level>0</Level>
<Task>13824</Task>
<Opcode>0</Opcode>
<Keywords>0x8020000000000000</Keywords>
<TimeCreated SystemTime="2020-10-26 12:11:25.622099"></TimeCreated>
<EventRecordID>1364</EventRecordID>
<Correlation ActivityID="{278a84f7-ab8f-0000-ee87-8a278fabd601}" RelatedActivityID=""></Correlation>
<Execution ProcessID="840" ThreadID="1468"></Execution>
<Channel>Security</Channel>
<Computer>WIN-PTFPHFCRDJ0</Computer>
<Security UserID=""></Security>
</System>
<EventData><Data Name="SubjectUserSid">S-1-5-18</Data>
<Data Name="SubjectUserName">WIN-PTFPHFCRDJ0$</Data>
<Data Name="SubjectDomainName">WORKGROUP</Data>
<Data Name="SubjectLogonId">0x00000000000003e7</Data>
<Data Name="TargetName">WindowsLive:(cert):name=02uvtnvvairqjmps;serviceuri=*</Data>
<Data Name="Type">0</Data>
<Data Name="CountOfCredentialsReturned">0</Data>
<Data Name="ReadOperation">%%8100</Data>
<Data Name="ReturnCode">3221226021</Data>
<Data Name="ProcessCreationTime">2020-10-26 11:57:49.030165</Data>
<Data Name="ClientProcessId">1348</Data>
</EventData>
</Event>

<Event xmlns="http://schemas.microsoft.com/win/2004/08/events/event"><System><Provider Name="Microsoft-Windows-Security-Auditing" Guid="{54849625-5478-4994-a5ba-3e3b0328c30d}"></Provider>
<EventID Qualifiers="">5379</EventID>
<Version>0</Version>
<Level>0</Level>
<Task>13824</Task>
<Opcode>0</Opcode>
<Keywords>0x8020000000000000</Keywords>
<TimeCreated SystemTime="2020-10-26 12:11:25.622149"></TimeCreated>
<EventRecordID>1365</EventRecordID>
<Correlation ActivityID="{278a84f7-ab8f-0000-ee87-8a278fabd601}" RelatedActivityID=""></Correlation>
<Execution ProcessID="840" ThreadID="1468"></Execution>
<Channel>Security</Channel>
<Computer>WIN-PTFPHFCRDJ0</Computer>
<Security UserID=""></Security>
</System>
<EventData><Data Name="SubjectUserSid">S-1-5-18</Data>
<Data Name="SubjectUserName">WIN-PTFPHFCRDJ0$</Data>
<Data Name="SubjectDomainName">WORKGROUP</Data>
<Data Name="SubjectLogonId">0x00000000000003e7</Data>
<Data Name="TargetName">WindowsLive:target=virtualapp/didlogical</Data>
<Data Name="Type">0</Data>
<Data Name="CountOfCredentialsReturned">1</Data>
<Data Name="ReadOperation">%%8100</Data>
<Data Name="ReturnCode">0</Data>
<Data Name="ProcessCreationTime">2020-10-26 11:57:49.030165</Data>
<Data Name="ClientProcessId">1348</Data>
</EventData>
</Event>

<Event xmlns="http://schemas.microsoft.com/win/2004/08/events/event"><System><Provider Name="Microsoft-Windows-Security-Auditing" Guid="{54849625-5478-4994-a5ba-3e3b0328c30d}"></Provider>
<EventID Qualifiers="">5058</EventID>
<Version>1</Version>
<Level>0</Level>
<Task>12292</Task>
<Opcode>0</Opcode>
<Keywords>0x8020000000000000</Keywords>
<TimeCreated SystemTime="2020-10-26 12:11:27.179750"></TimeCreated>
<EventRecordID>1366</EventRecordID>
<Correlation ActivityID="{278a84f7-ab8f-0000-ee87-8a278fabd601}" RelatedActivityID=""></Correlation>
<Execution ProcessID="840" ThreadID="2364"></Execution>
<Channel>Security</Channel>
<Computer>WIN-PTFPHFCRDJ0</Computer>
<Security UserID=""></Security>
</System>
<EventData><Data Name="SubjectUserSid">S-1-5-18</Data>
<Data Name="SubjectUserName">WIN-PTFPHFCRDJ0$</Data>
<Data Name="SubjectDomainName">WORKGROUP</Data>
<Data Name="SubjectLogonId">0x00000000000003e7</Data>
<Data Name="ClientProcessId">1348</Data>
<Data Name="ClientCreationTime">2020-10-26 11:57:49.030165</Data>
<Data Name="ProviderName">Microsoft Software Key Storage Provider</Data>
<Data Name="AlgorithmName">UNKNOWN</Data>
<Data Name="KeyName">98e5f507-2016-79a6-8fb0-76c4752d9b80</Data>
<Data Name="KeyType">%%2500</Data>
<Data Name="KeyFilePath">C:\ProgramData\Microsoft\Crypto\SystemKeys\ed57c8c2bb1233eb65ef7e40363b7817_222b6393-3d06-43f9-bbd5-048b5d09946d</Data>
<Data Name="Operation">%%2458</Data>
<Data Name="ReturnCode">0x00000000</Data>
</EventData>
</Event>

<Event xmlns="http://schemas.microsoft.com/win/2004/08/events/event"><System><Provider Name="Microsoft-Windows-Security-Auditing" Guid="{54849625-5478-4994-a5ba-3e3b0328c30d}"></Provider>
<EventID Qualifiers="">5061</EventID>
<Version>0</Version>
<Level>0</Level>
<Task>12290</Task>
<Opcode>0</Opcode>
<Keywords>0x8020000000000000</Keywords>
<TimeCreated SystemTime="2020-10-26 12:11:27.180199"></TimeCreated>
<EventRecordID>1367</EventRecordID>
<Correlation ActivityID="{278a84f7-ab8f-0000-ee87-8a278fabd601}" RelatedActivityID=""></Correlation>
<Execution ProcessID="840" ThreadID="2364"></Execution>
<Channel>Security</Channel>
<Computer>WIN-PTFPHFCRDJ0</Computer>
<Security UserID=""></Security>
</System>
<EventData><Data Name="SubjectUserSid">S-1-5-18</Data>
<Data Name="SubjectUserName">WIN-PTFPHFCRDJ0$</Data>
<Data Name="SubjectDomainName">WORKGROUP</Data>
<Data Name="SubjectLogonId">0x00000000000003e7</Data>
<Data Name="ProviderName">Microsoft Software Key Storage Provider</Data>
<Data Name="AlgorithmName">RSA</Data>
<Data Name="KeyName">98e5f507-2016-79a6-8fb0-76c4752d9b80</Data>
<Data Name="KeyType">%%2500</Data>
<Data Name="Operation">%%2480</Data>
<Data Name="ReturnCode">0x00000000</Data>
</EventData>
</Event>

<Event xmlns="http://schemas.microsoft.com/win/2004/08/events/event"><System><Provider Name="Microsoft-Windows-Security-Auditing" Guid="{54849625-5478-4994-a5ba-3e3b0328c30d}"></Provider>
<EventID Qualifiers="">4798</EventID>
<Version>0</Version>
<Level>0</Level>
<Task>13824</Task>
<Opcode>0</Opcode>
<Keywords>0x8020000000000000</Keywords>
<TimeCreated SystemTime="2020-10-26 12:11:27.508825"></TimeCreated>
<EventRecordID>1368</EventRecordID>
<Correlation ActivityID="{278a84f7-ab8f-0000-ee87-8a278fabd601}" RelatedActivityID=""></Correlation>
<Execution ProcessID="840" ThreadID="3296"></Execution>
<Channel>Security</Channel>
<Computer>WIN-PTFPHFCRDJ0</Computer>
<Security UserID=""></Security>
</System>
<EventData><Data Name="TargetUserName">user</Data>
<Data Name="TargetDomainName">WIN-PTFPHFCRDJ0</Data>
<Data Name="TargetSid">S-1-5-21-1152959844-3645458174-3779170896-1000</Data>
<Data Name="SubjectUserSid">S-1-5-21-1152959844-3645458174-3779170896-1000</Data>
<Data Name="SubjectUserName">user</Data>
<Data Name="SubjectDomainName">WIN-PTFPHFCRDJ0</Data>
<Data Name="SubjectLogonId">0x0000000000105036</Data>
<Data Name="CallerProcessId">0x0000000000000d4c</Data>
<Data Name="CallerProcessName">C:\Windows\explorer.exe</Data>
</EventData>
</Event>

<Event xmlns="http://schemas.microsoft.com/win/2004/08/events/event"><System><Provider Name="Microsoft-Windows-Security-Auditing" Guid="{54849625-5478-4994-a5ba-3e3b0328c30d}"></Provider>
<EventID Qualifiers="">5379</EventID>
<Version>0</Version>
<Level>0</Level>
<Task>13824</Task>
<Opcode>0</Opcode>
<Keywords>0x8020000000000000</Keywords>
<TimeCreated SystemTime="2020-10-26 12:11:51.710096"></TimeCreated>
<EventRecordID>1369</EventRecordID>
<Correlation ActivityID="{278a84f7-ab8f-0000-ee87-8a278fabd601}" RelatedActivityID=""></Correlation>
<Execution ProcessID="840" ThreadID="2364"></Execution>
<Channel>Security</Channel>
<Computer>WIN-PTFPHFCRDJ0</Computer>
<Security UserID=""></Security>
</System>
<EventData><Data Name="SubjectUserSid">S-1-5-21-1152959844-3645458174-3779170896-1000</Data>
<Data Name="SubjectUserName">user</Data>
<Data Name="SubjectDomainName">WIN-PTFPHFCRDJ0</Data>
<Data Name="SubjectLogonId">0x0000000000105009</Data>
<Data Name="TargetName">ServerManager*</Data>
<Data Name="Type">0</Data>
<Data Name="CountOfCredentialsReturned">0</Data>
<Data Name="ReadOperation">%%8100</Data>
<Data Name="ReturnCode">3221226021</Data>
<Data Name="ProcessCreationTime">2020-10-26 12:11:04.598322</Data>
<Data Name="ClientProcessId">3984</Data>
</EventData>
</Event>

<Event xmlns="http://schemas.microsoft.com/win/2004/08/events/event"><System><Provider Name="Microsoft-Windows-Security-Auditing" Guid="{54849625-5478-4994-a5ba-3e3b0328c30d}"></Provider>
<EventID Qualifiers="">4798</EventID>
<Version>0</Version>
<Level>0</Level>
<Task>13824</Task>
<Opcode>0</Opcode>
<Keywords>0x8020000000000000</Keywords>
<TimeCreated SystemTime="2020-10-26 12:14:29.860403"></TimeCreated>
<EventRecordID>1370</EventRecordID>
<Correlation ActivityID="{278a84f7-ab8f-0000-ee87-8a278fabd601}" RelatedActivityID=""></Correlation>
<Execution ProcessID="840" ThreadID="3296"></Execution>
<Channel>Security</Channel>
<Computer>WIN-PTFPHFCRDJ0</Computer>
<Security UserID=""></Security>
</System>
<EventData><Data Name="TargetUserName">user</Data>
<Data Name="TargetDomainName">WIN-PTFPHFCRDJ0</Data>
<Data Name="TargetSid">S-1-5-21-1152959844-3645458174-3779170896-1000</Data>
<Data Name="SubjectUserSid">S-1-5-21-1152959844-3645458174-3779170896-1000</Data>
<Data Name="SubjectUserName">user</Data>
<Data Name="SubjectDomainName">WIN-PTFPHFCRDJ0</Data>
<Data Name="SubjectLogonId">0x0000000000105036</Data>
<Data Name="CallerProcessId">0x0000000000000d4c</Data>
<Data Name="CallerProcessName">C:\Windows\explorer.exe</Data>
</EventData>
</Event>

<Event xmlns="http://schemas.microsoft.com/win/2004/08/events/event"><System><Provider Name="Microsoft-Windows-Security-Auditing" Guid="{54849625-5478-4994-a5ba-3e3b0328c30d}"></Provider>
<EventID Qualifiers="">4624</EventID>
<Version>2</Version>
<Level>0</Level>
<Task>12544</Task>
<Opcode>0</Opcode>
<Keywords>0x8020000000000000</Keywords>
<TimeCreated SystemTime="2020-10-26 12:25:35.846638"></TimeCreated>
<EventRecordID>1371</EventRecordID>
<Correlation ActivityID="{278a84f7-ab8f-0000-ee87-8a278fabd601}" RelatedActivityID=""></Correlation>
<Execution ProcessID="840" ThreadID="3296"></Execution>
<Channel>Security</Channel>
<Computer>WIN-PTFPHFCRDJ0</Computer>
<Security UserID=""></Security>
</System>
<EventData><Data Name="SubjectUserSid">S-1-5-18</Data>
<Data Name="SubjectUserName">WIN-PTFPHFCRDJ0$</Data>
<Data Name="SubjectDomainName">WORKGROUP</Data>
<Data Name="SubjectLogonId">0x00000000000003e7</Data>
<Data Name="TargetUserSid">S-1-5-18</Data>
<Data Name="TargetUserName">SYSTEM</Data>
<Data Name="TargetDomainName">NT AUTHORITY</Data>
<Data Name="TargetLogonId">0x00000000000003e7</Data>
<Data Name="LogonType">5</Data>
<Data Name="LogonProcessName">Advapi  </Data>
<Data Name="AuthenticationPackageName">Negotiate</Data>
<Data Name="WorkstationName">-</Data>
<Data Name="LogonGuid">{00000000-0000-0000-0000-000000000000}</Data>
<Data Name="TransmittedServices">-</Data>
<Data Name="LmPackageName">-</Data>
<Data Name="KeyLength">0</Data>
<Data Name="ProcessId">0x0000000000000338</Data>
<Data Name="ProcessName">C:\Windows\System32\services.exe</Data>
<Data Name="IpAddress">-</Data>
<Data Name="IpPort">-</Data>
<Data Name="ImpersonationLevel">%%1833</Data>
<Data Name="RestrictedAdminMode">-</Data>
<Data Name="TargetOutboundUserName">-</Data>
<Data Name="TargetOutboundDomainName">-</Data>
<Data Name="VirtualAccount">%%1843</Data>
<Data Name="TargetLinkedLogonId">0x0000000000000000</Data>
<Data Name="ElevatedToken">%%1842</Data>
</EventData>
</Event>

<Event xmlns="http://schemas.microsoft.com/win/2004/08/events/event"><System><Provider Name="Microsoft-Windows-Security-Auditing" Guid="{54849625-5478-4994-a5ba-3e3b0328c30d}"></Provider>
<EventID Qualifiers="">4672</EventID>
<Version>0</Version>
<Level>0</Level>
<Task>12548</Task>
<Opcode>0</Opcode>
<Keywords>0x8020000000000000</Keywords>
<TimeCreated SystemTime="2020-10-26 12:25:35.846645"></TimeCreated>
<EventRecordID>1372</EventRecordID>
<Correlation ActivityID="{278a84f7-ab8f-0000-ee87-8a278fabd601}" RelatedActivityID=""></Correlation>
<Execution ProcessID="840" ThreadID="3296"></Execution>
<Channel>Security</Channel>
<Computer>WIN-PTFPHFCRDJ0</Computer>
<Security UserID=""></Security>
</System>
<EventData><Data Name="SubjectUserSid">S-1-5-18</Data>
<Data Name="SubjectUserName">SYSTEM</Data>
<Data Name="SubjectDomainName">NT AUTHORITY</Data>
<Data Name="SubjectLogonId">0x00000000000003e7</Data>
<Data Name="PrivilegeList">SeAssignPrimaryTokenPrivilege
			SeTcbPrivilege
			SeSecurityPrivilege
			SeTakeOwnershipPrivilege
			SeLoadDriverPrivilege
			SeBackupPrivilege
			SeRestorePrivilege
			SeDebugPrivilege
			SeAuditPrivilege
			SeSystemEnvironmentPrivilege
			SeImpersonatePrivilege
			SeDelegateSessionUserImpersonatePrivilege</Data>
</EventData>
</Event>

<Event xmlns="http://schemas.microsoft.com/win/2004/08/events/event"><System><Provider Name="Microsoft-Windows-Security-Auditing" Guid="{54849625-5478-4994-a5ba-3e3b0328c30d}"></Provider>
<EventID Qualifiers="">4798</EventID>
<Version>0</Version>
<Level>0</Level>
<Task>13824</Task>
<Opcode>0</Opcode>
<Keywords>0x8020000000000000</Keywords>
<TimeCreated SystemTime="2020-10-26 13:45:24.675932"></TimeCreated>
<EventRecordID>1373</EventRecordID>
<Correlation ActivityID="{278a84f7-ab8f-0000-ee87-8a278fabd601}" RelatedActivityID=""></Correlation>
<Execution ProcessID="840" ThreadID="384"></Execution>
<Channel>Security</Channel>
<Computer>WIN-PTFPHFCRDJ0</Computer>
<Security UserID=""></Security>
</System>
<EventData><Data Name="TargetUserName">user</Data>
<Data Name="TargetDomainName">WIN-PTFPHFCRDJ0</Data>
<Data Name="TargetSid">S-1-5-21-1152959844-3645458174-3779170896-1000</Data>
<Data Name="SubjectUserSid">S-1-5-21-1152959844-3645458174-3779170896-1000</Data>
<Data Name="SubjectUserName">user</Data>
<Data Name="SubjectDomainName">WIN-PTFPHFCRDJ0</Data>
<Data Name="SubjectLogonId">0x0000000000105009</Data>
<Data Name="CallerProcessId">0x0000000000000bd4</Data>
<Data Name="CallerProcessName">C:\Windows\regedit.exe</Data>
</EventData>
</Event>

<Event xmlns="http://schemas.microsoft.com/win/2004/08/events/event"><System><Provider Name="Microsoft-Windows-Security-Auditing" Guid="{54849625-5478-4994-a5ba-3e3b0328c30d}"></Provider>
<EventID Qualifiers="">4798</EventID>
<Version>0</Version>
<Level>0</Level>
<Task>13824</Task>
<Opcode>0</Opcode>
<Keywords>0x8020000000000000</Keywords>
<TimeCreated SystemTime="2020-10-26 13:45:29.357391"></TimeCreated>
<EventRecordID>1374</EventRecordID>
<Correlation ActivityID="{278a84f7-ab8f-0000-ee87-8a278fabd601}" RelatedActivityID=""></Correlation>
<Execution ProcessID="840" ThreadID="384"></Execution>
<Channel>Security</Channel>
<Computer>WIN-PTFPHFCRDJ0</Computer>
<Security UserID=""></Security>
</System>
<EventData><Data Name="TargetUserName">user</Data>
<Data Name="TargetDomainName">WIN-PTFPHFCRDJ0</Data>
<Data Name="TargetSid">S-1-5-21-1152959844-3645458174-3779170896-1000</Data>
<Data Name="SubjectUserSid">S-1-5-21-1152959844-3645458174-3779170896-1000</Data>
<Data Name="SubjectUserName">user</Data>
<Data Name="SubjectDomainName">WIN-PTFPHFCRDJ0</Data>
<Data Name="SubjectLogonId">0x0000000000105009</Data>
<Data Name="CallerProcessId">0x0000000000000bd4</Data>
<Data Name="CallerProcessName">C:\Windows\regedit.exe</Data>
</EventData>
</Event>

<Event xmlns="http://schemas.microsoft.com/win/2004/08/events/event"><System><Provider Name="Microsoft-Windows-Security-Auditing" Guid="{54849625-5478-4994-a5ba-3e3b0328c30d}"></Provider>
<EventID Qualifiers="">4798</EventID>
<Version>0</Version>
<Level>0</Level>
<Task>13824</Task>
<Opcode>0</Opcode>
<Keywords>0x8020000000000000</Keywords>
<TimeCreated SystemTime="2020-10-26 13:45:33.590330"></TimeCreated>
<EventRecordID>1375</EventRecordID>
<Correlation ActivityID="{278a84f7-ab8f-0000-ee87-8a278fabd601}" RelatedActivityID=""></Correlation>
<Execution ProcessID="840" ThreadID="384"></Execution>
<Channel>Security</Channel>
<Computer>WIN-PTFPHFCRDJ0</Computer>
<Security UserID=""></Security>
</System>
<EventData><Data Name="TargetUserName">user</Data>
<Data Name="TargetDomainName">WIN-PTFPHFCRDJ0</Data>
<Data Name="TargetSid">S-1-5-21-1152959844-3645458174-3779170896-1000</Data>
<Data Name="SubjectUserSid">S-1-5-21-1152959844-3645458174-3779170896-1000</Data>
<Data Name="SubjectUserName">user</Data>
<Data Name="SubjectDomainName">WIN-PTFPHFCRDJ0</Data>
<Data Name="SubjectLogonId">0x0000000000105036</Data>
<Data Name="CallerProcessId">0x0000000000000d4c</Data>
<Data Name="CallerProcessName">C:\Windows\explorer.exe</Data>
</EventData>
</Event>

<Event xmlns="http://schemas.microsoft.com/win/2004/08/events/event"><System><Provider Name="Microsoft-Windows-Security-Auditing" Guid="{54849625-5478-4994-a5ba-3e3b0328c30d}"></Provider>
<EventID Qualifiers="">4798</EventID>
<Version>0</Version>
<Level>0</Level>
<Task>13824</Task>
<Opcode>0</Opcode>
<Keywords>0x8020000000000000</Keywords>
<TimeCreated SystemTime="2020-10-26 13:45:50.936306"></TimeCreated>
<EventRecordID>1376</EventRecordID>
<Correlation ActivityID="{278a84f7-ab8f-0000-ee87-8a278fabd601}" RelatedActivityID=""></Correlation>
<Execution ProcessID="840" ThreadID="3296"></Execution>
<Channel>Security</Channel>
<Computer>WIN-PTFPHFCRDJ0</Computer>
<Security UserID=""></Security>
</System>
<EventData><Data Name="TargetUserName">user</Data>
<Data Name="TargetDomainName">WIN-PTFPHFCRDJ0</Data>
<Data Name="TargetSid">S-1-5-21-1152959844-3645458174-3779170896-1000</Data>
<Data Name="SubjectUserSid">S-1-5-21-1152959844-3645458174-3779170896-1000</Data>
<Data Name="SubjectUserName">user</Data>
<Data Name="SubjectDomainName">WIN-PTFPHFCRDJ0</Data>
<Data Name="SubjectLogonId">0x0000000000105036</Data>
<Data Name="CallerProcessId">0x0000000000000d4c</Data>
<Data Name="CallerProcessName">C:\Windows\explorer.exe</Data>
</EventData>
</Event>

<Event xmlns="http://schemas.microsoft.com/win/2004/08/events/event"><System><Provider Name="Microsoft-Windows-Security-Auditing" Guid="{54849625-5478-4994-a5ba-3e3b0328c30d}"></Provider>
<EventID Qualifiers="">4798</EventID>
<Version>0</Version>
<Level>0</Level>
<Task>13824</Task>
<Opcode>0</Opcode>
<Keywords>0x8020000000000000</Keywords>
<TimeCreated SystemTime="2020-10-26 13:45:52.401608"></TimeCreated>
<EventRecordID>1377</EventRecordID>
<Correlation ActivityID="{278a84f7-ab8f-0000-ee87-8a278fabd601}" RelatedActivityID=""></Correlation>
<Execution ProcessID="840" ThreadID="1468"></Execution>
<Channel>Security</Channel>
<Computer>WIN-PTFPHFCRDJ0</Computer>
<Security UserID=""></Security>
</System>
<EventData><Data Name="TargetUserName">user</Data>
<Data Name="TargetDomainName">WIN-PTFPHFCRDJ0</Data>
<Data Name="TargetSid">S-1-5-21-1152959844-3645458174-3779170896-1000</Data>
<Data Name="SubjectUserSid">S-1-5-21-1152959844-3645458174-3779170896-1000</Data>
<Data Name="SubjectUserName">user</Data>
<Data Name="SubjectDomainName">WIN-PTFPHFCRDJ0</Data>
<Data Name="SubjectLogonId">0x0000000000105036</Data>
<Data Name="CallerProcessId">0x0000000000000d4c</Data>
<Data Name="CallerProcessName">C:\Windows\explorer.exe</Data>
</EventData>
</Event>

<Event xmlns="http://schemas.microsoft.com/win/2004/08/events/event"><System><Provider Name="Microsoft-Windows-Security-Auditing" Guid="{54849625-5478-4994-a5ba-3e3b0328c30d}"></Provider>
<EventID Qualifiers="">4797</EventID>
<Version>0</Version>
<Level>0</Level>
<Task>13824</Task>
<Opcode>0</Opcode>
<Keywords>0x8020000000000000</Keywords>
<TimeCreated SystemTime="2020-10-26 13:45:54.756992"></TimeCreated>
<EventRecordID>1378</EventRecordID>
<Correlation ActivityID="{278a84f7-ab8f-0000-ee87-8a278fabd601}" RelatedActivityID=""></Correlation>
<Execution ProcessID="840" ThreadID="1468"></Execution>
<Channel>Security</Channel>
<Computer>WIN-PTFPHFCRDJ0</Computer>
<Security UserID=""></Security>
</System>
<EventData><Data Name="SubjectUserSid">S-1-5-21-1152959844-3645458174-3779170896-1000</Data>
<Data Name="SubjectUserName">user</Data>
<Data Name="SubjectDomainName">WIN-PTFPHFCRDJ0</Data>
<Data Name="SubjectLogonId">0x0000000000105036</Data>
<Data Name="Workstation">WIN-PTFPHFCRDJ0</Data>
<Data Name="TargetUserName">Administrator</Data>
<Data Name="TargetDomainName">WIN-PTFPHFCRDJ0</Data>
</EventData>
</Event>

<Event xmlns="http://schemas.microsoft.com/win/2004/08/events/event"><System><Provider Name="Microsoft-Windows-Security-Auditing" Guid="{54849625-5478-4994-a5ba-3e3b0328c30d}"></Provider>
<EventID Qualifiers="">4797</EventID>
<Version>0</Version>
<Level>0</Level>
<Task>13824</Task>
<Opcode>0</Opcode>
<Keywords>0x8020000000000000</Keywords>
<TimeCreated SystemTime="2020-10-26 13:45:54.758242"></TimeCreated>
<EventRecordID>1379</EventRecordID>
<Correlation ActivityID="{278a84f7-ab8f-0000-ee87-8a278fabd601}" RelatedActivityID=""></Correlation>
<Execution ProcessID="840" ThreadID="1468"></Execution>
<Channel>Security</Channel>
<Computer>WIN-PTFPHFCRDJ0</Computer>
<Security UserID=""></Security>
</System>
<EventData><Data Name="SubjectUserSid">S-1-5-21-1152959844-3645458174-3779170896-1000</Data>
<Data Name="SubjectUserName">user</Data>
<Data Name="SubjectDomainName">WIN-PTFPHFCRDJ0</Data>
<Data Name="SubjectLogonId">0x0000000000105036</Data>
<Data Name="Workstation">WIN-PTFPHFCRDJ0</Data>
<Data Name="TargetUserName">DefaultAccount</Data>
<Data Name="TargetDomainName">WIN-PTFPHFCRDJ0</Data>
</EventData>
</Event>

<Event xmlns="http://schemas.microsoft.com/win/2004/08/events/event"><System><Provider Name="Microsoft-Windows-Security-Auditing" Guid="{54849625-5478-4994-a5ba-3e3b0328c30d}"></Provider>
<EventID Qualifiers="">4797</EventID>
<Version>0</Version>
<Level>0</Level>
<Task>13824</Task>
<Opcode>0</Opcode>
<Keywords>0x8020000000000000</Keywords>
<TimeCreated SystemTime="2020-10-26 13:45:54.758833"></TimeCreated>
<EventRecordID>1380</EventRecordID>
<Correlation ActivityID="{278a84f7-ab8f-0000-ee87-8a278fabd601}" RelatedActivityID=""></Correlation>
<Execution ProcessID="840" ThreadID="1468"></Execution>
<Channel>Security</Channel>
<Computer>WIN-PTFPHFCRDJ0</Computer>
<Security UserID=""></Security>
</System>
<EventData><Data Name="SubjectUserSid">S-1-5-21-1152959844-3645458174-3779170896-1000</Data>
<Data Name="SubjectUserName">user</Data>
<Data Name="SubjectDomainName">WIN-PTFPHFCRDJ0</Data>
<Data Name="SubjectLogonId">0x0000000000105036</Data>
<Data Name="Workstation">WIN-PTFPHFCRDJ0</Data>
<Data Name="TargetUserName">Guest</Data>
<Data Name="TargetDomainName">WIN-PTFPHFCRDJ0</Data>
</EventData>
</Event>

<Event xmlns="http://schemas.microsoft.com/win/2004/08/events/event"><System><Provider Name="Microsoft-Windows-Security-Auditing" Guid="{54849625-5478-4994-a5ba-3e3b0328c30d}"></Provider>
<EventID Qualifiers="">4797</EventID>
<Version>0</Version>
<Level>0</Level>
<Task>13824</Task>
<Opcode>0</Opcode>
<Keywords>0x8020000000000000</Keywords>
<TimeCreated SystemTime="2020-10-26 13:45:54.760204"></TimeCreated>
<EventRecordID>1381</EventRecordID>
<Correlation ActivityID="{278a84f7-ab8f-0000-ee87-8a278fabd601}" RelatedActivityID=""></Correlation>
<Execution ProcessID="840" ThreadID="1468"></Execution>
<Channel>Security</Channel>
<Computer>WIN-PTFPHFCRDJ0</Computer>
<Security UserID=""></Security>
</System>
<EventData><Data Name="SubjectUserSid">S-1-5-21-1152959844-3645458174-3779170896-1000</Data>
<Data Name="SubjectUserName">user</Data>
<Data Name="SubjectDomainName">WIN-PTFPHFCRDJ0</Data>
<Data Name="SubjectLogonId">0x0000000000105036</Data>
<Data Name="Workstation">WIN-PTFPHFCRDJ0</Data>
<Data Name="TargetUserName">WDAGUtilityAccount</Data>
<Data Name="TargetDomainName">WIN-PTFPHFCRDJ0</Data>
</EventData>
</Event>

<Event xmlns="http://schemas.microsoft.com/win/2004/08/events/event"><System><Provider Name="Microsoft-Windows-Security-Auditing" Guid="{54849625-5478-4994-a5ba-3e3b0328c30d}"></Provider>
<EventID Qualifiers="">4798</EventID>
<Version>0</Version>
<Level>0</Level>
<Task>13824</Task>
<Opcode>0</Opcode>
<Keywords>0x8020000000000000</Keywords>
<TimeCreated SystemTime="2020-10-26 13:46:15.104387"></TimeCreated>
<EventRecordID>1382</EventRecordID>
<Correlation ActivityID="{278a84f7-ab8f-0000-ee87-8a278fabd601}" RelatedActivityID=""></Correlation>
<Execution ProcessID="840" ThreadID="3296"></Execution>
<Channel>Security</Channel>
<Computer>WIN-PTFPHFCRDJ0</Computer>
<Security UserID=""></Security>
</System>
<EventData><Data Name="TargetUserName">user</Data>
<Data Name="TargetDomainName">WIN-PTFPHFCRDJ0</Data>
<Data Name="TargetSid">S-1-5-21-1152959844-3645458174-3779170896-1000</Data>
<Data Name="SubjectUserSid">S-1-5-21-1152959844-3645458174-3779170896-1000</Data>
<Data Name="SubjectUserName">user</Data>
<Data Name="SubjectDomainName">WIN-PTFPHFCRDJ0</Data>
<Data Name="SubjectLogonId">0x0000000000105036</Data>
<Data Name="CallerProcessId">0x0000000000000d4c</Data>
<Data Name="CallerProcessName">C:\Windows\explorer.exe</Data>
</EventData>
</Event>

<Event xmlns="http://schemas.microsoft.com/win/2004/08/events/event"><System><Provider Name="Microsoft-Windows-Security-Auditing" Guid="{54849625-5478-4994-a5ba-3e3b0328c30d}"></Provider>
<EventID Qualifiers="">4624</EventID>
<Version>2</Version>
<Level>0</Level>
<Task>12544</Task>
<Opcode>0</Opcode>
<Keywords>0x8020000000000000</Keywords>
<TimeCreated SystemTime="2020-10-26 14:03:03.660135"></TimeCreated>
<EventRecordID>1383</EventRecordID>
<Correlation ActivityID="{278a84f7-ab8f-0000-ee87-8a278fabd601}" RelatedActivityID=""></Correlation>
<Execution ProcessID="840" ThreadID="1468"></Execution>
<Channel>Security</Channel>
<Computer>WIN-PTFPHFCRDJ0</Computer>
<Security UserID=""></Security>
</System>
<EventData><Data Name="SubjectUserSid">S-1-5-18</Data>
<Data Name="SubjectUserName">WIN-PTFPHFCRDJ0$</Data>
<Data Name="SubjectDomainName">WORKGROUP</Data>
<Data Name="SubjectLogonId">0x00000000000003e7</Data>
<Data Name="TargetUserSid">S-1-5-18</Data>
<Data Name="TargetUserName">SYSTEM</Data>
<Data Name="TargetDomainName">NT AUTHORITY</Data>
<Data Name="TargetLogonId">0x00000000000003e7</Data>
<Data Name="LogonType">5</Data>
<Data Name="LogonProcessName">Advapi  </Data>
<Data Name="AuthenticationPackageName">Negotiate</Data>
<Data Name="WorkstationName">-</Data>
<Data Name="LogonGuid">{00000000-0000-0000-0000-000000000000}</Data>
<Data Name="TransmittedServices">-</Data>
<Data Name="LmPackageName">-</Data>
<Data Name="KeyLength">0</Data>
<Data Name="ProcessId">0x0000000000000338</Data>
<Data Name="ProcessName">C:\Windows\System32\services.exe</Data>
<Data Name="IpAddress">-</Data>
<Data Name="IpPort">-</Data>
<Data Name="ImpersonationLevel">%%1833</Data>
<Data Name="RestrictedAdminMode">-</Data>
<Data Name="TargetOutboundUserName">-</Data>
<Data Name="TargetOutboundDomainName">-</Data>
<Data Name="VirtualAccount">%%1843</Data>
<Data Name="TargetLinkedLogonId">0x0000000000000000</Data>
<Data Name="ElevatedToken">%%1842</Data>
</EventData>
</Event>

<Event xmlns="http://schemas.microsoft.com/win/2004/08/events/event"><System><Provider Name="Microsoft-Windows-Security-Auditing" Guid="{54849625-5478-4994-a5ba-3e3b0328c30d}"></Provider>
<EventID Qualifiers="">4672</EventID>
<Version>0</Version>
<Level>0</Level>
<Task>12548</Task>
<Opcode>0</Opcode>
<Keywords>0x8020000000000000</Keywords>
<TimeCreated SystemTime="2020-10-26 14:03:03.660141"></TimeCreated>
<EventRecordID>1384</EventRecordID>
<Correlation ActivityID="{278a84f7-ab8f-0000-ee87-8a278fabd601}" RelatedActivityID=""></Correlation>
<Execution ProcessID="840" ThreadID="1468"></Execution>
<Channel>Security</Channel>
<Computer>WIN-PTFPHFCRDJ0</Computer>
<Security UserID=""></Security>
</System>
<EventData><Data Name="SubjectUserSid">S-1-5-18</Data>
<Data Name="SubjectUserName">SYSTEM</Data>
<Data Name="SubjectDomainName">NT AUTHORITY</Data>
<Data Name="SubjectLogonId">0x00000000000003e7</Data>
<Data Name="PrivilegeList">SeAssignPrimaryTokenPrivilege
			SeTcbPrivilege
			SeSecurityPrivilege
			SeTakeOwnershipPrivilege
			SeLoadDriverPrivilege
			SeBackupPrivilege
			SeRestorePrivilege
			SeDebugPrivilege
			SeAuditPrivilege
			SeSystemEnvironmentPrivilege
			SeImpersonatePrivilege
			SeDelegateSessionUserImpersonatePrivilege</Data>
</EventData>
</Event>

<Event xmlns="http://schemas.microsoft.com/win/2004/08/events/event"><System><Provider Name="Microsoft-Windows-Security-Auditing" Guid="{54849625-5478-4994-a5ba-3e3b0328c30d}"></Provider>
<EventID Qualifiers="">4624</EventID>
<Version>2</Version>
<Level>0</Level>
<Task>12544</Task>
<Opcode>0</Opcode>
<Keywords>0x8020000000000000</Keywords>
<TimeCreated SystemTime="2020-10-26 14:03:07.299330"></TimeCreated>
<EventRecordID>1385</EventRecordID>
<Correlation ActivityID="{278a84f7-ab8f-0000-ee87-8a278fabd601}" RelatedActivityID=""></Correlation>
<Execution ProcessID="840" ThreadID="1468"></Execution>
<Channel>Security</Channel>
<Computer>WIN-PTFPHFCRDJ0</Computer>
<Security UserID=""></Security>
</System>
<EventData><Data Name="SubjectUserSid">S-1-5-18</Data>
<Data Name="SubjectUserName">WIN-PTFPHFCRDJ0$</Data>
<Data Name="SubjectDomainName">WORKGROUP</Data>
<Data Name="SubjectLogonId">0x00000000000003e7</Data>
<Data Name="TargetUserSid">S-1-5-18</Data>
<Data Name="TargetUserName">SYSTEM</Data>
<Data Name="TargetDomainName">NT AUTHORITY</Data>
<Data Name="TargetLogonId">0x00000000000003e7</Data>
<Data Name="LogonType">5</Data>
<Data Name="LogonProcessName">Advapi  </Data>
<Data Name="AuthenticationPackageName">Negotiate</Data>
<Data Name="WorkstationName">-</Data>
<Data Name="LogonGuid">{00000000-0000-0000-0000-000000000000}</Data>
<Data Name="TransmittedServices">-</Data>
<Data Name="LmPackageName">-</Data>
<Data Name="KeyLength">0</Data>
<Data Name="ProcessId">0x0000000000000338</Data>
<Data Name="ProcessName">C:\Windows\System32\services.exe</Data>
<Data Name="IpAddress">-</Data>
<Data Name="IpPort">-</Data>
<Data Name="ImpersonationLevel">%%1833</Data>
<Data Name="RestrictedAdminMode">-</Data>
<Data Name="TargetOutboundUserName">-</Data>
<Data Name="TargetOutboundDomainName">-</Data>
<Data Name="VirtualAccount">%%1843</Data>
<Data Name="TargetLinkedLogonId">0x0000000000000000</Data>
<Data Name="ElevatedToken">%%1842</Data>
</EventData>
</Event>

<Event xmlns="http://schemas.microsoft.com/win/2004/08/events/event"><System><Provider Name="Microsoft-Windows-Security-Auditing" Guid="{54849625-5478-4994-a5ba-3e3b0328c30d}"></Provider>
<EventID Qualifiers="">4672</EventID>
<Version>0</Version>
<Level>0</Level>
<Task>12548</Task>
<Opcode>0</Opcode>
<Keywords>0x8020000000000000</Keywords>
<TimeCreated SystemTime="2020-10-26 14:03:07.299334"></TimeCreated>
<EventRecordID>1386</EventRecordID>
<Correlation ActivityID="{278a84f7-ab8f-0000-ee87-8a278fabd601}" RelatedActivityID=""></Correlation>
<Execution ProcessID="840" ThreadID="1468"></Execution>
<Channel>Security</Channel>
<Computer>WIN-PTFPHFCRDJ0</Computer>
<Security UserID=""></Security>
</System>
<EventData><Data Name="SubjectUserSid">S-1-5-18</Data>
<Data Name="SubjectUserName">SYSTEM</Data>
<Data Name="SubjectDomainName">NT AUTHORITY</Data>
<Data Name="SubjectLogonId">0x00000000000003e7</Data>
<Data Name="PrivilegeList">SeAssignPrimaryTokenPrivilege
			SeTcbPrivilege
			SeSecurityPrivilege
			SeTakeOwnershipPrivilege
			SeLoadDriverPrivilege
			SeBackupPrivilege
			SeRestorePrivilege
			SeDebugPrivilege
			SeAuditPrivilege
			SeSystemEnvironmentPrivilege
			SeImpersonatePrivilege
			SeDelegateSessionUserImpersonatePrivilege</Data>
</EventData>
</Event>

