<Event xmlns="http://schemas.microsoft.com/win/2004/08/events/event"><System><Provider Name="Microsoft-Windows-Security-Auditing" Guid="{54849625-5478-4994-a5ba-3e3b0328c30d}"></Provider>
<EventID Qualifiers="">4672</EventID>
<Version>0</Version>
<Level>0</Level>
<Task>12548</Task>
<Opcode>0</Opcode>
<Keywords>0x8020000000000000</Keywords>
<TimeCreated SystemTime="2020-10-23 09:21:20.678059"></TimeCreated>
<EventRecordID>111</EventRecordID>
<Correlation ActivityID="{c5ffa37c-a91d-0000-a7a7-ffc51da9d601}" RelatedActivityID=""></Correlation>
<Execution ProcessID="808" ThreadID="864"></Execution>
<Channel>Security</Channel>
<Computer>WIN-PTFPHFCRDJ0</Computer>
<Security UserID=""></Security>
</System>
<EventData><Data Name="SubjectUserSid">S-1-5-18</Data>
<Data Name="SubjectUserName">SYSTEM</Data>
<Data Name="SubjectDomainName">NT AUTHORITY</Data>
<Data Name="SubjectLogonId">0x00000000000003e7</Data>
<Data Name="PrivilegeList">SeAssignPrimaryTokenPrivilege
			SeTcbPrivilege
			SeSecurityPrivilege
			SeTakeOwnershipPrivilege
			SeLoadDriverPrivilege
			SeBackupPrivilege
			SeRestorePrivilege
			SeDebugPrivilege
			SeAuditPrivilege
			SeSystemEnvironmentPrivilege
			SeImpersonatePrivilege
			SeDelegateSessionUserImpersonatePrivilege</Data>
</EventData>
</Event>

<Event xmlns="http://schemas.microsoft.com/win/2004/08/events/event"><System><Provider Name="Microsoft-Windows-Security-Auditing" Guid="{54849625-5478-4994-a5ba-3e3b0328c30d}"></Provider>
<EventID Qualifiers="">5024</EventID>
<Version>0</Version>
<Level>0</Level>
<Task>12292</Task>
<Opcode>0</Opcode>
<Keywords>0x8020000000000000</Keywords>
<TimeCreated SystemTime="2020-10-23 09:21:23.737299"></TimeCreated>
<EventRecordID>112</EventRecordID>
<Correlation ActivityID="{c5ffa37c-a91d-0000-a7a7-ffc51da9d601}" RelatedActivityID=""></Correlation>
<Execution ProcessID="808" ThreadID="864"></Execution>
<Channel>Security</Channel>
<Computer>WIN-PTFPHFCRDJ0</Computer>
<Security UserID=""></Security>
</System>
<EventData></EventData>
</Event>

<Event xmlns="http://schemas.microsoft.com/win/2004/08/events/event"><System><Provider Name="Microsoft-Windows-Security-Auditing" Guid="{54849625-5478-4994-a5ba-3e3b0328c30d}"></Provider>
<EventID Qualifiers="">4624</EventID>
<Version>2</Version>
<Level>0</Level>
<Task>12544</Task>
<Opcode>0</Opcode>
<Keywords>0x8020000000000000</Keywords>
<TimeCreated SystemTime="2020-10-23 09:21:26.740536"></TimeCreated>
<EventRecordID>113</EventRecordID>
<Correlation ActivityID="{c5ffa37c-a91d-0000-a7a7-ffc51da9d601}" RelatedActivityID=""></Correlation>
<Execution ProcessID="808" ThreadID="864"></Execution>
<Channel>Security</Channel>
<Computer>WIN-PTFPHFCRDJ0</Computer>
<Security UserID=""></Security>
</System>
<EventData><Data Name="SubjectUserSid">S-1-5-18</Data>
<Data Name="SubjectUserName">MINWINPC$</Data>
<Data Name="SubjectDomainName"></Data>
<Data Name="SubjectLogonId">0x00000000000003e7</Data>
<Data Name="TargetUserSid">S-1-5-18</Data>
<Data Name="TargetUserName">SYSTEM</Data>
<Data Name="TargetDomainName">NT AUTHORITY</Data>
<Data Name="TargetLogonId">0x00000000000003e7</Data>
<Data Name="LogonType">5</Data>
<Data Name="LogonProcessName">Advapi  </Data>
<Data Name="AuthenticationPackageName">Negotiate</Data>
<Data Name="WorkstationName">-</Data>
<Data Name="LogonGuid">{00000000-0000-0000-0000-000000000000}</Data>
<Data Name="TransmittedServices">-</Data>
<Data Name="LmPackageName">-</Data>
<Data Name="KeyLength">0</Data>
<Data Name="ProcessId">0x0000000000000318</Data>
<Data Name="ProcessName">C:\Windows\System32\services.exe</Data>
<Data Name="IpAddress">-</Data>
<Data Name="IpPort">-</Data>
<Data Name="ImpersonationLevel">%%1833</Data>
<Data Name="RestrictedAdminMode">-</Data>
<Data Name="TargetOutboundUserName">-</Data>
<Data Name="TargetOutboundDomainName">-</Data>
<Data Name="VirtualAccount">%%1843</Data>
<Data Name="TargetLinkedLogonId">0x0000000000000000</Data>
<Data Name="ElevatedToken">%%1842</Data>
</EventData>
</Event>

<Event xmlns="http://schemas.microsoft.com/win/2004/08/events/event"><System><Provider Name="Microsoft-Windows-Security-Auditing" Guid="{54849625-5478-4994-a5ba-3e3b0328c30d}"></Provider>
<EventID Qualifiers="">4672</EventID>
<Version>0</Version>
<Level>0</Level>
<Task>12548</Task>
<Opcode>0</Opcode>
<Keywords>0x8020000000000000</Keywords>
<TimeCreated SystemTime="2020-10-23 09:21:26.740540"></TimeCreated>
<EventRecordID>114</EventRecordID>
<Correlation ActivityID="{c5ffa37c-a91d-0000-a7a7-ffc51da9d601}" RelatedActivityID=""></Correlation>
<Execution ProcessID="808" ThreadID="864"></Execution>
<Channel>Security</Channel>
<Computer>WIN-PTFPHFCRDJ0</Computer>
<Security UserID=""></Security>
</System>
<EventData><Data Name="SubjectUserSid">S-1-5-18</Data>
<Data Name="SubjectUserName">SYSTEM</Data>
<Data Name="SubjectDomainName">NT AUTHORITY</Data>
<Data Name="SubjectLogonId">0x00000000000003e7</Data>
<Data Name="PrivilegeList">SeAssignPrimaryTokenPrivilege
			SeTcbPrivilege
			SeSecurityPrivilege
			SeTakeOwnershipPrivilege
			SeLoadDriverPrivilege
			SeBackupPrivilege
			SeRestorePrivilege
			SeDebugPrivilege
			SeAuditPrivilege
			SeSystemEnvironmentPrivilege
			SeImpersonatePrivilege
			SeDelegateSessionUserImpersonatePrivilege</Data>
</EventData>
</Event>

<Event xmlns="http://schemas.microsoft.com/win/2004/08/events/event"><System><Provider Name="Microsoft-Windows-Security-Auditing" Guid="{54849625-5478-4994-a5ba-3e3b0328c30d}"></Provider>
<EventID Qualifiers="">4907</EventID>
<Version>0</Version>
<Level>0</Level>
<Task>13568</Task>
<Opcode>0</Opcode>
<Keywords>0x8020000000000000</Keywords>
<TimeCreated SystemTime="2020-10-23 09:21:35.473877"></TimeCreated>
<EventRecordID>115</EventRecordID>
<Correlation ActivityID="" RelatedActivityID=""></Correlation>
<Execution ProcessID="4" ThreadID="432"></Execution>
<Channel>Security</Channel>
<Computer>WIN-PTFPHFCRDJ0</Computer>
<Security UserID=""></Security>
</System>
<EventData><Data Name="SubjectUserSid">S-1-5-18</Data>
<Data Name="SubjectUserName">MINWINPC$</Data>
<Data Name="SubjectDomainName"></Data>
<Data Name="SubjectLogonId">0x00000000000003e7</Data>
<Data Name="ObjectServer">Security</Data>
<Data Name="ObjectType">File</Data>
<Data Name="ObjectName">C:\Windows\Temp\winre\ExtractedFromWim</Data>
<Data Name="HandleId">0x0000000000000478</Data>
<Data Name="OldSd"></Data>
<Data Name="NewSd">S:ARAI(AU;SAFA;DCLCRPCRSDWDWO;;;WD)</Data>
<Data Name="ProcessId">0x0000000000000470</Data>
<Data Name="ProcessName">C:\Windows\System32\oobe\Setup.exe</Data>
</EventData>
</Event>

<Event xmlns="http://schemas.microsoft.com/win/2004/08/events/event"><System><Provider Name="Microsoft-Windows-Security-Auditing" Guid="{54849625-5478-4994-a5ba-3e3b0328c30d}"></Provider>
<EventID Qualifiers="">4624</EventID>
<Version>2</Version>
<Level>0</Level>
<Task>12544</Task>
<Opcode>0</Opcode>
<Keywords>0x8020000000000000</Keywords>
<TimeCreated SystemTime="2020-10-23 09:21:38.267864"></TimeCreated>
<EventRecordID>116</EventRecordID>
<Correlation ActivityID="{c5ffa37c-a91d-0000-a7a7-ffc51da9d601}" RelatedActivityID=""></Correlation>
<Execution ProcessID="808" ThreadID="864"></Execution>
<Channel>Security</Channel>
<Computer>WIN-PTFPHFCRDJ0</Computer>
<Security UserID=""></Security>
</System>
<EventData><Data Name="SubjectUserSid">S-1-5-18</Data>
<Data Name="SubjectUserName">MINWINPC$</Data>
<Data Name="SubjectDomainName"></Data>
<Data Name="SubjectLogonId">0x00000000000003e7</Data>
<Data Name="TargetUserSid">S-1-5-18</Data>
<Data Name="TargetUserName">SYSTEM</Data>
<Data Name="TargetDomainName">NT AUTHORITY</Data>
<Data Name="TargetLogonId">0x00000000000003e7</Data>
<Data Name="LogonType">5</Data>
<Data Name="LogonProcessName">Advapi  </Data>
<Data Name="AuthenticationPackageName">Negotiate</Data>
<Data Name="WorkstationName">-</Data>
<Data Name="LogonGuid">{00000000-0000-0000-0000-000000000000}</Data>
<Data Name="TransmittedServices">-</Data>
<Data Name="LmPackageName">-</Data>
<Data Name="KeyLength">0</Data>
<Data Name="ProcessId">0x0000000000000318</Data>
<Data Name="ProcessName">C:\Windows\System32\services.exe</Data>
<Data Name="IpAddress">-</Data>
<Data Name="IpPort">-</Data>
<Data Name="ImpersonationLevel">%%1833</Data>
<Data Name="RestrictedAdminMode">-</Data>
<Data Name="TargetOutboundUserName">-</Data>
<Data Name="TargetOutboundDomainName">-</Data>
<Data Name="VirtualAccount">%%1843</Data>
<Data Name="TargetLinkedLogonId">0x0000000000000000</Data>
<Data Name="ElevatedToken">%%1842</Data>
</EventData>
</Event>

<Event xmlns="http://schemas.microsoft.com/win/2004/08/events/event"><System><Provider Name="Microsoft-Windows-Security-Auditing" Guid="{54849625-5478-4994-a5ba-3e3b0328c30d}"></Provider>
<EventID Qualifiers="">4672</EventID>
<Version>0</Version>
<Level>0</Level>
<Task>12548</Task>
<Opcode>0</Opcode>
<Keywords>0x8020000000000000</Keywords>
<TimeCreated SystemTime="2020-10-23 09:21:38.267883"></TimeCreated>
<EventRecordID>117</EventRecordID>
<Correlation ActivityID="{c5ffa37c-a91d-0000-a7a7-ffc51da9d601}" RelatedActivityID=""></Correlation>
<Execution ProcessID="808" ThreadID="864"></Execution>
<Channel>Security</Channel>
<Computer>WIN-PTFPHFCRDJ0</Computer>
<Security UserID=""></Security>
</System>
<EventData><Data Name="SubjectUserSid">S-1-5-18</Data>
<Data Name="SubjectUserName">SYSTEM</Data>
<Data Name="SubjectDomainName">NT AUTHORITY</Data>
<Data Name="SubjectLogonId">0x00000000000003e7</Data>
<Data Name="PrivilegeList">SeAssignPrimaryTokenPrivilege
			SeTcbPrivilege
			SeSecurityPrivilege
			SeTakeOwnershipPrivilege
			SeLoadDriverPrivilege
			SeBackupPrivilege
			SeRestorePrivilege
			SeDebugPrivilege
			SeAuditPrivilege
			SeSystemEnvironmentPrivilege
			SeImpersonatePrivilege
			SeDelegateSessionUserImpersonatePrivilege</Data>
</EventData>
</Event>

<Event xmlns="http://schemas.microsoft.com/win/2004/08/events/event"><System><Provider Name="Microsoft-Windows-Eventlog" Guid="{fc65ddd8-d6ef-4962-83d5-6e5cfe9ce148}"></Provider>
<EventID Qualifiers="">1100</EventID>
<Version>0</Version>
<Level>4</Level>
<Task>103</Task>
<Opcode>0</Opcode>
<Keywords>0x4020000000000000</Keywords>
<TimeCreated SystemTime="2020-10-23 09:21:46.838135"></TimeCreated>
<EventRecordID>118</EventRecordID>
<Correlation ActivityID="" RelatedActivityID=""></Correlation>
<Execution ProcessID="1344" ThreadID="1660"></Execution>
<Channel>Security</Channel>
<Computer>WIN-PTFPHFCRDJ0</Computer>
<Security UserID=""></Security>
</System>
<UserData><ServiceShutdown xmlns="http://manifests.microsoft.com/win/2004/08/windows/eventlog"></ServiceShutdown>
</UserData>
</Event>

<Event xmlns="http://schemas.microsoft.com/win/2004/08/events/event"><System><Provider Name="Microsoft-Windows-Security-Auditing" Guid="{54849625-5478-4994-a5ba-3e3b0328c30d}"></Provider>
<EventID Qualifiers="">4688</EventID>
<Version>2</Version>
<Level>0</Level>
<Task>13312</Task>
<Opcode>0</Opcode>
<Keywords>0x8020000000000000</Keywords>
<TimeCreated SystemTime="2020-10-23 09:21:57.314413"></TimeCreated>
<EventRecordID>119</EventRecordID>
<Correlation ActivityID="" RelatedActivityID=""></Correlation>
<Execution ProcessID="4" ThreadID="88"></Execution>
<Channel>Security</Channel>
<Computer>WIN-PTFPHFCRDJ0</Computer>
<Security UserID=""></Security>
</System>
<EventData><Data Name="SubjectUserSid">S-1-5-18</Data>
<Data Name="SubjectUserName">-</Data>
<Data Name="SubjectDomainName">-</Data>
<Data Name="SubjectLogonId">0x00000000000003e7</Data>
<Data Name="NewProcessId">0x0000000000000044</Data>
<Data Name="NewProcessName">Registry</Data>
<Data Name="TokenElevationType">%%1936</Data>
<Data Name="ProcessId">0x0000000000000004</Data>
<Data Name="CommandLine"></Data>
<Data Name="TargetUserSid">S-1-0-0</Data>
<Data Name="TargetUserName">-</Data>
<Data Name="TargetDomainName">-</Data>
<Data Name="TargetLogonId">0x0000000000000000</Data>
<Data Name="ParentProcessName"></Data>
<Data Name="MandatoryLabel">S-1-16-16384</Data>
</EventData>
</Event>

<Event xmlns="http://schemas.microsoft.com/win/2004/08/events/event"><System><Provider Name="Microsoft-Windows-Security-Auditing" Guid="{54849625-5478-4994-a5ba-3e3b0328c30d}"></Provider>
<EventID Qualifiers="">4696</EventID>
<Version>0</Version>
<Level>0</Level>
<Task>13312</Task>
<Opcode>0</Opcode>
<Keywords>0x8020000000000000</Keywords>
<TimeCreated SystemTime="2020-10-23 09:21:57.314423"></TimeCreated>
<EventRecordID>120</EventRecordID>
<Correlation ActivityID="" RelatedActivityID=""></Correlation>
<Execution ProcessID="4" ThreadID="88"></Execution>
<Channel>Security</Channel>
<Computer>WIN-PTFPHFCRDJ0</Computer>
<Security UserID=""></Security>
</System>
<EventData><Data Name="SubjectUserSid">S-1-5-18</Data>
<Data Name="SubjectUserName">-</Data>
<Data Name="SubjectDomainName">-</Data>
<Data Name="SubjectLogonId">0x00000000000003e7</Data>
<Data Name="TargetUserSid">S-1-0-0</Data>
<Data Name="TargetUserName">-</Data>
<Data Name="TargetDomainName">-</Data>
<Data Name="TargetLogonId">0x00000000000003e7</Data>
<Data Name="TargetProcessId">0x0000000000000044</Data>
<Data Name="TargetProcessName">Registry</Data>
<Data Name="ProcessId">0x0000000000000004</Data>
<Data Name="ProcessName"></Data>
</EventData>
</Event>

<Event xmlns="http://schemas.microsoft.com/win/2004/08/events/event"><System><Provider Name="Microsoft-Windows-Security-Auditing" Guid="{54849625-5478-4994-a5ba-3e3b0328c30d}"></Provider>
<EventID Qualifiers="">4826</EventID>
<Version>0</Version>
<Level>0</Level>
<Task>13573</Task>
<Opcode>0</Opcode>
<Keywords>0x8020000000000000</Keywords>
<TimeCreated SystemTime="2020-10-23 09:21:57.314423"></TimeCreated>
<EventRecordID>121</EventRecordID>
<Correlation ActivityID="" RelatedActivityID=""></Correlation>
<Execution ProcessID="4" ThreadID="88"></Execution>
<Channel>Security</Channel>
<Computer>WIN-PTFPHFCRDJ0</Computer>
<Security UserID=""></Security>
</System>
<EventData><Data Name="SubjectUserSid">S-1-5-18</Data>
<Data Name="SubjectUserName">-</Data>
<Data Name="SubjectDomainName">-</Data>
<Data Name="SubjectLogonId">0x00000000000003e7</Data>
<Data Name="LoadOptions">-</Data>
<Data Name="AdvancedOptions">%%1843</Data>
<Data Name="ConfigAccessPolicy">%%1846</Data>
<Data Name="RemoteEventLogging">%%1843</Data>
<Data Name="KernelDebug">%%1843</Data>
<Data Name="VsmLaunchType">%%1848</Data>
<Data Name="TestSigning">%%1843</Data>
<Data Name="FlightSigning">%%1843</Data>
<Data Name="DisableIntegrityChecks">%%1843</Data>
<Data Name="HypervisorLoadOptions">-</Data>
<Data Name="HypervisorLaunchType">%%1848</Data>
<Data Name="HypervisorDebug">%%1843</Data>
</EventData>
</Event>

<Event xmlns="http://schemas.microsoft.com/win/2004/08/events/event"><System><Provider Name="Microsoft-Windows-Security-Auditing" Guid="{54849625-5478-4994-a5ba-3e3b0328c30d}"></Provider>
<EventID Qualifiers="">4688</EventID>
<Version>2</Version>
<Level>0</Level>
<Task>13312</Task>
<Opcode>0</Opcode>
<Keywords>0x8020000000000000</Keywords>
<TimeCreated SystemTime="2020-10-23 09:21:57.315716"></TimeCreated>
<EventRecordID>122</EventRecordID>
<Correlation ActivityID="" RelatedActivityID=""></Correlation>
<Execution ProcessID="4" ThreadID="88"></Execution>
<Channel>Security</Channel>
<Computer>WIN-PTFPHFCRDJ0</Computer>
<Security UserID=""></Security>
</System>
<EventData><Data Name="SubjectUserSid">S-1-5-18</Data>
<Data Name="SubjectUserName">-</Data>
<Data Name="SubjectDomainName">-</Data>
<Data Name="SubjectLogonId">0x00000000000003e7</Data>
<Data Name="NewProcessId">0x00000000000001ec</Data>
<Data Name="NewProcessName">C:\Windows\System32\smss.exe</Data>
<Data Name="TokenElevationType">%%1936</Data>
<Data Name="ProcessId">0x0000000000000004</Data>
<Data Name="CommandLine"></Data>
<Data Name="TargetUserSid">S-1-0-0</Data>
<Data Name="TargetUserName">-</Data>
<Data Name="TargetDomainName">-</Data>
<Data Name="TargetLogonId">0x0000000000000000</Data>
<Data Name="ParentProcessName"></Data>
<Data Name="MandatoryLabel">S-1-16-16384</Data>
</EventData>
</Event>

<Event xmlns="http://schemas.microsoft.com/win/2004/08/events/event"><System><Provider Name="Microsoft-Windows-Security-Auditing" Guid="{54849625-5478-4994-a5ba-3e3b0328c30d}"></Provider>
<EventID Qualifiers="">4688</EventID>
<Version>2</Version>
<Level>0</Level>
<Task>13312</Task>
<Opcode>0</Opcode>
<Keywords>0x8020000000000000</Keywords>
<TimeCreated SystemTime="2020-10-23 09:21:57.731026"></TimeCreated>
<EventRecordID>123</EventRecordID>
<Correlation ActivityID="" RelatedActivityID=""></Correlation>
<Execution ProcessID="4" ThreadID="428"></Execution>
<Channel>Security</Channel>
<Computer>WIN-PTFPHFCRDJ0</Computer>
<Security UserID=""></Security>
</System>
<EventData><Data Name="SubjectUserSid">S-1-5-18</Data>
<Data Name="SubjectUserName">-</Data>
<Data Name="SubjectDomainName">-</Data>
<Data Name="SubjectLogonId">0x00000000000003e7</Data>
<Data Name="NewProcessId">0x000000000000020c</Data>
<Data Name="NewProcessName">C:\Windows\System32\autochk.exe</Data>
<Data Name="TokenElevationType">%%1936</Data>
<Data Name="ProcessId">0x00000000000001ec</Data>
<Data Name="CommandLine"></Data>
<Data Name="TargetUserSid">S-1-0-0</Data>
<Data Name="TargetUserName">-</Data>
<Data Name="TargetDomainName">-</Data>
<Data Name="TargetLogonId">0x0000000000000000</Data>
<Data Name="ParentProcessName">C:\Windows\System32\smss.exe</Data>
<Data Name="MandatoryLabel">S-1-16-16384</Data>
</EventData>
</Event>

<Event xmlns="http://schemas.microsoft.com/win/2004/08/events/event"><System><Provider Name="Microsoft-Windows-Security-Auditing" Guid="{54849625-5478-4994-a5ba-3e3b0328c30d}"></Provider>
<EventID Qualifiers="">4688</EventID>
<Version>2</Version>
<Level>0</Level>
<Task>13312</Task>
<Opcode>0</Opcode>
<Keywords>0x8020000000000000</Keywords>
<TimeCreated SystemTime="2020-10-23 09:21:58.078056"></TimeCreated>
<EventRecordID>124</EventRecordID>
<Correlation ActivityID="" RelatedActivityID=""></Correlation>
<Execution ProcessID="4" ThreadID="428"></Execution>
<Channel>Security</Channel>
<Computer>WIN-PTFPHFCRDJ0</Computer>
<Security UserID=""></Security>
</System>
<EventData><Data Name="SubjectUserSid">S-1-5-18</Data>
<Data Name="SubjectUserName">-</Data>
<Data Name="SubjectDomainName">-</Data>
<Data Name="SubjectLogonId">0x00000000000003e7</Data>
<Data Name="NewProcessId">0x0000000000000248</Data>
<Data Name="NewProcessName">C:\Windows\System32\smss.exe</Data>
<Data Name="TokenElevationType">%%1936</Data>
<Data Name="ProcessId">0x00000000000001ec</Data>
<Data Name="CommandLine"></Data>
<Data Name="TargetUserSid">S-1-0-0</Data>
<Data Name="TargetUserName">-</Data>
<Data Name="TargetDomainName">-</Data>
<Data Name="TargetLogonId">0x0000000000000000</Data>
<Data Name="ParentProcessName">C:\Windows\System32\smss.exe</Data>
<Data Name="MandatoryLabel">S-1-16-16384</Data>
</EventData>
</Event>

<Event xmlns="http://schemas.microsoft.com/win/2004/08/events/event"><System><Provider Name="Microsoft-Windows-Security-Auditing" Guid="{54849625-5478-4994-a5ba-3e3b0328c30d}"></Provider>
<EventID Qualifiers="">4688</EventID>
<Version>2</Version>
<Level>0</Level>
<Task>13312</Task>
<Opcode>0</Opcode>
<Keywords>0x8020000000000000</Keywords>
<TimeCreated SystemTime="2020-10-23 09:21:58.110094"></TimeCreated>
<EventRecordID>125</EventRecordID>
<Correlation ActivityID="" RelatedActivityID=""></Correlation>
<Execution ProcessID="4" ThreadID="432"></Execution>
<Channel>Security</Channel>
<Computer>WIN-PTFPHFCRDJ0</Computer>
<Security UserID=""></Security>
</System>
<EventData><Data Name="SubjectUserSid">S-1-5-18</Data>
<Data Name="SubjectUserName">-</Data>
<Data Name="SubjectDomainName">-</Data>
<Data Name="SubjectLogonId">0x00000000000003e7</Data>
<Data Name="NewProcessId">0x0000000000000250</Data>
<Data Name="NewProcessName">C:\Windows\System32\csrss.exe</Data>
<Data Name="TokenElevationType">%%1936</Data>
<Data Name="ProcessId">0x0000000000000248</Data>
<Data Name="CommandLine"></Data>
<Data Name="TargetUserSid">S-1-0-0</Data>
<Data Name="TargetUserName">-</Data>
<Data Name="TargetDomainName">-</Data>
<Data Name="TargetLogonId">0x0000000000000000</Data>
<Data Name="ParentProcessName">C:\Windows\System32\smss.exe</Data>
<Data Name="MandatoryLabel">S-1-16-16384</Data>
</EventData>
</Event>

<Event xmlns="http://schemas.microsoft.com/win/2004/08/events/event"><System><Provider Name="Microsoft-Windows-Security-Auditing" Guid="{54849625-5478-4994-a5ba-3e3b0328c30d}"></Provider>
<EventID Qualifiers="">4688</EventID>
<Version>2</Version>
<Level>0</Level>
<Task>13312</Task>
<Opcode>0</Opcode>
<Keywords>0x8020000000000000</Keywords>
<TimeCreated SystemTime="2020-10-23 09:21:58.146547"></TimeCreated>
<EventRecordID>126</EventRecordID>
<Correlation ActivityID="" RelatedActivityID=""></Correlation>
<Execution ProcessID="4" ThreadID="432"></Execution>
<Channel>Security</Channel>
<Computer>WIN-PTFPHFCRDJ0</Computer>
<Security UserID=""></Security>
</System>
<EventData><Data Name="SubjectUserSid">S-1-5-18</Data>
<Data Name="SubjectUserName">-</Data>
<Data Name="SubjectDomainName">-</Data>
<Data Name="SubjectLogonId">0x00000000000003e7</Data>
<Data Name="NewProcessId">0x0000000000000290</Data>
<Data Name="NewProcessName">C:\Windows\System32\smss.exe</Data>
<Data Name="TokenElevationType">%%1936</Data>
<Data Name="ProcessId">0x00000000000001ec</Data>
<Data Name="CommandLine"></Data>
<Data Name="TargetUserSid">S-1-0-0</Data>
<Data Name="TargetUserName">-</Data>
<Data Name="TargetDomainName">-</Data>
<Data Name="TargetLogonId">0x0000000000000000</Data>
<Data Name="ParentProcessName">C:\Windows\System32\smss.exe</Data>
<Data Name="MandatoryLabel">S-1-16-16384</Data>
</EventData>
</Event>

<Event xmlns="http://schemas.microsoft.com/win/2004/08/events/event"><System><Provider Name="Microsoft-Windows-Security-Auditing" Guid="{54849625-5478-4994-a5ba-3e3b0328c30d}"></Provider>
<EventID Qualifiers="">4688</EventID>
<Version>2</Version>
<Level>0</Level>
<Task>13312</Task>
<Opcode>0</Opcode>
<Keywords>0x8020000000000000</Keywords>
<TimeCreated SystemTime="2020-10-23 09:21:58.148321"></TimeCreated>
<EventRecordID>127</EventRecordID>
<Correlation ActivityID="" RelatedActivityID=""></Correlation>
<Execution ProcessID="4" ThreadID="432"></Execution>
<Channel>Security</Channel>
<Computer>WIN-PTFPHFCRDJ0</Computer>
<Security UserID=""></Security>
</System>
<EventData><Data Name="SubjectUserSid">S-1-5-18</Data>
<Data Name="SubjectUserName">-</Data>
<Data Name="SubjectDomainName">-</Data>
<Data Name="SubjectLogonId">0x00000000000003e7</Data>
<Data Name="NewProcessId">0x0000000000000298</Data>
<Data Name="NewProcessName">C:\Windows\System32\wininit.exe</Data>
<Data Name="TokenElevationType">%%1936</Data>
<Data Name="ProcessId">0x0000000000000248</Data>
<Data Name="CommandLine"></Data>
<Data Name="TargetUserSid">S-1-0-0</Data>
<Data Name="TargetUserName">-</Data>
<Data Name="TargetDomainName">-</Data>
<Data Name="TargetLogonId">0x0000000000000000</Data>
<Data Name="ParentProcessName">C:\Windows\System32\smss.exe</Data>
<Data Name="MandatoryLabel">S-1-16-16384</Data>
</EventData>
</Event>

<Event xmlns="http://schemas.microsoft.com/win/2004/08/events/event"><System><Provider Name="Microsoft-Windows-Security-Auditing" Guid="{54849625-5478-4994-a5ba-3e3b0328c30d}"></Provider>
<EventID Qualifiers="">4688</EventID>
<Version>2</Version>
<Level>0</Level>
<Task>13312</Task>
<Opcode>0</Opcode>
<Keywords>0x8020000000000000</Keywords>
<TimeCreated SystemTime="2020-10-23 09:21:58.152792"></TimeCreated>
<EventRecordID>128</EventRecordID>
<Correlation ActivityID="" RelatedActivityID=""></Correlation>
<Execution ProcessID="4" ThreadID="432"></Execution>
<Channel>Security</Channel>
<Computer>WIN-PTFPHFCRDJ0</Computer>
<Security UserID=""></Security>
</System>
<EventData><Data Name="SubjectUserSid">S-1-5-18</Data>
<Data Name="SubjectUserName">-</Data>
<Data Name="SubjectDomainName">-</Data>
<Data Name="SubjectLogonId">0x00000000000003e7</Data>
<Data Name="NewProcessId">0x00000000000002a0</Data>
<Data Name="NewProcessName">C:\Windows\System32\csrss.exe</Data>
<Data Name="TokenElevationType">%%1936</Data>
<Data Name="ProcessId">0x0000000000000290</Data>
<Data Name="CommandLine"></Data>
<Data Name="TargetUserSid">S-1-0-0</Data>
<Data Name="TargetUserName">-</Data>
<Data Name="TargetDomainName">-</Data>
<Data Name="TargetLogonId">0x0000000000000000</Data>
<Data Name="ParentProcessName">C:\Windows\System32\smss.exe</Data>
<Data Name="MandatoryLabel">S-1-16-16384</Data>
</EventData>
</Event>

<Event xmlns="http://schemas.microsoft.com/win/2004/08/events/event"><System><Provider Name="Microsoft-Windows-Security-Auditing" Guid="{54849625-5478-4994-a5ba-3e3b0328c30d}"></Provider>
<EventID Qualifiers="">4688</EventID>
<Version>2</Version>
<Level>0</Level>
<Task>13312</Task>
<Opcode>0</Opcode>
<Keywords>0x8020000000000000</Keywords>
<TimeCreated SystemTime="2020-10-23 09:21:58.169821"></TimeCreated>
<EventRecordID>129</EventRecordID>
<Correlation ActivityID="" RelatedActivityID=""></Correlation>
<Execution ProcessID="4" ThreadID="432"></Execution>
<Channel>Security</Channel>
<Computer>WIN-PTFPHFCRDJ0</Computer>
<Security UserID=""></Security>
</System>
<EventData><Data Name="SubjectUserSid">S-1-5-18</Data>
<Data Name="SubjectUserName">-</Data>
<Data Name="SubjectDomainName">-</Data>
<Data Name="SubjectLogonId">0x00000000000003e7</Data>
<Data Name="NewProcessId">0x00000000000002d0</Data>
<Data Name="NewProcessName">C:\Windows\System32\winlogon.exe</Data>
<Data Name="TokenElevationType">%%1936</Data>
<Data Name="ProcessId">0x0000000000000290</Data>
<Data Name="CommandLine"></Data>
<Data Name="TargetUserSid">S-1-0-0</Data>
<Data Name="TargetUserName">-</Data>
<Data Name="TargetDomainName">-</Data>
<Data Name="TargetLogonId">0x0000000000000000</Data>
<Data Name="ParentProcessName">C:\Windows\System32\smss.exe</Data>
<Data Name="MandatoryLabel">S-1-16-16384</Data>
</EventData>
</Event>

<Event xmlns="http://schemas.microsoft.com/win/2004/08/events/event"><System><Provider Name="Microsoft-Windows-Security-Auditing" Guid="{54849625-5478-4994-a5ba-3e3b0328c30d}"></Provider>
<EventID Qualifiers="">4688</EventID>
<Version>2</Version>
<Level>0</Level>
<Task>13312</Task>
<Opcode>0</Opcode>
<Keywords>0x8020000000000000</Keywords>
<TimeCreated SystemTime="2020-10-23 09:21:58.220623"></TimeCreated>
<EventRecordID>130</EventRecordID>
<Correlation ActivityID="" RelatedActivityID=""></Correlation>
<Execution ProcessID="4" ThreadID="432"></Execution>
<Channel>Security</Channel>
<Computer>WIN-PTFPHFCRDJ0</Computer>
<Security UserID=""></Security>
</System>
<EventData><Data Name="SubjectUserSid">S-1-5-18</Data>
<Data Name="SubjectUserName">-</Data>
<Data Name="SubjectDomainName">-</Data>
<Data Name="SubjectLogonId">0x00000000000003e7</Data>
<Data Name="NewProcessId">0x0000000000000310</Data>
<Data Name="NewProcessName">C:\Windows\System32\services.exe</Data>
<Data Name="TokenElevationType">%%1936</Data>
<Data Name="ProcessId">0x0000000000000298</Data>
<Data Name="CommandLine"></Data>
<Data Name="TargetUserSid">S-1-0-0</Data>
<Data Name="TargetUserName">-</Data>
<Data Name="TargetDomainName">-</Data>
<Data Name="TargetLogonId">0x0000000000000000</Data>
<Data Name="ParentProcessName">C:\Windows\System32\wininit.exe</Data>
<Data Name="MandatoryLabel">S-1-16-16384</Data>
</EventData>
</Event>

<Event xmlns="http://schemas.microsoft.com/win/2004/08/events/event"><System><Provider Name="Microsoft-Windows-Security-Auditing" Guid="{54849625-5478-4994-a5ba-3e3b0328c30d}"></Provider>
<EventID Qualifiers="">4688</EventID>
<Version>2</Version>
<Level>0</Level>
<Task>13312</Task>
<Opcode>0</Opcode>
<Keywords>0x8020000000000000</Keywords>
<TimeCreated SystemTime="2020-10-23 09:21:58.232109"></TimeCreated>
<EventRecordID>131</EventRecordID>
<Correlation ActivityID="" RelatedActivityID=""></Correlation>
<Execution ProcessID="4" ThreadID="440"></Execution>
<Channel>Security</Channel>
<Computer>WIN-PTFPHFCRDJ0</Computer>
<Security UserID=""></Security>
</System>
<EventData><Data Name="SubjectUserSid">S-1-5-18</Data>
<Data Name="SubjectUserName">-</Data>
<Data Name="SubjectDomainName">-</Data>
<Data Name="SubjectLogonId">0x00000000000003e7</Data>
<Data Name="NewProcessId">0x0000000000000318</Data>
<Data Name="NewProcessName">C:\Windows\System32\lsass.exe</Data>
<Data Name="TokenElevationType">%%1936</Data>
<Data Name="ProcessId">0x0000000000000298</Data>
<Data Name="CommandLine"></Data>
<Data Name="TargetUserSid">S-1-0-0</Data>
<Data Name="TargetUserName">-</Data>
<Data Name="TargetDomainName">-</Data>
<Data Name="TargetLogonId">0x0000000000000000</Data>
<Data Name="ParentProcessName">C:\Windows\System32\wininit.exe</Data>
<Data Name="MandatoryLabel">S-1-16-16384</Data>
</EventData>
</Event>

<Event xmlns="http://schemas.microsoft.com/win/2004/08/events/event"><System><Provider Name="Microsoft-Windows-Security-Auditing" Guid="{54849625-5478-4994-a5ba-3e3b0328c30d}"></Provider>
<EventID Qualifiers="">4608</EventID>
<Version>0</Version>
<Level>0</Level>
<Task>12288</Task>
<Opcode>0</Opcode>
<Keywords>0x8020000000000000</Keywords>
<TimeCreated SystemTime="2020-10-23 09:21:58.277534"></TimeCreated>
<EventRecordID>132</EventRecordID>
<Correlation ActivityID="" RelatedActivityID=""></Correlation>
<Execution ProcessID="792" ThreadID="796"></Execution>
<Channel>Security</Channel>
<Computer>WIN-PTFPHFCRDJ0</Computer>
<Security UserID=""></Security>
</System>
<EventData></EventData>
</Event>

<Event xmlns="http://schemas.microsoft.com/win/2004/08/events/event"><System><Provider Name="Microsoft-Windows-Security-Auditing" Guid="{54849625-5478-4994-a5ba-3e3b0328c30d}"></Provider>
<EventID Qualifiers="">4624</EventID>
<Version>2</Version>
<Level>0</Level>
<Task>12544</Task>
<Opcode>0</Opcode>
<Keywords>0x8020000000000000</Keywords>
<TimeCreated SystemTime="2020-10-23 09:21:58.280445"></TimeCreated>
<EventRecordID>133</EventRecordID>
<Correlation ActivityID="" RelatedActivityID=""></Correlation>
<Execution ProcessID="792" ThreadID="796"></Execution>
<Channel>Security</Channel>
<Computer>WIN-PTFPHFCRDJ0</Computer>
<Security UserID=""></Security>
</System>
<EventData><Data Name="SubjectUserSid">S-1-0-0</Data>
<Data Name="SubjectUserName">-</Data>
<Data Name="SubjectDomainName">-</Data>
<Data Name="SubjectLogonId">0x0000000000000000</Data>
<Data Name="TargetUserSid">S-1-5-18</Data>
<Data Name="TargetUserName">SYSTEM</Data>
<Data Name="TargetDomainName">NT AUTHORITY</Data>
<Data Name="TargetLogonId">0x00000000000003e7</Data>
<Data Name="LogonType">0</Data>
<Data Name="LogonProcessName">-</Data>
<Data Name="AuthenticationPackageName">-</Data>
<Data Name="WorkstationName">-</Data>
<Data Name="LogonGuid">{00000000-0000-0000-0000-000000000000}</Data>
<Data Name="TransmittedServices">-</Data>
<Data Name="LmPackageName">-</Data>
<Data Name="KeyLength">0</Data>
<Data Name="ProcessId">0x0000000000000004</Data>
<Data Name="ProcessName"></Data>
<Data Name="IpAddress">-</Data>
<Data Name="IpPort">-</Data>
<Data Name="ImpersonationLevel">-</Data>
<Data Name="RestrictedAdminMode">-</Data>
<Data Name="TargetOutboundUserName">-</Data>
<Data Name="TargetOutboundDomainName">-</Data>
<Data Name="VirtualAccount">%%1843</Data>
<Data Name="TargetLinkedLogonId">0x0000000000000000</Data>
<Data Name="ElevatedToken">%%1842</Data>
</EventData>
</Event>

<Event xmlns="http://schemas.microsoft.com/win/2004/08/events/event"><System><Provider Name="Microsoft-Windows-Security-Auditing" Guid="{54849625-5478-4994-a5ba-3e3b0328c30d}"></Provider>
<EventID Qualifiers="">4902</EventID>
<Version>0</Version>
<Level>0</Level>
<Task>13568</Task>
<Opcode>0</Opcode>
<Keywords>0x8020000000000000</Keywords>
<TimeCreated SystemTime="2020-10-23 09:21:58.331894"></TimeCreated>
<EventRecordID>134</EventRecordID>
<Correlation ActivityID="" RelatedActivityID=""></Correlation>
<Execution ProcessID="792" ThreadID="852"></Execution>
<Channel>Security</Channel>
<Computer>WIN-PTFPHFCRDJ0</Computer>
<Security UserID=""></Security>
</System>
<EventData><Data Name="PuaCount">0</Data>
<Data Name="PuaPolicyId">0x000000000000a1fb</Data>
</EventData>
</Event>

<Event xmlns="http://schemas.microsoft.com/win/2004/08/events/event"><System><Provider Name="Microsoft-Windows-Security-Auditing" Guid="{54849625-5478-4994-a5ba-3e3b0328c30d}"></Provider>
<EventID Qualifiers="">4648</EventID>
<Version>0</Version>
<Level>0</Level>
<Task>12544</Task>
<Opcode>0</Opcode>
<Keywords>0x8020000000000000</Keywords>
<TimeCreated SystemTime="2020-10-23 09:21:58.350456"></TimeCreated>
<EventRecordID>135</EventRecordID>
<Correlation ActivityID="{f2d9b0db-a91d-0000-46b4-d9f21da9d601}" RelatedActivityID=""></Correlation>
<Execution ProcessID="792" ThreadID="840"></Execution>
<Channel>Security</Channel>
<Computer>WIN-PTFPHFCRDJ0</Computer>
<Security UserID=""></Security>
</System>
<EventData><Data Name="SubjectUserSid">S-1-5-18</Data>
<Data Name="SubjectUserName">WIN-PTFPHFCRDJ0$</Data>
<Data Name="SubjectDomainName">WORKGROUP</Data>
<Data Name="SubjectLogonId">0x00000000000003e7</Data>
<Data Name="LogonGuid">{00000000-0000-0000-0000-000000000000}</Data>
<Data Name="TargetUserName">UMFD-0</Data>
<Data Name="TargetDomainName">Font Driver Host</Data>
<Data Name="TargetLogonGuid">{00000000-0000-0000-0000-000000000000}</Data>
<Data Name="TargetServerName">localhost</Data>
<Data Name="TargetInfo">localhost</Data>
<Data Name="ProcessId">0x0000000000000298</Data>
<Data Name="ProcessName">C:\Windows\System32\wininit.exe</Data>
<Data Name="IpAddress">-</Data>
<Data Name="IpPort">-</Data>
</EventData>
</Event>

<Event xmlns="http://schemas.microsoft.com/win/2004/08/events/event"><System><Provider Name="Microsoft-Windows-Security-Auditing" Guid="{54849625-5478-4994-a5ba-3e3b0328c30d}"></Provider>
<EventID Qualifiers="">4624</EventID>
<Version>2</Version>
<Level>0</Level>
<Task>12544</Task>
<Opcode>0</Opcode>
<Keywords>0x8020000000000000</Keywords>
<TimeCreated SystemTime="2020-10-23 09:21:58.350470"></TimeCreated>
<EventRecordID>136</EventRecordID>
<Correlation ActivityID="{f2d9b0db-a91d-0000-46b4-d9f21da9d601}" RelatedActivityID=""></Correlation>
<Execution ProcessID="792" ThreadID="840"></Execution>
<Channel>Security</Channel>
<Computer>WIN-PTFPHFCRDJ0</Computer>
<Security UserID=""></Security>
</System>
<EventData><Data Name="SubjectUserSid">S-1-5-18</Data>
<Data Name="SubjectUserName">WIN-PTFPHFCRDJ0$</Data>
<Data Name="SubjectDomainName">WORKGROUP</Data>
<Data Name="SubjectLogonId">0x00000000000003e7</Data>
<Data Name="TargetUserSid">S-1-5-96-0-0</Data>
<Data Name="TargetUserName">UMFD-0</Data>
<Data Name="TargetDomainName">Font Driver Host</Data>
<Data Name="TargetLogonId">0x000000000000a3ad</Data>
<Data Name="LogonType">2</Data>
<Data Name="LogonProcessName">Advapi  </Data>
<Data Name="AuthenticationPackageName">Negotiate</Data>
<Data Name="WorkstationName">-</Data>
<Data Name="LogonGuid">{00000000-0000-0000-0000-000000000000}</Data>
<Data Name="TransmittedServices">-</Data>
<Data Name="LmPackageName">-</Data>
<Data Name="KeyLength">0</Data>
<Data Name="ProcessId">0x0000000000000298</Data>
<Data Name="ProcessName">C:\Windows\System32\wininit.exe</Data>
<Data Name="IpAddress">-</Data>
<Data Name="IpPort">-</Data>
<Data Name="ImpersonationLevel">%%1833</Data>
<Data Name="RestrictedAdminMode">-</Data>
<Data Name="TargetOutboundUserName">-</Data>
<Data Name="TargetOutboundDomainName">-</Data>
<Data Name="VirtualAccount">%%1842</Data>
<Data Name="TargetLinkedLogonId">0x0000000000000000</Data>
<Data Name="ElevatedToken">%%1843</Data>
</EventData>
</Event>

<Event xmlns="http://schemas.microsoft.com/win/2004/08/events/event"><System><Provider Name="Microsoft-Windows-Security-Auditing" Guid="{54849625-5478-4994-a5ba-3e3b0328c30d}"></Provider>
<EventID Qualifiers="">4648</EventID>
<Version>0</Version>
<Level>0</Level>
<Task>12544</Task>
<Opcode>0</Opcode>
<Keywords>0x8020000000000000</Keywords>
<TimeCreated SystemTime="2020-10-23 09:21:58.350822"></TimeCreated>
<EventRecordID>137</EventRecordID>
<Correlation ActivityID="{f2d9b0db-a91d-0000-46b4-d9f21da9d601}" RelatedActivityID=""></Correlation>
<Execution ProcessID="792" ThreadID="848"></Execution>
<Channel>Security</Channel>
<Computer>WIN-PTFPHFCRDJ0</Computer>
<Security UserID=""></Security>
</System>
<EventData><Data Name="SubjectUserSid">S-1-5-18</Data>
<Data Name="SubjectUserName">WIN-PTFPHFCRDJ0$</Data>
<Data Name="SubjectDomainName">WORKGROUP</Data>
<Data Name="SubjectLogonId">0x00000000000003e7</Data>
<Data Name="LogonGuid">{00000000-0000-0000-0000-000000000000}</Data>
<Data Name="TargetUserName">UMFD-1</Data>
<Data Name="TargetDomainName">Font Driver Host</Data>
<Data Name="TargetLogonGuid">{00000000-0000-0000-0000-000000000000}</Data>
<Data Name="TargetServerName">localhost</Data>
<Data Name="TargetInfo">localhost</Data>
<Data Name="ProcessId">0x00000000000002d0</Data>
<Data Name="ProcessName">C:\Windows\System32\winlogon.exe</Data>
<Data Name="IpAddress">-</Data>
<Data Name="IpPort">-</Data>
</EventData>
</Event>

<Event xmlns="http://schemas.microsoft.com/win/2004/08/events/event"><System><Provider Name="Microsoft-Windows-Security-Auditing" Guid="{54849625-5478-4994-a5ba-3e3b0328c30d}"></Provider>
<EventID Qualifiers="">4624</EventID>
<Version>2</Version>
<Level>0</Level>
<Task>12544</Task>
<Opcode>0</Opcode>
<Keywords>0x8020000000000000</Keywords>
<TimeCreated SystemTime="2020-10-23 09:21:58.350834"></TimeCreated>
<EventRecordID>138</EventRecordID>
<Correlation ActivityID="{f2d9b0db-a91d-0000-46b4-d9f21da9d601}" RelatedActivityID=""></Correlation>
<Execution ProcessID="792" ThreadID="848"></Execution>
<Channel>Security</Channel>
<Computer>WIN-PTFPHFCRDJ0</Computer>
<Security UserID=""></Security>
</System>
<EventData><Data Name="SubjectUserSid">S-1-5-18</Data>
<Data Name="SubjectUserName">WIN-PTFPHFCRDJ0$</Data>
<Data Name="SubjectDomainName">WORKGROUP</Data>
<Data Name="SubjectLogonId">0x00000000000003e7</Data>
<Data Name="TargetUserSid">S-1-5-96-0-1</Data>
<Data Name="TargetUserName">UMFD-1</Data>
<Data Name="TargetDomainName">Font Driver Host</Data>
<Data Name="TargetLogonId">0x000000000000a399</Data>
<Data Name="LogonType">2</Data>
<Data Name="LogonProcessName">Advapi  </Data>
<Data Name="AuthenticationPackageName">Negotiate</Data>
<Data Name="WorkstationName">-</Data>
<Data Name="LogonGuid">{00000000-0000-0000-0000-000000000000}</Data>
<Data Name="TransmittedServices">-</Data>
<Data Name="LmPackageName">-</Data>
<Data Name="KeyLength">0</Data>
<Data Name="ProcessId">0x00000000000002d0</Data>
<Data Name="ProcessName">C:\Windows\System32\winlogon.exe</Data>
<Data Name="IpAddress">-</Data>
<Data Name="IpPort">-</Data>
<Data Name="ImpersonationLevel">%%1833</Data>
<Data Name="RestrictedAdminMode">-</Data>
<Data Name="TargetOutboundUserName">-</Data>
<Data Name="TargetOutboundDomainName">-</Data>
<Data Name="VirtualAccount">%%1842</Data>
<Data Name="TargetLinkedLogonId">0x0000000000000000</Data>
<Data Name="ElevatedToken">%%1843</Data>
</EventData>
</Event>

<Event xmlns="http://schemas.microsoft.com/win/2004/08/events/event"><System><Provider Name="Microsoft-Windows-Security-Auditing" Guid="{54849625-5478-4994-a5ba-3e3b0328c30d}"></Provider>
<EventID Qualifiers="">4624</EventID>
<Version>2</Version>
<Level>0</Level>
<Task>12544</Task>
<Opcode>0</Opcode>
<Keywords>0x8020000000000000</Keywords>
<TimeCreated SystemTime="2020-10-23 09:21:58.376656"></TimeCreated>
<EventRecordID>139</EventRecordID>
<Correlation ActivityID="{f2d9b0db-a91d-0000-46b4-d9f21da9d601}" RelatedActivityID=""></Correlation>
<Execution ProcessID="792" ThreadID="848"></Execution>
<Channel>Security</Channel>
<Computer>WIN-PTFPHFCRDJ0</Computer>
<Security UserID=""></Security>
</System>
<EventData><Data Name="SubjectUserSid">S-1-5-18</Data>
<Data Name="SubjectUserName">WIN-PTFPHFCRDJ0$</Data>
<Data Name="SubjectDomainName">WORKGROUP</Data>
<Data Name="SubjectLogonId">0x00000000000003e7</Data>
<Data Name="TargetUserSid">S-1-5-18</Data>
<Data Name="TargetUserName">SYSTEM</Data>
<Data Name="TargetDomainName">NT AUTHORITY</Data>
<Data Name="TargetLogonId">0x00000000000003e7</Data>
<Data Name="LogonType">5</Data>
<Data Name="LogonProcessName">Advapi  </Data>
<Data Name="AuthenticationPackageName">Negotiate</Data>
<Data Name="WorkstationName">-</Data>
<Data Name="LogonGuid">{00000000-0000-0000-0000-000000000000}</Data>
<Data Name="TransmittedServices">-</Data>
<Data Name="LmPackageName">-</Data>
<Data Name="KeyLength">0</Data>
<Data Name="ProcessId">0x0000000000000310</Data>
<Data Name="ProcessName">C:\Windows\System32\services.exe</Data>
<Data Name="IpAddress">-</Data>
<Data Name="IpPort">-</Data>
<Data Name="ImpersonationLevel">%%1833</Data>
<Data Name="RestrictedAdminMode">-</Data>
<Data Name="TargetOutboundUserName">-</Data>
<Data Name="TargetOutboundDomainName">-</Data>
<Data Name="VirtualAccount">%%1843</Data>
<Data Name="TargetLinkedLogonId">0x0000000000000000</Data>
<Data Name="ElevatedToken">%%1842</Data>
</EventData>
</Event>

<Event xmlns="http://schemas.microsoft.com/win/2004/08/events/event"><System><Provider Name="Microsoft-Windows-Security-Auditing" Guid="{54849625-5478-4994-a5ba-3e3b0328c30d}"></Provider>
<EventID Qualifiers="">4672</EventID>
<Version>0</Version>
<Level>0</Level>
<Task>12548</Task>
<Opcode>0</Opcode>
<Keywords>0x8020000000000000</Keywords>
<TimeCreated SystemTime="2020-10-23 09:21:58.376661"></TimeCreated>
<EventRecordID>140</EventRecordID>
<Correlation ActivityID="{f2d9b0db-a91d-0000-46b4-d9f21da9d601}" RelatedActivityID=""></Correlation>
<Execution ProcessID="792" ThreadID="848"></Execution>
<Channel>Security</Channel>
<Computer>WIN-PTFPHFCRDJ0</Computer>
<Security UserID=""></Security>
</System>
<EventData><Data Name="SubjectUserSid">S-1-5-18</Data>
<Data Name="SubjectUserName">SYSTEM</Data>
<Data Name="SubjectDomainName">NT AUTHORITY</Data>
<Data Name="SubjectLogonId">0x00000000000003e7</Data>
<Data Name="PrivilegeList">SeAssignPrimaryTokenPrivilege
			SeTcbPrivilege
			SeSecurityPrivilege
			SeTakeOwnershipPrivilege
			SeLoadDriverPrivilege
			SeBackupPrivilege
			SeRestorePrivilege
			SeDebugPrivilege
			SeAuditPrivilege
			SeSystemEnvironmentPrivilege
			SeImpersonatePrivilege
			SeDelegateSessionUserImpersonatePrivilege</Data>
</EventData>
</Event>

<Event xmlns="http://schemas.microsoft.com/win/2004/08/events/event"><System><Provider Name="Microsoft-Windows-Security-Auditing" Guid="{54849625-5478-4994-a5ba-3e3b0328c30d}"></Provider>
<EventID Qualifiers="">4624</EventID>
<Version>2</Version>
<Level>0</Level>
<Task>12544</Task>
<Opcode>0</Opcode>
<Keywords>0x8020000000000000</Keywords>
<TimeCreated SystemTime="2020-10-23 09:21:58.453070"></TimeCreated>
<EventRecordID>141</EventRecordID>
<Correlation ActivityID="{f2d9b0db-a91d-0000-46b4-d9f21da9d601}" RelatedActivityID=""></Correlation>
<Execution ProcessID="792" ThreadID="848"></Execution>
<Channel>Security</Channel>
<Computer>WIN-PTFPHFCRDJ0</Computer>
<Security UserID=""></Security>
</System>
<EventData><Data Name="SubjectUserSid">S-1-5-18</Data>
<Data Name="SubjectUserName">WIN-PTFPHFCRDJ0$</Data>
<Data Name="SubjectDomainName">WORKGROUP</Data>
<Data Name="SubjectLogonId">0x00000000000003e7</Data>
<Data Name="TargetUserSid">S-1-5-20</Data>
<Data Name="TargetUserName">NETWORK SERVICE</Data>
<Data Name="TargetDomainName">NT AUTHORITY</Data>
<Data Name="TargetLogonId">0x00000000000003e4</Data>
<Data Name="LogonType">5</Data>
<Data Name="LogonProcessName">Advapi  </Data>
<Data Name="AuthenticationPackageName">Negotiate</Data>
<Data Name="WorkstationName">-</Data>
<Data Name="LogonGuid">{00000000-0000-0000-0000-000000000000}</Data>
<Data Name="TransmittedServices">-</Data>
<Data Name="LmPackageName">-</Data>
<Data Name="KeyLength">0</Data>
<Data Name="ProcessId">0x0000000000000310</Data>
<Data Name="ProcessName">C:\Windows\System32\services.exe</Data>
<Data Name="IpAddress">-</Data>
<Data Name="IpPort">-</Data>
<Data Name="ImpersonationLevel">%%1833</Data>
<Data Name="RestrictedAdminMode">-</Data>
<Data Name="TargetOutboundUserName">-</Data>
<Data Name="TargetOutboundDomainName">-</Data>
<Data Name="VirtualAccount">%%1843</Data>
<Data Name="TargetLinkedLogonId">0x0000000000000000</Data>
<Data Name="ElevatedToken">%%1842</Data>
</EventData>
</Event>

<Event xmlns="http://schemas.microsoft.com/win/2004/08/events/event"><System><Provider Name="Microsoft-Windows-Security-Auditing" Guid="{54849625-5478-4994-a5ba-3e3b0328c30d}"></Provider>
<EventID Qualifiers="">4672</EventID>
<Version>0</Version>
<Level>0</Level>
<Task>12548</Task>
<Opcode>0</Opcode>
<Keywords>0x8020000000000000</Keywords>
<TimeCreated SystemTime="2020-10-23 09:21:58.453075"></TimeCreated>
<EventRecordID>142</EventRecordID>
<Correlation ActivityID="{f2d9b0db-a91d-0000-46b4-d9f21da9d601}" RelatedActivityID=""></Correlation>
<Execution ProcessID="792" ThreadID="848"></Execution>
<Channel>Security</Channel>
<Computer>WIN-PTFPHFCRDJ0</Computer>
<Security UserID=""></Security>
</System>
<EventData><Data Name="SubjectUserSid">S-1-5-20</Data>
<Data Name="SubjectUserName">NETWORK SERVICE</Data>
<Data Name="SubjectDomainName">NT AUTHORITY</Data>
<Data Name="SubjectLogonId">0x00000000000003e4</Data>
<Data Name="PrivilegeList">SeAssignPrimaryTokenPrivilege
			SeAuditPrivilege
			SeImpersonatePrivilege</Data>
</EventData>
</Event>

<Event xmlns="http://schemas.microsoft.com/win/2004/08/events/event"><System><Provider Name="Microsoft-Windows-Security-Auditing" Guid="{54849625-5478-4994-a5ba-3e3b0328c30d}"></Provider>
<EventID Qualifiers="">4624</EventID>
<Version>2</Version>
<Level>0</Level>
<Task>12544</Task>
<Opcode>0</Opcode>
<Keywords>0x8020000000000000</Keywords>
<TimeCreated SystemTime="2020-10-23 09:21:58.618109"></TimeCreated>
<EventRecordID>143</EventRecordID>
<Correlation ActivityID="{f2d9b0db-a91d-0000-46b4-d9f21da9d601}" RelatedActivityID=""></Correlation>
<Execution ProcessID="792" ThreadID="840"></Execution>
<Channel>Security</Channel>
<Computer>WIN-PTFPHFCRDJ0</Computer>
<Security UserID=""></Security>
</System>
<EventData><Data Name="SubjectUserSid">S-1-5-18</Data>
<Data Name="SubjectUserName">WIN-PTFPHFCRDJ0$</Data>
<Data Name="SubjectDomainName">WORKGROUP</Data>
<Data Name="SubjectLogonId">0x00000000000003e7</Data>
<Data Name="TargetUserSid">S-1-5-18</Data>
<Data Name="TargetUserName">SYSTEM</Data>
<Data Name="TargetDomainName">NT AUTHORITY</Data>
<Data Name="TargetLogonId">0x00000000000003e7</Data>
<Data Name="LogonType">5</Data>
<Data Name="LogonProcessName">Advapi  </Data>
<Data Name="AuthenticationPackageName">Negotiate</Data>
<Data Name="WorkstationName">-</Data>
<Data Name="LogonGuid">{00000000-0000-0000-0000-000000000000}</Data>
<Data Name="TransmittedServices">-</Data>
<Data Name="LmPackageName">-</Data>
<Data Name="KeyLength">0</Data>
<Data Name="ProcessId">0x0000000000000310</Data>
<Data Name="ProcessName">C:\Windows\System32\services.exe</Data>
<Data Name="IpAddress">-</Data>
<Data Name="IpPort">-</Data>
<Data Name="ImpersonationLevel">%%1833</Data>
<Data Name="RestrictedAdminMode">-</Data>
<Data Name="TargetOutboundUserName">-</Data>
<Data Name="TargetOutboundDomainName">-</Data>
<Data Name="VirtualAccount">%%1843</Data>
<Data Name="TargetLinkedLogonId">0x0000000000000000</Data>
<Data Name="ElevatedToken">%%1842</Data>
</EventData>
</Event>

<Event xmlns="http://schemas.microsoft.com/win/2004/08/events/event"><System><Provider Name="Microsoft-Windows-Security-Auditing" Guid="{54849625-5478-4994-a5ba-3e3b0328c30d}"></Provider>
<EventID Qualifiers="">4672</EventID>
<Version>0</Version>
<Level>0</Level>
<Task>12548</Task>
<Opcode>0</Opcode>
<Keywords>0x8020000000000000</Keywords>
<TimeCreated SystemTime="2020-10-23 09:21:58.618113"></TimeCreated>
<EventRecordID>144</EventRecordID>
<Correlation ActivityID="{f2d9b0db-a91d-0000-46b4-d9f21da9d601}" RelatedActivityID=""></Correlation>
<Execution ProcessID="792" ThreadID="840"></Execution>
<Channel>Security</Channel>
<Computer>WIN-PTFPHFCRDJ0</Computer>
<Security UserID=""></Security>
</System>
<EventData><Data Name="SubjectUserSid">S-1-5-18</Data>
<Data Name="SubjectUserName">SYSTEM</Data>
<Data Name="SubjectDomainName">NT AUTHORITY</Data>
<Data Name="SubjectLogonId">0x00000000000003e7</Data>
<Data Name="PrivilegeList">SeAssignPrimaryTokenPrivilege
			SeTcbPrivilege
			SeSecurityPrivilege
			SeTakeOwnershipPrivilege
			SeLoadDriverPrivilege
			SeBackupPrivilege
			SeRestorePrivilege
			SeDebugPrivilege
			SeAuditPrivilege
			SeSystemEnvironmentPrivilege
			SeImpersonatePrivilege
			SeDelegateSessionUserImpersonatePrivilege</Data>
</EventData>
</Event>

<Event xmlns="http://schemas.microsoft.com/win/2004/08/events/event"><System><Provider Name="Microsoft-Windows-Security-Auditing" Guid="{54849625-5478-4994-a5ba-3e3b0328c30d}"></Provider>
<EventID Qualifiers="">4648</EventID>
<Version>0</Version>
<Level>0</Level>
<Task>12544</Task>
<Opcode>0</Opcode>
<Keywords>0x8020000000000000</Keywords>
<TimeCreated SystemTime="2020-10-23 09:21:58.637953"></TimeCreated>
<EventRecordID>145</EventRecordID>
<Correlation ActivityID="{f2d9b0db-a91d-0000-46b4-d9f21da9d601}" RelatedActivityID=""></Correlation>
<Execution ProcessID="792" ThreadID="840"></Execution>
<Channel>Security</Channel>
<Computer>WIN-PTFPHFCRDJ0</Computer>
<Security UserID=""></Security>
</System>
<EventData><Data Name="SubjectUserSid">S-1-5-18</Data>
<Data Name="SubjectUserName">WIN-PTFPHFCRDJ0$</Data>
<Data Name="SubjectDomainName">WORKGROUP</Data>
<Data Name="SubjectLogonId">0x00000000000003e7</Data>
<Data Name="LogonGuid">{00000000-0000-0000-0000-000000000000}</Data>
<Data Name="TargetUserName">DWM-1</Data>
<Data Name="TargetDomainName">Window Manager</Data>
<Data Name="TargetLogonGuid">{00000000-0000-0000-0000-000000000000}</Data>
<Data Name="TargetServerName">localhost</Data>
<Data Name="TargetInfo">localhost</Data>
<Data Name="ProcessId">0x00000000000002d0</Data>
<Data Name="ProcessName">C:\Windows\System32\winlogon.exe</Data>
<Data Name="IpAddress">-</Data>
<Data Name="IpPort">-</Data>
</EventData>
</Event>

