<Event xmlns="http://schemas.microsoft.com/win/2004/08/events/event"><System><Provider Name="Microsoft-Windows-Security-Auditing" Guid="{54849625-5478-4994-a5ba-3e3b0328c30d}"></Provider>
<EventID Qualifiers="">4797</EventID>
<Version>0</Version>
<Level>0</Level>
<Task>13824</Task>
<Opcode>0</Opcode>
<Keywords>0x8020000000000000</Keywords>
<TimeCreated SystemTime="2020-10-22 23:29:09.193214"></TimeCreated>
<EventRecordID>577</EventRecordID>
<Correlation ActivityID="{eae887f7-a8b5-0000-7c8b-e8eab5a8d601}" RelatedActivityID=""></Correlation>
<Execution ProcessID="824" ThreadID="4824"></Execution>
<Channel>Security</Channel>
<Computer>WIN-PTFPHFCRDJ0</Computer>
<Security UserID=""></Security>
</System>
<EventData><Data Name="SubjectUserSid">S-1-5-21-1152959844-3645458174-3779170896-1000</Data>
<Data Name="SubjectUserName">user</Data>
<Data Name="SubjectDomainName">WIN-PTFPHFCRDJ0</Data>
<Data Name="SubjectLogonId">0x000000000002ef7a</Data>
<Data Name="Workstation">WIN-PTFPHFCRDJ0</Data>
<Data Name="TargetUserName">DefaultAccount</Data>
<Data Name="TargetDomainName">WIN-PTFPHFCRDJ0</Data>
</EventData>
</Event>

<Event xmlns="http://schemas.microsoft.com/win/2004/08/events/event"><System><Provider Name="Microsoft-Windows-Security-Auditing" Guid="{54849625-5478-4994-a5ba-3e3b0328c30d}"></Provider>
<EventID Qualifiers="">4797</EventID>
<Version>0</Version>
<Level>0</Level>
<Task>13824</Task>
<Opcode>0</Opcode>
<Keywords>0x8020000000000000</Keywords>
<TimeCreated SystemTime="2020-10-22 23:29:09.194464"></TimeCreated>
<EventRecordID>578</EventRecordID>
<Correlation ActivityID="{eae887f7-a8b5-0000-7c8b-e8eab5a8d601}" RelatedActivityID=""></Correlation>
<Execution ProcessID="824" ThreadID="4824"></Execution>
<Channel>Security</Channel>
<Computer>WIN-PTFPHFCRDJ0</Computer>
<Security UserID=""></Security>
</System>
<EventData><Data Name="SubjectUserSid">S-1-5-21-1152959844-3645458174-3779170896-1000</Data>
<Data Name="SubjectUserName">user</Data>
<Data Name="SubjectDomainName">WIN-PTFPHFCRDJ0</Data>
<Data Name="SubjectLogonId">0x000000000002ef7a</Data>
<Data Name="Workstation">WIN-PTFPHFCRDJ0</Data>
<Data Name="TargetUserName">Guest</Data>
<Data Name="TargetDomainName">WIN-PTFPHFCRDJ0</Data>
</EventData>
</Event>

<Event xmlns="http://schemas.microsoft.com/win/2004/08/events/event"><System><Provider Name="Microsoft-Windows-Security-Auditing" Guid="{54849625-5478-4994-a5ba-3e3b0328c30d}"></Provider>
<EventID Qualifiers="">4797</EventID>
<Version>0</Version>
<Level>0</Level>
<Task>13824</Task>
<Opcode>0</Opcode>
<Keywords>0x8020000000000000</Keywords>
<TimeCreated SystemTime="2020-10-22 23:29:09.197256"></TimeCreated>
<EventRecordID>579</EventRecordID>
<Correlation ActivityID="{eae887f7-a8b5-0000-7c8b-e8eab5a8d601}" RelatedActivityID=""></Correlation>
<Execution ProcessID="824" ThreadID="4824"></Execution>
<Channel>Security</Channel>
<Computer>WIN-PTFPHFCRDJ0</Computer>
<Security UserID=""></Security>
</System>
<EventData><Data Name="SubjectUserSid">S-1-5-21-1152959844-3645458174-3779170896-1000</Data>
<Data Name="SubjectUserName">user</Data>
<Data Name="SubjectDomainName">WIN-PTFPHFCRDJ0</Data>
<Data Name="SubjectLogonId">0x000000000002ef7a</Data>
<Data Name="Workstation">WIN-PTFPHFCRDJ0</Data>
<Data Name="TargetUserName">WDAGUtilityAccount</Data>
<Data Name="TargetDomainName">WIN-PTFPHFCRDJ0</Data>
</EventData>
</Event>

<Event xmlns="http://schemas.microsoft.com/win/2004/08/events/event"><System><Provider Name="Microsoft-Windows-Security-Auditing" Guid="{54849625-5478-4994-a5ba-3e3b0328c30d}"></Provider>
<EventID Qualifiers="">4798</EventID>
<Version>0</Version>
<Level>0</Level>
<Task>13824</Task>
<Opcode>0</Opcode>
<Keywords>0x8020000000000000</Keywords>
<TimeCreated SystemTime="2020-10-22 23:34:23.502842"></TimeCreated>
<EventRecordID>580</EventRecordID>
<Correlation ActivityID="{eae887f7-a8b5-0000-7c8b-e8eab5a8d601}" RelatedActivityID=""></Correlation>
<Execution ProcessID="824" ThreadID="4824"></Execution>
<Channel>Security</Channel>
<Computer>WIN-PTFPHFCRDJ0</Computer>
<Security UserID=""></Security>
</System>
<EventData><Data Name="TargetUserName">user</Data>
<Data Name="TargetDomainName">WIN-PTFPHFCRDJ0</Data>
<Data Name="TargetSid">S-1-5-21-1152959844-3645458174-3779170896-1000</Data>
<Data Name="SubjectUserSid">S-1-5-21-1152959844-3645458174-3779170896-1000</Data>
<Data Name="SubjectUserName">user</Data>
<Data Name="SubjectDomainName">WIN-PTFPHFCRDJ0</Data>
<Data Name="SubjectLogonId">0x000000000002ef7a</Data>
<Data Name="CallerProcessId">0x0000000000000e70</Data>
<Data Name="CallerProcessName">C:\Windows\explorer.exe</Data>
</EventData>
</Event>

<Event xmlns="http://schemas.microsoft.com/win/2004/08/events/event"><System><Provider Name="Microsoft-Windows-Security-Auditing" Guid="{54849625-5478-4994-a5ba-3e3b0328c30d}"></Provider>
<EventID Qualifiers="">4624</EventID>
<Version>2</Version>
<Level>0</Level>
<Task>12544</Task>
<Opcode>0</Opcode>
<Keywords>0x8020000000000000</Keywords>
<TimeCreated SystemTime="2020-10-22 23:34:35.702087"></TimeCreated>
<EventRecordID>581</EventRecordID>
<Correlation ActivityID="{eae887f7-a8b5-0000-7c8b-e8eab5a8d601}" RelatedActivityID=""></Correlation>
<Execution ProcessID="824" ThreadID="876"></Execution>
<Channel>Security</Channel>
<Computer>WIN-PTFPHFCRDJ0</Computer>
<Security UserID=""></Security>
</System>
<EventData><Data Name="SubjectUserSid">S-1-5-18</Data>
<Data Name="SubjectUserName">WIN-PTFPHFCRDJ0$</Data>
<Data Name="SubjectDomainName">WORKGROUP</Data>
<Data Name="SubjectLogonId">0x00000000000003e7</Data>
<Data Name="TargetUserSid">S-1-5-18</Data>
<Data Name="TargetUserName">SYSTEM</Data>
<Data Name="TargetDomainName">NT AUTHORITY</Data>
<Data Name="TargetLogonId">0x00000000000003e7</Data>
<Data Name="LogonType">5</Data>
<Data Name="LogonProcessName">Advapi  </Data>
<Data Name="AuthenticationPackageName">Negotiate</Data>
<Data Name="WorkstationName">-</Data>
<Data Name="LogonGuid">{00000000-0000-0000-0000-000000000000}</Data>
<Data Name="TransmittedServices">-</Data>
<Data Name="LmPackageName">-</Data>
<Data Name="KeyLength">0</Data>
<Data Name="ProcessId">0x0000000000000330</Data>
<Data Name="ProcessName">C:\Windows\System32\services.exe</Data>
<Data Name="IpAddress">-</Data>
<Data Name="IpPort">-</Data>
<Data Name="ImpersonationLevel">%%1833</Data>
<Data Name="RestrictedAdminMode">-</Data>
<Data Name="TargetOutboundUserName">-</Data>
<Data Name="TargetOutboundDomainName">-</Data>
<Data Name="VirtualAccount">%%1843</Data>
<Data Name="TargetLinkedLogonId">0x0000000000000000</Data>
<Data Name="ElevatedToken">%%1842</Data>
</EventData>
</Event>

<Event xmlns="http://schemas.microsoft.com/win/2004/08/events/event"><System><Provider Name="Microsoft-Windows-Security-Auditing" Guid="{54849625-5478-4994-a5ba-3e3b0328c30d}"></Provider>
<EventID Qualifiers="">4672</EventID>
<Version>0</Version>
<Level>0</Level>
<Task>12548</Task>
<Opcode>0</Opcode>
<Keywords>0x8020000000000000</Keywords>
<TimeCreated SystemTime="2020-10-22 23:34:35.702093"></TimeCreated>
<EventRecordID>582</EventRecordID>
<Correlation ActivityID="{eae887f7-a8b5-0000-7c8b-e8eab5a8d601}" RelatedActivityID=""></Correlation>
<Execution ProcessID="824" ThreadID="876"></Execution>
<Channel>Security</Channel>
<Computer>WIN-PTFPHFCRDJ0</Computer>
<Security UserID=""></Security>
</System>
<EventData><Data Name="SubjectUserSid">S-1-5-18</Data>
<Data Name="SubjectUserName">SYSTEM</Data>
<Data Name="SubjectDomainName">NT AUTHORITY</Data>
<Data Name="SubjectLogonId">0x00000000000003e7</Data>
<Data Name="PrivilegeList">SeAssignPrimaryTokenPrivilege
			SeTcbPrivilege
			SeSecurityPrivilege
			SeTakeOwnershipPrivilege
			SeLoadDriverPrivilege
			SeBackupPrivilege
			SeRestorePrivilege
			SeDebugPrivilege
			SeAuditPrivilege
			SeSystemEnvironmentPrivilege
			SeImpersonatePrivilege
			SeDelegateSessionUserImpersonatePrivilege</Data>
</EventData>
</Event>

<Event xmlns="http://schemas.microsoft.com/win/2004/08/events/event"><System><Provider Name="Microsoft-Windows-Security-Auditing" Guid="{54849625-5478-4994-a5ba-3e3b0328c30d}"></Provider>
<EventID Qualifiers="">4647</EventID>
<Version>0</Version>
<Level>0</Level>
<Task>12545</Task>
<Opcode>0</Opcode>
<Keywords>0x8020000000000000</Keywords>
<TimeCreated SystemTime="2020-10-22 23:34:38.099165"></TimeCreated>
<EventRecordID>583</EventRecordID>
<Correlation ActivityID="{eae887f7-a8b5-0000-7c8b-e8eab5a8d601}" RelatedActivityID=""></Correlation>
<Execution ProcessID="824" ThreadID="2832"></Execution>
<Channel>Security</Channel>
<Computer>WIN-PTFPHFCRDJ0</Computer>
<Security UserID=""></Security>
</System>
<EventData><Data Name="TargetUserSid">S-1-5-21-1152959844-3645458174-3779170896-1000</Data>
<Data Name="TargetUserName">user</Data>
<Data Name="TargetDomainName">WIN-PTFPHFCRDJ0</Data>
<Data Name="TargetLogonId">0x000000000002ef7a</Data>
</EventData>
</Event>

<Event xmlns="http://schemas.microsoft.com/win/2004/08/events/event"><System><Provider Name="Microsoft-Windows-Eventlog" Guid="{fc65ddd8-d6ef-4962-83d5-6e5cfe9ce148}"></Provider>
<EventID Qualifiers="">1100</EventID>
<Version>0</Version>
<Level>4</Level>
<Task>103</Task>
<Opcode>0</Opcode>
<Keywords>0x4020000000000000</Keywords>
<TimeCreated SystemTime="2020-10-22 23:34:40.213306"></TimeCreated>
<EventRecordID>584</EventRecordID>
<Correlation ActivityID="" RelatedActivityID=""></Correlation>
<Execution ProcessID="1100" ThreadID="2596"></Execution>
<Channel>Security</Channel>
<Computer>WIN-PTFPHFCRDJ0</Computer>
<Security UserID=""></Security>
</System>
<UserData><ServiceShutdown xmlns="http://manifests.microsoft.com/win/2004/08/windows/eventlog"></ServiceShutdown>
</UserData>
</Event>

<Event xmlns="http://schemas.microsoft.com/win/2004/08/events/event"><System><Provider Name="Microsoft-Windows-Security-Auditing" Guid="{54849625-5478-4994-a5ba-3e3b0328c30d}"></Provider>
<EventID Qualifiers="">5379</EventID>
<Version>0</Version>
<Level>0</Level>
<Task>13824</Task>
<Opcode>0</Opcode>
<Keywords>0x8020000000000000</Keywords>
<TimeCreated SystemTime="2020-10-22 23:34:39.619808"></TimeCreated>
<EventRecordID>585</EventRecordID>
<Correlation ActivityID="{eae887f7-a8b5-0000-7c8b-e8eab5a8d601}" RelatedActivityID=""></Correlation>
<Execution ProcessID="824" ThreadID="876"></Execution>
<Channel>Security</Channel>
<Computer>WIN-PTFPHFCRDJ0</Computer>
<Security UserID=""></Security>
</System>
<EventData><Data Name="SubjectUserSid">S-1-5-18</Data>
<Data Name="SubjectUserName">WIN-PTFPHFCRDJ0$</Data>
<Data Name="SubjectDomainName">WORKGROUP</Data>
<Data Name="SubjectLogonId">0x00000000000003e7</Data>
<Data Name="TargetName">MicrosoftAccount:user=02uvtnvvairqjmps</Data>
<Data Name="Type">0</Data>
<Data Name="CountOfCredentialsReturned">0</Data>
<Data Name="ReadOperation">%%8100</Data>
<Data Name="ReturnCode">3221226021</Data>
<Data Name="ProcessCreationTime">2020-10-22 20:57:20.137558</Data>
<Data Name="ClientProcessId">1392</Data>
</EventData>
</Event>

<Event xmlns="http://schemas.microsoft.com/win/2004/08/events/event"><System><Provider Name="Microsoft-Windows-Security-Auditing" Guid="{54849625-5478-4994-a5ba-3e3b0328c30d}"></Provider>
<EventID Qualifiers="">5379</EventID>
<Version>0</Version>
<Level>0</Level>
<Task>13824</Task>
<Opcode>0</Opcode>
<Keywords>0x8020000000000000</Keywords>
<TimeCreated SystemTime="2020-10-22 23:34:39.619919"></TimeCreated>
<EventRecordID>586</EventRecordID>
<Correlation ActivityID="{eae887f7-a8b5-0000-7c8b-e8eab5a8d601}" RelatedActivityID=""></Correlation>
<Execution ProcessID="824" ThreadID="876"></Execution>
<Channel>Security</Channel>
<Computer>WIN-PTFPHFCRDJ0</Computer>
<Security UserID=""></Security>
</System>
<EventData><Data Name="SubjectUserSid">S-1-5-18</Data>
<Data Name="SubjectUserName">WIN-PTFPHFCRDJ0$</Data>
<Data Name="SubjectDomainName">WORKGROUP</Data>
<Data Name="SubjectLogonId">0x00000000000003e7</Data>
<Data Name="TargetName">MicrosoftAccount:user=02uvtnvvairqjmps</Data>
<Data Name="Type">0</Data>
<Data Name="CountOfCredentialsReturned">0</Data>
<Data Name="ReadOperation">%%8100</Data>
<Data Name="ReturnCode">3221226021</Data>
<Data Name="ProcessCreationTime">2020-10-22 20:57:20.137558</Data>
<Data Name="ClientProcessId">1392</Data>
</EventData>
</Event>

<Event xmlns="http://schemas.microsoft.com/win/2004/08/events/event"><System><Provider Name="Microsoft-Windows-Security-Auditing" Guid="{54849625-5478-4994-a5ba-3e3b0328c30d}"></Provider>
<EventID Qualifiers="">4616</EventID>
<Version>1</Version>
<Level>0</Level>
<Task>12288</Task>
<Opcode>0</Opcode>
<Keywords>0x8020000000000000</Keywords>
<TimeCreated SystemTime="2020-10-22 23:34:40.246668"></TimeCreated>
<EventRecordID>587</EventRecordID>
<Correlation ActivityID="" RelatedActivityID=""></Correlation>
<Execution ProcessID="4" ThreadID="4124"></Execution>
<Channel>Security</Channel>
<Computer>WIN-PTFPHFCRDJ0</Computer>
<Security UserID=""></Security>
</System>
<EventData><Data Name="SubjectUserSid">S-1-5-19</Data>
<Data Name="SubjectUserName">LOCAL SERVICE</Data>
<Data Name="SubjectDomainName">NT AUTHORITY</Data>
<Data Name="SubjectLogonId">0x00000000000003e5</Data>
<Data Name="PreviousTime">2020-10-22 23:34:40.244741</Data>
<Data Name="NewTime">2020-10-22 23:34:40.246147</Data>
<Data Name="ProcessId">0x0000000000000898</Data>
<Data Name="ProcessName">C:\Windows\System32\svchost.exe</Data>
</EventData>
</Event>

<Event xmlns="http://schemas.microsoft.com/win/2004/08/events/event"><System><Provider Name="Microsoft-Windows-Security-Auditing" Guid="{54849625-5478-4994-a5ba-3e3b0328c30d}"></Provider>
<EventID Qualifiers="">4688</EventID>
<Version>2</Version>
<Level>0</Level>
<Task>13312</Task>
<Opcode>0</Opcode>
<Keywords>0x8020000000000000</Keywords>
<TimeCreated SystemTime="2020-10-23 12:26:54.656181"></TimeCreated>
<EventRecordID>588</EventRecordID>
<Correlation ActivityID="" RelatedActivityID=""></Correlation>
<Execution ProcessID="4" ThreadID="88"></Execution>
<Channel>Security</Channel>
<Computer>WIN-PTFPHFCRDJ0</Computer>
<Security UserID=""></Security>
</System>
<EventData><Data Name="SubjectUserSid">S-1-5-18</Data>
<Data Name="SubjectUserName">-</Data>
<Data Name="SubjectDomainName">-</Data>
<Data Name="SubjectLogonId">0x00000000000003e7</Data>
<Data Name="NewProcessId">0x0000000000000044</Data>
<Data Name="NewProcessName">Registry</Data>
<Data Name="TokenElevationType">%%1936</Data>
<Data Name="ProcessId">0x0000000000000004</Data>
<Data Name="CommandLine"></Data>
<Data Name="TargetUserSid">S-1-0-0</Data>
<Data Name="TargetUserName">-</Data>
<Data Name="TargetDomainName">-</Data>
<Data Name="TargetLogonId">0x0000000000000000</Data>
<Data Name="ParentProcessName"></Data>
<Data Name="MandatoryLabel">S-1-16-16384</Data>
</EventData>
</Event>

<Event xmlns="http://schemas.microsoft.com/win/2004/08/events/event"><System><Provider Name="Microsoft-Windows-Security-Auditing" Guid="{54849625-5478-4994-a5ba-3e3b0328c30d}"></Provider>
<EventID Qualifiers="">4696</EventID>
<Version>0</Version>
<Level>0</Level>
<Task>13312</Task>
<Opcode>0</Opcode>
<Keywords>0x8020000000000000</Keywords>
<TimeCreated SystemTime="2020-10-23 12:26:54.656366"></TimeCreated>
<EventRecordID>589</EventRecordID>
<Correlation ActivityID="" RelatedActivityID=""></Correlation>
<Execution ProcessID="4" ThreadID="88"></Execution>
<Channel>Security</Channel>
<Computer>WIN-PTFPHFCRDJ0</Computer>
<Security UserID=""></Security>
</System>
<EventData><Data Name="SubjectUserSid">S-1-5-18</Data>
<Data Name="SubjectUserName">-</Data>
<Data Name="SubjectDomainName">-</Data>
<Data Name="SubjectLogonId">0x00000000000003e7</Data>
<Data Name="TargetUserSid">S-1-0-0</Data>
<Data Name="TargetUserName">-</Data>
<Data Name="TargetDomainName">-</Data>
<Data Name="TargetLogonId">0x00000000000003e7</Data>
<Data Name="TargetProcessId">0x0000000000000044</Data>
<Data Name="TargetProcessName">Registry</Data>
<Data Name="ProcessId">0x0000000000000004</Data>
<Data Name="ProcessName"></Data>
</EventData>
</Event>

<Event xmlns="http://schemas.microsoft.com/win/2004/08/events/event"><System><Provider Name="Microsoft-Windows-Security-Auditing" Guid="{54849625-5478-4994-a5ba-3e3b0328c30d}"></Provider>
<EventID Qualifiers="">4826</EventID>
<Version>0</Version>
<Level>0</Level>
<Task>13573</Task>
<Opcode>0</Opcode>
<Keywords>0x8020000000000000</Keywords>
<TimeCreated SystemTime="2020-10-23 12:26:54.656370"></TimeCreated>
<EventRecordID>590</EventRecordID>
<Correlation ActivityID="" RelatedActivityID=""></Correlation>
<Execution ProcessID="4" ThreadID="88"></Execution>
<Channel>Security</Channel>
<Computer>WIN-PTFPHFCRDJ0</Computer>
<Security UserID=""></Security>
</System>
<EventData><Data Name="SubjectUserSid">S-1-5-18</Data>
<Data Name="SubjectUserName">-</Data>
<Data Name="SubjectDomainName">-</Data>
<Data Name="SubjectLogonId">0x00000000000003e7</Data>
<Data Name="LoadOptions">-</Data>
<Data Name="AdvancedOptions">%%1843</Data>
<Data Name="ConfigAccessPolicy">%%1846</Data>
<Data Name="RemoteEventLogging">%%1843</Data>
<Data Name="KernelDebug">%%1843</Data>
<Data Name="VsmLaunchType">%%1848</Data>
<Data Name="TestSigning">%%1843</Data>
<Data Name="FlightSigning">%%1843</Data>
<Data Name="DisableIntegrityChecks">%%1843</Data>
<Data Name="HypervisorLoadOptions">-</Data>
<Data Name="HypervisorLaunchType">%%1848</Data>
<Data Name="HypervisorDebug">%%1843</Data>
</EventData>
</Event>

<Event xmlns="http://schemas.microsoft.com/win/2004/08/events/event"><System><Provider Name="Microsoft-Windows-Security-Auditing" Guid="{54849625-5478-4994-a5ba-3e3b0328c30d}"></Provider>
<EventID Qualifiers="">4688</EventID>
<Version>2</Version>
<Level>0</Level>
<Task>13312</Task>
<Opcode>0</Opcode>
<Keywords>0x8020000000000000</Keywords>
<TimeCreated SystemTime="2020-10-23 12:26:55.125738"></TimeCreated>
<EventRecordID>591</EventRecordID>
<Correlation ActivityID="" RelatedActivityID=""></Correlation>
<Execution ProcessID="4" ThreadID="88"></Execution>
<Channel>Security</Channel>
<Computer>WIN-PTFPHFCRDJ0</Computer>
<Security UserID=""></Security>
</System>
<EventData><Data Name="SubjectUserSid">S-1-5-18</Data>
<Data Name="SubjectUserName">-</Data>
<Data Name="SubjectDomainName">-</Data>
<Data Name="SubjectLogonId">0x00000000000003e7</Data>
<Data Name="NewProcessId">0x00000000000001ec</Data>
<Data Name="NewProcessName">C:\Windows\System32\smss.exe</Data>
<Data Name="TokenElevationType">%%1936</Data>
<Data Name="ProcessId">0x0000000000000004</Data>
<Data Name="CommandLine"></Data>
<Data Name="TargetUserSid">S-1-0-0</Data>
<Data Name="TargetUserName">-</Data>
<Data Name="TargetDomainName">-</Data>
<Data Name="TargetLogonId">0x0000000000000000</Data>
<Data Name="ParentProcessName"></Data>
<Data Name="MandatoryLabel">S-1-16-16384</Data>
</EventData>
</Event>

<Event xmlns="http://schemas.microsoft.com/win/2004/08/events/event"><System><Provider Name="Microsoft-Windows-Security-Auditing" Guid="{54849625-5478-4994-a5ba-3e3b0328c30d}"></Provider>
<EventID Qualifiers="">4688</EventID>
<Version>2</Version>
<Level>0</Level>
<Task>13312</Task>
<Opcode>0</Opcode>
<Keywords>0x8020000000000000</Keywords>
<TimeCreated SystemTime="2020-10-23 12:27:17.858599"></TimeCreated>
<EventRecordID>592</EventRecordID>
<Correlation ActivityID="" RelatedActivityID=""></Correlation>
<Execution ProcessID="4" ThreadID="428"></Execution>
<Channel>Security</Channel>
<Computer>WIN-PTFPHFCRDJ0</Computer>
<Security UserID=""></Security>
</System>
<EventData><Data Name="SubjectUserSid">S-1-5-18</Data>
<Data Name="SubjectUserName">-</Data>
<Data Name="SubjectDomainName">-</Data>
<Data Name="SubjectLogonId">0x00000000000003e7</Data>
<Data Name="NewProcessId">0x0000000000000218</Data>
<Data Name="NewProcessName">C:\Windows\System32\autochk.exe</Data>
<Data Name="TokenElevationType">%%1936</Data>
<Data Name="ProcessId">0x00000000000001ec</Data>
<Data Name="CommandLine"></Data>
<Data Name="TargetUserSid">S-1-0-0</Data>
<Data Name="TargetUserName">-</Data>
<Data Name="TargetDomainName">-</Data>
<Data Name="TargetLogonId">0x0000000000000000</Data>
<Data Name="ParentProcessName">C:\Windows\System32\smss.exe</Data>
<Data Name="MandatoryLabel">S-1-16-16384</Data>
</EventData>
</Event>

<Event xmlns="http://schemas.microsoft.com/win/2004/08/events/event"><System><Provider Name="Microsoft-Windows-Security-Auditing" Guid="{54849625-5478-4994-a5ba-3e3b0328c30d}"></Provider>
<EventID Qualifiers="">4688</EventID>
<Version>2</Version>
<Level>0</Level>
<Task>13312</Task>
<Opcode>0</Opcode>
<Keywords>0x8020000000000000</Keywords>
<TimeCreated SystemTime="2020-10-23 12:27:20.474144"></TimeCreated>
<EventRecordID>593</EventRecordID>
<Correlation ActivityID="" RelatedActivityID=""></Correlation>
<Execution ProcessID="4" ThreadID="424"></Execution>
<Channel>Security</Channel>
<Computer>WIN-PTFPHFCRDJ0</Computer>
<Security UserID=""></Security>
</System>
<EventData><Data Name="SubjectUserSid">S-1-5-18</Data>
<Data Name="SubjectUserName">-</Data>
<Data Name="SubjectDomainName">-</Data>
<Data Name="SubjectLogonId">0x00000000000003e7</Data>
<Data Name="NewProcessId">0x0000000000000250</Data>
<Data Name="NewProcessName">C:\Windows\System32\smss.exe</Data>
<Data Name="TokenElevationType">%%1936</Data>
<Data Name="ProcessId">0x00000000000001ec</Data>
<Data Name="CommandLine"></Data>
<Data Name="TargetUserSid">S-1-0-0</Data>
<Data Name="TargetUserName">-</Data>
<Data Name="TargetDomainName">-</Data>
<Data Name="TargetLogonId">0x0000000000000000</Data>
<Data Name="ParentProcessName">C:\Windows\System32\smss.exe</Data>
<Data Name="MandatoryLabel">S-1-16-16384</Data>
</EventData>
</Event>

<Event xmlns="http://schemas.microsoft.com/win/2004/08/events/event"><System><Provider Name="Microsoft-Windows-Security-Auditing" Guid="{54849625-5478-4994-a5ba-3e3b0328c30d}"></Provider>
<EventID Qualifiers="">4688</EventID>
<Version>2</Version>
<Level>0</Level>
<Task>13312</Task>
<Opcode>0</Opcode>
<Keywords>0x8020000000000000</Keywords>
<TimeCreated SystemTime="2020-10-23 12:27:21.083761"></TimeCreated>
<EventRecordID>594</EventRecordID>
<Correlation ActivityID="" RelatedActivityID=""></Correlation>
<Execution ProcessID="4" ThreadID="416"></Execution>
<Channel>Security</Channel>
<Computer>WIN-PTFPHFCRDJ0</Computer>
<Security UserID=""></Security>
</System>
<EventData><Data Name="SubjectUserSid">S-1-5-18</Data>
<Data Name="SubjectUserName">-</Data>
<Data Name="SubjectDomainName">-</Data>
<Data Name="SubjectLogonId">0x00000000000003e7</Data>
<Data Name="NewProcessId">0x0000000000000258</Data>
<Data Name="NewProcessName">C:\Windows\System32\csrss.exe</Data>
<Data Name="TokenElevationType">%%1936</Data>
<Data Name="ProcessId">0x0000000000000250</Data>
<Data Name="CommandLine"></Data>
<Data Name="TargetUserSid">S-1-0-0</Data>
<Data Name="TargetUserName">-</Data>
<Data Name="TargetDomainName">-</Data>
<Data Name="TargetLogonId">0x0000000000000000</Data>
<Data Name="ParentProcessName">C:\Windows\System32\smss.exe</Data>
<Data Name="MandatoryLabel">S-1-16-16384</Data>
</EventData>
</Event>

<Event xmlns="http://schemas.microsoft.com/win/2004/08/events/event"><System><Provider Name="Microsoft-Windows-Security-Auditing" Guid="{54849625-5478-4994-a5ba-3e3b0328c30d}"></Provider>
<EventID Qualifiers="">4688</EventID>
<Version>2</Version>
<Level>0</Level>
<Task>13312</Task>
<Opcode>0</Opcode>
<Keywords>0x8020000000000000</Keywords>
<TimeCreated SystemTime="2020-10-23 12:27:22.363737"></TimeCreated>
<EventRecordID>595</EventRecordID>
<Correlation ActivityID="" RelatedActivityID=""></Correlation>
<Execution ProcessID="4" ThreadID="416"></Execution>
<Channel>Security</Channel>
<Computer>WIN-PTFPHFCRDJ0</Computer>
<Security UserID=""></Security>
</System>
<EventData><Data Name="SubjectUserSid">S-1-5-18</Data>
<Data Name="SubjectUserName">-</Data>
<Data Name="SubjectDomainName">-</Data>
<Data Name="SubjectLogonId">0x00000000000003e7</Data>
<Data Name="NewProcessId">0x00000000000002b4</Data>
<Data Name="NewProcessName">C:\Windows\System32\smss.exe</Data>
<Data Name="TokenElevationType">%%1936</Data>
<Data Name="ProcessId">0x00000000000001ec</Data>
<Data Name="CommandLine"></Data>
<Data Name="TargetUserSid">S-1-0-0</Data>
<Data Name="TargetUserName">-</Data>
<Data Name="TargetDomainName">-</Data>
<Data Name="TargetLogonId">0x0000000000000000</Data>
<Data Name="ParentProcessName">C:\Windows\System32\smss.exe</Data>
<Data Name="MandatoryLabel">S-1-16-16384</Data>
</EventData>
</Event>

<Event xmlns="http://schemas.microsoft.com/win/2004/08/events/event"><System><Provider Name="Microsoft-Windows-Security-Auditing" Guid="{54849625-5478-4994-a5ba-3e3b0328c30d}"></Provider>
<EventID Qualifiers="">4688</EventID>
<Version>2</Version>
<Level>0</Level>
<Task>13312</Task>
<Opcode>0</Opcode>
<Keywords>0x8020000000000000</Keywords>
<TimeCreated SystemTime="2020-10-23 12:27:22.370462"></TimeCreated>
<EventRecordID>596</EventRecordID>
<Correlation ActivityID="" RelatedActivityID=""></Correlation>
<Execution ProcessID="4" ThreadID="416"></Execution>
<Channel>Security</Channel>
<Computer>WIN-PTFPHFCRDJ0</Computer>
<Security UserID=""></Security>
</System>
<EventData><Data Name="SubjectUserSid">S-1-5-18</Data>
<Data Name="SubjectUserName">-</Data>
<Data Name="SubjectDomainName">-</Data>
<Data Name="SubjectLogonId">0x00000000000003e7</Data>
<Data Name="NewProcessId">0x00000000000002bc</Data>
<Data Name="NewProcessName">C:\Windows\System32\csrss.exe</Data>
<Data Name="TokenElevationType">%%1936</Data>
<Data Name="ProcessId">0x00000000000002b4</Data>
<Data Name="CommandLine"></Data>
<Data Name="TargetUserSid">S-1-0-0</Data>
<Data Name="TargetUserName">-</Data>
<Data Name="TargetDomainName">-</Data>
<Data Name="TargetLogonId">0x0000000000000000</Data>
<Data Name="ParentProcessName">C:\Windows\System32\smss.exe</Data>
<Data Name="MandatoryLabel">S-1-16-16384</Data>
</EventData>
</Event>

<Event xmlns="http://schemas.microsoft.com/win/2004/08/events/event"><System><Provider Name="Microsoft-Windows-Security-Auditing" Guid="{54849625-5478-4994-a5ba-3e3b0328c30d}"></Provider>
<EventID Qualifiers="">4688</EventID>
<Version>2</Version>
<Level>0</Level>
<Task>13312</Task>
<Opcode>0</Opcode>
<Keywords>0x8020000000000000</Keywords>
<TimeCreated SystemTime="2020-10-23 12:27:22.531464"></TimeCreated>
<EventRecordID>597</EventRecordID>
<Correlation ActivityID="" RelatedActivityID=""></Correlation>
<Execution ProcessID="4" ThreadID="416"></Execution>
<Channel>Security</Channel>
<Computer>WIN-PTFPHFCRDJ0</Computer>
<Security UserID=""></Security>
</System>
<EventData><Data Name="SubjectUserSid">S-1-5-18</Data>
<Data Name="SubjectUserName">-</Data>
<Data Name="SubjectDomainName">-</Data>
<Data Name="SubjectLogonId">0x00000000000003e7</Data>
<Data Name="NewProcessId">0x00000000000002e8</Data>
<Data Name="NewProcessName">C:\Windows\System32\wininit.exe</Data>
<Data Name="TokenElevationType">%%1936</Data>
<Data Name="ProcessId">0x0000000000000250</Data>
<Data Name="CommandLine"></Data>
<Data Name="TargetUserSid">S-1-0-0</Data>
<Data Name="TargetUserName">-</Data>
<Data Name="TargetDomainName">-</Data>
<Data Name="TargetLogonId">0x0000000000000000</Data>
<Data Name="ParentProcessName">C:\Windows\System32\smss.exe</Data>
<Data Name="MandatoryLabel">S-1-16-16384</Data>
</EventData>
</Event>

<Event xmlns="http://schemas.microsoft.com/win/2004/08/events/event"><System><Provider Name="Microsoft-Windows-Security-Auditing" Guid="{54849625-5478-4994-a5ba-3e3b0328c30d}"></Provider>
<EventID Qualifiers="">4688</EventID>
<Version>2</Version>
<Level>0</Level>
<Task>13312</Task>
<Opcode>0</Opcode>
<Keywords>0x8020000000000000</Keywords>
<TimeCreated SystemTime="2020-10-23 12:27:22.584930"></TimeCreated>
<EventRecordID>598</EventRecordID>
<Correlation ActivityID="" RelatedActivityID=""></Correlation>
<Execution ProcessID="4" ThreadID="416"></Execution>
<Channel>Security</Channel>
<Computer>WIN-PTFPHFCRDJ0</Computer>
<Security UserID=""></Security>
</System>
<EventData><Data Name="SubjectUserSid">S-1-5-18</Data>
<Data Name="SubjectUserName">-</Data>
<Data Name="SubjectDomainName">-</Data>
<Data Name="SubjectLogonId">0x00000000000003e7</Data>
<Data Name="NewProcessId">0x00000000000002f0</Data>
<Data Name="NewProcessName">C:\Windows\System32\winlogon.exe</Data>
<Data Name="TokenElevationType">%%1936</Data>
<Data Name="ProcessId">0x00000000000002b4</Data>
<Data Name="CommandLine"></Data>
<Data Name="TargetUserSid">S-1-0-0</Data>
<Data Name="TargetUserName">-</Data>
<Data Name="TargetDomainName">-</Data>
<Data Name="TargetLogonId">0x0000000000000000</Data>
<Data Name="ParentProcessName">C:\Windows\System32\smss.exe</Data>
<Data Name="MandatoryLabel">S-1-16-16384</Data>
</EventData>
</Event>

<Event xmlns="http://schemas.microsoft.com/win/2004/08/events/event"><System><Provider Name="Microsoft-Windows-Security-Auditing" Guid="{54849625-5478-4994-a5ba-3e3b0328c30d}"></Provider>
<EventID Qualifiers="">4688</EventID>
<Version>2</Version>
<Level>0</Level>
<Task>13312</Task>
<Opcode>0</Opcode>
<Keywords>0x8020000000000000</Keywords>
<TimeCreated SystemTime="2020-10-23 12:27:23.824511"></TimeCreated>
<EventRecordID>599</EventRecordID>
<Correlation ActivityID="" RelatedActivityID=""></Correlation>
<Execution ProcessID="4" ThreadID="416"></Execution>
<Channel>Security</Channel>
<Computer>WIN-PTFPHFCRDJ0</Computer>
<Security UserID=""></Security>
</System>
<EventData><Data Name="SubjectUserSid">S-1-5-18</Data>
<Data Name="SubjectUserName">-</Data>
<Data Name="SubjectDomainName">-</Data>
<Data Name="SubjectLogonId">0x00000000000003e7</Data>
<Data Name="NewProcessId">0x0000000000000334</Data>
<Data Name="NewProcessName">C:\Windows\System32\services.exe</Data>
<Data Name="TokenElevationType">%%1936</Data>
<Data Name="ProcessId">0x00000000000002e8</Data>
<Data Name="CommandLine"></Data>
<Data Name="TargetUserSid">S-1-0-0</Data>
<Data Name="TargetUserName">-</Data>
<Data Name="TargetDomainName">-</Data>
<Data Name="TargetLogonId">0x0000000000000000</Data>
<Data Name="ParentProcessName">C:\Windows\System32\wininit.exe</Data>
<Data Name="MandatoryLabel">S-1-16-16384</Data>
</EventData>
</Event>

<Event xmlns="http://schemas.microsoft.com/win/2004/08/events/event"><System><Provider Name="Microsoft-Windows-Security-Auditing" Guid="{54849625-5478-4994-a5ba-3e3b0328c30d}"></Provider>
<EventID Qualifiers="">4688</EventID>
<Version>2</Version>
<Level>0</Level>
<Task>13312</Task>
<Opcode>0</Opcode>
<Keywords>0x8020000000000000</Keywords>
<TimeCreated SystemTime="2020-10-23 12:27:24.327137"></TimeCreated>
<EventRecordID>600</EventRecordID>
<Correlation ActivityID="" RelatedActivityID=""></Correlation>
<Execution ProcessID="4" ThreadID="416"></Execution>
<Channel>Security</Channel>
<Computer>WIN-PTFPHFCRDJ0</Computer>
<Security UserID=""></Security>
</System>
<EventData><Data Name="SubjectUserSid">S-1-5-18</Data>
<Data Name="SubjectUserName">-</Data>
<Data Name="SubjectDomainName">-</Data>
<Data Name="SubjectLogonId">0x00000000000003e7</Data>
<Data Name="NewProcessId">0x0000000000000340</Data>
<Data Name="NewProcessName">C:\Windows\System32\lsass.exe</Data>
<Data Name="TokenElevationType">%%1936</Data>
<Data Name="ProcessId">0x00000000000002e8</Data>
<Data Name="CommandLine"></Data>
<Data Name="TargetUserSid">S-1-0-0</Data>
<Data Name="TargetUserName">-</Data>
<Data Name="TargetDomainName">-</Data>
<Data Name="TargetLogonId">0x0000000000000000</Data>
<Data Name="ParentProcessName">C:\Windows\System32\wininit.exe</Data>
<Data Name="MandatoryLabel">S-1-16-16384</Data>
</EventData>
</Event>

<Event xmlns="http://schemas.microsoft.com/win/2004/08/events/event"><System><Provider Name="Microsoft-Windows-Security-Auditing" Guid="{54849625-5478-4994-a5ba-3e3b0328c30d}"></Provider>
<EventID Qualifiers="">4608</EventID>
<Version>0</Version>
<Level>0</Level>
<Task>12288</Task>
<Opcode>0</Opcode>
<Keywords>0x8020000000000000</Keywords>
<TimeCreated SystemTime="2020-10-23 12:27:25.051796"></TimeCreated>
<EventRecordID>601</EventRecordID>
<Correlation ActivityID="" RelatedActivityID=""></Correlation>
<Execution ProcessID="832" ThreadID="836"></Execution>
<Channel>Security</Channel>
<Computer>WIN-PTFPHFCRDJ0</Computer>
<Security UserID=""></Security>
</System>
<EventData></EventData>
</Event>

<Event xmlns="http://schemas.microsoft.com/win/2004/08/events/event"><System><Provider Name="Microsoft-Windows-Security-Auditing" Guid="{54849625-5478-4994-a5ba-3e3b0328c30d}"></Provider>
<EventID Qualifiers="">4624</EventID>
<Version>2</Version>
<Level>0</Level>
<Task>12544</Task>
<Opcode>0</Opcode>
<Keywords>0x8020000000000000</Keywords>
<TimeCreated SystemTime="2020-10-23 12:27:25.083843"></TimeCreated>
<EventRecordID>602</EventRecordID>
<Correlation ActivityID="" RelatedActivityID=""></Correlation>
<Execution ProcessID="832" ThreadID="836"></Execution>
<Channel>Security</Channel>
<Computer>WIN-PTFPHFCRDJ0</Computer>
<Security UserID=""></Security>
</System>
<EventData><Data Name="SubjectUserSid">S-1-0-0</Data>
<Data Name="SubjectUserName">-</Data>
<Data Name="SubjectDomainName">-</Data>
<Data Name="SubjectLogonId">0x0000000000000000</Data>
<Data Name="TargetUserSid">S-1-5-18</Data>
<Data Name="TargetUserName">SYSTEM</Data>
<Data Name="TargetDomainName">NT AUTHORITY</Data>
<Data Name="TargetLogonId">0x00000000000003e7</Data>
<Data Name="LogonType">0</Data>
<Data Name="LogonProcessName">-</Data>
<Data Name="AuthenticationPackageName">-</Data>
<Data Name="WorkstationName">-</Data>
<Data Name="LogonGuid">{00000000-0000-0000-0000-000000000000}</Data>
<Data Name="TransmittedServices">-</Data>
<Data Name="LmPackageName">-</Data>
<Data Name="KeyLength">0</Data>
<Data Name="ProcessId">0x0000000000000004</Data>
<Data Name="ProcessName"></Data>
<Data Name="IpAddress">-</Data>
<Data Name="IpPort">-</Data>
<Data Name="ImpersonationLevel">-</Data>
<Data Name="RestrictedAdminMode">-</Data>
<Data Name="TargetOutboundUserName">-</Data>
<Data Name="TargetOutboundDomainName">-</Data>
<Data Name="VirtualAccount">%%1843</Data>
<Data Name="TargetLinkedLogonId">0x0000000000000000</Data>
<Data Name="ElevatedToken">%%1842</Data>
</EventData>
</Event>

<Event xmlns="http://schemas.microsoft.com/win/2004/08/events/event"><System><Provider Name="Microsoft-Windows-Security-Auditing" Guid="{54849625-5478-4994-a5ba-3e3b0328c30d}"></Provider>
<EventID Qualifiers="">4902</EventID>
<Version>0</Version>
<Level>0</Level>
<Task>13568</Task>
<Opcode>0</Opcode>
<Keywords>0x8020000000000000</Keywords>
<TimeCreated SystemTime="2020-10-23 12:27:26.203957"></TimeCreated>
<EventRecordID>603</EventRecordID>
<Correlation ActivityID="" RelatedActivityID=""></Correlation>
<Execution ProcessID="832" ThreadID="896"></Execution>
<Channel>Security</Channel>
<Computer>WIN-PTFPHFCRDJ0</Computer>
<Security UserID=""></Security>
</System>
<EventData><Data Name="PuaCount">0</Data>
<Data Name="PuaPolicyId">0x000000000000ab47</Data>
</EventData>
</Event>

<Event xmlns="http://schemas.microsoft.com/win/2004/08/events/event"><System><Provider Name="Microsoft-Windows-Security-Auditing" Guid="{54849625-5478-4994-a5ba-3e3b0328c30d}"></Provider>
<EventID Qualifiers="">4624</EventID>
<Version>2</Version>
<Level>0</Level>
<Task>12544</Task>
<Opcode>0</Opcode>
<Keywords>0x8020000000000000</Keywords>
<TimeCreated SystemTime="2020-10-23 12:27:26.685232"></TimeCreated>
<EventRecordID>604</EventRecordID>
<Correlation ActivityID="{c3e0a7d3-a937-0000-e0aa-e0c337a9d601}" RelatedActivityID=""></Correlation>
<Execution ProcessID="832" ThreadID="884"></Execution>
<Channel>Security</Channel>
<Computer>WIN-PTFPHFCRDJ0</Computer>
<Security UserID=""></Security>
</System>
<EventData><Data Name="SubjectUserSid">S-1-5-18</Data>
<Data Name="SubjectUserName">WIN-PTFPHFCRDJ0$</Data>
<Data Name="SubjectDomainName">WORKGROUP</Data>
<Data Name="SubjectLogonId">0x00000000000003e7</Data>
<Data Name="TargetUserSid">S-1-5-18</Data>
<Data Name="TargetUserName">SYSTEM</Data>
<Data Name="TargetDomainName">NT AUTHORITY</Data>
<Data Name="TargetLogonId">0x00000000000003e7</Data>
<Data Name="LogonType">5</Data>
<Data Name="LogonProcessName">Advapi  </Data>
<Data Name="AuthenticationPackageName">Negotiate</Data>
<Data Name="WorkstationName">-</Data>
<Data Name="LogonGuid">{00000000-0000-0000-0000-000000000000}</Data>
<Data Name="TransmittedServices">-</Data>
<Data Name="LmPackageName">-</Data>
<Data Name="KeyLength">0</Data>
<Data Name="ProcessId">0x0000000000000334</Data>
<Data Name="ProcessName">C:\Windows\System32\services.exe</Data>
<Data Name="IpAddress">-</Data>
<Data Name="IpPort">-</Data>
<Data Name="ImpersonationLevel">%%1833</Data>
<Data Name="RestrictedAdminMode">-</Data>
<Data Name="TargetOutboundUserName">-</Data>
<Data Name="TargetOutboundDomainName">-</Data>
<Data Name="VirtualAccount">%%1843</Data>
<Data Name="TargetLinkedLogonId">0x0000000000000000</Data>
<Data Name="ElevatedToken">%%1842</Data>
</EventData>
</Event>

<Event xmlns="http://schemas.microsoft.com/win/2004/08/events/event"><System><Provider Name="Microsoft-Windows-Security-Auditing" Guid="{54849625-5478-4994-a5ba-3e3b0328c30d}"></Provider>
<EventID Qualifiers="">4672</EventID>
<Version>0</Version>
<Level>0</Level>
<Task>12548</Task>
<Opcode>0</Opcode>
<Keywords>0x8020000000000000</Keywords>
<TimeCreated SystemTime="2020-10-23 12:27:26.685280"></TimeCreated>
<EventRecordID>605</EventRecordID>
<Correlation ActivityID="{c3e0a7d3-a937-0000-e0aa-e0c337a9d601}" RelatedActivityID=""></Correlation>
<Execution ProcessID="832" ThreadID="884"></Execution>
<Channel>Security</Channel>
<Computer>WIN-PTFPHFCRDJ0</Computer>
<Security UserID=""></Security>
</System>
<EventData><Data Name="SubjectUserSid">S-1-5-18</Data>
<Data Name="SubjectUserName">SYSTEM</Data>
<Data Name="SubjectDomainName">NT AUTHORITY</Data>
<Data Name="SubjectLogonId">0x00000000000003e7</Data>
<Data Name="PrivilegeList">SeAssignPrimaryTokenPrivilege
			SeTcbPrivilege
			SeSecurityPrivilege
			SeTakeOwnershipPrivilege
			SeLoadDriverPrivilege
			SeBackupPrivilege
			SeRestorePrivilege
			SeDebugPrivilege
			SeAuditPrivilege
			SeSystemEnvironmentPrivilege
			SeImpersonatePrivilege
			SeDelegateSessionUserImpersonatePrivilege</Data>
</EventData>
</Event>

<Event xmlns="http://schemas.microsoft.com/win/2004/08/events/event"><System><Provider Name="Microsoft-Windows-Security-Auditing" Guid="{54849625-5478-4994-a5ba-3e3b0328c30d}"></Provider>
<EventID Qualifiers="">4648</EventID>
<Version>0</Version>
<Level>0</Level>
<Task>12544</Task>
<Opcode>0</Opcode>
<Keywords>0x8020000000000000</Keywords>
<TimeCreated SystemTime="2020-10-23 12:27:26.691383"></TimeCreated>
<EventRecordID>606</EventRecordID>
<Correlation ActivityID="{c3e0a7d3-a937-0000-e0aa-e0c337a9d601}" RelatedActivityID=""></Correlation>
<Execution ProcessID="832" ThreadID="884"></Execution>
<Channel>Security</Channel>
<Computer>WIN-PTFPHFCRDJ0</Computer>
<Security UserID=""></Security>
</System>
<EventData><Data Name="SubjectUserSid">S-1-5-18</Data>
<Data Name="SubjectUserName">WIN-PTFPHFCRDJ0$</Data>
<Data Name="SubjectDomainName">WORKGROUP</Data>
<Data Name="SubjectLogonId">0x00000000000003e7</Data>
<Data Name="LogonGuid">{00000000-0000-0000-0000-000000000000}</Data>
<Data Name="TargetUserName">UMFD-1</Data>
<Data Name="TargetDomainName">Font Driver Host</Data>
<Data Name="TargetLogonGuid">{00000000-0000-0000-0000-000000000000}</Data>
<Data Name="TargetServerName">localhost</Data>
<Data Name="TargetInfo">localhost</Data>
<Data Name="ProcessId">0x00000000000002f0</Data>
<Data Name="ProcessName">C:\Windows\System32\winlogon.exe</Data>
<Data Name="IpAddress">-</Data>
<Data Name="IpPort">-</Data>
</EventData>
</Event>

<Event xmlns="http://schemas.microsoft.com/win/2004/08/events/event"><System><Provider Name="Microsoft-Windows-Security-Auditing" Guid="{54849625-5478-4994-a5ba-3e3b0328c30d}"></Provider>
<EventID Qualifiers="">4624</EventID>
<Version>2</Version>
<Level>0</Level>
<Task>12544</Task>
<Opcode>0</Opcode>
<Keywords>0x8020000000000000</Keywords>
<TimeCreated SystemTime="2020-10-23 12:27:26.691437"></TimeCreated>
<EventRecordID>607</EventRecordID>
<Correlation ActivityID="{c3e0a7d3-a937-0000-e0aa-e0c337a9d601}" RelatedActivityID=""></Correlation>
<Execution ProcessID="832" ThreadID="884"></Execution>
<Channel>Security</Channel>
<Computer>WIN-PTFPHFCRDJ0</Computer>
<Security UserID=""></Security>
</System>
<EventData><Data Name="SubjectUserSid">S-1-5-18</Data>
<Data Name="SubjectUserName">WIN-PTFPHFCRDJ0$</Data>
<Data Name="SubjectDomainName">WORKGROUP</Data>
<Data Name="SubjectLogonId">0x00000000000003e7</Data>
<Data Name="TargetUserSid">S-1-5-96-0-1</Data>
<Data Name="TargetUserName">UMFD-1</Data>
<Data Name="TargetDomainName">Font Driver Host</Data>
<Data Name="TargetLogonId">0x000000000000ae15</Data>
<Data Name="LogonType">2</Data>
<Data Name="LogonProcessName">Advapi  </Data>
<Data Name="AuthenticationPackageName">Negotiate</Data>
<Data Name="WorkstationName">-</Data>
<Data Name="LogonGuid">{00000000-0000-0000-0000-000000000000}</Data>
<Data Name="TransmittedServices">-</Data>
<Data Name="LmPackageName">-</Data>
<Data Name="KeyLength">0</Data>
<Data Name="ProcessId">0x00000000000002f0</Data>
<Data Name="ProcessName">C:\Windows\System32\winlogon.exe</Data>
<Data Name="IpAddress">-</Data>
<Data Name="IpPort">-</Data>
<Data Name="ImpersonationLevel">%%1833</Data>
<Data Name="RestrictedAdminMode">-</Data>
<Data Name="TargetOutboundUserName">-</Data>
<Data Name="TargetOutboundDomainName">-</Data>
<Data Name="VirtualAccount">%%1842</Data>
<Data Name="TargetLinkedLogonId">0x0000000000000000</Data>
<Data Name="ElevatedToken">%%1843</Data>
</EventData>
</Event>

<Event xmlns="http://schemas.microsoft.com/win/2004/08/events/event"><System><Provider Name="Microsoft-Windows-Security-Auditing" Guid="{54849625-5478-4994-a5ba-3e3b0328c30d}"></Provider>
<EventID Qualifiers="">4648</EventID>
<Version>0</Version>
<Level>0</Level>
<Task>12544</Task>
<Opcode>0</Opcode>
<Keywords>0x8020000000000000</Keywords>
<TimeCreated SystemTime="2020-10-23 12:27:26.692551"></TimeCreated>
<EventRecordID>608</EventRecordID>
<Correlation ActivityID="{c3e0a7d3-a937-0000-e0aa-e0c337a9d601}" RelatedActivityID=""></Correlation>
<Execution ProcessID="832" ThreadID="884"></Execution>
<Channel>Security</Channel>
<Computer>WIN-PTFPHFCRDJ0</Computer>
<Security UserID=""></Security>
</System>
<EventData><Data Name="SubjectUserSid">S-1-5-18</Data>
<Data Name="SubjectUserName">WIN-PTFPHFCRDJ0$</Data>
<Data Name="SubjectDomainName">WORKGROUP</Data>
<Data Name="SubjectLogonId">0x00000000000003e7</Data>
<Data Name="LogonGuid">{00000000-0000-0000-0000-000000000000}</Data>
<Data Name="TargetUserName">UMFD-0</Data>
<Data Name="TargetDomainName">Font Driver Host</Data>
<Data Name="TargetLogonGuid">{00000000-0000-0000-0000-000000000000}</Data>
<Data Name="TargetServerName">localhost</Data>
<Data Name="TargetInfo">localhost</Data>
<Data Name="ProcessId">0x00000000000002e8</Data>
<Data Name="ProcessName">C:\Windows\System32\wininit.exe</Data>
<Data Name="IpAddress">-</Data>
<Data Name="IpPort">-</Data>
</EventData>
</Event>

<Event xmlns="http://schemas.microsoft.com/win/2004/08/events/event"><System><Provider Name="Microsoft-Windows-Security-Auditing" Guid="{54849625-5478-4994-a5ba-3e3b0328c30d}"></Provider>
<EventID Qualifiers="">4624</EventID>
<Version>2</Version>
<Level>0</Level>
<Task>12544</Task>
<Opcode>0</Opcode>
<Keywords>0x8020000000000000</Keywords>
<TimeCreated SystemTime="2020-10-23 12:27:26.692598"></TimeCreated>
<EventRecordID>609</EventRecordID>
<Correlation ActivityID="{c3e0a7d3-a937-0000-e0aa-e0c337a9d601}" RelatedActivityID=""></Correlation>
<Execution ProcessID="832" ThreadID="884"></Execution>
<Channel>Security</Channel>
<Computer>WIN-PTFPHFCRDJ0</Computer>
<Security UserID=""></Security>
</System>
<EventData><Data Name="SubjectUserSid">S-1-5-18</Data>
<Data Name="SubjectUserName">WIN-PTFPHFCRDJ0$</Data>
<Data Name="SubjectDomainName">WORKGROUP</Data>
<Data Name="SubjectLogonId">0x00000000000003e7</Data>
<Data Name="TargetUserSid">S-1-5-96-0-0</Data>
<Data Name="TargetUserName">UMFD-0</Data>
<Data Name="TargetDomainName">Font Driver Host</Data>
<Data Name="TargetLogonId">0x000000000000ae36</Data>
<Data Name="LogonType">2</Data>
<Data Name="LogonProcessName">Advapi  </Data>
<Data Name="AuthenticationPackageName">Negotiate</Data>
<Data Name="WorkstationName">-</Data>
<Data Name="LogonGuid">{00000000-0000-0000-0000-000000000000}</Data>
<Data Name="TransmittedServices">-</Data>
<Data Name="LmPackageName">-</Data>
<Data Name="KeyLength">0</Data>
<Data Name="ProcessId">0x00000000000002e8</Data>
<Data Name="ProcessName">C:\Windows\System32\wininit.exe</Data>
<Data Name="IpAddress">-</Data>
<Data Name="IpPort">-</Data>
<Data Name="ImpersonationLevel">%%1833</Data>
<Data Name="RestrictedAdminMode">-</Data>
<Data Name="TargetOutboundUserName">-</Data>
<Data Name="TargetOutboundDomainName">-</Data>
<Data Name="VirtualAccount">%%1842</Data>
<Data Name="TargetLinkedLogonId">0x0000000000000000</Data>
<Data Name="ElevatedToken">%%1843</Data>
</EventData>
</Event>

<Event xmlns="http://schemas.microsoft.com/win/2004/08/events/event"><System><Provider Name="Microsoft-Windows-Security-Auditing" Guid="{54849625-5478-4994-a5ba-3e3b0328c30d}"></Provider>
<EventID Qualifiers="">4624</EventID>
<Version>2</Version>
<Level>0</Level>
<Task>12544</Task>
<Opcode>0</Opcode>
<Keywords>0x8020000000000000</Keywords>
<TimeCreated SystemTime="2020-10-23 12:27:27.826988"></TimeCreated>
<EventRecordID>610</EventRecordID>
<Correlation ActivityID="{c3e0a7d3-a937-0000-e0aa-e0c337a9d601}" RelatedActivityID=""></Correlation>
<Execution ProcessID="832" ThreadID="888"></Execution>
<Channel>Security</Channel>
<Computer>WIN-PTFPHFCRDJ0</Computer>
<Security UserID=""></Security>
</System>
<EventData><Data Name="SubjectUserSid">S-1-5-18</Data>
<Data Name="SubjectUserName">WIN-PTFPHFCRDJ0$</Data>
<Data Name="SubjectDomainName">WORKGROUP</Data>
<Data Name="SubjectLogonId">0x00000000000003e7</Data>
<Data Name="TargetUserSid">S-1-5-20</Data>
<Data Name="TargetUserName">NETWORK SERVICE</Data>
<Data Name="TargetDomainName">NT AUTHORITY</Data>
<Data Name="TargetLogonId">0x00000000000003e4</Data>
<Data Name="LogonType">5</Data>
<Data Name="LogonProcessName">Advapi  </Data>
<Data Name="AuthenticationPackageName">Negotiate</Data>
<Data Name="WorkstationName">-</Data>
<Data Name="LogonGuid">{00000000-0000-0000-0000-000000000000}</Data>
<Data Name="TransmittedServices">-</Data>
<Data Name="LmPackageName">-</Data>
<Data Name="KeyLength">0</Data>
<Data Name="ProcessId">0x0000000000000334</Data>
<Data Name="ProcessName">C:\Windows\System32\services.exe</Data>
<Data Name="IpAddress">-</Data>
<Data Name="IpPort">-</Data>
<Data Name="ImpersonationLevel">%%1833</Data>
<Data Name="RestrictedAdminMode">-</Data>
<Data Name="TargetOutboundUserName">-</Data>
<Data Name="TargetOutboundDomainName">-</Data>
<Data Name="VirtualAccount">%%1843</Data>
<Data Name="TargetLinkedLogonId">0x0000000000000000</Data>
<Data Name="ElevatedToken">%%1842</Data>
</EventData>
</Event>

<Event xmlns="http://schemas.microsoft.com/win/2004/08/events/event"><System><Provider Name="Microsoft-Windows-Security-Auditing" Guid="{54849625-5478-4994-a5ba-3e3b0328c30d}"></Provider>
<EventID Qualifiers="">4672</EventID>
<Version>0</Version>
<Level>0</Level>
<Task>12548</Task>
<Opcode>0</Opcode>
<Keywords>0x8020000000000000</Keywords>
<TimeCreated SystemTime="2020-10-23 12:27:27.826994"></TimeCreated>
<EventRecordID>611</EventRecordID>
<Correlation ActivityID="{c3e0a7d3-a937-0000-e0aa-e0c337a9d601}" RelatedActivityID=""></Correlation>
<Execution ProcessID="832" ThreadID="888"></Execution>
<Channel>Security</Channel>
<Computer>WIN-PTFPHFCRDJ0</Computer>
<Security UserID=""></Security>
</System>
<EventData><Data Name="SubjectUserSid">S-1-5-20</Data>
<Data Name="SubjectUserName">NETWORK SERVICE</Data>
<Data Name="SubjectDomainName">NT AUTHORITY</Data>
<Data Name="SubjectLogonId">0x00000000000003e4</Data>
<Data Name="PrivilegeList">SeAssignPrimaryTokenPrivilege
			SeAuditPrivilege
			SeImpersonatePrivilege</Data>
</EventData>
</Event>

<Event xmlns="http://schemas.microsoft.com/win/2004/08/events/event"><System><Provider Name="Microsoft-Windows-Security-Auditing" Guid="{54849625-5478-4994-a5ba-3e3b0328c30d}"></Provider>
<EventID Qualifiers="">4648</EventID>
<Version>0</Version>
<Level>0</Level>
<Task>12544</Task>
<Opcode>0</Opcode>
<Keywords>0x8020000000000000</Keywords>
<TimeCreated SystemTime="2020-10-23 12:27:31.471735"></TimeCreated>
<EventRecordID>612</EventRecordID>
<Correlation ActivityID="{c3e0a7d3-a937-0000-e0aa-e0c337a9d601}" RelatedActivityID=""></Correlation>
<Execution ProcessID="832" ThreadID="888"></Execution>
<Channel>Security</Channel>
<Computer>WIN-PTFPHFCRDJ0</Computer>
<Security UserID=""></Security>
</System>
<EventData><Data Name="SubjectUserSid">S-1-5-18</Data>
<Data Name="SubjectUserName">WIN-PTFPHFCRDJ0$</Data>
<Data Name="SubjectDomainName">WORKGROUP</Data>
<Data Name="SubjectLogonId">0x00000000000003e7</Data>
<Data Name="LogonGuid">{00000000-0000-0000-0000-000000000000}</Data>
<Data Name="TargetUserName">DWM-1</Data>
<Data Name="TargetDomainName">Window Manager</Data>
<Data Name="TargetLogonGuid">{00000000-0000-0000-0000-000000000000}</Data>
<Data Name="TargetServerName">localhost</Data>
<Data Name="TargetInfo">localhost</Data>
<Data Name="ProcessId">0x00000000000002f0</Data>
<Data Name="ProcessName">C:\Windows\System32\winlogon.exe</Data>
<Data Name="IpAddress">-</Data>
<Data Name="IpPort">-</Data>
</EventData>
</Event>

