<Event xmlns="http://schemas.microsoft.com/win/2004/08/events/event"><System><Provider Name="Microsoft-Windows-Security-Auditing" Guid="{54849625-5478-4994-a5ba-3e3b0328c30d}"></Provider>
<EventID Qualifiers="">5382</EventID>
<Version>0</Version>
<Level>0</Level>
<Task>13824</Task>
<Opcode>0</Opcode>
<Keywords>0x8020000000000000</Keywords>
<TimeCreated SystemTime="2020-10-22 20:52:20.565264"></TimeCreated>
<EventRecordID>295</EventRecordID>
<Correlation ActivityID="" RelatedActivityID=""></Correlation>
<Execution ProcessID="792" ThreadID="1384"></Execution>
<Channel>Security</Channel>
<Computer>WIN-PTFPHFCRDJ0</Computer>
<Security UserID=""></Security>
</System>
<EventData><Data Name="SubjectUserSid">S-1-5-18</Data>
<Data Name="SubjectUserName">WIN-PTFPHFCRDJ0$</Data>
<Data Name="SubjectDomainName">WORKGROUP</Data>
<Data Name="SubjectLogonId">0x00000000000003e7</Data>
<Data Name="SchemaFriendlyName">NGC Local Accoount Logon Vault Resource Schema</Data>
<Data Name="Schema">{1d4350a3-330d-4af9-b3ff-a927a45998ac}</Data>
<Data Name="Resource">NGC Local Accoount Logon Vault Resource</Data>
<Data Name="Identity">01050000000000051500000064C5B844FE4649D9509241E1E8030000</Data>
<Data Name="PackageSid"></Data>
<Data Name="Flags">0</Data>
<Data Name="ReturnCode">1168</Data>
<Data Name="ProcessCreationTime">2020-10-22 20:52:06.045134</Data>
<Data Name="ClientProcessId">1464</Data>
</EventData>
</Event>

<Event xmlns="http://schemas.microsoft.com/win/2004/08/events/event"><System><Provider Name="Microsoft-Windows-Security-Auditing" Guid="{54849625-5478-4994-a5ba-3e3b0328c30d}"></Provider>
<EventID Qualifiers="">4776</EventID>
<Version>0</Version>
<Level>0</Level>
<Task>14336</Task>
<Opcode>0</Opcode>
<Keywords>0x8020000000000000</Keywords>
<TimeCreated SystemTime="2020-10-22 20:52:24.547762"></TimeCreated>
<EventRecordID>296</EventRecordID>
<Correlation ActivityID="{f2d9b0db-a91d-0000-c9c1-d9f21da9d601}" RelatedActivityID=""></Correlation>
<Execution ProcessID="792" ThreadID="1384"></Execution>
<Channel>Security</Channel>
<Computer>WIN-PTFPHFCRDJ0</Computer>
<Security UserID=""></Security>
</System>
<EventData><Data Name="PackageName">MICROSOFT_AUTHENTICATION_PACKAGE_V1_0</Data>
<Data Name="TargetUserName">user</Data>
<Data Name="Workstation">WIN-PTFPHFCRDJ0</Data>
<Data Name="Status">0x00000000</Data>
</EventData>
</Event>

<Event xmlns="http://schemas.microsoft.com/win/2004/08/events/event"><System><Provider Name="Microsoft-Windows-Security-Auditing" Guid="{54849625-5478-4994-a5ba-3e3b0328c30d}"></Provider>
<EventID Qualifiers="">4648</EventID>
<Version>0</Version>
<Level>0</Level>
<Task>12544</Task>
<Opcode>0</Opcode>
<Keywords>0x8020000000000000</Keywords>
<TimeCreated SystemTime="2020-10-22 20:52:24.551249"></TimeCreated>
<EventRecordID>297</EventRecordID>
<Correlation ActivityID="{f2d9b0db-a91d-0000-46b4-d9f21da9d601}" RelatedActivityID=""></Correlation>
<Execution ProcessID="792" ThreadID="1384"></Execution>
<Channel>Security</Channel>
<Computer>WIN-PTFPHFCRDJ0</Computer>
<Security UserID=""></Security>
</System>
<EventData><Data Name="SubjectUserSid">S-1-5-18</Data>
<Data Name="SubjectUserName">WIN-PTFPHFCRDJ0$</Data>
<Data Name="SubjectDomainName">WORKGROUP</Data>
<Data Name="SubjectLogonId">0x00000000000003e7</Data>
<Data Name="LogonGuid">{00000000-0000-0000-0000-000000000000}</Data>
<Data Name="TargetUserName">user</Data>
<Data Name="TargetDomainName">WIN-PTFPHFCRDJ0</Data>
<Data Name="TargetLogonGuid">{00000000-0000-0000-0000-000000000000}</Data>
<Data Name="TargetServerName">localhost</Data>
<Data Name="TargetInfo">localhost</Data>
<Data Name="ProcessId">0x000000000000021c</Data>
<Data Name="ProcessName">C:\Windows\System32\svchost.exe</Data>
<Data Name="IpAddress">127.0.0.1</Data>
<Data Name="IpPort">0</Data>
</EventData>
</Event>

<Event xmlns="http://schemas.microsoft.com/win/2004/08/events/event"><System><Provider Name="Microsoft-Windows-Security-Auditing" Guid="{54849625-5478-4994-a5ba-3e3b0328c30d}"></Provider>
<EventID Qualifiers="">4624</EventID>
<Version>2</Version>
<Level>0</Level>
<Task>12544</Task>
<Opcode>0</Opcode>
<Keywords>0x8020000000000000</Keywords>
<TimeCreated SystemTime="2020-10-22 20:52:24.551264"></TimeCreated>
<EventRecordID>298</EventRecordID>
<Correlation ActivityID="{f2d9b0db-a91d-0000-46b4-d9f21da9d601}" RelatedActivityID=""></Correlation>
<Execution ProcessID="792" ThreadID="1384"></Execution>
<Channel>Security</Channel>
<Computer>WIN-PTFPHFCRDJ0</Computer>
<Security UserID=""></Security>
</System>
<EventData><Data Name="SubjectUserSid">S-1-5-18</Data>
<Data Name="SubjectUserName">WIN-PTFPHFCRDJ0$</Data>
<Data Name="SubjectDomainName">WORKGROUP</Data>
<Data Name="SubjectLogonId">0x00000000000003e7</Data>
<Data Name="TargetUserSid">S-1-5-21-1152959844-3645458174-3779170896-1000</Data>
<Data Name="TargetUserName">user</Data>
<Data Name="TargetDomainName">WIN-PTFPHFCRDJ0</Data>
<Data Name="TargetLogonId">0x000000000003ab8e</Data>
<Data Name="LogonType">2</Data>
<Data Name="LogonProcessName">User32 </Data>
<Data Name="AuthenticationPackageName">Negotiate</Data>
<Data Name="WorkstationName">WIN-PTFPHFCRDJ0</Data>
<Data Name="LogonGuid">{00000000-0000-0000-0000-000000000000}</Data>
<Data Name="TransmittedServices">-</Data>
<Data Name="LmPackageName">-</Data>
<Data Name="KeyLength">0</Data>
<Data Name="ProcessId">0x000000000000021c</Data>
<Data Name="ProcessName">C:\Windows\System32\svchost.exe</Data>
<Data Name="IpAddress">127.0.0.1</Data>
<Data Name="IpPort">0</Data>
<Data Name="ImpersonationLevel">%%1833</Data>
<Data Name="RestrictedAdminMode">-</Data>
<Data Name="TargetOutboundUserName">-</Data>
<Data Name="TargetOutboundDomainName">-</Data>
<Data Name="VirtualAccount">%%1843</Data>
<Data Name="TargetLinkedLogonId">0x000000000003abba</Data>
<Data Name="ElevatedToken">%%1842</Data>
</EventData>
</Event>

<Event xmlns="http://schemas.microsoft.com/win/2004/08/events/event"><System><Provider Name="Microsoft-Windows-Security-Auditing" Guid="{54849625-5478-4994-a5ba-3e3b0328c30d}"></Provider>
<EventID Qualifiers="">4624</EventID>
<Version>2</Version>
<Level>0</Level>
<Task>12544</Task>
<Opcode>0</Opcode>
<Keywords>0x8020000000000000</Keywords>
<TimeCreated SystemTime="2020-10-22 20:52:24.551275"></TimeCreated>
<EventRecordID>299</EventRecordID>
<Correlation ActivityID="{f2d9b0db-a91d-0000-46b4-d9f21da9d601}" RelatedActivityID=""></Correlation>
<Execution ProcessID="792" ThreadID="1384"></Execution>
<Channel>Security</Channel>
<Computer>WIN-PTFPHFCRDJ0</Computer>
<Security UserID=""></Security>
</System>
<EventData><Data Name="SubjectUserSid">S-1-5-18</Data>
<Data Name="SubjectUserName">WIN-PTFPHFCRDJ0$</Data>
<Data Name="SubjectDomainName">WORKGROUP</Data>
<Data Name="SubjectLogonId">0x00000000000003e7</Data>
<Data Name="TargetUserSid">S-1-5-21-1152959844-3645458174-3779170896-1000</Data>
<Data Name="TargetUserName">user</Data>
<Data Name="TargetDomainName">WIN-PTFPHFCRDJ0</Data>
<Data Name="TargetLogonId">0x000000000003abba</Data>
<Data Name="LogonType">2</Data>
<Data Name="LogonProcessName">User32 </Data>
<Data Name="AuthenticationPackageName">Negotiate</Data>
<Data Name="WorkstationName">WIN-PTFPHFCRDJ0</Data>
<Data Name="LogonGuid">{00000000-0000-0000-0000-000000000000}</Data>
<Data Name="TransmittedServices">-</Data>
<Data Name="LmPackageName">-</Data>
<Data Name="KeyLength">0</Data>
<Data Name="ProcessId">0x000000000000021c</Data>
<Data Name="ProcessName">C:\Windows\System32\svchost.exe</Data>
<Data Name="IpAddress">127.0.0.1</Data>
<Data Name="IpPort">0</Data>
<Data Name="ImpersonationLevel">%%1833</Data>
<Data Name="RestrictedAdminMode">-</Data>
<Data Name="TargetOutboundUserName">-</Data>
<Data Name="TargetOutboundDomainName">-</Data>
<Data Name="VirtualAccount">%%1843</Data>
<Data Name="TargetLinkedLogonId">0x000000000003ab8e</Data>
<Data Name="ElevatedToken">%%1843</Data>
</EventData>
</Event>

<Event xmlns="http://schemas.microsoft.com/win/2004/08/events/event"><System><Provider Name="Microsoft-Windows-Security-Auditing" Guid="{54849625-5478-4994-a5ba-3e3b0328c30d}"></Provider>
<EventID Qualifiers="">4672</EventID>
<Version>0</Version>
<Level>0</Level>
<Task>12548</Task>
<Opcode>0</Opcode>
<Keywords>0x8020000000000000</Keywords>
<TimeCreated SystemTime="2020-10-22 20:52:24.551279"></TimeCreated>
<EventRecordID>300</EventRecordID>
<Correlation ActivityID="{f2d9b0db-a91d-0000-46b4-d9f21da9d601}" RelatedActivityID=""></Correlation>
<Execution ProcessID="792" ThreadID="1384"></Execution>
<Channel>Security</Channel>
<Computer>WIN-PTFPHFCRDJ0</Computer>
<Security UserID=""></Security>
</System>
<EventData><Data Name="SubjectUserSid">S-1-5-21-1152959844-3645458174-3779170896-1000</Data>
<Data Name="SubjectUserName">user</Data>
<Data Name="SubjectDomainName">WIN-PTFPHFCRDJ0</Data>
<Data Name="SubjectLogonId">0x000000000003ab8e</Data>
<Data Name="PrivilegeList">SeSecurityPrivilege
			SeTakeOwnershipPrivilege
			SeLoadDriverPrivilege
			SeBackupPrivilege
			SeRestorePrivilege
			SeDebugPrivilege
			SeSystemEnvironmentPrivilege
			SeImpersonatePrivilege
			SeDelegateSessionUserImpersonatePrivilege</Data>
</EventData>
</Event>

<Event xmlns="http://schemas.microsoft.com/win/2004/08/events/event"><System><Provider Name="Microsoft-Windows-Security-Auditing" Guid="{54849625-5478-4994-a5ba-3e3b0328c30d}"></Provider>
<EventID Qualifiers="">4799</EventID>
<Version>0</Version>
<Level>0</Level>
<Task>13826</Task>
<Opcode>0</Opcode>
<Keywords>0x8020000000000000</Keywords>
<TimeCreated SystemTime="2020-10-22 20:52:25.587585"></TimeCreated>
<EventRecordID>301</EventRecordID>
<Correlation ActivityID="{f2d9b0db-a91d-0000-46b4-d9f21da9d601}" RelatedActivityID=""></Correlation>
<Execution ProcessID="792" ThreadID="1384"></Execution>
<Channel>Security</Channel>
<Computer>WIN-PTFPHFCRDJ0</Computer>
<Security UserID=""></Security>
</System>
<EventData><Data Name="TargetUserName">Administrators</Data>
<Data Name="TargetDomainName">Builtin</Data>
<Data Name="TargetSid">S-1-5-32-544</Data>
<Data Name="SubjectUserSid">S-1-5-18</Data>
<Data Name="SubjectUserName">WIN-PTFPHFCRDJ0$</Data>
<Data Name="SubjectDomainName">WORKGROUP</Data>
<Data Name="SubjectLogonId">0x00000000000003e7</Data>
<Data Name="CallerProcessId">0x000000000000021c</Data>
<Data Name="CallerProcessName">C:\Windows\System32\svchost.exe</Data>
</EventData>
</Event>

<Event xmlns="http://schemas.microsoft.com/win/2004/08/events/event"><System><Provider Name="Microsoft-Windows-Security-Auditing" Guid="{54849625-5478-4994-a5ba-3e3b0328c30d}"></Provider>
<EventID Qualifiers="">5061</EventID>
<Version>0</Version>
<Level>0</Level>
<Task>12290</Task>
<Opcode>0</Opcode>
<Keywords>0x8010000000000000</Keywords>
<TimeCreated SystemTime="2020-10-22 20:52:26.825893"></TimeCreated>
<EventRecordID>302</EventRecordID>
<Correlation ActivityID="{f2d9b0db-a91d-0000-46b4-d9f21da9d601}" RelatedActivityID=""></Correlation>
<Execution ProcessID="792" ThreadID="1384"></Execution>
<Channel>Security</Channel>
<Computer>WIN-PTFPHFCRDJ0</Computer>
<Security UserID=""></Security>
</System>
<EventData><Data Name="SubjectUserSid">S-1-5-19</Data>
<Data Name="SubjectUserName">LOCAL SERVICE</Data>
<Data Name="SubjectDomainName">NT AUTHORITY</Data>
<Data Name="SubjectLogonId">0x00000000000003e5</Data>
<Data Name="ProviderName">Microsoft Software Key Storage Provider</Data>
<Data Name="AlgorithmName">UNKNOWN</Data>
<Data Name="KeyName">Microsoft Connected Devices Platform device certificate</Data>
<Data Name="KeyType">%%2500</Data>
<Data Name="Operation">%%2480</Data>
<Data Name="ReturnCode">0x80090016</Data>
</EventData>
</Event>

<Event xmlns="http://schemas.microsoft.com/win/2004/08/events/event"><System><Provider Name="Microsoft-Windows-Security-Auditing" Guid="{54849625-5478-4994-a5ba-3e3b0328c30d}"></Provider>
<EventID Qualifiers="">5061</EventID>
<Version>0</Version>
<Level>0</Level>
<Task>12290</Task>
<Opcode>0</Opcode>
<Keywords>0x8010000000000000</Keywords>
<TimeCreated SystemTime="2020-10-22 20:52:26.826284"></TimeCreated>
<EventRecordID>303</EventRecordID>
<Correlation ActivityID="{f2d9b0db-a91d-0000-46b4-d9f21da9d601}" RelatedActivityID=""></Correlation>
<Execution ProcessID="792" ThreadID="1384"></Execution>
<Channel>Security</Channel>
<Computer>WIN-PTFPHFCRDJ0</Computer>
<Security UserID=""></Security>
</System>
<EventData><Data Name="SubjectUserSid">S-1-5-19</Data>
<Data Name="SubjectUserName">LOCAL SERVICE</Data>
<Data Name="SubjectDomainName">NT AUTHORITY</Data>
<Data Name="SubjectLogonId">0x00000000000003e5</Data>
<Data Name="ProviderName">Microsoft Software Key Storage Provider</Data>
<Data Name="AlgorithmName">UNKNOWN</Data>
<Data Name="KeyName">Microsoft Connected Devices Platform device certificate</Data>
<Data Name="KeyType">%%2500</Data>
<Data Name="Operation">%%2480</Data>
<Data Name="ReturnCode">0x80090016</Data>
</EventData>
</Event>

<Event xmlns="http://schemas.microsoft.com/win/2004/08/events/event"><System><Provider Name="Microsoft-Windows-Security-Auditing" Guid="{54849625-5478-4994-a5ba-3e3b0328c30d}"></Provider>
<EventID Qualifiers="">5061</EventID>
<Version>0</Version>
<Level>0</Level>
<Task>12290</Task>
<Opcode>0</Opcode>
<Keywords>0x8010000000000000</Keywords>
<TimeCreated SystemTime="2020-10-22 20:52:26.826685"></TimeCreated>
<EventRecordID>304</EventRecordID>
<Correlation ActivityID="{f2d9b0db-a91d-0000-46b4-d9f21da9d601}" RelatedActivityID=""></Correlation>
<Execution ProcessID="792" ThreadID="1384"></Execution>
<Channel>Security</Channel>
<Computer>WIN-PTFPHFCRDJ0</Computer>
<Security UserID=""></Security>
</System>
<EventData><Data Name="SubjectUserSid">S-1-5-19</Data>
<Data Name="SubjectUserName">LOCAL SERVICE</Data>
<Data Name="SubjectDomainName">NT AUTHORITY</Data>
<Data Name="SubjectLogonId">0x00000000000003e5</Data>
<Data Name="ProviderName">Microsoft Software Key Storage Provider</Data>
<Data Name="AlgorithmName">UNKNOWN</Data>
<Data Name="KeyName">Microsoft Connected Devices Platform device certificate</Data>
<Data Name="KeyType">%%2500</Data>
<Data Name="Operation">%%2480</Data>
<Data Name="ReturnCode">0x80090016</Data>
</EventData>
</Event>

<Event xmlns="http://schemas.microsoft.com/win/2004/08/events/event"><System><Provider Name="Microsoft-Windows-Security-Auditing" Guid="{54849625-5478-4994-a5ba-3e3b0328c30d}"></Provider>
<EventID Qualifiers="">5058</EventID>
<Version>1</Version>
<Level>0</Level>
<Task>12292</Task>
<Opcode>0</Opcode>
<Keywords>0x8020000000000000</Keywords>
<TimeCreated SystemTime="2020-10-22 20:52:26.827858"></TimeCreated>
<EventRecordID>305</EventRecordID>
<Correlation ActivityID="{f2d9b0db-a91d-0000-46b4-d9f21da9d601}" RelatedActivityID=""></Correlation>
<Execution ProcessID="792" ThreadID="1384"></Execution>
<Channel>Security</Channel>
<Computer>WIN-PTFPHFCRDJ0</Computer>
<Security UserID=""></Security>
</System>
<EventData><Data Name="SubjectUserSid">S-1-5-19</Data>
<Data Name="SubjectUserName">LOCAL SERVICE</Data>
<Data Name="SubjectDomainName">NT AUTHORITY</Data>
<Data Name="SubjectLogonId">0x00000000000003e5</Data>
<Data Name="ClientProcessId">1292</Data>
<Data Name="ClientCreationTime">2020-10-22 20:52:05.088100</Data>
<Data Name="ProviderName">Microsoft Software Key Storage Provider</Data>
<Data Name="AlgorithmName">ECDSA_P256</Data>
<Data Name="KeyName">Microsoft Connected Devices Platform device certificate</Data>
<Data Name="KeyType">%%2500</Data>
<Data Name="KeyFilePath">C:\Windows\ServiceProfiles\LocalService\AppData\Roaming\Microsoft\Crypto\Keys\de7cf8a7901d2ad13e5c67c29e5d1662_222b6393-3d06-43f9-bbd5-048b5d09946d</Data>
<Data Name="Operation">%%2459</Data>
<Data Name="ReturnCode">0x00000000</Data>
</EventData>
</Event>

<Event xmlns="http://schemas.microsoft.com/win/2004/08/events/event"><System><Provider Name="Microsoft-Windows-Security-Auditing" Guid="{54849625-5478-4994-a5ba-3e3b0328c30d}"></Provider>
<EventID Qualifiers="">5061</EventID>
<Version>0</Version>
<Level>0</Level>
<Task>12290</Task>
<Opcode>0</Opcode>
<Keywords>0x8020000000000000</Keywords>
<TimeCreated SystemTime="2020-10-22 20:52:26.831850"></TimeCreated>
<EventRecordID>306</EventRecordID>
<Correlation ActivityID="{f2d9b0db-a91d-0000-46b4-d9f21da9d601}" RelatedActivityID=""></Correlation>
<Execution ProcessID="792" ThreadID="1384"></Execution>
<Channel>Security</Channel>
<Computer>WIN-PTFPHFCRDJ0</Computer>
<Security UserID=""></Security>
</System>
<EventData><Data Name="SubjectUserSid">S-1-5-19</Data>
<Data Name="SubjectUserName">LOCAL SERVICE</Data>
<Data Name="SubjectDomainName">NT AUTHORITY</Data>
<Data Name="SubjectLogonId">0x00000000000003e5</Data>
<Data Name="ProviderName">Microsoft Software Key Storage Provider</Data>
<Data Name="AlgorithmName">ECDSA_P256</Data>
<Data Name="KeyName">Microsoft Connected Devices Platform device certificate</Data>
<Data Name="KeyType">%%2500</Data>
<Data Name="Operation">%%2481</Data>
<Data Name="ReturnCode">0x00000000</Data>
</EventData>
</Event>

<Event xmlns="http://schemas.microsoft.com/win/2004/08/events/event"><System><Provider Name="Microsoft-Windows-Security-Auditing" Guid="{54849625-5478-4994-a5ba-3e3b0328c30d}"></Provider>
<EventID Qualifiers="">5058</EventID>
<Version>1</Version>
<Level>0</Level>
<Task>12292</Task>
<Opcode>0</Opcode>
<Keywords>0x8020000000000000</Keywords>
<TimeCreated SystemTime="2020-10-22 20:52:26.890530"></TimeCreated>
<EventRecordID>307</EventRecordID>
<Correlation ActivityID="{f2d9b0db-a91d-0000-46b4-d9f21da9d601}" RelatedActivityID=""></Correlation>
<Execution ProcessID="792" ThreadID="1384"></Execution>
<Channel>Security</Channel>
<Computer>WIN-PTFPHFCRDJ0</Computer>
<Security UserID=""></Security>
</System>
<EventData><Data Name="SubjectUserSid">S-1-5-19</Data>
<Data Name="SubjectUserName">LOCAL SERVICE</Data>
<Data Name="SubjectDomainName">NT AUTHORITY</Data>
<Data Name="SubjectLogonId">0x00000000000003e5</Data>
<Data Name="ClientProcessId">1292</Data>
<Data Name="ClientCreationTime">2020-10-22 20:52:05.088100</Data>
<Data Name="ProviderName">Microsoft Software Key Storage Provider</Data>
<Data Name="AlgorithmName">UNKNOWN</Data>
<Data Name="KeyName">Microsoft Connected Devices Platform device certificate</Data>
<Data Name="KeyType">%%2500</Data>
<Data Name="KeyFilePath">C:\Windows\ServiceProfiles\LocalService\AppData\Roaming\Microsoft\Crypto\Keys\de7cf8a7901d2ad13e5c67c29e5d1662_222b6393-3d06-43f9-bbd5-048b5d09946d</Data>
<Data Name="Operation">%%2458</Data>
<Data Name="ReturnCode">0x00000000</Data>
</EventData>
</Event>

<Event xmlns="http://schemas.microsoft.com/win/2004/08/events/event"><System><Provider Name="Microsoft-Windows-Security-Auditing" Guid="{54849625-5478-4994-a5ba-3e3b0328c30d}"></Provider>
<EventID Qualifiers="">5061</EventID>
<Version>0</Version>
<Level>0</Level>
<Task>12290</Task>
<Opcode>0</Opcode>
<Keywords>0x8020000000000000</Keywords>
<TimeCreated SystemTime="2020-10-22 20:52:26.890837"></TimeCreated>
<EventRecordID>308</EventRecordID>
<Correlation ActivityID="{f2d9b0db-a91d-0000-46b4-d9f21da9d601}" RelatedActivityID=""></Correlation>
<Execution ProcessID="792" ThreadID="1384"></Execution>
<Channel>Security</Channel>
<Computer>WIN-PTFPHFCRDJ0</Computer>
<Security UserID=""></Security>
</System>
<EventData><Data Name="SubjectUserSid">S-1-5-19</Data>
<Data Name="SubjectUserName">LOCAL SERVICE</Data>
<Data Name="SubjectDomainName">NT AUTHORITY</Data>
<Data Name="SubjectLogonId">0x00000000000003e5</Data>
<Data Name="ProviderName">Microsoft Software Key Storage Provider</Data>
<Data Name="AlgorithmName">ECDSA_P256</Data>
<Data Name="KeyName">Microsoft Connected Devices Platform device certificate</Data>
<Data Name="KeyType">%%2500</Data>
<Data Name="Operation">%%2480</Data>
<Data Name="ReturnCode">0x00000000</Data>
</EventData>
</Event>

<Event xmlns="http://schemas.microsoft.com/win/2004/08/events/event"><System><Provider Name="Microsoft-Windows-Security-Auditing" Guid="{54849625-5478-4994-a5ba-3e3b0328c30d}"></Provider>
<EventID Qualifiers="">5059</EventID>
<Version>1</Version>
<Level>0</Level>
<Task>12292</Task>
<Opcode>0</Opcode>
<Keywords>0x8020000000000000</Keywords>
<TimeCreated SystemTime="2020-10-22 20:52:26.891096"></TimeCreated>
<EventRecordID>309</EventRecordID>
<Correlation ActivityID="{f2d9b0db-a91d-0000-46b4-d9f21da9d601}" RelatedActivityID=""></Correlation>
<Execution ProcessID="792" ThreadID="1384"></Execution>
<Channel>Security</Channel>
<Computer>WIN-PTFPHFCRDJ0</Computer>
<Security UserID=""></Security>
</System>
<EventData><Data Name="SubjectUserSid">S-1-5-19</Data>
<Data Name="SubjectUserName">LOCAL SERVICE</Data>
<Data Name="SubjectDomainName">NT AUTHORITY</Data>
<Data Name="SubjectLogonId">0x00000000000003e5</Data>
<Data Name="ClientProcessId">1292</Data>
<Data Name="ClientCreationTime">2020-10-22 20:52:05.088100</Data>
<Data Name="ProviderName">Microsoft Software Key Storage Provider</Data>
<Data Name="AlgorithmName">ECDSA_P256</Data>
<Data Name="KeyName">Microsoft Connected Devices Platform device certificate</Data>
<Data Name="KeyType">%%2500</Data>
<Data Name="Operation">%%2464</Data>
<Data Name="ReturnCode">0x00000000</Data>
</EventData>
</Event>

<Event xmlns="http://schemas.microsoft.com/win/2004/08/events/event"><System><Provider Name="Microsoft-Windows-Security-Auditing" Guid="{54849625-5478-4994-a5ba-3e3b0328c30d}"></Provider>
<EventID Qualifiers="">5059</EventID>
<Version>1</Version>
<Level>0</Level>
<Task>12292</Task>
<Opcode>0</Opcode>
<Keywords>0x8020000000000000</Keywords>
<TimeCreated SystemTime="2020-10-22 20:52:26.891911"></TimeCreated>
<EventRecordID>310</EventRecordID>
<Correlation ActivityID="{f2d9b0db-a91d-0000-46b4-d9f21da9d601}" RelatedActivityID=""></Correlation>
<Execution ProcessID="792" ThreadID="1384"></Execution>
<Channel>Security</Channel>
<Computer>WIN-PTFPHFCRDJ0</Computer>
<Security UserID=""></Security>
</System>
<EventData><Data Name="SubjectUserSid">S-1-5-19</Data>
<Data Name="SubjectUserName">LOCAL SERVICE</Data>
<Data Name="SubjectDomainName">NT AUTHORITY</Data>
<Data Name="SubjectLogonId">0x00000000000003e5</Data>
<Data Name="ClientProcessId">1292</Data>
<Data Name="ClientCreationTime">2020-10-22 20:52:05.088100</Data>
<Data Name="ProviderName">Microsoft Software Key Storage Provider</Data>
<Data Name="AlgorithmName">ECDSA_P256</Data>
<Data Name="KeyName">Microsoft Connected Devices Platform device certificate</Data>
<Data Name="KeyType">%%2500</Data>
<Data Name="Operation">%%2464</Data>
<Data Name="ReturnCode">0x00000000</Data>
</EventData>
</Event>

<Event xmlns="http://schemas.microsoft.com/win/2004/08/events/event"><System><Provider Name="Microsoft-Windows-Security-Auditing" Guid="{54849625-5478-4994-a5ba-3e3b0328c30d}"></Provider>
<EventID Qualifiers="">5059</EventID>
<Version>1</Version>
<Level>0</Level>
<Task>12292</Task>
<Opcode>0</Opcode>
<Keywords>0x8020000000000000</Keywords>
<TimeCreated SystemTime="2020-10-22 20:52:26.897816"></TimeCreated>
<EventRecordID>311</EventRecordID>
<Correlation ActivityID="{f2d9b0db-a91d-0000-46b4-d9f21da9d601}" RelatedActivityID=""></Correlation>
<Execution ProcessID="792" ThreadID="1384"></Execution>
<Channel>Security</Channel>
<Computer>WIN-PTFPHFCRDJ0</Computer>
<Security UserID=""></Security>
</System>
<EventData><Data Name="SubjectUserSid">S-1-5-19</Data>
<Data Name="SubjectUserName">LOCAL SERVICE</Data>
<Data Name="SubjectDomainName">NT AUTHORITY</Data>
<Data Name="SubjectLogonId">0x00000000000003e5</Data>
<Data Name="ClientProcessId">1292</Data>
<Data Name="ClientCreationTime">2020-10-22 20:52:05.088100</Data>
<Data Name="ProviderName">Microsoft Software Key Storage Provider</Data>
<Data Name="AlgorithmName">ECDSA_P256</Data>
<Data Name="KeyName">Microsoft Connected Devices Platform device certificate</Data>
<Data Name="KeyType">%%2500</Data>
<Data Name="Operation">%%2464</Data>
<Data Name="ReturnCode">0x00000000</Data>
</EventData>
</Event>

<Event xmlns="http://schemas.microsoft.com/win/2004/08/events/event"><System><Provider Name="Microsoft-Windows-Security-Auditing" Guid="{54849625-5478-4994-a5ba-3e3b0328c30d}"></Provider>
<EventID Qualifiers="">5058</EventID>
<Version>1</Version>
<Level>0</Level>
<Task>12292</Task>
<Opcode>0</Opcode>
<Keywords>0x8020000000000000</Keywords>
<TimeCreated SystemTime="2020-10-22 20:52:27.080702"></TimeCreated>
<EventRecordID>312</EventRecordID>
<Correlation ActivityID="{f2d9b0db-a91d-0000-46b4-d9f21da9d601}" RelatedActivityID=""></Correlation>
<Execution ProcessID="792" ThreadID="1384"></Execution>
<Channel>Security</Channel>
<Computer>WIN-PTFPHFCRDJ0</Computer>
<Security UserID=""></Security>
</System>
<EventData><Data Name="SubjectUserSid">S-1-5-18</Data>
<Data Name="SubjectUserName">WIN-PTFPHFCRDJ0$</Data>
<Data Name="SubjectDomainName">WORKGROUP</Data>
<Data Name="SubjectLogonId">0x00000000000003e7</Data>
<Data Name="ClientProcessId">540</Data>
<Data Name="ClientCreationTime">2020-10-23 09:21:58.618834</Data>
<Data Name="ProviderName">Microsoft Software Key Storage Provider</Data>
<Data Name="AlgorithmName">UNKNOWN</Data>
<Data Name="KeyName">98e5f507-2016-79a6-8fb0-76c4752d9b80</Data>
<Data Name="KeyType">%%2500</Data>
<Data Name="KeyFilePath">C:\ProgramData\Microsoft\Crypto\SystemKeys\ed57c8c2bb1233eb65ef7e40363b7817_222b6393-3d06-43f9-bbd5-048b5d09946d</Data>
<Data Name="Operation">%%2458</Data>
<Data Name="ReturnCode">0x00000000</Data>
</EventData>
</Event>

<Event xmlns="http://schemas.microsoft.com/win/2004/08/events/event"><System><Provider Name="Microsoft-Windows-Security-Auditing" Guid="{54849625-5478-4994-a5ba-3e3b0328c30d}"></Provider>
<EventID Qualifiers="">5061</EventID>
<Version>0</Version>
<Level>0</Level>
<Task>12290</Task>
<Opcode>0</Opcode>
<Keywords>0x8020000000000000</Keywords>
<TimeCreated SystemTime="2020-10-22 20:52:27.080894"></TimeCreated>
<EventRecordID>313</EventRecordID>
<Correlation ActivityID="{f2d9b0db-a91d-0000-46b4-d9f21da9d601}" RelatedActivityID=""></Correlation>
<Execution ProcessID="792" ThreadID="1384"></Execution>
<Channel>Security</Channel>
<Computer>WIN-PTFPHFCRDJ0</Computer>
<Security UserID=""></Security>
</System>
<EventData><Data Name="SubjectUserSid">S-1-5-18</Data>
<Data Name="SubjectUserName">WIN-PTFPHFCRDJ0$</Data>
<Data Name="SubjectDomainName">WORKGROUP</Data>
<Data Name="SubjectLogonId">0x00000000000003e7</Data>
<Data Name="ProviderName">Microsoft Software Key Storage Provider</Data>
<Data Name="AlgorithmName">RSA</Data>
<Data Name="KeyName">98e5f507-2016-79a6-8fb0-76c4752d9b80</Data>
<Data Name="KeyType">%%2500</Data>
<Data Name="Operation">%%2480</Data>
<Data Name="ReturnCode">0x00000000</Data>
</EventData>
</Event>

<Event xmlns="http://schemas.microsoft.com/win/2004/08/events/event"><System><Provider Name="Microsoft-Windows-Security-Auditing" Guid="{54849625-5478-4994-a5ba-3e3b0328c30d}"></Provider>
<EventID Qualifiers="">5379</EventID>
<Version>0</Version>
<Level>0</Level>
<Task>13824</Task>
<Opcode>0</Opcode>
<Keywords>0x8020000000000000</Keywords>
<TimeCreated SystemTime="2020-10-22 20:52:27.757479"></TimeCreated>
<EventRecordID>314</EventRecordID>
<Correlation ActivityID="{f2d9b0db-a91d-0000-46b4-d9f21da9d601}" RelatedActivityID=""></Correlation>
<Execution ProcessID="792" ThreadID="840"></Execution>
<Channel>Security</Channel>
<Computer>WIN-PTFPHFCRDJ0</Computer>
<Security UserID=""></Security>
</System>
<EventData><Data Name="SubjectUserSid">S-1-5-18</Data>
<Data Name="SubjectUserName">WIN-PTFPHFCRDJ0$</Data>
<Data Name="SubjectDomainName">WORKGROUP</Data>
<Data Name="SubjectLogonId">0x00000000000003e7</Data>
<Data Name="TargetName">MicrosoftAccount:user=02uvtnvvairqjmps</Data>
<Data Name="Type">0</Data>
<Data Name="CountOfCredentialsReturned">0</Data>
<Data Name="ReadOperation">%%8100</Data>
<Data Name="ReturnCode">3221226021</Data>
<Data Name="ProcessCreationTime">2020-10-23 09:21:58.618834</Data>
<Data Name="ClientProcessId">540</Data>
</EventData>
</Event>

<Event xmlns="http://schemas.microsoft.com/win/2004/08/events/event"><System><Provider Name="Microsoft-Windows-Security-Auditing" Guid="{54849625-5478-4994-a5ba-3e3b0328c30d}"></Provider>
<EventID Qualifiers="">5379</EventID>
<Version>0</Version>
<Level>0</Level>
<Task>13824</Task>
<Opcode>0</Opcode>
<Keywords>0x8020000000000000</Keywords>
<TimeCreated SystemTime="2020-10-22 20:52:27.757538"></TimeCreated>
<EventRecordID>315</EventRecordID>
<Correlation ActivityID="{f2d9b0db-a91d-0000-46b4-d9f21da9d601}" RelatedActivityID=""></Correlation>
<Execution ProcessID="792" ThreadID="840"></Execution>
<Channel>Security</Channel>
<Computer>WIN-PTFPHFCRDJ0</Computer>
<Security UserID=""></Security>
</System>
<EventData><Data Name="SubjectUserSid">S-1-5-18</Data>
<Data Name="SubjectUserName">WIN-PTFPHFCRDJ0$</Data>
<Data Name="SubjectDomainName">WORKGROUP</Data>
<Data Name="SubjectLogonId">0x00000000000003e7</Data>
<Data Name="TargetName">WindowsLive:(token):name=02uvtnvvairqjmps;serviceuri=*</Data>
<Data Name="Type">0</Data>
<Data Name="CountOfCredentialsReturned">0</Data>
<Data Name="ReadOperation">%%8100</Data>
<Data Name="ReturnCode">3221226021</Data>
<Data Name="ProcessCreationTime">2020-10-23 09:21:58.618834</Data>
<Data Name="ClientProcessId">540</Data>
</EventData>
</Event>

<Event xmlns="http://schemas.microsoft.com/win/2004/08/events/event"><System><Provider Name="Microsoft-Windows-Security-Auditing" Guid="{54849625-5478-4994-a5ba-3e3b0328c30d}"></Provider>
<EventID Qualifiers="">5379</EventID>
<Version>0</Version>
<Level>0</Level>
<Task>13824</Task>
<Opcode>0</Opcode>
<Keywords>0x8020000000000000</Keywords>
<TimeCreated SystemTime="2020-10-22 20:52:27.757811"></TimeCreated>
<EventRecordID>316</EventRecordID>
<Correlation ActivityID="{f2d9b0db-a91d-0000-46b4-d9f21da9d601}" RelatedActivityID=""></Correlation>
<Execution ProcessID="792" ThreadID="840"></Execution>
<Channel>Security</Channel>
<Computer>WIN-PTFPHFCRDJ0</Computer>
<Security UserID=""></Security>
</System>
<EventData><Data Name="SubjectUserSid">S-1-5-18</Data>
<Data Name="SubjectUserName">WIN-PTFPHFCRDJ0$</Data>
<Data Name="SubjectDomainName">WORKGROUP</Data>
<Data Name="SubjectLogonId">0x00000000000003e7</Data>
<Data Name="TargetName">WindowsLive:(cert):name=02uvtnvvairqjmps;serviceuri=*</Data>
<Data Name="Type">0</Data>
<Data Name="CountOfCredentialsReturned">0</Data>
<Data Name="ReadOperation">%%8100</Data>
<Data Name="ReturnCode">3221226021</Data>
<Data Name="ProcessCreationTime">2020-10-23 09:21:58.618834</Data>
<Data Name="ClientProcessId">540</Data>
</EventData>
</Event>

<Event xmlns="http://schemas.microsoft.com/win/2004/08/events/event"><System><Provider Name="Microsoft-Windows-Security-Auditing" Guid="{54849625-5478-4994-a5ba-3e3b0328c30d}"></Provider>
<EventID Qualifiers="">5379</EventID>
<Version>0</Version>
<Level>0</Level>
<Task>13824</Task>
<Opcode>0</Opcode>
<Keywords>0x8020000000000000</Keywords>
<TimeCreated SystemTime="2020-10-22 20:52:28.315725"></TimeCreated>
<EventRecordID>317</EventRecordID>
<Correlation ActivityID="{f2d9b0db-a91d-0000-46b4-d9f21da9d601}" RelatedActivityID=""></Correlation>
<Execution ProcessID="792" ThreadID="840"></Execution>
<Channel>Security</Channel>
<Computer>WIN-PTFPHFCRDJ0</Computer>
<Security UserID=""></Security>
</System>
<EventData><Data Name="SubjectUserSid">S-1-5-18</Data>
<Data Name="SubjectUserName">WIN-PTFPHFCRDJ0$</Data>
<Data Name="SubjectDomainName">WORKGROUP</Data>
<Data Name="SubjectLogonId">0x00000000000003e7</Data>
<Data Name="TargetName">MicrosoftAccount:user=02uvtnvvairqjmps</Data>
<Data Name="Type">0</Data>
<Data Name="CountOfCredentialsReturned">0</Data>
<Data Name="ReadOperation">%%8100</Data>
<Data Name="ReturnCode">3221226021</Data>
<Data Name="ProcessCreationTime">2020-10-23 09:21:58.618834</Data>
<Data Name="ClientProcessId">540</Data>
</EventData>
</Event>

<Event xmlns="http://schemas.microsoft.com/win/2004/08/events/event"><System><Provider Name="Microsoft-Windows-Security-Auditing" Guid="{54849625-5478-4994-a5ba-3e3b0328c30d}"></Provider>
<EventID Qualifiers="">5379</EventID>
<Version>0</Version>
<Level>0</Level>
<Task>13824</Task>
<Opcode>0</Opcode>
<Keywords>0x8020000000000000</Keywords>
<TimeCreated SystemTime="2020-10-22 20:52:28.316025"></TimeCreated>
<EventRecordID>318</EventRecordID>
<Correlation ActivityID="{f2d9b0db-a91d-0000-46b4-d9f21da9d601}" RelatedActivityID=""></Correlation>
<Execution ProcessID="792" ThreadID="840"></Execution>
<Channel>Security</Channel>
<Computer>WIN-PTFPHFCRDJ0</Computer>
<Security UserID=""></Security>
</System>
<EventData><Data Name="SubjectUserSid">S-1-5-18</Data>
<Data Name="SubjectUserName">WIN-PTFPHFCRDJ0$</Data>
<Data Name="SubjectDomainName">WORKGROUP</Data>
<Data Name="SubjectLogonId">0x00000000000003e7</Data>
<Data Name="TargetName">MicrosoftAccount:user=02uvtnvvairqjmps</Data>
<Data Name="Type">0</Data>
<Data Name="CountOfCredentialsReturned">0</Data>
<Data Name="ReadOperation">%%8100</Data>
<Data Name="ReturnCode">3221226021</Data>
<Data Name="ProcessCreationTime">2020-10-23 09:21:58.618834</Data>
<Data Name="ClientProcessId">540</Data>
</EventData>
</Event>

<Event xmlns="http://schemas.microsoft.com/win/2004/08/events/event"><System><Provider Name="Microsoft-Windows-Security-Auditing" Guid="{54849625-5478-4994-a5ba-3e3b0328c30d}"></Provider>
<EventID Qualifiers="">4739</EventID>
<Version>0</Version>
<Level>0</Level>
<Task>13569</Task>
<Opcode>0</Opcode>
<Keywords>0x8020000000000000</Keywords>
<TimeCreated SystemTime="2020-10-22 20:52:35.991590"></TimeCreated>
<EventRecordID>319</EventRecordID>
<Correlation ActivityID="{f2d9b0db-a91d-0000-46b4-d9f21da9d601}" RelatedActivityID=""></Correlation>
<Execution ProcessID="792" ThreadID="844"></Execution>
<Channel>Security</Channel>
<Computer>WIN-PTFPHFCRDJ0</Computer>
<Security UserID=""></Security>
</System>
<EventData><Data Name="DomainPolicyChanged">Password Policy</Data>
<Data Name="DomainName">WIN-PTFPHFCRDJ0</Data>
<Data Name="DomainSid">S-1-5-21-1152959844-3645458174-3779170896</Data>
<Data Name="SubjectUserSid">S-1-5-21-1152959844-3645458174-3779170896-1000</Data>
<Data Name="SubjectUserName">user</Data>
<Data Name="SubjectDomainName">WIN-PTFPHFCRDJ0</Data>
<Data Name="SubjectLogonId">0x000000000003ab8e</Data>
<Data Name="PrivilegeList">-</Data>
<Data Name="MinPasswordAge"></Data>
<Data Name="MaxPasswordAge"></Data>
<Data Name="ForceLogoff">-</Data>
<Data Name="LockoutThreshold">-</Data>
<Data Name="LockoutObservationWindow">-</Data>
<Data Name="LockoutDuration">-</Data>
<Data Name="PasswordProperties">-</Data>
<Data Name="MinPasswordLength">1</Data>
<Data Name="PasswordHistoryLength">0</Data>
<Data Name="MachineAccountQuota">0</Data>
<Data Name="MixedDomainMode">-</Data>
<Data Name="DomainBehaviorVersion">-</Data>
<Data Name="OemInformation">-</Data>
</EventData>
</Event>

<Event xmlns="http://schemas.microsoft.com/win/2004/08/events/event"><System><Provider Name="Microsoft-Windows-Security-Auditing" Guid="{54849625-5478-4994-a5ba-3e3b0328c30d}"></Provider>
<EventID Qualifiers="">4739</EventID>
<Version>0</Version>
<Level>0</Level>
<Task>13569</Task>
<Opcode>0</Opcode>
<Keywords>0x8020000000000000</Keywords>
<TimeCreated SystemTime="2020-10-22 20:52:35.991838"></TimeCreated>
<EventRecordID>320</EventRecordID>
<Correlation ActivityID="{f2d9b0db-a91d-0000-46b4-d9f21da9d601}" RelatedActivityID=""></Correlation>
<Execution ProcessID="792" ThreadID="844"></Execution>
<Channel>Security</Channel>
<Computer>WIN-PTFPHFCRDJ0</Computer>
<Security UserID=""></Security>
</System>
<EventData><Data Name="DomainPolicyChanged">Logoff Policy</Data>
<Data Name="DomainName">WIN-PTFPHFCRDJ0</Data>
<Data Name="DomainSid">S-1-5-21-1152959844-3645458174-3779170896</Data>
<Data Name="SubjectUserSid">S-1-5-21-1152959844-3645458174-3779170896-1000</Data>
<Data Name="SubjectUserName">user</Data>
<Data Name="SubjectDomainName">WIN-PTFPHFCRDJ0</Data>
<Data Name="SubjectLogonId">0x000000000003ab8e</Data>
<Data Name="PrivilegeList">-</Data>
<Data Name="MinPasswordAge">-</Data>
<Data Name="MaxPasswordAge">-</Data>
<Data Name="ForceLogoff">-</Data>
<Data Name="LockoutThreshold">-</Data>
<Data Name="LockoutObservationWindow">-</Data>
<Data Name="LockoutDuration">-</Data>
<Data Name="PasswordProperties">-</Data>
<Data Name="MinPasswordLength">-</Data>
<Data Name="PasswordHistoryLength">-</Data>
<Data Name="MachineAccountQuota">-</Data>
<Data Name="MixedDomainMode">-</Data>
<Data Name="DomainBehaviorVersion">-</Data>
<Data Name="OemInformation">-</Data>
</EventData>
</Event>

<Event xmlns="http://schemas.microsoft.com/win/2004/08/events/event"><System><Provider Name="Microsoft-Windows-Security-Auditing" Guid="{54849625-5478-4994-a5ba-3e3b0328c30d}"></Provider>
<EventID Qualifiers="">4624</EventID>
<Version>2</Version>
<Level>0</Level>
<Task>12544</Task>
<Opcode>0</Opcode>
<Keywords>0x8020000000000000</Keywords>
<TimeCreated SystemTime="2020-10-22 20:52:45.772312"></TimeCreated>
<EventRecordID>321</EventRecordID>
<Correlation ActivityID="{f2d9b0db-a91d-0000-46b4-d9f21da9d601}" RelatedActivityID=""></Correlation>
<Execution ProcessID="792" ThreadID="844"></Execution>
<Channel>Security</Channel>
<Computer>WIN-PTFPHFCRDJ0</Computer>
<Security UserID=""></Security>
</System>
<EventData><Data Name="SubjectUserSid">S-1-5-18</Data>
<Data Name="SubjectUserName">WIN-PTFPHFCRDJ0$</Data>
<Data Name="SubjectDomainName">WORKGROUP</Data>
<Data Name="SubjectLogonId">0x00000000000003e7</Data>
<Data Name="TargetUserSid">S-1-5-18</Data>
<Data Name="TargetUserName">SYSTEM</Data>
<Data Name="TargetDomainName">NT AUTHORITY</Data>
<Data Name="TargetLogonId">0x00000000000003e7</Data>
<Data Name="LogonType">5</Data>
<Data Name="LogonProcessName">Advapi  </Data>
<Data Name="AuthenticationPackageName">Negotiate</Data>
<Data Name="WorkstationName">-</Data>
<Data Name="LogonGuid">{00000000-0000-0000-0000-000000000000}</Data>
<Data Name="TransmittedServices">-</Data>
<Data Name="LmPackageName">-</Data>
<Data Name="KeyLength">0</Data>
<Data Name="ProcessId">0x0000000000000310</Data>
<Data Name="ProcessName">C:\Windows\System32\services.exe</Data>
<Data Name="IpAddress">-</Data>
<Data Name="IpPort">-</Data>
<Data Name="ImpersonationLevel">%%1833</Data>
<Data Name="RestrictedAdminMode">-</Data>
<Data Name="TargetOutboundUserName">-</Data>
<Data Name="TargetOutboundDomainName">-</Data>
<Data Name="VirtualAccount">%%1843</Data>
<Data Name="TargetLinkedLogonId">0x0000000000000000</Data>
<Data Name="ElevatedToken">%%1842</Data>
</EventData>
</Event>

<Event xmlns="http://schemas.microsoft.com/win/2004/08/events/event"><System><Provider Name="Microsoft-Windows-Security-Auditing" Guid="{54849625-5478-4994-a5ba-3e3b0328c30d}"></Provider>
<EventID Qualifiers="">4672</EventID>
<Version>0</Version>
<Level>0</Level>
<Task>12548</Task>
<Opcode>0</Opcode>
<Keywords>0x8020000000000000</Keywords>
<TimeCreated SystemTime="2020-10-22 20:52:45.772329"></TimeCreated>
<EventRecordID>322</EventRecordID>
<Correlation ActivityID="{f2d9b0db-a91d-0000-46b4-d9f21da9d601}" RelatedActivityID=""></Correlation>
<Execution ProcessID="792" ThreadID="844"></Execution>
<Channel>Security</Channel>
<Computer>WIN-PTFPHFCRDJ0</Computer>
<Security UserID=""></Security>
</System>
<EventData><Data Name="SubjectUserSid">S-1-5-18</Data>
<Data Name="SubjectUserName">SYSTEM</Data>
<Data Name="SubjectDomainName">NT AUTHORITY</Data>
<Data Name="SubjectLogonId">0x00000000000003e7</Data>
<Data Name="PrivilegeList">SeAssignPrimaryTokenPrivilege
			SeTcbPrivilege
			SeSecurityPrivilege
			SeTakeOwnershipPrivilege
			SeLoadDriverPrivilege
			SeBackupPrivilege
			SeRestorePrivilege
			SeDebugPrivilege
			SeAuditPrivilege
			SeSystemEnvironmentPrivilege
			SeImpersonatePrivilege
			SeDelegateSessionUserImpersonatePrivilege</Data>
</EventData>
</Event>

<Event xmlns="http://schemas.microsoft.com/win/2004/08/events/event"><System><Provider Name="Microsoft-Windows-Security-Auditing" Guid="{54849625-5478-4994-a5ba-3e3b0328c30d}"></Provider>
<EventID Qualifiers="">5061</EventID>
<Version>0</Version>
<Level>0</Level>
<Task>12290</Task>
<Opcode>0</Opcode>
<Keywords>0x8010000000000000</Keywords>
<TimeCreated SystemTime="2020-10-22 20:52:48.420126"></TimeCreated>
<EventRecordID>323</EventRecordID>
<Correlation ActivityID="{f2d9b0db-a91d-0000-46b4-d9f21da9d601}" RelatedActivityID=""></Correlation>
<Execution ProcessID="792" ThreadID="844"></Execution>
<Channel>Security</Channel>
<Computer>WIN-PTFPHFCRDJ0</Computer>
<Security UserID=""></Security>
</System>
<EventData><Data Name="SubjectUserSid">S-1-5-21-1152959844-3645458174-3779170896-1000</Data>
<Data Name="SubjectUserName">user</Data>
<Data Name="SubjectDomainName">WIN-PTFPHFCRDJ0</Data>
<Data Name="SubjectLogonId">0x000000000003abba</Data>
<Data Name="ProviderName">Microsoft Software Key Storage Provider</Data>
<Data Name="AlgorithmName">UNKNOWN</Data>
<Data Name="KeyName">Microsoft Connected Devices Platform device certificate</Data>
<Data Name="KeyType">%%2500</Data>
<Data Name="Operation">%%2480</Data>
<Data Name="ReturnCode">0x80090016</Data>
</EventData>
</Event>

<Event xmlns="http://schemas.microsoft.com/win/2004/08/events/event"><System><Provider Name="Microsoft-Windows-Security-Auditing" Guid="{54849625-5478-4994-a5ba-3e3b0328c30d}"></Provider>
<EventID Qualifiers="">5061</EventID>
<Version>0</Version>
<Level>0</Level>
<Task>12290</Task>
<Opcode>0</Opcode>
<Keywords>0x8010000000000000</Keywords>
<TimeCreated SystemTime="2020-10-22 20:52:48.420496"></TimeCreated>
<EventRecordID>324</EventRecordID>
<Correlation ActivityID="{f2d9b0db-a91d-0000-46b4-d9f21da9d601}" RelatedActivityID=""></Correlation>
<Execution ProcessID="792" ThreadID="844"></Execution>
<Channel>Security</Channel>
<Computer>WIN-PTFPHFCRDJ0</Computer>
<Security UserID=""></Security>
</System>
<EventData><Data Name="SubjectUserSid">S-1-5-21-1152959844-3645458174-3779170896-1000</Data>
<Data Name="SubjectUserName">user</Data>
<Data Name="SubjectDomainName">WIN-PTFPHFCRDJ0</Data>
<Data Name="SubjectLogonId">0x000000000003abba</Data>
<Data Name="ProviderName">Microsoft Software Key Storage Provider</Data>
<Data Name="AlgorithmName">UNKNOWN</Data>
<Data Name="KeyName">Microsoft Connected Devices Platform device certificate</Data>
<Data Name="KeyType">%%2500</Data>
<Data Name="Operation">%%2480</Data>
<Data Name="ReturnCode">0x80090016</Data>
</EventData>
</Event>

<Event xmlns="http://schemas.microsoft.com/win/2004/08/events/event"><System><Provider Name="Microsoft-Windows-Security-Auditing" Guid="{54849625-5478-4994-a5ba-3e3b0328c30d}"></Provider>
<EventID Qualifiers="">5061</EventID>
<Version>0</Version>
<Level>0</Level>
<Task>12290</Task>
<Opcode>0</Opcode>
<Keywords>0x8010000000000000</Keywords>
<TimeCreated SystemTime="2020-10-22 20:52:48.420900"></TimeCreated>
<EventRecordID>325</EventRecordID>
<Correlation ActivityID="{f2d9b0db-a91d-0000-46b4-d9f21da9d601}" RelatedActivityID=""></Correlation>
<Execution ProcessID="792" ThreadID="844"></Execution>
<Channel>Security</Channel>
<Computer>WIN-PTFPHFCRDJ0</Computer>
<Security UserID=""></Security>
</System>
<EventData><Data Name="SubjectUserSid">S-1-5-21-1152959844-3645458174-3779170896-1000</Data>
<Data Name="SubjectUserName">user</Data>
<Data Name="SubjectDomainName">WIN-PTFPHFCRDJ0</Data>
<Data Name="SubjectLogonId">0x000000000003abba</Data>
<Data Name="ProviderName">Microsoft Software Key Storage Provider</Data>
<Data Name="AlgorithmName">UNKNOWN</Data>
<Data Name="KeyName">Microsoft Connected Devices Platform device certificate</Data>
<Data Name="KeyType">%%2500</Data>
<Data Name="Operation">%%2480</Data>
<Data Name="ReturnCode">0x80090016</Data>
</EventData>
</Event>

<Event xmlns="http://schemas.microsoft.com/win/2004/08/events/event"><System><Provider Name="Microsoft-Windows-Security-Auditing" Guid="{54849625-5478-4994-a5ba-3e3b0328c30d}"></Provider>
<EventID Qualifiers="">5058</EventID>
<Version>1</Version>
<Level>0</Level>
<Task>12292</Task>
<Opcode>0</Opcode>
<Keywords>0x8020000000000000</Keywords>
<TimeCreated SystemTime="2020-10-22 20:52:48.422838"></TimeCreated>
<EventRecordID>326</EventRecordID>
<Correlation ActivityID="{f2d9b0db-a91d-0000-46b4-d9f21da9d601}" RelatedActivityID=""></Correlation>
<Execution ProcessID="792" ThreadID="844"></Execution>
<Channel>Security</Channel>
<Computer>WIN-PTFPHFCRDJ0</Computer>
<Security UserID=""></Security>
</System>
<EventData><Data Name="SubjectUserSid">S-1-5-21-1152959844-3645458174-3779170896-1000</Data>
<Data Name="SubjectUserName">user</Data>
<Data Name="SubjectDomainName">WIN-PTFPHFCRDJ0</Data>
<Data Name="SubjectLogonId">0x000000000003abba</Data>
<Data Name="ClientProcessId">3420</Data>
<Data Name="ClientCreationTime">2020-10-22 20:52:25.858601</Data>
<Data Name="ProviderName">Microsoft Software Key Storage Provider</Data>
<Data Name="AlgorithmName">ECDSA_P256</Data>
<Data Name="KeyName">Microsoft Connected Devices Platform device certificate</Data>
<Data Name="KeyType">%%2500</Data>
<Data Name="KeyFilePath">C:\Users\user\AppData\Roaming\Microsoft\Crypto\Keys\de7cf8a7901d2ad13e5c67c29e5d1662_222b6393-3d06-43f9-bbd5-048b5d09946d</Data>
<Data Name="Operation">%%2459</Data>
<Data Name="ReturnCode">0x00000000</Data>
</EventData>
</Event>

<Event xmlns="http://schemas.microsoft.com/win/2004/08/events/event"><System><Provider Name="Microsoft-Windows-Security-Auditing" Guid="{54849625-5478-4994-a5ba-3e3b0328c30d}"></Provider>
<EventID Qualifiers="">5061</EventID>
<Version>0</Version>
<Level>0</Level>
<Task>12290</Task>
<Opcode>0</Opcode>
<Keywords>0x8020000000000000</Keywords>
<TimeCreated SystemTime="2020-10-22 20:52:48.426048"></TimeCreated>
<EventRecordID>327</EventRecordID>
<Correlation ActivityID="{f2d9b0db-a91d-0000-46b4-d9f21da9d601}" RelatedActivityID=""></Correlation>
<Execution ProcessID="792" ThreadID="844"></Execution>
<Channel>Security</Channel>
<Computer>WIN-PTFPHFCRDJ0</Computer>
<Security UserID=""></Security>
</System>
<EventData><Data Name="SubjectUserSid">S-1-5-21-1152959844-3645458174-3779170896-1000</Data>
<Data Name="SubjectUserName">user</Data>
<Data Name="SubjectDomainName">WIN-PTFPHFCRDJ0</Data>
<Data Name="SubjectLogonId">0x000000000003abba</Data>
<Data Name="ProviderName">Microsoft Software Key Storage Provider</Data>
<Data Name="AlgorithmName">ECDSA_P256</Data>
<Data Name="KeyName">Microsoft Connected Devices Platform device certificate</Data>
<Data Name="KeyType">%%2500</Data>
<Data Name="Operation">%%2481</Data>
<Data Name="ReturnCode">0x00000000</Data>
</EventData>
</Event>

<Event xmlns="http://schemas.microsoft.com/win/2004/08/events/event"><System><Provider Name="Microsoft-Windows-Security-Auditing" Guid="{54849625-5478-4994-a5ba-3e3b0328c30d}"></Provider>
<EventID Qualifiers="">5058</EventID>
<Version>1</Version>
<Level>0</Level>
<Task>12292</Task>
<Opcode>0</Opcode>
<Keywords>0x8020000000000000</Keywords>
<TimeCreated SystemTime="2020-10-22 20:52:48.427452"></TimeCreated>
<EventRecordID>328</EventRecordID>
<Correlation ActivityID="{f2d9b0db-a91d-0000-46b4-d9f21da9d601}" RelatedActivityID=""></Correlation>
<Execution ProcessID="792" ThreadID="844"></Execution>
<Channel>Security</Channel>
<Computer>WIN-PTFPHFCRDJ0</Computer>
<Security UserID=""></Security>
</System>
<EventData><Data Name="SubjectUserSid">S-1-5-21-1152959844-3645458174-3779170896-1000</Data>
<Data Name="SubjectUserName">user</Data>
<Data Name="SubjectDomainName">WIN-PTFPHFCRDJ0</Data>
<Data Name="SubjectLogonId">0x000000000003abba</Data>
<Data Name="ClientProcessId">3420</Data>
<Data Name="ClientCreationTime">2020-10-22 20:52:25.858601</Data>
<Data Name="ProviderName">Microsoft Software Key Storage Provider</Data>
<Data Name="AlgorithmName">UNKNOWN</Data>
<Data Name="KeyName">Microsoft Connected Devices Platform device certificate</Data>
<Data Name="KeyType">%%2500</Data>
<Data Name="KeyFilePath">C:\Users\user\AppData\Roaming\Microsoft\Crypto\Keys\de7cf8a7901d2ad13e5c67c29e5d1662_222b6393-3d06-43f9-bbd5-048b5d09946d</Data>
<Data Name="Operation">%%2458</Data>
<Data Name="ReturnCode">0x00000000</Data>
</EventData>
</Event>

<Event xmlns="http://schemas.microsoft.com/win/2004/08/events/event"><System><Provider Name="Microsoft-Windows-Security-Auditing" Guid="{54849625-5478-4994-a5ba-3e3b0328c30d}"></Provider>
<EventID Qualifiers="">5061</EventID>
<Version>0</Version>
<Level>0</Level>
<Task>12290</Task>
<Opcode>0</Opcode>
<Keywords>0x8020000000000000</Keywords>
<TimeCreated SystemTime="2020-10-22 20:52:48.427746"></TimeCreated>
<EventRecordID>329</EventRecordID>
<Correlation ActivityID="{f2d9b0db-a91d-0000-46b4-d9f21da9d601}" RelatedActivityID=""></Correlation>
<Execution ProcessID="792" ThreadID="844"></Execution>
<Channel>Security</Channel>
<Computer>WIN-PTFPHFCRDJ0</Computer>
<Security UserID=""></Security>
</System>
<EventData><Data Name="SubjectUserSid">S-1-5-21-1152959844-3645458174-3779170896-1000</Data>
<Data Name="SubjectUserName">user</Data>
<Data Name="SubjectDomainName">WIN-PTFPHFCRDJ0</Data>
<Data Name="SubjectLogonId">0x000000000003abba</Data>
<Data Name="ProviderName">Microsoft Software Key Storage Provider</Data>
<Data Name="AlgorithmName">ECDSA_P256</Data>
<Data Name="KeyName">Microsoft Connected Devices Platform device certificate</Data>
<Data Name="KeyType">%%2500</Data>
<Data Name="Operation">%%2480</Data>
<Data Name="ReturnCode">0x00000000</Data>
</EventData>
</Event>

