<Event xmlns="http://schemas.microsoft.com/win/2004/08/events/event"><System><Provider Name="Microsoft-Windows-Security-Auditing" Guid="{54849625-5478-4994-a5ba-3e3b0328c30d}"></Provider>
<EventID Qualifiers="">4648</EventID>
<Version>0</Version>
<Level>0</Level>
<Task>12544</Task>
<Opcode>0</Opcode>
<Keywords>0x8020000000000000</Keywords>
<TimeCreated SystemTime="2020-10-24 22:24:25.633389"></TimeCreated>
<EventRecordID>1213</EventRecordID>
<Correlation ActivityID="{a11d3189-aa53-0000-8d34-1da153aad601}" RelatedActivityID=""></Correlation>
<Execution ProcessID="844" ThreadID="896"></Execution>
<Channel>Security</Channel>
<Computer>WIN-PTFPHFCRDJ0</Computer>
<Security UserID=""></Security>
</System>
<EventData><Data Name="SubjectUserSid">S-1-5-18</Data>
<Data Name="SubjectUserName">WIN-PTFPHFCRDJ0$</Data>
<Data Name="SubjectDomainName">WORKGROUP</Data>
<Data Name="SubjectLogonId">0x00000000000003e7</Data>
<Data Name="LogonGuid">{00000000-0000-0000-0000-000000000000}</Data>
<Data Name="TargetUserName">user</Data>
<Data Name="TargetDomainName">WIN-PTFPHFCRDJ0</Data>
<Data Name="TargetLogonGuid">{00000000-0000-0000-0000-000000000000}</Data>
<Data Name="TargetServerName">localhost</Data>
<Data Name="TargetInfo">localhost</Data>
<Data Name="ProcessId">0x0000000000000540</Data>
<Data Name="ProcessName">C:\Windows\System32\svchost.exe</Data>
<Data Name="IpAddress">127.0.0.1</Data>
<Data Name="IpPort">0</Data>
</EventData>
</Event>

<Event xmlns="http://schemas.microsoft.com/win/2004/08/events/event"><System><Provider Name="Microsoft-Windows-Security-Auditing" Guid="{54849625-5478-4994-a5ba-3e3b0328c30d}"></Provider>
<EventID Qualifiers="">4624</EventID>
<Version>2</Version>
<Level>0</Level>
<Task>12544</Task>
<Opcode>0</Opcode>
<Keywords>0x8020000000000000</Keywords>
<TimeCreated SystemTime="2020-10-24 22:24:25.633411"></TimeCreated>
<EventRecordID>1214</EventRecordID>
<Correlation ActivityID="{a11d3189-aa53-0000-8d34-1da153aad601}" RelatedActivityID=""></Correlation>
<Execution ProcessID="844" ThreadID="896"></Execution>
<Channel>Security</Channel>
<Computer>WIN-PTFPHFCRDJ0</Computer>
<Security UserID=""></Security>
</System>
<EventData><Data Name="SubjectUserSid">S-1-5-18</Data>
<Data Name="SubjectUserName">WIN-PTFPHFCRDJ0$</Data>
<Data Name="SubjectDomainName">WORKGROUP</Data>
<Data Name="SubjectLogonId">0x00000000000003e7</Data>
<Data Name="TargetUserSid">S-1-5-21-1152959844-3645458174-3779170896-1000</Data>
<Data Name="TargetUserName">user</Data>
<Data Name="TargetDomainName">WIN-PTFPHFCRDJ0</Data>
<Data Name="TargetLogonId">0x000000000004362e</Data>
<Data Name="LogonType">2</Data>
<Data Name="LogonProcessName">User32 </Data>
<Data Name="AuthenticationPackageName">Negotiate</Data>
<Data Name="WorkstationName">WIN-PTFPHFCRDJ0</Data>
<Data Name="LogonGuid">{00000000-0000-0000-0000-000000000000}</Data>
<Data Name="TransmittedServices">-</Data>
<Data Name="LmPackageName">-</Data>
<Data Name="KeyLength">0</Data>
<Data Name="ProcessId">0x0000000000000540</Data>
<Data Name="ProcessName">C:\Windows\System32\svchost.exe</Data>
<Data Name="IpAddress">127.0.0.1</Data>
<Data Name="IpPort">0</Data>
<Data Name="ImpersonationLevel">%%1833</Data>
<Data Name="RestrictedAdminMode">-</Data>
<Data Name="TargetOutboundUserName">-</Data>
<Data Name="TargetOutboundDomainName">-</Data>
<Data Name="VirtualAccount">%%1843</Data>
<Data Name="TargetLinkedLogonId">0x000000000004365e</Data>
<Data Name="ElevatedToken">%%1842</Data>
</EventData>
</Event>

<Event xmlns="http://schemas.microsoft.com/win/2004/08/events/event"><System><Provider Name="Microsoft-Windows-Security-Auditing" Guid="{54849625-5478-4994-a5ba-3e3b0328c30d}"></Provider>
<EventID Qualifiers="">4624</EventID>
<Version>2</Version>
<Level>0</Level>
<Task>12544</Task>
<Opcode>0</Opcode>
<Keywords>0x8020000000000000</Keywords>
<TimeCreated SystemTime="2020-10-24 22:24:25.633432"></TimeCreated>
<EventRecordID>1215</EventRecordID>
<Correlation ActivityID="{a11d3189-aa53-0000-8d34-1da153aad601}" RelatedActivityID=""></Correlation>
<Execution ProcessID="844" ThreadID="896"></Execution>
<Channel>Security</Channel>
<Computer>WIN-PTFPHFCRDJ0</Computer>
<Security UserID=""></Security>
</System>
<EventData><Data Name="SubjectUserSid">S-1-5-18</Data>
<Data Name="SubjectUserName">WIN-PTFPHFCRDJ0$</Data>
<Data Name="SubjectDomainName">WORKGROUP</Data>
<Data Name="SubjectLogonId">0x00000000000003e7</Data>
<Data Name="TargetUserSid">S-1-5-21-1152959844-3645458174-3779170896-1000</Data>
<Data Name="TargetUserName">user</Data>
<Data Name="TargetDomainName">WIN-PTFPHFCRDJ0</Data>
<Data Name="TargetLogonId">0x000000000004365e</Data>
<Data Name="LogonType">2</Data>
<Data Name="LogonProcessName">User32 </Data>
<Data Name="AuthenticationPackageName">Negotiate</Data>
<Data Name="WorkstationName">WIN-PTFPHFCRDJ0</Data>
<Data Name="LogonGuid">{00000000-0000-0000-0000-000000000000}</Data>
<Data Name="TransmittedServices">-</Data>
<Data Name="LmPackageName">-</Data>
<Data Name="KeyLength">0</Data>
<Data Name="ProcessId">0x0000000000000540</Data>
<Data Name="ProcessName">C:\Windows\System32\svchost.exe</Data>
<Data Name="IpAddress">127.0.0.1</Data>
<Data Name="IpPort">0</Data>
<Data Name="ImpersonationLevel">%%1833</Data>
<Data Name="RestrictedAdminMode">-</Data>
<Data Name="TargetOutboundUserName">-</Data>
<Data Name="TargetOutboundDomainName">-</Data>
<Data Name="VirtualAccount">%%1843</Data>
<Data Name="TargetLinkedLogonId">0x000000000004362e</Data>
<Data Name="ElevatedToken">%%1843</Data>
</EventData>
</Event>

<Event xmlns="http://schemas.microsoft.com/win/2004/08/events/event"><System><Provider Name="Microsoft-Windows-Security-Auditing" Guid="{54849625-5478-4994-a5ba-3e3b0328c30d}"></Provider>
<EventID Qualifiers="">4672</EventID>
<Version>0</Version>
<Level>0</Level>
<Task>12548</Task>
<Opcode>0</Opcode>
<Keywords>0x8020000000000000</Keywords>
<TimeCreated SystemTime="2020-10-24 22:24:25.633442"></TimeCreated>
<EventRecordID>1216</EventRecordID>
<Correlation ActivityID="{a11d3189-aa53-0000-8d34-1da153aad601}" RelatedActivityID=""></Correlation>
<Execution ProcessID="844" ThreadID="896"></Execution>
<Channel>Security</Channel>
<Computer>WIN-PTFPHFCRDJ0</Computer>
<Security UserID=""></Security>
</System>
<EventData><Data Name="SubjectUserSid">S-1-5-21-1152959844-3645458174-3779170896-1000</Data>
<Data Name="SubjectUserName">user</Data>
<Data Name="SubjectDomainName">WIN-PTFPHFCRDJ0</Data>
<Data Name="SubjectLogonId">0x000000000004362e</Data>
<Data Name="PrivilegeList">SeSecurityPrivilege
			SeTakeOwnershipPrivilege
			SeLoadDriverPrivilege
			SeBackupPrivilege
			SeRestorePrivilege
			SeDebugPrivilege
			SeSystemEnvironmentPrivilege
			SeImpersonatePrivilege
			SeDelegateSessionUserImpersonatePrivilege</Data>
</EventData>
</Event>

<Event xmlns="http://schemas.microsoft.com/win/2004/08/events/event"><System><Provider Name="Microsoft-Windows-Security-Auditing" Guid="{54849625-5478-4994-a5ba-3e3b0328c30d}"></Provider>
<EventID Qualifiers="">4799</EventID>
<Version>0</Version>
<Level>0</Level>
<Task>13826</Task>
<Opcode>0</Opcode>
<Keywords>0x8020000000000000</Keywords>
<TimeCreated SystemTime="2020-10-24 22:24:27.007389"></TimeCreated>
<EventRecordID>1217</EventRecordID>
<Correlation ActivityID="{a11d3189-aa53-0000-8d34-1da153aad601}" RelatedActivityID=""></Correlation>
<Execution ProcessID="844" ThreadID="900"></Execution>
<Channel>Security</Channel>
<Computer>WIN-PTFPHFCRDJ0</Computer>
<Security UserID=""></Security>
</System>
<EventData><Data Name="TargetUserName">Administrators</Data>
<Data Name="TargetDomainName">Builtin</Data>
<Data Name="TargetSid">S-1-5-32-544</Data>
<Data Name="SubjectUserSid">S-1-5-18</Data>
<Data Name="SubjectUserName">WIN-PTFPHFCRDJ0$</Data>
<Data Name="SubjectDomainName">WORKGROUP</Data>
<Data Name="SubjectLogonId">0x00000000000003e7</Data>
<Data Name="CallerProcessId">0x0000000000000540</Data>
<Data Name="CallerProcessName">C:\Windows\System32\svchost.exe</Data>
</EventData>
</Event>

<Event xmlns="http://schemas.microsoft.com/win/2004/08/events/event"><System><Provider Name="Microsoft-Windows-Security-Auditing" Guid="{54849625-5478-4994-a5ba-3e3b0328c30d}"></Provider>
<EventID Qualifiers="">4798</EventID>
<Version>0</Version>
<Level>0</Level>
<Task>13824</Task>
<Opcode>0</Opcode>
<Keywords>0x8020000000000000</Keywords>
<TimeCreated SystemTime="2020-10-24 22:24:46.032967"></TimeCreated>
<EventRecordID>1218</EventRecordID>
<Correlation ActivityID="{a11d3189-aa53-0000-8d34-1da153aad601}" RelatedActivityID=""></Correlation>
<Execution ProcessID="844" ThreadID="940"></Execution>
<Channel>Security</Channel>
<Computer>WIN-PTFPHFCRDJ0</Computer>
<Security UserID=""></Security>
</System>
<EventData><Data Name="TargetUserName">user</Data>
<Data Name="TargetDomainName">WIN-PTFPHFCRDJ0</Data>
<Data Name="TargetSid">S-1-5-21-1152959844-3645458174-3779170896-1000</Data>
<Data Name="SubjectUserSid">S-1-5-21-1152959844-3645458174-3779170896-1000</Data>
<Data Name="SubjectUserName">user</Data>
<Data Name="SubjectDomainName">WIN-PTFPHFCRDJ0</Data>
<Data Name="SubjectLogonId">0x000000000004365e</Data>
<Data Name="CallerProcessId">0x0000000000000528</Data>
<Data Name="CallerProcessName">C:\Windows\explorer.exe</Data>
</EventData>
</Event>

<Event xmlns="http://schemas.microsoft.com/win/2004/08/events/event"><System><Provider Name="Microsoft-Windows-Security-Auditing" Guid="{54849625-5478-4994-a5ba-3e3b0328c30d}"></Provider>
<EventID Qualifiers="">4798</EventID>
<Version>0</Version>
<Level>0</Level>
<Task>13824</Task>
<Opcode>0</Opcode>
<Keywords>0x8020000000000000</Keywords>
<TimeCreated SystemTime="2020-10-24 22:25:15.656113"></TimeCreated>
<EventRecordID>1219</EventRecordID>
<Correlation ActivityID="{a11d3189-aa53-0000-8d34-1da153aad601}" RelatedActivityID=""></Correlation>
<Execution ProcessID="844" ThreadID="940"></Execution>
<Channel>Security</Channel>
<Computer>WIN-PTFPHFCRDJ0</Computer>
<Security UserID=""></Security>
</System>
<EventData><Data Name="TargetUserName">user</Data>
<Data Name="TargetDomainName">WIN-PTFPHFCRDJ0</Data>
<Data Name="TargetSid">S-1-5-21-1152959844-3645458174-3779170896-1000</Data>
<Data Name="SubjectUserSid">S-1-5-21-1152959844-3645458174-3779170896-1000</Data>
<Data Name="SubjectUserName">user</Data>
<Data Name="SubjectDomainName">WIN-PTFPHFCRDJ0</Data>
<Data Name="SubjectLogonId">0x000000000004365e</Data>
<Data Name="CallerProcessId">0x0000000000000528</Data>
<Data Name="CallerProcessName">C:\Windows\explorer.exe</Data>
</EventData>
</Event>

<Event xmlns="http://schemas.microsoft.com/win/2004/08/events/event"><System><Provider Name="Microsoft-Windows-Security-Auditing" Guid="{54849625-5478-4994-a5ba-3e3b0328c30d}"></Provider>
<EventID Qualifiers="">5379</EventID>
<Version>0</Version>
<Level>0</Level>
<Task>13824</Task>
<Opcode>0</Opcode>
<Keywords>0x8020000000000000</Keywords>
<TimeCreated SystemTime="2020-10-24 22:26:04.482273"></TimeCreated>
<EventRecordID>1220</EventRecordID>
<Correlation ActivityID="{a11d3189-aa53-0000-8d34-1da153aad601}" RelatedActivityID=""></Correlation>
<Execution ProcessID="844" ThreadID="900"></Execution>
<Channel>Security</Channel>
<Computer>WIN-PTFPHFCRDJ0</Computer>
<Security UserID=""></Security>
</System>
<EventData><Data Name="SubjectUserSid">S-1-5-21-1152959844-3645458174-3779170896-1000</Data>
<Data Name="SubjectUserName">user</Data>
<Data Name="SubjectDomainName">WIN-PTFPHFCRDJ0</Data>
<Data Name="SubjectLogonId">0x000000000004362e</Data>
<Data Name="TargetName">ServerManager*</Data>
<Data Name="Type">0</Data>
<Data Name="CountOfCredentialsReturned">0</Data>
<Data Name="ReadOperation">%%8100</Data>
<Data Name="ReturnCode">3221226021</Data>
<Data Name="ProcessCreationTime">2020-10-24 22:25:04.119003</Data>
<Data Name="ClientProcessId">1860</Data>
</EventData>
</Event>

<Event xmlns="http://schemas.microsoft.com/win/2004/08/events/event"><System><Provider Name="Microsoft-Windows-Security-Auditing" Guid="{54849625-5478-4994-a5ba-3e3b0328c30d}"></Provider>
<EventID Qualifiers="">4798</EventID>
<Version>0</Version>
<Level>0</Level>
<Task>13824</Task>
<Opcode>0</Opcode>
<Keywords>0x8020000000000000</Keywords>
<TimeCreated SystemTime="2020-10-24 22:26:34.615349"></TimeCreated>
<EventRecordID>1221</EventRecordID>
<Correlation ActivityID="{a11d3189-aa53-0000-8d34-1da153aad601}" RelatedActivityID=""></Correlation>
<Execution ProcessID="844" ThreadID="896"></Execution>
<Channel>Security</Channel>
<Computer>WIN-PTFPHFCRDJ0</Computer>
<Security UserID=""></Security>
</System>
<EventData><Data Name="TargetUserName">user</Data>
<Data Name="TargetDomainName">WIN-PTFPHFCRDJ0</Data>
<Data Name="TargetSid">S-1-5-21-1152959844-3645458174-3779170896-1000</Data>
<Data Name="SubjectUserSid">S-1-5-21-1152959844-3645458174-3779170896-1000</Data>
<Data Name="SubjectUserName">user</Data>
<Data Name="SubjectDomainName">WIN-PTFPHFCRDJ0</Data>
<Data Name="SubjectLogonId">0x000000000004365e</Data>
<Data Name="CallerProcessId">0x0000000000000528</Data>
<Data Name="CallerProcessName">C:\Windows\explorer.exe</Data>
</EventData>
</Event>

<Event xmlns="http://schemas.microsoft.com/win/2004/08/events/event"><System><Provider Name="Microsoft-Windows-Security-Auditing" Guid="{54849625-5478-4994-a5ba-3e3b0328c30d}"></Provider>
<EventID Qualifiers="">4798</EventID>
<Version>0</Version>
<Level>0</Level>
<Task>13824</Task>
<Opcode>0</Opcode>
<Keywords>0x8020000000000000</Keywords>
<TimeCreated SystemTime="2020-10-24 22:27:00.474623"></TimeCreated>
<EventRecordID>1222</EventRecordID>
<Correlation ActivityID="{a11d3189-aa53-0000-8d34-1da153aad601}" RelatedActivityID=""></Correlation>
<Execution ProcessID="844" ThreadID="896"></Execution>
<Channel>Security</Channel>
<Computer>WIN-PTFPHFCRDJ0</Computer>
<Security UserID=""></Security>
</System>
<EventData><Data Name="TargetUserName">user</Data>
<Data Name="TargetDomainName">WIN-PTFPHFCRDJ0</Data>
<Data Name="TargetSid">S-1-5-21-1152959844-3645458174-3779170896-1000</Data>
<Data Name="SubjectUserSid">S-1-5-21-1152959844-3645458174-3779170896-1000</Data>
<Data Name="SubjectUserName">user</Data>
<Data Name="SubjectDomainName">WIN-PTFPHFCRDJ0</Data>
<Data Name="SubjectLogonId">0x000000000004365e</Data>
<Data Name="CallerProcessId">0x0000000000000528</Data>
<Data Name="CallerProcessName">C:\Windows\explorer.exe</Data>
</EventData>
</Event>

<Event xmlns="http://schemas.microsoft.com/win/2004/08/events/event"><System><Provider Name="Microsoft-Windows-Security-Auditing" Guid="{54849625-5478-4994-a5ba-3e3b0328c30d}"></Provider>
<EventID Qualifiers="">4798</EventID>
<Version>0</Version>
<Level>0</Level>
<Task>13824</Task>
<Opcode>0</Opcode>
<Keywords>0x8020000000000000</Keywords>
<TimeCreated SystemTime="2020-10-24 22:27:02.316935"></TimeCreated>
<EventRecordID>1223</EventRecordID>
<Correlation ActivityID="{a11d3189-aa53-0000-8d34-1da153aad601}" RelatedActivityID=""></Correlation>
<Execution ProcessID="844" ThreadID="896"></Execution>
<Channel>Security</Channel>
<Computer>WIN-PTFPHFCRDJ0</Computer>
<Security UserID=""></Security>
</System>
<EventData><Data Name="TargetUserName">user</Data>
<Data Name="TargetDomainName">WIN-PTFPHFCRDJ0</Data>
<Data Name="TargetSid">S-1-5-21-1152959844-3645458174-3779170896-1000</Data>
<Data Name="SubjectUserSid">S-1-5-21-1152959844-3645458174-3779170896-1000</Data>
<Data Name="SubjectUserName">user</Data>
<Data Name="SubjectDomainName">WIN-PTFPHFCRDJ0</Data>
<Data Name="SubjectLogonId">0x000000000004365e</Data>
<Data Name="CallerProcessId">0x0000000000000528</Data>
<Data Name="CallerProcessName">C:\Windows\explorer.exe</Data>
</EventData>
</Event>

<Event xmlns="http://schemas.microsoft.com/win/2004/08/events/event"><System><Provider Name="Microsoft-Windows-Security-Auditing" Guid="{54849625-5478-4994-a5ba-3e3b0328c30d}"></Provider>
<EventID Qualifiers="">4798</EventID>
<Version>0</Version>
<Level>0</Level>
<Task>13824</Task>
<Opcode>0</Opcode>
<Keywords>0x8020000000000000</Keywords>
<TimeCreated SystemTime="2020-10-24 22:27:03.770618"></TimeCreated>
<EventRecordID>1224</EventRecordID>
<Correlation ActivityID="{a11d3189-aa53-0000-8d34-1da153aad601}" RelatedActivityID=""></Correlation>
<Execution ProcessID="844" ThreadID="896"></Execution>
<Channel>Security</Channel>
<Computer>WIN-PTFPHFCRDJ0</Computer>
<Security UserID=""></Security>
</System>
<EventData><Data Name="TargetUserName">user</Data>
<Data Name="TargetDomainName">WIN-PTFPHFCRDJ0</Data>
<Data Name="TargetSid">S-1-5-21-1152959844-3645458174-3779170896-1000</Data>
<Data Name="SubjectUserSid">S-1-5-21-1152959844-3645458174-3779170896-1000</Data>
<Data Name="SubjectUserName">user</Data>
<Data Name="SubjectDomainName">WIN-PTFPHFCRDJ0</Data>
<Data Name="SubjectLogonId">0x000000000004365e</Data>
<Data Name="CallerProcessId">0x0000000000000528</Data>
<Data Name="CallerProcessName">C:\Windows\explorer.exe</Data>
</EventData>
</Event>

<Event xmlns="http://schemas.microsoft.com/win/2004/08/events/event"><System><Provider Name="Microsoft-Windows-Security-Auditing" Guid="{54849625-5478-4994-a5ba-3e3b0328c30d}"></Provider>
<EventID Qualifiers="">4624</EventID>
<Version>2</Version>
<Level>0</Level>
<Task>12544</Task>
<Opcode>0</Opcode>
<Keywords>0x8020000000000000</Keywords>
<TimeCreated SystemTime="2020-10-24 22:29:21.660746"></TimeCreated>
<EventRecordID>1225</EventRecordID>
<Correlation ActivityID="{a11d3189-aa53-0000-8d34-1da153aad601}" RelatedActivityID=""></Correlation>
<Execution ProcessID="844" ThreadID="3144"></Execution>
<Channel>Security</Channel>
<Computer>WIN-PTFPHFCRDJ0</Computer>
<Security UserID=""></Security>
</System>
<EventData><Data Name="SubjectUserSid">S-1-5-18</Data>
<Data Name="SubjectUserName">WIN-PTFPHFCRDJ0$</Data>
<Data Name="SubjectDomainName">WORKGROUP</Data>
<Data Name="SubjectLogonId">0x00000000000003e7</Data>
<Data Name="TargetUserSid">S-1-5-18</Data>
<Data Name="TargetUserName">SYSTEM</Data>
<Data Name="TargetDomainName">NT AUTHORITY</Data>
<Data Name="TargetLogonId">0x00000000000003e7</Data>
<Data Name="LogonType">5</Data>
<Data Name="LogonProcessName">Advapi  </Data>
<Data Name="AuthenticationPackageName">Negotiate</Data>
<Data Name="WorkstationName">-</Data>
<Data Name="LogonGuid">{00000000-0000-0000-0000-000000000000}</Data>
<Data Name="TransmittedServices">-</Data>
<Data Name="LmPackageName">-</Data>
<Data Name="KeyLength">0</Data>
<Data Name="ProcessId">0x000000000000033c</Data>
<Data Name="ProcessName">C:\Windows\System32\services.exe</Data>
<Data Name="IpAddress">-</Data>
<Data Name="IpPort">-</Data>
<Data Name="ImpersonationLevel">%%1833</Data>
<Data Name="RestrictedAdminMode">-</Data>
<Data Name="TargetOutboundUserName">-</Data>
<Data Name="TargetOutboundDomainName">-</Data>
<Data Name="VirtualAccount">%%1843</Data>
<Data Name="TargetLinkedLogonId">0x0000000000000000</Data>
<Data Name="ElevatedToken">%%1842</Data>
</EventData>
</Event>

<Event xmlns="http://schemas.microsoft.com/win/2004/08/events/event"><System><Provider Name="Microsoft-Windows-Security-Auditing" Guid="{54849625-5478-4994-a5ba-3e3b0328c30d}"></Provider>
<EventID Qualifiers="">4672</EventID>
<Version>0</Version>
<Level>0</Level>
<Task>12548</Task>
<Opcode>0</Opcode>
<Keywords>0x8020000000000000</Keywords>
<TimeCreated SystemTime="2020-10-24 22:29:21.660755"></TimeCreated>
<EventRecordID>1226</EventRecordID>
<Correlation ActivityID="{a11d3189-aa53-0000-8d34-1da153aad601}" RelatedActivityID=""></Correlation>
<Execution ProcessID="844" ThreadID="3144"></Execution>
<Channel>Security</Channel>
<Computer>WIN-PTFPHFCRDJ0</Computer>
<Security UserID=""></Security>
</System>
<EventData><Data Name="SubjectUserSid">S-1-5-18</Data>
<Data Name="SubjectUserName">SYSTEM</Data>
<Data Name="SubjectDomainName">NT AUTHORITY</Data>
<Data Name="SubjectLogonId">0x00000000000003e7</Data>
<Data Name="PrivilegeList">SeAssignPrimaryTokenPrivilege
			SeTcbPrivilege
			SeSecurityPrivilege
			SeTakeOwnershipPrivilege
			SeLoadDriverPrivilege
			SeBackupPrivilege
			SeRestorePrivilege
			SeDebugPrivilege
			SeAuditPrivilege
			SeSystemEnvironmentPrivilege
			SeImpersonatePrivilege
			SeDelegateSessionUserImpersonatePrivilege</Data>
</EventData>
</Event>

<Event xmlns="http://schemas.microsoft.com/win/2004/08/events/event"><System><Provider Name="Microsoft-Windows-Security-Auditing" Guid="{54849625-5478-4994-a5ba-3e3b0328c30d}"></Provider>
<EventID Qualifiers="">4798</EventID>
<Version>0</Version>
<Level>0</Level>
<Task>13824</Task>
<Opcode>0</Opcode>
<Keywords>0x8020000000000000</Keywords>
<TimeCreated SystemTime="2020-10-24 22:29:30.271923"></TimeCreated>
<EventRecordID>1227</EventRecordID>
<Correlation ActivityID="{a11d3189-aa53-0000-8d34-1da153aad601}" RelatedActivityID=""></Correlation>
<Execution ProcessID="844" ThreadID="3144"></Execution>
<Channel>Security</Channel>
<Computer>WIN-PTFPHFCRDJ0</Computer>
<Security UserID=""></Security>
</System>
<EventData><Data Name="TargetUserName">Guest</Data>
<Data Name="TargetDomainName">WIN-PTFPHFCRDJ0</Data>
<Data Name="TargetSid">S-1-5-21-1152959844-3645458174-3779170896-501</Data>
<Data Name="SubjectUserSid">S-1-5-18</Data>
<Data Name="SubjectUserName">WIN-PTFPHFCRDJ0$</Data>
<Data Name="SubjectDomainName">WORKGROUP</Data>
<Data Name="SubjectLogonId">0x00000000000003e7</Data>
<Data Name="CallerProcessId">0x0000000000001364</Data>
<Data Name="CallerProcessName">C:\Windows\System32\CompatTelRunner.exe</Data>
</EventData>
</Event>

<Event xmlns="http://schemas.microsoft.com/win/2004/08/events/event"><System><Provider Name="Microsoft-Windows-Security-Auditing" Guid="{54849625-5478-4994-a5ba-3e3b0328c30d}"></Provider>
<EventID Qualifiers="">4798</EventID>
<Version>0</Version>
<Level>0</Level>
<Task>13824</Task>
<Opcode>0</Opcode>
<Keywords>0x8020000000000000</Keywords>
<TimeCreated SystemTime="2020-10-24 22:29:45.487120"></TimeCreated>
<EventRecordID>1228</EventRecordID>
<Correlation ActivityID="{a11d3189-aa53-0000-8d34-1da153aad601}" RelatedActivityID=""></Correlation>
<Execution ProcessID="844" ThreadID="3144"></Execution>
<Channel>Security</Channel>
<Computer>WIN-PTFPHFCRDJ0</Computer>
<Security UserID=""></Security>
</System>
<EventData><Data Name="TargetUserName">Administrator</Data>
<Data Name="TargetDomainName">WIN-PTFPHFCRDJ0</Data>
<Data Name="TargetSid">S-1-5-21-1152959844-3645458174-3779170896-500</Data>
<Data Name="SubjectUserSid">S-1-5-18</Data>
<Data Name="SubjectUserName">WIN-PTFPHFCRDJ0$</Data>
<Data Name="SubjectDomainName">WORKGROUP</Data>
<Data Name="SubjectLogonId">0x00000000000003e7</Data>
<Data Name="CallerProcessId">0x00000000000003ac</Data>
<Data Name="CallerProcessName">C:\Windows\System32\CompatTelRunner.exe</Data>
</EventData>
</Event>

<Event xmlns="http://schemas.microsoft.com/win/2004/08/events/event"><System><Provider Name="Microsoft-Windows-Security-Auditing" Guid="{54849625-5478-4994-a5ba-3e3b0328c30d}"></Provider>
<EventID Qualifiers="">4798</EventID>
<Version>0</Version>
<Level>0</Level>
<Task>13824</Task>
<Opcode>0</Opcode>
<Keywords>0x8020000000000000</Keywords>
<TimeCreated SystemTime="2020-10-24 22:29:45.487301"></TimeCreated>
<EventRecordID>1229</EventRecordID>
<Correlation ActivityID="{a11d3189-aa53-0000-8d34-1da153aad601}" RelatedActivityID=""></Correlation>
<Execution ProcessID="844" ThreadID="3144"></Execution>
<Channel>Security</Channel>
<Computer>WIN-PTFPHFCRDJ0</Computer>
<Security UserID=""></Security>
</System>
<EventData><Data Name="TargetUserName">DefaultAccount</Data>
<Data Name="TargetDomainName">WIN-PTFPHFCRDJ0</Data>
<Data Name="TargetSid">S-1-5-21-1152959844-3645458174-3779170896-503</Data>
<Data Name="SubjectUserSid">S-1-5-18</Data>
<Data Name="SubjectUserName">WIN-PTFPHFCRDJ0$</Data>
<Data Name="SubjectDomainName">WORKGROUP</Data>
<Data Name="SubjectLogonId">0x00000000000003e7</Data>
<Data Name="CallerProcessId">0x00000000000003ac</Data>
<Data Name="CallerProcessName">C:\Windows\System32\CompatTelRunner.exe</Data>
</EventData>
</Event>

<Event xmlns="http://schemas.microsoft.com/win/2004/08/events/event"><System><Provider Name="Microsoft-Windows-Security-Auditing" Guid="{54849625-5478-4994-a5ba-3e3b0328c30d}"></Provider>
<EventID Qualifiers="">4798</EventID>
<Version>0</Version>
<Level>0</Level>
<Task>13824</Task>
<Opcode>0</Opcode>
<Keywords>0x8020000000000000</Keywords>
<TimeCreated SystemTime="2020-10-24 22:29:45.487471"></TimeCreated>
<EventRecordID>1230</EventRecordID>
<Correlation ActivityID="{a11d3189-aa53-0000-8d34-1da153aad601}" RelatedActivityID=""></Correlation>
<Execution ProcessID="844" ThreadID="3144"></Execution>
<Channel>Security</Channel>
<Computer>WIN-PTFPHFCRDJ0</Computer>
<Security UserID=""></Security>
</System>
<EventData><Data Name="TargetUserName">Guest</Data>
<Data Name="TargetDomainName">WIN-PTFPHFCRDJ0</Data>
<Data Name="TargetSid">S-1-5-21-1152959844-3645458174-3779170896-501</Data>
<Data Name="SubjectUserSid">S-1-5-18</Data>
<Data Name="SubjectUserName">WIN-PTFPHFCRDJ0$</Data>
<Data Name="SubjectDomainName">WORKGROUP</Data>
<Data Name="SubjectLogonId">0x00000000000003e7</Data>
<Data Name="CallerProcessId">0x00000000000003ac</Data>
<Data Name="CallerProcessName">C:\Windows\System32\CompatTelRunner.exe</Data>
</EventData>
</Event>

<Event xmlns="http://schemas.microsoft.com/win/2004/08/events/event"><System><Provider Name="Microsoft-Windows-Security-Auditing" Guid="{54849625-5478-4994-a5ba-3e3b0328c30d}"></Provider>
<EventID Qualifiers="">4798</EventID>
<Version>0</Version>
<Level>0</Level>
<Task>13824</Task>
<Opcode>0</Opcode>
<Keywords>0x8020000000000000</Keywords>
<TimeCreated SystemTime="2020-10-24 22:29:45.487659"></TimeCreated>
<EventRecordID>1231</EventRecordID>
<Correlation ActivityID="{a11d3189-aa53-0000-8d34-1da153aad601}" RelatedActivityID=""></Correlation>
<Execution ProcessID="844" ThreadID="3144"></Execution>
<Channel>Security</Channel>
<Computer>WIN-PTFPHFCRDJ0</Computer>
<Security UserID=""></Security>
</System>
<EventData><Data Name="TargetUserName">user</Data>
<Data Name="TargetDomainName">WIN-PTFPHFCRDJ0</Data>
<Data Name="TargetSid">S-1-5-21-1152959844-3645458174-3779170896-1000</Data>
<Data Name="SubjectUserSid">S-1-5-18</Data>
<Data Name="SubjectUserName">WIN-PTFPHFCRDJ0$</Data>
<Data Name="SubjectDomainName">WORKGROUP</Data>
<Data Name="SubjectLogonId">0x00000000000003e7</Data>
<Data Name="CallerProcessId">0x00000000000003ac</Data>
<Data Name="CallerProcessName">C:\Windows\System32\CompatTelRunner.exe</Data>
</EventData>
</Event>

<Event xmlns="http://schemas.microsoft.com/win/2004/08/events/event"><System><Provider Name="Microsoft-Windows-Security-Auditing" Guid="{54849625-5478-4994-a5ba-3e3b0328c30d}"></Provider>
<EventID Qualifiers="">4798</EventID>
<Version>0</Version>
<Level>0</Level>
<Task>13824</Task>
<Opcode>0</Opcode>
<Keywords>0x8020000000000000</Keywords>
<TimeCreated SystemTime="2020-10-24 22:29:45.487833"></TimeCreated>
<EventRecordID>1232</EventRecordID>
<Correlation ActivityID="{a11d3189-aa53-0000-8d34-1da153aad601}" RelatedActivityID=""></Correlation>
<Execution ProcessID="844" ThreadID="3144"></Execution>
<Channel>Security</Channel>
<Computer>WIN-PTFPHFCRDJ0</Computer>
<Security UserID=""></Security>
</System>
<EventData><Data Name="TargetUserName">WDAGUtilityAccount</Data>
<Data Name="TargetDomainName">WIN-PTFPHFCRDJ0</Data>
<Data Name="TargetSid">S-1-5-21-1152959844-3645458174-3779170896-504</Data>
<Data Name="SubjectUserSid">S-1-5-18</Data>
<Data Name="SubjectUserName">WIN-PTFPHFCRDJ0$</Data>
<Data Name="SubjectDomainName">WORKGROUP</Data>
<Data Name="SubjectLogonId">0x00000000000003e7</Data>
<Data Name="CallerProcessId">0x00000000000003ac</Data>
<Data Name="CallerProcessName">C:\Windows\System32\CompatTelRunner.exe</Data>
</EventData>
</Event>

<Event xmlns="http://schemas.microsoft.com/win/2004/08/events/event"><System><Provider Name="Microsoft-Windows-Security-Auditing" Guid="{54849625-5478-4994-a5ba-3e3b0328c30d}"></Provider>
<EventID Qualifiers="">4799</EventID>
<Version>0</Version>
<Level>0</Level>
<Task>13826</Task>
<Opcode>0</Opcode>
<Keywords>0x8020000000000000</Keywords>
<TimeCreated SystemTime="2020-10-24 22:29:45.490536"></TimeCreated>
<EventRecordID>1233</EventRecordID>
<Correlation ActivityID="{a11d3189-aa53-0000-8d34-1da153aad601}" RelatedActivityID=""></Correlation>
<Execution ProcessID="844" ThreadID="3144"></Execution>
<Channel>Security</Channel>
<Computer>WIN-PTFPHFCRDJ0</Computer>
<Security UserID=""></Security>
</System>
<EventData><Data Name="TargetUserName">Administrators</Data>
<Data Name="TargetDomainName">Builtin</Data>
<Data Name="TargetSid">S-1-5-32-544</Data>
<Data Name="SubjectUserSid">S-1-5-18</Data>
<Data Name="SubjectUserName">WIN-PTFPHFCRDJ0$</Data>
<Data Name="SubjectDomainName">WORKGROUP</Data>
<Data Name="SubjectLogonId">0x00000000000003e7</Data>
<Data Name="CallerProcessId">0x00000000000003ac</Data>
<Data Name="CallerProcessName">C:\Windows\System32\CompatTelRunner.exe</Data>
</EventData>
</Event>

<Event xmlns="http://schemas.microsoft.com/win/2004/08/events/event"><System><Provider Name="Microsoft-Windows-Security-Auditing" Guid="{54849625-5478-4994-a5ba-3e3b0328c30d}"></Provider>
<EventID Qualifiers="">4799</EventID>
<Version>0</Version>
<Level>0</Level>
<Task>13826</Task>
<Opcode>0</Opcode>
<Keywords>0x8020000000000000</Keywords>
<TimeCreated SystemTime="2020-10-24 22:29:45.491320"></TimeCreated>
<EventRecordID>1234</EventRecordID>
<Correlation ActivityID="{a11d3189-aa53-0000-8d34-1da153aad601}" RelatedActivityID=""></Correlation>
<Execution ProcessID="844" ThreadID="3144"></Execution>
<Channel>Security</Channel>
<Computer>WIN-PTFPHFCRDJ0</Computer>
<Security UserID=""></Security>
</System>
<EventData><Data Name="TargetUserName">Users</Data>
<Data Name="TargetDomainName">Builtin</Data>
<Data Name="TargetSid">S-1-5-32-545</Data>
<Data Name="SubjectUserSid">S-1-5-18</Data>
<Data Name="SubjectUserName">WIN-PTFPHFCRDJ0$</Data>
<Data Name="SubjectDomainName">WORKGROUP</Data>
<Data Name="SubjectLogonId">0x00000000000003e7</Data>
<Data Name="CallerProcessId">0x00000000000003ac</Data>
<Data Name="CallerProcessName">C:\Windows\System32\CompatTelRunner.exe</Data>
</EventData>
</Event>

<Event xmlns="http://schemas.microsoft.com/win/2004/08/events/event"><System><Provider Name="Microsoft-Windows-Security-Auditing" Guid="{54849625-5478-4994-a5ba-3e3b0328c30d}"></Provider>
<EventID Qualifiers="">4799</EventID>
<Version>0</Version>
<Level>0</Level>
<Task>13826</Task>
<Opcode>0</Opcode>
<Keywords>0x8020000000000000</Keywords>
<TimeCreated SystemTime="2020-10-24 22:29:45.491985"></TimeCreated>
<EventRecordID>1235</EventRecordID>
<Correlation ActivityID="{a11d3189-aa53-0000-8d34-1da153aad601}" RelatedActivityID=""></Correlation>
<Execution ProcessID="844" ThreadID="3144"></Execution>
<Channel>Security</Channel>
<Computer>WIN-PTFPHFCRDJ0</Computer>
<Security UserID=""></Security>
</System>
<EventData><Data Name="TargetUserName">Guests</Data>
<Data Name="TargetDomainName">Builtin</Data>
<Data Name="TargetSid">S-1-5-32-546</Data>
<Data Name="SubjectUserSid">S-1-5-18</Data>
<Data Name="SubjectUserName">WIN-PTFPHFCRDJ0$</Data>
<Data Name="SubjectDomainName">WORKGROUP</Data>
<Data Name="SubjectLogonId">0x00000000000003e7</Data>
<Data Name="CallerProcessId">0x00000000000003ac</Data>
<Data Name="CallerProcessName">C:\Windows\System32\CompatTelRunner.exe</Data>
</EventData>
</Event>

<Event xmlns="http://schemas.microsoft.com/win/2004/08/events/event"><System><Provider Name="Microsoft-Windows-Security-Auditing" Guid="{54849625-5478-4994-a5ba-3e3b0328c30d}"></Provider>
<EventID Qualifiers="">4624</EventID>
<Version>2</Version>
<Level>0</Level>
<Task>12544</Task>
<Opcode>0</Opcode>
<Keywords>0x8020000000000000</Keywords>
<TimeCreated SystemTime="2020-10-24 22:29:46.216871"></TimeCreated>
<EventRecordID>1236</EventRecordID>
<Correlation ActivityID="{a11d3189-aa53-0000-8d34-1da153aad601}" RelatedActivityID=""></Correlation>
<Execution ProcessID="844" ThreadID="3144"></Execution>
<Channel>Security</Channel>
<Computer>WIN-PTFPHFCRDJ0</Computer>
<Security UserID=""></Security>
</System>
<EventData><Data Name="SubjectUserSid">S-1-5-18</Data>
<Data Name="SubjectUserName">WIN-PTFPHFCRDJ0$</Data>
<Data Name="SubjectDomainName">WORKGROUP</Data>
<Data Name="SubjectLogonId">0x00000000000003e7</Data>
<Data Name="TargetUserSid">S-1-5-18</Data>
<Data Name="TargetUserName">SYSTEM</Data>
<Data Name="TargetDomainName">NT AUTHORITY</Data>
<Data Name="TargetLogonId">0x00000000000003e7</Data>
<Data Name="LogonType">5</Data>
<Data Name="LogonProcessName">Advapi  </Data>
<Data Name="AuthenticationPackageName">Negotiate</Data>
<Data Name="WorkstationName">-</Data>
<Data Name="LogonGuid">{00000000-0000-0000-0000-000000000000}</Data>
<Data Name="TransmittedServices">-</Data>
<Data Name="LmPackageName">-</Data>
<Data Name="KeyLength">0</Data>
<Data Name="ProcessId">0x000000000000033c</Data>
<Data Name="ProcessName">C:\Windows\System32\services.exe</Data>
<Data Name="IpAddress">-</Data>
<Data Name="IpPort">-</Data>
<Data Name="ImpersonationLevel">%%1833</Data>
<Data Name="RestrictedAdminMode">-</Data>
<Data Name="TargetOutboundUserName">-</Data>
<Data Name="TargetOutboundDomainName">-</Data>
<Data Name="VirtualAccount">%%1843</Data>
<Data Name="TargetLinkedLogonId">0x0000000000000000</Data>
<Data Name="ElevatedToken">%%1842</Data>
</EventData>
</Event>

<Event xmlns="http://schemas.microsoft.com/win/2004/08/events/event"><System><Provider Name="Microsoft-Windows-Security-Auditing" Guid="{54849625-5478-4994-a5ba-3e3b0328c30d}"></Provider>
<EventID Qualifiers="">4672</EventID>
<Version>0</Version>
<Level>0</Level>
<Task>12548</Task>
<Opcode>0</Opcode>
<Keywords>0x8020000000000000</Keywords>
<TimeCreated SystemTime="2020-10-24 22:29:46.216883"></TimeCreated>
<EventRecordID>1237</EventRecordID>
<Correlation ActivityID="{a11d3189-aa53-0000-8d34-1da153aad601}" RelatedActivityID=""></Correlation>
<Execution ProcessID="844" ThreadID="3144"></Execution>
<Channel>Security</Channel>
<Computer>WIN-PTFPHFCRDJ0</Computer>
<Security UserID=""></Security>
</System>
<EventData><Data Name="SubjectUserSid">S-1-5-18</Data>
<Data Name="SubjectUserName">SYSTEM</Data>
<Data Name="SubjectDomainName">NT AUTHORITY</Data>
<Data Name="SubjectLogonId">0x00000000000003e7</Data>
<Data Name="PrivilegeList">SeAssignPrimaryTokenPrivilege
			SeTcbPrivilege
			SeSecurityPrivilege
			SeTakeOwnershipPrivilege
			SeLoadDriverPrivilege
			SeBackupPrivilege
			SeRestorePrivilege
			SeDebugPrivilege
			SeAuditPrivilege
			SeSystemEnvironmentPrivilege
			SeImpersonatePrivilege
			SeDelegateSessionUserImpersonatePrivilege</Data>
</EventData>
</Event>

<Event xmlns="http://schemas.microsoft.com/win/2004/08/events/event"><System><Provider Name="Microsoft-Windows-Security-Auditing" Guid="{54849625-5478-4994-a5ba-3e3b0328c30d}"></Provider>
<EventID Qualifiers="">4624</EventID>
<Version>2</Version>
<Level>0</Level>
<Task>12544</Task>
<Opcode>0</Opcode>
<Keywords>0x8020000000000000</Keywords>
<TimeCreated SystemTime="2020-10-24 22:35:32.325966"></TimeCreated>
<EventRecordID>1238</EventRecordID>
<Correlation ActivityID="{a11d3189-aa53-0000-8d34-1da153aad601}" RelatedActivityID=""></Correlation>
<Execution ProcessID="844" ThreadID="900"></Execution>
<Channel>Security</Channel>
<Computer>WIN-PTFPHFCRDJ0</Computer>
<Security UserID=""></Security>
</System>
<EventData><Data Name="SubjectUserSid">S-1-5-18</Data>
<Data Name="SubjectUserName">WIN-PTFPHFCRDJ0$</Data>
<Data Name="SubjectDomainName">WORKGROUP</Data>
<Data Name="SubjectLogonId">0x00000000000003e7</Data>
<Data Name="TargetUserSid">S-1-5-18</Data>
<Data Name="TargetUserName">SYSTEM</Data>
<Data Name="TargetDomainName">NT AUTHORITY</Data>
<Data Name="TargetLogonId">0x00000000000003e7</Data>
<Data Name="LogonType">5</Data>
<Data Name="LogonProcessName">Advapi  </Data>
<Data Name="AuthenticationPackageName">Negotiate</Data>
<Data Name="WorkstationName">-</Data>
<Data Name="LogonGuid">{00000000-0000-0000-0000-000000000000}</Data>
<Data Name="TransmittedServices">-</Data>
<Data Name="LmPackageName">-</Data>
<Data Name="KeyLength">0</Data>
<Data Name="ProcessId">0x000000000000033c</Data>
<Data Name="ProcessName">C:\Windows\System32\services.exe</Data>
<Data Name="IpAddress">-</Data>
<Data Name="IpPort">-</Data>
<Data Name="ImpersonationLevel">%%1833</Data>
<Data Name="RestrictedAdminMode">-</Data>
<Data Name="TargetOutboundUserName">-</Data>
<Data Name="TargetOutboundDomainName">-</Data>
<Data Name="VirtualAccount">%%1843</Data>
<Data Name="TargetLinkedLogonId">0x0000000000000000</Data>
<Data Name="ElevatedToken">%%1842</Data>
</EventData>
</Event>

<Event xmlns="http://schemas.microsoft.com/win/2004/08/events/event"><System><Provider Name="Microsoft-Windows-Security-Auditing" Guid="{54849625-5478-4994-a5ba-3e3b0328c30d}"></Provider>
<EventID Qualifiers="">4672</EventID>
<Version>0</Version>
<Level>0</Level>
<Task>12548</Task>
<Opcode>0</Opcode>
<Keywords>0x8020000000000000</Keywords>
<TimeCreated SystemTime="2020-10-24 22:35:32.325985"></TimeCreated>
<EventRecordID>1239</EventRecordID>
<Correlation ActivityID="{a11d3189-aa53-0000-8d34-1da153aad601}" RelatedActivityID=""></Correlation>
<Execution ProcessID="844" ThreadID="900"></Execution>
<Channel>Security</Channel>
<Computer>WIN-PTFPHFCRDJ0</Computer>
<Security UserID=""></Security>
</System>
<EventData><Data Name="SubjectUserSid">S-1-5-18</Data>
<Data Name="SubjectUserName">SYSTEM</Data>
<Data Name="SubjectDomainName">NT AUTHORITY</Data>
<Data Name="SubjectLogonId">0x00000000000003e7</Data>
<Data Name="PrivilegeList">SeAssignPrimaryTokenPrivilege
			SeTcbPrivilege
			SeSecurityPrivilege
			SeTakeOwnershipPrivilege
			SeLoadDriverPrivilege
			SeBackupPrivilege
			SeRestorePrivilege
			SeDebugPrivilege
			SeAuditPrivilege
			SeSystemEnvironmentPrivilege
			SeImpersonatePrivilege
			SeDelegateSessionUserImpersonatePrivilege</Data>
</EventData>
</Event>

<Event xmlns="http://schemas.microsoft.com/win/2004/08/events/event"><System><Provider Name="Microsoft-Windows-Security-Auditing" Guid="{54849625-5478-4994-a5ba-3e3b0328c30d}"></Provider>
<EventID Qualifiers="">4624</EventID>
<Version>2</Version>
<Level>0</Level>
<Task>12544</Task>
<Opcode>0</Opcode>
<Keywords>0x8020000000000000</Keywords>
<TimeCreated SystemTime="2020-10-24 22:39:28.014479"></TimeCreated>
<EventRecordID>1240</EventRecordID>
<Correlation ActivityID="{a11d3189-aa53-0000-8d34-1da153aad601}" RelatedActivityID=""></Correlation>
<Execution ProcessID="844" ThreadID="900"></Execution>
<Channel>Security</Channel>
<Computer>WIN-PTFPHFCRDJ0</Computer>
<Security UserID=""></Security>
</System>
<EventData><Data Name="SubjectUserSid">S-1-5-18</Data>
<Data Name="SubjectUserName">WIN-PTFPHFCRDJ0$</Data>
<Data Name="SubjectDomainName">WORKGROUP</Data>
<Data Name="SubjectLogonId">0x00000000000003e7</Data>
<Data Name="TargetUserSid">S-1-5-18</Data>
<Data Name="TargetUserName">SYSTEM</Data>
<Data Name="TargetDomainName">NT AUTHORITY</Data>
<Data Name="TargetLogonId">0x00000000000003e7</Data>
<Data Name="LogonType">5</Data>
<Data Name="LogonProcessName">Advapi  </Data>
<Data Name="AuthenticationPackageName">Negotiate</Data>
<Data Name="WorkstationName">-</Data>
<Data Name="LogonGuid">{00000000-0000-0000-0000-000000000000}</Data>
<Data Name="TransmittedServices">-</Data>
<Data Name="LmPackageName">-</Data>
<Data Name="KeyLength">0</Data>
<Data Name="ProcessId">0x000000000000033c</Data>
<Data Name="ProcessName">C:\Windows\System32\services.exe</Data>
<Data Name="IpAddress">-</Data>
<Data Name="IpPort">-</Data>
<Data Name="ImpersonationLevel">%%1833</Data>
<Data Name="RestrictedAdminMode">-</Data>
<Data Name="TargetOutboundUserName">-</Data>
<Data Name="TargetOutboundDomainName">-</Data>
<Data Name="VirtualAccount">%%1843</Data>
<Data Name="TargetLinkedLogonId">0x0000000000000000</Data>
<Data Name="ElevatedToken">%%1842</Data>
</EventData>
</Event>

<Event xmlns="http://schemas.microsoft.com/win/2004/08/events/event"><System><Provider Name="Microsoft-Windows-Security-Auditing" Guid="{54849625-5478-4994-a5ba-3e3b0328c30d}"></Provider>
<EventID Qualifiers="">4672</EventID>
<Version>0</Version>
<Level>0</Level>
<Task>12548</Task>
<Opcode>0</Opcode>
<Keywords>0x8020000000000000</Keywords>
<TimeCreated SystemTime="2020-10-24 22:39:28.014486"></TimeCreated>
<EventRecordID>1241</EventRecordID>
<Correlation ActivityID="{a11d3189-aa53-0000-8d34-1da153aad601}" RelatedActivityID=""></Correlation>
<Execution ProcessID="844" ThreadID="900"></Execution>
<Channel>Security</Channel>
<Computer>WIN-PTFPHFCRDJ0</Computer>
<Security UserID=""></Security>
</System>
<EventData><Data Name="SubjectUserSid">S-1-5-18</Data>
<Data Name="SubjectUserName">SYSTEM</Data>
<Data Name="SubjectDomainName">NT AUTHORITY</Data>
<Data Name="SubjectLogonId">0x00000000000003e7</Data>
<Data Name="PrivilegeList">SeAssignPrimaryTokenPrivilege
			SeTcbPrivilege
			SeSecurityPrivilege
			SeTakeOwnershipPrivilege
			SeLoadDriverPrivilege
			SeBackupPrivilege
			SeRestorePrivilege
			SeDebugPrivilege
			SeAuditPrivilege
			SeSystemEnvironmentPrivilege
			SeImpersonatePrivilege
			SeDelegateSessionUserImpersonatePrivilege</Data>
</EventData>
</Event>

<Event xmlns="http://schemas.microsoft.com/win/2004/08/events/event"><System><Provider Name="Microsoft-Windows-Security-Auditing" Guid="{54849625-5478-4994-a5ba-3e3b0328c30d}"></Provider>
<EventID Qualifiers="">4798</EventID>
<Version>0</Version>
<Level>0</Level>
<Task>13824</Task>
<Opcode>0</Opcode>
<Keywords>0x8020000000000000</Keywords>
<TimeCreated SystemTime="2020-10-24 23:17:51.509399"></TimeCreated>
<EventRecordID>1242</EventRecordID>
<Correlation ActivityID="{a11d3189-aa53-0000-8d34-1da153aad601}" RelatedActivityID=""></Correlation>
<Execution ProcessID="844" ThreadID="4908"></Execution>
<Channel>Security</Channel>
<Computer>WIN-PTFPHFCRDJ0</Computer>
<Security UserID=""></Security>
</System>
<EventData><Data Name="TargetUserName">user</Data>
<Data Name="TargetDomainName">WIN-PTFPHFCRDJ0</Data>
<Data Name="TargetSid">S-1-5-21-1152959844-3645458174-3779170896-1000</Data>
<Data Name="SubjectUserSid">S-1-5-21-1152959844-3645458174-3779170896-1000</Data>
<Data Name="SubjectUserName">user</Data>
<Data Name="SubjectDomainName">WIN-PTFPHFCRDJ0</Data>
<Data Name="SubjectLogonId">0x000000000004365e</Data>
<Data Name="CallerProcessId">0x0000000000000528</Data>
<Data Name="CallerProcessName">C:\Windows\explorer.exe</Data>
</EventData>
</Event>

<Event xmlns="http://schemas.microsoft.com/win/2004/08/events/event"><System><Provider Name="Microsoft-Windows-Security-Auditing" Guid="{54849625-5478-4994-a5ba-3e3b0328c30d}"></Provider>
<EventID Qualifiers="">4624</EventID>
<Version>2</Version>
<Level>0</Level>
<Task>12544</Task>
<Opcode>0</Opcode>
<Keywords>0x8020000000000000</Keywords>
<TimeCreated SystemTime="2020-10-24 23:18:10.184944"></TimeCreated>
<EventRecordID>1243</EventRecordID>
<Correlation ActivityID="{a11d3189-aa53-0000-8d34-1da153aad601}" RelatedActivityID=""></Correlation>
<Execution ProcessID="844" ThreadID="4908"></Execution>
<Channel>Security</Channel>
<Computer>WIN-PTFPHFCRDJ0</Computer>
<Security UserID=""></Security>
</System>
<EventData><Data Name="SubjectUserSid">S-1-5-18</Data>
<Data Name="SubjectUserName">WIN-PTFPHFCRDJ0$</Data>
<Data Name="SubjectDomainName">WORKGROUP</Data>
<Data Name="SubjectLogonId">0x00000000000003e7</Data>
<Data Name="TargetUserSid">S-1-5-18</Data>
<Data Name="TargetUserName">SYSTEM</Data>
<Data Name="TargetDomainName">NT AUTHORITY</Data>
<Data Name="TargetLogonId">0x00000000000003e7</Data>
<Data Name="LogonType">5</Data>
<Data Name="LogonProcessName">Advapi  </Data>
<Data Name="AuthenticationPackageName">Negotiate</Data>
<Data Name="WorkstationName">-</Data>
<Data Name="LogonGuid">{00000000-0000-0000-0000-000000000000}</Data>
<Data Name="TransmittedServices">-</Data>
<Data Name="LmPackageName">-</Data>
<Data Name="KeyLength">0</Data>
<Data Name="ProcessId">0x000000000000033c</Data>
<Data Name="ProcessName">C:\Windows\System32\services.exe</Data>
<Data Name="IpAddress">-</Data>
<Data Name="IpPort">-</Data>
<Data Name="ImpersonationLevel">%%1833</Data>
<Data Name="RestrictedAdminMode">-</Data>
<Data Name="TargetOutboundUserName">-</Data>
<Data Name="TargetOutboundDomainName">-</Data>
<Data Name="VirtualAccount">%%1843</Data>
<Data Name="TargetLinkedLogonId">0x0000000000000000</Data>
<Data Name="ElevatedToken">%%1842</Data>
</EventData>
</Event>

<Event xmlns="http://schemas.microsoft.com/win/2004/08/events/event"><System><Provider Name="Microsoft-Windows-Security-Auditing" Guid="{54849625-5478-4994-a5ba-3e3b0328c30d}"></Provider>
<EventID Qualifiers="">4672</EventID>
<Version>0</Version>
<Level>0</Level>
<Task>12548</Task>
<Opcode>0</Opcode>
<Keywords>0x8020000000000000</Keywords>
<TimeCreated SystemTime="2020-10-24 23:18:10.184950"></TimeCreated>
<EventRecordID>1244</EventRecordID>
<Correlation ActivityID="{a11d3189-aa53-0000-8d34-1da153aad601}" RelatedActivityID=""></Correlation>
<Execution ProcessID="844" ThreadID="4908"></Execution>
<Channel>Security</Channel>
<Computer>WIN-PTFPHFCRDJ0</Computer>
<Security UserID=""></Security>
</System>
<EventData><Data Name="SubjectUserSid">S-1-5-18</Data>
<Data Name="SubjectUserName">SYSTEM</Data>
<Data Name="SubjectDomainName">NT AUTHORITY</Data>
<Data Name="SubjectLogonId">0x00000000000003e7</Data>
<Data Name="PrivilegeList">SeAssignPrimaryTokenPrivilege
			SeTcbPrivilege
			SeSecurityPrivilege
			SeTakeOwnershipPrivilege
			SeLoadDriverPrivilege
			SeBackupPrivilege
			SeRestorePrivilege
			SeDebugPrivilege
			SeAuditPrivilege
			SeSystemEnvironmentPrivilege
			SeImpersonatePrivilege
			SeDelegateSessionUserImpersonatePrivilege</Data>
</EventData>
</Event>

<Event xmlns="http://schemas.microsoft.com/win/2004/08/events/event"><System><Provider Name="Microsoft-Windows-Security-Auditing" Guid="{54849625-5478-4994-a5ba-3e3b0328c30d}"></Provider>
<EventID Qualifiers="">4647</EventID>
<Version>0</Version>
<Level>0</Level>
<Task>12545</Task>
<Opcode>0</Opcode>
<Keywords>0x8020000000000000</Keywords>
<TimeCreated SystemTime="2020-10-24 23:18:11.539839"></TimeCreated>
<EventRecordID>1245</EventRecordID>
<Correlation ActivityID="{a11d3189-aa53-0000-8d34-1da153aad601}" RelatedActivityID=""></Correlation>
<Execution ProcessID="844" ThreadID="900"></Execution>
<Channel>Security</Channel>
<Computer>WIN-PTFPHFCRDJ0</Computer>
<Security UserID=""></Security>
</System>
<EventData><Data Name="TargetUserSid">S-1-5-21-1152959844-3645458174-3779170896-1000</Data>
<Data Name="TargetUserName">user</Data>
<Data Name="TargetDomainName">WIN-PTFPHFCRDJ0</Data>
<Data Name="TargetLogonId">0x000000000004365e</Data>
</EventData>
</Event>

<Event xmlns="http://schemas.microsoft.com/win/2004/08/events/event"><System><Provider Name="Microsoft-Windows-Security-Auditing" Guid="{54849625-5478-4994-a5ba-3e3b0328c30d}"></Provider>
<EventID Qualifiers="">4616</EventID>
<Version>1</Version>
<Level>0</Level>
<Task>12288</Task>
<Opcode>0</Opcode>
<Keywords>0x8020000000000000</Keywords>
<TimeCreated SystemTime="2020-10-24 23:18:13.767710"></TimeCreated>
<EventRecordID>1246</EventRecordID>
<Correlation ActivityID="" RelatedActivityID=""></Correlation>
<Execution ProcessID="4" ThreadID="4116"></Execution>
<Channel>Security</Channel>
<Computer>WIN-PTFPHFCRDJ0</Computer>
<Security UserID=""></Security>
</System>
<EventData><Data Name="SubjectUserSid">S-1-5-19</Data>
<Data Name="SubjectUserName">LOCAL SERVICE</Data>
<Data Name="SubjectDomainName">NT AUTHORITY</Data>
<Data Name="SubjectLogonId">0x00000000000003e5</Data>
<Data Name="PreviousTime">2020-10-24 23:18:13.766714</Data>
<Data Name="NewTime">2020-10-24 23:18:13.767212</Data>
<Data Name="ProcessId">0x0000000000000934</Data>
<Data Name="ProcessName">C:\Windows\System32\svchost.exe</Data>
</EventData>
</Event>

<Event xmlns="http://schemas.microsoft.com/win/2004/08/events/event"><System><Provider Name="Microsoft-Windows-Eventlog" Guid="{fc65ddd8-d6ef-4962-83d5-6e5cfe9ce148}"></Provider>
<EventID Qualifiers="">1100</EventID>
<Version>0</Version>
<Level>4</Level>
<Task>103</Task>
<Opcode>0</Opcode>
<Keywords>0x4020000000000000</Keywords>
<TimeCreated SystemTime="2020-10-24 23:18:14.915443"></TimeCreated>
<EventRecordID>1247</EventRecordID>
<Correlation ActivityID="" RelatedActivityID=""></Correlation>
<Execution ProcessID="1236" ThreadID="348"></Execution>
<Channel>Security</Channel>
<Computer>WIN-PTFPHFCRDJ0</Computer>
<Security UserID=""></Security>
</System>
<UserData><ServiceShutdown xmlns="http://manifests.microsoft.com/win/2004/08/windows/eventlog"></ServiceShutdown>
</UserData>
</Event>

<Event xmlns="http://schemas.microsoft.com/win/2004/08/events/event"><System><Provider Name="Microsoft-Windows-Security-Auditing" Guid="{54849625-5478-4994-a5ba-3e3b0328c30d}"></Provider>
<EventID Qualifiers="">4688</EventID>
<Version>2</Version>
<Level>0</Level>
<Task>13312</Task>
<Opcode>0</Opcode>
<Keywords>0x8020000000000000</Keywords>
<TimeCreated SystemTime="2020-10-26 11:57:23.488750"></TimeCreated>
<EventRecordID>1248</EventRecordID>
<Correlation ActivityID="" RelatedActivityID=""></Correlation>
<Execution ProcessID="4" ThreadID="88"></Execution>
<Channel>Security</Channel>
<Computer>WIN-PTFPHFCRDJ0</Computer>
<Security UserID=""></Security>
</System>
<EventData><Data Name="SubjectUserSid">S-1-5-18</Data>
<Data Name="SubjectUserName">-</Data>
<Data Name="SubjectDomainName">-</Data>
<Data Name="SubjectLogonId">0x00000000000003e7</Data>
<Data Name="NewProcessId">0x0000000000000044</Data>
<Data Name="NewProcessName">Registry</Data>
<Data Name="TokenElevationType">%%1936</Data>
<Data Name="ProcessId">0x0000000000000004</Data>
<Data Name="CommandLine"></Data>
<Data Name="TargetUserSid">S-1-0-0</Data>
<Data Name="TargetUserName">-</Data>
<Data Name="TargetDomainName">-</Data>
<Data Name="TargetLogonId">0x0000000000000000</Data>
<Data Name="ParentProcessName"></Data>
<Data Name="MandatoryLabel">S-1-16-16384</Data>
</EventData>
</Event>

