<Event xmlns="http://schemas.microsoft.com/win/2004/08/events/event"><System><Provider Name="Service Control Manager" Guid="{555908d1-a6d7-4695-8e1e-26931d2012f4}" EventSourceName="Service Control Manager"></Provider>
<EventID Qualifiers="16384">7036</EventID>
<Version>0</Version>
<Level>4</Level>
<Task>0</Task>
<Opcode>0</Opcode>
<Keywords>0x8080000000000000</Keywords>
<TimeCreated SystemTime="2020-10-26 14:36:20.641457"></TimeCreated>
<EventRecordID>1822</EventRecordID>
<Correlation ActivityID="" RelatedActivityID=""></Correlation>
<Execution ProcessID="824" ThreadID="1032"></Execution>
<Channel>System</Channel>
<Computer>WIN-PTFPHFCRDJ0</Computer>
<Security UserID=""></Security>
</System>
<EventData><Data Name="param1">Windows Security Service</Data>
<Data Name="param2">stopped</Data>
<Binary>UwBlAGMAdQByAGkAdAB5AEgAZQBhAGwAdABoAFMAZQByAHYAaQBjAGUALwAxAAAA</Binary>
</EventData>
</Event>

<Event xmlns="http://schemas.microsoft.com/win/2004/08/events/event"><System><Provider Name="Service Control Manager" Guid="{555908d1-a6d7-4695-8e1e-26931d2012f4}" EventSourceName="Service Control Manager"></Provider>
<EventID Qualifiers="16384">7036</EventID>
<Version>0</Version>
<Level>4</Level>
<Task>0</Task>
<Opcode>0</Opcode>
<Keywords>0x8080000000000000</Keywords>
<TimeCreated SystemTime="2020-10-26 14:36:20.688553"></TimeCreated>
<EventRecordID>1823</EventRecordID>
<Correlation ActivityID="" RelatedActivityID=""></Correlation>
<Execution ProcessID="824" ThreadID="1032"></Execution>
<Channel>System</Channel>
<Computer>WIN-PTFPHFCRDJ0</Computer>
<Security UserID=""></Security>
</System>
<EventData><Data Name="param1">VMware Tools</Data>
<Data Name="param2">stopped</Data>
<Binary>VgBNAFQAbwBvAGwAcwAvADEAAAA=</Binary>
</EventData>
</Event>

<Event xmlns="http://schemas.microsoft.com/win/2004/08/events/event"><System><Provider Name="Service Control Manager" Guid="{555908d1-a6d7-4695-8e1e-26931d2012f4}" EventSourceName="Service Control Manager"></Provider>
<EventID Qualifiers="16384">7036</EventID>
<Version>0</Version>
<Level>4</Level>
<Task>0</Task>
<Opcode>0</Opcode>
<Keywords>0x8080000000000000</Keywords>
<TimeCreated SystemTime="2020-10-26 14:36:20.704008"></TimeCreated>
<EventRecordID>1824</EventRecordID>
<Correlation ActivityID="" RelatedActivityID=""></Correlation>
<Execution ProcessID="824" ThreadID="1032"></Execution>
<Channel>System</Channel>
<Computer>WIN-PTFPHFCRDJ0</Computer>
<Security UserID=""></Security>
</System>
<EventData><Data Name="param1">Connected User Experiences and Telemetry</Data>
<Data Name="param2">stopped</Data>
<Binary>RABpAGEAZwBUAHIAYQBjAGsALwAxAAAA</Binary>
</EventData>
</Event>

<Event xmlns="http://schemas.microsoft.com/win/2004/08/events/event"><System><Provider Name="Service Control Manager" Guid="{555908d1-a6d7-4695-8e1e-26931d2012f4}" EventSourceName="Service Control Manager"></Provider>
<EventID Qualifiers="16384">7036</EventID>
<Version>0</Version>
<Level>4</Level>
<Task>0</Task>
<Opcode>0</Opcode>
<Keywords>0x8080000000000000</Keywords>
<TimeCreated SystemTime="2020-10-26 14:36:20.719534"></TimeCreated>
<EventRecordID>1825</EventRecordID>
<Correlation ActivityID="" RelatedActivityID=""></Correlation>
<Execution ProcessID="824" ThreadID="1032"></Execution>
<Channel>System</Channel>
<Computer>WIN-PTFPHFCRDJ0</Computer>
<Security UserID=""></Security>
</System>
<EventData><Data Name="param1">User Access Logging Service</Data>
<Data Name="param2">stopped</Data>
<Binary>VQBBAEwAUwBWAEMALwAxAAAA</Binary>
</EventData>
</Event>

<Event xmlns="http://schemas.microsoft.com/win/2004/08/events/event"><System><Provider Name="Microsoft-Windows-WinRM" Guid="{A7975C8F-AC13-49F1-87DA-5A984A4AB417}" EventSourceName="WinRM"></Provider>
<EventID Qualifiers="7">10149</EventID>
<Version>0</Version>
<Level>3</Level>
<Task>0</Task>
<Opcode>0</Opcode>
<Keywords>0x0080000000000000</Keywords>
<TimeCreated SystemTime="2020-10-26 14:36:21.110155"></TimeCreated>
<EventRecordID>1826</EventRecordID>
<Correlation ActivityID="" RelatedActivityID=""></Correlation>
<Execution ProcessID="0" ThreadID="0"></Execution>
<Channel>System</Channel>
<Computer>WIN-PTFPHFCRDJ0</Computer>
<Security UserID=""></Security>
</System>
<EventData Name="Stopped Listening"></EventData>
</Event>

<Event xmlns="http://schemas.microsoft.com/win/2004/08/events/event"><System><Provider Name="EventLog"></Provider>
<EventID Qualifiers="32768">6006</EventID>
<Level>4</Level>
<Task>0</Task>
<Keywords>0x0080000000000000</Keywords>
<TimeCreated SystemTime="2020-10-26 14:36:21.703899"></TimeCreated>
<EventRecordID>1827</EventRecordID>
<Channel>System</Channel>
<Computer>WIN-PTFPHFCRDJ0</Computer>
<Security UserID=""></Security>
</System>
<EventData><Data></Data>
<Binary>AQAAAAAAAAA=</Binary>
</EventData>
</Event>

<Event xmlns="http://schemas.microsoft.com/win/2004/08/events/event"><System><Provider Name="Service Control Manager" Guid="{555908d1-a6d7-4695-8e1e-26931d2012f4}" EventSourceName="Service Control Manager"></Provider>
<EventID Qualifiers="16384">7036</EventID>
<Version>0</Version>
<Level>4</Level>
<Task>0</Task>
<Opcode>0</Opcode>
<Keywords>0x8080000000000000</Keywords>
<TimeCreated SystemTime="2020-10-26 14:36:21.095169"></TimeCreated>
<EventRecordID>1828</EventRecordID>
<Correlation ActivityID="" RelatedActivityID=""></Correlation>
<Execution ProcessID="824" ThreadID="1032"></Execution>
<Channel>System</Channel>
<Computer>WIN-PTFPHFCRDJ0</Computer>
<Security UserID=""></Security>
</System>
<EventData><Data Name="param1">IPsec Policy Agent</Data>
<Data Name="param2">stopped</Data>
<Binary>UABvAGwAaQBjAHkAQQBnAGUAbgB0AC8AMQAAAA==</Binary>
</EventData>
</Event>

<Event xmlns="http://schemas.microsoft.com/win/2004/08/events/event"><System><Provider Name="Microsoft-Windows-Kernel-General" Guid="{a68ca8b7-004f-d7b6-a698-07e2de0f1f5d}"></Provider>
<EventID Qualifiers="">1</EventID>
<Version>2</Version>
<Level>4</Level>
<Task>5</Task>
<Opcode>0</Opcode>
<Keywords>0x8000000000000010</Keywords>
<TimeCreated SystemTime="2020-10-26 14:36:21.108202"></TimeCreated>
<EventRecordID>1829</EventRecordID>
<Correlation ActivityID="" RelatedActivityID=""></Correlation>
<Execution ProcessID="2372" ThreadID="2512"></Execution>
<Channel>System</Channel>
<Computer>WIN-PTFPHFCRDJ0</Computer>
<Security UserID="S-1-5-19"></Security>
</System>
<EventData><Data Name="NewTime">2020-10-26 14:36:21.107918</Data>
<Data Name="OldTime">2020-10-26 14:36:21.095169</Data>
<Data Name="Reason">1</Data>
<Data Name="ProcessName">\Device\HarddiskVolume3\Windows\System32\svchost.exe</Data>
<Data Name="ProcessID">2372</Data>
</EventData>
</Event>

<Event xmlns="http://schemas.microsoft.com/win/2004/08/events/event"><System><Provider Name="Service Control Manager" Guid="{555908d1-a6d7-4695-8e1e-26931d2012f4}" EventSourceName="Service Control Manager"></Provider>
<EventID Qualifiers="16384">7036</EventID>
<Version>0</Version>
<Level>4</Level>
<Task>0</Task>
<Opcode>0</Opcode>
<Keywords>0x8080000000000000</Keywords>
<TimeCreated SystemTime="2020-10-26 14:36:21.108282"></TimeCreated>
<EventRecordID>1830</EventRecordID>
<Correlation ActivityID="" RelatedActivityID=""></Correlation>
<Execution ProcessID="824" ThreadID="1032"></Execution>
<Channel>System</Channel>
<Computer>WIN-PTFPHFCRDJ0</Computer>
<Security UserID=""></Security>
</System>
<EventData><Data Name="param1">Windows Time</Data>
<Data Name="param2">stopped</Data>
<Binary>VwAzADIAVABpAG0AZQAvADEAAAA=</Binary>
</EventData>
</Event>

<Event xmlns="http://schemas.microsoft.com/win/2004/08/events/event"><System><Provider Name="Service Control Manager" Guid="{555908d1-a6d7-4695-8e1e-26931d2012f4}" EventSourceName="Service Control Manager"></Provider>
<EventID Qualifiers="16384">7036</EventID>
<Version>0</Version>
<Level>4</Level>
<Task>0</Task>
<Opcode>0</Opcode>
<Keywords>0x8080000000000000</Keywords>
<TimeCreated SystemTime="2020-10-26 14:36:21.110155"></TimeCreated>
<EventRecordID>1831</EventRecordID>
<Correlation ActivityID="" RelatedActivityID=""></Correlation>
<Execution ProcessID="824" ThreadID="1032"></Execution>
<Channel>System</Channel>
<Computer>WIN-PTFPHFCRDJ0</Computer>
<Security UserID=""></Security>
</System>
<EventData><Data Name="param1">Client License Service (ClipSVC)</Data>
<Data Name="param2">stopped</Data>
<Binary>QwBsAGkAcABTAFYAQwAvADEAAAA=</Binary>
</EventData>
</Event>

<Event xmlns="http://schemas.microsoft.com/win/2004/08/events/event"><System><Provider Name="Service Control Manager" Guid="{555908d1-a6d7-4695-8e1e-26931d2012f4}" EventSourceName="Service Control Manager"></Provider>
<EventID Qualifiers="16384">7036</EventID>
<Version>0</Version>
<Level>4</Level>
<Task>0</Task>
<Opcode>0</Opcode>
<Keywords>0x8080000000000000</Keywords>
<TimeCreated SystemTime="2020-10-26 14:36:21.110155"></TimeCreated>
<EventRecordID>1832</EventRecordID>
<Correlation ActivityID="" RelatedActivityID=""></Correlation>
<Execution ProcessID="824" ThreadID="1032"></Execution>
<Channel>System</Channel>
<Computer>WIN-PTFPHFCRDJ0</Computer>
<Security UserID=""></Security>
</System>
<EventData><Data Name="param1">Windows Event Collector</Data>
<Data Name="param2">stopped</Data>
<Binary>VwBlAGMAcwB2AGMALwAxAAAA</Binary>
</EventData>
</Event>

<Event xmlns="http://schemas.microsoft.com/win/2004/08/events/event"><System><Provider Name="Microsoft-Windows-Dhcp-Client" Guid="{15a7a4f8-0072-4eab-abad-f98a4d666aed}"></Provider>
<EventID Qualifiers="">50104</EventID>
<Version>0</Version>
<Level>4</Level>
<Task>4</Task>
<Opcode>129</Opcode>
<Keywords>0x2000000000000000</Keywords>
<TimeCreated SystemTime="2020-10-26 14:36:21.115915"></TimeCreated>
<EventRecordID>1833</EventRecordID>
<Correlation ActivityID="" RelatedActivityID=""></Correlation>
<Execution ProcessID="1196" ThreadID="1200"></Execution>
<Channel>System</Channel>
<Computer>WIN-PTFPHFCRDJ0</Computer>
<Security UserID="S-1-5-19"></Security>
</System>
<EventData></EventData>
</Event>

<Event xmlns="http://schemas.microsoft.com/win/2004/08/events/event"><System><Provider Name="Microsoft-Windows-Dhcp-Client" Guid="{15a7a4f8-0072-4eab-abad-f98a4d666aed}"></Provider>
<EventID Qualifiers="">50105</EventID>
<Version>0</Version>
<Level>4</Level>
<Task>4</Task>
<Opcode>129</Opcode>
<Keywords>0x2000000000000000</Keywords>
<TimeCreated SystemTime="2020-10-26 14:36:21.116211"></TimeCreated>
<EventRecordID>1834</EventRecordID>
<Correlation ActivityID="" RelatedActivityID=""></Correlation>
<Execution ProcessID="1196" ThreadID="1344"></Execution>
<Channel>System</Channel>
<Computer>WIN-PTFPHFCRDJ0</Computer>
<Security UserID="S-1-5-19"></Security>
</System>
<EventData></EventData>
</Event>

<Event xmlns="http://schemas.microsoft.com/win/2004/08/events/event"><System><Provider Name="Service Control Manager" Guid="{555908d1-a6d7-4695-8e1e-26931d2012f4}" EventSourceName="Service Control Manager"></Provider>
<EventID Qualifiers="16384">7036</EventID>
<Version>0</Version>
<Level>4</Level>
<Task>0</Task>
<Opcode>0</Opcode>
<Keywords>0x8080000000000000</Keywords>
<TimeCreated SystemTime="2020-10-26 14:36:21.110155"></TimeCreated>
<EventRecordID>1835</EventRecordID>
<Correlation ActivityID="" RelatedActivityID=""></Correlation>
<Execution ProcessID="824" ThreadID="1032"></Execution>
<Channel>System</Channel>
<Computer>WIN-PTFPHFCRDJ0</Computer>
<Security UserID=""></Security>
</System>
<EventData><Data Name="param1">Remote Desktop Services UserMode Port Redirector</Data>
<Data Name="param2">stopped</Data>
<Binary>VQBtAFIAZABwAFMAZQByAHYAaQBjAGUALwAxAAAA</Binary>
</EventData>
</Event>

<Event xmlns="http://schemas.microsoft.com/win/2004/08/events/event"><System><Provider Name="Service Control Manager" Guid="{555908d1-a6d7-4695-8e1e-26931d2012f4}" EventSourceName="Service Control Manager"></Provider>
<EventID Qualifiers="16384">7036</EventID>
<Version>0</Version>
<Level>4</Level>
<Task>0</Task>
<Opcode>0</Opcode>
<Keywords>0x8080000000000000</Keywords>
<TimeCreated SystemTime="2020-10-26 14:36:21.110155"></TimeCreated>
<EventRecordID>1836</EventRecordID>
<Correlation ActivityID="" RelatedActivityID=""></Correlation>
<Execution ProcessID="824" ThreadID="1032"></Execution>
<Channel>System</Channel>
<Computer>WIN-PTFPHFCRDJ0</Computer>
<Security UserID=""></Security>
</System>
<EventData><Data Name="param1">Plug and Play</Data>
<Data Name="param2">stopped</Data>
<Binary>UABsAHUAZwBQAGwAYQB5AC8AMQAAAA==</Binary>
</EventData>
</Event>

<Event xmlns="http://schemas.microsoft.com/win/2004/08/events/event"><System><Provider Name="Service Control Manager" Guid="{555908d1-a6d7-4695-8e1e-26931d2012f4}" EventSourceName="Service Control Manager"></Provider>
<EventID Qualifiers="16384">7036</EventID>
<Version>0</Version>
<Level>4</Level>
<Task>0</Task>
<Opcode>0</Opcode>
<Keywords>0x8080000000000000</Keywords>
<TimeCreated SystemTime="2020-10-26 14:36:21.110155"></TimeCreated>
<EventRecordID>1837</EventRecordID>
<Correlation ActivityID="" RelatedActivityID=""></Correlation>
<Execution ProcessID="824" ThreadID="1032"></Execution>
<Channel>System</Channel>
<Computer>WIN-PTFPHFCRDJ0</Computer>
<Security UserID=""></Security>
</System>
<EventData><Data Name="param1">AppX Deployment Service (AppXSVC)</Data>
<Data Name="param2">stopped</Data>
<Binary>QQBwAHAAWABTAHYAYwAvADEAAAA=</Binary>
</EventData>
</Event>

<Event xmlns="http://schemas.microsoft.com/win/2004/08/events/event"><System><Provider Name="Microsoft-Windows-DHCPv6-Client" Guid="{6a1f2b00-6a90-4c38-95a5-5cab3b056778}"></Provider>
<EventID Qualifiers="">51047</EventID>
<Version>0</Version>
<Level>4</Level>
<Task>4</Task>
<Opcode>63</Opcode>
<Keywords>0x2000000000000000</Keywords>
<TimeCreated SystemTime="2020-10-26 14:36:21.125044"></TimeCreated>
<EventRecordID>1838</EventRecordID>
<Correlation ActivityID="" RelatedActivityID=""></Correlation>
<Execution ProcessID="1196" ThreadID="1380"></Execution>
<Channel>System</Channel>
<Computer>WIN-PTFPHFCRDJ0</Computer>
<Security UserID="S-1-5-19"></Security>
</System>
<EventData><Data Name="DwordVal">1</Data>
</EventData>
</Event>

<Event xmlns="http://schemas.microsoft.com/win/2004/08/events/event"><System><Provider Name="Microsoft-Windows-DHCPv6-Client" Guid="{6a1f2b00-6a90-4c38-95a5-5cab3b056778}"></Provider>
<EventID Qualifiers="">51057</EventID>
<Version>0</Version>
<Level>4</Level>
<Task>4</Task>
<Opcode>104</Opcode>
<Keywords>0x2000000000000000</Keywords>
<TimeCreated SystemTime="2020-10-26 14:36:21.125046"></TimeCreated>
<EventRecordID>1839</EventRecordID>
<Correlation ActivityID="" RelatedActivityID=""></Correlation>
<Execution ProcessID="1196" ThreadID="1380"></Execution>
<Channel>System</Channel>
<Computer>WIN-PTFPHFCRDJ0</Computer>
<Security UserID="S-1-5-19"></Security>
</System>
<EventData><Data Name="DwordVal">1</Data>
</EventData>
</Event>

<Event xmlns="http://schemas.microsoft.com/win/2004/08/events/event"><System><Provider Name="Service Control Manager" Guid="{555908d1-a6d7-4695-8e1e-26931d2012f4}" EventSourceName="Service Control Manager"></Provider>
<EventID Qualifiers="16384">7036</EventID>
<Version>0</Version>
<Level>4</Level>
<Task>0</Task>
<Opcode>0</Opcode>
<Keywords>0x8080000000000000</Keywords>
<TimeCreated SystemTime="2020-10-26 14:36:21.110155"></TimeCreated>
<EventRecordID>1840</EventRecordID>
<Correlation ActivityID="" RelatedActivityID=""></Correlation>
<Execution ProcessID="824" ThreadID="1032"></Execution>
<Channel>System</Channel>
<Computer>WIN-PTFPHFCRDJ0</Computer>
<Security UserID=""></Security>
</System>
<EventData><Data Name="param1">Distributed Transaction Coordinator</Data>
<Data Name="param2">stopped</Data>
<Binary>TQBTAEQAVABDAC8AMQAAAA==</Binary>
</EventData>
</Event>

<Event xmlns="http://schemas.microsoft.com/win/2004/08/events/event"><System><Provider Name="Service Control Manager" Guid="{555908d1-a6d7-4695-8e1e-26931d2012f4}" EventSourceName="Service Control Manager"></Provider>
<EventID Qualifiers="16384">7036</EventID>
<Version>0</Version>
<Level>4</Level>
<Task>0</Task>
<Opcode>0</Opcode>
<Keywords>0x8080000000000000</Keywords>
<TimeCreated SystemTime="2020-10-26 14:36:21.125868"></TimeCreated>
<EventRecordID>1841</EventRecordID>
<Correlation ActivityID="" RelatedActivityID=""></Correlation>
<Execution ProcessID="824" ThreadID="1032"></Execution>
<Channel>System</Channel>
<Computer>WIN-PTFPHFCRDJ0</Computer>
<Security UserID=""></Security>
</System>
<EventData><Data Name="param1">Distributed Link Tracking Client</Data>
<Data Name="param2">stopped</Data>
<Binary>VAByAGsAVwBrAHMALwAxAAAA</Binary>
</EventData>
</Event>

<Event xmlns="http://schemas.microsoft.com/win/2004/08/events/event"><System><Provider Name="Microsoft-Windows-Dhcp-Client" Guid="{15a7a4f8-0072-4eab-abad-f98a4d666aed}"></Provider>
<EventID Qualifiers="">50106</EventID>
<Version>0</Version>
<Level>4</Level>
<Task>4</Task>
<Opcode>129</Opcode>
<Keywords>0x2000000000000000</Keywords>
<TimeCreated SystemTime="2020-10-26 14:36:21.134861"></TimeCreated>
<EventRecordID>1842</EventRecordID>
<Correlation ActivityID="" RelatedActivityID=""></Correlation>
<Execution ProcessID="1196" ThreadID="1344"></Execution>
<Channel>System</Channel>
<Computer>WIN-PTFPHFCRDJ0</Computer>
<Security UserID="S-1-5-19"></Security>
</System>
<EventData></EventData>
</Event>

<Event xmlns="http://schemas.microsoft.com/win/2004/08/events/event"><System><Provider Name="Microsoft-Windows-Dhcp-Client" Guid="{15a7a4f8-0072-4eab-abad-f98a4d666aed}"></Provider>
<EventID Qualifiers="">50037</EventID>
<Version>0</Version>
<Level>4</Level>
<Task>4</Task>
<Opcode>69</Opcode>
<Keywords>0x2000000000000000</Keywords>
<TimeCreated SystemTime="2020-10-26 14:36:21.134869"></TimeCreated>
<EventRecordID>1843</EventRecordID>
<Correlation ActivityID="" RelatedActivityID=""></Correlation>
<Execution ProcessID="1196" ThreadID="1344"></Execution>
<Channel>System</Channel>
<Computer>WIN-PTFPHFCRDJ0</Computer>
<Security UserID="S-1-5-19"></Security>
</System>
<EventData><Data Name="DwordVal">1</Data>
</EventData>
</Event>

<Event xmlns="http://schemas.microsoft.com/win/2004/08/events/event"><System><Provider Name="Service Control Manager" Guid="{555908d1-a6d7-4695-8e1e-26931d2012f4}" EventSourceName="Service Control Manager"></Provider>
<EventID Qualifiers="16384">7036</EventID>
<Version>0</Version>
<Level>4</Level>
<Task>0</Task>
<Opcode>0</Opcode>
<Keywords>0x8080000000000000</Keywords>
<TimeCreated SystemTime="2020-10-26 14:36:21.125868"></TimeCreated>
<EventRecordID>1844</EventRecordID>
<Correlation ActivityID="" RelatedActivityID=""></Correlation>
<Execution ProcessID="824" ThreadID="1032"></Execution>
<Channel>System</Channel>
<Computer>WIN-PTFPHFCRDJ0</Computer>
<Security UserID=""></Security>
</System>
<EventData><Data Name="param1">DHCP Client</Data>
<Data Name="param2">stopped</Data>
<Binary>RABoAGMAcAAvADEAAAA=</Binary>
</EventData>
</Event>

<Event xmlns="http://schemas.microsoft.com/win/2004/08/events/event"><System><Provider Name="Service Control Manager" Guid="{555908d1-a6d7-4695-8e1e-26931d2012f4}" EventSourceName="Service Control Manager"></Provider>
<EventID Qualifiers="16384">7036</EventID>
<Version>0</Version>
<Level>4</Level>
<Task>0</Task>
<Opcode>0</Opcode>
<Keywords>0x8080000000000000</Keywords>
<TimeCreated SystemTime="2020-10-26 14:36:21.268019"></TimeCreated>
<EventRecordID>1845</EventRecordID>
<Correlation ActivityID="" RelatedActivityID=""></Correlation>
<Execution ProcessID="824" ThreadID="2656"></Execution>
<Channel>System</Channel>
<Computer>WIN-PTFPHFCRDJ0</Computer>
<Security UserID=""></Security>
</System>
<EventData><Data Name="param1">Windows Font Cache Service</Data>
<Data Name="param2">stopped</Data>
<Binary>RgBvAG4AdABDAGEAYwBoAGUALwAxAAAA</Binary>
</EventData>
</Event>

<Event xmlns="http://schemas.microsoft.com/win/2004/08/events/event"><System><Provider Name="Service Control Manager" Guid="{555908d1-a6d7-4695-8e1e-26931d2012f4}" EventSourceName="Service Control Manager"></Provider>
<EventID Qualifiers="16384">7036</EventID>
<Version>0</Version>
<Level>4</Level>
<Task>0</Task>
<Opcode>0</Opcode>
<Keywords>0x8080000000000000</Keywords>
<TimeCreated SystemTime="2020-10-26 14:36:21.314659"></TimeCreated>
<EventRecordID>1846</EventRecordID>
<Correlation ActivityID="" RelatedActivityID=""></Correlation>
<Execution ProcessID="824" ThreadID="2656"></Execution>
<Channel>System</Channel>
<Computer>WIN-PTFPHFCRDJ0</Computer>
<Security UserID=""></Security>
</System>
<EventData><Data Name="param1">Windows Update Medic Service</Data>
<Data Name="param2">stopped</Data>
<Binary>VwBhAGEAUwBNAGUAZABpAGMAUwB2AGMALwAxAAAA</Binary>
</EventData>
</Event>

<Event xmlns="http://schemas.microsoft.com/win/2004/08/events/event"><System><Provider Name="Service Control Manager" Guid="{555908d1-a6d7-4695-8e1e-26931d2012f4}" EventSourceName="Service Control Manager"></Provider>
<EventID Qualifiers="16384">7036</EventID>
<Version>0</Version>
<Level>4</Level>
<Task>0</Task>
<Opcode>0</Opcode>
<Keywords>0x8080000000000000</Keywords>
<TimeCreated SystemTime="2020-10-26 14:36:21.344593"></TimeCreated>
<EventRecordID>1847</EventRecordID>
<Correlation ActivityID="" RelatedActivityID=""></Correlation>
<Execution ProcessID="824" ThreadID="2656"></Execution>
<Channel>System</Channel>
<Computer>WIN-PTFPHFCRDJ0</Computer>
<Security UserID=""></Security>
</System>
<EventData><Data Name="param1">Update Orchestrator Service</Data>
<Data Name="param2">stopped</Data>
<Binary>VQBzAG8AUwB2AGMALwAxAAAA</Binary>
</EventData>
</Event>

<Event xmlns="http://schemas.microsoft.com/win/2004/08/events/event"><System><Provider Name="Service Control Manager" Guid="{555908d1-a6d7-4695-8e1e-26931d2012f4}" EventSourceName="Service Control Manager"></Provider>
<EventID Qualifiers="16384">7036</EventID>
<Version>0</Version>
<Level>4</Level>
<Task>0</Task>
<Opcode>0</Opcode>
<Keywords>0x8080000000000000</Keywords>
<TimeCreated SystemTime="2020-10-26 14:36:21.344593"></TimeCreated>
<EventRecordID>1848</EventRecordID>
<Correlation ActivityID="" RelatedActivityID=""></Correlation>
<Execution ProcessID="824" ThreadID="2656"></Execution>
<Channel>System</Channel>
<Computer>WIN-PTFPHFCRDJ0</Computer>
<Security UserID=""></Security>
</System>
<EventData><Data Name="param1">User Profile Service</Data>
<Data Name="param2">stopped</Data>
<Binary>UAByAG8AZgBTAHYAYwAvADEAAAA=</Binary>
</EventData>
</Event>

<Event xmlns="http://schemas.microsoft.com/win/2004/08/events/event"><System><Provider Name="Service Control Manager" Guid="{555908d1-a6d7-4695-8e1e-26931d2012f4}" EventSourceName="Service Control Manager"></Provider>
<EventID Qualifiers="16384">7036</EventID>
<Version>0</Version>
<Level>4</Level>
<Task>0</Task>
<Opcode>0</Opcode>
<Keywords>0x8080000000000000</Keywords>
<TimeCreated SystemTime="2020-10-26 14:36:21.407053"></TimeCreated>
<EventRecordID>1849</EventRecordID>
<Correlation ActivityID="" RelatedActivityID=""></Correlation>
<Execution ProcessID="824" ThreadID="3344"></Execution>
<Channel>System</Channel>
<Computer>WIN-PTFPHFCRDJ0</Computer>
<Security UserID=""></Security>
</System>
<EventData><Data Name="param1">Program Compatibility Assistant Service</Data>
<Data Name="param2">stopped</Data>
<Binary>UABjAGEAUwB2AGMALwAxAAAA</Binary>
</EventData>
</Event>

<Event xmlns="http://schemas.microsoft.com/win/2004/08/events/event"><System><Provider Name="Service Control Manager" Guid="{555908d1-a6d7-4695-8e1e-26931d2012f4}" EventSourceName="Service Control Manager"></Provider>
<EventID Qualifiers="16384">7036</EventID>
<Version>0</Version>
<Level>4</Level>
<Task>0</Task>
<Opcode>0</Opcode>
<Keywords>0x8080000000000000</Keywords>
<TimeCreated SystemTime="2020-10-26 14:36:21.438381"></TimeCreated>
<EventRecordID>1850</EventRecordID>
<Correlation ActivityID="" RelatedActivityID=""></Correlation>
<Execution ProcessID="824" ThreadID="3344"></Execution>
<Channel>System</Channel>
<Computer>WIN-PTFPHFCRDJ0</Computer>
<Security UserID=""></Security>
</System>
<EventData><Data Name="param1">Certificate Propagation</Data>
<Data Name="param2">stopped</Data>
<Binary>QwBlAHIAdABQAHIAbwBwAFMAdgBjAC8AMQAAAA==</Binary>
</EventData>
</Event>

<Event xmlns="http://schemas.microsoft.com/win/2004/08/events/event"><System><Provider Name="Service Control Manager" Guid="{555908d1-a6d7-4695-8e1e-26931d2012f4}" EventSourceName="Service Control Manager"></Provider>
<EventID Qualifiers="16384">7036</EventID>
<Version>0</Version>
<Level>4</Level>
<Task>0</Task>
<Opcode>0</Opcode>
<Keywords>0x8080000000000000</Keywords>
<TimeCreated SystemTime="2020-10-26 14:36:21.488958"></TimeCreated>
<EventRecordID>1851</EventRecordID>
<Correlation ActivityID="" RelatedActivityID=""></Correlation>
<Execution ProcessID="824" ThreadID="3344"></Execution>
<Channel>System</Channel>
<Computer>WIN-PTFPHFCRDJ0</Computer>
<Security UserID=""></Security>
</System>
<EventData><Data Name="param1">Windows Remote Management (WS-Management)</Data>
<Data Name="param2">stopped</Data>
<Binary>VwBpAG4AUgBNAC8AMQAAAA==</Binary>
</EventData>
</Event>

<Event xmlns="http://schemas.microsoft.com/win/2004/08/events/event"><System><Provider Name="Service Control Manager" Guid="{555908d1-a6d7-4695-8e1e-26931d2012f4}" EventSourceName="Service Control Manager"></Provider>
<EventID Qualifiers="16384">7036</EventID>
<Version>0</Version>
<Level>4</Level>
<Task>0</Task>
<Opcode>0</Opcode>
<Keywords>0x8080000000000000</Keywords>
<TimeCreated SystemTime="2020-10-26 14:36:21.610224"></TimeCreated>
<EventRecordID>1852</EventRecordID>
<Correlation ActivityID="" RelatedActivityID=""></Correlation>
<Execution ProcessID="824" ThreadID="3344"></Execution>
<Channel>System</Channel>
<Computer>WIN-PTFPHFCRDJ0</Computer>
<Security UserID=""></Security>
</System>
<EventData><Data Name="param1">State Repository Service</Data>
<Data Name="param2">stopped</Data>
<Binary>UwB0AGEAdABlAFIAZQBwAG8AcwBpAHQAbwByAHkALwAxAAAA</Binary>
</EventData>
</Event>

<Event xmlns="http://schemas.microsoft.com/win/2004/08/events/event"><System><Provider Name="Service Control Manager" Guid="{555908d1-a6d7-4695-8e1e-26931d2012f4}" EventSourceName="Service Control Manager"></Provider>
<EventID Qualifiers="16384">7036</EventID>
<Version>0</Version>
<Level>4</Level>
<Task>0</Task>
<Opcode>0</Opcode>
<Keywords>0x8080000000000000</Keywords>
<TimeCreated SystemTime="2020-10-26 14:36:21.672800"></TimeCreated>
<EventRecordID>1853</EventRecordID>
<Correlation ActivityID="" RelatedActivityID=""></Correlation>
<Execution ProcessID="824" ThreadID="3344"></Execution>
<Channel>System</Channel>
<Computer>WIN-PTFPHFCRDJ0</Computer>
<Security UserID=""></Security>
</System>
<EventData><Data Name="param1">Windows Connection Manager</Data>
<Data Name="param2">stopped</Data>
<Binary>VwBjAG0AcwB2AGMALwAxAAAA</Binary>
</EventData>
</Event>

<Event xmlns="http://schemas.microsoft.com/win/2004/08/events/event"><System><Provider Name="Service Control Manager" Guid="{555908d1-a6d7-4695-8e1e-26931d2012f4}" EventSourceName="Service Control Manager"></Provider>
<EventID Qualifiers="16384">7036</EventID>
<Version>0</Version>
<Level>4</Level>
<Task>0</Task>
<Opcode>0</Opcode>
<Keywords>0x8080000000000000</Keywords>
<TimeCreated SystemTime="2020-10-26 14:36:21.688953"></TimeCreated>
<EventRecordID>1854</EventRecordID>
<Correlation ActivityID="" RelatedActivityID=""></Correlation>
<Execution ProcessID="824" ThreadID="3344"></Execution>
<Channel>System</Channel>
<Computer>WIN-PTFPHFCRDJ0</Computer>
<Security UserID=""></Security>
</System>
<EventData><Data Name="param1">Windows Management Instrumentation</Data>
<Data Name="param2">stopped</Data>
<Binary>VwBpAG4AbQBnAG0AdAAvADEAAAA=</Binary>
</EventData>
</Event>

<Event xmlns="http://schemas.microsoft.com/win/2004/08/events/event"><System><Provider Name="Service Control Manager" Guid="{555908d1-a6d7-4695-8e1e-26931d2012f4}" EventSourceName="Service Control Manager"></Provider>
<EventID Qualifiers="16384">7036</EventID>
<Version>0</Version>
<Level>4</Level>
<Task>0</Task>
<Opcode>0</Opcode>
<Keywords>0x8080000000000000</Keywords>
<TimeCreated SystemTime="2020-10-26 14:36:21.703899"></TimeCreated>
<EventRecordID>1855</EventRecordID>
<Correlation ActivityID="" RelatedActivityID=""></Correlation>
<Execution ProcessID="824" ThreadID="3344"></Execution>
<Channel>System</Channel>
<Computer>WIN-PTFPHFCRDJ0</Computer>
<Security UserID=""></Security>
</System>
<EventData><Data Name="param1">Cryptographic Services</Data>
<Data Name="param2">stopped</Data>
<Binary>QwByAHkAcAB0AFMAdgBjAC8AMQAAAA==</Binary>
</EventData>
</Event>

<Event xmlns="http://schemas.microsoft.com/win/2004/08/events/event"><System><Provider Name="Service Control Manager" Guid="{555908d1-a6d7-4695-8e1e-26931d2012f4}" EventSourceName="Service Control Manager"></Provider>
<EventID Qualifiers="16384">7036</EventID>
<Version>0</Version>
<Level>4</Level>
<Task>0</Task>
<Opcode>0</Opcode>
<Keywords>0x8080000000000000</Keywords>
<TimeCreated SystemTime="2020-10-26 14:36:21.750763"></TimeCreated>
<EventRecordID>1856</EventRecordID>
<Correlation ActivityID="" RelatedActivityID=""></Correlation>
<Execution ProcessID="824" ThreadID="3344"></Execution>
<Channel>System</Channel>
<Computer>WIN-PTFPHFCRDJ0</Computer>
<Security UserID=""></Security>
</System>
<EventData><Data Name="param1">Task Scheduler</Data>
<Data Name="param2">stopped</Data>
<Binary>UwBjAGgAZQBkAHUAbABlAC8AMQAAAA==</Binary>
</EventData>
</Event>

<Event xmlns="http://schemas.microsoft.com/win/2004/08/events/event"><System><Provider Name="Service Control Manager" Guid="{555908d1-a6d7-4695-8e1e-26931d2012f4}" EventSourceName="Service Control Manager"></Provider>
<EventID Qualifiers="16384">7036</EventID>
<Version>0</Version>
<Level>4</Level>
<Task>0</Task>
<Opcode>0</Opcode>
<Keywords>0x8080000000000000</Keywords>
<TimeCreated SystemTime="2020-10-26 14:36:21.837641"></TimeCreated>
<EventRecordID>1857</EventRecordID>
<Correlation ActivityID="" RelatedActivityID=""></Correlation>
<Execution ProcessID="824" ThreadID="3344"></Execution>
<Channel>System</Channel>
<Computer>WIN-PTFPHFCRDJ0</Computer>
<Security UserID=""></Security>
</System>
<EventData><Data Name="param1">Windows Event Log</Data>
<Data Name="param2">stopped</Data>
<Binary>RQB2AGUAbgB0AEwAbwBnAC8AMQAAAA==</Binary>
</EventData>
</Event>

<Event xmlns="http://schemas.microsoft.com/win/2004/08/events/event"><System><Provider Name="Service Control Manager" Guid="{555908d1-a6d7-4695-8e1e-26931d2012f4}" EventSourceName="Service Control Manager"></Provider>
<EventID Qualifiers="16384">7036</EventID>
<Version>0</Version>
<Level>4</Level>
<Task>0</Task>
<Opcode>0</Opcode>
<Keywords>0x8080000000000000</Keywords>
<TimeCreated SystemTime="2020-10-26 14:36:21.860254"></TimeCreated>
<EventRecordID>1858</EventRecordID>
<Correlation ActivityID="" RelatedActivityID=""></Correlation>
<Execution ProcessID="824" ThreadID="3344"></Execution>
<Channel>System</Channel>
<Computer>WIN-PTFPHFCRDJ0</Computer>
<Security UserID=""></Security>
</System>
<EventData><Data Name="param1">SysMain</Data>
<Data Name="param2">stopped</Data>
<Binary>UwB5AHMATQBhAGkAbgAvADEAAAA=</Binary>
</EventData>
</Event>

<Event xmlns="http://schemas.microsoft.com/win/2004/08/events/event"><System><Provider Name="EventLog"></Provider>
<EventID Qualifiers="32768">6009</EventID>
<Level>4</Level>
<Task>0</Task>
<Keywords>0x0080000000000000</Keywords>
<TimeCreated SystemTime="2020-10-26 15:12:31.897654"></TimeCreated>
<EventRecordID>1859</EventRecordID>
<Channel>System</Channel>
<Computer>WIN-PTFPHFCRDJ0</Computer>
<Security UserID=""></Security>
</System>
<EventData><Data>&lt;string&gt;10.00.&lt;/string&gt;
&lt;string&gt;17763&lt;/string&gt;
&lt;string&gt;&lt;/string&gt;
&lt;string&gt;Multiprocessor Free&lt;/string&gt;
&lt;string&gt;0&lt;/string&gt;
</Data>
<Binary></Binary>
</EventData>
</Event>

<Event xmlns="http://schemas.microsoft.com/win/2004/08/events/event"><System><Provider Name="EventLog"></Provider>
<EventID Qualifiers="32768">6005</EventID>
<Level>4</Level>
<Task>0</Task>
<Keywords>0x0080000000000000</Keywords>
<TimeCreated SystemTime="2020-10-26 15:12:31.897654"></TimeCreated>
<EventRecordID>1860</EventRecordID>
<Channel>System</Channel>
<Computer>WIN-PTFPHFCRDJ0</Computer>
<Security UserID=""></Security>
</System>
<EventData><Data></Data>
<Binary>5AcKAAEAGgAPAAwAHwCBAwAAAAAAAAAA</Binary>
</EventData>
</Event>

<Event xmlns="http://schemas.microsoft.com/win/2004/08/events/event"><System><Provider Name="EventLog"></Provider>
<EventID Qualifiers="32768">6013</EventID>
<Level>4</Level>
<Task>0</Task>
<Keywords>0x0080000000000000</Keywords>
<TimeCreated SystemTime="2020-10-26 15:12:32.023684"></TimeCreated>
<EventRecordID>1861</EventRecordID>
<Channel>System</Channel>
<Computer>WIN-PTFPHFCRDJ0</Computer>
<Security UserID=""></Security>
</System>
<EventData><Data>&lt;string&gt;27&lt;/string&gt;
&lt;string&gt;&lt;/string&gt;
&lt;string&gt;27&lt;/string&gt;
&lt;string&gt;0&lt;/string&gt;
&lt;string&gt;-330 India Standard Time&lt;/string&gt;
</Data>
<Binary>MQAuADEAAAAwAAAAVwBpAG4AZABvAHcAcwAgAFMAZQByAHYAZQByACAAMgAwADEAOQAgAFMAdABhAG4AZABhAHIAZAAAADEAMAAuADAALgAxADcANwA2ADMAIABCAHUAaQBsAGQAIAAxADcANwA2ADMAIAAgAAAATQB1AGwAdABpAHAAcgBvAGMAZQBzAHMAbwByACAARgByAGUAZQAAADEANwA3ADYAMwAuAHIAcwA1AF8AcgBlAGwAZQBhAHMAZQAuADEAOAAwADkAMQA0AC0AMQA0ADMANAAAADUAZgA5ADEAZgAwAGYAZAAAAE4AbwB0ACAAQQB2AGEAaQBsAGEAYgBsAGUAAABOAG8AdAAgAEEAdgBhAGkAbABhAGIAbABlAAAAOQAAADEAAAAyADAANAA3AAAANAAwADkAAABXAEkATgAtAFAAVABGAFAASABGAEMAUgBEAEoAMAAAAAAA</Binary>
</EventData>
</Event>

<Event xmlns="http://schemas.microsoft.com/win/2004/08/events/event"><System><Provider Name="Service Control Manager" Guid="{555908d1-a6d7-4695-8e1e-26931d2012f4}" EventSourceName="Service Control Manager"></Provider>
<EventID Qualifiers="16384">7036</EventID>
<Version>0</Version>
<Level>4</Level>
<Task>0</Task>
<Opcode>0</Opcode>
<Keywords>0x8080000000000000</Keywords>
<TimeCreated SystemTime="2020-10-26 14:36:22.064987"></TimeCreated>
<EventRecordID>1862</EventRecordID>
<Correlation ActivityID="" RelatedActivityID=""></Correlation>
<Execution ProcessID="824" ThreadID="3344"></Execution>
<Channel>System</Channel>
<Computer>WIN-PTFPHFCRDJ0</Computer>
<Security UserID=""></Security>
</System>
<EventData><Data Name="param1">IKE and AuthIP IPsec Keying Modules</Data>
<Data Name="param2">stopped</Data>
<Binary>SQBLAEUARQBYAFQALwAxAAAA</Binary>
</EventData>
</Event>

<Event xmlns="http://schemas.microsoft.com/win/2004/08/events/event"><System><Provider Name="Service Control Manager" Guid="{555908d1-a6d7-4695-8e1e-26931d2012f4}" EventSourceName="Service Control Manager"></Provider>
<EventID Qualifiers="16384">7036</EventID>
<Version>0</Version>
<Level>4</Level>
<Task>0</Task>
<Opcode>0</Opcode>
<Keywords>0x8080000000000000</Keywords>
<TimeCreated SystemTime="2020-10-26 14:36:22.064987"></TimeCreated>
<EventRecordID>1863</EventRecordID>
<Correlation ActivityID="" RelatedActivityID=""></Correlation>
<Execution ProcessID="824" ThreadID="3344"></Execution>
<Channel>System</Channel>
<Computer>WIN-PTFPHFCRDJ0</Computer>
<Security UserID=""></Security>
</System>
<EventData><Data Name="param1">Remote Desktop Services</Data>
<Data Name="param2">stopped</Data>
<Binary>VABlAHIAbQBTAGUAcgB2AGkAYwBlAC8AMQAAAA==</Binary>
</EventData>
</Event>

<Event xmlns="http://schemas.microsoft.com/win/2004/08/events/event"><System><Provider Name="Service Control Manager" Guid="{555908d1-a6d7-4695-8e1e-26931d2012f4}" EventSourceName="Service Control Manager"></Provider>
<EventID Qualifiers="16384">7036</EventID>
<Version>0</Version>
<Level>4</Level>
<Task>0</Task>
<Opcode>0</Opcode>
<Keywords>0x8080000000000000</Keywords>
<TimeCreated SystemTime="2020-10-26 14:36:22.922832"></TimeCreated>
<EventRecordID>1864</EventRecordID>
<Correlation ActivityID="" RelatedActivityID=""></Correlation>
<Execution ProcessID="824" ThreadID="3344"></Execution>
<Channel>System</Channel>
<Computer>WIN-PTFPHFCRDJ0</Computer>
<Security UserID=""></Security>
</System>
<EventData><Data Name="param1">Diagnostic Policy Service</Data>
<Data Name="param2">stopped</Data>
<Binary>RABQAFMALwAxAAAA</Binary>
</EventData>
</Event>

<Event xmlns="http://schemas.microsoft.com/win/2004/08/events/event"><System><Provider Name="Service Control Manager" Guid="{555908d1-a6d7-4695-8e1e-26931d2012f4}" EventSourceName="Service Control Manager"></Provider>
<EventID Qualifiers="16384">7036</EventID>
<Version>0</Version>
<Level>4</Level>
<Task>0</Task>
<Opcode>0</Opcode>
<Keywords>0x8080000000000000</Keywords>
<TimeCreated SystemTime="2020-10-26 14:36:23.375776"></TimeCreated>
<EventRecordID>1865</EventRecordID>
<Correlation ActivityID="" RelatedActivityID=""></Correlation>
<Execution ProcessID="824" ThreadID="3344"></Execution>
<Channel>System</Channel>
<Computer>WIN-PTFPHFCRDJ0</Computer>
<Security UserID=""></Security>
</System>
<EventData><Data Name="param1">Windows Defender Antivirus Service</Data>
<Data Name="param2">stopped</Data>
<Binary>VwBpAG4ARABlAGYAZQBuAGQALwAxAAAA</Binary>
</EventData>
</Event>

<Event xmlns="http://schemas.microsoft.com/win/2004/08/events/event"><System><Provider Name="Microsoft-Windows-Kernel-Power" Guid="{331c3b3a-2005-44c2-ac5e-77220c37d6b4}"></Provider>
<EventID Qualifiers="">109</EventID>
<Version>0</Version>
<Level>4</Level>
<Task>103</Task>
<Opcode>0</Opcode>
<Keywords>0x8000400000000404</Keywords>
<TimeCreated SystemTime="2020-10-26 14:36:23.506441"></TimeCreated>
<EventRecordID>1866</EventRecordID>
<Correlation ActivityID="" RelatedActivityID=""></Correlation>
<Execution ProcessID="744" ThreadID="748"></Execution>
<Channel>System</Channel>
<Computer>WIN-PTFPHFCRDJ0</Computer>
<Security UserID=""></Security>
</System>
<EventData><Data Name="ShutdownActionType">6</Data>
<Data Name="ShutdownEventCode">0</Data>
<Data Name="ShutdownReason">5</Data>
</EventData>
</Event>

<Event xmlns="http://schemas.microsoft.com/win/2004/08/events/event"><System><Provider Name="Microsoft-Windows-Kernel-Power" Guid="{331c3b3a-2005-44c2-ac5e-77220c37d6b4}"></Provider>
<EventID Qualifiers="">109</EventID>
<Version>0</Version>
<Level>4</Level>
<Task>103</Task>
<Opcode>0</Opcode>
<Keywords>0x8000400000000404</Keywords>
<TimeCreated SystemTime="2020-10-26 14:36:23.506443"></TimeCreated>
<EventRecordID>1867</EventRecordID>
<Correlation ActivityID="" RelatedActivityID=""></Correlation>
<Execution ProcessID="744" ThreadID="748"></Execution>
<Channel>System</Channel>
<Computer>WIN-PTFPHFCRDJ0</Computer>
<Security UserID=""></Security>
</System>
<EventData><Data Name="ShutdownActionType">6</Data>
<Data Name="ShutdownEventCode">0</Data>
<Data Name="ShutdownReason">5</Data>
</EventData>
</Event>

<Event xmlns="http://schemas.microsoft.com/win/2004/08/events/event"><System><Provider Name="Microsoft-Windows-Kernel-General" Guid="{a68ca8b7-004f-d7b6-a698-07e2de0f1f5d}"></Provider>
<EventID Qualifiers="">13</EventID>
<Version>0</Version>
<Level>4</Level>
<Task>2</Task>
<Opcode>0</Opcode>
<Keywords>0x8000000000000080</Keywords>
<TimeCreated SystemTime="2020-10-26 14:36:24.064198"></TimeCreated>
<EventRecordID>1868</EventRecordID>
<Correlation ActivityID="" RelatedActivityID=""></Correlation>
<Execution ProcessID="4" ThreadID="1932"></Execution>
<Channel>System</Channel>
<Computer>WIN-PTFPHFCRDJ0</Computer>
<Security UserID=""></Security>
</System>
<EventData><Data Name="StopTime">2020-10-26 14:36:24.064194</Data>
</EventData>
</Event>

<Event xmlns="http://schemas.microsoft.com/win/2004/08/events/event"><System><Provider Name="Microsoft-Windows-Kernel-General" Guid="{a68ca8b7-004f-d7b6-a698-07e2de0f1f5d}"></Provider>
<EventID Qualifiers="">12</EventID>
<Version>0</Version>
<Level>4</Level>
<Task>1</Task>
<Opcode>0</Opcode>
<Keywords>0x8000000000000080</Keywords>
<TimeCreated SystemTime="2020-10-26 15:12:04.637972"></TimeCreated>
<EventRecordID>1869</EventRecordID>
<Correlation ActivityID="" RelatedActivityID=""></Correlation>
<Execution ProcessID="4" ThreadID="8"></Execution>
<Channel>System</Channel>
<Computer>WIN-PTFPHFCRDJ0</Computer>
<Security UserID="S-1-5-18"></Security>
</System>
<EventData><Data Name="MajorVersion">10</Data>
<Data Name="MinorVersion">0</Data>
<Data Name="BuildVersion">17763</Data>
<Data Name="QfeVersion">107</Data>
<Data Name="ServiceVersion">0</Data>
<Data Name="BootMode">0</Data>
<Data Name="StartTime">2020-10-26 15:12:04.500000</Data>
</EventData>
</Event>

<Event xmlns="http://schemas.microsoft.com/win/2004/08/events/event"><System><Provider Name="Microsoft-Windows-Kernel-Boot" Guid="{15ca44ff-4d7a-4baa-bba5-0998955e531e}"></Provider>
<EventID Qualifiers="">153</EventID>
<Version>0</Version>
<Level>4</Level>
<Task>62</Task>
<Opcode>0</Opcode>
<Keywords>0x8000000000000000</Keywords>
<TimeCreated SystemTime="2020-10-26 15:12:04.638008"></TimeCreated>
<EventRecordID>1870</EventRecordID>
<Correlation ActivityID="" RelatedActivityID=""></Correlation>
<Execution ProcessID="4" ThreadID="8"></Execution>
<Channel>System</Channel>
<Computer>WIN-PTFPHFCRDJ0</Computer>
<Security UserID="S-1-5-18"></Security>
</System>
<EventData><Data Name="Status">0</Data>
<Data Name="EnableDisableReason">0</Data>
<Data Name="VsmPolicy">0</Data>
</EventData>
</Event>

<Event xmlns="http://schemas.microsoft.com/win/2004/08/events/event"><System><Provider Name="Microsoft-Windows-Kernel-Boot" Guid="{15ca44ff-4d7a-4baa-bba5-0998955e531e}"></Provider>
<EventID Qualifiers="">20</EventID>
<Version>1</Version>
<Level>4</Level>
<Task>31</Task>
<Opcode>0</Opcode>
<Keywords>0x8000000000000000</Keywords>
<TimeCreated SystemTime="2020-10-26 15:12:04.638115"></TimeCreated>
<EventRecordID>1871</EventRecordID>
<Correlation ActivityID="" RelatedActivityID=""></Correlation>
<Execution ProcessID="4" ThreadID="8"></Execution>
<Channel>System</Channel>
<Computer>WIN-PTFPHFCRDJ0</Computer>
<Security UserID="S-1-5-18"></Security>
</System>
<EventData><Data Name="LastShutdownGood">True</Data>
<Data Name="LastBootGood">True</Data>
<Data Name="LastBootId">8</Data>
<Data Name="BootStatusPolicy">2</Data>
</EventData>
</Event>

<Event xmlns="http://schemas.microsoft.com/win/2004/08/events/event"><System><Provider Name="Microsoft-Windows-Kernel-Boot" Guid="{15ca44ff-4d7a-4baa-bba5-0998955e531e}"></Provider>
<EventID Qualifiers="">25</EventID>
<Version>0</Version>
<Level>4</Level>
<Task>32</Task>
<Opcode>0</Opcode>
<Keywords>0x8000000000000000</Keywords>
<TimeCreated SystemTime="2020-10-26 15:12:04.638144"></TimeCreated>
<EventRecordID>1872</EventRecordID>
<Correlation ActivityID="" RelatedActivityID=""></Correlation>
<Execution ProcessID="4" ThreadID="8"></Execution>
<Channel>System</Channel>
<Computer>WIN-PTFPHFCRDJ0</Computer>
<Security UserID="S-1-5-18"></Security>
</System>
<EventData><Data Name="BootMenuPolicy">0</Data>
</EventData>
</Event>

<Event xmlns="http://schemas.microsoft.com/win/2004/08/events/event"><System><Provider Name="Microsoft-Windows-Kernel-Boot" Guid="{15ca44ff-4d7a-4baa-bba5-0998955e531e}"></Provider>
<EventID Qualifiers="">27</EventID>
<Version>1</Version>
<Level>4</Level>
<Task>33</Task>
<Opcode>0</Opcode>
<Keywords>0x8000000000000000</Keywords>
<TimeCreated SystemTime="2020-10-26 15:12:04.638144"></TimeCreated>
<EventRecordID>1873</EventRecordID>
<Correlation ActivityID="" RelatedActivityID=""></Correlation>
<Execution ProcessID="4" ThreadID="8"></Execution>
<Channel>System</Channel>
<Computer>WIN-PTFPHFCRDJ0</Computer>
<Security UserID="S-1-5-18"></Security>
</System>
<EventData><Data Name="BootType">0</Data>
<Data Name="LoadOptions"> NOEXECUTE=OPTOUT</Data>
</EventData>
</Event>

<Event xmlns="http://schemas.microsoft.com/win/2004/08/events/event"><System><Provider Name="Microsoft-Windows-Kernel-Boot" Guid="{15ca44ff-4d7a-4baa-bba5-0998955e531e}"></Provider>
<EventID Qualifiers="">18</EventID>
<Version>0</Version>
<Level>4</Level>
<Task>57</Task>
<Opcode>0</Opcode>
<Keywords>0x8000000000000000</Keywords>
<TimeCreated SystemTime="2020-10-26 15:12:04.638161"></TimeCreated>
<EventRecordID>1874</EventRecordID>
<Correlation ActivityID="" RelatedActivityID=""></Correlation>
<Execution ProcessID="4" ThreadID="8"></Execution>
<Channel>System</Channel>
<Computer>WIN-PTFPHFCRDJ0</Computer>
<Security UserID="S-1-5-18"></Security>
</System>
<EventData><Data Name="EntryCount">1</Data>
</EventData>
</Event>

<Event xmlns="http://schemas.microsoft.com/win/2004/08/events/event"><System><Provider Name="Microsoft-Windows-Kernel-Boot" Guid="{15ca44ff-4d7a-4baa-bba5-0998955e531e}"></Provider>
<EventID Qualifiers="">32</EventID>
<Version>0</Version>
<Level>4</Level>
<Task>58</Task>
<Opcode>0</Opcode>
<Keywords>0x8000000000000000</Keywords>
<TimeCreated SystemTime="2020-10-26 15:12:04.638178"></TimeCreated>
<EventRecordID>1875</EventRecordID>
<Correlation ActivityID="" RelatedActivityID=""></Correlation>
<Execution ProcessID="4" ThreadID="8"></Execution>
<Channel>System</Channel>
<Computer>WIN-PTFPHFCRDJ0</Computer>
<Security UserID="S-1-5-18"></Security>
</System>
<EventData><Data Name="BitlockerUserInputTime">0</Data>
</EventData>
</Event>

<Event xmlns="http://schemas.microsoft.com/win/2004/08/events/event"><System><Provider Name="Microsoft-Windows-Kernel-General" Guid="{a68ca8b7-004f-d7b6-a698-07e2de0f1f5d}"></Provider>
<EventID Qualifiers="">20</EventID>
<Version>0</Version>
<Level>4</Level>
<Task>6</Task>
<Opcode>0</Opcode>
<Keywords>0x8000000000000010</Keywords>
<TimeCreated SystemTime="2020-10-26 15:12:04.639406"></TimeCreated>
<EventRecordID>1876</EventRecordID>
<Correlation ActivityID="" RelatedActivityID=""></Correlation>
<Execution ProcessID="4" ThreadID="8"></Execution>
<Channel>System</Channel>
<Computer>WIN-PTFPHFCRDJ0</Computer>
<Security UserID="S-1-5-18"></Security>
</System>
<EventData><Data Name="UpdateReason">0</Data>
<Data Name="EnabledNew">True</Data>
<Data Name="CountNew">0</Data>
<Data Name="CountOld">0</Data>
</EventData>
</Event>

<Event xmlns="http://schemas.microsoft.com/win/2004/08/events/event"><System><Provider Name="vmci"></Provider>
<EventID Qualifiers="16392">3</EventID>
<Level>4</Level>
<Task>0</Task>
<Keywords>0x0080000000000000</Keywords>
<TimeCreated SystemTime="2020-10-26 15:12:06.528250"></TimeCreated>
<EventRecordID>1877</EventRecordID>
<Channel>System</Channel>
<Computer>WIN-PTFPHFCRDJ0</Computer>
<Security UserID=""></Security>
</System>
<EventData><Data>&lt;string&gt;VMCI: Using capabilities (0x1c).
&lt;/string&gt;
&lt;string&gt;&lt;/string&gt;
</Data>
<Binary>AAAAAAIAKAAAAAAAAwAIQAMACEAAAAAAAAAAAAAAAAAAAAAAAAAAAA==</Binary>
</EventData>
</Event>

<Event xmlns="http://schemas.microsoft.com/win/2004/08/events/event"><System><Provider Name="Microsoft-Windows-FilterManager" Guid="{f3c5e28e-63f6-49c7-a204-e48a1bc4b09d}"></Provider>
<EventID Qualifiers="">6</EventID>
<Version>0</Version>
<Level>4</Level>
<Task>0</Task>
<Opcode>0</Opcode>
<Keywords>0x8000000000000000</Keywords>
<TimeCreated SystemTime="2020-10-26 15:12:06.887890"></TimeCreated>
<EventRecordID>1878</EventRecordID>
<Correlation ActivityID="" RelatedActivityID=""></Correlation>
<Execution ProcessID="4" ThreadID="8"></Execution>
<Channel>System</Channel>
<Computer>WIN-PTFPHFCRDJ0</Computer>
<Security UserID="S-1-5-18"></Security>
</System>
<EventData><Data Name="FinalStatus">0x00000000</Data>
<Data Name="DeviceVersionMajor">10</Data>
<Data Name="DeviceVersionMinor">0</Data>
<Data Name="DeviceNameLength">3</Data>
<Data Name="DeviceName">Wof</Data>
<Data Name="DeviceTime">1988-11-15 05:06:29</Data>
</EventData>
</Event>

<Event xmlns="http://schemas.microsoft.com/win/2004/08/events/event"><System><Provider Name="Microsoft-Windows-FilterManager" Guid="{f3c5e28e-63f6-49c7-a204-e48a1bc4b09d}"></Provider>
<EventID Qualifiers="">6</EventID>
<Version>0</Version>
<Level>4</Level>
<Task>0</Task>
<Opcode>0</Opcode>
<Keywords>0x8000000000000000</Keywords>
<TimeCreated SystemTime="2020-10-26 15:12:06.888346"></TimeCreated>
<EventRecordID>1879</EventRecordID>
<Correlation ActivityID="" RelatedActivityID=""></Correlation>
<Execution ProcessID="4" ThreadID="8"></Execution>
<Channel>System</Channel>
<Computer>WIN-PTFPHFCRDJ0</Computer>
<Security UserID="S-1-5-18"></Security>
</System>
<EventData><Data Name="FinalStatus">0x00000000</Data>
<Data Name="DeviceVersionMajor">10</Data>
<Data Name="DeviceVersionMinor">0</Data>
<Data Name="DeviceNameLength">8</Data>
<Data Name="DeviceName">WdFilter</Data>
<Data Name="DeviceTime">2098-06-20 17:28:38</Data>
</EventData>
</Event>

<Event xmlns="http://schemas.microsoft.com/win/2004/08/events/event"><System><Provider Name="Microsoft-Windows-Ntfs" Guid="{3ff37a1c-a68d-4d6e-8c9b-f79e8b16c482}"></Provider>
<EventID Qualifiers="">98</EventID>
<Version>0</Version>
<Level>4</Level>
<Task>0</Task>
<Opcode>0</Opcode>
<Keywords>0x8000000000000002</Keywords>
<TimeCreated SystemTime="2020-10-26 15:12:07.144762"></TimeCreated>
<EventRecordID>1880</EventRecordID>
<Correlation ActivityID="" RelatedActivityID=""></Correlation>
<Execution ProcessID="4" ThreadID="428"></Execution>
<Channel>System</Channel>
<Computer>WIN-PTFPHFCRDJ0</Computer>
<Security UserID="S-1-5-18"></Security>
</System>
<EventData><Data Name="DriveName">C:</Data>
<Data Name="DeviceName">\Device\HarddiskVolume3</Data>
<Data Name="CorruptionActionState">0</Data>
</EventData>
</Event>

<Event xmlns="http://schemas.microsoft.com/win/2004/08/events/event"><System><Provider Name="Microsoft-Windows-FilterManager" Guid="{f3c5e28e-63f6-49c7-a204-e48a1bc4b09d}"></Provider>
<EventID Qualifiers="">6</EventID>
<Version>0</Version>
<Level>4</Level>
<Task>0</Task>
<Opcode>0</Opcode>
<Keywords>0x8000000000000000</Keywords>
<TimeCreated SystemTime="2020-10-26 15:12:07.797348"></TimeCreated>
<EventRecordID>1881</EventRecordID>
<Correlation ActivityID="" RelatedActivityID=""></Correlation>
<Execution ProcessID="4" ThreadID="8"></Execution>
<Channel>System</Channel>
<Computer>WIN-PTFPHFCRDJ0</Computer>
<Security UserID="S-1-5-18"></Security>
</System>
<EventData><Data Name="FinalStatus">0x00000000</Data>
<Data Name="DeviceVersionMajor">10</Data>
<Data Name="DeviceVersionMinor">0</Data>
<Data Name="DeviceNameLength">9</Data>
<Data Name="DeviceName">FileCrypt</Data>
<Data Name="DeviceTime">2034-08-13 20:00:12</Data>
</EventData>
</Event>

