<Event xmlns="http://schemas.microsoft.com/win/2004/08/events/event"><System><Provider Name="Service Control Manager" Guid="{555908d1-a6d7-4695-8e1e-26931d2012f4}" EventSourceName="Service Control Manager"></Provider>
<EventID Qualifiers="16384">7040</EventID>
<Version>0</Version>
<Level>4</Level>
<Task>0</Task>
<Opcode>0</Opcode>
<Keywords>0x8080000000000000</Keywords>
<TimeCreated SystemTime="2020-10-24 22:25:03.796787"></TimeCreated>
<EventRecordID>1537</EventRecordID>
<Correlation ActivityID="" RelatedActivityID=""></Correlation>
<Execution ProcessID="828" ThreadID="3036"></Execution>
<Channel>System</Channel>
<Computer>WIN-PTFPHFCRDJ0</Computer>
<Security UserID="S-1-5-18"></Security>
</System>
<EventData><Data Name="param1">Background Intelligent Transfer Service</Data>
<Data Name="param2">auto start</Data>
<Data Name="param3">demand start</Data>
<Data Name="param4">BITS</Data>
</EventData>
</Event>

<Event xmlns="http://schemas.microsoft.com/win/2004/08/events/event"><System><Provider Name="Service Control Manager" Guid="{555908d1-a6d7-4695-8e1e-26931d2012f4}" EventSourceName="Service Control Manager"></Provider>
<EventID Qualifiers="16384">7036</EventID>
<Version>0</Version>
<Level>4</Level>
<Task>0</Task>
<Opcode>0</Opcode>
<Keywords>0x8080000000000000</Keywords>
<TimeCreated SystemTime="2020-10-24 22:25:04.093864"></TimeCreated>
<EventRecordID>1538</EventRecordID>
<Correlation ActivityID="" RelatedActivityID=""></Correlation>
<Execution ProcessID="828" ThreadID="3036"></Execution>
<Channel>System</Channel>
<Computer>WIN-PTFPHFCRDJ0</Computer>
<Security UserID=""></Security>
</System>
<EventData><Data Name="param1">Background Intelligent Transfer Service</Data>
<Data Name="param2">stopped</Data>
<Binary>QgBJAFQAUwAvADEAAAA=</Binary>
</EventData>
</Event>

<Event xmlns="http://schemas.microsoft.com/win/2004/08/events/event"><System><Provider Name="Service Control Manager" Guid="{555908d1-a6d7-4695-8e1e-26931d2012f4}" EventSourceName="Service Control Manager"></Provider>
<EventID Qualifiers="16384">7036</EventID>
<Version>0</Version>
<Level>4</Level>
<Task>0</Task>
<Opcode>0</Opcode>
<Keywords>0x8080000000000000</Keywords>
<TimeCreated SystemTime="2020-10-24 22:25:17.733261"></TimeCreated>
<EventRecordID>1539</EventRecordID>
<Correlation ActivityID="" RelatedActivityID=""></Correlation>
<Execution ProcessID="828" ThreadID="3292"></Execution>
<Channel>System</Channel>
<Computer>WIN-PTFPHFCRDJ0</Computer>
<Security UserID=""></Security>
</System>
<EventData><Data Name="param1">Software Protection</Data>
<Data Name="param2">stopped</Data>
<Binary>cwBwAHAAcwB2AGMALwAxAAAA</Binary>
</EventData>
</Event>

<Event xmlns="http://schemas.microsoft.com/win/2004/08/events/event"><System><Provider Name="Service Control Manager" Guid="{555908d1-a6d7-4695-8e1e-26931d2012f4}" EventSourceName="Service Control Manager"></Provider>
<EventID Qualifiers="16384">7036</EventID>
<Version>0</Version>
<Level>4</Level>
<Task>0</Task>
<Opcode>0</Opcode>
<Keywords>0x8080000000000000</Keywords>
<TimeCreated SystemTime="2020-10-24 22:26:11.640190"></TimeCreated>
<EventRecordID>1540</EventRecordID>
<Correlation ActivityID="" RelatedActivityID=""></Correlation>
<Execution ProcessID="828" ThreadID="3256"></Execution>
<Channel>System</Channel>
<Computer>WIN-PTFPHFCRDJ0</Computer>
<Security UserID=""></Security>
</System>
<EventData><Data Name="param1">Network Setup Service</Data>
<Data Name="param2">running</Data>
<Binary>TgBlAHQAUwBlAHQAdQBwAFMAdgBjAC8ANAAAAA==</Binary>
</EventData>
</Event>

<Event xmlns="http://schemas.microsoft.com/win/2004/08/events/event"><System><Provider Name="Service Control Manager" Guid="{555908d1-a6d7-4695-8e1e-26931d2012f4}" EventSourceName="Service Control Manager"></Provider>
<EventID Qualifiers="16384">7036</EventID>
<Version>0</Version>
<Level>4</Level>
<Task>0</Task>
<Opcode>0</Opcode>
<Keywords>0x8080000000000000</Keywords>
<TimeCreated SystemTime="2020-10-24 22:26:42.839758"></TimeCreated>
<EventRecordID>1541</EventRecordID>
<Correlation ActivityID="" RelatedActivityID=""></Correlation>
<Execution ProcessID="828" ThreadID="3292"></Execution>
<Channel>System</Channel>
<Computer>WIN-PTFPHFCRDJ0</Computer>
<Security UserID=""></Security>
</System>
<EventData><Data Name="param1">Function Discovery Provider Host</Data>
<Data Name="param2">running</Data>
<Binary>ZgBkAFAASABvAHMAdAAvADQAAAA=</Binary>
</EventData>
</Event>

<Event xmlns="http://schemas.microsoft.com/win/2004/08/events/event"><System><Provider Name="Service Control Manager" Guid="{555908d1-a6d7-4695-8e1e-26931d2012f4}" EventSourceName="Service Control Manager"></Provider>
<EventID Qualifiers="16384">7036</EventID>
<Version>0</Version>
<Level>4</Level>
<Task>0</Task>
<Opcode>0</Opcode>
<Keywords>0x8080000000000000</Keywords>
<TimeCreated SystemTime="2020-10-24 22:26:45.526466"></TimeCreated>
<EventRecordID>1542</EventRecordID>
<Correlation ActivityID="" RelatedActivityID=""></Correlation>
<Execution ProcessID="828" ThreadID="3292"></Execution>
<Channel>System</Channel>
<Computer>WIN-PTFPHFCRDJ0</Computer>
<Security UserID=""></Security>
</System>
<EventData><Data Name="param1">Device Association Service</Data>
<Data Name="param2">running</Data>
<Binary>RABlAHYAaQBjAGUAQQBzAHMAbwBjAGkAYQB0AGkAbwBuAFMAZQByAHYAaQBjAGUALwA0AAAA</Binary>
</EventData>
</Event>

<Event xmlns="http://schemas.microsoft.com/win/2004/08/events/event"><System><Provider Name="Service Control Manager" Guid="{555908d1-a6d7-4695-8e1e-26931d2012f4}" EventSourceName="Service Control Manager"></Provider>
<EventID Qualifiers="16384">7036</EventID>
<Version>0</Version>
<Level>4</Level>
<Task>0</Task>
<Opcode>0</Opcode>
<Keywords>0x8080000000000000</Keywords>
<TimeCreated SystemTime="2020-10-24 22:27:44.531544"></TimeCreated>
<EventRecordID>1543</EventRecordID>
<Correlation ActivityID="" RelatedActivityID=""></Correlation>
<Execution ProcessID="828" ThreadID="3256"></Execution>
<Channel>System</Channel>
<Computer>WIN-PTFPHFCRDJ0</Computer>
<Security UserID=""></Security>
</System>
<EventData><Data Name="param1">Network Setup Service</Data>
<Data Name="param2">stopped</Data>
<Binary>TgBlAHQAUwBlAHQAdQBwAFMAdgBjAC8AMQAAAA==</Binary>
</EventData>
</Event>

<Event xmlns="http://schemas.microsoft.com/win/2004/08/events/event"><System><Provider Name="Service Control Manager" Guid="{555908d1-a6d7-4695-8e1e-26931d2012f4}" EventSourceName="Service Control Manager"></Provider>
<EventID Qualifiers="16384">7036</EventID>
<Version>0</Version>
<Level>4</Level>
<Task>0</Task>
<Opcode>0</Opcode>
<Keywords>0x8080000000000000</Keywords>
<TimeCreated SystemTime="2020-10-24 22:28:00.748014"></TimeCreated>
<EventRecordID>1544</EventRecordID>
<Correlation ActivityID="" RelatedActivityID=""></Correlation>
<Execution ProcessID="828" ThreadID="3040"></Execution>
<Channel>System</Channel>
<Computer>WIN-PTFPHFCRDJ0</Computer>
<Security UserID=""></Security>
</System>
<EventData><Data Name="param1">Program Compatibility Assistant Service</Data>
<Data Name="param2">running</Data>
<Binary>UABjAGEAUwB2AGMALwA0AAAA</Binary>
</EventData>
</Event>

<Event xmlns="http://schemas.microsoft.com/win/2004/08/events/event"><System><Provider Name="Service Control Manager" Guid="{555908d1-a6d7-4695-8e1e-26931d2012f4}" EventSourceName="Service Control Manager"></Provider>
<EventID Qualifiers="16384">7036</EventID>
<Version>0</Version>
<Level>4</Level>
<Task>0</Task>
<Opcode>0</Opcode>
<Keywords>0x8080000000000000</Keywords>
<TimeCreated SystemTime="2020-10-24 22:28:15.546909"></TimeCreated>
<EventRecordID>1545</EventRecordID>
<Correlation ActivityID="" RelatedActivityID=""></Correlation>
<Execution ProcessID="828" ThreadID="3040"></Execution>
<Channel>System</Channel>
<Computer>WIN-PTFPHFCRDJ0</Computer>
<Security UserID=""></Security>
</System>
<EventData><Data Name="param1">Device Association Service</Data>
<Data Name="param2">stopped</Data>
<Binary>RABlAHYAaQBjAGUAQQBzAHMAbwBjAGkAYQB0AGkAbwBuAFMAZQByAHYAaQBjAGUALwAxAAAA</Binary>
</EventData>
</Event>

<Event xmlns="http://schemas.microsoft.com/win/2004/08/events/event"><System><Provider Name="Service Control Manager" Guid="{555908d1-a6d7-4695-8e1e-26931d2012f4}" EventSourceName="Service Control Manager"></Provider>
<EventID Qualifiers="16384">7036</EventID>
<Version>0</Version>
<Level>4</Level>
<Task>0</Task>
<Opcode>0</Opcode>
<Keywords>0x8080000000000000</Keywords>
<TimeCreated SystemTime="2020-10-24 22:29:21.809795"></TimeCreated>
<EventRecordID>1546</EventRecordID>
<Correlation ActivityID="" RelatedActivityID=""></Correlation>
<Execution ProcessID="828" ThreadID="3040"></Execution>
<Channel>System</Channel>
<Computer>WIN-PTFPHFCRDJ0</Computer>
<Security UserID=""></Security>
</System>
<EventData><Data Name="param1">Windows Modules Installer</Data>
<Data Name="param2">running</Data>
<Binary>VAByAHUAcwB0AGUAZABJAG4AcwB0AGEAbABsAGUAcgAvADQAAAA=</Binary>
</EventData>
</Event>

<Event xmlns="http://schemas.microsoft.com/win/2004/08/events/event"><System><Provider Name="Service Control Manager" Guid="{555908d1-a6d7-4695-8e1e-26931d2012f4}" EventSourceName="Service Control Manager"></Provider>
<EventID Qualifiers="16384">7036</EventID>
<Version>0</Version>
<Level>4</Level>
<Task>0</Task>
<Opcode>0</Opcode>
<Keywords>0x8080000000000000</Keywords>
<TimeCreated SystemTime="2020-10-24 22:29:30.307671"></TimeCreated>
<EventRecordID>1547</EventRecordID>
<Correlation ActivityID="" RelatedActivityID=""></Correlation>
<Execution ProcessID="828" ThreadID="3292"></Execution>
<Channel>System</Channel>
<Computer>WIN-PTFPHFCRDJ0</Computer>
<Security UserID=""></Security>
</System>
<EventData><Data Name="param1">Software Protection</Data>
<Data Name="param2">running</Data>
<Binary>cwBwAHAAcwB2AGMALwA0AAAA</Binary>
</EventData>
</Event>

<Event xmlns="http://schemas.microsoft.com/win/2004/08/events/event"><System><Provider Name="Service Control Manager" Guid="{555908d1-a6d7-4695-8e1e-26931d2012f4}" EventSourceName="Service Control Manager"></Provider>
<EventID Qualifiers="16384">7036</EventID>
<Version>0</Version>
<Level>4</Level>
<Task>0</Task>
<Opcode>0</Opcode>
<Keywords>0x8080000000000000</Keywords>
<TimeCreated SystemTime="2020-10-24 22:29:31.948517"></TimeCreated>
<EventRecordID>1548</EventRecordID>
<Correlation ActivityID="" RelatedActivityID=""></Correlation>
<Execution ProcessID="828" ThreadID="3040"></Execution>
<Channel>System</Channel>
<Computer>WIN-PTFPHFCRDJ0</Computer>
<Security UserID=""></Security>
</System>
<EventData><Data Name="param1">Remote Registry</Data>
<Data Name="param2">stopped</Data>
<Binary>UgBlAG0AbwB0AGUAUgBlAGcAaQBzAHQAcgB5AC8AMQAAAA==</Binary>
</EventData>
</Event>

<Event xmlns="http://schemas.microsoft.com/win/2004/08/events/event"><System><Provider Name="Service Control Manager" Guid="{555908d1-a6d7-4695-8e1e-26931d2012f4}" EventSourceName="Service Control Manager"></Provider>
<EventID Qualifiers="16384">7036</EventID>
<Version>0</Version>
<Level>4</Level>
<Task>0</Task>
<Opcode>0</Opcode>
<Keywords>0x8080000000000000</Keywords>
<TimeCreated SystemTime="2020-10-24 22:29:34.449699"></TimeCreated>
<EventRecordID>1549</EventRecordID>
<Correlation ActivityID="" RelatedActivityID=""></Correlation>
<Execution ProcessID="828" ThreadID="3292"></Execution>
<Channel>System</Channel>
<Computer>WIN-PTFPHFCRDJ0</Computer>
<Security UserID=""></Security>
</System>
<EventData><Data Name="param1">Microsoft Storage Spaces SMP</Data>
<Data Name="param2">running</Data>
<Binary>cwBtAHAAaABvAHMAdAAvADQAAAA=</Binary>
</EventData>
</Event>

<Event xmlns="http://schemas.microsoft.com/win/2004/08/events/event"><System><Provider Name="Service Control Manager" Guid="{555908d1-a6d7-4695-8e1e-26931d2012f4}" EventSourceName="Service Control Manager"></Provider>
<EventID Qualifiers="16384">7036</EventID>
<Version>0</Version>
<Level>4</Level>
<Task>0</Task>
<Opcode>0</Opcode>
<Keywords>0x8080000000000000</Keywords>
<TimeCreated SystemTime="2020-10-24 22:29:46.260086"></TimeCreated>
<EventRecordID>1550</EventRecordID>
<Correlation ActivityID="" RelatedActivityID=""></Correlation>
<Execution ProcessID="828" ThreadID="3256"></Execution>
<Channel>System</Channel>
<Computer>WIN-PTFPHFCRDJ0</Computer>
<Security UserID=""></Security>
</System>
<EventData><Data Name="param1">Windows Biometric Service</Data>
<Data Name="param2">running</Data>
<Binary>VwBiAGkAbwBTAHIAdgBjAC8ANAAAAA==</Binary>
</EventData>
</Event>

<Event xmlns="http://schemas.microsoft.com/win/2004/08/events/event"><System><Provider Name="Service Control Manager" Guid="{555908d1-a6d7-4695-8e1e-26931d2012f4}" EventSourceName="Service Control Manager"></Provider>
<EventID Qualifiers="16384">7036</EventID>
<Version>0</Version>
<Level>4</Level>
<Task>0</Task>
<Opcode>0</Opcode>
<Keywords>0x8080000000000000</Keywords>
<TimeCreated SystemTime="2020-10-24 22:29:46.731747"></TimeCreated>
<EventRecordID>1551</EventRecordID>
<Correlation ActivityID="" RelatedActivityID=""></Correlation>
<Execution ProcessID="828" ThreadID="3040"></Execution>
<Channel>System</Channel>
<Computer>WIN-PTFPHFCRDJ0</Computer>
<Security UserID=""></Security>
</System>
<EventData><Data Name="param1">Client License Service (ClipSVC)</Data>
<Data Name="param2">stopped</Data>
<Binary>QwBsAGkAcABTAFYAQwAvADEAAAA=</Binary>
</EventData>
</Event>

<Event xmlns="http://schemas.microsoft.com/win/2004/08/events/event"><System><Provider Name="Service Control Manager" Guid="{555908d1-a6d7-4695-8e1e-26931d2012f4}" EventSourceName="Service Control Manager"></Provider>
<EventID Qualifiers="16384">7036</EventID>
<Version>0</Version>
<Level>4</Level>
<Task>0</Task>
<Opcode>0</Opcode>
<Keywords>0x8080000000000000</Keywords>
<TimeCreated SystemTime="2020-10-24 22:29:59.619627"></TimeCreated>
<EventRecordID>1552</EventRecordID>
<Correlation ActivityID="" RelatedActivityID=""></Correlation>
<Execution ProcessID="828" ThreadID="3256"></Execution>
<Channel>System</Channel>
<Computer>WIN-PTFPHFCRDJ0</Computer>
<Security UserID=""></Security>
</System>
<EventData><Data Name="param1">Diagnostic System Host</Data>
<Data Name="param2">running</Data>
<Binary>VwBkAGkAUwB5AHMAdABlAG0ASABvAHMAdAAvADQAAAA=</Binary>
</EventData>
</Event>

<Event xmlns="http://schemas.microsoft.com/win/2004/08/events/event"><System><Provider Name="Service Control Manager" Guid="{555908d1-a6d7-4695-8e1e-26931d2012f4}" EventSourceName="Service Control Manager"></Provider>
<EventID Qualifiers="16384">7036</EventID>
<Version>0</Version>
<Level>4</Level>
<Task>0</Task>
<Opcode>0</Opcode>
<Keywords>0x8080000000000000</Keywords>
<TimeCreated SystemTime="2020-10-24 22:30:05.572281"></TimeCreated>
<EventRecordID>1553</EventRecordID>
<Correlation ActivityID="" RelatedActivityID=""></Correlation>
<Execution ProcessID="828" ThreadID="3256"></Execution>
<Channel>System</Channel>
<Computer>WIN-PTFPHFCRDJ0</Computer>
<Security UserID=""></Security>
</System>
<EventData><Data Name="param1">Software Protection</Data>
<Data Name="param2">stopped</Data>
<Binary>cwBwAHAAcwB2AGMALwAxAAAA</Binary>
</EventData>
</Event>

<Event xmlns="http://schemas.microsoft.com/win/2004/08/events/event"><System><Provider Name="Service Control Manager" Guid="{555908d1-a6d7-4695-8e1e-26931d2012f4}" EventSourceName="Service Control Manager"></Provider>
<EventID Qualifiers="16384">7036</EventID>
<Version>0</Version>
<Level>4</Level>
<Task>0</Task>
<Opcode>0</Opcode>
<Keywords>0x8080000000000000</Keywords>
<TimeCreated SystemTime="2020-10-24 22:31:24.806742"></TimeCreated>
<EventRecordID>1554</EventRecordID>
<Correlation ActivityID="" RelatedActivityID=""></Correlation>
<Execution ProcessID="828" ThreadID="3256"></Execution>
<Channel>System</Channel>
<Computer>WIN-PTFPHFCRDJ0</Computer>
<Security UserID=""></Security>
</System>
<EventData><Data Name="param1">Windows Modules Installer</Data>
<Data Name="param2">stopped</Data>
<Binary>VAByAHUAcwB0AGUAZABJAG4AcwB0AGEAbABsAGUAcgAvADEAAAA=</Binary>
</EventData>
</Event>

<Event xmlns="http://schemas.microsoft.com/win/2004/08/events/event"><System><Provider Name="Service Control Manager" Guid="{555908d1-a6d7-4695-8e1e-26931d2012f4}" EventSourceName="Service Control Manager"></Provider>
<EventID Qualifiers="16384">7036</EventID>
<Version>0</Version>
<Level>4</Level>
<Task>0</Task>
<Opcode>0</Opcode>
<Keywords>0x8080000000000000</Keywords>
<TimeCreated SystemTime="2020-10-24 22:31:28.525078"></TimeCreated>
<EventRecordID>1555</EventRecordID>
<Correlation ActivityID="" RelatedActivityID=""></Correlation>
<Execution ProcessID="828" ThreadID="3256"></Execution>
<Channel>System</Channel>
<Computer>WIN-PTFPHFCRDJ0</Computer>
<Security UserID=""></Security>
</System>
<EventData><Data Name="param1">Function Discovery Provider Host</Data>
<Data Name="param2">stopped</Data>
<Binary>ZgBkAFAASABvAHMAdAAvADEAAAA=</Binary>
</EventData>
</Event>

<Event xmlns="http://schemas.microsoft.com/win/2004/08/events/event"><System><Provider Name="Service Control Manager" Guid="{555908d1-a6d7-4695-8e1e-26931d2012f4}" EventSourceName="Service Control Manager"></Provider>
<EventID Qualifiers="16384">7036</EventID>
<Version>0</Version>
<Level>4</Level>
<Task>0</Task>
<Opcode>0</Opcode>
<Keywords>0x8080000000000000</Keywords>
<TimeCreated SystemTime="2020-10-24 22:33:04.446213"></TimeCreated>
<EventRecordID>1556</EventRecordID>
<Correlation ActivityID="" RelatedActivityID=""></Correlation>
<Execution ProcessID="828" ThreadID="1804"></Execution>
<Channel>System</Channel>
<Computer>WIN-PTFPHFCRDJ0</Computer>
<Security UserID=""></Security>
</System>
<EventData><Data Name="param1">Windows Biometric Service</Data>
<Data Name="param2">stopped</Data>
<Binary>VwBiAGkAbwBTAHIAdgBjAC8AMQAAAA==</Binary>
</EventData>
</Event>

<Event xmlns="http://schemas.microsoft.com/win/2004/08/events/event"><System><Provider Name="Service Control Manager" Guid="{555908d1-a6d7-4695-8e1e-26931d2012f4}" EventSourceName="Service Control Manager"></Provider>
<EventID Qualifiers="16384">7036</EventID>
<Version>0</Version>
<Level>4</Level>
<Task>0</Task>
<Opcode>0</Opcode>
<Keywords>0x8080000000000000</Keywords>
<TimeCreated SystemTime="2020-10-24 22:34:51.976912"></TimeCreated>
<EventRecordID>1557</EventRecordID>
<Correlation ActivityID="" RelatedActivityID=""></Correlation>
<Execution ProcessID="828" ThreadID="1580"></Execution>
<Channel>System</Channel>
<Computer>WIN-PTFPHFCRDJ0</Computer>
<Security UserID=""></Security>
</System>
<EventData><Data Name="param1">AppX Deployment Service (AppXSVC)</Data>
<Data Name="param2">stopped</Data>
<Binary>QQBwAHAAWABTAHYAYwAvADEAAAA=</Binary>
</EventData>
</Event>

<Event xmlns="http://schemas.microsoft.com/win/2004/08/events/event"><System><Provider Name="Service Control Manager" Guid="{555908d1-a6d7-4695-8e1e-26931d2012f4}" EventSourceName="Service Control Manager"></Provider>
<EventID Qualifiers="16384">7036</EventID>
<Version>0</Version>
<Level>4</Level>
<Task>0</Task>
<Opcode>0</Opcode>
<Keywords>0x8080000000000000</Keywords>
<TimeCreated SystemTime="2020-10-24 22:35:32.319887"></TimeCreated>
<EventRecordID>1558</EventRecordID>
<Correlation ActivityID="" RelatedActivityID=""></Correlation>
<Execution ProcessID="828" ThreadID="1804"></Execution>
<Channel>System</Channel>
<Computer>WIN-PTFPHFCRDJ0</Computer>
<Security UserID=""></Security>
</System>
<EventData><Data Name="param1">Storage Service</Data>
<Data Name="param2">running</Data>
<Binary>UwB0AG8AcgBTAHYAYwAvADQAAAA=</Binary>
</EventData>
</Event>

<Event xmlns="http://schemas.microsoft.com/win/2004/08/events/event"><System><Provider Name="Service Control Manager" Guid="{555908d1-a6d7-4695-8e1e-26931d2012f4}" EventSourceName="Service Control Manager"></Provider>
<EventID Qualifiers="16384">7036</EventID>
<Version>0</Version>
<Level>4</Level>
<Task>0</Task>
<Opcode>0</Opcode>
<Keywords>0x8080000000000000</Keywords>
<TimeCreated SystemTime="2020-10-24 22:35:32.351316"></TimeCreated>
<EventRecordID>1559</EventRecordID>
<Correlation ActivityID="" RelatedActivityID=""></Correlation>
<Execution ProcessID="828" ThreadID="1580"></Execution>
<Channel>System</Channel>
<Computer>WIN-PTFPHFCRDJ0</Computer>
<Security UserID=""></Security>
</System>
<EventData><Data Name="param1">AppX Deployment Service (AppXSVC)</Data>
<Data Name="param2">running</Data>
<Binary>QQBwAHAAWABTAHYAYwAvADQAAAA=</Binary>
</EventData>
</Event>

<Event xmlns="http://schemas.microsoft.com/win/2004/08/events/event"><System><Provider Name="Service Control Manager" Guid="{555908d1-a6d7-4695-8e1e-26931d2012f4}" EventSourceName="Service Control Manager"></Provider>
<EventID Qualifiers="16384">7036</EventID>
<Version>0</Version>
<Level>4</Level>
<Task>0</Task>
<Opcode>0</Opcode>
<Keywords>0x8080000000000000</Keywords>
<TimeCreated SystemTime="2020-10-24 22:35:32.384319"></TimeCreated>
<EventRecordID>1560</EventRecordID>
<Correlation ActivityID="" RelatedActivityID=""></Correlation>
<Execution ProcessID="828" ThreadID="1804"></Execution>
<Channel>System</Channel>
<Computer>WIN-PTFPHFCRDJ0</Computer>
<Security UserID=""></Security>
</System>
<EventData><Data Name="param1">Client License Service (ClipSVC)</Data>
<Data Name="param2">running</Data>
<Binary>QwBsAGkAcABTAFYAQwAvADQAAAA=</Binary>
</EventData>
</Event>

<Event xmlns="http://schemas.microsoft.com/win/2004/08/events/event"><System><Provider Name="Service Control Manager" Guid="{555908d1-a6d7-4695-8e1e-26931d2012f4}" EventSourceName="Service Control Manager"></Provider>
<EventID Qualifiers="16384">7036</EventID>
<Version>0</Version>
<Level>4</Level>
<Task>0</Task>
<Opcode>0</Opcode>
<Keywords>0x8080000000000000</Keywords>
<TimeCreated SystemTime="2020-10-24 22:39:28.021851"></TimeCreated>
<EventRecordID>1561</EventRecordID>
<Correlation ActivityID="" RelatedActivityID=""></Correlation>
<Execution ProcessID="828" ThreadID="3688"></Execution>
<Channel>System</Channel>
<Computer>WIN-PTFPHFCRDJ0</Computer>
<Security UserID=""></Security>
</System>
<EventData><Data Name="param1">Windows Modules Installer</Data>
<Data Name="param2">running</Data>
<Binary>VAByAHUAcwB0AGUAZABJAG4AcwB0AGEAbABsAGUAcgAvADQAAAA=</Binary>
</EventData>
</Event>

<Event xmlns="http://schemas.microsoft.com/win/2004/08/events/event"><System><Provider Name="Service Control Manager" Guid="{555908d1-a6d7-4695-8e1e-26931d2012f4}" EventSourceName="Service Control Manager"></Provider>
<EventID Qualifiers="16384">7036</EventID>
<Version>0</Version>
<Level>4</Level>
<Task>0</Task>
<Opcode>0</Opcode>
<Keywords>0x8080000000000000</Keywords>
<TimeCreated SystemTime="2020-10-24 22:40:32.475445"></TimeCreated>
<EventRecordID>1562</EventRecordID>
<Correlation ActivityID="" RelatedActivityID=""></Correlation>
<Execution ProcessID="828" ThreadID="3688"></Execution>
<Channel>System</Channel>
<Computer>WIN-PTFPHFCRDJ0</Computer>
<Security UserID=""></Security>
</System>
<EventData><Data Name="param1">Client License Service (ClipSVC)</Data>
<Data Name="param2">stopped</Data>
<Binary>QwBsAGkAcABTAFYAQwAvADEAAAA=</Binary>
</EventData>
</Event>

<Event xmlns="http://schemas.microsoft.com/win/2004/08/events/event"><System><Provider Name="Service Control Manager" Guid="{555908d1-a6d7-4695-8e1e-26931d2012f4}" EventSourceName="Service Control Manager"></Provider>
<EventID Qualifiers="16384">7036</EventID>
<Version>0</Version>
<Level>4</Level>
<Task>0</Task>
<Opcode>0</Opcode>
<Keywords>0x8080000000000000</Keywords>
<TimeCreated SystemTime="2020-10-24 22:40:32.600502"></TimeCreated>
<EventRecordID>1563</EventRecordID>
<Correlation ActivityID="" RelatedActivityID=""></Correlation>
<Execution ProcessID="828" ThreadID="3688"></Execution>
<Channel>System</Channel>
<Computer>WIN-PTFPHFCRDJ0</Computer>
<Security UserID=""></Security>
</System>
<EventData><Data Name="param1">AppX Deployment Service (AppXSVC)</Data>
<Data Name="param2">stopped</Data>
<Binary>QQBwAHAAWABTAHYAYwAvADEAAAA=</Binary>
</EventData>
</Event>

<Event xmlns="http://schemas.microsoft.com/win/2004/08/events/event"><System><Provider Name="Service Control Manager" Guid="{555908d1-a6d7-4695-8e1e-26931d2012f4}" EventSourceName="Service Control Manager"></Provider>
<EventID Qualifiers="16384">7036</EventID>
<Version>0</Version>
<Level>4</Level>
<Task>0</Task>
<Opcode>0</Opcode>
<Keywords>0x8080000000000000</Keywords>
<TimeCreated SystemTime="2020-10-24 22:40:33.818443"></TimeCreated>
<EventRecordID>1564</EventRecordID>
<Correlation ActivityID="" RelatedActivityID=""></Correlation>
<Execution ProcessID="828" ThreadID="4452"></Execution>
<Channel>System</Channel>
<Computer>WIN-PTFPHFCRDJ0</Computer>
<Security UserID=""></Security>
</System>
<EventData><Data Name="param1">Windows Update</Data>
<Data Name="param2">stopped</Data>
<Binary>dwB1AGEAdQBzAGUAcgB2AC8AMQAAAA==</Binary>
</EventData>
</Event>

<Event xmlns="http://schemas.microsoft.com/win/2004/08/events/event"><System><Provider Name="Microsoft-Windows-DNS-Client" Guid="{1c95126e-7eea-49a9-a3fe-a378b03ddb4d}"></Provider>
<EventID Qualifiers="">1014</EventID>
<Version>0</Version>
<Level>3</Level>
<Task>1014</Task>
<Opcode>0</Opcode>
<Keywords>0x4000000010000000</Keywords>
<TimeCreated SystemTime="2020-10-24 22:41:17.790264"></TimeCreated>
<EventRecordID>1565</EventRecordID>
<Correlation ActivityID="" RelatedActivityID=""></Correlation>
<Execution ProcessID="1384" ThreadID="1432"></Execution>
<Channel>System</Channel>
<Computer>WIN-PTFPHFCRDJ0</Computer>
<Security UserID="S-1-5-20"></Security>
</System>
<EventData><Data Name="QueryName">wpad</Data>
<Data Name="AddressLength">128</Data>
<Data Name="Address">AgAAABYWFgIAAAAAAAAAAAAAAAAAAAAAAAAAAAAAAAAAAAAAAAAAAAAAAAAAAAAAAAAAAAAAAAAAAAAAAAAAAAAAAAAAAAAAAAAAAAAAAAAAAAAAAAAAAAAAAAAAAAAAAAAAAAAAAAAAAAAAAAAAAAAAAAAAAAAAAAAAAAAAAAA=</Data>
</EventData>
</Event>

<Event xmlns="http://schemas.microsoft.com/win/2004/08/events/event"><System><Provider Name="Service Control Manager" Guid="{555908d1-a6d7-4695-8e1e-26931d2012f4}" EventSourceName="Service Control Manager"></Provider>
<EventID Qualifiers="16384">7036</EventID>
<Version>0</Version>
<Level>4</Level>
<Task>0</Task>
<Opcode>0</Opcode>
<Keywords>0x8080000000000000</Keywords>
<TimeCreated SystemTime="2020-10-24 22:41:29.678392"></TimeCreated>
<EventRecordID>1566</EventRecordID>
<Correlation ActivityID="" RelatedActivityID=""></Correlation>
<Execution ProcessID="828" ThreadID="4452"></Execution>
<Channel>System</Channel>
<Computer>WIN-PTFPHFCRDJ0</Computer>
<Security UserID=""></Security>
</System>
<EventData><Data Name="param1">Windows Modules Installer</Data>
<Data Name="param2">stopped</Data>
<Binary>VAByAHUAcwB0AGUAZABJAG4AcwB0AGEAbABsAGUAcgAvADEAAAA=</Binary>
</EventData>
</Event>

<Event xmlns="http://schemas.microsoft.com/win/2004/08/events/event"><System><Provider Name="Service Control Manager" Guid="{555908d1-a6d7-4695-8e1e-26931d2012f4}" EventSourceName="Service Control Manager"></Provider>
<EventID Qualifiers="16384">7036</EventID>
<Version>0</Version>
<Level>4</Level>
<Task>0</Task>
<Opcode>0</Opcode>
<Keywords>0x8080000000000000</Keywords>
<TimeCreated SystemTime="2020-10-24 22:44:34.941021"></TimeCreated>
<EventRecordID>1567</EventRecordID>
<Correlation ActivityID="" RelatedActivityID=""></Correlation>
<Execution ProcessID="828" ThreadID="4452"></Execution>
<Channel>System</Channel>
<Computer>WIN-PTFPHFCRDJ0</Computer>
<Security UserID=""></Security>
</System>
<EventData><Data Name="param1">Microsoft Storage Spaces SMP</Data>
<Data Name="param2">stopped</Data>
<Binary>cwBtAHAAaABvAHMAdAAvADEAAAA=</Binary>
</EventData>
</Event>

<Event xmlns="http://schemas.microsoft.com/win/2004/08/events/event"><System><Provider Name="Microsoft-Windows-DNS-Client" Guid="{1c95126e-7eea-49a9-a3fe-a378b03ddb4d}"></Provider>
<EventID Qualifiers="">1014</EventID>
<Version>0</Version>
<Level>3</Level>
<Task>1014</Task>
<Opcode>0</Opcode>
<Keywords>0x4000000010000000</Keywords>
<TimeCreated SystemTime="2020-10-24 22:51:24.812157"></TimeCreated>
<EventRecordID>1568</EventRecordID>
<Correlation ActivityID="" RelatedActivityID=""></Correlation>
<Execution ProcessID="1384" ThreadID="1540"></Execution>
<Channel>System</Channel>
<Computer>WIN-PTFPHFCRDJ0</Computer>
<Security UserID="S-1-5-20"></Security>
</System>
<EventData><Data Name="QueryName">wpad</Data>
<Data Name="AddressLength">128</Data>
<Data Name="Address">AgAAABYWFgIAAAAAAAAAAAAAAAAAAAAAAAAAAAAAAAAAAAAAAAAAAAAAAAAAAAAAAAAAAAAAAAAAAAAAAAAAAAAAAAAAAAAAAAAAAAAAAAAAAAAAAAAAAAAAAAAAAAAAAAAAAAAAAAAAAAAAAAAAAAAAAAAAAAAAAAAAAAAAAAA=</Data>
</EventData>
</Event>

<Event xmlns="http://schemas.microsoft.com/win/2004/08/events/event"><System><Provider Name="Service Control Manager" Guid="{555908d1-a6d7-4695-8e1e-26931d2012f4}" EventSourceName="Service Control Manager"></Provider>
<EventID Qualifiers="16384">7036</EventID>
<Version>0</Version>
<Level>4</Level>
<Task>0</Task>
<Opcode>0</Opcode>
<Keywords>0x8080000000000000</Keywords>
<TimeCreated SystemTime="2020-10-24 23:01:48.285023"></TimeCreated>
<EventRecordID>1569</EventRecordID>
<Correlation ActivityID="" RelatedActivityID=""></Correlation>
<Execution ProcessID="828" ThreadID="4504"></Execution>
<Channel>System</Channel>
<Computer>WIN-PTFPHFCRDJ0</Computer>
<Security UserID=""></Security>
</System>
<EventData><Data Name="param1">Diagnostic System Host</Data>
<Data Name="param2">stopped</Data>
<Binary>VwBkAGkAUwB5AHMAdABlAG0ASABvAHMAdAAvADEAAAA=</Binary>
</EventData>
</Event>

<Event xmlns="http://schemas.microsoft.com/win/2004/08/events/event"><System><Provider Name="Microsoft-Windows-DNS-Client" Guid="{1c95126e-7eea-49a9-a3fe-a378b03ddb4d}"></Provider>
<EventID Qualifiers="">1014</EventID>
<Version>0</Version>
<Level>3</Level>
<Task>1014</Task>
<Opcode>0</Opcode>
<Keywords>0x4000000010000000</Keywords>
<TimeCreated SystemTime="2020-10-24 23:11:38.886839"></TimeCreated>
<EventRecordID>1570</EventRecordID>
<Correlation ActivityID="" RelatedActivityID=""></Correlation>
<Execution ProcessID="1384" ThreadID="1540"></Execution>
<Channel>System</Channel>
<Computer>WIN-PTFPHFCRDJ0</Computer>
<Security UserID="S-1-5-20"></Security>
</System>
<EventData><Data Name="QueryName">wpad</Data>
<Data Name="AddressLength">128</Data>
<Data Name="Address">AgAAABYWFgIAAAAAAAAAAAAAAAAAAAAAAAAAAAAAAAAAAAAAAAAAAAAAAAAAAAAAAAAAAAAAAAAAAAAAAAAAAAAAAAAAAAAAAAAAAAAAAAAAAAAAAAAAAAAAAAAAAAAAAAAAAAAAAAAAAAAAAAAAAAAAAAAAAAAAAAAAAAAAAAA=</Data>
</EventData>
</Event>

<Event xmlns="http://schemas.microsoft.com/win/2004/08/events/event"><System><Provider Name="User32" Guid="{b0aa8734-56f7-41cc-b2f4-de228e98b946}" EventSourceName="User32"></Provider>
<EventID Qualifiers="32768">1074</EventID>
<Version>0</Version>
<Level>4</Level>
<Task>0</Task>
<Opcode>0</Opcode>
<Keywords>0x8080000000000000</Keywords>
<TimeCreated SystemTime="2020-10-24 23:18:06.939968"></TimeCreated>
<EventRecordID>1571</EventRecordID>
<Correlation ActivityID="" RelatedActivityID=""></Correlation>
<Execution ProcessID="604" ThreadID="2408"></Execution>
<Channel>System</Channel>
<Computer>WIN-PTFPHFCRDJ0</Computer>
<Security UserID="S-1-5-21-1152959844-3645458174-3779170896-1000"></Security>
</System>
<EventData><Data Name="param1">C:\Windows\system32\SystemSettingsAdminFlows.exe (WIN-PTFPHFCRDJ0)</Data>
<Data Name="param2">WIN-PTFPHFCRDJ0</Data>
<Data Name="param3">Other (Unplanned)</Data>
<Data Name="param4">0x5000000</Data>
<Data Name="param5">power off</Data>
<Data Name="param6"></Data>
<Data Name="param7">WIN-PTFPHFCRDJ0\user</Data>
</EventData>
</Event>

<Event xmlns="http://schemas.microsoft.com/win/2004/08/events/event"><System><Provider Name="Service Control Manager" Guid="{555908d1-a6d7-4695-8e1e-26931d2012f4}" EventSourceName="Service Control Manager"></Provider>
<EventID Qualifiers="16384">7036</EventID>
<Version>0</Version>
<Level>4</Level>
<Task>0</Task>
<Opcode>0</Opcode>
<Keywords>0x8080000000000000</Keywords>
<TimeCreated SystemTime="2020-10-24 23:18:10.204308"></TimeCreated>
<EventRecordID>1572</EventRecordID>
<Correlation ActivityID="" RelatedActivityID=""></Correlation>
<Execution ProcessID="828" ThreadID="3176"></Execution>
<Channel>System</Channel>
<Computer>WIN-PTFPHFCRDJ0</Computer>
<Security UserID=""></Security>
</System>
<EventData><Data Name="param1">AppX Deployment Service (AppXSVC)</Data>
<Data Name="param2">running</Data>
<Binary>QQBwAHAAWABTAHYAYwAvADQAAAA=</Binary>
</EventData>
</Event>

<Event xmlns="http://schemas.microsoft.com/win/2004/08/events/event"><System><Provider Name="Service Control Manager" Guid="{555908d1-a6d7-4695-8e1e-26931d2012f4}" EventSourceName="Service Control Manager"></Provider>
<EventID Qualifiers="16384">7036</EventID>
<Version>0</Version>
<Level>4</Level>
<Task>0</Task>
<Opcode>0</Opcode>
<Keywords>0x8080000000000000</Keywords>
<TimeCreated SystemTime="2020-10-24 23:18:11.877867"></TimeCreated>
<EventRecordID>1573</EventRecordID>
<Correlation ActivityID="" RelatedActivityID=""></Correlation>
<Execution ProcessID="828" ThreadID="3488"></Execution>
<Channel>System</Channel>
<Computer>WIN-PTFPHFCRDJ0</Computer>
<Security UserID=""></Security>
</System>
<EventData><Data Name="param1">Connected Devices Platform User Service_44b65</Data>
<Data Name="param2">stopped</Data>
<Binary>QwBEAFAAVQBzAGUAcgBTAHYAYwBfADQANABiADYANQAvADEAAAA=</Binary>
</EventData>
</Event>

<Event xmlns="http://schemas.microsoft.com/win/2004/08/events/event"><System><Provider Name="Service Control Manager" Guid="{555908d1-a6d7-4695-8e1e-26931d2012f4}" EventSourceName="Service Control Manager"></Provider>
<EventID Qualifiers="16384">7036</EventID>
<Version>0</Version>
<Level>4</Level>
<Task>0</Task>
<Opcode>0</Opcode>
<Keywords>0x8080000000000000</Keywords>
<TimeCreated SystemTime="2020-10-24 23:18:12.254669"></TimeCreated>
<EventRecordID>1574</EventRecordID>
<Correlation ActivityID="" RelatedActivityID=""></Correlation>
<Execution ProcessID="828" ThreadID="3488"></Execution>
<Channel>System</Channel>
<Computer>WIN-PTFPHFCRDJ0</Computer>
<Security UserID=""></Security>
</System>
<EventData><Data Name="param1">Windows Push Notifications User Service_44b65</Data>
<Data Name="param2">stopped</Data>
<Binary>VwBwAG4AVQBzAGUAcgBTAGUAcgB2AGkAYwBlAF8ANAA0AGIANgA1AC8AMQAAAA==</Binary>
</EventData>
</Event>

<Event xmlns="http://schemas.microsoft.com/win/2004/08/events/event"><System><Provider Name="Microsoft-Windows-Winlogon" Guid="{dbe9b383-7cf3-4331-91cc-a3cb16a3b538}"></Provider>
<EventID Qualifiers="">7002</EventID>
<Version>0</Version>
<Level>4</Level>
<Task>1102</Task>
<Opcode>0</Opcode>
<Keywords>0x2000200000000000</Keywords>
<TimeCreated SystemTime="2020-10-24 23:18:12.719196"></TimeCreated>
<EventRecordID>1575</EventRecordID>
<Correlation ActivityID="" RelatedActivityID=""></Correlation>
<Execution ProcessID="756" ThreadID="3324"></Execution>
<Channel>System</Channel>
<Computer>WIN-PTFPHFCRDJ0</Computer>
<Security UserID="S-1-5-18"></Security>
</System>
<EventData><Data Name="TSId">1</Data>
<Data Name="UserSid">S-1-5-21-1152959844-3645458174-3779170896-1000</Data>
</EventData>
</Event>

<Event xmlns="http://schemas.microsoft.com/win/2004/08/events/event"><System><Provider Name="Service Control Manager" Guid="{555908d1-a6d7-4695-8e1e-26931d2012f4}" EventSourceName="Service Control Manager"></Provider>
<EventID Qualifiers="16384">7036</EventID>
<Version>0</Version>
<Level>4</Level>
<Task>0</Task>
<Opcode>0</Opcode>
<Keywords>0x8080000000000000</Keywords>
<TimeCreated SystemTime="2020-10-24 23:18:12.832788"></TimeCreated>
<EventRecordID>1576</EventRecordID>
<Correlation ActivityID="" RelatedActivityID=""></Correlation>
<Execution ProcessID="828" ThreadID="220"></Execution>
<Channel>System</Channel>
<Computer>WIN-PTFPHFCRDJ0</Computer>
<Security UserID=""></Security>
</System>
<EventData><Data Name="param1">Group Policy Client</Data>
<Data Name="param2">stopped</Data>
<Binary>ZwBwAHMAdgBjAC8AMQAAAA==</Binary>
</EventData>
</Event>

<Event xmlns="http://schemas.microsoft.com/win/2004/08/events/event"><System><Provider Name="Service Control Manager" Guid="{555908d1-a6d7-4695-8e1e-26931d2012f4}" EventSourceName="Service Control Manager"></Provider>
<EventID Qualifiers="16384">7036</EventID>
<Version>0</Version>
<Level>4</Level>
<Task>0</Task>
<Opcode>0</Opcode>
<Keywords>0x8080000000000000</Keywords>
<TimeCreated SystemTime="2020-10-24 23:18:12.939552"></TimeCreated>
<EventRecordID>1577</EventRecordID>
<Correlation ActivityID="" RelatedActivityID=""></Correlation>
<Execution ProcessID="828" ThreadID="220"></Execution>
<Channel>System</Channel>
<Computer>WIN-PTFPHFCRDJ0</Computer>
<Security UserID=""></Security>
</System>
<EventData><Data Name="param1">VMware Tools</Data>
<Data Name="param2">stopped</Data>
<Binary>VgBNAFQAbwBvAGwAcwAvADEAAAA=</Binary>
</EventData>
</Event>

<Event xmlns="http://schemas.microsoft.com/win/2004/08/events/event"><System><Provider Name="Service Control Manager" Guid="{555908d1-a6d7-4695-8e1e-26931d2012f4}" EventSourceName="Service Control Manager"></Provider>
<EventID Qualifiers="16384">7036</EventID>
<Version>0</Version>
<Level>4</Level>
<Task>0</Task>
<Opcode>0</Opcode>
<Keywords>0x8080000000000000</Keywords>
<TimeCreated SystemTime="2020-10-24 23:18:13.095524"></TimeCreated>
<EventRecordID>1578</EventRecordID>
<Correlation ActivityID="" RelatedActivityID=""></Correlation>
<Execution ProcessID="828" ThreadID="220"></Execution>
<Channel>System</Channel>
<Computer>WIN-PTFPHFCRDJ0</Computer>
<Security UserID=""></Security>
</System>
<EventData><Data Name="param1">Connected User Experiences and Telemetry</Data>
<Data Name="param2">stopped</Data>
<Binary>RABpAGEAZwBUAHIAYQBjAGsALwAxAAAA</Binary>
</EventData>
</Event>

<Event xmlns="http://schemas.microsoft.com/win/2004/08/events/event"><System><Provider Name="Service Control Manager" Guid="{555908d1-a6d7-4695-8e1e-26931d2012f4}" EventSourceName="Service Control Manager"></Provider>
<EventID Qualifiers="16384">7036</EventID>
<Version>0</Version>
<Level>4</Level>
<Task>0</Task>
<Opcode>0</Opcode>
<Keywords>0x8080000000000000</Keywords>
<TimeCreated SystemTime="2020-10-24 23:18:13.270771"></TimeCreated>
<EventRecordID>1579</EventRecordID>
<Correlation ActivityID="" RelatedActivityID=""></Correlation>
<Execution ProcessID="828" ThreadID="220"></Execution>
<Channel>System</Channel>
<Computer>WIN-PTFPHFCRDJ0</Computer>
<Security UserID=""></Security>
</System>
<EventData><Data Name="param1">User Access Logging Service</Data>
<Data Name="param2">stopped</Data>
<Binary>VQBBAEwAUwBWAEMALwAxAAAA</Binary>
</EventData>
</Event>

<Event xmlns="http://schemas.microsoft.com/win/2004/08/events/event"><System><Provider Name="Microsoft-Windows-WinRM" Guid="{A7975C8F-AC13-49F1-87DA-5A984A4AB417}" EventSourceName="WinRM"></Provider>
<EventID Qualifiers="7">10149</EventID>
<Version>0</Version>
<Level>3</Level>
<Task>0</Task>
<Opcode>0</Opcode>
<Keywords>0x0080000000000000</Keywords>
<TimeCreated SystemTime="2020-10-24 23:18:13.892466"></TimeCreated>
<EventRecordID>1580</EventRecordID>
<Correlation ActivityID="" RelatedActivityID=""></Correlation>
<Execution ProcessID="0" ThreadID="0"></Execution>
<Channel>System</Channel>
<Computer>WIN-PTFPHFCRDJ0</Computer>
<Security UserID=""></Security>
</System>
<EventData Name="Stopped Listening"></EventData>
</Event>

<Event xmlns="http://schemas.microsoft.com/win/2004/08/events/event"><System><Provider Name="Microsoft-Windows-Kernel-General" Guid="{a68ca8b7-004f-d7b6-a698-07e2de0f1f5d}"></Provider>
<EventID Qualifiers="">1</EventID>
<Version>2</Version>
<Level>4</Level>
<Task>5</Task>
<Opcode>0</Opcode>
<Keywords>0x8000000000000010</Keywords>
<TimeCreated SystemTime="2020-10-24 23:18:13.767416"></TimeCreated>
<EventRecordID>1581</EventRecordID>
<Correlation ActivityID="" RelatedActivityID=""></Correlation>
<Execution ProcessID="2356" ThreadID="2484"></Execution>
<Channel>System</Channel>
<Computer>WIN-PTFPHFCRDJ0</Computer>
<Security UserID="S-1-5-19"></Security>
</System>
<EventData><Data Name="NewTime">2020-10-24 23:18:13.767212</Data>
<Data Name="OldTime">2020-10-24 23:18:13.766714</Data>
<Data Name="Reason">1</Data>
<Data Name="ProcessName">\Device\HarddiskVolume3\Windows\System32\svchost.exe</Data>
<Data Name="ProcessID">2356</Data>
</EventData>
</Event>

<Event xmlns="http://schemas.microsoft.com/win/2004/08/events/event"><System><Provider Name="Service Control Manager" Guid="{555908d1-a6d7-4695-8e1e-26931d2012f4}" EventSourceName="Service Control Manager"></Provider>
<EventID Qualifiers="16384">7036</EventID>
<Version>0</Version>
<Level>4</Level>
<Task>0</Task>
<Opcode>0</Opcode>
<Keywords>0x8080000000000000</Keywords>
<TimeCreated SystemTime="2020-10-24 23:18:13.767450"></TimeCreated>
<EventRecordID>1582</EventRecordID>
<Correlation ActivityID="" RelatedActivityID=""></Correlation>
<Execution ProcessID="828" ThreadID="4972"></Execution>
<Channel>System</Channel>
<Computer>WIN-PTFPHFCRDJ0</Computer>
<Security UserID=""></Security>
</System>
<EventData><Data Name="param1">Windows Time</Data>
<Data Name="param2">stopped</Data>
<Binary>VwAzADIAVABpAG0AZQAvADEAAAA=</Binary>
</EventData>
</Event>

<Event xmlns="http://schemas.microsoft.com/win/2004/08/events/event"><System><Provider Name="Service Control Manager" Guid="{555908d1-a6d7-4695-8e1e-26931d2012f4}" EventSourceName="Service Control Manager"></Provider>
<EventID Qualifiers="16384">7036</EventID>
<Version>0</Version>
<Level>4</Level>
<Task>0</Task>
<Opcode>0</Opcode>
<Keywords>0x8080000000000000</Keywords>
<TimeCreated SystemTime="2020-10-24 23:18:13.790426"></TimeCreated>
<EventRecordID>1583</EventRecordID>
<Correlation ActivityID="" RelatedActivityID=""></Correlation>
<Execution ProcessID="828" ThreadID="4972"></Execution>
<Channel>System</Channel>
<Computer>WIN-PTFPHFCRDJ0</Computer>
<Security UserID=""></Security>
</System>
<EventData><Data Name="param1">Windows Event Collector</Data>
<Data Name="param2">stopped</Data>
<Binary>VwBlAGMAcwB2AGMALwAxAAAA</Binary>
</EventData>
</Event>

<Event xmlns="http://schemas.microsoft.com/win/2004/08/events/event"><System><Provider Name="Microsoft-Windows-Dhcp-Client" Guid="{15a7a4f8-0072-4eab-abad-f98a4d666aed}"></Provider>
<EventID Qualifiers="">50104</EventID>
<Version>0</Version>
<Level>4</Level>
<Task>4</Task>
<Opcode>129</Opcode>
<Keywords>0x2000000000000000</Keywords>
<TimeCreated SystemTime="2020-10-24 23:18:13.795925"></TimeCreated>
<EventRecordID>1584</EventRecordID>
<Correlation ActivityID="" RelatedActivityID=""></Correlation>
<Execution ProcessID="1236" ThreadID="1240"></Execution>
<Channel>System</Channel>
<Computer>WIN-PTFPHFCRDJ0</Computer>
<Security UserID="S-1-5-19"></Security>
</System>
<EventData></EventData>
</Event>

<Event xmlns="http://schemas.microsoft.com/win/2004/08/events/event"><System><Provider Name="Microsoft-Windows-Dhcp-Client" Guid="{15a7a4f8-0072-4eab-abad-f98a4d666aed}"></Provider>
<EventID Qualifiers="">50105</EventID>
<Version>0</Version>
<Level>4</Level>
<Task>4</Task>
<Opcode>129</Opcode>
<Keywords>0x2000000000000000</Keywords>
<TimeCreated SystemTime="2020-10-24 23:18:13.796083"></TimeCreated>
<EventRecordID>1585</EventRecordID>
<Correlation ActivityID="" RelatedActivityID=""></Correlation>
<Execution ProcessID="1236" ThreadID="1340"></Execution>
<Channel>System</Channel>
<Computer>WIN-PTFPHFCRDJ0</Computer>
<Security UserID="S-1-5-19"></Security>
</System>
<EventData></EventData>
</Event>

<Event xmlns="http://schemas.microsoft.com/win/2004/08/events/event"><System><Provider Name="Service Control Manager" Guid="{555908d1-a6d7-4695-8e1e-26931d2012f4}" EventSourceName="Service Control Manager"></Provider>
<EventID Qualifiers="16384">7036</EventID>
<Version>0</Version>
<Level>4</Level>
<Task>0</Task>
<Opcode>0</Opcode>
<Keywords>0x8080000000000000</Keywords>
<TimeCreated SystemTime="2020-10-24 23:18:13.790426"></TimeCreated>
<EventRecordID>1586</EventRecordID>
<Correlation ActivityID="" RelatedActivityID=""></Correlation>
<Execution ProcessID="828" ThreadID="3488"></Execution>
<Channel>System</Channel>
<Computer>WIN-PTFPHFCRDJ0</Computer>
<Security UserID=""></Security>
</System>
<EventData><Data Name="param1">Plug and Play</Data>
<Data Name="param2">stopped</Data>
<Binary>UABsAHUAZwBQAGwAYQB5AC8AMQAAAA==</Binary>
</EventData>
</Event>

<Event xmlns="http://schemas.microsoft.com/win/2004/08/events/event"><System><Provider Name="Service Control Manager" Guid="{555908d1-a6d7-4695-8e1e-26931d2012f4}" EventSourceName="Service Control Manager"></Provider>
<EventID Qualifiers="16384">7036</EventID>
<Version>0</Version>
<Level>4</Level>
<Task>0</Task>
<Opcode>0</Opcode>
<Keywords>0x8080000000000000</Keywords>
<TimeCreated SystemTime="2020-10-24 23:18:13.963156"></TimeCreated>
<EventRecordID>1587</EventRecordID>
<Correlation ActivityID="" RelatedActivityID=""></Correlation>
<Execution ProcessID="828" ThreadID="3488"></Execution>
<Channel>System</Channel>
<Computer>WIN-PTFPHFCRDJ0</Computer>
<Security UserID=""></Security>
</System>
<EventData><Data Name="param1">Windows Management Instrumentation</Data>
<Data Name="param2">stopped</Data>
<Binary>VwBpAG4AbQBnAG0AdAAvADEAAAA=</Binary>
</EventData>
</Event>

<Event xmlns="http://schemas.microsoft.com/win/2004/08/events/event"><System><Provider Name="Service Control Manager" Guid="{555908d1-a6d7-4695-8e1e-26931d2012f4}" EventSourceName="Service Control Manager"></Provider>
<EventID Qualifiers="16384">7036</EventID>
<Version>0</Version>
<Level>4</Level>
<Task>0</Task>
<Opcode>0</Opcode>
<Keywords>0x8080000000000000</Keywords>
<TimeCreated SystemTime="2020-10-24 23:18:13.963156"></TimeCreated>
<EventRecordID>1588</EventRecordID>
<Correlation ActivityID="" RelatedActivityID=""></Correlation>
<Execution ProcessID="828" ThreadID="3488"></Execution>
<Channel>System</Channel>
<Computer>WIN-PTFPHFCRDJ0</Computer>
<Security UserID=""></Security>
</System>
<EventData><Data Name="param1">Remote Desktop Services UserMode Port Redirector</Data>
<Data Name="param2">stopped</Data>
<Binary>VQBtAFIAZABwAFMAZQByAHYAaQBjAGUALwAxAAAA</Binary>
</EventData>
</Event>

<Event xmlns="http://schemas.microsoft.com/win/2004/08/events/event"><System><Provider Name="Service Control Manager" Guid="{555908d1-a6d7-4695-8e1e-26931d2012f4}" EventSourceName="Service Control Manager"></Provider>
<EventID Qualifiers="16384">7036</EventID>
<Version>0</Version>
<Level>4</Level>
<Task>0</Task>
<Opcode>0</Opcode>
<Keywords>0x8080000000000000</Keywords>
<TimeCreated SystemTime="2020-10-24 23:18:14.177855"></TimeCreated>
<EventRecordID>1589</EventRecordID>
<Correlation ActivityID="" RelatedActivityID=""></Correlation>
<Execution ProcessID="828" ThreadID="4972"></Execution>
<Channel>System</Channel>
<Computer>WIN-PTFPHFCRDJ0</Computer>
<Security UserID=""></Security>
</System>
<EventData><Data Name="param1">User Profile Service</Data>
<Data Name="param2">stopped</Data>
<Binary>UAByAG8AZgBTAHYAYwAvADEAAAA=</Binary>
</EventData>
</Event>

<Event xmlns="http://schemas.microsoft.com/win/2004/08/events/event"><System><Provider Name="Service Control Manager" Guid="{555908d1-a6d7-4695-8e1e-26931d2012f4}" EventSourceName="Service Control Manager"></Provider>
<EventID Qualifiers="16384">7036</EventID>
<Version>0</Version>
<Level>4</Level>
<Task>0</Task>
<Opcode>0</Opcode>
<Keywords>0x8080000000000000</Keywords>
<TimeCreated SystemTime="2020-10-24 23:18:14.177855"></TimeCreated>
<EventRecordID>1590</EventRecordID>
<Correlation ActivityID="" RelatedActivityID=""></Correlation>
<Execution ProcessID="828" ThreadID="4972"></Execution>
<Channel>System</Channel>
<Computer>WIN-PTFPHFCRDJ0</Computer>
<Security UserID=""></Security>
</System>
<EventData><Data Name="param1">IPsec Policy Agent</Data>
<Data Name="param2">stopped</Data>
<Binary>UABvAGwAaQBjAHkAQQBnAGUAbgB0AC8AMQAAAA==</Binary>
</EventData>
</Event>

<Event xmlns="http://schemas.microsoft.com/win/2004/08/events/event"><System><Provider Name="Microsoft-Windows-Dhcp-Client" Guid="{15a7a4f8-0072-4eab-abad-f98a4d666aed}"></Provider>
<EventID Qualifiers="">50106</EventID>
<Version>0</Version>
<Level>4</Level>
<Task>4</Task>
<Opcode>129</Opcode>
<Keywords>0x2000000000000000</Keywords>
<TimeCreated SystemTime="2020-10-24 23:18:14.187859"></TimeCreated>
<EventRecordID>1591</EventRecordID>
<Correlation ActivityID="" RelatedActivityID=""></Correlation>
<Execution ProcessID="1236" ThreadID="1340"></Execution>
<Channel>System</Channel>
<Computer>WIN-PTFPHFCRDJ0</Computer>
<Security UserID="S-1-5-19"></Security>
</System>
<EventData></EventData>
</Event>

<Event xmlns="http://schemas.microsoft.com/win/2004/08/events/event"><System><Provider Name="Service Control Manager" Guid="{555908d1-a6d7-4695-8e1e-26931d2012f4}" EventSourceName="Service Control Manager"></Provider>
<EventID Qualifiers="16384">7036</EventID>
<Version>0</Version>
<Level>4</Level>
<Task>0</Task>
<Opcode>0</Opcode>
<Keywords>0x8080000000000000</Keywords>
<TimeCreated SystemTime="2020-10-24 23:18:14.188599"></TimeCreated>
<EventRecordID>1592</EventRecordID>
<Correlation ActivityID="" RelatedActivityID=""></Correlation>
<Execution ProcessID="828" ThreadID="4972"></Execution>
<Channel>System</Channel>
<Computer>WIN-PTFPHFCRDJ0</Computer>
<Security UserID=""></Security>
</System>
<EventData><Data Name="param1">Distributed Transaction Coordinator</Data>
<Data Name="param2">stopped</Data>
<Binary>TQBTAEQAVABDAC8AMQAAAA==</Binary>
</EventData>
</Event>

<Event xmlns="http://schemas.microsoft.com/win/2004/08/events/event"><System><Provider Name="Service Control Manager" Guid="{555908d1-a6d7-4695-8e1e-26931d2012f4}" EventSourceName="Service Control Manager"></Provider>
<EventID Qualifiers="16384">7036</EventID>
<Version>0</Version>
<Level>4</Level>
<Task>0</Task>
<Opcode>0</Opcode>
<Keywords>0x8080000000000000</Keywords>
<TimeCreated SystemTime="2020-10-24 23:18:14.270247"></TimeCreated>
<EventRecordID>1593</EventRecordID>
<Correlation ActivityID="" RelatedActivityID=""></Correlation>
<Execution ProcessID="828" ThreadID="3488"></Execution>
<Channel>System</Channel>
<Computer>WIN-PTFPHFCRDJ0</Computer>
<Security UserID=""></Security>
</System>
<EventData><Data Name="param1">Distributed Link Tracking Client</Data>
<Data Name="param2">stopped</Data>
<Binary>VAByAGsAVwBrAHMALwAxAAAA</Binary>
</EventData>
</Event>

