<Event xmlns="http://schemas.microsoft.com/win/2004/08/events/event"><System><Provider Name="Service Control Manager" Guid="{555908d1-a6d7-4695-8e1e-26931d2012f4}" EventSourceName="Service Control Manager"></Provider>
<EventID Qualifiers="16384">7036</EventID>
<Version>0</Version>
<Level>4</Level>
<Task>0</Task>
<Opcode>0</Opcode>
<Keywords>0x8080000000000000</Keywords>
<TimeCreated SystemTime="2020-10-22 23:34:41.227388"></TimeCreated>
<EventRecordID>676</EventRecordID>
<Correlation ActivityID="" RelatedActivityID=""></Correlation>
<Execution ProcessID="816" ThreadID="4608"></Execution>
<Channel>System</Channel>
<Computer>WIN-PTFPHFCRDJ0</Computer>
<Security UserID=""></Security>
</System>
<EventData><Data Name="param1">Windows Font Cache Service</Data>
<Data Name="param2">stopped</Data>
<Binary>RgBvAG4AdABDAGEAYwBoAGUALwAxAAAA</Binary>
</EventData>
</Event>

<Event xmlns="http://schemas.microsoft.com/win/2004/08/events/event"><System><Provider Name="Service Control Manager" Guid="{555908d1-a6d7-4695-8e1e-26931d2012f4}" EventSourceName="Service Control Manager"></Provider>
<EventID Qualifiers="16384">7036</EventID>
<Version>0</Version>
<Level>4</Level>
<Task>0</Task>
<Opcode>0</Opcode>
<Keywords>0x8080000000000000</Keywords>
<TimeCreated SystemTime="2020-10-22 23:34:41.258699"></TimeCreated>
<EventRecordID>677</EventRecordID>
<Correlation ActivityID="" RelatedActivityID=""></Correlation>
<Execution ProcessID="816" ThreadID="4608"></Execution>
<Channel>System</Channel>
<Computer>WIN-PTFPHFCRDJ0</Computer>
<Security UserID=""></Security>
</System>
<EventData><Data Name="param1">Windows Management Instrumentation</Data>
<Data Name="param2">stopped</Data>
<Binary>VwBpAG4AbQBnAG0AdAAvADEAAAA=</Binary>
</EventData>
</Event>

<Event xmlns="http://schemas.microsoft.com/win/2004/08/events/event"><System><Provider Name="Service Control Manager" Guid="{555908d1-a6d7-4695-8e1e-26931d2012f4}" EventSourceName="Service Control Manager"></Provider>
<EventID Qualifiers="16384">7036</EventID>
<Version>0</Version>
<Level>4</Level>
<Task>0</Task>
<Opcode>0</Opcode>
<Keywords>0x8080000000000000</Keywords>
<TimeCreated SystemTime="2020-10-22 23:34:41.509138"></TimeCreated>
<EventRecordID>678</EventRecordID>
<Correlation ActivityID="" RelatedActivityID=""></Correlation>
<Execution ProcessID="816" ThreadID="4608"></Execution>
<Channel>System</Channel>
<Computer>WIN-PTFPHFCRDJ0</Computer>
<Security UserID=""></Security>
</System>
<EventData><Data Name="param1">Remote Desktop Services</Data>
<Data Name="param2">stopped</Data>
<Binary>VABlAHIAbQBTAGUAcgB2AGkAYwBlAC8AMQAAAA==</Binary>
</EventData>
</Event>

<Event xmlns="http://schemas.microsoft.com/win/2004/08/events/event"><System><Provider Name="Service Control Manager" Guid="{555908d1-a6d7-4695-8e1e-26931d2012f4}" EventSourceName="Service Control Manager"></Provider>
<EventID Qualifiers="16384">7036</EventID>
<Version>0</Version>
<Level>4</Level>
<Task>0</Task>
<Opcode>0</Opcode>
<Keywords>0x8080000000000000</Keywords>
<TimeCreated SystemTime="2020-10-22 23:34:41.557991"></TimeCreated>
<EventRecordID>679</EventRecordID>
<Correlation ActivityID="" RelatedActivityID=""></Correlation>
<Execution ProcessID="816" ThreadID="4608"></Execution>
<Channel>System</Channel>
<Computer>WIN-PTFPHFCRDJ0</Computer>
<Security UserID=""></Security>
</System>
<EventData><Data Name="param1">Task Scheduler</Data>
<Data Name="param2">stopped</Data>
<Binary>UwBjAGgAZQBkAHUAbABlAC8AMQAAAA==</Binary>
</EventData>
</Event>

<Event xmlns="http://schemas.microsoft.com/win/2004/08/events/event"><System><Provider Name="Service Control Manager" Guid="{555908d1-a6d7-4695-8e1e-26931d2012f4}" EventSourceName="Service Control Manager"></Provider>
<EventID Qualifiers="16384">7036</EventID>
<Version>0</Version>
<Level>4</Level>
<Task>0</Task>
<Opcode>0</Opcode>
<Keywords>0x8080000000000000</Keywords>
<TimeCreated SystemTime="2020-10-22 23:34:41.652365"></TimeCreated>
<EventRecordID>680</EventRecordID>
<Correlation ActivityID="" RelatedActivityID=""></Correlation>
<Execution ProcessID="816" ThreadID="4608"></Execution>
<Channel>System</Channel>
<Computer>WIN-PTFPHFCRDJ0</Computer>
<Security UserID=""></Security>
</System>
<EventData><Data Name="param1">State Repository Service</Data>
<Data Name="param2">stopped</Data>
<Binary>UwB0AGEAdABlAFIAZQBwAG8AcwBpAHQAbwByAHkALwAxAAAA</Binary>
</EventData>
</Event>

<Event xmlns="http://schemas.microsoft.com/win/2004/08/events/event"><System><Provider Name="EventLog"></Provider>
<EventID Qualifiers="32768">6009</EventID>
<Level>4</Level>
<Task>0</Task>
<Keywords>0x0080000000000000</Keywords>
<TimeCreated SystemTime="2020-10-23 12:27:37.828695"></TimeCreated>
<EventRecordID>681</EventRecordID>
<Channel>System</Channel>
<Computer>WIN-PTFPHFCRDJ0</Computer>
<Security UserID=""></Security>
</System>
<EventData><Data>&lt;string&gt;10.00.&lt;/string&gt;
&lt;string&gt;17763&lt;/string&gt;
&lt;string&gt;&lt;/string&gt;
&lt;string&gt;Multiprocessor Free&lt;/string&gt;
&lt;string&gt;0&lt;/string&gt;
</Data>
<Binary></Binary>
</EventData>
</Event>

<Event xmlns="http://schemas.microsoft.com/win/2004/08/events/event"><System><Provider Name="EventLog"></Provider>
<EventID Qualifiers="32768">6005</EventID>
<Level>4</Level>
<Task>0</Task>
<Keywords>0x0080000000000000</Keywords>
<TimeCreated SystemTime="2020-10-23 12:27:37.828695"></TimeCreated>
<EventRecordID>682</EventRecordID>
<Channel>System</Channel>
<Computer>WIN-PTFPHFCRDJ0</Computer>
<Security UserID=""></Security>
</System>
<EventData><Data></Data>
<Binary>5AcKAAUAFwAMABsAJQA8AwAAAAAAAAAA</Binary>
</EventData>
</Event>

<Event xmlns="http://schemas.microsoft.com/win/2004/08/events/event"><System><Provider Name="EventLog"></Provider>
<EventID Qualifiers="32768">6013</EventID>
<Level>4</Level>
<Task>0</Task>
<Keywords>0x0080000000000000</Keywords>
<TimeCreated SystemTime="2020-10-23 12:27:38.093740"></TimeCreated>
<EventRecordID>683</EventRecordID>
<Channel>System</Channel>
<Computer>WIN-PTFPHFCRDJ0</Computer>
<Security UserID=""></Security>
</System>
<EventData><Data>&lt;string&gt;55&lt;/string&gt;
&lt;string&gt;&lt;/string&gt;
&lt;string&gt;55&lt;/string&gt;
&lt;string&gt;0&lt;/string&gt;
&lt;string&gt;-330 India Standard Time&lt;/string&gt;
</Data>
<Binary>MQAuADEAAAAwAAAAVwBpAG4AZABvAHcAcwAgAFMAZQByAHYAZQByACAAMgAwADEAOQAgAFMAdABhAG4AZABhAHIAZAAAADEAMAAuADAALgAxADcANwA2ADMAIABCAHUAaQBsAGQAIAAxADcANwA2ADMAIAAgAAAATQB1AGwAdABpAHAAcgBvAGMAZQBzAHMAbwByACAARgByAGUAZQAAADEANwA3ADYAMwAuAHIAcwA1AF8AcgBlAGwAZQBhAHMAZQAuADEAOAAwADkAMQA0AC0AMQA0ADMANAAAADUAZgA5ADEAZgAwAGYAZAAAAE4AbwB0ACAAQQB2AGEAaQBsAGEAYgBsAGUAAABOAG8AdAAgAEEAdgBhAGkAbABhAGIAbABlAAAAOQAAADEAAAAyADAANAA3AAAANAAwADkAAABXAEkATgAtAFAAVABGAFAASABGAEMAUgBEAEoAMAAAAAAA</Binary>
</EventData>
</Event>

<Event xmlns="http://schemas.microsoft.com/win/2004/08/events/event"><System><Provider Name="Service Control Manager" Guid="{555908d1-a6d7-4695-8e1e-26931d2012f4}" EventSourceName="Service Control Manager"></Provider>
<EventID Qualifiers="16384">7036</EventID>
<Version>0</Version>
<Level>4</Level>
<Task>0</Task>
<Opcode>0</Opcode>
<Keywords>0x8080000000000000</Keywords>
<TimeCreated SystemTime="2020-10-22 23:34:41.742901"></TimeCreated>
<EventRecordID>684</EventRecordID>
<Correlation ActivityID="" RelatedActivityID=""></Correlation>
<Execution ProcessID="816" ThreadID="4608"></Execution>
<Channel>System</Channel>
<Computer>WIN-PTFPHFCRDJ0</Computer>
<Security UserID=""></Security>
</System>
<EventData><Data Name="param1">Windows Connection Manager</Data>
<Data Name="param2">stopped</Data>
<Binary>VwBjAG0AcwB2AGMALwAxAAAA</Binary>
</EventData>
</Event>

<Event xmlns="http://schemas.microsoft.com/win/2004/08/events/event"><System><Provider Name="Service Control Manager" Guid="{555908d1-a6d7-4695-8e1e-26931d2012f4}" EventSourceName="Service Control Manager"></Provider>
<EventID Qualifiers="16384">7036</EventID>
<Version>0</Version>
<Level>4</Level>
<Task>0</Task>
<Opcode>0</Opcode>
<Keywords>0x8080000000000000</Keywords>
<TimeCreated SystemTime="2020-10-22 23:34:41.774374"></TimeCreated>
<EventRecordID>685</EventRecordID>
<Correlation ActivityID="" RelatedActivityID=""></Correlation>
<Execution ProcessID="816" ThreadID="4608"></Execution>
<Channel>System</Channel>
<Computer>WIN-PTFPHFCRDJ0</Computer>
<Security UserID=""></Security>
</System>
<EventData><Data Name="param1">Windows Event Log</Data>
<Data Name="param2">stopped</Data>
<Binary>RQB2AGUAbgB0AEwAbwBnAC8AMQAAAA==</Binary>
</EventData>
</Event>

<Event xmlns="http://schemas.microsoft.com/win/2004/08/events/event"><System><Provider Name="Service Control Manager" Guid="{555908d1-a6d7-4695-8e1e-26931d2012f4}" EventSourceName="Service Control Manager"></Provider>
<EventID Qualifiers="16384">7036</EventID>
<Version>0</Version>
<Level>4</Level>
<Task>0</Task>
<Opcode>0</Opcode>
<Keywords>0x8080000000000000</Keywords>
<TimeCreated SystemTime="2020-10-22 23:34:41.868200"></TimeCreated>
<EventRecordID>686</EventRecordID>
<Correlation ActivityID="" RelatedActivityID=""></Correlation>
<Execution ProcessID="816" ThreadID="4608"></Execution>
<Channel>System</Channel>
<Computer>WIN-PTFPHFCRDJ0</Computer>
<Security UserID=""></Security>
</System>
<EventData><Data Name="param1">Distributed Transaction Coordinator</Data>
<Data Name="param2">stopped</Data>
<Binary>TQBTAEQAVABDAC8AMQAAAA==</Binary>
</EventData>
</Event>

<Event xmlns="http://schemas.microsoft.com/win/2004/08/events/event"><System><Provider Name="Service Control Manager" Guid="{555908d1-a6d7-4695-8e1e-26931d2012f4}" EventSourceName="Service Control Manager"></Provider>
<EventID Qualifiers="16384">7036</EventID>
<Version>0</Version>
<Level>4</Level>
<Task>0</Task>
<Opcode>0</Opcode>
<Keywords>0x8080000000000000</Keywords>
<TimeCreated SystemTime="2020-10-22 23:34:41.868200"></TimeCreated>
<EventRecordID>687</EventRecordID>
<Correlation ActivityID="" RelatedActivityID=""></Correlation>
<Execution ProcessID="816" ThreadID="4608"></Execution>
<Channel>System</Channel>
<Computer>WIN-PTFPHFCRDJ0</Computer>
<Security UserID=""></Security>
</System>
<EventData><Data Name="param1">IKE and AuthIP IPsec Keying Modules</Data>
<Data Name="param2">stopped</Data>
<Binary>SQBLAEUARQBYAFQALwAxAAAA</Binary>
</EventData>
</Event>

<Event xmlns="http://schemas.microsoft.com/win/2004/08/events/event"><System><Provider Name="Service Control Manager" Guid="{555908d1-a6d7-4695-8e1e-26931d2012f4}" EventSourceName="Service Control Manager"></Provider>
<EventID Qualifiers="16384">7036</EventID>
<Version>0</Version>
<Level>4</Level>
<Task>0</Task>
<Opcode>0</Opcode>
<Keywords>0x8080000000000000</Keywords>
<TimeCreated SystemTime="2020-10-22 23:34:41.948305"></TimeCreated>
<EventRecordID>688</EventRecordID>
<Correlation ActivityID="" RelatedActivityID=""></Correlation>
<Execution ProcessID="816" ThreadID="4608"></Execution>
<Channel>System</Channel>
<Computer>WIN-PTFPHFCRDJ0</Computer>
<Security UserID=""></Security>
</System>
<EventData><Data Name="param1">Windows Remote Management (WS-Management)</Data>
<Data Name="param2">stopped</Data>
<Binary>VwBpAG4AUgBNAC8AMQAAAA==</Binary>
</EventData>
</Event>

<Event xmlns="http://schemas.microsoft.com/win/2004/08/events/event"><System><Provider Name="Service Control Manager" Guid="{555908d1-a6d7-4695-8e1e-26931d2012f4}" EventSourceName="Service Control Manager"></Provider>
<EventID Qualifiers="16384">7036</EventID>
<Version>0</Version>
<Level>4</Level>
<Task>0</Task>
<Opcode>0</Opcode>
<Keywords>0x8080000000000000</Keywords>
<TimeCreated SystemTime="2020-10-22 23:34:42.822411"></TimeCreated>
<EventRecordID>689</EventRecordID>
<Correlation ActivityID="" RelatedActivityID=""></Correlation>
<Execution ProcessID="816" ThreadID="4608"></Execution>
<Channel>System</Channel>
<Computer>WIN-PTFPHFCRDJ0</Computer>
<Security UserID=""></Security>
</System>
<EventData><Data Name="param1">Diagnostic Policy Service</Data>
<Data Name="param2">stopped</Data>
<Binary>RABQAFMALwAxAAAA</Binary>
</EventData>
</Event>

<Event xmlns="http://schemas.microsoft.com/win/2004/08/events/event"><System><Provider Name="Service Control Manager" Guid="{555908d1-a6d7-4695-8e1e-26931d2012f4}" EventSourceName="Service Control Manager"></Provider>
<EventID Qualifiers="16384">7036</EventID>
<Version>0</Version>
<Level>4</Level>
<Task>0</Task>
<Opcode>0</Opcode>
<Keywords>0x8080000000000000</Keywords>
<TimeCreated SystemTime="2020-10-22 23:34:43.289972"></TimeCreated>
<EventRecordID>690</EventRecordID>
<Correlation ActivityID="" RelatedActivityID=""></Correlation>
<Execution ProcessID="816" ThreadID="4608"></Execution>
<Channel>System</Channel>
<Computer>WIN-PTFPHFCRDJ0</Computer>
<Security UserID=""></Security>
</System>
<EventData><Data Name="param1">Windows Defender Antivirus Service</Data>
<Data Name="param2">stopped</Data>
<Binary>VwBpAG4ARABlAGYAZQBuAGQALwAxAAAA</Binary>
</EventData>
</Event>

<Event xmlns="http://schemas.microsoft.com/win/2004/08/events/event"><System><Provider Name="Microsoft-Windows-Kernel-Power" Guid="{331c3b3a-2005-44c2-ac5e-77220c37d6b4}"></Provider>
<EventID Qualifiers="">109</EventID>
<Version>0</Version>
<Level>4</Level>
<Task>103</Task>
<Opcode>0</Opcode>
<Keywords>0x8000400000000404</Keywords>
<TimeCreated SystemTime="2020-10-22 23:34:43.418236"></TimeCreated>
<EventRecordID>691</EventRecordID>
<Correlation ActivityID="" RelatedActivityID=""></Correlation>
<Execution ProcessID="704" ThreadID="708"></Execution>
<Channel>System</Channel>
<Computer>WIN-PTFPHFCRDJ0</Computer>
<Security UserID=""></Security>
</System>
<EventData><Data Name="ShutdownActionType">6</Data>
<Data Name="ShutdownEventCode">0</Data>
<Data Name="ShutdownReason">5</Data>
</EventData>
</Event>

<Event xmlns="http://schemas.microsoft.com/win/2004/08/events/event"><System><Provider Name="Microsoft-Windows-Kernel-Power" Guid="{331c3b3a-2005-44c2-ac5e-77220c37d6b4}"></Provider>
<EventID Qualifiers="">109</EventID>
<Version>0</Version>
<Level>4</Level>
<Task>103</Task>
<Opcode>0</Opcode>
<Keywords>0x8000400000000404</Keywords>
<TimeCreated SystemTime="2020-10-22 23:34:43.418243"></TimeCreated>
<EventRecordID>692</EventRecordID>
<Correlation ActivityID="" RelatedActivityID=""></Correlation>
<Execution ProcessID="704" ThreadID="708"></Execution>
<Channel>System</Channel>
<Computer>WIN-PTFPHFCRDJ0</Computer>
<Security UserID=""></Security>
</System>
<EventData><Data Name="ShutdownActionType">6</Data>
<Data Name="ShutdownEventCode">0</Data>
<Data Name="ShutdownReason">5</Data>
</EventData>
</Event>

<Event xmlns="http://schemas.microsoft.com/win/2004/08/events/event"><System><Provider Name="Microsoft-Windows-Kernel-General" Guid="{a68ca8b7-004f-d7b6-a698-07e2de0f1f5d}"></Provider>
<EventID Qualifiers="">13</EventID>
<Version>0</Version>
<Level>4</Level>
<Task>2</Task>
<Opcode>0</Opcode>
<Keywords>0x8000000000000080</Keywords>
<TimeCreated SystemTime="2020-10-22 23:34:43.711933"></TimeCreated>
<EventRecordID>693</EventRecordID>
<Correlation ActivityID="" RelatedActivityID=""></Correlation>
<Execution ProcessID="4" ThreadID="4124"></Execution>
<Channel>System</Channel>
<Computer>WIN-PTFPHFCRDJ0</Computer>
<Security UserID=""></Security>
</System>
<EventData><Data Name="StopTime">2020-10-22 23:34:43.711931</Data>
</EventData>
</Event>

<Event xmlns="http://schemas.microsoft.com/win/2004/08/events/event"><System><Provider Name="Microsoft-Windows-Kernel-General" Guid="{a68ca8b7-004f-d7b6-a698-07e2de0f1f5d}"></Provider>
<EventID Qualifiers="">12</EventID>
<Version>0</Version>
<Level>4</Level>
<Task>1</Task>
<Opcode>0</Opcode>
<Keywords>0x8000000000000080</Keywords>
<TimeCreated SystemTime="2020-10-23 12:26:42.920996"></TimeCreated>
<EventRecordID>694</EventRecordID>
<Correlation ActivityID="" RelatedActivityID=""></Correlation>
<Execution ProcessID="4" ThreadID="8"></Execution>
<Channel>System</Channel>
<Computer>WIN-PTFPHFCRDJ0</Computer>
<Security UserID="S-1-5-18"></Security>
</System>
<EventData><Data Name="MajorVersion">10</Data>
<Data Name="MinorVersion">0</Data>
<Data Name="BuildVersion">17763</Data>
<Data Name="QfeVersion">107</Data>
<Data Name="ServiceVersion">0</Data>
<Data Name="BootMode">0</Data>
<Data Name="StartTime">2020-10-23 12:26:42.500000</Data>
</EventData>
</Event>

<Event xmlns="http://schemas.microsoft.com/win/2004/08/events/event"><System><Provider Name="Microsoft-Windows-Kernel-Boot" Guid="{15ca44ff-4d7a-4baa-bba5-0998955e531e}"></Provider>
<EventID Qualifiers="">153</EventID>
<Version>0</Version>
<Level>4</Level>
<Task>62</Task>
<Opcode>0</Opcode>
<Keywords>0x8000000000000000</Keywords>
<TimeCreated SystemTime="2020-10-23 12:26:42.921034"></TimeCreated>
<EventRecordID>695</EventRecordID>
<Correlation ActivityID="" RelatedActivityID=""></Correlation>
<Execution ProcessID="4" ThreadID="8"></Execution>
<Channel>System</Channel>
<Computer>WIN-PTFPHFCRDJ0</Computer>
<Security UserID="S-1-5-18"></Security>
</System>
<EventData><Data Name="Status">0</Data>
<Data Name="EnableDisableReason">0</Data>
<Data Name="VsmPolicy">0</Data>
</EventData>
</Event>

<Event xmlns="http://schemas.microsoft.com/win/2004/08/events/event"><System><Provider Name="Microsoft-Windows-Kernel-Boot" Guid="{15ca44ff-4d7a-4baa-bba5-0998955e531e}"></Provider>
<EventID Qualifiers="">20</EventID>
<Version>1</Version>
<Level>4</Level>
<Task>31</Task>
<Opcode>0</Opcode>
<Keywords>0x8000000000000000</Keywords>
<TimeCreated SystemTime="2020-10-23 12:26:42.921148"></TimeCreated>
<EventRecordID>696</EventRecordID>
<Correlation ActivityID="" RelatedActivityID=""></Correlation>
<Execution ProcessID="4" ThreadID="8"></Execution>
<Channel>System</Channel>
<Computer>WIN-PTFPHFCRDJ0</Computer>
<Security UserID="S-1-5-18"></Security>
</System>
<EventData><Data Name="LastShutdownGood">True</Data>
<Data Name="LastBootGood">True</Data>
<Data Name="LastBootId">2</Data>
<Data Name="BootStatusPolicy">2</Data>
</EventData>
</Event>

<Event xmlns="http://schemas.microsoft.com/win/2004/08/events/event"><System><Provider Name="Microsoft-Windows-Kernel-Boot" Guid="{15ca44ff-4d7a-4baa-bba5-0998955e531e}"></Provider>
<EventID Qualifiers="">25</EventID>
<Version>0</Version>
<Level>4</Level>
<Task>32</Task>
<Opcode>0</Opcode>
<Keywords>0x8000000000000000</Keywords>
<TimeCreated SystemTime="2020-10-23 12:26:42.921179"></TimeCreated>
<EventRecordID>697</EventRecordID>
<Correlation ActivityID="" RelatedActivityID=""></Correlation>
<Execution ProcessID="4" ThreadID="8"></Execution>
<Channel>System</Channel>
<Computer>WIN-PTFPHFCRDJ0</Computer>
<Security UserID="S-1-5-18"></Security>
</System>
<EventData><Data Name="BootMenuPolicy">0</Data>
</EventData>
</Event>

<Event xmlns="http://schemas.microsoft.com/win/2004/08/events/event"><System><Provider Name="Microsoft-Windows-Kernel-Boot" Guid="{15ca44ff-4d7a-4baa-bba5-0998955e531e}"></Provider>
<EventID Qualifiers="">27</EventID>
<Version>1</Version>
<Level>4</Level>
<Task>33</Task>
<Opcode>0</Opcode>
<Keywords>0x8000000000000000</Keywords>
<TimeCreated SystemTime="2020-10-23 12:26:42.921179"></TimeCreated>
<EventRecordID>698</EventRecordID>
<Correlation ActivityID="" RelatedActivityID=""></Correlation>
<Execution ProcessID="4" ThreadID="8"></Execution>
<Channel>System</Channel>
<Computer>WIN-PTFPHFCRDJ0</Computer>
<Security UserID="S-1-5-18"></Security>
</System>
<EventData><Data Name="BootType">0</Data>
<Data Name="LoadOptions"> NOEXECUTE=OPTOUT</Data>
</EventData>
</Event>

<Event xmlns="http://schemas.microsoft.com/win/2004/08/events/event"><System><Provider Name="Microsoft-Windows-Kernel-Boot" Guid="{15ca44ff-4d7a-4baa-bba5-0998955e531e}"></Provider>
<EventID Qualifiers="">18</EventID>
<Version>0</Version>
<Level>4</Level>
<Task>57</Task>
<Opcode>0</Opcode>
<Keywords>0x8000000000000000</Keywords>
<TimeCreated SystemTime="2020-10-23 12:26:42.921200"></TimeCreated>
<EventRecordID>699</EventRecordID>
<Correlation ActivityID="" RelatedActivityID=""></Correlation>
<Execution ProcessID="4" ThreadID="8"></Execution>
<Channel>System</Channel>
<Computer>WIN-PTFPHFCRDJ0</Computer>
<Security UserID="S-1-5-18"></Security>
</System>
<EventData><Data Name="EntryCount">1</Data>
</EventData>
</Event>

<Event xmlns="http://schemas.microsoft.com/win/2004/08/events/event"><System><Provider Name="Microsoft-Windows-Kernel-Boot" Guid="{15ca44ff-4d7a-4baa-bba5-0998955e531e}"></Provider>
<EventID Qualifiers="">32</EventID>
<Version>0</Version>
<Level>4</Level>
<Task>58</Task>
<Opcode>0</Opcode>
<Keywords>0x8000000000000000</Keywords>
<TimeCreated SystemTime="2020-10-23 12:26:42.921221"></TimeCreated>
<EventRecordID>700</EventRecordID>
<Correlation ActivityID="" RelatedActivityID=""></Correlation>
<Execution ProcessID="4" ThreadID="8"></Execution>
<Channel>System</Channel>
<Computer>WIN-PTFPHFCRDJ0</Computer>
<Security UserID="S-1-5-18"></Security>
</System>
<EventData><Data Name="BitlockerUserInputTime">0</Data>
</EventData>
</Event>

<Event xmlns="http://schemas.microsoft.com/win/2004/08/events/event"><System><Provider Name="Microsoft-Windows-Kernel-General" Guid="{a68ca8b7-004f-d7b6-a698-07e2de0f1f5d}"></Provider>
<EventID Qualifiers="">20</EventID>
<Version>0</Version>
<Level>4</Level>
<Task>6</Task>
<Opcode>0</Opcode>
<Keywords>0x8000000000000010</Keywords>
<TimeCreated SystemTime="2020-10-23 12:26:42.922424"></TimeCreated>
<EventRecordID>701</EventRecordID>
<Correlation ActivityID="" RelatedActivityID=""></Correlation>
<Execution ProcessID="4" ThreadID="8"></Execution>
<Channel>System</Channel>
<Computer>WIN-PTFPHFCRDJ0</Computer>
<Security UserID="S-1-5-18"></Security>
</System>
<EventData><Data Name="UpdateReason">0</Data>
<Data Name="EnabledNew">True</Data>
<Data Name="CountNew">0</Data>
<Data Name="CountOld">0</Data>
</EventData>
</Event>

<Event xmlns="http://schemas.microsoft.com/win/2004/08/events/event"><System><Provider Name="vmci"></Provider>
<EventID Qualifiers="16392">3</EventID>
<Level>4</Level>
<Task>0</Task>
<Keywords>0x0080000000000000</Keywords>
<TimeCreated SystemTime="2020-10-23 12:26:46.750082"></TimeCreated>
<EventRecordID>702</EventRecordID>
<Channel>System</Channel>
<Computer>WIN-PTFPHFCRDJ0</Computer>
<Security UserID=""></Security>
</System>
<EventData><Data>&lt;string&gt;VMCI: Using capabilities (0x1c).
&lt;/string&gt;
&lt;string&gt;&lt;/string&gt;
</Data>
<Binary>AAAAAAIAKAAAAAAAAwAIQAMACEAAAAAAAAAAAAAAAAAAAAAAAAAAAA==</Binary>
</EventData>
</Event>

<Event xmlns="http://schemas.microsoft.com/win/2004/08/events/event"><System><Provider Name="Microsoft-Windows-FilterManager" Guid="{f3c5e28e-63f6-49c7-a204-e48a1bc4b09d}"></Provider>
<EventID Qualifiers="">6</EventID>
<Version>0</Version>
<Level>4</Level>
<Task>0</Task>
<Opcode>0</Opcode>
<Keywords>0x8000000000000000</Keywords>
<TimeCreated SystemTime="2020-10-23 12:26:47.206774"></TimeCreated>
<EventRecordID>703</EventRecordID>
<Correlation ActivityID="" RelatedActivityID=""></Correlation>
<Execution ProcessID="4" ThreadID="8"></Execution>
<Channel>System</Channel>
<Computer>WIN-PTFPHFCRDJ0</Computer>
<Security UserID="S-1-5-18"></Security>
</System>
<EventData><Data Name="FinalStatus">0x00000000</Data>
<Data Name="DeviceVersionMajor">10</Data>
<Data Name="DeviceVersionMinor">0</Data>
<Data Name="DeviceNameLength">3</Data>
<Data Name="DeviceName">Wof</Data>
<Data Name="DeviceTime">1988-11-15 05:06:29</Data>
</EventData>
</Event>

<Event xmlns="http://schemas.microsoft.com/win/2004/08/events/event"><System><Provider Name="Microsoft-Windows-FilterManager" Guid="{f3c5e28e-63f6-49c7-a204-e48a1bc4b09d}"></Provider>
<EventID Qualifiers="">6</EventID>
<Version>0</Version>
<Level>4</Level>
<Task>0</Task>
<Opcode>0</Opcode>
<Keywords>0x8000000000000000</Keywords>
<TimeCreated SystemTime="2020-10-23 12:26:47.207207"></TimeCreated>
<EventRecordID>704</EventRecordID>
<Correlation ActivityID="" RelatedActivityID=""></Correlation>
<Execution ProcessID="4" ThreadID="8"></Execution>
<Channel>System</Channel>
<Computer>WIN-PTFPHFCRDJ0</Computer>
<Security UserID="S-1-5-18"></Security>
</System>
<EventData><Data Name="FinalStatus">0x00000000</Data>
<Data Name="DeviceVersionMajor">10</Data>
<Data Name="DeviceVersionMinor">0</Data>
<Data Name="DeviceNameLength">8</Data>
<Data Name="DeviceName">WdFilter</Data>
<Data Name="DeviceTime">2070-12-05 01:11:44</Data>
</EventData>
</Event>

<Event xmlns="http://schemas.microsoft.com/win/2004/08/events/event"><System><Provider Name="Microsoft-Windows-Ntfs" Guid="{3ff37a1c-a68d-4d6e-8c9b-f79e8b16c482}"></Provider>
<EventID Qualifiers="">98</EventID>
<Version>0</Version>
<Level>4</Level>
<Task>0</Task>
<Opcode>0</Opcode>
<Keywords>0x8000000000000002</Keywords>
<TimeCreated SystemTime="2020-10-23 12:26:48.599150"></TimeCreated>
<EventRecordID>705</EventRecordID>
<Correlation ActivityID="" RelatedActivityID=""></Correlation>
<Execution ProcessID="4" ThreadID="428"></Execution>
<Channel>System</Channel>
<Computer>WIN-PTFPHFCRDJ0</Computer>
<Security UserID="S-1-5-18"></Security>
</System>
<EventData><Data Name="DriveName">C:</Data>
<Data Name="DeviceName">\Device\HarddiskVolume3</Data>
<Data Name="CorruptionActionState">0</Data>
</EventData>
</Event>

<Event xmlns="http://schemas.microsoft.com/win/2004/08/events/event"><System><Provider Name="Microsoft-Windows-FilterManager" Guid="{f3c5e28e-63f6-49c7-a204-e48a1bc4b09d}"></Provider>
<EventID Qualifiers="">6</EventID>
<Version>0</Version>
<Level>4</Level>
<Task>0</Task>
<Opcode>0</Opcode>
<Keywords>0x8000000000000000</Keywords>
<TimeCreated SystemTime="2020-10-23 12:26:50.676069"></TimeCreated>
<EventRecordID>706</EventRecordID>
<Correlation ActivityID="" RelatedActivityID=""></Correlation>
<Execution ProcessID="4" ThreadID="8"></Execution>
<Channel>System</Channel>
<Computer>WIN-PTFPHFCRDJ0</Computer>
<Security UserID="S-1-5-18"></Security>
</System>
<EventData><Data Name="FinalStatus">0x00000000</Data>
<Data Name="DeviceVersionMajor">10</Data>
<Data Name="DeviceVersionMinor">0</Data>
<Data Name="DeviceNameLength">9</Data>
<Data Name="DeviceName">FileCrypt</Data>
<Data Name="DeviceTime">2034-08-13 20:00:12</Data>
</EventData>
</Event>

<Event xmlns="http://schemas.microsoft.com/win/2004/08/events/event"><System><Provider Name="Microsoft-Windows-FilterManager" Guid="{f3c5e28e-63f6-49c7-a204-e48a1bc4b09d}"></Provider>
<EventID Qualifiers="">6</EventID>
<Version>0</Version>
<Level>4</Level>
<Task>0</Task>
<Opcode>0</Opcode>
<Keywords>0x8000000000000000</Keywords>
<TimeCreated SystemTime="2020-10-23 12:26:52.643976"></TimeCreated>
<EventRecordID>707</EventRecordID>
<Correlation ActivityID="" RelatedActivityID=""></Correlation>
<Execution ProcessID="4" ThreadID="8"></Execution>
<Channel>System</Channel>
<Computer>WIN-PTFPHFCRDJ0</Computer>
<Security UserID="S-1-5-18"></Security>
</System>
<EventData><Data Name="FinalStatus">0x00000000</Data>
<Data Name="DeviceVersionMajor">10</Data>
<Data Name="DeviceVersionMinor">0</Data>
<Data Name="DeviceNameLength">9</Data>
<Data Name="DeviceName">npsvctrig</Data>
<Data Name="DeviceTime">2037-02-23 11:41:04</Data>
</EventData>
</Event>

<Event xmlns="http://schemas.microsoft.com/win/2004/08/events/event"><System><Provider Name="Microsoft-Windows-Kernel-Power" Guid="{331c3b3a-2005-44c2-ac5e-77220c37d6b4}"></Provider>
<EventID Qualifiers="">172</EventID>
<Version>0</Version>
<Level>4</Level>
<Task>203</Task>
<Opcode>0</Opcode>
<Keywords>0x8000000000000404</Keywords>
<TimeCreated SystemTime="2020-10-23 12:26:54.113434"></TimeCreated>
<EventRecordID>708</EventRecordID>
<Correlation ActivityID="" RelatedActivityID=""></Correlation>
<Execution ProcessID="4" ThreadID="432"></Execution>
<Channel>System</Channel>
<Computer>WIN-PTFPHFCRDJ0</Computer>
<Security UserID="S-1-5-18"></Security>
</System>
<EventData><Data Name="State">2</Data>
<Data Name="Reason">6</Data>
</EventData>
</Event>

<Event xmlns="http://schemas.microsoft.com/win/2004/08/events/event"><System><Provider Name="Microsoft-Windows-Kernel-Processor-Power" Guid="{0f67e49f-fe51-4e9f-b490-6f2948cc6027}"></Provider>
<EventID Qualifiers="">55</EventID>
<Version>0</Version>
<Level>4</Level>
<Task>47</Task>
<Opcode>0</Opcode>
<Keywords>0x8000000000000000</Keywords>
<TimeCreated SystemTime="2020-10-23 12:27:00.504065"></TimeCreated>
<EventRecordID>709</EventRecordID>
<Correlation ActivityID="" RelatedActivityID=""></Correlation>
<Execution ProcessID="4" ThreadID="424"></Execution>
<Channel>System</Channel>
<Computer>WIN-PTFPHFCRDJ0</Computer>
<Security UserID="S-1-5-18"></Security>
</System>
<EventData><Data Name="Group">0</Data>
<Data Name="Number">0</Data>
<Data Name="IdleStateCount">1</Data>
<Data Name="IdleImplementation">1</Data>
<Data Name="NominalFrequency">2592</Data>
<Data Name="MaximumPerformancePercent">100</Data>
<Data Name="MinimumPerformancePercent">100</Data>
<Data Name="MinimumThrottlePercent">12</Data>
<Data Name="PerformanceImplementation">1</Data>
</EventData>
</Event>

<Event xmlns="http://schemas.microsoft.com/win/2004/08/events/event"><System><Provider Name="e1iexpress"></Provider>
<EventID Qualifiers="24580">32</EventID>
<Level>4</Level>
<Task>0</Task>
<Keywords>0x0080000000000000</Keywords>
<TimeCreated SystemTime="2020-10-23 12:27:01.574083"></TimeCreated>
<EventRecordID>710</EventRecordID>
<Channel>System</Channel>
<Computer>WIN-PTFPHFCRDJ0</Computer>
<Security UserID=""></Security>
</System>
<EventData><Data>&lt;string&gt;Intel(R) 82574L Gigabit Network Connection&lt;/string&gt;
&lt;string&gt;&lt;/string&gt;
</Data>
<Binary>AAAEAAIAMAAAAAAAIAAEYAAAAAAAAAAAAAAAAAAAAAAAAAAAAAAAACAABGA=</Binary>
</EventData>
</Event>

<Event xmlns="http://schemas.microsoft.com/win/2004/08/events/event"><System><Provider Name="Microsoft-Windows-Wininit" Guid="{206f6dea-d3c5-4d10-bc72-989f03c8b84b}"></Provider>
<EventID Qualifiers="">14</EventID>
<Version>0</Version>
<Level>4</Level>
<Task>0</Task>
<Opcode>0</Opcode>
<Keywords>0x4000000000000000</Keywords>
<TimeCreated SystemTime="2020-10-23 12:27:24.281618"></TimeCreated>
<EventRecordID>711</EventRecordID>
<Correlation ActivityID="" RelatedActivityID=""></Correlation>
<Execution ProcessID="744" ThreadID="748"></Execution>
<Channel>System</Channel>
<Computer>WIN-PTFPHFCRDJ0</Computer>
<Security UserID="S-1-5-18"></Security>
</System>
<EventData><Data Name="Config">0</Data>
<Data Name="IsTestConfig">0</Data>
</EventData>
</Event>

<Event xmlns="http://schemas.microsoft.com/win/2004/08/events/event"><System><Provider Name="Microsoft-Windows-Directory-Services-SAM" Guid="{0d4fdc09-8c27-494a-bda0-505e4fd8adae}"></Provider>
<EventID Qualifiers="">16962</EventID>
<Version>0</Version>
<Level>4</Level>
<Task>0</Task>
<Opcode>0</Opcode>
<Keywords>0x8000000000000000</Keywords>
<TimeCreated SystemTime="2020-10-23 12:27:26.534531"></TimeCreated>
<EventRecordID>712</EventRecordID>
<Correlation ActivityID="{c3e0a7d3-a937-0000-e0aa-e0c337a9d601}" RelatedActivityID=""></Correlation>
<Execution ProcessID="832" ThreadID="836"></Execution>
<Channel>System</Channel>
<Computer>WIN-PTFPHFCRDJ0</Computer>
<Security UserID="S-1-5-18"></Security>
</System>
<EventData Name="SAMMSG_RESTRICT_REMOTE_SAM_DEFAULT_SD"><Data Name="Default SD String:">O:SYG:SYD:(A;;RC;;;BA)</Data>
</EventData>
</Event>

<Event xmlns="http://schemas.microsoft.com/win/2004/08/events/event"><System><Provider Name="Service Control Manager" Guid="{555908d1-a6d7-4695-8e1e-26931d2012f4}" EventSourceName="Service Control Manager"></Provider>
<EventID Qualifiers="16384">7036</EventID>
<Version>0</Version>
<Level>4</Level>
<Task>0</Task>
<Opcode>0</Opcode>
<Keywords>0x8080000000000000</Keywords>
<TimeCreated SystemTime="2020-10-23 12:27:26.891203"></TimeCreated>
<EventRecordID>713</EventRecordID>
<Correlation ActivityID="" RelatedActivityID=""></Correlation>
<Execution ProcessID="820" ThreadID="904"></Execution>
<Channel>System</Channel>
<Computer>WIN-PTFPHFCRDJ0</Computer>
<Security UserID=""></Security>
</System>
<EventData><Data Name="param1">PlugPlay</Data>
<Data Name="param2">running</Data>
<Binary>UABsAHUAZwBQAGwAYQB5AC8ANAAAAA==</Binary>
</EventData>
</Event>

<Event xmlns="http://schemas.microsoft.com/win/2004/08/events/event"><System><Provider Name="Service Control Manager" Guid="{555908d1-a6d7-4695-8e1e-26931d2012f4}" EventSourceName="Service Control Manager"></Provider>
<EventID Qualifiers="16384">7036</EventID>
<Version>0</Version>
<Level>4</Level>
<Task>0</Task>
<Opcode>0</Opcode>
<Keywords>0x8080000000000000</Keywords>
<TimeCreated SystemTime="2020-10-23 12:27:27.811901"></TimeCreated>
<EventRecordID>714</EventRecordID>
<Correlation ActivityID="" RelatedActivityID=""></Correlation>
<Execution ProcessID="820" ThreadID="904"></Execution>
<Channel>System</Channel>
<Computer>WIN-PTFPHFCRDJ0</Computer>
<Security UserID=""></Security>
</System>
<EventData><Data Name="param1">Power</Data>
<Data Name="param2">running</Data>
<Binary>UABvAHcAZQByAC8ANAAAAA==</Binary>
</EventData>
</Event>

<Event xmlns="http://schemas.microsoft.com/win/2004/08/events/event"><System><Provider Name="Service Control Manager" Guid="{555908d1-a6d7-4695-8e1e-26931d2012f4}" EventSourceName="Service Control Manager"></Provider>
<EventID Qualifiers="16384">7036</EventID>
<Version>0</Version>
<Level>4</Level>
<Task>0</Task>
<Opcode>0</Opcode>
<Keywords>0x8080000000000000</Keywords>
<TimeCreated SystemTime="2020-10-23 12:27:28.452408"></TimeCreated>
<EventRecordID>715</EventRecordID>
<Correlation ActivityID="" RelatedActivityID=""></Correlation>
<Execution ProcessID="820" ThreadID="904"></Execution>
<Channel>System</Channel>
<Computer>WIN-PTFPHFCRDJ0</Computer>
<Security UserID=""></Security>
</System>
<EventData><Data Name="param1">RpcEptMapper</Data>
<Data Name="param2">running</Data>
<Binary>UgBwAGMARQBwAHQATQBhAHAAcABlAHIALwA0AAAA</Binary>
</EventData>
</Event>

<Event xmlns="http://schemas.microsoft.com/win/2004/08/events/event"><System><Provider Name="Service Control Manager" Guid="{555908d1-a6d7-4695-8e1e-26931d2012f4}" EventSourceName="Service Control Manager"></Provider>
<EventID Qualifiers="16384">7036</EventID>
<Version>0</Version>
<Level>4</Level>
<Task>0</Task>
<Opcode>0</Opcode>
<Keywords>0x8080000000000000</Keywords>
<TimeCreated SystemTime="2020-10-23 12:27:28.468317"></TimeCreated>
<EventRecordID>716</EventRecordID>
<Correlation ActivityID="" RelatedActivityID=""></Correlation>
<Execution ProcessID="820" ThreadID="904"></Execution>
<Channel>System</Channel>
<Computer>WIN-PTFPHFCRDJ0</Computer>
<Security UserID=""></Security>
</System>
<EventData><Data Name="param1">DcomLaunch</Data>
<Data Name="param2">running</Data>
<Binary>RABjAG8AbQBMAGEAdQBuAGMAaAAvADQAAAA=</Binary>
</EventData>
</Event>

<Event xmlns="http://schemas.microsoft.com/win/2004/08/events/event"><System><Provider Name="Service Control Manager" Guid="{555908d1-a6d7-4695-8e1e-26931d2012f4}" EventSourceName="Service Control Manager"></Provider>
<EventID Qualifiers="16384">7036</EventID>
<Version>0</Version>
<Level>4</Level>
<Task>0</Task>
<Opcode>0</Opcode>
<Keywords>0x8080000000000000</Keywords>
<TimeCreated SystemTime="2020-10-23 12:27:28.657354"></TimeCreated>
<EventRecordID>717</EventRecordID>
<Correlation ActivityID="" RelatedActivityID=""></Correlation>
<Execution ProcessID="820" ThreadID="520"></Execution>
<Channel>System</Channel>
<Computer>WIN-PTFPHFCRDJ0</Computer>
<Security UserID=""></Security>
</System>
<EventData><Data Name="param1">RpcSs</Data>
<Data Name="param2">running</Data>
<Binary>UgBwAGMAUwBzAC8ANAAAAA==</Binary>
</EventData>
</Event>

<Event xmlns="http://schemas.microsoft.com/win/2004/08/events/event"><System><Provider Name="Service Control Manager" Guid="{555908d1-a6d7-4695-8e1e-26931d2012f4}" EventSourceName="Service Control Manager"></Provider>
<EventID Qualifiers="16384">7036</EventID>
<Version>0</Version>
<Level>4</Level>
<Task>0</Task>
<Opcode>0</Opcode>
<Keywords>0x8080000000000000</Keywords>
<TimeCreated SystemTime="2020-10-23 12:27:30.624590"></TimeCreated>
<EventRecordID>718</EventRecordID>
<Correlation ActivityID="" RelatedActivityID=""></Correlation>
<Execution ProcessID="820" ThreadID="520"></Execution>
<Channel>System</Channel>
<Computer>WIN-PTFPHFCRDJ0</Computer>
<Security UserID=""></Security>
</System>
<EventData><Data Name="param1">LSM</Data>
<Data Name="param2">running</Data>
<Binary>TABTAE0ALwA0AAAA</Binary>
</EventData>
</Event>

<Event xmlns="http://schemas.microsoft.com/win/2004/08/events/event"><System><Provider Name="Service Control Manager" Guid="{555908d1-a6d7-4695-8e1e-26931d2012f4}" EventSourceName="Service Control Manager"></Provider>
<EventID Qualifiers="16384">7036</EventID>
<Version>0</Version>
<Level>4</Level>
<Task>0</Task>
<Opcode>0</Opcode>
<Keywords>0x8080000000000000</Keywords>
<TimeCreated SystemTime="2020-10-23 12:27:33.546743"></TimeCreated>
<EventRecordID>719</EventRecordID>
<Correlation ActivityID="" RelatedActivityID=""></Correlation>
<Execution ProcessID="820" ThreadID="520"></Execution>
<Channel>System</Channel>
<Computer>WIN-PTFPHFCRDJ0</Computer>
<Security UserID=""></Security>
</System>
<EventData><Data Name="param1">BrokerInfrastructure</Data>
<Data Name="param2">running</Data>
<Binary>QgByAG8AawBlAHIASQBuAGYAcgBhAHMAdAByAHUAYwB0AHUAcgBlAC8ANAAAAA==</Binary>
</EventData>
</Event>

<Event xmlns="http://schemas.microsoft.com/win/2004/08/events/event"><System><Provider Name="Service Control Manager" Guid="{555908d1-a6d7-4695-8e1e-26931d2012f4}" EventSourceName="Service Control Manager"></Provider>
<EventID Qualifiers="16384">7036</EventID>
<Version>0</Version>
<Level>4</Level>
<Task>0</Task>
<Opcode>0</Opcode>
<Keywords>0x8080000000000000</Keywords>
<TimeCreated SystemTime="2020-10-23 12:27:34.376879"></TimeCreated>
<EventRecordID>720</EventRecordID>
<Correlation ActivityID="" RelatedActivityID=""></Correlation>
<Execution ProcessID="820" ThreadID="520"></Execution>
<Channel>System</Channel>
<Computer>WIN-PTFPHFCRDJ0</Computer>
<Security UserID=""></Security>
</System>
<EventData><Data Name="param1">SystemEventsBroker</Data>
<Data Name="param2">running</Data>
<Binary>UwB5AHMAdABlAG0ARQB2AGUAbgB0AHMAQgByAG8AawBlAHIALwA0AAAA</Binary>
</EventData>
</Event>

<Event xmlns="http://schemas.microsoft.com/win/2004/08/events/event"><System><Provider Name="Service Control Manager" Guid="{555908d1-a6d7-4695-8e1e-26931d2012f4}" EventSourceName="Service Control Manager"></Provider>
<EventID Qualifiers="16384">7036</EventID>
<Version>0</Version>
<Level>4</Level>
<Task>0</Task>
<Opcode>0</Opcode>
<Keywords>0x8080000000000000</Keywords>
<TimeCreated SystemTime="2020-10-23 12:27:35.452885"></TimeCreated>
<EventRecordID>721</EventRecordID>
<Correlation ActivityID="" RelatedActivityID=""></Correlation>
<Execution ProcessID="820" ThreadID="1152"></Execution>
<Channel>System</Channel>
<Computer>WIN-PTFPHFCRDJ0</Computer>
<Security UserID=""></Security>
</System>
<EventData><Data Name="param1">TermService</Data>
<Data Name="param2">running</Data>
<Binary>VABlAHIAbQBTAGUAcgB2AGkAYwBlAC8ANAAAAA==</Binary>
</EventData>
</Event>

<Event xmlns="http://schemas.microsoft.com/win/2004/08/events/event"><System><Provider Name="Microsoft-Windows-FilterManager" Guid="{f3c5e28e-63f6-49c7-a204-e48a1bc4b09d}"></Provider>
<EventID Qualifiers="">6</EventID>
<Version>0</Version>
<Level>4</Level>
<Task>0</Task>
<Opcode>0</Opcode>
<Keywords>0x8000000000000000</Keywords>
<TimeCreated SystemTime="2020-10-23 12:27:35.642685"></TimeCreated>
<EventRecordID>722</EventRecordID>
<Correlation ActivityID="" RelatedActivityID=""></Correlation>
<Execution ProcessID="4" ThreadID="432"></Execution>
<Channel>System</Channel>
<Computer>WIN-PTFPHFCRDJ0</Computer>
<Security UserID="S-1-5-18"></Security>
</System>
<EventData><Data Name="FinalStatus">0x00000000</Data>
<Data Name="DeviceVersionMajor">10</Data>
<Data Name="DeviceVersionMinor">0</Data>
<Data Name="DeviceNameLength">5</Data>
<Data Name="DeviceName">wcifs</Data>
<Data Name="DeviceTime">2060-03-16 15:29:46</Data>
</EventData>
</Event>

<Event xmlns="http://schemas.microsoft.com/win/2004/08/events/event"><System><Provider Name="Microsoft-Windows-WinRM" Guid="{A7975C8F-AC13-49F1-87DA-5A984A4AB417}" EventSourceName="WinRM"></Provider>
<EventID Qualifiers="7">10148</EventID>
<Version>0</Version>
<Level>4</Level>
<Task>0</Task>
<Opcode>0</Opcode>
<Keywords>0x0080000000000000</Keywords>
<TimeCreated SystemTime="2020-10-23 12:27:57.968256"></TimeCreated>
<EventRecordID>723</EventRecordID>
<Correlation ActivityID="" RelatedActivityID=""></Correlation>
<Execution ProcessID="0" ThreadID="0"></Execution>
<Channel>System</Channel>
<Computer>WIN-PTFPHFCRDJ0</Computer>
<Security UserID=""></Security>
</System>
<EventData Name="Started Listening"></EventData>
</Event>

<Event xmlns="http://schemas.microsoft.com/win/2004/08/events/event"><System><Provider Name="Service Control Manager" Guid="{555908d1-a6d7-4695-8e1e-26931d2012f4}" EventSourceName="Service Control Manager"></Provider>
<EventID Qualifiers="16384">7036</EventID>
<Version>0</Version>
<Level>4</Level>
<Task>0</Task>
<Opcode>0</Opcode>
<Keywords>0x8080000000000000</Keywords>
<TimeCreated SystemTime="2020-10-23 12:27:36.999458"></TimeCreated>
<EventRecordID>724</EventRecordID>
<Correlation ActivityID="" RelatedActivityID=""></Correlation>
<Execution ProcessID="820" ThreadID="1152"></Execution>
<Channel>System</Channel>
<Computer>WIN-PTFPHFCRDJ0</Computer>
<Security UserID=""></Security>
</System>
<EventData><Data Name="param1">WPDBusEnum</Data>
<Data Name="param2">running</Data>
<Binary>VwBQAEQAQgB1AHMARQBuAHUAbQAvADQAAAA=</Binary>
</EventData>
</Event>

<Event xmlns="http://schemas.microsoft.com/win/2004/08/events/event"><System><Provider Name="Microsoft-Windows-FilterManager" Guid="{f3c5e28e-63f6-49c7-a204-e48a1bc4b09d}"></Provider>
<EventID Qualifiers="">6</EventID>
<Version>0</Version>
<Level>4</Level>
<Task>0</Task>
<Opcode>0</Opcode>
<Keywords>0x8000000000000000</Keywords>
<TimeCreated SystemTime="2020-10-23 12:27:37.134340"></TimeCreated>
<EventRecordID>725</EventRecordID>
<Correlation ActivityID="" RelatedActivityID=""></Correlation>
<Execution ProcessID="4" ThreadID="92"></Execution>
<Channel>System</Channel>
<Computer>WIN-PTFPHFCRDJ0</Computer>
<Security UserID="S-1-5-18"></Security>
</System>
<EventData><Data Name="FinalStatus">0x00000000</Data>
<Data Name="DeviceVersionMajor">10</Data>
<Data Name="DeviceVersionMinor">0</Data>
<Data Name="DeviceNameLength">5</Data>
<Data Name="DeviceName">luafv</Data>
<Data Name="DeviceTime">2057-01-25 01:42:22</Data>
</EventData>
</Event>

<Event xmlns="http://schemas.microsoft.com/win/2004/08/events/event"><System><Provider Name="Microsoft-Windows-FilterManager" Guid="{f3c5e28e-63f6-49c7-a204-e48a1bc4b09d}"></Provider>
<EventID Qualifiers="">6</EventID>
<Version>0</Version>
<Level>4</Level>
<Task>0</Task>
<Opcode>0</Opcode>
<Keywords>0x8000000000000000</Keywords>
<TimeCreated SystemTime="2020-10-23 12:27:37.238573"></TimeCreated>
<EventRecordID>726</EventRecordID>
<Correlation ActivityID="" RelatedActivityID=""></Correlation>
<Execution ProcessID="4" ThreadID="92"></Execution>
<Channel>System</Channel>
<Computer>WIN-PTFPHFCRDJ0</Computer>
<Security UserID="S-1-5-18"></Security>
</System>
<EventData><Data Name="FinalStatus">0x00000000</Data>
<Data Name="DeviceVersionMajor">10</Data>
<Data Name="DeviceVersionMinor">0</Data>
<Data Name="DeviceNameLength">6</Data>
<Data Name="DeviceName">CldFlt</Data>
<Data Name="DeviceTime">2069-04-24 04:07:50</Data>
</EventData>
</Event>

<Event xmlns="http://schemas.microsoft.com/win/2004/08/events/event"><System><Provider Name="Microsoft-Windows-FilterManager" Guid="{f3c5e28e-63f6-49c7-a204-e48a1bc4b09d}"></Provider>
<EventID Qualifiers="">1</EventID>
<Version>0</Version>
<Level>4</Level>
<Task>0</Task>
<Opcode>0</Opcode>
<Keywords>0x8000000000000000</Keywords>
<TimeCreated SystemTime="2020-10-23 12:27:37.238604"></TimeCreated>
<EventRecordID>727</EventRecordID>
<Correlation ActivityID="" RelatedActivityID=""></Correlation>
<Execution ProcessID="4" ThreadID="92"></Execution>
<Channel>System</Channel>
<Computer>WIN-PTFPHFCRDJ0</Computer>
<Security UserID="S-1-5-18"></Security>
</System>
<EventData><Data Name="FinalStatus">0x00000000</Data>
<Data Name="DeviceVersionMajor">10</Data>
<Data Name="DeviceVersionMinor">0</Data>
<Data Name="DeviceNameLength">6</Data>
<Data Name="DeviceName">CldFlt</Data>
<Data Name="DeviceTime">2069-04-24 04:07:50</Data>
</EventData>
</Event>

<Event xmlns="http://schemas.microsoft.com/win/2004/08/events/event"><System><Provider Name="Microsoft-Windows-FilterManager" Guid="{f3c5e28e-63f6-49c7-a204-e48a1bc4b09d}"></Provider>
<EventID Qualifiers="">6</EventID>
<Version>0</Version>
<Level>4</Level>
<Task>0</Task>
<Opcode>0</Opcode>
<Keywords>0x8000000000000000</Keywords>
<TimeCreated SystemTime="2020-10-23 12:27:37.238758"></TimeCreated>
<EventRecordID>728</EventRecordID>
<Correlation ActivityID="" RelatedActivityID=""></Correlation>
<Execution ProcessID="4" ThreadID="92"></Execution>
<Channel>System</Channel>
<Computer>WIN-PTFPHFCRDJ0</Computer>
<Security UserID="S-1-5-18"></Security>
</System>
<EventData><Data Name="FinalStatus">0x00000000</Data>
<Data Name="DeviceVersionMajor">10</Data>
<Data Name="DeviceVersionMinor">0</Data>
<Data Name="DeviceNameLength">6</Data>
<Data Name="DeviceName">CldFlt</Data>
<Data Name="DeviceTime">2069-04-24 04:07:50</Data>
</EventData>
</Event>

<Event xmlns="http://schemas.microsoft.com/win/2004/08/events/event"><System><Provider Name="Microsoft-Windows-FilterManager" Guid="{f3c5e28e-63f6-49c7-a204-e48a1bc4b09d}"></Provider>
<EventID Qualifiers="">6</EventID>
<Version>0</Version>
<Level>4</Level>
<Task>0</Task>
<Opcode>0</Opcode>
<Keywords>0x8000000000000000</Keywords>
<TimeCreated SystemTime="2020-10-23 12:27:37.271395"></TimeCreated>
<EventRecordID>729</EventRecordID>
<Correlation ActivityID="" RelatedActivityID=""></Correlation>
<Execution ProcessID="4" ThreadID="92"></Execution>
<Channel>System</Channel>
<Computer>WIN-PTFPHFCRDJ0</Computer>
<Security UserID="S-1-5-18"></Security>
</System>
<EventData><Data Name="FinalStatus">0x00000000</Data>
<Data Name="DeviceVersionMajor">10</Data>
<Data Name="DeviceVersionMinor">0</Data>
<Data Name="DeviceNameLength">10</Data>
<Data Name="DeviceName">storqosflt</Data>
<Data Name="DeviceTime">2008-11-02 19:25:58</Data>
</EventData>
</Event>

<Event xmlns="http://schemas.microsoft.com/win/2004/08/events/event"><System><Provider Name="Service Control Manager" Guid="{555908d1-a6d7-4695-8e1e-26931d2012f4}" EventSourceName="Service Control Manager"></Provider>
<EventID Qualifiers="16384">7036</EventID>
<Version>0</Version>
<Level>4</Level>
<Task>0</Task>
<Opcode>0</Opcode>
<Keywords>0x8080000000000000</Keywords>
<TimeCreated SystemTime="2020-10-23 12:27:37.514936"></TimeCreated>
<EventRecordID>730</EventRecordID>
<Correlation ActivityID="" RelatedActivityID=""></Correlation>
<Execution ProcessID="820" ThreadID="1080"></Execution>
<Channel>System</Channel>
<Computer>WIN-PTFPHFCRDJ0</Computer>
<Security UserID=""></Security>
</System>
<EventData><Data Name="param1">lmhosts</Data>
<Data Name="param2">running</Data>
<Binary>bABtAGgAbwBzAHQAcwAvADQAAAA=</Binary>
</EventData>
</Event>

<Event xmlns="http://schemas.microsoft.com/win/2004/08/events/event"><System><Provider Name="Service Control Manager" Guid="{555908d1-a6d7-4695-8e1e-26931d2012f4}" EventSourceName="Service Control Manager"></Provider>
<EventID Qualifiers="16384">7036</EventID>
<Version>0</Version>
<Level>4</Level>
<Task>0</Task>
<Opcode>0</Opcode>
<Keywords>0x8080000000000000</Keywords>
<TimeCreated SystemTime="2020-10-23 12:27:38.015184"></TimeCreated>
<EventRecordID>731</EventRecordID>
<Correlation ActivityID="" RelatedActivityID=""></Correlation>
<Execution ProcessID="820" ThreadID="520"></Execution>
<Channel>System</Channel>
<Computer>WIN-PTFPHFCRDJ0</Computer>
<Security UserID=""></Security>
</System>
<EventData><Data Name="param1">TimeBrokerSvc</Data>
<Data Name="param2">running</Data>
<Binary>VABpAG0AZQBCAHIAbwBrAGUAcgBTAHYAYwAvADQAAAA=</Binary>
</EventData>
</Event>

<Event xmlns="http://schemas.microsoft.com/win/2004/08/events/event"><System><Provider Name="Service Control Manager" Guid="{555908d1-a6d7-4695-8e1e-26931d2012f4}" EventSourceName="Service Control Manager"></Provider>
<EventID Qualifiers="16384">7036</EventID>
<Version>0</Version>
<Level>4</Level>
<Task>0</Task>
<Opcode>0</Opcode>
<Keywords>0x8080000000000000</Keywords>
<TimeCreated SystemTime="2020-10-23 12:27:38.296638"></TimeCreated>
<EventRecordID>732</EventRecordID>
<Correlation ActivityID="" RelatedActivityID=""></Correlation>
<Execution ProcessID="820" ThreadID="1084"></Execution>
<Channel>System</Channel>
<Computer>WIN-PTFPHFCRDJ0</Computer>
<Security UserID=""></Security>
</System>
<EventData><Data Name="param1">EventLog</Data>
<Data Name="param2">running</Data>
<Binary>RQB2AGUAbgB0AEwAbwBnAC8ANAAAAA==</Binary>
</EventData>
</Event>

<Event xmlns="http://schemas.microsoft.com/win/2004/08/events/event"><System><Provider Name="Service Control Manager" Guid="{555908d1-a6d7-4695-8e1e-26931d2012f4}" EventSourceName="Service Control Manager"></Provider>
<EventID Qualifiers="16384">7036</EventID>
<Version>0</Version>
<Level>4</Level>
<Task>0</Task>
<Opcode>0</Opcode>
<Keywords>0x8080000000000000</Keywords>
<TimeCreated SystemTime="2020-10-23 12:27:38.390394"></TimeCreated>
<EventRecordID>733</EventRecordID>
<Correlation ActivityID="" RelatedActivityID=""></Correlation>
<Execution ProcessID="820" ThreadID="1104"></Execution>
<Channel>System</Channel>
<Computer>WIN-PTFPHFCRDJ0</Computer>
<Security UserID=""></Security>
</System>
<EventData><Data Name="param1">nsi</Data>
<Data Name="param2">running</Data>
<Binary>bgBzAGkALwA0AAAA</Binary>
</EventData>
</Event>

